This file contains any messages produced by compilers while
running configure, to aid debugging if configure makes a mistake.

It was created by xf86-video-mga configure 1.9.100, which was
generated by GNU Autoconf 2.61.  Invocation command line was

  $ ./configure --prefix=/usr/xorg CC=i486-TSOL-linux-gnu-gcc CFLAGS=-Os LDFLAGS=-static-libgcc

## --------- ##
## Platform. ##
## --------- ##

hostname = ubuntu4
uname -m = i686
uname -r = 3.2.16-030216-generic
uname -s = Linux
uname -v = #201204221935 SMP Sun Apr 22 23:42:49 UTC 2012

/usr/bin/uname -p = unknown
/bin/uname -X     = unknown

/bin/arch              = unknown
/usr/bin/arch -k       = unknown
/usr/convex/getsysinfo = unknown
/usr/bin/hostinfo      = unknown
/bin/machine           = unknown
/usr/bin/oslevel       = unknown
/bin/universe          = unknown

PATH: /usr/xorg/bin
PATH: /source/docbook-xsl-1.76.1/tools/bin
PATH: /bin
PATH: /sbin
PATH: /usr/bin
PATH: /usr/sbin
PATH: /usr/bin/X11
PATH: /usr/local/bin
PATH: /toolchain/bin
PATH: /toolchain/i486-TSOL-linux-gnu/bin/
PATH: /root/.local/bin
PATH: /usr/xorg/bin
PATH: /usr/xorg/bin
PATH: /usr/xorg/bin


## ----------- ##
## Core tests. ##
## ----------- ##

configure:2081: checking for a BSD-compatible install
configure:2137: result: /bin/install -c
configure:2148: checking whether build environment is sane
configure:2191: result: yes
configure:2219: checking for a thread-safe mkdir -p
configure:2258: result: /bin/mkdir -p
configure:2271: checking for gawk
configure:2287: found /usr/bin/gawk
configure:2298: result: gawk
configure:2309: checking whether make sets $(MAKE)
configure:2330: result: yes
configure:2519: checking whether to enable maintainer-specific portions of Makefiles
configure:2528: result: no
configure:2622: checking build system type
configure:2640: result: i686-pc-linux-gnu
configure:2662: checking host system type
configure:2677: result: i686-pc-linux-gnu
configure:2711: checking for style of include used by make
configure:2739: result: GNU
configure:2809: checking for gcc
configure:2836: result: i486-TSOL-linux-gnu-gcc
configure:3074: checking for C compiler version
configure:3081: i486-TSOL-linux-gnu-gcc --version >&5
i486-TSOL-linux-gnu-gcc (crosstool-NG 1.15.2) 4.6.3
Copyright (C) 2011 Free Software Foundation, Inc.
This is free software; see the source for copying conditions.  There is NO
warranty; not even for MERCHANTABILITY or FITNESS FOR A PARTICULAR PURPOSE.

configure:3084: $? = 0
configure:3091: i486-TSOL-linux-gnu-gcc -v >&5
Using built-in specs.
COLLECT_GCC=i486-TSOL-linux-gnu-gcc
COLLECT_LTO_WRAPPER=/toolchain/libexec/gcc/i486-TSOL-linux-gnu/4.6.3/lto-wrapper
Target: i486-TSOL-linux-gnu
Configured with: /TSOL/crosstool-ng-1.15.2/bin/.build/src/gcc-4.6.3/configure --build=i686-build_pc-linux-gnu --host=i686-build_pc-linux-gnu --target=i486-TSOL-linux-gnu --prefix=/toolchain --with-sysroot=/toolchain/i486-TSOL-linux-gnu/sysroot --enable-languages=c,c++ --with-arch=i486 --with-pkgversion='crosstool-NG 1.15.2' --enable-__cxa_atexit --disable-libmudflap --disable-libgomp --disable-libssp --with-gmp=/TSOL/crosstool-ng-1.15.2/bin/.build/i486-TSOL-linux-gnu/buildtools --with-mpfr=/TSOL/crosstool-ng-1.15.2/bin/.build/i486-TSOL-linux-gnu/buildtools --with-mpc=/TSOL/crosstool-ng-1.15.2/bin/.build/i486-TSOL-linux-gnu/buildtools --with-ppl=/TSOL/crosstool-ng-1.15.2/bin/.build/i486-TSOL-linux-gnu/buildtools --with-cloog=/TSOL/crosstool-ng-1.15.2/bin/.build/i486-TSOL-linux-gnu/buildtools --with-libelf=no --with-host-libstdcxx='-static-libgcc -Wl,-Bstatic,-lstdc++,-Bdynamic -lm -L/TSOL/crosstool-ng-1.15.2/bin/.build/i486-TSOL-linux-gnu/buildtools/lib -lpwl' --enable-threads=posix --enable-target-optspace --disable-multilib --with-local-prefix=/toolchain/i486-TSOL-linux-gnu/sysroot --enable-c99 --enable-long-long
Thread model: posix
gcc version 4.6.3 (crosstool-NG 1.15.2) 
configure:3094: $? = 0
configure:3101: i486-TSOL-linux-gnu-gcc -V >&5
i486-TSOL-linux-gnu-gcc: error: unrecognized option '-V'
i486-TSOL-linux-gnu-gcc: fatal error: no input files
compilation terminated.
configure:3104: $? = 1
configure:3127: checking for C compiler default output file name
configure:3154: i486-TSOL-linux-gnu-gcc -Os  -static-libgcc conftest.c  >&5
configure:3157: $? = 0
configure:3195: result: a.out
configure:3212: checking whether the C compiler works
configure:3222: ./a.out
configure:3225: $? = 0
configure:3242: result: yes
configure:3249: checking whether we are cross compiling
configure:3251: result: no
configure:3254: checking for suffix of executables
configure:3261: i486-TSOL-linux-gnu-gcc -o conftest -Os  -static-libgcc conftest.c  >&5
configure:3264: $? = 0
configure:3288: result: 
configure:3294: checking for suffix of object files
configure:3320: i486-TSOL-linux-gnu-gcc -c -Os  conftest.c >&5
configure:3323: $? = 0
configure:3346: result: o
configure:3350: checking whether we are using the GNU C compiler
configure:3379: i486-TSOL-linux-gnu-gcc -c -Os  conftest.c >&5
configure:3385: $? = 0
configure:3402: result: yes
configure:3407: checking whether i486-TSOL-linux-gnu-gcc accepts -g
configure:3437: i486-TSOL-linux-gnu-gcc -c -g  conftest.c >&5
configure:3443: $? = 0
configure:3542: result: yes
configure:3559: checking for i486-TSOL-linux-gnu-gcc option to accept ISO C89
configure:3633: i486-TSOL-linux-gnu-gcc  -c -Os  conftest.c >&5
configure:3639: $? = 0
configure:3662: result: none needed
configure:3682: checking dependency style of i486-TSOL-linux-gnu-gcc
configure:3773: result: gcc3
configure:3788: checking for a sed that does not truncate output
configure:3844: result: /usr/bin/sed
configure:3847: checking for grep that handles long lines and -e
configure:3921: result: /usr/bin/grep
configure:3926: checking for egrep
configure:4004: result: /usr/bin/grep -E
configure:4020: checking for ld used by i486-TSOL-linux-gnu-gcc
configure:4087: result: i486-TSOL-linux-gnu-ld
configure:4096: checking if the linker (i486-TSOL-linux-gnu-ld) is GNU ld
configure:4111: result: yes
configure:4116: checking for i486-TSOL-linux-gnu-ld option to reload object files
configure:4123: result: -r
configure:4141: checking for BSD-compatible nm
configure:4190: result: /toolchain/i486-TSOL-linux-gnu/bin//nm -B
configure:4194: checking whether ln -s works
configure:4198: result: yes
configure:4205: checking how to recognize dependent libraries
configure:4391: result: pass_all
configure:4632: checking how to run the C preprocessor
configure:4672: i486-TSOL-linux-gnu-gcc -E  conftest.c
configure:4678: $? = 0
configure:4709: i486-TSOL-linux-gnu-gcc -E  conftest.c
conftest.c:13:28: fatal error: ac_nonexistent.h: No such file or directory
compilation terminated.
configure:4715: $? = 1
configure: failed program was:
| /* confdefs.h.  */
| #define PACKAGE_NAME "xf86-video-mga"
| #define PACKAGE_TARNAME "xf86-video-mga"
| #define PACKAGE_VERSION "1.9.100"
| #define PACKAGE_STRING "xf86-video-mga 1.9.100"
| #define PACKAGE_BUGREPORT "https://bugs.freedesktop.org/enter_bug.cgi?product=xorg"
| #define PACKAGE_VERSION_MAJOR 1
| #define PACKAGE_VERSION_MINOR 9
| #define PACKAGE_VERSION_PATCHLEVEL 100
| #define PACKAGE "xf86-video-mga"
| #define VERSION "1.9.100"
| /* end confdefs.h.  */
| #include <ac_nonexistent.h>
configure:4748: result: i486-TSOL-linux-gnu-gcc -E
configure:4777: i486-TSOL-linux-gnu-gcc -E  conftest.c
configure:4783: $? = 0
configure:4814: i486-TSOL-linux-gnu-gcc -E  conftest.c
conftest.c:13:28: fatal error: ac_nonexistent.h: No such file or directory
compilation terminated.
configure:4820: $? = 1
configure: failed program was:
| /* confdefs.h.  */
| #define PACKAGE_NAME "xf86-video-mga"
| #define PACKAGE_TARNAME "xf86-video-mga"
| #define PACKAGE_VERSION "1.9.100"
| #define PACKAGE_STRING "xf86-video-mga 1.9.100"
| #define PACKAGE_BUGREPORT "https://bugs.freedesktop.org/enter_bug.cgi?product=xorg"
| #define PACKAGE_VERSION_MAJOR 1
| #define PACKAGE_VERSION_MINOR 9
| #define PACKAGE_VERSION_PATCHLEVEL 100
| #define PACKAGE "xf86-video-mga"
| #define VERSION "1.9.100"
| /* end confdefs.h.  */
| #include <ac_nonexistent.h>
configure:4858: checking for ANSI C header files
configure:4888: i486-TSOL-linux-gnu-gcc -c -Os  conftest.c >&5
configure:4894: $? = 0
configure:4993: i486-TSOL-linux-gnu-gcc -o conftest -Os  -static-libgcc conftest.c  >&5
configure:4996: $? = 0
configure:5002: ./conftest
configure:5005: $? = 0
configure:5022: result: yes
configure:5046: checking for sys/types.h
configure:5067: i486-TSOL-linux-gnu-gcc -c -Os  conftest.c >&5
configure:5073: $? = 0
configure:5089: result: yes
configure:5046: checking for sys/stat.h
configure:5067: i486-TSOL-linux-gnu-gcc -c -Os  conftest.c >&5
configure:5073: $? = 0
configure:5089: result: yes
configure:5046: checking for stdlib.h
configure:5067: i486-TSOL-linux-gnu-gcc -c -Os  conftest.c >&5
configure:5073: $? = 0
configure:5089: result: yes
configure:5046: checking for string.h
configure:5067: i486-TSOL-linux-gnu-gcc -c -Os  conftest.c >&5
configure:5073: $? = 0
configure:5089: result: yes
configure:5046: checking for memory.h
configure:5067: i486-TSOL-linux-gnu-gcc -c -Os  conftest.c >&5
configure:5073: $? = 0
configure:5089: result: yes
configure:5046: checking for strings.h
configure:5067: i486-TSOL-linux-gnu-gcc -c -Os  conftest.c >&5
configure:5073: $? = 0
configure:5089: result: yes
configure:5046: checking for inttypes.h
configure:5067: i486-TSOL-linux-gnu-gcc -c -Os  conftest.c >&5
configure:5073: $? = 0
configure:5089: result: yes
configure:5046: checking for stdint.h
configure:5067: i486-TSOL-linux-gnu-gcc -c -Os  conftest.c >&5
configure:5073: $? = 0
configure:5089: result: yes
configure:5046: checking for unistd.h
configure:5067: i486-TSOL-linux-gnu-gcc -c -Os  conftest.c >&5
configure:5073: $? = 0
configure:5089: result: yes
configure:5116: checking dlfcn.h usability
configure:5133: i486-TSOL-linux-gnu-gcc -c -Os  conftest.c >&5
configure:5139: $? = 0
configure:5153: result: yes
configure:5157: checking dlfcn.h presence
configure:5172: i486-TSOL-linux-gnu-gcc -E  conftest.c
configure:5178: $? = 0
configure:5192: result: yes
configure:5225: checking for dlfcn.h
configure:5233: result: yes
configure:5362: checking for C++ compiler version
configure:5369: i486-TSOL-linux-gnu-g++ --version >&5
i486-TSOL-linux-gnu-g++ (crosstool-NG 1.15.2) 4.6.3
Copyright (C) 2011 Free Software Foundation, Inc.
This is free software; see the source for copying conditions.  There is NO
warranty; not even for MERCHANTABILITY or FITNESS FOR A PARTICULAR PURPOSE.

configure:5372: $? = 0
configure:5379: i486-TSOL-linux-gnu-g++ -v >&5
Using built-in specs.
COLLECT_GCC=i486-TSOL-linux-gnu-g++
COLLECT_LTO_WRAPPER=/toolchain/libexec/gcc/i486-TSOL-linux-gnu/4.6.3/lto-wrapper
Target: i486-TSOL-linux-gnu
Configured with: /TSOL/crosstool-ng-1.15.2/bin/.build/src/gcc-4.6.3/configure --build=i686-build_pc-linux-gnu --host=i686-build_pc-linux-gnu --target=i486-TSOL-linux-gnu --prefix=/toolchain --with-sysroot=/toolchain/i486-TSOL-linux-gnu/sysroot --enable-languages=c,c++ --with-arch=i486 --with-pkgversion='crosstool-NG 1.15.2' --enable-__cxa_atexit --disable-libmudflap --disable-libgomp --disable-libssp --with-gmp=/TSOL/crosstool-ng-1.15.2/bin/.build/i486-TSOL-linux-gnu/buildtools --with-mpfr=/TSOL/crosstool-ng-1.15.2/bin/.build/i486-TSOL-linux-gnu/buildtools --with-mpc=/TSOL/crosstool-ng-1.15.2/bin/.build/i486-TSOL-linux-gnu/buildtools --with-ppl=/TSOL/crosstool-ng-1.15.2/bin/.build/i486-TSOL-linux-gnu/buildtools --with-cloog=/TSOL/crosstool-ng-1.15.2/bin/.build/i486-TSOL-linux-gnu/buildtools --with-libelf=no --with-host-libstdcxx='-static-libgcc -Wl,-Bstatic,-lstdc++,-Bdynamic -lm -L/TSOL/crosstool-ng-1.15.2/bin/.build/i486-TSOL-linux-gnu/buildtools/lib -lpwl' --enable-threads=posix --enable-target-optspace --disable-multilib --with-local-prefix=/toolchain/i486-TSOL-linux-gnu/sysroot --enable-c99 --enable-long-long
Thread model: posix
gcc version 4.6.3 (crosstool-NG 1.15.2) 
configure:5382: $? = 0
configure:5389: i486-TSOL-linux-gnu-g++ -V >&5
i486-TSOL-linux-gnu-g++: error: unrecognized option '-V'
i486-TSOL-linux-gnu-g++: fatal error: no input files
compilation terminated.
configure:5392: $? = 1
configure:5395: checking whether we are using the GNU C++ compiler
configure:5424: i486-TSOL-linux-gnu-g++ -c -Os  conftest.cpp >&5
configure:5430: $? = 0
configure:5447: result: yes
configure:5452: checking whether i486-TSOL-linux-gnu-g++ accepts -g
configure:5482: i486-TSOL-linux-gnu-g++ -c -g  conftest.cpp >&5
configure:5488: $? = 0
configure:5587: result: yes
configure:5612: checking dependency style of i486-TSOL-linux-gnu-g++
configure:5703: result: gcc3
configure:5728: checking how to run the C++ preprocessor
configure:5764: i486-TSOL-linux-gnu-g++ -E  conftest.cpp
configure:5770: $? = 0
configure:5801: i486-TSOL-linux-gnu-g++ -E  conftest.cpp
conftest.cpp:24:28: fatal error: ac_nonexistent.h: No such file or directory
compilation terminated.
configure:5807: $? = 1
configure: failed program was:
| /* confdefs.h.  */
| #define PACKAGE_NAME "xf86-video-mga"
| #define PACKAGE_TARNAME "xf86-video-mga"
| #define PACKAGE_VERSION "1.9.100"
| #define PACKAGE_STRING "xf86-video-mga 1.9.100"
| #define PACKAGE_BUGREPORT "https://bugs.freedesktop.org/enter_bug.cgi?product=xorg"
| #define PACKAGE_VERSION_MAJOR 1
| #define PACKAGE_VERSION_MINOR 9
| #define PACKAGE_VERSION_PATCHLEVEL 100
| #define PACKAGE "xf86-video-mga"
| #define VERSION "1.9.100"
| #define STDC_HEADERS 1
| #define HAVE_SYS_TYPES_H 1
| #define HAVE_SYS_STAT_H 1
| #define HAVE_STDLIB_H 1
| #define HAVE_STRING_H 1
| #define HAVE_MEMORY_H 1
| #define HAVE_STRINGS_H 1
| #define HAVE_INTTYPES_H 1
| #define HAVE_STDINT_H 1
| #define HAVE_UNISTD_H 1
| #define HAVE_DLFCN_H 1
| /* end confdefs.h.  */
| #include <ac_nonexistent.h>
configure:5840: result: i486-TSOL-linux-gnu-g++ -E
configure:5869: i486-TSOL-linux-gnu-g++ -E  conftest.cpp
configure:5875: $? = 0
configure:5906: i486-TSOL-linux-gnu-g++ -E  conftest.cpp
conftest.cpp:24:28: fatal error: ac_nonexistent.h: No such file or directory
compilation terminated.
configure:5912: $? = 1
configure: failed program was:
| /* confdefs.h.  */
| #define PACKAGE_NAME "xf86-video-mga"
| #define PACKAGE_TARNAME "xf86-video-mga"
| #define PACKAGE_VERSION "1.9.100"
| #define PACKAGE_STRING "xf86-video-mga 1.9.100"
| #define PACKAGE_BUGREPORT "https://bugs.freedesktop.org/enter_bug.cgi?product=xorg"
| #define PACKAGE_VERSION_MAJOR 1
| #define PACKAGE_VERSION_MINOR 9
| #define PACKAGE_VERSION_PATCHLEVEL 100
| #define PACKAGE "xf86-video-mga"
| #define VERSION "1.9.100"
| #define STDC_HEADERS 1
| #define HAVE_SYS_TYPES_H 1
| #define HAVE_SYS_STAT_H 1
| #define HAVE_STDLIB_H 1
| #define HAVE_STRING_H 1
| #define HAVE_MEMORY_H 1
| #define HAVE_STRINGS_H 1
| #define HAVE_INTTYPES_H 1
| #define HAVE_STDINT_H 1
| #define HAVE_UNISTD_H 1
| #define HAVE_DLFCN_H 1
| /* end confdefs.h.  */
| #include <ac_nonexistent.h>
configure:6005: checking for g77
configure:6035: result: no
configure:6005: checking for xlf
configure:6035: result: no
configure:6005: checking for f77
configure:6035: result: no
configure:6005: checking for frt
configure:6035: result: no
configure:6005: checking for pgf77
configure:6035: result: no
configure:6005: checking for cf77
configure:6035: result: no
configure:6005: checking for fort77
configure:6035: result: no
configure:6005: checking for fl32
configure:6035: result: no
configure:6005: checking for af77
configure:6035: result: no
configure:6005: checking for xlf90
configure:6035: result: no
configure:6005: checking for f90
configure:6035: result: no
configure:6005: checking for pgf90
configure:6035: result: no
configure:6005: checking for pghpf
configure:6035: result: no
configure:6005: checking for epcf90
configure:6035: result: no
configure:6005: checking for gfortran
configure:6035: result: no
configure:6005: checking for g95
configure:6035: result: no
configure:6005: checking for xlf95
configure:6035: result: no
configure:6005: checking for f95
configure:6035: result: no
configure:6005: checking for fort
configure:6035: result: no
configure:6005: checking for ifort
configure:6035: result: no
configure:6005: checking for ifc
configure:6035: result: no
configure:6005: checking for efc
configure:6035: result: no
configure:6005: checking for pgf95
configure:6035: result: no
configure:6005: checking for lf95
configure:6035: result: no
configure:6005: checking for ftn
configure:6035: result: no
configure:6062: checking for Fortran 77 compiler version
configure:6069:  --version >&5
./configure: line 6070: --version: command not found
configure:6072: $? = 127
configure:6079:  -v >&5
./configure: line 6080: -v: command not found
configure:6082: $? = 127
configure:6089:  -V >&5
./configure: line 6090: -V: command not found
configure:6092: $? = 127
configure:6100: checking whether we are using the GNU Fortran 77 compiler
configure:6119:  -c  conftest.F >&5
./configure: line 6120: -c: command not found
configure:6125: $? = 127
configure: failed program was:
|       program main
| #ifndef __GNUC__
|        choke me
| #endif
| 
|       end
configure:6142: result: no
configure:6148: checking whether  accepts -g
configure:6165:  -c -g conftest.f >&5
./configure: line 6166: -c: command not found
configure:6171: $? = 127
configure: failed program was:
|       program main
| 
|       end
configure:6187: result: no
configure:6217: checking the maximum length of command line arguments
configure:6329: result: 1572864
configure:6341: checking command to parse /toolchain/i486-TSOL-linux-gnu/bin//nm -B output from i486-TSOL-linux-gnu-gcc object
configure:6446: i486-TSOL-linux-gnu-gcc -c -Os  conftest.c >&5
configure:6449: $? = 0
configure:6453: /toolchain/i486-TSOL-linux-gnu/bin//nm -B conftest.o \| sed -n -e 's/^.*[ 	]\([ABCDGIRSTW][ABCDGIRSTW]*\)[ 	][ 	]*\([_A-Za-z][_A-Za-z0-9]*\)$/\1 \2 \2/p' \> conftest.nm
configure:6456: $? = 0
configure:6508: i486-TSOL-linux-gnu-gcc -o conftest -Os  -static-libgcc conftest.c conftstm.o >&5
configure:6511: $? = 0
configure:6549: result: ok
configure:6553: checking for objdir
configure:6568: result: .libs
configure:6660: checking for ar
configure:6676: found /toolchain/i486-TSOL-linux-gnu/bin//ar
configure:6687: result: ar
configure:6756: checking for ranlib
configure:6772: found /toolchain/i486-TSOL-linux-gnu/bin//ranlib
configure:6783: result: ranlib
configure:6852: checking for strip
configure:6868: found /toolchain/i486-TSOL-linux-gnu/bin//strip
configure:6879: result: strip
configure:7165: checking if i486-TSOL-linux-gnu-gcc supports -fno-rtti -fno-exceptions
configure:7183: i486-TSOL-linux-gnu-gcc -c -Os  -fno-rtti -fno-exceptions conftest.c >&5
cc1: warning: command line option '-fno-rtti' is valid for C++/ObjC++ but not for C [enabled by default]
configure:7187: $? = 0
configure:7200: result: no
configure:7215: checking for i486-TSOL-linux-gnu-gcc option to produce PIC
configure:7447: result: -fPIC
configure:7455: checking if i486-TSOL-linux-gnu-gcc PIC flag -fPIC works
configure:7473: i486-TSOL-linux-gnu-gcc -c -Os  -fPIC -DPIC conftest.c >&5
configure:7477: $? = 0
configure:7490: result: yes
configure:7518: checking if i486-TSOL-linux-gnu-gcc static flag -static works
configure:7546: result: yes
configure:7556: checking if i486-TSOL-linux-gnu-gcc supports -c -o file.o
configure:7577: i486-TSOL-linux-gnu-gcc -c -Os  -o out/conftest2.o conftest.c >&5
configure:7581: $? = 0
configure:7603: result: yes
configure:7629: checking whether the i486-TSOL-linux-gnu-gcc linker (i486-TSOL-linux-gnu-ld) supports shared libraries
configure:8609: result: yes
configure:8630: checking whether -lc should be explicitly linked in
configure:8635: i486-TSOL-linux-gnu-gcc -c -Os  conftest.c >&5
configure:8638: $? = 0
configure:8653: i486-TSOL-linux-gnu-gcc -shared conftest.o  -v -Wl,-soname -Wl,conftest -o conftest 2\>\&1 \| grep  -lc  \>/dev/null 2\>\&1
configure:8656: $? = 0
configure:8668: result: no
configure:8676: checking dynamic linker characteristics
configure:9278: result: GNU/Linux ld.so
configure:9287: checking how to hardcode library paths into programs
configure:9312: result: immediate
configure:9326: checking whether stripping libraries is possible
configure:9331: result: yes
configure:10133: checking if libtool supports shared libraries
configure:10135: result: yes
configure:10138: checking whether to build shared libraries
configure:10159: result: yes
configure:10162: checking whether to build static libraries
configure:10166: result: no
configure:10259: creating libtool
configure:10847: checking for ld used by i486-TSOL-linux-gnu-g++
configure:10914: result: i486-TSOL-linux-gnu-ld
configure:10923: checking if the linker (i486-TSOL-linux-gnu-ld) is GNU ld
configure:10938: result: yes
configure:10989: checking whether the i486-TSOL-linux-gnu-g++ linker (i486-TSOL-linux-gnu-ld) supports shared libraries
configure:11963: result: yes
configure:11981: i486-TSOL-linux-gnu-g++ -c -Os  conftest.cpp >&5
configure:11984: $? = 0
configure:12136: checking for i486-TSOL-linux-gnu-g++ option to produce PIC
configure:12420: result: -fPIC
configure:12428: checking if i486-TSOL-linux-gnu-g++ PIC flag -fPIC works
configure:12446: i486-TSOL-linux-gnu-g++ -c -Os  -fPIC -DPIC conftest.cpp >&5
configure:12450: $? = 0
configure:12463: result: yes
configure:12491: checking if i486-TSOL-linux-gnu-g++ static flag -static works
configure:12519: result: yes
configure:12529: checking if i486-TSOL-linux-gnu-g++ supports -c -o file.o
configure:12550: i486-TSOL-linux-gnu-g++ -c -Os  -o out/conftest2.o conftest.cpp >&5
configure:12554: $? = 0
configure:12576: result: yes
configure:12602: checking whether the i486-TSOL-linux-gnu-g++ linker (i486-TSOL-linux-gnu-ld) supports shared libraries
configure:12627: result: yes
configure:12694: checking dynamic linker characteristics
configure:13244: result: GNU/Linux ld.so
configure:13253: checking how to hardcode library paths into programs
configure:13278: result: immediate
configure:19497: checking for gcc
configure:19524: result: i486-TSOL-linux-gnu-gcc
configure:19762: checking for C compiler version
configure:19769: i486-TSOL-linux-gnu-gcc --version >&5
i486-TSOL-linux-gnu-gcc (crosstool-NG 1.15.2) 4.6.3
Copyright (C) 2011 Free Software Foundation, Inc.
This is free software; see the source for copying conditions.  There is NO
warranty; not even for MERCHANTABILITY or FITNESS FOR A PARTICULAR PURPOSE.

configure:19772: $? = 0
configure:19779: i486-TSOL-linux-gnu-gcc -v >&5
Using built-in specs.
COLLECT_GCC=i486-TSOL-linux-gnu-gcc
COLLECT_LTO_WRAPPER=/toolchain/libexec/gcc/i486-TSOL-linux-gnu/4.6.3/lto-wrapper
Target: i486-TSOL-linux-gnu
Configured with: /TSOL/crosstool-ng-1.15.2/bin/.build/src/gcc-4.6.3/configure --build=i686-build_pc-linux-gnu --host=i686-build_pc-linux-gnu --target=i486-TSOL-linux-gnu --prefix=/toolchain --with-sysroot=/toolchain/i486-TSOL-linux-gnu/sysroot --enable-languages=c,c++ --with-arch=i486 --with-pkgversion='crosstool-NG 1.15.2' --enable-__cxa_atexit --disable-libmudflap --disable-libgomp --disable-libssp --with-gmp=/TSOL/crosstool-ng-1.15.2/bin/.build/i486-TSOL-linux-gnu/buildtools --with-mpfr=/TSOL/crosstool-ng-1.15.2/bin/.build/i486-TSOL-linux-gnu/buildtools --with-mpc=/TSOL/crosstool-ng-1.15.2/bin/.build/i486-TSOL-linux-gnu/buildtools --with-ppl=/TSOL/crosstool-ng-1.15.2/bin/.build/i486-TSOL-linux-gnu/buildtools --with-cloog=/TSOL/crosstool-ng-1.15.2/bin/.build/i486-TSOL-linux-gnu/buildtools --with-libelf=no --with-host-libstdcxx='-static-libgcc -Wl,-Bstatic,-lstdc++,-Bdynamic -lm -L/TSOL/crosstool-ng-1.15.2/bin/.build/i486-TSOL-linux-gnu/buildtools/lib -lpwl' --enable-threads=posix --enable-target-optspace --disable-multilib --with-local-prefix=/toolchain/i486-TSOL-linux-gnu/sysroot --enable-c99 --enable-long-long
Thread model: posix
gcc version 4.6.3 (crosstool-NG 1.15.2) 
configure:19782: $? = 0
configure:19789: i486-TSOL-linux-gnu-gcc -V >&5
i486-TSOL-linux-gnu-gcc: error: unrecognized option '-V'
i486-TSOL-linux-gnu-gcc: fatal error: no input files
compilation terminated.
configure:19792: $? = 1
configure:19795: checking whether we are using the GNU C compiler
configure:19847: result: yes
configure:19852: checking whether i486-TSOL-linux-gnu-gcc accepts -g
configure:19987: result: yes
configure:20004: checking for i486-TSOL-linux-gnu-gcc option to accept ISO C89
configure:20107: result: none needed
configure:20127: checking dependency style of i486-TSOL-linux-gnu-gcc
configure:20218: result: gcc3
configure:20291: i486-TSOL-linux-gnu-gcc -c -Os -I/usr/xorg/include/xorg  conftest.c >&5
configure:20297: $? = 0
configure:20312: checking if RANDR is defined
configure:20314: result: yes
configure:20349: i486-TSOL-linux-gnu-gcc -c -Os -I/usr/xorg/include/xorg  conftest.c >&5
configure:20355: $? = 0
configure:20370: checking if RENDER is defined
configure:20372: result: yes
configure:20407: i486-TSOL-linux-gnu-gcc -c -Os -I/usr/xorg/include/xorg  conftest.c >&5
configure:20413: $? = 0
configure:20428: checking if XV is defined
configure:20430: result: yes
configure:20465: i486-TSOL-linux-gnu-gcc -c -Os -I/usr/xorg/include/xorg  conftest.c >&5
configure:20471: $? = 0
configure:20486: checking if DPMSExtension is defined
configure:20488: result: yes
configure:20545: checking for pkg-config
configure:20563: found /usr/bin/pkg-config
configure:20575: result: /usr/bin/pkg-config
configure:20604: checking pkg-config is at least version 0.9.0
configure:20607: result: yes
configure:20618: checking for XORG
configure:20626: $PKG_CONFIG --exists --print-errors "xorg-server >= 1.3.0 xproto fontsproto $REQUIRED_MODULES"
configure:20629: $? = 0
configure:20644: $PKG_CONFIG --exists --print-errors "xorg-server >= 1.3.0 xproto fontsproto $REQUIRED_MODULES"
configure:20647: $? = 0
configure:20723: result: yes
configure:20732: checking for ANSI C header files
configure:20896: result: yes
configure:20909: checking for /usr/xorg/include/xorg/dri.h
configure:20925: result: yes
configure:20934: checking for /usr/xorg/include/xorg/sarea.h
configure:20950: result: yes
configure:20959: checking for /usr/xorg/include/xorg/dristruct.h
configure:20975: result: yes
configure:20985: checking whether to include DRI support
configure:20996: result: yes
configure:21010: checking for DRI
configure:21018: $PKG_CONFIG --exists --print-errors "libdrm >= 2.0 xf86driproto"
configure:21021: $? = 0
configure:21036: $PKG_CONFIG --exists --print-errors "libdrm >= 2.0 xf86driproto"
configure:21039: $? = 0
configure:21115: result: yes
configure:21133: checking whether XSERVER_LIBPCIACCESS is declared
configure:21163: i486-TSOL-linux-gnu-gcc -c -fvisibility=hidden -I/usr/xorg/include/xorg -I/usr/xorg/include -I/usr/xorg/include/pixman-1 -I/usr/xorg/include/X11/dri -I/usr/xorg/include/libdrm    conftest.c >&5
configure:21169: $? = 0
configure:21184: result: yes
configure:21197: checking for PCIACCESS
configure:21205: $PKG_CONFIG --exists --print-errors "pciaccess >= 0.8.0"
configure:21208: $? = 0
configure:21223: $PKG_CONFIG --exists --print-errors "pciaccess >= 0.8.0"
configure:21226: $? = 0
configure:21302: result: yes
configure:21331: checking whether to enable EXA support
configure:21334: result: yes
configure:21349: checking exa.h usability
configure:21366: i486-TSOL-linux-gnu-gcc -c -Os  -fvisibility=hidden -I/usr/xorg/include/xorg -I/usr/xorg/include -I/usr/xorg/include/pixman-1 -I/usr/xorg/include/X11/dri -I/usr/xorg/include/libdrm   conftest.c >&5
configure:21372: $? = 0
configure:21386: result: yes
configure:21390: checking exa.h presence
configure:21405: i486-TSOL-linux-gnu-gcc -E  -fvisibility=hidden -I/usr/xorg/include/xorg -I/usr/xorg/include -I/usr/xorg/include/pixman-1 -I/usr/xorg/include/X11/dri -I/usr/xorg/include/libdrm   conftest.c
configure:21411: $? = 0
configure:21425: result: yes
configure:21458: checking for exa.h
configure:21465: result: yes
configure:21485: checking whether EXA version is at least 2.0.0
configure:21512: i486-TSOL-linux-gnu-gcc -E  -fvisibility=hidden -I/usr/xorg/include/xorg -I/usr/xorg/include -I/usr/xorg/include/pixman-1 -I/usr/xorg/include/X11/dri -I/usr/xorg/include/libdrm   conftest.c
configure:21518: $? = 0
configure:21532: result: yes
configure:21837: creating ./config.status

## ---------------------- ##
## Running config.status. ##
## ---------------------- ##

This file was extended by xf86-video-mga config.status 1.9.100, which was
generated by GNU Autoconf 2.61.  Invocation command line was

  CONFIG_FILES    = 
  CONFIG_HEADERS  = 
  CONFIG_LINKS    = 
  CONFIG_COMMANDS = 
  $ ./config.status 

on ubuntu4

config.status:697: creating Makefile
config.status:697: creating src/Makefile
config.status:697: creating man/Makefile
config.status:697: creating util/Makefile
config.status:697: creating config.h
config.status:981: executing depfiles commands

## ---------------- ##
## Cache variables. ##
## ---------------- ##

ac_cv_build=i686-pc-linux-gnu
ac_cv_c_compiler_gnu=yes
ac_cv_cxx_compiler_gnu=yes
ac_cv_env_CCC_set=
ac_cv_env_CCC_value=
ac_cv_env_CC_set=set
ac_cv_env_CC_value=i486-TSOL-linux-gnu-gcc
ac_cv_env_CFLAGS_set=set
ac_cv_env_CFLAGS_value=-Os
ac_cv_env_CPPFLAGS_set=
ac_cv_env_CPPFLAGS_value=
ac_cv_env_CPP_set=
ac_cv_env_CPP_value=
ac_cv_env_CXXCPP_set=
ac_cv_env_CXXCPP_value=
ac_cv_env_CXXFLAGS_set=set
ac_cv_env_CXXFLAGS_value=-Os
ac_cv_env_CXX_set=set
ac_cv_env_CXX_value=i486-TSOL-linux-gnu-g++
ac_cv_env_DRI_CFLAGS_set=
ac_cv_env_DRI_CFLAGS_value=
ac_cv_env_DRI_LIBS_set=
ac_cv_env_DRI_LIBS_value=
ac_cv_env_F77_set=
ac_cv_env_F77_value=
ac_cv_env_FFLAGS_set=
ac_cv_env_FFLAGS_value=
ac_cv_env_LDFLAGS_set=set
ac_cv_env_LDFLAGS_value=-static-libgcc
ac_cv_env_LIBS_set=
ac_cv_env_LIBS_value=
ac_cv_env_PCIACCESS_CFLAGS_set=
ac_cv_env_PCIACCESS_CFLAGS_value=
ac_cv_env_PCIACCESS_LIBS_set=
ac_cv_env_PCIACCESS_LIBS_value=
ac_cv_env_PKG_CONFIG_set=
ac_cv_env_PKG_CONFIG_value=
ac_cv_env_XORG_CFLAGS_set=
ac_cv_env_XORG_CFLAGS_value=
ac_cv_env_XORG_LIBS_set=
ac_cv_env_XORG_LIBS_value=
ac_cv_env_build_alias_set=
ac_cv_env_build_alias_value=
ac_cv_env_host_alias_set=
ac_cv_env_host_alias_value=
ac_cv_env_target_alias_set=
ac_cv_env_target_alias_value=
ac_cv_f77_compiler_gnu=no
ac_cv_file__usr_xorg_include_xorg_dri_h=yes
ac_cv_file__usr_xorg_include_xorg_dristruct_h=yes
ac_cv_file__usr_xorg_include_xorg_sarea_h=yes
ac_cv_have_decl_XSERVER_LIBPCIACCESS=yes
ac_cv_header_dlfcn_h=yes
ac_cv_header_exa_h=yes
ac_cv_header_inttypes_h=yes
ac_cv_header_memory_h=yes
ac_cv_header_stdc=yes
ac_cv_header_stdint_h=yes
ac_cv_header_stdlib_h=yes
ac_cv_header_string_h=yes
ac_cv_header_strings_h=yes
ac_cv_header_sys_stat_h=yes
ac_cv_header_sys_types_h=yes
ac_cv_header_unistd_h=yes
ac_cv_host=i686-pc-linux-gnu
ac_cv_objext=o
ac_cv_path_EGREP='/usr/bin/grep -E'
ac_cv_path_GREP=/usr/bin/grep
ac_cv_path_ac_pt_PKG_CONFIG=/usr/bin/pkg-config
ac_cv_path_install='/bin/install -c'
ac_cv_path_mkdir=/bin/mkdir
ac_cv_prog_AWK=gawk
ac_cv_prog_CPP='i486-TSOL-linux-gnu-gcc -E'
ac_cv_prog_CXXCPP='i486-TSOL-linux-gnu-g++ -E'
ac_cv_prog_ac_ct_AR=ar
ac_cv_prog_ac_ct_CC=i486-TSOL-linux-gnu-gcc
ac_cv_prog_ac_ct_RANLIB=ranlib
ac_cv_prog_ac_ct_STRIP=strip
ac_cv_prog_cc_c89=
ac_cv_prog_cc_g=yes
ac_cv_prog_cxx_g=yes
ac_cv_prog_f77_g=no
ac_cv_prog_make_make_set=yes
am_cv_CC_dependencies_compiler_type=gcc3
am_cv_CXX_dependencies_compiler_type=gcc3
lt_cv_deplibs_check_method=pass_all
lt_cv_file_magic_cmd='$MAGIC_CMD'
lt_cv_file_magic_test_file=
lt_cv_ld_reload_flag=-r
lt_cv_objdir=.libs
lt_cv_path_LD=i486-TSOL-linux-gnu-ld
lt_cv_path_LDCXX=i486-TSOL-linux-gnu-ld
lt_cv_path_NM='/toolchain/i486-TSOL-linux-gnu/bin//nm -B'
lt_cv_path_SED=/usr/bin/sed
lt_cv_prog_compiler_c_o=yes
lt_cv_prog_compiler_c_o_CXX=yes
lt_cv_prog_compiler_rtti_exceptions=no
lt_cv_prog_gnu_ld=yes
lt_cv_prog_gnu_ldcxx=yes
lt_cv_sys_global_symbol_pipe='sed -n -e '\''s/^.*[ 	]\([ABCDGIRSTW][ABCDGIRSTW]*\)[ 	][ 	]*\([_A-Za-z][_A-Za-z0-9]*\)$/\1 \2 \2/p'\'''
lt_cv_sys_global_symbol_to_c_name_address='sed -n -e '\''s/^: \([^ ]*\) $/  {\"\1\", (lt_ptr) 0},/p'\'' -e '\''s/^[BCDEGRST] \([^ ]*\) \([^ ]*\)$/  {"\2", (lt_ptr) \&\2},/p'\'''
lt_cv_sys_global_symbol_to_cdecl='sed -n -e '\''s/^. .* \(.*\)$/extern int \1;/p'\'''
lt_cv_sys_max_cmd_len=1572864
lt_lt_cv_prog_compiler_c_o='"yes"'
lt_lt_cv_prog_compiler_c_o_CXX='"yes"'
lt_lt_cv_sys_global_symbol_pipe='"sed -n -e '\''s/^.*[ 	]\\([ABCDGIRSTW][ABCDGIRSTW]*\\)[ 	][ 	]*\\([_A-Za-z][_A-Za-z0-9]*\\)\$/\\1 \\2 \\2/p'\''"'
lt_lt_cv_sys_global_symbol_to_c_name_address='"sed -n -e '\''s/^: \\([^ ]*\\) \$/  {\\\"\\1\\\", (lt_ptr) 0},/p'\'' -e '\''s/^[BCDEGRST] \\([^ ]*\\) \\([^ ]*\\)\$/  {\"\\2\", (lt_ptr) \\&\\2},/p'\''"'
lt_lt_cv_sys_global_symbol_to_cdecl='"sed -n -e '\''s/^. .* \\(.*\\)\$/extern int \\1;/p'\''"'
pkg_cv_DRI_CFLAGS='-I/usr/xorg/include -I/usr/xorg/include/libdrm -I/usr/xorg/include/X11/dri  '
pkg_cv_DRI_LIBS='-L/usr/xorg/lib -ldrm  '
pkg_cv_PCIACCESS_CFLAGS='-I/usr/xorg/include  '
pkg_cv_PCIACCESS_LIBS='-L/usr/xorg/lib -lpciaccess  '
pkg_cv_XORG_CFLAGS='-fvisibility=hidden -I/usr/xorg/include/xorg -I/usr/xorg/include -I/usr/xorg/include/pixman-1 -I/usr/xorg/include/X11/dri -I/usr/xorg/include/libdrm  '
pkg_cv_XORG_LIBS='-L/usr/xorg/lib  '

## ----------------- ##
## Output variables. ##
## ----------------- ##

ACLOCAL='aclocal -I/usr/xorg/share/aclocal -I /usr/xorg/share/aclocal'
ADMIN_MAN_DIR='$(mandir)/man$(ADMIN_MAN_SUFFIX)'
ADMIN_MAN_SUFFIX='8'
AMDEPBACKSLASH='\'
AMDEP_FALSE='#'
AMDEP_TRUE=''
AMTAR='${SHELL} /source/xorg-ponix4/driver/xf86-video-mga-1.9.100/missing --run tar'
APP_MAN_DIR='$(mandir)/man$(APP_MAN_SUFFIX)'
APP_MAN_SUFFIX='1'
AR='ar'
AUTOCONF='${SHELL} /source/xorg-ponix4/driver/xf86-video-mga-1.9.100/missing --run autoconf'
AUTOHEADER='${SHELL} /source/xorg-ponix4/driver/xf86-video-mga-1.9.100/missing --run autoheader'
AUTOMAKE='${SHELL} /source/xorg-ponix4/driver/xf86-video-mga-1.9.100/missing --run automake-1.10'
AWK='gawk'
CC='i486-TSOL-linux-gnu-gcc'
CCDEPMODE='depmode=gcc3'
CFLAGS='-Os'
CPP='i486-TSOL-linux-gnu-gcc -E'
CPPFLAGS=''
CXX='i486-TSOL-linux-gnu-g++'
CXXCPP='i486-TSOL-linux-gnu-g++ -E'
CXXDEPMODE='depmode=gcc3'
CXXFLAGS='-Os'
CYGPATH_W='echo'
DEFS='-DHAVE_CONFIG_H'
DEPDIR='.deps'
DRIVER_MAN_DIR='$(mandir)/man$(DRIVER_MAN_SUFFIX)'
DRIVER_MAN_SUFFIX='4'
DRIVER_NAME='mga'
DRI_CFLAGS='-I/usr/xorg/include -I/usr/xorg/include/libdrm -I/usr/xorg/include/X11/dri  '
DRI_FALSE='#'
DRI_LIBS='-L/usr/xorg/lib -ldrm  '
DRI_TRUE=''
ECHO='echo'
ECHO_C=''
ECHO_N='-n'
ECHO_T=''
EGREP='/usr/bin/grep -E'
EXEEXT=''
F77=''
FFLAGS=''
FILE_MAN_DIR='$(mandir)/man$(FILE_MAN_SUFFIX)'
FILE_MAN_SUFFIX='5'
GREP='/usr/bin/grep'
INSTALL_DATA='${INSTALL} -m 644'
INSTALL_PROGRAM='${INSTALL}'
INSTALL_SCRIPT='${INSTALL}'
INSTALL_STRIP_PROGRAM='$(install_sh) -c -s'
LDFLAGS='-static-libgcc'
LIBOBJS=''
LIBS=''
LIBTOOL='$(SHELL) $(top_builddir)/libtool'
LIB_MAN_DIR='$(mandir)/man$(LIB_MAN_SUFFIX)'
LIB_MAN_SUFFIX='3'
LN_S='ln -s'
LTLIBOBJS=''
MAINT='#'
MAINTAINER_MODE_FALSE=''
MAINTAINER_MODE_TRUE='#'
MAKEINFO='${SHELL} /source/xorg-ponix4/driver/xf86-video-mga-1.9.100/missing --run makeinfo'
MISC_MAN_DIR='$(mandir)/man$(MISC_MAN_SUFFIX)'
MISC_MAN_SUFFIX='7'
OBJEXT='o'
PACKAGE='xf86-video-mga'
PACKAGE_BUGREPORT='https://bugs.freedesktop.org/enter_bug.cgi?product=xorg'
PACKAGE_NAME='xf86-video-mga'
PACKAGE_STRING='xf86-video-mga 1.9.100'
PACKAGE_TARNAME='xf86-video-mga'
PACKAGE_VERSION='1.9.100'
PATH_SEPARATOR=':'
PCIACCESS_CFLAGS='-I/usr/xorg/include  '
PCIACCESS_LIBS='-L/usr/xorg/lib -lpciaccess  '
PKG_CONFIG='/usr/bin/pkg-config'
RANLIB='ranlib'
SED='/usr/bin/sed'
SET_MAKE=''
SHELL='/bin/sh'
STRIP='strip'
USE_EXA_FALSE='#'
USE_EXA_TRUE=''
USE_XAA_FALSE='#'
USE_XAA_TRUE=''
VERSION='1.9.100'
XORG_CFLAGS='-fvisibility=hidden -I/usr/xorg/include/xorg -I/usr/xorg/include -I/usr/xorg/include/pixman-1 -I/usr/xorg/include/X11/dri -I/usr/xorg/include/libdrm  '
XORG_LIBS='-L/usr/xorg/lib  '
XSERVER_LIBPCIACCESS_FALSE='#'
XSERVER_LIBPCIACCESS_TRUE=''
ac_ct_CC='i486-TSOL-linux-gnu-gcc'
ac_ct_CXX=''
ac_ct_F77=''
am__fastdepCC_FALSE='#'
am__fastdepCC_TRUE=''
am__fastdepCXX_FALSE='#'
am__fastdepCXX_TRUE=''
am__include='include'
am__isrc=''
am__leading_dot='.'
am__quote=''
am__tar='${AMTAR} chof - "$$tardir"'
am__untar='${AMTAR} xf -'
bindir='${exec_prefix}/bin'
build='i686-pc-linux-gnu'
build_alias=''
build_cpu='i686'
build_os='linux-gnu'
build_vendor='pc'
datadir='${datarootdir}'
datarootdir='${prefix}/share'
docdir='${datarootdir}/doc/${PACKAGE_TARNAME}'
dvidir='${docdir}'
exec_prefix='${prefix}'
host='i686-pc-linux-gnu'
host_alias=''
host_cpu='i686'
host_os='linux-gnu'
host_vendor='pc'
htmldir='${docdir}'
includedir='${prefix}/include'
infodir='${datarootdir}/info'
install_sh='$(SHELL) /source/xorg-ponix4/driver/xf86-video-mga-1.9.100/install-sh'
libdir='${exec_prefix}/lib'
libexecdir='${exec_prefix}/libexec'
localedir='${datarootdir}/locale'
localstatedir='${prefix}/var'
mandir='${datarootdir}/man'
mkdir_p='/bin/mkdir -p'
moduledir='${exec_prefix}/lib/xorg/modules'
oldincludedir='/usr/include'
pdfdir='${docdir}'
prefix='/usr/xorg'
program_transform_name='s,x,x,'
psdir='${docdir}'
sbindir='${exec_prefix}/sbin'
sharedstatedir='${prefix}/com'
sysconfdir='${prefix}/etc'
target_alias=''

## ----------- ##
## confdefs.h. ##
## ----------- ##

#define PACKAGE_NAME "xf86-video-mga"
#define PACKAGE_TARNAME "xf86-video-mga"
#define PACKAGE_VERSION "1.9.100"
#define PACKAGE_STRING "xf86-video-mga 1.9.100"
#define PACKAGE_BUGREPORT "https://bugs.freedesktop.org/enter_bug.cgi?product=xorg"
#define PACKAGE_VERSION_MAJOR 1
#define PACKAGE_VERSION_MINOR 9
#define PACKAGE_VERSION_PATCHLEVEL 100
#define PACKAGE "xf86-video-mga"
#define VERSION "1.9.100"
#define STDC_HEADERS 1
#define HAVE_SYS_TYPES_H 1
#define HAVE_SYS_STAT_H 1
#define HAVE_STDLIB_H 1
#define HAVE_STRING_H 1
#define HAVE_MEMORY_H 1
#define HAVE_STRINGS_H 1
#define HAVE_INTTYPES_H 1
#define HAVE_STDINT_H 1
#define HAVE_UNISTD_H 1
#define HAVE_DLFCN_H 1
#define STDC_HEADERS 1
#define XF86DRI 1
#define XF86DRI_DEVEL 1
#define USE_XAA 1
#define USE_EXA 1
#define PACKAGE_VERSION_MAJOR 1
#define PACKAGE_VERSION_MINOR 9
#define PACKAGE_VERSION_PATCHLEVEL 100

configure: exit 0
