This file contains any messages produced by compilers while
running configure, to aid debugging if configure makes a mistake.

It was created by udev configure 182, which was
generated by GNU Autoconf 2.68.  Invocation command line was

  $ ./configure --exec-prefix=/usr --prefix=/usr --disable-gtk-doc-html --disable-introspection --with-selinux=no LIBUSB_LIBS=/usr/lib --disable-manpages --libexecdir=/bin --disable-gudev --disable-keymap --disable-mtd_probe --enable-debug --enable-logging

## --------- ##
## Platform. ##
## --------- ##

hostname = ubuntu4
uname -m = i686
uname -r = 3.2.16-030216-generic
uname -s = Linux
uname -v = #201204221935 SMP Sun Apr 22 23:42:49 UTC 2012

/usr/bin/uname -p = unknown
/bin/uname -X     = unknown

/bin/arch              = unknown
/usr/bin/arch -k       = unknown
/usr/convex/getsysinfo = unknown
/usr/bin/hostinfo      = unknown
/bin/machine           = unknown
/usr/bin/oslevel       = unknown
/bin/universe          = unknown

PATH: /source/docbook-xsl-1.76.1/tools/bin
PATH: /bin
PATH: /sbin
PATH: /usr/bin
PATH: /usr/sbin
PATH: /usr/bin/X11
PATH: /usr/local/bin
PATH: /toolchain/bin
PATH: /toolchain/i486-TSOL-linux-gnu/bin/
PATH: /root/.local/bin
PATH: /usr/xorg/bin
PATH: /usr/xorg/bin
PATH: /usr/xorg/bin


## ----------- ##
## Core tests. ##
## ----------- ##

configure:2384: checking for a BSD-compatible install
configure:2452: result: /bin/install -c
configure:2463: checking whether build environment is sane
configure:2513: result: yes
configure:2654: checking for a thread-safe mkdir -p
configure:2693: result: /bin/mkdir -p
configure:2706: checking for gawk
configure:2722: found /usr/bin/gawk
configure:2733: result: gawk
configure:2744: checking whether make sets $(MAKE)
configure:2766: result: yes
configure:2795: checking whether make supports nested variables
configure:2812: result: yes
configure:2880: checking how to create a pax tar archive
configure:2893: tar --version
tar (GNU tar) 1.26
Copyright (C) 2011 Free Software Foundation, Inc.
License GPLv3+: GNU GPL version 3 or later <http://gnu.org/licenses/gpl.html>.
This is free software: you are free to change and redistribute it.
There is NO WARRANTY, to the extent permitted by law.

Written by John Gilmore and Jay Fenlason.
configure:2896: $? = 0
configure:2936: tardir=conftest.dir && eval tar --format=posix -chf - "$tardir" >conftest.tar
configure:2939: $? = 0
configure:2943: tar -xf - <conftest.tar
configure:2946: $? = 0
configure:2959: result: gnutar
configure:2978: checking for style of include used by make
configure:3006: result: GNU
configure:3077: checking for gcc
configure:3104: result: i486-TSOL-linux-gnu-gcc
configure:3333: checking for C compiler version
configure:3342: i486-TSOL-linux-gnu-gcc --version >&5
i486-TSOL-linux-gnu-gcc (crosstool-NG 1.15.2) 4.6.3
Copyright (C) 2011 Free Software Foundation, Inc.
This is free software; see the source for copying conditions.  There is NO
warranty; not even for MERCHANTABILITY or FITNESS FOR A PARTICULAR PURPOSE.

configure:3353: $? = 0
configure:3342: i486-TSOL-linux-gnu-gcc -v >&5
Using built-in specs.
COLLECT_GCC=i486-TSOL-linux-gnu-gcc
COLLECT_LTO_WRAPPER=/toolchain/libexec/gcc/i486-TSOL-linux-gnu/4.6.3/lto-wrapper
Target: i486-TSOL-linux-gnu
Configured with: /TSOL/crosstool-ng-1.15.2/bin/.build/src/gcc-4.6.3/configure --build=i686-build_pc-linux-gnu --host=i686-build_pc-linux-gnu --target=i486-TSOL-linux-gnu --prefix=/toolchain --with-sysroot=/toolchain/i486-TSOL-linux-gnu/sysroot --enable-languages=c,c++ --with-arch=i486 --with-pkgversion='crosstool-NG 1.15.2' --enable-__cxa_atexit --disable-libmudflap --disable-libgomp --disable-libssp --with-gmp=/TSOL/crosstool-ng-1.15.2/bin/.build/i486-TSOL-linux-gnu/buildtools --with-mpfr=/TSOL/crosstool-ng-1.15.2/bin/.build/i486-TSOL-linux-gnu/buildtools --with-mpc=/TSOL/crosstool-ng-1.15.2/bin/.build/i486-TSOL-linux-gnu/buildtools --with-ppl=/TSOL/crosstool-ng-1.15.2/bin/.build/i486-TSOL-linux-gnu/buildtools --with-cloog=/TSOL/crosstool-ng-1.15.2/bin/.build/i486-TSOL-linux-gnu/buildtools --with-libelf=no --with-host-libstdcxx='-static-libgcc -Wl,-Bstatic,-lstdc++,-Bdynamic -lm -L/TSOL/crosstool-ng-1.15.2/bin/.build/i486-TSOL-linux-gnu/buildtools/lib -lpwl' --enable-threads=posix --enable-target-optspace --disable-multilib --with-local-prefix=/toolchain/i486-TSOL-linux-gnu/sysroot --enable-c99 --enable-long-long
Thread model: posix
gcc version 4.6.3 (crosstool-NG 1.15.2) 
configure:3353: $? = 0
configure:3342: i486-TSOL-linux-gnu-gcc -V >&5
i486-TSOL-linux-gnu-gcc: error: unrecognized option '-V'
i486-TSOL-linux-gnu-gcc: fatal error: no input files
compilation terminated.
configure:3353: $? = 1
configure:3342: i486-TSOL-linux-gnu-gcc -qversion >&5
i486-TSOL-linux-gnu-gcc: error: unrecognized option '-qversion'
i486-TSOL-linux-gnu-gcc: fatal error: no input files
compilation terminated.
configure:3353: $? = 1
configure:3373: checking whether the C compiler works
configure:3395: i486-TSOL-linux-gnu-gcc -Os  -static-libgcc conftest.c  >&5
configure:3399: $? = 0
configure:3447: result: yes
configure:3450: checking for C compiler default output file name
configure:3452: result: a.out
configure:3458: checking for suffix of executables
configure:3465: i486-TSOL-linux-gnu-gcc -o conftest -Os  -static-libgcc conftest.c  >&5
configure:3469: $? = 0
configure:3491: result: 
configure:3513: checking whether we are cross compiling
configure:3521: i486-TSOL-linux-gnu-gcc -o conftest -Os  -static-libgcc conftest.c  >&5
configure:3525: $? = 0
configure:3532: ./conftest
configure:3536: $? = 0
configure:3551: result: no
configure:3556: checking for suffix of object files
configure:3578: i486-TSOL-linux-gnu-gcc -c -Os  conftest.c >&5
configure:3582: $? = 0
configure:3603: result: o
configure:3607: checking whether we are using the GNU C compiler
configure:3626: i486-TSOL-linux-gnu-gcc -c -Os  conftest.c >&5
configure:3626: $? = 0
configure:3635: result: yes
configure:3644: checking whether i486-TSOL-linux-gnu-gcc accepts -g
configure:3664: i486-TSOL-linux-gnu-gcc -c -g  conftest.c >&5
configure:3664: $? = 0
configure:3705: result: yes
configure:3722: checking for i486-TSOL-linux-gnu-gcc option to accept ISO C89
configure:3786: i486-TSOL-linux-gnu-gcc  -c -Os  conftest.c >&5
configure:3786: $? = 0
configure:3799: result: none needed
configure:3821: checking dependency style of i486-TSOL-linux-gnu-gcc
configure:3932: result: gcc3
configure:3953: checking how to run the C preprocessor
configure:3984: i486-TSOL-linux-gnu-gcc -E  conftest.c
configure:3984: $? = 0
configure:3998: i486-TSOL-linux-gnu-gcc -E  conftest.c
conftest.c:11:28: fatal error: ac_nonexistent.h: No such file or directory
compilation terminated.
configure:3998: $? = 1
configure: failed program was:
| /* confdefs.h */
| #define PACKAGE_NAME "udev"
| #define PACKAGE_TARNAME "udev"
| #define PACKAGE_VERSION "182"
| #define PACKAGE_STRING "udev 182"
| #define PACKAGE_BUGREPORT "linux-hotplug@vger.kernel.org"
| #define PACKAGE_URL "http://www.kernel.org/pub/linux/utils/kernel/hotplug/udev.html"
| #define PACKAGE "udev"
| #define VERSION "182"
| /* end confdefs.h.  */
| #include <ac_nonexistent.h>
configure:4023: result: i486-TSOL-linux-gnu-gcc -E
configure:4043: i486-TSOL-linux-gnu-gcc -E  conftest.c
configure:4043: $? = 0
configure:4057: i486-TSOL-linux-gnu-gcc -E  conftest.c
conftest.c:11:28: fatal error: ac_nonexistent.h: No such file or directory
compilation terminated.
configure:4057: $? = 1
configure: failed program was:
| /* confdefs.h */
| #define PACKAGE_NAME "udev"
| #define PACKAGE_TARNAME "udev"
| #define PACKAGE_VERSION "182"
| #define PACKAGE_STRING "udev 182"
| #define PACKAGE_BUGREPORT "linux-hotplug@vger.kernel.org"
| #define PACKAGE_URL "http://www.kernel.org/pub/linux/utils/kernel/hotplug/udev.html"
| #define PACKAGE "udev"
| #define VERSION "182"
| /* end confdefs.h.  */
| #include <ac_nonexistent.h>
configure:4086: checking for grep that handles long lines and -e
configure:4144: result: /usr/bin/grep
configure:4149: checking for egrep
configure:4211: result: /usr/bin/grep -E
configure:4216: checking for ANSI C header files
configure:4236: i486-TSOL-linux-gnu-gcc -c -Os  conftest.c >&5
configure:4236: $? = 0
configure:4309: i486-TSOL-linux-gnu-gcc -o conftest -Os  -static-libgcc conftest.c  >&5
configure:4309: $? = 0
configure:4309: ./conftest
configure:4309: $? = 0
configure:4320: result: yes
configure:4333: checking for sys/types.h
configure:4333: i486-TSOL-linux-gnu-gcc -c -Os  conftest.c >&5
configure:4333: $? = 0
configure:4333: result: yes
configure:4333: checking for sys/stat.h
configure:4333: i486-TSOL-linux-gnu-gcc -c -Os  conftest.c >&5
configure:4333: $? = 0
configure:4333: result: yes
configure:4333: checking for stdlib.h
configure:4333: i486-TSOL-linux-gnu-gcc -c -Os  conftest.c >&5
configure:4333: $? = 0
configure:4333: result: yes
configure:4333: checking for string.h
configure:4333: i486-TSOL-linux-gnu-gcc -c -Os  conftest.c >&5
configure:4333: $? = 0
configure:4333: result: yes
configure:4333: checking for memory.h
configure:4333: i486-TSOL-linux-gnu-gcc -c -Os  conftest.c >&5
configure:4333: $? = 0
configure:4333: result: yes
configure:4333: checking for strings.h
configure:4333: i486-TSOL-linux-gnu-gcc -c -Os  conftest.c >&5
configure:4333: $? = 0
configure:4333: result: yes
configure:4333: checking for inttypes.h
configure:4333: i486-TSOL-linux-gnu-gcc -c -Os  conftest.c >&5
configure:4333: $? = 0
configure:4333: result: yes
configure:4333: checking for stdint.h
configure:4333: i486-TSOL-linux-gnu-gcc -c -Os  conftest.c >&5
configure:4333: $? = 0
configure:4333: result: yes
configure:4333: checking for unistd.h
configure:4333: i486-TSOL-linux-gnu-gcc -c -Os  conftest.c >&5
configure:4333: $? = 0
configure:4333: result: yes
configure:4346: checking minix/config.h usability
configure:4346: i486-TSOL-linux-gnu-gcc -c -Os  conftest.c >&5
conftest.c:54:26: fatal error: minix/config.h: No such file or directory
compilation terminated.
configure:4346: $? = 1
configure: failed program was:
| /* confdefs.h */
| #define PACKAGE_NAME "udev"
| #define PACKAGE_TARNAME "udev"
| #define PACKAGE_VERSION "182"
| #define PACKAGE_STRING "udev 182"
| #define PACKAGE_BUGREPORT "linux-hotplug@vger.kernel.org"
| #define PACKAGE_URL "http://www.kernel.org/pub/linux/utils/kernel/hotplug/udev.html"
| #define PACKAGE "udev"
| #define VERSION "182"
| #define STDC_HEADERS 1
| #define HAVE_SYS_TYPES_H 1
| #define HAVE_SYS_STAT_H 1
| #define HAVE_STDLIB_H 1
| #define HAVE_STRING_H 1
| #define HAVE_MEMORY_H 1
| #define HAVE_STRINGS_H 1
| #define HAVE_INTTYPES_H 1
| #define HAVE_STDINT_H 1
| #define HAVE_UNISTD_H 1
| /* end confdefs.h.  */
| #include <stdio.h>
| #ifdef HAVE_SYS_TYPES_H
| # include <sys/types.h>
| #endif
| #ifdef HAVE_SYS_STAT_H
| # include <sys/stat.h>
| #endif
| #ifdef STDC_HEADERS
| # include <stdlib.h>
| # include <stddef.h>
| #else
| # ifdef HAVE_STDLIB_H
| #  include <stdlib.h>
| # endif
| #endif
| #ifdef HAVE_STRING_H
| # if !defined STDC_HEADERS && defined HAVE_MEMORY_H
| #  include <memory.h>
| # endif
| # include <string.h>
| #endif
| #ifdef HAVE_STRINGS_H
| # include <strings.h>
| #endif
| #ifdef HAVE_INTTYPES_H
| # include <inttypes.h>
| #endif
| #ifdef HAVE_STDINT_H
| # include <stdint.h>
| #endif
| #ifdef HAVE_UNISTD_H
| # include <unistd.h>
| #endif
| #include <minix/config.h>
configure:4346: result: no
configure:4346: checking minix/config.h presence
configure:4346: i486-TSOL-linux-gnu-gcc -E  conftest.c
conftest.c:21:26: fatal error: minix/config.h: No such file or directory
compilation terminated.
configure:4346: $? = 1
configure: failed program was:
| /* confdefs.h */
| #define PACKAGE_NAME "udev"
| #define PACKAGE_TARNAME "udev"
| #define PACKAGE_VERSION "182"
| #define PACKAGE_STRING "udev 182"
| #define PACKAGE_BUGREPORT "linux-hotplug@vger.kernel.org"
| #define PACKAGE_URL "http://www.kernel.org/pub/linux/utils/kernel/hotplug/udev.html"
| #define PACKAGE "udev"
| #define VERSION "182"
| #define STDC_HEADERS 1
| #define HAVE_SYS_TYPES_H 1
| #define HAVE_SYS_STAT_H 1
| #define HAVE_STDLIB_H 1
| #define HAVE_STRING_H 1
| #define HAVE_MEMORY_H 1
| #define HAVE_STRINGS_H 1
| #define HAVE_INTTYPES_H 1
| #define HAVE_STDINT_H 1
| #define HAVE_UNISTD_H 1
| /* end confdefs.h.  */
| #include <minix/config.h>
configure:4346: result: no
configure:4346: checking for minix/config.h
configure:4346: result: no
configure:4367: checking whether it is safe to define __EXTENSIONS__
configure:4385: i486-TSOL-linux-gnu-gcc -c -Os  conftest.c >&5
configure:4385: $? = 0
configure:4392: result: yes
configure:4413: checking for special C compiler options needed for large files
configure:4458: result: no
configure:4464: checking for _FILE_OFFSET_BITS value needed for large files
configure:4489: i486-TSOL-linux-gnu-gcc -c -Os  conftest.c >&5
conftest.c:32:3: warning: left shift count >= width of type [enabled by default]
conftest.c:32:3: warning: left shift count >= width of type [enabled by default]
conftest.c:33:10: warning: left shift count >= width of type [enabled by default]
conftest.c:33:10: warning: left shift count >= width of type [enabled by default]
conftest.c:32:7: error: size of array 'off_t_is_large' is negative
conftest.c:34:9: warning: variably modified 'off_t_is_large' at file scope [enabled by default]
configure:4489: $? = 1
configure: failed program was:
| /* confdefs.h */
| #define PACKAGE_NAME "udev"
| #define PACKAGE_TARNAME "udev"
| #define PACKAGE_VERSION "182"
| #define PACKAGE_STRING "udev 182"
| #define PACKAGE_BUGREPORT "linux-hotplug@vger.kernel.org"
| #define PACKAGE_URL "http://www.kernel.org/pub/linux/utils/kernel/hotplug/udev.html"
| #define PACKAGE "udev"
| #define VERSION "182"
| #define STDC_HEADERS 1
| #define HAVE_SYS_TYPES_H 1
| #define HAVE_SYS_STAT_H 1
| #define HAVE_STDLIB_H 1
| #define HAVE_STRING_H 1
| #define HAVE_MEMORY_H 1
| #define HAVE_STRINGS_H 1
| #define HAVE_INTTYPES_H 1
| #define HAVE_STDINT_H 1
| #define HAVE_UNISTD_H 1
| #define __EXTENSIONS__ 1
| #define _ALL_SOURCE 1
| #define _GNU_SOURCE 1
| #define _POSIX_PTHREAD_SEMANTICS 1
| #define _TANDEM_SOURCE 1
| /* end confdefs.h.  */
| #include <sys/types.h>
|  /* Check that off_t can represent 2**63 - 1 correctly.
|     We can't simply define LARGE_OFF_T to be 9223372036854775807,
|     since some C++ compilers masquerading as C compilers
|     incorrectly reject 9223372036854775807.  */
| #define LARGE_OFF_T (((off_t) 1 << 62) - 1 + ((off_t) 1 << 62))
|   int off_t_is_large[(LARGE_OFF_T % 2147483629 == 721
| 		       && LARGE_OFF_T % 2147483647 == 1)
| 		      ? 1 : -1];
| int
| main ()
| {
| 
|   ;
|   return 0;
| }
configure:4513: i486-TSOL-linux-gnu-gcc -c -Os  conftest.c >&5
configure:4513: $? = 0
configure:4521: result: 64
configure:4616: checking whether make supports nested variables
configure:4633: result: yes
configure:4673: checking build system type
configure:4687: result: i686-pc-linux-gnu
configure:4707: checking host system type
configure:4720: result: i686-pc-linux-gnu
configure:4761: checking how to print strings
configure:4788: result: printf
configure:4809: checking for a sed that does not truncate output
configure:4873: result: /usr/bin/sed
configure:4891: checking for fgrep
configure:4953: result: /usr/bin/grep -F
configure:4988: checking for ld used by i486-TSOL-linux-gnu-gcc
configure:5055: result: i486-TSOL-linux-gnu-ld
configure:5062: checking if the linker (i486-TSOL-linux-gnu-ld) is GNU ld
configure:5077: result: yes
configure:5089: checking for BSD- or MS-compatible name lister (nm)
configure:5138: result: /toolchain/i486-TSOL-linux-gnu/bin//nm -B
configure:5268: checking the name lister (/toolchain/i486-TSOL-linux-gnu/bin//nm -B) interface
configure:5275: i486-TSOL-linux-gnu-gcc -c -Os  conftest.c >&5
configure:5278: /toolchain/i486-TSOL-linux-gnu/bin//nm -B "conftest.o"
configure:5281: output
00000000 B some_variable
configure:5288: result: BSD nm
configure:5291: checking whether ln -s works
configure:5295: result: yes
configure:5303: checking the maximum length of command line arguments
configure:5433: result: 1572864
configure:5450: checking whether the shell understands some XSI constructs
configure:5460: result: yes
configure:5464: checking whether the shell understands "+="
configure:5470: result: yes
configure:5505: checking how to convert i686-pc-linux-gnu file names to i686-pc-linux-gnu format
configure:5545: result: func_convert_file_noop
configure:5552: checking how to convert i686-pc-linux-gnu file names to toolchain format
configure:5572: result: func_convert_file_noop
configure:5579: checking for i486-TSOL-linux-gnu-ld option to reload object files
configure:5586: result: -r
configure:5660: checking for objdump
configure:5676: found /toolchain/i486-TSOL-linux-gnu/bin//objdump
configure:5687: result: objdump
configure:5719: checking how to recognize dependent libraries
configure:5921: result: pass_all
configure:6006: checking for dlltool
configure:6036: result: no
configure:6066: checking how to associate runtime and link libraries
configure:6093: result: printf %s\n
configure:6153: checking for ar
configure:6169: found /toolchain/i486-TSOL-linux-gnu/bin//ar
configure:6180: result: ar
configure:6217: checking for archiver @FILE support
configure:6234: i486-TSOL-linux-gnu-gcc -c -Os  conftest.c >&5
configure:6234: $? = 0
configure:6237: ar cru libconftest.a @conftest.lst >&5
configure:6240: $? = 0
configure:6245: ar cru libconftest.a @conftest.lst >&5
ar: conftest.o: No such file or directory
configure:6248: $? = 1
configure:6260: result: @
configure:6318: checking for strip
configure:6334: found /toolchain/i486-TSOL-linux-gnu/bin//strip
configure:6345: result: strip
configure:6417: checking for ranlib
configure:6433: found /toolchain/i486-TSOL-linux-gnu/bin//ranlib
configure:6444: result: ranlib
configure:6546: checking command to parse /toolchain/i486-TSOL-linux-gnu/bin//nm -B output from i486-TSOL-linux-gnu-gcc object
configure:6666: i486-TSOL-linux-gnu-gcc -c -Os  conftest.c >&5
configure:6669: $? = 0
configure:6673: /toolchain/i486-TSOL-linux-gnu/bin//nm -B conftest.o \| sed -n -e 's/^.*[ ]\([ABCDGIRSTW][ABCDGIRSTW]*\)[ ][ ]*\([_A-Za-z][_A-Za-z0-9]*\)$/\1 \2 \2/p' | sed '/ __gnu_lto/d' \> conftest.nm
configure:6676: $? = 0
configure:6742: i486-TSOL-linux-gnu-gcc -o conftest -Os  -static-libgcc conftest.c conftstm.o >&5
configure:6745: $? = 0
configure:6783: result: ok
configure:6820: checking for sysroot
configure:6850: result: no
configure:7106: checking for mt
configure:7136: result: no
configure:7156: checking if : is a manifest tool
configure:7162: : '-?'
configure:7170: result: no
configure:7809: checking for dlfcn.h
configure:7809: i486-TSOL-linux-gnu-gcc -c -Os  conftest.c >&5
configure:7809: $? = 0
configure:7809: result: yes
configure:8014: checking for objdir
configure:8029: result: .libs
configure:8300: checking if i486-TSOL-linux-gnu-gcc supports -fno-rtti -fno-exceptions
configure:8318: i486-TSOL-linux-gnu-gcc -c -Os  -fno-rtti -fno-exceptions conftest.c >&5
cc1: warning: command line option '-fno-rtti' is valid for C++/ObjC++ but not for C [enabled by default]
configure:8322: $? = 0
configure:8335: result: no
configure:8662: checking for i486-TSOL-linux-gnu-gcc option to produce PIC
configure:8669: result: -fPIC -DPIC
configure:8677: checking if i486-TSOL-linux-gnu-gcc PIC flag -fPIC -DPIC works
configure:8695: i486-TSOL-linux-gnu-gcc -c -Os  -fPIC -DPIC -DPIC conftest.c >&5
configure:8699: $? = 0
configure:8712: result: yes
configure:8741: checking if i486-TSOL-linux-gnu-gcc static flag -static works
configure:8769: result: yes
configure:8784: checking if i486-TSOL-linux-gnu-gcc supports -c -o file.o
configure:8805: i486-TSOL-linux-gnu-gcc -c -Os  -o out/conftest2.o conftest.c >&5
configure:8809: $? = 0
configure:8831: result: yes
configure:8839: checking if i486-TSOL-linux-gnu-gcc supports -c -o file.o
configure:8886: result: yes
configure:8919: checking whether the i486-TSOL-linux-gnu-gcc linker (i486-TSOL-linux-gnu-ld) supports shared libraries
configure:10072: result: yes
configure:10109: checking whether -lc should be explicitly linked in
configure:10117: i486-TSOL-linux-gnu-gcc -c -Os  conftest.c >&5
configure:10120: $? = 0
configure:10135: i486-TSOL-linux-gnu-gcc -shared  -fPIC -DPIC conftest.o  -v -Wl,-soname -Wl,conftest -o conftest 2\>\&1 \| /usr/bin/grep  -lc  \>/dev/null 2\>\&1
configure:10138: $? = 0
configure:10152: result: no
configure:10312: checking dynamic linker characteristics
configure:10823: i486-TSOL-linux-gnu-gcc -o conftest -Os  -static-libgcc -Wl,-rpath -Wl,/foo conftest.c  >&5
configure:10823: $? = 0
configure:11049: result: GNU/Linux ld.so
configure:11156: checking how to hardcode library paths into programs
configure:11181: result: immediate
configure:11721: checking whether stripping libraries is possible
configure:11726: result: yes
configure:11761: checking if libtool supports shared libraries
configure:11763: result: yes
configure:11766: checking whether to build shared libraries
configure:11787: result: yes
configure:11790: checking whether to build static libraries
configure:11794: result: no
configure:11835: checking for gawk
configure:11862: result: gawk
configure:11873: checking for a sed that does not truncate output
configure:11937: result: /usr/bin/sed
configure:11996: checking for pkg-config
configure:12014: found /usr/bin/pkg-config
configure:12026: result: /usr/bin/pkg-config
configure:12051: checking pkg-config is at least version 0.9.0
configure:12054: result: yes
configure:12067: checking for gtkdoc-check
configure:12100: result: no
configure:12109: checking for gtkdoc-rebase
configure:12142: result: no
configure:12153: checking for gtkdoc-mkpdf
configure:12186: result: no
configure:12317: checking whether to build gtk-doc documentation
configure:12319: result: no
configure:12387: checking for xsltproc
configure:12405: found /usr/bin/xsltproc
configure:12417: result: /usr/bin/xsltproc
configure:12434: checking for library containing clock_gettime
configure:12465: i486-TSOL-linux-gnu-gcc -o conftest -Os  -static-libgcc conftest.c  >&5
/tmp/ccgY2yHz.o: In function `main':
conftest.c:(.text.startup+0x10): undefined reference to `clock_gettime'
collect2: ld returned 1 exit status
configure:12465: $? = 1
configure: failed program was:
| /* confdefs.h */
| #define PACKAGE_NAME "udev"
| #define PACKAGE_TARNAME "udev"
| #define PACKAGE_VERSION "182"
| #define PACKAGE_STRING "udev 182"
| #define PACKAGE_BUGREPORT "linux-hotplug@vger.kernel.org"
| #define PACKAGE_URL "http://www.kernel.org/pub/linux/utils/kernel/hotplug/udev.html"
| #define PACKAGE "udev"
| #define VERSION "182"
| #define STDC_HEADERS 1
| #define HAVE_SYS_TYPES_H 1
| #define HAVE_SYS_STAT_H 1
| #define HAVE_STDLIB_H 1
| #define HAVE_STRING_H 1
| #define HAVE_MEMORY_H 1
| #define HAVE_STRINGS_H 1
| #define HAVE_INTTYPES_H 1
| #define HAVE_STDINT_H 1
| #define HAVE_UNISTD_H 1
| #define __EXTENSIONS__ 1
| #define _ALL_SOURCE 1
| #define _GNU_SOURCE 1
| #define _POSIX_PTHREAD_SEMANTICS 1
| #define _TANDEM_SOURCE 1
| #define _FILE_OFFSET_BITS 64
| #define HAVE_DLFCN_H 1
| #define LT_OBJDIR ".libs/"
| /* end confdefs.h.  */
| 
| /* Override any GCC internal prototype to avoid an error.
|    Use char because int might match the return type of a GCC
|    builtin and then its argument prototype would still apply.  */
| #ifdef __cplusplus
| extern "C"
| #endif
| char clock_gettime ();
| int
| main ()
| {
| return clock_gettime ();
|   ;
|   return 0;
| }
configure:12465: i486-TSOL-linux-gnu-gcc -o conftest -Os  -static-libgcc conftest.c -lrt   >&5
configure:12465: $? = 0
configure:12482: result: -lrt
configure:12495: checking for BLKID
configure:12502: $PKG_CONFIG --exists --print-errors "blkid >= 2.20"
configure:12505: $? = 0
configure:12518: $PKG_CONFIG --exists --print-errors "blkid >= 2.20"
configure:12521: $? = 0
configure:12580: result: yes
configure:12587: checking for KMOD
configure:12594: $PKG_CONFIG --exists --print-errors "libkmod >= 5"
configure:12597: $? = 0
configure:12610: $PKG_CONFIG --exists --print-errors "libkmod >= 5"
configure:12613: $? = 0
configure:12672: result: yes
configure:12817: checking for /usr/share/pci.ids
configure:12830: result: yes
configure:12840: checking for /usr/share/hwdata/pci.ids
configure:12853: result: no
configure:12863: checking for /usr/share/misc/pci.ids
configure:12876: result: no
configure:12898: checking for USBUTILS
configure:12905: $PKG_CONFIG --exists --print-errors "usbutils >= 0.82"
configure:12908: $? = 0
configure:12921: $PKG_CONFIG --exists --print-errors "usbutils >= 0.82"
configure:12924: $? = 0
configure:12983: result: yes
configure:12992: checking for USB database location
configure:12994: result: /usr/share/usb.ids
configure:13010: checking for PCI database location
configure:13012: result: /usr/share/pci.ids
configure:13631: creating ./config.status

## ---------------------- ##
## Running config.status. ##
## ---------------------- ##

This file was extended by udev config.status 182, which was
generated by GNU Autoconf 2.68.  Invocation command line was

  CONFIG_FILES    = 
  CONFIG_HEADERS  = 
  CONFIG_LINKS    = 
  CONFIG_COMMANDS = 
  $ ./config.status 

on ubuntu4

config.status:1170: creating Makefile
config.status:1170: creating src/docs/Makefile
config.status:1170: creating src/docs/version.xml
config.status:1170: creating src/gudev/docs/Makefile
config.status:1170: creating src/gudev/docs/version.xml
config.status:1170: creating config.h
config.status:1399: executing depfiles commands
config.status:1399: executing libtool commands
configure:15911: result:
        udev 182
        ========

        prefix:                  /usr
        rootprefix:              /usr
        sysconfdir:              ${prefix}/etc
        bindir:                  ${exec_prefix}/bin
        libdir:                  ${exec_prefix}/lib
        rootlibdir:              ${exec_prefix}/lib
        libexecdir:              /bin
        datarootdir:             ${prefix}/share
        mandir:                  ${datarootdir}/man
        includedir:              ${prefix}/include
        include_prefix:          
        systemdsystemunitdir:    
        firmware path:           \"/usr/lib/firmware/updates/\", \"/usr/lib/firmware/\"
        usb.ids:                 /usr/share/usb.ids
        pci.ids:                 /usr/share/pci.ids

        compiler:                i486-TSOL-linux-gnu-gcc
        cflags:                  -Os
        ldflags:                 -static-libgcc
        xsltproc:                /usr/bin/xsltproc
        gperf:                   

        logging:                 yes
        debug:                   yes
        selinux:                 no

        man pages                no
        gudev:                   no
        gintrospection:          no
        keymap:                  no
        mtd_probe:               no
        rule_generator:          no
        floppy:                  no


## ---------------- ##
## Cache variables. ##
## ---------------- ##

ac_cv_build=i686-pc-linux-gnu
ac_cv_c_compiler_gnu=yes
ac_cv_env_BLKID_CFLAGS_set=
ac_cv_env_BLKID_CFLAGS_value=
ac_cv_env_BLKID_LIBS_set=
ac_cv_env_BLKID_LIBS_value=
ac_cv_env_CC_set=set
ac_cv_env_CC_value=i486-TSOL-linux-gnu-gcc
ac_cv_env_CFLAGS_set=set
ac_cv_env_CFLAGS_value=-Os
ac_cv_env_CPPFLAGS_set=
ac_cv_env_CPPFLAGS_value=
ac_cv_env_CPP_set=
ac_cv_env_CPP_value=
ac_cv_env_GLIB_CFLAGS_set=
ac_cv_env_GLIB_CFLAGS_value=
ac_cv_env_GLIB_LIBS_set=
ac_cv_env_GLIB_LIBS_value=
ac_cv_env_GTKDOC_DEPS_CFLAGS_set=
ac_cv_env_GTKDOC_DEPS_CFLAGS_value=
ac_cv_env_GTKDOC_DEPS_LIBS_set=
ac_cv_env_GTKDOC_DEPS_LIBS_value=
ac_cv_env_INTROSPECTION_CFLAGS_set=
ac_cv_env_INTROSPECTION_CFLAGS_value=
ac_cv_env_INTROSPECTION_LIBS_set=
ac_cv_env_INTROSPECTION_LIBS_value=
ac_cv_env_KMOD_CFLAGS_set=
ac_cv_env_KMOD_CFLAGS_value=
ac_cv_env_KMOD_LIBS_set=
ac_cv_env_KMOD_LIBS_value=
ac_cv_env_LDFLAGS_set=set
ac_cv_env_LDFLAGS_value=-static-libgcc
ac_cv_env_LIBS_set=
ac_cv_env_LIBS_value=
ac_cv_env_PKG_CONFIG_LIBDIR_set=
ac_cv_env_PKG_CONFIG_LIBDIR_value=
ac_cv_env_PKG_CONFIG_PATH_set=set
ac_cv_env_PKG_CONFIG_PATH_value=/usr/xorg/lib/pkgconfig:/usr/xorg/share/pkgconfig:/usr/xorg/lib/pkgconfig:/usr/xorg/share/pkgconfig:/usr/xorg/lib/pkgconfig:/usr/xorg/share/pkgconfig:
ac_cv_env_PKG_CONFIG_set=
ac_cv_env_PKG_CONFIG_value=
ac_cv_env_USBUTILS_CFLAGS_set=
ac_cv_env_USBUTILS_CFLAGS_value=
ac_cv_env_USBUTILS_LIBS_set=
ac_cv_env_USBUTILS_LIBS_value=
ac_cv_env_build_alias_set=
ac_cv_env_build_alias_value=
ac_cv_env_host_alias_set=
ac_cv_env_host_alias_value=
ac_cv_env_target_alias_set=
ac_cv_env_target_alias_value=
ac_cv_file__usr_share_hwdata_pci_ids=no
ac_cv_file__usr_share_misc_pci_ids=no
ac_cv_file__usr_share_pci_ids=yes
ac_cv_header_dlfcn_h=yes
ac_cv_header_inttypes_h=yes
ac_cv_header_memory_h=yes
ac_cv_header_minix_config_h=no
ac_cv_header_stdc=yes
ac_cv_header_stdint_h=yes
ac_cv_header_stdlib_h=yes
ac_cv_header_string_h=yes
ac_cv_header_strings_h=yes
ac_cv_header_sys_stat_h=yes
ac_cv_header_sys_types_h=yes
ac_cv_header_unistd_h=yes
ac_cv_host=i686-pc-linux-gnu
ac_cv_objext=o
ac_cv_path_EGREP='/usr/bin/grep -E'
ac_cv_path_FGREP='/usr/bin/grep -F'
ac_cv_path_GREP=/usr/bin/grep
ac_cv_path_SED=/usr/bin/sed
ac_cv_path_XSLTPROC=/usr/bin/xsltproc
ac_cv_path_ac_pt_PKG_CONFIG=/usr/bin/pkg-config
ac_cv_path_install='/bin/install -c'
ac_cv_path_mkdir=/bin/mkdir
ac_cv_prog_AWK=gawk
ac_cv_prog_CPP='i486-TSOL-linux-gnu-gcc -E'
ac_cv_prog_ac_ct_AR=ar
ac_cv_prog_ac_ct_CC=i486-TSOL-linux-gnu-gcc
ac_cv_prog_ac_ct_OBJDUMP=objdump
ac_cv_prog_ac_ct_RANLIB=ranlib
ac_cv_prog_ac_ct_STRIP=strip
ac_cv_prog_cc_c89=
ac_cv_prog_cc_g=yes
ac_cv_prog_make_make_set=yes
ac_cv_safe_to_define___extensions__=yes
ac_cv_search_clock_gettime=-lrt
ac_cv_sys_file_offset_bits=64
ac_cv_sys_largefile_CC=no
am_cv_CC_dependencies_compiler_type=gcc3
am_cv_make_support_nested_variables=yes
am_cv_prog_tar_pax=gnutar
lt_cv_ar_at_file=@
lt_cv_archive_cmds_need_lc=no
lt_cv_deplibs_check_method=pass_all
lt_cv_file_magic_cmd='$MAGIC_CMD'
lt_cv_file_magic_test_file=
lt_cv_ld_reload_flag=-r
lt_cv_nm_interface='BSD nm'
lt_cv_objdir=.libs
lt_cv_path_LD=i486-TSOL-linux-gnu-ld
lt_cv_path_NM='/toolchain/i486-TSOL-linux-gnu/bin//nm -B'
lt_cv_path_mainfest_tool=no
lt_cv_prog_compiler_c_o=yes
lt_cv_prog_compiler_pic='-fPIC -DPIC'
lt_cv_prog_compiler_pic_works=yes
lt_cv_prog_compiler_rtti_exceptions=no
lt_cv_prog_compiler_static_works=yes
lt_cv_prog_gnu_ld=yes
lt_cv_sharedlib_from_linklib_cmd='printf %s\n'
lt_cv_shlibpath_overrides_runpath=yes
lt_cv_sys_global_symbol_pipe='sed -n -e '\''s/^.*[	 ]\([ABCDGIRSTW][ABCDGIRSTW]*\)[	 ][	 ]*\([_A-Za-z][_A-Za-z0-9]*\)$/\1 \2 \2/p'\'' | sed '\''/ __gnu_lto/d'\'''
lt_cv_sys_global_symbol_to_c_name_address='sed -n -e '\''s/^: \([^ ]*\)[ ]*$/  {\"\1\", (void *) 0},/p'\'' -e '\''s/^[ABCDGIRSTW]* \([^ ]*\) \([^ ]*\)$/  {"\2", (void *) \&\2},/p'\'''
lt_cv_sys_global_symbol_to_c_name_address_lib_prefix='sed -n -e '\''s/^: \([^ ]*\)[ ]*$/  {\"\1\", (void *) 0},/p'\'' -e '\''s/^[ABCDGIRSTW]* \([^ ]*\) \(lib[^ ]*\)$/  {"\2", (void *) \&\2},/p'\'' -e '\''s/^[ABCDGIRSTW]* \([^ ]*\) \([^ ]*\)$/  {"lib\2", (void *) \&\2},/p'\'''
lt_cv_sys_global_symbol_to_cdecl='sed -n -e '\''s/^T .* \(.*\)$/extern int \1();/p'\'' -e '\''s/^[ABCDGIRSTW]* .* \(.*\)$/extern char \1;/p'\'''
lt_cv_sys_max_cmd_len=1572864
lt_cv_to_host_file_cmd=func_convert_file_noop
lt_cv_to_tool_file_cmd=func_convert_file_noop
pkg_cv_BLKID_CFLAGS='-I/usr/include/blkid -I/usr/include/uuid  '
pkg_cv_BLKID_LIBS='-lblkid  '
pkg_cv_KMOD_CFLAGS=' '
pkg_cv_KMOD_LIBS='-lkmod  '
pkg_cv_USBUTILS_CFLAGS=' '
pkg_cv_USBUTILS_LIBS=' '

## ----------------- ##
## Output variables. ##
## ----------------- ##

ACLOCAL='aclocal -I/usr/xorg/share/aclocal'
AMDEPBACKSLASH='\'
AMDEP_FALSE='#'
AMDEP_TRUE=''
AMTAR='$${TAR-tar}'
AM_BACKSLASH='\'
AM_DEFAULT_V='$(AM_DEFAULT_VERBOSITY)'
AM_DEFAULT_VERBOSITY='0'
AM_V='$(V)'
AR='ar'
AUTOCONF='${SHELL} /source/udev-182/build-aux/missing --run autoconf'
AUTOHEADER='${SHELL} /source/udev-182/build-aux/missing --run autoheader'
AUTOMAKE='${SHELL} /source/udev-182/build-aux/missing --run automake-1.11'
AWK='gawk'
BLKID_CFLAGS='-I/usr/include/blkid -I/usr/include/uuid  '
BLKID_LIBS='-lblkid  '
CC='i486-TSOL-linux-gnu-gcc'
CCDEPMODE='depmode=gcc3'
CFLAGS='-Os'
CPP='i486-TSOL-linux-gnu-gcc -E'
CPPFLAGS=''
CYGPATH_W='echo'
DEFS='-DHAVE_CONFIG_H'
DEPDIR='.deps'
DLLTOOL='false'
DSYMUTIL=''
DUMPBIN=''
ECHO_C=''
ECHO_N='-n'
ECHO_T=''
EGREP='/usr/bin/grep -E'
ENABLE_FLOPPY_FALSE=''
ENABLE_FLOPPY_TRUE='#'
ENABLE_GTK_DOC_FALSE=''
ENABLE_GTK_DOC_TRUE='#'
ENABLE_GUDEV_FALSE=''
ENABLE_GUDEV_TRUE='#'
ENABLE_INTROSPECTION_FALSE=''
ENABLE_INTROSPECTION_TRUE='#'
ENABLE_KEYMAP_FALSE=''
ENABLE_KEYMAP_TRUE='#'
ENABLE_MANPAGES_FALSE=''
ENABLE_MANPAGES_TRUE='#'
ENABLE_MTD_PROBE_FALSE=''
ENABLE_MTD_PROBE_TRUE='#'
ENABLE_RULE_GENERATOR_FALSE=''
ENABLE_RULE_GENERATOR_TRUE='#'
EXEEXT=''
FGREP='/usr/bin/grep -F'
FIRMWARE_PATH='\"/usr/lib/firmware/updates/\", \"/usr/lib/firmware/\"'
GIRDIR=''
GIRTYPELIBDIR=''
GLIB_CFLAGS=''
GLIB_LIBS=''
GPERF=''
GREP='/usr/bin/grep'
GTKDOC_CHECK=''
GTKDOC_DEPS_CFLAGS=''
GTKDOC_DEPS_LIBS=''
GTKDOC_MKPDF=''
GTKDOC_REBASE='true'
GTK_DOC_BUILD_HTML_FALSE=''
GTK_DOC_BUILD_HTML_TRUE='#'
GTK_DOC_BUILD_PDF_FALSE=''
GTK_DOC_BUILD_PDF_TRUE='#'
GTK_DOC_USE_LIBTOOL_FALSE='#'
GTK_DOC_USE_LIBTOOL_TRUE=''
GTK_DOC_USE_REBASE_FALSE='#'
GTK_DOC_USE_REBASE_TRUE=''
G_IR_COMPILER=''
G_IR_GENERATE=''
G_IR_SCANNER=''
HAVE_XSLTPROC_FALSE='#'
HAVE_XSLTPROC_TRUE=''
HTML_DIR='${datadir}/gtk-doc/html'
INCLUDE_PREFIX=''
INSTALL_DATA='${INSTALL} -m 644'
INSTALL_PROGRAM='${INSTALL}'
INSTALL_SCRIPT='${INSTALL}'
INSTALL_STRIP_PROGRAM='$(install_sh) -c -s'
INTROSPECTION_CFLAGS=''
INTROSPECTION_LIBS=''
KMOD_CFLAGS=' '
KMOD_LIBS='-lkmod  '
LD='i486-TSOL-linux-gnu-ld'
LDFLAGS='-static-libgcc'
LIBOBJS=''
LIBS='-lrt '
LIBTOOL='$(SHELL) $(top_builddir)/libtool'
LIPO=''
LN_S='ln -s'
LTLIBOBJS=''
MAKEINFO='${SHELL} /source/udev-182/build-aux/missing --run makeinfo'
MANIFEST_TOOL=':'
MKDIR_P='/bin/mkdir -p'
NM='/toolchain/i486-TSOL-linux-gnu/bin//nm -B'
NMEDIT=''
OBJDUMP='objdump'
OBJEXT='o'
OTOOL64=''
OTOOL=''
PACKAGE='udev'
PACKAGE_BUGREPORT='linux-hotplug@vger.kernel.org'
PACKAGE_NAME='udev'
PACKAGE_STRING='udev 182'
PACKAGE_TARNAME='udev'
PACKAGE_URL='http://www.kernel.org/pub/linux/utils/kernel/hotplug/udev.html'
PACKAGE_VERSION='182'
PATH_SEPARATOR=':'
PCI_DATABASE='/usr/share/pci.ids'
PKG_CONFIG='/usr/bin/pkg-config'
PKG_CONFIG_LIBDIR=''
PKG_CONFIG_PATH='/usr/xorg/lib/pkgconfig:/usr/xorg/share/pkgconfig:/usr/xorg/lib/pkgconfig:/usr/xorg/share/pkgconfig:/usr/xorg/lib/pkgconfig:/usr/xorg/share/pkgconfig:'
RANLIB='ranlib'
SED='/usr/bin/sed'
SELINUX_LIBS=''
SET_MAKE=''
SHELL='/bin/sh'
STRIP='strip'
USBUTILS_CFLAGS=' '
USBUTILS_LIBS=' '
USB_DATABASE='/usr/share/usb.ids'
VERSION='182'
WITH_SELINUX_FALSE=''
WITH_SELINUX_TRUE='#'
WITH_SYSTEMD_FALSE=''
WITH_SYSTEMD_TRUE='#'
XSLTPROC='/usr/bin/xsltproc'
ac_ct_AR='ar'
ac_ct_CC='i486-TSOL-linux-gnu-gcc'
ac_ct_DUMPBIN=''
am__EXEEXT_FALSE=''
am__EXEEXT_TRUE='#'
am__fastdepCC_FALSE='#'
am__fastdepCC_TRUE=''
am__include='include'
am__isrc=''
am__leading_dot='.'
am__nodep='_no'
am__quote=''
am__tar='tar --format=posix -chf - "$$tardir"'
am__untar='tar -xf -'
bindir='${exec_prefix}/bin'
build='i686-pc-linux-gnu'
build_alias=''
build_cpu='i686'
build_os='linux-gnu'
build_vendor='pc'
datadir='${datarootdir}'
datarootdir='${prefix}/share'
docdir='${datarootdir}/doc/${PACKAGE_TARNAME}'
dvidir='${docdir}'
exec_prefix='/usr'
host='i686-pc-linux-gnu'
host_alias=''
host_cpu='i686'
host_os='linux-gnu'
host_vendor='pc'
htmldir='${docdir}'
includedir='${prefix}/include'
infodir='${datarootdir}/info'
install_sh='${SHELL} /source/udev-182/build-aux/install-sh'
libdir='${exec_prefix}/lib'
libexecdir='/bin'
localedir='${datarootdir}/locale'
localstatedir='${prefix}/var'
mandir='${datarootdir}/man'
mkdir_p='/bin/mkdir -p'
my_CFLAGS='-Wall -Wmissing-declarations -Wmissing-prototypes -Wnested-externs -Wpointer-arith -Wpointer-arith -Wsign-compare -Wchar-subscripts -Wstrict-prototypes -Wshadow -Wformat-security -Wtype-limits'
oldincludedir='/usr/include'
pdfdir='${docdir}'
prefix='/usr'
program_transform_name='s,x,x,'
psdir='${docdir}'
rootlib_execdir='${exec_prefix}/lib'
rootprefix='/usr'
sbindir='${exec_prefix}/sbin'
sharedstatedir='${prefix}/com'
sysconfdir='${prefix}/etc'
systemdsystemunitdir=''
target_alias=''

## ----------- ##
## confdefs.h. ##
## ----------- ##

/* confdefs.h */
#define PACKAGE_NAME "udev"
#define PACKAGE_TARNAME "udev"
#define PACKAGE_VERSION "182"
#define PACKAGE_STRING "udev 182"
#define PACKAGE_BUGREPORT "linux-hotplug@vger.kernel.org"
#define PACKAGE_URL "http://www.kernel.org/pub/linux/utils/kernel/hotplug/udev.html"
#define PACKAGE "udev"
#define VERSION "182"
#define STDC_HEADERS 1
#define HAVE_SYS_TYPES_H 1
#define HAVE_SYS_STAT_H 1
#define HAVE_STDLIB_H 1
#define HAVE_STRING_H 1
#define HAVE_MEMORY_H 1
#define HAVE_STRINGS_H 1
#define HAVE_INTTYPES_H 1
#define HAVE_STDINT_H 1
#define HAVE_UNISTD_H 1
#define __EXTENSIONS__ 1
#define _ALL_SOURCE 1
#define _GNU_SOURCE 1
#define _POSIX_PTHREAD_SEMANTICS 1
#define _TANDEM_SOURCE 1
#define _FILE_OFFSET_BITS 64
#define HAVE_DLFCN_H 1
#define LT_OBJDIR ".libs/"
#define ENABLE_DEBUG 1
#define ENABLE_LOGGING 1
#define HAVE__USR_SHARE_PCI_IDS 1

configure: exit 0
