This file contains any messages produced by compilers while
running configure, to aid debugging if configure makes a mistake.

It was created by xwininfo configure 1.1.2, which was
generated by GNU Autoconf 2.68.  Invocation command line was

  $ ./configure --prefix=/usr/xorg77/ CPPFLAGS=-I/compiler/i486-tsol-linux-gnu/include/c++/4.3.4/i486-tsol-linux-gnu/ -I/compiler/i486-tsol-linux-gnu/include/c++/4.3.4/ CFLAGS=-O2 LDFLAGS=-static-libgcc

## --------- ##
## Platform. ##
## --------- ##

hostname = ubuntu4
uname -m = i686
uname -r = 2.6.32-37-generic
uname -s = Linux
uname -v = #81-Ubuntu SMP Fri Dec 2 20:35:14 UTC 2011

/usr/bin/uname -p = unknown
/bin/uname -X     = unknown

/bin/arch              = unknown
/usr/bin/arch -k       = unknown
/usr/convex/getsysinfo = unknown
/usr/bin/hostinfo      = unknown
/bin/machine           = unknown
/usr/bin/oslevel       = unknown
/bin/universe          = unknown

PATH: /usr/xorg77//bin
PATH: /source/docbook-xsl-1.76.1/tools/bin
PATH: /bin
PATH: /sbin
PATH: /usr/bin
PATH: /usr/sbin
PATH: /usr/bin/X11
PATH: /usr/local/bin
PATH: /compiler/i486-tsol-linux-gnu/bin/
PATH: /compiler/libexec/gcc/i486-tsol-linux-gnu/4.3.4
PATH: /compiler/i486-tsol-linux-gnu/sys-root/usr/bin
PATH: /root/.local/bin
PATH: /opt/gnome/bin
PATH: /opt/gnome/sbin


## ----------- ##
## Core tests. ##
## ----------- ##

configure:2275: checking for a BSD-compatible install
configure:2343: result: /usr/bin/install -c
configure:2354: checking whether build environment is sane
configure:2404: result: yes
configure:2545: checking for a thread-safe mkdir -p
configure:2584: result: /bin/mkdir -p
configure:2597: checking for gawk
configure:2613: found /usr/bin/gawk
configure:2624: result: gawk
configure:2635: checking whether make sets $(MAKE)
configure:2657: result: yes
configure:2738: checking whether to enable maintainer-specific portions of Makefiles
configure:2747: result: no
configure:2789: checking for style of include used by make
configure:2817: result: GNU
configure:2887: checking for gcc
configure:2903: found /compiler/i486-tsol-linux-gnu/bin//gcc
configure:2914: result: gcc
configure:3143: checking for C compiler version
configure:3152: gcc --version >&5
gcc (crosstool-NG-1.6.0) 4.3.4
Copyright (C) 2008 Free Software Foundation, Inc.
This is free software; see the source for copying conditions.  There is NO
warranty; not even for MERCHANTABILITY or FITNESS FOR A PARTICULAR PURPOSE.

configure:3163: $? = 0
configure:3152: gcc -v >&5
Using built-in specs.
Target: i486-tsol-linux-gnu
Configured with: /TSOL/toolchain-build/targets/src/gcc-4.3.4/configure --build=i486-build_pc-linux-gnu --host=i486-build_pc-linux-gnu --target=i486-tsol-linux-gnu --prefix=/compiler --with-sysroot=/compiler/i486-tsol-linux-gnu//sys-root --enable-languages=c,c++ --disable-multilib --with-arch=i486 --with-pkgversion=crosstool-NG-1.6.0 --enable-__cxa_atexit --with-gmp=/compiler --with-mpfr=/compiler --with-local-prefix=/compiler/i486-tsol-linux-gnu//sys-root --disable-nls --enable-threads=posix --enable-symvers=gnu --enable-c99 --enable-long-long --enable-target-optspace
Thread model: posix
gcc version 4.3.4 (crosstool-NG-1.6.0) 
configure:3163: $? = 0
configure:3152: gcc -V >&5
gcc: '-V' option must have argument
configure:3163: $? = 1
configure:3152: gcc -qversion >&5
gcc: unrecognized option '-qversion'
gcc: no input files
configure:3163: $? = 1
configure:3183: checking whether the C compiler works
configure:3205: gcc -O2 -I/compiler/i486-tsol-linux-gnu/include/c++/4.3.4/i486-tsol-linux-gnu/ -I/compiler/i486-tsol-linux-gnu/include/c++/4.3.4/ -static-libgcc conftest.c  >&5
configure:3209: $? = 0
configure:3257: result: yes
configure:3260: checking for C compiler default output file name
configure:3262: result: a.out
configure:3268: checking for suffix of executables
configure:3275: gcc -o conftest -O2 -I/compiler/i486-tsol-linux-gnu/include/c++/4.3.4/i486-tsol-linux-gnu/ -I/compiler/i486-tsol-linux-gnu/include/c++/4.3.4/ -static-libgcc conftest.c  >&5
configure:3279: $? = 0
configure:3301: result: 
configure:3323: checking whether we are cross compiling
configure:3331: gcc -o conftest -O2 -I/compiler/i486-tsol-linux-gnu/include/c++/4.3.4/i486-tsol-linux-gnu/ -I/compiler/i486-tsol-linux-gnu/include/c++/4.3.4/ -static-libgcc conftest.c  >&5
configure:3335: $? = 0
configure:3342: ./conftest
configure:3346: $? = 0
configure:3361: result: no
configure:3366: checking for suffix of object files
configure:3388: gcc -c -O2 -I/compiler/i486-tsol-linux-gnu/include/c++/4.3.4/i486-tsol-linux-gnu/ -I/compiler/i486-tsol-linux-gnu/include/c++/4.3.4/ conftest.c >&5
configure:3392: $? = 0
configure:3413: result: o
configure:3417: checking whether we are using the GNU C compiler
configure:3436: gcc -c -O2 -I/compiler/i486-tsol-linux-gnu/include/c++/4.3.4/i486-tsol-linux-gnu/ -I/compiler/i486-tsol-linux-gnu/include/c++/4.3.4/ conftest.c >&5
configure:3436: $? = 0
configure:3445: result: yes
configure:3454: checking whether gcc accepts -g
configure:3474: gcc -c -g -I/compiler/i486-tsol-linux-gnu/include/c++/4.3.4/i486-tsol-linux-gnu/ -I/compiler/i486-tsol-linux-gnu/include/c++/4.3.4/ conftest.c >&5
configure:3474: $? = 0
configure:3515: result: yes
configure:3532: checking for gcc option to accept ISO C89
configure:3596: gcc  -c -O2 -I/compiler/i486-tsol-linux-gnu/include/c++/4.3.4/i486-tsol-linux-gnu/ -I/compiler/i486-tsol-linux-gnu/include/c++/4.3.4/ conftest.c >&5
configure:3596: $? = 0
configure:3609: result: none needed
configure:3631: checking dependency style of gcc
configure:3741: result: gcc3
configure:3762: checking how to run the C preprocessor
configure:3793: gcc -E -I/compiler/i486-tsol-linux-gnu/include/c++/4.3.4/i486-tsol-linux-gnu/ -I/compiler/i486-tsol-linux-gnu/include/c++/4.3.4/ conftest.c
configure:3793: $? = 0
configure:3807: gcc -E -I/compiler/i486-tsol-linux-gnu/include/c++/4.3.4/i486-tsol-linux-gnu/ -I/compiler/i486-tsol-linux-gnu/include/c++/4.3.4/ conftest.c
conftest.c:11:28: error: ac_nonexistent.h: No such file or directory
configure:3807: $? = 1
configure: failed program was:
| /* confdefs.h */
| #define PACKAGE_NAME "xwininfo"
| #define PACKAGE_TARNAME "xwininfo"
| #define PACKAGE_VERSION "1.1.2"
| #define PACKAGE_STRING "xwininfo 1.1.2"
| #define PACKAGE_BUGREPORT "https://bugs.freedesktop.org/enter_bug.cgi?product=xorg"
| #define PACKAGE_URL ""
| #define PACKAGE "xwininfo"
| #define VERSION "1.1.2"
| /* end confdefs.h.  */
| #include <ac_nonexistent.h>
configure:3832: result: gcc -E
configure:3852: gcc -E -I/compiler/i486-tsol-linux-gnu/include/c++/4.3.4/i486-tsol-linux-gnu/ -I/compiler/i486-tsol-linux-gnu/include/c++/4.3.4/ conftest.c
configure:3852: $? = 0
configure:3866: gcc -E -I/compiler/i486-tsol-linux-gnu/include/c++/4.3.4/i486-tsol-linux-gnu/ -I/compiler/i486-tsol-linux-gnu/include/c++/4.3.4/ conftest.c
conftest.c:11:28: error: ac_nonexistent.h: No such file or directory
configure:3866: $? = 1
configure: failed program was:
| /* confdefs.h */
| #define PACKAGE_NAME "xwininfo"
| #define PACKAGE_TARNAME "xwininfo"
| #define PACKAGE_VERSION "1.1.2"
| #define PACKAGE_STRING "xwininfo 1.1.2"
| #define PACKAGE_BUGREPORT "https://bugs.freedesktop.org/enter_bug.cgi?product=xorg"
| #define PACKAGE_URL ""
| #define PACKAGE "xwininfo"
| #define VERSION "1.1.2"
| /* end confdefs.h.  */
| #include <ac_nonexistent.h>
configure:3895: checking for grep that handles long lines and -e
configure:3953: result: /usr/bin/grep
configure:3958: checking for egrep
configure:4020: result: /usr/bin/grep -E
configure:4025: checking for ANSI C header files
configure:4045: gcc -c -O2 -I/compiler/i486-tsol-linux-gnu/include/c++/4.3.4/i486-tsol-linux-gnu/ -I/compiler/i486-tsol-linux-gnu/include/c++/4.3.4/ conftest.c >&5
configure:4045: $? = 0
configure:4118: gcc -o conftest -O2 -I/compiler/i486-tsol-linux-gnu/include/c++/4.3.4/i486-tsol-linux-gnu/ -I/compiler/i486-tsol-linux-gnu/include/c++/4.3.4/ -static-libgcc conftest.c  >&5
configure:4118: $? = 0
configure:4118: ./conftest
configure:4118: $? = 0
configure:4129: result: yes
configure:4142: checking for sys/types.h
configure:4142: gcc -c -O2 -I/compiler/i486-tsol-linux-gnu/include/c++/4.3.4/i486-tsol-linux-gnu/ -I/compiler/i486-tsol-linux-gnu/include/c++/4.3.4/ conftest.c >&5
configure:4142: $? = 0
configure:4142: result: yes
configure:4142: checking for sys/stat.h
configure:4142: gcc -c -O2 -I/compiler/i486-tsol-linux-gnu/include/c++/4.3.4/i486-tsol-linux-gnu/ -I/compiler/i486-tsol-linux-gnu/include/c++/4.3.4/ conftest.c >&5
configure:4142: $? = 0
configure:4142: result: yes
configure:4142: checking for stdlib.h
configure:4142: gcc -c -O2 -I/compiler/i486-tsol-linux-gnu/include/c++/4.3.4/i486-tsol-linux-gnu/ -I/compiler/i486-tsol-linux-gnu/include/c++/4.3.4/ conftest.c >&5
configure:4142: $? = 0
configure:4142: result: yes
configure:4142: checking for string.h
configure:4142: gcc -c -O2 -I/compiler/i486-tsol-linux-gnu/include/c++/4.3.4/i486-tsol-linux-gnu/ -I/compiler/i486-tsol-linux-gnu/include/c++/4.3.4/ conftest.c >&5
configure:4142: $? = 0
configure:4142: result: yes
configure:4142: checking for memory.h
configure:4142: gcc -c -O2 -I/compiler/i486-tsol-linux-gnu/include/c++/4.3.4/i486-tsol-linux-gnu/ -I/compiler/i486-tsol-linux-gnu/include/c++/4.3.4/ conftest.c >&5
configure:4142: $? = 0
configure:4142: result: yes
configure:4142: checking for strings.h
configure:4142: gcc -c -O2 -I/compiler/i486-tsol-linux-gnu/include/c++/4.3.4/i486-tsol-linux-gnu/ -I/compiler/i486-tsol-linux-gnu/include/c++/4.3.4/ conftest.c >&5
configure:4142: $? = 0
configure:4142: result: yes
configure:4142: checking for inttypes.h
configure:4142: gcc -c -O2 -I/compiler/i486-tsol-linux-gnu/include/c++/4.3.4/i486-tsol-linux-gnu/ -I/compiler/i486-tsol-linux-gnu/include/c++/4.3.4/ conftest.c >&5
configure:4142: $? = 0
configure:4142: result: yes
configure:4142: checking for stdint.h
configure:4142: gcc -c -O2 -I/compiler/i486-tsol-linux-gnu/include/c++/4.3.4/i486-tsol-linux-gnu/ -I/compiler/i486-tsol-linux-gnu/include/c++/4.3.4/ conftest.c >&5
configure:4142: $? = 0
configure:4142: result: yes
configure:4142: checking for unistd.h
configure:4142: gcc -c -O2 -I/compiler/i486-tsol-linux-gnu/include/c++/4.3.4/i486-tsol-linux-gnu/ -I/compiler/i486-tsol-linux-gnu/include/c++/4.3.4/ conftest.c >&5
configure:4142: $? = 0
configure:4142: result: yes
configure:4155: checking minix/config.h usability
configure:4155: gcc -c -O2 -I/compiler/i486-tsol-linux-gnu/include/c++/4.3.4/i486-tsol-linux-gnu/ -I/compiler/i486-tsol-linux-gnu/include/c++/4.3.4/ conftest.c >&5
conftest.c:54:26: error: minix/config.h: No such file or directory
configure:4155: $? = 1
configure: failed program was:
| /* confdefs.h */
| #define PACKAGE_NAME "xwininfo"
| #define PACKAGE_TARNAME "xwininfo"
| #define PACKAGE_VERSION "1.1.2"
| #define PACKAGE_STRING "xwininfo 1.1.2"
| #define PACKAGE_BUGREPORT "https://bugs.freedesktop.org/enter_bug.cgi?product=xorg"
| #define PACKAGE_URL ""
| #define PACKAGE "xwininfo"
| #define VERSION "1.1.2"
| #define STDC_HEADERS 1
| #define HAVE_SYS_TYPES_H 1
| #define HAVE_SYS_STAT_H 1
| #define HAVE_STDLIB_H 1
| #define HAVE_STRING_H 1
| #define HAVE_MEMORY_H 1
| #define HAVE_STRINGS_H 1
| #define HAVE_INTTYPES_H 1
| #define HAVE_STDINT_H 1
| #define HAVE_UNISTD_H 1
| /* end confdefs.h.  */
| #include <stdio.h>
| #ifdef HAVE_SYS_TYPES_H
| # include <sys/types.h>
| #endif
| #ifdef HAVE_SYS_STAT_H
| # include <sys/stat.h>
| #endif
| #ifdef STDC_HEADERS
| # include <stdlib.h>
| # include <stddef.h>
| #else
| # ifdef HAVE_STDLIB_H
| #  include <stdlib.h>
| # endif
| #endif
| #ifdef HAVE_STRING_H
| # if !defined STDC_HEADERS && defined HAVE_MEMORY_H
| #  include <memory.h>
| # endif
| # include <string.h>
| #endif
| #ifdef HAVE_STRINGS_H
| # include <strings.h>
| #endif
| #ifdef HAVE_INTTYPES_H
| # include <inttypes.h>
| #endif
| #ifdef HAVE_STDINT_H
| # include <stdint.h>
| #endif
| #ifdef HAVE_UNISTD_H
| # include <unistd.h>
| #endif
| #include <minix/config.h>
configure:4155: result: no
configure:4155: checking minix/config.h presence
configure:4155: gcc -E -I/compiler/i486-tsol-linux-gnu/include/c++/4.3.4/i486-tsol-linux-gnu/ -I/compiler/i486-tsol-linux-gnu/include/c++/4.3.4/ conftest.c
conftest.c:21:26: error: minix/config.h: No such file or directory
configure:4155: $? = 1
configure: failed program was:
| /* confdefs.h */
| #define PACKAGE_NAME "xwininfo"
| #define PACKAGE_TARNAME "xwininfo"
| #define PACKAGE_VERSION "1.1.2"
| #define PACKAGE_STRING "xwininfo 1.1.2"
| #define PACKAGE_BUGREPORT "https://bugs.freedesktop.org/enter_bug.cgi?product=xorg"
| #define PACKAGE_URL ""
| #define PACKAGE "xwininfo"
| #define VERSION "1.1.2"
| #define STDC_HEADERS 1
| #define HAVE_SYS_TYPES_H 1
| #define HAVE_SYS_STAT_H 1
| #define HAVE_STDLIB_H 1
| #define HAVE_STRING_H 1
| #define HAVE_MEMORY_H 1
| #define HAVE_STRINGS_H 1
| #define HAVE_INTTYPES_H 1
| #define HAVE_STDINT_H 1
| #define HAVE_UNISTD_H 1
| /* end confdefs.h.  */
| #include <minix/config.h>
configure:4155: result: no
configure:4155: checking for minix/config.h
configure:4155: result: no
configure:4176: checking whether it is safe to define __EXTENSIONS__
configure:4194: gcc -c -O2 -I/compiler/i486-tsol-linux-gnu/include/c++/4.3.4/i486-tsol-linux-gnu/ -I/compiler/i486-tsol-linux-gnu/include/c++/4.3.4/ conftest.c >&5
configure:4194: $? = 0
configure:4201: result: yes
configure:4216: checking for gcc option to accept ISO C99
configure:4365: gcc  -c -O2 -I/compiler/i486-tsol-linux-gnu/include/c++/4.3.4/i486-tsol-linux-gnu/ -I/compiler/i486-tsol-linux-gnu/include/c++/4.3.4/ conftest.c >&5
conftest.c:76: error: expected ';', ',' or ')' before 'text'
conftest.c: In function 'main':
conftest.c:130: error: expected '=', ',', ';', 'asm' or '__attribute__' before 'newvar'
conftest.c:130: error: 'newvar' undeclared (first use in this function)
conftest.c:130: error: (Each undeclared identifier is reported only once
conftest.c:130: error: for each function it appears in.)
conftest.c:140: error: 'for' loop initial declaration used outside C99 mode
configure:4365: $? = 1
configure: failed program was:
| /* confdefs.h */
| #define PACKAGE_NAME "xwininfo"
| #define PACKAGE_TARNAME "xwininfo"
| #define PACKAGE_VERSION "1.1.2"
| #define PACKAGE_STRING "xwininfo 1.1.2"
| #define PACKAGE_BUGREPORT "https://bugs.freedesktop.org/enter_bug.cgi?product=xorg"
| #define PACKAGE_URL ""
| #define PACKAGE "xwininfo"
| #define VERSION "1.1.2"
| #define STDC_HEADERS 1
| #define HAVE_SYS_TYPES_H 1
| #define HAVE_SYS_STAT_H 1
| #define HAVE_STDLIB_H 1
| #define HAVE_STRING_H 1
| #define HAVE_MEMORY_H 1
| #define HAVE_STRINGS_H 1
| #define HAVE_INTTYPES_H 1
| #define HAVE_STDINT_H 1
| #define HAVE_UNISTD_H 1
| #define __EXTENSIONS__ 1
| #define _ALL_SOURCE 1
| #define _GNU_SOURCE 1
| #define _POSIX_PTHREAD_SEMANTICS 1
| #define _TANDEM_SOURCE 1
| /* end confdefs.h.  */
| #include <stdarg.h>
| #include <stdbool.h>
| #include <stdlib.h>
| #include <wchar.h>
| #include <stdio.h>
| 
| // Check varargs macros.  These examples are taken from C99 6.10.3.5.
| #define debug(...) fprintf (stderr, __VA_ARGS__)
| #define showlist(...) puts (#__VA_ARGS__)
| #define report(test,...) ((test) ? puts (#test) : printf (__VA_ARGS__))
| static void
| test_varargs_macros (void)
| {
|   int x = 1234;
|   int y = 5678;
|   debug ("Flag");
|   debug ("X = %d\n", x);
|   showlist (The first, second, and third items.);
|   report (x>y, "x is %d but y is %d", x, y);
| }
| 
| // Check long long types.
| #define BIG64 18446744073709551615ull
| #define BIG32 4294967295ul
| #define BIG_OK (BIG64 / BIG32 == 4294967297ull && BIG64 % BIG32 == 0)
| #if !BIG_OK
|   your preprocessor is broken;
| #endif
| #if BIG_OK
| #else
|   your preprocessor is broken;
| #endif
| static long long int bignum = -9223372036854775807LL;
| static unsigned long long int ubignum = BIG64;
| 
| struct incomplete_array
| {
|   int datasize;
|   double data[];
| };
| 
| struct named_init {
|   int number;
|   const wchar_t *name;
|   double average;
| };
| 
| typedef const char *ccp;
| 
| static inline int
| test_restrict (ccp restrict text)
| {
|   // See if C++-style comments work.
|   // Iterate through items via the restricted pointer.
|   // Also check for declarations in for loops.
|   for (unsigned int i = 0; *(text+i) != '\0'; ++i)
|     continue;
|   return 0;
| }
| 
| // Check varargs and va_copy.
| static void
| test_varargs (const char *format, ...)
| {
|   va_list args;
|   va_start (args, format);
|   va_list args_copy;
|   va_copy (args_copy, args);
| 
|   const char *str;
|   int number;
|   float fnumber;
| 
|   while (*format)
|     {
|       switch (*format++)
| 	{
| 	case 's': // string
| 	  str = va_arg (args_copy, const char *);
| 	  break;
| 	case 'd': // int
| 	  number = va_arg (args_copy, int);
| 	  break;
| 	case 'f': // float
| 	  fnumber = va_arg (args_copy, double);
| 	  break;
| 	default:
| 	  break;
| 	}
|     }
|   va_end (args_copy);
|   va_end (args);
| }
| 
| int
| main ()
| {
| 
|   // Check bool.
|   _Bool success = false;
| 
|   // Check restrict.
|   if (test_restrict ("String literal") == 0)
|     success = true;
|   char *restrict newvar = "Another string";
| 
|   // Check varargs.
|   test_varargs ("s, d' f .", "string", 65, 34.234);
|   test_varargs_macros ();
| 
|   // Check flexible array members.
|   struct incomplete_array *ia =
|     malloc (sizeof (struct incomplete_array) + (sizeof (double) * 10));
|   ia->datasize = 10;
|   for (int i = 0; i < ia->datasize; ++i)
|     ia->data[i] = i * 1.234;
| 
|   // Check named initializers.
|   struct named_init ni = {
|     .number = 34,
|     .name = L"Test wide string",
|     .average = 543.34343,
|   };
| 
|   ni.number = 58;
| 
|   int dynamic_array[ni.number];
|   dynamic_array[ni.number - 1] = 543;
| 
|   // work around unused variable warnings
|   return (!success || bignum == 0LL || ubignum == 0uLL || newvar[0] == 'x'
| 	  || dynamic_array[ni.number - 1] != 543);
| 
|   ;
|   return 0;
| }
configure:4365: gcc -std=gnu99 -c -O2 -I/compiler/i486-tsol-linux-gnu/include/c++/4.3.4/i486-tsol-linux-gnu/ -I/compiler/i486-tsol-linux-gnu/include/c++/4.3.4/ conftest.c >&5
configure:4365: $? = 0
configure:4385: result: -std=gnu99
configure:4395: checking whether __clang__ is declared
configure:4395: gcc -std=gnu99 -c -O2 -I/compiler/i486-tsol-linux-gnu/include/c++/4.3.4/i486-tsol-linux-gnu/ -I/compiler/i486-tsol-linux-gnu/include/c++/4.3.4/ conftest.c >&5
conftest.c: In function 'main':
conftest.c:66: error: '__clang__' undeclared (first use in this function)
conftest.c:66: error: (Each undeclared identifier is reported only once
conftest.c:66: error: for each function it appears in.)
configure:4395: $? = 1
configure: failed program was:
| /* confdefs.h */
| #define PACKAGE_NAME "xwininfo"
| #define PACKAGE_TARNAME "xwininfo"
| #define PACKAGE_VERSION "1.1.2"
| #define PACKAGE_STRING "xwininfo 1.1.2"
| #define PACKAGE_BUGREPORT "https://bugs.freedesktop.org/enter_bug.cgi?product=xorg"
| #define PACKAGE_URL ""
| #define PACKAGE "xwininfo"
| #define VERSION "1.1.2"
| #define STDC_HEADERS 1
| #define HAVE_SYS_TYPES_H 1
| #define HAVE_SYS_STAT_H 1
| #define HAVE_STDLIB_H 1
| #define HAVE_STRING_H 1
| #define HAVE_MEMORY_H 1
| #define HAVE_STRINGS_H 1
| #define HAVE_INTTYPES_H 1
| #define HAVE_STDINT_H 1
| #define HAVE_UNISTD_H 1
| #define __EXTENSIONS__ 1
| #define _ALL_SOURCE 1
| #define _GNU_SOURCE 1
| #define _POSIX_PTHREAD_SEMANTICS 1
| #define _TANDEM_SOURCE 1
| /* end confdefs.h.  */
| #include <stdio.h>
| #ifdef HAVE_SYS_TYPES_H
| # include <sys/types.h>
| #endif
| #ifdef HAVE_SYS_STAT_H
| # include <sys/stat.h>
| #endif
| #ifdef STDC_HEADERS
| # include <stdlib.h>
| # include <stddef.h>
| #else
| # ifdef HAVE_STDLIB_H
| #  include <stdlib.h>
| # endif
| #endif
| #ifdef HAVE_STRING_H
| # if !defined STDC_HEADERS && defined HAVE_MEMORY_H
| #  include <memory.h>
| # endif
| # include <string.h>
| #endif
| #ifdef HAVE_STRINGS_H
| # include <strings.h>
| #endif
| #ifdef HAVE_INTTYPES_H
| # include <inttypes.h>
| #endif
| #ifdef HAVE_STDINT_H
| # include <stdint.h>
| #endif
| #ifdef HAVE_UNISTD_H
| # include <unistd.h>
| #endif
| int
| main ()
| {
| #ifndef __clang__
| #ifdef __cplusplus
|   (void) __clang__;
| #else
|   (void) __clang__;
| #endif
| #endif
| 
|   ;
|   return 0;
| }
configure:4395: result: no
configure:4402: checking whether __INTEL_COMPILER is declared
configure:4402: gcc -std=gnu99 -c -O2 -I/compiler/i486-tsol-linux-gnu/include/c++/4.3.4/i486-tsol-linux-gnu/ -I/compiler/i486-tsol-linux-gnu/include/c++/4.3.4/ conftest.c >&5
conftest.c: In function 'main':
conftest.c:66: error: '__INTEL_COMPILER' undeclared (first use in this function)
conftest.c:66: error: (Each undeclared identifier is reported only once
conftest.c:66: error: for each function it appears in.)
configure:4402: $? = 1
configure: failed program was:
| /* confdefs.h */
| #define PACKAGE_NAME "xwininfo"
| #define PACKAGE_TARNAME "xwininfo"
| #define PACKAGE_VERSION "1.1.2"
| #define PACKAGE_STRING "xwininfo 1.1.2"
| #define PACKAGE_BUGREPORT "https://bugs.freedesktop.org/enter_bug.cgi?product=xorg"
| #define PACKAGE_URL ""
| #define PACKAGE "xwininfo"
| #define VERSION "1.1.2"
| #define STDC_HEADERS 1
| #define HAVE_SYS_TYPES_H 1
| #define HAVE_SYS_STAT_H 1
| #define HAVE_STDLIB_H 1
| #define HAVE_STRING_H 1
| #define HAVE_MEMORY_H 1
| #define HAVE_STRINGS_H 1
| #define HAVE_INTTYPES_H 1
| #define HAVE_STDINT_H 1
| #define HAVE_UNISTD_H 1
| #define __EXTENSIONS__ 1
| #define _ALL_SOURCE 1
| #define _GNU_SOURCE 1
| #define _POSIX_PTHREAD_SEMANTICS 1
| #define _TANDEM_SOURCE 1
| /* end confdefs.h.  */
| #include <stdio.h>
| #ifdef HAVE_SYS_TYPES_H
| # include <sys/types.h>
| #endif
| #ifdef HAVE_SYS_STAT_H
| # include <sys/stat.h>
| #endif
| #ifdef STDC_HEADERS
| # include <stdlib.h>
| # include <stddef.h>
| #else
| # ifdef HAVE_STDLIB_H
| #  include <stdlib.h>
| # endif
| #endif
| #ifdef HAVE_STRING_H
| # if !defined STDC_HEADERS && defined HAVE_MEMORY_H
| #  include <memory.h>
| # endif
| # include <string.h>
| #endif
| #ifdef HAVE_STRINGS_H
| # include <strings.h>
| #endif
| #ifdef HAVE_INTTYPES_H
| # include <inttypes.h>
| #endif
| #ifdef HAVE_STDINT_H
| # include <stdint.h>
| #endif
| #ifdef HAVE_UNISTD_H
| # include <unistd.h>
| #endif
| int
| main ()
| {
| #ifndef __INTEL_COMPILER
| #ifdef __cplusplus
|   (void) __INTEL_COMPILER;
| #else
|   (void) __INTEL_COMPILER;
| #endif
| #endif
| 
|   ;
|   return 0;
| }
configure:4402: result: no
configure:4409: checking whether __SUNPRO_C is declared
configure:4409: gcc -std=gnu99 -c -O2 -I/compiler/i486-tsol-linux-gnu/include/c++/4.3.4/i486-tsol-linux-gnu/ -I/compiler/i486-tsol-linux-gnu/include/c++/4.3.4/ conftest.c >&5
conftest.c: In function 'main':
conftest.c:66: error: '__SUNPRO_C' undeclared (first use in this function)
conftest.c:66: error: (Each undeclared identifier is reported only once
conftest.c:66: error: for each function it appears in.)
configure:4409: $? = 1
configure: failed program was:
| /* confdefs.h */
| #define PACKAGE_NAME "xwininfo"
| #define PACKAGE_TARNAME "xwininfo"
| #define PACKAGE_VERSION "1.1.2"
| #define PACKAGE_STRING "xwininfo 1.1.2"
| #define PACKAGE_BUGREPORT "https://bugs.freedesktop.org/enter_bug.cgi?product=xorg"
| #define PACKAGE_URL ""
| #define PACKAGE "xwininfo"
| #define VERSION "1.1.2"
| #define STDC_HEADERS 1
| #define HAVE_SYS_TYPES_H 1
| #define HAVE_SYS_STAT_H 1
| #define HAVE_STDLIB_H 1
| #define HAVE_STRING_H 1
| #define HAVE_MEMORY_H 1
| #define HAVE_STRINGS_H 1
| #define HAVE_INTTYPES_H 1
| #define HAVE_STDINT_H 1
| #define HAVE_UNISTD_H 1
| #define __EXTENSIONS__ 1
| #define _ALL_SOURCE 1
| #define _GNU_SOURCE 1
| #define _POSIX_PTHREAD_SEMANTICS 1
| #define _TANDEM_SOURCE 1
| /* end confdefs.h.  */
| #include <stdio.h>
| #ifdef HAVE_SYS_TYPES_H
| # include <sys/types.h>
| #endif
| #ifdef HAVE_SYS_STAT_H
| # include <sys/stat.h>
| #endif
| #ifdef STDC_HEADERS
| # include <stdlib.h>
| # include <stddef.h>
| #else
| # ifdef HAVE_STDLIB_H
| #  include <stdlib.h>
| # endif
| #endif
| #ifdef HAVE_STRING_H
| # if !defined STDC_HEADERS && defined HAVE_MEMORY_H
| #  include <memory.h>
| # endif
| # include <string.h>
| #endif
| #ifdef HAVE_STRINGS_H
| # include <strings.h>
| #endif
| #ifdef HAVE_INTTYPES_H
| # include <inttypes.h>
| #endif
| #ifdef HAVE_STDINT_H
| # include <stdint.h>
| #endif
| #ifdef HAVE_UNISTD_H
| # include <unistd.h>
| #endif
| int
| main ()
| {
| #ifndef __SUNPRO_C
| #ifdef __cplusplus
|   (void) __SUNPRO_C;
| #else
|   (void) __SUNPRO_C;
| #endif
| #endif
| 
|   ;
|   return 0;
| }
configure:4409: result: no
configure:4466: checking for pkg-config
configure:4484: found /usr/bin/pkg-config
configure:4496: result: /usr/bin/pkg-config
configure:4521: checking pkg-config is at least version 0.9.0
configure:4524: result: yes
configure:4537: checking build system type
configure:4551: result: i686-pc-linux-gnu
configure:4571: checking host system type
configure:4584: result: i686-pc-linux-gnu
configure:4604: checking for a sed that does not truncate output
configure:4668: result: /bin/sed
configure:4710: checking if gcc -std=gnu99 supports -Werror=attributes
configure:4718: gcc -std=gnu99 -c -O2 -pedantic -Werror -Werror=attributes -I/compiler/i486-tsol-linux-gnu/include/c++/4.3.4/i486-tsol-linux-gnu/ -I/compiler/i486-tsol-linux-gnu/include/c++/4.3.4/ conftest.c >&5
conftest.c:26: error: expected identifier or '(' before 'return'
configure:4718: $? = 1
configure: failed program was:
| /* confdefs.h */
| #define PACKAGE_NAME "xwininfo"
| #define PACKAGE_TARNAME "xwininfo"
| #define PACKAGE_VERSION "1.1.2"
| #define PACKAGE_STRING "xwininfo 1.1.2"
| #define PACKAGE_BUGREPORT "https://bugs.freedesktop.org/enter_bug.cgi?product=xorg"
| #define PACKAGE_URL ""
| #define PACKAGE "xwininfo"
| #define VERSION "1.1.2"
| #define STDC_HEADERS 1
| #define HAVE_SYS_TYPES_H 1
| #define HAVE_SYS_STAT_H 1
| #define HAVE_STDLIB_H 1
| #define HAVE_STRING_H 1
| #define HAVE_MEMORY_H 1
| #define HAVE_STRINGS_H 1
| #define HAVE_INTTYPES_H 1
| #define HAVE_STDINT_H 1
| #define HAVE_UNISTD_H 1
| #define __EXTENSIONS__ 1
| #define _ALL_SOURCE 1
| #define _GNU_SOURCE 1
| #define _POSIX_PTHREAD_SEMANTICS 1
| #define _TANDEM_SOURCE 1
| /* end confdefs.h.  */
| return 0;
configure:4723: result: no
configure:4886: checking for strlcat
configure:4886: gcc -std=gnu99 -o conftest -O2 -I/compiler/i486-tsol-linux-gnu/include/c++/4.3.4/i486-tsol-linux-gnu/ -I/compiler/i486-tsol-linux-gnu/include/c++/4.3.4/ -static-libgcc conftest.c  >&5
/tmp/cc8TGMj3.o: In function `main':
conftest.c:(.text+0x12): undefined reference to `strlcat'
configure:4886: $? = 1
configure: failed program was:
| /* confdefs.h */
| #define PACKAGE_NAME "xwininfo"
| #define PACKAGE_TARNAME "xwininfo"
| #define PACKAGE_VERSION "1.1.2"
| #define PACKAGE_STRING "xwininfo 1.1.2"
| #define PACKAGE_BUGREPORT "https://bugs.freedesktop.org/enter_bug.cgi?product=xorg"
| #define PACKAGE_URL ""
| #define PACKAGE "xwininfo"
| #define VERSION "1.1.2"
| #define STDC_HEADERS 1
| #define HAVE_SYS_TYPES_H 1
| #define HAVE_SYS_STAT_H 1
| #define HAVE_STDLIB_H 1
| #define HAVE_STRING_H 1
| #define HAVE_MEMORY_H 1
| #define HAVE_STRINGS_H 1
| #define HAVE_INTTYPES_H 1
| #define HAVE_STDINT_H 1
| #define HAVE_UNISTD_H 1
| #define __EXTENSIONS__ 1
| #define _ALL_SOURCE 1
| #define _GNU_SOURCE 1
| #define _POSIX_PTHREAD_SEMANTICS 1
| #define _TANDEM_SOURCE 1
| #define PACKAGE_VERSION_MAJOR 1
| #define PACKAGE_VERSION_MINOR 1
| #define PACKAGE_VERSION_PATCHLEVEL 2
| /* end confdefs.h.  */
| /* Define strlcat to an innocuous variant, in case <limits.h> declares strlcat.
|    For example, HP-UX 11i <limits.h> declares gettimeofday.  */
| #define strlcat innocuous_strlcat
| 
| /* System header to define __stub macros and hopefully few prototypes,
|     which can conflict with char strlcat (); below.
|     Prefer <limits.h> to <assert.h> if __STDC__ is defined, since
|     <limits.h> exists even on freestanding compilers.  */
| 
| #ifdef __STDC__
| # include <limits.h>
| #else
| # include <assert.h>
| #endif
| 
| #undef strlcat
| 
| /* Override any GCC internal prototype to avoid an error.
|    Use char because int might match the return type of a GCC
|    builtin and then its argument prototype would still apply.  */
| #ifdef __cplusplus
| extern "C"
| #endif
| char strlcat ();
| /* The GNU C library defines this for functions which it implements
|     to always fail with ENOSYS.  Some functions are actually named
|     something starting with __ and the normal name is an alias.  */
| #if defined __stub_strlcat || defined __stub___strlcat
| choke me
| #endif
| 
| int
| main ()
| {
| return strlcat ();
|   ;
|   return 0;
| }
configure:4886: result: no
configure:4896: checking for working strnlen
configure:4934: gcc -std=gnu99 -o conftest -O2 -I/compiler/i486-tsol-linux-gnu/include/c++/4.3.4/i486-tsol-linux-gnu/ -I/compiler/i486-tsol-linux-gnu/include/c++/4.3.4/ -static-libgcc conftest.c  >&5
configure:4934: $? = 0
configure:4934: ./conftest
configure:4934: $? = 0
configure:4944: result: yes
configure:4960: checking for library containing iconv
configure:4991: gcc -std=gnu99 -o conftest -O2 -I/compiler/i486-tsol-linux-gnu/include/c++/4.3.4/i486-tsol-linux-gnu/ -I/compiler/i486-tsol-linux-gnu/include/c++/4.3.4/ -static-libgcc conftest.c  >&5
configure:4991: $? = 0
configure:5008: result: none required
configure:5021: checking whether to use xcb-icccm library
configure:5031: result: no
configure:5043: checking for XWININFO
configure:5050: $PKG_CONFIG --exists --print-errors "xcb >= 1.6 xcb-shape ${xcb_icccm_pc}"
configure:5053: $? = 0
configure:5066: $PKG_CONFIG --exists --print-errors "xcb >= 1.6 xcb-shape ${xcb_icccm_pc}"
configure:5069: $? = 0
configure:5123: result: yes
configure:5132: checking for XLIB
configure:5139: $PKG_CONFIG --exists --print-errors "x11 xproto >= 7.0.17"
configure:5142: $? = 0
configure:5155: $PKG_CONFIG --exists --print-errors "x11 xproto >= 7.0.17"
configure:5158: $? = 0
configure:5212: result: yes
configure:5354: creating ./config.status

## ---------------------- ##
## Running config.status. ##
## ---------------------- ##

This file was extended by xwininfo config.status 1.1.2, which was
generated by GNU Autoconf 2.68.  Invocation command line was

  CONFIG_FILES    = 
  CONFIG_HEADERS  = 
  CONFIG_LINKS    = 
  CONFIG_COMMANDS = 
  $ ./config.status 

on ubuntu4

config.status:914: creating Makefile
config.status:914: creating man/Makefile
config.status:914: creating config.h
config.status:1143: executing depfiles commands

## ---------------- ##
## Cache variables. ##
## ---------------- ##

ac_cv_build=i686-pc-linux-gnu
ac_cv_c_compiler_gnu=yes
ac_cv_env_CC_set=
ac_cv_env_CC_value=
ac_cv_env_CFLAGS_set=set
ac_cv_env_CFLAGS_value=-O2
ac_cv_env_CPPFLAGS_set=set
ac_cv_env_CPPFLAGS_value='-I/compiler/i486-tsol-linux-gnu/include/c++/4.3.4/i486-tsol-linux-gnu/ -I/compiler/i486-tsol-linux-gnu/include/c++/4.3.4/'
ac_cv_env_CPP_set=
ac_cv_env_CPP_value=
ac_cv_env_LDFLAGS_set=set
ac_cv_env_LDFLAGS_value=-static-libgcc
ac_cv_env_LIBS_set=
ac_cv_env_LIBS_value=
ac_cv_env_PKG_CONFIG_set=
ac_cv_env_PKG_CONFIG_value=
ac_cv_env_XLIB_CFLAGS_set=
ac_cv_env_XLIB_CFLAGS_value=
ac_cv_env_XLIB_LIBS_set=
ac_cv_env_XLIB_LIBS_value=
ac_cv_env_XWININFO_CFLAGS_set=
ac_cv_env_XWININFO_CFLAGS_value=
ac_cv_env_XWININFO_LIBS_set=
ac_cv_env_XWININFO_LIBS_value=
ac_cv_env_build_alias_set=
ac_cv_env_build_alias_value=
ac_cv_env_host_alias_set=
ac_cv_env_host_alias_value=
ac_cv_env_target_alias_set=
ac_cv_env_target_alias_value=
ac_cv_func_strlcat=no
ac_cv_func_strnlen_working=yes
ac_cv_have_decl___INTEL_COMPILER=no
ac_cv_have_decl___SUNPRO_C=no
ac_cv_have_decl___clang__=no
ac_cv_header_inttypes_h=yes
ac_cv_header_memory_h=yes
ac_cv_header_minix_config_h=no
ac_cv_header_stdc=yes
ac_cv_header_stdint_h=yes
ac_cv_header_stdlib_h=yes
ac_cv_header_string_h=yes
ac_cv_header_strings_h=yes
ac_cv_header_sys_stat_h=yes
ac_cv_header_sys_types_h=yes
ac_cv_header_unistd_h=yes
ac_cv_host=i686-pc-linux-gnu
ac_cv_objext=o
ac_cv_path_EGREP='/usr/bin/grep -E'
ac_cv_path_GREP=/usr/bin/grep
ac_cv_path_SED=/bin/sed
ac_cv_path_ac_pt_PKG_CONFIG=/usr/bin/pkg-config
ac_cv_path_install='/usr/bin/install -c'
ac_cv_path_mkdir=/bin/mkdir
ac_cv_prog_AWK=gawk
ac_cv_prog_CPP='gcc -E'
ac_cv_prog_ac_ct_CC=gcc
ac_cv_prog_cc_c89=
ac_cv_prog_cc_c99=-std=gnu99
ac_cv_prog_cc_g=yes
ac_cv_prog_make_make_set=yes
ac_cv_safe_to_define___extensions__=yes
ac_cv_search_iconv='none required'
am_cv_CC_dependencies_compiler_type=gcc3
pkg_cv_XLIB_CFLAGS='-I/usr/xorg77/include -I/usr/xorg/include  '
pkg_cv_XLIB_LIBS='-L/usr/xorg77/lib -lX11  '
pkg_cv_XWININFO_CFLAGS='-I/usr/xorg77/include -I/usr/xorg/include  '
pkg_cv_XWININFO_LIBS='-L/usr/xorg/lib -lxcb-shape -lxcb  '

## ----------------- ##
## Output variables. ##
## ----------------- ##

ACLOCAL='aclocal -I/usr/xorg/share/aclocal -I /usr/xorg77//share/aclocal'
ADMIN_MAN_DIR='$(mandir)/man$(ADMIN_MAN_SUFFIX)'
ADMIN_MAN_SUFFIX='8'
AMDEPBACKSLASH='\'
AMDEP_FALSE='#'
AMDEP_TRUE=''
AMTAR='${SHELL} /source/xorg-modular-7.7/app/xwininfo-1.1.2/missing --run tar'
AM_BACKSLASH='\'
AM_DEFAULT_VERBOSITY='0'
APP_MAN_DIR='$(mandir)/man$(APP_MAN_SUFFIX)'
APP_MAN_SUFFIX='1'
AUTOCONF='${SHELL} /source/xorg-modular-7.7/app/xwininfo-1.1.2/missing --run autoconf'
AUTOHEADER='${SHELL} /source/xorg-modular-7.7/app/xwininfo-1.1.2/missing --run autoheader'
AUTOMAKE='${SHELL} /source/xorg-modular-7.7/app/xwininfo-1.1.2/missing --run automake-1.11'
AWK='gawk'
CC='gcc -std=gnu99'
CCDEPMODE='depmode=gcc3'
CFLAGS='-O2'
CHANGELOG_CMD='(GIT_DIR=$(top_srcdir)/.git git log > $(top_srcdir)/.changelog.tmp && mv $(top_srcdir)/.changelog.tmp $(top_srcdir)/ChangeLog) || (rm -f $(top_srcdir)/.changelog.tmp; touch $(top_srcdir)/ChangeLog; echo '\''git directory not found: installing possibly empty changelog.'\'' >&2)'
CPP='gcc -E'
CPPFLAGS='-I/compiler/i486-tsol-linux-gnu/include/c++/4.3.4/i486-tsol-linux-gnu/ -I/compiler/i486-tsol-linux-gnu/include/c++/4.3.4/'
CWARNFLAGS='-Wall -Wpointer-arith -Wstrict-prototypes -Wmissing-prototypes -Wmissing-declarations -Wnested-externs -fno-strict-aliasing -Wbad-function-cast -Wformat=2 -Wold-style-definition -Wdeclaration-after-statement'
CYGPATH_W='echo'
DEFS='-DHAVE_CONFIG_H'
DEPDIR='.deps'
DRIVER_MAN_DIR='$(mandir)/man$(DRIVER_MAN_SUFFIX)'
DRIVER_MAN_SUFFIX='4'
ECHO_C=''
ECHO_N='-n'
ECHO_T=''
EGREP='/usr/bin/grep -E'
EXEEXT=''
FILE_MAN_DIR='$(mandir)/man$(FILE_MAN_SUFFIX)'
FILE_MAN_SUFFIX='5'
GREP='/usr/bin/grep'
INSTALL_CMD='(cp -f /usr/xorg77/share/util-macros/INSTALL $(top_srcdir)/.INSTALL.tmp && mv $(top_srcdir)/.INSTALL.tmp $(top_srcdir)/INSTALL) || (rm -f $(top_srcdir)/.INSTALL.tmp; touch $(top_srcdir)/INSTALL; echo '\''util-macros "pkgdatadir" from xorg-macros.pc not found: installing possibly empty INSTALL.'\'' >&2)'
INSTALL_DATA='${INSTALL} -m 644'
INSTALL_PROGRAM='${INSTALL}'
INSTALL_SCRIPT='${INSTALL}'
INSTALL_STRIP_PROGRAM='$(install_sh) -c -s'
LDFLAGS='-static-libgcc'
LIBOBJS=''
LIBS=''
LIB_MAN_DIR='$(mandir)/man$(LIB_MAN_SUFFIX)'
LIB_MAN_SUFFIX='3'
LTLIBOBJS=''
MAINT='#'
MAINTAINER_MODE_FALSE=''
MAINTAINER_MODE_TRUE='#'
MAKEINFO='${SHELL} /source/xorg-modular-7.7/app/xwininfo-1.1.2/missing --run makeinfo'
MAN_SUBSTS='	-e '\''s|__vendorversion__|"$(PACKAGE_STRING)" "$(XORG_MAN_PAGE)"|'\'' 	-e '\''s|__xorgversion__|"$(PACKAGE_STRING)" "$(XORG_MAN_PAGE)"|'\'' 	-e '\''s|__xservername__|Xorg|g'\'' 	-e '\''s|__xconfigfile__|xorg.conf|g'\'' 	-e '\''s|__projectroot__|$(prefix)|g'\'' 	-e '\''s|__apploaddir__|$(appdefaultdir)|g'\'' 	-e '\''s|__appmansuffix__|$(APP_MAN_SUFFIX)|g'\'' 	-e '\''s|__drivermansuffix__|$(DRIVER_MAN_SUFFIX)|g'\'' 	-e '\''s|__adminmansuffix__|$(ADMIN_MAN_SUFFIX)|g'\'' 	-e '\''s|__libmansuffix__|$(LIB_MAN_SUFFIX)|g'\'' 	-e '\''s|__miscmansuffix__|$(MISC_MAN_SUFFIX)|g'\'' 	-e '\''s|__filemansuffix__|$(FILE_MAN_SUFFIX)|g'\'''
MISC_MAN_DIR='$(mandir)/man$(MISC_MAN_SUFFIX)'
MISC_MAN_SUFFIX='7'
MKDIR_P='/bin/mkdir -p'
OBJEXT='o'
PACKAGE='xwininfo'
PACKAGE_BUGREPORT='https://bugs.freedesktop.org/enter_bug.cgi?product=xorg'
PACKAGE_NAME='xwininfo'
PACKAGE_STRING='xwininfo 1.1.2'
PACKAGE_TARNAME='xwininfo'
PACKAGE_URL=''
PACKAGE_VERSION='1.1.2'
PATH_SEPARATOR=':'
PKG_CONFIG='/usr/bin/pkg-config'
SED='/bin/sed'
SET_MAKE=''
SHELL='/bin/sh'
STRICT_CFLAGS='-pedantic -Werror'
STRIP=''
VERSION='1.1.2'
XLIB_CFLAGS='-I/usr/xorg77/include -I/usr/xorg/include  '
XLIB_LIBS='-L/usr/xorg77/lib -lX11  '
XORG_MAN_PAGE='X Version 11'
XWININFO_CFLAGS='-I/usr/xorg77/include -I/usr/xorg/include   -I/usr/xorg77/include -I/usr/xorg/include  '
XWININFO_LIBS='-L/usr/xorg/lib -lxcb-shape -lxcb  '
ac_ct_CC='gcc'
am__EXEEXT_FALSE=''
am__EXEEXT_TRUE='#'
am__fastdepCC_FALSE='#'
am__fastdepCC_TRUE=''
am__include='include'
am__isrc=''
am__leading_dot='.'
am__quote=''
am__tar='${AMTAR} chof - "$$tardir"'
am__untar='${AMTAR} xf -'
bindir='${exec_prefix}/bin'
build='i686-pc-linux-gnu'
build_alias=''
build_cpu='i686'
build_os='linux-gnu'
build_vendor='pc'
datadir='${datarootdir}'
datarootdir='${prefix}/share'
docdir='${datarootdir}/doc/${PACKAGE_TARNAME}'
dvidir='${docdir}'
exec_prefix='${prefix}'
host='i686-pc-linux-gnu'
host_alias=''
host_cpu='i686'
host_os='linux-gnu'
host_vendor='pc'
htmldir='${docdir}'
includedir='${prefix}/include'
infodir='${datarootdir}/info'
install_sh='${SHELL} /source/xorg-modular-7.7/app/xwininfo-1.1.2/install-sh'
libdir='${exec_prefix}/lib'
libexecdir='${exec_prefix}/libexec'
localedir='${datarootdir}/locale'
localstatedir='${prefix}/var'
mandir='${datarootdir}/man'
mkdir_p='/bin/mkdir -p'
oldincludedir='/usr/include'
pdfdir='${docdir}'
prefix='/usr/xorg77'
program_transform_name='s,x,x,'
psdir='${docdir}'
sbindir='${exec_prefix}/sbin'
sharedstatedir='${prefix}/com'
sysconfdir='${prefix}/etc'
target_alias=''

## ----------- ##
## confdefs.h. ##
## ----------- ##

/* confdefs.h */
#define PACKAGE_NAME "xwininfo"
#define PACKAGE_TARNAME "xwininfo"
#define PACKAGE_VERSION "1.1.2"
#define PACKAGE_STRING "xwininfo 1.1.2"
#define PACKAGE_BUGREPORT "https://bugs.freedesktop.org/enter_bug.cgi?product=xorg"
#define PACKAGE_URL ""
#define PACKAGE "xwininfo"
#define VERSION "1.1.2"
#define STDC_HEADERS 1
#define HAVE_SYS_TYPES_H 1
#define HAVE_SYS_STAT_H 1
#define HAVE_STDLIB_H 1
#define HAVE_STRING_H 1
#define HAVE_MEMORY_H 1
#define HAVE_STRINGS_H 1
#define HAVE_INTTYPES_H 1
#define HAVE_STDINT_H 1
#define HAVE_UNISTD_H 1
#define __EXTENSIONS__ 1
#define _ALL_SOURCE 1
#define _GNU_SOURCE 1
#define _POSIX_PTHREAD_SEMANTICS 1
#define _TANDEM_SOURCE 1
#define PACKAGE_VERSION_MAJOR 1
#define PACKAGE_VERSION_MINOR 1
#define PACKAGE_VERSION_PATCHLEVEL 2
#define HAVE_STRNLEN 1
#define HAVE_ICONV 1

configure: exit 0
