Determining if files sys/modem.h exist failed with the following output:
Change Dir: /source/clients/freerdp-git-11032013-bmiklautz-numpadpatch/CMakeFiles/CMakeTmp

Run Build Command:/usr/bin/make "cmTryCompileExec2401227386/fast"
/usr/bin/make -f CMakeFiles/cmTryCompileExec2401227386.dir/build.make CMakeFiles/cmTryCompileExec2401227386.dir/build
make[1]: Entering directory `/source/clients/freerdp-git-11032013-bmiklautz-numpadpatch/CMakeFiles/CMakeTmp'
/usr/bin/cmake -E cmake_progress_report /source/clients/freerdp-git-11032013-bmiklautz-numpadpatch/CMakeFiles/CMakeTmp/CMakeFiles 1
Building C object CMakeFiles/cmTryCompileExec2401227386.dir/CheckIncludeFiles.c.o
/toolchain/bin/i486-TSOL-linux-gnu-gcc   -Os  -Wall -Wno-unused-result -Wno-unused-but-set-variable -Wno-deprecated-declarations -fvisibility=hidden -O2 -msse2     -o CMakeFiles/cmTryCompileExec2401227386.dir/CheckIncludeFiles.c.o   -c /source/clients/freerdp-git-11032013-bmiklautz-numpadpatch/CMakeFiles/CMakeTmp/CheckIncludeFiles.c
/source/clients/freerdp-git-11032013-bmiklautz-numpadpatch/CMakeFiles/CMakeTmp/CheckIncludeFiles.c:2:23: fatal error: sys/modem.h: No such file or directory
compilation terminated.
make[1]: Leaving directory `/source/clients/freerdp-git-11032013-bmiklautz-numpadpatch/CMakeFiles/CMakeTmp'
make[1]: *** [CMakeFiles/cmTryCompileExec2401227386.dir/CheckIncludeFiles.c.o] Error 1
make: *** [cmTryCompileExec2401227386/fast] Error 2

Source:
/* */
#include <sys/modem.h>


int main(){return 0;}

Determining if files sys/filio.h exist failed with the following output:
Change Dir: /source/clients/freerdp-git-11032013-bmiklautz-numpadpatch/CMakeFiles/CMakeTmp

Run Build Command:/usr/bin/make "cmTryCompileExec1491934397/fast"
/usr/bin/make -f CMakeFiles/cmTryCompileExec1491934397.dir/build.make CMakeFiles/cmTryCompileExec1491934397.dir/build
make[1]: Entering directory `/source/clients/freerdp-git-11032013-bmiklautz-numpadpatch/CMakeFiles/CMakeTmp'
/usr/bin/cmake -E cmake_progress_report /source/clients/freerdp-git-11032013-bmiklautz-numpadpatch/CMakeFiles/CMakeTmp/CMakeFiles 1
Building C object CMakeFiles/cmTryCompileExec1491934397.dir/CheckIncludeFiles.c.o
/toolchain/bin/i486-TSOL-linux-gnu-gcc   -Os  -Wall -Wno-unused-result -Wno-unused-but-set-variable -Wno-deprecated-declarations -fvisibility=hidden -O2 -msse2     -o CMakeFiles/cmTryCompileExec1491934397.dir/CheckIncludeFiles.c.o   -c /source/clients/freerdp-git-11032013-bmiklautz-numpadpatch/CMakeFiles/CMakeTmp/CheckIncludeFiles.c
/source/clients/freerdp-git-11032013-bmiklautz-numpadpatch/CMakeFiles/CMakeTmp/CheckIncludeFiles.c:2:23: fatal error: sys/filio.h: No such file or directory
compilation terminated.
make[1]: Leaving directory `/source/clients/freerdp-git-11032013-bmiklautz-numpadpatch/CMakeFiles/CMakeTmp'
make[1]: *** [CMakeFiles/cmTryCompileExec1491934397.dir/CheckIncludeFiles.c.o] Error 1
make: *** [cmTryCompileExec1491934397/fast] Error 2

Source:
/* */
#include <sys/filio.h>


int main(){return 0;}

Determining if files sys/strtio.h exist failed with the following output:
Change Dir: /source/clients/freerdp-git-11032013-bmiklautz-numpadpatch/CMakeFiles/CMakeTmp

Run Build Command:/usr/bin/make "cmTryCompileExec1483702509/fast"
/usr/bin/make -f CMakeFiles/cmTryCompileExec1483702509.dir/build.make CMakeFiles/cmTryCompileExec1483702509.dir/build
make[1]: Entering directory `/source/clients/freerdp-git-11032013-bmiklautz-numpadpatch/CMakeFiles/CMakeTmp'
/usr/bin/cmake -E cmake_progress_report /source/clients/freerdp-git-11032013-bmiklautz-numpadpatch/CMakeFiles/CMakeTmp/CMakeFiles 1
Building C object CMakeFiles/cmTryCompileExec1483702509.dir/CheckIncludeFiles.c.o
/toolchain/bin/i486-TSOL-linux-gnu-gcc   -Os  -Wall -Wno-unused-result -Wno-unused-but-set-variable -Wno-deprecated-declarations -fvisibility=hidden -O2 -msse2     -o CMakeFiles/cmTryCompileExec1483702509.dir/CheckIncludeFiles.c.o   -c /source/clients/freerdp-git-11032013-bmiklautz-numpadpatch/CMakeFiles/CMakeTmp/CheckIncludeFiles.c
/source/clients/freerdp-git-11032013-bmiklautz-numpadpatch/CMakeFiles/CMakeTmp/CheckIncludeFiles.c:2:24: fatal error: sys/strtio.h: No such file or directory
compilation terminated.
make[1]: Leaving directory `/source/clients/freerdp-git-11032013-bmiklautz-numpadpatch/CMakeFiles/CMakeTmp'
make[1]: *** [CMakeFiles/cmTryCompileExec1483702509.dir/CheckIncludeFiles.c.o] Error 1
make: *** [cmTryCompileExec1483702509/fast] Error 2

Source:
/* */
#include <sys/strtio.h>


int main(){return 0;}

Determining if the pthread_create exist failed with the following output:
Change Dir: /source/clients/freerdp-git-11032013-bmiklautz-numpadpatch/CMakeFiles/CMakeTmp

Run Build Command:/usr/bin/make "cmTryCompileExec1697017655/fast"
/usr/bin/make -f CMakeFiles/cmTryCompileExec1697017655.dir/build.make CMakeFiles/cmTryCompileExec1697017655.dir/build
make[1]: Entering directory `/source/clients/freerdp-git-11032013-bmiklautz-numpadpatch/CMakeFiles/CMakeTmp'
/usr/bin/cmake -E cmake_progress_report /source/clients/freerdp-git-11032013-bmiklautz-numpadpatch/CMakeFiles/CMakeTmp/CMakeFiles 1
Building C object CMakeFiles/cmTryCompileExec1697017655.dir/CheckSymbolExists.c.o
/toolchain/bin/i486-TSOL-linux-gnu-gcc   -Os  -Wall -Wno-unused-result -Wno-unused-but-set-variable -Wno-deprecated-declarations -fvisibility=hidden -O2 -msse2     -o CMakeFiles/cmTryCompileExec1697017655.dir/CheckSymbolExists.c.o   -c /source/clients/freerdp-git-11032013-bmiklautz-numpadpatch/CMakeFiles/CMakeTmp/CheckSymbolExists.c
Linking C executable cmTryCompileExec1697017655
/usr/bin/cmake -E cmake_link_script CMakeFiles/cmTryCompileExec1697017655.dir/link.txt --verbose=1
/toolchain/bin/i486-TSOL-linux-gnu-gcc   -Os  -Wall -Wno-unused-result -Wno-unused-but-set-variable -Wno-deprecated-declarations -fvisibility=hidden -O2 -msse2     -static-libgcc CMakeFiles/cmTryCompileExec1697017655.dir/CheckSymbolExists.c.o  -o cmTryCompileExec1697017655 -rdynamic 
CMakeFiles/cmTryCompileExec1697017655.dir/CheckSymbolExists.c.o: In function `main':
CheckSymbolExists.c:(.text.startup+0x7): undefined reference to `pthread_create'
collect2: ld returned 1 exit status
make[1]: Leaving directory `/source/clients/freerdp-git-11032013-bmiklautz-numpadpatch/CMakeFiles/CMakeTmp'
make[1]: *** [cmTryCompileExec1697017655] Error 1
make: *** [cmTryCompileExec1697017655/fast] Error 2

File /source/clients/freerdp-git-11032013-bmiklautz-numpadpatch/CMakeFiles/CMakeTmp/CheckSymbolExists.c:
/* */
#include <pthread.h>

int main(int argc, char** argv)
{
  (void)argv;
#ifndef pthread_create
  return ((int*)(&pthread_create))[argc];
#else
  (void)argc;
  return 0;
#endif
}

Determining if the function pthread_create exists in the pthreads failed with the following output:
Change Dir: /source/clients/freerdp-git-11032013-bmiklautz-numpadpatch/CMakeFiles/CMakeTmp

Run Build Command:/usr/bin/make "cmTryCompileExec3641048533/fast"
/usr/bin/make -f CMakeFiles/cmTryCompileExec3641048533.dir/build.make CMakeFiles/cmTryCompileExec3641048533.dir/build
make[1]: Entering directory `/source/clients/freerdp-git-11032013-bmiklautz-numpadpatch/CMakeFiles/CMakeTmp'
/usr/bin/cmake -E cmake_progress_report /source/clients/freerdp-git-11032013-bmiklautz-numpadpatch/CMakeFiles/CMakeTmp/CMakeFiles 1
Building C object CMakeFiles/cmTryCompileExec3641048533.dir/CheckFunctionExists.c.o
/toolchain/bin/i486-TSOL-linux-gnu-gcc   -Os  -Wall -Wno-unused-result -Wno-unused-but-set-variable -Wno-deprecated-declarations -fvisibility=hidden -O2 -msse2  -DCHECK_FUNCTION_EXISTS=pthread_create   -o CMakeFiles/cmTryCompileExec3641048533.dir/CheckFunctionExists.c.o   -c /usr/share/cmake-2.8/Modules/CheckFunctionExists.c
Linking C executable cmTryCompileExec3641048533
/usr/bin/cmake -E cmake_link_script CMakeFiles/cmTryCompileExec3641048533.dir/link.txt --verbose=1
/toolchain/bin/i486-TSOL-linux-gnu-gcc   -Os  -Wall -Wno-unused-result -Wno-unused-but-set-variable -Wno-deprecated-declarations -fvisibility=hidden -O2 -msse2  -DCHECK_FUNCTION_EXISTS=pthread_create   -static-libgcc CMakeFiles/cmTryCompileExec3641048533.dir/CheckFunctionExists.c.o  -o cmTryCompileExec3641048533 -rdynamic -lpthreads 
/toolchain/lib/gcc/i486-TSOL-linux-gnu/4.6.3/../../../../i486-TSOL-linux-gnu/bin/ld: cannot find -lpthreads
collect2: ld returned 1 exit status
make[1]: Leaving directory `/source/clients/freerdp-git-11032013-bmiklautz-numpadpatch/CMakeFiles/CMakeTmp'
make[1]: *** [cmTryCompileExec3641048533] Error 1
make: *** [cmTryCompileExec3641048533/fast] Error 2


