The system is: Linux - 3.2.16-030216-generic - i686
Compiling the C compiler identification source file "CMakeCCompilerId.c" succeeded.
Compiler: /toolchain/bin/i486-TSOL-linux-gnu-gcc 
Build flags: -Os
Id flags: 

The output was:
0


Compilation of the C compiler identification source "CMakeCCompilerId.c" produced "a.out"

The C compiler identification is GNU, found in "/source/clients/freerdp-git-11032013-bmiklautz-numpadpatch/CMakeFiles/2.8.10.2/CompilerIdC/a.out"

Determining if the C compiler works passed with the following output:
Change Dir: /source/clients/freerdp-git-11032013-bmiklautz-numpadpatch/CMakeFiles/CMakeTmp

Run Build Command:/usr/bin/make "cmTryCompileExec3208551530/fast"
/usr/bin/make -f CMakeFiles/cmTryCompileExec3208551530.dir/build.make CMakeFiles/cmTryCompileExec3208551530.dir/build
make[1]: Entering directory `/source/clients/freerdp-git-11032013-bmiklautz-numpadpatch/CMakeFiles/CMakeTmp'
/usr/bin/cmake -E cmake_progress_report /source/clients/freerdp-git-11032013-bmiklautz-numpadpatch/CMakeFiles/CMakeTmp/CMakeFiles 1
Building C object CMakeFiles/cmTryCompileExec3208551530.dir/testCCompiler.c.o
/toolchain/bin/i486-TSOL-linux-gnu-gcc   -Os      -o CMakeFiles/cmTryCompileExec3208551530.dir/testCCompiler.c.o   -c /source/clients/freerdp-git-11032013-bmiklautz-numpadpatch/CMakeFiles/CMakeTmp/testCCompiler.c
Linking C executable cmTryCompileExec3208551530
/usr/bin/cmake -E cmake_link_script CMakeFiles/cmTryCompileExec3208551530.dir/link.txt --verbose=1
/toolchain/bin/i486-TSOL-linux-gnu-gcc   -Os      -static-libgcc CMakeFiles/cmTryCompileExec3208551530.dir/testCCompiler.c.o  -o cmTryCompileExec3208551530 -rdynamic 
make[1]: Leaving directory `/source/clients/freerdp-git-11032013-bmiklautz-numpadpatch/CMakeFiles/CMakeTmp'


Detecting C compiler ABI info compiled with the following output:
Change Dir: /source/clients/freerdp-git-11032013-bmiklautz-numpadpatch/CMakeFiles/CMakeTmp

Run Build Command:/usr/bin/make "cmTryCompileExec3351333436/fast"
/usr/bin/make -f CMakeFiles/cmTryCompileExec3351333436.dir/build.make CMakeFiles/cmTryCompileExec3351333436.dir/build
make[1]: Entering directory `/source/clients/freerdp-git-11032013-bmiklautz-numpadpatch/CMakeFiles/CMakeTmp'
/usr/bin/cmake -E cmake_progress_report /source/clients/freerdp-git-11032013-bmiklautz-numpadpatch/CMakeFiles/CMakeTmp/CMakeFiles 1
Building C object CMakeFiles/cmTryCompileExec3351333436.dir/CMakeCCompilerABI.c.o
/toolchain/bin/i486-TSOL-linux-gnu-gcc   -Os      -o CMakeFiles/cmTryCompileExec3351333436.dir/CMakeCCompilerABI.c.o   -c /usr/share/cmake-2.8/Modules/CMakeCCompilerABI.c
Linking C executable cmTryCompileExec3351333436
/usr/bin/cmake -E cmake_link_script CMakeFiles/cmTryCompileExec3351333436.dir/link.txt --verbose=1
/toolchain/bin/i486-TSOL-linux-gnu-gcc   -Os     -v CMakeFiles/cmTryCompileExec3351333436.dir/CMakeCCompilerABI.c.o  -o cmTryCompileExec3351333436 -rdynamic  
Using built-in specs.
COLLECT_GCC=/toolchain/bin/i486-TSOL-linux-gnu-gcc
COLLECT_LTO_WRAPPER=/toolchain/libexec/gcc/i486-TSOL-linux-gnu/4.6.3/lto-wrapper
Target: i486-TSOL-linux-gnu
Configured with: /TSOL/crosstool-ng-1.15.2/bin/.build/src/gcc-4.6.3/configure --build=i686-build_pc-linux-gnu --host=i686-build_pc-linux-gnu --target=i486-TSOL-linux-gnu --prefix=/toolchain --with-sysroot=/toolchain/i486-TSOL-linux-gnu/sysroot --enable-languages=c,c++ --with-arch=i486 --with-pkgversion='crosstool-NG 1.15.2' --enable-__cxa_atexit --disable-libmudflap --disable-libgomp --disable-libssp --with-gmp=/TSOL/crosstool-ng-1.15.2/bin/.build/i486-TSOL-linux-gnu/buildtools --with-mpfr=/TSOL/crosstool-ng-1.15.2/bin/.build/i486-TSOL-linux-gnu/buildtools --with-mpc=/TSOL/crosstool-ng-1.15.2/bin/.build/i486-TSOL-linux-gnu/buildtools --with-ppl=/TSOL/crosstool-ng-1.15.2/bin/.build/i486-TSOL-linux-gnu/buildtools --with-cloog=/TSOL/crosstool-ng-1.15.2/bin/.build/i486-TSOL-linux-gnu/buildtools --with-libelf=no --with-host-libstdcxx='-static-libgcc -Wl,-Bstatic,-lstdc++,-Bdynamic -lm -L/TSOL/crosstool-ng-1.15.2/bin/.build/i486-TSOL-linux-gnu/buildtools/lib -lpwl' --enable-threads=posix --enable-target-optspace --disable-multilib --with-local-prefix=/toolchain/i486-TSOL-linux-gnu/sysroot --enable-c99 --enable-long-long
Thread model: posix
gcc version 4.6.3 (crosstool-NG 1.15.2) 
COMPILER_PATH=/toolchain/libexec/gcc/i486-TSOL-linux-gnu/4.6.3/:/toolchain/libexec/gcc/i486-TSOL-linux-gnu/4.6.3/:/toolchain/libexec/gcc/i486-TSOL-linux-gnu/:/toolchain/lib/gcc/i486-TSOL-linux-gnu/4.6.3/:/toolchain/lib/gcc/i486-TSOL-linux-gnu/:/toolchain/lib/gcc/i486-TSOL-linux-gnu/4.6.3/../../../../i486-TSOL-linux-gnu/bin/
LIBRARY_PATH=/toolchain/lib/gcc/i486-TSOL-linux-gnu/4.6.3/:/toolchain/lib/gcc/i486-TSOL-linux-gnu/4.6.3/../../../../i486-TSOL-linux-gnu/lib/:/toolchain/i486-TSOL-linux-gnu/sysroot/lib/:/toolchain/i486-TSOL-linux-gnu/sysroot/usr/lib/
COLLECT_GCC_OPTIONS='-Os' '-v' '-o' 'cmTryCompileExec3351333436' '-rdynamic' '-mtune=i486' '-march=i486'
 /toolchain/libexec/gcc/i486-TSOL-linux-gnu/4.6.3/collect2 --sysroot=/toolchain/i486-TSOL-linux-gnu/sysroot --eh-frame-hdr -m elf_i386 -export-dynamic -dynamic-linker /lib/ld-linux.so.2 -o cmTryCompileExec3351333436 /toolchain/i486-TSOL-linux-gnu/sysroot/usr/lib/crt1.o /toolchain/i486-TSOL-linux-gnu/sysroot/usr/lib/crti.o /toolchain/lib/gcc/i486-TSOL-linux-gnu/4.6.3/crtbegin.o -L/toolchain/lib/gcc/i486-TSOL-linux-gnu/4.6.3 -L/toolchain/lib/gcc/i486-TSOL-linux-gnu/4.6.3/../../../../i486-TSOL-linux-gnu/lib -L/toolchain/i486-TSOL-linux-gnu/sysroot/lib -L/toolchain/i486-TSOL-linux-gnu/sysroot/usr/lib CMakeFiles/cmTryCompileExec3351333436.dir/CMakeCCompilerABI.c.o -lgcc --as-needed -lgcc_s --no-as-needed -lc -lgcc --as-needed -lgcc_s --no-as-needed /toolchain/lib/gcc/i486-TSOL-linux-gnu/4.6.3/crtend.o /toolchain/i486-TSOL-linux-gnu/sysroot/usr/lib/crtn.o
make[1]: Leaving directory `/source/clients/freerdp-git-11032013-bmiklautz-numpadpatch/CMakeFiles/CMakeTmp'


Parsed C implicit link information from above output:
  link line regex: [^( *|.*[/\])(ld|ld|collect2)[^/\]*( |$)]
  ignore line: [Change Dir: /source/clients/freerdp-git-11032013-bmiklautz-numpadpatch/CMakeFiles/CMakeTmp]
  ignore line: []
  ignore line: [Run Build Command:/usr/bin/make "cmTryCompileExec3351333436/fast"]
  ignore line: [/usr/bin/make -f CMakeFiles/cmTryCompileExec3351333436.dir/build.make CMakeFiles/cmTryCompileExec3351333436.dir/build]
  ignore line: [make[1]: Entering directory `/source/clients/freerdp-git-11032013-bmiklautz-numpadpatch/CMakeFiles/CMakeTmp']
  ignore line: [/usr/bin/cmake -E cmake_progress_report /source/clients/freerdp-git-11032013-bmiklautz-numpadpatch/CMakeFiles/CMakeTmp/CMakeFiles 1]
  ignore line: [Building C object CMakeFiles/cmTryCompileExec3351333436.dir/CMakeCCompilerABI.c.o]
  ignore line: [/toolchain/bin/i486-TSOL-linux-gnu-gcc   -Os      -o CMakeFiles/cmTryCompileExec3351333436.dir/CMakeCCompilerABI.c.o   -c /usr/share/cmake-2.8/Modules/CMakeCCompilerABI.c]
  ignore line: [Linking C executable cmTryCompileExec3351333436]
  ignore line: [/usr/bin/cmake -E cmake_link_script CMakeFiles/cmTryCompileExec3351333436.dir/link.txt --verbose=1]
  ignore line: [/toolchain/bin/i486-TSOL-linux-gnu-gcc   -Os     -v CMakeFiles/cmTryCompileExec3351333436.dir/CMakeCCompilerABI.c.o  -o cmTryCompileExec3351333436 -rdynamic  ]
  ignore line: [Using built-in specs.]
  ignore line: [COLLECT_GCC=/toolchain/bin/i486-TSOL-linux-gnu-gcc]
  ignore line: [COLLECT_LTO_WRAPPER=/toolchain/libexec/gcc/i486-TSOL-linux-gnu/4.6.3/lto-wrapper]
  ignore line: [Target: i486-TSOL-linux-gnu]
  ignore line: [Configured with: /TSOL/crosstool-ng-1.15.2/bin/.build/src/gcc-4.6.3/configure --build=i686-build_pc-linux-gnu --host=i686-build_pc-linux-gnu --target=i486-TSOL-linux-gnu --prefix=/toolchain --with-sysroot=/toolchain/i486-TSOL-linux-gnu/sysroot --enable-languages=c,c++ --with-arch=i486 --with-pkgversion='crosstool-NG 1.15.2' --enable-__cxa_atexit --disable-libmudflap --disable-libgomp --disable-libssp --with-gmp=/TSOL/crosstool-ng-1.15.2/bin/.build/i486-TSOL-linux-gnu/buildtools --with-mpfr=/TSOL/crosstool-ng-1.15.2/bin/.build/i486-TSOL-linux-gnu/buildtools --with-mpc=/TSOL/crosstool-ng-1.15.2/bin/.build/i486-TSOL-linux-gnu/buildtools --with-ppl=/TSOL/crosstool-ng-1.15.2/bin/.build/i486-TSOL-linux-gnu/buildtools --with-cloog=/TSOL/crosstool-ng-1.15.2/bin/.build/i486-TSOL-linux-gnu/buildtools --with-libelf=no --with-host-libstdcxx='-static-libgcc -Wl,-Bstatic,-lstdc++,-Bdynamic -lm -L/TSOL/crosstool-ng-1.15.2/bin/.build/i486-TSOL-linux-gnu/buildtools/lib -lpwl' --enable-threads=posix --enable-target-optspace --disable-multilib --with-local-prefix=/toolchain/i486-TSOL-linux-gnu/sysroot --enable-c99 --enable-long-long]
  ignore line: [Thread model: posix]
  ignore line: [gcc version 4.6.3 (crosstool-NG 1.15.2) ]
  ignore line: [COMPILER_PATH=/toolchain/libexec/gcc/i486-TSOL-linux-gnu/4.6.3/:/toolchain/libexec/gcc/i486-TSOL-linux-gnu/4.6.3/:/toolchain/libexec/gcc/i486-TSOL-linux-gnu/:/toolchain/lib/gcc/i486-TSOL-linux-gnu/4.6.3/:/toolchain/lib/gcc/i486-TSOL-linux-gnu/:/toolchain/lib/gcc/i486-TSOL-linux-gnu/4.6.3/../../../../i486-TSOL-linux-gnu/bin/]
  ignore line: [LIBRARY_PATH=/toolchain/lib/gcc/i486-TSOL-linux-gnu/4.6.3/:/toolchain/lib/gcc/i486-TSOL-linux-gnu/4.6.3/../../../../i486-TSOL-linux-gnu/lib/:/toolchain/i486-TSOL-linux-gnu/sysroot/lib/:/toolchain/i486-TSOL-linux-gnu/sysroot/usr/lib/]
  ignore line: [COLLECT_GCC_OPTIONS='-Os' '-v' '-o' 'cmTryCompileExec3351333436' '-rdynamic' '-mtune=i486' '-march=i486']
  link line: [ /toolchain/libexec/gcc/i486-TSOL-linux-gnu/4.6.3/collect2 --sysroot=/toolchain/i486-TSOL-linux-gnu/sysroot --eh-frame-hdr -m elf_i386 -export-dynamic -dynamic-linker /lib/ld-linux.so.2 -o cmTryCompileExec3351333436 /toolchain/i486-TSOL-linux-gnu/sysroot/usr/lib/crt1.o /toolchain/i486-TSOL-linux-gnu/sysroot/usr/lib/crti.o /toolchain/lib/gcc/i486-TSOL-linux-gnu/4.6.3/crtbegin.o -L/toolchain/lib/gcc/i486-TSOL-linux-gnu/4.6.3 -L/toolchain/lib/gcc/i486-TSOL-linux-gnu/4.6.3/../../../../i486-TSOL-linux-gnu/lib -L/toolchain/i486-TSOL-linux-gnu/sysroot/lib -L/toolchain/i486-TSOL-linux-gnu/sysroot/usr/lib CMakeFiles/cmTryCompileExec3351333436.dir/CMakeCCompilerABI.c.o -lgcc --as-needed -lgcc_s --no-as-needed -lc -lgcc --as-needed -lgcc_s --no-as-needed /toolchain/lib/gcc/i486-TSOL-linux-gnu/4.6.3/crtend.o /toolchain/i486-TSOL-linux-gnu/sysroot/usr/lib/crtn.o]
    arg [/toolchain/libexec/gcc/i486-TSOL-linux-gnu/4.6.3/collect2] ==> ignore
    arg [--sysroot=/toolchain/i486-TSOL-linux-gnu/sysroot] ==> ignore
    arg [--eh-frame-hdr] ==> ignore
    arg [-m] ==> ignore
    arg [elf_i386] ==> ignore
    arg [-export-dynamic] ==> ignore
    arg [-dynamic-linker] ==> ignore
    arg [/lib/ld-linux.so.2] ==> ignore
    arg [-o] ==> ignore
    arg [cmTryCompileExec3351333436] ==> ignore
    arg [/toolchain/i486-TSOL-linux-gnu/sysroot/usr/lib/crt1.o] ==> ignore
    arg [/toolchain/i486-TSOL-linux-gnu/sysroot/usr/lib/crti.o] ==> ignore
    arg [/toolchain/lib/gcc/i486-TSOL-linux-gnu/4.6.3/crtbegin.o] ==> ignore
    arg [-L/toolchain/lib/gcc/i486-TSOL-linux-gnu/4.6.3] ==> dir [/toolchain/lib/gcc/i486-TSOL-linux-gnu/4.6.3]
    arg [-L/toolchain/lib/gcc/i486-TSOL-linux-gnu/4.6.3/../../../../i486-TSOL-linux-gnu/lib] ==> dir [/toolchain/lib/gcc/i486-TSOL-linux-gnu/4.6.3/../../../../i486-TSOL-linux-gnu/lib]
    arg [-L/toolchain/i486-TSOL-linux-gnu/sysroot/lib] ==> dir [/toolchain/i486-TSOL-linux-gnu/sysroot/lib]
    arg [-L/toolchain/i486-TSOL-linux-gnu/sysroot/usr/lib] ==> dir [/toolchain/i486-TSOL-linux-gnu/sysroot/usr/lib]
    arg [CMakeFiles/cmTryCompileExec3351333436.dir/CMakeCCompilerABI.c.o] ==> ignore
    arg [-lgcc] ==> lib [gcc]
    arg [--as-needed] ==> ignore
    arg [-lgcc_s] ==> lib [gcc_s]
    arg [--no-as-needed] ==> ignore
    arg [-lc] ==> lib [c]
    arg [-lgcc] ==> lib [gcc]
    arg [--as-needed] ==> ignore
    arg [-lgcc_s] ==> lib [gcc_s]
    arg [--no-as-needed] ==> ignore
    arg [/toolchain/lib/gcc/i486-TSOL-linux-gnu/4.6.3/crtend.o] ==> ignore
    arg [/toolchain/i486-TSOL-linux-gnu/sysroot/usr/lib/crtn.o] ==> ignore
  remove lib [gcc]
  remove lib [gcc_s]
  remove lib [gcc]
  remove lib [gcc_s]
  collapse dir [/toolchain/lib/gcc/i486-TSOL-linux-gnu/4.6.3] ==> [/toolchain/lib/gcc/i486-TSOL-linux-gnu/4.6.3]
  collapse dir [/toolchain/lib/gcc/i486-TSOL-linux-gnu/4.6.3/../../../../i486-TSOL-linux-gnu/lib] ==> [/toolchain/i486-TSOL-linux-gnu/lib]
  collapse dir [/toolchain/i486-TSOL-linux-gnu/sysroot/lib] ==> [/toolchain/i486-TSOL-linux-gnu/sysroot/lib]
  collapse dir [/toolchain/i486-TSOL-linux-gnu/sysroot/usr/lib] ==> [/toolchain/i486-TSOL-linux-gnu/sysroot/usr/lib]
  implicit libs: [c]
  implicit dirs: [/toolchain/lib/gcc/i486-TSOL-linux-gnu/4.6.3;/toolchain/i486-TSOL-linux-gnu/lib;/toolchain/i486-TSOL-linux-gnu/sysroot/lib;/toolchain/i486-TSOL-linux-gnu/sysroot/usr/lib]


The target system is: Linux - 3.2.16-030216-generic - i686
The host system is: Linux - 3.2.16-030216-generic - i686
Performing C SOURCE FILE Test Wno-unused-result succeded with the following output:
Change Dir: /source/clients/freerdp-git-11032013-bmiklautz-numpadpatch/CMakeFiles/CMakeTmp

Run Build Command:/usr/bin/make "cmTryCompileExec2920125001/fast"
/usr/bin/make -f CMakeFiles/cmTryCompileExec2920125001.dir/build.make CMakeFiles/cmTryCompileExec2920125001.dir/build
make[1]: Entering directory `/source/clients/freerdp-git-11032013-bmiklautz-numpadpatch/CMakeFiles/CMakeTmp'
/usr/bin/cmake -E cmake_progress_report /source/clients/freerdp-git-11032013-bmiklautz-numpadpatch/CMakeFiles/CMakeTmp/CMakeFiles 1
Building C object CMakeFiles/cmTryCompileExec2920125001.dir/src.c.o
/toolchain/bin/i486-TSOL-linux-gnu-gcc   -Os  -Wall  -DWno-unused-result   -Wno-unused-result -o CMakeFiles/cmTryCompileExec2920125001.dir/src.c.o   -c /source/clients/freerdp-git-11032013-bmiklautz-numpadpatch/CMakeFiles/CMakeTmp/src.c
<command-line>:0:4: warning: missing whitespace after the macro name [enabled by default]
Linking C executable cmTryCompileExec2920125001
/usr/bin/cmake -E cmake_link_script CMakeFiles/cmTryCompileExec2920125001.dir/link.txt --verbose=1
/toolchain/bin/i486-TSOL-linux-gnu-gcc   -Os  -Wall  -DWno-unused-result   -static-libgcc CMakeFiles/cmTryCompileExec2920125001.dir/src.c.o  -o cmTryCompileExec2920125001 -rdynamic 
make[1]: Leaving directory `/source/clients/freerdp-git-11032013-bmiklautz-numpadpatch/CMakeFiles/CMakeTmp'

Source file was:
int main(void) { return 0; }
Performing C SOURCE FILE Test Wno-unused-but-set-variable succeded with the following output:
Change Dir: /source/clients/freerdp-git-11032013-bmiklautz-numpadpatch/CMakeFiles/CMakeTmp

Run Build Command:/usr/bin/make "cmTryCompileExec1903420881/fast"
/usr/bin/make -f CMakeFiles/cmTryCompileExec1903420881.dir/build.make CMakeFiles/cmTryCompileExec1903420881.dir/build
make[1]: Entering directory `/source/clients/freerdp-git-11032013-bmiklautz-numpadpatch/CMakeFiles/CMakeTmp'
/usr/bin/cmake -E cmake_progress_report /source/clients/freerdp-git-11032013-bmiklautz-numpadpatch/CMakeFiles/CMakeTmp/CMakeFiles 1
Building C object CMakeFiles/cmTryCompileExec1903420881.dir/src.c.o
/toolchain/bin/i486-TSOL-linux-gnu-gcc   -Os  -Wall -Wno-unused-result  -DWno-unused-but-set-variable   -Wno-unused-but-set-variable -o CMakeFiles/cmTryCompileExec1903420881.dir/src.c.o   -c /source/clients/freerdp-git-11032013-bmiklautz-numpadpatch/CMakeFiles/CMakeTmp/src.c
<command-line>:0:4: warning: missing whitespace after the macro name [enabled by default]
Linking C executable cmTryCompileExec1903420881
/usr/bin/cmake -E cmake_link_script CMakeFiles/cmTryCompileExec1903420881.dir/link.txt --verbose=1
/toolchain/bin/i486-TSOL-linux-gnu-gcc   -Os  -Wall -Wno-unused-result  -DWno-unused-but-set-variable   -static-libgcc CMakeFiles/cmTryCompileExec1903420881.dir/src.c.o  -o cmTryCompileExec1903420881 -rdynamic 
make[1]: Leaving directory `/source/clients/freerdp-git-11032013-bmiklautz-numpadpatch/CMakeFiles/CMakeTmp'

Source file was:
int main(void) { return 0; }
Performing C SOURCE FILE Test Wno-deprecated-declarations succeded with the following output:
Change Dir: /source/clients/freerdp-git-11032013-bmiklautz-numpadpatch/CMakeFiles/CMakeTmp

Run Build Command:/usr/bin/make "cmTryCompileExec4248319483/fast"
/usr/bin/make -f CMakeFiles/cmTryCompileExec4248319483.dir/build.make CMakeFiles/cmTryCompileExec4248319483.dir/build
make[1]: Entering directory `/source/clients/freerdp-git-11032013-bmiklautz-numpadpatch/CMakeFiles/CMakeTmp'
/usr/bin/cmake -E cmake_progress_report /source/clients/freerdp-git-11032013-bmiklautz-numpadpatch/CMakeFiles/CMakeTmp/CMakeFiles 1
Building C object CMakeFiles/cmTryCompileExec4248319483.dir/src.c.o
/toolchain/bin/i486-TSOL-linux-gnu-gcc   -Os  -Wall -Wno-unused-result -Wno-unused-but-set-variable  -DWno-deprecated-declarations   -Wno-deprecated-declarations -o CMakeFiles/cmTryCompileExec4248319483.dir/src.c.o   -c /source/clients/freerdp-git-11032013-bmiklautz-numpadpatch/CMakeFiles/CMakeTmp/src.c
<command-line>:0:4: warning: missing whitespace after the macro name [enabled by default]
Linking C executable cmTryCompileExec4248319483
/usr/bin/cmake -E cmake_link_script CMakeFiles/cmTryCompileExec4248319483.dir/link.txt --verbose=1
/toolchain/bin/i486-TSOL-linux-gnu-gcc   -Os  -Wall -Wno-unused-result -Wno-unused-but-set-variable  -DWno-deprecated-declarations   -static-libgcc CMakeFiles/cmTryCompileExec4248319483.dir/src.c.o  -o cmTryCompileExec4248319483 -rdynamic 
make[1]: Leaving directory `/source/clients/freerdp-git-11032013-bmiklautz-numpadpatch/CMakeFiles/CMakeTmp'

Source file was:
int main(void) { return 0; }
Determining if files fcntl.h exist passed with the following output:
Change Dir: /source/clients/freerdp-git-11032013-bmiklautz-numpadpatch/CMakeFiles/CMakeTmp

Run Build Command:/usr/bin/make "cmTryCompileExec3077585841/fast"
/usr/bin/make -f CMakeFiles/cmTryCompileExec3077585841.dir/build.make CMakeFiles/cmTryCompileExec3077585841.dir/build
make[1]: Entering directory `/source/clients/freerdp-git-11032013-bmiklautz-numpadpatch/CMakeFiles/CMakeTmp'
/usr/bin/cmake -E cmake_progress_report /source/clients/freerdp-git-11032013-bmiklautz-numpadpatch/CMakeFiles/CMakeTmp/CMakeFiles 1
Building C object CMakeFiles/cmTryCompileExec3077585841.dir/CheckIncludeFiles.c.o
/toolchain/bin/i486-TSOL-linux-gnu-gcc   -Os  -Wall -Wno-unused-result -Wno-unused-but-set-variable -Wno-deprecated-declarations -fvisibility=hidden -O2 -msse2     -o CMakeFiles/cmTryCompileExec3077585841.dir/CheckIncludeFiles.c.o   -c /source/clients/freerdp-git-11032013-bmiklautz-numpadpatch/CMakeFiles/CMakeTmp/CheckIncludeFiles.c
Linking C executable cmTryCompileExec3077585841
/usr/bin/cmake -E cmake_link_script CMakeFiles/cmTryCompileExec3077585841.dir/link.txt --verbose=1
/toolchain/bin/i486-TSOL-linux-gnu-gcc   -Os  -Wall -Wno-unused-result -Wno-unused-but-set-variable -Wno-deprecated-declarations -fvisibility=hidden -O2 -msse2     -static-libgcc CMakeFiles/cmTryCompileExec3077585841.dir/CheckIncludeFiles.c.o  -o cmTryCompileExec3077585841 -rdynamic 
make[1]: Leaving directory `/source/clients/freerdp-git-11032013-bmiklautz-numpadpatch/CMakeFiles/CMakeTmp'


Determining if files unistd.h exist passed with the following output:
Change Dir: /source/clients/freerdp-git-11032013-bmiklautz-numpadpatch/CMakeFiles/CMakeTmp

Run Build Command:/usr/bin/make "cmTryCompileExec2874069076/fast"
/usr/bin/make -f CMakeFiles/cmTryCompileExec2874069076.dir/build.make CMakeFiles/cmTryCompileExec2874069076.dir/build
make[1]: Entering directory `/source/clients/freerdp-git-11032013-bmiklautz-numpadpatch/CMakeFiles/CMakeTmp'
/usr/bin/cmake -E cmake_progress_report /source/clients/freerdp-git-11032013-bmiklautz-numpadpatch/CMakeFiles/CMakeTmp/CMakeFiles 1
Building C object CMakeFiles/cmTryCompileExec2874069076.dir/CheckIncludeFiles.c.o
/toolchain/bin/i486-TSOL-linux-gnu-gcc   -Os  -Wall -Wno-unused-result -Wno-unused-but-set-variable -Wno-deprecated-declarations -fvisibility=hidden -O2 -msse2     -o CMakeFiles/cmTryCompileExec2874069076.dir/CheckIncludeFiles.c.o   -c /source/clients/freerdp-git-11032013-bmiklautz-numpadpatch/CMakeFiles/CMakeTmp/CheckIncludeFiles.c
Linking C executable cmTryCompileExec2874069076
/usr/bin/cmake -E cmake_link_script CMakeFiles/cmTryCompileExec2874069076.dir/link.txt --verbose=1
/toolchain/bin/i486-TSOL-linux-gnu-gcc   -Os  -Wall -Wno-unused-result -Wno-unused-but-set-variable -Wno-deprecated-declarations -fvisibility=hidden -O2 -msse2     -static-libgcc CMakeFiles/cmTryCompileExec2874069076.dir/CheckIncludeFiles.c.o  -o cmTryCompileExec2874069076 -rdynamic 
make[1]: Leaving directory `/source/clients/freerdp-git-11032013-bmiklautz-numpadpatch/CMakeFiles/CMakeTmp'


Determining if files stdint.h exist passed with the following output:
Change Dir: /source/clients/freerdp-git-11032013-bmiklautz-numpadpatch/CMakeFiles/CMakeTmp

Run Build Command:/usr/bin/make "cmTryCompileExec624376366/fast"
/usr/bin/make -f CMakeFiles/cmTryCompileExec624376366.dir/build.make CMakeFiles/cmTryCompileExec624376366.dir/build
make[1]: Entering directory `/source/clients/freerdp-git-11032013-bmiklautz-numpadpatch/CMakeFiles/CMakeTmp'
/usr/bin/cmake -E cmake_progress_report /source/clients/freerdp-git-11032013-bmiklautz-numpadpatch/CMakeFiles/CMakeTmp/CMakeFiles 1
Building C object CMakeFiles/cmTryCompileExec624376366.dir/CheckIncludeFiles.c.o
/toolchain/bin/i486-TSOL-linux-gnu-gcc   -Os  -Wall -Wno-unused-result -Wno-unused-but-set-variable -Wno-deprecated-declarations -fvisibility=hidden -O2 -msse2     -o CMakeFiles/cmTryCompileExec624376366.dir/CheckIncludeFiles.c.o   -c /source/clients/freerdp-git-11032013-bmiklautz-numpadpatch/CMakeFiles/CMakeTmp/CheckIncludeFiles.c
Linking C executable cmTryCompileExec624376366
/usr/bin/cmake -E cmake_link_script CMakeFiles/cmTryCompileExec624376366.dir/link.txt --verbose=1
/toolchain/bin/i486-TSOL-linux-gnu-gcc   -Os  -Wall -Wno-unused-result -Wno-unused-but-set-variable -Wno-deprecated-declarations -fvisibility=hidden -O2 -msse2     -static-libgcc CMakeFiles/cmTryCompileExec624376366.dir/CheckIncludeFiles.c.o  -o cmTryCompileExec624376366 -rdynamic 
make[1]: Leaving directory `/source/clients/freerdp-git-11032013-bmiklautz-numpadpatch/CMakeFiles/CMakeTmp'


Determining if files inttypes.h exist passed with the following output:
Change Dir: /source/clients/freerdp-git-11032013-bmiklautz-numpadpatch/CMakeFiles/CMakeTmp

Run Build Command:/usr/bin/make "cmTryCompileExec3021131753/fast"
/usr/bin/make -f CMakeFiles/cmTryCompileExec3021131753.dir/build.make CMakeFiles/cmTryCompileExec3021131753.dir/build
make[1]: Entering directory `/source/clients/freerdp-git-11032013-bmiklautz-numpadpatch/CMakeFiles/CMakeTmp'
/usr/bin/cmake -E cmake_progress_report /source/clients/freerdp-git-11032013-bmiklautz-numpadpatch/CMakeFiles/CMakeTmp/CMakeFiles 1
Building C object CMakeFiles/cmTryCompileExec3021131753.dir/CheckIncludeFiles.c.o
/toolchain/bin/i486-TSOL-linux-gnu-gcc   -Os  -Wall -Wno-unused-result -Wno-unused-but-set-variable -Wno-deprecated-declarations -fvisibility=hidden -O2 -msse2     -o CMakeFiles/cmTryCompileExec3021131753.dir/CheckIncludeFiles.c.o   -c /source/clients/freerdp-git-11032013-bmiklautz-numpadpatch/CMakeFiles/CMakeTmp/CheckIncludeFiles.c
Linking C executable cmTryCompileExec3021131753
/usr/bin/cmake -E cmake_link_script CMakeFiles/cmTryCompileExec3021131753.dir/link.txt --verbose=1
/toolchain/bin/i486-TSOL-linux-gnu-gcc   -Os  -Wall -Wno-unused-result -Wno-unused-but-set-variable -Wno-deprecated-declarations -fvisibility=hidden -O2 -msse2     -static-libgcc CMakeFiles/cmTryCompileExec3021131753.dir/CheckIncludeFiles.c.o  -o cmTryCompileExec3021131753 -rdynamic 
make[1]: Leaving directory `/source/clients/freerdp-git-11032013-bmiklautz-numpadpatch/CMakeFiles/CMakeTmp'


Performing C SOURCE FILE Test HAVE_TM_GMTOFF succeded with the following output:
Change Dir: /source/clients/freerdp-git-11032013-bmiklautz-numpadpatch/CMakeFiles/CMakeTmp

Run Build Command:/usr/bin/make "cmTryCompileExec1950238070/fast"
/usr/bin/make -f CMakeFiles/cmTryCompileExec1950238070.dir/build.make CMakeFiles/cmTryCompileExec1950238070.dir/build
make[1]: Entering directory `/source/clients/freerdp-git-11032013-bmiklautz-numpadpatch/CMakeFiles/CMakeTmp'
/usr/bin/cmake -E cmake_progress_report /source/clients/freerdp-git-11032013-bmiklautz-numpadpatch/CMakeFiles/CMakeTmp/CMakeFiles 1
Building C object CMakeFiles/cmTryCompileExec1950238070.dir/src.c.o
/toolchain/bin/i486-TSOL-linux-gnu-gcc   -Os  -Wall -Wno-unused-result -Wno-unused-but-set-variable -Wno-deprecated-declarations -fvisibility=hidden -O2 -msse2  -DHAVE_TM_GMTOFF   -o CMakeFiles/cmTryCompileExec1950238070.dir/src.c.o   -c /source/clients/freerdp-git-11032013-bmiklautz-numpadpatch/CMakeFiles/CMakeTmp/src.c
/source/clients/freerdp-git-11032013-bmiklautz-numpadpatch/CMakeFiles/CMakeTmp/src.c: In function ‘main’:
/source/clients/freerdp-git-11032013-bmiklautz-numpadpatch/CMakeFiles/CMakeTmp/src.c:7:4: warning: statement with no effect [-Wunused-value]
Linking C executable cmTryCompileExec1950238070
/usr/bin/cmake -E cmake_link_script CMakeFiles/cmTryCompileExec1950238070.dir/link.txt --verbose=1
/toolchain/bin/i486-TSOL-linux-gnu-gcc   -Os  -Wall -Wno-unused-result -Wno-unused-but-set-variable -Wno-deprecated-declarations -fvisibility=hidden -O2 -msse2  -DHAVE_TM_GMTOFF   -static-libgcc CMakeFiles/cmTryCompileExec1950238070.dir/src.c.o  -o cmTryCompileExec1950238070 -rdynamic 
make[1]: Leaving directory `/source/clients/freerdp-git-11032013-bmiklautz-numpadpatch/CMakeFiles/CMakeTmp'

Source file was:

#include <time.h>

int main()
{
   struct tm* tmp;
   tmp->tm_gmtoff;
  return 0;
}

The target system is: Linux - 3.2.16-030216-generic - i686
The host system is: Linux - 3.2.16-030216-generic - i686
The target system is: Linux - 3.2.16-030216-generic - i686
The host system is: Linux - 3.2.16-030216-generic - i686
Determining if files pthread.h exist passed with the following output:
Change Dir: /source/clients/freerdp-git-11032013-bmiklautz-numpadpatch/CMakeFiles/CMakeTmp

Run Build Command:/usr/bin/make "cmTryCompileExec3203453009/fast"
/usr/bin/make -f CMakeFiles/cmTryCompileExec3203453009.dir/build.make CMakeFiles/cmTryCompileExec3203453009.dir/build
make[1]: Entering directory `/source/clients/freerdp-git-11032013-bmiklautz-numpadpatch/CMakeFiles/CMakeTmp'
/usr/bin/cmake -E cmake_progress_report /source/clients/freerdp-git-11032013-bmiklautz-numpadpatch/CMakeFiles/CMakeTmp/CMakeFiles 1
Building C object CMakeFiles/cmTryCompileExec3203453009.dir/CheckIncludeFiles.c.o
/toolchain/bin/i486-TSOL-linux-gnu-gcc   -Os  -Wall -Wno-unused-result -Wno-unused-but-set-variable -Wno-deprecated-declarations -fvisibility=hidden -O2 -msse2     -o CMakeFiles/cmTryCompileExec3203453009.dir/CheckIncludeFiles.c.o   -c /source/clients/freerdp-git-11032013-bmiklautz-numpadpatch/CMakeFiles/CMakeTmp/CheckIncludeFiles.c
Linking C executable cmTryCompileExec3203453009
/usr/bin/cmake -E cmake_link_script CMakeFiles/cmTryCompileExec3203453009.dir/link.txt --verbose=1
/toolchain/bin/i486-TSOL-linux-gnu-gcc   -Os  -Wall -Wno-unused-result -Wno-unused-but-set-variable -Wno-deprecated-declarations -fvisibility=hidden -O2 -msse2     -static-libgcc CMakeFiles/cmTryCompileExec3203453009.dir/CheckIncludeFiles.c.o  -o cmTryCompileExec3203453009 -rdynamic 
make[1]: Leaving directory `/source/clients/freerdp-git-11032013-bmiklautz-numpadpatch/CMakeFiles/CMakeTmp'


Determining if the function pthread_create exists in the pthread passed with the following output:
Change Dir: /source/clients/freerdp-git-11032013-bmiklautz-numpadpatch/CMakeFiles/CMakeTmp

Run Build Command:/usr/bin/make "cmTryCompileExec3353794589/fast"
/usr/bin/make -f CMakeFiles/cmTryCompileExec3353794589.dir/build.make CMakeFiles/cmTryCompileExec3353794589.dir/build
make[1]: Entering directory `/source/clients/freerdp-git-11032013-bmiklautz-numpadpatch/CMakeFiles/CMakeTmp'
/usr/bin/cmake -E cmake_progress_report /source/clients/freerdp-git-11032013-bmiklautz-numpadpatch/CMakeFiles/CMakeTmp/CMakeFiles 1
Building C object CMakeFiles/cmTryCompileExec3353794589.dir/CheckFunctionExists.c.o
/toolchain/bin/i486-TSOL-linux-gnu-gcc   -Os  -Wall -Wno-unused-result -Wno-unused-but-set-variable -Wno-deprecated-declarations -fvisibility=hidden -O2 -msse2  -DCHECK_FUNCTION_EXISTS=pthread_create   -o CMakeFiles/cmTryCompileExec3353794589.dir/CheckFunctionExists.c.o   -c /usr/share/cmake-2.8/Modules/CheckFunctionExists.c
Linking C executable cmTryCompileExec3353794589
/usr/bin/cmake -E cmake_link_script CMakeFiles/cmTryCompileExec3353794589.dir/link.txt --verbose=1
/toolchain/bin/i486-TSOL-linux-gnu-gcc   -Os  -Wall -Wno-unused-result -Wno-unused-but-set-variable -Wno-deprecated-declarations -fvisibility=hidden -O2 -msse2  -DCHECK_FUNCTION_EXISTS=pthread_create   -static-libgcc CMakeFiles/cmTryCompileExec3353794589.dir/CheckFunctionExists.c.o  -o cmTryCompileExec3353794589 -rdynamic -lpthread 
make[1]: Leaving directory `/source/clients/freerdp-git-11032013-bmiklautz-numpadpatch/CMakeFiles/CMakeTmp'


The target system is: Linux - 3.2.16-030216-generic - i686
The host system is: Linux - 3.2.16-030216-generic - i686
The target system is: Linux - 3.2.16-030216-generic - i686
The host system is: Linux - 3.2.16-030216-generic - i686
The target system is: Linux - 3.2.16-030216-generic - i686
The host system is: Linux - 3.2.16-030216-generic - i686
