This file contains any messages produced by compilers while
running configure, to aid debugging if configure makes a mistake.

It was created by configure, which was
generated by GNU Autoconf 2.68.  Invocation command line was

  $ ./configure --prefix=/usr

## --------- ##
## Platform. ##
## --------- ##

hostname = ubuntu4
uname -m = i686
uname -r = 3.2.16-030216-generic
uname -s = Linux
uname -v = #201204221935 SMP Sun Apr 22 23:42:49 UTC 2012

/usr/bin/uname -p = unknown
/bin/uname -X     = unknown

/bin/arch              = unknown
/usr/bin/arch -k       = unknown
/usr/convex/getsysinfo = unknown
/usr/bin/hostinfo      = unknown
/bin/machine           = unknown
/usr/bin/oslevel       = unknown
/bin/universe          = unknown

PATH: /source/docbook-xsl-1.76.1/tools/bin
PATH: /bin
PATH: /sbin
PATH: /usr/bin
PATH: /usr/sbin
PATH: /usr/bin/X11
PATH: /usr/local/bin
PATH: /toolchain/bin
PATH: /toolchain/i486-TSOL-linux-gnu/bin/
PATH: #/toolchain/libexec/gcc/i486-TSOL-linux-gnu/4.6.3
PATH: /root/.local/bin
PATH: /usr/xorg/bin


## ----------- ##
## Core tests. ##
## ----------- ##

configure:3116: checking build system type
configure:3130: result: i686-pc-linux-gnu
configure:3150: checking host system type
configure:3163: result: i686-pc-linux-gnu
configure:3183: checking target system type
configure:3196: result: i686-pc-linux-gnu
configure:3239: checking for a BSD-compatible install
configure:3307: result: /bin/install -c
configure:3318: checking whether build environment is sane
configure:3368: result: yes
configure:3509: checking for a thread-safe mkdir -p
configure:3548: result: /bin/mkdir -p
configure:3561: checking for gawk
configure:3577: found /usr/bin/gawk
configure:3588: result: gawk
configure:3599: checking whether make sets $(MAKE)
configure:3621: result: yes
configure:3753: checking for pkg-config
configure:3771: found /usr/bin/pkg-config
configure:3783: result: /usr/bin/pkg-config
configure:3808: checking pkg-config is at least version 0.9.0
configure:3811: result: yes
configure:3825: checking whether to enable maintainer-specific portions of Makefiles
configure:3834: result: no
configure:3942: checking for gcc
configure:3969: result: i486-TSOL-linux-gnu-gcc
configure:4198: checking for C compiler version
configure:4207: i486-TSOL-linux-gnu-gcc --version >&5
i486-TSOL-linux-gnu-gcc (crosstool-NG 1.15.2) 4.6.3
Copyright (C) 2011 Free Software Foundation, Inc.
This is free software; see the source for copying conditions.  There is NO
warranty; not even for MERCHANTABILITY or FITNESS FOR A PARTICULAR PURPOSE.

configure:4218: $? = 0
configure:4207: i486-TSOL-linux-gnu-gcc -v >&5
Using built-in specs.
COLLECT_GCC=i486-TSOL-linux-gnu-gcc
COLLECT_LTO_WRAPPER=/toolchain/libexec/gcc/i486-TSOL-linux-gnu/4.6.3/lto-wrapper
Target: i486-TSOL-linux-gnu
Configured with: /TSOL/crosstool-ng-1.15.2/bin/.build/src/gcc-4.6.3/configure --build=i686-build_pc-linux-gnu --host=i686-build_pc-linux-gnu --target=i486-TSOL-linux-gnu --prefix=/toolchain --with-sysroot=/toolchain/i486-TSOL-linux-gnu/sysroot --enable-languages=c,c++ --with-arch=i486 --with-pkgversion='crosstool-NG 1.15.2' --enable-__cxa_atexit --disable-libmudflap --disable-libgomp --disable-libssp --with-gmp=/TSOL/crosstool-ng-1.15.2/bin/.build/i486-TSOL-linux-gnu/buildtools --with-mpfr=/TSOL/crosstool-ng-1.15.2/bin/.build/i486-TSOL-linux-gnu/buildtools --with-mpc=/TSOL/crosstool-ng-1.15.2/bin/.build/i486-TSOL-linux-gnu/buildtools --with-ppl=/TSOL/crosstool-ng-1.15.2/bin/.build/i486-TSOL-linux-gnu/buildtools --with-cloog=/TSOL/crosstool-ng-1.15.2/bin/.build/i486-TSOL-linux-gnu/buildtools --with-libelf=no --with-host-libstdcxx='-static-libgcc -Wl,-Bstatic,-lstdc++,-Bdynamic -lm -L/TSOL/crosstool-ng-1.15.2/bin/.build/i486-TSOL-linux-gnu/buildtools/lib -lpwl' --enable-threads=posix --enable-target-optspace --disable-multilib --with-local-prefix=/toolchain/i486-TSOL-linux-gnu/sysroot --enable-c99 --enable-long-long
Thread model: posix
gcc version 4.6.3 (crosstool-NG 1.15.2) 
configure:4218: $? = 0
configure:4207: i486-TSOL-linux-gnu-gcc -V >&5
i486-TSOL-linux-gnu-gcc: error: unrecognized option '-V'
i486-TSOL-linux-gnu-gcc: fatal error: no input files
compilation terminated.
configure:4218: $? = 1
configure:4207: i486-TSOL-linux-gnu-gcc -qversion >&5
i486-TSOL-linux-gnu-gcc: error: unrecognized option '-qversion'
i486-TSOL-linux-gnu-gcc: fatal error: no input files
compilation terminated.
configure:4218: $? = 1
configure:4238: checking whether the C compiler works
configure:4260: i486-TSOL-linux-gnu-gcc   -I/usr/xorg/include  -L/usr/xorg/lib conftest.c  >&5
configure:4264: $? = 0
configure:4312: result: yes
configure:4315: checking for C compiler default output file name
configure:4317: result: a.out
configure:4323: checking for suffix of executables
configure:4330: i486-TSOL-linux-gnu-gcc -o conftest   -I/usr/xorg/include  -L/usr/xorg/lib conftest.c  >&5
configure:4334: $? = 0
configure:4356: result: 
configure:4378: checking whether we are cross compiling
configure:4386: i486-TSOL-linux-gnu-gcc -o conftest   -I/usr/xorg/include  -L/usr/xorg/lib conftest.c  >&5
configure:4390: $? = 0
configure:4397: ./conftest
configure:4401: $? = 0
configure:4416: result: no
configure:4421: checking for suffix of object files
configure:4443: i486-TSOL-linux-gnu-gcc -c   -I/usr/xorg/include conftest.c >&5
configure:4447: $? = 0
configure:4468: result: o
configure:4472: checking whether we are using the GNU C compiler
configure:4491: i486-TSOL-linux-gnu-gcc -c   -I/usr/xorg/include conftest.c >&5
configure:4491: $? = 0
configure:4500: result: yes
configure:4509: checking whether i486-TSOL-linux-gnu-gcc accepts -g
configure:4529: i486-TSOL-linux-gnu-gcc -c -g  -I/usr/xorg/include conftest.c >&5
configure:4529: $? = 0
configure:4570: result: yes
configure:4587: checking for i486-TSOL-linux-gnu-gcc option to accept ISO C89
configure:4651: i486-TSOL-linux-gnu-gcc  -c -g -O2  -I/usr/xorg/include conftest.c >&5
configure:4651: $? = 0
configure:4664: result: none needed
configure:4695: checking for style of include used by make
configure:4723: result: GNU
configure:4748: checking dependency style of i486-TSOL-linux-gnu-gcc
configure:4858: result: gcc3
configure:4985: checking for C++ compiler version
configure:4994: i486-TSOL-linux-gnu-g++ --version >&5
i486-TSOL-linux-gnu-g++ (crosstool-NG 1.15.2) 4.6.3
Copyright (C) 2011 Free Software Foundation, Inc.
This is free software; see the source for copying conditions.  There is NO
warranty; not even for MERCHANTABILITY or FITNESS FOR A PARTICULAR PURPOSE.

configure:5005: $? = 0
configure:4994: i486-TSOL-linux-gnu-g++ -v >&5
Using built-in specs.
COLLECT_GCC=i486-TSOL-linux-gnu-g++
COLLECT_LTO_WRAPPER=/toolchain/libexec/gcc/i486-TSOL-linux-gnu/4.6.3/lto-wrapper
Target: i486-TSOL-linux-gnu
Configured with: /TSOL/crosstool-ng-1.15.2/bin/.build/src/gcc-4.6.3/configure --build=i686-build_pc-linux-gnu --host=i686-build_pc-linux-gnu --target=i486-TSOL-linux-gnu --prefix=/toolchain --with-sysroot=/toolchain/i486-TSOL-linux-gnu/sysroot --enable-languages=c,c++ --with-arch=i486 --with-pkgversion='crosstool-NG 1.15.2' --enable-__cxa_atexit --disable-libmudflap --disable-libgomp --disable-libssp --with-gmp=/TSOL/crosstool-ng-1.15.2/bin/.build/i486-TSOL-linux-gnu/buildtools --with-mpfr=/TSOL/crosstool-ng-1.15.2/bin/.build/i486-TSOL-linux-gnu/buildtools --with-mpc=/TSOL/crosstool-ng-1.15.2/bin/.build/i486-TSOL-linux-gnu/buildtools --with-ppl=/TSOL/crosstool-ng-1.15.2/bin/.build/i486-TSOL-linux-gnu/buildtools --with-cloog=/TSOL/crosstool-ng-1.15.2/bin/.build/i486-TSOL-linux-gnu/buildtools --with-libelf=no --with-host-libstdcxx='-static-libgcc -Wl,-Bstatic,-lstdc++,-Bdynamic -lm -L/TSOL/crosstool-ng-1.15.2/bin/.build/i486-TSOL-linux-gnu/buildtools/lib -lpwl' --enable-threads=posix --enable-target-optspace --disable-multilib --with-local-prefix=/toolchain/i486-TSOL-linux-gnu/sysroot --enable-c99 --enable-long-long
Thread model: posix
gcc version 4.6.3 (crosstool-NG 1.15.2) 
configure:5005: $? = 0
configure:4994: i486-TSOL-linux-gnu-g++ -V >&5
i486-TSOL-linux-gnu-g++: error: unrecognized option '-V'
i486-TSOL-linux-gnu-g++: fatal error: no input files
compilation terminated.
configure:5005: $? = 1
configure:4994: i486-TSOL-linux-gnu-g++ -qversion >&5
i486-TSOL-linux-gnu-g++: error: unrecognized option '-qversion'
i486-TSOL-linux-gnu-g++: fatal error: no input files
compilation terminated.
configure:5005: $? = 1
configure:5009: checking whether we are using the GNU C++ compiler
configure:5028: i486-TSOL-linux-gnu-g++ -c   -I/usr/xorg/include conftest.cpp >&5
configure:5028: $? = 0
configure:5037: result: yes
configure:5046: checking whether i486-TSOL-linux-gnu-g++ accepts -g
configure:5066: i486-TSOL-linux-gnu-g++ -c -g  -I/usr/xorg/include conftest.cpp >&5
configure:5066: $? = 0
configure:5107: result: yes
configure:5132: checking dependency style of i486-TSOL-linux-gnu-g++
configure:5242: result: gcc3
configure:5258: checking whether i486-TSOL-linux-gnu-gcc and cc understand -c and -o together
configure:5289: i486-TSOL-linux-gnu-gcc -c conftest.c -o conftest2.o >&5
configure:5293: $? = 0
configure:5299: i486-TSOL-linux-gnu-gcc -c conftest.c -o conftest2.o >&5
configure:5303: $? = 0
configure:5314: cc -c conftest.c >&5
configure:5318: $? = 0
configure:5326: cc -c conftest.c -o conftest2.o >&5
configure:5330: $? = 0
configure:5336: cc -c conftest.c -o conftest2.o >&5
configure:5340: $? = 0
configure:5358: result: yes
configure:5495: checking for C++ compiler version
configure:5504: i486-TSOL-linux-gnu-g++ --version >&5
i486-TSOL-linux-gnu-g++ (crosstool-NG 1.15.2) 4.6.3
Copyright (C) 2011 Free Software Foundation, Inc.
This is free software; see the source for copying conditions.  There is NO
warranty; not even for MERCHANTABILITY or FITNESS FOR A PARTICULAR PURPOSE.

configure:5515: $? = 0
configure:5504: i486-TSOL-linux-gnu-g++ -v >&5
Using built-in specs.
COLLECT_GCC=i486-TSOL-linux-gnu-g++
COLLECT_LTO_WRAPPER=/toolchain/libexec/gcc/i486-TSOL-linux-gnu/4.6.3/lto-wrapper
Target: i486-TSOL-linux-gnu
Configured with: /TSOL/crosstool-ng-1.15.2/bin/.build/src/gcc-4.6.3/configure --build=i686-build_pc-linux-gnu --host=i686-build_pc-linux-gnu --target=i486-TSOL-linux-gnu --prefix=/toolchain --with-sysroot=/toolchain/i486-TSOL-linux-gnu/sysroot --enable-languages=c,c++ --with-arch=i486 --with-pkgversion='crosstool-NG 1.15.2' --enable-__cxa_atexit --disable-libmudflap --disable-libgomp --disable-libssp --with-gmp=/TSOL/crosstool-ng-1.15.2/bin/.build/i486-TSOL-linux-gnu/buildtools --with-mpfr=/TSOL/crosstool-ng-1.15.2/bin/.build/i486-TSOL-linux-gnu/buildtools --with-mpc=/TSOL/crosstool-ng-1.15.2/bin/.build/i486-TSOL-linux-gnu/buildtools --with-ppl=/TSOL/crosstool-ng-1.15.2/bin/.build/i486-TSOL-linux-gnu/buildtools --with-cloog=/TSOL/crosstool-ng-1.15.2/bin/.build/i486-TSOL-linux-gnu/buildtools --with-libelf=no --with-host-libstdcxx='-static-libgcc -Wl,-Bstatic,-lstdc++,-Bdynamic -lm -L/TSOL/crosstool-ng-1.15.2/bin/.build/i486-TSOL-linux-gnu/buildtools/lib -lpwl' --enable-threads=posix --enable-target-optspace --disable-multilib --with-local-prefix=/toolchain/i486-TSOL-linux-gnu/sysroot --enable-c99 --enable-long-long
Thread model: posix
gcc version 4.6.3 (crosstool-NG 1.15.2) 
configure:5515: $? = 0
configure:5504: i486-TSOL-linux-gnu-g++ -V >&5
i486-TSOL-linux-gnu-g++: error: unrecognized option '-V'
i486-TSOL-linux-gnu-g++: fatal error: no input files
compilation terminated.
configure:5515: $? = 1
configure:5504: i486-TSOL-linux-gnu-g++ -qversion >&5
i486-TSOL-linux-gnu-g++: error: unrecognized option '-qversion'
i486-TSOL-linux-gnu-g++: fatal error: no input files
compilation terminated.
configure:5515: $? = 1
configure:5519: checking whether we are using the GNU C++ compiler
configure:5547: result: yes
configure:5556: checking whether i486-TSOL-linux-gnu-g++ accepts -g
configure:5617: result: yes
configure:5642: checking dependency style of i486-TSOL-linux-gnu-g++
configure:5752: result: gcc3
configure:5776: checking dependency style of i486-TSOL-linux-gnu-gcc
configure:5884: result: gcc3
configure:5945: checking how to print strings
configure:5972: result: printf
configure:5993: checking for a sed that does not truncate output
configure:6057: result: /usr/bin/sed
configure:6075: checking for grep that handles long lines and -e
configure:6133: result: /usr/bin/grep
configure:6138: checking for egrep
configure:6200: result: /usr/bin/grep -E
configure:6205: checking for fgrep
configure:6267: result: /usr/bin/grep -F
configure:6302: checking for ld used by i486-TSOL-linux-gnu-gcc
configure:6369: result: i486-TSOL-linux-gnu-ld
configure:6376: checking if the linker (i486-TSOL-linux-gnu-ld) is GNU ld
configure:6391: result: yes
configure:6403: checking for BSD- or MS-compatible name lister (nm)
configure:6452: result: /toolchain/i486-TSOL-linux-gnu/bin//nm -B
configure:6582: checking the name lister (/toolchain/i486-TSOL-linux-gnu/bin//nm -B) interface
configure:6589: i486-TSOL-linux-gnu-gcc -c -g -O2  -I/usr/xorg/include conftest.c >&5
configure:6592: /toolchain/i486-TSOL-linux-gnu/bin//nm -B "conftest.o"
configure:6595: output
00000000 B some_variable
configure:6602: result: BSD nm
configure:6605: checking whether ln -s works
configure:6609: result: yes
configure:6617: checking the maximum length of command line arguments
configure:6742: result: 1572864
configure:6759: checking whether the shell understands some XSI constructs
configure:6769: result: yes
configure:6773: checking whether the shell understands "+="
configure:6779: result: yes
configure:6814: checking for i486-TSOL-linux-gnu-ld option to reload object files
configure:6821: result: -r
configure:6890: checking for objdump
configure:6906: found /toolchain/i486-TSOL-linux-gnu/bin//objdump
configure:6917: result: objdump
configure:6949: checking how to recognize dependent libraries
configure:7151: result: pass_all
configure:7211: checking for ar
configure:7227: found /toolchain/i486-TSOL-linux-gnu/bin//ar
configure:7238: result: ar
configure:7316: checking for strip
configure:7332: found /toolchain/i486-TSOL-linux-gnu/bin//strip
configure:7343: result: strip
configure:7415: checking for ranlib
configure:7431: found /toolchain/i486-TSOL-linux-gnu/bin//ranlib
configure:7442: result: ranlib
configure:7544: checking command to parse /toolchain/i486-TSOL-linux-gnu/bin//nm -B output from i486-TSOL-linux-gnu-gcc object
configure:7662: i486-TSOL-linux-gnu-gcc -c -g -O2  -I/usr/xorg/include conftest.c >&5
configure:7665: $? = 0
configure:7669: /toolchain/i486-TSOL-linux-gnu/bin//nm -B conftest.o \| sed -n -e 's/^.*[ ]\([ABCDGIRSTW][ABCDGIRSTW]*\)[ ][ ]*\([_A-Za-z][_A-Za-z0-9]*\)$/\1 \2 \2/p' \> conftest.nm
configure:7672: $? = 0
configure:7726: i486-TSOL-linux-gnu-gcc -o conftest -g -O2  -I/usr/xorg/include  -L/usr/xorg/lib conftest.c conftstm.o >&5
configure:7729: $? = 0
configure:7767: result: ok
configure:8608: checking how to run the C preprocessor
configure:8639: i486-TSOL-linux-gnu-gcc -E  -I/usr/xorg/include conftest.c
configure:8639: $? = 0
configure:8653: i486-TSOL-linux-gnu-gcc -E  -I/usr/xorg/include conftest.c
conftest.c:10:28: fatal error: ac_nonexistent.h: No such file or directory
compilation terminated.
configure:8653: $? = 1
configure: failed program was:
| /* confdefs.h */
| #define PACKAGE_NAME ""
| #define PACKAGE_TARNAME ""
| #define PACKAGE_VERSION ""
| #define PACKAGE_STRING ""
| #define PACKAGE_BUGREPORT ""
| #define PACKAGE_URL ""
| #define DIRECTFB_VERSION "1.6.0"
| /* end confdefs.h.  */
| #include <ac_nonexistent.h>
configure:8678: result: i486-TSOL-linux-gnu-gcc -E
configure:8698: i486-TSOL-linux-gnu-gcc -E  -I/usr/xorg/include conftest.c
configure:8698: $? = 0
configure:8712: i486-TSOL-linux-gnu-gcc -E  -I/usr/xorg/include conftest.c
conftest.c:10:28: fatal error: ac_nonexistent.h: No such file or directory
compilation terminated.
configure:8712: $? = 1
configure: failed program was:
| /* confdefs.h */
| #define PACKAGE_NAME ""
| #define PACKAGE_TARNAME ""
| #define PACKAGE_VERSION ""
| #define PACKAGE_STRING ""
| #define PACKAGE_BUGREPORT ""
| #define PACKAGE_URL ""
| #define DIRECTFB_VERSION "1.6.0"
| /* end confdefs.h.  */
| #include <ac_nonexistent.h>
configure:8741: checking for ANSI C header files
configure:8761: i486-TSOL-linux-gnu-gcc -c -g -O2  -I/usr/xorg/include conftest.c >&5
configure:8761: $? = 0
configure:8834: i486-TSOL-linux-gnu-gcc -o conftest -g -O2  -I/usr/xorg/include  -L/usr/xorg/lib conftest.c  >&5
configure:8834: $? = 0
configure:8834: ./conftest
configure:8834: $? = 0
configure:8845: result: yes
configure:8858: checking for sys/types.h
configure:8858: i486-TSOL-linux-gnu-gcc -c -g -O2  -I/usr/xorg/include conftest.c >&5
configure:8858: $? = 0
configure:8858: result: yes
configure:8858: checking for sys/stat.h
configure:8858: i486-TSOL-linux-gnu-gcc -c -g -O2  -I/usr/xorg/include conftest.c >&5
configure:8858: $? = 0
configure:8858: result: yes
configure:8858: checking for stdlib.h
configure:8858: i486-TSOL-linux-gnu-gcc -c -g -O2  -I/usr/xorg/include conftest.c >&5
configure:8858: $? = 0
configure:8858: result: yes
configure:8858: checking for string.h
configure:8858: i486-TSOL-linux-gnu-gcc -c -g -O2  -I/usr/xorg/include conftest.c >&5
configure:8858: $? = 0
configure:8858: result: yes
configure:8858: checking for memory.h
configure:8858: i486-TSOL-linux-gnu-gcc -c -g -O2  -I/usr/xorg/include conftest.c >&5
configure:8858: $? = 0
configure:8858: result: yes
configure:8858: checking for strings.h
configure:8858: i486-TSOL-linux-gnu-gcc -c -g -O2  -I/usr/xorg/include conftest.c >&5
configure:8858: $? = 0
configure:8858: result: yes
configure:8858: checking for inttypes.h
configure:8858: i486-TSOL-linux-gnu-gcc -c -g -O2  -I/usr/xorg/include conftest.c >&5
configure:8858: $? = 0
configure:8858: result: yes
configure:8858: checking for stdint.h
configure:8858: i486-TSOL-linux-gnu-gcc -c -g -O2  -I/usr/xorg/include conftest.c >&5
configure:8858: $? = 0
configure:8858: result: yes
configure:8858: checking for unistd.h
configure:8858: i486-TSOL-linux-gnu-gcc -c -g -O2  -I/usr/xorg/include conftest.c >&5
configure:8858: $? = 0
configure:8858: result: yes
configure:8872: checking for dlfcn.h
configure:8872: i486-TSOL-linux-gnu-gcc -c -g -O2  -I/usr/xorg/include conftest.c >&5
configure:8872: $? = 0
configure:8872: result: yes
configure:9030: checking for objdir
configure:9045: result: .libs
configure:9316: checking if i486-TSOL-linux-gnu-gcc supports -fno-rtti -fno-exceptions
configure:9334: i486-TSOL-linux-gnu-gcc -c -g -O2  -I/usr/xorg/include -fno-rtti -fno-exceptions conftest.c >&5
cc1: warning: command line option '-fno-rtti' is valid for C++/ObjC++ but not for C [enabled by default]
configure:9338: $? = 0
configure:9351: result: no
configure:9371: checking for i486-TSOL-linux-gnu-gcc option to produce PIC
configure:9656: result: -fPIC -DPIC
configure:9668: checking if i486-TSOL-linux-gnu-gcc PIC flag -fPIC -DPIC works
configure:9686: i486-TSOL-linux-gnu-gcc -c -g -O2  -I/usr/xorg/include -fPIC -DPIC -DPIC conftest.c >&5
configure:9690: $? = 0
configure:9703: result: yes
configure:9727: checking if i486-TSOL-linux-gnu-gcc static flag -static works
configure:9755: result: yes
configure:9770: checking if i486-TSOL-linux-gnu-gcc supports -c -o file.o
configure:9791: i486-TSOL-linux-gnu-gcc -c -g -O2  -I/usr/xorg/include -o out/conftest2.o conftest.c >&5
configure:9795: $? = 0
configure:9817: result: yes
configure:9825: checking if i486-TSOL-linux-gnu-gcc supports -c -o file.o
configure:9872: result: yes
configure:9905: checking whether the i486-TSOL-linux-gnu-gcc linker (i486-TSOL-linux-gnu-ld) supports shared libraries
configure:10980: result: yes
configure:11017: checking whether -lc should be explicitly linked in
configure:11025: i486-TSOL-linux-gnu-gcc -c -g -O2  -I/usr/xorg/include conftest.c >&5
configure:11028: $? = 0
configure:11043: i486-TSOL-linux-gnu-gcc -shared conftest.o  -v -Wl,-soname -Wl,conftest -o conftest 2\>\&1 \| /usr/bin/grep  -lc  \>/dev/null 2\>\&1
configure:11046: $? = 0
configure:11060: result: no
configure:11225: checking dynamic linker characteristics
configure:11680: i486-TSOL-linux-gnu-gcc -o conftest -g -O2  -I/usr/xorg/include  -L/usr/xorg/lib -Wl,-rpath -Wl,/foo conftest.c  >&5
configure:11680: $? = 0
configure:11902: result: GNU/Linux ld.so
configure:12009: checking how to hardcode library paths into programs
configure:12034: result: immediate
configure:12574: checking whether stripping libraries is possible
configure:12579: result: yes
configure:12614: checking if libtool supports shared libraries
configure:12616: result: yes
configure:12619: checking whether to build shared libraries
configure:12640: result: yes
configure:12643: checking whether to build static libraries
configure:12647: result: no
configure:12670: checking how to run the C++ preprocessor
configure:12697: i486-TSOL-linux-gnu-g++ -E  -I/usr/xorg/include conftest.cpp
configure:12697: $? = 0
configure:12711: i486-TSOL-linux-gnu-g++ -E  -I/usr/xorg/include conftest.cpp
conftest.cpp:22:28: fatal error: ac_nonexistent.h: No such file or directory
compilation terminated.
configure:12711: $? = 1
configure: failed program was:
| /* confdefs.h */
| #define PACKAGE_NAME ""
| #define PACKAGE_TARNAME ""
| #define PACKAGE_VERSION ""
| #define PACKAGE_STRING ""
| #define PACKAGE_BUGREPORT ""
| #define PACKAGE_URL ""
| #define DIRECTFB_VERSION "1.6.0"
| #define STDC_HEADERS 1
| #define HAVE_SYS_TYPES_H 1
| #define HAVE_SYS_STAT_H 1
| #define HAVE_STDLIB_H 1
| #define HAVE_STRING_H 1
| #define HAVE_MEMORY_H 1
| #define HAVE_STRINGS_H 1
| #define HAVE_INTTYPES_H 1
| #define HAVE_STDINT_H 1
| #define HAVE_UNISTD_H 1
| #define HAVE_DLFCN_H 1
| #define LT_OBJDIR ".libs/"
| /* end confdefs.h.  */
| #include <ac_nonexistent.h>
configure:12736: result: i486-TSOL-linux-gnu-g++ -E
configure:12756: i486-TSOL-linux-gnu-g++ -E  -I/usr/xorg/include conftest.cpp
configure:12756: $? = 0
configure:12770: i486-TSOL-linux-gnu-g++ -E  -I/usr/xorg/include conftest.cpp
conftest.cpp:22:28: fatal error: ac_nonexistent.h: No such file or directory
compilation terminated.
configure:12770: $? = 1
configure: failed program was:
| /* confdefs.h */
| #define PACKAGE_NAME ""
| #define PACKAGE_TARNAME ""
| #define PACKAGE_VERSION ""
| #define PACKAGE_STRING ""
| #define PACKAGE_BUGREPORT ""
| #define PACKAGE_URL ""
| #define DIRECTFB_VERSION "1.6.0"
| #define STDC_HEADERS 1
| #define HAVE_SYS_TYPES_H 1
| #define HAVE_SYS_STAT_H 1
| #define HAVE_STDLIB_H 1
| #define HAVE_STRING_H 1
| #define HAVE_MEMORY_H 1
| #define HAVE_STRINGS_H 1
| #define HAVE_INTTYPES_H 1
| #define HAVE_STDINT_H 1
| #define HAVE_UNISTD_H 1
| #define HAVE_DLFCN_H 1
| #define LT_OBJDIR ".libs/"
| /* end confdefs.h.  */
| #include <ac_nonexistent.h>
configure:12938: checking for ld used by i486-TSOL-linux-gnu-g++
configure:13005: result: i486-TSOL-linux-gnu-ld
configure:13012: checking if the linker (i486-TSOL-linux-gnu-ld) is GNU ld
configure:13027: result: yes
configure:13082: checking whether the i486-TSOL-linux-gnu-g++ linker (i486-TSOL-linux-gnu-ld) supports shared libraries
configure:14014: result: yes
configure:14042: i486-TSOL-linux-gnu-g++ -c -g -O2  -I/usr/xorg/include conftest.cpp >&5
configure:14045: $? = 0
configure:14227: checking for i486-TSOL-linux-gnu-g++ option to produce PIC
configure:14549: result: -fPIC -DPIC
configure:14558: checking if i486-TSOL-linux-gnu-g++ PIC flag -fPIC -DPIC works
configure:14576: i486-TSOL-linux-gnu-g++ -c -g -O2  -I/usr/xorg/include -fPIC -DPIC -DPIC conftest.cpp >&5
configure:14580: $? = 0
configure:14593: result: yes
configure:14614: checking if i486-TSOL-linux-gnu-g++ static flag -static works
configure:14642: result: yes
configure:14654: checking if i486-TSOL-linux-gnu-g++ supports -c -o file.o
configure:14675: i486-TSOL-linux-gnu-g++ -c -g -O2  -I/usr/xorg/include -o out/conftest2.o conftest.cpp >&5
configure:14679: $? = 0
configure:14701: result: yes
configure:14706: checking if i486-TSOL-linux-gnu-g++ supports -c -o file.o
configure:14753: result: yes
configure:14783: checking whether the i486-TSOL-linux-gnu-g++ linker (i486-TSOL-linux-gnu-ld) supports shared libraries
configure:14811: result: yes
configure:14954: checking dynamic linker characteristics
configure:15565: result: GNU/Linux ld.so
configure:15618: checking how to hardcode library paths into programs
configure:15643: result: immediate
configure:15701: checking whether build environment is sane
configure:15751: result: yes
configure:15754: checking for library containing strerror
configure:15785: i486-TSOL-linux-gnu-gcc -o conftest -g -O2  -I/usr/xorg/include  -L/usr/xorg/lib conftest.c  >&5
configure:15785: $? = 0
configure:15802: result: none required
configure:15811: checking whether make sets $(MAKE)
configure:15833: result: yes
configure:15842: checking for ANSI C header files
configure:15946: result: yes
configure:15954: checking whether byte ordering is bigendian
configure:15969: i486-TSOL-linux-gnu-gcc -c -g -O2  -I/usr/xorg/include conftest.c >&5
conftest.c:24:9: error: unknown type name 'not'
conftest.c:24:15: error: expected '=', ',', ';', 'asm' or '__attribute__' before 'universal'
conftest.c:24:15: error: unknown type name 'universal'
configure:15969: $? = 1
configure: failed program was:
| /* confdefs.h */
| #define PACKAGE_NAME ""
| #define PACKAGE_TARNAME ""
| #define PACKAGE_VERSION ""
| #define PACKAGE_STRING ""
| #define PACKAGE_BUGREPORT ""
| #define PACKAGE_URL ""
| #define DIRECTFB_VERSION "1.6.0"
| #define STDC_HEADERS 1
| #define HAVE_SYS_TYPES_H 1
| #define HAVE_SYS_STAT_H 1
| #define HAVE_STDLIB_H 1
| #define HAVE_STRING_H 1
| #define HAVE_MEMORY_H 1
| #define HAVE_STRINGS_H 1
| #define HAVE_INTTYPES_H 1
| #define HAVE_STDINT_H 1
| #define HAVE_UNISTD_H 1
| #define HAVE_DLFCN_H 1
| #define LT_OBJDIR ".libs/"
| #define STDC_HEADERS 1
| /* end confdefs.h.  */
| #ifndef __APPLE_CC__
| 	       not a universal capable compiler
| 	     #endif
| 	     typedef int dummy;
| 
configure:16014: i486-TSOL-linux-gnu-gcc -c -g -O2  -I/usr/xorg/include conftest.c >&5
configure:16014: $? = 0
configure:16032: i486-TSOL-linux-gnu-gcc -c -g -O2  -I/usr/xorg/include conftest.c >&5
conftest.c: In function 'main':
conftest.c:30:4: error: unknown type name 'not'
conftest.c:30:12: error: expected '=', ',', ';', 'asm' or '__attribute__' before 'endian'
configure:16032: $? = 1
configure: failed program was:
| /* confdefs.h */
| #define PACKAGE_NAME ""
| #define PACKAGE_TARNAME ""
| #define PACKAGE_VERSION ""
| #define PACKAGE_STRING ""
| #define PACKAGE_BUGREPORT ""
| #define PACKAGE_URL ""
| #define DIRECTFB_VERSION "1.6.0"
| #define STDC_HEADERS 1
| #define HAVE_SYS_TYPES_H 1
| #define HAVE_SYS_STAT_H 1
| #define HAVE_STDLIB_H 1
| #define HAVE_STRING_H 1
| #define HAVE_MEMORY_H 1
| #define HAVE_STRINGS_H 1
| #define HAVE_INTTYPES_H 1
| #define HAVE_STDINT_H 1
| #define HAVE_UNISTD_H 1
| #define HAVE_DLFCN_H 1
| #define LT_OBJDIR ".libs/"
| #define STDC_HEADERS 1
| /* end confdefs.h.  */
| #include <sys/types.h>
| 		#include <sys/param.h>
| 
| int
| main ()
| {
| #if BYTE_ORDER != BIG_ENDIAN
| 		 not big endian
| 		#endif
| 
|   ;
|   return 0;
| }
configure:16160: result: no
configure:16183: checking size of int
configure:16188: i486-TSOL-linux-gnu-gcc -o conftest -g -O2  -I/usr/xorg/include  -L/usr/xorg/lib conftest.c  >&5
configure:16188: $? = 0
configure:16188: ./conftest
configure:16188: $? = 0
configure:16202: result: 4
configure:16216: checking size of long
configure:16221: i486-TSOL-linux-gnu-gcc -o conftest -g -O2  -I/usr/xorg/include  -L/usr/xorg/lib conftest.c  >&5
configure:16221: $? = 0
configure:16221: ./conftest
configure:16221: $? = 0
configure:16235: result: 4
configure:16249: checking size of long long
configure:16254: i486-TSOL-linux-gnu-gcc -o conftest -g -O2  -I/usr/xorg/include  -L/usr/xorg/lib conftest.c  >&5
configure:16254: $? = 0
configure:16254: ./conftest
configure:16254: $? = 0
configure:16268: result: 8
configure:16280: checking for fork
configure:16280: i486-TSOL-linux-gnu-gcc -o conftest -g -O2  -I/usr/xorg/include  -L/usr/xorg/lib conftest.c  >&5
conftest.c:49:6: warning: conflicting types for built-in function 'fork' [enabled by default]
configure:16280: $? = 0
configure:16280: result: yes
configure:16301: checking for perl5
configure:16334: result: no
configure:16301: checking for perl
configure:16319: found /usr/bin/perl
configure:16331: result: /usr/bin/perl
configure:16345: checking for man2html
configure:16376: result: no
configure:16440: checking for fluxcomp
configure:16473: result: no
configure:16521: checking Carbon/Carbon.h usability
configure:16521: i486-TSOL-linux-gnu-gcc -c -g -O2  -I/usr/xorg/include conftest.c >&5
conftest.c:60:27: fatal error: Carbon/Carbon.h: No such file or directory
compilation terminated.
configure:16521: $? = 1
configure: failed program was:
| /* confdefs.h */
| #define PACKAGE_NAME ""
| #define PACKAGE_TARNAME ""
| #define PACKAGE_VERSION ""
| #define PACKAGE_STRING ""
| #define PACKAGE_BUGREPORT ""
| #define PACKAGE_URL ""
| #define DIRECTFB_VERSION "1.6.0"
| #define STDC_HEADERS 1
| #define HAVE_SYS_TYPES_H 1
| #define HAVE_SYS_STAT_H 1
| #define HAVE_STDLIB_H 1
| #define HAVE_STRING_H 1
| #define HAVE_MEMORY_H 1
| #define HAVE_STRINGS_H 1
| #define HAVE_INTTYPES_H 1
| #define HAVE_STDINT_H 1
| #define HAVE_UNISTD_H 1
| #define HAVE_DLFCN_H 1
| #define LT_OBJDIR ".libs/"
| #define STDC_HEADERS 1
| #define SIZEOF_INT 4
| #define SIZEOF_LONG 4
| #define SIZEOF_LONG_LONG 8
| #define HAVE_FORK 1
| /* end confdefs.h.  */
| #include <stdio.h>
| #ifdef HAVE_SYS_TYPES_H
| # include <sys/types.h>
| #endif
| #ifdef HAVE_SYS_STAT_H
| # include <sys/stat.h>
| #endif
| #ifdef STDC_HEADERS
| # include <stdlib.h>
| # include <stddef.h>
| #else
| # ifdef HAVE_STDLIB_H
| #  include <stdlib.h>
| # endif
| #endif
| #ifdef HAVE_STRING_H
| # if !defined STDC_HEADERS && defined HAVE_MEMORY_H
| #  include <memory.h>
| # endif
| # include <string.h>
| #endif
| #ifdef HAVE_STRINGS_H
| # include <strings.h>
| #endif
| #ifdef HAVE_INTTYPES_H
| # include <inttypes.h>
| #endif
| #ifdef HAVE_STDINT_H
| # include <stdint.h>
| #endif
| #ifdef HAVE_UNISTD_H
| # include <unistd.h>
| #endif
| #include <Carbon/Carbon.h>
configure:16521: result: no
configure:16521: checking Carbon/Carbon.h presence
configure:16521: i486-TSOL-linux-gnu-gcc -E  -I/usr/xorg/include conftest.c
conftest.c:27:27: fatal error: Carbon/Carbon.h: No such file or directory
compilation terminated.
configure:16521: $? = 1
configure: failed program was:
| /* confdefs.h */
| #define PACKAGE_NAME ""
| #define PACKAGE_TARNAME ""
| #define PACKAGE_VERSION ""
| #define PACKAGE_STRING ""
| #define PACKAGE_BUGREPORT ""
| #define PACKAGE_URL ""
| #define DIRECTFB_VERSION "1.6.0"
| #define STDC_HEADERS 1
| #define HAVE_SYS_TYPES_H 1
| #define HAVE_SYS_STAT_H 1
| #define HAVE_STDLIB_H 1
| #define HAVE_STRING_H 1
| #define HAVE_MEMORY_H 1
| #define HAVE_STRINGS_H 1
| #define HAVE_INTTYPES_H 1
| #define HAVE_STDINT_H 1
| #define HAVE_UNISTD_H 1
| #define HAVE_DLFCN_H 1
| #define LT_OBJDIR ".libs/"
| #define STDC_HEADERS 1
| #define SIZEOF_INT 4
| #define SIZEOF_LONG 4
| #define SIZEOF_LONG_LONG 8
| #define HAVE_FORK 1
| /* end confdefs.h.  */
| #include <Carbon/Carbon.h>
configure:16521: result: no
configure:16521: checking for Carbon/Carbon.h
configure:16521: result: no
configure:16532: WARNING:
*** no Carbon/Carbon.h found -- building without Mac OS X support.
configure:16559: checking for X11
configure:16566: $PKG_CONFIG --exists --print-errors "xproto x11 xext"
Package xproto was not found in the pkg-config search path.
Perhaps you should add the directory containing `xproto.pc'
to the PKG_CONFIG_PATH environment variable
No package 'xproto' found
Package x11 was not found in the pkg-config search path.
Perhaps you should add the directory containing `x11.pc'
to the PKG_CONFIG_PATH environment variable
No package 'x11' found
Package xext was not found in the pkg-config search path.
Perhaps you should add the directory containing `xext.pc'
to the PKG_CONFIG_PATH environment variable
No package 'xext' found
configure:16569: $? = 1
configure:16582: $PKG_CONFIG --exists --print-errors "xproto x11 xext"
Package xproto was not found in the pkg-config search path.
Perhaps you should add the directory containing `xproto.pc'
to the PKG_CONFIG_PATH environment variable
No package 'xproto' found
Package x11 was not found in the pkg-config search path.
Perhaps you should add the directory containing `x11.pc'
to the PKG_CONFIG_PATH environment variable
No package 'x11' found
Package xext was not found in the pkg-config search path.
Perhaps you should add the directory containing `xext.pc'
to the PKG_CONFIG_PATH environment variable
No package 'xext' found
configure:16585: $? = 1
No package 'xproto' found
No package 'x11' found
No package 'xext' found
configure:16612: result: no
configure:16615: WARNING: *** no X11 found -- building without X11 support
configure:16650: checking for X11VDPAU
configure:16657: $PKG_CONFIG --exists --print-errors "xproto x11 xext vdpau"
Package xproto was not found in the pkg-config search path.
Perhaps you should add the directory containing `xproto.pc'
to the PKG_CONFIG_PATH environment variable
No package 'xproto' found
Package x11 was not found in the pkg-config search path.
Perhaps you should add the directory containing `x11.pc'
to the PKG_CONFIG_PATH environment variable
No package 'x11' found
Package xext was not found in the pkg-config search path.
Perhaps you should add the directory containing `xext.pc'
to the PKG_CONFIG_PATH environment variable
No package 'xext' found
Package vdpau was not found in the pkg-config search path.
Perhaps you should add the directory containing `vdpau.pc'
to the PKG_CONFIG_PATH environment variable
No package 'vdpau' found
configure:16660: $? = 1
configure:16673: $PKG_CONFIG --exists --print-errors "xproto x11 xext vdpau"
Package xproto was not found in the pkg-config search path.
Perhaps you should add the directory containing `xproto.pc'
to the PKG_CONFIG_PATH environment variable
No package 'xproto' found
Package x11 was not found in the pkg-config search path.
Perhaps you should add the directory containing `x11.pc'
to the PKG_CONFIG_PATH environment variable
No package 'x11' found
Package xext was not found in the pkg-config search path.
Perhaps you should add the directory containing `xext.pc'
to the PKG_CONFIG_PATH environment variable
No package 'xext' found
Package vdpau was not found in the pkg-config search path.
Perhaps you should add the directory containing `vdpau.pc'
to the PKG_CONFIG_PATH environment variable
No package 'vdpau' found
configure:16676: $? = 1
No package 'xproto' found
No package 'x11' found
No package 'xext' found
No package 'vdpau' found
configure:16703: result: no
configure:16706: WARNING: *** no X11/VDPAU found -- building without X11/VDPAU support
configure:16734: checking linux/compiler.h usability
configure:16734: i486-TSOL-linux-gnu-gcc -c -g -O2  -I/usr/xorg/include conftest.c >&5
conftest.c:60:28: fatal error: linux/compiler.h: No such file or directory
compilation terminated.
configure:16734: $? = 1
configure: failed program was:
| /* confdefs.h */
| #define PACKAGE_NAME ""
| #define PACKAGE_TARNAME ""
| #define PACKAGE_VERSION ""
| #define PACKAGE_STRING ""
| #define PACKAGE_BUGREPORT ""
| #define PACKAGE_URL ""
| #define DIRECTFB_VERSION "1.6.0"
| #define STDC_HEADERS 1
| #define HAVE_SYS_TYPES_H 1
| #define HAVE_SYS_STAT_H 1
| #define HAVE_STDLIB_H 1
| #define HAVE_STRING_H 1
| #define HAVE_MEMORY_H 1
| #define HAVE_STRINGS_H 1
| #define HAVE_INTTYPES_H 1
| #define HAVE_STDINT_H 1
| #define HAVE_UNISTD_H 1
| #define HAVE_DLFCN_H 1
| #define LT_OBJDIR ".libs/"
| #define STDC_HEADERS 1
| #define SIZEOF_INT 4
| #define SIZEOF_LONG 4
| #define SIZEOF_LONG_LONG 8
| #define HAVE_FORK 1
| /* end confdefs.h.  */
| #include <stdio.h>
| #ifdef HAVE_SYS_TYPES_H
| # include <sys/types.h>
| #endif
| #ifdef HAVE_SYS_STAT_H
| # include <sys/stat.h>
| #endif
| #ifdef STDC_HEADERS
| # include <stdlib.h>
| # include <stddef.h>
| #else
| # ifdef HAVE_STDLIB_H
| #  include <stdlib.h>
| # endif
| #endif
| #ifdef HAVE_STRING_H
| # if !defined STDC_HEADERS && defined HAVE_MEMORY_H
| #  include <memory.h>
| # endif
| # include <string.h>
| #endif
| #ifdef HAVE_STRINGS_H
| # include <strings.h>
| #endif
| #ifdef HAVE_INTTYPES_H
| # include <inttypes.h>
| #endif
| #ifdef HAVE_STDINT_H
| # include <stdint.h>
| #endif
| #ifdef HAVE_UNISTD_H
| # include <unistd.h>
| #endif
| #include <linux/compiler.h>
configure:16734: result: no
configure:16734: checking linux/compiler.h presence
configure:16734: i486-TSOL-linux-gnu-gcc -E  -I/usr/xorg/include conftest.c
conftest.c:27:28: fatal error: linux/compiler.h: No such file or directory
compilation terminated.
configure:16734: $? = 1
configure: failed program was:
| /* confdefs.h */
| #define PACKAGE_NAME ""
| #define PACKAGE_TARNAME ""
| #define PACKAGE_VERSION ""
| #define PACKAGE_STRING ""
| #define PACKAGE_BUGREPORT ""
| #define PACKAGE_URL ""
| #define DIRECTFB_VERSION "1.6.0"
| #define STDC_HEADERS 1
| #define HAVE_SYS_TYPES_H 1
| #define HAVE_SYS_STAT_H 1
| #define HAVE_STDLIB_H 1
| #define HAVE_STRING_H 1
| #define HAVE_MEMORY_H 1
| #define HAVE_STRINGS_H 1
| #define HAVE_INTTYPES_H 1
| #define HAVE_STDINT_H 1
| #define HAVE_UNISTD_H 1
| #define HAVE_DLFCN_H 1
| #define LT_OBJDIR ".libs/"
| #define STDC_HEADERS 1
| #define SIZEOF_INT 4
| #define SIZEOF_LONG 4
| #define SIZEOF_LONG_LONG 8
| #define HAVE_FORK 1
| /* end confdefs.h.  */
| #include <linux/compiler.h>
configure:16734: result: no
configure:16734: checking for linux/compiler.h
configure:16734: result: no
configure:16734: checking linux/unistd.h usability
configure:16734: i486-TSOL-linux-gnu-gcc -c -g -O2  -I/usr/xorg/include conftest.c >&5
configure:16734: $? = 0
configure:16734: result: yes
configure:16734: checking linux/unistd.h presence
configure:16734: i486-TSOL-linux-gnu-gcc -E  -I/usr/xorg/include conftest.c
configure:16734: $? = 0
configure:16734: result: yes
configure:16734: checking for linux/unistd.h
configure:16734: result: yes
configure:16734: checking asm/page.h usability
configure:16734: i486-TSOL-linux-gnu-gcc -c -g -O2  -I/usr/xorg/include conftest.c >&5
conftest.c:61:22: fatal error: asm/page.h: No such file or directory
compilation terminated.
configure:16734: $? = 1
configure: failed program was:
| /* confdefs.h */
| #define PACKAGE_NAME ""
| #define PACKAGE_TARNAME ""
| #define PACKAGE_VERSION ""
| #define PACKAGE_STRING ""
| #define PACKAGE_BUGREPORT ""
| #define PACKAGE_URL ""
| #define DIRECTFB_VERSION "1.6.0"
| #define STDC_HEADERS 1
| #define HAVE_SYS_TYPES_H 1
| #define HAVE_SYS_STAT_H 1
| #define HAVE_STDLIB_H 1
| #define HAVE_STRING_H 1
| #define HAVE_MEMORY_H 1
| #define HAVE_STRINGS_H 1
| #define HAVE_INTTYPES_H 1
| #define HAVE_STDINT_H 1
| #define HAVE_UNISTD_H 1
| #define HAVE_DLFCN_H 1
| #define LT_OBJDIR ".libs/"
| #define STDC_HEADERS 1
| #define SIZEOF_INT 4
| #define SIZEOF_LONG 4
| #define SIZEOF_LONG_LONG 8
| #define HAVE_FORK 1
| #define HAVE_LINUX_UNISTD_H 1
| /* end confdefs.h.  */
| #include <stdio.h>
| #ifdef HAVE_SYS_TYPES_H
| # include <sys/types.h>
| #endif
| #ifdef HAVE_SYS_STAT_H
| # include <sys/stat.h>
| #endif
| #ifdef STDC_HEADERS
| # include <stdlib.h>
| # include <stddef.h>
| #else
| # ifdef HAVE_STDLIB_H
| #  include <stdlib.h>
| # endif
| #endif
| #ifdef HAVE_STRING_H
| # if !defined STDC_HEADERS && defined HAVE_MEMORY_H
| #  include <memory.h>
| # endif
| # include <string.h>
| #endif
| #ifdef HAVE_STRINGS_H
| # include <strings.h>
| #endif
| #ifdef HAVE_INTTYPES_H
| # include <inttypes.h>
| #endif
| #ifdef HAVE_STDINT_H
| # include <stdint.h>
| #endif
| #ifdef HAVE_UNISTD_H
| # include <unistd.h>
| #endif
| #include <asm/page.h>
configure:16734: result: no
configure:16734: checking asm/page.h presence
configure:16734: i486-TSOL-linux-gnu-gcc -E  -I/usr/xorg/include conftest.c
conftest.c:28:22: fatal error: asm/page.h: No such file or directory
compilation terminated.
configure:16734: $? = 1
configure: failed program was:
| /* confdefs.h */
| #define PACKAGE_NAME ""
| #define PACKAGE_TARNAME ""
| #define PACKAGE_VERSION ""
| #define PACKAGE_STRING ""
| #define PACKAGE_BUGREPORT ""
| #define PACKAGE_URL ""
| #define DIRECTFB_VERSION "1.6.0"
| #define STDC_HEADERS 1
| #define HAVE_SYS_TYPES_H 1
| #define HAVE_SYS_STAT_H 1
| #define HAVE_STDLIB_H 1
| #define HAVE_STRING_H 1
| #define HAVE_MEMORY_H 1
| #define HAVE_STRINGS_H 1
| #define HAVE_INTTYPES_H 1
| #define HAVE_STDINT_H 1
| #define HAVE_UNISTD_H 1
| #define HAVE_DLFCN_H 1
| #define LT_OBJDIR ".libs/"
| #define STDC_HEADERS 1
| #define SIZEOF_INT 4
| #define SIZEOF_LONG 4
| #define SIZEOF_LONG_LONG 8
| #define HAVE_FORK 1
| #define HAVE_LINUX_UNISTD_H 1
| /* end confdefs.h.  */
| #include <asm/page.h>
configure:16734: result: no
configure:16734: checking for asm/page.h
configure:16734: result: no
configure:16734: checking signal.h usability
configure:16734: i486-TSOL-linux-gnu-gcc -c -g -O2  -I/usr/xorg/include conftest.c >&5
configure:16734: $? = 0
configure:16734: result: yes
configure:16734: checking signal.h presence
configure:16734: i486-TSOL-linux-gnu-gcc -E  -I/usr/xorg/include conftest.c
configure:16734: $? = 0
configure:16734: result: yes
configure:16734: checking for signal.h
configure:16734: result: yes
configure:17017: checking for pthread_attr_init in -lpthread
configure:17042: i486-TSOL-linux-gnu-gcc -o conftest -ffast-math -pipe   -I/usr/xorg/include  -L/usr/xorg/lib conftest.c -lpthread   >&5
configure:17042: $? = 0
configure:17051: result: yes
configure:17069: checking whether PTHREAD_MUTEX_RECURSIVE is declared
configure:17069: i486-TSOL-linux-gnu-gcc -c -ffast-math -pipe   -I/usr/xorg/include conftest.c >&5
configure:17069: $? = 0
configure:17069: result: yes
configure:17092: checking whether PTHREAD_RECURSIVE_MUTEX_INITIALIZER_NP is declared
configure:17092: i486-TSOL-linux-gnu-gcc -c -ffast-math -pipe   -I/usr/xorg/include conftest.c >&5
configure:17092: $? = 0
configure:17092: result: yes
configure:17123: checking for clock_gettime in -lrt
configure:17148: i486-TSOL-linux-gnu-gcc -o conftest -ffast-math -pipe  -D_REENTRANT  -I/usr/xorg/include  -L/usr/xorg/lib conftest.c -lrt  -lpthread  >&5
configure:17148: $? = 0
configure:17157: result: yes
configure:17180: checking for dlopen in -ldl
configure:17205: i486-TSOL-linux-gnu-gcc -o conftest -ffast-math -pipe  -D_REENTRANT  -I/usr/xorg/include  -L/usr/xorg/lib conftest.c -ldl  -lrt -lpthread  >&5
configure:17205: $? = 0
configure:17214: result: yes
configure:17247: checking for sys/io.h
configure:17260: i486-TSOL-linux-gnu-gcc -c -ffast-math -pipe  -D_REENTRANT  -I/usr/xorg/include conftest.c >&5
configure:17260: $? = 0
configure:17265: result: yes
configure:17419: checking stdbool.h usability
configure:17419: i486-TSOL-linux-gnu-gcc -c -O2 -g2 -ffast-math -pipe  -D_REENTRANT  -I/usr/xorg/include conftest.c >&5
configure:17419: $? = 0
configure:17419: result: yes
configure:17419: checking stdbool.h presence
configure:17419: i486-TSOL-linux-gnu-gcc -E -D_REENTRANT  -I/usr/xorg/include conftest.c
configure:17419: $? = 0
configure:17419: result: yes
configure:17419: checking for stdbool.h
configure:17419: result: yes
configure:17598: checking for library containing sqrt
configure:17629: i486-TSOL-linux-gnu-gcc -o conftest -O2 -g2 -ffast-math -pipe  -Wno-error -D_REENTRANT  -I/usr/xorg/include  -L/usr/xorg/lib conftest.c -ldl -lrt -lpthread  >&5
conftest.c:44:6: warning: conflicting types for built-in function 'sqrt' [enabled by default]
/tmp/ccBbpHt9.o: In function `main':
/source/DirectFB-1.6.0/conftest.c:48: undefined reference to `sqrt'
collect2: ld returned 1 exit status
configure:17629: $? = 1
configure: failed program was:
| /* confdefs.h */
| #define PACKAGE_NAME ""
| #define PACKAGE_TARNAME ""
| #define PACKAGE_VERSION ""
| #define PACKAGE_STRING ""
| #define PACKAGE_BUGREPORT ""
| #define PACKAGE_URL ""
| #define DIRECTFB_VERSION "1.6.0"
| #define STDC_HEADERS 1
| #define HAVE_SYS_TYPES_H 1
| #define HAVE_SYS_STAT_H 1
| #define HAVE_STDLIB_H 1
| #define HAVE_STRING_H 1
| #define HAVE_MEMORY_H 1
| #define HAVE_STRINGS_H 1
| #define HAVE_INTTYPES_H 1
| #define HAVE_STDINT_H 1
| #define HAVE_UNISTD_H 1
| #define HAVE_DLFCN_H 1
| #define LT_OBJDIR ".libs/"
| #define STDC_HEADERS 1
| #define SIZEOF_INT 4
| #define SIZEOF_LONG 4
| #define SIZEOF_LONG_LONG 8
| #define HAVE_FORK 1
| #define HAVE_LINUX_UNISTD_H 1
| #define HAVE_SIGNAL_H 1
| #define ARCH_X86 1
| #define HAVE_LIBPTHREAD 1
| #define HAVE_DECL_PTHREAD_MUTEX_RECURSIVE 1
| #define HAVE_DECL_PTHREAD_RECURSIVE_MUTEX_INITIALIZER_NP 1
| #define HAVE_LIBRT 1
| #define HAVE_LIBDL 1
| #define HAVE_INB_OUTB_IOPL 1
| #define HAVE_SYSIO 1
| /* end confdefs.h.  */
| 
| /* Override any GCC internal prototype to avoid an error.
|    Use char because int might match the return type of a GCC
|    builtin and then its argument prototype would still apply.  */
| #ifdef __cplusplus
| extern "C"
| #endif
| char sqrt ();
| int
| main ()
| {
| return sqrt ();
|   ;
|   return 0;
| }
configure:17629: i486-TSOL-linux-gnu-gcc -o conftest -O2 -g2 -ffast-math -pipe  -Wno-error -D_REENTRANT  -I/usr/xorg/include  -L/usr/xorg/lib conftest.c -lm  -ldl -lrt -lpthread  >&5
conftest.c:44:6: warning: conflicting types for built-in function 'sqrt' [enabled by default]
configure:17629: $? = 0
configure:17646: result: -lm
configure:17735: checking whether the binutils support MMX
configure:17739: i486-TSOL-linux-gnu-gcc -c -O2 -g2 -ffast-math -pipe  -D_REENTRANT  -I/usr/xorg/include conftest.S >&5
configure:17742: $? = 0
configure:17747: result: yes
configure:17752: checking whether the binutils support SSE
configure:17756: i486-TSOL-linux-gnu-gcc -c -O2 -g2 -ffast-math -pipe  -D_REENTRANT  -I/usr/xorg/include conftest.S >&5
configure:17759: $? = 0
configure:17764: result: yes
configure:18101: checking for libvncserver-config
configure:18132: result: no
configure:18143: WARNING:
*** libvncserver-config not found -- building without VNC support. See http://libvncserver.sourceforge.net
configure:18175: checking for MESA
configure:18182: $PKG_CONFIG --exists --print-errors "glesv2 egl libdrm gbm"
Package glesv2 was not found in the pkg-config search path.
Perhaps you should add the directory containing `glesv2.pc'
to the PKG_CONFIG_PATH environment variable
No package 'glesv2' found
Package egl was not found in the pkg-config search path.
Perhaps you should add the directory containing `egl.pc'
to the PKG_CONFIG_PATH environment variable
No package 'egl' found
Package libdrm was not found in the pkg-config search path.
Perhaps you should add the directory containing `libdrm.pc'
to the PKG_CONFIG_PATH environment variable
No package 'libdrm' found
Package gbm was not found in the pkg-config search path.
Perhaps you should add the directory containing `gbm.pc'
to the PKG_CONFIG_PATH environment variable
No package 'gbm' found
configure:18185: $? = 1
configure:18198: $PKG_CONFIG --exists --print-errors "glesv2 egl libdrm gbm"
Package glesv2 was not found in the pkg-config search path.
Perhaps you should add the directory containing `glesv2.pc'
to the PKG_CONFIG_PATH environment variable
No package 'glesv2' found
Package egl was not found in the pkg-config search path.
Perhaps you should add the directory containing `egl.pc'
to the PKG_CONFIG_PATH environment variable
No package 'egl' found
Package libdrm was not found in the pkg-config search path.
Perhaps you should add the directory containing `libdrm.pc'
to the PKG_CONFIG_PATH environment variable
No package 'libdrm' found
Package gbm was not found in the pkg-config search path.
Perhaps you should add the directory containing `gbm.pc'
to the PKG_CONFIG_PATH environment variable
No package 'gbm' found
configure:18201: $? = 1
No package 'glesv2' found
No package 'egl' found
No package 'libdrm' found
No package 'gbm' found
configure:18228: result: no
configure:18232: WARNING:
*** gl egl libdrm gbm packages not found -- Building without MESA support.
configure:18277: checking for jpeg_destroy_decompress in -ljpeg
configure:18302: i486-TSOL-linux-gnu-gcc -o conftest -O2 -g2 -ffast-math -pipe  -D_REENTRANT  -I/usr/xorg/include  -L/usr/xorg/lib conftest.c -ljpeg  -ldl -lrt -lpthread  >&5
configure:18302: $? = 0
configure:18311: result: yes
configure:18320: checking jpeglib.h usability
configure:18320: i486-TSOL-linux-gnu-gcc -c -O2 -g2 -ffast-math -pipe  -D_REENTRANT  -I/usr/xorg/include conftest.c >&5
configure:18320: $? = 0
configure:18320: result: yes
configure:18320: checking jpeglib.h presence
configure:18320: i486-TSOL-linux-gnu-gcc -E -D_REENTRANT  -I/usr/xorg/include conftest.c
configure:18320: $? = 0
configure:18320: result: yes
configure:18320: checking for jpeglib.h
configure:18320: result: yes
configure:18454: checking for LIBPNG
configure:18461: $PKG_CONFIG --exists --print-errors "libpng >= 1.2.2"
configure:18464: $? = 0
configure:18477: $PKG_CONFIG --exists --print-errors "libpng >= 1.2.2"
configure:18480: $? = 0
configure:18519: result: yes
configure:18561: checking for mng_version_text in -lmng
configure:18586: i486-TSOL-linux-gnu-gcc -o conftest -O2 -g2 -ffast-math -pipe  -D_REENTRANT  -I/usr/xorg/include  -L/usr/xorg/lib conftest.c -lmng  -ldl -lrt -lpthread  >&5
/toolchain/lib/gcc/i486-TSOL-linux-gnu/4.6.3/../../../../i486-TSOL-linux-gnu/bin/ld: cannot find -lmng
collect2: ld returned 1 exit status
configure:18586: $? = 1
configure: failed program was:
| /* confdefs.h */
| #define PACKAGE_NAME ""
| #define PACKAGE_TARNAME ""
| #define PACKAGE_VERSION ""
| #define PACKAGE_STRING ""
| #define PACKAGE_BUGREPORT ""
| #define PACKAGE_URL ""
| #define DIRECTFB_VERSION "1.6.0"
| #define STDC_HEADERS 1
| #define HAVE_SYS_TYPES_H 1
| #define HAVE_SYS_STAT_H 1
| #define HAVE_STDLIB_H 1
| #define HAVE_STRING_H 1
| #define HAVE_MEMORY_H 1
| #define HAVE_STRINGS_H 1
| #define HAVE_INTTYPES_H 1
| #define HAVE_STDINT_H 1
| #define HAVE_UNISTD_H 1
| #define HAVE_DLFCN_H 1
| #define LT_OBJDIR ".libs/"
| #define STDC_HEADERS 1
| #define SIZEOF_INT 4
| #define SIZEOF_LONG 4
| #define SIZEOF_LONG_LONG 8
| #define HAVE_FORK 1
| #define HAVE_LINUX_UNISTD_H 1
| #define HAVE_SIGNAL_H 1
| #define ARCH_X86 1
| #define HAVE_LIBPTHREAD 1
| #define HAVE_DECL_PTHREAD_MUTEX_RECURSIVE 1
| #define HAVE_DECL_PTHREAD_RECURSIVE_MUTEX_INITIALIZER_NP 1
| #define HAVE_LIBRT 1
| #define HAVE_LIBDL 1
| #define HAVE_INB_OUTB_IOPL 1
| #define HAVE_SYSIO 1
| #define USE_MMX 1
| #define USE_SSE 1
| /* end confdefs.h.  */
| 
| /* Override any GCC internal prototype to avoid an error.
|    Use char because int might match the return type of a GCC
|    builtin and then its argument prototype would still apply.  */
| #ifdef __cplusplus
| extern "C"
| #endif
| char mng_version_text ();
| int
| main ()
| {
| return mng_version_text ();
|   ;
|   return 0;
| }
configure:18595: result: no
configure:18625: WARNING:
*** MNG library not found. MNG video provider will not be built.
configure:18676: checking for imlib2-config
configure:18707: result: no
configure:18716: WARNING: *** Imlib2 library not found, building without Imlib2 support ***
configure:18769: checking for libsvg-cairo >= 0.1.6
configure:18779: result: not found
configure:18782: WARNING:
*** SVG-Cairo at least 0.1.6 not found -- SVG image provider will not be built.
configure:18846: checking for jas_image_decode in -ljasper
configure:18871: i486-TSOL-linux-gnu-gcc -o conftest -O2 -g2 -ffast-math -pipe  -D_REENTRANT  -I/usr/xorg/include  -L/usr/xorg/lib conftest.c -ljasper -lm -ldl -lrt -lpthread  >&5
/toolchain/lib/gcc/i486-TSOL-linux-gnu/4.6.3/../../../../i486-TSOL-linux-gnu/bin/ld: cannot find -ljasper
collect2: ld returned 1 exit status
configure:18871: $? = 1
configure: failed program was:
| /* confdefs.h */
| #define PACKAGE_NAME ""
| #define PACKAGE_TARNAME ""
| #define PACKAGE_VERSION ""
| #define PACKAGE_STRING ""
| #define PACKAGE_BUGREPORT ""
| #define PACKAGE_URL ""
| #define DIRECTFB_VERSION "1.6.0"
| #define STDC_HEADERS 1
| #define HAVE_SYS_TYPES_H 1
| #define HAVE_SYS_STAT_H 1
| #define HAVE_STDLIB_H 1
| #define HAVE_STRING_H 1
| #define HAVE_MEMORY_H 1
| #define HAVE_STRINGS_H 1
| #define HAVE_INTTYPES_H 1
| #define HAVE_STDINT_H 1
| #define HAVE_UNISTD_H 1
| #define HAVE_DLFCN_H 1
| #define LT_OBJDIR ".libs/"
| #define STDC_HEADERS 1
| #define SIZEOF_INT 4
| #define SIZEOF_LONG 4
| #define SIZEOF_LONG_LONG 8
| #define HAVE_FORK 1
| #define HAVE_LINUX_UNISTD_H 1
| #define HAVE_SIGNAL_H 1
| #define ARCH_X86 1
| #define HAVE_LIBPTHREAD 1
| #define HAVE_DECL_PTHREAD_MUTEX_RECURSIVE 1
| #define HAVE_DECL_PTHREAD_RECURSIVE_MUTEX_INITIALIZER_NP 1
| #define HAVE_LIBRT 1
| #define HAVE_LIBDL 1
| #define HAVE_INB_OUTB_IOPL 1
| #define HAVE_SYSIO 1
| #define USE_MMX 1
| #define USE_SSE 1
| /* end confdefs.h.  */
| 
| /* Override any GCC internal prototype to avoid an error.
|    Use char because int might match the return type of a GCC
|    builtin and then its argument prototype would still apply.  */
| #ifdef __cplusplus
| extern "C"
| #endif
| char jas_image_decode ();
| int
| main ()
| {
| return jas_image_decode ();
|   ;
|   return 0;
| }
configure:18880: result: no
configure:18902: WARNING:
*** Jasper not found. JPEG2000 image provider will not be built.
configure:18931: checking for FREETYPE
configure:18938: $PKG_CONFIG --exists --print-errors "freetype2"
Package freetype2 was not found in the pkg-config search path.
Perhaps you should add the directory containing `freetype2.pc'
to the PKG_CONFIG_PATH environment variable
No package 'freetype2' found
configure:18941: $? = 1
configure:18954: $PKG_CONFIG --exists --print-errors "freetype2"
Package freetype2 was not found in the pkg-config search path.
Perhaps you should add the directory containing `freetype2.pc'
to the PKG_CONFIG_PATH environment variable
No package 'freetype2' found
configure:18957: $? = 1
No package 'freetype2' found
configure:18984: result: no
configure:18987: WARNING: *** no freetype -- FreeType font provider will not be built.
configure:19026: checking for LINOTYPE
configure:19033: $PKG_CONFIG --exists --print-errors "linotype"
Package linotype was not found in the pkg-config search path.
Perhaps you should add the directory containing `linotype.pc'
to the PKG_CONFIG_PATH environment variable
No package 'linotype' found
configure:19036: $? = 1
configure:19049: $PKG_CONFIG --exists --print-errors "linotype"
Package linotype was not found in the pkg-config search path.
Perhaps you should add the directory containing `linotype.pc'
to the PKG_CONFIG_PATH environment variable
No package 'linotype' found
configure:19052: $? = 1
No package 'linotype' found
configure:19079: result: no
configure:19082: WARNING: *** no linotype -- LinoType font provider will not be built.
configure:19182: checking which gfxdrivers should be built
configure:19219: result: all
configure:19334: checking GL/gl.h usability
configure:19334: i486-TSOL-linux-gnu-gcc -c -O2 -g2 -ffast-math -pipe  -D_REENTRANT  -I/usr/xorg/include conftest.c >&5
configure:19334: $? = 0
configure:19334: result: yes
configure:19334: checking GL/gl.h presence
configure:19334: i486-TSOL-linux-gnu-gcc -E -D_REENTRANT  -I/usr/xorg/include conftest.c
configure:19334: $? = 0
configure:19334: result: yes
configure:19334: checking for GL/gl.h
configure:19334: result: yes
configure:19340: checking GL/glx.h usability
configure:19340: i486-TSOL-linux-gnu-gcc -c -O2 -g2 -ffast-math -pipe  -D_REENTRANT  -I/usr/xorg/include conftest.c >&5
configure:19340: $? = 0
configure:19340: result: yes
configure:19340: checking GL/glx.h presence
configure:19340: i486-TSOL-linux-gnu-gcc -E -D_REENTRANT  -I/usr/xorg/include conftest.c
configure:19340: $? = 0
configure:19340: result: yes
configure:19340: checking for GL/glx.h
configure:19340: result: yes
configure:19624: checking which inputdrivers should be built
configure:19656: result: all
configure:19737: checking dbox/fp.h usability
configure:19737: i486-TSOL-linux-gnu-gcc -c -O2 -g2 -ffast-math -pipe  -D_REENTRANT  -I/usr/xorg/include conftest.c >&5
conftest.c:73:21: fatal error: dbox/fp.h: No such file or directory
compilation terminated.
configure:19737: $? = 1
configure: failed program was:
| /* confdefs.h */
| #define PACKAGE_NAME ""
| #define PACKAGE_TARNAME ""
| #define PACKAGE_VERSION ""
| #define PACKAGE_STRING ""
| #define PACKAGE_BUGREPORT ""
| #define PACKAGE_URL ""
| #define DIRECTFB_VERSION "1.6.0"
| #define STDC_HEADERS 1
| #define HAVE_SYS_TYPES_H 1
| #define HAVE_SYS_STAT_H 1
| #define HAVE_STDLIB_H 1
| #define HAVE_STRING_H 1
| #define HAVE_MEMORY_H 1
| #define HAVE_STRINGS_H 1
| #define HAVE_INTTYPES_H 1
| #define HAVE_STDINT_H 1
| #define HAVE_UNISTD_H 1
| #define HAVE_DLFCN_H 1
| #define LT_OBJDIR ".libs/"
| #define STDC_HEADERS 1
| #define SIZEOF_INT 4
| #define SIZEOF_LONG 4
| #define SIZEOF_LONG_LONG 8
| #define HAVE_FORK 1
| #define HAVE_LINUX_UNISTD_H 1
| #define HAVE_SIGNAL_H 1
| #define ARCH_X86 1
| #define HAVE_LIBPTHREAD 1
| #define HAVE_DECL_PTHREAD_MUTEX_RECURSIVE 1
| #define HAVE_DECL_PTHREAD_RECURSIVE_MUTEX_INITIALIZER_NP 1
| #define HAVE_LIBRT 1
| #define HAVE_LIBDL 1
| #define HAVE_INB_OUTB_IOPL 1
| #define HAVE_SYSIO 1
| #define USE_MMX 1
| #define USE_SSE 1
| #define USE_GLX 1
| /* end confdefs.h.  */
| #include <stdio.h>
| #ifdef HAVE_SYS_TYPES_H
| # include <sys/types.h>
| #endif
| #ifdef HAVE_SYS_STAT_H
| # include <sys/stat.h>
| #endif
| #ifdef STDC_HEADERS
| # include <stdlib.h>
| # include <stddef.h>
| #else
| # ifdef HAVE_STDLIB_H
| #  include <stdlib.h>
| # endif
| #endif
| #ifdef HAVE_STRING_H
| # if !defined STDC_HEADERS && defined HAVE_MEMORY_H
| #  include <memory.h>
| # endif
| # include <string.h>
| #endif
| #ifdef HAVE_STRINGS_H
| # include <strings.h>
| #endif
| #ifdef HAVE_INTTYPES_H
| # include <inttypes.h>
| #endif
| #ifdef HAVE_STDINT_H
| # include <stdint.h>
| #endif
| #ifdef HAVE_UNISTD_H
| # include <unistd.h>
| #endif
| #include <dbox/fp.h>
configure:19737: result: no
configure:19737: checking dbox/fp.h presence
configure:19737: i486-TSOL-linux-gnu-gcc -E -D_REENTRANT  -I/usr/xorg/include conftest.c
conftest.c:40:21: fatal error: dbox/fp.h: No such file or directory
compilation terminated.
configure:19737: $? = 1
configure: failed program was:
| /* confdefs.h */
| #define PACKAGE_NAME ""
| #define PACKAGE_TARNAME ""
| #define PACKAGE_VERSION ""
| #define PACKAGE_STRING ""
| #define PACKAGE_BUGREPORT ""
| #define PACKAGE_URL ""
| #define DIRECTFB_VERSION "1.6.0"
| #define STDC_HEADERS 1
| #define HAVE_SYS_TYPES_H 1
| #define HAVE_SYS_STAT_H 1
| #define HAVE_STDLIB_H 1
| #define HAVE_STRING_H 1
| #define HAVE_MEMORY_H 1
| #define HAVE_STRINGS_H 1
| #define HAVE_INTTYPES_H 1
| #define HAVE_STDINT_H 1
| #define HAVE_UNISTD_H 1
| #define HAVE_DLFCN_H 1
| #define LT_OBJDIR ".libs/"
| #define STDC_HEADERS 1
| #define SIZEOF_INT 4
| #define SIZEOF_LONG 4
| #define SIZEOF_LONG_LONG 8
| #define HAVE_FORK 1
| #define HAVE_LINUX_UNISTD_H 1
| #define HAVE_SIGNAL_H 1
| #define ARCH_X86 1
| #define HAVE_LIBPTHREAD 1
| #define HAVE_DECL_PTHREAD_MUTEX_RECURSIVE 1
| #define HAVE_DECL_PTHREAD_RECURSIVE_MUTEX_INITIALIZER_NP 1
| #define HAVE_LIBRT 1
| #define HAVE_LIBDL 1
| #define HAVE_INB_OUTB_IOPL 1
| #define HAVE_SYSIO 1
| #define USE_MMX 1
| #define USE_SSE 1
| #define USE_GLX 1
| /* end confdefs.h.  */
| #include <dbox/fp.h>
configure:19737: result: no
configure:19737: checking for dbox/fp.h
configure:19737: result: no
configure:19742: WARNING: *** DBox2 Remote input driver will not be built.
configure:19751: checking for dbox/fp.h
configure:19751: result: no
configure:19756: WARNING: *** DreamBox Remote input driver will not be built.
configure:19780: checking linux/h3600_ts.h usability
configure:19780: i486-TSOL-linux-gnu-gcc -c -O2 -g2 -ffast-math -pipe  -D_REENTRANT  -I/usr/xorg/include conftest.c >&5
conftest.c:73:28: fatal error: linux/h3600_ts.h: No such file or directory
compilation terminated.
configure:19780: $? = 1
configure: failed program was:
| /* confdefs.h */
| #define PACKAGE_NAME ""
| #define PACKAGE_TARNAME ""
| #define PACKAGE_VERSION ""
| #define PACKAGE_STRING ""
| #define PACKAGE_BUGREPORT ""
| #define PACKAGE_URL ""
| #define DIRECTFB_VERSION "1.6.0"
| #define STDC_HEADERS 1
| #define HAVE_SYS_TYPES_H 1
| #define HAVE_SYS_STAT_H 1
| #define HAVE_STDLIB_H 1
| #define HAVE_STRING_H 1
| #define HAVE_MEMORY_H 1
| #define HAVE_STRINGS_H 1
| #define HAVE_INTTYPES_H 1
| #define HAVE_STDINT_H 1
| #define HAVE_UNISTD_H 1
| #define HAVE_DLFCN_H 1
| #define LT_OBJDIR ".libs/"
| #define STDC_HEADERS 1
| #define SIZEOF_INT 4
| #define SIZEOF_LONG 4
| #define SIZEOF_LONG_LONG 8
| #define HAVE_FORK 1
| #define HAVE_LINUX_UNISTD_H 1
| #define HAVE_SIGNAL_H 1
| #define ARCH_X86 1
| #define HAVE_LIBPTHREAD 1
| #define HAVE_DECL_PTHREAD_MUTEX_RECURSIVE 1
| #define HAVE_DECL_PTHREAD_RECURSIVE_MUTEX_INITIALIZER_NP 1
| #define HAVE_LIBRT 1
| #define HAVE_LIBDL 1
| #define HAVE_INB_OUTB_IOPL 1
| #define HAVE_SYSIO 1
| #define USE_MMX 1
| #define USE_SSE 1
| #define USE_GLX 1
| /* end confdefs.h.  */
| #include <stdio.h>
| #ifdef HAVE_SYS_TYPES_H
| # include <sys/types.h>
| #endif
| #ifdef HAVE_SYS_STAT_H
| # include <sys/stat.h>
| #endif
| #ifdef STDC_HEADERS
| # include <stdlib.h>
| # include <stddef.h>
| #else
| # ifdef HAVE_STDLIB_H
| #  include <stdlib.h>
| # endif
| #endif
| #ifdef HAVE_STRING_H
| # if !defined STDC_HEADERS && defined HAVE_MEMORY_H
| #  include <memory.h>
| # endif
| # include <string.h>
| #endif
| #ifdef HAVE_STRINGS_H
| # include <strings.h>
| #endif
| #ifdef HAVE_INTTYPES_H
| # include <inttypes.h>
| #endif
| #ifdef HAVE_STDINT_H
| # include <stdint.h>
| #endif
| #ifdef HAVE_UNISTD_H
| # include <unistd.h>
| #endif
| #include <linux/h3600_ts.h>
configure:19780: result: no
configure:19780: checking linux/h3600_ts.h presence
configure:19780: i486-TSOL-linux-gnu-gcc -E -D_REENTRANT  -I/usr/xorg/include conftest.c
conftest.c:40:28: fatal error: linux/h3600_ts.h: No such file or directory
compilation terminated.
configure:19780: $? = 1
configure: failed program was:
| /* confdefs.h */
| #define PACKAGE_NAME ""
| #define PACKAGE_TARNAME ""
| #define PACKAGE_VERSION ""
| #define PACKAGE_STRING ""
| #define PACKAGE_BUGREPORT ""
| #define PACKAGE_URL ""
| #define DIRECTFB_VERSION "1.6.0"
| #define STDC_HEADERS 1
| #define HAVE_SYS_TYPES_H 1
| #define HAVE_SYS_STAT_H 1
| #define HAVE_STDLIB_H 1
| #define HAVE_STRING_H 1
| #define HAVE_MEMORY_H 1
| #define HAVE_STRINGS_H 1
| #define HAVE_INTTYPES_H 1
| #define HAVE_STDINT_H 1
| #define HAVE_UNISTD_H 1
| #define HAVE_DLFCN_H 1
| #define LT_OBJDIR ".libs/"
| #define STDC_HEADERS 1
| #define SIZEOF_INT 4
| #define SIZEOF_LONG 4
| #define SIZEOF_LONG_LONG 8
| #define HAVE_FORK 1
| #define HAVE_LINUX_UNISTD_H 1
| #define HAVE_SIGNAL_H 1
| #define ARCH_X86 1
| #define HAVE_LIBPTHREAD 1
| #define HAVE_DECL_PTHREAD_MUTEX_RECURSIVE 1
| #define HAVE_DECL_PTHREAD_RECURSIVE_MUTEX_INITIALIZER_NP 1
| #define HAVE_LIBRT 1
| #define HAVE_LIBDL 1
| #define HAVE_INB_OUTB_IOPL 1
| #define HAVE_SYSIO 1
| #define USE_MMX 1
| #define USE_SSE 1
| #define USE_GLX 1
| /* end confdefs.h.  */
| #include <linux/h3600_ts.h>
configure:19780: result: no
configure:19780: checking for linux/h3600_ts.h
configure:19780: result: no
configure:19785: WARNING: *** H3600 Touchscreen driver will not be built.
configure:19800: checking linux/joystick.h usability
configure:19800: i486-TSOL-linux-gnu-gcc -c -O2 -g2 -ffast-math -pipe  -D_REENTRANT  -I/usr/xorg/include conftest.c >&5
configure:19800: $? = 0
configure:19800: result: yes
configure:19800: checking linux/joystick.h presence
configure:19800: i486-TSOL-linux-gnu-gcc -E -D_REENTRANT  -I/usr/xorg/include conftest.c
configure:19800: $? = 0
configure:19800: result: yes
configure:19800: checking for linux/joystick.h
configure:19800: result: yes
configure:19819: checking linux/input.h usability
configure:19819: i486-TSOL-linux-gnu-gcc -c -O2 -g2 -ffast-math -pipe  -D_REENTRANT  -I/usr/xorg/include conftest.c >&5
configure:19819: $? = 0
configure:19819: result: yes
configure:19819: checking linux/input.h presence
configure:19819: i486-TSOL-linux-gnu-gcc -E -D_REENTRANT  -I/usr/xorg/include conftest.c
configure:19819: $? = 0
configure:19819: result: yes
configure:19819: checking for linux/input.h
configure:19819: result: yes
configure:19831: checking for struct input_absinfo in linux/input.h
configure:19844: i486-TSOL-linux-gnu-gcc -c -O2 -g2 -ffast-math -pipe  -D_REENTRANT  -I/usr/xorg/include conftest.c >&5
configure:19844: $? = 0
configure:19848: result: yes
configure:19885: checking linux/serial.h usability
configure:19885: i486-TSOL-linux-gnu-gcc -c -O2 -g2 -ffast-math -pipe  -D_REENTRANT  -I/usr/xorg/include conftest.c >&5
configure:19885: $? = 0
configure:19885: result: yes
configure:19885: checking linux/serial.h presence
configure:19885: i486-TSOL-linux-gnu-gcc -E -D_REENTRANT  -I/usr/xorg/include conftest.c
configure:19885: $? = 0
configure:19885: result: yes
configure:19885: checking for linux/serial.h
configure:19885: result: yes
configure:19899: checking linux/sonypi.h usability
configure:19899: i486-TSOL-linux-gnu-gcc -c -O2 -g2 -ffast-math -pipe  -D_REENTRANT  -I/usr/xorg/include conftest.c >&5
configure:19899: $? = 0
configure:19899: result: yes
configure:19899: checking linux/sonypi.h presence
configure:19899: i486-TSOL-linux-gnu-gcc -E -D_REENTRANT  -I/usr/xorg/include conftest.c
configure:19899: $? = 0
configure:19899: result: yes
configure:19899: checking for linux/sonypi.h
configure:19899: result: yes
configure:19915: checking for TSLIB
configure:19922: $PKG_CONFIG --exists --print-errors "tslib-1.0 >= 1.0.0"
Package tslib-1.0 was not found in the pkg-config search path.
Perhaps you should add the directory containing `tslib-1.0.pc'
to the PKG_CONFIG_PATH environment variable
No package 'tslib-1.0' found
configure:19925: $? = 1
configure:19938: $PKG_CONFIG --exists --print-errors "tslib-1.0 >= 1.0.0"
Package tslib-1.0 was not found in the pkg-config search path.
Perhaps you should add the directory containing `tslib-1.0.pc'
to the PKG_CONFIG_PATH environment variable
No package 'tslib-1.0' found
configure:19941: $? = 1
No package 'tslib-1.0' found
configure:19968: result: no
configure:19983: checking for TSLIB
configure:19990: $PKG_CONFIG --exists --print-errors "tslib-0.0"
Package tslib-0.0 was not found in the pkg-config search path.
Perhaps you should add the directory containing `tslib-0.0.pc'
to the PKG_CONFIG_PATH environment variable
No package 'tslib-0.0' found
configure:19993: $? = 1
configure:20006: $PKG_CONFIG --exists --print-errors "tslib-0.0"
Package tslib-0.0 was not found in the pkg-config search path.
Perhaps you should add the directory containing `tslib-0.0.pc'
to the PKG_CONFIG_PATH environment variable
No package 'tslib-0.0' found
configure:20009: $? = 1
No package 'tslib-0.0' found
configure:20036: result: no
configure:20039: WARNING: *** no tslib -- tslib driver will not be built.
configure:21346: creating ./config.status

## ---------------------- ##
## Running config.status. ##
## ---------------------- ##

This file was extended by config.status, which was
generated by GNU Autoconf 2.68.  Invocation command line was

  CONFIG_FILES    = 
  CONFIG_HEADERS  = 
  CONFIG_LINKS    = 
  CONFIG_COMMANDS = 
  $ ./config.status 

on ubuntu4

config.status:1579: creating directfb-config
config.status:1579: creating directfb.pc
config.status:1579: creating directfb-internal.pc
config.status:1579: creating directfb.spec
config.status:1579: creating Makefile
config.status:1579: creating include/Makefile
config.status:1579: creating include/directfb_build.h
config.status:1579: creating include/directfb_version.h
config.status:1579: creating lib/Makefile
config.status:1579: creating lib/direct/Makefile
config.status:1579: creating lib/direct/build.h
config.status:1579: creating lib/direct/direct.pc
config.status:1579: creating lib/direct/os/Makefile
config.status:1579: creating lib/direct/os/linux/glibc/Makefile
config.status:1579: creating lib/fusion/Makefile
config.status:1579: creating lib/fusion/build.h
config.status:1579: creating lib/fusion/fusion.pc
config.status:1579: creating lib/fusion/shm/Makefile
config.status:1579: creating lib/One/Makefile
config.status:1579: creating lib/One/one.pc
config.status:1579: creating lib/One/linux-one/Makefile
config.status:1579: creating lib/voodoo/Makefile
config.status:1579: creating lib/voodoo/build.h
config.status:1579: creating lib/voodoo/unix/Makefile
config.status:1579: creating lib/voodoo/voodoo.pc
config.status:1579: creating patches/Makefile
config.status:1579: creating proxy/Makefile
config.status:1579: creating proxy/dispatcher/Makefile
config.status:1579: creating proxy/requestor/Makefile
config.status:1579: creating rules/Makefile
config.status:1579: creating src/Makefile
config.status:1579: creating src/core/Makefile
config.status:1579: creating src/display/Makefile
config.status:1579: creating src/gfx/Makefile
config.status:1579: creating src/gfx/generic/Makefile
config.status:1579: creating src/input/Makefile
config.status:1579: creating src/media/Makefile
config.status:1579: creating src/misc/Makefile
config.status:1579: creating src/windows/Makefile
config.status:1579: creating systems/Makefile
config.status:1579: creating systems/android/Makefile
config.status:1579: creating systems/devmem/Makefile
config.status:1579: creating systems/dummy/Makefile
config.status:1579: creating systems/fbdev/Makefile
config.status:1579: creating systems/mesa/Makefile
config.status:1579: creating systems/pvr2d/Makefile
config.status:1579: creating systems/egl/Makefile
config.status:1579: creating systems/x11/Makefile
config.status:1579: creating systems/x11vdpau/Makefile
config.status:1579: creating systems/osx/Makefile
config.status:1579: creating systems/sdl/Makefile
config.status:1579: creating systems/vnc/Makefile
config.status:1579: creating wm/Makefile
config.status:1579: creating wm/default/Makefile
config.status:1579: creating wm/unique/Makefile
config.status:1579: creating wm/unique/classes/Makefile
config.status:1579: creating wm/unique/data/Makefile
config.status:1579: creating wm/unique/devices/Makefile
config.status:1579: creating gfxdrivers/Makefile
config.status:1579: creating gfxdrivers/ati128/Makefile
config.status:1579: creating gfxdrivers/cle266/Makefile
config.status:1579: creating gfxdrivers/cyber5k/Makefile
config.status:1579: creating gfxdrivers/davinci/Makefile
config.status:1579: creating gfxdrivers/ep9x/Makefile
config.status:1579: creating gfxdrivers/gl/Makefile
config.status:1579: creating gfxdrivers/gles2/Makefile
config.status:1579: creating gfxdrivers/i810/Makefile
config.status:1579: creating gfxdrivers/i830/Makefile
config.status:1579: creating gfxdrivers/mach64/Makefile
config.status:1579: creating gfxdrivers/matrox/Makefile
config.status:1579: creating gfxdrivers/neomagic/Makefile
config.status:1579: creating gfxdrivers/nsc/Makefile
config.status:1579: creating gfxdrivers/nsc/include/Makefile
config.status:1579: creating gfxdrivers/nvidia/Makefile
config.status:1579: creating gfxdrivers/omap/Makefile
config.status:1579: creating gfxdrivers/pvr2d/Makefile
config.status:1579: creating gfxdrivers/pxa3xx/Makefile
config.status:1579: creating gfxdrivers/radeon/Makefile
config.status:1579: creating gfxdrivers/savage/Makefile
config.status:1579: creating gfxdrivers/sh772x/Makefile
config.status:1579: creating gfxdrivers/sis315/Makefile
config.status:1579: creating gfxdrivers/tdfx/Makefile
config.status:1579: creating gfxdrivers/unichrome/Makefile
config.status:1579: creating gfxdrivers/vdpau/Makefile
config.status:1579: creating gfxdrivers/vmware/Makefile
config.status:1579: creating inputdrivers/Makefile
config.status:1579: creating inputdrivers/dbox2remote/Makefile
config.status:1579: creating inputdrivers/dreamboxremote/Makefile
config.status:1579: creating inputdrivers/dynapro/Makefile
config.status:1579: creating inputdrivers/elo/Makefile
config.status:1579: creating inputdrivers/gunze/Makefile
config.status:1579: creating inputdrivers/h3600_ts/Makefile
config.status:1579: creating inputdrivers/input_hub/Makefile
config.status:1579: creating inputdrivers/joystick/Makefile
config.status:1579: creating inputdrivers/keyboard/Makefile
config.status:1579: creating inputdrivers/linux_input/Makefile
config.status:1579: creating inputdrivers/lirc/Makefile
config.status:1579: creating inputdrivers/mutouch/Makefile
config.status:1579: creating inputdrivers/zytronic/Makefile
config.status:1579: creating inputdrivers/penmount/Makefile
config.status:1579: creating inputdrivers/ps2mouse/Makefile
config.status:1579: creating inputdrivers/serialmouse/Makefile
config.status:1579: creating inputdrivers/sonypi/Makefile
config.status:1579: creating inputdrivers/tslib/Makefile
config.status:1579: creating inputdrivers/ucb1x00_ts/Makefile
config.status:1579: creating inputdrivers/wm97xx_ts/Makefile
config.status:1579: creating interfaces/Makefile
config.status:1579: creating interfaces/ICoreResourceManager/Makefile
config.status:1579: creating interfaces/IDirectFBFont/Makefile
config.status:1579: creating interfaces/IDirectFBImageProvider/Makefile
config.status:1579: creating interfaces/IDirectFBImageProvider/mpeg2/Makefile
config.status:1579: creating interfaces/IDirectFBVideoProvider/Makefile
config.status:1579: creating interfaces/IDirectFBWindows/Makefile
config.status:1579: creating interfaces/IWater/Makefile
config.status:1579: creating data/Makefile
config.status:1579: creating tests/Makefile
config.status:1579: creating tests/voodoo/Makefile
config.status:1579: creating tools/Makefile
config.status:1579: creating docs/Makefile
config.status:1579: creating docs/dfbg.1
config.status:1579: creating docs/directfb-csource.1
config.status:1579: creating docs/directfbrc.5
config.status:1579: creating docs/html/Makefile
config.status:1579: creating config.h
config.status:1760: config.h is unchanged
config.status:1808: executing depfiles commands
config.status:1808: executing libtool commands
config.status:1808: executing default commands
configure:24053: result:
Build options:
  Version                   1.6.0
  Linux powered             yes
  Install prefix            /usr
  Config files in           /usr/etc
  Build shared libs         yes
  Build static libs         no
  Module directory          ${exec_prefix}/lib/directfb-1.6-0
  CPPFLAGS                  -D_REENTRANT  -I/usr/xorg/include
  CFLAGS                    -Wall -Wstrict-prototypes -Wmissing-prototypes -Wno-strict-aliasing -Werror-implicit-function-declaration -O2 -g2 -ffast-math -pipe  -D_GNU_SOURCE  -std=gnu99 -Werror-implicit-function-declaration
  LDFLAGS                    -L/usr/xorg/lib
  LIBS                      -ldl -lrt -lpthread 
  DYNLIB                    -ldl
  RTLIB                     -lrt
  THREADFLAGS               -D_REENTRANT
  THREADLIB                 -lpthread

Misc options:
  Multi Application Core    no
  Fusion Kernel Device      N/A
  Fusion message size       16384
  One (IPC)                 no
  Voodoo (network support)  no
  Pure Voodoo (net only)    no
  Debug supported           yes
  Debug enabled             no
  Trace support             no
  MMX support               yes
  SSE support               yes
  Network support           yes
  Include all strings       yes
  Software Rendering        yes
  Smooth SW Scaling         no
  Dithering                 none
  Dithering 565             none
  zlib compression          no                 
  Using setsockopt          yes

Building Tests              no
Building Tools              yes

Building System Modules:
  Linux FBDev support       yes
  Generic /dev/mem support  yes
  Mesa/DRM/KMS support      no                 
  PVR2D                     no                
  EGL                       no                  
  X11 support               no                  
  X11/VDPAU support         no             
  OSX support               no                  
  SDL support               no                  
  VNC support               no                  

Building Window Manager Modules:
  Default                   yes
  UniQuE                    no

Building Image Provider Modules:
  GIF                       yes
  JPEG                      yes                 -ljpeg
  PNG                       yes                  -I/usr/include/libpng12   -lpng12  
  Imlib2                    no                
  PNM                       yes
  SVG                       no                   
  BMP                       yes
  JPEG2000                  no             
  MPEG2                     yes


Building Video Provider Modules:
  GIF                       yes
  Video4Linux               yes (v2: no)
  MNG                       no                  

Building Font Modules:
  FreeType2                 no                  
  LinoType                  no                  
  Default font              yes
configure:24184: result:
Building Graphics Drivers:
  3Dfx Voodoo               yes
  ATI Mach64                yes
  ATI Rage 128              yes
  ATI Radeon                no
  Cirrus EP9X               yes
  Intel i810                yes
  Intel i830                yes
  Matrox                    yes
  NeoMagic                  yes
  NSC Geode                 yes
  nVidia                    yes
  PVR2D                     no
  PXA 3xx                   yes
  Renesas SH7722/SH7723     no
  S3 Savage                 no
  SiS 315                   yes
  TI Davinci                no
  TI OMAP                   no
  TVIA CyberPro             no
  VIA CLE266                no
  VIA UniChrome             no
  VMWare                    no
  VDPAU                     no
  --
  OpenGL                    yes (GLX: yes)
  OpenGL ES 2.0             no (Mesa:  no, PVR2D: no)
                                        

Building Input Drivers:
  DBox2 Remote              no
  DreamBox Remote           no
  Dynapro Touchscreen       no
  ELO Touchscreen           no
  Gunze Touchscreen         no
  H3600 Touchscreen         no
  Input Hub                 yes
  Joystick                  yes
  Keyboard                  yes
  Linux Input               yes
  LiRC                      yes
  MuTouch touchscreen       yes
  Zytronic touchscreen      yes
  PS/2 Mouse                yes
  Serial Mouse              yes
  SonyPI Jogdial            yes
  tslib                     no                  
  ucb1x00 Touchscreen       no
  WM97xx Touchscreen        yes
configure:24238: result:    
FreeType2 support is missing - many applications won't work correctly!


## ---------------- ##
## Cache variables. ##
## ---------------- ##

ac_cv_build=i686-pc-linux-gnu
ac_cv_c_bigendian=no
ac_cv_c_compiler_gnu=yes
ac_cv_cxx_compiler_gnu=yes
ac_cv_env_CCASFLAGS_set=
ac_cv_env_CCASFLAGS_value=
ac_cv_env_CCAS_set=
ac_cv_env_CCAS_value=
ac_cv_env_CCC_set=
ac_cv_env_CCC_value=
ac_cv_env_CC_set=set
ac_cv_env_CC_value=i486-TSOL-linux-gnu-gcc
ac_cv_env_CFLAGS_set=
ac_cv_env_CFLAGS_value=
ac_cv_env_CPPFLAGS_set=set
ac_cv_env_CPPFLAGS_value=' -I/usr/xorg/include'
ac_cv_env_CPP_set=
ac_cv_env_CPP_value=
ac_cv_env_CXXCPP_set=
ac_cv_env_CXXCPP_value=
ac_cv_env_CXXFLAGS_set=
ac_cv_env_CXXFLAGS_value=
ac_cv_env_CXX_set=set
ac_cv_env_CXX_value=i486-TSOL-linux-gnu-g++
ac_cv_env_EGL_CFLAGS_set=
ac_cv_env_EGL_CFLAGS_value=
ac_cv_env_EGL_LIBS_set=
ac_cv_env_EGL_LIBS_value=
ac_cv_env_FREETYPE_CFLAGS_set=
ac_cv_env_FREETYPE_CFLAGS_value=
ac_cv_env_FREETYPE_LIBS_set=
ac_cv_env_FREETYPE_LIBS_value=
ac_cv_env_LDFLAGS_set=set
ac_cv_env_LDFLAGS_value=' -L/usr/xorg/lib'
ac_cv_env_LIBPNG_CFLAGS_set=
ac_cv_env_LIBPNG_CFLAGS_value=
ac_cv_env_LIBPNG_LIBS_set=
ac_cv_env_LIBPNG_LIBS_value=
ac_cv_env_LIBS_set=
ac_cv_env_LIBS_value=
ac_cv_env_LINOTYPE_CFLAGS_set=
ac_cv_env_LINOTYPE_CFLAGS_value=
ac_cv_env_LINOTYPE_LIBS_set=
ac_cv_env_LINOTYPE_LIBS_value=
ac_cv_env_MESA_CFLAGS_set=
ac_cv_env_MESA_CFLAGS_value=
ac_cv_env_MESA_LIBS_set=
ac_cv_env_MESA_LIBS_value=
ac_cv_env_PKG_CONFIG_set=
ac_cv_env_PKG_CONFIG_value=
ac_cv_env_SDL_CFLAGS_set=
ac_cv_env_SDL_CFLAGS_value=
ac_cv_env_SDL_LIBS_set=
ac_cv_env_SDL_LIBS_value=
ac_cv_env_SH772X_DEP_CFLAGS_set=
ac_cv_env_SH772X_DEP_CFLAGS_value=
ac_cv_env_SH772X_DEP_LIBS_set=
ac_cv_env_SH772X_DEP_LIBS_value=
ac_cv_env_SH772X_SHJPEG_DEP_CFLAGS_set=
ac_cv_env_SH772X_SHJPEG_DEP_CFLAGS_value=
ac_cv_env_SH772X_SHJPEG_DEP_LIBS_set=
ac_cv_env_SH772X_SHJPEG_DEP_LIBS_value=
ac_cv_env_TSLIB_CFLAGS_set=
ac_cv_env_TSLIB_CFLAGS_value=
ac_cv_env_TSLIB_LIBS_set=
ac_cv_env_TSLIB_LIBS_value=
ac_cv_env_X11VDPAU_CFLAGS_set=
ac_cv_env_X11VDPAU_CFLAGS_value=
ac_cv_env_X11VDPAU_LIBS_set=
ac_cv_env_X11VDPAU_LIBS_value=
ac_cv_env_X11_CFLAGS_set=
ac_cv_env_X11_CFLAGS_value=
ac_cv_env_X11_LIBS_set=
ac_cv_env_X11_LIBS_value=
ac_cv_env_build_alias_set=
ac_cv_env_build_alias_value=
ac_cv_env_host_alias_set=
ac_cv_env_host_alias_value=
ac_cv_env_target_alias_set=
ac_cv_env_target_alias_value=
ac_cv_func_fork=yes
ac_cv_have_decl_PTHREAD_MUTEX_RECURSIVE=yes
ac_cv_have_decl_PTHREAD_RECURSIVE_MUTEX_INITIALIZER_NP=yes
ac_cv_header_Carbon_Carbon_h=no
ac_cv_header_GL_gl_h=yes
ac_cv_header_GL_glx_h=yes
ac_cv_header_asm_page_h=no
ac_cv_header_dbox_fp_h=no
ac_cv_header_dlfcn_h=yes
ac_cv_header_inttypes_h=yes
ac_cv_header_jpeglib_h=yes
ac_cv_header_linux_compiler_h=no
ac_cv_header_linux_h3600_ts_h=no
ac_cv_header_linux_input_h=yes
ac_cv_header_linux_joystick_h=yes
ac_cv_header_linux_serial_h=yes
ac_cv_header_linux_sonypi_h=yes
ac_cv_header_linux_unistd_h=yes
ac_cv_header_memory_h=yes
ac_cv_header_signal_h=yes
ac_cv_header_stdbool_h=yes
ac_cv_header_stdc=yes
ac_cv_header_stdint_h=yes
ac_cv_header_stdlib_h=yes
ac_cv_header_string_h=yes
ac_cv_header_strings_h=yes
ac_cv_header_sys_stat_h=yes
ac_cv_header_sys_types_h=yes
ac_cv_header_unistd_h=yes
ac_cv_host=i686-pc-linux-gnu
ac_cv_lib_dl_dlopen=yes
ac_cv_lib_jasper_jas_image_decode=no
ac_cv_lib_jpeg_jpeg_destroy_decompress=yes
ac_cv_lib_mng_mng_version_text=no
ac_cv_lib_pthread_pthread_attr_init=yes
ac_cv_lib_rt_clock_gettime=yes
ac_cv_objext=o
ac_cv_path_EGREP='/usr/bin/grep -E'
ac_cv_path_FGREP='/usr/bin/grep -F'
ac_cv_path_GREP=/usr/bin/grep
ac_cv_path_IMLIB2_CONFIG=no
ac_cv_path_MAN2HTML=no
ac_cv_path_PERL=/usr/bin/perl
ac_cv_path_SED=/usr/bin/sed
ac_cv_path_VNC_CONFIG=no
ac_cv_path_ac_pt_PKG_CONFIG=/usr/bin/pkg-config
ac_cv_path_install='/bin/install -c'
ac_cv_path_mkdir=/bin/mkdir
ac_cv_prog_AWK=gawk
ac_cv_prog_CPP='i486-TSOL-linux-gnu-gcc -E'
ac_cv_prog_CXXCPP='i486-TSOL-linux-gnu-g++ -E'
ac_cv_prog_ac_ct_AR=ar
ac_cv_prog_ac_ct_CC=i486-TSOL-linux-gnu-gcc
ac_cv_prog_ac_ct_OBJDUMP=objdump
ac_cv_prog_ac_ct_RANLIB=ranlib
ac_cv_prog_ac_ct_STRIP=strip
ac_cv_prog_cc_c89=
ac_cv_prog_cc_g=yes
ac_cv_prog_cc_i486_TSOL_linux_gnu_gcc_c_o=yes
ac_cv_prog_cxx_g=yes
ac_cv_prog_make_make_set=yes
ac_cv_search_sqrt=-lm
ac_cv_search_strerror='none required'
ac_cv_sizeof_int=4
ac_cv_sizeof_long=4
ac_cv_sizeof_long_long=8
ac_cv_target=i686-pc-linux-gnu
am_cv_CCAS_dependencies_compiler_type=gcc3
am_cv_CC_dependencies_compiler_type=gcc3
am_cv_CXX_dependencies_compiler_type=gcc3
lt_cv_archive_cmds_need_lc=no
lt_cv_deplibs_check_method=pass_all
lt_cv_file_magic_cmd='$MAGIC_CMD'
lt_cv_file_magic_test_file=
lt_cv_ld_reload_flag=-r
lt_cv_nm_interface='BSD nm'
lt_cv_objdir=.libs
lt_cv_path_LD=i486-TSOL-linux-gnu-ld
lt_cv_path_LDCXX=i486-TSOL-linux-gnu-ld
lt_cv_path_NM='/toolchain/i486-TSOL-linux-gnu/bin//nm -B'
lt_cv_prog_compiler_c_o=yes
lt_cv_prog_compiler_c_o_CXX=yes
lt_cv_prog_compiler_pic_works=yes
lt_cv_prog_compiler_pic_works_CXX=yes
lt_cv_prog_compiler_rtti_exceptions=no
lt_cv_prog_compiler_static_works=yes
lt_cv_prog_compiler_static_works_CXX=yes
lt_cv_prog_gnu_ld=yes
lt_cv_prog_gnu_ldcxx=yes
lt_cv_shlibpath_overrides_runpath=yes
lt_cv_sys_global_symbol_pipe='sed -n -e '\''s/^.*[	 ]\([ABCDGIRSTW][ABCDGIRSTW]*\)[	 ][	 ]*\([_A-Za-z][_A-Za-z0-9]*\)$/\1 \2 \2/p'\'''
lt_cv_sys_global_symbol_to_c_name_address='sed -n -e '\''s/^: \([^ ]*\) $/  {\"\1\", (void *) 0},/p'\'' -e '\''s/^[ABCDGIRSTW]* \([^ ]*\) \([^ ]*\)$/  {"\2", (void *) \&\2},/p'\'''
lt_cv_sys_global_symbol_to_c_name_address_lib_prefix='sed -n -e '\''s/^: \([^ ]*\) $/  {\"\1\", (void *) 0},/p'\'' -e '\''s/^[ABCDGIRSTW]* \([^ ]*\) \(lib[^ ]*\)$/  {"\2", (void *) \&\2},/p'\'' -e '\''s/^[ABCDGIRSTW]* \([^ ]*\) \([^ ]*\)$/  {"lib\2", (void *) \&\2},/p'\'''
lt_cv_sys_global_symbol_to_cdecl='sed -n -e '\''s/^T .* \(.*\)$/extern int \1();/p'\'' -e '\''s/^[ABCDGIRSTW]* .* \(.*\)$/extern char \1;/p'\'''
lt_cv_sys_max_cmd_len=1572864
pkg_cv_LIBPNG_CFLAGS='-I/usr/include/libpng12  '
pkg_cv_LIBPNG_LIBS='-lpng12  '

## ----------------- ##
## Output variables. ##
## ----------------- ##

ACLOCAL='${SHELL} /source/DirectFB-1.6.0/missing --run aclocal-1.11 '
AMDEPBACKSLASH='\'
AMDEP_FALSE='#'
AMDEP_TRUE=''
AMTAR='${SHELL} /source/DirectFB-1.6.0/missing --run tar'
AM_BACKSLASH='\'
AM_DEFAULT_VERBOSITY='0'
AR='ar'
AS='i486-TSOL-linux-gnu-gcc'
ASFLAGS='-ffast-math -pipe '
AUTOCONF='${SHELL} /source/DirectFB-1.6.0/missing --run autoconf'
AUTOHEADER='${SHELL} /source/DirectFB-1.6.0/missing --run autoheader'
AUTOMAKE='${SHELL} /source/DirectFB-1.6.0/missing --run automake-1.11'
AWK='gawk'
BMP_FALSE='#'
BMP_TRUE=''
BUILDARMASM_FALSE=''
BUILDARMASM_TRUE='#'
BUILDMMX_FALSE='#'
BUILDMMX_TRUE=''
BUILDPPCASM_FALSE=''
BUILDPPCASM_TRUE='#'
BUILD_DIRECTFB_CSOURCE_FALSE='#'
BUILD_DIRECTFB_CSOURCE_TRUE=''
BUILD_SHARED_FALSE='#'
BUILD_SHARED_TRUE=''
BUILD_STATIC_FALSE=''
BUILD_STATIC_TRUE='#'
BUILD_TESTS_FALSE=''
BUILD_TESTS_TRUE='#'
BUILD_TOOLS_FALSE='#'
BUILD_TOOLS_TRUE=''
CC='i486-TSOL-linux-gnu-gcc'
CCAS='i486-TSOL-linux-gnu-gcc'
CCASDEPMODE='depmode=gcc3'
CCASFLAGS='-g -O2'
CCDEPMODE='depmode=gcc3'
CFLAGS='-Wall -Wstrict-prototypes -Wmissing-prototypes -Wno-strict-aliasing -Werror-implicit-function-declaration -O2 -g2 -ffast-math -pipe  -D_GNU_SOURCE  -std=gnu99 -Werror-implicit-function-declaration'
CPP='i486-TSOL-linux-gnu-gcc -E'
CPPFLAGS='-D_REENTRANT  -I/usr/xorg/include'
CROSS_COMPILING_FALSE=''
CROSS_COMPILING_TRUE='#'
CXX='i486-TSOL-linux-gnu-g++'
CXXCPP='i486-TSOL-linux-gnu-g++ -E'
CXXDEPMODE='depmode=gcc3'
CXXFLAGS='-Wall -Wno-strict-aliasing -g -O2 -O2 -g2 -ffast-math -pipe  -D_GNU_SOURCE '
CYGPATH_W='echo'
DATADIR='${datarootdir}/directfb-1.6.0'
DBOX2REMOTE_FALSE=''
DBOX2REMOTE_TRUE='#'
DEFS='-DHAVE_CONFIG_H'
DEPDIR='.deps'
DEP_ONE=''
DEP_VOODOO=''
DEVMEM_CORE_FALSE='#'
DEVMEM_CORE_TRUE=''
DFB_CFLAGS_OMIT_FRAME_POINTER='-fomit-frame-pointer'
DFB_INTERNAL_CFLAGS='-D_GNU_SOURCE '
DFB_LDFLAGS=' -L/usr/xorg/lib '
DFB_SMOOTH_SCALING=''
DIRECTFB_BINARY_AGE='0'
DIRECTFB_BUILD_ONE='0'
DIRECTFB_BUILD_ONE_FALSE=''
DIRECTFB_BUILD_ONE_TRUE='#'
DIRECTFB_BUILD_PURE_VOODOO='0'
DIRECTFB_BUILD_PURE_VOODOO_FALSE=''
DIRECTFB_BUILD_PURE_VOODOO_TRUE='#'
DIRECTFB_BUILD_VOODOO='0'
DIRECTFB_BUILD_VOODOO_FALSE=''
DIRECTFB_BUILD_VOODOO_TRUE='#'
DIRECTFB_CSOURCE=''
DIRECTFB_INTERFACE_AGE='0'
DIRECTFB_MAJOR_VERSION='1'
DIRECTFB_MICRO_VERSION='0'
DIRECTFB_MINOR_VERSION='6'
DIRECTFB_VERSION='1.6.0'
DIRECT_BUILD_DEBUG='0'
DIRECT_BUILD_DEBUGS='1'
DIRECT_BUILD_DYNLOAD='1'
DIRECT_BUILD_GETTID='1'
DIRECT_BUILD_MULTICORE='1'
DIRECT_BUILD_NETWORK='1'
DIRECT_BUILD_OSTYPE='DIRECT_OS_LINUX_GNU_LIBC'
DIRECT_BUILD_STDBOOL='1'
DIRECT_BUILD_TEXT='1'
DIRECT_BUILD_TRACE='0'
DREAMBOXREMOTE_FALSE=''
DREAMBOXREMOTE_TRUE='#'
DSYMUTIL=''
DUMPBIN=''
DYNAPRO_INPUT_FALSE=''
DYNAPRO_INPUT_TRUE='#'
DYNLIB='-ldl'
ECHO_C=''
ECHO_N='-n'
ECHO_T=''
EGL_CFLAGS=''
EGL_CORE_FALSE=''
EGL_CORE_TRUE='#'
EGL_LIBS=''
EGREP='/usr/bin/grep -E'
ELO_INPUT_FALSE=''
ELO_INPUT_TRUE='#'
ENABLE_DEBUGS_FALSE='#'
ENABLE_DEBUGS_TRUE=''
ENABLE_DEBUG_FALSE=''
ENABLE_DEBUG_TRUE='#'
ENABLE_MULTI_FALSE=''
ENABLE_MULTI_TRUE='#'
ENABLE_ONE_FALSE=''
ENABLE_ONE_TRUE='#'
ENABLE_TRACE_FALSE=''
ENABLE_TRACE_TRUE='#'
ENABLE_UNIQUE_FALSE=''
ENABLE_UNIQUE_TRUE='#'
ENABLE_VOODOO_FALSE=''
ENABLE_VOODOO_TRUE='#'
EXEEXT=''
FBDEV_CORE_FALSE='#'
FBDEV_CORE_TRUE=''
FGREP='/usr/bin/grep -F'
FLUXCOMP=''
FREETYPE_CFLAGS=''
FREETYPE_LIBS=''
FREETYPE_PROVIDER=''
FREETYPE_PROVIDER_FALSE=''
FREETYPE_PROVIDER_TRUE='#'
FUSIONSOUND_CFLAGS=''
FUSIONSOUND_LIBS=''
FUSION_BUILD_KERNEL='0'
FUSION_BUILD_MULTI='0'
FUSION_MESSAGE_SIZE='16384'
GFX_ATI128_FALSE='#'
GFX_ATI128_TRUE=''
GFX_CLE266_FALSE=''
GFX_CLE266_TRUE='#'
GFX_CYBER5K_FALSE=''
GFX_CYBER5K_TRUE='#'
GFX_DAVINCI_FALSE=''
GFX_DAVINCI_TRUE='#'
GFX_EP9X_FALSE='#'
GFX_EP9X_TRUE=''
GFX_GLES2_FALSE=''
GFX_GLES2_TRUE='#'
GFX_GLX_FALSE='#'
GFX_GLX_TRUE=''
GFX_GL_FALSE='#'
GFX_GL_TRUE=''
GFX_I810_FALSE='#'
GFX_I810_TRUE=''
GFX_I830_FALSE='#'
GFX_I830_TRUE=''
GFX_MACH64_FALSE='#'
GFX_MACH64_TRUE=''
GFX_MATROX_FALSE='#'
GFX_MATROX_TRUE=''
GFX_NEOMAGIC_FALSE='#'
GFX_NEOMAGIC_TRUE=''
GFX_NSC_FALSE='#'
GFX_NSC_TRUE=''
GFX_NVIDIA_FALSE='#'
GFX_NVIDIA_TRUE=''
GFX_OMAP_FALSE=''
GFX_OMAP_TRUE='#'
GFX_PVR2D_FALSE=''
GFX_PVR2D_TRUE='#'
GFX_PXA3XX_FALSE='#'
GFX_PXA3XX_TRUE=''
GFX_RADEON_FALSE=''
GFX_RADEON_TRUE='#'
GFX_SAVAGE_FALSE=''
GFX_SAVAGE_TRUE='#'
GFX_SH772X_FALSE=''
GFX_SH772X_TRUE='#'
GFX_SIS315_FALSE='#'
GFX_SIS315_TRUE=''
GFX_TDFX_FALSE='#'
GFX_TDFX_TRUE=''
GFX_UNICHROME_FALSE=''
GFX_UNICHROME_TRUE='#'
GFX_VDPAU_FALSE=''
GFX_VDPAU_TRUE='#'
GFX_VMWARE_FALSE=''
GFX_VMWARE_TRUE='#'
GIF_PROVIDER=''
GIF_PROVIDER_FALSE='#'
GIF_PROVIDER_TRUE=''
GLES2_CFLAGS=''
GLES2_LIBS=''
GL_LIBS='-lGL'
GREP='/usr/bin/grep'
GUNZE_INPUT_FALSE=''
GUNZE_INPUT_TRUE='#'
H3600_TS_FALSE=''
H3600_TS_TRUE='#'
HAVE_LINUX=''
HAVE_LINUX_FALSE='#'
HAVE_LINUX_TRUE=''
HAVE_MAN2HTML_FALSE=''
HAVE_MAN2HTML_TRUE='#'
IMLIB2_CFLAGS=''
IMLIB2_CONFIG='no'
IMLIB2_FALSE=''
IMLIB2_LIBS=''
IMLIB2_TRUE='#'
INCLUDEDIR='${prefix}/include/directfb'
INPUT_HUB_FALSE='#'
INPUT_HUB_TRUE=''
INSTALL_DATA='${INSTALL} -m 644'
INSTALL_PROGRAM='${INSTALL}'
INSTALL_SCRIPT='${INSTALL}'
INSTALL_STRIP_PROGRAM='$(install_sh) -c -s'
INTERNALINCLUDEDIR='${prefix}/include/directfb-internal'
JASPER_LIBS=''
JOYSTICK_INPUT_FALSE='#'
JOYSTICK_INPUT_TRUE=''
JPEG2000_FALSE=''
JPEG2000_TRUE='#'
JPEG_PROVIDER=''
JPEG_PROVIDER_FALSE='#'
JPEG_PROVIDER_TRUE=''
KEYBOARD_INPUT_FALSE='#'
KEYBOARD_INPUT_TRUE=''
LD='i486-TSOL-linux-gnu-ld'
LDFLAGS=' -L/usr/xorg/lib'
LIBJPEG='-ljpeg'
LIBM='-lm'
LIBMNG=''
LIBOBJS=''
LIBPNG_CFLAGS='-I/usr/include/libpng12  '
LIBPNG_LIBS='-lpng12  '
LIBS='-ldl -lrt -lpthread '
LIBTOOL='$(SHELL) $(top_builddir)/libtool'
LINOTYPE_CFLAGS=''
LINOTYPE_LIBS=''
LINOTYPE_PROVIDER_FALSE=''
LINOTYPE_PROVIDER_TRUE='#'
LINUX_INPUT_FALSE='#'
LINUX_INPUT_TRUE=''
LIPO=''
LIRC_INPUT_FALSE='#'
LIRC_INPUT_TRUE=''
LN_S='ln -s'
LTLIBOBJS=''
LT_AGE='0'
LT_BINARY='0'
LT_CURRENT='0'
LT_RELEASE='1.6'
LT_REVISION='0'
MAINT='#'
MAINTAINER_MODE_FALSE=''
MAINTAINER_MODE_TRUE='#'
MAKEINFO='${SHELL} /source/DirectFB-1.6.0/missing --run makeinfo'
MAN2HTML='no'
MESA_CFLAGS=''
MESA_CORE_FALSE=''
MESA_CORE_TRUE='#'
MESA_LIBS=''
MKDIR_P='/bin/mkdir -p'
MNG_PROVIDER=''
MNG_PROVIDER_FALSE=''
MNG_PROVIDER_TRUE='#'
MODULEDIR='${exec_prefix}/lib/directfb-1.6-0'
MODULEDIRNAME='directfb-1.6-0'
MPEG2_FALSE='#'
MPEG2_TRUE=''
MUTOUCH_TS_FALSE='#'
MUTOUCH_TS_TRUE=''
NM='/toolchain/i486-TSOL-linux-gnu/bin//nm -B'
NMEDIT=''
OBJDUMP='objdump'
OBJEXT='o'
OSX_CORE_FALSE=''
OSX_CORE_TRUE='#'
OSX_LIBS=''
OTOOL64=''
OTOOL=''
PACKAGE='DirectFB'
PACKAGE_BUGREPORT=''
PACKAGE_NAME=''
PACKAGE_STRING=''
PACKAGE_TARNAME=''
PACKAGE_URL=''
PACKAGE_VERSION=''
PATH_SEPARATOR=':'
PENMOUNT_TS_FALSE='#'
PENMOUNT_TS_TRUE=''
PERL='/usr/bin/perl'
PKG_CONFIG='/usr/bin/pkg-config'
PNG_PROVIDER=''
PNG_PROVIDER_FALSE='#'
PNG_PROVIDER_TRUE=''
PNM_FALSE='#'
PNM_TRUE=''
PS2MOUSE_INPUT_FALSE='#'
PS2MOUSE_INPUT_TRUE=''
PVR2D_CFLAGS=''
PVR2D_CORE_FALSE=''
PVR2D_CORE_TRUE='#'
PVR2D_LIBS=''
RANLIB='ranlib'
RTLIB='-lrt'
RUNTIME_SYSROOT=''
SDL_CFLAGS=''
SDL_CORE_FALSE=''
SDL_CORE_TRUE='#'
SDL_LIBS=''
SED='/usr/bin/sed'
SERIAL_MOUSE_INPUT_FALSE='#'
SERIAL_MOUSE_INPUT_TRUE=''
SET_MAKE=''
SH772X_DEP_CFLAGS=''
SH772X_DEP_LIBS=''
SH772X_SHJPEG_DEP_CFLAGS=''
SH772X_SHJPEG_DEP_LIBS=''
SH772X_SHJPEG_FALSE=''
SH772X_SHJPEG_TRUE='#'
SHELL='/bin/sh'
SOFTWARE_RENDERING_FALSE='#'
SOFTWARE_RENDERING_TRUE=''
SONYPI_FALSE='#'
SONYPI_TRUE=''
SOPATH='${exec_prefix}/lib/libdirectfb-1.6.so.0'
STRIP='strip'
SVG_CFLAGS=''
SVG_FALSE=''
SVG_LIBS=''
SVG_TRUE='#'
SYSCONFDIR='/usr/etc'
THREADFLAGS='-D_REENTRANT'
THREADLIB='-lpthread'
TSLIB_CFLAGS=''
TSLIB_FALSE=''
TSLIB_LIBS=''
TSLIB_TRUE='#'
UCB1X00_TS_FALSE=''
UCB1X00_TS_TRUE='#'
V4L_PROVIDER_FALSE='#'
V4L_PROVIDER_TRUE=''
VERSION='1.6.0'
VNC_CFLAGS=''
VNC_CONFIG='no'
VNC_CORE_FALSE=''
VNC_CORE_TRUE='#'
VNC_LIBS=''
VOODOO_BUILD_NO_SETSOCKOPT='0'
WM97XX_TS_FALSE='#'
WM97XX_TS_TRUE=''
X11VDPAU_CFLAGS=''
X11VDPAU_CORE_FALSE=''
X11VDPAU_CORE_TRUE='#'
X11VDPAU_LIBS=''
X11_CFLAGS=''
X11_CORE_FALSE=''
X11_CORE_TRUE='#'
X11_LIBS=''
ZLIB_LIBS=''
ZYTRONIC_TS_FALSE='#'
ZYTRONIC_TS_TRUE=''
ac_ct_CC='i486-TSOL-linux-gnu-gcc'
ac_ct_CXX=''
ac_ct_DUMPBIN=''
am__EXEEXT_FALSE=''
am__EXEEXT_TRUE='#'
am__fastdepCCAS_FALSE='#'
am__fastdepCCAS_TRUE=''
am__fastdepCC_FALSE='#'
am__fastdepCC_TRUE=''
am__fastdepCXX_FALSE='#'
am__fastdepCXX_TRUE=''
am__include='include'
am__isrc=''
am__leading_dot='.'
am__quote=''
am__tar='${AMTAR} chof - "$$tardir"'
am__untar='${AMTAR} xf -'
bindir='${exec_prefix}/bin'
build='i686-pc-linux-gnu'
build_alias=''
build_cpu='i686'
build_os='linux-gnu'
build_vendor='pc'
datadir='${datarootdir}'
datarootdir='${prefix}/share'
docdir='${datarootdir}/doc/${PACKAGE}'
dvidir='${docdir}'
exec_prefix='${prefix}'
host='i686-pc-linux-gnu'
host_alias=''
host_cpu='i686'
host_os='linux-gnu'
host_vendor='pc'
htmldir='${docdir}'
includedir='${prefix}/include'
infodir='${datarootdir}/info'
install_sh='${SHELL} /source/DirectFB-1.6.0/install-sh'
libdir='${exec_prefix}/lib'
libexecdir='${exec_prefix}/libexec'
localedir='${datarootdir}/locale'
localstatedir='${prefix}/var'
mandir='${datarootdir}/man'
mkdir_p='/bin/mkdir -p'
oldincludedir='/usr/include'
pdfdir='${docdir}'
prefix='/usr'
program_transform_name='s,x,x,'
psdir='${docdir}'
sbindir='${exec_prefix}/sbin'
sharedstatedir='${prefix}/com'
sysconfdir='${prefix}/etc'
target='i686-pc-linux-gnu'
target_alias=''
target_cpu='i686'
target_os='linux-gnu'
target_vendor='pc'

## ----------- ##
## confdefs.h. ##
## ----------- ##

/* confdefs.h */
#define PACKAGE_NAME ""
#define PACKAGE_TARNAME ""
#define PACKAGE_VERSION ""
#define PACKAGE_STRING ""
#define PACKAGE_BUGREPORT ""
#define PACKAGE_URL ""
#define DIRECTFB_VERSION "1.6.0"
#define STDC_HEADERS 1
#define HAVE_SYS_TYPES_H 1
#define HAVE_SYS_STAT_H 1
#define HAVE_STDLIB_H 1
#define HAVE_STRING_H 1
#define HAVE_MEMORY_H 1
#define HAVE_STRINGS_H 1
#define HAVE_INTTYPES_H 1
#define HAVE_STDINT_H 1
#define HAVE_UNISTD_H 1
#define HAVE_DLFCN_H 1
#define LT_OBJDIR ".libs/"
#define STDC_HEADERS 1
#define SIZEOF_INT 4
#define SIZEOF_LONG 4
#define SIZEOF_LONG_LONG 8
#define HAVE_FORK 1
#define HAVE_LINUX_UNISTD_H 1
#define HAVE_SIGNAL_H 1
#define ARCH_X86 1
#define HAVE_LIBPTHREAD 1
#define HAVE_DECL_PTHREAD_MUTEX_RECURSIVE 1
#define HAVE_DECL_PTHREAD_RECURSIVE_MUTEX_INITIALIZER_NP 1
#define HAVE_LIBRT 1
#define HAVE_LIBDL 1
#define HAVE_INB_OUTB_IOPL 1
#define HAVE_SYSIO 1
#define USE_MMX 1
#define USE_SSE 1
#define USE_GLX 1
#define HAVE_INPUT_ABSINFO 1
#define DFB_DITHER_SIMPLE 1
#define DFB_DITHER_ADVANCED 2

configure: exit 0
