This file contains any messages produced by compilers while
running configure, to aid debugging if configure makes a mistake.

configure:599: checking for a BSD compatible install
configure:652: checking whether build environment is sane
configure:709: checking whether make sets ${MAKE}
configure:755: checking for working aclocal
configure:768: checking for working autoconf
configure:781: checking for working automake
configure:794: checking for working autoheader
configure:807: checking for working makeinfo
configure:901: checking host system type
configure:922: checking build system type
configure:942: checking for ranlib
configure:972: checking for gcc
configure:1085: checking whether the C compiler (i486-TSOL-linux-gnu-gcc -O2 -static-libgcc) works
configure:1101: i486-TSOL-linux-gnu-gcc -o conftest -O2  -static-libgcc conftest.c  1>&5
configure:1127: checking whether the C compiler (i486-TSOL-linux-gnu-gcc -O2 -static-libgcc) is a cross-compiler
configure:1132: checking whether we are using GNU C
configure:1160: checking whether i486-TSOL-linux-gnu-gcc accepts -g
configure:1203: checking for ld used by GCC
configure:1265: checking if the linker (i486-TSOL-linux-gnu-ld) is GNU ld
configure:1281: checking for BSD-compatible nm
configure:1317: checking whether ln -s works
ltconfig:603: checking for object suffix
ltconfig:604: i486-TSOL-linux-gnu-gcc -c -O2  conftest.c 1>&5
ltconfig:629: checking for executable suffix
ltconfig:630: i486-TSOL-linux-gnu-gcc -o conftest -O2  -static-libgcc conftest.c  1>&5
ltconfig:776: checking if i486-TSOL-linux-gnu-gcc PIC flag -fPIC works
ltconfig:777: i486-TSOL-linux-gnu-gcc -c -O2 -fPIC -DPIC  conftest.c 1>&5
ltconfig:829: checking if i486-TSOL-linux-gnu-gcc supports -c -o file.o
ltconfig:830: i486-TSOL-linux-gnu-gcc -c -O2 -o out/conftest2.o  conftest.c 1>&5
ltconfig:862: checking if i486-TSOL-linux-gnu-gcc supports -c -o file.lo
ltconfig:863: i486-TSOL-linux-gnu-gcc -c -O2 -c -o conftest.lo  conftest.c 1>&5
ltconfig:914: checking if i486-TSOL-linux-gnu-gcc supports -fno-rtti -fno-exceptions
ltconfig:915: i486-TSOL-linux-gnu-gcc -c -O2 -fno-rtti -fno-exceptions -c conftest.c  conftest.c 1>&5
ltconfig:958: checking if i486-TSOL-linux-gnu-gcc static flag -static works
ltconfig:959: i486-TSOL-linux-gnu-gcc -o conftest -O2  -static-libgcc -static conftest.c  1>&5
GNU ld (crosstool-NG 1.15.2) 2.20.1.20100303
ltconfig:1635: checking if global_symbol_pipe works
ltconfig:1636: i486-TSOL-linux-gnu-gcc -c -O2  conftest.c 1>&5
ltconfig:1639: eval "/toolchain/i486-TSOL-linux-gnu/bin//nm -B conftest.o | sed -n -e 's/^.*[ 	]\([ABCDGISTW]\)[ 	][ 	]*\(\)\([_A-Za-z][_A-Za-z0-9]*\)$/\1 \2\3 \3/p' > conftest.nm"
ltconfig:1691: i486-TSOL-linux-gnu-gcc -o conftest -O2 -fno-builtin  -static-libgcc conftest.c conftstm.o 1>&5
configure:1510: checking for gcc
configure:1623: checking whether the C compiler (i486-TSOL-linux-gnu-gcc -O2 -static-libgcc) works
configure:1639: i486-TSOL-linux-gnu-gcc -o conftest -O2  -static-libgcc conftest.c  1>&5
configure:1665: checking whether the C compiler (i486-TSOL-linux-gnu-gcc -O2 -static-libgcc) is a cross-compiler
configure:1670: checking whether we are using GNU C
configure:1698: checking whether i486-TSOL-linux-gnu-gcc accepts -g
configure:1730: checking for POSIXized ISC
configure:1754: checking for i486-TSOL-linux-gnu-gcc option to accept ANSI C
configure:1842: checking for a BSD compatible install
configure:1895: checking whether ln -s works
configure:1916: checking whether make sets ${MAKE}
configure:1943: checking how to run the C preprocessor
configure:2027: checking for X
configure:2341: checking for dnet_ntoa in -ldnet
configure:2382: checking for dnet_ntoa in -ldnet_stub
configure:2430: checking for gethostbyname
configure:2528: checking for connect
configure:2620: checking for remove
configure:2712: checking for shmat
configure:2813: checking for IceConnectionNumber in -lICE
configure:2858: checking whether to enable maintainer-specific portions of Makefiles
configure:2934: checking for glib-config
configure:2969: checking for GLIB - version >= 1.2.0
configure:3200: checking for gtk-config
configure:3235: checking for GTK - version >= 1.2.0
configure:3431: checking for gnome-config
configure:3499: checking whether to build gmodulized gdk-pixbuf
configure:3521: checking whether dynamic modules work
configure:3544: i486-TSOL-linux-gnu-gcc -o conftest -I/usr/lib/glib/include  -static-libgcc conftest.c -L/usr/lib -rdynamic -lgmodule -lglib -ldl 1>&5
configure: In function 'main':
configure:3537:10: warning: incompatible implicit declaration of built-in function 'exit' [enabled by default]
configure:3585: checking for location of rgb.txt database
configure:3607: checking for TIFFReadScanline in -ltiff
configure:3643: checking for tiffio.h
configure:3830: checking for jpeg_destroy_decompress in -ljpeg
configure:3873: checking for jpeglib.h
configure:3883: i486-TSOL-linux-gnu-gcc -E  conftest.c >/dev/null 2>conftest.out
configure:3900: checking for jpeg_simple_progression in -ljpeg
configure:3951: checking for png_read_info in -lpng
configure:3987: checking for png.h
configure:4026: checking for png_structp in png.h
configure:4035: i486-TSOL-linux-gnu-gcc -c -O2  conftest.c 1>&5
configure:4073: checking for ANSI C header files
configure:4181: checking for dirent.h that defines DIR
configure:4219: checking for opendir in -ldir
configure:4302: checking for sys/wait.h that is POSIX.1 compatible
configure:4345: checking return type of signal handlers
configure:4445: checking for gtkdoc-mkdb
configure:4508: checking for x86 platform
configure:4524: checking compiler support for MMX
configure:4526: i486-TSOL-linux-gnu-gcc -c -O2  conftest.S 1>&5
