This file contains any messages produced by compilers while
running configure, to aid debugging if configure makes a mistake.

It was created by alsa-lib configure 1.0.28, which was
generated by GNU Autoconf 2.69.  Invocation command line was

  $ ./configure --prefix=/usr --disable-python --enable-shared

## --------- ##
## Platform. ##
## --------- ##

hostname = ubuntu4
uname -m = i686
uname -r = 3.2.16-030216-generic
uname -s = Linux
uname -v = #201204221935 SMP Sun Apr 22 23:42:49 UTC 2012

/usr/bin/uname -p = unknown
/bin/uname -X     = unknown

/bin/arch              = unknown
/usr/bin/arch -k       = unknown
/usr/convex/getsysinfo = unknown
/usr/bin/hostinfo      = unknown
/bin/machine           = unknown
/usr/bin/oslevel       = unknown
/bin/universe          = unknown

PATH: /source/docbook-xsl-1.76.1/tools/bin
PATH: /bin
PATH: /sbin
PATH: /usr/bin
PATH: /usr/sbin
PATH: /usr/bin/X11
PATH: /usr/local/bin
PATH: /toolchain/bin
PATH: /toolchain/i486-TSOL-linux-gnu/bin/
PATH: /root/.local/bin
PATH: /usr/xorg/bin


## ----------- ##
## Core tests. ##
## ----------- ##

configure:2416: checking build system type
configure:2430: result: i686-pc-linux-gnu
configure:2450: checking host system type
configure:2463: result: i686-pc-linux-gnu
configure:2499: checking for a BSD-compatible install
configure:2567: result: /bin/install -c
configure:2578: checking whether build environment is sane
configure:2633: result: yes
configure:2784: checking for a thread-safe mkdir -p
configure:2823: result: /bin/mkdir -p
configure:2830: checking for gawk
configure:2846: found /usr/bin/gawk
configure:2857: result: gawk
configure:2868: checking whether make sets $(MAKE)
configure:2890: result: yes
configure:2987: checking whether to enable maintainer-specific portions of Makefiles
configure:2996: result: yes
configure:3022: checking whether make supports nested variables
configure:3039: result: yes
configure:3120: checking for gcc
configure:3147: result: i486-TSOL-linux-gnu-gcc
configure:3376: checking for C compiler version
configure:3385: i486-TSOL-linux-gnu-gcc --version >&5
i486-TSOL-linux-gnu-gcc (crosstool-NG 1.15.2) 4.6.3
Copyright (C) 2011 Free Software Foundation, Inc.
This is free software; see the source for copying conditions.  There is NO
warranty; not even for MERCHANTABILITY or FITNESS FOR A PARTICULAR PURPOSE.

configure:3396: $? = 0
configure:3385: i486-TSOL-linux-gnu-gcc -v >&5
Using built-in specs.
COLLECT_GCC=i486-TSOL-linux-gnu-gcc
COLLECT_LTO_WRAPPER=/toolchain/libexec/gcc/i486-TSOL-linux-gnu/4.6.3/lto-wrapper
Target: i486-TSOL-linux-gnu
Configured with: /TSOL/crosstool-ng-1.15.2/bin/.build/src/gcc-4.6.3/configure --build=i686-build_pc-linux-gnu --host=i686-build_pc-linux-gnu --target=i486-TSOL-linux-gnu --prefix=/toolchain --with-sysroot=/toolchain/i486-TSOL-linux-gnu/sysroot --enable-languages=c,c++ --with-arch=i486 --with-pkgversion='crosstool-NG 1.15.2' --enable-__cxa_atexit --disable-libmudflap --disable-libgomp --disable-libssp --with-gmp=/TSOL/crosstool-ng-1.15.2/bin/.build/i486-TSOL-linux-gnu/buildtools --with-mpfr=/TSOL/crosstool-ng-1.15.2/bin/.build/i486-TSOL-linux-gnu/buildtools --with-mpc=/TSOL/crosstool-ng-1.15.2/bin/.build/i486-TSOL-linux-gnu/buildtools --with-ppl=/TSOL/crosstool-ng-1.15.2/bin/.build/i486-TSOL-linux-gnu/buildtools --with-cloog=/TSOL/crosstool-ng-1.15.2/bin/.build/i486-TSOL-linux-gnu/buildtools --with-libelf=no --with-host-libstdcxx='-static-libgcc -Wl,-Bstatic,-lstdc++,-Bdynamic -lm -L/TSOL/crosstool-ng-1.15.2/bin/.build/i486-TSOL-linux-gnu/buildtools/lib -lpwl' --enable-threads=posix --enable-target-optspace --disable-multilib --with-local-prefix=/toolchain/i486-TSOL-linux-gnu/sysroot --enable-c99 --enable-long-long
Thread model: posix
gcc version 4.6.3 (crosstool-NG 1.15.2) 
configure:3396: $? = 0
configure:3385: i486-TSOL-linux-gnu-gcc -V >&5
i486-TSOL-linux-gnu-gcc: error: unrecognized option '-V'
i486-TSOL-linux-gnu-gcc: fatal error: no input files
compilation terminated.
configure:3396: $? = 1
configure:3385: i486-TSOL-linux-gnu-gcc -qversion >&5
i486-TSOL-linux-gnu-gcc: error: unrecognized option '-qversion'
i486-TSOL-linux-gnu-gcc: fatal error: no input files
compilation terminated.
configure:3396: $? = 1
configure:3416: checking whether the C compiler works
configure:3438: i486-TSOL-linux-gnu-gcc -Os -D_GNU_SOURCE  -static-libgcc conftest.c  >&5
configure:3442: $? = 0
configure:3490: result: yes
configure:3493: checking for C compiler default output file name
configure:3495: result: a.out
configure:3501: checking for suffix of executables
configure:3508: i486-TSOL-linux-gnu-gcc -o conftest -Os -D_GNU_SOURCE  -static-libgcc conftest.c  >&5
configure:3512: $? = 0
configure:3534: result: 
configure:3556: checking whether we are cross compiling
configure:3564: i486-TSOL-linux-gnu-gcc -o conftest -Os -D_GNU_SOURCE  -static-libgcc conftest.c  >&5
configure:3568: $? = 0
configure:3575: ./conftest
configure:3579: $? = 0
configure:3594: result: no
configure:3599: checking for suffix of object files
configure:3621: i486-TSOL-linux-gnu-gcc -c -Os -D_GNU_SOURCE  conftest.c >&5
configure:3625: $? = 0
configure:3646: result: o
configure:3650: checking whether we are using the GNU C compiler
configure:3669: i486-TSOL-linux-gnu-gcc -c -Os -D_GNU_SOURCE  conftest.c >&5
configure:3669: $? = 0
configure:3678: result: yes
configure:3687: checking whether i486-TSOL-linux-gnu-gcc accepts -g
configure:3707: i486-TSOL-linux-gnu-gcc -c -g  conftest.c >&5
configure:3707: $? = 0
configure:3748: result: yes
configure:3765: checking for i486-TSOL-linux-gnu-gcc option to accept ISO C89
configure:3828: i486-TSOL-linux-gnu-gcc  -c -Os -D_GNU_SOURCE  conftest.c >&5
configure:3828: $? = 0
configure:3841: result: none needed
configure:3872: checking for style of include used by make
configure:3900: result: GNU
configure:3926: checking dependency style of i486-TSOL-linux-gnu-gcc
configure:4037: result: gcc3
configure:4057: checking how to run the C preprocessor
configure:4088: i486-TSOL-linux-gnu-gcc -E  conftest.c
configure:4088: $? = 0
configure:4102: i486-TSOL-linux-gnu-gcc -E  conftest.c
conftest.c:11:28: fatal error: ac_nonexistent.h: No such file or directory
compilation terminated.
configure:4102: $? = 1
configure: failed program was:
| /* confdefs.h */
| #define PACKAGE_NAME "alsa-lib"
| #define PACKAGE_TARNAME "alsa-lib"
| #define PACKAGE_VERSION "1.0.28"
| #define PACKAGE_STRING "alsa-lib 1.0.28"
| #define PACKAGE_BUGREPORT ""
| #define PACKAGE_URL ""
| #define PACKAGE "alsa-lib"
| #define VERSION "1.0.28"
| /* end confdefs.h.  */
| #include <ac_nonexistent.h>
configure:4127: result: i486-TSOL-linux-gnu-gcc -E
configure:4147: i486-TSOL-linux-gnu-gcc -E  conftest.c
configure:4147: $? = 0
configure:4161: i486-TSOL-linux-gnu-gcc -E  conftest.c
conftest.c:11:28: fatal error: ac_nonexistent.h: No such file or directory
compilation terminated.
configure:4161: $? = 1
configure: failed program was:
| /* confdefs.h */
| #define PACKAGE_NAME "alsa-lib"
| #define PACKAGE_TARNAME "alsa-lib"
| #define PACKAGE_VERSION "1.0.28"
| #define PACKAGE_STRING "alsa-lib 1.0.28"
| #define PACKAGE_BUGREPORT ""
| #define PACKAGE_URL ""
| #define PACKAGE "alsa-lib"
| #define VERSION "1.0.28"
| /* end confdefs.h.  */
| #include <ac_nonexistent.h>
configure:4190: checking whether ln -s works
configure:4194: result: yes
configure:4282: checking how to print strings
configure:4309: result: printf
configure:4330: checking for a sed that does not truncate output
configure:4394: result: /usr/bin/sed
configure:4412: checking for grep that handles long lines and -e
configure:4470: result: /usr/bin/grep
configure:4475: checking for egrep
configure:4537: result: /usr/bin/grep -E
configure:4542: checking for fgrep
configure:4604: result: /usr/bin/grep -F
configure:4639: checking for ld used by i486-TSOL-linux-gnu-gcc
configure:4706: result: i486-TSOL-linux-gnu-ld
configure:4713: checking if the linker (i486-TSOL-linux-gnu-ld) is GNU ld
configure:4728: result: yes
configure:4740: checking for BSD- or MS-compatible name lister (nm)
configure:4789: result: /toolchain/i486-TSOL-linux-gnu/bin//nm -B
configure:4919: checking the name lister (/toolchain/i486-TSOL-linux-gnu/bin//nm -B) interface
configure:4926: i486-TSOL-linux-gnu-gcc -c -Os -D_GNU_SOURCE  conftest.c >&5
configure:4929: /toolchain/i486-TSOL-linux-gnu/bin//nm -B "conftest.o"
configure:4932: output
00000000 B some_variable
configure:4939: result: BSD nm
configure:4943: checking the maximum length of command line arguments
configure:5073: result: 1572864
configure:5090: checking whether the shell understands some XSI constructs
configure:5100: result: yes
configure:5104: checking whether the shell understands "+="
configure:5110: result: yes
configure:5145: checking how to convert i686-pc-linux-gnu file names to i686-pc-linux-gnu format
configure:5185: result: func_convert_file_noop
configure:5192: checking how to convert i686-pc-linux-gnu file names to toolchain format
configure:5212: result: func_convert_file_noop
configure:5219: checking for i486-TSOL-linux-gnu-ld option to reload object files
configure:5226: result: -r
configure:5300: checking for objdump
configure:5316: found /toolchain/i486-TSOL-linux-gnu/bin//objdump
configure:5327: result: objdump
configure:5359: checking how to recognize dependent libraries
configure:5561: result: pass_all
configure:5646: checking for dlltool
configure:5676: result: no
configure:5706: checking how to associate runtime and link libraries
configure:5733: result: printf %s\n
configure:5794: checking for ar
configure:5810: found /toolchain/i486-TSOL-linux-gnu/bin//ar
configure:5821: result: ar
configure:5858: checking for archiver @FILE support
configure:5875: i486-TSOL-linux-gnu-gcc -c -Os -D_GNU_SOURCE  conftest.c >&5
configure:5875: $? = 0
configure:5878: ar cru libconftest.a @conftest.lst >&5
configure:5881: $? = 0
configure:5886: ar cru libconftest.a @conftest.lst >&5
ar: conftest.o: No such file or directory
configure:5889: $? = 1
configure:5901: result: @
configure:5959: checking for strip
configure:5975: found /toolchain/i486-TSOL-linux-gnu/bin//strip
configure:5986: result: strip
configure:6058: checking for ranlib
configure:6074: found /toolchain/i486-TSOL-linux-gnu/bin//ranlib
configure:6085: result: ranlib
configure:6187: checking command to parse /toolchain/i486-TSOL-linux-gnu/bin//nm -B output from i486-TSOL-linux-gnu-gcc object
configure:6307: i486-TSOL-linux-gnu-gcc -c -Os -D_GNU_SOURCE  conftest.c >&5
configure:6310: $? = 0
configure:6314: /toolchain/i486-TSOL-linux-gnu/bin//nm -B conftest.o \| sed -n -e 's/^.*[ ]\([ABCDGIRSTW][ABCDGIRSTW]*\)[ ][ ]*\([_A-Za-z][_A-Za-z0-9]*\)$/\1 \2 \2/p' | sed '/ __gnu_lto/d' \> conftest.nm
configure:6317: $? = 0
configure:6383: i486-TSOL-linux-gnu-gcc -o conftest -Os -D_GNU_SOURCE  -static-libgcc conftest.c conftstm.o >&5
configure:6386: $? = 0
configure:6424: result: ok
configure:6461: checking for sysroot
configure:6491: result: no
configure:6747: checking for mt
configure:6777: result: no
configure:6797: checking if : is a manifest tool
configure:6803: : '-?'
configure:6811: result: no
configure:7449: checking for ANSI C header files
configure:7469: i486-TSOL-linux-gnu-gcc -c -Os -D_GNU_SOURCE  conftest.c >&5
configure:7469: $? = 0
configure:7542: i486-TSOL-linux-gnu-gcc -o conftest -Os -D_GNU_SOURCE  -static-libgcc conftest.c  >&5
configure:7542: $? = 0
configure:7542: ./conftest
configure:7542: $? = 0
configure:7553: result: yes
configure:7566: checking for sys/types.h
configure:7566: i486-TSOL-linux-gnu-gcc -c -Os -D_GNU_SOURCE  conftest.c >&5
configure:7566: $? = 0
configure:7566: result: yes
configure:7566: checking for sys/stat.h
configure:7566: i486-TSOL-linux-gnu-gcc -c -Os -D_GNU_SOURCE  conftest.c >&5
configure:7566: $? = 0
configure:7566: result: yes
configure:7566: checking for stdlib.h
configure:7566: i486-TSOL-linux-gnu-gcc -c -Os -D_GNU_SOURCE  conftest.c >&5
configure:7566: $? = 0
configure:7566: result: yes
configure:7566: checking for string.h
configure:7566: i486-TSOL-linux-gnu-gcc -c -Os -D_GNU_SOURCE  conftest.c >&5
configure:7566: $? = 0
configure:7566: result: yes
configure:7566: checking for memory.h
configure:7566: i486-TSOL-linux-gnu-gcc -c -Os -D_GNU_SOURCE  conftest.c >&5
configure:7566: $? = 0
configure:7566: result: yes
configure:7566: checking for strings.h
configure:7566: i486-TSOL-linux-gnu-gcc -c -Os -D_GNU_SOURCE  conftest.c >&5
configure:7566: $? = 0
configure:7566: result: yes
configure:7566: checking for inttypes.h
configure:7566: i486-TSOL-linux-gnu-gcc -c -Os -D_GNU_SOURCE  conftest.c >&5
configure:7566: $? = 0
configure:7566: result: yes
configure:7566: checking for stdint.h
configure:7566: i486-TSOL-linux-gnu-gcc -c -Os -D_GNU_SOURCE  conftest.c >&5
configure:7566: $? = 0
configure:7566: result: yes
configure:7566: checking for unistd.h
configure:7566: i486-TSOL-linux-gnu-gcc -c -Os -D_GNU_SOURCE  conftest.c >&5
configure:7566: $? = 0
configure:7566: result: yes
configure:7580: checking for dlfcn.h
configure:7580: i486-TSOL-linux-gnu-gcc -c -Os -D_GNU_SOURCE  conftest.c >&5
configure:7580: $? = 0
configure:7580: result: yes
configure:7754: checking for objdir
configure:7769: result: .libs
configure:8036: checking if i486-TSOL-linux-gnu-gcc supports -fno-rtti -fno-exceptions
configure:8054: i486-TSOL-linux-gnu-gcc -c -Os -D_GNU_SOURCE  -fno-rtti -fno-exceptions conftest.c >&5
cc1: warning: command line option '-fno-rtti' is valid for C++/ObjC++ but not for C [enabled by default]
configure:8058: $? = 0
configure:8071: result: no
configure:8398: checking for i486-TSOL-linux-gnu-gcc option to produce PIC
configure:8405: result: -fPIC -DPIC
configure:8413: checking if i486-TSOL-linux-gnu-gcc PIC flag -fPIC -DPIC works
configure:8431: i486-TSOL-linux-gnu-gcc -c -Os -D_GNU_SOURCE  -fPIC -DPIC -DPIC conftest.c >&5
configure:8435: $? = 0
configure:8448: result: yes
configure:8477: checking if i486-TSOL-linux-gnu-gcc static flag -static works
configure:8505: result: yes
configure:8520: checking if i486-TSOL-linux-gnu-gcc supports -c -o file.o
configure:8541: i486-TSOL-linux-gnu-gcc -c -Os -D_GNU_SOURCE  -o out/conftest2.o conftest.c >&5
configure:8545: $? = 0
configure:8567: result: yes
configure:8575: checking if i486-TSOL-linux-gnu-gcc supports -c -o file.o
configure:8622: result: yes
configure:8655: checking whether the i486-TSOL-linux-gnu-gcc linker (i486-TSOL-linux-gnu-ld) supports shared libraries
configure:9808: result: yes
configure:9845: checking whether -lc should be explicitly linked in
configure:9853: i486-TSOL-linux-gnu-gcc -c -Os -D_GNU_SOURCE  conftest.c >&5
configure:9856: $? = 0
configure:9871: i486-TSOL-linux-gnu-gcc -shared  -fPIC -DPIC conftest.o  -v -Wl,-soname -Wl,conftest -o conftest 2\>\&1 \| /usr/bin/grep  -lc  \>/dev/null 2\>\&1
configure:9874: $? = 0
configure:9888: result: no
configure:10048: checking dynamic linker characteristics
configure:10559: i486-TSOL-linux-gnu-gcc -o conftest -Os -D_GNU_SOURCE  -static-libgcc -Wl,-rpath -Wl,/foo conftest.c  >&5
configure:10559: $? = 0
configure:10785: result: GNU/Linux ld.so
configure:10892: checking how to hardcode library paths into programs
configure:10917: result: immediate
configure:11011: checking for shl_load
configure:11011: i486-TSOL-linux-gnu-gcc -o conftest -Os -D_GNU_SOURCE  -static-libgcc conftest.c  >&5
/tmp/ccOuDnBk.o: In function `main':
conftest.c:(.text.startup+0x10): undefined reference to `shl_load'
collect2: ld returned 1 exit status
configure:11011: $? = 1
configure: failed program was:
| /* confdefs.h */
| #define PACKAGE_NAME "alsa-lib"
| #define PACKAGE_TARNAME "alsa-lib"
| #define PACKAGE_VERSION "1.0.28"
| #define PACKAGE_STRING "alsa-lib 1.0.28"
| #define PACKAGE_BUGREPORT ""
| #define PACKAGE_URL ""
| #define PACKAGE "alsa-lib"
| #define VERSION "1.0.28"
| #define STDC_HEADERS 1
| #define HAVE_SYS_TYPES_H 1
| #define HAVE_SYS_STAT_H 1
| #define HAVE_STDLIB_H 1
| #define HAVE_STRING_H 1
| #define HAVE_MEMORY_H 1
| #define HAVE_STRINGS_H 1
| #define HAVE_INTTYPES_H 1
| #define HAVE_STDINT_H 1
| #define HAVE_UNISTD_H 1
| #define HAVE_DLFCN_H 1
| #define LT_OBJDIR ".libs/"
| /* end confdefs.h.  */
| /* Define shl_load to an innocuous variant, in case <limits.h> declares shl_load.
|    For example, HP-UX 11i <limits.h> declares gettimeofday.  */
| #define shl_load innocuous_shl_load
| 
| /* System header to define __stub macros and hopefully few prototypes,
|     which can conflict with char shl_load (); below.
|     Prefer <limits.h> to <assert.h> if __STDC__ is defined, since
|     <limits.h> exists even on freestanding compilers.  */
| 
| #ifdef __STDC__
| # include <limits.h>
| #else
| # include <assert.h>
| #endif
| 
| #undef shl_load
| 
| /* Override any GCC internal prototype to avoid an error.
|    Use char because int might match the return type of a GCC
|    builtin and then its argument prototype would still apply.  */
| #ifdef __cplusplus
| extern "C"
| #endif
| char shl_load ();
| /* The GNU C library defines this for functions which it implements
|     to always fail with ENOSYS.  Some functions are actually named
|     something starting with __ and the normal name is an alias.  */
| #if defined __stub_shl_load || defined __stub___shl_load
| choke me
| #endif
| 
| int
| main ()
| {
| return shl_load ();
|   ;
|   return 0;
| }
configure:11011: result: no
configure:11015: checking for shl_load in -ldld
configure:11040: i486-TSOL-linux-gnu-gcc -o conftest -Os -D_GNU_SOURCE  -static-libgcc conftest.c -ldld   >&5
/toolchain/lib/gcc/i486-TSOL-linux-gnu/4.6.3/../../../../i486-TSOL-linux-gnu/bin/ld: cannot find -ldld
collect2: ld returned 1 exit status
configure:11040: $? = 1
configure: failed program was:
| /* confdefs.h */
| #define PACKAGE_NAME "alsa-lib"
| #define PACKAGE_TARNAME "alsa-lib"
| #define PACKAGE_VERSION "1.0.28"
| #define PACKAGE_STRING "alsa-lib 1.0.28"
| #define PACKAGE_BUGREPORT ""
| #define PACKAGE_URL ""
| #define PACKAGE "alsa-lib"
| #define VERSION "1.0.28"
| #define STDC_HEADERS 1
| #define HAVE_SYS_TYPES_H 1
| #define HAVE_SYS_STAT_H 1
| #define HAVE_STDLIB_H 1
| #define HAVE_STRING_H 1
| #define HAVE_MEMORY_H 1
| #define HAVE_STRINGS_H 1
| #define HAVE_INTTYPES_H 1
| #define HAVE_STDINT_H 1
| #define HAVE_UNISTD_H 1
| #define HAVE_DLFCN_H 1
| #define LT_OBJDIR ".libs/"
| /* end confdefs.h.  */
| 
| /* Override any GCC internal prototype to avoid an error.
|    Use char because int might match the return type of a GCC
|    builtin and then its argument prototype would still apply.  */
| #ifdef __cplusplus
| extern "C"
| #endif
| char shl_load ();
| int
| main ()
| {
| return shl_load ();
|   ;
|   return 0;
| }
configure:11049: result: no
configure:11054: checking for dlopen
configure:11054: i486-TSOL-linux-gnu-gcc -o conftest -Os -D_GNU_SOURCE  -static-libgcc conftest.c  >&5
/tmp/cc2fYMiu.o: In function `main':
conftest.c:(.text.startup+0x10): undefined reference to `dlopen'
collect2: ld returned 1 exit status
configure:11054: $? = 1
configure: failed program was:
| /* confdefs.h */
| #define PACKAGE_NAME "alsa-lib"
| #define PACKAGE_TARNAME "alsa-lib"
| #define PACKAGE_VERSION "1.0.28"
| #define PACKAGE_STRING "alsa-lib 1.0.28"
| #define PACKAGE_BUGREPORT ""
| #define PACKAGE_URL ""
| #define PACKAGE "alsa-lib"
| #define VERSION "1.0.28"
| #define STDC_HEADERS 1
| #define HAVE_SYS_TYPES_H 1
| #define HAVE_SYS_STAT_H 1
| #define HAVE_STDLIB_H 1
| #define HAVE_STRING_H 1
| #define HAVE_MEMORY_H 1
| #define HAVE_STRINGS_H 1
| #define HAVE_INTTYPES_H 1
| #define HAVE_STDINT_H 1
| #define HAVE_UNISTD_H 1
| #define HAVE_DLFCN_H 1
| #define LT_OBJDIR ".libs/"
| /* end confdefs.h.  */
| /* Define dlopen to an innocuous variant, in case <limits.h> declares dlopen.
|    For example, HP-UX 11i <limits.h> declares gettimeofday.  */
| #define dlopen innocuous_dlopen
| 
| /* System header to define __stub macros and hopefully few prototypes,
|     which can conflict with char dlopen (); below.
|     Prefer <limits.h> to <assert.h> if __STDC__ is defined, since
|     <limits.h> exists even on freestanding compilers.  */
| 
| #ifdef __STDC__
| # include <limits.h>
| #else
| # include <assert.h>
| #endif
| 
| #undef dlopen
| 
| /* Override any GCC internal prototype to avoid an error.
|    Use char because int might match the return type of a GCC
|    builtin and then its argument prototype would still apply.  */
| #ifdef __cplusplus
| extern "C"
| #endif
| char dlopen ();
| /* The GNU C library defines this for functions which it implements
|     to always fail with ENOSYS.  Some functions are actually named
|     something starting with __ and the normal name is an alias.  */
| #if defined __stub_dlopen || defined __stub___dlopen
| choke me
| #endif
| 
| int
| main ()
| {
| return dlopen ();
|   ;
|   return 0;
| }
configure:11054: result: no
configure:11058: checking for dlopen in -ldl
configure:11083: i486-TSOL-linux-gnu-gcc -o conftest -Os -D_GNU_SOURCE  -static-libgcc conftest.c -ldl   >&5
configure:11083: $? = 0
configure:11092: result: yes
configure:11211: checking whether a program can dlopen itself
configure:11291: i486-TSOL-linux-gnu-gcc -o conftest -Os -D_GNU_SOURCE  -DHAVE_DLFCN_H -static-libgcc -Wl,--export-dynamic conftest.c -ldl  >&5
configure:11294: $? = 0
configure:11312: result: yes
configure:11317: checking whether a statically linked program can dlopen itself
configure:11397: i486-TSOL-linux-gnu-gcc -o conftest -Os -D_GNU_SOURCE  -DHAVE_DLFCN_H -static-libgcc -Wl,--export-dynamic -static conftest.c -ldl  >&5
/tmp/cc6MNhFO.o: In function `main':
conftest.c:(.text.startup+0x19): warning: Using 'dlopen' in statically linked applications requires at runtime the shared libraries from the glibc version used for linking
configure:11400: $? = 0
/lib/: cannot read file data: Is a directory
configure:11418: result: no
configure:11457: checking whether stripping libraries is possible
configure:11462: result: yes
configure:11497: checking if libtool supports shared libraries
configure:11499: result: yes
configure:11502: checking whether to build shared libraries
configure:11523: result: yes
configure:11526: checking whether to build static libraries
configure:11530: result: no
configure:11570: checking for ANSI C header files
configure:11674: result: yes
configure:11685: checking for an ANSI C-conforming const
configure:11751: i486-TSOL-linux-gnu-gcc -c -Os -D_GNU_SOURCE  conftest.c >&5
configure:11751: $? = 0
configure:11758: result: yes
configure:11766: checking for inline
configure:11782: i486-TSOL-linux-gnu-gcc -c -Os -D_GNU_SOURCE  conftest.c >&5
configure:11782: $? = 0
configure:11790: result: inline
configure:11808: checking whether time.h and sys/time.h may both be included
configure:11828: i486-TSOL-linux-gnu-gcc -c -Os -D_GNU_SOURCE  conftest.c >&5
configure:11828: $? = 0
configure:11835: result: yes
configure:11845: checking whether i486-TSOL-linux-gnu-gcc needs -traditional
configure:11879: result: no
configure:11888: checking for uselocale
configure:11888: i486-TSOL-linux-gnu-gcc -o conftest -Os -D_GNU_SOURCE  -static-libgcc conftest.c  >&5
configure:11888: $? = 0
configure:11888: result: yes
configure:11899: checking for library version
configure:11924: result: major 1 minor 0 subminor 28 extrastr  extraver 1000000
configure:12015: checking for versioned symbols
configure:12042: result: yes
configure:12061: checking for symbolic-functions
configure:12080: result: no
configure:12092: checking for custom symbol prefixes
configure:12105: result: 
configure:12108: checking for debug
configure:12119: result: yes
configure:12130: checking for debug assert
configure:12146: result: no
configure:12151: checking for tmpdir
configure:12161: result: /tmp
configure:12169: checking for softfloat
configure:12187: result: no
configure:12196: checking for libdl
configure:12208: checking for dlsym in -ldl
configure:12233: i486-TSOL-linux-gnu-gcc -o conftest -Os -D_GNU_SOURCE  -static-libgcc conftest.c -ldl   >&5
configure:12233: $? = 0
configure:12242: result: yes
configure:12267: checking for pthread
configure:12278: checking for pthread_join in -lpthread
configure:12303: i486-TSOL-linux-gnu-gcc -o conftest -Os -D_GNU_SOURCE  -static-libgcc conftest.c -lpthread   >&5
configure:12303: $? = 0
configure:12312: result: yes
configure:12329: checking for __thread
configure:12344: i486-TSOL-linux-gnu-gcc -o conftest -Os -D_GNU_SOURCE  -static-libgcc conftest.c  >&5
configure:12344: $? = 0
configure:12348: result: yes
configure:12357: checking for librt
configure:12368: checking for clock_gettime in -lrt
configure:12393: i486-TSOL-linux-gnu-gcc -o conftest -Os -D_GNU_SOURCE  -static-libgcc conftest.c -lrt   >&5
configure:12393: $? = 0
configure:12402: result: yes
configure:12427: checking wordexp.h usability
configure:12427: i486-TSOL-linux-gnu-gcc -c -Os -D_GNU_SOURCE  conftest.c >&5
configure:12427: $? = 0
configure:12427: result: yes
configure:12427: checking wordexp.h presence
configure:12427: i486-TSOL-linux-gnu-gcc -E  conftest.c
configure:12427: $? = 0
configure:12427: result: yes
configure:12427: checking for wordexp.h
configure:12427: result: yes
configure:12427: checking endian.h usability
configure:12427: i486-TSOL-linux-gnu-gcc -c -Os -D_GNU_SOURCE  conftest.c >&5
configure:12427: $? = 0
configure:12427: result: yes
configure:12427: checking endian.h presence
configure:12427: i486-TSOL-linux-gnu-gcc -E  conftest.c
configure:12427: $? = 0
configure:12427: result: yes
configure:12427: checking for endian.h
configure:12427: result: yes
configure:12427: checking sys/endian.h usability
configure:12427: i486-TSOL-linux-gnu-gcc -c -Os -D_GNU_SOURCE  conftest.c >&5
conftest.c:73:24: fatal error: sys/endian.h: No such file or directory
compilation terminated.
configure:12427: $? = 1
configure: failed program was:
| /* confdefs.h */
| #define PACKAGE_NAME "alsa-lib"
| #define PACKAGE_TARNAME "alsa-lib"
| #define PACKAGE_VERSION "1.0.28"
| #define PACKAGE_STRING "alsa-lib 1.0.28"
| #define PACKAGE_BUGREPORT ""
| #define PACKAGE_URL ""
| #define PACKAGE "alsa-lib"
| #define VERSION "1.0.28"
| #define STDC_HEADERS 1
| #define HAVE_SYS_TYPES_H 1
| #define HAVE_SYS_STAT_H 1
| #define HAVE_STDLIB_H 1
| #define HAVE_STRING_H 1
| #define HAVE_MEMORY_H 1
| #define HAVE_STRINGS_H 1
| #define HAVE_INTTYPES_H 1
| #define HAVE_STDINT_H 1
| #define HAVE_UNISTD_H 1
| #define HAVE_DLFCN_H 1
| #define LT_OBJDIR ".libs/"
| #define STDC_HEADERS 1
| #define TIME_WITH_SYS_TIME 1
| #define HAVE_USELOCALE 1
| #define VERSION "1.0.28"
| #define ALSA_CONFIG_DIR "/usr/share/alsa"
| #define ALSA_PLUGIN_DIR "/usr/lib/alsa-lib"
| #define ALSA_PKGCONF_DIR "/usr/lib/pkgconfig"
| #define VERSIONED_SYMBOLS /**/
| #define __SYMBOL_PREFIX ""
| #define TMPDIR "/tmp"
| #define HAVE_LIBDL 1
| #define HAVE_LIBPTHREAD 1
| #define HAVE___THREAD 1
| #define HAVE_LIBRT 1
| #define HAVE_CLOCK_GETTIME 1
| #define HAVE_WORDEXP_H 1
| #define HAVE_ENDIAN_H 1
| /* end confdefs.h.  */
| #include <stdio.h>
| #ifdef HAVE_SYS_TYPES_H
| # include <sys/types.h>
| #endif
| #ifdef HAVE_SYS_STAT_H
| # include <sys/stat.h>
| #endif
| #ifdef STDC_HEADERS
| # include <stdlib.h>
| # include <stddef.h>
| #else
| # ifdef HAVE_STDLIB_H
| #  include <stdlib.h>
| # endif
| #endif
| #ifdef HAVE_STRING_H
| # if !defined STDC_HEADERS && defined HAVE_MEMORY_H
| #  include <memory.h>
| # endif
| # include <string.h>
| #endif
| #ifdef HAVE_STRINGS_H
| # include <strings.h>
| #endif
| #ifdef HAVE_INTTYPES_H
| # include <inttypes.h>
| #endif
| #ifdef HAVE_STDINT_H
| # include <stdint.h>
| #endif
| #ifdef HAVE_UNISTD_H
| # include <unistd.h>
| #endif
| #include <sys/endian.h>
configure:12427: result: no
configure:12427: checking sys/endian.h presence
configure:12427: i486-TSOL-linux-gnu-gcc -E  conftest.c
conftest.c:40:24: fatal error: sys/endian.h: No such file or directory
compilation terminated.
configure:12427: $? = 1
configure: failed program was:
| /* confdefs.h */
| #define PACKAGE_NAME "alsa-lib"
| #define PACKAGE_TARNAME "alsa-lib"
| #define PACKAGE_VERSION "1.0.28"
| #define PACKAGE_STRING "alsa-lib 1.0.28"
| #define PACKAGE_BUGREPORT ""
| #define PACKAGE_URL ""
| #define PACKAGE "alsa-lib"
| #define VERSION "1.0.28"
| #define STDC_HEADERS 1
| #define HAVE_SYS_TYPES_H 1
| #define HAVE_SYS_STAT_H 1
| #define HAVE_STDLIB_H 1
| #define HAVE_STRING_H 1
| #define HAVE_MEMORY_H 1
| #define HAVE_STRINGS_H 1
| #define HAVE_INTTYPES_H 1
| #define HAVE_STDINT_H 1
| #define HAVE_UNISTD_H 1
| #define HAVE_DLFCN_H 1
| #define LT_OBJDIR ".libs/"
| #define STDC_HEADERS 1
| #define TIME_WITH_SYS_TIME 1
| #define HAVE_USELOCALE 1
| #define VERSION "1.0.28"
| #define ALSA_CONFIG_DIR "/usr/share/alsa"
| #define ALSA_PLUGIN_DIR "/usr/lib/alsa-lib"
| #define ALSA_PKGCONF_DIR "/usr/lib/pkgconfig"
| #define VERSIONED_SYMBOLS /**/
| #define __SYMBOL_PREFIX ""
| #define TMPDIR "/tmp"
| #define HAVE_LIBDL 1
| #define HAVE_LIBPTHREAD 1
| #define HAVE___THREAD 1
| #define HAVE_LIBRT 1
| #define HAVE_CLOCK_GETTIME 1
| #define HAVE_WORDEXP_H 1
| #define HAVE_ENDIAN_H 1
| /* end confdefs.h.  */
| #include <sys/endian.h>
configure:12427: result: no
configure:12427: checking for sys/endian.h
configure:12427: result: no
configure:12438: checking for resmgr support
configure:12447: result: no
configure:12502: checking for aload* support
configure:12511: result: yes
configure:12519: checking for ALSA device file directory
configure:12537: result: /dev/snd/
configure:12540: checking for aload* device file directory
configure:12558: result: /dev/
configure:12777: checking whether GCC supports builtin atomic intrinsics
configure:12795: i486-TSOL-linux-gnu-gcc -o conftest -Os -D_GNU_SOURCE  -static-libgcc conftest.c  >&5
conftest.c: In function 'main':
conftest.c:54:26: error: '__ATOMIC_SEQ_CST' undeclared (first use in this function)
conftest.c:54:26: note: each undeclared identifier is reported only once for each function it appears in
configure:12795: $? = 1
configure: failed program was:
| /* confdefs.h */
| #define PACKAGE_NAME "alsa-lib"
| #define PACKAGE_TARNAME "alsa-lib"
| #define PACKAGE_VERSION "1.0.28"
| #define PACKAGE_STRING "alsa-lib 1.0.28"
| #define PACKAGE_BUGREPORT ""
| #define PACKAGE_URL ""
| #define PACKAGE "alsa-lib"
| #define VERSION "1.0.28"
| #define STDC_HEADERS 1
| #define HAVE_SYS_TYPES_H 1
| #define HAVE_SYS_STAT_H 1
| #define HAVE_STDLIB_H 1
| #define HAVE_STRING_H 1
| #define HAVE_MEMORY_H 1
| #define HAVE_STRINGS_H 1
| #define HAVE_INTTYPES_H 1
| #define HAVE_STDINT_H 1
| #define HAVE_UNISTD_H 1
| #define HAVE_DLFCN_H 1
| #define LT_OBJDIR ".libs/"
| #define STDC_HEADERS 1
| #define TIME_WITH_SYS_TIME 1
| #define HAVE_USELOCALE 1
| #define VERSION "1.0.28"
| #define ALSA_CONFIG_DIR "/usr/share/alsa"
| #define ALSA_PLUGIN_DIR "/usr/lib/alsa-lib"
| #define ALSA_PKGCONF_DIR "/usr/lib/pkgconfig"
| #define VERSIONED_SYMBOLS /**/
| #define __SYMBOL_PREFIX ""
| #define TMPDIR "/tmp"
| #define HAVE_LIBDL 1
| #define HAVE_LIBPTHREAD 1
| #define HAVE___THREAD 1
| #define HAVE_LIBRT 1
| #define HAVE_CLOCK_GETTIME 1
| #define HAVE_WORDEXP_H 1
| #define HAVE_ENDIAN_H 1
| #define SUPPORT_ALOAD "1"
| #define ALSA_DEVICE_DIRECTORY "/dev/snd/"
| #define ALOAD_DEVICE_DIRECTORY "/dev/"
| #define BUILD_MIXER "1"
| #define BUILD_PCM "1"
| #define BUILD_RAWMIDI "1"
| #define BUILD_HWDEP "1"
| #define BUILD_SEQ "1"
| #define BUILD_UCM "1"
| /* end confdefs.h.  */
| 
| int
| main ()
| {
| int i;
|      __atomic_load_n(&i, __ATOMIC_SEQ_CST);
|      __atomic_add_fetch(&i, 0, __ATOMIC_SEQ_CST);
| 
|   ;
|   return 0;
| }
configure:12803: result: no
configure:13182: checking for max number of cards
configure:13192: result: 32
configure:13323: checking that generated files are newer than configure
configure:13329: result: done
configure:13532: creating ./config.status

## ---------------------- ##
## Running config.status. ##
## ---------------------- ##

This file was extended by alsa-lib config.status 1.0.28, which was
generated by GNU Autoconf 2.69.  Invocation command line was

  CONFIG_FILES    = 
  CONFIG_HEADERS  = 
  CONFIG_LINKS    = 
  CONFIG_COMMANDS = 
  $ ./config.status 

on ubuntu4

config.status:1252: creating Makefile
config.status:1252: creating doc/Makefile
config.status:1252: creating doc/pictures/Makefile
config.status:1252: creating doc/doxygen.cfg
config.status:1252: creating include/Makefile
config.status:1252: creating include/sound/Makefile
config.status:1252: creating src/Versions
config.status:1252: creating src/Makefile
config.status:1252: creating src/control/Makefile
config.status:1252: creating src/mixer/Makefile
config.status:1252: creating src/pcm/Makefile
config.status:1252: creating src/pcm/scopes/Makefile
config.status:1252: creating src/rawmidi/Makefile
config.status:1252: creating src/timer/Makefile
config.status:1252: creating src/hwdep/Makefile
config.status:1252: creating src/seq/Makefile
config.status:1252: creating src/ucm/Makefile
config.status:1252: creating src/alisp/Makefile
config.status:1252: creating src/conf/Makefile
config.status:1252: creating src/conf/alsa.conf.d/Makefile
config.status:1252: creating src/conf/cards/Makefile
config.status:1252: creating src/conf/pcm/Makefile
config.status:1252: creating src/conf/ucm/Makefile
config.status:1252: creating src/conf/ucm/DAISY-I2S/Makefile
config.status:1252: creating src/conf/ucm/PandaBoard/Makefile
config.status:1252: creating src/conf/ucm/PandaBoardES/Makefile
config.status:1252: creating src/conf/ucm/SDP4430/Makefile
config.status:1252: creating src/conf/ucm/tegraalc5632/Makefile
config.status:1252: creating modules/Makefile
config.status:1252: creating modules/mixer/Makefile
config.status:1252: creating modules/mixer/simple/Makefile
config.status:1252: creating alsalisp/Makefile
config.status:1252: creating aserver/Makefile
config.status:1252: creating test/Makefile
config.status:1252: creating test/lsb/Makefile
config.status:1252: creating utils/Makefile
config.status:1252: creating utils/alsa-lib.spec
config.status:1252: creating utils/alsa.pc
config.status:1252: creating include/config.h
config.status:1481: executing depfiles commands
config.status:1481: executing libtool commands

## ---------------- ##
## Cache variables. ##
## ---------------- ##

ac_cv_build=i686-pc-linux-gnu
ac_cv_c_compiler_gnu=yes
ac_cv_c_const=yes
ac_cv_c_inline=inline
ac_cv_env_CC_set=set
ac_cv_env_CC_value=i486-TSOL-linux-gnu-gcc
ac_cv_env_CFLAGS_set=set
ac_cv_env_CFLAGS_value=-Os
ac_cv_env_CPPFLAGS_set=
ac_cv_env_CPPFLAGS_value=
ac_cv_env_CPP_set=
ac_cv_env_CPP_value=
ac_cv_env_LDFLAGS_set=set
ac_cv_env_LDFLAGS_value=-static-libgcc
ac_cv_env_LIBS_set=
ac_cv_env_LIBS_value=
ac_cv_env_build_alias_set=
ac_cv_env_build_alias_value=
ac_cv_env_host_alias_set=
ac_cv_env_host_alias_value=
ac_cv_env_target_alias_set=
ac_cv_env_target_alias_value=
ac_cv_func_dlopen=no
ac_cv_func_shl_load=no
ac_cv_func_uselocale=yes
ac_cv_header_dlfcn_h=yes
ac_cv_header_endian_h=yes
ac_cv_header_inttypes_h=yes
ac_cv_header_memory_h=yes
ac_cv_header_stdc=yes
ac_cv_header_stdint_h=yes
ac_cv_header_stdlib_h=yes
ac_cv_header_string_h=yes
ac_cv_header_strings_h=yes
ac_cv_header_sys_endian_h=no
ac_cv_header_sys_stat_h=yes
ac_cv_header_sys_types_h=yes
ac_cv_header_time=yes
ac_cv_header_unistd_h=yes
ac_cv_header_wordexp_h=yes
ac_cv_host=i686-pc-linux-gnu
ac_cv_lib_dl_dlopen=yes
ac_cv_lib_dl_dlsym=yes
ac_cv_lib_dld_shl_load=no
ac_cv_lib_pthread_pthread_join=yes
ac_cv_lib_rt_clock_gettime=yes
ac_cv_objext=o
ac_cv_path_EGREP='/usr/bin/grep -E'
ac_cv_path_FGREP='/usr/bin/grep -F'
ac_cv_path_GREP=/usr/bin/grep
ac_cv_path_SED=/usr/bin/sed
ac_cv_path_install='/bin/install -c'
ac_cv_path_mkdir=/bin/mkdir
ac_cv_prog_AWK=gawk
ac_cv_prog_CPP='i486-TSOL-linux-gnu-gcc -E'
ac_cv_prog_ac_ct_AR=ar
ac_cv_prog_ac_ct_CC=i486-TSOL-linux-gnu-gcc
ac_cv_prog_ac_ct_OBJDUMP=objdump
ac_cv_prog_ac_ct_RANLIB=ranlib
ac_cv_prog_ac_ct_STRIP=strip
ac_cv_prog_cc_c89=
ac_cv_prog_cc_g=yes
ac_cv_prog_gcc_traditional=no
ac_cv_prog_make_make_set=yes
am_cv_CC_dependencies_compiler_type=gcc3
am_cv_make_support_nested_variables=yes
lt_cv_ar_at_file=@
lt_cv_archive_cmds_need_lc=no
lt_cv_deplibs_check_method=pass_all
lt_cv_dlopen=dlopen
lt_cv_dlopen_libs=-ldl
lt_cv_dlopen_self=yes
lt_cv_dlopen_self_static=no
lt_cv_file_magic_cmd='$MAGIC_CMD'
lt_cv_file_magic_test_file=
lt_cv_ld_reload_flag=-r
lt_cv_nm_interface='BSD nm'
lt_cv_objdir=.libs
lt_cv_path_LD=i486-TSOL-linux-gnu-ld
lt_cv_path_NM='/toolchain/i486-TSOL-linux-gnu/bin//nm -B'
lt_cv_path_mainfest_tool=no
lt_cv_prog_compiler_c_o=yes
lt_cv_prog_compiler_pic='-fPIC -DPIC'
lt_cv_prog_compiler_pic_works=yes
lt_cv_prog_compiler_rtti_exceptions=no
lt_cv_prog_compiler_static_works=yes
lt_cv_prog_gnu_ld=yes
lt_cv_sharedlib_from_linklib_cmd='printf %s\n'
lt_cv_shlibpath_overrides_runpath=yes
lt_cv_sys_global_symbol_pipe='sed -n -e '\''s/^.*[	 ]\([ABCDGIRSTW][ABCDGIRSTW]*\)[	 ][	 ]*\([_A-Za-z][_A-Za-z0-9]*\)$/\1 \2 \2/p'\'' | sed '\''/ __gnu_lto/d'\'''
lt_cv_sys_global_symbol_to_c_name_address='sed -n -e '\''s/^: \([^ ]*\)[ ]*$/  {\"\1\", (void *) 0},/p'\'' -e '\''s/^[ABCDGIRSTW]* \([^ ]*\) \([^ ]*\)$/  {"\2", (void *) \&\2},/p'\'''
lt_cv_sys_global_symbol_to_c_name_address_lib_prefix='sed -n -e '\''s/^: \([^ ]*\)[ ]*$/  {\"\1\", (void *) 0},/p'\'' -e '\''s/^[ABCDGIRSTW]* \([^ ]*\) \(lib[^ ]*\)$/  {"\2", (void *) \&\2},/p'\'' -e '\''s/^[ABCDGIRSTW]* \([^ ]*\) \([^ ]*\)$/  {"lib\2", (void *) \&\2},/p'\'''
lt_cv_sys_global_symbol_to_cdecl='sed -n -e '\''s/^T .* \(.*\)$/extern int \1();/p'\'' -e '\''s/^[ABCDGIRSTW]* .* \(.*\)$/extern char \1;/p'\'''
lt_cv_sys_max_cmd_len=1572864
lt_cv_to_host_file_cmd=func_convert_file_noop
lt_cv_to_tool_file_cmd=func_convert_file_noop

## ----------------- ##
## Output variables. ##
## ----------------- ##

ACLOCAL='${SHELL} /source/alsa/alsa-lib-1.0.28/missing --run aclocal-1.12'
ALSA_CONFIG_DIR='/usr/share/alsa'
ALSA_DEPLIBS='-lm -ldl -lpthread -lrt'
ALSA_PKGCONF_DIR='/usr/lib/pkgconfig'
ALSA_PLUGIN_DIR='/usr/lib/alsa-lib'
AMDEPBACKSLASH='\'
AMDEP_FALSE='#'
AMDEP_TRUE=''
AMTAR='$${TAR-tar}'
AM_BACKSLASH='\'
AM_DEFAULT_V='$(AM_DEFAULT_VERBOSITY)'
AM_DEFAULT_VERBOSITY='0'
AM_V='$(V)'
AR='ar'
AUTOCONF='${SHELL} /source/alsa/alsa-lib-1.0.28/missing --run autoconf'
AUTOHEADER='${SHELL} /source/alsa/alsa-lib-1.0.28/missing --run autoheader'
AUTOMAKE='${SHELL} /source/alsa/alsa-lib-1.0.28/missing --run automake-1.12'
AWK='gawk'
BUILD_ALISP_FALSE='#'
BUILD_ALISP_TRUE=''
BUILD_CTL_PLUGIN_EXT_FALSE='#'
BUILD_CTL_PLUGIN_EXT_TRUE=''
BUILD_CTL_PLUGIN_FALSE='#'
BUILD_CTL_PLUGIN_SHM_FALSE='#'
BUILD_CTL_PLUGIN_SHM_TRUE=''
BUILD_CTL_PLUGIN_TRUE=''
BUILD_HWDEP_FALSE='#'
BUILD_HWDEP_TRUE=''
BUILD_MIXER_FALSE='#'
BUILD_MIXER_TRUE=''
BUILD_MODULES_FALSE='#'
BUILD_MODULES_TRUE=''
BUILD_PCM_FALSE='#'
BUILD_PCM_PLUGIN_ADPCM_FALSE='#'
BUILD_PCM_PLUGIN_ADPCM_TRUE=''
BUILD_PCM_PLUGIN_ALAW_FALSE='#'
BUILD_PCM_PLUGIN_ALAW_TRUE=''
BUILD_PCM_PLUGIN_ASYM_FALSE='#'
BUILD_PCM_PLUGIN_ASYM_TRUE=''
BUILD_PCM_PLUGIN_COPY_FALSE='#'
BUILD_PCM_PLUGIN_COPY_TRUE=''
BUILD_PCM_PLUGIN_DMIX_FALSE='#'
BUILD_PCM_PLUGIN_DMIX_TRUE=''
BUILD_PCM_PLUGIN_DSHARE_FALSE='#'
BUILD_PCM_PLUGIN_DSHARE_TRUE=''
BUILD_PCM_PLUGIN_DSNOOP_FALSE='#'
BUILD_PCM_PLUGIN_DSNOOP_TRUE=''
BUILD_PCM_PLUGIN_EMPTY_FALSE='#'
BUILD_PCM_PLUGIN_EMPTY_TRUE=''
BUILD_PCM_PLUGIN_EXTPLUG_FALSE='#'
BUILD_PCM_PLUGIN_EXTPLUG_TRUE=''
BUILD_PCM_PLUGIN_FALSE='#'
BUILD_PCM_PLUGIN_FILE_FALSE='#'
BUILD_PCM_PLUGIN_FILE_TRUE=''
BUILD_PCM_PLUGIN_HOOKS_FALSE='#'
BUILD_PCM_PLUGIN_HOOKS_TRUE=''
BUILD_PCM_PLUGIN_IEC958_FALSE='#'
BUILD_PCM_PLUGIN_IEC958_TRUE=''
BUILD_PCM_PLUGIN_IOPLUG_FALSE='#'
BUILD_PCM_PLUGIN_IOPLUG_TRUE=''
BUILD_PCM_PLUGIN_LADSPA_FALSE='#'
BUILD_PCM_PLUGIN_LADSPA_TRUE=''
BUILD_PCM_PLUGIN_LFLOAT_FALSE='#'
BUILD_PCM_PLUGIN_LFLOAT_TRUE=''
BUILD_PCM_PLUGIN_LINEAR_FALSE='#'
BUILD_PCM_PLUGIN_LINEAR_TRUE=''
BUILD_PCM_PLUGIN_METER_FALSE=''
BUILD_PCM_PLUGIN_METER_TRUE='#'
BUILD_PCM_PLUGIN_MMAP_EMUL_FALSE='#'
BUILD_PCM_PLUGIN_MMAP_EMUL_TRUE=''
BUILD_PCM_PLUGIN_MULAW_FALSE='#'
BUILD_PCM_PLUGIN_MULAW_TRUE=''
BUILD_PCM_PLUGIN_MULTI_FALSE='#'
BUILD_PCM_PLUGIN_MULTI_TRUE=''
BUILD_PCM_PLUGIN_NULL_FALSE='#'
BUILD_PCM_PLUGIN_NULL_TRUE=''
BUILD_PCM_PLUGIN_PLUG_FALSE='#'
BUILD_PCM_PLUGIN_PLUG_TRUE=''
BUILD_PCM_PLUGIN_RATE_FALSE='#'
BUILD_PCM_PLUGIN_RATE_TRUE=''
BUILD_PCM_PLUGIN_ROUTE_FALSE='#'
BUILD_PCM_PLUGIN_ROUTE_TRUE=''
BUILD_PCM_PLUGIN_SHARE_FALSE='#'
BUILD_PCM_PLUGIN_SHARE_TRUE=''
BUILD_PCM_PLUGIN_SHM_FALSE='#'
BUILD_PCM_PLUGIN_SHM_TRUE=''
BUILD_PCM_PLUGIN_SOFTVOL_FALSE='#'
BUILD_PCM_PLUGIN_SOFTVOL_TRUE=''
BUILD_PCM_PLUGIN_TRUE=''
BUILD_PCM_TRUE=''
BUILD_PYTHON_FALSE=''
BUILD_PYTHON_TRUE='#'
BUILD_RAWMIDI_FALSE='#'
BUILD_RAWMIDI_TRUE=''
BUILD_SEQ_FALSE='#'
BUILD_SEQ_TRUE=''
BUILD_UCM_FALSE='#'
BUILD_UCM_TRUE=''
CC='i486-TSOL-linux-gnu-gcc'
CCDEPMODE='depmode=gcc3'
CFLAGS='-Os -D_GNU_SOURCE'
CPP='i486-TSOL-linux-gnu-gcc -E'
CPPFLAGS=''
CYGPATH_W='echo'
DEFS='-DHAVE_CONFIG_H'
DEPDIR='.deps'
DLLTOOL='false'
DSYMUTIL=''
DUMPBIN=''
ECHO_C=''
ECHO_N='-n'
ECHO_T=''
EGREP='/usr/bin/grep -E'
EXEEXT=''
FGREP='/usr/bin/grep -F'
GREP='/usr/bin/grep'
INSTALL_DATA='${INSTALL} -m 644'
INSTALL_M4_FALSE='#'
INSTALL_M4_TRUE=''
INSTALL_PROGRAM='${INSTALL}'
INSTALL_SCRIPT='${INSTALL}'
INSTALL_STRIP_PROGRAM='$(install_sh) -c -s'
KEEP_OLD_SYMBOLS_FALSE='#'
KEEP_OLD_SYMBOLS_TRUE=''
LD='i486-TSOL-linux-gnu-ld'
LDFLAGS='-static-libgcc'
LIBOBJS=''
LIBS=''
LIBTOOL='$(SHELL) $(top_builddir)/libtool'
LIBTOOL_VERSION_INFO='2:0:0'
LIPO=''
LN_S='ln -s'
LTLIBOBJS=''
MAINT=''
MAINTAINER_MODE_FALSE='#'
MAINTAINER_MODE_TRUE=''
MAKEINFO='${SHELL} /source/alsa/alsa-lib-1.0.28/missing --run makeinfo'
MANIFEST_TOOL=':'
MKDIR_P='/bin/mkdir -p'
NM='/toolchain/i486-TSOL-linux-gnu/bin//nm -B'
NMEDIT=''
OBJDUMP='objdump'
OBJEXT='o'
OTOOL64=''
OTOOL=''
PACKAGE='alsa-lib'
PACKAGE_BUGREPORT=''
PACKAGE_NAME='alsa-lib'
PACKAGE_STRING='alsa-lib 1.0.28'
PACKAGE_TARNAME='alsa-lib'
PACKAGE_URL=''
PACKAGE_VERSION='1.0.28'
PATH_SEPARATOR=':'
PYTHON_INCLUDES=''
PYTHON_LIBS=''
RANLIB='ranlib'
SED='/usr/bin/sed'
SET_MAKE=''
SHELL='/bin/sh'
SND_LIB_EXTRAVER='1000000'
SND_LIB_MAJOR='1'
SND_LIB_MINOR='0'
SND_LIB_SUBMINOR='28'
SND_LIB_VERSION='1.0.28'
STRIP='strip'
SYMBOLIC_FUNCTIONS_FALSE=''
SYMBOLIC_FUNCTIONS_TRUE='#'
SYMBOL_PREFIX=''
VERSION='1.0.28'
VERSIONED_SYMBOLS_FALSE='#'
VERSIONED_SYMBOLS_TRUE=''
ac_ct_AR='ar'
ac_ct_CC='i486-TSOL-linux-gnu-gcc'
ac_ct_DUMPBIN=''
am__EXEEXT_FALSE=''
am__EXEEXT_TRUE='#'
am__fastdepCC_FALSE='#'
am__fastdepCC_TRUE=''
am__include='include'
am__isrc=''
am__leading_dot='.'
am__nodep='_no'
am__quote=''
am__tar='$${TAR-tar} chof - "$$tardir"'
am__untar='$${TAR-tar} xf -'
bindir='${exec_prefix}/bin'
build='i686-pc-linux-gnu'
build_alias=''
build_cpu='i686'
build_os='linux-gnu'
build_vendor='pc'
datadir='${datarootdir}'
datarootdir='${prefix}/share'
docdir='${datarootdir}/doc/${PACKAGE_TARNAME}'
dvidir='${docdir}'
exec_prefix='/usr'
host='i686-pc-linux-gnu'
host_alias=''
host_cpu='i686'
host_os='linux-gnu'
host_vendor='pc'
htmldir='${docdir}'
includedir='${prefix}/include'
infodir='${datarootdir}/info'
install_sh='${SHELL} /source/alsa/alsa-lib-1.0.28/install-sh'
libdir='${exec_prefix}/lib'
libexecdir='${exec_prefix}/libexec'
localedir='${datarootdir}/locale'
localstatedir='${prefix}/var'
mandir='${datarootdir}/man'
mkdir_p='$(MKDIR_P)'
oldincludedir='/usr/include'
pdfdir='${docdir}'
prefix='/usr'
program_transform_name='s,x,x,'
psdir='${docdir}'
sbindir='${exec_prefix}/sbin'
sharedstatedir='${prefix}/com'
sysconfdir='${prefix}/etc'
target_alias=''

## ----------- ##
## confdefs.h. ##
## ----------- ##

/* confdefs.h */
#define PACKAGE_NAME "alsa-lib"
#define PACKAGE_TARNAME "alsa-lib"
#define PACKAGE_VERSION "1.0.28"
#define PACKAGE_STRING "alsa-lib 1.0.28"
#define PACKAGE_BUGREPORT ""
#define PACKAGE_URL ""
#define PACKAGE "alsa-lib"
#define VERSION "1.0.28"
#define STDC_HEADERS 1
#define HAVE_SYS_TYPES_H 1
#define HAVE_SYS_STAT_H 1
#define HAVE_STDLIB_H 1
#define HAVE_STRING_H 1
#define HAVE_MEMORY_H 1
#define HAVE_STRINGS_H 1
#define HAVE_INTTYPES_H 1
#define HAVE_STDINT_H 1
#define HAVE_UNISTD_H 1
#define HAVE_DLFCN_H 1
#define LT_OBJDIR ".libs/"
#define STDC_HEADERS 1
#define TIME_WITH_SYS_TIME 1
#define HAVE_USELOCALE 1
#define VERSION "1.0.28"
#define ALSA_CONFIG_DIR "/usr/share/alsa"
#define ALSA_PLUGIN_DIR "/usr/lib/alsa-lib"
#define ALSA_PKGCONF_DIR "/usr/lib/pkgconfig"
#define VERSIONED_SYMBOLS /**/
#define __SYMBOL_PREFIX ""
#define TMPDIR "/tmp"
#define HAVE_LIBDL 1
#define HAVE_LIBPTHREAD 1
#define HAVE___THREAD 1
#define HAVE_LIBRT 1
#define HAVE_CLOCK_GETTIME 1
#define HAVE_WORDEXP_H 1
#define HAVE_ENDIAN_H 1
#define SUPPORT_ALOAD "1"
#define ALSA_DEVICE_DIRECTORY "/dev/snd/"
#define ALOAD_DEVICE_DIRECTORY "/dev/"
#define BUILD_MIXER "1"
#define BUILD_PCM "1"
#define BUILD_RAWMIDI "1"
#define BUILD_HWDEP "1"
#define BUILD_SEQ "1"
#define BUILD_UCM "1"
#define BUILD_PCM_PLUGIN_RATE "1"
#define BUILD_PCM_PLUGIN_ROUTE "1"
#define BUILD_PCM_PLUGIN_LFLOAT "1"
#define BUILD_PCM_PLUGIN_ADPCM "1"
#define BUILD_PCM_PLUGIN_MULAW "1"
#define BUILD_PCM_PLUGIN_ALAW "1"
#define BUILD_PCM_PLUGIN_MMAP_EMUL "1"
#define SND_MAX_CARDS 32

configure: exit 0
