Determining if files sys/modem.h exist failed with the following output:
Change Dir: /source/clients/freerdp-git-06022012/CMakeFiles/CMakeTmp

Run Build Command:/usr/bin/make "cmTryCompileExec825422757/fast"
/usr/bin/make -f CMakeFiles/cmTryCompileExec825422757.dir/build.make CMakeFiles/cmTryCompileExec825422757.dir/build
make[1]: Entering directory `/source/clients/freerdp-git-06022012/CMakeFiles/CMakeTmp'
/usr/bin/cmake -E cmake_progress_report /source/clients/freerdp-git-06022012/CMakeFiles/CMakeTmp/CMakeFiles 1
Building C object CMakeFiles/cmTryCompileExec825422757.dir/CheckIncludeFiles.c.o
/toolchain/bin/i486-TSOL-linux-gnu-gcc   -Os  -march=i686 -Wall -Wno-unused-result -Wno-unused-but-set-variable -Wno-deprecated-declarations -O2 -msse2 -DWINPR_EXPORTS -DFREERDP_EXPORTS     -o CMakeFiles/cmTryCompileExec825422757.dir/CheckIncludeFiles.c.o   -c /source/clients/freerdp-git-06022012/CMakeFiles/CMakeTmp/CheckIncludeFiles.c
/source/clients/freerdp-git-06022012/CMakeFiles/CMakeTmp/CheckIncludeFiles.c:2:23: fatal error: sys/modem.h: No such file or directory
compilation terminated.
make[1]: Leaving directory `/source/clients/freerdp-git-06022012/CMakeFiles/CMakeTmp'
make[1]: *** [CMakeFiles/cmTryCompileExec825422757.dir/CheckIncludeFiles.c.o] Error 1
make: *** [cmTryCompileExec825422757/fast] Error 2

Source:
/* */
#include <sys/modem.h>


int main(){return 0;}

Determining if files sys/filio.h exist failed with the following output:
Change Dir: /source/clients/freerdp-git-06022012/CMakeFiles/CMakeTmp

Run Build Command:/usr/bin/make "cmTryCompileExec2337908227/fast"
/usr/bin/make -f CMakeFiles/cmTryCompileExec2337908227.dir/build.make CMakeFiles/cmTryCompileExec2337908227.dir/build
make[1]: Entering directory `/source/clients/freerdp-git-06022012/CMakeFiles/CMakeTmp'
/usr/bin/cmake -E cmake_progress_report /source/clients/freerdp-git-06022012/CMakeFiles/CMakeTmp/CMakeFiles 1
Building C object CMakeFiles/cmTryCompileExec2337908227.dir/CheckIncludeFiles.c.o
/toolchain/bin/i486-TSOL-linux-gnu-gcc   -Os  -march=i686 -Wall -Wno-unused-result -Wno-unused-but-set-variable -Wno-deprecated-declarations -O2 -msse2 -DWINPR_EXPORTS -DFREERDP_EXPORTS     -o CMakeFiles/cmTryCompileExec2337908227.dir/CheckIncludeFiles.c.o   -c /source/clients/freerdp-git-06022012/CMakeFiles/CMakeTmp/CheckIncludeFiles.c
/source/clients/freerdp-git-06022012/CMakeFiles/CMakeTmp/CheckIncludeFiles.c:2:23: fatal error: sys/filio.h: No such file or directory
compilation terminated.
make[1]: Leaving directory `/source/clients/freerdp-git-06022012/CMakeFiles/CMakeTmp'
make[1]: *** [CMakeFiles/cmTryCompileExec2337908227.dir/CheckIncludeFiles.c.o] Error 1
make: *** [cmTryCompileExec2337908227/fast] Error 2

Source:
/* */
#include <sys/filio.h>


int main(){return 0;}

Determining if files sys/strtio.h exist failed with the following output:
Change Dir: /source/clients/freerdp-git-06022012/CMakeFiles/CMakeTmp

Run Build Command:/usr/bin/make "cmTryCompileExec2768583208/fast"
/usr/bin/make -f CMakeFiles/cmTryCompileExec2768583208.dir/build.make CMakeFiles/cmTryCompileExec2768583208.dir/build
make[1]: Entering directory `/source/clients/freerdp-git-06022012/CMakeFiles/CMakeTmp'
/usr/bin/cmake -E cmake_progress_report /source/clients/freerdp-git-06022012/CMakeFiles/CMakeTmp/CMakeFiles 1
Building C object CMakeFiles/cmTryCompileExec2768583208.dir/CheckIncludeFiles.c.o
/toolchain/bin/i486-TSOL-linux-gnu-gcc   -Os  -march=i686 -Wall -Wno-unused-result -Wno-unused-but-set-variable -Wno-deprecated-declarations -O2 -msse2 -DWINPR_EXPORTS -DFREERDP_EXPORTS     -o CMakeFiles/cmTryCompileExec2768583208.dir/CheckIncludeFiles.c.o   -c /source/clients/freerdp-git-06022012/CMakeFiles/CMakeTmp/CheckIncludeFiles.c
/source/clients/freerdp-git-06022012/CMakeFiles/CMakeTmp/CheckIncludeFiles.c:2:24: fatal error: sys/strtio.h: No such file or directory
compilation terminated.
make[1]: Leaving directory `/source/clients/freerdp-git-06022012/CMakeFiles/CMakeTmp'
make[1]: *** [CMakeFiles/cmTryCompileExec2768583208.dir/CheckIncludeFiles.c.o] Error 1
make: *** [cmTryCompileExec2768583208/fast] Error 2

Source:
/* */
#include <sys/strtio.h>


int main(){return 0;}

Determining if the pthread_create exist failed with the following output:
Change Dir: /source/clients/freerdp-git-06022012/CMakeFiles/CMakeTmp

Run Build Command:/usr/bin/make "cmTryCompileExec2743398322/fast"
/usr/bin/make -f CMakeFiles/cmTryCompileExec2743398322.dir/build.make CMakeFiles/cmTryCompileExec2743398322.dir/build
make[1]: Entering directory `/source/clients/freerdp-git-06022012/CMakeFiles/CMakeTmp'
/usr/bin/cmake -E cmake_progress_report /source/clients/freerdp-git-06022012/CMakeFiles/CMakeTmp/CMakeFiles 1
Building C object CMakeFiles/cmTryCompileExec2743398322.dir/CheckSymbolExists.c.o
/toolchain/bin/i486-TSOL-linux-gnu-gcc   -Os  -march=i686 -Wall -Wno-unused-result -Wno-unused-but-set-variable -Wno-deprecated-declarations -O2 -msse2 -DWINPR_EXPORTS -DFREERDP_EXPORTS     -o CMakeFiles/cmTryCompileExec2743398322.dir/CheckSymbolExists.c.o   -c /source/clients/freerdp-git-06022012/CMakeFiles/CMakeTmp/CheckSymbolExists.c
Linking C executable cmTryCompileExec2743398322
/usr/bin/cmake -E cmake_link_script CMakeFiles/cmTryCompileExec2743398322.dir/link.txt --verbose=1
/toolchain/bin/i486-TSOL-linux-gnu-gcc   -Os  -march=i686 -Wall -Wno-unused-result -Wno-unused-but-set-variable -Wno-deprecated-declarations -O2 -msse2 -DWINPR_EXPORTS -DFREERDP_EXPORTS     -static-libgcc CMakeFiles/cmTryCompileExec2743398322.dir/CheckSymbolExists.c.o  -o cmTryCompileExec2743398322 -rdynamic 
CMakeFiles/cmTryCompileExec2743398322.dir/CheckSymbolExists.c.o: In function `main':
CheckSymbolExists.c:(.text.startup+0x7): undefined reference to `pthread_create'
collect2: ld returned 1 exit status
make[1]: Leaving directory `/source/clients/freerdp-git-06022012/CMakeFiles/CMakeTmp'
make[1]: *** [cmTryCompileExec2743398322] Error 1
make: *** [cmTryCompileExec2743398322/fast] Error 2

File /source/clients/freerdp-git-06022012/CMakeFiles/CMakeTmp/CheckSymbolExists.c:
/* */
#include <pthread.h>

int main(int argc, char** argv)
{
  (void)argv;
#ifndef pthread_create
  return ((int*)(&pthread_create))[argc];
#else
  (void)argc;
  return 0;
#endif
}

Determining if the function pthread_create exists in the pthreads failed with the following output:
Change Dir: /source/clients/freerdp-git-06022012/CMakeFiles/CMakeTmp

Run Build Command:/usr/bin/make "cmTryCompileExec1108463328/fast"
/usr/bin/make -f CMakeFiles/cmTryCompileExec1108463328.dir/build.make CMakeFiles/cmTryCompileExec1108463328.dir/build
make[1]: Entering directory `/source/clients/freerdp-git-06022012/CMakeFiles/CMakeTmp'
/usr/bin/cmake -E cmake_progress_report /source/clients/freerdp-git-06022012/CMakeFiles/CMakeTmp/CMakeFiles 1
Building C object CMakeFiles/cmTryCompileExec1108463328.dir/CheckFunctionExists.c.o
/toolchain/bin/i486-TSOL-linux-gnu-gcc   -Os  -march=i686 -Wall -Wno-unused-result -Wno-unused-but-set-variable -Wno-deprecated-declarations -O2 -msse2 -DWINPR_EXPORTS -DFREERDP_EXPORTS  -DCHECK_FUNCTION_EXISTS=pthread_create   -o CMakeFiles/cmTryCompileExec1108463328.dir/CheckFunctionExists.c.o   -c /usr/share/cmake-2.8/Modules/CheckFunctionExists.c
Linking C executable cmTryCompileExec1108463328
/usr/bin/cmake -E cmake_link_script CMakeFiles/cmTryCompileExec1108463328.dir/link.txt --verbose=1
/toolchain/bin/i486-TSOL-linux-gnu-gcc   -Os  -march=i686 -Wall -Wno-unused-result -Wno-unused-but-set-variable -Wno-deprecated-declarations -O2 -msse2 -DWINPR_EXPORTS -DFREERDP_EXPORTS  -DCHECK_FUNCTION_EXISTS=pthread_create   -static-libgcc CMakeFiles/cmTryCompileExec1108463328.dir/CheckFunctionExists.c.o  -o cmTryCompileExec1108463328 -rdynamic -lpthreads 
/toolchain/lib/gcc/i486-TSOL-linux-gnu/4.6.3/../../../../i486-TSOL-linux-gnu/bin/ld: cannot find -lpthreads
collect2: ld returned 1 exit status
make[1]: Leaving directory `/source/clients/freerdp-git-06022012/CMakeFiles/CMakeTmp'
make[1]: *** [cmTryCompileExec1108463328] Error 1
make: *** [cmTryCompileExec1108463328/fast] Error 2


