The system is: Linux - 3.2.16-030216-generic - i686
Compiling the C compiler identification source file "CMakeCCompilerId.c" succeeded.
Compiler: /toolchain/bin/i486-TSOL-linux-gnu-gcc 
Build flags: -Os
Id flags: 

The output was:
0


Compilation of the C compiler identification source "CMakeCCompilerId.c" produced "a.out"

The C compiler identification is GNU, found in "/source/clients/freerdp-git-06022012/CMakeFiles/2.8.10.2/CompilerIdC/a.out"

Determining if the C compiler works passed with the following output:
Change Dir: /source/clients/freerdp-git-06022012/CMakeFiles/CMakeTmp

Run Build Command:/usr/bin/make "cmTryCompileExec2929471728/fast"
/usr/bin/make -f CMakeFiles/cmTryCompileExec2929471728.dir/build.make CMakeFiles/cmTryCompileExec2929471728.dir/build
make[1]: Entering directory `/source/clients/freerdp-git-06022012/CMakeFiles/CMakeTmp'
/usr/bin/cmake -E cmake_progress_report /source/clients/freerdp-git-06022012/CMakeFiles/CMakeTmp/CMakeFiles 1
Building C object CMakeFiles/cmTryCompileExec2929471728.dir/testCCompiler.c.o
/toolchain/bin/i486-TSOL-linux-gnu-gcc   -Os      -o CMakeFiles/cmTryCompileExec2929471728.dir/testCCompiler.c.o   -c /source/clients/freerdp-git-06022012/CMakeFiles/CMakeTmp/testCCompiler.c
Linking C executable cmTryCompileExec2929471728
/usr/bin/cmake -E cmake_link_script CMakeFiles/cmTryCompileExec2929471728.dir/link.txt --verbose=1
/toolchain/bin/i486-TSOL-linux-gnu-gcc   -Os      -static-libgcc CMakeFiles/cmTryCompileExec2929471728.dir/testCCompiler.c.o  -o cmTryCompileExec2929471728 -rdynamic 
make[1]: Leaving directory `/source/clients/freerdp-git-06022012/CMakeFiles/CMakeTmp'


Detecting C compiler ABI info compiled with the following output:
Change Dir: /source/clients/freerdp-git-06022012/CMakeFiles/CMakeTmp

Run Build Command:/usr/bin/make "cmTryCompileExec3875469312/fast"
/usr/bin/make -f CMakeFiles/cmTryCompileExec3875469312.dir/build.make CMakeFiles/cmTryCompileExec3875469312.dir/build
make[1]: Entering directory `/source/clients/freerdp-git-06022012/CMakeFiles/CMakeTmp'
/usr/bin/cmake -E cmake_progress_report /source/clients/freerdp-git-06022012/CMakeFiles/CMakeTmp/CMakeFiles 1
Building C object CMakeFiles/cmTryCompileExec3875469312.dir/CMakeCCompilerABI.c.o
/toolchain/bin/i486-TSOL-linux-gnu-gcc   -Os      -o CMakeFiles/cmTryCompileExec3875469312.dir/CMakeCCompilerABI.c.o   -c /usr/share/cmake-2.8/Modules/CMakeCCompilerABI.c
Linking C executable cmTryCompileExec3875469312
/usr/bin/cmake -E cmake_link_script CMakeFiles/cmTryCompileExec3875469312.dir/link.txt --verbose=1
/toolchain/bin/i486-TSOL-linux-gnu-gcc   -Os     -v CMakeFiles/cmTryCompileExec3875469312.dir/CMakeCCompilerABI.c.o  -o cmTryCompileExec3875469312 -rdynamic  
Using built-in specs.
COLLECT_GCC=/toolchain/bin/i486-TSOL-linux-gnu-gcc
COLLECT_LTO_WRAPPER=/toolchain/libexec/gcc/i486-TSOL-linux-gnu/4.6.3/lto-wrapper
Target: i486-TSOL-linux-gnu
Configured with: /TSOL/crosstool-ng-1.15.2/bin/.build/src/gcc-4.6.3/configure --build=i686-build_pc-linux-gnu --host=i686-build_pc-linux-gnu --target=i486-TSOL-linux-gnu --prefix=/toolchain --with-sysroot=/toolchain/i486-TSOL-linux-gnu/sysroot --enable-languages=c,c++ --with-arch=i486 --with-pkgversion='crosstool-NG 1.15.2' --enable-__cxa_atexit --disable-libmudflap --disable-libgomp --disable-libssp --with-gmp=/TSOL/crosstool-ng-1.15.2/bin/.build/i486-TSOL-linux-gnu/buildtools --with-mpfr=/TSOL/crosstool-ng-1.15.2/bin/.build/i486-TSOL-linux-gnu/buildtools --with-mpc=/TSOL/crosstool-ng-1.15.2/bin/.build/i486-TSOL-linux-gnu/buildtools --with-ppl=/TSOL/crosstool-ng-1.15.2/bin/.build/i486-TSOL-linux-gnu/buildtools --with-cloog=/TSOL/crosstool-ng-1.15.2/bin/.build/i486-TSOL-linux-gnu/buildtools --with-libelf=no --with-host-libstdcxx='-static-libgcc -Wl,-Bstatic,-lstdc++,-Bdynamic -lm -L/TSOL/crosstool-ng-1.15.2/bin/.build/i486-TSOL-linux-gnu/buildtools/lib -lpwl' --enable-threads=posix --enable-target-optspace --disable-multilib --with-local-prefix=/toolchain/i486-TSOL-linux-gnu/sysroot --enable-c99 --enable-long-long
Thread model: posix
gcc version 4.6.3 (crosstool-NG 1.15.2) 
COMPILER_PATH=/toolchain/libexec/gcc/i486-TSOL-linux-gnu/4.6.3/:/toolchain/libexec/gcc/i486-TSOL-linux-gnu/4.6.3/:/toolchain/libexec/gcc/i486-TSOL-linux-gnu/:/toolchain/lib/gcc/i486-TSOL-linux-gnu/4.6.3/:/toolchain/lib/gcc/i486-TSOL-linux-gnu/:/toolchain/lib/gcc/i486-TSOL-linux-gnu/4.6.3/../../../../i486-TSOL-linux-gnu/bin/
LIBRARY_PATH=/toolchain/lib/gcc/i486-TSOL-linux-gnu/4.6.3/:/toolchain/lib/gcc/i486-TSOL-linux-gnu/4.6.3/../../../../i486-TSOL-linux-gnu/lib/:/toolchain/i486-TSOL-linux-gnu/sysroot/lib/:/toolchain/i486-TSOL-linux-gnu/sysroot/usr/lib/
COLLECT_GCC_OPTIONS='-Os' '-v' '-o' 'cmTryCompileExec3875469312' '-rdynamic' '-mtune=i486' '-march=i486'
 /toolchain/libexec/gcc/i486-TSOL-linux-gnu/4.6.3/collect2 --sysroot=/toolchain/i486-TSOL-linux-gnu/sysroot --eh-frame-hdr -m elf_i386 -export-dynamic -dynamic-linker /lib/ld-linux.so.2 -o cmTryCompileExec3875469312 /toolchain/i486-TSOL-linux-gnu/sysroot/usr/lib/crt1.o /toolchain/i486-TSOL-linux-gnu/sysroot/usr/lib/crti.o /toolchain/lib/gcc/i486-TSOL-linux-gnu/4.6.3/crtbegin.o -L/toolchain/lib/gcc/i486-TSOL-linux-gnu/4.6.3 -L/toolchain/lib/gcc/i486-TSOL-linux-gnu/4.6.3/../../../../i486-TSOL-linux-gnu/lib -L/toolchain/i486-TSOL-linux-gnu/sysroot/lib -L/toolchain/i486-TSOL-linux-gnu/sysroot/usr/lib CMakeFiles/cmTryCompileExec3875469312.dir/CMakeCCompilerABI.c.o -lgcc --as-needed -lgcc_s --no-as-needed -lc -lgcc --as-needed -lgcc_s --no-as-needed /toolchain/lib/gcc/i486-TSOL-linux-gnu/4.6.3/crtend.o /toolchain/i486-TSOL-linux-gnu/sysroot/usr/lib/crtn.o
make[1]: Leaving directory `/source/clients/freerdp-git-06022012/CMakeFiles/CMakeTmp'


Parsed C implicit link information from above output:
  link line regex: [^( *|.*[/\])(ld|ld|collect2)[^/\]*( |$)]
  ignore line: [Change Dir: /source/clients/freerdp-git-06022012/CMakeFiles/CMakeTmp]
  ignore line: []
  ignore line: [Run Build Command:/usr/bin/make "cmTryCompileExec3875469312/fast"]
  ignore line: [/usr/bin/make -f CMakeFiles/cmTryCompileExec3875469312.dir/build.make CMakeFiles/cmTryCompileExec3875469312.dir/build]
  ignore line: [make[1]: Entering directory `/source/clients/freerdp-git-06022012/CMakeFiles/CMakeTmp']
  ignore line: [/usr/bin/cmake -E cmake_progress_report /source/clients/freerdp-git-06022012/CMakeFiles/CMakeTmp/CMakeFiles 1]
  ignore line: [Building C object CMakeFiles/cmTryCompileExec3875469312.dir/CMakeCCompilerABI.c.o]
  ignore line: [/toolchain/bin/i486-TSOL-linux-gnu-gcc   -Os      -o CMakeFiles/cmTryCompileExec3875469312.dir/CMakeCCompilerABI.c.o   -c /usr/share/cmake-2.8/Modules/CMakeCCompilerABI.c]
  ignore line: [Linking C executable cmTryCompileExec3875469312]
  ignore line: [/usr/bin/cmake -E cmake_link_script CMakeFiles/cmTryCompileExec3875469312.dir/link.txt --verbose=1]
  ignore line: [/toolchain/bin/i486-TSOL-linux-gnu-gcc   -Os     -v CMakeFiles/cmTryCompileExec3875469312.dir/CMakeCCompilerABI.c.o  -o cmTryCompileExec3875469312 -rdynamic  ]
  ignore line: [Using built-in specs.]
  ignore line: [COLLECT_GCC=/toolchain/bin/i486-TSOL-linux-gnu-gcc]
  ignore line: [COLLECT_LTO_WRAPPER=/toolchain/libexec/gcc/i486-TSOL-linux-gnu/4.6.3/lto-wrapper]
  ignore line: [Target: i486-TSOL-linux-gnu]
  ignore line: [Configured with: /TSOL/crosstool-ng-1.15.2/bin/.build/src/gcc-4.6.3/configure --build=i686-build_pc-linux-gnu --host=i686-build_pc-linux-gnu --target=i486-TSOL-linux-gnu --prefix=/toolchain --with-sysroot=/toolchain/i486-TSOL-linux-gnu/sysroot --enable-languages=c,c++ --with-arch=i486 --with-pkgversion='crosstool-NG 1.15.2' --enable-__cxa_atexit --disable-libmudflap --disable-libgomp --disable-libssp --with-gmp=/TSOL/crosstool-ng-1.15.2/bin/.build/i486-TSOL-linux-gnu/buildtools --with-mpfr=/TSOL/crosstool-ng-1.15.2/bin/.build/i486-TSOL-linux-gnu/buildtools --with-mpc=/TSOL/crosstool-ng-1.15.2/bin/.build/i486-TSOL-linux-gnu/buildtools --with-ppl=/TSOL/crosstool-ng-1.15.2/bin/.build/i486-TSOL-linux-gnu/buildtools --with-cloog=/TSOL/crosstool-ng-1.15.2/bin/.build/i486-TSOL-linux-gnu/buildtools --with-libelf=no --with-host-libstdcxx='-static-libgcc -Wl,-Bstatic,-lstdc++,-Bdynamic -lm -L/TSOL/crosstool-ng-1.15.2/bin/.build/i486-TSOL-linux-gnu/buildtools/lib -lpwl' --enable-threads=posix --enable-target-optspace --disable-multilib --with-local-prefix=/toolchain/i486-TSOL-linux-gnu/sysroot --enable-c99 --enable-long-long]
  ignore line: [Thread model: posix]
  ignore line: [gcc version 4.6.3 (crosstool-NG 1.15.2) ]
  ignore line: [COMPILER_PATH=/toolchain/libexec/gcc/i486-TSOL-linux-gnu/4.6.3/:/toolchain/libexec/gcc/i486-TSOL-linux-gnu/4.6.3/:/toolchain/libexec/gcc/i486-TSOL-linux-gnu/:/toolchain/lib/gcc/i486-TSOL-linux-gnu/4.6.3/:/toolchain/lib/gcc/i486-TSOL-linux-gnu/:/toolchain/lib/gcc/i486-TSOL-linux-gnu/4.6.3/../../../../i486-TSOL-linux-gnu/bin/]
  ignore line: [LIBRARY_PATH=/toolchain/lib/gcc/i486-TSOL-linux-gnu/4.6.3/:/toolchain/lib/gcc/i486-TSOL-linux-gnu/4.6.3/../../../../i486-TSOL-linux-gnu/lib/:/toolchain/i486-TSOL-linux-gnu/sysroot/lib/:/toolchain/i486-TSOL-linux-gnu/sysroot/usr/lib/]
  ignore line: [COLLECT_GCC_OPTIONS='-Os' '-v' '-o' 'cmTryCompileExec3875469312' '-rdynamic' '-mtune=i486' '-march=i486']
  link line: [ /toolchain/libexec/gcc/i486-TSOL-linux-gnu/4.6.3/collect2 --sysroot=/toolchain/i486-TSOL-linux-gnu/sysroot --eh-frame-hdr -m elf_i386 -export-dynamic -dynamic-linker /lib/ld-linux.so.2 -o cmTryCompileExec3875469312 /toolchain/i486-TSOL-linux-gnu/sysroot/usr/lib/crt1.o /toolchain/i486-TSOL-linux-gnu/sysroot/usr/lib/crti.o /toolchain/lib/gcc/i486-TSOL-linux-gnu/4.6.3/crtbegin.o -L/toolchain/lib/gcc/i486-TSOL-linux-gnu/4.6.3 -L/toolchain/lib/gcc/i486-TSOL-linux-gnu/4.6.3/../../../../i486-TSOL-linux-gnu/lib -L/toolchain/i486-TSOL-linux-gnu/sysroot/lib -L/toolchain/i486-TSOL-linux-gnu/sysroot/usr/lib CMakeFiles/cmTryCompileExec3875469312.dir/CMakeCCompilerABI.c.o -lgcc --as-needed -lgcc_s --no-as-needed -lc -lgcc --as-needed -lgcc_s --no-as-needed /toolchain/lib/gcc/i486-TSOL-linux-gnu/4.6.3/crtend.o /toolchain/i486-TSOL-linux-gnu/sysroot/usr/lib/crtn.o]
    arg [/toolchain/libexec/gcc/i486-TSOL-linux-gnu/4.6.3/collect2] ==> ignore
    arg [--sysroot=/toolchain/i486-TSOL-linux-gnu/sysroot] ==> ignore
    arg [--eh-frame-hdr] ==> ignore
    arg [-m] ==> ignore
    arg [elf_i386] ==> ignore
    arg [-export-dynamic] ==> ignore
    arg [-dynamic-linker] ==> ignore
    arg [/lib/ld-linux.so.2] ==> ignore
    arg [-o] ==> ignore
    arg [cmTryCompileExec3875469312] ==> ignore
    arg [/toolchain/i486-TSOL-linux-gnu/sysroot/usr/lib/crt1.o] ==> ignore
    arg [/toolchain/i486-TSOL-linux-gnu/sysroot/usr/lib/crti.o] ==> ignore
    arg [/toolchain/lib/gcc/i486-TSOL-linux-gnu/4.6.3/crtbegin.o] ==> ignore
    arg [-L/toolchain/lib/gcc/i486-TSOL-linux-gnu/4.6.3] ==> dir [/toolchain/lib/gcc/i486-TSOL-linux-gnu/4.6.3]
    arg [-L/toolchain/lib/gcc/i486-TSOL-linux-gnu/4.6.3/../../../../i486-TSOL-linux-gnu/lib] ==> dir [/toolchain/lib/gcc/i486-TSOL-linux-gnu/4.6.3/../../../../i486-TSOL-linux-gnu/lib]
    arg [-L/toolchain/i486-TSOL-linux-gnu/sysroot/lib] ==> dir [/toolchain/i486-TSOL-linux-gnu/sysroot/lib]
    arg [-L/toolchain/i486-TSOL-linux-gnu/sysroot/usr/lib] ==> dir [/toolchain/i486-TSOL-linux-gnu/sysroot/usr/lib]
    arg [CMakeFiles/cmTryCompileExec3875469312.dir/CMakeCCompilerABI.c.o] ==> ignore
    arg [-lgcc] ==> lib [gcc]
    arg [--as-needed] ==> ignore
    arg [-lgcc_s] ==> lib [gcc_s]
    arg [--no-as-needed] ==> ignore
    arg [-lc] ==> lib [c]
    arg [-lgcc] ==> lib [gcc]
    arg [--as-needed] ==> ignore
    arg [-lgcc_s] ==> lib [gcc_s]
    arg [--no-as-needed] ==> ignore
    arg [/toolchain/lib/gcc/i486-TSOL-linux-gnu/4.6.3/crtend.o] ==> ignore
    arg [/toolchain/i486-TSOL-linux-gnu/sysroot/usr/lib/crtn.o] ==> ignore
  remove lib [gcc]
  remove lib [gcc_s]
  remove lib [gcc]
  remove lib [gcc_s]
  collapse dir [/toolchain/lib/gcc/i486-TSOL-linux-gnu/4.6.3] ==> [/toolchain/lib/gcc/i486-TSOL-linux-gnu/4.6.3]
  collapse dir [/toolchain/lib/gcc/i486-TSOL-linux-gnu/4.6.3/../../../../i486-TSOL-linux-gnu/lib] ==> [/toolchain/i486-TSOL-linux-gnu/lib]
  collapse dir [/toolchain/i486-TSOL-linux-gnu/sysroot/lib] ==> [/toolchain/i486-TSOL-linux-gnu/sysroot/lib]
  collapse dir [/toolchain/i486-TSOL-linux-gnu/sysroot/usr/lib] ==> [/toolchain/i486-TSOL-linux-gnu/sysroot/usr/lib]
  implicit libs: [c]
  implicit dirs: [/toolchain/lib/gcc/i486-TSOL-linux-gnu/4.6.3;/toolchain/i486-TSOL-linux-gnu/lib;/toolchain/i486-TSOL-linux-gnu/sysroot/lib;/toolchain/i486-TSOL-linux-gnu/sysroot/usr/lib]


The target system is: Linux - 3.2.16-030216-generic - i686
The host system is: Linux - 3.2.16-030216-generic - i686
Performing C SOURCE FILE Test Wno-unused-result succeded with the following output:
Change Dir: /source/clients/freerdp-git-06022012/CMakeFiles/CMakeTmp

Run Build Command:/usr/bin/make "cmTryCompileExec2883244791/fast"
/usr/bin/make -f CMakeFiles/cmTryCompileExec2883244791.dir/build.make CMakeFiles/cmTryCompileExec2883244791.dir/build
make[1]: Entering directory `/source/clients/freerdp-git-06022012/CMakeFiles/CMakeTmp'
/usr/bin/cmake -E cmake_progress_report /source/clients/freerdp-git-06022012/CMakeFiles/CMakeTmp/CMakeFiles 1
Building C object CMakeFiles/cmTryCompileExec2883244791.dir/src.c.o
/toolchain/bin/i486-TSOL-linux-gnu-gcc   -Os  -march=i686 -Wall  -DWno-unused-result   -Wno-unused-result -o CMakeFiles/cmTryCompileExec2883244791.dir/src.c.o   -c /source/clients/freerdp-git-06022012/CMakeFiles/CMakeTmp/src.c
<command-line>:0:4: warning: missing whitespace after the macro name [enabled by default]
Linking C executable cmTryCompileExec2883244791
/usr/bin/cmake -E cmake_link_script CMakeFiles/cmTryCompileExec2883244791.dir/link.txt --verbose=1
/toolchain/bin/i486-TSOL-linux-gnu-gcc   -Os  -march=i686 -Wall  -DWno-unused-result   -static-libgcc CMakeFiles/cmTryCompileExec2883244791.dir/src.c.o  -o cmTryCompileExec2883244791 -rdynamic 
make[1]: Leaving directory `/source/clients/freerdp-git-06022012/CMakeFiles/CMakeTmp'

Source file was:
int main(void) { return 0; }
Performing C SOURCE FILE Test Wno-unused-but-set-variable succeded with the following output:
Change Dir: /source/clients/freerdp-git-06022012/CMakeFiles/CMakeTmp

Run Build Command:/usr/bin/make "cmTryCompileExec2175482515/fast"
/usr/bin/make -f CMakeFiles/cmTryCompileExec2175482515.dir/build.make CMakeFiles/cmTryCompileExec2175482515.dir/build
make[1]: Entering directory `/source/clients/freerdp-git-06022012/CMakeFiles/CMakeTmp'
/usr/bin/cmake -E cmake_progress_report /source/clients/freerdp-git-06022012/CMakeFiles/CMakeTmp/CMakeFiles 1
Building C object CMakeFiles/cmTryCompileExec2175482515.dir/src.c.o
/toolchain/bin/i486-TSOL-linux-gnu-gcc   -Os  -march=i686 -Wall -Wno-unused-result  -DWno-unused-but-set-variable   -Wno-unused-but-set-variable -o CMakeFiles/cmTryCompileExec2175482515.dir/src.c.o   -c /source/clients/freerdp-git-06022012/CMakeFiles/CMakeTmp/src.c
<command-line>:0:4: warning: missing whitespace after the macro name [enabled by default]
Linking C executable cmTryCompileExec2175482515
/usr/bin/cmake -E cmake_link_script CMakeFiles/cmTryCompileExec2175482515.dir/link.txt --verbose=1
/toolchain/bin/i486-TSOL-linux-gnu-gcc   -Os  -march=i686 -Wall -Wno-unused-result  -DWno-unused-but-set-variable   -static-libgcc CMakeFiles/cmTryCompileExec2175482515.dir/src.c.o  -o cmTryCompileExec2175482515 -rdynamic 
make[1]: Leaving directory `/source/clients/freerdp-git-06022012/CMakeFiles/CMakeTmp'

Source file was:
int main(void) { return 0; }
Performing C SOURCE FILE Test Wno-deprecated-declarations succeded with the following output:
Change Dir: /source/clients/freerdp-git-06022012/CMakeFiles/CMakeTmp

Run Build Command:/usr/bin/make "cmTryCompileExec3787100880/fast"
/usr/bin/make -f CMakeFiles/cmTryCompileExec3787100880.dir/build.make CMakeFiles/cmTryCompileExec3787100880.dir/build
make[1]: Entering directory `/source/clients/freerdp-git-06022012/CMakeFiles/CMakeTmp'
/usr/bin/cmake -E cmake_progress_report /source/clients/freerdp-git-06022012/CMakeFiles/CMakeTmp/CMakeFiles 1
Building C object CMakeFiles/cmTryCompileExec3787100880.dir/src.c.o
/toolchain/bin/i486-TSOL-linux-gnu-gcc   -Os  -march=i686 -Wall -Wno-unused-result -Wno-unused-but-set-variable  -DWno-deprecated-declarations   -Wno-deprecated-declarations -o CMakeFiles/cmTryCompileExec3787100880.dir/src.c.o   -c /source/clients/freerdp-git-06022012/CMakeFiles/CMakeTmp/src.c
<command-line>:0:4: warning: missing whitespace after the macro name [enabled by default]
Linking C executable cmTryCompileExec3787100880
/usr/bin/cmake -E cmake_link_script CMakeFiles/cmTryCompileExec3787100880.dir/link.txt --verbose=1
/toolchain/bin/i486-TSOL-linux-gnu-gcc   -Os  -march=i686 -Wall -Wno-unused-result -Wno-unused-but-set-variable  -DWno-deprecated-declarations   -static-libgcc CMakeFiles/cmTryCompileExec3787100880.dir/src.c.o  -o cmTryCompileExec3787100880 -rdynamic 
make[1]: Leaving directory `/source/clients/freerdp-git-06022012/CMakeFiles/CMakeTmp'

Source file was:
int main(void) { return 0; }
Determining if files fcntl.h exist passed with the following output:
Change Dir: /source/clients/freerdp-git-06022012/CMakeFiles/CMakeTmp

Run Build Command:/usr/bin/make "cmTryCompileExec2349208786/fast"
/usr/bin/make -f CMakeFiles/cmTryCompileExec2349208786.dir/build.make CMakeFiles/cmTryCompileExec2349208786.dir/build
make[1]: Entering directory `/source/clients/freerdp-git-06022012/CMakeFiles/CMakeTmp'
/usr/bin/cmake -E cmake_progress_report /source/clients/freerdp-git-06022012/CMakeFiles/CMakeTmp/CMakeFiles 1
Building C object CMakeFiles/cmTryCompileExec2349208786.dir/CheckIncludeFiles.c.o
/toolchain/bin/i486-TSOL-linux-gnu-gcc   -Os  -march=i686 -Wall -Wno-unused-result -Wno-unused-but-set-variable -Wno-deprecated-declarations -O2 -msse2 -DWINPR_EXPORTS -DFREERDP_EXPORTS     -o CMakeFiles/cmTryCompileExec2349208786.dir/CheckIncludeFiles.c.o   -c /source/clients/freerdp-git-06022012/CMakeFiles/CMakeTmp/CheckIncludeFiles.c
Linking C executable cmTryCompileExec2349208786
/usr/bin/cmake -E cmake_link_script CMakeFiles/cmTryCompileExec2349208786.dir/link.txt --verbose=1
/toolchain/bin/i486-TSOL-linux-gnu-gcc   -Os  -march=i686 -Wall -Wno-unused-result -Wno-unused-but-set-variable -Wno-deprecated-declarations -O2 -msse2 -DWINPR_EXPORTS -DFREERDP_EXPORTS     -static-libgcc CMakeFiles/cmTryCompileExec2349208786.dir/CheckIncludeFiles.c.o  -o cmTryCompileExec2349208786 -rdynamic 
make[1]: Leaving directory `/source/clients/freerdp-git-06022012/CMakeFiles/CMakeTmp'


Determining if files unistd.h exist passed with the following output:
Change Dir: /source/clients/freerdp-git-06022012/CMakeFiles/CMakeTmp

Run Build Command:/usr/bin/make "cmTryCompileExec1386543069/fast"
/usr/bin/make -f CMakeFiles/cmTryCompileExec1386543069.dir/build.make CMakeFiles/cmTryCompileExec1386543069.dir/build
make[1]: Entering directory `/source/clients/freerdp-git-06022012/CMakeFiles/CMakeTmp'
/usr/bin/cmake -E cmake_progress_report /source/clients/freerdp-git-06022012/CMakeFiles/CMakeTmp/CMakeFiles 1
Building C object CMakeFiles/cmTryCompileExec1386543069.dir/CheckIncludeFiles.c.o
/toolchain/bin/i486-TSOL-linux-gnu-gcc   -Os  -march=i686 -Wall -Wno-unused-result -Wno-unused-but-set-variable -Wno-deprecated-declarations -O2 -msse2 -DWINPR_EXPORTS -DFREERDP_EXPORTS     -o CMakeFiles/cmTryCompileExec1386543069.dir/CheckIncludeFiles.c.o   -c /source/clients/freerdp-git-06022012/CMakeFiles/CMakeTmp/CheckIncludeFiles.c
Linking C executable cmTryCompileExec1386543069
/usr/bin/cmake -E cmake_link_script CMakeFiles/cmTryCompileExec1386543069.dir/link.txt --verbose=1
/toolchain/bin/i486-TSOL-linux-gnu-gcc   -Os  -march=i686 -Wall -Wno-unused-result -Wno-unused-but-set-variable -Wno-deprecated-declarations -O2 -msse2 -DWINPR_EXPORTS -DFREERDP_EXPORTS     -static-libgcc CMakeFiles/cmTryCompileExec1386543069.dir/CheckIncludeFiles.c.o  -o cmTryCompileExec1386543069 -rdynamic 
make[1]: Leaving directory `/source/clients/freerdp-git-06022012/CMakeFiles/CMakeTmp'


Determining if files stdint.h exist passed with the following output:
Change Dir: /source/clients/freerdp-git-06022012/CMakeFiles/CMakeTmp

Run Build Command:/usr/bin/make "cmTryCompileExec731237554/fast"
/usr/bin/make -f CMakeFiles/cmTryCompileExec731237554.dir/build.make CMakeFiles/cmTryCompileExec731237554.dir/build
make[1]: Entering directory `/source/clients/freerdp-git-06022012/CMakeFiles/CMakeTmp'
/usr/bin/cmake -E cmake_progress_report /source/clients/freerdp-git-06022012/CMakeFiles/CMakeTmp/CMakeFiles 1
Building C object CMakeFiles/cmTryCompileExec731237554.dir/CheckIncludeFiles.c.o
/toolchain/bin/i486-TSOL-linux-gnu-gcc   -Os  -march=i686 -Wall -Wno-unused-result -Wno-unused-but-set-variable -Wno-deprecated-declarations -O2 -msse2 -DWINPR_EXPORTS -DFREERDP_EXPORTS     -o CMakeFiles/cmTryCompileExec731237554.dir/CheckIncludeFiles.c.o   -c /source/clients/freerdp-git-06022012/CMakeFiles/CMakeTmp/CheckIncludeFiles.c
Linking C executable cmTryCompileExec731237554
/usr/bin/cmake -E cmake_link_script CMakeFiles/cmTryCompileExec731237554.dir/link.txt --verbose=1
/toolchain/bin/i486-TSOL-linux-gnu-gcc   -Os  -march=i686 -Wall -Wno-unused-result -Wno-unused-but-set-variable -Wno-deprecated-declarations -O2 -msse2 -DWINPR_EXPORTS -DFREERDP_EXPORTS     -static-libgcc CMakeFiles/cmTryCompileExec731237554.dir/CheckIncludeFiles.c.o  -o cmTryCompileExec731237554 -rdynamic 
make[1]: Leaving directory `/source/clients/freerdp-git-06022012/CMakeFiles/CMakeTmp'


Determining if files inttypes.h exist passed with the following output:
Change Dir: /source/clients/freerdp-git-06022012/CMakeFiles/CMakeTmp

Run Build Command:/usr/bin/make "cmTryCompileExec1530155362/fast"
/usr/bin/make -f CMakeFiles/cmTryCompileExec1530155362.dir/build.make CMakeFiles/cmTryCompileExec1530155362.dir/build
make[1]: Entering directory `/source/clients/freerdp-git-06022012/CMakeFiles/CMakeTmp'
/usr/bin/cmake -E cmake_progress_report /source/clients/freerdp-git-06022012/CMakeFiles/CMakeTmp/CMakeFiles 1
Building C object CMakeFiles/cmTryCompileExec1530155362.dir/CheckIncludeFiles.c.o
/toolchain/bin/i486-TSOL-linux-gnu-gcc   -Os  -march=i686 -Wall -Wno-unused-result -Wno-unused-but-set-variable -Wno-deprecated-declarations -O2 -msse2 -DWINPR_EXPORTS -DFREERDP_EXPORTS     -o CMakeFiles/cmTryCompileExec1530155362.dir/CheckIncludeFiles.c.o   -c /source/clients/freerdp-git-06022012/CMakeFiles/CMakeTmp/CheckIncludeFiles.c
Linking C executable cmTryCompileExec1530155362
/usr/bin/cmake -E cmake_link_script CMakeFiles/cmTryCompileExec1530155362.dir/link.txt --verbose=1
/toolchain/bin/i486-TSOL-linux-gnu-gcc   -Os  -march=i686 -Wall -Wno-unused-result -Wno-unused-but-set-variable -Wno-deprecated-declarations -O2 -msse2 -DWINPR_EXPORTS -DFREERDP_EXPORTS     -static-libgcc CMakeFiles/cmTryCompileExec1530155362.dir/CheckIncludeFiles.c.o  -o cmTryCompileExec1530155362 -rdynamic 
make[1]: Leaving directory `/source/clients/freerdp-git-06022012/CMakeFiles/CMakeTmp'


Performing C SOURCE FILE Test HAVE_TM_GMTOFF succeded with the following output:
Change Dir: /source/clients/freerdp-git-06022012/CMakeFiles/CMakeTmp

Run Build Command:/usr/bin/make "cmTryCompileExec2334120636/fast"
/usr/bin/make -f CMakeFiles/cmTryCompileExec2334120636.dir/build.make CMakeFiles/cmTryCompileExec2334120636.dir/build
make[1]: Entering directory `/source/clients/freerdp-git-06022012/CMakeFiles/CMakeTmp'
/usr/bin/cmake -E cmake_progress_report /source/clients/freerdp-git-06022012/CMakeFiles/CMakeTmp/CMakeFiles 1
Building C object CMakeFiles/cmTryCompileExec2334120636.dir/src.c.o
/toolchain/bin/i486-TSOL-linux-gnu-gcc   -Os  -march=i686 -Wall -Wno-unused-result -Wno-unused-but-set-variable -Wno-deprecated-declarations -O2 -msse2 -DWINPR_EXPORTS -DFREERDP_EXPORTS  -DHAVE_TM_GMTOFF   -o CMakeFiles/cmTryCompileExec2334120636.dir/src.c.o   -c /source/clients/freerdp-git-06022012/CMakeFiles/CMakeTmp/src.c
/source/clients/freerdp-git-06022012/CMakeFiles/CMakeTmp/src.c: In function ‘main’:
/source/clients/freerdp-git-06022012/CMakeFiles/CMakeTmp/src.c:7:4: warning: statement with no effect [-Wunused-value]
Linking C executable cmTryCompileExec2334120636
/usr/bin/cmake -E cmake_link_script CMakeFiles/cmTryCompileExec2334120636.dir/link.txt --verbose=1
/toolchain/bin/i486-TSOL-linux-gnu-gcc   -Os  -march=i686 -Wall -Wno-unused-result -Wno-unused-but-set-variable -Wno-deprecated-declarations -O2 -msse2 -DWINPR_EXPORTS -DFREERDP_EXPORTS  -DHAVE_TM_GMTOFF   -static-libgcc CMakeFiles/cmTryCompileExec2334120636.dir/src.c.o  -o cmTryCompileExec2334120636 -rdynamic 
make[1]: Leaving directory `/source/clients/freerdp-git-06022012/CMakeFiles/CMakeTmp'

Source file was:

#include <time.h>

int main()
{
   struct tm* tmp;
   tmp->tm_gmtoff;
  return 0;
}

Determining if files pthread.h exist passed with the following output:
Change Dir: /source/clients/freerdp-git-06022012/CMakeFiles/CMakeTmp

Run Build Command:/usr/bin/make "cmTryCompileExec1805429627/fast"
/usr/bin/make -f CMakeFiles/cmTryCompileExec1805429627.dir/build.make CMakeFiles/cmTryCompileExec1805429627.dir/build
make[1]: Entering directory `/source/clients/freerdp-git-06022012/CMakeFiles/CMakeTmp'
/usr/bin/cmake -E cmake_progress_report /source/clients/freerdp-git-06022012/CMakeFiles/CMakeTmp/CMakeFiles 1
Building C object CMakeFiles/cmTryCompileExec1805429627.dir/CheckIncludeFiles.c.o
/toolchain/bin/i486-TSOL-linux-gnu-gcc   -Os  -march=i686 -Wall -Wno-unused-result -Wno-unused-but-set-variable -Wno-deprecated-declarations -O2 -msse2 -DWINPR_EXPORTS -DFREERDP_EXPORTS     -o CMakeFiles/cmTryCompileExec1805429627.dir/CheckIncludeFiles.c.o   -c /source/clients/freerdp-git-06022012/CMakeFiles/CMakeTmp/CheckIncludeFiles.c
Linking C executable cmTryCompileExec1805429627
/usr/bin/cmake -E cmake_link_script CMakeFiles/cmTryCompileExec1805429627.dir/link.txt --verbose=1
/toolchain/bin/i486-TSOL-linux-gnu-gcc   -Os  -march=i686 -Wall -Wno-unused-result -Wno-unused-but-set-variable -Wno-deprecated-declarations -O2 -msse2 -DWINPR_EXPORTS -DFREERDP_EXPORTS     -static-libgcc CMakeFiles/cmTryCompileExec1805429627.dir/CheckIncludeFiles.c.o  -o cmTryCompileExec1805429627 -rdynamic 
make[1]: Leaving directory `/source/clients/freerdp-git-06022012/CMakeFiles/CMakeTmp'


Determining if the function pthread_create exists in the pthread passed with the following output:
Change Dir: /source/clients/freerdp-git-06022012/CMakeFiles/CMakeTmp

Run Build Command:/usr/bin/make "cmTryCompileExec983054559/fast"
/usr/bin/make -f CMakeFiles/cmTryCompileExec983054559.dir/build.make CMakeFiles/cmTryCompileExec983054559.dir/build
make[1]: Entering directory `/source/clients/freerdp-git-06022012/CMakeFiles/CMakeTmp'
/usr/bin/cmake -E cmake_progress_report /source/clients/freerdp-git-06022012/CMakeFiles/CMakeTmp/CMakeFiles 1
Building C object CMakeFiles/cmTryCompileExec983054559.dir/CheckFunctionExists.c.o
/toolchain/bin/i486-TSOL-linux-gnu-gcc   -Os  -march=i686 -Wall -Wno-unused-result -Wno-unused-but-set-variable -Wno-deprecated-declarations -O2 -msse2 -DWINPR_EXPORTS -DFREERDP_EXPORTS  -DCHECK_FUNCTION_EXISTS=pthread_create   -o CMakeFiles/cmTryCompileExec983054559.dir/CheckFunctionExists.c.o   -c /usr/share/cmake-2.8/Modules/CheckFunctionExists.c
Linking C executable cmTryCompileExec983054559
/usr/bin/cmake -E cmake_link_script CMakeFiles/cmTryCompileExec983054559.dir/link.txt --verbose=1
/toolchain/bin/i486-TSOL-linux-gnu-gcc   -Os  -march=i686 -Wall -Wno-unused-result -Wno-unused-but-set-variable -Wno-deprecated-declarations -O2 -msse2 -DWINPR_EXPORTS -DFREERDP_EXPORTS  -DCHECK_FUNCTION_EXISTS=pthread_create   -static-libgcc CMakeFiles/cmTryCompileExec983054559.dir/CheckFunctionExists.c.o  -o cmTryCompileExec983054559 -rdynamic -lpthread 
make[1]: Leaving directory `/source/clients/freerdp-git-06022012/CMakeFiles/CMakeTmp'


Determining if files sys/eventfd.h exist passed with the following output:
Change Dir: /source/clients/freerdp-git-06022012/CMakeFiles/CMakeTmp

Run Build Command:/usr/bin/make "cmTryCompileExec246414953/fast"
/usr/bin/make -f CMakeFiles/cmTryCompileExec246414953.dir/build.make CMakeFiles/cmTryCompileExec246414953.dir/build
make[1]: Entering directory `/source/clients/freerdp-git-06022012/CMakeFiles/CMakeTmp'
/usr/bin/cmake -E cmake_progress_report /source/clients/freerdp-git-06022012/CMakeFiles/CMakeTmp/CMakeFiles 1
Building C object CMakeFiles/cmTryCompileExec246414953.dir/CheckIncludeFiles.c.o
/toolchain/bin/i486-TSOL-linux-gnu-gcc   -Os  -march=i686 -Wall -Wno-unused-result -Wno-unused-but-set-variable -Wno-deprecated-declarations -O2 -msse2 -DWINPR_EXPORTS -DFREERDP_EXPORTS     -o CMakeFiles/cmTryCompileExec246414953.dir/CheckIncludeFiles.c.o   -c /source/clients/freerdp-git-06022012/CMakeFiles/CMakeTmp/CheckIncludeFiles.c
Linking C executable cmTryCompileExec246414953
/usr/bin/cmake -E cmake_link_script CMakeFiles/cmTryCompileExec246414953.dir/link.txt --verbose=1
/toolchain/bin/i486-TSOL-linux-gnu-gcc   -Os  -march=i686 -Wall -Wno-unused-result -Wno-unused-but-set-variable -Wno-deprecated-declarations -O2 -msse2 -DWINPR_EXPORTS -DFREERDP_EXPORTS     -static-libgcc CMakeFiles/cmTryCompileExec246414953.dir/CheckIncludeFiles.c.o  -o cmTryCompileExec246414953 -rdynamic 
make[1]: Leaving directory `/source/clients/freerdp-git-06022012/CMakeFiles/CMakeTmp'


The target system is: Linux - 3.2.16-030216-generic - i686
The host system is: Linux - 3.2.16-030216-generic - i686
The target system is: Linux - 3.2.16-030216-generic - i686
The host system is: Linux - 3.2.16-030216-generic - i686
The target system is: Linux - 3.2.16-030216-generic - i686
The host system is: Linux - 3.2.16-030216-generic - i686
The target system is: Linux - 3.2.16-030216-generic - i686
The host system is: Linux - 3.2.16-030216-generic - i686
