This file contains any messages produced by compilers while
running configure, to aid debugging if configure makes a mistake.

It was created by configure, which was
generated by GNU Autoconf 2.57.  Invocation command line was

  $ ./configure --prefix=/usr --x-includes=/usr/xorg/include/ --x-libraries=/usr/xorg/lib/ --disable-glibtest --with-x

## --------- ##
## Platform. ##
## --------- ##

hostname = ubuntu4
uname -m = i686
uname -r = 3.2.16-030216-generic
uname -s = Linux
uname -v = #201204221935 SMP Sun Apr 22 23:42:49 UTC 2012

/usr/bin/uname -p = unknown
/bin/uname -X     = unknown

/bin/arch              = unknown
/usr/bin/arch -k       = unknown
/usr/convex/getsysinfo = unknown
hostinfo               = unknown
/bin/machine           = unknown
/usr/bin/oslevel       = unknown
/bin/universe          = unknown

PATH: /source/docbook-xsl-1.76.1/tools/bin
PATH: /bin
PATH: /sbin
PATH: /usr/bin
PATH: /usr/sbin
PATH: /usr/bin/X11
PATH: /usr/local/bin
PATH: /toolchain/bin
PATH: /toolchain/i486-TSOL-linux-gnu/bin/
PATH: /root/.local/bin
PATH: /usr/xorg/bin


## ----------- ##
## Core tests. ##
## ----------- ##

configure:1276: checking for a BSD-compatible install
configure:1330: result: /bin/install -c
configure:1341: checking whether build environment is sane
configure:1384: result: yes
configure:1417: checking for gawk
configure:1433: found /usr/bin/gawk
configure:1443: result: gawk
configure:1453: checking whether make sets $(MAKE)
configure:1473: result: yes
configure:1683: checking for gcc
configure:1709: result: i486-TSOL-linux-gnu-gcc
configure:1953: checking for C compiler version
configure:1956: i486-TSOL-linux-gnu-gcc --version </dev/null >&5
i486-TSOL-linux-gnu-gcc (crosstool-NG 1.15.2) 4.6.3
Copyright (C) 2011 Free Software Foundation, Inc.
This is free software; see the source for copying conditions.  There is NO
warranty; not even for MERCHANTABILITY or FITNESS FOR A PARTICULAR PURPOSE.

configure:1959: $? = 0
configure:1961: i486-TSOL-linux-gnu-gcc -v </dev/null >&5
Using built-in specs.
COLLECT_GCC=i486-TSOL-linux-gnu-gcc
COLLECT_LTO_WRAPPER=/toolchain/libexec/gcc/i486-TSOL-linux-gnu/4.6.3/lto-wrapper
Target: i486-TSOL-linux-gnu
Configured with: /TSOL/crosstool-ng-1.15.2/bin/.build/src/gcc-4.6.3/configure --build=i686-build_pc-linux-gnu --host=i686-build_pc-linux-gnu --target=i486-TSOL-linux-gnu --prefix=/toolchain --with-sysroot=/toolchain/i486-TSOL-linux-gnu/sysroot --enable-languages=c,c++ --with-arch=i486 --with-pkgversion='crosstool-NG 1.15.2' --enable-__cxa_atexit --disable-libmudflap --disable-libgomp --disable-libssp --with-gmp=/TSOL/crosstool-ng-1.15.2/bin/.build/i486-TSOL-linux-gnu/buildtools --with-mpfr=/TSOL/crosstool-ng-1.15.2/bin/.build/i486-TSOL-linux-gnu/buildtools --with-mpc=/TSOL/crosstool-ng-1.15.2/bin/.build/i486-TSOL-linux-gnu/buildtools --with-ppl=/TSOL/crosstool-ng-1.15.2/bin/.build/i486-TSOL-linux-gnu/buildtools --with-cloog=/TSOL/crosstool-ng-1.15.2/bin/.build/i486-TSOL-linux-gnu/buildtools --with-libelf=no --with-host-libstdcxx='-static-libgcc -Wl,-Bstatic,-lstdc++,-Bdynamic -lm -L/TSOL/crosstool-ng-1.15.2/bin/.build/i486-TSOL-linux-gnu/buildtools/lib -lpwl' --enable-threads=posix --enable-target-optspace --disable-multilib --with-local-prefix=/toolchain/i486-TSOL-linux-gnu/sysroot --enable-c99 --enable-long-long
Thread model: posix
gcc version 4.6.3 (crosstool-NG 1.15.2) 
configure:1964: $? = 0
configure:1966: i486-TSOL-linux-gnu-gcc -V </dev/null >&5
i486-TSOL-linux-gnu-gcc: error: unrecognized option '-V'
i486-TSOL-linux-gnu-gcc: fatal error: no input files
compilation terminated.
configure:1969: $? = 1
configure:1993: checking for C compiler default output
configure:1996: i486-TSOL-linux-gnu-gcc -O2  -static-libgcc conftest.c  >&5
configure:1999: $? = 0
configure:2045: result: a.out
configure:2050: checking whether the C compiler works
configure:2056: ./a.out
configure:2059: $? = 0
configure:2076: result: yes
configure:2083: checking whether we are cross compiling
configure:2085: result: no
configure:2088: checking for suffix of executables
configure:2090: i486-TSOL-linux-gnu-gcc -o conftest -O2  -static-libgcc conftest.c  >&5
configure:2093: $? = 0
configure:2118: result: 
configure:2124: checking for suffix of object files
configure:2146: i486-TSOL-linux-gnu-gcc -c -O2  conftest.c >&5
configure:2149: $? = 0
configure:2171: result: o
configure:2175: checking whether we are using the GNU C compiler
configure:2200: i486-TSOL-linux-gnu-gcc -c -O2  conftest.c >&5
configure:2203: $? = 0
configure:2206: test -s conftest.o
configure:2209: $? = 0
configure:2222: result: yes
configure:2228: checking whether i486-TSOL-linux-gnu-gcc accepts -g
configure:2250: i486-TSOL-linux-gnu-gcc -c -g  conftest.c >&5
configure:2253: $? = 0
configure:2256: test -s conftest.o
configure:2259: $? = 0
configure:2270: result: yes
configure:2287: checking for i486-TSOL-linux-gnu-gcc option to accept ANSI C
configure:2348: i486-TSOL-linux-gnu-gcc  -c -O2  conftest.c >&5
configure:2351: $? = 0
configure:2354: test -s conftest.o
configure:2357: $? = 0
configure:2375: result: none needed
configure:2393: i486-TSOL-linux-gnu-gcc -c -O2  conftest.c >&5
conftest.c:2:3: error: unknown type name 'choke'
conftest.c:2:3: error: expected '=', ',', ';', 'asm' or '__attribute__' at end of input
configure:2396: $? = 1
configure: failed program was:
| #ifndef __cplusplus
|   choke me
| #endif
configure:2516: checking for style of include used by make
configure:2544: result: GNU
configure:2572: checking dependency style of i486-TSOL-linux-gnu-gcc
configure:2655: result: gcc3
configure:2678: checking how to run the C preprocessor
configure:2714: i486-TSOL-linux-gnu-gcc -E  conftest.c
configure:2720: $? = 0
configure:2752: i486-TSOL-linux-gnu-gcc -E  conftest.c
configure:2753:28: fatal error: ac_nonexistent.h: No such file or directory
compilation terminated.
configure:2758: $? = 1
configure: failed program was:
| #line 2743 "configure"
| /* confdefs.h.  */
| 
| #define PACKAGE_NAME ""
| #define PACKAGE_TARNAME ""
| #define PACKAGE_VERSION ""
| #define PACKAGE_STRING ""
| #define PACKAGE_BUGREPORT ""
| #define PACKAGE "wmctrl"
| #define VERSION "1.07"
| /* end confdefs.h.  */
| #include <ac_nonexistent.h>
configure:2796: result: i486-TSOL-linux-gnu-gcc -E
configure:2821: i486-TSOL-linux-gnu-gcc -E  conftest.c
configure:2827: $? = 0
configure:2859: i486-TSOL-linux-gnu-gcc -E  conftest.c
configure:2860:28: fatal error: ac_nonexistent.h: No such file or directory
compilation terminated.
configure:2865: $? = 1
configure: failed program was:
| #line 2850 "configure"
| /* confdefs.h.  */
| 
| #define PACKAGE_NAME ""
| #define PACKAGE_TARNAME ""
| #define PACKAGE_VERSION ""
| #define PACKAGE_STRING ""
| #define PACKAGE_BUGREPORT ""
| #define PACKAGE "wmctrl"
| #define VERSION "1.07"
| /* end confdefs.h.  */
| #include <ac_nonexistent.h>
configure:2908: checking for X
configure:3128: result: libraries /usr/xorg/lib/, headers /usr/xorg/include/
configure:3281: i486-TSOL-linux-gnu-gcc -o conftest -O2  -static-libgcc conftest.c   -L/usr/xorg/lib/ -lX11 >&5
configure:3284: $? = 0
configure:3287: test -s conftest
configure:3290: $? = 0
configure:3427: checking for gethostbyname
configure:3477: i486-TSOL-linux-gnu-gcc -o conftest -O2  -static-libgcc conftest.c  >&5
configure:3480: $? = 0
configure:3483: test -s conftest
configure:3486: $? = 0
configure:3497: result: yes
configure:3628: checking for connect
configure:3678: i486-TSOL-linux-gnu-gcc -o conftest -O2  -static-libgcc conftest.c  >&5
configure:3681: $? = 0
configure:3684: test -s conftest
configure:3687: $? = 0
configure:3698: result: yes
configure:3763: checking for remove
configure:3813: i486-TSOL-linux-gnu-gcc -o conftest -O2  -static-libgcc conftest.c  >&5
configure:3816: $? = 0
configure:3819: test -s conftest
configure:3822: $? = 0
configure:3833: result: yes
configure:3898: checking for shmat
configure:3948: i486-TSOL-linux-gnu-gcc -o conftest -O2  -static-libgcc conftest.c  >&5
configure:3951: $? = 0
configure:3954: test -s conftest
configure:3957: $? = 0
configure:3968: result: yes
configure:4042: checking for IceConnectionNumber in -lICE
configure:4073: i486-TSOL-linux-gnu-gcc -o conftest -O2  -static-libgcc -L/usr/xorg/lib/ conftest.c -lICE   >&5
configure:4076: $? = 0
configure:4079: test -s conftest
configure:4082: $? = 0
configure:4094: result: yes
configure:4130: checking for pkg-config
configure:4148: found /usr/bin/pkg-config
configure:4161: result: /usr/bin/pkg-config
configure:4184: checking for GLIB - version >= 2.0.0
configure:4330: result: yes (version 2.4.0)
configure:4555: creating ./config.status

## ---------------------- ##
## Running config.status. ##
## ---------------------- ##

This file was extended by config.status, which was
generated by GNU Autoconf 2.57.  Invocation command line was

  CONFIG_FILES    = 
  CONFIG_HEADERS  = 
  CONFIG_LINKS    = 
  CONFIG_COMMANDS = 
  $ ./config.status 

on ubuntu4

config.status:653: creating Makefile
config.status:778: executing depfiles commands

## ---------------- ##
## Cache variables. ##
## ---------------- ##

ac_cv_c_compiler_gnu=yes
ac_cv_env_CC_set=set
ac_cv_env_CC_value=i486-TSOL-linux-gnu-gcc
ac_cv_env_CFLAGS_set=set
ac_cv_env_CFLAGS_value=-O2
ac_cv_env_CPPFLAGS_set=
ac_cv_env_CPPFLAGS_value=
ac_cv_env_CPP_set=
ac_cv_env_CPP_value=
ac_cv_env_LDFLAGS_set=set
ac_cv_env_LDFLAGS_value=-static-libgcc
ac_cv_env_build_alias_set=
ac_cv_env_build_alias_value=
ac_cv_env_host_alias_set=
ac_cv_env_host_alias_value=
ac_cv_env_target_alias_set=
ac_cv_env_target_alias_value=
ac_cv_exeext=
ac_cv_func_connect=yes
ac_cv_func_gethostbyname=yes
ac_cv_func_remove=yes
ac_cv_func_shmat=yes
ac_cv_have_x='have_x=yes 		ac_x_includes=/usr/xorg/include/ ac_x_libraries=/usr/xorg/lib/'
ac_cv_lib_ICE_IceConnectionNumber=yes
ac_cv_objext=o
ac_cv_path_PKG_CONFIG=/usr/bin/pkg-config
ac_cv_path_install='/bin/install -c'
ac_cv_prog_AWK=gawk
ac_cv_prog_CPP='i486-TSOL-linux-gnu-gcc -E'
ac_cv_prog_ac_ct_CC=i486-TSOL-linux-gnu-gcc
ac_cv_prog_cc_g=yes
ac_cv_prog_cc_stdc=
ac_cv_prog_make_make_set=yes
am_cv_CC_dependencies_compiler_type=gcc3

## ----------------- ##
## Output variables. ##
## ----------------- ##

ACLOCAL='${SHELL} /source/wmctrl-1.07/missing --run aclocal-1.7'
AMDEPBACKSLASH='\'
AMDEP_FALSE='#'
AMDEP_TRUE=''
AMTAR='${SHELL} /source/wmctrl-1.07/missing --run tar'
AUTOCONF='${SHELL} /source/wmctrl-1.07/missing --run autoconf'
AUTOHEADER='${SHELL} /source/wmctrl-1.07/missing --run autoheader'
AUTOMAKE='${SHELL} /source/wmctrl-1.07/missing --run automake-1.7'
AWK='gawk'
CC='i486-TSOL-linux-gnu-gcc'
CCDEPMODE='depmode=gcc3'
CFLAGS='-O2'
CPP='i486-TSOL-linux-gnu-gcc -E'
CPPFLAGS=''
CYGPATH_W='echo'
DEFS='-DPACKAGE_NAME=\"\" -DPACKAGE_TARNAME=\"\" -DPACKAGE_VERSION=\"\" -DPACKAGE_STRING=\"\" -DPACKAGE_BUGREPORT=\"\" -DPACKAGE=\"wmctrl\" -DVERSION=\"1.07\" '
DEPDIR='.deps'
ECHO_C=''
ECHO_N='-n'
ECHO_T=''
EXEEXT=''
GLIB_CFLAGS='-I/usr/include/glib-2.0 -I/usr/lib/glib-2.0/include  '
GLIB_GENMARSHAL='glib-genmarshal'
GLIB_LIBS='-lglib-2.0  '
GLIB_MKENUMS='glib-mkenums'
GOBJECT_QUERY='gobject-query'
INSTALL_DATA='${INSTALL} -m 644'
INSTALL_PROGRAM='${INSTALL}'
INSTALL_SCRIPT='${INSTALL}'
INSTALL_STRIP_PROGRAM='${SHELL} $(install_sh) -c -s'
LDFLAGS='-static-libgcc'
LIBOBJS=''
LIBS=''
LTLIBOBJS=''
MAKEINFO='${SHELL} /source/wmctrl-1.07/missing --run makeinfo'
OBJEXT='o'
PACKAGE='wmctrl'
PACKAGE_BUGREPORT=''
PACKAGE_NAME=''
PACKAGE_STRING=''
PACKAGE_TARNAME=''
PACKAGE_VERSION=''
PATH_SEPARATOR=':'
PKG_CONFIG='/usr/bin/pkg-config'
SET_MAKE=''
SHELL='/bin/sh'
STRIP=''
VERSION='1.07'
X_CFLAGS=' -I/usr/xorg/include/'
X_EXTRA_LIBS=''
X_LIBS=' -L/usr/xorg/lib/'
X_PRE_LIBS=' -lSM -lICE'
ac_ct_CC='i486-TSOL-linux-gnu-gcc'
ac_ct_STRIP=''
am__fastdepCC_FALSE='#'
am__fastdepCC_TRUE=''
am__include='include'
am__leading_dot='.'
am__quote=''
bindir='${exec_prefix}/bin'
build_alias=''
datadir='${prefix}/share'
exec_prefix='${prefix}'
host_alias=''
includedir='${prefix}/include'
infodir='${prefix}/info'
install_sh='/source/wmctrl-1.07/install-sh'
libdir='${exec_prefix}/lib'
libexecdir='${exec_prefix}/libexec'
localstatedir='${prefix}/var'
mandir='${prefix}/man'
oldincludedir='/usr/include'
prefix='/usr'
program_transform_name='s,x,x,'
sbindir='${exec_prefix}/sbin'
sharedstatedir='${prefix}/com'
sysconfdir='${prefix}/etc'
target_alias=''

## ----------- ##
## confdefs.h. ##
## ----------- ##

#define PACKAGE "wmctrl"
#define PACKAGE_BUGREPORT ""
#define PACKAGE_NAME ""
#define PACKAGE_STRING ""
#define PACKAGE_TARNAME ""
#define PACKAGE_VERSION ""
#define VERSION "1.07"

configure: exit 0
