This file contains any messages produced by compilers while
running configure, to aid debugging if configure makes a mistake.

It was created by kcompmgr configure 2.0.0, which was
generated by GNU Autoconf 2.59.  Invocation command line was

  $ ./configure --prefix=/usr/xorg CC=i486-TSOL-linux-gnu-gcc CFLAGS=-O2 LDFLAGS=-static-libgcc

## --------- ##
## Platform. ##
## --------- ##

hostname = ubuntu4
uname -m = i686
uname -r = 3.2.16-030216-generic
uname -s = Linux
uname -v = #201204221935 SMP Sun Apr 22 23:42:49 UTC 2012

/usr/bin/uname -p = unknown
/bin/uname -X     = unknown

/bin/arch              = unknown
/usr/bin/arch -k       = unknown
/usr/convex/getsysinfo = unknown
hostinfo               = unknown
/bin/machine           = unknown
/usr/bin/oslevel       = unknown
/bin/universe          = unknown

PATH: /usr/xorg/bin
PATH: /source/docbook-xsl-1.76.1/tools/bin
PATH: /bin
PATH: /sbin
PATH: /usr/bin
PATH: /usr/sbin
PATH: /usr/bin/X11
PATH: /usr/local/bin
PATH: /toolchain/bin
PATH: /toolchain/i486-TSOL-linux-gnu/bin/
PATH: /root/.local/bin
PATH: /usr/xorg/bin


## ----------- ##
## Core tests. ##
## ----------- ##

configure:1372: checking for a BSD-compatible install
configure:1427: result: /bin/install -c
configure:1438: checking whether build environment is sane
configure:1481: result: yes
configure:1546: checking for gawk
configure:1562: found /usr/bin/gawk
configure:1572: result: gawk
configure:1582: checking whether make sets $(MAKE)
configure:1602: result: yes
configure:1770: checking whether to enable maintainer-specific portions of Makefiles
configure:1779: result: no
configure:1844: checking for gcc
configure:1870: result: i486-TSOL-linux-gnu-gcc
configure:2114: checking for C compiler version
configure:2117: i486-TSOL-linux-gnu-gcc --version </dev/null >&5
i486-TSOL-linux-gnu-gcc (crosstool-NG 1.15.2) 4.6.3
Copyright (C) 2011 Free Software Foundation, Inc.
This is free software; see the source for copying conditions.  There is NO
warranty; not even for MERCHANTABILITY or FITNESS FOR A PARTICULAR PURPOSE.

configure:2120: $? = 0
configure:2122: i486-TSOL-linux-gnu-gcc -v </dev/null >&5
Using built-in specs.
COLLECT_GCC=i486-TSOL-linux-gnu-gcc
COLLECT_LTO_WRAPPER=/toolchain/libexec/gcc/i486-TSOL-linux-gnu/4.6.3/lto-wrapper
Target: i486-TSOL-linux-gnu
Configured with: /TSOL/crosstool-ng-1.15.2/bin/.build/src/gcc-4.6.3/configure --build=i686-build_pc-linux-gnu --host=i686-build_pc-linux-gnu --target=i486-TSOL-linux-gnu --prefix=/toolchain --with-sysroot=/toolchain/i486-TSOL-linux-gnu/sysroot --enable-languages=c,c++ --with-arch=i486 --with-pkgversion='crosstool-NG 1.15.2' --enable-__cxa_atexit --disable-libmudflap --disable-libgomp --disable-libssp --with-gmp=/TSOL/crosstool-ng-1.15.2/bin/.build/i486-TSOL-linux-gnu/buildtools --with-mpfr=/TSOL/crosstool-ng-1.15.2/bin/.build/i486-TSOL-linux-gnu/buildtools --with-mpc=/TSOL/crosstool-ng-1.15.2/bin/.build/i486-TSOL-linux-gnu/buildtools --with-ppl=/TSOL/crosstool-ng-1.15.2/bin/.build/i486-TSOL-linux-gnu/buildtools --with-cloog=/TSOL/crosstool-ng-1.15.2/bin/.build/i486-TSOL-linux-gnu/buildtools --with-libelf=no --with-host-libstdcxx='-static-libgcc -Wl,-Bstatic,-lstdc++,-Bdynamic -lm -L/TSOL/crosstool-ng-1.15.2/bin/.build/i486-TSOL-linux-gnu/buildtools/lib -lpwl' --enable-threads=posix --enable-target-optspace --disable-multilib --with-local-prefix=/toolchain/i486-TSOL-linux-gnu/sysroot --enable-c99 --enable-long-long
Thread model: posix
gcc version 4.6.3 (crosstool-NG 1.15.2) 
configure:2125: $? = 0
configure:2127: i486-TSOL-linux-gnu-gcc -V </dev/null >&5
i486-TSOL-linux-gnu-gcc: error: unrecognized option '-V'
i486-TSOL-linux-gnu-gcc: fatal error: no input files
compilation terminated.
configure:2130: $? = 1
configure:2153: checking for C compiler default output file name
configure:2156: i486-TSOL-linux-gnu-gcc -O2  -static-libgcc conftest.c  >&5
configure:2159: $? = 0
configure:2205: result: a.out
configure:2210: checking whether the C compiler works
configure:2216: ./a.out
configure:2219: $? = 0
configure:2236: result: yes
configure:2243: checking whether we are cross compiling
configure:2245: result: no
configure:2248: checking for suffix of executables
configure:2250: i486-TSOL-linux-gnu-gcc -o conftest -O2  -static-libgcc conftest.c  >&5
configure:2253: $? = 0
configure:2278: result: 
configure:2284: checking for suffix of object files
configure:2305: i486-TSOL-linux-gnu-gcc -c -O2  conftest.c >&5
configure:2308: $? = 0
configure:2330: result: o
configure:2334: checking whether we are using the GNU C compiler
configure:2358: i486-TSOL-linux-gnu-gcc -c -O2  conftest.c >&5
configure:2364: $? = 0
configure:2368: test -z 
			 || test ! -s conftest.err
configure:2371: $? = 0
configure:2374: test -s conftest.o
configure:2377: $? = 0
configure:2390: result: yes
configure:2396: checking whether i486-TSOL-linux-gnu-gcc accepts -g
configure:2417: i486-TSOL-linux-gnu-gcc -c -g  conftest.c >&5
configure:2423: $? = 0
configure:2427: test -z 
			 || test ! -s conftest.err
configure:2430: $? = 0
configure:2433: test -s conftest.o
configure:2436: $? = 0
configure:2447: result: yes
configure:2464: checking for i486-TSOL-linux-gnu-gcc option to accept ANSI C
configure:2534: i486-TSOL-linux-gnu-gcc  -c -O2  conftest.c >&5
configure:2540: $? = 0
configure:2544: test -z 
			 || test ! -s conftest.err
configure:2547: $? = 0
configure:2550: test -s conftest.o
configure:2553: $? = 0
configure:2571: result: none needed
configure:2589: i486-TSOL-linux-gnu-gcc -c -O2  conftest.c >&5
conftest.c:2:3: error: unknown type name 'choke'
conftest.c:2:3: error: expected '=', ',', ';', 'asm' or '__attribute__' at end of input
configure:2595: $? = 1
configure: failed program was:
| #ifndef __cplusplus
|   choke me
| #endif
configure:2739: checking for style of include used by make
configure:2767: result: GNU
configure:2795: checking dependency style of i486-TSOL-linux-gnu-gcc
configure:2885: result: gcc3
configure:2910: checking how to run the C preprocessor
configure:2945: i486-TSOL-linux-gnu-gcc -E  conftest.c
configure:2951: $? = 0
configure:2983: i486-TSOL-linux-gnu-gcc -E  conftest.c
conftest.c:11:28: fatal error: ac_nonexistent.h: No such file or directory
compilation terminated.
configure:2989: $? = 1
configure: failed program was:
| /* confdefs.h.  */
| 
| #define PACKAGE_NAME "kcompmgr"
| #define PACKAGE_TARNAME "kcompmgr"
| #define PACKAGE_VERSION "2.0.0"
| #define PACKAGE_STRING "kcompmgr 2.0.0"
| #define PACKAGE_BUGREPORT "xorg@freedesktop.org"
| #define PACKAGE "kcompmgr"
| #define VERSION "2.0.0"
| /* end confdefs.h.  */
| #include <ac_nonexistent.h>
configure:3028: result: i486-TSOL-linux-gnu-gcc -E
configure:3052: i486-TSOL-linux-gnu-gcc -E  conftest.c
configure:3058: $? = 0
configure:3090: i486-TSOL-linux-gnu-gcc -E  conftest.c
conftest.c:11:28: fatal error: ac_nonexistent.h: No such file or directory
compilation terminated.
configure:3096: $? = 1
configure: failed program was:
| /* confdefs.h.  */
| 
| #define PACKAGE_NAME "kcompmgr"
| #define PACKAGE_TARNAME "kcompmgr"
| #define PACKAGE_VERSION "2.0.0"
| #define PACKAGE_STRING "kcompmgr 2.0.0"
| #define PACKAGE_BUGREPORT "xorg@freedesktop.org"
| #define PACKAGE "kcompmgr"
| #define VERSION "2.0.0"
| /* end confdefs.h.  */
| #include <ac_nonexistent.h>
configure:3140: checking for egrep
configure:3150: result: grep -E
configure:3155: checking for ANSI C header files
configure:3180: i486-TSOL-linux-gnu-gcc -c -O2  conftest.c >&5
configure:3186: $? = 0
configure:3190: test -z 
			 || test ! -s conftest.err
configure:3193: $? = 0
configure:3196: test -s conftest.o
configure:3199: $? = 0
configure:3288: i486-TSOL-linux-gnu-gcc -o conftest -O2  -static-libgcc conftest.c  >&5
conftest.c: In function 'main':
conftest.c:28:7: warning: incompatible implicit declaration of built-in function 'exit' [enabled by default]
configure:3291: $? = 0
configure:3293: ./conftest
configure:3296: $? = 0
configure:3311: result: yes
configure:3335: checking for sys/types.h
configure:3351: i486-TSOL-linux-gnu-gcc -c -O2  conftest.c >&5
configure:3357: $? = 0
configure:3361: test -z 
			 || test ! -s conftest.err
configure:3364: $? = 0
configure:3367: test -s conftest.o
configure:3370: $? = 0
configure:3381: result: yes
configure:3335: checking for sys/stat.h
configure:3351: i486-TSOL-linux-gnu-gcc -c -O2  conftest.c >&5
configure:3357: $? = 0
configure:3361: test -z 
			 || test ! -s conftest.err
configure:3364: $? = 0
configure:3367: test -s conftest.o
configure:3370: $? = 0
configure:3381: result: yes
configure:3335: checking for stdlib.h
configure:3351: i486-TSOL-linux-gnu-gcc -c -O2  conftest.c >&5
configure:3357: $? = 0
configure:3361: test -z 
			 || test ! -s conftest.err
configure:3364: $? = 0
configure:3367: test -s conftest.o
configure:3370: $? = 0
configure:3381: result: yes
configure:3335: checking for string.h
configure:3351: i486-TSOL-linux-gnu-gcc -c -O2  conftest.c >&5
configure:3357: $? = 0
configure:3361: test -z 
			 || test ! -s conftest.err
configure:3364: $? = 0
configure:3367: test -s conftest.o
configure:3370: $? = 0
configure:3381: result: yes
configure:3335: checking for memory.h
configure:3351: i486-TSOL-linux-gnu-gcc -c -O2  conftest.c >&5
configure:3357: $? = 0
configure:3361: test -z 
			 || test ! -s conftest.err
configure:3364: $? = 0
configure:3367: test -s conftest.o
configure:3370: $? = 0
configure:3381: result: yes
configure:3335: checking for strings.h
configure:3351: i486-TSOL-linux-gnu-gcc -c -O2  conftest.c >&5
configure:3357: $? = 0
configure:3361: test -z 
			 || test ! -s conftest.err
configure:3364: $? = 0
configure:3367: test -s conftest.o
configure:3370: $? = 0
configure:3381: result: yes
configure:3335: checking for inttypes.h
configure:3351: i486-TSOL-linux-gnu-gcc -c -O2  conftest.c >&5
configure:3357: $? = 0
configure:3361: test -z 
			 || test ! -s conftest.err
configure:3364: $? = 0
configure:3367: test -s conftest.o
configure:3370: $? = 0
configure:3381: result: yes
configure:3335: checking for stdint.h
configure:3351: i486-TSOL-linux-gnu-gcc -c -O2  conftest.c >&5
configure:3357: $? = 0
configure:3361: test -z 
			 || test ! -s conftest.err
configure:3364: $? = 0
configure:3367: test -s conftest.o
configure:3370: $? = 0
configure:3381: result: yes
configure:3335: checking for unistd.h
configure:3351: i486-TSOL-linux-gnu-gcc -c -O2  conftest.c >&5
configure:3357: $? = 0
configure:3361: test -z 
			 || test ! -s conftest.err
configure:3364: $? = 0
configure:3367: test -s conftest.o
configure:3370: $? = 0
configure:3381: result: yes
configure:3400: checking for stdlib.h
configure:3405: result: yes
configure:3409: checking sys/time.h usability
configure:3421: i486-TSOL-linux-gnu-gcc -c -O2  conftest.c >&5
configure:3427: $? = 0
configure:3431: test -z 
			 || test ! -s conftest.err
configure:3434: $? = 0
configure:3437: test -s conftest.o
configure:3440: $? = 0
configure:3450: result: yes
configure:3454: checking sys/time.h presence
configure:3464: i486-TSOL-linux-gnu-gcc -E  conftest.c
configure:3470: $? = 0
configure:3490: result: yes
configure:3525: checking for sys/time.h
configure:3532: result: yes
configure:3400: checking for unistd.h
configure:3405: result: yes
configure:3547: checking whether time.h and sys/time.h may both be included
configure:3572: i486-TSOL-linux-gnu-gcc -c -O2  conftest.c >&5
configure:3578: $? = 0
configure:3582: test -z 
			 || test ! -s conftest.err
configure:3585: $? = 0
configure:3588: test -s conftest.o
configure:3591: $? = 0
configure:3602: result: yes
configure:3612: checking whether struct tm is in sys/time.h or time.h
configure:3635: i486-TSOL-linux-gnu-gcc -c -O2  conftest.c >&5
configure:3641: $? = 0
configure:3645: test -z 
			 || test ! -s conftest.err
configure:3648: $? = 0
configure:3651: test -s conftest.o
configure:3654: $? = 0
configure:3665: result: time.h
configure:3682: checking for stdlib.h
configure:3687: result: yes
configure:3827: checking for GNU libc compatible malloc
configure:3856: i486-TSOL-linux-gnu-gcc -o conftest -O2  -static-libgcc conftest.c  >&5
configure:3859: $? = 0
configure:3861: ./conftest
configure:3864: $? = 0
configure:3878: result: yes
configure:3913: checking for gettimeofday
configure:3970: i486-TSOL-linux-gnu-gcc -o conftest -O2  -static-libgcc conftest.c  >&5
configure:3976: $? = 0
configure:3980: test -z 
			 || test ! -s conftest.err
configure:3983: $? = 0
configure:3986: test -s conftest
configure:3989: $? = 0
configure:4001: result: yes
configure:3913: checking for localtime_r
configure:3970: i486-TSOL-linux-gnu-gcc -o conftest -O2  -static-libgcc conftest.c  >&5
configure:3976: $? = 0
configure:3980: test -z 
			 || test ! -s conftest.err
configure:3983: $? = 0
configure:3986: test -s conftest
configure:3989: $? = 0
configure:4001: result: yes
configure:4060: checking for pkg-config
configure:4078: found /usr/bin/pkg-config
configure:4090: result: /usr/bin/pkg-config
configure:4105: checking pkg-config is at least version 0.9.0
configure:4108: result: yes
configure:4119: checking for KCOMPMGR
configure:4127: $PKG_CONFIG --exists --print-errors "xcomposite xfixes xdamage xrender"
configure:4130: $? = 0
configure:4145: $PKG_CONFIG --exists --print-errors "xcomposite xfixes xdamage xrender"
configure:4148: $? = 0
configure:4224: result: yes
configure:4347: creating ./config.status

## ---------------------- ##
## Running config.status. ##
## ---------------------- ##

This file was extended by kcompmgr config.status 2.0.0, which was
generated by GNU Autoconf 2.59.  Invocation command line was

  CONFIG_FILES    = 
  CONFIG_HEADERS  = 
  CONFIG_LINKS    = 
  CONFIG_COMMANDS = 
  $ ./config.status 

on ubuntu4

config.status:696: creating Makefile
config.status:800: creating config.h
config.status:922: config.h is unchanged
config.status:1102: executing depfiles commands

## ---------------- ##
## Cache variables. ##
## ---------------- ##

ac_cv_c_compiler_gnu=yes
ac_cv_env_CC_set=set
ac_cv_env_CC_value=i486-TSOL-linux-gnu-gcc
ac_cv_env_CFLAGS_set=set
ac_cv_env_CFLAGS_value=-O2
ac_cv_env_CPPFLAGS_set=
ac_cv_env_CPPFLAGS_value=
ac_cv_env_CPP_set=
ac_cv_env_CPP_value=
ac_cv_env_KCOMPMGR_CFLAGS_set=
ac_cv_env_KCOMPMGR_CFLAGS_value=
ac_cv_env_KCOMPMGR_LIBS_set=
ac_cv_env_KCOMPMGR_LIBS_value=
ac_cv_env_LDFLAGS_set=set
ac_cv_env_LDFLAGS_value=-static-libgcc
ac_cv_env_PKG_CONFIG_set=
ac_cv_env_PKG_CONFIG_value=
ac_cv_env_build_alias_set=
ac_cv_env_build_alias_value=
ac_cv_env_host_alias_set=
ac_cv_env_host_alias_value=
ac_cv_env_target_alias_set=
ac_cv_env_target_alias_value=
ac_cv_exeext=
ac_cv_func_gettimeofday=yes
ac_cv_func_localtime_r=yes
ac_cv_func_malloc_0_nonnull=yes
ac_cv_header_inttypes_h=yes
ac_cv_header_memory_h=yes
ac_cv_header_stdc=yes
ac_cv_header_stdint_h=yes
ac_cv_header_stdlib_h=yes
ac_cv_header_string_h=yes
ac_cv_header_strings_h=yes
ac_cv_header_sys_stat_h=yes
ac_cv_header_sys_time_h=yes
ac_cv_header_sys_types_h=yes
ac_cv_header_time=yes
ac_cv_header_unistd_h=yes
ac_cv_objext=o
ac_cv_path_ac_pt_PKG_CONFIG=/usr/bin/pkg-config
ac_cv_path_install='/bin/install -c'
ac_cv_prog_AWK=gawk
ac_cv_prog_CPP='i486-TSOL-linux-gnu-gcc -E'
ac_cv_prog_ac_ct_CC=i486-TSOL-linux-gnu-gcc
ac_cv_prog_cc_g=yes
ac_cv_prog_cc_stdc=
ac_cv_prog_egrep='grep -E'
ac_cv_prog_make_make_set=yes
ac_cv_struct_tm=time.h
am_cv_CC_dependencies_compiler_type=gcc3
pkg_cv_KCOMPMGR_CFLAGS='-I/usr/xorg/include  '
pkg_cv_KCOMPMGR_LIBS='-L/usr/xorg/lib -lXcomposite -lXdamage -lXfixes -lXrender -lX11  '

## ----------------- ##
## Output variables. ##
## ----------------- ##

ACLOCAL='aclocal -I /usr/xorg/share/aclocal'
AMDEPBACKSLASH='\'
AMDEP_FALSE='#'
AMDEP_TRUE=''
AMTAR='${SHELL} /source/xorg-modular-7.7/app/kcompmgr-2.02/missing --run tar'
AUTOCONF='${SHELL} /source/xorg-modular-7.7/app/kcompmgr-2.02/missing --run autoconf'
AUTOHEADER='${SHELL} /source/xorg-modular-7.7/app/kcompmgr-2.02/missing --run autoheader'
AUTOMAKE='${SHELL} /source/xorg-modular-7.7/app/kcompmgr-2.02/missing --run automake-1.9'
AWK='gawk'
CC='i486-TSOL-linux-gnu-gcc'
CCDEPMODE='depmode=gcc3'
CFLAGS='-O2'
CPP='i486-TSOL-linux-gnu-gcc -E'
CPPFLAGS=''
CYGPATH_W='echo'
DEFS='-DHAVE_CONFIG_H'
DEPDIR='.deps'
ECHO_C=''
ECHO_N='-n'
ECHO_T=''
EGREP='grep -E'
EXEEXT=''
INSTALL_DATA='${INSTALL} -m 644'
INSTALL_PROGRAM='${INSTALL}'
INSTALL_SCRIPT='${INSTALL}'
INSTALL_STRIP_PROGRAM='${SHELL} $(install_sh) -c -s'
KCOMPMGR_CFLAGS='-I/usr/xorg/include  '
KCOMPMGR_LIBS='-L/usr/xorg/lib -lXcomposite -lXdamage -lXfixes -lXrender -lX11  '
LDFLAGS='-static-libgcc'
LIBOBJS=''
LIBS=''
LTLIBOBJS=''
MAINT='#'
MAINTAINER_MODE_FALSE=''
MAINTAINER_MODE_TRUE='#'
MAKEINFO='${SHELL} /source/xorg-modular-7.7/app/kcompmgr-2.02/missing --run makeinfo'
OBJEXT='o'
PACKAGE='kcompmgr'
PACKAGE_BUGREPORT='xorg@freedesktop.org'
PACKAGE_NAME='kcompmgr'
PACKAGE_STRING='kcompmgr 2.0.0'
PACKAGE_TARNAME='kcompmgr'
PACKAGE_VERSION='2.0.0'
PATH_SEPARATOR=':'
PKG_CONFIG='/usr/bin/pkg-config'
SET_MAKE=''
SHELL='/bin/sh'
STRIP=''
VERSION='2.0.0'
ac_ct_CC='i486-TSOL-linux-gnu-gcc'
ac_ct_STRIP=''
ac_pt_PKG_CONFIG='/usr/bin/pkg-config'
am__fastdepCC_FALSE='#'
am__fastdepCC_TRUE=''
am__include='include'
am__leading_dot='.'
am__quote=''
am__tar='${AMTAR} chof - "$$tardir"'
am__untar='${AMTAR} xf -'
bindir='${exec_prefix}/bin'
build_alias=''
datadir='${prefix}/share'
exec_prefix='${prefix}'
host_alias=''
includedir='${prefix}/include'
infodir='${prefix}/info'
install_sh='/source/xorg-modular-7.7/app/kcompmgr-2.02/install-sh'
libdir='${exec_prefix}/lib'
libexecdir='${exec_prefix}/libexec'
localstatedir='${prefix}/var'
mandir='${prefix}/man'
mkdir_p='mkdir -p --'
oldincludedir='/usr/include'
prefix='/usr/xorg'
program_transform_name='s,x,x,'
sbindir='${exec_prefix}/sbin'
sharedstatedir='${prefix}/com'
sysconfdir='${prefix}/etc'
target_alias=''

## ----------- ##
## confdefs.h. ##
## ----------- ##

#define HAVE_GETTIMEOFDAY 1
#define HAVE_INTTYPES_H 1
#define HAVE_LOCALTIME_R 1
#define HAVE_MALLOC 1
#define HAVE_MEMORY_H 1
#define HAVE_STDINT_H 1
#define HAVE_STDLIB_H 1
#define HAVE_STDLIB_H 1
#define HAVE_STDLIB_H 1
#define HAVE_STRINGS_H 1
#define HAVE_STRING_H 1
#define HAVE_SYS_STAT_H 1
#define HAVE_SYS_TIME_H 1
#define HAVE_SYS_TYPES_H 1
#define HAVE_UNISTD_H 1
#define HAVE_UNISTD_H 1
#define PACKAGE "kcompmgr"
#define PACKAGE_BUGREPORT "xorg@freedesktop.org"
#define PACKAGE_NAME "kcompmgr"
#define PACKAGE_STRING "kcompmgr 2.0.0"
#define PACKAGE_TARNAME "kcompmgr"
#define PACKAGE_VERSION "2.0.0"
#define STDC_HEADERS 1
#define TIME_WITH_SYS_TIME 1
#define VERSION "2.0.0"

configure: exit 0
