Determining if the __x86_64__ exist failed with the following output:
Change Dir: /source/clients/freerdp-git-07062016/CMakeFiles/CMakeTmp

Run Build Command:/usr/bin/make "cmTryCompileExec1417837897/fast"
/usr/bin/make -f CMakeFiles/cmTryCompileExec1417837897.dir/build.make CMakeFiles/cmTryCompileExec1417837897.dir/build
make[1]: Entering directory `/source/clients/freerdp-git-07062016/CMakeFiles/CMakeTmp'
/usr/bin/cmake -E cmake_progress_report /source/clients/freerdp-git-07062016/CMakeFiles/CMakeTmp/CMakeFiles 1
Building C object CMakeFiles/cmTryCompileExec1417837897.dir/CheckSymbolExists.c.o
/toolchain/bin/i486-TSOL-linux-gnu-gcc   -Os    -fPIE   -o CMakeFiles/cmTryCompileExec1417837897.dir/CheckSymbolExists.c.o   -c /source/clients/freerdp-git-07062016/CMakeFiles/CMakeTmp/CheckSymbolExists.c
/source/clients/freerdp-git-07062016/CMakeFiles/CMakeTmp/CheckSymbolExists.c: In function ‘main’:
/source/clients/freerdp-git-07062016/CMakeFiles/CMakeTmp/CheckSymbolExists.c:7:19: error: ‘__x86_64__’ undeclared (first use in this function)
/source/clients/freerdp-git-07062016/CMakeFiles/CMakeTmp/CheckSymbolExists.c:7:19: note: each undeclared identifier is reported only once for each function it appears in
make[1]: Leaving directory `/source/clients/freerdp-git-07062016/CMakeFiles/CMakeTmp'
make[1]: *** [CMakeFiles/cmTryCompileExec1417837897.dir/CheckSymbolExists.c.o] Error 1
make: *** [cmTryCompileExec1417837897/fast] Error 2

File /source/clients/freerdp-git-07062016/CMakeFiles/CMakeTmp/CheckSymbolExists.c:
/* */

int main(int argc, char** argv)
{
  (void)argv;
#ifndef __x86_64__
  return ((int*)(&__x86_64__))[argc];
#else
  (void)argc;
  return 0;
#endif
}

Determining if files sys/modem.h exist failed with the following output:
Change Dir: /source/clients/freerdp-git-07062016/CMakeFiles/CMakeTmp

Run Build Command:/usr/bin/make "cmTryCompileExec3588041540/fast"
/usr/bin/make -f CMakeFiles/cmTryCompileExec3588041540.dir/build.make CMakeFiles/cmTryCompileExec3588041540.dir/build
make[1]: Entering directory `/source/clients/freerdp-git-07062016/CMakeFiles/CMakeTmp'
/usr/bin/cmake -E cmake_progress_report /source/clients/freerdp-git-07062016/CMakeFiles/CMakeTmp/CMakeFiles 1
Building C object CMakeFiles/cmTryCompileExec3588041540.dir/CheckIncludeFiles.c.o
/toolchain/bin/i486-TSOL-linux-gnu-gcc   -Os  -march=i686 -Wall -Wno-unused-result -Wno-unused-but-set-variable -Wno-deprecated-declarations -fvisibility=hidden -Wimplicit-function-declaration -Wredundant-decls -msse2 -DWINPR_EXPORTS -DFREERDP_EXPORTS   -fPIE   -o CMakeFiles/cmTryCompileExec3588041540.dir/CheckIncludeFiles.c.o   -c /source/clients/freerdp-git-07062016/CMakeFiles/CMakeTmp/CheckIncludeFiles.c
/source/clients/freerdp-git-07062016/CMakeFiles/CMakeTmp/CheckIncludeFiles.c:2:23: fatal error: sys/modem.h: No such file or directory
compilation terminated.
make[1]: Leaving directory `/source/clients/freerdp-git-07062016/CMakeFiles/CMakeTmp'
make[1]: *** [CMakeFiles/cmTryCompileExec3588041540.dir/CheckIncludeFiles.c.o] Error 1
make: *** [cmTryCompileExec3588041540/fast] Error 2

Source:
/* */
#include <sys/modem.h>


int main(){return 0;}

Determining if files sys/filio.h exist failed with the following output:
Change Dir: /source/clients/freerdp-git-07062016/CMakeFiles/CMakeTmp

Run Build Command:/usr/bin/make "cmTryCompileExec3755629836/fast"
/usr/bin/make -f CMakeFiles/cmTryCompileExec3755629836.dir/build.make CMakeFiles/cmTryCompileExec3755629836.dir/build
make[1]: Entering directory `/source/clients/freerdp-git-07062016/CMakeFiles/CMakeTmp'
/usr/bin/cmake -E cmake_progress_report /source/clients/freerdp-git-07062016/CMakeFiles/CMakeTmp/CMakeFiles 1
Building C object CMakeFiles/cmTryCompileExec3755629836.dir/CheckIncludeFiles.c.o
/toolchain/bin/i486-TSOL-linux-gnu-gcc   -Os  -march=i686 -Wall -Wno-unused-result -Wno-unused-but-set-variable -Wno-deprecated-declarations -fvisibility=hidden -Wimplicit-function-declaration -Wredundant-decls -msse2 -DWINPR_EXPORTS -DFREERDP_EXPORTS   -fPIE   -o CMakeFiles/cmTryCompileExec3755629836.dir/CheckIncludeFiles.c.o   -c /source/clients/freerdp-git-07062016/CMakeFiles/CMakeTmp/CheckIncludeFiles.c
/source/clients/freerdp-git-07062016/CMakeFiles/CMakeTmp/CheckIncludeFiles.c:2:23: fatal error: sys/filio.h: No such file or directory
compilation terminated.
make[1]: Leaving directory `/source/clients/freerdp-git-07062016/CMakeFiles/CMakeTmp'
make[1]: *** [CMakeFiles/cmTryCompileExec3755629836.dir/CheckIncludeFiles.c.o] Error 1
make: *** [cmTryCompileExec3755629836/fast] Error 2

Source:
/* */
#include <sys/filio.h>


int main(){return 0;}

Determining if files sys/sockio.h exist failed with the following output:
Change Dir: /source/clients/freerdp-git-07062016/CMakeFiles/CMakeTmp

Run Build Command:/usr/bin/make "cmTryCompileExec1799910188/fast"
/usr/bin/make -f CMakeFiles/cmTryCompileExec1799910188.dir/build.make CMakeFiles/cmTryCompileExec1799910188.dir/build
make[1]: Entering directory `/source/clients/freerdp-git-07062016/CMakeFiles/CMakeTmp'
/usr/bin/cmake -E cmake_progress_report /source/clients/freerdp-git-07062016/CMakeFiles/CMakeTmp/CMakeFiles 1
Building C object CMakeFiles/cmTryCompileExec1799910188.dir/CheckIncludeFiles.c.o
/toolchain/bin/i486-TSOL-linux-gnu-gcc   -Os  -march=i686 -Wall -Wno-unused-result -Wno-unused-but-set-variable -Wno-deprecated-declarations -fvisibility=hidden -Wimplicit-function-declaration -Wredundant-decls -msse2 -DWINPR_EXPORTS -DFREERDP_EXPORTS   -fPIE   -o CMakeFiles/cmTryCompileExec1799910188.dir/CheckIncludeFiles.c.o   -c /source/clients/freerdp-git-07062016/CMakeFiles/CMakeTmp/CheckIncludeFiles.c
/source/clients/freerdp-git-07062016/CMakeFiles/CMakeTmp/CheckIncludeFiles.c:2:24: fatal error: sys/sockio.h: No such file or directory
compilation terminated.
make[1]: Leaving directory `/source/clients/freerdp-git-07062016/CMakeFiles/CMakeTmp'
make[1]: *** [CMakeFiles/cmTryCompileExec1799910188.dir/CheckIncludeFiles.c.o] Error 1
make: *** [cmTryCompileExec1799910188/fast] Error 2

Source:
/* */
#include <sys/sockio.h>


int main(){return 0;}

Determining if files sys/strtio.h exist failed with the following output:
Change Dir: /source/clients/freerdp-git-07062016/CMakeFiles/CMakeTmp

Run Build Command:/usr/bin/make "cmTryCompileExec4291958186/fast"
/usr/bin/make -f CMakeFiles/cmTryCompileExec4291958186.dir/build.make CMakeFiles/cmTryCompileExec4291958186.dir/build
make[1]: Entering directory `/source/clients/freerdp-git-07062016/CMakeFiles/CMakeTmp'
/usr/bin/cmake -E cmake_progress_report /source/clients/freerdp-git-07062016/CMakeFiles/CMakeTmp/CMakeFiles 1
Building C object CMakeFiles/cmTryCompileExec4291958186.dir/CheckIncludeFiles.c.o
/toolchain/bin/i486-TSOL-linux-gnu-gcc   -Os  -march=i686 -Wall -Wno-unused-result -Wno-unused-but-set-variable -Wno-deprecated-declarations -fvisibility=hidden -Wimplicit-function-declaration -Wredundant-decls -msse2 -DWINPR_EXPORTS -DFREERDP_EXPORTS   -fPIE   -o CMakeFiles/cmTryCompileExec4291958186.dir/CheckIncludeFiles.c.o   -c /source/clients/freerdp-git-07062016/CMakeFiles/CMakeTmp/CheckIncludeFiles.c
/source/clients/freerdp-git-07062016/CMakeFiles/CMakeTmp/CheckIncludeFiles.c:2:24: fatal error: sys/strtio.h: No such file or directory
compilation terminated.
make[1]: Leaving directory `/source/clients/freerdp-git-07062016/CMakeFiles/CMakeTmp'
make[1]: *** [CMakeFiles/cmTryCompileExec4291958186.dir/CheckIncludeFiles.c.o] Error 1
make: *** [cmTryCompileExec4291958186/fast] Error 2

Source:
/* */
#include <sys/strtio.h>


int main(){return 0;}

Determining if the pthread_create exist failed with the following output:
Change Dir: /source/clients/freerdp-git-07062016/CMakeFiles/CMakeTmp

Run Build Command:/usr/bin/make "cmTryCompileExec1921206777/fast"
/usr/bin/make -f CMakeFiles/cmTryCompileExec1921206777.dir/build.make CMakeFiles/cmTryCompileExec1921206777.dir/build
make[1]: Entering directory `/source/clients/freerdp-git-07062016/CMakeFiles/CMakeTmp'
/usr/bin/cmake -E cmake_progress_report /source/clients/freerdp-git-07062016/CMakeFiles/CMakeTmp/CMakeFiles 1
Building C object CMakeFiles/cmTryCompileExec1921206777.dir/CheckSymbolExists.c.o
/toolchain/bin/i486-TSOL-linux-gnu-gcc   -Os  -march=i686 -Wall -Wno-unused-result -Wno-unused-but-set-variable -Wno-deprecated-declarations -fvisibility=hidden -Wimplicit-function-declaration -Wredundant-decls -msse2 -DWINPR_EXPORTS -DFREERDP_EXPORTS   -fPIE   -o CMakeFiles/cmTryCompileExec1921206777.dir/CheckSymbolExists.c.o   -c /source/clients/freerdp-git-07062016/CMakeFiles/CMakeTmp/CheckSymbolExists.c
Linking C executable cmTryCompileExec1921206777
/usr/bin/cmake -E cmake_link_script CMakeFiles/cmTryCompileExec1921206777.dir/link.txt --verbose=1
/toolchain/bin/i486-TSOL-linux-gnu-gcc   -Os  -march=i686 -Wall -Wno-unused-result -Wno-unused-but-set-variable -Wno-deprecated-declarations -fvisibility=hidden -Wimplicit-function-declaration -Wredundant-decls -msse2 -DWINPR_EXPORTS -DFREERDP_EXPORTS     -static-libgcc CMakeFiles/cmTryCompileExec1921206777.dir/CheckSymbolExists.c.o  -o cmTryCompileExec1921206777 -rdynamic 
CMakeFiles/cmTryCompileExec1921206777.dir/CheckSymbolExists.c.o: In function `main':
CheckSymbolExists.c:(.text.startup+0x14): undefined reference to `pthread_create'
collect2: ld returned 1 exit status
make[1]: Leaving directory `/source/clients/freerdp-git-07062016/CMakeFiles/CMakeTmp'
make[1]: *** [cmTryCompileExec1921206777] Error 1
make: *** [cmTryCompileExec1921206777/fast] Error 2

File /source/clients/freerdp-git-07062016/CMakeFiles/CMakeTmp/CheckSymbolExists.c:
/* */
#include <pthread.h>

int main(int argc, char** argv)
{
  (void)argv;
#ifndef pthread_create
  return ((int*)(&pthread_create))[argc];
#else
  (void)argc;
  return 0;
#endif
}

Determining if the function pthread_create exists in the pthreads failed with the following output:
Change Dir: /source/clients/freerdp-git-07062016/CMakeFiles/CMakeTmp

Run Build Command:/usr/bin/make "cmTryCompileExec1451847152/fast"
/usr/bin/make -f CMakeFiles/cmTryCompileExec1451847152.dir/build.make CMakeFiles/cmTryCompileExec1451847152.dir/build
make[1]: Entering directory `/source/clients/freerdp-git-07062016/CMakeFiles/CMakeTmp'
/usr/bin/cmake -E cmake_progress_report /source/clients/freerdp-git-07062016/CMakeFiles/CMakeTmp/CMakeFiles 1
Building C object CMakeFiles/cmTryCompileExec1451847152.dir/CheckFunctionExists.c.o
/toolchain/bin/i486-TSOL-linux-gnu-gcc   -Os  -march=i686 -Wall -Wno-unused-result -Wno-unused-but-set-variable -Wno-deprecated-declarations -fvisibility=hidden -Wimplicit-function-declaration -Wredundant-decls -msse2 -DWINPR_EXPORTS -DFREERDP_EXPORTS  -DCHECK_FUNCTION_EXISTS=pthread_create -fPIE   -o CMakeFiles/cmTryCompileExec1451847152.dir/CheckFunctionExists.c.o   -c /usr/share/cmake-2.8/Modules/CheckFunctionExists.c
Linking C executable cmTryCompileExec1451847152
/usr/bin/cmake -E cmake_link_script CMakeFiles/cmTryCompileExec1451847152.dir/link.txt --verbose=1
/toolchain/bin/i486-TSOL-linux-gnu-gcc   -Os  -march=i686 -Wall -Wno-unused-result -Wno-unused-but-set-variable -Wno-deprecated-declarations -fvisibility=hidden -Wimplicit-function-declaration -Wredundant-decls -msse2 -DWINPR_EXPORTS -DFREERDP_EXPORTS  -DCHECK_FUNCTION_EXISTS=pthread_create   -static-libgcc CMakeFiles/cmTryCompileExec1451847152.dir/CheckFunctionExists.c.o  -o cmTryCompileExec1451847152 -rdynamic -lpthreads 
/toolchain/lib/gcc/i486-TSOL-linux-gnu/4.6.3/../../../../i486-TSOL-linux-gnu/bin/ld: cannot find -lpthreads
collect2: ld returned 1 exit status
make[1]: Leaving directory `/source/clients/freerdp-git-07062016/CMakeFiles/CMakeTmp'
make[1]: *** [cmTryCompileExec1451847152] Error 1
make: *** [cmTryCompileExec1451847152/fast] Error 2


Determining if the XITouchClass exist failed with the following output:
Change Dir: /source/clients/freerdp-git-07062016/CMakeFiles/CMakeTmp

Run Build Command:/usr/bin/make "cmTryCompileExec3854779907/fast"
/usr/bin/make -f CMakeFiles/cmTryCompileExec3854779907.dir/build.make CMakeFiles/cmTryCompileExec3854779907.dir/build
make[1]: Entering directory `/source/clients/freerdp-git-07062016/CMakeFiles/CMakeTmp'
/usr/bin/cmake -E cmake_progress_report /source/clients/freerdp-git-07062016/CMakeFiles/CMakeTmp/CMakeFiles 1
Building C object CMakeFiles/cmTryCompileExec3854779907.dir/CheckSymbolExists.c.o
/toolchain/bin/i486-TSOL-linux-gnu-gcc   -Os  -march=i686 -Wall -Wno-unused-result -Wno-unused-but-set-variable -Wno-deprecated-declarations -fvisibility=hidden -Wimplicit-function-declaration -Wredundant-decls -msse2 -DWINPR_EXPORTS -DFREERDP_EXPORTS   -fPIE   -o CMakeFiles/cmTryCompileExec3854779907.dir/CheckSymbolExists.c.o   -c /source/clients/freerdp-git-07062016/CMakeFiles/CMakeTmp/CheckSymbolExists.c
In file included from /source/clients/freerdp-git-07062016/CMakeFiles/CMakeTmp/CheckSymbolExists.c:2:0:
/usr/xorg/include/X11/extensions/XInput2.h:30:22: fatal error: X11/Xlib.h: No such file or directory
compilation terminated.
make[1]: Leaving directory `/source/clients/freerdp-git-07062016/CMakeFiles/CMakeTmp'
make[1]: *** [CMakeFiles/cmTryCompileExec3854779907.dir/CheckSymbolExists.c.o] Error 1
make: *** [cmTryCompileExec3854779907/fast] Error 2

File /source/clients/freerdp-git-07062016/CMakeFiles/CMakeTmp/CheckSymbolExists.c:
/* */
#include </usr/xorg/include/X11/extensions/XInput2.h>

int main(int argc, char** argv)
{
  (void)argv;
#ifndef XITouchClass
  return ((int*)(&XITouchClass))[argc];
#else
  (void)argc;
  return 0;
#endif
}

Determining if the __x86_64__ exist failed with the following output:
Change Dir: /source/clients/freerdp-git-07062016/CMakeFiles/CMakeTmp

Run Build Command:/usr/bin/make "cmTryCompileExec1328334239/fast"
/usr/bin/make -f CMakeFiles/cmTryCompileExec1328334239.dir/build.make CMakeFiles/cmTryCompileExec1328334239.dir/build
make[1]: Entering directory `/source/clients/freerdp-git-07062016/CMakeFiles/CMakeTmp'
/usr/bin/cmake -E cmake_progress_report /source/clients/freerdp-git-07062016/CMakeFiles/CMakeTmp/CMakeFiles 1
Building C object CMakeFiles/cmTryCompileExec1328334239.dir/CheckSymbolExists.c.o
/toolchain/bin/i486-TSOL-linux-gnu-gcc   -Os    -fPIE   -o CMakeFiles/cmTryCompileExec1328334239.dir/CheckSymbolExists.c.o   -c /source/clients/freerdp-git-07062016/CMakeFiles/CMakeTmp/CheckSymbolExists.c
/source/clients/freerdp-git-07062016/CMakeFiles/CMakeTmp/CheckSymbolExists.c: In function ‘main’:
/source/clients/freerdp-git-07062016/CMakeFiles/CMakeTmp/CheckSymbolExists.c:7:19: error: ‘__x86_64__’ undeclared (first use in this function)
/source/clients/freerdp-git-07062016/CMakeFiles/CMakeTmp/CheckSymbolExists.c:7:19: note: each undeclared identifier is reported only once for each function it appears in
make[1]: Leaving directory `/source/clients/freerdp-git-07062016/CMakeFiles/CMakeTmp'
make[1]: *** [CMakeFiles/cmTryCompileExec1328334239.dir/CheckSymbolExists.c.o] Error 1
make: *** [cmTryCompileExec1328334239/fast] Error 2

File /source/clients/freerdp-git-07062016/CMakeFiles/CMakeTmp/CheckSymbolExists.c:
/* */

int main(int argc, char** argv)
{
  (void)argv;
#ifndef __x86_64__
  return ((int*)(&__x86_64__))[argc];
#else
  (void)argc;
  return 0;
#endif
}

Determining if files sys/modem.h exist failed with the following output:
Change Dir: /source/clients/freerdp-git-07062016/CMakeFiles/CMakeTmp

Run Build Command:/usr/bin/make "cmTryCompileExec2386096866/fast"
/usr/bin/make -f CMakeFiles/cmTryCompileExec2386096866.dir/build.make CMakeFiles/cmTryCompileExec2386096866.dir/build
make[1]: Entering directory `/source/clients/freerdp-git-07062016/CMakeFiles/CMakeTmp'
/usr/bin/cmake -E cmake_progress_report /source/clients/freerdp-git-07062016/CMakeFiles/CMakeTmp/CMakeFiles 1
Building C object CMakeFiles/cmTryCompileExec2386096866.dir/CheckIncludeFiles.c.o
/toolchain/bin/i486-TSOL-linux-gnu-gcc   -Os  -march=i686 -Wall -Wno-unused-result -Wno-unused-but-set-variable -Wno-deprecated-declarations -fvisibility=hidden -Wimplicit-function-declaration -Wredundant-decls -msse2 -DWINPR_EXPORTS -DFREERDP_EXPORTS   -fPIE   -o CMakeFiles/cmTryCompileExec2386096866.dir/CheckIncludeFiles.c.o   -c /source/clients/freerdp-git-07062016/CMakeFiles/CMakeTmp/CheckIncludeFiles.c
/source/clients/freerdp-git-07062016/CMakeFiles/CMakeTmp/CheckIncludeFiles.c:2:23: fatal error: sys/modem.h: No such file or directory
compilation terminated.
make[1]: Leaving directory `/source/clients/freerdp-git-07062016/CMakeFiles/CMakeTmp'
make[1]: *** [CMakeFiles/cmTryCompileExec2386096866.dir/CheckIncludeFiles.c.o] Error 1
make: *** [cmTryCompileExec2386096866/fast] Error 2

Source:
/* */
#include <sys/modem.h>


int main(){return 0;}

Determining if files sys/filio.h exist failed with the following output:
Change Dir: /source/clients/freerdp-git-07062016/CMakeFiles/CMakeTmp

Run Build Command:/usr/bin/make "cmTryCompileExec2709427465/fast"
/usr/bin/make -f CMakeFiles/cmTryCompileExec2709427465.dir/build.make CMakeFiles/cmTryCompileExec2709427465.dir/build
make[1]: Entering directory `/source/clients/freerdp-git-07062016/CMakeFiles/CMakeTmp'
/usr/bin/cmake -E cmake_progress_report /source/clients/freerdp-git-07062016/CMakeFiles/CMakeTmp/CMakeFiles 1
Building C object CMakeFiles/cmTryCompileExec2709427465.dir/CheckIncludeFiles.c.o
/toolchain/bin/i486-TSOL-linux-gnu-gcc   -Os  -march=i686 -Wall -Wno-unused-result -Wno-unused-but-set-variable -Wno-deprecated-declarations -fvisibility=hidden -Wimplicit-function-declaration -Wredundant-decls -msse2 -DWINPR_EXPORTS -DFREERDP_EXPORTS   -fPIE   -o CMakeFiles/cmTryCompileExec2709427465.dir/CheckIncludeFiles.c.o   -c /source/clients/freerdp-git-07062016/CMakeFiles/CMakeTmp/CheckIncludeFiles.c
/source/clients/freerdp-git-07062016/CMakeFiles/CMakeTmp/CheckIncludeFiles.c:2:23: fatal error: sys/filio.h: No such file or directory
compilation terminated.
make[1]: Leaving directory `/source/clients/freerdp-git-07062016/CMakeFiles/CMakeTmp'
make[1]: *** [CMakeFiles/cmTryCompileExec2709427465.dir/CheckIncludeFiles.c.o] Error 1
make: *** [cmTryCompileExec2709427465/fast] Error 2

Source:
/* */
#include <sys/filio.h>


int main(){return 0;}

Determining if files sys/sockio.h exist failed with the following output:
Change Dir: /source/clients/freerdp-git-07062016/CMakeFiles/CMakeTmp

Run Build Command:/usr/bin/make "cmTryCompileExec3538928937/fast"
/usr/bin/make -f CMakeFiles/cmTryCompileExec3538928937.dir/build.make CMakeFiles/cmTryCompileExec3538928937.dir/build
make[1]: Entering directory `/source/clients/freerdp-git-07062016/CMakeFiles/CMakeTmp'
/usr/bin/cmake -E cmake_progress_report /source/clients/freerdp-git-07062016/CMakeFiles/CMakeTmp/CMakeFiles 1
Building C object CMakeFiles/cmTryCompileExec3538928937.dir/CheckIncludeFiles.c.o
/toolchain/bin/i486-TSOL-linux-gnu-gcc   -Os  -march=i686 -Wall -Wno-unused-result -Wno-unused-but-set-variable -Wno-deprecated-declarations -fvisibility=hidden -Wimplicit-function-declaration -Wredundant-decls -msse2 -DWINPR_EXPORTS -DFREERDP_EXPORTS   -fPIE   -o CMakeFiles/cmTryCompileExec3538928937.dir/CheckIncludeFiles.c.o   -c /source/clients/freerdp-git-07062016/CMakeFiles/CMakeTmp/CheckIncludeFiles.c
/source/clients/freerdp-git-07062016/CMakeFiles/CMakeTmp/CheckIncludeFiles.c:2:24: fatal error: sys/sockio.h: No such file or directory
compilation terminated.
make[1]: Leaving directory `/source/clients/freerdp-git-07062016/CMakeFiles/CMakeTmp'
make[1]: *** [CMakeFiles/cmTryCompileExec3538928937.dir/CheckIncludeFiles.c.o] Error 1
make: *** [cmTryCompileExec3538928937/fast] Error 2

Source:
/* */
#include <sys/sockio.h>


int main(){return 0;}

Determining if files sys/strtio.h exist failed with the following output:
Change Dir: /source/clients/freerdp-git-07062016/CMakeFiles/CMakeTmp

Run Build Command:/usr/bin/make "cmTryCompileExec1029538084/fast"
/usr/bin/make -f CMakeFiles/cmTryCompileExec1029538084.dir/build.make CMakeFiles/cmTryCompileExec1029538084.dir/build
make[1]: Entering directory `/source/clients/freerdp-git-07062016/CMakeFiles/CMakeTmp'
/usr/bin/cmake -E cmake_progress_report /source/clients/freerdp-git-07062016/CMakeFiles/CMakeTmp/CMakeFiles 1
Building C object CMakeFiles/cmTryCompileExec1029538084.dir/CheckIncludeFiles.c.o
/toolchain/bin/i486-TSOL-linux-gnu-gcc   -Os  -march=i686 -Wall -Wno-unused-result -Wno-unused-but-set-variable -Wno-deprecated-declarations -fvisibility=hidden -Wimplicit-function-declaration -Wredundant-decls -msse2 -DWINPR_EXPORTS -DFREERDP_EXPORTS   -fPIE   -o CMakeFiles/cmTryCompileExec1029538084.dir/CheckIncludeFiles.c.o   -c /source/clients/freerdp-git-07062016/CMakeFiles/CMakeTmp/CheckIncludeFiles.c
/source/clients/freerdp-git-07062016/CMakeFiles/CMakeTmp/CheckIncludeFiles.c:2:24: fatal error: sys/strtio.h: No such file or directory
compilation terminated.
make[1]: Leaving directory `/source/clients/freerdp-git-07062016/CMakeFiles/CMakeTmp'
make[1]: *** [CMakeFiles/cmTryCompileExec1029538084.dir/CheckIncludeFiles.c.o] Error 1
make: *** [cmTryCompileExec1029538084/fast] Error 2

Source:
/* */
#include <sys/strtio.h>


int main(){return 0;}

Determining if the pthread_create exist failed with the following output:
Change Dir: /source/clients/freerdp-git-07062016/CMakeFiles/CMakeTmp

Run Build Command:/usr/bin/make "cmTryCompileExec2153306210/fast"
/usr/bin/make -f CMakeFiles/cmTryCompileExec2153306210.dir/build.make CMakeFiles/cmTryCompileExec2153306210.dir/build
make[1]: Entering directory `/source/clients/freerdp-git-07062016/CMakeFiles/CMakeTmp'
/usr/bin/cmake -E cmake_progress_report /source/clients/freerdp-git-07062016/CMakeFiles/CMakeTmp/CMakeFiles 1
Building C object CMakeFiles/cmTryCompileExec2153306210.dir/CheckSymbolExists.c.o
/toolchain/bin/i486-TSOL-linux-gnu-gcc   -Os  -march=i686 -Wall -Wno-unused-result -Wno-unused-but-set-variable -Wno-deprecated-declarations -fvisibility=hidden -Wimplicit-function-declaration -Wredundant-decls -msse2 -DWINPR_EXPORTS -DFREERDP_EXPORTS   -fPIE   -o CMakeFiles/cmTryCompileExec2153306210.dir/CheckSymbolExists.c.o   -c /source/clients/freerdp-git-07062016/CMakeFiles/CMakeTmp/CheckSymbolExists.c
Linking C executable cmTryCompileExec2153306210
/usr/bin/cmake -E cmake_link_script CMakeFiles/cmTryCompileExec2153306210.dir/link.txt --verbose=1
/toolchain/bin/i486-TSOL-linux-gnu-gcc   -Os  -march=i686 -Wall -Wno-unused-result -Wno-unused-but-set-variable -Wno-deprecated-declarations -fvisibility=hidden -Wimplicit-function-declaration -Wredundant-decls -msse2 -DWINPR_EXPORTS -DFREERDP_EXPORTS     -static-libgcc CMakeFiles/cmTryCompileExec2153306210.dir/CheckSymbolExists.c.o  -o cmTryCompileExec2153306210 -rdynamic 
CMakeFiles/cmTryCompileExec2153306210.dir/CheckSymbolExists.c.o: In function `main':
CheckSymbolExists.c:(.text.startup+0x14): undefined reference to `pthread_create'
collect2: ld returned 1 exit status
make[1]: Leaving directory `/source/clients/freerdp-git-07062016/CMakeFiles/CMakeTmp'
make[1]: *** [cmTryCompileExec2153306210] Error 1
make: *** [cmTryCompileExec2153306210/fast] Error 2

File /source/clients/freerdp-git-07062016/CMakeFiles/CMakeTmp/CheckSymbolExists.c:
/* */
#include <pthread.h>

int main(int argc, char** argv)
{
  (void)argv;
#ifndef pthread_create
  return ((int*)(&pthread_create))[argc];
#else
  (void)argc;
  return 0;
#endif
}

Determining if the function pthread_create exists in the pthreads failed with the following output:
Change Dir: /source/clients/freerdp-git-07062016/CMakeFiles/CMakeTmp

Run Build Command:/usr/bin/make "cmTryCompileExec362468797/fast"
/usr/bin/make -f CMakeFiles/cmTryCompileExec362468797.dir/build.make CMakeFiles/cmTryCompileExec362468797.dir/build
make[1]: Entering directory `/source/clients/freerdp-git-07062016/CMakeFiles/CMakeTmp'
/usr/bin/cmake -E cmake_progress_report /source/clients/freerdp-git-07062016/CMakeFiles/CMakeTmp/CMakeFiles 1
Building C object CMakeFiles/cmTryCompileExec362468797.dir/CheckFunctionExists.c.o
/toolchain/bin/i486-TSOL-linux-gnu-gcc   -Os  -march=i686 -Wall -Wno-unused-result -Wno-unused-but-set-variable -Wno-deprecated-declarations -fvisibility=hidden -Wimplicit-function-declaration -Wredundant-decls -msse2 -DWINPR_EXPORTS -DFREERDP_EXPORTS  -DCHECK_FUNCTION_EXISTS=pthread_create -fPIE   -o CMakeFiles/cmTryCompileExec362468797.dir/CheckFunctionExists.c.o   -c /usr/share/cmake-2.8/Modules/CheckFunctionExists.c
Linking C executable cmTryCompileExec362468797
/usr/bin/cmake -E cmake_link_script CMakeFiles/cmTryCompileExec362468797.dir/link.txt --verbose=1
/toolchain/bin/i486-TSOL-linux-gnu-gcc   -Os  -march=i686 -Wall -Wno-unused-result -Wno-unused-but-set-variable -Wno-deprecated-declarations -fvisibility=hidden -Wimplicit-function-declaration -Wredundant-decls -msse2 -DWINPR_EXPORTS -DFREERDP_EXPORTS  -DCHECK_FUNCTION_EXISTS=pthread_create   -static-libgcc CMakeFiles/cmTryCompileExec362468797.dir/CheckFunctionExists.c.o  -o cmTryCompileExec362468797 -rdynamic -lpthreads 
/toolchain/lib/gcc/i486-TSOL-linux-gnu/4.6.3/../../../../i486-TSOL-linux-gnu/bin/ld: cannot find -lpthreads
collect2: ld returned 1 exit status
make[1]: Leaving directory `/source/clients/freerdp-git-07062016/CMakeFiles/CMakeTmp'
make[1]: *** [cmTryCompileExec362468797] Error 1
make: *** [cmTryCompileExec362468797/fast] Error 2


Determining if the XITouchClass exist failed with the following output:
Change Dir: /source/clients/freerdp-git-07062016/CMakeFiles/CMakeTmp

Run Build Command:/usr/bin/make "cmTryCompileExec310191523/fast"
/usr/bin/make -f CMakeFiles/cmTryCompileExec310191523.dir/build.make CMakeFiles/cmTryCompileExec310191523.dir/build
make[1]: Entering directory `/source/clients/freerdp-git-07062016/CMakeFiles/CMakeTmp'
/usr/bin/cmake -E cmake_progress_report /source/clients/freerdp-git-07062016/CMakeFiles/CMakeTmp/CMakeFiles 1
Building C object CMakeFiles/cmTryCompileExec310191523.dir/CheckSymbolExists.c.o
/toolchain/bin/i486-TSOL-linux-gnu-gcc   -Os  -march=i686 -Wall -Wno-unused-result -Wno-unused-but-set-variable -Wno-deprecated-declarations -fvisibility=hidden -Wimplicit-function-declaration -Wredundant-decls -msse2 -DWINPR_EXPORTS -DFREERDP_EXPORTS   -fPIE   -o CMakeFiles/cmTryCompileExec310191523.dir/CheckSymbolExists.c.o   -c /source/clients/freerdp-git-07062016/CMakeFiles/CMakeTmp/CheckSymbolExists.c
In file included from /source/clients/freerdp-git-07062016/CMakeFiles/CMakeTmp/CheckSymbolExists.c:2:0:
/usr/xorg/include/X11/extensions/XInput2.h:30:22: fatal error: X11/Xlib.h: No such file or directory
compilation terminated.
make[1]: Leaving directory `/source/clients/freerdp-git-07062016/CMakeFiles/CMakeTmp'
make[1]: *** [CMakeFiles/cmTryCompileExec310191523.dir/CheckSymbolExists.c.o] Error 1
make: *** [cmTryCompileExec310191523/fast] Error 2

File /source/clients/freerdp-git-07062016/CMakeFiles/CMakeTmp/CheckSymbolExists.c:
/* */
#include </usr/xorg/include/X11/extensions/XInput2.h>

int main(int argc, char** argv)
{
  (void)argv;
#ifndef XITouchClass
  return ((int*)(&XITouchClass))[argc];
#else
  (void)argc;
  return 0;
#endif
}

