This file contains any messages produced by compilers while
running configure, to aid debugging if configure makes a mistake.

It was created by xf86-video-i740 configure 1.3.4, which was
generated by GNU Autoconf 2.68.  Invocation command line was

  $ ./configure --enable-maintainer-mode --prefix=/usr/xorg CC=i486-TSOL-linux-gnu-gcc CFLAGS=-Os LDFLAGS=-static-libgcc

## --------- ##
## Platform. ##
## --------- ##

hostname = ubuntu4
uname -m = i686
uname -r = 3.2.16-030216-generic
uname -s = Linux
uname -v = #201204221935 SMP Sun Apr 22 23:42:49 UTC 2012

/usr/bin/uname -p = unknown
/bin/uname -X     = unknown

/bin/arch              = unknown
/usr/bin/arch -k       = unknown
/usr/convex/getsysinfo = unknown
/usr/bin/hostinfo      = unknown
/bin/machine           = unknown
/usr/bin/oslevel       = unknown
/bin/universe          = unknown

PATH: /usr/xorg/bin
PATH: /source/docbook-xsl-1.76.1/tools/bin
PATH: /bin
PATH: /sbin
PATH: /usr/bin
PATH: /usr/sbin
PATH: /usr/bin/X11
PATH: /usr/local/bin
PATH: /toolchain/bin
PATH: /toolchain/i486-TSOL-linux-gnu/bin/
PATH: /root/.local/bin
PATH: /usr/xorg/bin


## ----------- ##
## Core tests. ##
## ----------- ##

configure:2336: checking for a BSD-compatible install
configure:2404: result: /bin/install -c
configure:2415: checking whether build environment is sane
configure:2465: result: yes
configure:2606: checking for a thread-safe mkdir -p
configure:2645: result: /bin/mkdir -p
configure:2658: checking for gawk
configure:2674: found /usr/bin/gawk
configure:2685: result: gawk
configure:2696: checking whether make sets $(MAKE)
configure:2718: result: yes
configure:2799: checking whether to enable maintainer-specific portions of Makefiles
configure:2808: result: yes
configure:2846: checking for style of include used by make
configure:2874: result: GNU
configure:2944: checking for gcc
configure:2971: result: i486-TSOL-linux-gnu-gcc
configure:3200: checking for C compiler version
configure:3209: i486-TSOL-linux-gnu-gcc --version >&5
i486-TSOL-linux-gnu-gcc (crosstool-NG 1.15.2) 4.6.3
Copyright (C) 2011 Free Software Foundation, Inc.
This is free software; see the source for copying conditions.  There is NO
warranty; not even for MERCHANTABILITY or FITNESS FOR A PARTICULAR PURPOSE.

configure:3220: $? = 0
configure:3209: i486-TSOL-linux-gnu-gcc -v >&5
Using built-in specs.
COLLECT_GCC=i486-TSOL-linux-gnu-gcc
COLLECT_LTO_WRAPPER=/toolchain/libexec/gcc/i486-TSOL-linux-gnu/4.6.3/lto-wrapper
Target: i486-TSOL-linux-gnu
Configured with: /TSOL/crosstool-ng-1.15.2/bin/.build/src/gcc-4.6.3/configure --build=i686-build_pc-linux-gnu --host=i686-build_pc-linux-gnu --target=i486-TSOL-linux-gnu --prefix=/toolchain --with-sysroot=/toolchain/i486-TSOL-linux-gnu/sysroot --enable-languages=c,c++ --with-arch=i486 --with-pkgversion='crosstool-NG 1.15.2' --enable-__cxa_atexit --disable-libmudflap --disable-libgomp --disable-libssp --with-gmp=/TSOL/crosstool-ng-1.15.2/bin/.build/i486-TSOL-linux-gnu/buildtools --with-mpfr=/TSOL/crosstool-ng-1.15.2/bin/.build/i486-TSOL-linux-gnu/buildtools --with-mpc=/TSOL/crosstool-ng-1.15.2/bin/.build/i486-TSOL-linux-gnu/buildtools --with-ppl=/TSOL/crosstool-ng-1.15.2/bin/.build/i486-TSOL-linux-gnu/buildtools --with-cloog=/TSOL/crosstool-ng-1.15.2/bin/.build/i486-TSOL-linux-gnu/buildtools --with-libelf=no --with-host-libstdcxx='-static-libgcc -Wl,-Bstatic,-lstdc++,-Bdynamic -lm -L/TSOL/crosstool-ng-1.15.2/bin/.build/i486-TSOL-linux-gnu/buildtools/lib -lpwl' --enable-threads=posix --enable-target-optspace --disable-multilib --with-local-prefix=/toolchain/i486-TSOL-linux-gnu/sysroot --enable-c99 --enable-long-long
Thread model: posix
gcc version 4.6.3 (crosstool-NG 1.15.2) 
configure:3220: $? = 0
configure:3209: i486-TSOL-linux-gnu-gcc -V >&5
i486-TSOL-linux-gnu-gcc: error: unrecognized option '-V'
i486-TSOL-linux-gnu-gcc: fatal error: no input files
compilation terminated.
configure:3220: $? = 1
configure:3209: i486-TSOL-linux-gnu-gcc -qversion >&5
i486-TSOL-linux-gnu-gcc: error: unrecognized option '-qversion'
i486-TSOL-linux-gnu-gcc: fatal error: no input files
compilation terminated.
configure:3220: $? = 1
configure:3240: checking whether the C compiler works
configure:3262: i486-TSOL-linux-gnu-gcc -Os  -static-libgcc conftest.c  >&5
configure:3266: $? = 0
configure:3314: result: yes
configure:3317: checking for C compiler default output file name
configure:3319: result: a.out
configure:3325: checking for suffix of executables
configure:3332: i486-TSOL-linux-gnu-gcc -o conftest -Os  -static-libgcc conftest.c  >&5
configure:3336: $? = 0
configure:3358: result: 
configure:3380: checking whether we are cross compiling
configure:3388: i486-TSOL-linux-gnu-gcc -o conftest -Os  -static-libgcc conftest.c  >&5
configure:3392: $? = 0
configure:3399: ./conftest
configure:3403: $? = 0
configure:3418: result: no
configure:3423: checking for suffix of object files
configure:3445: i486-TSOL-linux-gnu-gcc -c -Os  conftest.c >&5
configure:3449: $? = 0
configure:3470: result: o
configure:3474: checking whether we are using the GNU C compiler
configure:3493: i486-TSOL-linux-gnu-gcc -c -Os  conftest.c >&5
configure:3493: $? = 0
configure:3502: result: yes
configure:3511: checking whether i486-TSOL-linux-gnu-gcc accepts -g
configure:3531: i486-TSOL-linux-gnu-gcc -c -g  conftest.c >&5
configure:3531: $? = 0
configure:3572: result: yes
configure:3589: checking for i486-TSOL-linux-gnu-gcc option to accept ISO C89
configure:3653: i486-TSOL-linux-gnu-gcc  -c -Os  conftest.c >&5
configure:3653: $? = 0
configure:3666: result: none needed
configure:3688: checking dependency style of i486-TSOL-linux-gnu-gcc
configure:3798: result: gcc3
configure:3813: checking for i486-TSOL-linux-gnu-gcc option to accept ISO C99
configure:3962: i486-TSOL-linux-gnu-gcc  -c -Os  conftest.c >&5
conftest.c:61:29: error: expected ';', ',' or ')' before 'text'
conftest.c: In function 'main':
conftest.c:115:18: error: expected '=', ',', ';', 'asm' or '__attribute__' before 'newvar'
conftest.c:115:18: error: 'newvar' undeclared (first use in this function)
conftest.c:115:18: note: each undeclared identifier is reported only once for each function it appears in
conftest.c:125:3: error: 'for' loop initial declarations are only allowed in C99 mode
conftest.c:125:3: note: use option -std=c99 or -std=gnu99 to compile your code
configure:3962: $? = 1
configure: failed program was:
| /* confdefs.h */
| #define PACKAGE_NAME "xf86-video-i740"
| #define PACKAGE_TARNAME "xf86-video-i740"
| #define PACKAGE_VERSION "1.3.4"
| #define PACKAGE_STRING "xf86-video-i740 1.3.4"
| #define PACKAGE_BUGREPORT "https://bugs.freedesktop.org/enter_bug.cgi?product=xorg"
| #define PACKAGE_URL ""
| #define PACKAGE "xf86-video-i740"
| #define VERSION "1.3.4"
| /* end confdefs.h.  */
| #include <stdarg.h>
| #include <stdbool.h>
| #include <stdlib.h>
| #include <wchar.h>
| #include <stdio.h>
| 
| // Check varargs macros.  These examples are taken from C99 6.10.3.5.
| #define debug(...) fprintf (stderr, __VA_ARGS__)
| #define showlist(...) puts (#__VA_ARGS__)
| #define report(test,...) ((test) ? puts (#test) : printf (__VA_ARGS__))
| static void
| test_varargs_macros (void)
| {
|   int x = 1234;
|   int y = 5678;
|   debug ("Flag");
|   debug ("X = %d\n", x);
|   showlist (The first, second, and third items.);
|   report (x>y, "x is %d but y is %d", x, y);
| }
| 
| // Check long long types.
| #define BIG64 18446744073709551615ull
| #define BIG32 4294967295ul
| #define BIG_OK (BIG64 / BIG32 == 4294967297ull && BIG64 % BIG32 == 0)
| #if !BIG_OK
|   your preprocessor is broken;
| #endif
| #if BIG_OK
| #else
|   your preprocessor is broken;
| #endif
| static long long int bignum = -9223372036854775807LL;
| static unsigned long long int ubignum = BIG64;
| 
| struct incomplete_array
| {
|   int datasize;
|   double data[];
| };
| 
| struct named_init {
|   int number;
|   const wchar_t *name;
|   double average;
| };
| 
| typedef const char *ccp;
| 
| static inline int
| test_restrict (ccp restrict text)
| {
|   // See if C++-style comments work.
|   // Iterate through items via the restricted pointer.
|   // Also check for declarations in for loops.
|   for (unsigned int i = 0; *(text+i) != '\0'; ++i)
|     continue;
|   return 0;
| }
| 
| // Check varargs and va_copy.
| static void
| test_varargs (const char *format, ...)
| {
|   va_list args;
|   va_start (args, format);
|   va_list args_copy;
|   va_copy (args_copy, args);
| 
|   const char *str;
|   int number;
|   float fnumber;
| 
|   while (*format)
|     {
|       switch (*format++)
| 	{
| 	case 's': // string
| 	  str = va_arg (args_copy, const char *);
| 	  break;
| 	case 'd': // int
| 	  number = va_arg (args_copy, int);
| 	  break;
| 	case 'f': // float
| 	  fnumber = va_arg (args_copy, double);
| 	  break;
| 	default:
| 	  break;
| 	}
|     }
|   va_end (args_copy);
|   va_end (args);
| }
| 
| int
| main ()
| {
| 
|   // Check bool.
|   _Bool success = false;
| 
|   // Check restrict.
|   if (test_restrict ("String literal") == 0)
|     success = true;
|   char *restrict newvar = "Another string";
| 
|   // Check varargs.
|   test_varargs ("s, d' f .", "string", 65, 34.234);
|   test_varargs_macros ();
| 
|   // Check flexible array members.
|   struct incomplete_array *ia =
|     malloc (sizeof (struct incomplete_array) + (sizeof (double) * 10));
|   ia->datasize = 10;
|   for (int i = 0; i < ia->datasize; ++i)
|     ia->data[i] = i * 1.234;
| 
|   // Check named initializers.
|   struct named_init ni = {
|     .number = 34,
|     .name = L"Test wide string",
|     .average = 543.34343,
|   };
| 
|   ni.number = 58;
| 
|   int dynamic_array[ni.number];
|   dynamic_array[ni.number - 1] = 543;
| 
|   // work around unused variable warnings
|   return (!success || bignum == 0LL || ubignum == 0uLL || newvar[0] == 'x'
| 	  || dynamic_array[ni.number - 1] != 543);
| 
|   ;
|   return 0;
| }
configure:3962: i486-TSOL-linux-gnu-gcc -std=gnu99 -c -Os  conftest.c >&5
configure:3962: $? = 0
configure:3982: result: -std=gnu99
configure:3996: checking how to run the C preprocessor
configure:4027: i486-TSOL-linux-gnu-gcc -std=gnu99 -E  conftest.c
configure:4027: $? = 0
configure:4041: i486-TSOL-linux-gnu-gcc -std=gnu99 -E  conftest.c
conftest.c:11:28: fatal error: ac_nonexistent.h: No such file or directory
compilation terminated.
configure:4041: $? = 1
configure: failed program was:
| /* confdefs.h */
| #define PACKAGE_NAME "xf86-video-i740"
| #define PACKAGE_TARNAME "xf86-video-i740"
| #define PACKAGE_VERSION "1.3.4"
| #define PACKAGE_STRING "xf86-video-i740 1.3.4"
| #define PACKAGE_BUGREPORT "https://bugs.freedesktop.org/enter_bug.cgi?product=xorg"
| #define PACKAGE_URL ""
| #define PACKAGE "xf86-video-i740"
| #define VERSION "1.3.4"
| /* end confdefs.h.  */
| #include <ac_nonexistent.h>
configure:4066: result: i486-TSOL-linux-gnu-gcc -std=gnu99 -E
configure:4086: i486-TSOL-linux-gnu-gcc -std=gnu99 -E  conftest.c
configure:4086: $? = 0
configure:4100: i486-TSOL-linux-gnu-gcc -std=gnu99 -E  conftest.c
conftest.c:11:28: fatal error: ac_nonexistent.h: No such file or directory
compilation terminated.
configure:4100: $? = 1
configure: failed program was:
| /* confdefs.h */
| #define PACKAGE_NAME "xf86-video-i740"
| #define PACKAGE_TARNAME "xf86-video-i740"
| #define PACKAGE_VERSION "1.3.4"
| #define PACKAGE_STRING "xf86-video-i740 1.3.4"
| #define PACKAGE_BUGREPORT "https://bugs.freedesktop.org/enter_bug.cgi?product=xorg"
| #define PACKAGE_URL ""
| #define PACKAGE "xf86-video-i740"
| #define VERSION "1.3.4"
| /* end confdefs.h.  */
| #include <ac_nonexistent.h>
configure:4129: checking for grep that handles long lines and -e
configure:4187: result: /usr/bin/grep
configure:4192: checking for egrep
configure:4254: result: /usr/bin/grep -E
configure:4259: checking for ANSI C header files
configure:4279: i486-TSOL-linux-gnu-gcc -std=gnu99 -c -Os  conftest.c >&5
configure:4279: $? = 0
configure:4352: i486-TSOL-linux-gnu-gcc -std=gnu99 -o conftest -Os  -static-libgcc conftest.c  >&5
configure:4352: $? = 0
configure:4352: ./conftest
configure:4352: $? = 0
configure:4363: result: yes
configure:4376: checking for sys/types.h
configure:4376: i486-TSOL-linux-gnu-gcc -std=gnu99 -c -Os  conftest.c >&5
configure:4376: $? = 0
configure:4376: result: yes
configure:4376: checking for sys/stat.h
configure:4376: i486-TSOL-linux-gnu-gcc -std=gnu99 -c -Os  conftest.c >&5
configure:4376: $? = 0
configure:4376: result: yes
configure:4376: checking for stdlib.h
configure:4376: i486-TSOL-linux-gnu-gcc -std=gnu99 -c -Os  conftest.c >&5
configure:4376: $? = 0
configure:4376: result: yes
configure:4376: checking for string.h
configure:4376: i486-TSOL-linux-gnu-gcc -std=gnu99 -c -Os  conftest.c >&5
configure:4376: $? = 0
configure:4376: result: yes
configure:4376: checking for memory.h
configure:4376: i486-TSOL-linux-gnu-gcc -std=gnu99 -c -Os  conftest.c >&5
configure:4376: $? = 0
configure:4376: result: yes
configure:4376: checking for strings.h
configure:4376: i486-TSOL-linux-gnu-gcc -std=gnu99 -c -Os  conftest.c >&5
configure:4376: $? = 0
configure:4376: result: yes
configure:4376: checking for inttypes.h
configure:4376: i486-TSOL-linux-gnu-gcc -std=gnu99 -c -Os  conftest.c >&5
configure:4376: $? = 0
configure:4376: result: yes
configure:4376: checking for stdint.h
configure:4376: i486-TSOL-linux-gnu-gcc -std=gnu99 -c -Os  conftest.c >&5
configure:4376: $? = 0
configure:4376: result: yes
configure:4376: checking for unistd.h
configure:4376: i486-TSOL-linux-gnu-gcc -std=gnu99 -c -Os  conftest.c >&5
configure:4376: $? = 0
configure:4376: result: yes
configure:4392: checking whether __clang__ is declared
configure:4392: i486-TSOL-linux-gnu-gcc -std=gnu99 -c -Os  conftest.c >&5
conftest.c: In function 'main':
conftest.c:61:10: error: '__clang__' undeclared (first use in this function)
conftest.c:61:10: note: each undeclared identifier is reported only once for each function it appears in
configure:4392: $? = 1
configure: failed program was:
| /* confdefs.h */
| #define PACKAGE_NAME "xf86-video-i740"
| #define PACKAGE_TARNAME "xf86-video-i740"
| #define PACKAGE_VERSION "1.3.4"
| #define PACKAGE_STRING "xf86-video-i740 1.3.4"
| #define PACKAGE_BUGREPORT "https://bugs.freedesktop.org/enter_bug.cgi?product=xorg"
| #define PACKAGE_URL ""
| #define PACKAGE "xf86-video-i740"
| #define VERSION "1.3.4"
| #define STDC_HEADERS 1
| #define HAVE_SYS_TYPES_H 1
| #define HAVE_SYS_STAT_H 1
| #define HAVE_STDLIB_H 1
| #define HAVE_STRING_H 1
| #define HAVE_MEMORY_H 1
| #define HAVE_STRINGS_H 1
| #define HAVE_INTTYPES_H 1
| #define HAVE_STDINT_H 1
| #define HAVE_UNISTD_H 1
| /* end confdefs.h.  */
| #include <stdio.h>
| #ifdef HAVE_SYS_TYPES_H
| # include <sys/types.h>
| #endif
| #ifdef HAVE_SYS_STAT_H
| # include <sys/stat.h>
| #endif
| #ifdef STDC_HEADERS
| # include <stdlib.h>
| # include <stddef.h>
| #else
| # ifdef HAVE_STDLIB_H
| #  include <stdlib.h>
| # endif
| #endif
| #ifdef HAVE_STRING_H
| # if !defined STDC_HEADERS && defined HAVE_MEMORY_H
| #  include <memory.h>
| # endif
| # include <string.h>
| #endif
| #ifdef HAVE_STRINGS_H
| # include <strings.h>
| #endif
| #ifdef HAVE_INTTYPES_H
| # include <inttypes.h>
| #endif
| #ifdef HAVE_STDINT_H
| # include <stdint.h>
| #endif
| #ifdef HAVE_UNISTD_H
| # include <unistd.h>
| #endif
| int
| main ()
| {
| #ifndef __clang__
| #ifdef __cplusplus
|   (void) __clang__;
| #else
|   (void) __clang__;
| #endif
| #endif
| 
|   ;
|   return 0;
| }
configure:4392: result: no
configure:4399: checking whether __INTEL_COMPILER is declared
configure:4399: i486-TSOL-linux-gnu-gcc -std=gnu99 -c -Os  conftest.c >&5
conftest.c: In function 'main':
conftest.c:61:10: error: '__INTEL_COMPILER' undeclared (first use in this function)
conftest.c:61:10: note: each undeclared identifier is reported only once for each function it appears in
configure:4399: $? = 1
configure: failed program was:
| /* confdefs.h */
| #define PACKAGE_NAME "xf86-video-i740"
| #define PACKAGE_TARNAME "xf86-video-i740"
| #define PACKAGE_VERSION "1.3.4"
| #define PACKAGE_STRING "xf86-video-i740 1.3.4"
| #define PACKAGE_BUGREPORT "https://bugs.freedesktop.org/enter_bug.cgi?product=xorg"
| #define PACKAGE_URL ""
| #define PACKAGE "xf86-video-i740"
| #define VERSION "1.3.4"
| #define STDC_HEADERS 1
| #define HAVE_SYS_TYPES_H 1
| #define HAVE_SYS_STAT_H 1
| #define HAVE_STDLIB_H 1
| #define HAVE_STRING_H 1
| #define HAVE_MEMORY_H 1
| #define HAVE_STRINGS_H 1
| #define HAVE_INTTYPES_H 1
| #define HAVE_STDINT_H 1
| #define HAVE_UNISTD_H 1
| /* end confdefs.h.  */
| #include <stdio.h>
| #ifdef HAVE_SYS_TYPES_H
| # include <sys/types.h>
| #endif
| #ifdef HAVE_SYS_STAT_H
| # include <sys/stat.h>
| #endif
| #ifdef STDC_HEADERS
| # include <stdlib.h>
| # include <stddef.h>
| #else
| # ifdef HAVE_STDLIB_H
| #  include <stdlib.h>
| # endif
| #endif
| #ifdef HAVE_STRING_H
| # if !defined STDC_HEADERS && defined HAVE_MEMORY_H
| #  include <memory.h>
| # endif
| # include <string.h>
| #endif
| #ifdef HAVE_STRINGS_H
| # include <strings.h>
| #endif
| #ifdef HAVE_INTTYPES_H
| # include <inttypes.h>
| #endif
| #ifdef HAVE_STDINT_H
| # include <stdint.h>
| #endif
| #ifdef HAVE_UNISTD_H
| # include <unistd.h>
| #endif
| int
| main ()
| {
| #ifndef __INTEL_COMPILER
| #ifdef __cplusplus
|   (void) __INTEL_COMPILER;
| #else
|   (void) __INTEL_COMPILER;
| #endif
| #endif
| 
|   ;
|   return 0;
| }
configure:4399: result: no
configure:4406: checking whether __SUNPRO_C is declared
configure:4406: i486-TSOL-linux-gnu-gcc -std=gnu99 -c -Os  conftest.c >&5
conftest.c: In function 'main':
conftest.c:61:10: error: '__SUNPRO_C' undeclared (first use in this function)
conftest.c:61:10: note: each undeclared identifier is reported only once for each function it appears in
configure:4406: $? = 1
configure: failed program was:
| /* confdefs.h */
| #define PACKAGE_NAME "xf86-video-i740"
| #define PACKAGE_TARNAME "xf86-video-i740"
| #define PACKAGE_VERSION "1.3.4"
| #define PACKAGE_STRING "xf86-video-i740 1.3.4"
| #define PACKAGE_BUGREPORT "https://bugs.freedesktop.org/enter_bug.cgi?product=xorg"
| #define PACKAGE_URL ""
| #define PACKAGE "xf86-video-i740"
| #define VERSION "1.3.4"
| #define STDC_HEADERS 1
| #define HAVE_SYS_TYPES_H 1
| #define HAVE_SYS_STAT_H 1
| #define HAVE_STDLIB_H 1
| #define HAVE_STRING_H 1
| #define HAVE_MEMORY_H 1
| #define HAVE_STRINGS_H 1
| #define HAVE_INTTYPES_H 1
| #define HAVE_STDINT_H 1
| #define HAVE_UNISTD_H 1
| /* end confdefs.h.  */
| #include <stdio.h>
| #ifdef HAVE_SYS_TYPES_H
| # include <sys/types.h>
| #endif
| #ifdef HAVE_SYS_STAT_H
| # include <sys/stat.h>
| #endif
| #ifdef STDC_HEADERS
| # include <stdlib.h>
| # include <stddef.h>
| #else
| # ifdef HAVE_STDLIB_H
| #  include <stdlib.h>
| # endif
| #endif
| #ifdef HAVE_STRING_H
| # if !defined STDC_HEADERS && defined HAVE_MEMORY_H
| #  include <memory.h>
| # endif
| # include <string.h>
| #endif
| #ifdef HAVE_STRINGS_H
| # include <strings.h>
| #endif
| #ifdef HAVE_INTTYPES_H
| # include <inttypes.h>
| #endif
| #ifdef HAVE_STDINT_H
| # include <stdint.h>
| #endif
| #ifdef HAVE_UNISTD_H
| # include <unistd.h>
| #endif
| int
| main ()
| {
| #ifndef __SUNPRO_C
| #ifdef __cplusplus
|   (void) __SUNPRO_C;
| #else
|   (void) __SUNPRO_C;
| #endif
| #endif
| 
|   ;
|   return 0;
| }
configure:4406: result: no
configure:4463: checking for pkg-config
configure:4481: found /usr/bin/pkg-config
configure:4493: result: /usr/bin/pkg-config
configure:4518: checking pkg-config is at least version 0.9.0
configure:4521: result: yes
configure:4534: checking build system type
configure:4548: result: i686-pc-linux-gnu
configure:4568: checking host system type
configure:4581: result: i686-pc-linux-gnu
configure:4601: checking for a sed that does not truncate output
configure:4665: result: /usr/bin/sed
configure:4711: checking if i486-TSOL-linux-gnu-gcc -std=gnu99 supports -Werror=unknown-warning-option
configure:4720: i486-TSOL-linux-gnu-gcc -std=gnu99 -c -Os -Werror=unknown-warning-option  conftest.c >&5
cc1: error: -Werror=unknown-warning-option: no option -Wunknown-warning-option
configure:4720: $? = 1
configure: failed program was:
| /* confdefs.h */
| #define PACKAGE_NAME "xf86-video-i740"
| #define PACKAGE_TARNAME "xf86-video-i740"
| #define PACKAGE_VERSION "1.3.4"
| #define PACKAGE_STRING "xf86-video-i740 1.3.4"
| #define PACKAGE_BUGREPORT "https://bugs.freedesktop.org/enter_bug.cgi?product=xorg"
| #define PACKAGE_URL ""
| #define PACKAGE "xf86-video-i740"
| #define VERSION "1.3.4"
| #define STDC_HEADERS 1
| #define HAVE_SYS_TYPES_H 1
| #define HAVE_SYS_STAT_H 1
| #define HAVE_STDLIB_H 1
| #define HAVE_STRING_H 1
| #define HAVE_MEMORY_H 1
| #define HAVE_STRINGS_H 1
| #define HAVE_INTTYPES_H 1
| #define HAVE_STDINT_H 1
| #define HAVE_UNISTD_H 1
| /* end confdefs.h.  */
| int i;
configure:4727: result: no
configure:4738: checking if i486-TSOL-linux-gnu-gcc -std=gnu99 supports -Werror=unused-command-line-argument
configure:4747: i486-TSOL-linux-gnu-gcc -std=gnu99 -c -Os -Werror=unused-command-line-argument  conftest.c >&5
cc1: error: -Werror=unused-command-line-argument: no option -Wunused-command-line-argument
configure:4747: $? = 1
configure: failed program was:
| /* confdefs.h */
| #define PACKAGE_NAME "xf86-video-i740"
| #define PACKAGE_TARNAME "xf86-video-i740"
| #define PACKAGE_VERSION "1.3.4"
| #define PACKAGE_STRING "xf86-video-i740 1.3.4"
| #define PACKAGE_BUGREPORT "https://bugs.freedesktop.org/enter_bug.cgi?product=xorg"
| #define PACKAGE_URL ""
| #define PACKAGE "xf86-video-i740"
| #define VERSION "1.3.4"
| #define STDC_HEADERS 1
| #define HAVE_SYS_TYPES_H 1
| #define HAVE_SYS_STAT_H 1
| #define HAVE_STDLIB_H 1
| #define HAVE_STRING_H 1
| #define HAVE_MEMORY_H 1
| #define HAVE_STRINGS_H 1
| #define HAVE_INTTYPES_H 1
| #define HAVE_STDINT_H 1
| #define HAVE_UNISTD_H 1
| /* end confdefs.h.  */
| int i;
configure:4754: result: no
configure:4773: checking if i486-TSOL-linux-gnu-gcc -std=gnu99 supports-Wall
configure:4790: i486-TSOL-linux-gnu-gcc -std=gnu99 -o conftest -Os -Wall  -static-libgcc conftest.c  >&5
configure:4790: $? = 0
configure:4803: result: yes
configure:4891: checking if i486-TSOL-linux-gnu-gcc -std=gnu99 supports-Wpointer-arith
configure:4908: i486-TSOL-linux-gnu-gcc -std=gnu99 -o conftest -Os -Wpointer-arith  -static-libgcc conftest.c  >&5
configure:4908: $? = 0
configure:4921: result: yes
configure:5009: checking if i486-TSOL-linux-gnu-gcc -std=gnu99 supports-Wmissing-declarations
configure:5026: i486-TSOL-linux-gnu-gcc -std=gnu99 -o conftest -Os -Wmissing-declarations  -static-libgcc conftest.c  >&5
configure:5026: $? = 0
configure:5039: result: yes
configure:5127: checking if i486-TSOL-linux-gnu-gcc -std=gnu99 supports-Wformat=2
configure:5144: i486-TSOL-linux-gnu-gcc -std=gnu99 -o conftest -Os -Wformat=2  -static-libgcc conftest.c  >&5
configure:5144: $? = 0
configure:5157: result: yes
configure:5296: checking if i486-TSOL-linux-gnu-gcc -std=gnu99 supports-Wstrict-prototypes
configure:5313: i486-TSOL-linux-gnu-gcc -std=gnu99 -o conftest -Os -Wstrict-prototypes  -static-libgcc conftest.c  >&5
conftest.c:23:1: warning: function declaration isn't a prototype [-Wstrict-prototypes]
configure:5313: $? = 0
configure:5326: result: yes
configure:5414: checking if i486-TSOL-linux-gnu-gcc -std=gnu99 supports-Wmissing-prototypes
configure:5431: i486-TSOL-linux-gnu-gcc -std=gnu99 -o conftest -Os -Wmissing-prototypes  -static-libgcc conftest.c  >&5
configure:5431: $? = 0
configure:5444: result: yes
configure:5532: checking if i486-TSOL-linux-gnu-gcc -std=gnu99 supports-Wnested-externs
configure:5549: i486-TSOL-linux-gnu-gcc -std=gnu99 -o conftest -Os -Wnested-externs  -static-libgcc conftest.c  >&5
configure:5549: $? = 0
configure:5562: result: yes
configure:5650: checking if i486-TSOL-linux-gnu-gcc -std=gnu99 supports-Wbad-function-cast
configure:5667: i486-TSOL-linux-gnu-gcc -std=gnu99 -o conftest -Os -Wbad-function-cast  -static-libgcc conftest.c  >&5
configure:5667: $? = 0
configure:5680: result: yes
configure:5768: checking if i486-TSOL-linux-gnu-gcc -std=gnu99 supports-Wold-style-definition
configure:5785: i486-TSOL-linux-gnu-gcc -std=gnu99 -o conftest -Os -Wold-style-definition  -static-libgcc conftest.c  >&5
conftest.c: In function 'main':
conftest.c:23:1: warning: old-style function definition [-Wold-style-definition]
configure:5785: $? = 0
configure:5798: result: yes
configure:5886: checking if i486-TSOL-linux-gnu-gcc -std=gnu99 supports-Wdeclaration-after-statement
configure:5903: i486-TSOL-linux-gnu-gcc -std=gnu99 -o conftest -Os -Wdeclaration-after-statement  -static-libgcc conftest.c  >&5
configure:5903: $? = 0
configure:5916: result: yes
configure:6008: checking if i486-TSOL-linux-gnu-gcc -std=gnu99 supports-Wunused
configure:6025: i486-TSOL-linux-gnu-gcc -std=gnu99 -o conftest -Os -Wunused  -static-libgcc conftest.c  >&5
configure:6025: $? = 0
configure:6038: result: yes
configure:6126: checking if i486-TSOL-linux-gnu-gcc -std=gnu99 supports-Wuninitialized
configure:6143: i486-TSOL-linux-gnu-gcc -std=gnu99 -o conftest -Os -Wuninitialized  -static-libgcc conftest.c  >&5
configure:6143: $? = 0
configure:6156: result: yes
configure:6244: checking if i486-TSOL-linux-gnu-gcc -std=gnu99 supports-Wshadow
configure:6261: i486-TSOL-linux-gnu-gcc -std=gnu99 -o conftest -Os -Wshadow  -static-libgcc conftest.c  >&5
configure:6261: $? = 0
configure:6274: result: yes
configure:6362: checking if i486-TSOL-linux-gnu-gcc -std=gnu99 supports-Wcast-qual
configure:6379: i486-TSOL-linux-gnu-gcc -std=gnu99 -o conftest -Os -Wcast-qual  -static-libgcc conftest.c  >&5
configure:6379: $? = 0
configure:6392: result: yes
configure:6480: checking if i486-TSOL-linux-gnu-gcc -std=gnu99 supports-Wmissing-noreturn
configure:6497: i486-TSOL-linux-gnu-gcc -std=gnu99 -o conftest -Os -Wmissing-noreturn  -static-libgcc conftest.c  >&5
configure:6497: $? = 0
configure:6510: result: yes
configure:6598: checking if i486-TSOL-linux-gnu-gcc -std=gnu99 supports-Wmissing-format-attribute
configure:6615: i486-TSOL-linux-gnu-gcc -std=gnu99 -o conftest -Os -Wmissing-format-attribute  -static-libgcc conftest.c  >&5
configure:6615: $? = 0
configure:6628: result: yes
configure:6716: checking if i486-TSOL-linux-gnu-gcc -std=gnu99 supports-Wredundant-decls
configure:6733: i486-TSOL-linux-gnu-gcc -std=gnu99 -o conftest -Os -Wredundant-decls  -static-libgcc conftest.c  >&5
configure:6733: $? = 0
configure:6746: result: yes
configure:6846: checking if i486-TSOL-linux-gnu-gcc -std=gnu99 supports-Werror=implicit
configure:6863: i486-TSOL-linux-gnu-gcc -std=gnu99 -o conftest -Os -Werror=implicit  -static-libgcc conftest.c  >&5
configure:6863: $? = 0
configure:6876: result: yes
configure:7013: checking if i486-TSOL-linux-gnu-gcc -std=gnu99 supports-Werror=nonnull
configure:7030: i486-TSOL-linux-gnu-gcc -std=gnu99 -o conftest -Os -Werror=nonnull  -static-libgcc conftest.c  >&5
configure:7030: $? = 0
configure:7043: result: yes
configure:7131: checking if i486-TSOL-linux-gnu-gcc -std=gnu99 supports-Werror=init-self
configure:7148: i486-TSOL-linux-gnu-gcc -std=gnu99 -o conftest -Os -Werror=init-self  -static-libgcc conftest.c  >&5
configure:7148: $? = 0
configure:7161: result: yes
configure:7249: checking if i486-TSOL-linux-gnu-gcc -std=gnu99 supports-Werror=main
configure:7266: i486-TSOL-linux-gnu-gcc -std=gnu99 -o conftest -Os -Werror=main  -static-libgcc conftest.c  >&5
configure:7266: $? = 0
configure:7279: result: yes
configure:7367: checking if i486-TSOL-linux-gnu-gcc -std=gnu99 supports-Werror=missing-braces
configure:7384: i486-TSOL-linux-gnu-gcc -std=gnu99 -o conftest -Os -Werror=missing-braces  -static-libgcc conftest.c  >&5
configure:7384: $? = 0
configure:7397: result: yes
configure:7485: checking if i486-TSOL-linux-gnu-gcc -std=gnu99 supports-Werror=sequence-point
configure:7502: i486-TSOL-linux-gnu-gcc -std=gnu99 -o conftest -Os -Werror=sequence-point  -static-libgcc conftest.c  >&5
configure:7502: $? = 0
configure:7515: result: yes
configure:7603: checking if i486-TSOL-linux-gnu-gcc -std=gnu99 supports-Werror=return-type
configure:7620: i486-TSOL-linux-gnu-gcc -std=gnu99 -o conftest -Os -Werror=return-type  -static-libgcc conftest.c  >&5
configure:7620: $? = 0
configure:7633: result: yes
configure:7770: checking if i486-TSOL-linux-gnu-gcc -std=gnu99 supports-Werror=trigraphs
configure:7787: i486-TSOL-linux-gnu-gcc -std=gnu99 -o conftest -Os -Werror=trigraphs  -static-libgcc conftest.c  >&5
configure:7787: $? = 0
configure:7800: result: yes
configure:7888: checking if i486-TSOL-linux-gnu-gcc -std=gnu99 supports-Werror=array-bounds
configure:7905: i486-TSOL-linux-gnu-gcc -std=gnu99 -o conftest -Os -Werror=array-bounds  -static-libgcc conftest.c  >&5
configure:7905: $? = 0
configure:7918: result: yes
configure:8006: checking if i486-TSOL-linux-gnu-gcc -std=gnu99 supports-Werror=write-strings
configure:8023: i486-TSOL-linux-gnu-gcc -std=gnu99 -o conftest -Os -Werror=write-strings  -static-libgcc conftest.c  >&5
configure:8023: $? = 0
configure:8036: result: yes
configure:8124: checking if i486-TSOL-linux-gnu-gcc -std=gnu99 supports-Werror=address
configure:8141: i486-TSOL-linux-gnu-gcc -std=gnu99 -o conftest -Os -Werror=address  -static-libgcc conftest.c  >&5
configure:8141: $? = 0
configure:8154: result: yes
configure:8242: checking if i486-TSOL-linux-gnu-gcc -std=gnu99 supports-Werror=int-to-pointer-cast
configure:8259: i486-TSOL-linux-gnu-gcc -std=gnu99 -o conftest -Os -Werror=int-to-pointer-cast  -static-libgcc conftest.c  >&5
configure:8259: $? = 0
configure:8272: result: yes
configure:8409: checking if i486-TSOL-linux-gnu-gcc -std=gnu99 supports-Werror=pointer-to-int-cast
configure:8426: i486-TSOL-linux-gnu-gcc -std=gnu99 -o conftest -Os -Werror=pointer-to-int-cast  -static-libgcc conftest.c  >&5
configure:8426: $? = 0
configure:8439: result: yes
configure:10097: checking if i486-TSOL-linux-gnu-gcc -std=gnu99 supports-pedantic
configure:10114: i486-TSOL-linux-gnu-gcc -std=gnu99 -o conftest -Os -pedantic  -static-libgcc conftest.c  >&5
configure:10114: $? = 0
configure:10127: result: yes
configure:10215: checking if i486-TSOL-linux-gnu-gcc -std=gnu99 supports-Werror
configure:10232: i486-TSOL-linux-gnu-gcc -std=gnu99 -o conftest -Os -Werror  -static-libgcc conftest.c  >&5
configure:10232: $? = 0
configure:10245: result: yes
configure:10385: checking if i486-TSOL-linux-gnu-gcc -std=gnu99 supports-Werror=attributes
configure:10402: i486-TSOL-linux-gnu-gcc -std=gnu99 -o conftest -Os -Werror=attributes  -static-libgcc conftest.c  >&5
configure:10402: $? = 0
configure:10415: result: yes
configure:10656: checking how to print strings
configure:10683: result: printf
configure:10704: checking for a sed that does not truncate output
configure:10768: result: /usr/bin/sed
configure:10786: checking for fgrep
configure:10848: result: /usr/bin/grep -F
configure:10883: checking for ld used by i486-TSOL-linux-gnu-gcc -std=gnu99
configure:10950: result: i486-TSOL-linux-gnu-ld
configure:10957: checking if the linker (i486-TSOL-linux-gnu-ld) is GNU ld
configure:10972: result: yes
configure:10984: checking for BSD- or MS-compatible name lister (nm)
configure:11033: result: /toolchain/i486-TSOL-linux-gnu/bin//nm -B
configure:11163: checking the name lister (/toolchain/i486-TSOL-linux-gnu/bin//nm -B) interface
configure:11170: i486-TSOL-linux-gnu-gcc -std=gnu99 -c -Os  conftest.c >&5
configure:11173: /toolchain/i486-TSOL-linux-gnu/bin//nm -B "conftest.o"
configure:11176: output
00000000 B some_variable
configure:11183: result: BSD nm
configure:11186: checking whether ln -s works
configure:11190: result: yes
configure:11198: checking the maximum length of command line arguments
configure:11323: result: 1572864
configure:11340: checking whether the shell understands some XSI constructs
configure:11350: result: yes
configure:11354: checking whether the shell understands "+="
configure:11360: result: yes
configure:11395: checking for i486-TSOL-linux-gnu-ld option to reload object files
configure:11402: result: -r
configure:11471: checking for objdump
configure:11487: found /toolchain/i486-TSOL-linux-gnu/bin//objdump
configure:11498: result: objdump
configure:11530: checking how to recognize dependent libraries
configure:11732: result: pass_all
configure:11792: checking for ar
configure:11808: found /toolchain/i486-TSOL-linux-gnu/bin//ar
configure:11819: result: ar
configure:11897: checking for strip
configure:11913: found /toolchain/i486-TSOL-linux-gnu/bin//strip
configure:11924: result: strip
configure:11996: checking for ranlib
configure:12012: found /toolchain/i486-TSOL-linux-gnu/bin//ranlib
configure:12023: result: ranlib
configure:12125: checking command to parse /toolchain/i486-TSOL-linux-gnu/bin//nm -B output from i486-TSOL-linux-gnu-gcc -std=gnu99 object
configure:12243: i486-TSOL-linux-gnu-gcc -std=gnu99 -c -Os  conftest.c >&5
configure:12246: $? = 0
configure:12250: /toolchain/i486-TSOL-linux-gnu/bin//nm -B conftest.o \| sed -n -e 's/^.*[ ]\([ABCDGIRSTW][ABCDGIRSTW]*\)[ ][ ]*\([_A-Za-z][_A-Za-z0-9]*\)$/\1 \2 \2/p' \> conftest.nm
configure:12253: $? = 0
configure:12307: i486-TSOL-linux-gnu-gcc -std=gnu99 -o conftest -Os  -static-libgcc conftest.c conftstm.o >&5
configure:12310: $? = 0
configure:12348: result: ok
configure:13185: checking for dlfcn.h
configure:13185: i486-TSOL-linux-gnu-gcc -std=gnu99 -c -Os  conftest.c >&5
configure:13185: $? = 0
configure:13185: result: yes
configure:13342: checking for objdir
configure:13357: result: .libs
configure:13624: checking if i486-TSOL-linux-gnu-gcc -std=gnu99 supports -fno-rtti -fno-exceptions
configure:13642: i486-TSOL-linux-gnu-gcc -std=gnu99 -c -Os  -fno-rtti -fno-exceptions conftest.c >&5
cc1: warning: command line option '-fno-rtti' is valid for C++/ObjC++ but not for C [enabled by default]
configure:13646: $? = 0
configure:13659: result: no
configure:13679: checking for i486-TSOL-linux-gnu-gcc -std=gnu99 option to produce PIC
configure:13964: result: -fPIC -DPIC
configure:13976: checking if i486-TSOL-linux-gnu-gcc -std=gnu99 PIC flag -fPIC -DPIC works
configure:13994: i486-TSOL-linux-gnu-gcc -std=gnu99 -c -Os  -fPIC -DPIC -DPIC conftest.c >&5
configure:13998: $? = 0
configure:14011: result: yes
configure:14035: checking if i486-TSOL-linux-gnu-gcc -std=gnu99 static flag -static works
configure:14063: result: yes
configure:14078: checking if i486-TSOL-linux-gnu-gcc -std=gnu99 supports -c -o file.o
configure:14099: i486-TSOL-linux-gnu-gcc -std=gnu99 -c -Os  -o out/conftest2.o conftest.c >&5
configure:14103: $? = 0
configure:14125: result: yes
configure:14133: checking if i486-TSOL-linux-gnu-gcc -std=gnu99 supports -c -o file.o
configure:14180: result: yes
configure:14213: checking whether the i486-TSOL-linux-gnu-gcc -std=gnu99 linker (i486-TSOL-linux-gnu-ld) supports shared libraries
configure:15288: result: yes
configure:15325: checking whether -lc should be explicitly linked in
configure:15333: i486-TSOL-linux-gnu-gcc -std=gnu99 -c -Os  conftest.c >&5
configure:15336: $? = 0
configure:15351: i486-TSOL-linux-gnu-gcc -std=gnu99 -shared conftest.o  -v -Wl,-soname -Wl,conftest -o conftest 2\>\&1 \| /usr/bin/grep  -lc  \>/dev/null 2\>\&1
configure:15354: $? = 0
configure:15368: result: no
configure:15533: checking dynamic linker characteristics
configure:15988: i486-TSOL-linux-gnu-gcc -std=gnu99 -o conftest -Os  -static-libgcc -Wl,-rpath -Wl,/foo conftest.c  >&5
configure:15988: $? = 0
configure:16210: result: GNU/Linux ld.so
configure:16317: checking how to hardcode library paths into programs
configure:16342: result: immediate
configure:16882: checking whether stripping libraries is possible
configure:16887: result: yes
configure:16922: checking if libtool supports shared libraries
configure:16924: result: yes
configure:16927: checking whether to build shared libraries
configure:16948: result: yes
configure:16951: checking whether to build static libraries
configure:16955: result: no
configure:17024: i486-TSOL-linux-gnu-gcc -std=gnu99 -c -Os -I/usr/xorg/include/xorg  conftest.c >&5
configure:17024: $? = 0
configure:17031: checking if RANDR is defined
configure:17033: result: yes
configure:17059: i486-TSOL-linux-gnu-gcc -std=gnu99 -c -Os -I/usr/xorg/include/xorg  conftest.c >&5
configure:17059: $? = 0
configure:17066: checking if RENDER is defined
configure:17068: result: yes
configure:17094: i486-TSOL-linux-gnu-gcc -std=gnu99 -c -Os -I/usr/xorg/include/xorg  conftest.c >&5
configure:17094: $? = 0
configure:17101: checking if XV is defined
configure:17103: result: yes
configure:17129: i486-TSOL-linux-gnu-gcc -std=gnu99 -c -Os -I/usr/xorg/include/xorg  conftest.c >&5
configure:17129: $? = 0
configure:17136: checking if DPMSExtension is defined
configure:17138: result: yes
configure:17148: checking for XORG
configure:17155: $PKG_CONFIG --exists --print-errors "xorg-server >= 1.0.99.901 xproto fontsproto $REQUIRED_MODULES"
configure:17158: $? = 0
configure:17171: $PKG_CONFIG --exists --print-errors "xorg-server >= 1.0.99.901 xproto fontsproto $REQUIRED_MODULES"
configure:17174: $? = 0
configure:17228: result: yes
configure:17236: checking whether XSERVER_LIBPCIACCESS is declared
configure:17236: i486-TSOL-linux-gnu-gcc -std=gnu99 -c -Os  -I/usr/xorg/include/xorg -I/usr/xorg/include -I/usr/xorg/include/pixman-1   conftest.c >&5
configure:17236: $? = 0
configure:17236: result: yes
configure:17249: checking for PCIACCESS
configure:17256: $PKG_CONFIG --exists --print-errors "pciaccess >= 0.8.0"
configure:17259: $? = 0
configure:17272: $PKG_CONFIG --exists --print-errors "pciaccess >= 0.8.0"
configure:17275: $? = 0
configure:17329: result: yes
configure:17358: checking xaa.h usability
configure:17358: i486-TSOL-linux-gnu-gcc -std=gnu99 -c -I/usr/xorg/include/xorg -I/usr/xorg/include -I/usr/xorg/include/pixman-1   -I/usr/xorg/include   -I/usr/xorg/include/xorg -I/usr/xorg/include -I/usr/xorg/include/pixman-1   -I/usr/xorg/include   conftest.c >&5
conftest.c:59:17: fatal error: xaa.h: No such file or directory
compilation terminated.
configure:17358: $? = 1
configure: failed program was:
| /* confdefs.h */
| #define PACKAGE_NAME "xf86-video-i740"
| #define PACKAGE_TARNAME "xf86-video-i740"
| #define PACKAGE_VERSION "1.3.4"
| #define PACKAGE_STRING "xf86-video-i740 1.3.4"
| #define PACKAGE_BUGREPORT "https://bugs.freedesktop.org/enter_bug.cgi?product=xorg"
| #define PACKAGE_URL ""
| #define PACKAGE "xf86-video-i740"
| #define VERSION "1.3.4"
| #define STDC_HEADERS 1
| #define HAVE_SYS_TYPES_H 1
| #define HAVE_SYS_STAT_H 1
| #define HAVE_STDLIB_H 1
| #define HAVE_STRING_H 1
| #define HAVE_MEMORY_H 1
| #define HAVE_STRINGS_H 1
| #define HAVE_INTTYPES_H 1
| #define HAVE_STDINT_H 1
| #define HAVE_UNISTD_H 1
| #define PACKAGE_VERSION_MAJOR 1
| #define PACKAGE_VERSION_MINOR 3
| #define PACKAGE_VERSION_PATCHLEVEL 4
| #define HAVE_DLFCN_H 1
| #define LT_OBJDIR ".libs/"
| /* end confdefs.h.  */
| #include <stdio.h>
| #ifdef HAVE_SYS_TYPES_H
| # include <sys/types.h>
| #endif
| #ifdef HAVE_SYS_STAT_H
| # include <sys/stat.h>
| #endif
| #ifdef STDC_HEADERS
| # include <stdlib.h>
| # include <stddef.h>
| #else
| # ifdef HAVE_STDLIB_H
| #  include <stdlib.h>
| # endif
| #endif
| #ifdef HAVE_STRING_H
| # if !defined STDC_HEADERS && defined HAVE_MEMORY_H
| #  include <memory.h>
| # endif
| # include <string.h>
| #endif
| #ifdef HAVE_STRINGS_H
| # include <strings.h>
| #endif
| #ifdef HAVE_INTTYPES_H
| # include <inttypes.h>
| #endif
| #ifdef HAVE_STDINT_H
| # include <stdint.h>
| #endif
| #ifdef HAVE_UNISTD_H
| # include <unistd.h>
| #endif
| #include <xaa.h>
configure:17358: result: no
configure:17358: checking xaa.h presence
configure:17358: i486-TSOL-linux-gnu-gcc -std=gnu99 -E -I/usr/xorg/include/xorg -I/usr/xorg/include -I/usr/xorg/include/pixman-1   -I/usr/xorg/include   conftest.c
conftest.c:26:17: fatal error: xaa.h: No such file or directory
compilation terminated.
configure:17358: $? = 1
configure: failed program was:
| /* confdefs.h */
| #define PACKAGE_NAME "xf86-video-i740"
| #define PACKAGE_TARNAME "xf86-video-i740"
| #define PACKAGE_VERSION "1.3.4"
| #define PACKAGE_STRING "xf86-video-i740 1.3.4"
| #define PACKAGE_BUGREPORT "https://bugs.freedesktop.org/enter_bug.cgi?product=xorg"
| #define PACKAGE_URL ""
| #define PACKAGE "xf86-video-i740"
| #define VERSION "1.3.4"
| #define STDC_HEADERS 1
| #define HAVE_SYS_TYPES_H 1
| #define HAVE_SYS_STAT_H 1
| #define HAVE_STDLIB_H 1
| #define HAVE_STRING_H 1
| #define HAVE_MEMORY_H 1
| #define HAVE_STRINGS_H 1
| #define HAVE_INTTYPES_H 1
| #define HAVE_STDINT_H 1
| #define HAVE_UNISTD_H 1
| #define PACKAGE_VERSION_MAJOR 1
| #define PACKAGE_VERSION_MINOR 3
| #define PACKAGE_VERSION_PATCHLEVEL 4
| #define HAVE_DLFCN_H 1
| #define LT_OBJDIR ".libs/"
| /* end confdefs.h.  */
| #include <xaa.h>
configure:17358: result: no
configure:17358: checking for xaa.h
configure:17358: result: no
configure:17373: checking whether to include XAA support
configure:17383: result: no
configure:17535: creating ./config.status

## ---------------------- ##
## Running config.status. ##
## ---------------------- ##

This file was extended by xf86-video-i740 config.status 1.3.4, which was
generated by GNU Autoconf 2.68.  Invocation command line was

  CONFIG_FILES    = 
  CONFIG_HEADERS  = 
  CONFIG_LINKS    = 
  CONFIG_COMMANDS = 
  $ ./config.status 

on ubuntu4

config.status:1122: creating Makefile
config.status:1122: creating src/Makefile
config.status:1122: creating man/Makefile
config.status:1122: creating config.h
config.status:1351: executing depfiles commands
config.status:1351: executing libtool commands

## ---------------- ##
## Cache variables. ##
## ---------------- ##

ac_cv_build=i686-pc-linux-gnu
ac_cv_c_compiler_gnu=yes
ac_cv_env_CC_set=set
ac_cv_env_CC_value=i486-TSOL-linux-gnu-gcc
ac_cv_env_CFLAGS_set=set
ac_cv_env_CFLAGS_value=-Os
ac_cv_env_CPPFLAGS_set=
ac_cv_env_CPPFLAGS_value=
ac_cv_env_CPP_set=
ac_cv_env_CPP_value=
ac_cv_env_LDFLAGS_set=set
ac_cv_env_LDFLAGS_value=-static-libgcc
ac_cv_env_LIBS_set=
ac_cv_env_LIBS_value=
ac_cv_env_PCIACCESS_CFLAGS_set=
ac_cv_env_PCIACCESS_CFLAGS_value=
ac_cv_env_PCIACCESS_LIBS_set=
ac_cv_env_PCIACCESS_LIBS_value=
ac_cv_env_PKG_CONFIG_set=
ac_cv_env_PKG_CONFIG_value=
ac_cv_env_XORG_CFLAGS_set=
ac_cv_env_XORG_CFLAGS_value=
ac_cv_env_XORG_LIBS_set=
ac_cv_env_XORG_LIBS_value=
ac_cv_env_build_alias_set=
ac_cv_env_build_alias_value=
ac_cv_env_host_alias_set=
ac_cv_env_host_alias_value=
ac_cv_env_target_alias_set=
ac_cv_env_target_alias_value=
ac_cv_have_decl_XSERVER_LIBPCIACCESS=yes
ac_cv_have_decl___INTEL_COMPILER=no
ac_cv_have_decl___SUNPRO_C=no
ac_cv_have_decl___clang__=no
ac_cv_header_dlfcn_h=yes
ac_cv_header_inttypes_h=yes
ac_cv_header_memory_h=yes
ac_cv_header_stdc=yes
ac_cv_header_stdint_h=yes
ac_cv_header_stdlib_h=yes
ac_cv_header_string_h=yes
ac_cv_header_strings_h=yes
ac_cv_header_sys_stat_h=yes
ac_cv_header_sys_types_h=yes
ac_cv_header_unistd_h=yes
ac_cv_header_xaa_h=no
ac_cv_host=i686-pc-linux-gnu
ac_cv_objext=o
ac_cv_path_EGREP='/usr/bin/grep -E'
ac_cv_path_FGREP='/usr/bin/grep -F'
ac_cv_path_GREP=/usr/bin/grep
ac_cv_path_SED=/usr/bin/sed
ac_cv_path_ac_pt_PKG_CONFIG=/usr/bin/pkg-config
ac_cv_path_install='/bin/install -c'
ac_cv_path_mkdir=/bin/mkdir
ac_cv_prog_AWK=gawk
ac_cv_prog_CPP='i486-TSOL-linux-gnu-gcc -std=gnu99 -E'
ac_cv_prog_ac_ct_AR=ar
ac_cv_prog_ac_ct_CC=i486-TSOL-linux-gnu-gcc
ac_cv_prog_ac_ct_OBJDUMP=objdump
ac_cv_prog_ac_ct_RANLIB=ranlib
ac_cv_prog_ac_ct_STRIP=strip
ac_cv_prog_cc_c89=
ac_cv_prog_cc_c99=-std=gnu99
ac_cv_prog_cc_g=yes
ac_cv_prog_make_make_set=yes
am_cv_CC_dependencies_compiler_type=gcc3
lt_cv_archive_cmds_need_lc=no
lt_cv_deplibs_check_method=pass_all
lt_cv_file_magic_cmd='$MAGIC_CMD'
lt_cv_file_magic_test_file=
lt_cv_ld_reload_flag=-r
lt_cv_nm_interface='BSD nm'
lt_cv_objdir=.libs
lt_cv_path_LD=i486-TSOL-linux-gnu-ld
lt_cv_path_NM='/toolchain/i486-TSOL-linux-gnu/bin//nm -B'
lt_cv_prog_compiler_c_o=yes
lt_cv_prog_compiler_pic_works=yes
lt_cv_prog_compiler_rtti_exceptions=no
lt_cv_prog_compiler_static_works=yes
lt_cv_prog_gnu_ld=yes
lt_cv_shlibpath_overrides_runpath=yes
lt_cv_sys_global_symbol_pipe='sed -n -e '\''s/^.*[	 ]\([ABCDGIRSTW][ABCDGIRSTW]*\)[	 ][	 ]*\([_A-Za-z][_A-Za-z0-9]*\)$/\1 \2 \2/p'\'''
lt_cv_sys_global_symbol_to_c_name_address='sed -n -e '\''s/^: \([^ ]*\) $/  {\"\1\", (void *) 0},/p'\'' -e '\''s/^[ABCDGIRSTW]* \([^ ]*\) \([^ ]*\)$/  {"\2", (void *) \&\2},/p'\'''
lt_cv_sys_global_symbol_to_c_name_address_lib_prefix='sed -n -e '\''s/^: \([^ ]*\) $/  {\"\1\", (void *) 0},/p'\'' -e '\''s/^[ABCDGIRSTW]* \([^ ]*\) \(lib[^ ]*\)$/  {"\2", (void *) \&\2},/p'\'' -e '\''s/^[ABCDGIRSTW]* \([^ ]*\) \([^ ]*\)$/  {"lib\2", (void *) \&\2},/p'\'''
lt_cv_sys_global_symbol_to_cdecl='sed -n -e '\''s/^T .* \(.*\)$/extern int \1();/p'\'' -e '\''s/^[ABCDGIRSTW]* .* \(.*\)$/extern char \1;/p'\'''
lt_cv_sys_max_cmd_len=1572864
pkg_cv_PCIACCESS_CFLAGS='-I/usr/xorg/include  '
pkg_cv_PCIACCESS_LIBS='-L/usr/xorg/lib -lpciaccess  '
pkg_cv_XORG_CFLAGS='-I/usr/xorg/include/xorg -I/usr/xorg/include -I/usr/xorg/include/pixman-1  '
pkg_cv_XORG_LIBS='-L/usr/xorg/lib -lpixman-1 -lpciaccess  '
xorg_cv_cc_flag__Wall=yes
xorg_cv_cc_flag__Wbad_function_cast=yes
xorg_cv_cc_flag__Wcast_qual=yes
xorg_cv_cc_flag__Wdeclaration_after_statement=yes
xorg_cv_cc_flag__Werror=yes
xorg_cv_cc_flag__Werror_address=yes
xorg_cv_cc_flag__Werror_array_bounds=yes
xorg_cv_cc_flag__Werror_attributes=yes
xorg_cv_cc_flag__Werror_implicit=yes
xorg_cv_cc_flag__Werror_init_self=yes
xorg_cv_cc_flag__Werror_int_to_pointer_cast=yes
xorg_cv_cc_flag__Werror_main=yes
xorg_cv_cc_flag__Werror_missing_braces=yes
xorg_cv_cc_flag__Werror_nonnull=yes
xorg_cv_cc_flag__Werror_pointer_to_int_cast=yes
xorg_cv_cc_flag__Werror_return_type=yes
xorg_cv_cc_flag__Werror_sequence_point=yes
xorg_cv_cc_flag__Werror_trigraphs=yes
xorg_cv_cc_flag__Werror_write_strings=yes
xorg_cv_cc_flag__Wformat_2=yes
xorg_cv_cc_flag__Wmissing_declarations=yes
xorg_cv_cc_flag__Wmissing_format_attribute=yes
xorg_cv_cc_flag__Wmissing_noreturn=yes
xorg_cv_cc_flag__Wmissing_prototypes=yes
xorg_cv_cc_flag__Wnested_externs=yes
xorg_cv_cc_flag__Wold_style_definition=yes
xorg_cv_cc_flag__Wpointer_arith=yes
xorg_cv_cc_flag__Wredundant_decls=yes
xorg_cv_cc_flag__Wshadow=yes
xorg_cv_cc_flag__Wstrict_prototypes=yes
xorg_cv_cc_flag__Wuninitialized=yes
xorg_cv_cc_flag__Wunused=yes
xorg_cv_cc_flag__pedantic=yes
xorg_cv_cc_flag_unknown_warning_option=no
xorg_cv_cc_flag_unused_command_line_argument=no

## ----------------- ##
## Output variables. ##
## ----------------- ##

ACLOCAL='aclocal -I /usr/xorg/share/aclocal'
ADMIN_MAN_DIR='$(mandir)/man$(ADMIN_MAN_SUFFIX)'
ADMIN_MAN_SUFFIX='8'
AMDEPBACKSLASH='\'
AMDEP_FALSE='#'
AMDEP_TRUE=''
AMTAR='${SHELL} /source/xorg-modular-7.7/driver/xf86-video-i740/missing --run tar'
AM_BACKSLASH='\'
AM_DEFAULT_VERBOSITY='0'
APP_MAN_DIR='$(mandir)/man$(APP_MAN_SUFFIX)'
APP_MAN_SUFFIX='1'
AR='ar'
AUTOCONF='${SHELL} /source/xorg-modular-7.7/driver/xf86-video-i740/missing --run autoconf'
AUTOHEADER='${SHELL} /source/xorg-modular-7.7/driver/xf86-video-i740/missing --run autoheader'
AUTOMAKE='${SHELL} /source/xorg-modular-7.7/driver/xf86-video-i740/missing --run automake-1.11'
AWK='gawk'
BASE_CFLAGS=' -Wall -Wpointer-arith -Wmissing-declarations -Wformat=2 -Wstrict-prototypes -Wmissing-prototypes -Wnested-externs -Wbad-function-cast -Wold-style-definition -Wdeclaration-after-statement -Wunused -Wuninitialized -Wshadow -Wcast-qual -Wmissing-noreturn -Wmissing-format-attribute -Wredundant-decls -Werror=implicit -Werror=nonnull -Werror=init-self -Werror=main -Werror=missing-braces -Werror=sequence-point -Werror=return-type -Werror=trigraphs -Werror=array-bounds -Werror=write-strings -Werror=address -Werror=int-to-pointer-cast -Werror=pointer-to-int-cast'
CC='i486-TSOL-linux-gnu-gcc -std=gnu99'
CCDEPMODE='depmode=gcc3'
CFLAGS='-Os'
CHANGELOG_CMD='(GIT_DIR=$(top_srcdir)/.git git log > $(top_srcdir)/.changelog.tmp && mv $(top_srcdir)/.changelog.tmp $(top_srcdir)/ChangeLog) || (rm -f $(top_srcdir)/.changelog.tmp; touch $(top_srcdir)/ChangeLog; echo '\''git directory not found: installing possibly empty changelog.'\'' >&2)'
CPP='i486-TSOL-linux-gnu-gcc -std=gnu99 -E'
CPPFLAGS=''
CWARNFLAGS=' -Wall -Wpointer-arith -Wmissing-declarations -Wformat=2 -Wstrict-prototypes -Wmissing-prototypes -Wnested-externs -Wbad-function-cast -Wold-style-definition -Wdeclaration-after-statement -Wunused -Wuninitialized -Wshadow -Wcast-qual -Wmissing-noreturn -Wmissing-format-attribute -Wredundant-decls -Werror=implicit -Werror=nonnull -Werror=init-self -Werror=main -Werror=missing-braces -Werror=sequence-point -Werror=return-type -Werror=trigraphs -Werror=array-bounds -Werror=write-strings -Werror=address -Werror=int-to-pointer-cast -Werror=pointer-to-int-cast -fno-strict-aliasing'
CYGPATH_W='echo'
DEFS='-DHAVE_CONFIG_H'
DEPDIR='.deps'
DRIVER_MAN_DIR='$(mandir)/man$(DRIVER_MAN_SUFFIX)'
DRIVER_MAN_SUFFIX='4'
DRIVER_NAME='i740'
DSYMUTIL=''
DUMPBIN=''
ECHO_C=''
ECHO_N='-n'
ECHO_T=''
EGREP='/usr/bin/grep -E'
EXEEXT=''
FGREP='/usr/bin/grep -F'
FILE_MAN_DIR='$(mandir)/man$(FILE_MAN_SUFFIX)'
FILE_MAN_SUFFIX='5'
GREP='/usr/bin/grep'
INSTALL_CMD='(cp -f /usr/xorg/share/util-macros/INSTALL $(top_srcdir)/.INSTALL.tmp && mv $(top_srcdir)/.INSTALL.tmp $(top_srcdir)/INSTALL) || (rm -f $(top_srcdir)/.INSTALL.tmp; touch $(top_srcdir)/INSTALL; echo '\''util-macros "pkgdatadir" from xorg-macros.pc not found: installing possibly empty INSTALL.'\'' >&2)'
INSTALL_DATA='${INSTALL} -m 644'
INSTALL_PROGRAM='${INSTALL}'
INSTALL_SCRIPT='${INSTALL}'
INSTALL_STRIP_PROGRAM='$(install_sh) -c -s'
LD='i486-TSOL-linux-gnu-ld'
LDFLAGS='-static-libgcc'
LIBOBJS=''
LIBS=''
LIBTOOL='$(SHELL) $(top_builddir)/libtool'
LIB_MAN_DIR='$(mandir)/man$(LIB_MAN_SUFFIX)'
LIB_MAN_SUFFIX='3'
LIPO=''
LN_S='ln -s'
LTLIBOBJS=''
MAINT=''
MAINTAINER_MODE_FALSE='#'
MAINTAINER_MODE_TRUE=''
MAKEINFO='${SHELL} /source/xorg-modular-7.7/driver/xf86-video-i740/missing --run makeinfo'
MAN_SUBSTS='	-e '\''s|__vendorversion__|"$(PACKAGE_STRING)" "$(XORG_MAN_PAGE)"|'\'' 	-e '\''s|__xorgversion__|"$(PACKAGE_STRING)" "$(XORG_MAN_PAGE)"|'\'' 	-e '\''s|__xservername__|Xorg|g'\'' 	-e '\''s|__xconfigfile__|xorg.conf|g'\'' 	-e '\''s|__projectroot__|$(prefix)|g'\'' 	-e '\''s|__apploaddir__|$(appdefaultdir)|g'\'' 	-e '\''s|__appmansuffix__|$(APP_MAN_SUFFIX)|g'\'' 	-e '\''s|__drivermansuffix__|$(DRIVER_MAN_SUFFIX)|g'\'' 	-e '\''s|__adminmansuffix__|$(ADMIN_MAN_SUFFIX)|g'\'' 	-e '\''s|__libmansuffix__|$(LIB_MAN_SUFFIX)|g'\'' 	-e '\''s|__miscmansuffix__|$(MISC_MAN_SUFFIX)|g'\'' 	-e '\''s|__filemansuffix__|$(FILE_MAN_SUFFIX)|g'\'''
MISC_MAN_DIR='$(mandir)/man$(MISC_MAN_SUFFIX)'
MISC_MAN_SUFFIX='7'
MKDIR_P='/bin/mkdir -p'
NM='/toolchain/i486-TSOL-linux-gnu/bin//nm -B'
NMEDIT=''
OBJDUMP='objdump'
OBJEXT='o'
OTOOL64=''
OTOOL=''
PACKAGE='xf86-video-i740'
PACKAGE_BUGREPORT='https://bugs.freedesktop.org/enter_bug.cgi?product=xorg'
PACKAGE_NAME='xf86-video-i740'
PACKAGE_STRING='xf86-video-i740 1.3.4'
PACKAGE_TARNAME='xf86-video-i740'
PACKAGE_URL=''
PACKAGE_VERSION='1.3.4'
PATH_SEPARATOR=':'
PCIACCESS_CFLAGS='-I/usr/xorg/include  '
PCIACCESS_LIBS='-L/usr/xorg/lib -lpciaccess  '
PKG_CONFIG='/usr/bin/pkg-config'
RANLIB='ranlib'
SED='/usr/bin/sed'
SET_MAKE=''
SHELL='/bin/sh'
STRICT_CFLAGS=' -pedantic -Werror -Werror=attributes'
STRIP='strip'
VERSION='1.3.4'
XAA_FALSE=''
XAA_TRUE='#'
XORG_CFLAGS='-I/usr/xorg/include/xorg -I/usr/xorg/include -I/usr/xorg/include/pixman-1   -I/usr/xorg/include  '
XORG_LIBS='-L/usr/xorg/lib -lpixman-1 -lpciaccess  '
XORG_MAN_PAGE='X Version 11'
XSERVER_LIBPCIACCESS_FALSE='#'
XSERVER_LIBPCIACCESS_TRUE=''
ac_ct_CC='i486-TSOL-linux-gnu-gcc'
ac_ct_DUMPBIN=''
am__EXEEXT_FALSE=''
am__EXEEXT_TRUE='#'
am__fastdepCC_FALSE='#'
am__fastdepCC_TRUE=''
am__include='include'
am__isrc=''
am__leading_dot='.'
am__quote=''
am__tar='${AMTAR} chof - "$$tardir"'
am__untar='${AMTAR} xf -'
bindir='${exec_prefix}/bin'
build='i686-pc-linux-gnu'
build_alias=''
build_cpu='i686'
build_os='linux-gnu'
build_vendor='pc'
datadir='${datarootdir}'
datarootdir='${prefix}/share'
docdir='${datarootdir}/doc/${PACKAGE_TARNAME}'
dvidir='${docdir}'
exec_prefix='${prefix}'
host='i686-pc-linux-gnu'
host_alias=''
host_cpu='i686'
host_os='linux-gnu'
host_vendor='pc'
htmldir='${docdir}'
includedir='${prefix}/include'
infodir='${datarootdir}/info'
install_sh='${SHELL} /source/xorg-modular-7.7/driver/xf86-video-i740/install-sh'
libdir='${exec_prefix}/lib'
libexecdir='${exec_prefix}/libexec'
localedir='${datarootdir}/locale'
localstatedir='${prefix}/var'
mandir='${datarootdir}/man'
mkdir_p='/bin/mkdir -p'
moduledir='${exec_prefix}/lib/xorg/modules'
oldincludedir='/usr/include'
pdfdir='${docdir}'
prefix='/usr/xorg'
program_transform_name='s,x,x,'
psdir='${docdir}'
sbindir='${exec_prefix}/sbin'
sharedstatedir='${prefix}/com'
sysconfdir='${prefix}/etc'
target_alias=''

## ----------- ##
## confdefs.h. ##
## ----------- ##

/* confdefs.h */
#define PACKAGE_NAME "xf86-video-i740"
#define PACKAGE_TARNAME "xf86-video-i740"
#define PACKAGE_VERSION "1.3.4"
#define PACKAGE_STRING "xf86-video-i740 1.3.4"
#define PACKAGE_BUGREPORT "https://bugs.freedesktop.org/enter_bug.cgi?product=xorg"
#define PACKAGE_URL ""
#define PACKAGE "xf86-video-i740"
#define VERSION "1.3.4"
#define STDC_HEADERS 1
#define HAVE_SYS_TYPES_H 1
#define HAVE_SYS_STAT_H 1
#define HAVE_STDLIB_H 1
#define HAVE_STRING_H 1
#define HAVE_MEMORY_H 1
#define HAVE_STRINGS_H 1
#define HAVE_INTTYPES_H 1
#define HAVE_STDINT_H 1
#define HAVE_UNISTD_H 1
#define PACKAGE_VERSION_MAJOR 1
#define PACKAGE_VERSION_MINOR 3
#define PACKAGE_VERSION_PATCHLEVEL 4
#define HAVE_DLFCN_H 1
#define LT_OBJDIR ".libs/"

configure: exit 0
