This file contains any messages produced by compilers while
running configure, to aid debugging if configure makes a mistake.

configure:581: checking for a BSD compatible install
configure:634: checking whether build environment is sane
configure:691: checking whether make sets ${MAKE}
configure:737: checking for working aclocal
configure:750: checking for working autoconf
configure:763: checking for working automake
configure:776: checking for working autoheader
configure:789: checking for working makeinfo
configure:810: checking for gcc
configure:923: checking whether the C compiler (i486-TSOL-linux-gnu-gcc -O2 -static-libgcc) works
configure:939: i486-TSOL-linux-gnu-gcc -o conftest -O2  -static-libgcc conftest.c  1>&5
configure:965: checking whether the C compiler (i486-TSOL-linux-gnu-gcc -O2 -static-libgcc) is a cross-compiler
configure:970: checking whether we are using GNU C
configure:979: i486-TSOL-linux-gnu-gcc -E conftest.c
configure:998: checking whether i486-TSOL-linux-gnu-gcc accepts -g
configure:1041: checking for a BSD compatible install
configure:1094: checking whether ln -s works
configure:1115: checking for POSIXized ISC
configure:1141: checking for dirent.h that defines DIR
configure:1154: i486-TSOL-linux-gnu-gcc -c -O2  conftest.c 1>&5
configure:1179: checking for opendir in -ldir
configure:1198: i486-TSOL-linux-gnu-gcc -o conftest -O2  -static-libgcc conftest.c -ldir   1>&5
/toolchain/lib/gcc/i486-TSOL-linux-gnu/4.6.3/../../../../i486-TSOL-linux-gnu/bin/ld: cannot find -ldir
collect2: ld returned 1 exit status
configure: failed program was:
#line 1187 "configure"
#include "confdefs.h"
/* Override any gcc2 internal prototype to avoid an error.  */
/* We use char because int might match the return type of a gcc2
    builtin and then its argument prototype would still apply.  */
char opendir();

int main() {
opendir()
; return 0; }
configure:1262: checking how to run the C preprocessor
configure:1283: i486-TSOL-linux-gnu-gcc -E  conftest.c >/dev/null 2>conftest.out
configure:1342: checking for ANSI C header files
configure:1355: i486-TSOL-linux-gnu-gcc -E  conftest.c >/dev/null 2>conftest.out
configure:1422: i486-TSOL-linux-gnu-gcc -o conftest -O2  -static-libgcc conftest.c  1>&5
configure: In function 'main':
configure:1417:67: warning: incompatible implicit declaration of built-in function 'exit' [enabled by default]
configure:1472: checking for ALSA CFLAGS
configure:1480: checking for ALSA LDFLAGS
configure:1493: checking for libasound headers version >= 0.5.0
configure:1555: i486-TSOL-linux-gnu-gcc -c -O2  conftest.c 1>&5
configure:1576: checking for snd_cards in -lasound
configure:1595: i486-TSOL-linux-gnu-gcc -o conftest -O2   -lasound conftest.c -lasound   1>&5
/tmp/ccgZFpVB.o: In function `main':
conftest.c:(.text.startup+0x7): undefined reference to `snd_cards'
collect2: ld returned 1 exit status
configure: failed program was:
#line 1584 "configure"
#include "confdefs.h"
/* Override any gcc2 internal prototype to avoid an error.  */
/* We use char because int might match the return type of a gcc2
    builtin and then its argument prototype would still apply.  */
char snd_cards();

int main() {
snd_cards()
; return 0; }
