This file contains any messages produced by compilers while
running configure, to aid debugging if configure makes a mistake.

configure:655: checking for a BSD compatible install
configure:708: checking whether build environment is sane
configure:765: checking whether make sets ${MAKE}
configure:804: checking for working aclocal
configure:817: checking for working autoconf
configure:830: checking for working automake
configure:843: checking for working autoheader
configure:856: checking for working makeinfo
configure:928: checking host system type
configure:949: checking build system type
configure:969: checking for ranlib
configure:999: checking for gcc
configure:1112: checking whether the C compiler (i486-TSOL-linux-gnu-gcc -O2 -static-libgcc) works
configure:1128: i486-TSOL-linux-gnu-gcc -o conftest -O2  -static-libgcc conftest.c  1>&5
configure:1154: checking whether the C compiler (i486-TSOL-linux-gnu-gcc -O2 -static-libgcc) is a cross-compiler
configure:1159: checking whether we are using GNU C
configure:1187: checking whether i486-TSOL-linux-gnu-gcc accepts -g
configure:1230: checking for ld used by GCC
configure:1323: checking if the linker (i486-TSOL-linux-gnu-ld) is GNU ld
configure:1339: checking for BSD-compatible nm
configure:1375: checking command to parse /toolchain/i486-TSOL-linux-gnu/bin//nm -B output
configure:1535: checking for _ prefix in compiled symbols
configure:1578: checking whether ln -s works
ltconfig:552: checking for object suffix
ltconfig:553: i486-TSOL-linux-gnu-gcc -c -O2  conftest.c 1>&5
ltconfig:674: checking if i486-TSOL-linux-gnu-gcc PIC flag -fPIC works
ltconfig:675: i486-TSOL-linux-gnu-gcc -c -O2 -fPIC -DPIC  conftest.c 1>&5
ltconfig:709: checking if i486-TSOL-linux-gnu-gcc supports -c -o file.o
ltconfig:710: i486-TSOL-linux-gnu-gcc -c -O2 -c -o conftest2.o  conftest.c 1>&5
ltconfig:737: checking if i486-TSOL-linux-gnu-gcc supports -c -o file.lo
ltconfig:738: i486-TSOL-linux-gnu-gcc -c -O2 -c -o conftest.lo  conftest.c 1>&5
ltconfig:789: checking if i486-TSOL-linux-gnu-gcc supports -fno-rtti -fno-exceptions
ltconfig:790: i486-TSOL-linux-gnu-gcc -c -O2 -fno-rtti -fno-exceptions -c conftest.c  conftest.c 1>&5
ltconfig:833: checking if i486-TSOL-linux-gnu-gcc static flag -static works
ltconfig:834: i486-TSOL-linux-gnu-gcc -o conftest -O2  -static-libgcc -static conftest.c  1>&5
GNU ld (crosstool-NG 1.15.2) 2.20.1.20100303
ltconfig:1425: checking if global_symbol_pipe works
ltconfig:1426: i486-TSOL-linux-gnu-gcc -c -O2  conftest.c 1>&5
ltconfig:1429: eval "/toolchain/i486-TSOL-linux-gnu/bin//nm -B conftest.o | sed -n -e 's/^.* [ABCDGISTUW] \([_A-Za-z][_A-Za-z0-9]*\)$/\1 \1/p' > conftest.nm"
ltconfig:1487: i486-TSOL-linux-gnu-gcc -o conftest -O2 -fno-builtin  -static-libgcc conftest.c conftestm.o 1>&5
configure:1843: checking whether to enable maintainer-specific portions of Makefiles
configure:1873: checking host system type
configure:1973: checking whether build environment is sane
configure:2015: checking for gcc
configure:2128: checking whether the C compiler (i486-TSOL-linux-gnu-gcc -O2 -static-libgcc) works
configure:2144: i486-TSOL-linux-gnu-gcc -o conftest -O2  -static-libgcc conftest.c  1>&5
configure:2170: checking whether the C compiler (i486-TSOL-linux-gnu-gcc -O2 -static-libgcc) is a cross-compiler
configure:2175: checking whether we are using GNU C
configure:2203: checking whether i486-TSOL-linux-gnu-gcc accepts -g
configure:2235: checking for POSIXized ISC
configure:2259: checking for i486-TSOL-linux-gnu-gcc option to accept ANSI C
configure:2347: checking for a BSD compatible install
configure:2400: checking whether make sets ${MAKE}
configure:2454: checking for mawk
configure:2488: checking for perl5
configure:2522: checking for indent
configure:2560: checking how to run the C preprocessor
configure:2640: checking for ANSI C header files
configure:2744: checking for working const
configure:2819: checking for inline
configure:2859: checking for off_t
configure:2892: checking for size_t
configure:2927: checking for working alloca.h
configure:2960: checking for alloca
configure:3162: checking for unistd.h
configure:3201: checking for getpagesize
configure:3254: checking for working mmap
configure:3430: checking for argz.h
configure:3430: checking for limits.h
configure:3430: checking for locale.h
configure:3430: checking for nl_types.h
configure:3430: checking for malloc.h
configure:3430: checking for string.h
configure:3430: checking for unistd.h
configure:3430: checking for sys/param.h
configure:3470: checking for getcwd
configure:3470: checking for munmap
configure:3470: checking for putenv
configure:3470: checking for setenv
configure:3470: checking for setlocale
configure:3470: checking for strchr
configure:3470: checking for strcasecmp
configure:3470: checking for strdup
configure:3470: checking for __argz_count
configure:3470: checking for __argz_stringify
configure:3470: checking for __argz_next
configure:3589: checking for LC_MESSAGES
configure:3622: checking whether NLS is requested
configure:3654: checking for libintl.h
configure:3681: checking for gettext in libc
configure:3807: checking for msgfmt
configure:3841: checking for dcgettext
configure:3896: checking for gmsgfmt
configure:3932: checking for xgettext
configure:3972: i486-TSOL-linux-gnu-gcc -o conftest -O2 -Wall  -static-libgcc conftest.c  1>&5
configure:4248: checking for catalogs to be installed
configure:4351: checking for gettext
configure:4452: checking for extra flags to get ANSI library prototypes
configure:4465: i486-TSOL-linux-gnu-gcc -o conftest -O2 -Wall  -static-libgcc conftest.c  -lm 1>&5
configure:4506: checking for extra flags for POSIX compliance
configure:4515: i486-TSOL-linux-gnu-gcc -c -O2 -Wall  conftest.c 1>&5
configure: In function 'main':
configure:4511:6: warning: unused variable 'dir' [-Wunused-variable]
configure:4608: checking for glib-config
configure:4643: checking for GLIB - version >= 1.2.0
configure:4882: checking for X
configure:5196: checking for dnet_ntoa in -ldnet
configure:5237: checking for dnet_ntoa in -ldnet_stub
configure:5285: checking for gethostbyname
configure:5383: checking for connect
configure:5475: checking for remove
configure:5567: checking for shmat
configure:5668: checking for IceConnectionNumber in -lICE
configure:5731: checking for XOpenDisplay in -lX11
configure:5775: checking for XShmAttach in -lXext
configure:5861: checking for XShapeCombineMask in -lXext
configure:5910: checking for XConvertCase in -lX11
configure:5956: checking for XUnregisterIMInstantiateCallback in -lX11
configure:6060: checking for sys/ipc.h
configure:6097: checking for sys/shm.h
configure:6135: checking X11/extensions/XShm.h
configure:6156: checking need -DX_LOCALE
configure:6174: i486-TSOL-linux-gnu-gcc -o conftest -O2 -Wall  -static-libgcc conftest.c  1>&5
configure:6194: checking for ANSI C header files
configure:6300: checking for working const
configure:6377: checking return type of signal handlers
configure:6421: checking for unistd.h
configure:6460: checking for getpagesize
configure:6513: checking for working mmap
configure:6686: checking for fd_set
configure:6695: i486-TSOL-linux-gnu-gcc -c -O2 -Wall  conftest.c 1>&5
configure: In function 'main':
configure:6691:18: warning: unused variable 'writeMask' [-Wunused-variable]
configure:6691:8: warning: unused variable 'readMask' [-Wunused-variable]
configure:6838: checking for wchar.h
configure:6845: i486-TSOL-linux-gnu-gcc -E  conftest.c >/dev/null 2>conftest.out
configure:6870: checking for wctype.h
configure:6877: i486-TSOL-linux-gnu-gcc -E  conftest.c >/dev/null 2>conftest.out
configure:6902: checking for iswalnum
configure:6994: checking if iswalnum() and friends are properly defined
configure:7016: i486-TSOL-linux-gnu-gcc -o conftest -O2 -Wall  -static-libgcc conftest.c   1>&5
configure: In function 'main':
configure:7011:1: warning: implicit declaration of function 'isalnum' [-Wimplicit-function-declaration]
configure:7011:1: warning: statement with no effect [-Wunused-value]
