This file contains any messages produced by compilers while
running configure, to aid debugging if configure makes a mistake.

It was created by FreeType configure 2.4.12, which was
generated by GNU Autoconf 2.69.  Invocation command line was

  $ ./configure --prefix=/usr

## --------- ##
## Platform. ##
## --------- ##

hostname = ubuntu4
uname -m = i686
uname -r = 3.2.16-030216-generic
uname -s = Linux
uname -v = #201204221935 SMP Sun Apr 22 23:42:49 UTC 2012

/usr/bin/uname -p = unknown
/bin/uname -X     = unknown

/bin/arch              = unknown
/usr/bin/arch -k       = unknown
/usr/convex/getsysinfo = unknown
/usr/bin/hostinfo      = unknown
/bin/machine           = unknown
/usr/bin/oslevel       = unknown
/bin/universe          = unknown

PATH: /source/docbook-xsl-1.76.1/tools/bin
PATH: /bin
PATH: /sbin
PATH: /usr/bin
PATH: /usr/sbin
PATH: /usr/bin/X11
PATH: /usr/local/bin
PATH: /toolchain/bin
PATH: /toolchain/i486-TSOL-linux-gnu/bin/
PATH: /root/.local/bin
PATH: /usr/xorg/bin


## ----------- ##
## Core tests. ##
## ----------- ##

configure:2480: checking build system type
configure:2494: result: i686-pc-linux-gnu
configure:2514: checking host system type
configure:2527: result: i686-pc-linux-gnu
configure:2599: checking for gcc
configure:2626: result: i486-TSOL-linux-gnu-gcc
configure:2855: checking for C compiler version
configure:2864: i486-TSOL-linux-gnu-gcc --version >&5
i486-TSOL-linux-gnu-gcc (crosstool-NG 1.15.2) 4.6.3
Copyright (C) 2011 Free Software Foundation, Inc.
This is free software; see the source for copying conditions.  There is NO
warranty; not even for MERCHANTABILITY or FITNESS FOR A PARTICULAR PURPOSE.

configure:2875: $? = 0
configure:2864: i486-TSOL-linux-gnu-gcc -v >&5
Using built-in specs.
COLLECT_GCC=i486-TSOL-linux-gnu-gcc
COLLECT_LTO_WRAPPER=/toolchain/libexec/gcc/i486-TSOL-linux-gnu/4.6.3/lto-wrapper
Target: i486-TSOL-linux-gnu
Configured with: /TSOL/crosstool-ng-1.15.2/bin/.build/src/gcc-4.6.3/configure --build=i686-build_pc-linux-gnu --host=i686-build_pc-linux-gnu --target=i486-TSOL-linux-gnu --prefix=/toolchain --with-sysroot=/toolchain/i486-TSOL-linux-gnu/sysroot --enable-languages=c,c++ --with-arch=i486 --with-pkgversion='crosstool-NG 1.15.2' --enable-__cxa_atexit --disable-libmudflap --disable-libgomp --disable-libssp --with-gmp=/TSOL/crosstool-ng-1.15.2/bin/.build/i486-TSOL-linux-gnu/buildtools --with-mpfr=/TSOL/crosstool-ng-1.15.2/bin/.build/i486-TSOL-linux-gnu/buildtools --with-mpc=/TSOL/crosstool-ng-1.15.2/bin/.build/i486-TSOL-linux-gnu/buildtools --with-ppl=/TSOL/crosstool-ng-1.15.2/bin/.build/i486-TSOL-linux-gnu/buildtools --with-cloog=/TSOL/crosstool-ng-1.15.2/bin/.build/i486-TSOL-linux-gnu/buildtools --with-libelf=no --with-host-libstdcxx='-static-libgcc -Wl,-Bstatic,-lstdc++,-Bdynamic -lm -L/TSOL/crosstool-ng-1.15.2/bin/.build/i486-TSOL-linux-gnu/buildtools/lib -lpwl' --enable-threads=posix --enable-target-optspace --disable-multilib --with-local-prefix=/toolchain/i486-TSOL-linux-gnu/sysroot --enable-c99 --enable-long-long
Thread model: posix
gcc version 4.6.3 (crosstool-NG 1.15.2) 
configure:2875: $? = 0
configure:2864: i486-TSOL-linux-gnu-gcc -V >&5
i486-TSOL-linux-gnu-gcc: error: unrecognized option '-V'
i486-TSOL-linux-gnu-gcc: fatal error: no input files
compilation terminated.
configure:2875: $? = 1
configure:2864: i486-TSOL-linux-gnu-gcc -qversion >&5
i486-TSOL-linux-gnu-gcc: error: unrecognized option '-qversion'
i486-TSOL-linux-gnu-gcc: fatal error: no input files
compilation terminated.
configure:2875: $? = 1
configure:2895: checking whether the C compiler works
configure:2917: i486-TSOL-linux-gnu-gcc -Os  -static-libgcc -lm conftest.c  >&5
configure:2921: $? = 0
configure:2969: result: yes
configure:2972: checking for C compiler default output file name
configure:2974: result: a.out
configure:2980: checking for suffix of executables
configure:2987: i486-TSOL-linux-gnu-gcc -o conftest -Os  -static-libgcc -lm conftest.c  >&5
configure:2991: $? = 0
configure:3013: result: 
configure:3035: checking whether we are cross compiling
configure:3043: i486-TSOL-linux-gnu-gcc -o conftest -Os  -static-libgcc -lm conftest.c  >&5
configure:3047: $? = 0
configure:3054: ./conftest
configure:3058: $? = 0
configure:3073: result: no
configure:3078: checking for suffix of object files
configure:3100: i486-TSOL-linux-gnu-gcc -c -Os  conftest.c >&5
configure:3104: $? = 0
configure:3125: result: o
configure:3129: checking whether we are using the GNU C compiler
configure:3148: i486-TSOL-linux-gnu-gcc -c -Os  conftest.c >&5
configure:3148: $? = 0
configure:3157: result: yes
configure:3166: checking whether i486-TSOL-linux-gnu-gcc accepts -g
configure:3186: i486-TSOL-linux-gnu-gcc -c -g  conftest.c >&5
configure:3186: $? = 0
configure:3227: result: yes
configure:3244: checking for i486-TSOL-linux-gnu-gcc option to accept ISO C89
configure:3307: i486-TSOL-linux-gnu-gcc  -c -Os  conftest.c >&5
configure:3307: $? = 0
configure:3320: result: none needed
configure:3345: checking how to run the C preprocessor
configure:3376: i486-TSOL-linux-gnu-gcc -E  conftest.c
configure:3376: $? = 0
configure:3390: i486-TSOL-linux-gnu-gcc -E  conftest.c
conftest.c:9:28: fatal error: ac_nonexistent.h: No such file or directory
compilation terminated.
configure:3390: $? = 1
configure: failed program was:
| /* confdefs.h */
| #define PACKAGE_NAME "FreeType"
| #define PACKAGE_TARNAME "freetype"
| #define PACKAGE_VERSION "2.4.12"
| #define PACKAGE_STRING "FreeType 2.4.12"
| #define PACKAGE_BUGREPORT "freetype@nongnu.org"
| #define PACKAGE_URL ""
| /* end confdefs.h.  */
| #include <ac_nonexistent.h>
configure:3415: result: i486-TSOL-linux-gnu-gcc -E
configure:3435: i486-TSOL-linux-gnu-gcc -E  conftest.c
configure:3435: $? = 0
configure:3449: i486-TSOL-linux-gnu-gcc -E  conftest.c
conftest.c:9:28: fatal error: ac_nonexistent.h: No such file or directory
compilation terminated.
configure:3449: $? = 1
configure: failed program was:
| /* confdefs.h */
| #define PACKAGE_NAME "FreeType"
| #define PACKAGE_TARNAME "freetype"
| #define PACKAGE_VERSION "2.4.12"
| #define PACKAGE_STRING "FreeType 2.4.12"
| #define PACKAGE_BUGREPORT "freetype@nongnu.org"
| #define PACKAGE_URL ""
| /* end confdefs.h.  */
| #include <ac_nonexistent.h>
configure:3642: checking for rmdir
configure:3658: found /bin/rmdir
configure:3669: result: rmdir
configure:3697: checking for a BSD-compatible install
configure:3765: result: /bin/install -c
configure:3789: checking for grep that handles long lines and -e
configure:3847: result: /usr/bin/grep
configure:3852: checking for egrep
configure:3914: result: /usr/bin/grep -E
configure:3919: checking for ANSI C header files
configure:3939: i486-TSOL-linux-gnu-gcc -c -Os  conftest.c >&5
configure:3939: $? = 0
configure:4012: i486-TSOL-linux-gnu-gcc -o conftest -Os  -static-libgcc -lm conftest.c  >&5
configure:4012: $? = 0
configure:4012: ./conftest
configure:4012: $? = 0
configure:4023: result: yes
configure:4036: checking for sys/types.h
configure:4036: i486-TSOL-linux-gnu-gcc -c -Os  conftest.c >&5
configure:4036: $? = 0
configure:4036: result: yes
configure:4036: checking for sys/stat.h
configure:4036: i486-TSOL-linux-gnu-gcc -c -Os  conftest.c >&5
configure:4036: $? = 0
configure:4036: result: yes
configure:4036: checking for stdlib.h
configure:4036: i486-TSOL-linux-gnu-gcc -c -Os  conftest.c >&5
configure:4036: $? = 0
configure:4036: result: yes
configure:4036: checking for string.h
configure:4036: i486-TSOL-linux-gnu-gcc -c -Os  conftest.c >&5
configure:4036: $? = 0
configure:4036: result: yes
configure:4036: checking for memory.h
configure:4036: i486-TSOL-linux-gnu-gcc -c -Os  conftest.c >&5
configure:4036: $? = 0
configure:4036: result: yes
configure:4036: checking for strings.h
configure:4036: i486-TSOL-linux-gnu-gcc -c -Os  conftest.c >&5
configure:4036: $? = 0
configure:4036: result: yes
configure:4036: checking for inttypes.h
configure:4036: i486-TSOL-linux-gnu-gcc -c -Os  conftest.c >&5
configure:4036: $? = 0
configure:4036: result: yes
configure:4036: checking for stdint.h
configure:4036: i486-TSOL-linux-gnu-gcc -c -Os  conftest.c >&5
configure:4036: $? = 0
configure:4036: result: yes
configure:4036: checking for unistd.h
configure:4036: i486-TSOL-linux-gnu-gcc -c -Os  conftest.c >&5
configure:4036: $? = 0
configure:4036: result: yes
configure:4051: checking fcntl.h usability
configure:4051: i486-TSOL-linux-gnu-gcc -c -Os  conftest.c >&5
configure:4051: $? = 0
configure:4051: result: yes
configure:4051: checking fcntl.h presence
configure:4051: i486-TSOL-linux-gnu-gcc -E  conftest.c
configure:4051: $? = 0
configure:4051: result: yes
configure:4051: checking for fcntl.h
configure:4051: result: yes
configure:4051: checking for unistd.h
configure:4051: result: yes
configure:4065: checking for an ANSI C-conforming const
configure:4131: i486-TSOL-linux-gnu-gcc -c -Os  conftest.c >&5
configure:4131: $? = 0
configure:4138: result: yes
configure:4150: checking size of int
configure:4155: i486-TSOL-linux-gnu-gcc -o conftest -Os  -static-libgcc -lm conftest.c  >&5
configure:4155: $? = 0
configure:4155: ./conftest
configure:4155: $? = 0
configure:4169: result: 4
configure:4183: checking size of long
configure:4188: i486-TSOL-linux-gnu-gcc -o conftest -Os  -static-libgcc -lm conftest.c  >&5
configure:4188: $? = 0
configure:4188: ./conftest
configure:4188: $? = 0
configure:4202: result: 4
configure:4216: checking whether cpp computation of bit length in ftconfig.in works
configure:4273: result: yes
configure:4311: checking for stdlib.h
configure:4311: result: yes
configure:4311: checking for unistd.h
configure:4311: result: yes
configure:4311: checking for sys/param.h
configure:4311: i486-TSOL-linux-gnu-gcc -c -Os  conftest.c >&5
configure:4311: $? = 0
configure:4311: result: yes
configure:4331: checking for getpagesize
configure:4331: i486-TSOL-linux-gnu-gcc -o conftest -Os  -static-libgcc -lm conftest.c  >&5
configure:4331: $? = 0
configure:4331: result: yes
configure:4340: checking for working mmap
configure:4487: i486-TSOL-linux-gnu-gcc -o conftest -Os  -static-libgcc -lm conftest.c  >&5
configure:4487: $? = 0
configure:4487: ./conftest
configure:4487: $? = 0
configure:4497: result: yes
configure:4513: checking whether munmap is declared
configure:4513: i486-TSOL-linux-gnu-gcc -c -Os  conftest.c >&5
configure:4513: $? = 0
configure:4513: result: yes
configure:4533: checking for munmap's first parameter type
configure:4547: i486-TSOL-linux-gnu-gcc -c -Os  conftest.c >&5
configure:4547: $? = 0
configure:4548: result: void *
configure:4565: checking for memcpy
configure:4565: i486-TSOL-linux-gnu-gcc -o conftest -Os  -static-libgcc -lm conftest.c  >&5
conftest.c:53:6: warning: conflicting types for built-in function 'memcpy' [enabled by default]
configure:4565: $? = 0
configure:4565: result: yes
configure:4565: checking for memmove
configure:4565: i486-TSOL-linux-gnu-gcc -o conftest -Os  -static-libgcc -lm conftest.c  >&5
conftest.c:54:6: warning: conflicting types for built-in function 'memmove' [enabled by default]
configure:4565: $? = 0
configure:4565: result: yes
configure:4588: checking gcc compiler flag -pedantic to assure ANSI C works correctly
configure:4605: i486-TSOL-linux-gnu-gcc -c -Os  -pedantic  conftest.c >&5
configure:4605: $? = 0
configure:4607: result: ok, add it to XX_ANSIFLAGS
configure:4588: checking gcc compiler flag -ansi to assure ANSI C works correctly
configure:4605: i486-TSOL-linux-gnu-gcc -c -Os  -pedantic -ansi  conftest.c >&5
configure:4605: $? = 0
configure:4607: result: ok, add it to XX_ANSIFLAGS
configure:4647: checking for gzsetparams in -lz
configure:4672: i486-TSOL-linux-gnu-gcc -o conftest -Os  -static-libgcc -lm conftest.c -lz   >&5
configure:4672: $? = 0
configure:4681: result: yes
configure:4684: checking zlib.h usability
configure:4684: i486-TSOL-linux-gnu-gcc -c -Os  conftest.c >&5
configure:4684: $? = 0
configure:4684: result: yes
configure:4684: checking zlib.h presence
configure:4684: i486-TSOL-linux-gnu-gcc -E  conftest.c
configure:4684: $? = 0
configure:4684: result: yes
configure:4684: checking for zlib.h
configure:4684: result: yes
configure:4707: checking for BZ2_bzDecompress in -lbz2
configure:4732: i486-TSOL-linux-gnu-gcc -o conftest -Os  -static-libgcc -lm conftest.c -lbz2   >&5
configure:4732: $? = 0
configure:4741: result: yes
configure:4744: checking bzlib.h usability
configure:4744: i486-TSOL-linux-gnu-gcc -c -Os  conftest.c >&5
configure:4744: $? = 0
configure:4744: result: yes
configure:4744: checking bzlib.h presence
configure:4744: i486-TSOL-linux-gnu-gcc -E  conftest.c
configure:4744: $? = 0
configure:4744: result: yes
configure:4744: checking for bzlib.h
configure:4744: result: yes
configure:5389: checking how to print strings
configure:5416: result: printf
configure:5437: checking for a sed that does not truncate output
configure:5501: result: /usr/bin/sed
configure:5519: checking for fgrep
configure:5581: result: /usr/bin/grep -F
configure:5616: checking for ld used by i486-TSOL-linux-gnu-gcc
configure:5683: result: i486-TSOL-linux-gnu-ld
configure:5690: checking if the linker (i486-TSOL-linux-gnu-ld) is GNU ld
configure:5705: result: yes
configure:5717: checking for BSD- or MS-compatible name lister (nm)
configure:5766: result: /toolchain/i486-TSOL-linux-gnu/bin//nm -B
configure:5896: checking the name lister (/toolchain/i486-TSOL-linux-gnu/bin//nm -B) interface
configure:5903: i486-TSOL-linux-gnu-gcc -c -Os  conftest.c >&5
configure:5906: /toolchain/i486-TSOL-linux-gnu/bin//nm -B "conftest.o"
configure:5909: output
00000000 B some_variable
configure:5916: result: BSD nm
configure:5919: checking whether ln -s works
configure:5923: result: yes
configure:5931: checking the maximum length of command line arguments
configure:6061: result: 1572864
configure:6078: checking whether the shell understands some XSI constructs
configure:6088: result: yes
configure:6092: checking whether the shell understands "+="
configure:6098: result: yes
configure:6133: checking how to convert i686-pc-linux-gnu file names to i686-pc-linux-gnu format
configure:6173: result: func_convert_file_noop
configure:6180: checking how to convert i686-pc-linux-gnu file names to toolchain format
configure:6200: result: func_convert_file_noop
configure:6207: checking for i486-TSOL-linux-gnu-ld option to reload object files
configure:6214: result: -r
configure:6288: checking for objdump
configure:6304: found /toolchain/i486-TSOL-linux-gnu/bin//objdump
configure:6315: result: objdump
configure:6344: checking how to recognize dependent libraries
configure:6546: result: pass_all
configure:6631: checking for dlltool
configure:6661: result: no
configure:6688: checking how to associate runtime and link libraries
configure:6715: result: printf %s\n
configure:6775: checking for ar
configure:6791: found /toolchain/i486-TSOL-linux-gnu/bin//ar
configure:6802: result: ar
configure:6839: checking for archiver @FILE support
configure:6856: i486-TSOL-linux-gnu-gcc -c -Os  conftest.c >&5
configure:6856: $? = 0
configure:6859: ar cru libconftest.a @conftest.lst >&5
configure:6862: $? = 0
configure:6867: ar cru libconftest.a @conftest.lst >&5
ar: conftest.o: No such file or directory
configure:6870: $? = 1
configure:6882: result: @
configure:6940: checking for strip
configure:6956: found /toolchain/i486-TSOL-linux-gnu/bin//strip
configure:6967: result: strip
configure:7039: checking for ranlib
configure:7055: found /toolchain/i486-TSOL-linux-gnu/bin//ranlib
configure:7066: result: ranlib
configure:7143: checking for gawk
configure:7159: found /usr/bin/gawk
configure:7170: result: gawk
configure:7210: checking command to parse /toolchain/i486-TSOL-linux-gnu/bin//nm -B output from i486-TSOL-linux-gnu-gcc object
configure:7330: i486-TSOL-linux-gnu-gcc -c -Os  conftest.c >&5
configure:7333: $? = 0
configure:7337: /toolchain/i486-TSOL-linux-gnu/bin//nm -B conftest.o \| sed -n -e 's/^.*[ ]\([ABCDGIRSTW][ABCDGIRSTW]*\)[ ][ ]*\([_A-Za-z][_A-Za-z0-9]*\)$/\1 \2 \2/p' | sed '/ __gnu_lto/d' \> conftest.nm
configure:7340: $? = 0
configure:7406: i486-TSOL-linux-gnu-gcc -o conftest -Os  -static-libgcc -lm conftest.c conftstm.o >&5
configure:7409: $? = 0
configure:7447: result: ok
configure:7484: checking for sysroot
configure:7514: result: no
configure:7770: checking for mt
configure:7800: result: no
configure:7820: checking if : is a manifest tool
configure:7826: : '-?'
configure:7834: result: no
configure:8473: checking for dlfcn.h
configure:8473: i486-TSOL-linux-gnu-gcc -c -Os  conftest.c >&5
configure:8473: $? = 0
configure:8473: result: yes
configure:8977: checking for objdir
configure:8992: result: .libs
configure:9259: checking if i486-TSOL-linux-gnu-gcc supports -fno-rtti -fno-exceptions
configure:9277: i486-TSOL-linux-gnu-gcc -c -Os  -fno-rtti -fno-exceptions conftest.c >&5
cc1: warning: command line option '-fno-rtti' is valid for C++/ObjC++ but not for C [enabled by default]
configure:9281: $? = 0
configure:9294: result: no
configure:9621: checking for i486-TSOL-linux-gnu-gcc option to produce PIC
configure:9628: result: -fPIC -DPIC
configure:9636: checking if i486-TSOL-linux-gnu-gcc PIC flag -fPIC -DPIC works
configure:9654: i486-TSOL-linux-gnu-gcc -c -Os  -fPIC -DPIC -DPIC conftest.c >&5
configure:9658: $? = 0
configure:9671: result: yes
configure:9700: checking if i486-TSOL-linux-gnu-gcc static flag -static works
configure:9728: result: yes
configure:9743: checking if i486-TSOL-linux-gnu-gcc supports -c -o file.o
configure:9764: i486-TSOL-linux-gnu-gcc -c -Os  -o out/conftest2.o conftest.c >&5
configure:9768: $? = 0
configure:9790: result: yes
configure:9798: checking if i486-TSOL-linux-gnu-gcc supports -c -o file.o
configure:9845: result: yes
configure:9878: checking whether the i486-TSOL-linux-gnu-gcc linker (i486-TSOL-linux-gnu-ld) supports shared libraries
configure:11031: result: yes
configure:11068: checking whether -lc should be explicitly linked in
configure:11076: i486-TSOL-linux-gnu-gcc -c -Os  conftest.c >&5
configure:11079: $? = 0
configure:11094: i486-TSOL-linux-gnu-gcc -shared  -fPIC -DPIC conftest.o  -v -Wl,-soname -Wl,conftest -o conftest 2\>\&1 \| /usr/bin/grep  -lc  \>/dev/null 2\>\&1
configure:11097: $? = 0
configure:11111: result: no
configure:11271: checking dynamic linker characteristics
configure:11782: i486-TSOL-linux-gnu-gcc -o conftest -Os  -static-libgcc -lm -Wl,-rpath -Wl,/foo conftest.c  >&5
configure:11782: $? = 0
configure:12004: result: GNU/Linux ld.so
configure:12111: checking how to hardcode library paths into programs
configure:12136: result: immediate
configure:12676: checking whether stripping libraries is possible
configure:12681: result: yes
configure:12716: checking if libtool supports shared libraries
configure:12718: result: yes
configure:12721: checking whether to build shared libraries
configure:12742: result: yes
configure:12745: checking whether to build static libraries
configure:12749: result: yes
configure:12938: creating ./config.status

## ---------------------- ##
## Running config.status. ##
## ---------------------- ##

This file was extended by FreeType config.status 2.4.12, which was
generated by GNU Autoconf 2.69.  Invocation command line was

  CONFIG_FILES    = 
  CONFIG_HEADERS  = 
  CONFIG_LINKS    = 
  CONFIG_COMMANDS = 
  $ ./config.status 

on ubuntu4

config.status:1070: creating unix-cc.mk
config.status:1070: creating unix-def.mk
config.status:1070: creating ftconfig.h
config.status:1259: executing libtool commands

## ---------------- ##
## Cache variables. ##
## ---------------- ##

ac_cv_build=i686-pc-linux-gnu
ac_cv_c_compiler_gnu=yes
ac_cv_c_const=yes
ac_cv_env_CC_set=set
ac_cv_env_CC_value=i486-TSOL-linux-gnu-gcc
ac_cv_env_CFLAGS_set=set
ac_cv_env_CFLAGS_value=-Os
ac_cv_env_CPPFLAGS_set=
ac_cv_env_CPPFLAGS_value=
ac_cv_env_CPP_set=
ac_cv_env_CPP_value=
ac_cv_env_LDFLAGS_set=set
ac_cv_env_LDFLAGS_value='-static-libgcc -lm'
ac_cv_env_LIBS_set=
ac_cv_env_LIBS_value=
ac_cv_env_build_alias_set=
ac_cv_env_build_alias_value=
ac_cv_env_host_alias_set=
ac_cv_env_host_alias_value=
ac_cv_env_target_alias_set=
ac_cv_env_target_alias_value=
ac_cv_func_getpagesize=yes
ac_cv_func_memcpy=yes
ac_cv_func_memmove=yes
ac_cv_func_mmap_fixed_mapped=yes
ac_cv_have_decl_munmap=yes
ac_cv_header_bzlib_h=yes
ac_cv_header_dlfcn_h=yes
ac_cv_header_fcntl_h=yes
ac_cv_header_inttypes_h=yes
ac_cv_header_memory_h=yes
ac_cv_header_stdc=yes
ac_cv_header_stdint_h=yes
ac_cv_header_stdlib_h=yes
ac_cv_header_string_h=yes
ac_cv_header_strings_h=yes
ac_cv_header_sys_param_h=yes
ac_cv_header_sys_stat_h=yes
ac_cv_header_sys_types_h=yes
ac_cv_header_unistd_h=yes
ac_cv_header_zlib_h=yes
ac_cv_host=i686-pc-linux-gnu
ac_cv_lib_bz2_BZ2_bzDecompress=yes
ac_cv_lib_z_gzsetparams=yes
ac_cv_objext=o
ac_cv_path_EGREP='/usr/bin/grep -E'
ac_cv_path_FGREP='/usr/bin/grep -F'
ac_cv_path_GREP=/usr/bin/grep
ac_cv_path_SED=/usr/bin/sed
ac_cv_path_install='/bin/install -c'
ac_cv_prog_AWK=gawk
ac_cv_prog_CPP='i486-TSOL-linux-gnu-gcc -E'
ac_cv_prog_RMDIR=rmdir
ac_cv_prog_ac_ct_AR=ar
ac_cv_prog_ac_ct_CC=i486-TSOL-linux-gnu-gcc
ac_cv_prog_ac_ct_OBJDUMP=objdump
ac_cv_prog_ac_ct_RANLIB=ranlib
ac_cv_prog_ac_ct_STRIP=strip
ac_cv_prog_cc_c89=
ac_cv_prog_cc_g=yes
ac_cv_sizeof_int=4
ac_cv_sizeof_long=4
lt_cv_ar_at_file=@
lt_cv_archive_cmds_need_lc=no
lt_cv_deplibs_check_method=pass_all
lt_cv_file_magic_cmd='$MAGIC_CMD'
lt_cv_file_magic_test_file=
lt_cv_ld_reload_flag=-r
lt_cv_nm_interface='BSD nm'
lt_cv_objdir=.libs
lt_cv_path_LD=i486-TSOL-linux-gnu-ld
lt_cv_path_NM='/toolchain/i486-TSOL-linux-gnu/bin//nm -B'
lt_cv_path_mainfest_tool=no
lt_cv_prog_compiler_c_o=yes
lt_cv_prog_compiler_pic='-fPIC -DPIC'
lt_cv_prog_compiler_pic_works=yes
lt_cv_prog_compiler_rtti_exceptions=no
lt_cv_prog_compiler_static_works=yes
lt_cv_prog_gnu_ld=yes
lt_cv_sharedlib_from_linklib_cmd='printf %s\n'
lt_cv_shlibpath_overrides_runpath=yes
lt_cv_sys_global_symbol_pipe='sed -n -e '\''s/^.*[	 ]\([ABCDGIRSTW][ABCDGIRSTW]*\)[	 ][	 ]*\([_A-Za-z][_A-Za-z0-9]*\)$/\1 \2 \2/p'\'' | sed '\''/ __gnu_lto/d'\'''
lt_cv_sys_global_symbol_to_c_name_address='sed -n -e '\''s/^: \([^ ]*\)[ ]*$/  {\"\1\", (void *) 0},/p'\'' -e '\''s/^[ABCDGIRSTW]* \([^ ]*\) \([^ ]*\)$/  {"\2", (void *) \&\2},/p'\'''
lt_cv_sys_global_symbol_to_c_name_address_lib_prefix='sed -n -e '\''s/^: \([^ ]*\)[ ]*$/  {\"\1\", (void *) 0},/p'\'' -e '\''s/^[ABCDGIRSTW]* \([^ ]*\) \(lib[^ ]*\)$/  {"\2", (void *) \&\2},/p'\'' -e '\''s/^[ABCDGIRSTW]* \([^ ]*\) \([^ ]*\)$/  {"lib\2", (void *) \&\2},/p'\'''
lt_cv_sys_global_symbol_to_cdecl='sed -n -e '\''s/^T .* \(.*\)$/extern int \1();/p'\'' -e '\''s/^[ABCDGIRSTW]* .* \(.*\)$/extern char \1;/p'\'''
lt_cv_sys_max_cmd_len=1572864
lt_cv_to_host_file_cmd=func_convert_file_noop
lt_cv_to_tool_file_cmd=func_convert_file_noop

## ----------------- ##
## Output variables. ##
## ----------------- ##

AR='ar'
AS='as'
AWK='gawk'
CC='i486-TSOL-linux-gnu-gcc'
CC_BUILD='i486-TSOL-linux-gnu-gcc'
CFLAGS='-Os -DFT_CONFIG_OPTION_SYSTEM_ZLIB -DFT_CONFIG_OPTION_USE_BZIP2'
CPP='i486-TSOL-linux-gnu-gcc -E'
CPPFLAGS=''
DEFS='-DHAVE_CONFIG_H'
DLLTOOL='false'
DSYMUTIL=''
DUMPBIN=''
ECHO_C=''
ECHO_N='-n'
ECHO_T=''
EGREP='/usr/bin/grep -E'
EXEEXT=''
EXEEXT_BUILD=''
FGREP='/usr/bin/grep -F'
FT2_EXTRA_LIBS=''
FTSYS_SRC='$(BUILD_DIR)/ftsystem.c'
GREP='/usr/bin/grep'
INSTALL_DATA='${INSTALL} -m 644'
INSTALL_PROGRAM='${INSTALL}'
INSTALL_SCRIPT='${INSTALL}'
LD='i486-TSOL-linux-gnu-ld'
LDFLAGS='-static-libgcc -lm -lz -lbz2'
LIBBZ2='-lbz2'
LIBOBJS=''
LIBS=''
LIBTOOL='$(SHELL) $(top_builddir)/libtool'
LIBZ='-lz'
LIPO=''
LN_S='ln -s'
LTLIBOBJS=''
MANIFEST_TOOL=':'
NM='/toolchain/i486-TSOL-linux-gnu/bin//nm -B'
NMEDIT=''
OBJDUMP='objdump'
OBJEXT='o'
OTOOL64=''
OTOOL=''
PACKAGE_BUGREPORT='freetype@nongnu.org'
PACKAGE_NAME='FreeType'
PACKAGE_STRING='FreeType 2.4.12'
PACKAGE_TARNAME='freetype'
PACKAGE_URL=''
PACKAGE_VERSION='2.4.12'
PATH_SEPARATOR=':'
RANLIB='ranlib'
RMDIR='rmdir'
SED='/usr/bin/sed'
SHELL='/bin/sh'
STRIP='strip'
SYSTEM_ZLIB='yes'
XX_ANSIFLAGS=' -pedantic -ansi'
XX_CFLAGS='-Wall'
ac_ct_AR='ar'
ac_ct_CC='i486-TSOL-linux-gnu-gcc'
ac_ct_DUMPBIN=''
bindir='${exec_prefix}/bin'
build='i686-pc-linux-gnu'
build_alias=''
build_cpu='i686'
build_libtool_libs=''
build_os='linux-gnu'
build_vendor='pc'
datadir='${datarootdir}'
datarootdir='${prefix}/share'
docdir='${datarootdir}/doc/${PACKAGE_TARNAME}'
dvidir='${docdir}'
exec_prefix='${prefix}'
ft_version='16.1.10'
ftmac_c=''
hardcode_libdir_flag_spec='${wl}-rpath ${wl}$libdir'
host='i686-pc-linux-gnu'
host_alias=''
host_cpu='i686'
host_os='linux-gnu'
host_vendor='pc'
htmldir='${docdir}'
includedir='${prefix}/include'
infodir='${datarootdir}/info'
libdir='${exec_prefix}/lib'
libexecdir='${exec_prefix}/libexec'
localedir='${datarootdir}/locale'
localstatedir='${prefix}/var'
mandir='${datarootdir}/man'
oldincludedir='/usr/include'
pdfdir='${docdir}'
prefix='/usr'
program_transform_name='s,x,x,'
psdir='${docdir}'
sbindir='${exec_prefix}/sbin'
sharedstatedir='${prefix}/com'
sysconfdir='${prefix}/etc'
target_alias=''
version_info='16:1:10'
wl='-Wl,'

## ----------- ##
## confdefs.h. ##
## ----------- ##

/* confdefs.h */
#define PACKAGE_NAME "FreeType"
#define PACKAGE_TARNAME "freetype"
#define PACKAGE_VERSION "2.4.12"
#define PACKAGE_STRING "FreeType 2.4.12"
#define PACKAGE_BUGREPORT "freetype@nongnu.org"
#define PACKAGE_URL ""
#define STDC_HEADERS 1
#define HAVE_SYS_TYPES_H 1
#define HAVE_SYS_STAT_H 1
#define HAVE_STDLIB_H 1
#define HAVE_STRING_H 1
#define HAVE_MEMORY_H 1
#define HAVE_STRINGS_H 1
#define HAVE_INTTYPES_H 1
#define HAVE_STDINT_H 1
#define HAVE_UNISTD_H 1
#define HAVE_FCNTL_H 1
#define HAVE_UNISTD_H 1
#define SIZEOF_INT 4
#define SIZEOF_LONG 4
#define HAVE_STDLIB_H 1
#define HAVE_UNISTD_H 1
#define HAVE_SYS_PARAM_H 1
#define HAVE_GETPAGESIZE 1
#define HAVE_MMAP 1
#define HAVE_DECL_MUNMAP 1
#define MUNMAP_USES_VOIDP /**/
#define HAVE_MEMCPY 1
#define HAVE_MEMMOVE 1
#define HAVE_DLFCN_H 1
#define LT_OBJDIR ".libs/"

configure: exit 0
