Determining if files sys/modem.h exist failed with the following output:
Change Dir: /source/clients/freerdp-git-30112012/CMakeFiles/CMakeTmp

Run Build Command:/usr/bin/make "cmTryCompileExec1774713678/fast"
/usr/bin/make -f CMakeFiles/cmTryCompileExec1774713678.dir/build.make CMakeFiles/cmTryCompileExec1774713678.dir/build
make[1]: Entering directory `/source/clients/freerdp-git-30112012/CMakeFiles/CMakeTmp'
/usr/bin/cmake -E cmake_progress_report /source/clients/freerdp-git-30112012/CMakeFiles/CMakeTmp/CMakeFiles 1
Building C object CMakeFiles/cmTryCompileExec1774713678.dir/CheckIncludeFiles.c.o
/toolchain/bin/i486-TSOL-linux-gnu-gcc   -O2  -Wall -Wno-unused-result -Wno-unused-but-set-variable -Wno-deprecated-declarations -O2 -msse2 -DWINPR_EXPORTS -DFREERDP_EXPORTS     -o CMakeFiles/cmTryCompileExec1774713678.dir/CheckIncludeFiles.c.o   -c /source/clients/freerdp-git-30112012/CMakeFiles/CMakeTmp/CheckIncludeFiles.c
/source/clients/freerdp-git-30112012/CMakeFiles/CMakeTmp/CheckIncludeFiles.c:2:23: fatal error: sys/modem.h: No such file or directory
compilation terminated.
make[1]: Leaving directory `/source/clients/freerdp-git-30112012/CMakeFiles/CMakeTmp'
make[1]: *** [CMakeFiles/cmTryCompileExec1774713678.dir/CheckIncludeFiles.c.o] Error 1
make: *** [cmTryCompileExec1774713678/fast] Error 2

Source:
/* */
#include <sys/modem.h>


int main(){return 0;}

Determining if files sys/filio.h exist failed with the following output:
Change Dir: /source/clients/freerdp-git-30112012/CMakeFiles/CMakeTmp

Run Build Command:/usr/bin/make "cmTryCompileExec874071052/fast"
/usr/bin/make -f CMakeFiles/cmTryCompileExec874071052.dir/build.make CMakeFiles/cmTryCompileExec874071052.dir/build
make[1]: Entering directory `/source/clients/freerdp-git-30112012/CMakeFiles/CMakeTmp'
/usr/bin/cmake -E cmake_progress_report /source/clients/freerdp-git-30112012/CMakeFiles/CMakeTmp/CMakeFiles 1
Building C object CMakeFiles/cmTryCompileExec874071052.dir/CheckIncludeFiles.c.o
/toolchain/bin/i486-TSOL-linux-gnu-gcc   -O2  -Wall -Wno-unused-result -Wno-unused-but-set-variable -Wno-deprecated-declarations -O2 -msse2 -DWINPR_EXPORTS -DFREERDP_EXPORTS     -o CMakeFiles/cmTryCompileExec874071052.dir/CheckIncludeFiles.c.o   -c /source/clients/freerdp-git-30112012/CMakeFiles/CMakeTmp/CheckIncludeFiles.c
/source/clients/freerdp-git-30112012/CMakeFiles/CMakeTmp/CheckIncludeFiles.c:2:23: fatal error: sys/filio.h: No such file or directory
compilation terminated.
make[1]: Leaving directory `/source/clients/freerdp-git-30112012/CMakeFiles/CMakeTmp'
make[1]: *** [CMakeFiles/cmTryCompileExec874071052.dir/CheckIncludeFiles.c.o] Error 1
make: *** [cmTryCompileExec874071052/fast] Error 2

Source:
/* */
#include <sys/filio.h>


int main(){return 0;}

Determining if files sys/strtio.h exist failed with the following output:
Change Dir: /source/clients/freerdp-git-30112012/CMakeFiles/CMakeTmp

Run Build Command:/usr/bin/make "cmTryCompileExec4019603316/fast"
/usr/bin/make -f CMakeFiles/cmTryCompileExec4019603316.dir/build.make CMakeFiles/cmTryCompileExec4019603316.dir/build
make[1]: Entering directory `/source/clients/freerdp-git-30112012/CMakeFiles/CMakeTmp'
/usr/bin/cmake -E cmake_progress_report /source/clients/freerdp-git-30112012/CMakeFiles/CMakeTmp/CMakeFiles 1
Building C object CMakeFiles/cmTryCompileExec4019603316.dir/CheckIncludeFiles.c.o
/toolchain/bin/i486-TSOL-linux-gnu-gcc   -O2  -Wall -Wno-unused-result -Wno-unused-but-set-variable -Wno-deprecated-declarations -O2 -msse2 -DWINPR_EXPORTS -DFREERDP_EXPORTS     -o CMakeFiles/cmTryCompileExec4019603316.dir/CheckIncludeFiles.c.o   -c /source/clients/freerdp-git-30112012/CMakeFiles/CMakeTmp/CheckIncludeFiles.c
/source/clients/freerdp-git-30112012/CMakeFiles/CMakeTmp/CheckIncludeFiles.c:2:24: fatal error: sys/strtio.h: No such file or directory
compilation terminated.
make[1]: Leaving directory `/source/clients/freerdp-git-30112012/CMakeFiles/CMakeTmp'
make[1]: *** [CMakeFiles/cmTryCompileExec4019603316.dir/CheckIncludeFiles.c.o] Error 1
make: *** [cmTryCompileExec4019603316/fast] Error 2

Source:
/* */
#include <sys/strtio.h>


int main(){return 0;}

Determining if the pthread_create exist failed with the following output:
Change Dir: /source/clients/freerdp-git-30112012/CMakeFiles/CMakeTmp

Run Build Command:/usr/bin/make "cmTryCompileExec1122830068/fast"
/usr/bin/make -f CMakeFiles/cmTryCompileExec1122830068.dir/build.make CMakeFiles/cmTryCompileExec1122830068.dir/build
make[1]: Entering directory `/source/clients/freerdp-git-30112012/CMakeFiles/CMakeTmp'
/usr/bin/cmake -E cmake_progress_report /source/clients/freerdp-git-30112012/CMakeFiles/CMakeTmp/CMakeFiles 1
Building C object CMakeFiles/cmTryCompileExec1122830068.dir/CheckSymbolExists.c.o
/toolchain/bin/i486-TSOL-linux-gnu-gcc   -O2  -Wall -Wno-unused-result -Wno-unused-but-set-variable -Wno-deprecated-declarations -O2 -msse2 -DWINPR_EXPORTS -DFREERDP_EXPORTS     -o CMakeFiles/cmTryCompileExec1122830068.dir/CheckSymbolExists.c.o   -c /source/clients/freerdp-git-30112012/CMakeFiles/CMakeTmp/CheckSymbolExists.c
Linking C executable cmTryCompileExec1122830068
/usr/bin/cmake -E cmake_link_script CMakeFiles/cmTryCompileExec1122830068.dir/link.txt --verbose=1
/toolchain/bin/i486-TSOL-linux-gnu-gcc   -O2  -Wall -Wno-unused-result -Wno-unused-but-set-variable -Wno-deprecated-declarations -O2 -msse2 -DWINPR_EXPORTS -DFREERDP_EXPORTS     -static-libgcc CMakeFiles/cmTryCompileExec1122830068.dir/CheckSymbolExists.c.o  -o cmTryCompileExec1122830068 -rdynamic 
CMakeFiles/cmTryCompileExec1122830068.dir/CheckSymbolExists.c.o: In function `main':
CheckSymbolExists.c:(.text.startup+0x7): undefined reference to `pthread_create'
collect2: ld returned 1 exit status
make[1]: Leaving directory `/source/clients/freerdp-git-30112012/CMakeFiles/CMakeTmp'
make[1]: *** [cmTryCompileExec1122830068] Error 1
make: *** [cmTryCompileExec1122830068/fast] Error 2

File /source/clients/freerdp-git-30112012/CMakeFiles/CMakeTmp/CheckSymbolExists.c:
/* */
#include <pthread.h>

int main(int argc, char** argv)
{
  (void)argv;
#ifndef pthread_create
  return ((int*)(&pthread_create))[argc];
#else
  (void)argc;
  return 0;
#endif
}

Determining if the function pthread_create exists in the pthreads failed with the following output:
Change Dir: /source/clients/freerdp-git-30112012/CMakeFiles/CMakeTmp

Run Build Command:/usr/bin/make "cmTryCompileExec3381432742/fast"
/usr/bin/make -f CMakeFiles/cmTryCompileExec3381432742.dir/build.make CMakeFiles/cmTryCompileExec3381432742.dir/build
make[1]: Entering directory `/source/clients/freerdp-git-30112012/CMakeFiles/CMakeTmp'
/usr/bin/cmake -E cmake_progress_report /source/clients/freerdp-git-30112012/CMakeFiles/CMakeTmp/CMakeFiles 1
Building C object CMakeFiles/cmTryCompileExec3381432742.dir/CheckFunctionExists.c.o
/toolchain/bin/i486-TSOL-linux-gnu-gcc   -O2  -Wall -Wno-unused-result -Wno-unused-but-set-variable -Wno-deprecated-declarations -O2 -msse2 -DWINPR_EXPORTS -DFREERDP_EXPORTS  -DCHECK_FUNCTION_EXISTS=pthread_create   -o CMakeFiles/cmTryCompileExec3381432742.dir/CheckFunctionExists.c.o   -c /usr/share/cmake-2.8/Modules/CheckFunctionExists.c
Linking C executable cmTryCompileExec3381432742
/usr/bin/cmake -E cmake_link_script CMakeFiles/cmTryCompileExec3381432742.dir/link.txt --verbose=1
/toolchain/bin/i486-TSOL-linux-gnu-gcc   -O2  -Wall -Wno-unused-result -Wno-unused-but-set-variable -Wno-deprecated-declarations -O2 -msse2 -DWINPR_EXPORTS -DFREERDP_EXPORTS  -DCHECK_FUNCTION_EXISTS=pthread_create   -static-libgcc CMakeFiles/cmTryCompileExec3381432742.dir/CheckFunctionExists.c.o  -o cmTryCompileExec3381432742 -rdynamic -lpthreads 
/toolchain/lib/gcc/i486-TSOL-linux-gnu/4.6.3/../../../../i486-TSOL-linux-gnu/bin/ld: cannot find -lpthreads
collect2: ld returned 1 exit status
make[1]: Leaving directory `/source/clients/freerdp-git-30112012/CMakeFiles/CMakeTmp'
make[1]: *** [cmTryCompileExec3381432742] Error 1
make: *** [cmTryCompileExec3381432742/fast] Error 2


Determining if files sys/modem.h exist failed with the following output:
Change Dir: /source/clients/freerdp-git-30112012/CMakeFiles/CMakeTmp

Run Build Command:/usr/bin/make "cmTryCompileExec3682972859/fast"
/usr/bin/make -f CMakeFiles/cmTryCompileExec3682972859.dir/build.make CMakeFiles/cmTryCompileExec3682972859.dir/build
make[1]: Entering directory `/source/clients/freerdp-git-30112012/CMakeFiles/CMakeTmp'
/usr/bin/cmake -E cmake_progress_report /source/clients/freerdp-git-30112012/CMakeFiles/CMakeTmp/CMakeFiles 1
Building C object CMakeFiles/cmTryCompileExec3682972859.dir/CheckIncludeFiles.c.o
/toolchain/bin/i486-TSOL-linux-gnu-gcc   -O2  -Wall -Wno-unused-result -Wno-unused-but-set-variable -Wno-deprecated-declarations -O2 -msse2 -DWINPR_EXPORTS -DFREERDP_EXPORTS     -o CMakeFiles/cmTryCompileExec3682972859.dir/CheckIncludeFiles.c.o   -c /source/clients/freerdp-git-30112012/CMakeFiles/CMakeTmp/CheckIncludeFiles.c
/source/clients/freerdp-git-30112012/CMakeFiles/CMakeTmp/CheckIncludeFiles.c:2:23: fatal error: sys/modem.h: No such file or directory
compilation terminated.
make[1]: Leaving directory `/source/clients/freerdp-git-30112012/CMakeFiles/CMakeTmp'
make[1]: *** [CMakeFiles/cmTryCompileExec3682972859.dir/CheckIncludeFiles.c.o] Error 1
make: *** [cmTryCompileExec3682972859/fast] Error 2

Source:
/* */
#include <sys/modem.h>


int main(){return 0;}

Determining if files sys/filio.h exist failed with the following output:
Change Dir: /source/clients/freerdp-git-30112012/CMakeFiles/CMakeTmp

Run Build Command:/usr/bin/make "cmTryCompileExec2727010678/fast"
/usr/bin/make -f CMakeFiles/cmTryCompileExec2727010678.dir/build.make CMakeFiles/cmTryCompileExec2727010678.dir/build
make[1]: Entering directory `/source/clients/freerdp-git-30112012/CMakeFiles/CMakeTmp'
/usr/bin/cmake -E cmake_progress_report /source/clients/freerdp-git-30112012/CMakeFiles/CMakeTmp/CMakeFiles 1
Building C object CMakeFiles/cmTryCompileExec2727010678.dir/CheckIncludeFiles.c.o
/toolchain/bin/i486-TSOL-linux-gnu-gcc   -O2  -Wall -Wno-unused-result -Wno-unused-but-set-variable -Wno-deprecated-declarations -O2 -msse2 -DWINPR_EXPORTS -DFREERDP_EXPORTS     -o CMakeFiles/cmTryCompileExec2727010678.dir/CheckIncludeFiles.c.o   -c /source/clients/freerdp-git-30112012/CMakeFiles/CMakeTmp/CheckIncludeFiles.c
/source/clients/freerdp-git-30112012/CMakeFiles/CMakeTmp/CheckIncludeFiles.c:2:23: fatal error: sys/filio.h: No such file or directory
compilation terminated.
make[1]: Leaving directory `/source/clients/freerdp-git-30112012/CMakeFiles/CMakeTmp'
make[1]: *** [CMakeFiles/cmTryCompileExec2727010678.dir/CheckIncludeFiles.c.o] Error 1
make: *** [cmTryCompileExec2727010678/fast] Error 2

Source:
/* */
#include <sys/filio.h>


int main(){return 0;}

Determining if files sys/strtio.h exist failed with the following output:
Change Dir: /source/clients/freerdp-git-30112012/CMakeFiles/CMakeTmp

Run Build Command:/usr/bin/make "cmTryCompileExec3463322584/fast"
/usr/bin/make -f CMakeFiles/cmTryCompileExec3463322584.dir/build.make CMakeFiles/cmTryCompileExec3463322584.dir/build
make[1]: Entering directory `/source/clients/freerdp-git-30112012/CMakeFiles/CMakeTmp'
/usr/bin/cmake -E cmake_progress_report /source/clients/freerdp-git-30112012/CMakeFiles/CMakeTmp/CMakeFiles 1
Building C object CMakeFiles/cmTryCompileExec3463322584.dir/CheckIncludeFiles.c.o
/toolchain/bin/i486-TSOL-linux-gnu-gcc   -O2  -Wall -Wno-unused-result -Wno-unused-but-set-variable -Wno-deprecated-declarations -O2 -msse2 -DWINPR_EXPORTS -DFREERDP_EXPORTS     -o CMakeFiles/cmTryCompileExec3463322584.dir/CheckIncludeFiles.c.o   -c /source/clients/freerdp-git-30112012/CMakeFiles/CMakeTmp/CheckIncludeFiles.c
/source/clients/freerdp-git-30112012/CMakeFiles/CMakeTmp/CheckIncludeFiles.c:2:24: fatal error: sys/strtio.h: No such file or directory
compilation terminated.
make[1]: Leaving directory `/source/clients/freerdp-git-30112012/CMakeFiles/CMakeTmp'
make[1]: *** [CMakeFiles/cmTryCompileExec3463322584.dir/CheckIncludeFiles.c.o] Error 1
make: *** [cmTryCompileExec3463322584/fast] Error 2

Source:
/* */
#include <sys/strtio.h>


int main(){return 0;}

Determining if the pthread_create exist failed with the following output:
Change Dir: /source/clients/freerdp-git-30112012/CMakeFiles/CMakeTmp

Run Build Command:/usr/bin/make "cmTryCompileExec847218861/fast"
/usr/bin/make -f CMakeFiles/cmTryCompileExec847218861.dir/build.make CMakeFiles/cmTryCompileExec847218861.dir/build
make[1]: Entering directory `/source/clients/freerdp-git-30112012/CMakeFiles/CMakeTmp'
/usr/bin/cmake -E cmake_progress_report /source/clients/freerdp-git-30112012/CMakeFiles/CMakeTmp/CMakeFiles 1
Building C object CMakeFiles/cmTryCompileExec847218861.dir/CheckSymbolExists.c.o
/toolchain/bin/i486-TSOL-linux-gnu-gcc   -O2  -Wall -Wno-unused-result -Wno-unused-but-set-variable -Wno-deprecated-declarations -O2 -msse2 -DWINPR_EXPORTS -DFREERDP_EXPORTS     -o CMakeFiles/cmTryCompileExec847218861.dir/CheckSymbolExists.c.o   -c /source/clients/freerdp-git-30112012/CMakeFiles/CMakeTmp/CheckSymbolExists.c
Linking C executable cmTryCompileExec847218861
/usr/bin/cmake -E cmake_link_script CMakeFiles/cmTryCompileExec847218861.dir/link.txt --verbose=1
/toolchain/bin/i486-TSOL-linux-gnu-gcc   -O2  -Wall -Wno-unused-result -Wno-unused-but-set-variable -Wno-deprecated-declarations -O2 -msse2 -DWINPR_EXPORTS -DFREERDP_EXPORTS     -static-libgcc CMakeFiles/cmTryCompileExec847218861.dir/CheckSymbolExists.c.o  -o cmTryCompileExec847218861 -rdynamic 
CMakeFiles/cmTryCompileExec847218861.dir/CheckSymbolExists.c.o: In function `main':
CheckSymbolExists.c:(.text.startup+0x7): undefined reference to `pthread_create'
collect2: ld returned 1 exit status
make[1]: Leaving directory `/source/clients/freerdp-git-30112012/CMakeFiles/CMakeTmp'
make[1]: *** [cmTryCompileExec847218861] Error 1
make: *** [cmTryCompileExec847218861/fast] Error 2

File /source/clients/freerdp-git-30112012/CMakeFiles/CMakeTmp/CheckSymbolExists.c:
/* */
#include <pthread.h>

int main(int argc, char** argv)
{
  (void)argv;
#ifndef pthread_create
  return ((int*)(&pthread_create))[argc];
#else
  (void)argc;
  return 0;
#endif
}

Determining if the function pthread_create exists in the pthreads failed with the following output:
Change Dir: /source/clients/freerdp-git-30112012/CMakeFiles/CMakeTmp

Run Build Command:/usr/bin/make "cmTryCompileExec114649931/fast"
/usr/bin/make -f CMakeFiles/cmTryCompileExec114649931.dir/build.make CMakeFiles/cmTryCompileExec114649931.dir/build
make[1]: Entering directory `/source/clients/freerdp-git-30112012/CMakeFiles/CMakeTmp'
/usr/bin/cmake -E cmake_progress_report /source/clients/freerdp-git-30112012/CMakeFiles/CMakeTmp/CMakeFiles 1
Building C object CMakeFiles/cmTryCompileExec114649931.dir/CheckFunctionExists.c.o
/toolchain/bin/i486-TSOL-linux-gnu-gcc   -O2  -Wall -Wno-unused-result -Wno-unused-but-set-variable -Wno-deprecated-declarations -O2 -msse2 -DWINPR_EXPORTS -DFREERDP_EXPORTS  -DCHECK_FUNCTION_EXISTS=pthread_create   -o CMakeFiles/cmTryCompileExec114649931.dir/CheckFunctionExists.c.o   -c /usr/share/cmake-2.8/Modules/CheckFunctionExists.c
Linking C executable cmTryCompileExec114649931
/usr/bin/cmake -E cmake_link_script CMakeFiles/cmTryCompileExec114649931.dir/link.txt --verbose=1
/toolchain/bin/i486-TSOL-linux-gnu-gcc   -O2  -Wall -Wno-unused-result -Wno-unused-but-set-variable -Wno-deprecated-declarations -O2 -msse2 -DWINPR_EXPORTS -DFREERDP_EXPORTS  -DCHECK_FUNCTION_EXISTS=pthread_create   -static-libgcc CMakeFiles/cmTryCompileExec114649931.dir/CheckFunctionExists.c.o  -o cmTryCompileExec114649931 -rdynamic -lpthreads 
/toolchain/lib/gcc/i486-TSOL-linux-gnu/4.6.3/../../../../i486-TSOL-linux-gnu/bin/ld: cannot find -lpthreads
collect2: ld returned 1 exit status
make[1]: Leaving directory `/source/clients/freerdp-git-30112012/CMakeFiles/CMakeTmp'
make[1]: *** [cmTryCompileExec114649931] Error 1
make: *** [cmTryCompileExec114649931/fast] Error 2


Determining if files sys/modem.h exist failed with the following output:
Change Dir: /source/clients/freerdp-git-30112012/CMakeFiles/CMakeTmp

Run Build Command:/usr/bin/make "cmTryCompileExec2940670471/fast"
/usr/bin/make -f CMakeFiles/cmTryCompileExec2940670471.dir/build.make CMakeFiles/cmTryCompileExec2940670471.dir/build
make[1]: Entering directory `/source/clients/freerdp-git-30112012/CMakeFiles/CMakeTmp'
/usr/bin/cmake -E cmake_progress_report /source/clients/freerdp-git-30112012/CMakeFiles/CMakeTmp/CMakeFiles 1
Building C object CMakeFiles/cmTryCompileExec2940670471.dir/CheckIncludeFiles.c.o
/toolchain/bin/i486-TSOL-linux-gnu-gcc   -O2  -march=i686 -Wall -Wno-unused-result -Wno-unused-but-set-variable -Wno-deprecated-declarations -O2 -msse2 -DWINPR_EXPORTS -DFREERDP_EXPORTS     -o CMakeFiles/cmTryCompileExec2940670471.dir/CheckIncludeFiles.c.o   -c /source/clients/freerdp-git-30112012/CMakeFiles/CMakeTmp/CheckIncludeFiles.c
/source/clients/freerdp-git-30112012/CMakeFiles/CMakeTmp/CheckIncludeFiles.c:2:23: fatal error: sys/modem.h: No such file or directory
compilation terminated.
make[1]: Leaving directory `/source/clients/freerdp-git-30112012/CMakeFiles/CMakeTmp'
make[1]: *** [CMakeFiles/cmTryCompileExec2940670471.dir/CheckIncludeFiles.c.o] Error 1
make: *** [cmTryCompileExec2940670471/fast] Error 2

Source:
/* */
#include <sys/modem.h>


int main(){return 0;}

Determining if files sys/filio.h exist failed with the following output:
Change Dir: /source/clients/freerdp-git-30112012/CMakeFiles/CMakeTmp

Run Build Command:/usr/bin/make "cmTryCompileExec1373486354/fast"
/usr/bin/make -f CMakeFiles/cmTryCompileExec1373486354.dir/build.make CMakeFiles/cmTryCompileExec1373486354.dir/build
make[1]: Entering directory `/source/clients/freerdp-git-30112012/CMakeFiles/CMakeTmp'
/usr/bin/cmake -E cmake_progress_report /source/clients/freerdp-git-30112012/CMakeFiles/CMakeTmp/CMakeFiles 1
Building C object CMakeFiles/cmTryCompileExec1373486354.dir/CheckIncludeFiles.c.o
/toolchain/bin/i486-TSOL-linux-gnu-gcc   -O2  -march=i686 -Wall -Wno-unused-result -Wno-unused-but-set-variable -Wno-deprecated-declarations -O2 -msse2 -DWINPR_EXPORTS -DFREERDP_EXPORTS     -o CMakeFiles/cmTryCompileExec1373486354.dir/CheckIncludeFiles.c.o   -c /source/clients/freerdp-git-30112012/CMakeFiles/CMakeTmp/CheckIncludeFiles.c
/source/clients/freerdp-git-30112012/CMakeFiles/CMakeTmp/CheckIncludeFiles.c:2:23: fatal error: sys/filio.h: No such file or directory
compilation terminated.
make[1]: Leaving directory `/source/clients/freerdp-git-30112012/CMakeFiles/CMakeTmp'
make[1]: *** [CMakeFiles/cmTryCompileExec1373486354.dir/CheckIncludeFiles.c.o] Error 1
make: *** [cmTryCompileExec1373486354/fast] Error 2

Source:
/* */
#include <sys/filio.h>


int main(){return 0;}

Determining if files sys/strtio.h exist failed with the following output:
Change Dir: /source/clients/freerdp-git-30112012/CMakeFiles/CMakeTmp

Run Build Command:/usr/bin/make "cmTryCompileExec1713776685/fast"
/usr/bin/make -f CMakeFiles/cmTryCompileExec1713776685.dir/build.make CMakeFiles/cmTryCompileExec1713776685.dir/build
make[1]: Entering directory `/source/clients/freerdp-git-30112012/CMakeFiles/CMakeTmp'
/usr/bin/cmake -E cmake_progress_report /source/clients/freerdp-git-30112012/CMakeFiles/CMakeTmp/CMakeFiles 1
Building C object CMakeFiles/cmTryCompileExec1713776685.dir/CheckIncludeFiles.c.o
/toolchain/bin/i486-TSOL-linux-gnu-gcc   -O2  -march=i686 -Wall -Wno-unused-result -Wno-unused-but-set-variable -Wno-deprecated-declarations -O2 -msse2 -DWINPR_EXPORTS -DFREERDP_EXPORTS     -o CMakeFiles/cmTryCompileExec1713776685.dir/CheckIncludeFiles.c.o   -c /source/clients/freerdp-git-30112012/CMakeFiles/CMakeTmp/CheckIncludeFiles.c
/source/clients/freerdp-git-30112012/CMakeFiles/CMakeTmp/CheckIncludeFiles.c:2:24: fatal error: sys/strtio.h: No such file or directory
compilation terminated.
make[1]: Leaving directory `/source/clients/freerdp-git-30112012/CMakeFiles/CMakeTmp'
make[1]: *** [CMakeFiles/cmTryCompileExec1713776685.dir/CheckIncludeFiles.c.o] Error 1
make: *** [cmTryCompileExec1713776685/fast] Error 2

Source:
/* */
#include <sys/strtio.h>


int main(){return 0;}

Determining if the pthread_create exist failed with the following output:
Change Dir: /source/clients/freerdp-git-30112012/CMakeFiles/CMakeTmp

Run Build Command:/usr/bin/make "cmTryCompileExec2628542660/fast"
/usr/bin/make -f CMakeFiles/cmTryCompileExec2628542660.dir/build.make CMakeFiles/cmTryCompileExec2628542660.dir/build
make[1]: Entering directory `/source/clients/freerdp-git-30112012/CMakeFiles/CMakeTmp'
/usr/bin/cmake -E cmake_progress_report /source/clients/freerdp-git-30112012/CMakeFiles/CMakeTmp/CMakeFiles 1
Building C object CMakeFiles/cmTryCompileExec2628542660.dir/CheckSymbolExists.c.o
/toolchain/bin/i486-TSOL-linux-gnu-gcc   -O2  -march=i686 -Wall -Wno-unused-result -Wno-unused-but-set-variable -Wno-deprecated-declarations -O2 -msse2 -DWINPR_EXPORTS -DFREERDP_EXPORTS     -o CMakeFiles/cmTryCompileExec2628542660.dir/CheckSymbolExists.c.o   -c /source/clients/freerdp-git-30112012/CMakeFiles/CMakeTmp/CheckSymbolExists.c
Linking C executable cmTryCompileExec2628542660
/usr/bin/cmake -E cmake_link_script CMakeFiles/cmTryCompileExec2628542660.dir/link.txt --verbose=1
/toolchain/bin/i486-TSOL-linux-gnu-gcc   -O2  -march=i686 -Wall -Wno-unused-result -Wno-unused-but-set-variable -Wno-deprecated-declarations -O2 -msse2 -DWINPR_EXPORTS -DFREERDP_EXPORTS     -static-libgcc CMakeFiles/cmTryCompileExec2628542660.dir/CheckSymbolExists.c.o  -o cmTryCompileExec2628542660 -rdynamic 
CMakeFiles/cmTryCompileExec2628542660.dir/CheckSymbolExists.c.o: In function `main':
CheckSymbolExists.c:(.text.startup+0x7): undefined reference to `pthread_create'
collect2: ld returned 1 exit status
make[1]: Leaving directory `/source/clients/freerdp-git-30112012/CMakeFiles/CMakeTmp'
make[1]: *** [cmTryCompileExec2628542660] Error 1
make: *** [cmTryCompileExec2628542660/fast] Error 2

File /source/clients/freerdp-git-30112012/CMakeFiles/CMakeTmp/CheckSymbolExists.c:
/* */
#include <pthread.h>

int main(int argc, char** argv)
{
  (void)argv;
#ifndef pthread_create
  return ((int*)(&pthread_create))[argc];
#else
  (void)argc;
  return 0;
#endif
}

Determining if the function pthread_create exists in the pthreads failed with the following output:
Change Dir: /source/clients/freerdp-git-30112012/CMakeFiles/CMakeTmp

Run Build Command:/usr/bin/make "cmTryCompileExec909157797/fast"
/usr/bin/make -f CMakeFiles/cmTryCompileExec909157797.dir/build.make CMakeFiles/cmTryCompileExec909157797.dir/build
make[1]: Entering directory `/source/clients/freerdp-git-30112012/CMakeFiles/CMakeTmp'
/usr/bin/cmake -E cmake_progress_report /source/clients/freerdp-git-30112012/CMakeFiles/CMakeTmp/CMakeFiles 1
Building C object CMakeFiles/cmTryCompileExec909157797.dir/CheckFunctionExists.c.o
/toolchain/bin/i486-TSOL-linux-gnu-gcc   -O2  -march=i686 -Wall -Wno-unused-result -Wno-unused-but-set-variable -Wno-deprecated-declarations -O2 -msse2 -DWINPR_EXPORTS -DFREERDP_EXPORTS  -DCHECK_FUNCTION_EXISTS=pthread_create   -o CMakeFiles/cmTryCompileExec909157797.dir/CheckFunctionExists.c.o   -c /usr/share/cmake-2.8/Modules/CheckFunctionExists.c
Linking C executable cmTryCompileExec909157797
/usr/bin/cmake -E cmake_link_script CMakeFiles/cmTryCompileExec909157797.dir/link.txt --verbose=1
/toolchain/bin/i486-TSOL-linux-gnu-gcc   -O2  -march=i686 -Wall -Wno-unused-result -Wno-unused-but-set-variable -Wno-deprecated-declarations -O2 -msse2 -DWINPR_EXPORTS -DFREERDP_EXPORTS  -DCHECK_FUNCTION_EXISTS=pthread_create   -static-libgcc CMakeFiles/cmTryCompileExec909157797.dir/CheckFunctionExists.c.o  -o cmTryCompileExec909157797 -rdynamic -lpthreads 
/toolchain/lib/gcc/i486-TSOL-linux-gnu/4.6.3/../../../../i486-TSOL-linux-gnu/bin/ld: cannot find -lpthreads
collect2: ld returned 1 exit status
make[1]: Leaving directory `/source/clients/freerdp-git-30112012/CMakeFiles/CMakeTmp'
make[1]: *** [cmTryCompileExec909157797] Error 1
make: *** [cmTryCompileExec909157797/fast] Error 2


Determining if files sys/modem.h exist failed with the following output:
Change Dir: /source/clients/freerdp-git-30112012/CMakeFiles/CMakeTmp

Run Build Command:/usr/bin/make "cmTryCompileExec680519564/fast"
make[1]: Entering directory `/source/clients/freerdp-git-30112012/CMakeFiles/CMakeTmp'
/usr/bin/make -f CMakeFiles/cmTryCompileExec680519564.dir/build.make CMakeFiles/cmTryCompileExec680519564.dir/build
make[2]: Entering directory `/source/clients/freerdp-git-30112012/CMakeFiles/CMakeTmp'
/usr/bin/cmake -E cmake_progress_report /source/clients/freerdp-git-30112012/CMakeFiles/CMakeTmp/CMakeFiles 1
Building C object CMakeFiles/cmTryCompileExec680519564.dir/CheckIncludeFiles.c.o
/toolchain/bin/i486-TSOL-linux-gnu-gcc   -O2  -march=i686 -Wall -Wno-unused-result -Wno-unused-but-set-variable -Wno-deprecated-declarations -O2 -msse2 -DWINPR_EXPORTS -DFREERDP_EXPORTS     -o CMakeFiles/cmTryCompileExec680519564.dir/CheckIncludeFiles.c.o   -c /source/clients/freerdp-git-30112012/CMakeFiles/CMakeTmp/CheckIncludeFiles.c
/source/clients/freerdp-git-30112012/CMakeFiles/CMakeTmp/CheckIncludeFiles.c:2:23: fatal error: sys/modem.h: No such file or directory
compilation terminated.
make[2]: Leaving directory `/source/clients/freerdp-git-30112012/CMakeFiles/CMakeTmp'
make[2]: *** [CMakeFiles/cmTryCompileExec680519564.dir/CheckIncludeFiles.c.o] Error 1
make[1]: Leaving directory `/source/clients/freerdp-git-30112012/CMakeFiles/CMakeTmp'
make[1]: *** [cmTryCompileExec680519564/fast] Error 2

Source:
/* */
#include <sys/modem.h>


int main(){return 0;}

Determining if files sys/filio.h exist failed with the following output:
Change Dir: /source/clients/freerdp-git-30112012/CMakeFiles/CMakeTmp

Run Build Command:/usr/bin/make "cmTryCompileExec3184893342/fast"
make[1]: Entering directory `/source/clients/freerdp-git-30112012/CMakeFiles/CMakeTmp'
/usr/bin/make -f CMakeFiles/cmTryCompileExec3184893342.dir/build.make CMakeFiles/cmTryCompileExec3184893342.dir/build
make[2]: Entering directory `/source/clients/freerdp-git-30112012/CMakeFiles/CMakeTmp'
/usr/bin/cmake -E cmake_progress_report /source/clients/freerdp-git-30112012/CMakeFiles/CMakeTmp/CMakeFiles 1
Building C object CMakeFiles/cmTryCompileExec3184893342.dir/CheckIncludeFiles.c.o
/toolchain/bin/i486-TSOL-linux-gnu-gcc   -O2  -march=i686 -Wall -Wno-unused-result -Wno-unused-but-set-variable -Wno-deprecated-declarations -O2 -msse2 -DWINPR_EXPORTS -DFREERDP_EXPORTS     -o CMakeFiles/cmTryCompileExec3184893342.dir/CheckIncludeFiles.c.o   -c /source/clients/freerdp-git-30112012/CMakeFiles/CMakeTmp/CheckIncludeFiles.c
/source/clients/freerdp-git-30112012/CMakeFiles/CMakeTmp/CheckIncludeFiles.c:2:23: fatal error: sys/filio.h: No such file or directory
compilation terminated.
make[2]: Leaving directory `/source/clients/freerdp-git-30112012/CMakeFiles/CMakeTmp'
make[2]: *** [CMakeFiles/cmTryCompileExec3184893342.dir/CheckIncludeFiles.c.o] Error 1
make[1]: Leaving directory `/source/clients/freerdp-git-30112012/CMakeFiles/CMakeTmp'
make[1]: *** [cmTryCompileExec3184893342/fast] Error 2

Source:
/* */
#include <sys/filio.h>


int main(){return 0;}

Determining if files sys/strtio.h exist failed with the following output:
Change Dir: /source/clients/freerdp-git-30112012/CMakeFiles/CMakeTmp

Run Build Command:/usr/bin/make "cmTryCompileExec4085892056/fast"
make[1]: Entering directory `/source/clients/freerdp-git-30112012/CMakeFiles/CMakeTmp'
/usr/bin/make -f CMakeFiles/cmTryCompileExec4085892056.dir/build.make CMakeFiles/cmTryCompileExec4085892056.dir/build
make[2]: Entering directory `/source/clients/freerdp-git-30112012/CMakeFiles/CMakeTmp'
/usr/bin/cmake -E cmake_progress_report /source/clients/freerdp-git-30112012/CMakeFiles/CMakeTmp/CMakeFiles 1
Building C object CMakeFiles/cmTryCompileExec4085892056.dir/CheckIncludeFiles.c.o
/toolchain/bin/i486-TSOL-linux-gnu-gcc   -O2  -march=i686 -Wall -Wno-unused-result -Wno-unused-but-set-variable -Wno-deprecated-declarations -O2 -msse2 -DWINPR_EXPORTS -DFREERDP_EXPORTS     -o CMakeFiles/cmTryCompileExec4085892056.dir/CheckIncludeFiles.c.o   -c /source/clients/freerdp-git-30112012/CMakeFiles/CMakeTmp/CheckIncludeFiles.c
/source/clients/freerdp-git-30112012/CMakeFiles/CMakeTmp/CheckIncludeFiles.c:2:24: fatal error: sys/strtio.h: No such file or directory
compilation terminated.
make[2]: Leaving directory `/source/clients/freerdp-git-30112012/CMakeFiles/CMakeTmp'
make[2]: *** [CMakeFiles/cmTryCompileExec4085892056.dir/CheckIncludeFiles.c.o] Error 1
make[1]: Leaving directory `/source/clients/freerdp-git-30112012/CMakeFiles/CMakeTmp'
make[1]: *** [cmTryCompileExec4085892056/fast] Error 2

Source:
/* */
#include <sys/strtio.h>


int main(){return 0;}

Determining if the pthread_create exist failed with the following output:
Change Dir: /source/clients/freerdp-git-30112012/CMakeFiles/CMakeTmp

Run Build Command:/usr/bin/make "cmTryCompileExec1443335816/fast"
make[1]: Entering directory `/source/clients/freerdp-git-30112012/CMakeFiles/CMakeTmp'
/usr/bin/make -f CMakeFiles/cmTryCompileExec1443335816.dir/build.make CMakeFiles/cmTryCompileExec1443335816.dir/build
make[2]: Entering directory `/source/clients/freerdp-git-30112012/CMakeFiles/CMakeTmp'
/usr/bin/cmake -E cmake_progress_report /source/clients/freerdp-git-30112012/CMakeFiles/CMakeTmp/CMakeFiles 1
Building C object CMakeFiles/cmTryCompileExec1443335816.dir/CheckSymbolExists.c.o
/toolchain/bin/i486-TSOL-linux-gnu-gcc   -O2  -march=i686 -Wall -Wno-unused-result -Wno-unused-but-set-variable -Wno-deprecated-declarations -O2 -msse2 -DWINPR_EXPORTS -DFREERDP_EXPORTS     -o CMakeFiles/cmTryCompileExec1443335816.dir/CheckSymbolExists.c.o   -c /source/clients/freerdp-git-30112012/CMakeFiles/CMakeTmp/CheckSymbolExists.c
Linking C executable cmTryCompileExec1443335816
/usr/bin/cmake -E cmake_link_script CMakeFiles/cmTryCompileExec1443335816.dir/link.txt --verbose=1
/toolchain/bin/i486-TSOL-linux-gnu-gcc   -O2  -march=i686 -Wall -Wno-unused-result -Wno-unused-but-set-variable -Wno-deprecated-declarations -O2 -msse2 -DWINPR_EXPORTS -DFREERDP_EXPORTS     -static-libgcc CMakeFiles/cmTryCompileExec1443335816.dir/CheckSymbolExists.c.o  -o cmTryCompileExec1443335816 -rdynamic 
CMakeFiles/cmTryCompileExec1443335816.dir/CheckSymbolExists.c.o: In function `main':
CheckSymbolExists.c:(.text.startup+0x7): undefined reference to `pthread_create'
collect2: ld returned 1 exit status
make[2]: Leaving directory `/source/clients/freerdp-git-30112012/CMakeFiles/CMakeTmp'
make[1]: Leaving directory `/source/clients/freerdp-git-30112012/CMakeFiles/CMakeTmp'
make[2]: *** [cmTryCompileExec1443335816] Error 1
make[1]: *** [cmTryCompileExec1443335816/fast] Error 2

File /source/clients/freerdp-git-30112012/CMakeFiles/CMakeTmp/CheckSymbolExists.c:
/* */
#include <pthread.h>

int main(int argc, char** argv)
{
  (void)argv;
#ifndef pthread_create
  return ((int*)(&pthread_create))[argc];
#else
  (void)argc;
  return 0;
#endif
}

Determining if the function pthread_create exists in the pthreads failed with the following output:
Change Dir: /source/clients/freerdp-git-30112012/CMakeFiles/CMakeTmp

Run Build Command:/usr/bin/make "cmTryCompileExec275517345/fast"
make[1]: Entering directory `/source/clients/freerdp-git-30112012/CMakeFiles/CMakeTmp'
/usr/bin/make -f CMakeFiles/cmTryCompileExec275517345.dir/build.make CMakeFiles/cmTryCompileExec275517345.dir/build
make[2]: Entering directory `/source/clients/freerdp-git-30112012/CMakeFiles/CMakeTmp'
/usr/bin/cmake -E cmake_progress_report /source/clients/freerdp-git-30112012/CMakeFiles/CMakeTmp/CMakeFiles 1
Building C object CMakeFiles/cmTryCompileExec275517345.dir/CheckFunctionExists.c.o
/toolchain/bin/i486-TSOL-linux-gnu-gcc   -O2  -march=i686 -Wall -Wno-unused-result -Wno-unused-but-set-variable -Wno-deprecated-declarations -O2 -msse2 -DWINPR_EXPORTS -DFREERDP_EXPORTS  -DCHECK_FUNCTION_EXISTS=pthread_create   -o CMakeFiles/cmTryCompileExec275517345.dir/CheckFunctionExists.c.o   -c /usr/share/cmake-2.8/Modules/CheckFunctionExists.c
Linking C executable cmTryCompileExec275517345
/usr/bin/cmake -E cmake_link_script CMakeFiles/cmTryCompileExec275517345.dir/link.txt --verbose=1
/toolchain/bin/i486-TSOL-linux-gnu-gcc   -O2  -march=i686 -Wall -Wno-unused-result -Wno-unused-but-set-variable -Wno-deprecated-declarations -O2 -msse2 -DWINPR_EXPORTS -DFREERDP_EXPORTS  -DCHECK_FUNCTION_EXISTS=pthread_create   -static-libgcc CMakeFiles/cmTryCompileExec275517345.dir/CheckFunctionExists.c.o  -o cmTryCompileExec275517345 -rdynamic -lpthreads 
/toolchain/lib/gcc/i486-TSOL-linux-gnu/4.6.3/../../../../i486-TSOL-linux-gnu/bin/ld: cannot find -lpthreads
collect2: ld returned 1 exit status
make[2]: Leaving directory `/source/clients/freerdp-git-30112012/CMakeFiles/CMakeTmp'
make[1]: Leaving directory `/source/clients/freerdp-git-30112012/CMakeFiles/CMakeTmp'
make[2]: *** [cmTryCompileExec275517345] Error 1
make[1]: *** [cmTryCompileExec275517345/fast] Error 2


Determining if files sys/modem.h exist failed with the following output:
Change Dir: /source/clients/freerdp-git-30112012/CMakeFiles/CMakeTmp

Run Build Command:/usr/bin/make "cmTryCompileExec3366327120/fast"
/usr/bin/make -f CMakeFiles/cmTryCompileExec3366327120.dir/build.make CMakeFiles/cmTryCompileExec3366327120.dir/build
make[1]: Entering directory `/source/clients/freerdp-git-30112012/CMakeFiles/CMakeTmp'
/usr/bin/cmake -E cmake_progress_report /source/clients/freerdp-git-30112012/CMakeFiles/CMakeTmp/CMakeFiles 1
Building C object CMakeFiles/cmTryCompileExec3366327120.dir/CheckIncludeFiles.c.o
/toolchain/bin/i486-TSOL-linux-gnu-gcc   -O2  -march=i686 -Wall -Wno-unused-result -Wno-unused-but-set-variable -Wno-deprecated-declarations -O2 -msse2 -DWINPR_EXPORTS -DFREERDP_EXPORTS     -o CMakeFiles/cmTryCompileExec3366327120.dir/CheckIncludeFiles.c.o   -c /source/clients/freerdp-git-30112012/CMakeFiles/CMakeTmp/CheckIncludeFiles.c
/source/clients/freerdp-git-30112012/CMakeFiles/CMakeTmp/CheckIncludeFiles.c:2:23: fatal error: sys/modem.h: No such file or directory
compilation terminated.
make[1]: Leaving directory `/source/clients/freerdp-git-30112012/CMakeFiles/CMakeTmp'
make[1]: *** [CMakeFiles/cmTryCompileExec3366327120.dir/CheckIncludeFiles.c.o] Error 1
make: *** [cmTryCompileExec3366327120/fast] Error 2

Source:
/* */
#include <sys/modem.h>


int main(){return 0;}

Determining if files sys/filio.h exist failed with the following output:
Change Dir: /source/clients/freerdp-git-30112012/CMakeFiles/CMakeTmp

Run Build Command:/usr/bin/make "cmTryCompileExec4229653742/fast"
/usr/bin/make -f CMakeFiles/cmTryCompileExec4229653742.dir/build.make CMakeFiles/cmTryCompileExec4229653742.dir/build
make[1]: Entering directory `/source/clients/freerdp-git-30112012/CMakeFiles/CMakeTmp'
/usr/bin/cmake -E cmake_progress_report /source/clients/freerdp-git-30112012/CMakeFiles/CMakeTmp/CMakeFiles 1
Building C object CMakeFiles/cmTryCompileExec4229653742.dir/CheckIncludeFiles.c.o
/toolchain/bin/i486-TSOL-linux-gnu-gcc   -O2  -march=i686 -Wall -Wno-unused-result -Wno-unused-but-set-variable -Wno-deprecated-declarations -O2 -msse2 -DWINPR_EXPORTS -DFREERDP_EXPORTS     -o CMakeFiles/cmTryCompileExec4229653742.dir/CheckIncludeFiles.c.o   -c /source/clients/freerdp-git-30112012/CMakeFiles/CMakeTmp/CheckIncludeFiles.c
/source/clients/freerdp-git-30112012/CMakeFiles/CMakeTmp/CheckIncludeFiles.c:2:23: fatal error: sys/filio.h: No such file or directory
compilation terminated.
make[1]: Leaving directory `/source/clients/freerdp-git-30112012/CMakeFiles/CMakeTmp'
make[1]: *** [CMakeFiles/cmTryCompileExec4229653742.dir/CheckIncludeFiles.c.o] Error 1
make: *** [cmTryCompileExec4229653742/fast] Error 2

Source:
/* */
#include <sys/filio.h>


int main(){return 0;}

Determining if files sys/strtio.h exist failed with the following output:
Change Dir: /source/clients/freerdp-git-30112012/CMakeFiles/CMakeTmp

Run Build Command:/usr/bin/make "cmTryCompileExec840987437/fast"
/usr/bin/make -f CMakeFiles/cmTryCompileExec840987437.dir/build.make CMakeFiles/cmTryCompileExec840987437.dir/build
make[1]: Entering directory `/source/clients/freerdp-git-30112012/CMakeFiles/CMakeTmp'
/usr/bin/cmake -E cmake_progress_report /source/clients/freerdp-git-30112012/CMakeFiles/CMakeTmp/CMakeFiles 1
Building C object CMakeFiles/cmTryCompileExec840987437.dir/CheckIncludeFiles.c.o
/toolchain/bin/i486-TSOL-linux-gnu-gcc   -O2  -march=i686 -Wall -Wno-unused-result -Wno-unused-but-set-variable -Wno-deprecated-declarations -O2 -msse2 -DWINPR_EXPORTS -DFREERDP_EXPORTS     -o CMakeFiles/cmTryCompileExec840987437.dir/CheckIncludeFiles.c.o   -c /source/clients/freerdp-git-30112012/CMakeFiles/CMakeTmp/CheckIncludeFiles.c
/source/clients/freerdp-git-30112012/CMakeFiles/CMakeTmp/CheckIncludeFiles.c:2:24: fatal error: sys/strtio.h: No such file or directory
compilation terminated.
make[1]: Leaving directory `/source/clients/freerdp-git-30112012/CMakeFiles/CMakeTmp'
make[1]: *** [CMakeFiles/cmTryCompileExec840987437.dir/CheckIncludeFiles.c.o] Error 1
make: *** [cmTryCompileExec840987437/fast] Error 2

Source:
/* */
#include <sys/strtio.h>


int main(){return 0;}

Determining if the pthread_create exist failed with the following output:
Change Dir: /source/clients/freerdp-git-30112012/CMakeFiles/CMakeTmp

Run Build Command:/usr/bin/make "cmTryCompileExec3015630938/fast"
/usr/bin/make -f CMakeFiles/cmTryCompileExec3015630938.dir/build.make CMakeFiles/cmTryCompileExec3015630938.dir/build
make[1]: Entering directory `/source/clients/freerdp-git-30112012/CMakeFiles/CMakeTmp'
/usr/bin/cmake -E cmake_progress_report /source/clients/freerdp-git-30112012/CMakeFiles/CMakeTmp/CMakeFiles 1
Building C object CMakeFiles/cmTryCompileExec3015630938.dir/CheckSymbolExists.c.o
/toolchain/bin/i486-TSOL-linux-gnu-gcc   -O2  -march=i686 -Wall -Wno-unused-result -Wno-unused-but-set-variable -Wno-deprecated-declarations -O2 -msse2 -DWINPR_EXPORTS -DFREERDP_EXPORTS     -o CMakeFiles/cmTryCompileExec3015630938.dir/CheckSymbolExists.c.o   -c /source/clients/freerdp-git-30112012/CMakeFiles/CMakeTmp/CheckSymbolExists.c
Linking C executable cmTryCompileExec3015630938
/usr/bin/cmake -E cmake_link_script CMakeFiles/cmTryCompileExec3015630938.dir/link.txt --verbose=1
/toolchain/bin/i486-TSOL-linux-gnu-gcc   -O2  -march=i686 -Wall -Wno-unused-result -Wno-unused-but-set-variable -Wno-deprecated-declarations -O2 -msse2 -DWINPR_EXPORTS -DFREERDP_EXPORTS     -static-libgcc CMakeFiles/cmTryCompileExec3015630938.dir/CheckSymbolExists.c.o  -o cmTryCompileExec3015630938 -rdynamic 
CMakeFiles/cmTryCompileExec3015630938.dir/CheckSymbolExists.c.o: In function `main':
CheckSymbolExists.c:(.text.startup+0x7): undefined reference to `pthread_create'
collect2: ld returned 1 exit status
make[1]: Leaving directory `/source/clients/freerdp-git-30112012/CMakeFiles/CMakeTmp'
make[1]: *** [cmTryCompileExec3015630938] Error 1
make: *** [cmTryCompileExec3015630938/fast] Error 2

File /source/clients/freerdp-git-30112012/CMakeFiles/CMakeTmp/CheckSymbolExists.c:
/* */
#include <pthread.h>

int main(int argc, char** argv)
{
  (void)argv;
#ifndef pthread_create
  return ((int*)(&pthread_create))[argc];
#else
  (void)argc;
  return 0;
#endif
}

Determining if the function pthread_create exists in the pthreads failed with the following output:
Change Dir: /source/clients/freerdp-git-30112012/CMakeFiles/CMakeTmp

Run Build Command:/usr/bin/make "cmTryCompileExec1617333581/fast"
/usr/bin/make -f CMakeFiles/cmTryCompileExec1617333581.dir/build.make CMakeFiles/cmTryCompileExec1617333581.dir/build
make[1]: Entering directory `/source/clients/freerdp-git-30112012/CMakeFiles/CMakeTmp'
/usr/bin/cmake -E cmake_progress_report /source/clients/freerdp-git-30112012/CMakeFiles/CMakeTmp/CMakeFiles 1
Building C object CMakeFiles/cmTryCompileExec1617333581.dir/CheckFunctionExists.c.o
/toolchain/bin/i486-TSOL-linux-gnu-gcc   -O2  -march=i686 -Wall -Wno-unused-result -Wno-unused-but-set-variable -Wno-deprecated-declarations -O2 -msse2 -DWINPR_EXPORTS -DFREERDP_EXPORTS  -DCHECK_FUNCTION_EXISTS=pthread_create   -o CMakeFiles/cmTryCompileExec1617333581.dir/CheckFunctionExists.c.o   -c /usr/share/cmake-2.8/Modules/CheckFunctionExists.c
Linking C executable cmTryCompileExec1617333581
/usr/bin/cmake -E cmake_link_script CMakeFiles/cmTryCompileExec1617333581.dir/link.txt --verbose=1
/toolchain/bin/i486-TSOL-linux-gnu-gcc   -O2  -march=i686 -Wall -Wno-unused-result -Wno-unused-but-set-variable -Wno-deprecated-declarations -O2 -msse2 -DWINPR_EXPORTS -DFREERDP_EXPORTS  -DCHECK_FUNCTION_EXISTS=pthread_create   -static-libgcc CMakeFiles/cmTryCompileExec1617333581.dir/CheckFunctionExists.c.o  -o cmTryCompileExec1617333581 -rdynamic -lpthreads 
/toolchain/lib/gcc/i486-TSOL-linux-gnu/4.6.3/../../../../i486-TSOL-linux-gnu/bin/ld: cannot find -lpthreads
collect2: ld returned 1 exit status
make[1]: Leaving directory `/source/clients/freerdp-git-30112012/CMakeFiles/CMakeTmp'
make[1]: *** [cmTryCompileExec1617333581] Error 1
make: *** [cmTryCompileExec1617333581/fast] Error 2


