This file contains any messages produced by compilers while
running configure, to aid debugging if configure makes a mistake.

It was created by configure, which was
generated by GNU Autoconf 2.59.  Invocation command line was

  $ ./configure --prefix=/source/Xdialog-2.3.1 --enable-static --enable-shared=no --disable-docs --with-confdir=/etc/fonts CFLAGS=-Os -I/source/Xdialog-2.3.1/include LDFLAGS=-static-libgcc -L/source/Xdialog-2.3.1/lib PKG_CONFIG_PATH=/source/Xdialog-2.3.1/lib/pkgconfig:/usr/xorg/lib/pkgconfig:/usr/xorg/share/pkgconfig:

## --------- ##
## Platform. ##
## --------- ##

hostname = ubuntu4
uname -m = i686
uname -r = 3.2.16-030216-generic
uname -s = Linux
uname -v = #201204221935 SMP Sun Apr 22 23:42:49 UTC 2012

/usr/bin/uname -p = unknown
/bin/uname -X     = unknown

/bin/arch              = unknown
/usr/bin/arch -k       = unknown
/usr/convex/getsysinfo = unknown
hostinfo               = unknown
/bin/machine           = unknown
/usr/bin/oslevel       = unknown
/bin/universe          = unknown

PATH: /source/Xdialog-2.3.1/bin
PATH: /source/docbook-xsl-1.76.1/tools/bin
PATH: /bin
PATH: /sbin
PATH: /usr/bin
PATH: /usr/sbin
PATH: /usr/bin/X11
PATH: /usr/local/bin
PATH: /toolchain/bin
PATH: /toolchain/i486-TSOL-linux-gnu/bin/
PATH: /root/.local/bin
PATH: /usr/xorg/bin


## ----------- ##
## Core tests. ##
## ----------- ##

configure:1549: checking for a BSD-compatible install
configure:1604: result: /bin/install -c
configure:1615: checking whether build environment is sane
configure:1658: result: yes
configure:1691: checking for gawk
configure:1707: found /usr/bin/gawk
configure:1717: result: gawk
configure:1727: checking whether make sets $(MAKE)
configure:1747: result: yes
configure:1911: checking whether to enable maintainer-specific portions of Makefiles
configure:1920: result: no
configure:1999: checking for gcc
configure:2025: result: i486-TSOL-linux-gnu-gcc
configure:2269: checking for C compiler version
configure:2272: i486-TSOL-linux-gnu-gcc --version </dev/null >&5
i486-TSOL-linux-gnu-gcc (crosstool-NG 1.15.2) 4.6.3
Copyright (C) 2011 Free Software Foundation, Inc.
This is free software; see the source for copying conditions.  There is NO
warranty; not even for MERCHANTABILITY or FITNESS FOR A PARTICULAR PURPOSE.

configure:2275: $? = 0
configure:2277: i486-TSOL-linux-gnu-gcc -v </dev/null >&5
Using built-in specs.
COLLECT_GCC=i486-TSOL-linux-gnu-gcc
COLLECT_LTO_WRAPPER=/toolchain/libexec/gcc/i486-TSOL-linux-gnu/4.6.3/lto-wrapper
Target: i486-TSOL-linux-gnu
Configured with: /TSOL/crosstool-ng-1.15.2/bin/.build/src/gcc-4.6.3/configure --build=i686-build_pc-linux-gnu --host=i686-build_pc-linux-gnu --target=i486-TSOL-linux-gnu --prefix=/toolchain --with-sysroot=/toolchain/i486-TSOL-linux-gnu/sysroot --enable-languages=c,c++ --with-arch=i486 --with-pkgversion='crosstool-NG 1.15.2' --enable-__cxa_atexit --disable-libmudflap --disable-libgomp --disable-libssp --with-gmp=/TSOL/crosstool-ng-1.15.2/bin/.build/i486-TSOL-linux-gnu/buildtools --with-mpfr=/TSOL/crosstool-ng-1.15.2/bin/.build/i486-TSOL-linux-gnu/buildtools --with-mpc=/TSOL/crosstool-ng-1.15.2/bin/.build/i486-TSOL-linux-gnu/buildtools --with-ppl=/TSOL/crosstool-ng-1.15.2/bin/.build/i486-TSOL-linux-gnu/buildtools --with-cloog=/TSOL/crosstool-ng-1.15.2/bin/.build/i486-TSOL-linux-gnu/buildtools --with-libelf=no --with-host-libstdcxx='-static-libgcc -Wl,-Bstatic,-lstdc++,-Bdynamic -lm -L/TSOL/crosstool-ng-1.15.2/bin/.build/i486-TSOL-linux-gnu/buildtools/lib -lpwl' --enable-threads=posix --enable-target-optspace --disable-multilib --with-local-prefix=/toolchain/i486-TSOL-linux-gnu/sysroot --enable-c99 --enable-long-long
Thread model: posix
gcc version 4.6.3 (crosstool-NG 1.15.2) 
configure:2280: $? = 0
configure:2282: i486-TSOL-linux-gnu-gcc -V </dev/null >&5
i486-TSOL-linux-gnu-gcc: error: unrecognized option '-V'
i486-TSOL-linux-gnu-gcc: fatal error: no input files
compilation terminated.
configure:2285: $? = 1
configure:2308: checking for C compiler default output file name
configure:2311: i486-TSOL-linux-gnu-gcc -Os -I/source/Xdialog-2.3.1/include  -static-libgcc -L/source/Xdialog-2.3.1/lib conftest.c  >&5
configure:2314: $? = 0
configure:2360: result: a.out
configure:2365: checking whether the C compiler works
configure:2371: ./a.out
configure:2374: $? = 0
configure:2391: result: yes
configure:2398: checking whether we are cross compiling
configure:2400: result: no
configure:2403: checking for suffix of executables
configure:2405: i486-TSOL-linux-gnu-gcc -o conftest -Os -I/source/Xdialog-2.3.1/include  -static-libgcc -L/source/Xdialog-2.3.1/lib conftest.c  >&5
configure:2408: $? = 0
configure:2433: result: 
configure:2439: checking for suffix of object files
configure:2460: i486-TSOL-linux-gnu-gcc -c -Os -I/source/Xdialog-2.3.1/include  conftest.c >&5
configure:2463: $? = 0
configure:2485: result: o
configure:2489: checking whether we are using the GNU C compiler
configure:2513: i486-TSOL-linux-gnu-gcc -c -Os -I/source/Xdialog-2.3.1/include  conftest.c >&5
configure:2519: $? = 0
configure:2522: test -z 			 || test ! -s conftest.err
configure:2525: $? = 0
configure:2528: test -s conftest.o
configure:2531: $? = 0
configure:2544: result: yes
configure:2550: checking whether i486-TSOL-linux-gnu-gcc accepts -g
configure:2571: i486-TSOL-linux-gnu-gcc -c -g  conftest.c >&5
configure:2577: $? = 0
configure:2580: test -z 			 || test ! -s conftest.err
configure:2583: $? = 0
configure:2586: test -s conftest.o
configure:2589: $? = 0
configure:2600: result: yes
configure:2617: checking for i486-TSOL-linux-gnu-gcc option to accept ANSI C
configure:2687: i486-TSOL-linux-gnu-gcc  -c -Os -I/source/Xdialog-2.3.1/include  conftest.c >&5
configure:2693: $? = 0
configure:2696: test -z 			 || test ! -s conftest.err
configure:2699: $? = 0
configure:2702: test -s conftest.o
configure:2705: $? = 0
configure:2723: result: none needed
configure:2741: i486-TSOL-linux-gnu-gcc -c -Os -I/source/Xdialog-2.3.1/include  conftest.c >&5
conftest.c:2:3: error: unknown type name 'choke'
conftest.c:2:3: error: expected '=', ',', ';', 'asm' or '__attribute__' at end of input
configure:2747: $? = 1
configure: failed program was:
| #ifndef __cplusplus
|   choke me
| #endif
configure:2888: checking for style of include used by make
configure:2916: result: GNU
configure:2944: checking dependency style of i486-TSOL-linux-gnu-gcc
configure:3027: result: gcc3
configure:3057: checking for a BSD-compatible install
configure:3112: result: /bin/install -c
configure:3123: checking whether ln -s works
configure:3127: result: yes
configure:3214: checking build system type
configure:3232: result: i686-pc-linux-gnu
configure:3240: checking host system type
configure:3254: result: i686-pc-linux-gnu
configure:3262: checking for a sed that does not truncate output
configure:3316: result: /usr/bin/sed
configure:3319: checking for egrep
configure:3329: result: grep -E
configure:3345: checking for ld used by i486-TSOL-linux-gnu-gcc
configure:3412: result: i486-TSOL-linux-gnu-ld
configure:3421: checking if the linker (i486-TSOL-linux-gnu-ld) is GNU ld
configure:3436: result: yes
configure:3441: checking for i486-TSOL-linux-gnu-ld option to reload object files
configure:3448: result: -r
configure:3457: checking for BSD-compatible nm
configure:3499: result: /toolchain/i486-TSOL-linux-gnu/bin//nm -B
configure:3503: checking how to recognise dependent libraries
configure:3677: result: pass_all
configure:4132: checking how to run the C preprocessor
configure:4167: i486-TSOL-linux-gnu-gcc -E  conftest.c
configure:4173: $? = 0
configure:4205: i486-TSOL-linux-gnu-gcc -E  conftest.c
conftest.c:11:28: fatal error: ac_nonexistent.h: No such file or directory
compilation terminated.
configure:4211: $? = 1
configure: failed program was:
| /* confdefs.h.  */
| 
| #define PACKAGE_NAME ""
| #define PACKAGE_TARNAME ""
| #define PACKAGE_VERSION ""
| #define PACKAGE_STRING ""
| #define PACKAGE_BUGREPORT ""
| #define PACKAGE "fontconfig"
| #define VERSION "2.2.3"
| /* end confdefs.h.  */
| #include <ac_nonexistent.h>
configure:4250: result: i486-TSOL-linux-gnu-gcc -E
configure:4274: i486-TSOL-linux-gnu-gcc -E  conftest.c
configure:4280: $? = 0
configure:4312: i486-TSOL-linux-gnu-gcc -E  conftest.c
conftest.c:11:28: fatal error: ac_nonexistent.h: No such file or directory
compilation terminated.
configure:4318: $? = 1
configure: failed program was:
| /* confdefs.h.  */
| 
| #define PACKAGE_NAME ""
| #define PACKAGE_TARNAME ""
| #define PACKAGE_VERSION ""
| #define PACKAGE_STRING ""
| #define PACKAGE_BUGREPORT ""
| #define PACKAGE "fontconfig"
| #define VERSION "2.2.3"
| /* end confdefs.h.  */
| #include <ac_nonexistent.h>
configure:4362: checking for ANSI C header files
configure:4387: i486-TSOL-linux-gnu-gcc -c -Os -I/source/Xdialog-2.3.1/include  conftest.c >&5
configure:4393: $? = 0
configure:4396: test -z 			 || test ! -s conftest.err
configure:4399: $? = 0
configure:4402: test -s conftest.o
configure:4405: $? = 0
configure:4494: i486-TSOL-linux-gnu-gcc -o conftest -Os -I/source/Xdialog-2.3.1/include  -static-libgcc -L/source/Xdialog-2.3.1/lib conftest.c  >&5
conftest.c: In function 'main':
conftest.c:28:7: warning: incompatible implicit declaration of built-in function 'exit' [enabled by default]
configure:4497: $? = 0
configure:4499: ./conftest
configure:4502: $? = 0
configure:4517: result: yes
configure:4541: checking for sys/types.h
configure:4557: i486-TSOL-linux-gnu-gcc -c -Os -I/source/Xdialog-2.3.1/include  conftest.c >&5
configure:4563: $? = 0
configure:4566: test -z 			 || test ! -s conftest.err
configure:4569: $? = 0
configure:4572: test -s conftest.o
configure:4575: $? = 0
configure:4586: result: yes
configure:4541: checking for sys/stat.h
configure:4557: i486-TSOL-linux-gnu-gcc -c -Os -I/source/Xdialog-2.3.1/include  conftest.c >&5
configure:4563: $? = 0
configure:4566: test -z 			 || test ! -s conftest.err
configure:4569: $? = 0
configure:4572: test -s conftest.o
configure:4575: $? = 0
configure:4586: result: yes
configure:4541: checking for stdlib.h
configure:4557: i486-TSOL-linux-gnu-gcc -c -Os -I/source/Xdialog-2.3.1/include  conftest.c >&5
configure:4563: $? = 0
configure:4566: test -z 			 || test ! -s conftest.err
configure:4569: $? = 0
configure:4572: test -s conftest.o
configure:4575: $? = 0
configure:4586: result: yes
configure:4541: checking for string.h
configure:4557: i486-TSOL-linux-gnu-gcc -c -Os -I/source/Xdialog-2.3.1/include  conftest.c >&5
configure:4563: $? = 0
configure:4566: test -z 			 || test ! -s conftest.err
configure:4569: $? = 0
configure:4572: test -s conftest.o
configure:4575: $? = 0
configure:4586: result: yes
configure:4541: checking for memory.h
configure:4557: i486-TSOL-linux-gnu-gcc -c -Os -I/source/Xdialog-2.3.1/include  conftest.c >&5
configure:4563: $? = 0
configure:4566: test -z 			 || test ! -s conftest.err
configure:4569: $? = 0
configure:4572: test -s conftest.o
configure:4575: $? = 0
configure:4586: result: yes
configure:4541: checking for strings.h
configure:4557: i486-TSOL-linux-gnu-gcc -c -Os -I/source/Xdialog-2.3.1/include  conftest.c >&5
configure:4563: $? = 0
configure:4566: test -z 			 || test ! -s conftest.err
configure:4569: $? = 0
configure:4572: test -s conftest.o
configure:4575: $? = 0
configure:4586: result: yes
configure:4541: checking for inttypes.h
configure:4557: i486-TSOL-linux-gnu-gcc -c -Os -I/source/Xdialog-2.3.1/include  conftest.c >&5
configure:4563: $? = 0
configure:4566: test -z 			 || test ! -s conftest.err
configure:4569: $? = 0
configure:4572: test -s conftest.o
configure:4575: $? = 0
configure:4586: result: yes
configure:4541: checking for stdint.h
configure:4557: i486-TSOL-linux-gnu-gcc -c -Os -I/source/Xdialog-2.3.1/include  conftest.c >&5
configure:4563: $? = 0
configure:4566: test -z 			 || test ! -s conftest.err
configure:4569: $? = 0
configure:4572: test -s conftest.o
configure:4575: $? = 0
configure:4586: result: yes
configure:4541: checking for unistd.h
configure:4557: i486-TSOL-linux-gnu-gcc -c -Os -I/source/Xdialog-2.3.1/include  conftest.c >&5
configure:4563: $? = 0
configure:4566: test -z 			 || test ! -s conftest.err
configure:4569: $? = 0
configure:4572: test -s conftest.o
configure:4575: $? = 0
configure:4586: result: yes
configure:4612: checking dlfcn.h usability
configure:4624: i486-TSOL-linux-gnu-gcc -c -Os -I/source/Xdialog-2.3.1/include  conftest.c >&5
configure:4630: $? = 0
configure:4633: test -z 			 || test ! -s conftest.err
configure:4636: $? = 0
configure:4639: test -s conftest.o
configure:4642: $? = 0
configure:4652: result: yes
configure:4656: checking dlfcn.h presence
configure:4666: i486-TSOL-linux-gnu-gcc -E  conftest.c
configure:4672: $? = 0
configure:4692: result: yes
configure:4727: checking for dlfcn.h
configure:4734: result: yes
configure:4841: checking for C++ compiler version
configure:4844: i486-TSOL-linux-gnu-g++ --version </dev/null >&5
i486-TSOL-linux-gnu-g++ (crosstool-NG 1.15.2) 4.6.3
Copyright (C) 2011 Free Software Foundation, Inc.
This is free software; see the source for copying conditions.  There is NO
warranty; not even for MERCHANTABILITY or FITNESS FOR A PARTICULAR PURPOSE.

configure:4847: $? = 0
configure:4849: i486-TSOL-linux-gnu-g++ -v </dev/null >&5
Using built-in specs.
COLLECT_GCC=i486-TSOL-linux-gnu-g++
COLLECT_LTO_WRAPPER=/toolchain/libexec/gcc/i486-TSOL-linux-gnu/4.6.3/lto-wrapper
Target: i486-TSOL-linux-gnu
Configured with: /TSOL/crosstool-ng-1.15.2/bin/.build/src/gcc-4.6.3/configure --build=i686-build_pc-linux-gnu --host=i686-build_pc-linux-gnu --target=i486-TSOL-linux-gnu --prefix=/toolchain --with-sysroot=/toolchain/i486-TSOL-linux-gnu/sysroot --enable-languages=c,c++ --with-arch=i486 --with-pkgversion='crosstool-NG 1.15.2' --enable-__cxa_atexit --disable-libmudflap --disable-libgomp --disable-libssp --with-gmp=/TSOL/crosstool-ng-1.15.2/bin/.build/i486-TSOL-linux-gnu/buildtools --with-mpfr=/TSOL/crosstool-ng-1.15.2/bin/.build/i486-TSOL-linux-gnu/buildtools --with-mpc=/TSOL/crosstool-ng-1.15.2/bin/.build/i486-TSOL-linux-gnu/buildtools --with-ppl=/TSOL/crosstool-ng-1.15.2/bin/.build/i486-TSOL-linux-gnu/buildtools --with-cloog=/TSOL/crosstool-ng-1.15.2/bin/.build/i486-TSOL-linux-gnu/buildtools --with-libelf=no --with-host-libstdcxx='-static-libgcc -Wl,-Bstatic,-lstdc++,-Bdynamic -lm -L/TSOL/crosstool-ng-1.15.2/bin/.build/i486-TSOL-linux-gnu/buildtools/lib -lpwl' --enable-threads=posix --enable-target-optspace --disable-multilib --with-local-prefix=/toolchain/i486-TSOL-linux-gnu/sysroot --enable-c99 --enable-long-long
Thread model: posix
gcc version 4.6.3 (crosstool-NG 1.15.2) 
configure:4852: $? = 0
configure:4854: i486-TSOL-linux-gnu-g++ -V </dev/null >&5
i486-TSOL-linux-gnu-g++: error: unrecognized option '-V'
i486-TSOL-linux-gnu-g++: fatal error: no input files
compilation terminated.
configure:4857: $? = 1
configure:4860: checking whether we are using the GNU C++ compiler
configure:4884: i486-TSOL-linux-gnu-g++ -c -Os  conftest.cc >&5
configure:4890: $? = 0
configure:4893: test -z 			 || test ! -s conftest.err
configure:4896: $? = 0
configure:4899: test -s conftest.o
configure:4902: $? = 0
configure:4915: result: yes
configure:4921: checking whether i486-TSOL-linux-gnu-g++ accepts -g
configure:4942: i486-TSOL-linux-gnu-g++ -c -g  conftest.cc >&5
configure:4948: $? = 0
configure:4951: test -z 			 || test ! -s conftest.err
configure:4954: $? = 0
configure:4957: test -s conftest.o
configure:4960: $? = 0
configure:4971: result: yes
configure:5013: i486-TSOL-linux-gnu-g++ -c -Os  conftest.cc >&5
configure:5019: $? = 0
configure:5022: test -z 			 || test ! -s conftest.err
configure:5025: $? = 0
configure:5028: test -s conftest.o
configure:5031: $? = 0
configure:5057: i486-TSOL-linux-gnu-g++ -c -Os  conftest.cc >&5
conftest.cc: In function 'int main()':
conftest.cc:26:9: error: 'exit' was not declared in this scope
configure:5063: $? = 1
configure: failed program was:
| /* confdefs.h.  */
| 
| #define PACKAGE_NAME ""
| #define PACKAGE_TARNAME ""
| #define PACKAGE_VERSION ""
| #define PACKAGE_STRING ""
| #define PACKAGE_BUGREPORT ""
| #define PACKAGE "fontconfig"
| #define VERSION "2.2.3"
| #define STDC_HEADERS 1
| #define HAVE_SYS_TYPES_H 1
| #define HAVE_SYS_STAT_H 1
| #define HAVE_STDLIB_H 1
| #define HAVE_STRING_H 1
| #define HAVE_MEMORY_H 1
| #define HAVE_STRINGS_H 1
| #define HAVE_INTTYPES_H 1
| #define HAVE_STDINT_H 1
| #define HAVE_UNISTD_H 1
| #define HAVE_DLFCN_H 1
| /* end confdefs.h.  */
| 
| int
| main ()
| {
| exit (42);
|   ;
|   return 0;
| }
configure:5013: i486-TSOL-linux-gnu-g++ -c -Os  conftest.cc >&5
conftest.cc:22:40: error: 'void std::exit(int)' should have been declared inside 'std'
configure:5019: $? = 1
configure: failed program was:
| /* confdefs.h.  */
| 
| #define PACKAGE_NAME ""
| #define PACKAGE_TARNAME ""
| #define PACKAGE_VERSION ""
| #define PACKAGE_STRING ""
| #define PACKAGE_BUGREPORT ""
| #define PACKAGE "fontconfig"
| #define VERSION "2.2.3"
| #define STDC_HEADERS 1
| #define HAVE_SYS_TYPES_H 1
| #define HAVE_SYS_STAT_H 1
| #define HAVE_STDLIB_H 1
| #define HAVE_STRING_H 1
| #define HAVE_MEMORY_H 1
| #define HAVE_STRINGS_H 1
| #define HAVE_INTTYPES_H 1
| #define HAVE_STDINT_H 1
| #define HAVE_UNISTD_H 1
| #define HAVE_DLFCN_H 1
| /* end confdefs.h.  */
| extern "C" void std::exit (int) throw (); using std::exit;
| #include <stdlib.h>
| int
| main ()
| {
| exit (42);
|   ;
|   return 0;
| }
configure:5013: i486-TSOL-linux-gnu-g++ -c -Os  conftest.cc >&5
conftest.cc:22:31: error: 'void std::exit(int)' should have been declared inside 'std'
In file included from conftest.cc:23:0:
/toolchain/i486-TSOL-linux-gnu/sysroot/usr/include/stdlib.h:544:70: error: declaration of 'void std::exit(int) throw ()' has a different exception specifier
conftest.cc:22:17: error: from previous declaration 'void std::exit(int)'
configure:5019: $? = 1
configure: failed program was:
| /* confdefs.h.  */
| 
| #define PACKAGE_NAME ""
| #define PACKAGE_TARNAME ""
| #define PACKAGE_VERSION ""
| #define PACKAGE_STRING ""
| #define PACKAGE_BUGREPORT ""
| #define PACKAGE "fontconfig"
| #define VERSION "2.2.3"
| #define STDC_HEADERS 1
| #define HAVE_SYS_TYPES_H 1
| #define HAVE_SYS_STAT_H 1
| #define HAVE_STDLIB_H 1
| #define HAVE_STRING_H 1
| #define HAVE_MEMORY_H 1
| #define HAVE_STRINGS_H 1
| #define HAVE_INTTYPES_H 1
| #define HAVE_STDINT_H 1
| #define HAVE_UNISTD_H 1
| #define HAVE_DLFCN_H 1
| /* end confdefs.h.  */
| extern "C" void std::exit (int); using std::exit;
| #include <stdlib.h>
| int
| main ()
| {
| exit (42);
|   ;
|   return 0;
| }
configure:5013: i486-TSOL-linux-gnu-g++ -c -Os  conftest.cc >&5
configure:5019: $? = 0
configure:5022: test -z 			 || test ! -s conftest.err
configure:5025: $? = 0
configure:5028: test -s conftest.o
configure:5031: $? = 0
configure:5057: i486-TSOL-linux-gnu-g++ -c -Os  conftest.cc >&5
configure:5063: $? = 0
configure:5066: test -z 			 || test ! -s conftest.err
configure:5069: $? = 0
configure:5072: test -s conftest.o
configure:5075: $? = 0
configure:5100: checking dependency style of i486-TSOL-linux-gnu-g++
configure:5183: result: gcc3
configure:5205: checking how to run the C++ preprocessor
configure:5236: i486-TSOL-linux-gnu-g++ -E  conftest.cc
configure:5242: $? = 0
configure:5274: i486-TSOL-linux-gnu-g++ -E  conftest.cc
conftest.cc:25:28: fatal error: ac_nonexistent.h: No such file or directory
compilation terminated.
configure:5280: $? = 1
configure: failed program was:
| /* confdefs.h.  */
| 
| #define PACKAGE_NAME ""
| #define PACKAGE_TARNAME ""
| #define PACKAGE_VERSION ""
| #define PACKAGE_STRING ""
| #define PACKAGE_BUGREPORT ""
| #define PACKAGE "fontconfig"
| #define VERSION "2.2.3"
| #define STDC_HEADERS 1
| #define HAVE_SYS_TYPES_H 1
| #define HAVE_SYS_STAT_H 1
| #define HAVE_STDLIB_H 1
| #define HAVE_STRING_H 1
| #define HAVE_MEMORY_H 1
| #define HAVE_STRINGS_H 1
| #define HAVE_INTTYPES_H 1
| #define HAVE_STDINT_H 1
| #define HAVE_UNISTD_H 1
| #define HAVE_DLFCN_H 1
| #ifdef __cplusplus
| extern "C" void exit (int) throw ();
| #endif
| /* end confdefs.h.  */
| #include <ac_nonexistent.h>
configure:5319: result: i486-TSOL-linux-gnu-g++ -E
configure:5343: i486-TSOL-linux-gnu-g++ -E  conftest.cc
configure:5349: $? = 0
configure:5381: i486-TSOL-linux-gnu-g++ -E  conftest.cc
conftest.cc:25:28: fatal error: ac_nonexistent.h: No such file or directory
compilation terminated.
configure:5387: $? = 1
configure: failed program was:
| /* confdefs.h.  */
| 
| #define PACKAGE_NAME ""
| #define PACKAGE_TARNAME ""
| #define PACKAGE_VERSION ""
| #define PACKAGE_STRING ""
| #define PACKAGE_BUGREPORT ""
| #define PACKAGE "fontconfig"
| #define VERSION "2.2.3"
| #define STDC_HEADERS 1
| #define HAVE_SYS_TYPES_H 1
| #define HAVE_SYS_STAT_H 1
| #define HAVE_STDLIB_H 1
| #define HAVE_STRING_H 1
| #define HAVE_MEMORY_H 1
| #define HAVE_STRINGS_H 1
| #define HAVE_INTTYPES_H 1
| #define HAVE_STDINT_H 1
| #define HAVE_UNISTD_H 1
| #define HAVE_DLFCN_H 1
| #ifdef __cplusplus
| extern "C" void exit (int) throw ();
| #endif
| /* end confdefs.h.  */
| #include <ac_nonexistent.h>
configure:5482: checking for g77
configure:5511: result: no
configure:5482: checking for f77
configure:5511: result: no
configure:5482: checking for xlf
configure:5511: result: no
configure:5482: checking for frt
configure:5511: result: no
configure:5482: checking for pgf77
configure:5511: result: no
configure:5482: checking for fort77
configure:5511: result: no
configure:5482: checking for fl32
configure:5511: result: no
configure:5482: checking for af77
configure:5511: result: no
configure:5482: checking for f90
configure:5511: result: no
configure:5482: checking for xlf90
configure:5511: result: no
configure:5482: checking for pgf90
configure:5511: result: no
configure:5482: checking for epcf90
configure:5511: result: no
configure:5482: checking for f95
configure:5511: result: no
configure:5482: checking for fort
configure:5511: result: no
configure:5482: checking for xlf95
configure:5511: result: no
configure:5482: checking for ifc
configure:5511: result: no
configure:5482: checking for efc
configure:5511: result: no
configure:5482: checking for pgf95
configure:5511: result: no
configure:5482: checking for lf95
configure:5511: result: no
configure:5482: checking for gfortran
configure:5511: result: no
configure:5523: checking for Fortran 77 compiler version
configure:5526:  --version </dev/null >&5
./configure: line 5527: --version: command not found
configure:5529: $? = 127
configure:5531:  -v </dev/null >&5
./configure: line 5532: -v: command not found
configure:5534: $? = 127
configure:5536:  -V </dev/null >&5
./configure: line 5537: -V: command not found
configure:5539: $? = 127
configure:5547: checking whether we are using the GNU Fortran 77 compiler
configure:5561:  -c  conftest.F >&5
./configure: line 5562: -c: command not found
configure:5567: $? = 127
configure: failed program was:
|       program main
| #ifndef __GNUC__
|        choke me
| #endif
| 
|       end
configure:5592: result: no
configure:5598: checking whether  accepts -g
configure:5610:  -c -g conftest.f >&5
./configure: line 5611: -c: command not found
configure:5616: $? = 127
configure: failed program was:
|       program main
| 
|       end
configure:5640: result: no
configure:5670: checking the maximum length of command line arguments
configure:5735: result: 32768
configure:5746: checking command to parse /toolchain/i486-TSOL-linux-gnu/bin//nm -B output from i486-TSOL-linux-gnu-gcc object
configure:5835: i486-TSOL-linux-gnu-gcc -c -Os -I/source/Xdialog-2.3.1/include  conftest.c >&5
configure:5838: $? = 0
configure:5842: /toolchain/i486-TSOL-linux-gnu/bin//nm -B conftest.o \| sed -n -e 's/^.*[ 	]\([ABCDGIRSTW][ABCDGIRSTW]*\)[ 	][ 	]*\(\)\([_A-Za-z][_A-Za-z0-9]*\)$/\1 \2\3 \3/p' \> conftest.nm
configure:5845: $? = 0
configure:5897: i486-TSOL-linux-gnu-gcc -o conftest -Os -I/source/Xdialog-2.3.1/include  -static-libgcc -L/source/Xdialog-2.3.1/lib conftest.c conftstm.o >&5
configure:5900: $? = 0
configure:5938: result: ok
configure:5942: checking for objdir
configure:5957: result: .libs
configure:6047: checking for ar
configure:6063: found /toolchain/i486-TSOL-linux-gnu/bin//ar
configure:6074: result: ar
configure:6127: checking for ranlib
configure:6143: found /toolchain/i486-TSOL-linux-gnu/bin//ranlib
configure:6154: result: ranlib
configure:6207: checking for strip
configure:6223: found /toolchain/i486-TSOL-linux-gnu/bin//strip
configure:6234: result: strip
configure:6496: checking if i486-TSOL-linux-gnu-gcc static flag  works
configure:6519: result: yes
configure:6537: checking if i486-TSOL-linux-gnu-gcc supports -fno-rtti -fno-exceptions
configure:6555: i486-TSOL-linux-gnu-gcc -c -Os -I/source/Xdialog-2.3.1/include  -fno-rtti -fno-exceptions conftest.c >&5
cc1: warning: command line option '-fno-rtti' is valid for C++/ObjC++ but not for C [enabled by default]
configure:6559: $? = 0
configure:6570: result: no
configure:6585: checking for i486-TSOL-linux-gnu-gcc option to produce PIC
configure:6762: result: -fPIC
configure:6770: checking if i486-TSOL-linux-gnu-gcc PIC flag -fPIC works
configure:6788: i486-TSOL-linux-gnu-gcc -c -Os -I/source/Xdialog-2.3.1/include  -fPIC -DPIC conftest.c >&5
configure:6792: $? = 0
configure:6803: result: yes
configure:6827: checking if i486-TSOL-linux-gnu-gcc supports -c -o file.o
configure:6848: i486-TSOL-linux-gnu-gcc -c -Os -I/source/Xdialog-2.3.1/include  -o out/conftest2.o conftest.c >&5
configure:6852: $? = 0
configure:6872: result: yes
configure:6898: checking whether the i486-TSOL-linux-gnu-gcc linker (i486-TSOL-linux-gnu-ld) supports shared libraries
configure:7745: result: yes
configure:7816: checking dynamic linker characteristics
configure:8356: result: GNU/Linux ld.so
configure:8360: checking how to hardcode library paths into programs
configure:8385: result: immediate
configure:8399: checking whether stripping libraries is possible
configure:8404: result: yes
configure:9227: checking if libtool supports shared libraries
configure:9229: result: yes
configure:9232: checking whether to build shared libraries
configure:9290: result: no
configure:9293: checking whether to build static libraries
configure:9297: result: yes
configure:9389: creating libtool
configure:9936: checking for ld used by i486-TSOL-linux-gnu-g++
configure:10003: result: i486-TSOL-linux-gnu-ld
configure:10012: checking if the linker (i486-TSOL-linux-gnu-ld) is GNU ld
configure:10027: result: yes
configure:10078: checking whether the i486-TSOL-linux-gnu-g++ linker (i486-TSOL-linux-gnu-ld) supports shared libraries
configure:10904: result: yes
configure:10922: i486-TSOL-linux-gnu-g++ -c -Os  conftest.cc >&5
configure:10925: $? = 0
configure:11021: checking for i486-TSOL-linux-gnu-g++ option to produce PIC
configure:11273: result: -fPIC
configure:11281: checking if i486-TSOL-linux-gnu-g++ PIC flag -fPIC works
configure:11299: i486-TSOL-linux-gnu-g++ -c -Os  -fPIC -DPIC conftest.cc >&5
configure:11303: $? = 0
configure:11314: result: yes
configure:11338: checking if i486-TSOL-linux-gnu-g++ supports -c -o file.o
configure:11359: i486-TSOL-linux-gnu-g++ -c -Os  -o out/conftest2.o conftest.cc >&5
configure:11363: $? = 0
configure:11383: result: yes
configure:11409: checking whether the i486-TSOL-linux-gnu-g++ linker (i486-TSOL-linux-gnu-ld) supports shared libraries
configure:11437: result: yes
configure:11508: checking dynamic linker characteristics
configure:12048: result: GNU/Linux ld.so
configure:12052: checking how to hardcode library paths into programs
configure:12077: result: immediate
configure:12091: checking whether stripping libraries is possible
configure:12096: result: yes
configure:19315: checking whether make sets $(MAKE)
configure:19335: result: yes
configure:19423: checking for dirent.h that defines DIR
configure:19447: i486-TSOL-linux-gnu-gcc -c -Os -I/source/Xdialog-2.3.1/include  conftest.c >&5
configure:19453: $? = 0
configure:19456: test -z 			 || test ! -s conftest.err
configure:19459: $? = 0
configure:19462: test -s conftest.o
configure:19465: $? = 0
configure:19476: result: yes
configure:19489: checking for library containing opendir
configure:19519: i486-TSOL-linux-gnu-gcc -o conftest -Os -I/source/Xdialog-2.3.1/include  -static-libgcc -L/source/Xdialog-2.3.1/lib conftest.c  >&5
configure:19525: $? = 0
configure:19528: test -z 			 || test ! -s conftest.err
configure:19531: $? = 0
configure:19534: test -s conftest
configure:19537: $? = 0
configure:19606: result: none required
configure:19740: checking for ANSI C header files
configure:19895: result: yes
configure:19922: checking fcntl.h usability
configure:19934: i486-TSOL-linux-gnu-gcc -c -Os -I/source/Xdialog-2.3.1/include  conftest.c >&5
configure:19940: $? = 0
configure:19943: test -z 			 || test ! -s conftest.err
configure:19946: $? = 0
configure:19949: test -s conftest.o
configure:19952: $? = 0
configure:19962: result: yes
configure:19966: checking fcntl.h presence
configure:19976: i486-TSOL-linux-gnu-gcc -E  conftest.c
configure:19982: $? = 0
configure:20002: result: yes
configure:20037: checking for fcntl.h
configure:20044: result: yes
configure:19913: checking for stdlib.h
configure:19918: result: yes
configure:19913: checking for string.h
configure:19918: result: yes
configure:19913: checking for unistd.h
configure:19918: result: yes
configure:20059: checking for an ANSI C-conforming const
configure:20126: i486-TSOL-linux-gnu-gcc -c -Os -I/source/Xdialog-2.3.1/include  conftest.c >&5
configure:20132: $? = 0
configure:20135: test -z 			 || test ! -s conftest.err
configure:20138: $? = 0
configure:20141: test -s conftest.o
configure:20144: $? = 0
configure:20155: result: yes
configure:20165: checking for pid_t
configure:20189: i486-TSOL-linux-gnu-gcc -c -Os -I/source/Xdialog-2.3.1/include  conftest.c >&5
configure:20195: $? = 0
configure:20198: test -z 			 || test ! -s conftest.err
configure:20201: $? = 0
configure:20204: test -s conftest.o
configure:20207: $? = 0
configure:20218: result: yes
configure:20236: checking for vprintf
configure:20293: i486-TSOL-linux-gnu-gcc -o conftest -Os -I/source/Xdialog-2.3.1/include  -static-libgcc -L/source/Xdialog-2.3.1/lib conftest.c  >&5
conftest.c:55:6: warning: conflicting types for built-in function 'vprintf' [enabled by default]
configure:20299: $? = 0
configure:20302: test -z 			 || test ! -s conftest.err
configure:20305: $? = 0
configure:20308: test -s conftest
configure:20311: $? = 0
configure:20323: result: yes
configure:20330: checking for _doprnt
configure:20387: i486-TSOL-linux-gnu-gcc -o conftest -Os -I/source/Xdialog-2.3.1/include  -static-libgcc -L/source/Xdialog-2.3.1/lib conftest.c  >&5
/tmp/cc2g84RF.o:(.data+0x0): undefined reference to `_doprnt'
/tmp/cc2g84RF.o: In function `main':
conftest.c:(.text.startup+0xb): undefined reference to `_doprnt'
collect2: ld returned 1 exit status
configure:20393: $? = 1
configure: failed program was:
| /* confdefs.h.  */
| 
| #define PACKAGE_NAME ""
| #define PACKAGE_TARNAME ""
| #define PACKAGE_VERSION ""
| #define PACKAGE_STRING ""
| #define PACKAGE_BUGREPORT ""
| #define PACKAGE "fontconfig"
| #define VERSION "2.2.3"
| #define STDC_HEADERS 1
| #define HAVE_SYS_TYPES_H 1
| #define HAVE_SYS_STAT_H 1
| #define HAVE_STDLIB_H 1
| #define HAVE_STRING_H 1
| #define HAVE_MEMORY_H 1
| #define HAVE_STRINGS_H 1
| #define HAVE_INTTYPES_H 1
| #define HAVE_STDINT_H 1
| #define HAVE_UNISTD_H 1
| #define HAVE_DLFCN_H 1
| #ifdef __cplusplus
| extern "C" void exit (int) throw ();
| #endif
| #define HAVE_DIRENT_H 1
| #define STDC_HEADERS 1
| #define HAVE_FCNTL_H 1
| #define HAVE_STDLIB_H 1
| #define HAVE_STRING_H 1
| #define HAVE_UNISTD_H 1
| #define HAVE_VPRINTF 1
| /* end confdefs.h.  */
| /* Define _doprnt to an innocuous variant, in case <limits.h> declares _doprnt.
|    For example, HP-UX 11i <limits.h> declares gettimeofday.  */
| #define _doprnt innocuous__doprnt
| 
| /* System header to define __stub macros and hopefully few prototypes,
|     which can conflict with char _doprnt (); below.
|     Prefer <limits.h> to <assert.h> if __STDC__ is defined, since
|     <limits.h> exists even on freestanding compilers.  */
| 
| #ifdef __STDC__
| # include <limits.h>
| #else
| # include <assert.h>
| #endif
| 
| #undef _doprnt
| 
| /* Override any gcc2 internal prototype to avoid an error.  */
| #ifdef __cplusplus
| extern "C"
| {
| #endif
| /* We use char because int might match the return type of a gcc2
|    builtin and then its argument prototype would still apply.  */
| char _doprnt ();
| /* The GNU C library defines this for functions which it implements
|     to always fail with ENOSYS.  Some functions are actually named
|     something starting with __ and the normal name is an alias.  */
| #if defined (__stub__doprnt) || defined (__stub____doprnt)
| choke me
| #else
| char (*f) () = _doprnt;
| #endif
| #ifdef __cplusplus
| }
| #endif
| 
| int
| main ()
| {
| return f != _doprnt;
|   ;
|   return 0;
| }
configure:20417: result: no
configure:20445: checking for geteuid
configure:20502: i486-TSOL-linux-gnu-gcc -o conftest -Os -I/source/Xdialog-2.3.1/include  -static-libgcc -L/source/Xdialog-2.3.1/lib conftest.c  >&5
configure:20508: $? = 0
configure:20511: test -z 			 || test ! -s conftest.err
configure:20514: $? = 0
configure:20517: test -s conftest
configure:20520: $? = 0
configure:20532: result: yes
configure:20445: checking for getuid
configure:20502: i486-TSOL-linux-gnu-gcc -o conftest -Os -I/source/Xdialog-2.3.1/include  -static-libgcc -L/source/Xdialog-2.3.1/lib conftest.c  >&5
configure:20508: $? = 0
configure:20511: test -z 			 || test ! -s conftest.err
configure:20514: $? = 0
configure:20517: test -s conftest
configure:20520: $? = 0
configure:20532: result: yes
configure:20445: checking for link
configure:20502: i486-TSOL-linux-gnu-gcc -o conftest -Os -I/source/Xdialog-2.3.1/include  -static-libgcc -L/source/Xdialog-2.3.1/lib conftest.c  >&5
configure:20508: $? = 0
configure:20511: test -z 			 || test ! -s conftest.err
configure:20514: $? = 0
configure:20517: test -s conftest
configure:20520: $? = 0
configure:20532: result: yes
configure:20445: checking for memmove
configure:20502: i486-TSOL-linux-gnu-gcc -o conftest -Os -I/source/Xdialog-2.3.1/include  -static-libgcc -L/source/Xdialog-2.3.1/lib conftest.c  >&5
conftest.c:59:6: warning: conflicting types for built-in function 'memmove' [enabled by default]
configure:20508: $? = 0
configure:20511: test -z 			 || test ! -s conftest.err
configure:20514: $? = 0
configure:20517: test -s conftest
configure:20520: $? = 0
configure:20532: result: yes
configure:20445: checking for memset
configure:20502: i486-TSOL-linux-gnu-gcc -o conftest -Os -I/source/Xdialog-2.3.1/include  -static-libgcc -L/source/Xdialog-2.3.1/lib conftest.c  >&5
conftest.c:60:6: warning: conflicting types for built-in function 'memset' [enabled by default]
configure:20508: $? = 0
configure:20511: test -z 			 || test ! -s conftest.err
configure:20514: $? = 0
configure:20517: test -s conftest
configure:20520: $? = 0
configure:20532: result: yes
configure:20445: checking for mkstemp
configure:20502: i486-TSOL-linux-gnu-gcc -o conftest -Os -I/source/Xdialog-2.3.1/include  -static-libgcc -L/source/Xdialog-2.3.1/lib conftest.c  >&5
configure:20508: $? = 0
configure:20511: test -z 			 || test ! -s conftest.err
configure:20514: $? = 0
configure:20517: test -s conftest
configure:20520: $? = 0
configure:20532: result: yes
configure:20445: checking for strchr
configure:20502: i486-TSOL-linux-gnu-gcc -o conftest -Os -I/source/Xdialog-2.3.1/include  -static-libgcc -L/source/Xdialog-2.3.1/lib conftest.c  >&5
conftest.c:62:6: warning: conflicting types for built-in function 'strchr' [enabled by default]
configure:20508: $? = 0
configure:20511: test -z 			 || test ! -s conftest.err
configure:20514: $? = 0
configure:20517: test -s conftest
configure:20520: $? = 0
configure:20532: result: yes
configure:20445: checking for strrchr
configure:20502: i486-TSOL-linux-gnu-gcc -o conftest -Os -I/source/Xdialog-2.3.1/include  -static-libgcc -L/source/Xdialog-2.3.1/lib conftest.c  >&5
conftest.c:63:6: warning: conflicting types for built-in function 'strrchr' [enabled by default]
configure:20508: $? = 0
configure:20511: test -z 			 || test ! -s conftest.err
configure:20514: $? = 0
configure:20517: test -s conftest
configure:20520: $? = 0
configure:20532: result: yes
configure:20445: checking for strtol
configure:20502: i486-TSOL-linux-gnu-gcc -o conftest -Os -I/source/Xdialog-2.3.1/include  -static-libgcc -L/source/Xdialog-2.3.1/lib conftest.c  >&5
configure:20508: $? = 0
configure:20511: test -z 			 || test ! -s conftest.err
configure:20514: $? = 0
configure:20517: test -s conftest
configure:20520: $? = 0
configure:20532: result: yes
configure:20445: checking for getopt
configure:20502: i486-TSOL-linux-gnu-gcc -o conftest -Os -I/source/Xdialog-2.3.1/include  -static-libgcc -L/source/Xdialog-2.3.1/lib conftest.c  >&5
configure:20508: $? = 0
configure:20511: test -z 			 || test ! -s conftest.err
configure:20514: $? = 0
configure:20517: test -s conftest
configure:20520: $? = 0
configure:20532: result: yes
configure:20445: checking for getopt_long
configure:20502: i486-TSOL-linux-gnu-gcc -o conftest -Os -I/source/Xdialog-2.3.1/include  -static-libgcc -L/source/Xdialog-2.3.1/lib conftest.c  >&5
configure:20508: $? = 0
configure:20511: test -z 			 || test ! -s conftest.err
configure:20514: $? = 0
configure:20517: test -s conftest
configure:20520: $? = 0
configure:20532: result: yes
configure:20559: checking for freetype-config
configure:20577: found /source/Xdialog-2.3.1/bin/freetype-config
configure:20590: result: /source/Xdialog-2.3.1/bin/freetype-config
configure:20626: checking for FT_Get_First_Char
configure:20683: i486-TSOL-linux-gnu-gcc -o conftest -Os -I/source/Xdialog-2.3.1/include -I/source/Xdialog-2.3.1/include/freetype2 -I/source/Xdialog-2.3.1/include  -static-libgcc -L/source/Xdialog-2.3.1/lib conftest.c  -L/source/Xdialog-2.3.1/lib -lfreetype -lz >&5
configure:20689: $? = 0
configure:20692: test -z 			 || test ! -s conftest.err
configure:20695: $? = 0
configure:20698: test -s conftest
configure:20701: $? = 0
configure:20713: result: yes
configure:20626: checking for FT_Get_Next_Char
configure:20683: i486-TSOL-linux-gnu-gcc -o conftest -Os -I/source/Xdialog-2.3.1/include -I/source/Xdialog-2.3.1/include/freetype2 -I/source/Xdialog-2.3.1/include  -static-libgcc -L/source/Xdialog-2.3.1/lib conftest.c  -L/source/Xdialog-2.3.1/lib -lfreetype -lz >&5
configure:20689: $? = 0
configure:20692: test -z 			 || test ! -s conftest.err
configure:20695: $? = 0
configure:20698: test -s conftest
configure:20701: $? = 0
configure:20713: result: yes
configure:20626: checking for FT_Get_BDF_Property
configure:20683: i486-TSOL-linux-gnu-gcc -o conftest -Os -I/source/Xdialog-2.3.1/include -I/source/Xdialog-2.3.1/include/freetype2 -I/source/Xdialog-2.3.1/include  -static-libgcc -L/source/Xdialog-2.3.1/lib conftest.c  -L/source/Xdialog-2.3.1/lib -lfreetype -lz >&5
configure:20689: $? = 0
configure:20692: test -z 			 || test ! -s conftest.err
configure:20695: $? = 0
configure:20698: test -s conftest
configure:20701: $? = 0
configure:20713: result: yes
configure:20723: checking for FT_Bitmap_Size.y_ppem
configure:20748: i486-TSOL-linux-gnu-gcc -c -Os -I/source/Xdialog-2.3.1/include -I/source/Xdialog-2.3.1/include/freetype2 -I/source/Xdialog-2.3.1/include  conftest.c >&5
configure:20754: $? = 0
configure:20757: test -z 			 || test ! -s conftest.err
configure:20760: $? = 0
configure:20763: test -s conftest.o
configure:20766: $? = 0
configure:20824: result: yes
configure:20914: checking expat.h usability
configure:20926: i486-TSOL-linux-gnu-gcc -c -Os -I/source/Xdialog-2.3.1/include   conftest.c >&5
configure:20932: $? = 0
configure:20935: test -z 			 || test ! -s conftest.err
configure:20938: $? = 0
configure:20941: test -s conftest.o
configure:20944: $? = 0
configure:20954: result: yes
configure:20958: checking expat.h presence
configure:20968: i486-TSOL-linux-gnu-gcc -E   conftest.c
configure:20974: $? = 0
configure:20994: result: yes
configure:21029: checking for expat.h
configure:21036: result: yes
configure:21211: checking for XML_ParserCreate
configure:21268: i486-TSOL-linux-gnu-gcc -o conftest -Os -I/source/Xdialog-2.3.1/include   -static-libgcc -L/source/Xdialog-2.3.1/lib conftest.c  -lexpat >&5
configure:21274: $? = 0
configure:21277: test -z 			 || test ! -s conftest.err
configure:21280: $? = 0
configure:21283: test -s conftest
configure:21286: $? = 0
configure:21298: result: yes
configure:21498: checking for docbook2html
configure:21525: result: no
configure:21722: creating ./config.status

## ---------------------- ##
## Running config.status. ##
## ---------------------- ##

This file was extended by config.status, which was
generated by GNU Autoconf 2.59.  Invocation command line was

  CONFIG_FILES    = 
  CONFIG_HEADERS  = 
  CONFIG_LINKS    = 
  CONFIG_COMMANDS = 
  $ ./config.status 

on ubuntu4

config.status:799: creating Makefile
config.status:799: creating fontconfig/Makefile
config.status:799: creating fc-lang/Makefile
config.status:799: creating src/Makefile
config.status:799: creating src/fontconfig.def
config.status:799: creating fc-cache/Makefile
config.status:799: creating fc-list/Makefile
config.status:799: creating doc/Makefile
config.status:799: creating doc/version.sgml
config.status:799: creating test/Makefile
config.status:799: creating fontconfig.spec
config.status:799: creating fontconfig.pc
config.status:799: creating fonts.conf
config.status:799: creating fontconfig-zip
config.status:865: creating config.h
config.status:1225: executing depfiles commands

## ---------------- ##
## Cache variables. ##
## ---------------- ##

ac_cv_build=i686-pc-linux-gnu
ac_cv_build_alias=i686-pc-linux-gnu
ac_cv_c_compiler_gnu=yes
ac_cv_c_const=yes
ac_cv_cxx_compiler_gnu=yes
ac_cv_env_CC_set=set
ac_cv_env_CC_value=i486-TSOL-linux-gnu-gcc
ac_cv_env_CFLAGS_set=set
ac_cv_env_CFLAGS_value='-Os -I/source/Xdialog-2.3.1/include'
ac_cv_env_CPPFLAGS_set=
ac_cv_env_CPPFLAGS_value=
ac_cv_env_CPP_set=
ac_cv_env_CPP_value=
ac_cv_env_CXXCPP_set=
ac_cv_env_CXXCPP_value=
ac_cv_env_CXXFLAGS_set=set
ac_cv_env_CXXFLAGS_value=-Os
ac_cv_env_CXX_set=set
ac_cv_env_CXX_value=i486-TSOL-linux-gnu-g++
ac_cv_env_F77_set=
ac_cv_env_F77_value=
ac_cv_env_FFLAGS_set=
ac_cv_env_FFLAGS_value=
ac_cv_env_LDFLAGS_set=set
ac_cv_env_LDFLAGS_value='-static-libgcc -L/source/Xdialog-2.3.1/lib'
ac_cv_env_build_alias_set=
ac_cv_env_build_alias_value=
ac_cv_env_host_alias_set=
ac_cv_env_host_alias_value=
ac_cv_env_target_alias_set=
ac_cv_env_target_alias_value=
ac_cv_exeext=
ac_cv_f77_compiler_gnu=no
ac_cv_func_FT_Get_BDF_Property=yes
ac_cv_func_FT_Get_First_Char=yes
ac_cv_func_FT_Get_Next_Char=yes
ac_cv_func_XML_ParserCreate=yes
ac_cv_func__doprnt=no
ac_cv_func_geteuid=yes
ac_cv_func_getopt=yes
ac_cv_func_getopt_long=yes
ac_cv_func_getuid=yes
ac_cv_func_link=yes
ac_cv_func_memmove=yes
ac_cv_func_memset=yes
ac_cv_func_mkstemp=yes
ac_cv_func_strchr=yes
ac_cv_func_strrchr=yes
ac_cv_func_strtol=yes
ac_cv_func_vprintf=yes
ac_cv_header_dirent_dirent_h=yes
ac_cv_header_dlfcn_h=yes
ac_cv_header_expat_h=yes
ac_cv_header_fcntl_h=yes
ac_cv_header_inttypes_h=yes
ac_cv_header_memory_h=yes
ac_cv_header_stdc=yes
ac_cv_header_stdint_h=yes
ac_cv_header_stdlib_h=yes
ac_cv_header_string_h=yes
ac_cv_header_strings_h=yes
ac_cv_header_sys_stat_h=yes
ac_cv_header_sys_types_h=yes
ac_cv_header_unistd_h=yes
ac_cv_host=i686-pc-linux-gnu
ac_cv_host_alias=i686-pc-linux-gnu
ac_cv_member_FT_Bitmap_Size_y_ppem=yes
ac_cv_objext=o
ac_cv_path_ft_config=/source/Xdialog-2.3.1/bin/freetype-config
ac_cv_path_install='/bin/install -c'
ac_cv_prog_AWK=gawk
ac_cv_prog_CPP='i486-TSOL-linux-gnu-gcc -E'
ac_cv_prog_CXXCPP='i486-TSOL-linux-gnu-g++ -E'
ac_cv_prog_HASDOCBOOK=no
ac_cv_prog_ac_ct_AR=ar
ac_cv_prog_ac_ct_CC=i486-TSOL-linux-gnu-gcc
ac_cv_prog_ac_ct_RANLIB=ranlib
ac_cv_prog_ac_ct_STRIP=strip
ac_cv_prog_cc_g=yes
ac_cv_prog_cc_stdc=
ac_cv_prog_cxx_g=yes
ac_cv_prog_egrep='grep -E'
ac_cv_prog_f77_g=no
ac_cv_prog_make_make_set=yes
ac_cv_search_opendir='none required'
ac_cv_type_pid_t=yes
am_cv_CC_dependencies_compiler_type=gcc3
am_cv_CXX_dependencies_compiler_type=gcc3
lt_cv_deplibs_check_method=pass_all
lt_cv_file_magic_cmd='$MAGIC_CMD'
lt_cv_file_magic_test_file=
lt_cv_ld_reload_flag=-r
lt_cv_objdir=.libs
lt_cv_path_LD=i486-TSOL-linux-gnu-ld
lt_cv_path_LDCXX=i486-TSOL-linux-gnu-ld
lt_cv_path_NM='/toolchain/i486-TSOL-linux-gnu/bin//nm -B'
lt_cv_path_SED=/usr/bin/sed
lt_cv_prog_compiler_c_o=yes
lt_cv_prog_compiler_c_o_CXX=yes
lt_cv_prog_compiler_rtti_exceptions=no
lt_cv_prog_gnu_ld=yes
lt_cv_prog_gnu_ldcxx=yes
lt_cv_sys_global_symbol_pipe='sed -n -e '\''s/^.*[ 	]\([ABCDGIRSTW][ABCDGIRSTW]*\)[ 	][ 	]*\(\)\([_A-Za-z][_A-Za-z0-9]*\)$/\1 \2\3 \3/p'\'''
lt_cv_sys_global_symbol_to_c_name_address='sed -n -e '\''s/^: \([^ ]*\) $/  {\"\1\", (lt_ptr) 0},/p'\'' -e '\''s/^[BCDEGRST] \([^ ]*\) \([^ ]*\)$/  {"\2", (lt_ptr) \&\2},/p'\'''
lt_cv_sys_global_symbol_to_cdecl='sed -n -e '\''s/^. .* \(.*\)$/extern int \1;/p'\'''
lt_cv_sys_max_cmd_len=32768
lt_lt_cv_prog_compiler_c_o='"yes"'
lt_lt_cv_prog_compiler_c_o_CXX='"yes"'
lt_lt_cv_sys_global_symbol_pipe='"sed -n -e '\''s/^.*[ 	]\\([ABCDGIRSTW][ABCDGIRSTW]*\\)[ 	][ 	]*\\(\\)\\([_A-Za-z][_A-Za-z0-9]*\\)\$/\\1 \\2\\3 \\3/p'\''"'
lt_lt_cv_sys_global_symbol_to_c_name_address='"sed -n -e '\''s/^: \\([^ ]*\\) \$/  {\\\"\\1\\\", (lt_ptr) 0},/p'\'' -e '\''s/^[BCDEGRST] \\([^ ]*\\) \\([^ ]*\\)\$/  {\"\\2\", (lt_ptr) \\&\\2},/p'\''"'
lt_lt_cv_sys_global_symbol_to_cdecl='"sed -n -e '\''s/^. .* \\(.*\\)\$/extern int \\1;/p'\''"'

## ----------------- ##
## Output variables. ##
## ----------------- ##

ACLOCAL='${SHELL} /source/gtk/2.4.0/fontconfig-2.2.3/missing --run aclocal-1.7'
AMDEPBACKSLASH='\'
AMDEP_FALSE='#'
AMDEP_TRUE=''
AMTAR='${SHELL} /source/gtk/2.4.0/fontconfig-2.2.3/missing --run tar'
AR='ar'
AS='as'
AUTOCONF='${SHELL} /source/gtk/2.4.0/fontconfig-2.2.3/missing --run autoconf'
AUTOHEADER='${SHELL} /source/gtk/2.4.0/fontconfig-2.2.3/missing --run autoheader'
AUTOMAKE='${SHELL} /source/gtk/2.4.0/fontconfig-2.2.3/missing --run automake-1.7'
AWK='gawk'
CC='i486-TSOL-linux-gnu-gcc'
CCDEPMODE='depmode=gcc3'
CFLAGS='-Os -I/source/Xdialog-2.3.1/include'
CONFDIR='/etc/fonts'
CPP='i486-TSOL-linux-gnu-gcc -E'
CPPFLAGS=''
CXX='i486-TSOL-linux-gnu-g++'
CXXCPP='i486-TSOL-linux-gnu-g++ -E'
CXXDEPMODE='depmode=gcc3'
CXXFLAGS='-Os'
CYGPATH_W='echo'
DEFS='-DHAVE_CONFIG_H'
DEPDIR='.deps'
DLLTOOL='dlltool'
DOCDIR='${datadir}/doc/fontconfig'
ECHO='echo'
ECHO_C=''
ECHO_N='-n'
ECHO_T=''
EGREP='grep -E'
ENABLE_DOCS_FALSE=''
ENABLE_DOCS_TRUE='#'
EXEEXT=''
EXPAT_CFLAGS=''
EXPAT_LIBS='-lexpat'
F77=''
FC_ADD_FONTS=''
FC_DEFAULT_FONTS='/usr/share/fonts'
FC_FONTDATE='Fri Dec 14 15:10:26 Local time zone must be set--see zic manual page 2012'
FC_FONTPATH=''
FFLAGS=''
FREETYPE_CFLAGS='-I/source/Xdialog-2.3.1/include/freetype2 -I/source/Xdialog-2.3.1/include'
FREETYPE_LIBS='-L/source/Xdialog-2.3.1/lib -lfreetype -lz'
HASDOCBOOK='no'
HAVE_EXPAT='1'
HAVE_XMLPARSE_H=''
INSTALL_DATA='${INSTALL} -m 644'
INSTALL_PROGRAM='${INSTALL}'
INSTALL_SCRIPT='${INSTALL}'
INSTALL_STRIP_PROGRAM='${SHELL} $(install_sh) -c -s'
LDFLAGS='-static-libgcc -L/source/Xdialog-2.3.1/lib'
LIBOBJS=''
LIBS=''
LIBTOOL='$(SHELL) $(top_builddir)/libtool'
LN_S='ln -s'
LTLIBOBJS=''
LT_CURRENT='1'
LT_CURRENT_MINUS_AGE='1'
LT_REVISION='4'
LT_VERSION_INFO='1:4:0'
MAINT='#'
MAINTAINER_MODE_FALSE=''
MAINTAINER_MODE_TRUE='#'
MAKEINFO='${SHELL} /source/gtk/2.4.0/fontconfig-2.2.3/missing --run makeinfo'
MS_LIB_AVAILABLE_FALSE=''
MS_LIB_AVAILABLE_TRUE='#'
OBJDUMP='objdump'
OBJEXT='o'
ORTH_FILES='aa.orth ab.orth af.orth am.orth ar.orth ast.orth ava.orth ay.orth az.orth ba.orth bam.orth be.orth bg.orth bh.orth bho.orth bi.orth bin.orth bn.orth bo.orth br.orth bs.orth bua.orth ca.orth ce.orth ch.orth chm.orth chr.orth co.orth cs.orth cu.orth cv.orth cy.orth da.orth de.orth dz.orth el.orth en.orth eo.orth es.orth et.orth eu.orth fa.orth fi.orth fj.orth fo.orth fr.orth ful.orth fur.orth fy.orth ga.orth gd.orth gez.orth gl.orth gn.orth gu.orth gv.orth ha.orth haw.orth he.orth hi.orth ho.orth hr.orth hu.orth hy.orth ia.orth ibo.orth id.orth ie.orth ik.orth io.orth is.orth it.orth iu.orth ja.orth ka.orth kaa.orth ki.orth kk.orth kl.orth km.orth kn.orth ko.orth kok.orth ks.orth ku.orth kum.orth kv.orth kw.orth ky.orth la.orth lb.orth lez.orth lo.orth lt.orth lv.orth mg.orth mh.orth mi.orth mk.orth ml.orth mn.orth mo.orth mr.orth mt.orth my.orth nb.orth ne.orth nl.orth nn.orth no.orth ny.orth oc.orth om.orth or.orth os.orth pl.orth pt.orth rm.orth ro.orth ru.orth sa.orth sah.orth sco.orth se.orth sel.orth sh.orth si.orth sk.orth sl.orth sm.orth sma.orth smj.orth smn.orth sms.orth so.orth sq.orth sr.orth sv.orth sw.orth syr.orth ta.orth te.orth tg.orth th.orth ti_er.orth ti_et.orth tig.orth tk.orth tl.orth tn.orth to.orth tr.orth ts.orth tt.orth tw.orth tyv.orth ug.orth uk.orth ur.orth uz.orth ven.orth vi.orth vo.orth vot.orth wa.orth wen.orth wo.orth xh.orth yap.orth yi.orth yo.orth zh_cn.orth zh_hk.orth zh_mo.orth zh_sg.orth zh_tw.orth zu.orth'
OS_WIN32_FALSE=''
OS_WIN32_TRUE='#'
PACKAGE='fontconfig'
PACKAGE_BUGREPORT=''
PACKAGE_NAME=''
PACKAGE_STRING=''
PACKAGE_TARNAME=''
PACKAGE_VERSION=''
PATH_SEPARATOR=':'
RANLIB='ranlib'
SET_MAKE=''
SHELL='/bin/sh'
STRIP='strip'
VERSION='2.2.3'
ac_ct_AR='ar'
ac_ct_AS=''
ac_ct_CC='i486-TSOL-linux-gnu-gcc'
ac_ct_CXX=''
ac_ct_DLLTOOL=''
ac_ct_F77=''
ac_ct_OBJDUMP=''
ac_ct_RANLIB='ranlib'
ac_ct_STRIP='strip'
am__fastdepCC_FALSE='#'
am__fastdepCC_TRUE=''
am__fastdepCXX_FALSE='#'
am__fastdepCXX_TRUE=''
am__include='include'
am__leading_dot='.'
am__quote=''
bindir='${exec_prefix}/bin'
build='i686-pc-linux-gnu'
build_alias=''
build_cpu='i686'
build_os='linux-gnu'
build_vendor='pc'
confdir='/etc/fonts'
datadir='${prefix}/share'
exec_prefix='${prefix}'
ft_config='/source/Xdialog-2.3.1/bin/freetype-config'
host='i686-pc-linux-gnu'
host_alias=''
host_cpu='i686'
host_os='linux-gnu'
host_vendor='pc'
includedir='${prefix}/include'
infodir='${prefix}/info'
install_sh='/source/gtk/2.4.0/fontconfig-2.2.3/install-sh'
libdir='${exec_prefix}/lib'
libexecdir='${exec_prefix}/libexec'
localstatedir='${prefix}/var'
mandir='${prefix}/man'
ms_librarian=''
oldincludedir='/usr/include'
prefix='/source/Xdialog-2.3.1'
program_transform_name='s,x,x,'
sbindir='${exec_prefix}/sbin'
sharedstatedir='${prefix}/com'
sysconfdir='${prefix}/etc'
target_alias=''

## ----------- ##
## confdefs.h. ##
## ----------- ##

#define CONFDIR "/etc/fonts"
#define FC_ADD_FONTS "yes"
#define FC_DEFAULT_FONTS "/usr/share/fonts"
#define HAVE_DIRENT_H 1
#define HAVE_DLFCN_H 1
#define HAVE_EXPAT 1
#define HAVE_FCNTL_H 1
#define HAVE_FT_BITMAP_SIZE_Y_PPEM 1
#define HAVE_FT_GET_BDF_PROPERTY 1
#define HAVE_FT_GET_FIRST_CHAR 1
#define HAVE_FT_GET_NEXT_CHAR 1
#define HAVE_GETEUID 1
#define HAVE_GETOPT 1
#define HAVE_GETOPT_LONG 1
#define HAVE_GETUID 1
#define HAVE_INTTYPES_H 1
#define HAVE_LINK 1
#define HAVE_MEMMOVE 1
#define HAVE_MEMORY_H 1
#define HAVE_MEMSET 1
#define HAVE_MKSTEMP 1
#define HAVE_STDINT_H 1
#define HAVE_STDLIB_H 1
#define HAVE_STDLIB_H 1
#define HAVE_STRCHR 1
#define HAVE_STRINGS_H 1
#define HAVE_STRING_H 1
#define HAVE_STRING_H 1
#define HAVE_STRRCHR 1
#define HAVE_STRTOL 1
#define HAVE_SYS_STAT_H 1
#define HAVE_SYS_TYPES_H 1
#define HAVE_UNISTD_H 1
#define HAVE_UNISTD_H 1
#define HAVE_VPRINTF 1
#define HAVE_XML_PARSERCREATE 1
#define PACKAGE "fontconfig"
#define PACKAGE_BUGREPORT ""
#define PACKAGE_NAME ""
#define PACKAGE_STRING ""
#define PACKAGE_TARNAME ""
#define PACKAGE_VERSION ""
#define STDC_HEADERS 1
#define STDC_HEADERS 1
#define VERSION "2.2.3"
#endif
#ifdef __cplusplus
extern "C" void exit (int) throw ();

configure: exit 0
