This file contains any messages produced by compilers while
running configure, to aid debugging if configure makes a mistake.

It was created by gtk+ configure 2.4.0, which was
generated by GNU Autoconf 2.59.  Invocation command line was

  $ ./configure --prefix=/source/Xdialog-2.3.1 --with-x --x-includes=/usr/xorg/include/ --x-libraries=/usr/xorg/lib --disable-glibtest --enable-debug=no --enable-static=yes --enable-shared=no --disable-shadowfb --enable-man=no --enable-gtk-doc=no --with-included-loaders=xpm,png --without-libjpeg --without-libtiff --disable-modules --enable-fbmanager=no CFLAGS=-Os -I/source/Xdialog-2.3.1/include LDFLAGS=-static-libgcc -L/source/Xdialog-2.3.1/lib PKG_CONFIG_PATH=/source/Xdialog-2.3.1/lib/pkgconfig:/usr/xorg/lib/pkgconfig:/usr/xorg/share/pkgconfig:

## --------- ##
## Platform. ##
## --------- ##

hostname = ubuntu4
uname -m = i686
uname -r = 3.2.16-030216-generic
uname -s = Linux
uname -v = #201204221935 SMP Sun Apr 22 23:42:49 UTC 2012

/usr/bin/uname -p = unknown
/bin/uname -X     = unknown

/bin/arch              = unknown
/usr/bin/arch -k       = unknown
/usr/convex/getsysinfo = unknown
hostinfo               = unknown
/bin/machine           = unknown
/usr/bin/oslevel       = unknown
/bin/universe          = unknown

PATH: /source/Xdialog-2.3.1/bin
PATH: /source/docbook-xsl-1.76.1/tools/bin
PATH: /bin
PATH: /sbin
PATH: /usr/bin
PATH: /usr/sbin
PATH: /usr/bin/X11
PATH: /usr/local/bin
PATH: /toolchain/bin
PATH: /toolchain/i486-TSOL-linux-gnu/bin/
PATH: /root/.local/bin
PATH: /usr/xorg/bin


## ----------- ##
## Core tests. ##
## ----------- ##

configure:1601: checking for a BSD-compatible install
configure:1656: result: /bin/install -c
configure:1667: checking whether build environment is sane
configure:1710: result: yes
configure:1743: checking for gawk
configure:1759: found /usr/bin/gawk
configure:1769: result: gawk
configure:1779: checking whether make sets $(MAKE)
configure:1799: result: yes
configure:2022: checking for native Win32
configure:2033: result: no
configure:2082: checking for gcc
configure:2108: result: i486-TSOL-linux-gnu-gcc
configure:2352: checking for C compiler version
configure:2355: i486-TSOL-linux-gnu-gcc --version </dev/null >&5
i486-TSOL-linux-gnu-gcc (crosstool-NG 1.15.2) 4.6.3
Copyright (C) 2011 Free Software Foundation, Inc.
This is free software; see the source for copying conditions.  There is NO
warranty; not even for MERCHANTABILITY or FITNESS FOR A PARTICULAR PURPOSE.

configure:2358: $? = 0
configure:2360: i486-TSOL-linux-gnu-gcc -v </dev/null >&5
Using built-in specs.
COLLECT_GCC=i486-TSOL-linux-gnu-gcc
COLLECT_LTO_WRAPPER=/toolchain/libexec/gcc/i486-TSOL-linux-gnu/4.6.3/lto-wrapper
Target: i486-TSOL-linux-gnu
Configured with: /TSOL/crosstool-ng-1.15.2/bin/.build/src/gcc-4.6.3/configure --build=i686-build_pc-linux-gnu --host=i686-build_pc-linux-gnu --target=i486-TSOL-linux-gnu --prefix=/toolchain --with-sysroot=/toolchain/i486-TSOL-linux-gnu/sysroot --enable-languages=c,c++ --with-arch=i486 --with-pkgversion='crosstool-NG 1.15.2' --enable-__cxa_atexit --disable-libmudflap --disable-libgomp --disable-libssp --with-gmp=/TSOL/crosstool-ng-1.15.2/bin/.build/i486-TSOL-linux-gnu/buildtools --with-mpfr=/TSOL/crosstool-ng-1.15.2/bin/.build/i486-TSOL-linux-gnu/buildtools --with-mpc=/TSOL/crosstool-ng-1.15.2/bin/.build/i486-TSOL-linux-gnu/buildtools --with-ppl=/TSOL/crosstool-ng-1.15.2/bin/.build/i486-TSOL-linux-gnu/buildtools --with-cloog=/TSOL/crosstool-ng-1.15.2/bin/.build/i486-TSOL-linux-gnu/buildtools --with-libelf=no --with-host-libstdcxx='-static-libgcc -Wl,-Bstatic,-lstdc++,-Bdynamic -lm -L/TSOL/crosstool-ng-1.15.2/bin/.build/i486-TSOL-linux-gnu/buildtools/lib -lpwl' --enable-threads=posix --enable-target-optspace --disable-multilib --with-local-prefix=/toolchain/i486-TSOL-linux-gnu/sysroot --enable-c99 --enable-long-long
Thread model: posix
gcc version 4.6.3 (crosstool-NG 1.15.2) 
configure:2363: $? = 0
configure:2365: i486-TSOL-linux-gnu-gcc -V </dev/null >&5
i486-TSOL-linux-gnu-gcc: error: unrecognized option '-V'
i486-TSOL-linux-gnu-gcc: fatal error: no input files
compilation terminated.
configure:2368: $? = 1
configure:2391: checking for C compiler default output file name
configure:2394: i486-TSOL-linux-gnu-gcc -Os -I/source/Xdialog-2.3.1/include  -static-libgcc -L/source/Xdialog-2.3.1/lib conftest.c  >&5
configure:2397: $? = 0
configure:2443: result: a.out
configure:2448: checking whether the C compiler works
configure:2454: ./a.out
configure:2457: $? = 0
configure:2474: result: yes
configure:2481: checking whether we are cross compiling
configure:2483: result: no
configure:2486: checking for suffix of executables
configure:2488: i486-TSOL-linux-gnu-gcc -o conftest -Os -I/source/Xdialog-2.3.1/include  -static-libgcc -L/source/Xdialog-2.3.1/lib conftest.c  >&5
configure:2491: $? = 0
configure:2516: result: 
configure:2522: checking for suffix of object files
configure:2543: i486-TSOL-linux-gnu-gcc -c -Os -I/source/Xdialog-2.3.1/include  conftest.c >&5
configure:2546: $? = 0
configure:2568: result: o
configure:2572: checking whether we are using the GNU C compiler
configure:2596: i486-TSOL-linux-gnu-gcc -c -Os -I/source/Xdialog-2.3.1/include  conftest.c >&5
configure:2602: $? = 0
configure:2606: test -z 
			 || test ! -s conftest.err
configure:2609: $? = 0
configure:2612: test -s conftest.o
configure:2615: $? = 0
configure:2628: result: yes
configure:2634: checking whether i486-TSOL-linux-gnu-gcc accepts -g
configure:2655: i486-TSOL-linux-gnu-gcc -c -g  conftest.c >&5
configure:2661: $? = 0
configure:2665: test -z 
			 || test ! -s conftest.err
configure:2668: $? = 0
configure:2671: test -s conftest.o
configure:2674: $? = 0
configure:2685: result: yes
configure:2702: checking for i486-TSOL-linux-gnu-gcc option to accept ANSI C
configure:2772: i486-TSOL-linux-gnu-gcc  -c -Os -I/source/Xdialog-2.3.1/include  conftest.c >&5
configure:2778: $? = 0
configure:2782: test -z 
			 || test ! -s conftest.err
configure:2785: $? = 0
configure:2788: test -s conftest.o
configure:2791: $? = 0
configure:2809: result: none needed
configure:2827: i486-TSOL-linux-gnu-gcc -c -Os -I/source/Xdialog-2.3.1/include  conftest.c >&5
conftest.c:2:3: error: unknown type name 'choke'
conftest.c:2:3: error: expected '=', ',', ';', 'asm' or '__attribute__' at end of input
configure:2833: $? = 1
configure: failed program was:
| #ifndef __cplusplus
|   choke me
| #endif
configure:2977: checking for style of include used by make
configure:3005: result: GNU
configure:3033: checking dependency style of i486-TSOL-linux-gnu-gcc
configure:3116: result: gcc3
configure:3226: checking build system type
configure:3244: result: i686-pc-linux-gnu
configure:3252: checking host system type
configure:3266: result: i686-pc-linux-gnu
configure:3274: checking for a sed that does not truncate output
configure:3328: result: /usr/bin/sed
configure:3331: checking for egrep
configure:3341: result: grep -E
configure:3357: checking for ld used by i486-TSOL-linux-gnu-gcc
configure:3424: result: i486-TSOL-linux-gnu-ld
configure:3433: checking if the linker (i486-TSOL-linux-gnu-ld) is GNU ld
configure:3448: result: yes
configure:3453: checking for i486-TSOL-linux-gnu-ld option to reload object files
configure:3460: result: -r
configure:3469: checking for BSD-compatible nm
configure:3511: result: /toolchain/i486-TSOL-linux-gnu/bin//nm -B
configure:3515: checking whether ln -s works
configure:3519: result: yes
configure:3526: checking how to recognise dependent libraries
configure:3709: result: pass_all
configure:3923: checking how to run the C preprocessor
configure:3958: i486-TSOL-linux-gnu-gcc -E  conftest.c
configure:3964: $? = 0
configure:3996: i486-TSOL-linux-gnu-gcc -E  conftest.c
conftest.c:10:28: fatal error: ac_nonexistent.h: No such file or directory
compilation terminated.
configure:4002: $? = 1
configure: failed program was:
| /* confdefs.h.  */
| 
| #define PACKAGE_NAME "gtk+"
| #define PACKAGE_TARNAME "gtk+"
| #define PACKAGE_VERSION "2.4.0"
| #define PACKAGE_STRING "gtk+ 2.4.0"
| #define PACKAGE_BUGREPORT "http://bugzilla.gnome.org/enter_bug.cgi?product=gtk+"
| #define GETTEXT_PACKAGE "gtk20"
| /* end confdefs.h.  */
| #include <ac_nonexistent.h>
configure:4041: result: i486-TSOL-linux-gnu-gcc -E
configure:4065: i486-TSOL-linux-gnu-gcc -E  conftest.c
configure:4071: $? = 0
configure:4103: i486-TSOL-linux-gnu-gcc -E  conftest.c
conftest.c:10:28: fatal error: ac_nonexistent.h: No such file or directory
compilation terminated.
configure:4109: $? = 1
configure: failed program was:
| /* confdefs.h.  */
| 
| #define PACKAGE_NAME "gtk+"
| #define PACKAGE_TARNAME "gtk+"
| #define PACKAGE_VERSION "2.4.0"
| #define PACKAGE_STRING "gtk+ 2.4.0"
| #define PACKAGE_BUGREPORT "http://bugzilla.gnome.org/enter_bug.cgi?product=gtk+"
| #define GETTEXT_PACKAGE "gtk20"
| /* end confdefs.h.  */
| #include <ac_nonexistent.h>
configure:4153: checking for ANSI C header files
configure:4178: i486-TSOL-linux-gnu-gcc -c -Os -I/source/Xdialog-2.3.1/include  conftest.c >&5
configure:4184: $? = 0
configure:4188: test -z 
			 || test ! -s conftest.err
configure:4191: $? = 0
configure:4194: test -s conftest.o
configure:4197: $? = 0
configure:4286: i486-TSOL-linux-gnu-gcc -o conftest -Os -I/source/Xdialog-2.3.1/include  -static-libgcc -L/source/Xdialog-2.3.1/lib conftest.c  >&5
conftest.c: In function 'main':
conftest.c:27:7: warning: incompatible implicit declaration of built-in function 'exit' [enabled by default]
configure:4289: $? = 0
configure:4291: ./conftest
configure:4294: $? = 0
configure:4309: result: yes
configure:4333: checking for sys/types.h
configure:4349: i486-TSOL-linux-gnu-gcc -c -Os -I/source/Xdialog-2.3.1/include  conftest.c >&5
configure:4355: $? = 0
configure:4359: test -z 
			 || test ! -s conftest.err
configure:4362: $? = 0
configure:4365: test -s conftest.o
configure:4368: $? = 0
configure:4379: result: yes
configure:4333: checking for sys/stat.h
configure:4349: i486-TSOL-linux-gnu-gcc -c -Os -I/source/Xdialog-2.3.1/include  conftest.c >&5
configure:4355: $? = 0
configure:4359: test -z 
			 || test ! -s conftest.err
configure:4362: $? = 0
configure:4365: test -s conftest.o
configure:4368: $? = 0
configure:4379: result: yes
configure:4333: checking for stdlib.h
configure:4349: i486-TSOL-linux-gnu-gcc -c -Os -I/source/Xdialog-2.3.1/include  conftest.c >&5
configure:4355: $? = 0
configure:4359: test -z 
			 || test ! -s conftest.err
configure:4362: $? = 0
configure:4365: test -s conftest.o
configure:4368: $? = 0
configure:4379: result: yes
configure:4333: checking for string.h
configure:4349: i486-TSOL-linux-gnu-gcc -c -Os -I/source/Xdialog-2.3.1/include  conftest.c >&5
configure:4355: $? = 0
configure:4359: test -z 
			 || test ! -s conftest.err
configure:4362: $? = 0
configure:4365: test -s conftest.o
configure:4368: $? = 0
configure:4379: result: yes
configure:4333: checking for memory.h
configure:4349: i486-TSOL-linux-gnu-gcc -c -Os -I/source/Xdialog-2.3.1/include  conftest.c >&5
configure:4355: $? = 0
configure:4359: test -z 
			 || test ! -s conftest.err
configure:4362: $? = 0
configure:4365: test -s conftest.o
configure:4368: $? = 0
configure:4379: result: yes
configure:4333: checking for strings.h
configure:4349: i486-TSOL-linux-gnu-gcc -c -Os -I/source/Xdialog-2.3.1/include  conftest.c >&5
configure:4355: $? = 0
configure:4359: test -z 
			 || test ! -s conftest.err
configure:4362: $? = 0
configure:4365: test -s conftest.o
configure:4368: $? = 0
configure:4379: result: yes
configure:4333: checking for inttypes.h
configure:4349: i486-TSOL-linux-gnu-gcc -c -Os -I/source/Xdialog-2.3.1/include  conftest.c >&5
configure:4355: $? = 0
configure:4359: test -z 
			 || test ! -s conftest.err
configure:4362: $? = 0
configure:4365: test -s conftest.o
configure:4368: $? = 0
configure:4379: result: yes
configure:4333: checking for stdint.h
configure:4349: i486-TSOL-linux-gnu-gcc -c -Os -I/source/Xdialog-2.3.1/include  conftest.c >&5
configure:4355: $? = 0
configure:4359: test -z 
			 || test ! -s conftest.err
configure:4362: $? = 0
configure:4365: test -s conftest.o
configure:4368: $? = 0
configure:4379: result: yes
configure:4333: checking for unistd.h
configure:4349: i486-TSOL-linux-gnu-gcc -c -Os -I/source/Xdialog-2.3.1/include  conftest.c >&5
configure:4355: $? = 0
configure:4359: test -z 
			 || test ! -s conftest.err
configure:4362: $? = 0
configure:4365: test -s conftest.o
configure:4368: $? = 0
configure:4379: result: yes
configure:4405: checking dlfcn.h usability
configure:4417: i486-TSOL-linux-gnu-gcc -c -Os -I/source/Xdialog-2.3.1/include  conftest.c >&5
configure:4423: $? = 0
configure:4427: test -z 
			 || test ! -s conftest.err
configure:4430: $? = 0
configure:4433: test -s conftest.o
configure:4436: $? = 0
configure:4446: result: yes
configure:4450: checking dlfcn.h presence
configure:4460: i486-TSOL-linux-gnu-gcc -E  conftest.c
configure:4466: $? = 0
configure:4486: result: yes
configure:4521: checking for dlfcn.h
configure:4528: result: yes
configure:4635: checking for C++ compiler version
configure:4638: i486-TSOL-linux-gnu-g++ --version </dev/null >&5
i486-TSOL-linux-gnu-g++ (crosstool-NG 1.15.2) 4.6.3
Copyright (C) 2011 Free Software Foundation, Inc.
This is free software; see the source for copying conditions.  There is NO
warranty; not even for MERCHANTABILITY or FITNESS FOR A PARTICULAR PURPOSE.

configure:4641: $? = 0
configure:4643: i486-TSOL-linux-gnu-g++ -v </dev/null >&5
Using built-in specs.
COLLECT_GCC=i486-TSOL-linux-gnu-g++
COLLECT_LTO_WRAPPER=/toolchain/libexec/gcc/i486-TSOL-linux-gnu/4.6.3/lto-wrapper
Target: i486-TSOL-linux-gnu
Configured with: /TSOL/crosstool-ng-1.15.2/bin/.build/src/gcc-4.6.3/configure --build=i686-build_pc-linux-gnu --host=i686-build_pc-linux-gnu --target=i486-TSOL-linux-gnu --prefix=/toolchain --with-sysroot=/toolchain/i486-TSOL-linux-gnu/sysroot --enable-languages=c,c++ --with-arch=i486 --with-pkgversion='crosstool-NG 1.15.2' --enable-__cxa_atexit --disable-libmudflap --disable-libgomp --disable-libssp --with-gmp=/TSOL/crosstool-ng-1.15.2/bin/.build/i486-TSOL-linux-gnu/buildtools --with-mpfr=/TSOL/crosstool-ng-1.15.2/bin/.build/i486-TSOL-linux-gnu/buildtools --with-mpc=/TSOL/crosstool-ng-1.15.2/bin/.build/i486-TSOL-linux-gnu/buildtools --with-ppl=/TSOL/crosstool-ng-1.15.2/bin/.build/i486-TSOL-linux-gnu/buildtools --with-cloog=/TSOL/crosstool-ng-1.15.2/bin/.build/i486-TSOL-linux-gnu/buildtools --with-libelf=no --with-host-libstdcxx='-static-libgcc -Wl,-Bstatic,-lstdc++,-Bdynamic -lm -L/TSOL/crosstool-ng-1.15.2/bin/.build/i486-TSOL-linux-gnu/buildtools/lib -lpwl' --enable-threads=posix --enable-target-optspace --disable-multilib --with-local-prefix=/toolchain/i486-TSOL-linux-gnu/sysroot --enable-c99 --enable-long-long
Thread model: posix
gcc version 4.6.3 (crosstool-NG 1.15.2) 
configure:4646: $? = 0
configure:4648: i486-TSOL-linux-gnu-g++ -V </dev/null >&5
i486-TSOL-linux-gnu-g++: error: unrecognized option '-V'
i486-TSOL-linux-gnu-g++: fatal error: no input files
compilation terminated.
configure:4651: $? = 1
configure:4654: checking whether we are using the GNU C++ compiler
configure:4678: i486-TSOL-linux-gnu-g++ -c -Os  conftest.cc >&5
configure:4684: $? = 0
configure:4688: test -z 
			 || test ! -s conftest.err
configure:4691: $? = 0
configure:4694: test -s conftest.o
configure:4697: $? = 0
configure:4710: result: yes
configure:4716: checking whether i486-TSOL-linux-gnu-g++ accepts -g
configure:4737: i486-TSOL-linux-gnu-g++ -c -g  conftest.cc >&5
configure:4743: $? = 0
configure:4747: test -z 
			 || test ! -s conftest.err
configure:4750: $? = 0
configure:4753: test -s conftest.o
configure:4756: $? = 0
configure:4767: result: yes
configure:4809: i486-TSOL-linux-gnu-g++ -c -Os  conftest.cc >&5
configure:4815: $? = 0
configure:4819: test -z 
			 || test ! -s conftest.err
configure:4822: $? = 0
configure:4825: test -s conftest.o
configure:4828: $? = 0
configure:4854: i486-TSOL-linux-gnu-g++ -c -Os  conftest.cc >&5
conftest.cc: In function 'int main()':
conftest.cc:25:9: error: 'exit' was not declared in this scope
configure:4860: $? = 1
configure: failed program was:
| /* confdefs.h.  */
| 
| #define PACKAGE_NAME "gtk+"
| #define PACKAGE_TARNAME "gtk+"
| #define PACKAGE_VERSION "2.4.0"
| #define PACKAGE_STRING "gtk+ 2.4.0"
| #define PACKAGE_BUGREPORT "http://bugzilla.gnome.org/enter_bug.cgi?product=gtk+"
| #define GETTEXT_PACKAGE "gtk20"
| #define STDC_HEADERS 1
| #define HAVE_SYS_TYPES_H 1
| #define HAVE_SYS_STAT_H 1
| #define HAVE_STDLIB_H 1
| #define HAVE_STRING_H 1
| #define HAVE_MEMORY_H 1
| #define HAVE_STRINGS_H 1
| #define HAVE_INTTYPES_H 1
| #define HAVE_STDINT_H 1
| #define HAVE_UNISTD_H 1
| #define HAVE_DLFCN_H 1
| /* end confdefs.h.  */
| 
| int
| main ()
| {
| exit (42);
|   ;
|   return 0;
| }
configure:4809: i486-TSOL-linux-gnu-g++ -c -Os  conftest.cc >&5
conftest.cc:21:40: error: 'void std::exit(int)' should have been declared inside 'std'
configure:4815: $? = 1
configure: failed program was:
| /* confdefs.h.  */
| 
| #define PACKAGE_NAME "gtk+"
| #define PACKAGE_TARNAME "gtk+"
| #define PACKAGE_VERSION "2.4.0"
| #define PACKAGE_STRING "gtk+ 2.4.0"
| #define PACKAGE_BUGREPORT "http://bugzilla.gnome.org/enter_bug.cgi?product=gtk+"
| #define GETTEXT_PACKAGE "gtk20"
| #define STDC_HEADERS 1
| #define HAVE_SYS_TYPES_H 1
| #define HAVE_SYS_STAT_H 1
| #define HAVE_STDLIB_H 1
| #define HAVE_STRING_H 1
| #define HAVE_MEMORY_H 1
| #define HAVE_STRINGS_H 1
| #define HAVE_INTTYPES_H 1
| #define HAVE_STDINT_H 1
| #define HAVE_UNISTD_H 1
| #define HAVE_DLFCN_H 1
| /* end confdefs.h.  */
| extern "C" void std::exit (int) throw (); using std::exit;
| #include <stdlib.h>
| int
| main ()
| {
| exit (42);
|   ;
|   return 0;
| }
configure:4809: i486-TSOL-linux-gnu-g++ -c -Os  conftest.cc >&5
conftest.cc:21:31: error: 'void std::exit(int)' should have been declared inside 'std'
In file included from conftest.cc:22:0:
/toolchain/i486-TSOL-linux-gnu/sysroot/usr/include/stdlib.h:544:70: error: declaration of 'void std::exit(int) throw ()' has a different exception specifier
conftest.cc:21:17: error: from previous declaration 'void std::exit(int)'
configure:4815: $? = 1
configure: failed program was:
| /* confdefs.h.  */
| 
| #define PACKAGE_NAME "gtk+"
| #define PACKAGE_TARNAME "gtk+"
| #define PACKAGE_VERSION "2.4.0"
| #define PACKAGE_STRING "gtk+ 2.4.0"
| #define PACKAGE_BUGREPORT "http://bugzilla.gnome.org/enter_bug.cgi?product=gtk+"
| #define GETTEXT_PACKAGE "gtk20"
| #define STDC_HEADERS 1
| #define HAVE_SYS_TYPES_H 1
| #define HAVE_SYS_STAT_H 1
| #define HAVE_STDLIB_H 1
| #define HAVE_STRING_H 1
| #define HAVE_MEMORY_H 1
| #define HAVE_STRINGS_H 1
| #define HAVE_INTTYPES_H 1
| #define HAVE_STDINT_H 1
| #define HAVE_UNISTD_H 1
| #define HAVE_DLFCN_H 1
| /* end confdefs.h.  */
| extern "C" void std::exit (int); using std::exit;
| #include <stdlib.h>
| int
| main ()
| {
| exit (42);
|   ;
|   return 0;
| }
configure:4809: i486-TSOL-linux-gnu-g++ -c -Os  conftest.cc >&5
configure:4815: $? = 0
configure:4819: test -z 
			 || test ! -s conftest.err
configure:4822: $? = 0
configure:4825: test -s conftest.o
configure:4828: $? = 0
configure:4854: i486-TSOL-linux-gnu-g++ -c -Os  conftest.cc >&5
configure:4860: $? = 0
configure:4864: test -z 
			 || test ! -s conftest.err
configure:4867: $? = 0
configure:4870: test -s conftest.o
configure:4873: $? = 0
configure:4898: checking dependency style of i486-TSOL-linux-gnu-g++
configure:4981: result: gcc3
configure:5003: checking how to run the C++ preprocessor
configure:5034: i486-TSOL-linux-gnu-g++ -E  conftest.cc
configure:5040: $? = 0
configure:5072: i486-TSOL-linux-gnu-g++ -E  conftest.cc
conftest.cc:24:28: fatal error: ac_nonexistent.h: No such file or directory
compilation terminated.
configure:5078: $? = 1
configure: failed program was:
| /* confdefs.h.  */
| 
| #define PACKAGE_NAME "gtk+"
| #define PACKAGE_TARNAME "gtk+"
| #define PACKAGE_VERSION "2.4.0"
| #define PACKAGE_STRING "gtk+ 2.4.0"
| #define PACKAGE_BUGREPORT "http://bugzilla.gnome.org/enter_bug.cgi?product=gtk+"
| #define GETTEXT_PACKAGE "gtk20"
| #define STDC_HEADERS 1
| #define HAVE_SYS_TYPES_H 1
| #define HAVE_SYS_STAT_H 1
| #define HAVE_STDLIB_H 1
| #define HAVE_STRING_H 1
| #define HAVE_MEMORY_H 1
| #define HAVE_STRINGS_H 1
| #define HAVE_INTTYPES_H 1
| #define HAVE_STDINT_H 1
| #define HAVE_UNISTD_H 1
| #define HAVE_DLFCN_H 1
| #ifdef __cplusplus
| extern "C" void exit (int) throw ();
| #endif
| /* end confdefs.h.  */
| #include <ac_nonexistent.h>
configure:5117: result: i486-TSOL-linux-gnu-g++ -E
configure:5141: i486-TSOL-linux-gnu-g++ -E  conftest.cc
configure:5147: $? = 0
configure:5179: i486-TSOL-linux-gnu-g++ -E  conftest.cc
conftest.cc:24:28: fatal error: ac_nonexistent.h: No such file or directory
compilation terminated.
configure:5185: $? = 1
configure: failed program was:
| /* confdefs.h.  */
| 
| #define PACKAGE_NAME "gtk+"
| #define PACKAGE_TARNAME "gtk+"
| #define PACKAGE_VERSION "2.4.0"
| #define PACKAGE_STRING "gtk+ 2.4.0"
| #define PACKAGE_BUGREPORT "http://bugzilla.gnome.org/enter_bug.cgi?product=gtk+"
| #define GETTEXT_PACKAGE "gtk20"
| #define STDC_HEADERS 1
| #define HAVE_SYS_TYPES_H 1
| #define HAVE_SYS_STAT_H 1
| #define HAVE_STDLIB_H 1
| #define HAVE_STRING_H 1
| #define HAVE_MEMORY_H 1
| #define HAVE_STRINGS_H 1
| #define HAVE_INTTYPES_H 1
| #define HAVE_STDINT_H 1
| #define HAVE_UNISTD_H 1
| #define HAVE_DLFCN_H 1
| #ifdef __cplusplus
| extern "C" void exit (int) throw ();
| #endif
| /* end confdefs.h.  */
| #include <ac_nonexistent.h>
configure:5280: checking for g77
configure:5309: result: no
configure:5280: checking for f77
configure:5309: result: no
configure:5280: checking for xlf
configure:5309: result: no
configure:5280: checking for frt
configure:5309: result: no
configure:5280: checking for pgf77
configure:5309: result: no
configure:5280: checking for fort77
configure:5309: result: no
configure:5280: checking for fl32
configure:5309: result: no
configure:5280: checking for af77
configure:5309: result: no
configure:5280: checking for f90
configure:5309: result: no
configure:5280: checking for xlf90
configure:5309: result: no
configure:5280: checking for pgf90
configure:5309: result: no
configure:5280: checking for epcf90
configure:5309: result: no
configure:5280: checking for f95
configure:5309: result: no
configure:5280: checking for fort
configure:5309: result: no
configure:5280: checking for xlf95
configure:5309: result: no
configure:5280: checking for ifc
configure:5309: result: no
configure:5280: checking for efc
configure:5309: result: no
configure:5280: checking for pgf95
configure:5309: result: no
configure:5280: checking for lf95
configure:5309: result: no
configure:5280: checking for gfortran
configure:5309: result: no
configure:5321: checking for Fortran 77 compiler version
configure:5324:  --version </dev/null >&5
./configure: line 5325: --version: command not found
configure:5327: $? = 127
configure:5329:  -v </dev/null >&5
./configure: line 5330: -v: command not found
configure:5332: $? = 127
configure:5334:  -V </dev/null >&5
./configure: line 5335: -V: command not found
configure:5337: $? = 127
configure:5345: checking whether we are using the GNU Fortran 77 compiler
configure:5359:  -c  conftest.F >&5
./configure: line 5360: -c: command not found
configure:5365: $? = 127
configure: failed program was:
|       program main
| #ifndef __GNUC__
|        choke me
| #endif
| 
|       end
configure:5391: result: no
configure:5397: checking whether  accepts -g
configure:5409:  -c -g conftest.f >&5
./configure: line 5410: -c: command not found
configure:5415: $? = 127
configure: failed program was:
|       program main
| 
|       end
configure:5440: result: no
configure:5470: checking the maximum length of command line arguments
configure:5535: result: 32768
configure:5546: checking command to parse /toolchain/i486-TSOL-linux-gnu/bin//nm -B output from i486-TSOL-linux-gnu-gcc object
configure:5635: i486-TSOL-linux-gnu-gcc -c -Os -I/source/Xdialog-2.3.1/include  conftest.c >&5
configure:5638: $? = 0
configure:5642: /toolchain/i486-TSOL-linux-gnu/bin//nm -B conftest.o \| sed -n -e 's/^.*[ 	]\([ABCDGIRSTW][ABCDGIRSTW]*\)[ 	][ 	]*\(\)\([_A-Za-z][_A-Za-z0-9]*\)$/\1 \2\3 \3/p' \> conftest.nm
configure:5645: $? = 0
configure:5697: i486-TSOL-linux-gnu-gcc -o conftest -Os -I/source/Xdialog-2.3.1/include  -static-libgcc -L/source/Xdialog-2.3.1/lib conftest.c conftstm.o >&5
configure:5700: $? = 0
configure:5738: result: ok
configure:5742: checking for objdir
configure:5757: result: .libs
configure:5847: checking for ar
configure:5863: found /toolchain/i486-TSOL-linux-gnu/bin//ar
configure:5874: result: ar
configure:5927: checking for ranlib
configure:5943: found /toolchain/i486-TSOL-linux-gnu/bin//ranlib
configure:5954: result: ranlib
configure:6007: checking for strip
configure:6023: found /toolchain/i486-TSOL-linux-gnu/bin//strip
configure:6034: result: strip
configure:6296: checking if i486-TSOL-linux-gnu-gcc static flag  works
configure:6319: result: yes
configure:6337: checking if i486-TSOL-linux-gnu-gcc supports -fno-rtti -fno-exceptions
configure:6355: i486-TSOL-linux-gnu-gcc -c -Os -I/source/Xdialog-2.3.1/include  -fno-rtti -fno-exceptions conftest.c >&5
cc1: warning: command line option '-fno-rtti' is valid for C++/ObjC++ but not for C [enabled by default]
configure:6359: $? = 0
configure:6370: result: no
configure:6385: checking for i486-TSOL-linux-gnu-gcc option to produce PIC
configure:6562: result: -fPIC
configure:6570: checking if i486-TSOL-linux-gnu-gcc PIC flag -fPIC works
configure:6588: i486-TSOL-linux-gnu-gcc -c -Os -I/source/Xdialog-2.3.1/include  -fPIC -DPIC conftest.c >&5
configure:6592: $? = 0
configure:6603: result: yes
configure:6627: checking if i486-TSOL-linux-gnu-gcc supports -c -o file.o
configure:6648: i486-TSOL-linux-gnu-gcc -c -Os -I/source/Xdialog-2.3.1/include  -o out/conftest2.o conftest.c >&5
configure:6652: $? = 0
configure:6672: result: yes
configure:6698: checking whether the i486-TSOL-linux-gnu-gcc linker (i486-TSOL-linux-gnu-ld) supports shared libraries
configure:7546: result: yes
configure:7617: checking dynamic linker characteristics
configure:8181: result: GNU/Linux ld.so
configure:8185: checking how to hardcode library paths into programs
configure:8210: result: immediate
configure:8224: checking whether stripping libraries is possible
configure:8229: result: yes
configure:9059: checking if libtool supports shared libraries
configure:9061: result: yes
configure:9064: checking whether to build shared libraries
configure:9122: result: no
configure:9125: checking whether to build static libraries
configure:9129: result: yes
configure:9221: creating libtool
configure:9768: checking for ld used by i486-TSOL-linux-gnu-g++
configure:9835: result: i486-TSOL-linux-gnu-ld
configure:9844: checking if the linker (i486-TSOL-linux-gnu-ld) is GNU ld
configure:9859: result: yes
configure:9910: checking whether the i486-TSOL-linux-gnu-g++ linker (i486-TSOL-linux-gnu-ld) supports shared libraries
configure:10738: result: yes
configure:10756: i486-TSOL-linux-gnu-g++ -c -Os  conftest.cc >&5
configure:10759: $? = 0
configure:10855: checking for i486-TSOL-linux-gnu-g++ option to produce PIC
configure:11107: result: -fPIC
configure:11115: checking if i486-TSOL-linux-gnu-g++ PIC flag -fPIC works
configure:11133: i486-TSOL-linux-gnu-g++ -c -Os  -fPIC -DPIC conftest.cc >&5
configure:11137: $? = 0
configure:11148: result: yes
configure:11172: checking if i486-TSOL-linux-gnu-g++ supports -c -o file.o
configure:11193: i486-TSOL-linux-gnu-g++ -c -Os  -o out/conftest2.o conftest.cc >&5
configure:11197: $? = 0
configure:11217: result: yes
configure:11243: checking whether the i486-TSOL-linux-gnu-g++ linker (i486-TSOL-linux-gnu-ld) supports shared libraries
configure:11268: result: yes
configure:11339: checking dynamic linker characteristics
configure:11903: result: GNU/Linux ld.so
configure:11907: checking how to hardcode library paths into programs
configure:11932: result: immediate
configure:11946: checking whether stripping libraries is possible
configure:11951: result: yes
configure:19243: checking for special C compiler options needed for large files
configure:19342: result: no
configure:19348: checking for _FILE_OFFSET_BITS value needed for large files
configure:19379: i486-TSOL-linux-gnu-gcc -c -Os -I/source/Xdialog-2.3.1/include  conftest.c >&5
conftest.c:30:3: warning: left shift count >= width of type [enabled by default]
conftest.c:30:3: warning: left shift count >= width of type [enabled by default]
conftest.c:31:10: warning: left shift count >= width of type [enabled by default]
conftest.c:31:10: warning: left shift count >= width of type [enabled by default]
conftest.c:30:7: error: size of array 'off_t_is_large' is negative
conftest.c:32:9: warning: variably modified 'off_t_is_large' at file scope [enabled by default]
configure:19385: $? = 1
configure: failed program was:
| /* confdefs.h.  */
| 
| #define PACKAGE_NAME "gtk+"
| #define PACKAGE_TARNAME "gtk+"
| #define PACKAGE_VERSION "2.4.0"
| #define PACKAGE_STRING "gtk+ 2.4.0"
| #define PACKAGE_BUGREPORT "http://bugzilla.gnome.org/enter_bug.cgi?product=gtk+"
| #define GETTEXT_PACKAGE "gtk20"
| #define STDC_HEADERS 1
| #define HAVE_SYS_TYPES_H 1
| #define HAVE_SYS_STAT_H 1
| #define HAVE_STDLIB_H 1
| #define HAVE_STRING_H 1
| #define HAVE_MEMORY_H 1
| #define HAVE_STRINGS_H 1
| #define HAVE_INTTYPES_H 1
| #define HAVE_STDINT_H 1
| #define HAVE_UNISTD_H 1
| #define HAVE_DLFCN_H 1
| #ifdef __cplusplus
| extern "C" void exit (int) throw ();
| #endif
| /* end confdefs.h.  */
| #include <sys/types.h>
|  /* Check that off_t can represent 2**63 - 1 correctly.
|     We can't simply define LARGE_OFF_T to be 9223372036854775807,
|     since some C++ compilers masquerading as C compilers
|     incorrectly reject 9223372036854775807.  */
| #define LARGE_OFF_T (((off_t) 1 << 62) - 1 + ((off_t) 1 << 62))
|   int off_t_is_large[(LARGE_OFF_T % 2147483629 == 721
| 		       && LARGE_OFF_T % 2147483647 == 1)
| 		      ? 1 : -1];
| int
| main ()
| {
| 
|   ;
|   return 0;
| }
configure:19432: i486-TSOL-linux-gnu-gcc -c -Os -I/source/Xdialog-2.3.1/include  conftest.c >&5
configure:19438: $? = 0
configure:19442: test -z 
			 || test ! -s conftest.err
configure:19445: $? = 0
configure:19448: test -s conftest.o
configure:19451: $? = 0
configure:19463: result: 64
configure:19473: checking for _LARGE_FILES value needed for large files
configure:19504: i486-TSOL-linux-gnu-gcc -c -Os -I/source/Xdialog-2.3.1/include  conftest.c >&5
configure:19510: $? = 0
configure:19514: test -z 
			 || test ! -s conftest.err
configure:19517: $? = 0
configure:19520: test -s conftest.o
configure:19523: $? = 0
configure:19588: result: no
configure:19609: checking whether to enable maintainer-specific portions of Makefiles
configure:19618: result: no
configure:19636: checking for some Win32 platform
configure:19646: result: no
configure:19844: checking whether build environment is sane
configure:19887: result: yes
configure:19892: checking for strerror in -lcposix
configure:19922: i486-TSOL-linux-gnu-gcc -o conftest -Os -I/source/Xdialog-2.3.1/include  -static-libgcc -L/source/Xdialog-2.3.1/lib conftest.c -lcposix   >&5
/toolchain/lib/gcc/i486-TSOL-linux-gnu/4.6.3/../../../../i486-TSOL-linux-gnu/bin/ld: cannot find -lcposix
collect2: ld returned 1 exit status
configure:19928: $? = 1
configure: failed program was:
| /* confdefs.h.  */
| 
| #define PACKAGE_NAME "gtk+"
| #define PACKAGE_TARNAME "gtk+"
| #define PACKAGE_VERSION "2.4.0"
| #define PACKAGE_STRING "gtk+ 2.4.0"
| #define PACKAGE_BUGREPORT "http://bugzilla.gnome.org/enter_bug.cgi?product=gtk+"
| #define GETTEXT_PACKAGE "gtk20"
| #define STDC_HEADERS 1
| #define HAVE_SYS_TYPES_H 1
| #define HAVE_SYS_STAT_H 1
| #define HAVE_STDLIB_H 1
| #define HAVE_STRING_H 1
| #define HAVE_MEMORY_H 1
| #define HAVE_STRINGS_H 1
| #define HAVE_INTTYPES_H 1
| #define HAVE_STDINT_H 1
| #define HAVE_UNISTD_H 1
| #define HAVE_DLFCN_H 1
| #ifdef __cplusplus
| extern "C" void exit (int) throw ();
| #endif
| #define _FILE_OFFSET_BITS 64
| #define GTK_COMPILED_WITH_DEBUGGING "no"
| /* end confdefs.h.  */
| 
| /* Override any gcc2 internal prototype to avoid an error.  */
| #ifdef __cplusplus
| extern "C"
| #endif
| /* We use char because int might match the return type of a gcc2
|    builtin and then its argument prototype would still apply.  */
| char strerror ();
| int
| main ()
| {
| strerror ();
|   ;
|   return 0;
| }
configure:19954: result: no
configure:19965: checking for i486-TSOL-linux-gnu-gcc option to accept ANSI C
configure:20028: i486-TSOL-linux-gnu-gcc  -c -Os -I/source/Xdialog-2.3.1/include  conftest.c >&5
configure:20034: $? = 0
configure:20038: test -z 
			 || test ! -s conftest.err
configure:20041: $? = 0
configure:20044: test -s conftest.o
configure:20047: $? = 0
configure:20062: result: none needed
configure:20086: checking for a BSD-compatible install
configure:20141: result: /bin/install -c
configure:20152: checking whether make sets $(MAKE)
configure:20172: result: yes
configure:20255: checking for pkg-config
configure:20273: found /usr/bin/pkg-config
configure:20286: result: /usr/bin/pkg-config
configure:20303: checking for glib-2.0 >= 2.4.0    atk >= 1.0.1    pango >= 1.4.0
configure:20307: result: yes
configure:20311: checking BASE_DEPENDENCIES_CFLAGS
configure:20314: result: -I/source/Xdialog-2.3.1/include/glib-2.0 -I/source/Xdialog-2.3.1/lib/glib-2.0/include -I/source/Xdialog-2.3.1/include/atk-1.0 -I/source/Xdialog-2.3.1/include/pango-1.0  
configure:20317: checking BASE_DEPENDENCIES_LIBS
configure:20320: result: -Wl,--export-dynamic -L/source/Xdialog-2.3.1/lib -latk-1.0 -lpango-1.0 -lgobject-2.0 -lgmodule-2.0 -ldl -lglib-2.0  
configure:20367: checking Whether to write dependencies into .pc files
configure:20385: result: yes
configure:20406: checking for perl5
configure:20439: result: no
configure:20406: checking for perl
configure:20424: found /usr/bin/perl
configure:20436: result: /usr/bin/perl
configure:20450: checking for indent
configure:20479: result: no
configure:20498: checking for lstat
configure:20555: i486-TSOL-linux-gnu-gcc -o conftest -Os -I/source/Xdialog-2.3.1/include -Wall  -static-libgcc -L/source/Xdialog-2.3.1/lib conftest.c  >&5
configure:20561: $? = 0
configure:20565: test -z 
			 || test ! -s conftest.err
configure:20568: $? = 0
configure:20571: test -s conftest
configure:20574: $? = 0
configure:20586: result: yes
configure:20498: checking for mkstemp
configure:20555: i486-TSOL-linux-gnu-gcc -o conftest -Os -I/source/Xdialog-2.3.1/include -Wall  -static-libgcc -L/source/Xdialog-2.3.1/lib conftest.c  >&5
configure:20561: $? = 0
configure:20565: test -z 
			 || test ! -s conftest.err
configure:20568: $? = 0
configure:20571: test -s conftest
configure:20574: $? = 0
configure:20586: result: yes
configure:20498: checking for flockfile
configure:20555: i486-TSOL-linux-gnu-gcc -o conftest -Os -I/source/Xdialog-2.3.1/include -Wall  -static-libgcc -L/source/Xdialog-2.3.1/lib conftest.c  >&5
configure:20561: $? = 0
configure:20565: test -z 
			 || test ! -s conftest.err
configure:20568: $? = 0
configure:20571: test -s conftest
configure:20574: $? = 0
configure:20586: result: yes
configure:20598: checking for sigsetjmp
configure:20619: i486-TSOL-linux-gnu-gcc -o conftest -Os -I/source/Xdialog-2.3.1/include -Wall  -static-libgcc -L/source/Xdialog-2.3.1/lib conftest.c  >&5
configure:20625: $? = 0
configure:20629: test -z 
			 || test ! -s conftest.err
configure:20632: $? = 0
configure:20635: test -s conftest
configure:20638: $? = 0
configure:20649: result: yes
configure:20680: checking locale.h usability
configure:20692: i486-TSOL-linux-gnu-gcc -c -Os -I/source/Xdialog-2.3.1/include -Wall  conftest.c >&5
configure:20698: $? = 0
configure:20702: test -z 
			 || test ! -s conftest.err
configure:20705: $? = 0
configure:20708: test -s conftest.o
configure:20711: $? = 0
configure:20721: result: yes
configure:20725: checking locale.h presence
configure:20735: i486-TSOL-linux-gnu-gcc -E  conftest.c
configure:20741: $? = 0
configure:20761: result: yes
configure:20796: checking for locale.h
configure:20803: result: yes
configure:20817: checking for LC_MESSAGES
configure:20838: i486-TSOL-linux-gnu-gcc -o conftest -Os -I/source/Xdialog-2.3.1/include -Wall  -static-libgcc -L/source/Xdialog-2.3.1/lib conftest.c  >&5
configure:20844: $? = 0
configure:20848: test -z 
			 || test ! -s conftest.err
configure:20851: $? = 0
configure:20854: test -s conftest
configure:20857: $? = 0
configure:20869: result: yes
configure:20898: checking libintl.h usability
configure:20910: i486-TSOL-linux-gnu-gcc -c -Os -I/source/Xdialog-2.3.1/include -Wall  conftest.c >&5
configure:20916: $? = 0
configure:20920: test -z 
			 || test ! -s conftest.err
configure:20923: $? = 0
configure:20926: test -s conftest.o
configure:20929: $? = 0
configure:20939: result: yes
configure:20943: checking libintl.h presence
configure:20953: i486-TSOL-linux-gnu-gcc -E  conftest.c
configure:20959: $? = 0
configure:20979: result: yes
configure:21014: checking for libintl.h
configure:21021: result: yes
configure:21032: checking for dgettext in libc
configure:21055: i486-TSOL-linux-gnu-gcc -o conftest -Os -I/source/Xdialog-2.3.1/include -Wall  -static-libgcc -L/source/Xdialog-2.3.1/lib conftest.c  >&5
configure:21061: $? = 0
configure:21065: test -z 
			 || test ! -s conftest.err
configure:21068: $? = 0
configure:21071: test -s conftest
configure:21074: $? = 0
configure:21087: result: yes
configure:21095: checking for bind_textdomain_codeset
configure:21152: i486-TSOL-linux-gnu-gcc -o conftest -Os -I/source/Xdialog-2.3.1/include -Wall  -static-libgcc -L/source/Xdialog-2.3.1/lib conftest.c  >&5
configure:21158: $? = 0
configure:21162: test -z 
			 || test ! -s conftest.err
configure:21165: $? = 0
configure:21168: test -s conftest
configure:21171: $? = 0
configure:21183: result: yes
configure:21555: checking for msgfmt
configure:21582: result: /usr/bin/msgfmt
configure:21595: checking for dcgettext
configure:21652: i486-TSOL-linux-gnu-gcc -o conftest -Os -I/source/Xdialog-2.3.1/include -Wall  -static-libgcc -L/source/Xdialog-2.3.1/lib conftest.c   >&5
conftest.c:58:6: warning: conflicting types for built-in function 'dcgettext' [enabled by default]
configure:21658: $? = 0
configure:21662: test -z 
			 || test ! -s conftest.err
configure:21665: $? = 0
configure:21668: test -s conftest
configure:21671: $? = 0
configure:21683: result: yes
configure:21695: checking for gmsgfmt
configure:21726: result: /usr/bin/msgfmt
configure:21735: checking for xgettext
configure:21762: result: /usr/bin/xgettext
configure:21786: i486-TSOL-linux-gnu-gcc -o conftest -Os -I/source/Xdialog-2.3.1/include -Wall  -static-libgcc -L/source/Xdialog-2.3.1/lib conftest.c   >&5
configure:21792: $? = 0
configure:21796: test -z 
			 || test ! -s conftest.err
configure:21799: $? = 0
configure:21802: test -s conftest
configure:21805: $? = 0
configure:21978: checking for catalogs to be installed
configure:22003: result:  af am ar az be bg bn br ca cs cy da de el en_CA en_GB es et eu fa fi fr ga gl he hi hr hu ia id it ja ko li lt lv mi mk ml mn ms ne nl nn no pl pt pt_BR ro ru sk sl sq sr sr@ije sr@Latn sv ta th tr uk uz uz@Latn vi wa yi zh_CN zh_TW
configure:22057: checking for extra flags to get ANSI library prototypes
configure:22077: i486-TSOL-linux-gnu-gcc -o conftest -Os -I/source/Xdialog-2.3.1/include -Wall  -static-libgcc -L/source/Xdialog-2.3.1/lib conftest.c   -lm >&5
configure:22080: $? = 0
configure:22082: ./conftest
configure:22085: $? = 0
configure:22087: result: none needed
configure:22142: checking for the BeOS
configure:22151: result: no
configure:22156: checking for extra flags for POSIX compliance
configure:22174: i486-TSOL-linux-gnu-gcc -c -Os -I/source/Xdialog-2.3.1/include -Wall  conftest.c >&5
conftest.c: In function 'main':
conftest.c:41:6: warning: unused variable 'dir' [-Wunused-variable]
configure:22180: $? = 0
configure:22184: test -z 
			 || test ! -s conftest.err
configure:22187: $? = 0
configure:22190: test -s conftest.o
configure:22193: $? = 0
configure:22195: result: none needed
configure:22288: checking for pkg-config
configure:22319: result: /usr/bin/pkg-config
configure:22342: checking for GLIB - version >= 2.4.0
configure:22487: result: yes (version 2.4.0)
configure:22594: checking for bind_textdomain_codeset
configure:22682: result: yes
configure:22708: checking pwd.h usability
configure:22720: i486-TSOL-linux-gnu-gcc -c -Os -I/source/Xdialog-2.3.1/include -Wall  conftest.c >&5
configure:22726: $? = 0
configure:22730: test -z 
			 || test ! -s conftest.err
configure:22733: $? = 0
configure:22736: test -s conftest.o
configure:22739: $? = 0
configure:22749: result: yes
configure:22753: checking pwd.h presence
configure:22763: i486-TSOL-linux-gnu-gcc -E  conftest.c
configure:22769: $? = 0
configure:22789: result: yes
configure:22824: checking for pwd.h
configure:22831: result: yes
configure:22861: checking sys/time.h usability
configure:22873: i486-TSOL-linux-gnu-gcc -c -Os -I/source/Xdialog-2.3.1/include -Wall  conftest.c >&5
configure:22879: $? = 0
configure:22883: test -z 
			 || test ! -s conftest.err
configure:22886: $? = 0
configure:22889: test -s conftest.o
configure:22892: $? = 0
configure:22902: result: yes
configure:22906: checking sys/time.h presence
configure:22916: i486-TSOL-linux-gnu-gcc -E  conftest.c
configure:22922: $? = 0
configure:22942: result: yes
configure:22977: checking for sys/time.h
configure:22984: result: yes
configure:23005: checking for unistd.h
configure:23010: result: yes
configure:23343: checking for ANSI C header files
configure:23499: result: yes
configure:23511: checking for an ANSI C-conforming const
configure:23578: i486-TSOL-linux-gnu-gcc -c -Os -I/source/Xdialog-2.3.1/include -Wall  conftest.c >&5
conftest.c: In function 'main':
conftest.c:72:17: warning: unused variable 's' [-Wunused-variable]
conftest.c:92:15: warning: unused variable 'foo' [-Wunused-variable]
conftest.c:59:29: warning: unused variable 'zero' [-Wunused-variable]
conftest.c:53:17: warning: unused variable 'x' [-Wunused-variable]
conftest.c:74:10: warning: 't' is used uninitialized in this function [-Wuninitialized]
conftest.c:89:23: warning: 'b' is used uninitialized in this function [-Wuninitialized]
configure:23584: $? = 0
configure:23588: test -z 
			 || test ! -s conftest.err
configure:23591: $? = 0
configure:23594: test -s conftest.o
configure:23597: $? = 0
configure:23608: result: yes
configure:23620: checking return type of signal handlers
configure:23651: i486-TSOL-linux-gnu-gcc -c -Os -I/source/Xdialog-2.3.1/include -Wall  conftest.c >&5
conftest.c: In function 'main':
conftest.c:59:5: warning: unused variable 'i' [-Wunused-variable]
configure:23657: $? = 0
configure:23661: test -z 
			 || test ! -s conftest.err
configure:23664: $? = 0
configure:23667: test -s conftest.o
configure:23670: $? = 0
configure:23681: result: void
configure:23695: checking for stdlib.h
configure:23700: result: yes
configure:23695: checking for unistd.h
configure:23700: result: yes
configure:23844: checking for getpagesize
configure:23901: i486-TSOL-linux-gnu-gcc -o conftest -Os -I/source/Xdialog-2.3.1/include -Wall  -static-libgcc -L/source/Xdialog-2.3.1/lib conftest.c   >&5
configure:23907: $? = 0
configure:23911: test -z 
			 || test ! -s conftest.err
configure:23914: $? = 0
configure:23917: test -s conftest
configure:23920: $? = 0
configure:23932: result: yes
configure:23942: checking for working mmap
configure:24084: i486-TSOL-linux-gnu-gcc -o conftest -Os -I/source/Xdialog-2.3.1/include -Wall  -static-libgcc -L/source/Xdialog-2.3.1/lib conftest.c   >&5
configure:24087: $? = 0
configure:24089: ./conftest
configure:24092: $? = 0
configure:24106: result: yes
configure:24122: checking for getresuid
configure:24179: i486-TSOL-linux-gnu-gcc -o conftest -Os -I/source/Xdialog-2.3.1/include -Wall  -static-libgcc -L/source/Xdialog-2.3.1/lib conftest.c   >&5
configure:24185: $? = 0
configure:24189: test -z 
			 || test ! -s conftest.err
configure:24192: $? = 0
configure:24195: test -s conftest
configure:24198: $? = 0
configure:24210: result: yes
configure:24220: checking for uid_t in sys/types.h
configure:24243: result: yes
configure:24260: checking for fd_set
configure:24278: i486-TSOL-linux-gnu-gcc -c -Os -I/source/Xdialog-2.3.1/include -Wall  conftest.c >&5
conftest.c: In function 'main':
conftest.c:55:18: warning: unused variable 'writeMask' [-Wunused-variable]
conftest.c:55:8: warning: unused variable 'readMask' [-Wunused-variable]
configure:24284: $? = 0
configure:24288: test -z 
			 || test ! -s conftest.err
configure:24291: $? = 0
configure:24294: test -s conftest.o
configure:24297: $? = 0
configure:24308: result: yes, found in sys/types.h
configure:24344: checking for wchar.h
configure:24354: i486-TSOL-linux-gnu-gcc -E  conftest.c
configure:24360: $? = 0
configure:24387: result: yes
configure:24391: checking for wctype.h
configure:24401: i486-TSOL-linux-gnu-gcc -E  conftest.c
configure:24407: $? = 0
configure:24434: result: yes
configure:24439: checking for iswalnum
configure:24496: i486-TSOL-linux-gnu-gcc -o conftest -Os -I/source/Xdialog-2.3.1/include -Wall  -static-libgcc -L/source/Xdialog-2.3.1/lib conftest.c   >&5
conftest.c:77:6: warning: conflicting types for built-in function 'iswalnum' [enabled by default]
configure:24502: $? = 0
configure:24506: test -z 
			 || test ! -s conftest.err
configure:24509: $? = 0
configure:24512: test -s conftest
configure:24515: $? = 0
configure:24527: result: yes
configure:24606: checking if iswalnum() and friends are properly defined
configure:24637: i486-TSOL-linux-gnu-gcc -o conftest -Os -I/source/Xdialog-2.3.1/include -Wall  -static-libgcc -L/source/Xdialog-2.3.1/lib conftest.c    >&5
conftest.c: In function 'main':
conftest.c:69:1: warning: statement with no effect [-Wunused-value]
configure:24643: $? = 0
configure:24647: test -z 
			 || test ! -s conftest.err
configure:24650: $? = 0
configure:24653: test -s conftest
configure:24656: $? = 0
configure:24677: result: yes
configure:24701: checking whether to build gmodulized gdk-pixbuf
configure:24713: result: no
configure:25639: checking for libpng12
configure:25642: result: yes
configure:25959: checking pixbuf loaders to build
configure:25987: result: xpm,png
configure:26010: checking for sys/wait.h that is POSIX.1 compatible
configure:26041: i486-TSOL-linux-gnu-gcc -c -Os -I/source/Xdialog-2.3.1/include -Wall  conftest.c >&5
configure:26047: $? = 0
configure:26051: test -z 
			 || test ! -s conftest.err
configure:26054: $? = 0
configure:26057: test -s conftest.o
configure:26060: $? = 0
configure:26071: result: yes
configure:26082: checking return type of signal handlers
configure:26143: result: void
configure:26204: checking for x86 platform
configure:26213: result: yes
configure:26221: checking compiler support for MMX
configure:26224: i486-TSOL-linux-gnu-gcc -c -Os -I/source/Xdialog-2.3.1/include -Wall  conftest.S >&5
configure:26227: $? = 0
configure:26240: result: yes
configure:26367: checking for freetype-config
configure:26385: found /source/Xdialog-2.3.1/bin/freetype-config
configure:26398: result: /source/Xdialog-2.3.1/bin/freetype-config
configure:26434: i486-TSOL-linux-gnu-gcc -o conftest -Os -I/source/Xdialog-2.3.1/include -Wall  -static-libgcc -L/source/Xdialog-2.3.1/lib conftest.c -L/source/Xdialog-2.3.1/lib -lfreetype -lz   >&5
configure:26440: $? = 0
configure:26444: test -z 
			 || test ! -s conftest.err
configure:26447: $? = 0
configure:26450: test -s conftest
configure:26453: $? = 0
configure:26470: checking For sufficiently new FreeType (at least 2.0.1)
configure:26492: i486-TSOL-linux-gnu-gcc -c -Os -I/source/Xdialog-2.3.1/include -Wall  -I/source/Xdialog-2.3.1/include/freetype2 -I/source/Xdialog-2.3.1/include conftest.c >&5
configure:26498: $? = 0
configure:26502: test -z 
			 || test ! -s conftest.err
configure:26505: $? = 0
configure:26508: test -s conftest.o
configure:26511: $? = 0
configure:26522: result: yes
configure:26575: checking for X
configure:26805: result: libraries /usr/xorg/lib, headers /usr/xorg/include/
configure:26977: i486-TSOL-linux-gnu-gcc -o conftest -Os -I/source/Xdialog-2.3.1/include -Wall  -static-libgcc -L/source/Xdialog-2.3.1/lib conftest.c    -L/usr/xorg/lib -lX11 >&5
configure:26983: $? = 0
configure:26987: test -z 
			 || test ! -s conftest.err
configure:26990: $? = 0
configure:26993: test -s conftest
configure:26996: $? = 0
configure:27154: checking for gethostbyname
configure:27211: i486-TSOL-linux-gnu-gcc -o conftest -Os -I/source/Xdialog-2.3.1/include -Wall  -static-libgcc -L/source/Xdialog-2.3.1/lib conftest.c   >&5
configure:27217: $? = 0
configure:27221: test -z 
			 || test ! -s conftest.err
configure:27224: $? = 0
configure:27227: test -s conftest
configure:27230: $? = 0
configure:27242: result: yes
configure:27393: checking for connect
configure:27450: i486-TSOL-linux-gnu-gcc -o conftest -Os -I/source/Xdialog-2.3.1/include -Wall  -static-libgcc -L/source/Xdialog-2.3.1/lib conftest.c   >&5
configure:27456: $? = 0
configure:27460: test -z 
			 || test ! -s conftest.err
configure:27463: $? = 0
configure:27466: test -s conftest
configure:27469: $? = 0
configure:27481: result: yes
configure:27556: checking for remove
configure:27613: i486-TSOL-linux-gnu-gcc -o conftest -Os -I/source/Xdialog-2.3.1/include -Wall  -static-libgcc -L/source/Xdialog-2.3.1/lib conftest.c   >&5
configure:27619: $? = 0
configure:27623: test -z 
			 || test ! -s conftest.err
configure:27626: $? = 0
configure:27629: test -s conftest
configure:27632: $? = 0
configure:27644: result: yes
configure:27719: checking for shmat
configure:27776: i486-TSOL-linux-gnu-gcc -o conftest -Os -I/source/Xdialog-2.3.1/include -Wall  -static-libgcc -L/source/Xdialog-2.3.1/lib conftest.c   >&5
configure:27782: $? = 0
configure:27786: test -z 
			 || test ! -s conftest.err
configure:27789: $? = 0
configure:27792: test -s conftest
configure:27795: $? = 0
configure:27807: result: yes
configure:27891: checking for IceConnectionNumber in -lICE
configure:27921: i486-TSOL-linux-gnu-gcc -o conftest -Os -I/source/Xdialog-2.3.1/include -Wall  -static-libgcc -L/source/Xdialog-2.3.1/lib -L/usr/xorg/lib conftest.c -lICE    >&5
configure:27927: $? = 0
configure:27931: test -z 
			 || test ! -s conftest.err
configure:27934: $? = 0
configure:27937: test -s conftest
configure:27940: $? = 0
configure:27953: result: yes
configure:27985: checking for XOpenDisplay in -lX11
configure:28015: i486-TSOL-linux-gnu-gcc -o conftest -Os -I/source/Xdialog-2.3.1/include -Wall  -static-libgcc -L/source/Xdialog-2.3.1/lib conftest.c -lX11  -Wl,--export-dynamic -L/source/Xdialog-2.3.1/lib -L/usr/xorg/lib -lpangoxft-1.0 -lXft -lXrender -lfontconfig -lfreetype -lz -lX11 -lpango-1.0 -lgobject-2.0 -lgmodule-2.0 -ldl -lglib-2.0   >&5
configure:28021: $? = 0
configure:28025: test -z 
			 || test ! -s conftest.err
configure:28028: $? = 0
configure:28031: test -s conftest
configure:28034: $? = 0
configure:28047: result: yes
configure:28060: checking for XShmAttach in -lXext
configure:28090: i486-TSOL-linux-gnu-gcc -o conftest -Os -I/source/Xdialog-2.3.1/include -Wall  -static-libgcc -L/source/Xdialog-2.3.1/lib conftest.c -lXext  -Wl,--export-dynamic -L/source/Xdialog-2.3.1/lib -L/usr/xorg/lib -lpangoxft-1.0 -lXft -lXrender -lfontconfig -lfreetype -lz -lX11 -lpango-1.0 -lgobject-2.0 -lgmodule-2.0 -ldl -lglib-2.0   >&5
configure:28096: $? = 0
configure:28100: test -z 
			 || test ! -s conftest.err
configure:28103: $? = 0
configure:28106: test -s conftest
configure:28109: $? = 0
configure:28122: result: yes
configure:28379: checking for XineramaQueryExtension in -lXinerama
configure:28409: i486-TSOL-linux-gnu-gcc -o conftest -Os -I/source/Xdialog-2.3.1/include -Wall  -I/source/Xdialog-2.3.1/include/pango-1.0 -I/source/Xdialog-2.3.1/include -I/source/Xdialog-2.3.1/include/freetype2 -I/usr/xorg/include -I/source/Xdialog-2.3.1/include/glib-2.0 -I/source/Xdialog-2.3.1/lib/glib-2.0/include   -static-libgcc -L/source/Xdialog-2.3.1/lib conftest.c -lXinerama -lXext  -Wl,--export-dynamic -L/source/Xdialog-2.3.1/lib -L/usr/xorg/lib -lpangoxft-1.0 -lXft -lXrender -lfontconfig -lfreetype -lz -lX11 -lpango-1.0 -lgobject-2.0 -lgmodule-2.0 -ldl -lglib-2.0   >&5
configure:28415: $? = 0
configure:28419: test -z 
			 || test ! -s conftest.err
configure:28422: $? = 0
configure:28425: test -s conftest
configure:28428: $? = 0
configure:28441: result: yes
configure:28444: checking for X11/extensions/Xinerama.h
configure:28460: i486-TSOL-linux-gnu-gcc -c -Os -I/source/Xdialog-2.3.1/include -Wall  -I/source/Xdialog-2.3.1/include/pango-1.0 -I/source/Xdialog-2.3.1/include -I/source/Xdialog-2.3.1/include/freetype2 -I/usr/xorg/include -I/source/Xdialog-2.3.1/include/glib-2.0 -I/source/Xdialog-2.3.1/lib/glib-2.0/include   conftest.c >&5
configure:28466: $? = 0
configure:28470: test -z 
			 || test ! -s conftest.err
configure:28473: $? = 0
configure:28476: test -s conftest.o
configure:28479: $? = 0
configure:28490: result: yes
configure:28520: checking for Xinerama support on XFree86
configure:28522: result: yes
configure:28531: checking for XShapeCombineMask in -lXext
configure:28561: i486-TSOL-linux-gnu-gcc -o conftest -Os -I/source/Xdialog-2.3.1/include -Wall  -static-libgcc -L/source/Xdialog-2.3.1/lib conftest.c -lXext  -Wl,--export-dynamic -L/source/Xdialog-2.3.1/lib -L/usr/xorg/lib -lpangoxft-1.0 -lXft -lXrender -lfontconfig -lfreetype -lz -lX11 -lpango-1.0 -lgobject-2.0 -lgmodule-2.0 -ldl -lglib-2.0   >&5
configure:28567: $? = 0
configure:28571: test -z 
			 || test ! -s conftest.err
configure:28574: $? = 0
configure:28577: test -s conftest
configure:28580: $? = 0
configure:28593: result: yes
configure:28610: checking for XConvertCase in -lX11
configure:28640: i486-TSOL-linux-gnu-gcc -o conftest -Os -I/source/Xdialog-2.3.1/include -Wall  -static-libgcc -L/source/Xdialog-2.3.1/lib conftest.c -lX11  -Wl,--export-dynamic -L/source/Xdialog-2.3.1/lib -L/usr/xorg/lib -lpangoxft-1.0 -lXft -lXrender -lfontconfig -lfreetype -lz -lX11 -lpango-1.0 -lgobject-2.0 -lgmodule-2.0 -ldl -lglib-2.0   >&5
configure:28646: $? = 0
configure:28650: test -z 
			 || test ! -s conftest.err
configure:28653: $? = 0
configure:28656: test -s conftest
configure:28659: $? = 0
configure:28672: result: yes
configure:28687: checking for XAddConnectionWatch in -lX11
configure:28717: i486-TSOL-linux-gnu-gcc -o conftest -Os -I/source/Xdialog-2.3.1/include -Wall  -static-libgcc -L/source/Xdialog-2.3.1/lib conftest.c -lX11  -Wl,--export-dynamic -L/source/Xdialog-2.3.1/lib -L/usr/xorg/lib -lpangoxft-1.0 -lXft -lXrender -lfontconfig -lfreetype -lz -lX11 -lpango-1.0 -lgobject-2.0 -lgmodule-2.0 -ldl -lglib-2.0   >&5
configure:28723: $? = 0
configure:28727: test -z 
			 || test ! -s conftest.err
configure:28730: $? = 0
configure:28733: test -s conftest
configure:28736: $? = 0
configure:28749: result: yes
configure:28784: checking for XkbQueryExtension in -lX11
configure:28814: i486-TSOL-linux-gnu-gcc -o conftest -Os -I/source/Xdialog-2.3.1/include -Wall  -static-libgcc -L/source/Xdialog-2.3.1/lib conftest.c -lX11  -Wl,--export-dynamic -L/source/Xdialog-2.3.1/lib -L/usr/xorg/lib -lpangoxft-1.0 -lXft -lXrender -lfontconfig -lfreetype -lz -lX11 -lpango-1.0 -lgobject-2.0 -lgmodule-2.0 -ldl -lglib-2.0   >&5
configure:28820: $? = 0
configure:28824: test -z 
			 || test ! -s conftest.err
configure:28827: $? = 0
configure:28830: test -s conftest
configure:28833: $? = 0
configure:28846: result: yes
configure:28895: checking for XRRUpdateConfiguration in -lXrandr
configure:28925: i486-TSOL-linux-gnu-gcc -o conftest -Os -I/source/Xdialog-2.3.1/include -Wall  -static-libgcc -L/source/Xdialog-2.3.1/lib conftest.c -lXrandr  -L/usr/xorg/lib -lXrandr -lXrender -lX11    >&5
configure:28931: $? = 0
configure:28935: test -z 
			 || test ! -s conftest.err
configure:28938: $? = 0
configure:28941: test -s conftest
configure:28944: $? = 0
configure:28957: result: yes
configure:28960: checking for X11/extensions/Xrandr.h
configure:28976: i486-TSOL-linux-gnu-gcc -c -Os -I/source/Xdialog-2.3.1/include -Wall  conftest.c >&5
conftest.c:63:22: fatal error: X11/Xlib.h: No such file or directory
compilation terminated.
configure:28982: $? = 1
configure: failed program was:
| /* confdefs.h.  */
| 
| #define PACKAGE_NAME "gtk+"
| #define PACKAGE_TARNAME "gtk+"
| #define PACKAGE_VERSION "2.4.0"
| #define PACKAGE_STRING "gtk+ 2.4.0"
| #define PACKAGE_BUGREPORT "http://bugzilla.gnome.org/enter_bug.cgi?product=gtk+"
| #define GETTEXT_PACKAGE "gtk20"
| #define STDC_HEADERS 1
| #define HAVE_SYS_TYPES_H 1
| #define HAVE_SYS_STAT_H 1
| #define HAVE_STDLIB_H 1
| #define HAVE_STRING_H 1
| #define HAVE_MEMORY_H 1
| #define HAVE_STRINGS_H 1
| #define HAVE_INTTYPES_H 1
| #define HAVE_STDINT_H 1
| #define HAVE_UNISTD_H 1
| #define HAVE_DLFCN_H 1
| #ifdef __cplusplus
| extern "C" void exit (int) throw ();
| #endif
| #define _FILE_OFFSET_BITS 64
| #define GTK_COMPILED_WITH_DEBUGGING "no"
| #define HAVE_LSTAT 1
| #define HAVE_MKSTEMP 1
| #define HAVE_FLOCKFILE 1
| #define HAVE_SIGSETJMP 1
| #define HAVE_LOCALE_H 1
| #define HAVE_LC_MESSAGES 1
| #define HAVE_BIND_TEXTDOMAIN_CODESET 1
| #define HAVE_GETTEXT 1
| #define HAVE_DCGETTEXT 1
| #define ENABLE_NLS 1
| #define GTK_LOCALEDIR "/source/Xdialog-2.3.1/share/locale"
| #define HAVE_BIND_TEXTDOMAIN_CODESET 1
| #define HAVE_PWD_H 1
| #define HAVE_PWD_H 1
| #define HAVE_SYS_TIME_H 1
| #define HAVE_SYS_TIME_H 1
| #define HAVE_UNISTD_H 1
| #define HAVE_UNISTD_H 1
| #define STDC_HEADERS 1
| #define RETSIGTYPE void
| #define HAVE_STDLIB_H 1
| #define HAVE_UNISTD_H 1
| #define HAVE_GETPAGESIZE 1
| #define HAVE_MMAP 1
| #define HAVE_GETRESUID 1
| #define HAVE_WCHAR_H 1
| #define HAVE_WCTYPE_H 1
| #define HAVE_SYS_WAIT_H 1
| #define RETSIGTYPE void
| #define USE_MMX 1
| #define HAVE_XFREE_XINERAMA 1
| #define HAVE_XINERAMA 1
| #define HAVE_SHAPE_EXT 1
| #define HAVE_XCONVERTCASE 1
| #define HAVE_X11R6 1
| #define HAVE_XKB 1
| #define XINPUT_NONE 1
| /* end confdefs.h.  */
| #include <X11/Xlib.h>
| 
| #include <X11/extensions/Xrandr.h>
configure:29006: result: no
configure:29092: checking for xcursor
configure:29096: result: yes
configure:29100: checking XCURSOR_CFLAGS
configure:29103: result: -I/usr/xorg/include  
configure:29106: checking XCURSOR_LIBS
configure:29109: result: -L/usr/xorg/lib -lXcursor  
configure:29159: checking sys/ipc.h usability
configure:29171: i486-TSOL-linux-gnu-gcc -c -Os -I/source/Xdialog-2.3.1/include -Wall  conftest.c >&5
configure:29177: $? = 0
configure:29181: test -z 
			 || test ! -s conftest.err
configure:29184: $? = 0
configure:29187: test -s conftest.o
configure:29190: $? = 0
configure:29200: result: yes
configure:29204: checking sys/ipc.h presence
configure:29214: i486-TSOL-linux-gnu-gcc -E  conftest.c
configure:29220: $? = 0
configure:29240: result: yes
configure:29275: checking for sys/ipc.h
configure:29282: result: yes
configure:29306: checking sys/shm.h usability
configure:29318: i486-TSOL-linux-gnu-gcc -c -Os -I/source/Xdialog-2.3.1/include -Wall  conftest.c >&5
configure:29324: $? = 0
configure:29328: test -z 
			 || test ! -s conftest.err
configure:29331: $? = 0
configure:29334: test -s conftest.o
configure:29337: $? = 0
configure:29347: result: yes
configure:29351: checking sys/shm.h presence
configure:29361: i486-TSOL-linux-gnu-gcc -E  conftest.c
configure:29367: $? = 0
configure:29387: result: yes
configure:29422: checking for sys/shm.h
configure:29429: result: yes
configure:29446: checking X11/extensions/XShm.h
configure:29477: i486-TSOL-linux-gnu-gcc -c -Os -I/source/Xdialog-2.3.1/include -Wall  -I/usr/xorg/include/  conftest.c >&5
conftest.c: In function 'main':
conftest.c:78:18: warning: unused variable 'x_shm_info' [-Wunused-variable]
configure:29483: $? = 0
configure:29487: test -z 
			 || test ! -s conftest.err
configure:29490: $? = 0
configure:29493: test -s conftest.o
configure:29496: $? = 0
configure:29507: result: yes
configure:29721: checking Pango flags
configure:29727: result: -I/source/Xdialog-2.3.1/include/pango-1.0 -I/source/Xdialog-2.3.1/include -I/source/Xdialog-2.3.1/include/freetype2 -I/usr/xorg/include -I/source/Xdialog-2.3.1/include/glib-2.0 -I/source/Xdialog-2.3.1/lib/glib-2.0/include   -Wl,--export-dynamic -L/source/Xdialog-2.3.1/lib -L/usr/xorg/lib -lpangoxft-1.0 -lXft -lXrender -lfontconfig -lfreetype -lz -lpangox-1.0 -lX11 -lpango-1.0 -lgobject-2.0 -lgmodule-2.0 -ldl -lglib-2.0  
configure:29775: i486-TSOL-linux-gnu-gcc -o conftest -Os -I/source/Xdialog-2.3.1/include -Wall -I/source/Xdialog-2.3.1/include/pango-1.0 -I/source/Xdialog-2.3.1/include -I/source/Xdialog-2.3.1/include/freetype2 -I/usr/xorg/include -I/source/Xdialog-2.3.1/include/glib-2.0 -I/source/Xdialog-2.3.1/lib/glib-2.0/include    -static-libgcc -L/source/Xdialog-2.3.1/lib conftest.c -Wl,--export-dynamic -L/source/Xdialog-2.3.1/lib -L/usr/xorg/lib -lpangoxft-1.0 -lXft -lXrender -lfontconfig -lfreetype -lz -lpangox-1.0 -lX11 -lpango-1.0 -lgobject-2.0 -lgmodule-2.0 -ldl -lglib-2.0     >&5
configure:29781: $? = 0
configure:29785: test -z 
			 || test ! -s conftest.err
configure:29788: $? = 0
configure:29791: test -s conftest
configure:29794: $? = 0
configure:29841: checking ATK flags
configure:29847: result: -I/source/Xdialog-2.3.1/include/atk-1.0 -I/source/Xdialog-2.3.1/include/glib-2.0 -I/source/Xdialog-2.3.1/lib/glib-2.0/include   -Wl,--export-dynamic -L/source/Xdialog-2.3.1/lib -latk-1.0 -lgobject-2.0 -lgmodule-2.0 -ldl -lglib-2.0  
configure:29889: i486-TSOL-linux-gnu-gcc -o conftest -Os -I/source/Xdialog-2.3.1/include -Wall  -static-libgcc -L/source/Xdialog-2.3.1/lib conftest.c -Wl,--export-dynamic -L/source/Xdialog-2.3.1/lib -latk-1.0 -lgobject-2.0 -lgmodule-2.0 -ldl -lglib-2.0     >&5
configure:29895: $? = 0
configure:29899: test -z 
			 || test ! -s conftest.err
configure:29902: $? = 0
configure:29905: test -s conftest
configure:29908: $? = 0
configure:30079: checking for db2html
configure:30106: result: false
configure:30135: checking for xsltproc
configure:30153: found /usr/bin/xsltproc
configure:30165: result: /usr/bin/xsltproc
configure:30189: checking for XML catalog (/etc/xml/catalog)
configure:30196: result: not found
configure:30203: checking for xmlcatalog
configure:30221: found /usr/bin/xmlcatalog
configure:30234: result: /usr/bin/xmlcatalog
configure:30252: checking for DocBook XML DTD V4.1.2 in XML catalog
configure:30263: result: not found
configure:30269: checking for DocBook XSL Stylesheets in XML catalog
configure:30280: result: not found
configure:30641: creating ./config.status

## ---------------------- ##
## Running config.status. ##
## ---------------------- ##

This file was extended by gtk+ config.status 2.4.0, which was
generated by GNU Autoconf 2.59.  Invocation command line was

  CONFIG_FILES    = 
  CONFIG_HEADERS  = 
  CONFIG_LINKS    = 
  CONFIG_COMMANDS = 
  $ ./config.status 

on ubuntu4

config.status:938: creating config.h.win32
config.status:938: creating gtk-zip.sh
config.status:938: creating Makefile
config.status:938: creating gdk-pixbuf-2.0.pc
config.status:938: creating gdk-2.0.pc
config.status:938: creating gtk+-2.0.pc
config.status:938: creating gdk-pixbuf-2.0-uninstalled.pc
config.status:938: creating gdk-2.0-uninstalled.pc
config.status:938: creating gtk+-2.0-uninstalled.pc
config.status:938: creating m4macros/Makefile
config.status:938: creating po/Makefile.in
config.status:938: creating po-properties/Makefile.in
config.status:938: creating build/Makefile
config.status:938: creating build/win32/Makefile
config.status:938: creating build/win32/dirent/Makefile
config.status:938: creating demos/Makefile
config.status:938: creating demos/gtk-demo/Makefile
config.status:938: creating demos/gtk-demo/geninclude.pl
config.status:938: creating tests/Makefile
config.status:938: creating docs/Makefile
config.status:938: creating docs/reference/Makefile
config.status:938: creating docs/reference/gdk-pixbuf/Makefile
config.status:938: creating docs/reference/gdk-pixbuf/version.xml
config.status:938: creating docs/reference/gdk/Makefile
config.status:938: creating docs/reference/gdk/version.xml
config.status:938: creating docs/reference/gtk/Makefile
config.status:938: creating docs/reference/gtk/version.xml
config.status:938: creating docs/faq/Makefile
config.status:938: creating docs/tutorial/Makefile
config.status:938: creating gdk-pixbuf/Makefile
config.status:938: creating gdk-pixbuf/gdk_pixbuf.rc
config.status:938: creating gdk-pixbuf/gdk-pixbuf-features.h
config.status:938: creating gdk-pixbuf/pixops/Makefile
config.status:938: creating gdk/Makefile
config.status:938: creating gdk/x11/Makefile
config.status:938: creating gdk/win32/Makefile
config.status:938: creating gdk/win32/rc/Makefile
config.status:938: creating gdk/win32/rc/gdk.rc
config.status:938: creating gdk/linux-fb/Makefile
config.status:938: creating gtk/Makefile
config.status:938: creating gtk/makefile.msc
config.status:938: creating gtk/gtkversion.h
config.status:938: creating gtk/gtk-win32.rc
config.status:938: creating gtk/stock-icons/Makefile
config.status:938: creating gtk/theme-bits/Makefile
config.status:938: creating gtk/xdgmime/Makefile
config.status:938: creating modules/Makefile
config.status:938: creating modules/input/Makefile
config.status:938: creating contrib/Makefile
config.status:938: creating contrib/gdk-pixbuf-xlib/Makefile
config.status:938: creating contrib/gdk-pixbuf-xlib/gdk-pixbuf-xlib-2.0.pc
config.status:1042: creating config.h
config.status:1426: executing depfiles commands
config.status:1426: executing default-1 commands
config.status:1426: executing default-2 commands
config.status:1426: executing gdk/gdkconfig.h commands

## ---------------- ##
## Cache variables. ##
## ---------------- ##

ac_cv_build=i686-pc-linux-gnu
ac_cv_build_alias=i686-pc-linux-gnu
ac_cv_c_compiler_gnu=yes
ac_cv_c_const=yes
ac_cv_cxx_compiler_gnu=yes
ac_cv_env_CC_set=set
ac_cv_env_CC_value=i486-TSOL-linux-gnu-gcc
ac_cv_env_CFLAGS_set=set
ac_cv_env_CFLAGS_value='-Os -I/source/Xdialog-2.3.1/include'
ac_cv_env_CPPFLAGS_set=
ac_cv_env_CPPFLAGS_value=
ac_cv_env_CPP_set=
ac_cv_env_CPP_value=
ac_cv_env_CXXCPP_set=
ac_cv_env_CXXCPP_value=
ac_cv_env_CXXFLAGS_set=set
ac_cv_env_CXXFLAGS_value=-Os
ac_cv_env_CXX_set=set
ac_cv_env_CXX_value=i486-TSOL-linux-gnu-g++
ac_cv_env_F77_set=
ac_cv_env_F77_value=
ac_cv_env_FFLAGS_set=
ac_cv_env_FFLAGS_value=
ac_cv_env_LDFLAGS_set=set
ac_cv_env_LDFLAGS_value='-static-libgcc -L/source/Xdialog-2.3.1/lib'
ac_cv_env_build_alias_set=
ac_cv_env_build_alias_value=
ac_cv_env_host_alias_set=
ac_cv_env_host_alias_value=
ac_cv_env_target_alias_set=
ac_cv_env_target_alias_value=
ac_cv_exeext=
ac_cv_f77_compiler_gnu=no
ac_cv_func_bind_textdomain_codeset=yes
ac_cv_func_connect=yes
ac_cv_func_dcgettext=yes
ac_cv_func_flockfile=yes
ac_cv_func_gethostbyname=yes
ac_cv_func_getpagesize=yes
ac_cv_func_getresuid=yes
ac_cv_func_iswalnum=yes
ac_cv_func_lstat=yes
ac_cv_func_mkstemp=yes
ac_cv_func_mmap_fixed_mapped=yes
ac_cv_func_remove=yes
ac_cv_func_shmat=yes
ac_cv_have_x='have_x=yes 		ac_x_includes=/usr/xorg/include/ ac_x_libraries=/usr/xorg/lib'
ac_cv_header_X11_extensions_Xinerama_h=yes
ac_cv_header_X11_extensions_Xrandr_h=no
ac_cv_header_dlfcn_h=yes
ac_cv_header_inttypes_h=yes
ac_cv_header_libintl_h=yes
ac_cv_header_locale_h=yes
ac_cv_header_memory_h=yes
ac_cv_header_pwd_h=yes
ac_cv_header_stdc=yes
ac_cv_header_stdint_h=yes
ac_cv_header_stdlib_h=yes
ac_cv_header_string_h=yes
ac_cv_header_strings_h=yes
ac_cv_header_sys_ipc_h=yes
ac_cv_header_sys_shm_h=yes
ac_cv_header_sys_stat_h=yes
ac_cv_header_sys_time_h=yes
ac_cv_header_sys_types_h=yes
ac_cv_header_sys_wait_h=yes
ac_cv_header_unistd_h=yes
ac_cv_host=i686-pc-linux-gnu
ac_cv_host_alias=i686-pc-linux-gnu
ac_cv_lib_ICE_IceConnectionNumber=yes
ac_cv_lib_X11_XAddConnectionWatch=yes
ac_cv_lib_X11_XConvertCase=yes
ac_cv_lib_X11_XOpenDisplay=yes
ac_cv_lib_X11_XkbQueryExtension=yes
ac_cv_lib_Xext_XShapeCombineMask=yes
ac_cv_lib_Xext_XShmAttach=yes
ac_cv_lib_Xinerama_XineramaQueryExtension=yes
ac_cv_lib_Xrandr_XRRUpdateConfiguration=yes
ac_cv_lib_cposix_strerror=no
ac_cv_objext=o
ac_cv_path_FREETYPE_CONFIG=/source/Xdialog-2.3.1/bin/freetype-config
ac_cv_path_GMSGFMT=/usr/bin/msgfmt
ac_cv_path_MSGFMT=/usr/bin/msgfmt
ac_cv_path_PERL=/usr/bin/perl
ac_cv_path_PKG_CONFIG=/usr/bin/pkg-config
ac_cv_path_XGETTEXT=/usr/bin/xgettext
ac_cv_path_XMLCATALOG=/usr/bin/xmlcatalog
ac_cv_path_XSLTPROC=/usr/bin/xsltproc
ac_cv_path_install='/bin/install -c'
ac_cv_prog_AWK=gawk
ac_cv_prog_CPP='i486-TSOL-linux-gnu-gcc -E'
ac_cv_prog_CXXCPP='i486-TSOL-linux-gnu-g++ -E'
ac_cv_prog_DB2HTML=false
ac_cv_prog_ac_ct_AR=ar
ac_cv_prog_ac_ct_CC=i486-TSOL-linux-gnu-gcc
ac_cv_prog_ac_ct_RANLIB=ranlib
ac_cv_prog_ac_ct_STRIP=strip
ac_cv_prog_cc_g=yes
ac_cv_prog_cc_stdc=
ac_cv_prog_cxx_g=yes
ac_cv_prog_egrep='grep -E'
ac_cv_prog_f77_g=no
ac_cv_prog_make_make_set=yes
ac_cv_sys_file_offset_bits=64
ac_cv_sys_large_files=no
ac_cv_sys_largefile_CC=no
ac_cv_type_signal=void
ac_cv_type_uid_t=yes
am_cv_CC_dependencies_compiler_type=gcc3
am_cv_CXX_dependencies_compiler_type=gcc3
am_cv_prog_cc_stdc=
am_cv_val_LC_MESSAGES=yes
gt_cv_func_dgettext_libc=yes
gt_cv_func_dgettext_libintl=no
gt_cv_have_gettext=yes
lt_cv_deplibs_check_method=pass_all
lt_cv_file_magic_cmd='$MAGIC_CMD'
lt_cv_file_magic_test_file='/lib/libc.so.6 /lib/libc-2.15.so'
lt_cv_ld_reload_flag=-r
lt_cv_objdir=.libs
lt_cv_path_LD=i486-TSOL-linux-gnu-ld
lt_cv_path_LDCXX=i486-TSOL-linux-gnu-ld
lt_cv_path_NM='/toolchain/i486-TSOL-linux-gnu/bin//nm -B'
lt_cv_path_SED=/usr/bin/sed
lt_cv_prog_compiler_c_o=yes
lt_cv_prog_compiler_c_o_CXX=yes
lt_cv_prog_compiler_rtti_exceptions=no
lt_cv_prog_gnu_ld=yes
lt_cv_prog_gnu_ldcxx=yes
lt_cv_sys_global_symbol_pipe='sed -n -e '\''s/^.*[ 	]\([ABCDGIRSTW][ABCDGIRSTW]*\)[ 	][ 	]*\(\)\([_A-Za-z][_A-Za-z0-9]*\)$/\1 \2\3 \3/p'\'''
lt_cv_sys_global_symbol_to_c_name_address='sed -n -e '\''s/^: \([^ ]*\) $/  {\"\1\", (lt_ptr) 0},/p'\'' -e '\''s/^[BCDEGRST] \([^ ]*\) \([^ ]*\)$/  {"\2", (lt_ptr) \&\2},/p'\'''
lt_cv_sys_global_symbol_to_cdecl='sed -n -e '\''s/^. .* \(.*\)$/extern int \1;/p'\'''
lt_cv_sys_max_cmd_len=32768
lt_lt_cv_prog_compiler_c_o='"yes"'
lt_lt_cv_prog_compiler_c_o_CXX='"yes"'
lt_lt_cv_sys_global_symbol_pipe='"sed -n -e '\''s/^.*[ 	]\\([ABCDGIRSTW][ABCDGIRSTW]*\\)[ 	][ 	]*\\(\\)\\([_A-Za-z][_A-Za-z0-9]*\\)\$/\\1 \\2\\3 \\3/p'\''"'
lt_lt_cv_sys_global_symbol_to_c_name_address='"sed -n -e '\''s/^: \\([^ ]*\\) \$/  {\\\"\\1\\\", (lt_ptr) 0},/p'\'' -e '\''s/^[BCDEGRST] \\([^ ]*\\) \\([^ ]*\\)\$/  {\"\\2\", (lt_ptr) \\&\\2},/p'\''"'
lt_lt_cv_sys_global_symbol_to_cdecl='"sed -n -e '\''s/^. .* \\(.*\\)\$/extern int \\1;/p'\''"'

## ----------------- ##
## Output variables. ##
## ----------------- ##

ACLOCAL='${SHELL} /source/gtk/2.4.0/gtk+-2.4.0/missing --run aclocal-1.7 '
AMDEPBACKSLASH='\'
AMDEP_FALSE='#'
AMDEP_TRUE=''
AMTAR='${SHELL} /source/gtk/2.4.0/gtk+-2.4.0/missing --run tar'
AR='ar'
AUTOCONF='${SHELL} /source/gtk/2.4.0/gtk+-2.4.0/missing --run autoconf'
AUTOHEADER='${SHELL} /source/gtk/2.4.0/gtk+-2.4.0/missing --run autoheader'
AUTOMAKE='${SHELL} /source/gtk/2.4.0/gtk+-2.4.0/missing --run automake-1.7'
AWK='gawk'
BASE_DEPENDENCIES_CFLAGS='-I/source/Xdialog-2.3.1/include/glib-2.0 -I/source/Xdialog-2.3.1/lib/glib-2.0/include -I/source/Xdialog-2.3.1/include/atk-1.0 -I/source/Xdialog-2.3.1/include/pango-1.0  '
BASE_DEPENDENCIES_LIBS='-Wl,--export-dynamic -L/source/Xdialog-2.3.1/lib -latk-1.0 -lpango-1.0 -lgobject-2.0 -lgmodule-2.0 -ldl -lglib-2.0  '
BUILD_DYNAMIC_MODULES_FALSE=''
BUILD_DYNAMIC_MODULES_TRUE='#'
CATALOGS=' af.gmo am.gmo ar.gmo az.gmo be.gmo bg.gmo bn.gmo br.gmo ca.gmo cs.gmo cy.gmo da.gmo de.gmo el.gmo en_CA.gmo en_GB.gmo es.gmo et.gmo eu.gmo fa.gmo fi.gmo fr.gmo ga.gmo gl.gmo he.gmo hi.gmo hr.gmo hu.gmo ia.gmo id.gmo it.gmo ja.gmo ko.gmo li.gmo lt.gmo lv.gmo mi.gmo mk.gmo ml.gmo mn.gmo ms.gmo ne.gmo nl.gmo nn.gmo no.gmo pl.gmo pt.gmo pt_BR.gmo ro.gmo ru.gmo sk.gmo sl.gmo sq.gmo sr.gmo sr@ije.gmo sr@Latn.gmo sv.gmo ta.gmo th.gmo tr.gmo uk.gmo uz.gmo uz@Latn.gmo vi.gmo wa.gmo yi.gmo zh_CN.gmo zh_TW.gmo'
CATOBJEXT='.gmo'
CC='i486-TSOL-linux-gnu-gcc'
CCAS='$(CC)'
CCASFLAGS='$(CFLAGS)'
CCDEPMODE='depmode=gcc3'
CFLAGS='-Os -I/source/Xdialog-2.3.1/include -Wall'
CPP='i486-TSOL-linux-gnu-gcc -E'
CPPFLAGS=''
CROSS_COMPILING_FALSE=''
CROSS_COMPILING_TRUE='#'
CXX='i486-TSOL-linux-gnu-g++'
CXXCPP='i486-TSOL-linux-gnu-g++ -E'
CXXDEPMODE='depmode=gcc3'
CXXFLAGS='-Os'
CYGPATH_W='echo'
DATADIRNAME='share'
DB2HTML='false'
DEFS='-DHAVE_CONFIG_H'
DEPDIR='.deps'
DISABLE_EXPLICIT_DEPS_FALSE=''
DISABLE_EXPLICIT_DEPS_TRUE='#'
ECHO='echo'
ECHO_C=''
ECHO_N='-n'
ECHO_T=''
EGREP='grep -E'
ENABLE_FB_MANAGER_FALSE=''
ENABLE_FB_MANAGER_TRUE='#'
ENABLE_GTK_DOC_FALSE=''
ENABLE_GTK_DOC_TRUE='#'
ENABLE_MAN_FALSE=''
ENABLE_MAN_TRUE='#'
EXEEXT=''
F77=''
FFLAGS=''
FREETYPE_CFLAGS='-I/source/Xdialog-2.3.1/include/freetype2 -I/source/Xdialog-2.3.1/include'
FREETYPE_CONFIG='/source/Xdialog-2.3.1/bin/freetype-config'
FREETYPE_LIBS='-L/source/Xdialog-2.3.1/lib -lfreetype -lz'
GDK_DEP_CFLAGS='-D_REENTRANT -I/source/Xdialog-2.3.1/include/glib-2.0 -I/source/Xdialog-2.3.1/lib/glib-2.0/include -I/source/Xdialog-2.3.1/include/pango-1.0 -I/source/Xdialog-2.3.1/include -I/source/Xdialog-2.3.1/include/freetype2 -I/usr/xorg/include    '
GDK_DEP_LIBS='-L/usr/xorg/lib -lXinerama -lXext -L/usr/xorg/lib -lXcursor  -L/source/Xdialog-2.3.1/lib -L/usr/xorg/lib -lpangoxft-1.0 -lXft -lXrender -lfontconfig -lfreetype -lz -lpangox-1.0 -lX11 -lpango-1.0 -lgobject-2.0 -lgmodule-2.0 -ldl -lglib-2.0 -lpng12 -lm'
GDK_EXTRA_CFLAGS=''
GDK_EXTRA_LIBS=' -L/usr/xorg/lib -lXinerama -lXext  -L/usr/xorg/lib -lXcursor   '
GDK_PACKAGES='pangoxft pangox'
GDK_PIXBUF_CSOURCE=''
GDK_PIXBUF_DEP_CFLAGS='-D_REENTRANT -I/source/Xdialog-2.3.1/include/glib-2.0 -I/source/Xdialog-2.3.1/lib/glib-2.0/include -I/usr/include/libpng12   '
GDK_PIXBUF_DEP_LIBS=' -L/source/Xdialog-2.3.1/lib -lgmodule-2.0 -ldl -lgobject-2.0 -lglib-2.0 -lpng12 -lm'
GDK_PIXBUF_EXTRA_CFLAGS=''
GDK_PIXBUF_EXTRA_LIBS='  -lpng12   -lm'
GDK_PIXBUF_MAJOR='2'
GDK_PIXBUF_MICRO='0'
GDK_PIXBUF_MINOR='4'
GDK_PIXBUF_PACKAGES='gmodule-2.0 gobject-2.0'
GDK_PIXBUF_VERSION='2.4.0'
GDK_PIXBUF_XLIB_DEP_CFLAGS='-D_REENTRANT -I/source/Xdialog-2.3.1/include/glib-2.0 -I/source/Xdialog-2.3.1/lib/glib-2.0/include    -I/source/Xdialog-2.3.1/include/pango-1.0 -I/source/Xdialog-2.3.1/include -I/source/Xdialog-2.3.1/include/freetype2 -I/usr/xorg/include -I/source/Xdialog-2.3.1/include/glib-2.0 -I/source/Xdialog-2.3.1/lib/glib-2.0/include  '
GDK_PIXBUF_XLIB_DEP_LIBS=' -L/source/Xdialog-2.3.1/lib -lgmodule-2.0 -ldl -lgobject-2.0 -lglib-2.0 -L/usr/xorg/lib -lX11 -lXext -lpng12 -lm'
GDK_PIXBUF_XLIB_EXTRA_CFLAGS='-I/source/Xdialog-2.3.1/include/pango-1.0 -I/source/Xdialog-2.3.1/include -I/source/Xdialog-2.3.1/include/freetype2 -I/usr/xorg/include -I/source/Xdialog-2.3.1/include/glib-2.0 -I/source/Xdialog-2.3.1/lib/glib-2.0/include  '
GDK_PIXBUF_XLIB_EXTRA_LIBS=' -L/usr/xorg/lib -lX11 -lXext  '
GDK_PIXBUF_XLIB_PACKAGES=''
GDK_WIN32_EXTRA_CFLAGS=''
GDK_WLIBS=''
GETTEXT_PACKAGE='gtk20'
GLIB_CFLAGS='-D_REENTRANT -I/source/Xdialog-2.3.1/include/glib-2.0 -I/source/Xdialog-2.3.1/lib/glib-2.0/include  '
GLIB_GENMARSHAL='glib-genmarshal'
GLIB_LIBS='-Wl,--export-dynamic -L/source/Xdialog-2.3.1/lib -lgobject-2.0 -lgmodule-2.0 -ldl -lgthread-2.0 -lglib-2.0  '
GLIB_MKENUMS='glib-mkenums'
GMOFILES=' af.gmo am.gmo ar.gmo az.gmo be.gmo bg.gmo bn.gmo br.gmo ca.gmo cs.gmo cy.gmo da.gmo de.gmo el.gmo en_CA.gmo en_GB.gmo es.gmo et.gmo eu.gmo fa.gmo fi.gmo fr.gmo ga.gmo gl.gmo he.gmo hi.gmo hr.gmo hu.gmo ia.gmo id.gmo it.gmo ja.gmo ko.gmo li.gmo lt.gmo lv.gmo mi.gmo mk.gmo ml.gmo mn.gmo ms.gmo ne.gmo nl.gmo nn.gmo no.gmo pl.gmo pt.gmo pt_BR.gmo ro.gmo ru.gmo sk.gmo sl.gmo sq.gmo sr.gmo sr@ije.gmo sr@Latn.gmo sv.gmo ta.gmo th.gmo tr.gmo uk.gmo uz.gmo uz@Latn.gmo vi.gmo wa.gmo yi.gmo zh_CN.gmo zh_TW.gmo'
GMSGFMT='/usr/bin/msgfmt'
GOBJECT_QUERY='gobject-query'
GTK_API_VERSION='2.0'
GTK_BINARY_AGE='400'
GTK_BINARY_VERSION='2.4.0'
GTK_DEBUG_FLAGS='-DG_DISABLE_ASSERT -DG_DISABLE_CHECKS -DG_DISABLE_CAST_CHECKS'
GTK_DEP_CFLAGS='-D_REENTRANT -I/source/Xdialog-2.3.1/include/glib-2.0 -I/source/Xdialog-2.3.1/lib/glib-2.0/include -I/source/Xdialog-2.3.1/include/pango-1.0 -I/source/Xdialog-2.3.1/include -I/source/Xdialog-2.3.1/include/freetype2 -I/usr/xorg/include -I/source/Xdialog-2.3.1/include/atk-1.0     '
GTK_DEP_LIBS='-L/usr/xorg/lib -lXinerama -lXext -L/usr/xorg/lib -lXcursor  -L/source/Xdialog-2.3.1/lib -L/usr/xorg/lib -lpangoxft-1.0 -lXft -lXrender -lfontconfig -lfreetype -lz -lpangox-1.0 -lX11 -lpango-1.0 -latk-1.0 -lgobject-2.0 -lgmodule-2.0 -ldl -lglib-2.0 -lpng12 -lm'
GTK_DOC_USE_LIBTOOL_FALSE='#'
GTK_DOC_USE_LIBTOOL_TRUE=''
GTK_EXTRA_CFLAGS=''
GTK_EXTRA_LIBS=''
GTK_INTERFACE_AGE='0'
GTK_MAJOR_VERSION='2'
GTK_MICRO_VERSION='0'
GTK_MINOR_VERSION='4'
GTK_PACKAGES='atk'
GTK_VERSION='2.4.0'
GTK_XIM_FLAGS=''
HAVE_DOCBOOK_FALSE=''
HAVE_DOCBOOK_TRUE='#'
HAVE_IE55_FALSE=''
HAVE_IE55_TRUE='#'
HAVE_JPEG_FALSE=''
HAVE_JPEG_TRUE='#'
HAVE_PNG_FALSE='#'
HAVE_PNG_TRUE=''
HAVE_TIFF_FALSE=''
HAVE_TIFF_TRUE='#'
HAVE_WINTAB_FALSE=''
HAVE_WINTAB_TRUE='#'
HAVE_X11R6_FALSE='#'
HAVE_X11R6_TRUE=''
HTML_DIR='${datadir}/gtk-doc/html'
IE55_UUID_LIB=''
INCLUDED_LOADER_DEFINE=' -DINCLUDE_xpm -DINCLUDE_png'
INCLUDED_LOADER_OBJ=' libpixbufloader-static-xpm.la libpixbufloader-static-png.la'
INDENT=''
INSTALL_DATA='${INSTALL} -m 644'
INSTALL_PROGRAM='${INSTALL}'
INSTALL_SCRIPT='${INSTALL}'
INSTALL_STRIP_PROGRAM='${SHELL} $(install_sh) -c -s'
INSTOBJEXT='.mo'
INTLLIBS=''
LDFLAGS='-static-libgcc -L/source/Xdialog-2.3.1/lib'
LIBJPEG=''
LIBOBJS=''
LIBPNG='-lpng12  '
LIBS=' '
LIBTIFF=''
LIBTOOL='$(SHELL) $(top_builddir)/libtool'
LIBTOOL_EXPORT_OPTIONS='-export-symbols-regex "^[^_].*"'
LN_S='ln -s'
LTLIBOBJS=''
LT_CURRENT_MINUS_AGE='0'
LT_VERSION_INFO='400:0:400'
MAINT='#'
MAINTAINER_MODE_FALSE=''
MAINTAINER_MODE_TRUE='#'
MAKEINFO='${SHELL} /source/gtk/2.4.0/gtk+-2.4.0/missing --run makeinfo'
MKINSTALLDIRS='./mkinstalldirs'
MSGFMT='/usr/bin/msgfmt'
MS_LIB_AVAILABLE_FALSE=''
MS_LIB_AVAILABLE_TRUE='#'
OBJEXT='o'
OS_UNIX_FALSE='#'
OS_UNIX_TRUE=''
OS_WIN32_FALSE=''
OS_WIN32_TRUE='#'
PACKAGE='gtk+'
PACKAGE_BUGREPORT='http://bugzilla.gnome.org/enter_bug.cgi?product=gtk+'
PACKAGE_NAME='gtk+'
PACKAGE_STRING='gtk+ 2.4.0'
PACKAGE_TARNAME='gtk+'
PACKAGE_VERSION='2.4.0'
PATH_SEPARATOR=':'
PERL='/usr/bin/perl'
PKG_CONFIG='/usr/bin/pkg-config'
PLATFORM_WIN32_FALSE=''
PLATFORM_WIN32_TRUE='#'
POFILES=' af.po am.po ar.po az.po be.po bg.po bn.po br.po ca.po cs.po cy.po da.po de.po el.po en_CA.po en_GB.po es.po et.po eu.po fa.po fi.po fr.po ga.po gl.po he.po hi.po hr.po hu.po ia.po id.po it.po ja.po ko.po li.po lt.po lv.po mi.po mk.po ml.po mn.po ms.po ne.po nl.po nn.po no.po pl.po pt.po pt_BR.po ro.po ru.po sk.po sl.po sq.po sr.po sr@ije.po sr@Latn.po sv.po ta.po th.po tr.po uk.po uz.po uz@Latn.po vi.po wa.po yi.po zh_CN.po zh_TW.po'
POSUB='po'
PO_IN_DATADIR_FALSE=''
PO_IN_DATADIR_TRUE=''
RANLIB='ranlib'
REBUILD=''
REBUILD_PNGS=''
SET_MAKE=''
SHELL='/bin/sh'
STRIP='strip'
USE_LINUX_FB_FALSE=''
USE_LINUX_FB_TRUE='#'
USE_MMX_FALSE='#'
USE_MMX_TRUE=''
USE_NLS='yes'
USE_WIN32_FALSE=''
USE_WIN32_TRUE='#'
USE_X11_FALSE='#'
USE_X11_TRUE=''
VERSION='2.4.0'
WINTAB_LIB=''
XCURSOR_CFLAGS='-I/usr/xorg/include  '
XCURSOR_LIBS='-L/usr/xorg/lib -lXcursor  '
XGETTEXT='/usr/bin/xgettext'
XINPUT_XFREE_FALSE=''
XINPUT_XFREE_TRUE='#'
XMLCATALOG='/usr/bin/xmlcatalog'
XML_CATALOG_FILE='/etc/xml/catalog'
XSLTPROC='/usr/bin/xsltproc'
X_CFLAGS=' -I/usr/xorg/include/'
X_EXTRA_LIBS=''
X_LIBS=' -L/usr/xorg/lib'
X_PRE_LIBS=' -lSM -lICE'
ac_ct_AR='ar'
ac_ct_CC='i486-TSOL-linux-gnu-gcc'
ac_ct_CXX=''
ac_ct_F77=''
ac_ct_RANLIB='ranlib'
ac_ct_STRIP='strip'
am__fastdepCC_FALSE='#'
am__fastdepCC_TRUE=''
am__fastdepCXX_FALSE='#'
am__fastdepCXX_TRUE=''
am__include='include'
am__leading_dot='.'
am__quote=''
bindir='${exec_prefix}/bin'
build='i686-pc-linux-gnu'
build_alias=''
build_cpu='i686'
build_os='linux-gnu'
build_vendor='pc'
datadir='${prefix}/share'
exec_prefix='${prefix}'
gdktarget='x11'
gdktargetlib='libgdk-x11-2.0.la'
gtktargetlib='libgtk-x11-2.0.la'
host='i686-pc-linux-gnu'
host_alias=''
host_cpu='i686'
host_os='linux-gnu'
host_vendor='pc'
includedir='${prefix}/include'
infodir='${prefix}/info'
install_sh='/source/gtk/2.4.0/gtk+-2.4.0/install-sh'
libdir='${exec_prefix}/lib'
libexecdir='${exec_prefix}/libexec'
localstatedir='${prefix}/var'
mandir='${prefix}/man'
ms_librarian=''
oldincludedir='/usr/include'
prefix='/source/Xdialog-2.3.1'
program_transform_name='s,x,x,'
sbindir='${exec_prefix}/sbin'
sharedstatedir='${prefix}/com'
sysconfdir='${prefix}/etc'
target_alias=''

## ----------- ##
## confdefs.h. ##
## ----------- ##

#define ENABLE_NLS 1
#define GETTEXT_PACKAGE "gtk20"
#define GTK_COMPILED_WITH_DEBUGGING "no"
#define GTK_LOCALEDIR "/source/Xdialog-2.3.1/share/locale"
#define HAVE_BIND_TEXTDOMAIN_CODESET 1
#define HAVE_BIND_TEXTDOMAIN_CODESET 1
#define HAVE_DCGETTEXT 1
#define HAVE_DLFCN_H 1
#define HAVE_FLOCKFILE 1
#define HAVE_GETPAGESIZE 1
#define HAVE_GETRESUID 1
#define HAVE_GETTEXT 1
#define HAVE_INTTYPES_H 1
#define HAVE_IPC_H 1
#define HAVE_LC_MESSAGES 1
#define HAVE_LOCALE_H 1
#define HAVE_LSTAT 1
#define HAVE_MEMORY_H 1
#define HAVE_MKSTEMP 1
#define HAVE_MMAP 1
#define HAVE_PWD_H 1
#define HAVE_PWD_H 1
#define HAVE_SHAPE_EXT 1
#define HAVE_SHM_H 1
#define HAVE_SIGSETJMP 1
#define HAVE_STDINT_H 1
#define HAVE_STDLIB_H 1
#define HAVE_STDLIB_H 1
#define HAVE_STRINGS_H 1
#define HAVE_STRING_H 1
#define HAVE_SYS_STAT_H 1
#define HAVE_SYS_TIME_H 1
#define HAVE_SYS_TIME_H 1
#define HAVE_SYS_TYPES_H 1
#define HAVE_SYS_WAIT_H 1
#define HAVE_UNISTD_H 1
#define HAVE_UNISTD_H 1
#define HAVE_UNISTD_H 1
#define HAVE_UNISTD_H 1
#define HAVE_WCHAR_H 1
#define HAVE_WCTYPE_H 1
#define HAVE_X11R6 1
#define HAVE_XCONVERTCASE 1
#define HAVE_XCURSOR 1
#define HAVE_XFREE_XINERAMA 1
#define HAVE_XINERAMA 1
#define HAVE_XKB 1
#define HAVE_XSHM_H 1
#define PACKAGE_BUGREPORT "http://bugzilla.gnome.org/enter_bug.cgi?product=gtk+"
#define PACKAGE_NAME "gtk+"
#define PACKAGE_STRING "gtk+ 2.4.0"
#define PACKAGE_TARNAME "gtk+"
#define PACKAGE_VERSION "2.4.0"
#define RETSIGTYPE void
#define RETSIGTYPE void
#define STDC_HEADERS 1
#define STDC_HEADERS 1
#define USE_MMX 1
#define XINPUT_NONE 1
#define _FILE_OFFSET_BITS 64
#endif
#ifdef __cplusplus
extern "C" void exit (int) throw ();

configure: exit 0

## ---------------------- ##
## Running config.status. ##
## ---------------------- ##

This file was extended by gtk+ config.status 2.4.0, which was
generated by GNU Autoconf 2.59.  Invocation command line was

  CONFIG_FILES    = po-properties/Makefile.in
  CONFIG_HEADERS  = 
  CONFIG_LINKS    = 
  CONFIG_COMMANDS = 
  $ ./config.status 

on ubuntu4

config.status:938: creating po-properties/Makefile.in
config.status:1426: executing depfiles commands
config.status:1426: executing default-1 commands
config.status:1426: executing default-2 commands
config.status:1426: executing gdk/gdkconfig.h commands
config.status:1559: gdk/gdkconfig.h is unchanged

## ---------------------- ##
## Running config.status. ##
## ---------------------- ##

This file was extended by gtk+ config.status 2.4.0, which was
generated by GNU Autoconf 2.59.  Invocation command line was

  CONFIG_FILES    = 
  CONFIG_HEADERS  = 
  CONFIG_LINKS    = 
  CONFIG_COMMANDS = 
  $ ./config.status gdk/gdkconfig.h

on ubuntu4

config.status:1426: executing gdk/gdkconfig.h commands
config.status:1559: gdk/gdkconfig.h is unchanged
