Determining if the system is big endian passed with the following output:
Change Dir: /source/clients/FreeRDP-1.0.2/CMakeFiles/CMakeTmp

Run Build Command:/usr/bin/make "cmTryCompileExec1074583153/fast"
/usr/bin/make -f CMakeFiles/cmTryCompileExec1074583153.dir/build.make CMakeFiles/cmTryCompileExec1074583153.dir/build
make[1]: Entering directory `/source/clients/FreeRDP-1.0.2/CMakeFiles/CMakeTmp'
/usr/bin/cmake -E cmake_progress_report /source/clients/FreeRDP-1.0.2/CMakeFiles/CMakeTmp/CMakeFiles 1
Building C object CMakeFiles/cmTryCompileExec1074583153.dir/TestEndianess.c.o
/toolchain/bin/i486-TSOL-linux-gnu-gcc   -Os  -Wall -Wno-unused-result -Wno-unused-but-set-variable -O2     -o CMakeFiles/cmTryCompileExec1074583153.dir/TestEndianess.c.o   -c /source/clients/FreeRDP-1.0.2/CMakeFiles/CMakeTmp/TestEndianess.c
Linking C executable cmTryCompileExec1074583153
/usr/bin/cmake -E cmake_link_script CMakeFiles/cmTryCompileExec1074583153.dir/link.txt --verbose=1
/toolchain/bin/i486-TSOL-linux-gnu-gcc   -Os  -Wall -Wno-unused-result -Wno-unused-but-set-variable -O2     -static-libgcc CMakeFiles/cmTryCompileExec1074583153.dir/TestEndianess.c.o  -o cmTryCompileExec1074583153 -rdynamic 
make[1]: Leaving directory `/source/clients/FreeRDP-1.0.2/CMakeFiles/CMakeTmp'

TestEndianess.c:
/* A 16 bit integer is required. */
typedef unsigned short cmakeint16;

/* On a little endian machine, these 16bit ints will give "THIS IS LITTLE ENDIAN."
   On a big endian machine the characters will be exchanged pairwise. */
const cmakeint16 info_little[] =  {0x4854, 0x5349, 0x4920, 0x2053, 0x494c, 0x5454, 0x454c, 0x4520, 0x444e, 0x4149, 0x2e4e, 0x0000};

/* on a big endian machine, these 16bit ints will give "THIS IS BIG ENDIAN."
   On a little endian machine the characters will be exchanged pairwise. */
const cmakeint16 info_big[] =     {0x5448, 0x4953, 0x2049, 0x5320, 0x4249, 0x4720, 0x454e, 0x4449, 0x414e, 0x2e2e, 0x0000};

#ifdef __CLASSIC_C__
int main(argc, argv) int argc; char *argv[];
#else
int main(int argc, char *argv[])
#endif
{
  int require = 0;
  require += info_little[argc];
  require += info_big[argc];
  (void)argv;
  return require;
}


Determining if the pthread_create exist failed with the following output:
Change Dir: /source/clients/FreeRDP-1.0.2/CMakeFiles/CMakeTmp

Run Build Command:/usr/bin/make "cmTryCompileExec2697183227/fast"
/usr/bin/make -f CMakeFiles/cmTryCompileExec2697183227.dir/build.make CMakeFiles/cmTryCompileExec2697183227.dir/build
make[1]: Entering directory `/source/clients/FreeRDP-1.0.2/CMakeFiles/CMakeTmp'
/usr/bin/cmake -E cmake_progress_report /source/clients/FreeRDP-1.0.2/CMakeFiles/CMakeTmp/CMakeFiles 1
Building C object CMakeFiles/cmTryCompileExec2697183227.dir/CheckSymbolExists.c.o
/toolchain/bin/i486-TSOL-linux-gnu-gcc   -Os  -Wall -Wno-unused-result -Wno-unused-but-set-variable -O2     -o CMakeFiles/cmTryCompileExec2697183227.dir/CheckSymbolExists.c.o   -c /source/clients/FreeRDP-1.0.2/CMakeFiles/CMakeTmp/CheckSymbolExists.c
Linking C executable cmTryCompileExec2697183227
/usr/bin/cmake -E cmake_link_script CMakeFiles/cmTryCompileExec2697183227.dir/link.txt --verbose=1
/toolchain/bin/i486-TSOL-linux-gnu-gcc   -Os  -Wall -Wno-unused-result -Wno-unused-but-set-variable -O2     -static-libgcc CMakeFiles/cmTryCompileExec2697183227.dir/CheckSymbolExists.c.o  -o cmTryCompileExec2697183227 -rdynamic 
CMakeFiles/cmTryCompileExec2697183227.dir/CheckSymbolExists.c.o: In function `main':
CheckSymbolExists.c:(.text.startup+0x7): undefined reference to `pthread_create'
collect2: ld returned 1 exit status
make[1]: Leaving directory `/source/clients/FreeRDP-1.0.2/CMakeFiles/CMakeTmp'
make[1]: *** [cmTryCompileExec2697183227] Error 1
make: *** [cmTryCompileExec2697183227/fast] Error 2

File /source/clients/FreeRDP-1.0.2/CMakeFiles/CMakeTmp/CheckSymbolExists.c:
/* */
#include <pthread.h>

int main(int argc, char** argv)
{
  (void)argv;
#ifndef pthread_create
  return ((int*)(&pthread_create))[argc];
#else
  (void)argc;
  return 0;
#endif
}

Determining if the function pthread_create exists in the pthreads failed with the following output:
Change Dir: /source/clients/FreeRDP-1.0.2/CMakeFiles/CMakeTmp

Run Build Command:/usr/bin/make "cmTryCompileExec949956449/fast"
/usr/bin/make -f CMakeFiles/cmTryCompileExec949956449.dir/build.make CMakeFiles/cmTryCompileExec949956449.dir/build
make[1]: Entering directory `/source/clients/FreeRDP-1.0.2/CMakeFiles/CMakeTmp'
/usr/bin/cmake -E cmake_progress_report /source/clients/FreeRDP-1.0.2/CMakeFiles/CMakeTmp/CMakeFiles 1
Building C object CMakeFiles/cmTryCompileExec949956449.dir/CheckFunctionExists.c.o
/toolchain/bin/i486-TSOL-linux-gnu-gcc   -Os  -Wall -Wno-unused-result -Wno-unused-but-set-variable -O2  -DCHECK_FUNCTION_EXISTS=pthread_create   -o CMakeFiles/cmTryCompileExec949956449.dir/CheckFunctionExists.c.o   -c /usr/share/cmake-2.8/Modules/CheckFunctionExists.c
Linking C executable cmTryCompileExec949956449
/usr/bin/cmake -E cmake_link_script CMakeFiles/cmTryCompileExec949956449.dir/link.txt --verbose=1
/toolchain/bin/i486-TSOL-linux-gnu-gcc   -Os  -Wall -Wno-unused-result -Wno-unused-but-set-variable -O2  -DCHECK_FUNCTION_EXISTS=pthread_create   -static-libgcc CMakeFiles/cmTryCompileExec949956449.dir/CheckFunctionExists.c.o  -o cmTryCompileExec949956449 -rdynamic -lpthreads 
/toolchain/lib/gcc/i486-TSOL-linux-gnu/4.6.3/../../../../i486-TSOL-linux-gnu/bin/ld: cannot find -lpthreads
collect2: ld returned 1 exit status
make[1]: Leaving directory `/source/clients/FreeRDP-1.0.2/CMakeFiles/CMakeTmp'
make[1]: *** [cmTryCompileExec949956449] Error 1
make: *** [cmTryCompileExec949956449/fast] Error 2


