This file contains any messages produced by compilers while
running configure, to aid debugging if configure makes a mistake.

configure:574: checking for a BSD compatible install
configure:627: checking whether build environment is sane
configure:684: checking whether make sets ${MAKE}
configure:730: checking for working aclocal
configure:743: checking for working autoconf
configure:756: checking for working automake
configure:769: checking for working autoheader
configure:782: checking for working makeinfo
configure:806: checking for mawk
configure:806: checking for gawk
configure:838: checking for gcc
configure:951: checking whether the C compiler (i486-TSOL-linux-gnu-gcc -O2 -static-libgcc) works
configure:967: i486-TSOL-linux-gnu-gcc -o conftest -O2  -static-libgcc conftest.c  1>&5
configure:993: checking whether the C compiler (i486-TSOL-linux-gnu-gcc -O2 -static-libgcc) is a cross-compiler
configure:998: checking whether we are using GNU C
configure:1007: i486-TSOL-linux-gnu-gcc -E conftest.c
configure:1026: checking whether i486-TSOL-linux-gnu-gcc accepts -g
configure:1069: checking for a BSD compatible install
configure:1122: checking whether ln -s works
configure:1145: checking how to run the C preprocessor
configure:1166: i486-TSOL-linux-gnu-gcc -E  conftest.c >/dev/null 2>conftest.out
configure:1228: checking for sys/audioio.h
configure:1238: i486-TSOL-linux-gnu-gcc -E  conftest.c >/dev/null 2>conftest.out
configure:1234:25: fatal error: sys/audioio.h: No such file or directory
compilation terminated.
configure: failed program was:
#line 1233 "configure"
#include "confdefs.h"
#include <sys/audioio.h>
configure:1270: checking for ANSI C header files
configure:1283: i486-TSOL-linux-gnu-gcc -E  conftest.c >/dev/null 2>conftest.out
configure:1350: i486-TSOL-linux-gnu-gcc -o conftest -O2  -static-libgcc conftest.c  1>&5
configure: In function 'main':
configure:1345:67: warning: incompatible implicit declaration of built-in function 'exit' [enabled by default]
configure:1377: checking for ncurses.h
configure:1387: i486-TSOL-linux-gnu-gcc -E  conftest.c >/dev/null 2>conftest.out
configure:1377: checking for curses.h
configure:1387: i486-TSOL-linux-gnu-gcc -E  conftest.c >/dev/null 2>conftest.out
configure:1377: checking for fcntl.h
configure:1387: i486-TSOL-linux-gnu-gcc -E  conftest.c >/dev/null 2>conftest.out
configure:1377: checking for limits.h
configure:1387: i486-TSOL-linux-gnu-gcc -E  conftest.c >/dev/null 2>conftest.out
configure:1377: checking for malloc.h
configure:1387: i486-TSOL-linux-gnu-gcc -E  conftest.c >/dev/null 2>conftest.out
configure:1377: checking for strings.h
configure:1387: i486-TSOL-linux-gnu-gcc -E  conftest.c >/dev/null 2>conftest.out
configure:1377: checking for sys/ioctl.h
configure:1387: i486-TSOL-linux-gnu-gcc -E  conftest.c >/dev/null 2>conftest.out
configure:1377: checking for sys/time.h
configure:1387: i486-TSOL-linux-gnu-gcc -E  conftest.c >/dev/null 2>conftest.out
configure:1377: checking for unistd.h
configure:1387: i486-TSOL-linux-gnu-gcc -E  conftest.c >/dev/null 2>conftest.out
configure:1377: checking for machine/console.h
configure:1387: i486-TSOL-linux-gnu-gcc -E  conftest.c >/dev/null 2>conftest.out
configure:1383:29: fatal error: machine/console.h: No such file or directory
compilation terminated.
configure: failed program was:
#line 1382 "configure"
#include "confdefs.h"
#include <machine/console.h>
configure:1420: checking for initscr in -lncurses
configure:1439: i486-TSOL-linux-gnu-gcc -o conftest -O2  -static-libgcc conftest.c -lncurses   1>&5
configure:1528: checking for getmouse in -lncurses
configure:1547: i486-TSOL-linux-gnu-gcc -o conftest -O2  -static-libgcc conftest.c -lncurses  -lncurses  1>&5
configure:1575: checking for use_default_colors in -lncurses
configure:1594: i486-TSOL-linux-gnu-gcc -o conftest -O2  -static-libgcc conftest.c -lncurses  -lncurses  1>&5
configure:1622: checking for private member _use_keypad in WINDOW
configure:1638: i486-TSOL-linux-gnu-gcc -c -O2  conftest.c 1>&5
configure:1666: checking for Gpm_Repeat in -lgpm
configure:1685: i486-TSOL-linux-gnu-gcc -o conftest -O2  -static-libgcc conftest.c -lgpm  -lncurses  1>&5
/toolchain/lib/gcc/i486-TSOL-linux-gnu/4.6.3/../../../../i486-TSOL-linux-gnu/bin/ld: cannot find -lgpm
collect2: ld returned 1 exit status
configure: failed program was:
#line 1674 "configure"
#include "confdefs.h"
/* Override any gcc2 internal prototype to avoid an error.  */
/* We use char because int might match the return type of a gcc2
    builtin and then its argument prototype would still apply.  */
char Gpm_Repeat();

int main() {
Gpm_Repeat()
; return 0; }
configure:1723: checking for CONS_MOUSECTL in machine/console.h
configure:1774: checking whether built-in label text is requested
configure:1802: checking for sys/asoundlib.h
configure:1812: i486-TSOL-linux-gnu-gcc -E  conftest.c >/dev/null 2>conftest.out
In file included from configure:1808:0:
/toolchain/i486-TSOL-linux-gnu/sysroot/usr/include/sys/asoundlib.h:1:2: warning: #warning This header is deprecated, use <alsa/asoundlib.h> instead. [-Wcpp]
configure: failed program was:
#line 1807 "configure"
#include "confdefs.h"
#include <sys/asoundlib.h>
configure:1835: checking for snd_mixer_open in -lasound
configure:1854: i486-TSOL-linux-gnu-gcc -o conftest -O2  -static-libgcc conftest.c -lasound  -lncurses  1>&5
configure:1897: checking for gtk-config
configure:1982: checking for gtk-config
configure:2017: checking for GTK - version >= 1.2.0
configure:2118: i486-TSOL-linux-gnu-gcc -o conftest -O2 -I/usr/xorg/include -I/usr/lib/glib/include  -static-libgcc conftest.c -L/usr/lib -L/usr/xorg/lib -lgtk -lgdk -rdynamic -lgmodule -lglib -ldl -lXext -lX11 -lm -lncurses  1>&5
configure:2226: checking whether dummy mixer is requested
configure:2244: checking whether NLS is requested
configure:2261: checking for msgfmt
configure:2295: checking for xgettext
configure:2330: checking for gmsgfmt
configure:2379: checking for locale.h
configure:2389: i486-TSOL-linux-gnu-gcc -E  conftest.c >/dev/null 2>conftest.out
configure:2379: checking for libintl.h
configure:2389: i486-TSOL-linux-gnu-gcc -E  conftest.c >/dev/null 2>conftest.out
configure:2419: checking for gettext
configure:2447: i486-TSOL-linux-gnu-gcc -o conftest -O2  -static-libgcc -L/usr/lib -L/usr/xorg/lib  conftest.c -lncurses  -L/usr/lib -L/usr/xorg/lib -lgtk -lgdk -rdynamic -lgmodule -lglib -ldl -lXext -lX11 -lm 1>&5
configure:2431:6: warning: conflicting types for built-in function 'gettext' [enabled by default]
configure:2560: checking for working const
configure:2614: i486-TSOL-linux-gnu-gcc -c -O2  conftest.c 1>&5
configure:2635: checking for inline
configure:2649: i486-TSOL-linux-gnu-gcc -c -O2  conftest.c 1>&5
configure:2675: checking for off_t
configure:2708: checking for size_t
configure:2741: checking whether time.h and sys/time.h may both be included
configure:2755: i486-TSOL-linux-gnu-gcc -c -O2  conftest.c 1>&5
configure:2779: checking for working alloca.h
configure:2791: i486-TSOL-linux-gnu-gcc -o conftest -O2  -static-libgcc -L/usr/lib -L/usr/xorg/lib  conftest.c -lncurses  -L/usr/lib -L/usr/xorg/lib -lgtk -lgdk -rdynamic -lgmodule -lglib -ldl -lXext -lX11 -lm 1>&5
configure:2812: checking for alloca
configure:2845: i486-TSOL-linux-gnu-gcc -o conftest -O2  -static-libgcc -L/usr/lib -L/usr/xorg/lib  conftest.c -lncurses  -L/usr/lib -L/usr/xorg/lib -lgtk -lgdk -rdynamic -lgmodule -lglib -ldl -lXext -lX11 -lm 1>&5
configure:3014: checking for unistd.h
configure:3053: checking for getpagesize
configure:3081: i486-TSOL-linux-gnu-gcc -o conftest -O2  -static-libgcc -L/usr/lib -L/usr/xorg/lib  conftest.c -lncurses  -L/usr/lib -L/usr/xorg/lib -lgtk -lgdk -rdynamic -lgmodule -lglib -ldl -lXext -lX11 -lm 1>&5
configure:3106: checking for working mmap
configure:3254: i486-TSOL-linux-gnu-gcc -o conftest -O2  -static-libgcc -L/usr/lib -L/usr/xorg/lib  conftest.c -lncurses  -L/usr/lib -L/usr/xorg/lib -lgtk -lgdk -rdynamic -lgmodule -lglib -ldl -lXext -lX11 -lm 1>&5
configure:3185:7: warning: conflicting types for built-in function 'malloc' [enabled by default]
configure: In function 'main':
configure:3202:3: warning: incompatible implicit declaration of built-in function 'exit' [enabled by default]
configure:3277: checking return type of signal handlers
configure:3299: i486-TSOL-linux-gnu-gcc -c -O2  conftest.c 1>&5
configure:3320: checking for getcwd
configure:3348: i486-TSOL-linux-gnu-gcc -o conftest -O2  -static-libgcc -L/usr/lib -L/usr/xorg/lib  conftest.c -lncurses  -L/usr/lib -L/usr/xorg/lib -lgtk -lgdk -rdynamic -lgmodule -lglib -ldl -lXext -lX11 -lm 1>&5
configure:3320: checking for getwd
configure:3348: i486-TSOL-linux-gnu-gcc -o conftest -O2  -static-libgcc -L/usr/lib -L/usr/xorg/lib  conftest.c -lncurses  -L/usr/lib -L/usr/xorg/lib -lgtk -lgdk -rdynamic -lgmodule -lglib -ldl -lXext -lX11 -lm 1>&5
/tmp/ccInmYXH.o: In function `main':
conftest.c:(.text.startup+0x7): warning: the `getwd' function is dangerous and should not be used.
configure:3320: checking for putenv
configure:3348: i486-TSOL-linux-gnu-gcc -o conftest -O2  -static-libgcc -L/usr/lib -L/usr/xorg/lib  conftest.c -lncurses  -L/usr/lib -L/usr/xorg/lib -lgtk -lgdk -rdynamic -lgmodule -lglib -ldl -lXext -lX11 -lm 1>&5
configure:3320: checking for select
configure:3348: i486-TSOL-linux-gnu-gcc -o conftest -O2  -static-libgcc -L/usr/lib -L/usr/xorg/lib  conftest.c -lncurses  -L/usr/lib -L/usr/xorg/lib -lgtk -lgdk -rdynamic -lgmodule -lglib -ldl -lXext -lX11 -lm 1>&5
