This file contains any messages produced by compilers while
running configure, to aid debugging if configure makes a mistake.

It was created by jwm configure 2.1.0, which was
generated by GNU Autoconf 2.61.  Invocation command line was

  $ ./configure --prefix=/usr --x-includes=/usr/xorg/include --x-libraries=/usr/xorg/lib --disable-xft --disable-png --disable-jpeg --disable-xinerama --disable-confirm --disable-debug

## --------- ##
## Platform. ##
## --------- ##

hostname = ubuntu4
uname -m = i686
uname -r = 3.2.16-030216-generic
uname -s = Linux
uname -v = #201204221935 SMP Sun Apr 22 23:42:49 UTC 2012

/usr/bin/uname -p = unknown
/bin/uname -X     = unknown

/bin/arch              = unknown
/usr/bin/arch -k       = unknown
/usr/convex/getsysinfo = unknown
/usr/bin/hostinfo      = unknown
/bin/machine           = unknown
/usr/bin/oslevel       = unknown
/bin/universe          = unknown

PATH: /source/docbook-xsl-1.76.1/tools/bin
PATH: /bin
PATH: /sbin
PATH: /usr/bin
PATH: /usr/sbin
PATH: /usr/bin/X11
PATH: /usr/local/bin
PATH: /toolchain/bin
PATH: /toolchain/i486-TSOL-linux-gnu/bin/
PATH: /root/.local/bin
PATH: /usr/xorg/bin


## ----------- ##
## Core tests. ##
## ----------- ##

configure:1778: checking for gcc
configure:1805: result: i486-TSOL-linux-gnu-gcc
configure:2043: checking for C compiler version
configure:2050: i486-TSOL-linux-gnu-gcc --version >&5
i486-TSOL-linux-gnu-gcc (crosstool-NG 1.15.2) 4.6.3
Copyright (C) 2011 Free Software Foundation, Inc.
This is free software; see the source for copying conditions.  There is NO
warranty; not even for MERCHANTABILITY or FITNESS FOR A PARTICULAR PURPOSE.

configure:2053: $? = 0
configure:2060: i486-TSOL-linux-gnu-gcc -v >&5
Using built-in specs.
COLLECT_GCC=i486-TSOL-linux-gnu-gcc
COLLECT_LTO_WRAPPER=/toolchain/libexec/gcc/i486-TSOL-linux-gnu/4.6.3/lto-wrapper
Target: i486-TSOL-linux-gnu
Configured with: /TSOL/crosstool-ng-1.15.2/bin/.build/src/gcc-4.6.3/configure --build=i686-build_pc-linux-gnu --host=i686-build_pc-linux-gnu --target=i486-TSOL-linux-gnu --prefix=/toolchain --with-sysroot=/toolchain/i486-TSOL-linux-gnu/sysroot --enable-languages=c,c++ --with-arch=i486 --with-pkgversion='crosstool-NG 1.15.2' --enable-__cxa_atexit --disable-libmudflap --disable-libgomp --disable-libssp --with-gmp=/TSOL/crosstool-ng-1.15.2/bin/.build/i486-TSOL-linux-gnu/buildtools --with-mpfr=/TSOL/crosstool-ng-1.15.2/bin/.build/i486-TSOL-linux-gnu/buildtools --with-mpc=/TSOL/crosstool-ng-1.15.2/bin/.build/i486-TSOL-linux-gnu/buildtools --with-ppl=/TSOL/crosstool-ng-1.15.2/bin/.build/i486-TSOL-linux-gnu/buildtools --with-cloog=/TSOL/crosstool-ng-1.15.2/bin/.build/i486-TSOL-linux-gnu/buildtools --with-libelf=no --with-host-libstdcxx='-static-libgcc -Wl,-Bstatic,-lstdc++,-Bdynamic -lm -L/TSOL/crosstool-ng-1.15.2/bin/.build/i486-TSOL-linux-gnu/buildtools/lib -lpwl' --enable-threads=posix --enable-target-optspace --disable-multilib --with-local-prefix=/toolchain/i486-TSOL-linux-gnu/sysroot --enable-c99 --enable-long-long
Thread model: posix
gcc version 4.6.3 (crosstool-NG 1.15.2) 
configure:2063: $? = 0
configure:2070: i486-TSOL-linux-gnu-gcc -V >&5
i486-TSOL-linux-gnu-gcc: error: unrecognized option '-V'
i486-TSOL-linux-gnu-gcc: fatal error: no input files
compilation terminated.
configure:2073: $? = 1
configure:2096: checking for C compiler default output file name
configure:2123: i486-TSOL-linux-gnu-gcc -O2  -static-libgcc conftest.c  >&5
configure:2126: $? = 0
configure:2164: result: a.out
configure:2181: checking whether the C compiler works
configure:2191: ./a.out
configure:2194: $? = 0
configure:2211: result: yes
configure:2218: checking whether we are cross compiling
configure:2220: result: no
configure:2223: checking for suffix of executables
configure:2230: i486-TSOL-linux-gnu-gcc -o conftest -O2  -static-libgcc conftest.c  >&5
configure:2233: $? = 0
configure:2257: result: 
configure:2263: checking for suffix of object files
configure:2289: i486-TSOL-linux-gnu-gcc -c -O2  conftest.c >&5
configure:2292: $? = 0
configure:2315: result: o
configure:2319: checking whether we are using the GNU C compiler
configure:2348: i486-TSOL-linux-gnu-gcc -c -O2  conftest.c >&5
configure:2354: $? = 0
configure:2371: result: yes
configure:2376: checking whether i486-TSOL-linux-gnu-gcc accepts -g
configure:2406: i486-TSOL-linux-gnu-gcc -c -g  conftest.c >&5
configure:2412: $? = 0
configure:2511: result: yes
configure:2528: checking for i486-TSOL-linux-gnu-gcc option to accept ISO C89
configure:2602: i486-TSOL-linux-gnu-gcc  -c -O2  conftest.c >&5
configure:2608: $? = 0
configure:2631: result: none needed
configure:2654: checking how to run the C preprocessor
configure:2694: i486-TSOL-linux-gnu-gcc -E  conftest.c
configure:2700: $? = 0
configure:2731: i486-TSOL-linux-gnu-gcc -E  conftest.c
conftest.c:8:28: fatal error: ac_nonexistent.h: No such file or directory
compilation terminated.
configure:2737: $? = 1
configure: failed program was:
| /* confdefs.h.  */
| #define PACKAGE_NAME "jwm"
| #define PACKAGE_TARNAME "jwm"
| #define PACKAGE_VERSION "2.1.0"
| #define PACKAGE_STRING "jwm 2.1.0"
| #define PACKAGE_BUGREPORT "joewing@joewing.net"
| /* end confdefs.h.  */
| #include <ac_nonexistent.h>
configure:2770: result: i486-TSOL-linux-gnu-gcc -E
configure:2799: i486-TSOL-linux-gnu-gcc -E  conftest.c
configure:2805: $? = 0
configure:2836: i486-TSOL-linux-gnu-gcc -E  conftest.c
conftest.c:8:28: fatal error: ac_nonexistent.h: No such file or directory
compilation terminated.
configure:2842: $? = 1
configure: failed program was:
| /* confdefs.h.  */
| #define PACKAGE_NAME "jwm"
| #define PACKAGE_TARNAME "jwm"
| #define PACKAGE_VERSION "2.1.0"
| #define PACKAGE_STRING "jwm 2.1.0"
| #define PACKAGE_BUGREPORT "joewing@joewing.net"
| /* end confdefs.h.  */
| #include <ac_nonexistent.h>
configure:2883: checking if _XOPEN_SOURCE should be defined
configure:2910: i486-TSOL-linux-gnu-gcc -c -O2  conftest.c >&5
configure:2916: $? = 0
configure:2930: result: yes
configure:2961: checking for X
configure:3196: result: libraries /usr/xorg/lib, headers /usr/xorg/include
configure:3214: checking for XOpenDisplay in -lX11
configure:3249: i486-TSOL-linux-gnu-gcc -o conftest -O2 -I/usr/xorg/include  -static-libgcc -L/usr/xorg/lib conftest.c -lX11   >&5
configure:3255: $? = 0
configure:3273: result: yes
configure:3287: checking for grep that handles long lines and -e
configure:3361: result: /usr/bin/grep
configure:3366: checking for egrep
configure:3444: result: /usr/bin/grep -E
configure:3449: checking for ANSI C header files
configure:3479: i486-TSOL-linux-gnu-gcc -c -O2 -I/usr/xorg/include  conftest.c >&5
configure:3485: $? = 0
configure:3584: i486-TSOL-linux-gnu-gcc -o conftest -O2 -I/usr/xorg/include  -static-libgcc -L/usr/xorg/lib -lX11 conftest.c  >&5
configure:3587: $? = 0
configure:3593: ./conftest
configure:3596: $? = 0
configure:3613: result: yes
configure:3637: checking for sys/types.h
configure:3658: i486-TSOL-linux-gnu-gcc -c -O2 -I/usr/xorg/include  conftest.c >&5
configure:3664: $? = 0
configure:3680: result: yes
configure:3637: checking for sys/stat.h
configure:3658: i486-TSOL-linux-gnu-gcc -c -O2 -I/usr/xorg/include  conftest.c >&5
configure:3664: $? = 0
configure:3680: result: yes
configure:3637: checking for stdlib.h
configure:3658: i486-TSOL-linux-gnu-gcc -c -O2 -I/usr/xorg/include  conftest.c >&5
configure:3664: $? = 0
configure:3680: result: yes
configure:3637: checking for string.h
configure:3658: i486-TSOL-linux-gnu-gcc -c -O2 -I/usr/xorg/include  conftest.c >&5
configure:3664: $? = 0
configure:3680: result: yes
configure:3637: checking for memory.h
configure:3658: i486-TSOL-linux-gnu-gcc -c -O2 -I/usr/xorg/include  conftest.c >&5
configure:3664: $? = 0
configure:3680: result: yes
configure:3637: checking for strings.h
configure:3658: i486-TSOL-linux-gnu-gcc -c -O2 -I/usr/xorg/include  conftest.c >&5
configure:3664: $? = 0
configure:3680: result: yes
configure:3637: checking for inttypes.h
configure:3658: i486-TSOL-linux-gnu-gcc -c -O2 -I/usr/xorg/include  conftest.c >&5
configure:3664: $? = 0
configure:3680: result: yes
configure:3637: checking for stdint.h
configure:3658: i486-TSOL-linux-gnu-gcc -c -O2 -I/usr/xorg/include  conftest.c >&5
configure:3664: $? = 0
configure:3680: result: yes
configure:3637: checking for unistd.h
configure:3658: i486-TSOL-linux-gnu-gcc -c -O2 -I/usr/xorg/include  conftest.c >&5
configure:3664: $? = 0
configure:3680: result: yes
configure:3710: checking stdarg.h usability
configure:3727: i486-TSOL-linux-gnu-gcc -c -O2 -I/usr/xorg/include  conftest.c >&5
configure:3733: $? = 0
configure:3747: result: yes
configure:3751: checking stdarg.h presence
configure:3766: i486-TSOL-linux-gnu-gcc -E  conftest.c
configure:3772: $? = 0
configure:3786: result: yes
configure:3819: checking for stdarg.h
configure:3827: result: yes
configure:3710: checking stdio.h usability
configure:3727: i486-TSOL-linux-gnu-gcc -c -O2 -I/usr/xorg/include  conftest.c >&5
configure:3733: $? = 0
configure:3747: result: yes
configure:3751: checking stdio.h presence
configure:3766: i486-TSOL-linux-gnu-gcc -E  conftest.c
configure:3772: $? = 0
configure:3786: result: yes
configure:3819: checking for stdio.h
configure:3827: result: yes
configure:3700: checking for stdlib.h
configure:3706: result: yes
configure:3710: checking ctype.h usability
configure:3727: i486-TSOL-linux-gnu-gcc -c -O2 -I/usr/xorg/include  conftest.c >&5
configure:3733: $? = 0
configure:3747: result: yes
configure:3751: checking ctype.h presence
configure:3766: i486-TSOL-linux-gnu-gcc -E  conftest.c
configure:3772: $? = 0
configure:3786: result: yes
configure:3819: checking for ctype.h
configure:3827: result: yes
configure:3865: checking sys/select.h usability
configure:3882: i486-TSOL-linux-gnu-gcc -c -O2 -I/usr/xorg/include  conftest.c >&5
configure:3888: $? = 0
configure:3902: result: yes
configure:3906: checking sys/select.h presence
configure:3921: i486-TSOL-linux-gnu-gcc -E  conftest.c
configure:3927: $? = 0
configure:3941: result: yes
configure:3974: checking for sys/select.h
configure:3982: result: yes
configure:3865: checking signal.h usability
configure:3882: i486-TSOL-linux-gnu-gcc -c -O2 -I/usr/xorg/include  conftest.c >&5
configure:3888: $? = 0
configure:3902: result: yes
configure:3906: checking signal.h presence
configure:3921: i486-TSOL-linux-gnu-gcc -E  conftest.c
configure:3927: $? = 0
configure:3941: result: yes
configure:3974: checking for signal.h
configure:3982: result: yes
configure:3855: checking for unistd.h
configure:3861: result: yes
configure:3865: checking time.h usability
configure:3882: i486-TSOL-linux-gnu-gcc -c -O2 -I/usr/xorg/include  conftest.c >&5
configure:3888: $? = 0
configure:3902: result: yes
configure:3906: checking time.h presence
configure:3921: i486-TSOL-linux-gnu-gcc -E  conftest.c
configure:3927: $? = 0
configure:3941: result: yes
configure:3974: checking for time.h
configure:3982: result: yes
configure:3865: checking sys/wait.h usability
configure:3882: i486-TSOL-linux-gnu-gcc -c -O2 -I/usr/xorg/include  conftest.c >&5
configure:3888: $? = 0
configure:3902: result: yes
configure:3906: checking sys/wait.h presence
configure:3921: i486-TSOL-linux-gnu-gcc -E  conftest.c
configure:3927: $? = 0
configure:3941: result: yes
configure:3974: checking for sys/wait.h
configure:3982: result: yes
configure:3865: checking sys/time.h usability
configure:3882: i486-TSOL-linux-gnu-gcc -c -O2 -I/usr/xorg/include  conftest.c >&5
configure:3888: $? = 0
configure:3902: result: yes
configure:3906: checking sys/time.h presence
configure:3921: i486-TSOL-linux-gnu-gcc -E  conftest.c
configure:3927: $? = 0
configure:3941: result: yes
configure:3974: checking for sys/time.h
configure:3982: result: yes
configure:4012: checking alloca.h usability
configure:4029: i486-TSOL-linux-gnu-gcc -c -O2 -I/usr/xorg/include  conftest.c >&5
configure:4035: $? = 0
configure:4049: result: yes
configure:4053: checking alloca.h presence
configure:4068: i486-TSOL-linux-gnu-gcc -E  conftest.c
configure:4074: $? = 0
configure:4088: result: yes
configure:4121: checking for alloca.h
configure:4129: result: yes
configure:4012: checking locale.h usability
configure:4029: i486-TSOL-linux-gnu-gcc -c -O2 -I/usr/xorg/include  conftest.c >&5
configure:4035: $? = 0
configure:4049: result: yes
configure:4053: checking locale.h presence
configure:4068: i486-TSOL-linux-gnu-gcc -E  conftest.c
configure:4074: $? = 0
configure:4088: result: yes
configure:4121: checking for locale.h
configure:4129: result: yes
configure:4158: checking X11/Xlib.h usability
configure:4175: i486-TSOL-linux-gnu-gcc -c -O2 -I/usr/xorg/include  conftest.c >&5
configure:4181: $? = 0
configure:4195: result: yes
configure:4199: checking X11/Xlib.h presence
configure:4214: i486-TSOL-linux-gnu-gcc -E  conftest.c
conftest.c:33:22: fatal error: X11/Xlib.h: No such file or directory
compilation terminated.
configure:4220: $? = 1
configure: failed program was:
| /* confdefs.h.  */
| #define PACKAGE_NAME "jwm"
| #define PACKAGE_TARNAME "jwm"
| #define PACKAGE_VERSION "2.1.0"
| #define PACKAGE_STRING "jwm 2.1.0"
| #define PACKAGE_BUGREPORT "joewing@joewing.net"
| #define _XOPEN_SOURCE 600L
| #define _XOPEN_SOURCE_EXTENDED 1
| #define __EXTENSIONS__ 1
| #define STDC_HEADERS 1
| #define HAVE_SYS_TYPES_H 1
| #define HAVE_SYS_STAT_H 1
| #define HAVE_STDLIB_H 1
| #define HAVE_STRING_H 1
| #define HAVE_MEMORY_H 1
| #define HAVE_STRINGS_H 1
| #define HAVE_INTTYPES_H 1
| #define HAVE_STDINT_H 1
| #define HAVE_UNISTD_H 1
| #define HAVE_STDARG_H 1
| #define HAVE_STDIO_H 1
| #define HAVE_STDLIB_H 1
| #define HAVE_CTYPE_H 1
| #define HAVE_SYS_SELECT_H 1
| #define HAVE_SIGNAL_H 1
| #define HAVE_UNISTD_H 1
| #define HAVE_TIME_H 1
| #define HAVE_SYS_WAIT_H 1
| #define HAVE_SYS_TIME_H 1
| #define HAVE_ALLOCA_H 1
| #define HAVE_LOCALE_H 1
| /* end confdefs.h.  */
| #include <X11/Xlib.h>
configure:4234: result: no
configure:4240: WARNING: X11/Xlib.h: accepted by the compiler, rejected by the preprocessor!
configure:4242: WARNING: X11/Xlib.h: proceeding with the compiler's result
configure:4267: checking for X11/Xlib.h
configure:4275: result: yes
configure:4303: checking for X11/Xutil.h
configure:4326: i486-TSOL-linux-gnu-gcc -c -O2 -I/usr/xorg/include  conftest.c >&5
configure:4332: $? = 0
configure:4348: result: yes
configure:4303: checking for X11/cursorfont.h
configure:4326: i486-TSOL-linux-gnu-gcc -c -O2 -I/usr/xorg/include  conftest.c >&5
configure:4332: $? = 0
configure:4348: result: yes
configure:4303: checking for X11/Xproto.h
configure:4326: i486-TSOL-linux-gnu-gcc -c -O2 -I/usr/xorg/include  conftest.c >&5
configure:4332: $? = 0
configure:4348: result: yes
configure:4303: checking for X11/Xatom.h
configure:4326: i486-TSOL-linux-gnu-gcc -c -O2 -I/usr/xorg/include  conftest.c >&5
configure:4332: $? = 0
configure:4348: result: yes
configure:4303: checking for X11/keysym.h
configure:4326: i486-TSOL-linux-gnu-gcc -c -O2 -I/usr/xorg/include  conftest.c >&5
configure:4332: $? = 0
configure:4348: result: yes
configure:4303: checking for X11/Xresource.h
configure:4326: i486-TSOL-linux-gnu-gcc -c -O2 -I/usr/xorg/include  conftest.c >&5
configure:4332: $? = 0
configure:4348: result: yes
configure:4369: checking for pkg-config
configure:4374: result: pkg-config
configure:4380: checking if pkg-config knows about libpng
configure:4387: result: yes
configure:4396: checking if pkg-config knows about libjpeg
configure:4403: result: no
configure:4412: checking if pkg-config knows about xft
configure:4419: result: no
configure:4428: checking if pkg-config knows about xrender
configure:4435: result: yes
configure:4444: checking if pkg-config knows about fribidi
configure:4451: result: no
configure:4871: checking for X11/extensions/Xrender.h
configure:4894: i486-TSOL-linux-gnu-gcc -c -O2 -I/usr/xorg/include  conftest.c >&5
configure:4900: $? = 0
configure:4916: result: yes
configure:4936: checking for XRenderComposite in -lXrender
configure:4971: i486-TSOL-linux-gnu-gcc -o conftest -O2 -I/usr/xorg/include  -static-libgcc -L/usr/xorg/lib -lX11 conftest.c -lXrender  -L/usr/xorg/lib -lXrender -lX11     >&5
configure:4977: $? = 0
configure:4995: result: yes
configure:5036: checking for fribidi_log2vis in -lfribidi
configure:5071: i486-TSOL-linux-gnu-gcc -o conftest -O2 -I/usr/xorg/include -I/usr/xorg/include    -static-libgcc -L/usr/xorg/lib -lX11 -L/usr/xorg/lib -lXrender -lX11   conftest.c -lfribidi     >&5
/toolchain/lib/gcc/i486-TSOL-linux-gnu/4.6.3/../../../../i486-TSOL-linux-gnu/bin/ld: cannot find -lfribidi
collect2: ld returned 1 exit status
configure:5077: $? = 1
configure: failed program was:
| /* confdefs.h.  */
| #define PACKAGE_NAME "jwm"
| #define PACKAGE_TARNAME "jwm"
| #define PACKAGE_VERSION "2.1.0"
| #define PACKAGE_STRING "jwm 2.1.0"
| #define PACKAGE_BUGREPORT "joewing@joewing.net"
| #define _XOPEN_SOURCE 600L
| #define _XOPEN_SOURCE_EXTENDED 1
| #define __EXTENSIONS__ 1
| #define STDC_HEADERS 1
| #define HAVE_SYS_TYPES_H 1
| #define HAVE_SYS_STAT_H 1
| #define HAVE_STDLIB_H 1
| #define HAVE_STRING_H 1
| #define HAVE_MEMORY_H 1
| #define HAVE_STRINGS_H 1
| #define HAVE_INTTYPES_H 1
| #define HAVE_STDINT_H 1
| #define HAVE_UNISTD_H 1
| #define HAVE_STDARG_H 1
| #define HAVE_STDIO_H 1
| #define HAVE_STDLIB_H 1
| #define HAVE_CTYPE_H 1
| #define HAVE_SYS_SELECT_H 1
| #define HAVE_SIGNAL_H 1
| #define HAVE_UNISTD_H 1
| #define HAVE_TIME_H 1
| #define HAVE_SYS_WAIT_H 1
| #define HAVE_SYS_TIME_H 1
| #define HAVE_ALLOCA_H 1
| #define HAVE_LOCALE_H 1
| #define HAVE_X11_XLIB_H 1
| #define HAVE_X11_XUTIL_H 1
| #define HAVE_X11_CURSORFONT_H 1
| #define HAVE_X11_XPROTO_H 1
| #define HAVE_X11_XATOM_H 1
| #define HAVE_X11_KEYSYM_H 1
| #define HAVE_X11_XRESOURCE_H 1
| #define DISABLE_CONFIRM 1
| #define USE_ICONS 1
| #define HAVE_X11_EXTENSIONS_XRENDER_H 1
| #define USE_XRENDER 1
| /* end confdefs.h.  */
| 
| /* Override any GCC internal prototype to avoid an error.
|    Use char because int might match the return type of a GCC
|    builtin and then its argument prototype would still apply.  */
| #ifdef __cplusplus
| extern "C"
| #endif
| char fribidi_log2vis ();
| int
| main ()
| {
| return fribidi_log2vis ();
|   ;
|   return 0;
| }
configure:5095: result: no
configure:5108: WARNING: unable to use FriBidi
configure:5138: checking X11/xpm.h usability
configure:5155: i486-TSOL-linux-gnu-gcc -c -O2 -I/usr/xorg/include -I/usr/xorg/include    conftest.c >&5
configure:5161: $? = 0
configure:5175: result: yes
configure:5179: checking X11/xpm.h presence
configure:5194: i486-TSOL-linux-gnu-gcc -E  conftest.c
conftest.c:44:21: fatal error: X11/xpm.h: No such file or directory
compilation terminated.
configure:5200: $? = 1
configure: failed program was:
| /* confdefs.h.  */
| #define PACKAGE_NAME "jwm"
| #define PACKAGE_TARNAME "jwm"
| #define PACKAGE_VERSION "2.1.0"
| #define PACKAGE_STRING "jwm 2.1.0"
| #define PACKAGE_BUGREPORT "joewing@joewing.net"
| #define _XOPEN_SOURCE 600L
| #define _XOPEN_SOURCE_EXTENDED 1
| #define __EXTENSIONS__ 1
| #define STDC_HEADERS 1
| #define HAVE_SYS_TYPES_H 1
| #define HAVE_SYS_STAT_H 1
| #define HAVE_STDLIB_H 1
| #define HAVE_STRING_H 1
| #define HAVE_MEMORY_H 1
| #define HAVE_STRINGS_H 1
| #define HAVE_INTTYPES_H 1
| #define HAVE_STDINT_H 1
| #define HAVE_UNISTD_H 1
| #define HAVE_STDARG_H 1
| #define HAVE_STDIO_H 1
| #define HAVE_STDLIB_H 1
| #define HAVE_CTYPE_H 1
| #define HAVE_SYS_SELECT_H 1
| #define HAVE_SIGNAL_H 1
| #define HAVE_UNISTD_H 1
| #define HAVE_TIME_H 1
| #define HAVE_SYS_WAIT_H 1
| #define HAVE_SYS_TIME_H 1
| #define HAVE_ALLOCA_H 1
| #define HAVE_LOCALE_H 1
| #define HAVE_X11_XLIB_H 1
| #define HAVE_X11_XUTIL_H 1
| #define HAVE_X11_CURSORFONT_H 1
| #define HAVE_X11_XPROTO_H 1
| #define HAVE_X11_XATOM_H 1
| #define HAVE_X11_KEYSYM_H 1
| #define HAVE_X11_XRESOURCE_H 1
| #define DISABLE_CONFIRM 1
| #define USE_ICONS 1
| #define HAVE_X11_EXTENSIONS_XRENDER_H 1
| #define USE_XRENDER 1
| /* end confdefs.h.  */
| #include <X11/xpm.h>
configure:5214: result: no
configure:5220: WARNING: X11/xpm.h: accepted by the compiler, rejected by the preprocessor!
configure:5222: WARNING: X11/xpm.h: proceeding with the compiler's result
configure:5247: checking for X11/xpm.h
configure:5255: result: yes
configure:5274: checking whether XpmAllocColor is declared
configure:5306: i486-TSOL-linux-gnu-gcc -c -O2 -I/usr/xorg/include -I/usr/xorg/include    conftest.c >&5
configure:5312: $? = 0
configure:5327: result: yes
configure:5339: checking for XpmReadFileToImage in -lXpm
configure:5374: i486-TSOL-linux-gnu-gcc -o conftest -O2 -I/usr/xorg/include -I/usr/xorg/include    -static-libgcc -L/usr/xorg/lib -lX11 -L/usr/xorg/lib -lXrender -lX11   conftest.c -lXpm   >&5
configure:5380: $? = 0
configure:5398: result: yes
configure:5425: checking for XShapeCombineRectangles in -lXext
configure:5460: i486-TSOL-linux-gnu-gcc -o conftest -O2 -I/usr/xorg/include -I/usr/xorg/include    -static-libgcc -L/usr/xorg/lib -lX11 -L/usr/xorg/lib -lXrender -lX11   -lXpm conftest.c -lXext   >&5
configure:5466: $? = 0
configure:5484: result: yes
configure:5511: checking for XmuDrawRoundedRectangle in -lXmu
configure:5546: i486-TSOL-linux-gnu-gcc -o conftest -O2 -I/usr/xorg/include -I/usr/xorg/include    -static-libgcc -L/usr/xorg/lib -lX11 -L/usr/xorg/lib -lXrender -lX11   -lXpm -lXext conftest.c -lXmu   >&5
configure:5552: $? = 0
configure:5570: result: yes
configure:5844: creating ./config.status

## ---------------------- ##
## Running config.status. ##
## ---------------------- ##

This file was extended by jwm config.status 2.1.0, which was
generated by GNU Autoconf 2.61.  Invocation command line was

  CONFIG_FILES    = 
  CONFIG_HEADERS  = 
  CONFIG_LINKS    = 
  CONFIG_COMMANDS = 
  $ ./config.status 

on ubuntu4

config.status:600: creating Makefile
config.status:600: creating src/Makefile
config.status:600: creating jwm.1
config.status:600: creating config.h
config.status:844: config.h is unchanged

## ---------------- ##
## Cache variables. ##
## ---------------- ##

ac_cv_c_compiler_gnu=yes
ac_cv_env_CC_set=set
ac_cv_env_CC_value=i486-TSOL-linux-gnu-gcc
ac_cv_env_CFLAGS_set=set
ac_cv_env_CFLAGS_value=-O2
ac_cv_env_CPPFLAGS_set=
ac_cv_env_CPPFLAGS_value=
ac_cv_env_CPP_set=
ac_cv_env_CPP_value=
ac_cv_env_LDFLAGS_set=set
ac_cv_env_LDFLAGS_value=-static-libgcc
ac_cv_env_LIBS_set=
ac_cv_env_LIBS_value=
ac_cv_env_XMKMF_set=
ac_cv_env_XMKMF_value=
ac_cv_env_build_alias_set=
ac_cv_env_build_alias_value=
ac_cv_env_host_alias_set=
ac_cv_env_host_alias_value=
ac_cv_env_target_alias_set=
ac_cv_env_target_alias_value=
ac_cv_have_decl_XpmAllocColor=yes
ac_cv_have_x='have_x=yes	ac_x_includes='\''/usr/xorg/include'\''	ac_x_libraries='\''/usr/xorg/lib'\'''
ac_cv_header_X11_Xatom_h=yes
ac_cv_header_X11_Xlib_h=yes
ac_cv_header_X11_Xproto_h=yes
ac_cv_header_X11_Xresource_h=yes
ac_cv_header_X11_Xutil_h=yes
ac_cv_header_X11_cursorfont_h=yes
ac_cv_header_X11_extensions_Xrender_h=yes
ac_cv_header_X11_keysym_h=yes
ac_cv_header_X11_xpm_h=yes
ac_cv_header_alloca_h=yes
ac_cv_header_ctype_h=yes
ac_cv_header_inttypes_h=yes
ac_cv_header_locale_h=yes
ac_cv_header_memory_h=yes
ac_cv_header_signal_h=yes
ac_cv_header_stdarg_h=yes
ac_cv_header_stdc=yes
ac_cv_header_stdint_h=yes
ac_cv_header_stdio_h=yes
ac_cv_header_stdlib_h=yes
ac_cv_header_string_h=yes
ac_cv_header_strings_h=yes
ac_cv_header_sys_select_h=yes
ac_cv_header_sys_stat_h=yes
ac_cv_header_sys_time_h=yes
ac_cv_header_sys_types_h=yes
ac_cv_header_sys_wait_h=yes
ac_cv_header_time_h=yes
ac_cv_header_unistd_h=yes
ac_cv_lib_X11_XOpenDisplay=yes
ac_cv_lib_Xext_XShapeCombineRectangles=yes
ac_cv_lib_Xmu_XmuDrawRoundedRectangle=yes
ac_cv_lib_Xpm_XpmReadFileToImage=yes
ac_cv_lib_Xrender_XRenderComposite=yes
ac_cv_lib_fribidi_fribidi_log2vis=no
ac_cv_objext=o
ac_cv_path_EGREP='/usr/bin/grep -E'
ac_cv_path_GREP=/usr/bin/grep
ac_cv_prog_CPP='i486-TSOL-linux-gnu-gcc -E'
ac_cv_prog_ac_ct_CC=i486-TSOL-linux-gnu-gcc
ac_cv_prog_cc_c89=
ac_cv_prog_cc_g=yes

## ----------------- ##
## Output variables. ##
## ----------------- ##

BINDIR='/usr/bin'
CC='i486-TSOL-linux-gnu-gcc'
CFLAGS='-O2 -I/usr/xorg/include -I/usr/xorg/include  '
CPP='i486-TSOL-linux-gnu-gcc -E'
CPPFLAGS=''
DATE='2012-12-09'
DEFS='-DHAVE_CONFIG_H'
ECHO_C=''
ECHO_N='-n'
ECHO_T=''
EGREP='/usr/bin/grep -E'
EXEEXT=''
GREP='/usr/bin/grep'
INSTVERSION='210'
LDFLAGS='-static-libgcc -L/usr/xorg/lib -lX11 -L/usr/xorg/lib -lXrender -lX11   -lXpm -lXext -lXmu'
LIBOBJS=''
LIBS=''
LTLIBOBJS=''
MANDIR='/usr/share/man'
OBJEXT='o'
PACKAGE_BUGREPORT='joewing@joewing.net'
PACKAGE_NAME='jwm'
PACKAGE_STRING='jwm 2.1.0'
PACKAGE_TARNAME='jwm'
PACKAGE_VERSION='2.1.0'
PATH_SEPARATOR=':'
SHELL='/bin/sh'
SYSCONF='/usr/etc'
VERSION='2.1.0'
XMKMF=''
ac_ct_CC='i486-TSOL-linux-gnu-gcc'
bindir='${exec_prefix}/bin'
build_alias=''
datadir='${datarootdir}'
datarootdir='${prefix}/share'
docdir='${datarootdir}/doc/${PACKAGE_TARNAME}'
dvidir='${docdir}'
exec_prefix='/usr'
host_alias=''
htmldir='${docdir}'
includedir='${prefix}/include'
infodir='${datarootdir}/info'
libdir='${exec_prefix}/lib'
libexecdir='${exec_prefix}/libexec'
localedir='${datarootdir}/locale'
localstatedir='${prefix}/var'
mandir='${datarootdir}/man'
oldincludedir='/usr/include'
pdfdir='${docdir}'
prefix='/usr'
program_transform_name='s,x,x,'
psdir='${docdir}'
sbindir='${exec_prefix}/sbin'
sharedstatedir='${prefix}/com'
sysconfdir='${prefix}/etc'
target_alias=''

## ----------- ##
## confdefs.h. ##
## ----------- ##

#define PACKAGE_NAME "jwm"
#define PACKAGE_TARNAME "jwm"
#define PACKAGE_VERSION "2.1.0"
#define PACKAGE_STRING "jwm 2.1.0"
#define PACKAGE_BUGREPORT "joewing@joewing.net"
#define _XOPEN_SOURCE 600L
#define _XOPEN_SOURCE_EXTENDED 1
#define __EXTENSIONS__ 1
#define STDC_HEADERS 1
#define HAVE_SYS_TYPES_H 1
#define HAVE_SYS_STAT_H 1
#define HAVE_STDLIB_H 1
#define HAVE_STRING_H 1
#define HAVE_MEMORY_H 1
#define HAVE_STRINGS_H 1
#define HAVE_INTTYPES_H 1
#define HAVE_STDINT_H 1
#define HAVE_UNISTD_H 1
#define HAVE_STDARG_H 1
#define HAVE_STDIO_H 1
#define HAVE_STDLIB_H 1
#define HAVE_CTYPE_H 1
#define HAVE_SYS_SELECT_H 1
#define HAVE_SIGNAL_H 1
#define HAVE_UNISTD_H 1
#define HAVE_TIME_H 1
#define HAVE_SYS_WAIT_H 1
#define HAVE_SYS_TIME_H 1
#define HAVE_ALLOCA_H 1
#define HAVE_LOCALE_H 1
#define HAVE_X11_XLIB_H 1
#define HAVE_X11_XUTIL_H 1
#define HAVE_X11_CURSORFONT_H 1
#define HAVE_X11_XPROTO_H 1
#define HAVE_X11_XATOM_H 1
#define HAVE_X11_KEYSYM_H 1
#define HAVE_X11_XRESOURCE_H 1
#define DISABLE_CONFIRM 1
#define USE_ICONS 1
#define HAVE_X11_EXTENSIONS_XRENDER_H 1
#define USE_XRENDER 1
#define HAVE_X11_XPM_H 1
#define USE_XPM 1
#define USE_SHAPE 1
#define USE_XMU 1
#define SYSTEM_CONFIG "/usr/etc/system.jwmrc"

configure: exit 0
