This file contains any messages produced by compilers while
running configure, to aid debugging if configure makes a mistake.

It was created by configure, which was
generated by GNU Autoconf 2.68.  Invocation command line was

  $ ./configure --prefix=/usr

## --------- ##
## Platform. ##
## --------- ##

hostname = ubuntu4
uname -m = i686
uname -r = 3.2.16-030216-generic
uname -s = Linux
uname -v = #201204221935 SMP Sun Apr 22 23:42:49 UTC 2012

/usr/bin/uname -p = unknown
/bin/uname -X     = unknown

/bin/arch              = unknown
/usr/bin/arch -k       = unknown
/usr/convex/getsysinfo = unknown
/usr/bin/hostinfo      = unknown
/bin/machine           = unknown
/usr/bin/oslevel       = unknown
/bin/universe          = unknown

PATH: /source/docbook-xsl-1.76.1/tools/bin
PATH: /bin
PATH: /sbin
PATH: /usr/bin
PATH: /usr/sbin
PATH: /usr/bin/X11
PATH: /usr/local/bin
PATH: /toolchain/bin
PATH: /toolchain/i486-TSOL-linux-gnu/bin/
PATH: /root/.local/bin
PATH: /usr/xorg/bin


## ----------- ##
## Core tests. ##
## ----------- ##

configure:2227: eXosip2                 The Extended Open SIP library.
configure:2229: Copyright (C) 2002-2012 Aymeric MOIZARD - <jack@atosc.org>
configure:2256: result: Configuring libeXosip2 4.0.0
configure:2259: result: Building Package on linux
configure:2309: checking for a BSD-compatible install
configure:2377: result: /bin/install -c
configure:2388: checking whether build environment is sane
configure:2438: result: yes
configure:2579: checking for a thread-safe mkdir -p
configure:2618: result: /bin/mkdir -p
configure:2631: checking for gawk
configure:2647: found /usr/bin/gawk
configure:2658: result: gawk
configure:2669: checking whether make sets $(MAKE)
configure:2691: result: yes
configure:2790: checking build system type
configure:2804: result: i686-pc-linux-gnu
configure:2824: checking host system type
configure:2837: result: i686-pc-linux-gnu
configure:2909: checking for gcc
configure:2936: result: i486-TSOL-linux-gnu-gcc
configure:3165: checking for C compiler version
configure:3174: i486-TSOL-linux-gnu-gcc --version >&5
i486-TSOL-linux-gnu-gcc (crosstool-NG 1.15.2) 4.6.3
Copyright (C) 2011 Free Software Foundation, Inc.
This is free software; see the source for copying conditions.  There is NO
warranty; not even for MERCHANTABILITY or FITNESS FOR A PARTICULAR PURPOSE.

configure:3185: $? = 0
configure:3174: i486-TSOL-linux-gnu-gcc -v >&5
Using built-in specs.
COLLECT_GCC=i486-TSOL-linux-gnu-gcc
COLLECT_LTO_WRAPPER=/toolchain/libexec/gcc/i486-TSOL-linux-gnu/4.6.3/lto-wrapper
Target: i486-TSOL-linux-gnu
Configured with: /TSOL/crosstool-ng-1.15.2/bin/.build/src/gcc-4.6.3/configure --build=i686-build_pc-linux-gnu --host=i686-build_pc-linux-gnu --target=i486-TSOL-linux-gnu --prefix=/toolchain --with-sysroot=/toolchain/i486-TSOL-linux-gnu/sysroot --enable-languages=c,c++ --with-arch=i486 --with-pkgversion='crosstool-NG 1.15.2' --enable-__cxa_atexit --disable-libmudflap --disable-libgomp --disable-libssp --with-gmp=/TSOL/crosstool-ng-1.15.2/bin/.build/i486-TSOL-linux-gnu/buildtools --with-mpfr=/TSOL/crosstool-ng-1.15.2/bin/.build/i486-TSOL-linux-gnu/buildtools --with-mpc=/TSOL/crosstool-ng-1.15.2/bin/.build/i486-TSOL-linux-gnu/buildtools --with-ppl=/TSOL/crosstool-ng-1.15.2/bin/.build/i486-TSOL-linux-gnu/buildtools --with-cloog=/TSOL/crosstool-ng-1.15.2/bin/.build/i486-TSOL-linux-gnu/buildtools --with-libelf=no --with-host-libstdcxx='-static-libgcc -Wl,-Bstatic,-lstdc++,-Bdynamic -lm -L/TSOL/crosstool-ng-1.15.2/bin/.build/i486-TSOL-linux-gnu/buildtools/lib -lpwl' --enable-threads=posix --enable-target-optspace --disable-multilib --with-local-prefix=/toolchain/i486-TSOL-linux-gnu/sysroot --enable-c99 --enable-long-long
Thread model: posix
gcc version 4.6.3 (crosstool-NG 1.15.2) 
configure:3185: $? = 0
configure:3174: i486-TSOL-linux-gnu-gcc -V >&5
i486-TSOL-linux-gnu-gcc: error: unrecognized option '-V'
i486-TSOL-linux-gnu-gcc: fatal error: no input files
compilation terminated.
configure:3185: $? = 1
configure:3174: i486-TSOL-linux-gnu-gcc -qversion >&5
i486-TSOL-linux-gnu-gcc: error: unrecognized option '-qversion'
i486-TSOL-linux-gnu-gcc: fatal error: no input files
compilation terminated.
configure:3185: $? = 1
configure:3205: checking whether the C compiler works
configure:3227: i486-TSOL-linux-gnu-gcc -Os  -static-libgcc conftest.c  >&5
configure:3231: $? = 0
configure:3279: result: yes
configure:3282: checking for C compiler default output file name
configure:3284: result: a.out
configure:3290: checking for suffix of executables
configure:3297: i486-TSOL-linux-gnu-gcc -o conftest -Os  -static-libgcc conftest.c  >&5
configure:3301: $? = 0
configure:3323: result: 
configure:3345: checking whether we are cross compiling
configure:3353: i486-TSOL-linux-gnu-gcc -o conftest -Os  -static-libgcc conftest.c  >&5
configure:3357: $? = 0
configure:3364: ./conftest
configure:3368: $? = 0
configure:3383: result: no
configure:3388: checking for suffix of object files
configure:3410: i486-TSOL-linux-gnu-gcc -c -Os  conftest.c >&5
configure:3414: $? = 0
configure:3435: result: o
configure:3439: checking whether we are using the GNU C compiler
configure:3458: i486-TSOL-linux-gnu-gcc -c -Os  conftest.c >&5
configure:3458: $? = 0
configure:3467: result: yes
configure:3476: checking whether i486-TSOL-linux-gnu-gcc accepts -g
configure:3496: i486-TSOL-linux-gnu-gcc -c -g  conftest.c >&5
configure:3496: $? = 0
configure:3537: result: yes
configure:3554: checking for i486-TSOL-linux-gnu-gcc option to accept ISO C89
configure:3618: i486-TSOL-linux-gnu-gcc  -c -Os  conftest.c >&5
configure:3618: $? = 0
configure:3631: result: none needed
configure:3662: checking for style of include used by make
configure:3690: result: GNU
configure:3715: checking dependency style of i486-TSOL-linux-gnu-gcc
configure:3825: result: gcc3
configure:3845: checking how to run the C preprocessor
configure:3876: i486-TSOL-linux-gnu-gcc -E  conftest.c
configure:3876: $? = 0
configure:3890: i486-TSOL-linux-gnu-gcc -E  conftest.c
conftest.c:11:28: fatal error: ac_nonexistent.h: No such file or directory
compilation terminated.
configure:3890: $? = 1
configure: failed program was:
| /* confdefs.h */
| #define PACKAGE_NAME ""
| #define PACKAGE_TARNAME ""
| #define PACKAGE_VERSION ""
| #define PACKAGE_STRING ""
| #define PACKAGE_BUGREPORT ""
| #define PACKAGE_URL ""
| #define PACKAGE "libeXosip2"
| #define VERSION "4.0.0"
| /* end confdefs.h.  */
| #include <ac_nonexistent.h>
configure:3915: result: i486-TSOL-linux-gnu-gcc -E
configure:3935: i486-TSOL-linux-gnu-gcc -E  conftest.c
configure:3935: $? = 0
configure:3949: i486-TSOL-linux-gnu-gcc -E  conftest.c
conftest.c:11:28: fatal error: ac_nonexistent.h: No such file or directory
compilation terminated.
configure:3949: $? = 1
configure: failed program was:
| /* confdefs.h */
| #define PACKAGE_NAME ""
| #define PACKAGE_TARNAME ""
| #define PACKAGE_VERSION ""
| #define PACKAGE_STRING ""
| #define PACKAGE_BUGREPORT ""
| #define PACKAGE_URL ""
| #define PACKAGE "libeXosip2"
| #define VERSION "4.0.0"
| /* end confdefs.h.  */
| #include <ac_nonexistent.h>
configure:3979: checking for a sed that does not truncate output
configure:4043: result: /usr/bin/sed
configure:4094: checking how to print strings
configure:4121: result: printf
configure:4142: checking for a sed that does not truncate output
configure:4206: result: /usr/bin/sed
configure:4224: checking for grep that handles long lines and -e
configure:4282: result: /usr/bin/grep
configure:4287: checking for egrep
configure:4349: result: /usr/bin/grep -E
configure:4354: checking for fgrep
configure:4416: result: /usr/bin/grep -F
configure:4451: checking for ld used by i486-TSOL-linux-gnu-gcc
configure:4518: result: i486-TSOL-linux-gnu-ld
configure:4525: checking if the linker (i486-TSOL-linux-gnu-ld) is GNU ld
configure:4540: result: yes
configure:4552: checking for BSD- or MS-compatible name lister (nm)
configure:4601: result: /toolchain/i486-TSOL-linux-gnu/bin//nm -B
configure:4731: checking the name lister (/toolchain/i486-TSOL-linux-gnu/bin//nm -B) interface
configure:4738: i486-TSOL-linux-gnu-gcc -c -Os  conftest.c >&5
configure:4741: /toolchain/i486-TSOL-linux-gnu/bin//nm -B "conftest.o"
configure:4744: output
00000000 B some_variable
configure:4751: result: BSD nm
configure:4754: checking whether ln -s works
configure:4758: result: yes
configure:4766: checking the maximum length of command line arguments
configure:4891: result: 1572864
configure:4908: checking whether the shell understands some XSI constructs
configure:4918: result: yes
configure:4922: checking whether the shell understands "+="
configure:4928: result: yes
configure:4963: checking how to convert i686-pc-linux-gnu file names to i686-pc-linux-gnu format
configure:5003: result: func_convert_file_noop
configure:5010: checking how to convert i686-pc-linux-gnu file names to toolchain format
configure:5030: result: func_convert_file_noop
configure:5037: checking for i486-TSOL-linux-gnu-ld option to reload object files
configure:5044: result: -r
configure:5118: checking for objdump
configure:5134: found /toolchain/i486-TSOL-linux-gnu/bin//objdump
configure:5145: result: objdump
configure:5177: checking how to recognize dependent libraries
configure:5379: result: pass_all
configure:5464: checking for dlltool
configure:5494: result: no
configure:5524: checking how to associate runtime and link libraries
configure:5551: result: printf %s\n
configure:5612: checking for ar
configure:5628: found /toolchain/i486-TSOL-linux-gnu/bin//ar
configure:5639: result: ar
configure:5676: checking for archiver @FILE support
configure:5693: i486-TSOL-linux-gnu-gcc -c -Os  conftest.c >&5
configure:5693: $? = 0
configure:5696: ar cru libconftest.a @conftest.lst >&5
configure:5699: $? = 0
configure:5704: ar cru libconftest.a @conftest.lst >&5
ar: conftest.o: No such file or directory
configure:5707: $? = 1
configure:5719: result: @
configure:5777: checking for strip
configure:5793: found /toolchain/i486-TSOL-linux-gnu/bin//strip
configure:5804: result: strip
configure:5876: checking for ranlib
configure:5892: found /toolchain/i486-TSOL-linux-gnu/bin//ranlib
configure:5903: result: ranlib
configure:6005: checking command to parse /toolchain/i486-TSOL-linux-gnu/bin//nm -B output from i486-TSOL-linux-gnu-gcc object
configure:6124: i486-TSOL-linux-gnu-gcc -c -Os  conftest.c >&5
configure:6127: $? = 0
configure:6131: /toolchain/i486-TSOL-linux-gnu/bin//nm -B conftest.o \| sed -n -e 's/^.*[ ]\([ABCDGIRSTW][ABCDGIRSTW]*\)[ ][ ]*\([_A-Za-z][_A-Za-z0-9]*\)$/\1 \2 \2/p' | sed '/ __gnu_lto/d' \> conftest.nm
configure:6134: $? = 0
configure:6200: i486-TSOL-linux-gnu-gcc -o conftest -Os  -static-libgcc conftest.c conftstm.o >&5
configure:6203: $? = 0
configure:6241: result: ok
configure:6278: checking for sysroot
configure:6308: result: no
configure:6551: checking for mt
configure:6581: result: no
configure:6601: checking if : is a manifest tool
configure:6607: : '-?'
configure:6615: result: no
configure:7243: checking for ANSI C header files
configure:7263: i486-TSOL-linux-gnu-gcc -c -Os  conftest.c >&5
configure:7263: $? = 0
configure:7336: i486-TSOL-linux-gnu-gcc -o conftest -Os  -static-libgcc conftest.c  >&5
configure:7336: $? = 0
configure:7336: ./conftest
configure:7336: $? = 0
configure:7347: result: yes
configure:7360: checking for sys/types.h
configure:7360: i486-TSOL-linux-gnu-gcc -c -Os  conftest.c >&5
configure:7360: $? = 0
configure:7360: result: yes
configure:7360: checking for sys/stat.h
configure:7360: i486-TSOL-linux-gnu-gcc -c -Os  conftest.c >&5
configure:7360: $? = 0
configure:7360: result: yes
configure:7360: checking for stdlib.h
configure:7360: i486-TSOL-linux-gnu-gcc -c -Os  conftest.c >&5
configure:7360: $? = 0
configure:7360: result: yes
configure:7360: checking for string.h
configure:7360: i486-TSOL-linux-gnu-gcc -c -Os  conftest.c >&5
configure:7360: $? = 0
configure:7360: result: yes
configure:7360: checking for memory.h
configure:7360: i486-TSOL-linux-gnu-gcc -c -Os  conftest.c >&5
configure:7360: $? = 0
configure:7360: result: yes
configure:7360: checking for strings.h
configure:7360: i486-TSOL-linux-gnu-gcc -c -Os  conftest.c >&5
configure:7360: $? = 0
configure:7360: result: yes
configure:7360: checking for inttypes.h
configure:7360: i486-TSOL-linux-gnu-gcc -c -Os  conftest.c >&5
configure:7360: $? = 0
configure:7360: result: yes
configure:7360: checking for stdint.h
configure:7360: i486-TSOL-linux-gnu-gcc -c -Os  conftest.c >&5
configure:7360: $? = 0
configure:7360: result: yes
configure:7360: checking for unistd.h
configure:7360: i486-TSOL-linux-gnu-gcc -c -Os  conftest.c >&5
configure:7360: $? = 0
configure:7360: result: yes
configure:7374: checking for dlfcn.h
configure:7374: i486-TSOL-linux-gnu-gcc -c -Os  conftest.c >&5
configure:7374: $? = 0
configure:7374: result: yes
configure:7561: checking for objdir
configure:7576: result: .libs
configure:7843: checking if i486-TSOL-linux-gnu-gcc supports -fno-rtti -fno-exceptions
configure:7861: i486-TSOL-linux-gnu-gcc -c -Os  -fno-rtti -fno-exceptions conftest.c >&5
cc1: warning: command line option '-fno-rtti' is valid for C++/ObjC++ but not for C [enabled by default]
configure:7865: $? = 0
configure:7878: result: no
configure:8188: checking for i486-TSOL-linux-gnu-gcc option to produce PIC
configure:8195: result: -fPIC -DPIC
configure:8203: checking if i486-TSOL-linux-gnu-gcc PIC flag -fPIC -DPIC works
configure:8221: i486-TSOL-linux-gnu-gcc -c -Os  -fPIC -DPIC -DPIC conftest.c >&5
configure:8225: $? = 0
configure:8238: result: yes
configure:8267: checking if i486-TSOL-linux-gnu-gcc static flag -static works
configure:8295: result: yes
configure:8310: checking if i486-TSOL-linux-gnu-gcc supports -c -o file.o
configure:8331: i486-TSOL-linux-gnu-gcc -c -Os  -o out/conftest2.o conftest.c >&5
configure:8335: $? = 0
configure:8357: result: yes
configure:8365: checking if i486-TSOL-linux-gnu-gcc supports -c -o file.o
configure:8412: result: yes
configure:8445: checking whether the i486-TSOL-linux-gnu-gcc linker (i486-TSOL-linux-gnu-ld) supports shared libraries
configure:9607: result: yes
configure:9644: checking whether -lc should be explicitly linked in
configure:9652: i486-TSOL-linux-gnu-gcc -c -Os  conftest.c >&5
configure:9655: $? = 0
configure:9670: i486-TSOL-linux-gnu-gcc -shared  -fPIC -DPIC conftest.o  -v -Wl,-soname -Wl,conftest -o conftest 2\>\&1 \| /usr/bin/grep  -lc  \>/dev/null 2\>\&1
configure:9673: $? = 0
configure:9687: result: no
configure:9852: checking dynamic linker characteristics
configure:10367: i486-TSOL-linux-gnu-gcc -o conftest -Os  -static-libgcc -Wl,-rpath -Wl,/foo conftest.c  >&5
configure:10367: $? = 0
configure:10601: result: GNU/Linux ld.so
configure:10708: checking how to hardcode library paths into programs
configure:10733: result: immediate
configure:11273: checking whether stripping libraries is possible
configure:11278: result: yes
configure:11313: checking if libtool supports shared libraries
configure:11315: result: yes
configure:11318: checking whether to build shared libraries
configure:11339: result: yes
configure:11342: checking whether to build static libraries
configure:11346: result: yes
configure:11581: checking for the pthreads library -lpthreads
configure:11614: i486-TSOL-linux-gnu-gcc -o conftest -Os   -static-libgcc conftest.c -lpthreads  >&5
/toolchain/lib/gcc/i486-TSOL-linux-gnu/4.6.3/../../../../i486-TSOL-linux-gnu/bin/ld: cannot find -lpthreads
collect2: ld returned 1 exit status
configure:11614: $? = 1
configure: failed program was:
| /* confdefs.h */
| #define PACKAGE_NAME ""
| #define PACKAGE_TARNAME ""
| #define PACKAGE_VERSION ""
| #define PACKAGE_STRING ""
| #define PACKAGE_BUGREPORT ""
| #define PACKAGE_URL ""
| #define PACKAGE "libeXosip2"
| #define VERSION "4.0.0"
| #define STDC_HEADERS 1
| #define HAVE_SYS_TYPES_H 1
| #define HAVE_SYS_STAT_H 1
| #define HAVE_STDLIB_H 1
| #define HAVE_STRING_H 1
| #define HAVE_MEMORY_H 1
| #define HAVE_STRINGS_H 1
| #define HAVE_INTTYPES_H 1
| #define HAVE_STDINT_H 1
| #define HAVE_UNISTD_H 1
| #define HAVE_DLFCN_H 1
| #define LT_OBJDIR ".libs/"
| /* end confdefs.h.  */
| #include <pthread.h>
| int
| main ()
| {
| pthread_t th; pthread_join(th, 0);
|                      pthread_attr_init(0); pthread_cleanup_push(0, 0);
|                      pthread_create(0,0,0,0); pthread_cleanup_pop(0);
|   ;
|   return 0;
| }
configure:11623: result: no
configure:11570: checking whether pthreads work without any flags
configure:11614: i486-TSOL-linux-gnu-gcc -o conftest -Os   -static-libgcc conftest.c   >&5
/tmp/ccQGjuRH.o: In function `main':
conftest.c:(.text.startup+0x16): undefined reference to `pthread_join'
conftest.c:(.text.startup+0x4f): undefined reference to `__pthread_register_cancel'
conftest.c:(.text.startup+0x5c): undefined reference to `pthread_create'
conftest.c:(.text.startup+0x64): undefined reference to `__pthread_unregister_cancel'
collect2: ld returned 1 exit status
configure:11614: $? = 1
configure: failed program was:
| /* confdefs.h */
| #define PACKAGE_NAME ""
| #define PACKAGE_TARNAME ""
| #define PACKAGE_VERSION ""
| #define PACKAGE_STRING ""
| #define PACKAGE_BUGREPORT ""
| #define PACKAGE_URL ""
| #define PACKAGE "libeXosip2"
| #define VERSION "4.0.0"
| #define STDC_HEADERS 1
| #define HAVE_SYS_TYPES_H 1
| #define HAVE_SYS_STAT_H 1
| #define HAVE_STDLIB_H 1
| #define HAVE_STRING_H 1
| #define HAVE_MEMORY_H 1
| #define HAVE_STRINGS_H 1
| #define HAVE_INTTYPES_H 1
| #define HAVE_STDINT_H 1
| #define HAVE_UNISTD_H 1
| #define HAVE_DLFCN_H 1
| #define LT_OBJDIR ".libs/"
| /* end confdefs.h.  */
| #include <pthread.h>
| int
| main ()
| {
| pthread_t th; pthread_join(th, 0);
|                      pthread_attr_init(0); pthread_cleanup_push(0, 0);
|                      pthread_create(0,0,0,0); pthread_cleanup_pop(0);
|   ;
|   return 0;
| }
configure:11623: result: no
configure:11575: checking whether pthreads work with -Kthread
configure:11614: i486-TSOL-linux-gnu-gcc -o conftest -Os -Kthread  -static-libgcc conftest.c   >&5
i486-TSOL-linux-gnu-gcc: error: unrecognized option '-Kthread'
configure:11614: $? = 1
configure: failed program was:
| /* confdefs.h */
| #define PACKAGE_NAME ""
| #define PACKAGE_TARNAME ""
| #define PACKAGE_VERSION ""
| #define PACKAGE_STRING ""
| #define PACKAGE_BUGREPORT ""
| #define PACKAGE_URL ""
| #define PACKAGE "libeXosip2"
| #define VERSION "4.0.0"
| #define STDC_HEADERS 1
| #define HAVE_SYS_TYPES_H 1
| #define HAVE_SYS_STAT_H 1
| #define HAVE_STDLIB_H 1
| #define HAVE_STRING_H 1
| #define HAVE_MEMORY_H 1
| #define HAVE_STRINGS_H 1
| #define HAVE_INTTYPES_H 1
| #define HAVE_STDINT_H 1
| #define HAVE_UNISTD_H 1
| #define HAVE_DLFCN_H 1
| #define LT_OBJDIR ".libs/"
| /* end confdefs.h.  */
| #include <pthread.h>
| int
| main ()
| {
| pthread_t th; pthread_join(th, 0);
|                      pthread_attr_init(0); pthread_cleanup_push(0, 0);
|                      pthread_create(0,0,0,0); pthread_cleanup_pop(0);
|   ;
|   return 0;
| }
configure:11623: result: no
configure:11575: checking whether pthreads work with -kthread
configure:11614: i486-TSOL-linux-gnu-gcc -o conftest -Os -kthread  -static-libgcc conftest.c   >&5
i486-TSOL-linux-gnu-gcc: error: unrecognized option '-kthread'
configure:11614: $? = 1
configure: failed program was:
| /* confdefs.h */
| #define PACKAGE_NAME ""
| #define PACKAGE_TARNAME ""
| #define PACKAGE_VERSION ""
| #define PACKAGE_STRING ""
| #define PACKAGE_BUGREPORT ""
| #define PACKAGE_URL ""
| #define PACKAGE "libeXosip2"
| #define VERSION "4.0.0"
| #define STDC_HEADERS 1
| #define HAVE_SYS_TYPES_H 1
| #define HAVE_SYS_STAT_H 1
| #define HAVE_STDLIB_H 1
| #define HAVE_STRING_H 1
| #define HAVE_MEMORY_H 1
| #define HAVE_STRINGS_H 1
| #define HAVE_INTTYPES_H 1
| #define HAVE_STDINT_H 1
| #define HAVE_UNISTD_H 1
| #define HAVE_DLFCN_H 1
| #define LT_OBJDIR ".libs/"
| /* end confdefs.h.  */
| #include <pthread.h>
| int
| main ()
| {
| pthread_t th; pthread_join(th, 0);
|                      pthread_attr_init(0); pthread_cleanup_push(0, 0);
|                      pthread_create(0,0,0,0); pthread_cleanup_pop(0);
|   ;
|   return 0;
| }
configure:11623: result: no
configure:11581: checking for the pthreads library -llthread
configure:11614: i486-TSOL-linux-gnu-gcc -o conftest -Os   -static-libgcc conftest.c -llthread  >&5
/toolchain/lib/gcc/i486-TSOL-linux-gnu/4.6.3/../../../../i486-TSOL-linux-gnu/bin/ld: cannot find -llthread
collect2: ld returned 1 exit status
configure:11614: $? = 1
configure: failed program was:
| /* confdefs.h */
| #define PACKAGE_NAME ""
| #define PACKAGE_TARNAME ""
| #define PACKAGE_VERSION ""
| #define PACKAGE_STRING ""
| #define PACKAGE_BUGREPORT ""
| #define PACKAGE_URL ""
| #define PACKAGE "libeXosip2"
| #define VERSION "4.0.0"
| #define STDC_HEADERS 1
| #define HAVE_SYS_TYPES_H 1
| #define HAVE_SYS_STAT_H 1
| #define HAVE_STDLIB_H 1
| #define HAVE_STRING_H 1
| #define HAVE_MEMORY_H 1
| #define HAVE_STRINGS_H 1
| #define HAVE_INTTYPES_H 1
| #define HAVE_STDINT_H 1
| #define HAVE_UNISTD_H 1
| #define HAVE_DLFCN_H 1
| #define LT_OBJDIR ".libs/"
| /* end confdefs.h.  */
| #include <pthread.h>
| int
| main ()
| {
| pthread_t th; pthread_join(th, 0);
|                      pthread_attr_init(0); pthread_cleanup_push(0, 0);
|                      pthread_create(0,0,0,0); pthread_cleanup_pop(0);
|   ;
|   return 0;
| }
configure:11623: result: no
configure:11575: checking whether pthreads work with -pthread
configure:11614: i486-TSOL-linux-gnu-gcc -o conftest -Os -pthread  -static-libgcc conftest.c   >&5
configure:11614: $? = 0
configure:11623: result: yes
configure:11643: checking for joinable pthread attribute
configure:11656: i486-TSOL-linux-gnu-gcc -o conftest -Os -pthread  -static-libgcc conftest.c   >&5
configure:11656: $? = 0
configure:11688: result: PTHREAD_CREATE_JOINABLE
configure:11695: checking if more special flags are required for pthreads
configure:11702: result: no
configure:11714: checking for cc_r
configure:11742: result: i486-TSOL-linux-gnu-gcc
configure:11808: checking semaphore.h usability
configure:11808: i486-TSOL-linux-gnu-gcc -c -Os  conftest.c >&5
configure:11808: $? = 0
configure:11808: result: yes
configure:11808: checking semaphore.h presence
configure:11808: i486-TSOL-linux-gnu-gcc -E  conftest.c
configure:11808: $? = 0
configure:11808: result: yes
configure:11808: checking for semaphore.h
configure:11808: result: yes
configure:11820: checking sys/sem.h usability
configure:11820: i486-TSOL-linux-gnu-gcc -c -Os  conftest.c >&5
configure:11820: $? = 0
configure:11820: result: yes
configure:11820: checking sys/sem.h presence
configure:11820: i486-TSOL-linux-gnu-gcc -E  conftest.c
configure:11820: $? = 0
configure:11820: result: yes
configure:11820: checking for sys/sem.h
configure:11820: result: yes
configure:11941: checking for sem_open in -lposix4
configure:11966: i486-TSOL-linux-gnu-gcc -o conftest   -static-libgcc conftest.c -lposix4   >&5
/toolchain/lib/gcc/i486-TSOL-linux-gnu/4.6.3/../../../../i486-TSOL-linux-gnu/bin/ld: cannot find -lposix4
collect2: ld returned 1 exit status
configure:11966: $? = 1
configure: failed program was:
| /* confdefs.h */
| #define PACKAGE_NAME ""
| #define PACKAGE_TARNAME ""
| #define PACKAGE_VERSION ""
| #define PACKAGE_STRING ""
| #define PACKAGE_BUGREPORT ""
| #define PACKAGE_URL ""
| #define PACKAGE "libeXosip2"
| #define VERSION "4.0.0"
| #define STDC_HEADERS 1
| #define HAVE_SYS_TYPES_H 1
| #define HAVE_SYS_STAT_H 1
| #define HAVE_STDLIB_H 1
| #define HAVE_STRING_H 1
| #define HAVE_MEMORY_H 1
| #define HAVE_STRINGS_H 1
| #define HAVE_INTTYPES_H 1
| #define HAVE_STDINT_H 1
| #define HAVE_UNISTD_H 1
| #define HAVE_DLFCN_H 1
| #define LT_OBJDIR ".libs/"
| #define HAVE_PTHREAD 1
| #define HAVE_SEMAPHORE_H 1
| #define HAVE_SYS_SEM_H 1
| /* end confdefs.h.  */
| 
| /* Override any GCC internal prototype to avoid an error.
|    Use char because int might match the return type of a GCC
|    builtin and then its argument prototype would still apply.  */
| #ifdef __cplusplus
| extern "C"
| #endif
| char sem_open ();
| int
| main ()
| {
| return sem_open ();
|   ;
|   return 0;
| }
configure:11975: result: no
configure:11981: checking for nis_add in -lnsl
configure:12006: i486-TSOL-linux-gnu-gcc -o conftest   -static-libgcc conftest.c -lnsl   >&5
configure:12006: $? = 0
configure:12015: result: yes
configure:12021: checking for sendto in -lsocket
configure:12046: i486-TSOL-linux-gnu-gcc -o conftest   -static-libgcc conftest.c -lsocket   >&5
/toolchain/lib/gcc/i486-TSOL-linux-gnu/4.6.3/../../../../i486-TSOL-linux-gnu/bin/ld: cannot find -lsocket
collect2: ld returned 1 exit status
configure:12046: $? = 1
configure: failed program was:
| /* confdefs.h */
| #define PACKAGE_NAME ""
| #define PACKAGE_TARNAME ""
| #define PACKAGE_VERSION ""
| #define PACKAGE_STRING ""
| #define PACKAGE_BUGREPORT ""
| #define PACKAGE_URL ""
| #define PACKAGE "libeXosip2"
| #define VERSION "4.0.0"
| #define STDC_HEADERS 1
| #define HAVE_SYS_TYPES_H 1
| #define HAVE_SYS_STAT_H 1
| #define HAVE_STDLIB_H 1
| #define HAVE_STRING_H 1
| #define HAVE_MEMORY_H 1
| #define HAVE_STRINGS_H 1
| #define HAVE_INTTYPES_H 1
| #define HAVE_STDINT_H 1
| #define HAVE_UNISTD_H 1
| #define HAVE_DLFCN_H 1
| #define LT_OBJDIR ".libs/"
| #define HAVE_PTHREAD 1
| #define HAVE_SEMAPHORE_H 1
| #define HAVE_SYS_SEM_H 1
| /* end confdefs.h.  */
| 
| /* Override any GCC internal prototype to avoid an error.
|    Use char because int might match the return type of a GCC
|    builtin and then its argument prototype would still apply.  */
| #ifdef __cplusplus
| extern "C"
| #endif
| char sendto ();
| int
| main ()
| {
| return sendto ();
|   ;
|   return 0;
| }
configure:12055: result: no
configure:12061: checking for clock_gettime in -lrt
configure:12086: i486-TSOL-linux-gnu-gcc -o conftest   -static-libgcc conftest.c -lrt   >&5
configure:12086: $? = 0
configure:12095: result: yes
configure:12106: checking for res_query in -lresolv
configure:12131: i486-TSOL-linux-gnu-gcc -o conftest   -static-libgcc conftest.c -lresolv   >&5
configure:12131: $? = 0
configure:12140: result: yes
configure:12146: checking for __res_query in -lresolv
configure:12171: i486-TSOL-linux-gnu-gcc -o conftest   -static-libgcc conftest.c -lresolv   >&5
configure:12171: $? = 0
configure:12180: result: yes
configure:12189: checking for ares_init in -lcares
configure:12214: i486-TSOL-linux-gnu-gcc -o conftest   -static-libgcc conftest.c -lcares   >&5
/toolchain/lib/gcc/i486-TSOL-linux-gnu/4.6.3/../../../../i486-TSOL-linux-gnu/bin/ld: cannot find -lcares
collect2: ld returned 1 exit status
configure:12214: $? = 1
configure: failed program was:
| /* confdefs.h */
| #define PACKAGE_NAME ""
| #define PACKAGE_TARNAME ""
| #define PACKAGE_VERSION ""
| #define PACKAGE_STRING ""
| #define PACKAGE_BUGREPORT ""
| #define PACKAGE_URL ""
| #define PACKAGE "libeXosip2"
| #define VERSION "4.0.0"
| #define STDC_HEADERS 1
| #define HAVE_SYS_TYPES_H 1
| #define HAVE_SYS_STAT_H 1
| #define HAVE_STDLIB_H 1
| #define HAVE_STRING_H 1
| #define HAVE_MEMORY_H 1
| #define HAVE_STRINGS_H 1
| #define HAVE_INTTYPES_H 1
| #define HAVE_STDINT_H 1
| #define HAVE_UNISTD_H 1
| #define HAVE_DLFCN_H 1
| #define LT_OBJDIR ".libs/"
| #define HAVE_PTHREAD 1
| #define HAVE_SEMAPHORE_H 1
| #define HAVE_SYS_SEM_H 1
| /* end confdefs.h.  */
| 
| /* Override any GCC internal prototype to avoid an error.
|    Use char because int might match the return type of a GCC
|    builtin and then its argument prototype would still apply.  */
| #ifdef __cplusplus
| extern "C"
| #endif
| char ares_init ();
| int
| main ()
| {
| return ares_init ();
|   ;
|   return 0;
| }
configure:12223: result: no
configure:12238: WARNING: c-ares library is not installed
configure:12298: checking for pkg-config
configure:12316: found /usr/bin/pkg-config
configure:12328: result: /usr/bin/pkg-config
configure:12353: checking pkg-config is at least version 0.9.0
configure:12356: result: yes
configure:12366: checking for OSIP
configure:12373: $PKG_CONFIG --exists --print-errors "libosip2 >= 3.5"
configure:12376: $? = 0
configure:12390: $PKG_CONFIG --exists --print-errors "libosip2 >= 3.5"
configure:12393: $? = 0
configure:12441: result: yes
configure:12448: checking whether -Wall works
configure:12467: i486-TSOL-linux-gnu-gcc -c  -Wall conftest.c >&5
configure:12467: $? = 0
configure:12476: result: yes
configure:12483: checking whether -Wcast-align works
configure:12502: i486-TSOL-linux-gnu-gcc -c  -Wcast-align conftest.c >&5
configure:12502: $? = 0
configure:12511: result: yes
configure:12518: checking whether -Wchar-subscripts works
configure:12537: i486-TSOL-linux-gnu-gcc -c  -Wchar-subscripts conftest.c >&5
configure:12537: $? = 0
configure:12546: result: yes
configure:12553: checking whether -Wformat works
configure:12572: i486-TSOL-linux-gnu-gcc -c  -Wformat conftest.c >&5
configure:12572: $? = 0
configure:12581: result: yes
configure:12588: checking whether -Winline works
configure:12607: i486-TSOL-linux-gnu-gcc -c  -Winline conftest.c >&5
configure:12607: $? = 0
configure:12616: result: yes
configure:12623: checking whether -Wmissing-declarations works
configure:12642: i486-TSOL-linux-gnu-gcc -c  -Wmissing-declarations conftest.c >&5
configure:12642: $? = 0
configure:12651: result: yes
configure:12658: checking whether -Wmissing-prototypes works
configure:12677: i486-TSOL-linux-gnu-gcc -c  -Wmissing-prototypes conftest.c >&5
configure:12677: $? = 0
configure:12686: result: yes
configure:12693: checking whether -Wnested-externs works
configure:12712: i486-TSOL-linux-gnu-gcc -c  -Wnested-externs conftest.c >&5
configure:12712: $? = 0
configure:12721: result: yes
configure:12728: checking whether -Wpointer-arith works
configure:12747: i486-TSOL-linux-gnu-gcc -c  -Wpointer-arith conftest.c >&5
configure:12747: $? = 0
configure:12756: result: yes
configure:12771: checking for ANSI C header files
configure:12875: result: yes
configure:12885: checking ctype.h usability
configure:12885: i486-TSOL-linux-gnu-gcc -c   -Wall -Wcast-align -Wchar-subscripts -Wformat -Winline -Wmissing-declarations -Wmissing-prototypes -Wnested-externs -Wpointer-arith conftest.c >&5
configure:12885: $? = 0
configure:12885: result: yes
configure:12885: checking ctype.h presence
configure:12885: i486-TSOL-linux-gnu-gcc -E  -Wall -Wcast-align -Wchar-subscripts -Wformat -Winline -Wmissing-declarations -Wmissing-prototypes -Wnested-externs -Wpointer-arith conftest.c
configure:12885: $? = 0
configure:12885: result: yes
configure:12885: checking for ctype.h
configure:12885: result: yes
configure:12897: checking for string.h
configure:12897: result: yes
configure:12909: checking for strings.h
configure:12909: result: yes
configure:12921: checking stdio.h usability
configure:12921: i486-TSOL-linux-gnu-gcc -c   -Wall -Wcast-align -Wchar-subscripts -Wformat -Winline -Wmissing-declarations -Wmissing-prototypes -Wnested-externs -Wpointer-arith conftest.c >&5
configure:12921: $? = 0
configure:12921: result: yes
configure:12921: checking stdio.h presence
configure:12921: i486-TSOL-linux-gnu-gcc -E  -Wall -Wcast-align -Wchar-subscripts -Wformat -Winline -Wmissing-declarations -Wmissing-prototypes -Wnested-externs -Wpointer-arith conftest.c
configure:12921: $? = 0
configure:12921: result: yes
configure:12921: checking for stdio.h
configure:12921: result: yes
configure:12933: checking for stdlib.h
configure:12933: result: yes
configure:12945: checking for unistd.h
configure:12945: result: yes
configure:12957: checking stdarg.h usability
configure:12957: i486-TSOL-linux-gnu-gcc -c   -Wall -Wcast-align -Wchar-subscripts -Wformat -Winline -Wmissing-declarations -Wmissing-prototypes -Wnested-externs -Wpointer-arith conftest.c >&5
configure:12957: $? = 0
configure:12957: result: yes
configure:12957: checking stdarg.h presence
configure:12957: i486-TSOL-linux-gnu-gcc -E  -Wall -Wcast-align -Wchar-subscripts -Wformat -Winline -Wmissing-declarations -Wmissing-prototypes -Wnested-externs -Wpointer-arith conftest.c
configure:12957: $? = 0
configure:12957: result: yes
configure:12957: checking for stdarg.h
configure:12957: result: yes
configure:12969: checking varargs.h usability
configure:12969: i486-TSOL-linux-gnu-gcc -c   -Wall -Wcast-align -Wchar-subscripts -Wformat -Winline -Wmissing-declarations -Wmissing-prototypes -Wnested-externs -Wpointer-arith conftest.c >&5
In file included from conftest.c:67:0:
/toolchain/lib/gcc/i486-TSOL-linux-gnu/4.6.3/include/varargs.h:4:2: error: #error "GCC no longer implements <varargs.h>."
/toolchain/lib/gcc/i486-TSOL-linux-gnu/4.6.3/include/varargs.h:5:2: error: #error "Revise your code to use <stdarg.h>."
configure:12969: $? = 1
configure: failed program was:
| /* confdefs.h */
| #define PACKAGE_NAME ""
| #define PACKAGE_TARNAME ""
| #define PACKAGE_VERSION ""
| #define PACKAGE_STRING ""
| #define PACKAGE_BUGREPORT ""
| #define PACKAGE_URL ""
| #define PACKAGE "libeXosip2"
| #define VERSION "4.0.0"
| #define STDC_HEADERS 1
| #define HAVE_SYS_TYPES_H 1
| #define HAVE_SYS_STAT_H 1
| #define HAVE_STDLIB_H 1
| #define HAVE_STRING_H 1
| #define HAVE_MEMORY_H 1
| #define HAVE_STRINGS_H 1
| #define HAVE_INTTYPES_H 1
| #define HAVE_STDINT_H 1
| #define HAVE_UNISTD_H 1
| #define HAVE_DLFCN_H 1
| #define LT_OBJDIR ".libs/"
| #define HAVE_PTHREAD 1
| #define HAVE_SEMAPHORE_H 1
| #define HAVE_SYS_SEM_H 1
| #define STDC_HEADERS 1
| #define HAVE_CTYPE_H 1
| #define HAVE_STRING_H 1
| #define HAVE_STRINGS_H 1
| #define HAVE_STDIO_H 1
| #define HAVE_STDLIB_H 1
| #define HAVE_UNISTD_H 1
| #define HAVE_STDARG_H 1
| /* end confdefs.h.  */
| #include <stdio.h>
| #ifdef HAVE_SYS_TYPES_H
| # include <sys/types.h>
| #endif
| #ifdef HAVE_SYS_STAT_H
| # include <sys/stat.h>
| #endif
| #ifdef STDC_HEADERS
| # include <stdlib.h>
| # include <stddef.h>
| #else
| # ifdef HAVE_STDLIB_H
| #  include <stdlib.h>
| # endif
| #endif
| #ifdef HAVE_STRING_H
| # if !defined STDC_HEADERS && defined HAVE_MEMORY_H
| #  include <memory.h>
| # endif
| # include <string.h>
| #endif
| #ifdef HAVE_STRINGS_H
| # include <strings.h>
| #endif
| #ifdef HAVE_INTTYPES_H
| # include <inttypes.h>
| #endif
| #ifdef HAVE_STDINT_H
| # include <stdint.h>
| #endif
| #ifdef HAVE_UNISTD_H
| # include <unistd.h>
| #endif
| #include <varargs.h>
configure:12969: result: no
configure:12969: checking varargs.h presence
configure:12969: i486-TSOL-linux-gnu-gcc -E  -Wall -Wcast-align -Wchar-subscripts -Wformat -Winline -Wmissing-declarations -Wmissing-prototypes -Wnested-externs -Wpointer-arith conftest.c
In file included from conftest.c:34:0:
/toolchain/lib/gcc/i486-TSOL-linux-gnu/4.6.3/include/varargs.h:4:2: error: #error "GCC no longer implements <varargs.h>."
/toolchain/lib/gcc/i486-TSOL-linux-gnu/4.6.3/include/varargs.h:5:2: error: #error "Revise your code to use <stdarg.h>."
configure:12969: $? = 1
configure: failed program was:
| /* confdefs.h */
| #define PACKAGE_NAME ""
| #define PACKAGE_TARNAME ""
| #define PACKAGE_VERSION ""
| #define PACKAGE_STRING ""
| #define PACKAGE_BUGREPORT ""
| #define PACKAGE_URL ""
| #define PACKAGE "libeXosip2"
| #define VERSION "4.0.0"
| #define STDC_HEADERS 1
| #define HAVE_SYS_TYPES_H 1
| #define HAVE_SYS_STAT_H 1
| #define HAVE_STDLIB_H 1
| #define HAVE_STRING_H 1
| #define HAVE_MEMORY_H 1
| #define HAVE_STRINGS_H 1
| #define HAVE_INTTYPES_H 1
| #define HAVE_STDINT_H 1
| #define HAVE_UNISTD_H 1
| #define HAVE_DLFCN_H 1
| #define LT_OBJDIR ".libs/"
| #define HAVE_PTHREAD 1
| #define HAVE_SEMAPHORE_H 1
| #define HAVE_SYS_SEM_H 1
| #define STDC_HEADERS 1
| #define HAVE_CTYPE_H 1
| #define HAVE_STRING_H 1
| #define HAVE_STRINGS_H 1
| #define HAVE_STDIO_H 1
| #define HAVE_STDLIB_H 1
| #define HAVE_UNISTD_H 1
| #define HAVE_STDARG_H 1
| /* end confdefs.h.  */
| #include <varargs.h>
configure:12969: result: no
configure:12969: checking for varargs.h
configure:12969: result: no
configure:12981: checking sys/time.h usability
configure:12981: i486-TSOL-linux-gnu-gcc -c   -Wall -Wcast-align -Wchar-subscripts -Wformat -Winline -Wmissing-declarations -Wmissing-prototypes -Wnested-externs -Wpointer-arith conftest.c >&5
configure:12981: $? = 0
configure:12981: result: yes
configure:12981: checking sys/time.h presence
configure:12981: i486-TSOL-linux-gnu-gcc -E  -Wall -Wcast-align -Wchar-subscripts -Wformat -Winline -Wmissing-declarations -Wmissing-prototypes -Wnested-externs -Wpointer-arith conftest.c
configure:12981: $? = 0
configure:12981: result: yes
configure:12981: checking for sys/time.h
configure:12981: result: yes
configure:12993: checking assert.h usability
configure:12993: i486-TSOL-linux-gnu-gcc -c   -Wall -Wcast-align -Wchar-subscripts -Wformat -Winline -Wmissing-declarations -Wmissing-prototypes -Wnested-externs -Wpointer-arith conftest.c >&5
configure:12993: $? = 0
configure:12993: result: yes
configure:12993: checking assert.h presence
configure:12993: i486-TSOL-linux-gnu-gcc -E  -Wall -Wcast-align -Wchar-subscripts -Wformat -Winline -Wmissing-declarations -Wmissing-prototypes -Wnested-externs -Wpointer-arith conftest.c
configure:12993: $? = 0
configure:12993: result: yes
configure:12993: checking for assert.h
configure:12993: result: yes
configure:13005: checking signal.h usability
configure:13005: i486-TSOL-linux-gnu-gcc -c   -Wall -Wcast-align -Wchar-subscripts -Wformat -Winline -Wmissing-declarations -Wmissing-prototypes -Wnested-externs -Wpointer-arith conftest.c >&5
configure:13005: $? = 0
configure:13005: result: yes
configure:13005: checking signal.h presence
configure:13005: i486-TSOL-linux-gnu-gcc -E  -Wall -Wcast-align -Wchar-subscripts -Wformat -Winline -Wmissing-declarations -Wmissing-prototypes -Wnested-externs -Wpointer-arith conftest.c
configure:13005: $? = 0
configure:13005: result: yes
configure:13005: checking for signal.h
configure:13005: result: yes
configure:13017: checking sys/signal.h usability
configure:13017: i486-TSOL-linux-gnu-gcc -c   -Wall -Wcast-align -Wchar-subscripts -Wformat -Winline -Wmissing-declarations -Wmissing-prototypes -Wnested-externs -Wpointer-arith conftest.c >&5
configure:13017: $? = 0
configure:13017: result: yes
configure:13017: checking sys/signal.h presence
configure:13017: i486-TSOL-linux-gnu-gcc -E  -Wall -Wcast-align -Wchar-subscripts -Wformat -Winline -Wmissing-declarations -Wmissing-prototypes -Wnested-externs -Wpointer-arith conftest.c
configure:13017: $? = 0
configure:13017: result: yes
configure:13017: checking for sys/signal.h
configure:13017: result: yes
configure:13029: checking malloc.h usability
configure:13029: i486-TSOL-linux-gnu-gcc -c   -Wall -Wcast-align -Wchar-subscripts -Wformat -Winline -Wmissing-declarations -Wmissing-prototypes -Wnested-externs -Wpointer-arith conftest.c >&5
configure:13029: $? = 0
configure:13029: result: yes
configure:13029: checking malloc.h presence
configure:13029: i486-TSOL-linux-gnu-gcc -E  -Wall -Wcast-align -Wchar-subscripts -Wformat -Winline -Wmissing-declarations -Wmissing-prototypes -Wnested-externs -Wpointer-arith conftest.c
configure:13029: $? = 0
configure:13029: result: yes
configure:13029: checking for malloc.h
configure:13029: result: yes
configure:13041: checking sys/select.h usability
configure:13041: i486-TSOL-linux-gnu-gcc -c   -Wall -Wcast-align -Wchar-subscripts -Wformat -Winline -Wmissing-declarations -Wmissing-prototypes -Wnested-externs -Wpointer-arith conftest.c >&5
configure:13041: $? = 0
configure:13041: result: yes
configure:13041: checking sys/select.h presence
configure:13041: i486-TSOL-linux-gnu-gcc -E  -Wall -Wcast-align -Wchar-subscripts -Wformat -Winline -Wmissing-declarations -Wmissing-prototypes -Wnested-externs -Wpointer-arith conftest.c
configure:13041: $? = 0
configure:13041: result: yes
configure:13041: checking for sys/select.h
configure:13041: result: yes
configure:13053: checking for sys/types.h
configure:13053: result: yes
configure:13065: checking fcntl.h usability
configure:13065: i486-TSOL-linux-gnu-gcc -c   -Wall -Wcast-align -Wchar-subscripts -Wformat -Winline -Wmissing-declarations -Wmissing-prototypes -Wnested-externs -Wpointer-arith conftest.c >&5
configure:13065: $? = 0
configure:13065: result: yes
configure:13065: checking fcntl.h presence
configure:13065: i486-TSOL-linux-gnu-gcc -E  -Wall -Wcast-align -Wchar-subscripts -Wformat -Winline -Wmissing-declarations -Wmissing-prototypes -Wnested-externs -Wpointer-arith conftest.c
configure:13065: $? = 0
configure:13065: result: yes
configure:13065: checking for fcntl.h
configure:13065: result: yes
configure:13077: checking sys/soundcard.h usability
configure:13077: i486-TSOL-linux-gnu-gcc -c   -Wall -Wcast-align -Wchar-subscripts -Wformat -Winline -Wmissing-declarations -Wmissing-prototypes -Wnested-externs -Wpointer-arith conftest.c >&5
configure:13077: $? = 0
configure:13077: result: yes
configure:13077: checking sys/soundcard.h presence
configure:13077: i486-TSOL-linux-gnu-gcc -E  -Wall -Wcast-align -Wchar-subscripts -Wformat -Winline -Wmissing-declarations -Wmissing-prototypes -Wnested-externs -Wpointer-arith conftest.c
configure:13077: $? = 0
configure:13077: result: yes
configure:13077: checking for sys/soundcard.h
configure:13077: result: yes
configure:13089: checking arpa/inet.h usability
configure:13089: i486-TSOL-linux-gnu-gcc -c   -Wall -Wcast-align -Wchar-subscripts -Wformat -Winline -Wmissing-declarations -Wmissing-prototypes -Wnested-externs -Wpointer-arith conftest.c >&5
configure:13089: $? = 0
configure:13089: result: yes
configure:13089: checking arpa/inet.h presence
configure:13089: i486-TSOL-linux-gnu-gcc -E  -Wall -Wcast-align -Wchar-subscripts -Wformat -Winline -Wmissing-declarations -Wmissing-prototypes -Wnested-externs -Wpointer-arith conftest.c
configure:13089: $? = 0
configure:13089: result: yes
configure:13089: checking for arpa/inet.h
configure:13089: result: yes
configure:13101: checking arpa/nameser.h usability
configure:13101: i486-TSOL-linux-gnu-gcc -c   -Wall -Wcast-align -Wchar-subscripts -Wformat -Winline -Wmissing-declarations -Wmissing-prototypes -Wnested-externs -Wpointer-arith conftest.c >&5
configure:13101: $? = 0
configure:13101: result: yes
configure:13101: checking arpa/nameser.h presence
configure:13101: i486-TSOL-linux-gnu-gcc -E  -Wall -Wcast-align -Wchar-subscripts -Wformat -Winline -Wmissing-declarations -Wmissing-prototypes -Wnested-externs -Wpointer-arith conftest.c
configure:13101: $? = 0
configure:13101: result: yes
configure:13101: checking for arpa/nameser.h
configure:13101: result: yes
configure:13113: checking netdb.h usability
configure:13113: i486-TSOL-linux-gnu-gcc -c   -Wall -Wcast-align -Wchar-subscripts -Wformat -Winline -Wmissing-declarations -Wmissing-prototypes -Wnested-externs -Wpointer-arith conftest.c >&5
configure:13113: $? = 0
configure:13113: result: yes
configure:13113: checking netdb.h presence
configure:13113: i486-TSOL-linux-gnu-gcc -E  -Wall -Wcast-align -Wchar-subscripts -Wformat -Winline -Wmissing-declarations -Wmissing-prototypes -Wnested-externs -Wpointer-arith conftest.c
configure:13113: $? = 0
configure:13113: result: yes
configure:13113: checking for netdb.h
configure:13113: result: yes
configure:13125: checking nameser8_compat.h usability
configure:13125: i486-TSOL-linux-gnu-gcc -c   -Wall -Wcast-align -Wchar-subscripts -Wformat -Winline -Wmissing-declarations -Wmissing-prototypes -Wnested-externs -Wpointer-arith conftest.c >&5
conftest.c:79:29: fatal error: nameser8_compat.h: No such file or directory
compilation terminated.
configure:13125: $? = 1
configure: failed program was:
| /* confdefs.h */
| #define PACKAGE_NAME ""
| #define PACKAGE_TARNAME ""
| #define PACKAGE_VERSION ""
| #define PACKAGE_STRING ""
| #define PACKAGE_BUGREPORT ""
| #define PACKAGE_URL ""
| #define PACKAGE "libeXosip2"
| #define VERSION "4.0.0"
| #define STDC_HEADERS 1
| #define HAVE_SYS_TYPES_H 1
| #define HAVE_SYS_STAT_H 1
| #define HAVE_STDLIB_H 1
| #define HAVE_STRING_H 1
| #define HAVE_MEMORY_H 1
| #define HAVE_STRINGS_H 1
| #define HAVE_INTTYPES_H 1
| #define HAVE_STDINT_H 1
| #define HAVE_UNISTD_H 1
| #define HAVE_DLFCN_H 1
| #define LT_OBJDIR ".libs/"
| #define HAVE_PTHREAD 1
| #define HAVE_SEMAPHORE_H 1
| #define HAVE_SYS_SEM_H 1
| #define STDC_HEADERS 1
| #define HAVE_CTYPE_H 1
| #define HAVE_STRING_H 1
| #define HAVE_STRINGS_H 1
| #define HAVE_STDIO_H 1
| #define HAVE_STDLIB_H 1
| #define HAVE_UNISTD_H 1
| #define HAVE_STDARG_H 1
| #define HAVE_SYS_TIME_H 1
| #define HAVE_ASSERT_H 1
| #define HAVE_SIGNAL_H 1
| #define HAVE_SYS_SIGNAL_H 1
| #define HAVE_MALLOC_H 1
| #define HAVE_SYS_SELECT_H 1
| #define HAVE_SYS_TYPES_H 1
| #define HAVE_FCNTL_H 1
| #define HAVE_SYS_SOUNDCARD_H 1
| #define HAVE_ARPA_INET_H 1
| #define HAVE_ARPA_NAMESER_H 1
| #define HAVE_NETDB_H 1
| /* end confdefs.h.  */
| #include <stdio.h>
| #ifdef HAVE_SYS_TYPES_H
| # include <sys/types.h>
| #endif
| #ifdef HAVE_SYS_STAT_H
| # include <sys/stat.h>
| #endif
| #ifdef STDC_HEADERS
| # include <stdlib.h>
| # include <stddef.h>
| #else
| # ifdef HAVE_STDLIB_H
| #  include <stdlib.h>
| # endif
| #endif
| #ifdef HAVE_STRING_H
| # if !defined STDC_HEADERS && defined HAVE_MEMORY_H
| #  include <memory.h>
| # endif
| # include <string.h>
| #endif
| #ifdef HAVE_STRINGS_H
| # include <strings.h>
| #endif
| #ifdef HAVE_INTTYPES_H
| # include <inttypes.h>
| #endif
| #ifdef HAVE_STDINT_H
| # include <stdint.h>
| #endif
| #ifdef HAVE_UNISTD_H
| # include <unistd.h>
| #endif
| #include <nameser8_compat.h>
configure:13125: result: no
configure:13125: checking nameser8_compat.h presence
configure:13125: i486-TSOL-linux-gnu-gcc -E  -Wall -Wcast-align -Wchar-subscripts -Wformat -Winline -Wmissing-declarations -Wmissing-prototypes -Wnested-externs -Wpointer-arith conftest.c
conftest.c:46:29: fatal error: nameser8_compat.h: No such file or directory
compilation terminated.
configure:13125: $? = 1
configure: failed program was:
| /* confdefs.h */
| #define PACKAGE_NAME ""
| #define PACKAGE_TARNAME ""
| #define PACKAGE_VERSION ""
| #define PACKAGE_STRING ""
| #define PACKAGE_BUGREPORT ""
| #define PACKAGE_URL ""
| #define PACKAGE "libeXosip2"
| #define VERSION "4.0.0"
| #define STDC_HEADERS 1
| #define HAVE_SYS_TYPES_H 1
| #define HAVE_SYS_STAT_H 1
| #define HAVE_STDLIB_H 1
| #define HAVE_STRING_H 1
| #define HAVE_MEMORY_H 1
| #define HAVE_STRINGS_H 1
| #define HAVE_INTTYPES_H 1
| #define HAVE_STDINT_H 1
| #define HAVE_UNISTD_H 1
| #define HAVE_DLFCN_H 1
| #define LT_OBJDIR ".libs/"
| #define HAVE_PTHREAD 1
| #define HAVE_SEMAPHORE_H 1
| #define HAVE_SYS_SEM_H 1
| #define STDC_HEADERS 1
| #define HAVE_CTYPE_H 1
| #define HAVE_STRING_H 1
| #define HAVE_STRINGS_H 1
| #define HAVE_STDIO_H 1
| #define HAVE_STDLIB_H 1
| #define HAVE_UNISTD_H 1
| #define HAVE_STDARG_H 1
| #define HAVE_SYS_TIME_H 1
| #define HAVE_ASSERT_H 1
| #define HAVE_SIGNAL_H 1
| #define HAVE_SYS_SIGNAL_H 1
| #define HAVE_MALLOC_H 1
| #define HAVE_SYS_SELECT_H 1
| #define HAVE_SYS_TYPES_H 1
| #define HAVE_FCNTL_H 1
| #define HAVE_SYS_SOUNDCARD_H 1
| #define HAVE_ARPA_INET_H 1
| #define HAVE_ARPA_NAMESER_H 1
| #define HAVE_NETDB_H 1
| /* end confdefs.h.  */
| #include <nameser8_compat.h>
configure:13125: result: no
configure:13125: checking for nameser8_compat.h
configure:13125: result: no
configure:13137: checking arpa/nameser_compat.h usability
configure:13137: i486-TSOL-linux-gnu-gcc -c   -Wall -Wcast-align -Wchar-subscripts -Wformat -Winline -Wmissing-declarations -Wmissing-prototypes -Wnested-externs -Wpointer-arith conftest.c >&5
configure:13137: $? = 0
configure:13137: result: yes
configure:13137: checking arpa/nameser_compat.h presence
configure:13137: i486-TSOL-linux-gnu-gcc -E  -Wall -Wcast-align -Wchar-subscripts -Wformat -Winline -Wmissing-declarations -Wmissing-prototypes -Wnested-externs -Wpointer-arith conftest.c
configure:13137: $? = 0
configure:13137: result: yes
configure:13137: checking for arpa/nameser_compat.h
configure:13137: result: yes
configure:13149: checking netinet/tcp.h usability
configure:13149: i486-TSOL-linux-gnu-gcc -c   -Wall -Wcast-align -Wchar-subscripts -Wformat -Winline -Wmissing-declarations -Wmissing-prototypes -Wnested-externs -Wpointer-arith conftest.c >&5
configure:13149: $? = 0
configure:13149: result: yes
configure:13149: checking netinet/tcp.h presence
configure:13149: i486-TSOL-linux-gnu-gcc -E  -Wall -Wcast-align -Wchar-subscripts -Wformat -Winline -Wmissing-declarations -Wmissing-prototypes -Wnested-externs -Wpointer-arith conftest.c
configure:13149: $? = 0
configure:13149: result: yes
configure:13149: checking for netinet/tcp.h
configure:13149: result: yes
configure:13162: checking for resolv.h
configure:13162: i486-TSOL-linux-gnu-gcc -c   -Wall -Wcast-align -Wchar-subscripts -Wformat -Winline -Wmissing-declarations -Wmissing-prototypes -Wnested-externs -Wpointer-arith conftest.c >&5
configure:13162: $? = 0
configure:13162: result: yes
configure:13185: checking for getifaddrs
configure:13185: i486-TSOL-linux-gnu-gcc -o conftest   -Wall -Wcast-align -Wchar-subscripts -Wformat -Winline -Wmissing-declarations -Wmissing-prototypes -Wnested-externs -Wpointer-arith -static-libgcc conftest.c  >&5
configure:13185: $? = 0
configure:13185: result: yes
configure:13206: checking openssl/ssl.h usability
configure:13206: i486-TSOL-linux-gnu-gcc -c   -Wall -Wcast-align -Wchar-subscripts -Wformat -Winline -Wmissing-declarations -Wmissing-prototypes -Wnested-externs -Wpointer-arith conftest.c >&5
configure:13206: $? = 0
configure:13206: result: yes
configure:13206: checking openssl/ssl.h presence
configure:13206: i486-TSOL-linux-gnu-gcc -E  -Wall -Wcast-align -Wchar-subscripts -Wformat -Winline -Wmissing-declarations -Wmissing-prototypes -Wnested-externs -Wpointer-arith conftest.c
configure:13206: $? = 0
configure:13206: result: yes
configure:13206: checking for openssl/ssl.h
configure:13206: result: yes
configure:13216: checking for SSL_CTX_new in -lssl
configure:13241: i486-TSOL-linux-gnu-gcc -o conftest   -Wall -Wcast-align -Wchar-subscripts -Wformat -Winline -Wmissing-declarations -Wmissing-prototypes -Wnested-externs -Wpointer-arith -static-libgcc conftest.c -lssl   >&5
configure:13241: $? = 0
configure:13250: result: yes
configure:13256: checking for X509_get_issuer_name in -lcrypto
configure:13281: i486-TSOL-linux-gnu-gcc -o conftest   -Wall -Wcast-align -Wchar-subscripts -Wformat -Winline -Wmissing-declarations -Wmissing-prototypes -Wnested-externs -Wpointer-arith -static-libgcc conftest.c -lcrypto   >&5
configure:13281: $? = 0
configure:13290: result: yes
configure:13454: creating ./config.status

## ---------------------- ##
## Running config.status. ##
## ---------------------- ##

This file was extended by config.status, which was
generated by GNU Autoconf 2.68.  Invocation command line was

  CONFIG_FILES    = 
  CONFIG_HEADERS  = 
  CONFIG_LINKS    = 
  CONFIG_COMMANDS = 
  $ ./config.status 

on ubuntu4

config.status:1143: creating Makefile
config.status:1143: creating scripts/Makefile
config.status:1143: creating platform/Makefile
config.status:1143: creating platform/vsnet/Makefile
config.status:1143: creating platform/wince/Makefile
config.status:1143: creating include/Makefile
config.status:1143: creating include/eXosip2/Makefile
config.status:1143: creating src/Makefile
config.status:1143: creating tools/Makefile
config.status:1143: creating help/Makefile
config.status:1143: creating help/doxygen/Makefile
config.status:1143: creating help/doxygen/doxygen.dox
config.status:1143: creating exosip-config.h
config.status:1324: exosip-config.h is unchanged
config.status:1372: executing depfiles commands
config.status:1372: executing libtool commands

## ---------------- ##
## Cache variables. ##
## ---------------- ##

Wall_cv_flag=yes
Wcast_align_cv_flag=yes
Wchar_subscripts_cv_flag=yes
Wformat_cv_flag=yes
Winline_cv_flag=yes
Wmissing_declarations_cv_flag=yes
Wmissing_prototypes_cv_flag=yes
Wnested_externs_cv_flag=yes
Wpointer_arith_cv_flag=yes
ac_cv_build=i686-pc-linux-gnu
ac_cv_c_compiler_gnu=yes
ac_cv_env_CC_set=set
ac_cv_env_CC_value=i486-TSOL-linux-gnu-gcc
ac_cv_env_CFLAGS_set=set
ac_cv_env_CFLAGS_value=-Os
ac_cv_env_CPPFLAGS_set=
ac_cv_env_CPPFLAGS_value=
ac_cv_env_CPP_set=
ac_cv_env_CPP_value=
ac_cv_env_LDFLAGS_set=set
ac_cv_env_LDFLAGS_value=-static-libgcc
ac_cv_env_LIBS_set=
ac_cv_env_LIBS_value=
ac_cv_env_OSIP_CFLAGS_set=
ac_cv_env_OSIP_CFLAGS_value=
ac_cv_env_OSIP_LIBS_set=
ac_cv_env_OSIP_LIBS_value=
ac_cv_env_PKG_CONFIG_LIBDIR_set=
ac_cv_env_PKG_CONFIG_LIBDIR_value=
ac_cv_env_PKG_CONFIG_PATH_set=set
ac_cv_env_PKG_CONFIG_PATH_value=/usr/xorg/lib/pkgconfig:/usr/xorg/share/pkgconfig:
ac_cv_env_PKG_CONFIG_set=
ac_cv_env_PKG_CONFIG_value=
ac_cv_env_build_alias_set=
ac_cv_env_build_alias_value=
ac_cv_env_host_alias_set=
ac_cv_env_host_alias_value=
ac_cv_env_target_alias_set=
ac_cv_env_target_alias_value=
ac_cv_func_getifaddrs=yes
ac_cv_header_arpa_inet_h=yes
ac_cv_header_arpa_nameser_compat_h=yes
ac_cv_header_arpa_nameser_h=yes
ac_cv_header_assert_h=yes
ac_cv_header_ctype_h=yes
ac_cv_header_dlfcn_h=yes
ac_cv_header_fcntl_h=yes
ac_cv_header_inttypes_h=yes
ac_cv_header_malloc_h=yes
ac_cv_header_memory_h=yes
ac_cv_header_nameser8_compat_h=no
ac_cv_header_netdb_h=yes
ac_cv_header_netinet_tcp_h=yes
ac_cv_header_openssl_ssl_h=yes
ac_cv_header_resolv_h=yes
ac_cv_header_semaphore_h=yes
ac_cv_header_signal_h=yes
ac_cv_header_stdarg_h=yes
ac_cv_header_stdc=yes
ac_cv_header_stdint_h=yes
ac_cv_header_stdio_h=yes
ac_cv_header_stdlib_h=yes
ac_cv_header_string_h=yes
ac_cv_header_strings_h=yes
ac_cv_header_sys_select_h=yes
ac_cv_header_sys_sem_h=yes
ac_cv_header_sys_signal_h=yes
ac_cv_header_sys_soundcard_h=yes
ac_cv_header_sys_stat_h=yes
ac_cv_header_sys_time_h=yes
ac_cv_header_sys_types_h=yes
ac_cv_header_unistd_h=yes
ac_cv_header_varargs_h=no
ac_cv_host=i686-pc-linux-gnu
ac_cv_lib_cares_ares_init=no
ac_cv_lib_crypto_X509_get_issuer_name=yes
ac_cv_lib_nsl_nis_add=yes
ac_cv_lib_posix4_sem_open=no
ac_cv_lib_resolv___res_query=yes
ac_cv_lib_resolv_res_query=yes
ac_cv_lib_rt_clock_gettime=yes
ac_cv_lib_socket_sendto=no
ac_cv_lib_ssl_SSL_CTX_new=yes
ac_cv_objext=o
ac_cv_path_EGREP='/usr/bin/grep -E'
ac_cv_path_FGREP='/usr/bin/grep -F'
ac_cv_path_GREP=/usr/bin/grep
ac_cv_path_SED=/usr/bin/sed
ac_cv_path_ac_pt_PKG_CONFIG=/usr/bin/pkg-config
ac_cv_path_install='/bin/install -c'
ac_cv_path_mkdir=/bin/mkdir
ac_cv_prog_AWK=gawk
ac_cv_prog_CPP='i486-TSOL-linux-gnu-gcc -E'
ac_cv_prog_PTHREAD_CC=i486-TSOL-linux-gnu-gcc
ac_cv_prog_ac_ct_AR=ar
ac_cv_prog_ac_ct_CC=i486-TSOL-linux-gnu-gcc
ac_cv_prog_ac_ct_OBJDUMP=objdump
ac_cv_prog_ac_ct_RANLIB=ranlib
ac_cv_prog_ac_ct_STRIP=strip
ac_cv_prog_cc_c89=
ac_cv_prog_cc_g=yes
ac_cv_prog_make_make_set=yes
am_cv_CC_dependencies_compiler_type=gcc3
lt_cv_ar_at_file=@
lt_cv_archive_cmds_need_lc=no
lt_cv_deplibs_check_method=pass_all
lt_cv_file_magic_cmd='$MAGIC_CMD'
lt_cv_file_magic_test_file=
lt_cv_ld_reload_flag=-r
lt_cv_nm_interface='BSD nm'
lt_cv_objdir=.libs
lt_cv_path_LD=i486-TSOL-linux-gnu-ld
lt_cv_path_NM='/toolchain/i486-TSOL-linux-gnu/bin//nm -B'
lt_cv_path_mainfest_tool=no
lt_cv_prog_compiler_c_o=yes
lt_cv_prog_compiler_pic='-fPIC -DPIC'
lt_cv_prog_compiler_pic_works=yes
lt_cv_prog_compiler_rtti_exceptions=no
lt_cv_prog_compiler_static_works=yes
lt_cv_prog_gnu_ld=yes
lt_cv_sharedlib_from_linklib_cmd='printf %s\n'
lt_cv_shlibpath_overrides_runpath=yes
lt_cv_sys_global_symbol_pipe='sed -n -e '\''s/^.*[	 ]\([ABCDGIRSTW][ABCDGIRSTW]*\)[	 ][	 ]*\([_A-Za-z][_A-Za-z0-9]*\)$/\1 \2 \2/p'\'' | sed '\''/ __gnu_lto/d'\'''
lt_cv_sys_global_symbol_to_c_name_address='sed -n -e '\''s/^: \([^ ]*\)[ ]*$/  {\"\1\", (void *) 0},/p'\'' -e '\''s/^[ABCDGIRSTW]* \([^ ]*\) \([^ ]*\)$/  {"\2", (void *) \&\2},/p'\'''
lt_cv_sys_global_symbol_to_c_name_address_lib_prefix='sed -n -e '\''s/^: \([^ ]*\)[ ]*$/  {\"\1\", (void *) 0},/p'\'' -e '\''s/^[ABCDGIRSTW]* \([^ ]*\) \(lib[^ ]*\)$/  {"\2", (void *) \&\2},/p'\'' -e '\''s/^[ABCDGIRSTW]* \([^ ]*\) \([^ ]*\)$/  {"lib\2", (void *) \&\2},/p'\'''
lt_cv_sys_global_symbol_to_cdecl='sed -n -e '\''s/^T .* \(.*\)$/extern int \1();/p'\'' -e '\''s/^[ABCDGIRSTW]* .* \(.*\)$/extern char \1;/p'\'''
lt_cv_sys_max_cmd_len=1572864
lt_cv_to_host_file_cmd=func_convert_file_noop
lt_cv_to_tool_file_cmd=func_convert_file_noop
pkg_cv_OSIP_CFLAGS=' '
pkg_cv_OSIP_LIBS='-losipparser2 -losip2  '

## ----------------- ##
## Output variables. ##
## ----------------- ##

ACLOCAL='${SHELL} /source/libeXosip2-4.0.0/scripts/missing --run aclocal-1.11 -I scripts'
AMDEPBACKSLASH='\'
AMDEP_FALSE='#'
AMDEP_TRUE=''
AMTAR='${SHELL} /source/libeXosip2-4.0.0/scripts/missing --run tar'
AR='ar'
AUTOCONF='${SHELL} /source/libeXosip2-4.0.0/scripts/missing --run autoconf'
AUTOHEADER='${SHELL} /source/libeXosip2-4.0.0/scripts/missing --run autoheader'
AUTOMAKE='${SHELL} /source/libeXosip2-4.0.0/scripts/missing --run automake-1.11'
AWK='gawk'
BUILD_MAXSIZE_FALSE='#'
BUILD_MAXSIZE_TRUE=''
CC='i486-TSOL-linux-gnu-gcc'
CCDEPMODE='depmode=gcc3'
CFLAGS=''
COMPILE_TOOLS_FALSE='#'
COMPILE_TOOLS_TRUE=''
CPP='i486-TSOL-linux-gnu-gcc -E'
CPPFLAGS=' -Wall -Wcast-align -Wchar-subscripts -Wformat -Winline -Wmissing-declarations -Wmissing-prototypes -Wnested-externs -Wpointer-arith -DSRV_RECORD'
CYGPATH_W='echo'
DEFS='-DHAVE_CONFIG_H'
DEPDIR='.deps'
DLLTOOL='false'
DSYMUTIL=''
DUMPBIN=''
ECHO_C=''
ECHO_N='-n'
ECHO_T=''
EGREP='/usr/bin/grep -E'
EXEEXT=''
EXOSIP_FLAGS=' -pedantic -DENABLE_DEBUG -g -DENABLE_TRACE'
EXOSIP_LIB=' -lnsl -lrt -lresolv -lresolv -lssl -lcrypto'
EXOSIP_VERSION='4.0.0'
FGREP='/usr/bin/grep -F'
GREP='/usr/bin/grep'
INSIDE_GNOME_COMMON_FALSE=''
INSIDE_GNOME_COMMON_TRUE='#'
INSTALL_DATA='${INSTALL} -m 644'
INSTALL_PROGRAM='${INSTALL}'
INSTALL_SCRIPT='${INSTALL}'
INSTALL_STRIP_PROGRAM='$(install_sh) -c -s'
LD='i486-TSOL-linux-gnu-ld'
LDFLAGS='-static-libgcc'
LIBEXOSIP_SO_VERSION='10:0:0'
LIBOBJS=''
LIBS=''
LIBTOOL='$(SHELL) $(top_builddir)/libtool'
LIPO=''
LN_S='ln -s'
LTLIBOBJS=''
MAKEINFO='${SHELL} /source/libeXosip2-4.0.0/scripts/missing --run makeinfo'
MANIFEST_TOOL=':'
MKDIR_P='/bin/mkdir -p'
NM='/toolchain/i486-TSOL-linux-gnu/bin//nm -B'
NMEDIT=''
OBJDUMP='objdump'
OBJEXT='o'
OSIP_CFLAGS=' '
OSIP_LIBS='-losipparser2 -losip2  '
OTOOL64=''
OTOOL=''
PACKAGE='libeXosip2'
PACKAGE_BUGREPORT=''
PACKAGE_NAME=''
PACKAGE_STRING=''
PACKAGE_TARNAME=''
PACKAGE_URL=''
PACKAGE_VERSION=''
PATH_SEPARATOR=':'
PKG_CONFIG='/usr/bin/pkg-config'
PKG_CONFIG_LIBDIR=''
PKG_CONFIG_PATH='/usr/xorg/lib/pkgconfig:/usr/xorg/share/pkgconfig:'
PTHREAD_CC='i486-TSOL-linux-gnu-gcc'
PTHREAD_CFLAGS='-pthread'
PTHREAD_LIBS=''
RANLIB='ranlib'
SED='/usr/bin/sed'
SET_MAKE=''
SHELL='/bin/sh'
STRIP='strip'
TOOLS_LIBS=''
VERSION='4.0.0'
ac_aux_dir='scripts'
ac_ct_AR='ar'
ac_ct_CC='i486-TSOL-linux-gnu-gcc'
ac_ct_DUMPBIN=''
am__EXEEXT_FALSE=''
am__EXEEXT_TRUE='#'
am__fastdepCC_FALSE='#'
am__fastdepCC_TRUE=''
am__include='include'
am__isrc=''
am__leading_dot='.'
am__quote=''
am__tar='${AMTAR} chof - "$$tardir"'
am__untar='${AMTAR} xf -'
bindir='${exec_prefix}/bin'
build='i686-pc-linux-gnu'
build_alias=''
build_cpu='i686'
build_os='linux-gnu'
build_vendor='pc'
datadir='${datarootdir}'
datarootdir='${prefix}/share'
docdir='${datarootdir}/doc/${PACKAGE}'
dvidir='${docdir}'
exec_prefix='${prefix}'
host='i686-pc-linux-gnu'
host_alias=''
host_cpu='i686'
host_os='linux-gnu'
host_vendor='pc'
htmldir='${docdir}'
includedir='${prefix}/include'
infodir='${datarootdir}/info'
install_sh='${SHELL} /source/libeXosip2-4.0.0/scripts/install-sh'
libdir='${exec_prefix}/lib'
libexecdir='${exec_prefix}/libexec'
localedir='${datarootdir}/locale'
localstatedir='${prefix}/var'
mandir='${datarootdir}/man'
mkdir_p='/bin/mkdir -p'
oldincludedir='/usr/include'
pdfdir='${docdir}'
prefix='/usr'
program_transform_name='s,x,x,'
psdir='${docdir}'
sbindir='${exec_prefix}/sbin'
sharedstatedir='${prefix}/com'
sysconfdir='${prefix}/etc'
target_alias=''

## ----------- ##
## confdefs.h. ##
## ----------- ##

/* confdefs.h */
#define PACKAGE_NAME ""
#define PACKAGE_TARNAME ""
#define PACKAGE_VERSION ""
#define PACKAGE_STRING ""
#define PACKAGE_BUGREPORT ""
#define PACKAGE_URL ""
#define PACKAGE "libeXosip2"
#define VERSION "4.0.0"
#define STDC_HEADERS 1
#define HAVE_SYS_TYPES_H 1
#define HAVE_SYS_STAT_H 1
#define HAVE_STDLIB_H 1
#define HAVE_STRING_H 1
#define HAVE_MEMORY_H 1
#define HAVE_STRINGS_H 1
#define HAVE_INTTYPES_H 1
#define HAVE_STDINT_H 1
#define HAVE_UNISTD_H 1
#define HAVE_DLFCN_H 1
#define LT_OBJDIR ".libs/"
#define HAVE_PTHREAD 1
#define HAVE_SEMAPHORE_H 1
#define HAVE_SYS_SEM_H 1
#define STDC_HEADERS 1
#define HAVE_CTYPE_H 1
#define HAVE_STRING_H 1
#define HAVE_STRINGS_H 1
#define HAVE_STDIO_H 1
#define HAVE_STDLIB_H 1
#define HAVE_UNISTD_H 1
#define HAVE_STDARG_H 1
#define HAVE_SYS_TIME_H 1
#define HAVE_ASSERT_H 1
#define HAVE_SIGNAL_H 1
#define HAVE_SYS_SIGNAL_H 1
#define HAVE_MALLOC_H 1
#define HAVE_SYS_SELECT_H 1
#define HAVE_SYS_TYPES_H 1
#define HAVE_FCNTL_H 1
#define HAVE_SYS_SOUNDCARD_H 1
#define HAVE_ARPA_INET_H 1
#define HAVE_ARPA_NAMESER_H 1
#define HAVE_NETDB_H 1
#define HAVE_ARPA_NAMESER_COMPAT_H 1
#define HAVE_NETINET_TCP_H 1
#define HAVE_RESOLV_H 1
#define HAVE_GETIFADDRS 1
#define HAVE_OPENSSL_SSL_H 1

configure: exit 0
