This file contains any messages produced by compilers while
running configure, to aid debugging if configure makes a mistake.

It was created by usbhid-dump configure 1.3, which was
generated by GNU Autoconf 2.69.  Invocation command line was

  $ ./configure --disable-option-checking --prefix=/usr CC=i486-TSOL-linux-gnu-gcc CFLAGS=-Os LDFLAGS=-static-libgcc PKG_CONFIG_PATH=/usr/xorg/lib/pkgconfig:/usr/xorg/share/pkgconfig: --cache-file=/dev/null --srcdir=.

## --------- ##
## Platform. ##
## --------- ##

hostname = ubuntu4
uname -m = i686
uname -r = 3.2.16-030216-generic
uname -s = Linux
uname -v = #201204221935 SMP Sun Apr 22 23:42:49 UTC 2012

/usr/bin/uname -p = unknown
/bin/uname -X     = unknown

/bin/arch              = unknown
/usr/bin/arch -k       = unknown
/usr/convex/getsysinfo = unknown
/usr/bin/hostinfo      = unknown
/bin/machine           = unknown
/usr/bin/oslevel       = unknown
/bin/universe          = unknown

PATH: /source/docbook-xsl-1.76.1/tools/bin
PATH: /bin
PATH: /sbin
PATH: /usr/bin
PATH: /usr/sbin
PATH: /usr/bin/X11
PATH: /usr/local/bin
PATH: /toolchain/bin
PATH: /toolchain/i486-TSOL-linux-gnu/bin/
PATH: /root/.local/bin
PATH: /usr/xorg/bin


## ----------- ##
## Core tests. ##
## ----------- ##

configure:2177: checking for a BSD-compatible install
configure:2245: result: /bin/install -c
configure:2256: checking whether build environment is sane
configure:2311: result: yes
configure:2462: checking for a thread-safe mkdir -p
configure:2501: result: /bin/mkdir -p
configure:2508: checking for gawk
configure:2524: found /usr/bin/gawk
configure:2535: result: gawk
configure:2546: checking whether make sets $(MAKE)
configure:2568: result: yes
configure:2650: checking whether to enable maintainer-specific portions of Makefiles
configure:2659: result: no
configure:2738: checking for gcc
configure:2765: result: i486-TSOL-linux-gnu-gcc
configure:2994: checking for C compiler version
configure:3003: i486-TSOL-linux-gnu-gcc --version >&5
i486-TSOL-linux-gnu-gcc (crosstool-NG 1.15.2) 4.6.3
Copyright (C) 2011 Free Software Foundation, Inc.
This is free software; see the source for copying conditions.  There is NO
warranty; not even for MERCHANTABILITY or FITNESS FOR A PARTICULAR PURPOSE.

configure:3014: $? = 0
configure:3003: i486-TSOL-linux-gnu-gcc -v >&5
Using built-in specs.
COLLECT_GCC=i486-TSOL-linux-gnu-gcc
COLLECT_LTO_WRAPPER=/toolchain/libexec/gcc/i486-TSOL-linux-gnu/4.6.3/lto-wrapper
Target: i486-TSOL-linux-gnu
Configured with: /TSOL/crosstool-ng-1.15.2/bin/.build/src/gcc-4.6.3/configure --build=i686-build_pc-linux-gnu --host=i686-build_pc-linux-gnu --target=i486-TSOL-linux-gnu --prefix=/toolchain --with-sysroot=/toolchain/i486-TSOL-linux-gnu/sysroot --enable-languages=c,c++ --with-arch=i486 --with-pkgversion='crosstool-NG 1.15.2' --enable-__cxa_atexit --disable-libmudflap --disable-libgomp --disable-libssp --with-gmp=/TSOL/crosstool-ng-1.15.2/bin/.build/i486-TSOL-linux-gnu/buildtools --with-mpfr=/TSOL/crosstool-ng-1.15.2/bin/.build/i486-TSOL-linux-gnu/buildtools --with-mpc=/TSOL/crosstool-ng-1.15.2/bin/.build/i486-TSOL-linux-gnu/buildtools --with-ppl=/TSOL/crosstool-ng-1.15.2/bin/.build/i486-TSOL-linux-gnu/buildtools --with-cloog=/TSOL/crosstool-ng-1.15.2/bin/.build/i486-TSOL-linux-gnu/buildtools --with-libelf=no --with-host-libstdcxx='-static-libgcc -Wl,-Bstatic,-lstdc++,-Bdynamic -lm -L/TSOL/crosstool-ng-1.15.2/bin/.build/i486-TSOL-linux-gnu/buildtools/lib -lpwl' --enable-threads=posix --enable-target-optspace --disable-multilib --with-local-prefix=/toolchain/i486-TSOL-linux-gnu/sysroot --enable-c99 --enable-long-long
Thread model: posix
gcc version 4.6.3 (crosstool-NG 1.15.2) 
configure:3014: $? = 0
configure:3003: i486-TSOL-linux-gnu-gcc -V >&5
i486-TSOL-linux-gnu-gcc: error: unrecognized option '-V'
i486-TSOL-linux-gnu-gcc: fatal error: no input files
compilation terminated.
configure:3014: $? = 1
configure:3003: i486-TSOL-linux-gnu-gcc -qversion >&5
i486-TSOL-linux-gnu-gcc: error: unrecognized option '-qversion'
i486-TSOL-linux-gnu-gcc: fatal error: no input files
compilation terminated.
configure:3014: $? = 1
configure:3034: checking whether the C compiler works
configure:3056: i486-TSOL-linux-gnu-gcc -Os -Wall -Os -I/source/usbutils-007/usbhid-dump -I/source/usbutils-007/usbhid-dump/include -DNDEBUG  -static-libgcc conftest.c  >&5
configure:3060: $? = 0
configure:3108: result: yes
configure:3111: checking for C compiler default output file name
configure:3113: result: a.out
configure:3119: checking for suffix of executables
configure:3126: i486-TSOL-linux-gnu-gcc -o conftest -Os -Wall -Os -I/source/usbutils-007/usbhid-dump -I/source/usbutils-007/usbhid-dump/include -DNDEBUG  -static-libgcc conftest.c  >&5
configure:3130: $? = 0
configure:3152: result: 
configure:3174: checking whether we are cross compiling
configure:3182: i486-TSOL-linux-gnu-gcc -o conftest -Os -Wall -Os -I/source/usbutils-007/usbhid-dump -I/source/usbutils-007/usbhid-dump/include -DNDEBUG  -static-libgcc conftest.c  >&5
configure:3186: $? = 0
configure:3193: ./conftest
configure:3197: $? = 0
configure:3212: result: no
configure:3217: checking for suffix of object files
configure:3239: i486-TSOL-linux-gnu-gcc -c -Os -Wall -Os -I/source/usbutils-007/usbhid-dump -I/source/usbutils-007/usbhid-dump/include -DNDEBUG  conftest.c >&5
configure:3243: $? = 0
configure:3264: result: o
configure:3268: checking whether we are using the GNU C compiler
configure:3287: i486-TSOL-linux-gnu-gcc -c -Os -Wall -Os -I/source/usbutils-007/usbhid-dump -I/source/usbutils-007/usbhid-dump/include -DNDEBUG  conftest.c >&5
configure:3287: $? = 0
configure:3296: result: yes
configure:3305: checking whether i486-TSOL-linux-gnu-gcc accepts -g
configure:3325: i486-TSOL-linux-gnu-gcc -c -g -I/source/usbutils-007/usbhid-dump -I/source/usbutils-007/usbhid-dump/include -DNDEBUG  conftest.c >&5
configure:3325: $? = 0
configure:3366: result: yes
configure:3383: checking for i486-TSOL-linux-gnu-gcc option to accept ISO C89
configure:3446: i486-TSOL-linux-gnu-gcc  -c -Os -Wall -Os -I/source/usbutils-007/usbhid-dump -I/source/usbutils-007/usbhid-dump/include -DNDEBUG  conftest.c >&5
configure:3446: $? = 0
configure:3459: result: none needed
configure:3490: checking for style of include used by make
configure:3518: result: GNU
configure:3544: checking dependency style of i486-TSOL-linux-gnu-gcc
configure:3655: result: gcc3
configure:3700: checking build system type
configure:3714: result: i686-pc-linux-gnu
configure:3734: checking host system type
configure:3747: result: i686-pc-linux-gnu
configure:3788: checking how to print strings
configure:3815: result: printf
configure:3836: checking for a sed that does not truncate output
configure:3900: result: /usr/bin/sed
configure:3918: checking for grep that handles long lines and -e
configure:3976: result: /usr/bin/grep
configure:3981: checking for egrep
configure:4043: result: /usr/bin/grep -E
configure:4048: checking for fgrep
configure:4110: result: /usr/bin/grep -F
configure:4145: checking for ld used by i486-TSOL-linux-gnu-gcc
configure:4212: result: i486-TSOL-linux-gnu-ld
configure:4219: checking if the linker (i486-TSOL-linux-gnu-ld) is GNU ld
configure:4234: result: yes
configure:4246: checking for BSD- or MS-compatible name lister (nm)
configure:4295: result: /toolchain/i486-TSOL-linux-gnu/bin//nm -B
configure:4425: checking the name lister (/toolchain/i486-TSOL-linux-gnu/bin//nm -B) interface
configure:4432: i486-TSOL-linux-gnu-gcc -c -Os -Wall -Os -I/source/usbutils-007/usbhid-dump -I/source/usbutils-007/usbhid-dump/include -DNDEBUG  conftest.c >&5
configure:4435: /toolchain/i486-TSOL-linux-gnu/bin//nm -B "conftest.o"
configure:4438: output
00000000 B some_variable
configure:4445: result: BSD nm
configure:4448: checking whether ln -s works
configure:4452: result: yes
configure:4460: checking the maximum length of command line arguments
configure:4590: result: 1572864
configure:4607: checking whether the shell understands some XSI constructs
configure:4617: result: yes
configure:4621: checking whether the shell understands "+="
configure:4627: result: yes
configure:4662: checking how to convert i686-pc-linux-gnu file names to i686-pc-linux-gnu format
configure:4702: result: func_convert_file_noop
configure:4709: checking how to convert i686-pc-linux-gnu file names to toolchain format
configure:4729: result: func_convert_file_noop
configure:4736: checking for i486-TSOL-linux-gnu-ld option to reload object files
configure:4743: result: -r
configure:4817: checking for objdump
configure:4833: found /toolchain/i486-TSOL-linux-gnu/bin//objdump
configure:4844: result: objdump
configure:4876: checking how to recognize dependent libraries
configure:5078: result: pass_all
configure:5163: checking for dlltool
configure:5193: result: no
configure:5223: checking how to associate runtime and link libraries
configure:5250: result: printf %s\n
configure:5311: checking for ar
configure:5327: found /toolchain/i486-TSOL-linux-gnu/bin//ar
configure:5338: result: ar
configure:5375: checking for archiver @FILE support
configure:5392: i486-TSOL-linux-gnu-gcc -c -Os -Wall -Os -I/source/usbutils-007/usbhid-dump -I/source/usbutils-007/usbhid-dump/include -DNDEBUG  conftest.c >&5
configure:5392: $? = 0
configure:5395: ar cru libconftest.a @conftest.lst >&5
configure:5398: $? = 0
configure:5403: ar cru libconftest.a @conftest.lst >&5
ar: conftest.o: No such file or directory
configure:5406: $? = 1
configure:5418: result: @
configure:5476: checking for strip
configure:5492: found /toolchain/i486-TSOL-linux-gnu/bin//strip
configure:5503: result: strip
configure:5575: checking for ranlib
configure:5591: found /toolchain/i486-TSOL-linux-gnu/bin//ranlib
configure:5602: result: ranlib
configure:5704: checking command to parse /toolchain/i486-TSOL-linux-gnu/bin//nm -B output from i486-TSOL-linux-gnu-gcc object
configure:5824: i486-TSOL-linux-gnu-gcc -c -Os -Wall -Os -I/source/usbutils-007/usbhid-dump -I/source/usbutils-007/usbhid-dump/include -DNDEBUG  conftest.c >&5
configure:5827: $? = 0
configure:5831: /toolchain/i486-TSOL-linux-gnu/bin//nm -B conftest.o \| sed -n -e 's/^.*[ ]\([ABCDGIRSTW][ABCDGIRSTW]*\)[ ][ ]*\([_A-Za-z][_A-Za-z0-9]*\)$/\1 \2 \2/p' | sed '/ __gnu_lto/d' \> conftest.nm
configure:5834: $? = 0
configure:5900: i486-TSOL-linux-gnu-gcc -o conftest -Os -Wall -Os -I/source/usbutils-007/usbhid-dump -I/source/usbutils-007/usbhid-dump/include -DNDEBUG  -static-libgcc conftest.c conftstm.o >&5
configure:5903: $? = 0
configure:5941: result: ok
configure:5978: checking for sysroot
configure:6008: result: no
configure:6264: checking for mt
configure:6294: result: no
configure:6314: checking if : is a manifest tool
configure:6320: : '-?'
configure:6328: result: no
configure:6970: checking how to run the C preprocessor
configure:7001: i486-TSOL-linux-gnu-gcc -E -I/source/usbutils-007/usbhid-dump -I/source/usbutils-007/usbhid-dump/include -DNDEBUG  conftest.c
configure:7001: $? = 0
configure:7015: i486-TSOL-linux-gnu-gcc -E -I/source/usbutils-007/usbhid-dump -I/source/usbutils-007/usbhid-dump/include -DNDEBUG  conftest.c
conftest.c:11:28: fatal error: ac_nonexistent.h: No such file or directory
compilation terminated.
configure:7015: $? = 1
configure: failed program was:
| /* confdefs.h */
| #define PACKAGE_NAME "usbhid-dump"
| #define PACKAGE_TARNAME "usbhid-dump"
| #define PACKAGE_VERSION "1.3"
| #define PACKAGE_STRING "usbhid-dump 1.3"
| #define PACKAGE_BUGREPORT ""
| #define PACKAGE_URL ""
| #define PACKAGE "usbhid-dump"
| #define VERSION "1.3"
| /* end confdefs.h.  */
| #include <ac_nonexistent.h>
configure:7040: result: i486-TSOL-linux-gnu-gcc -E
configure:7060: i486-TSOL-linux-gnu-gcc -E -I/source/usbutils-007/usbhid-dump -I/source/usbutils-007/usbhid-dump/include -DNDEBUG  conftest.c
configure:7060: $? = 0
configure:7074: i486-TSOL-linux-gnu-gcc -E -I/source/usbutils-007/usbhid-dump -I/source/usbutils-007/usbhid-dump/include -DNDEBUG  conftest.c
conftest.c:11:28: fatal error: ac_nonexistent.h: No such file or directory
compilation terminated.
configure:7074: $? = 1
configure: failed program was:
| /* confdefs.h */
| #define PACKAGE_NAME "usbhid-dump"
| #define PACKAGE_TARNAME "usbhid-dump"
| #define PACKAGE_VERSION "1.3"
| #define PACKAGE_STRING "usbhid-dump 1.3"
| #define PACKAGE_BUGREPORT ""
| #define PACKAGE_URL ""
| #define PACKAGE "usbhid-dump"
| #define VERSION "1.3"
| /* end confdefs.h.  */
| #include <ac_nonexistent.h>
configure:7103: checking for ANSI C header files
configure:7123: i486-TSOL-linux-gnu-gcc -c -Os -Wall -Os -I/source/usbutils-007/usbhid-dump -I/source/usbutils-007/usbhid-dump/include -DNDEBUG  conftest.c >&5
configure:7123: $? = 0
configure:7196: i486-TSOL-linux-gnu-gcc -o conftest -Os -Wall -Os -I/source/usbutils-007/usbhid-dump -I/source/usbutils-007/usbhid-dump/include -DNDEBUG  -static-libgcc conftest.c  >&5
configure:7196: $? = 0
configure:7196: ./conftest
configure:7196: $? = 0
configure:7207: result: yes
configure:7220: checking for sys/types.h
configure:7220: i486-TSOL-linux-gnu-gcc -c -Os -Wall -Os -I/source/usbutils-007/usbhid-dump -I/source/usbutils-007/usbhid-dump/include -DNDEBUG  conftest.c >&5
configure:7220: $? = 0
configure:7220: result: yes
configure:7220: checking for sys/stat.h
configure:7220: i486-TSOL-linux-gnu-gcc -c -Os -Wall -Os -I/source/usbutils-007/usbhid-dump -I/source/usbutils-007/usbhid-dump/include -DNDEBUG  conftest.c >&5
configure:7220: $? = 0
configure:7220: result: yes
configure:7220: checking for stdlib.h
configure:7220: i486-TSOL-linux-gnu-gcc -c -Os -Wall -Os -I/source/usbutils-007/usbhid-dump -I/source/usbutils-007/usbhid-dump/include -DNDEBUG  conftest.c >&5
configure:7220: $? = 0
configure:7220: result: yes
configure:7220: checking for string.h
configure:7220: i486-TSOL-linux-gnu-gcc -c -Os -Wall -Os -I/source/usbutils-007/usbhid-dump -I/source/usbutils-007/usbhid-dump/include -DNDEBUG  conftest.c >&5
configure:7220: $? = 0
configure:7220: result: yes
configure:7220: checking for memory.h
configure:7220: i486-TSOL-linux-gnu-gcc -c -Os -Wall -Os -I/source/usbutils-007/usbhid-dump -I/source/usbutils-007/usbhid-dump/include -DNDEBUG  conftest.c >&5
configure:7220: $? = 0
configure:7220: result: yes
configure:7220: checking for strings.h
configure:7220: i486-TSOL-linux-gnu-gcc -c -Os -Wall -Os -I/source/usbutils-007/usbhid-dump -I/source/usbutils-007/usbhid-dump/include -DNDEBUG  conftest.c >&5
configure:7220: $? = 0
configure:7220: result: yes
configure:7220: checking for inttypes.h
configure:7220: i486-TSOL-linux-gnu-gcc -c -Os -Wall -Os -I/source/usbutils-007/usbhid-dump -I/source/usbutils-007/usbhid-dump/include -DNDEBUG  conftest.c >&5
configure:7220: $? = 0
configure:7220: result: yes
configure:7220: checking for stdint.h
configure:7220: i486-TSOL-linux-gnu-gcc -c -Os -Wall -Os -I/source/usbutils-007/usbhid-dump -I/source/usbutils-007/usbhid-dump/include -DNDEBUG  conftest.c >&5
configure:7220: $? = 0
configure:7220: result: yes
configure:7220: checking for unistd.h
configure:7220: i486-TSOL-linux-gnu-gcc -c -Os -Wall -Os -I/source/usbutils-007/usbhid-dump -I/source/usbutils-007/usbhid-dump/include -DNDEBUG  conftest.c >&5
configure:7220: $? = 0
configure:7220: result: yes
configure:7234: checking for dlfcn.h
configure:7234: i486-TSOL-linux-gnu-gcc -c -Os -Wall -Os -I/source/usbutils-007/usbhid-dump -I/source/usbutils-007/usbhid-dump/include -DNDEBUG  conftest.c >&5
configure:7234: $? = 0
configure:7234: result: yes
configure:7440: checking for objdir
configure:7455: result: .libs
configure:7726: checking if i486-TSOL-linux-gnu-gcc supports -fno-rtti -fno-exceptions
configure:7744: i486-TSOL-linux-gnu-gcc -c -Os -Wall -Os -I/source/usbutils-007/usbhid-dump -I/source/usbutils-007/usbhid-dump/include -DNDEBUG  -fno-rtti -fno-exceptions conftest.c >&5
cc1: warning: command line option '-fno-rtti' is valid for C++/ObjC++ but not for C [enabled by default]
configure:7748: $? = 0
configure:7761: result: no
configure:8088: checking for i486-TSOL-linux-gnu-gcc option to produce PIC
configure:8095: result: -fPIC -DPIC
configure:8103: checking if i486-TSOL-linux-gnu-gcc PIC flag -fPIC -DPIC works
configure:8121: i486-TSOL-linux-gnu-gcc -c -Os -Wall -Os -I/source/usbutils-007/usbhid-dump -I/source/usbutils-007/usbhid-dump/include -DNDEBUG  -fPIC -DPIC -DPIC conftest.c >&5
configure:8125: $? = 0
configure:8138: result: yes
configure:8167: checking if i486-TSOL-linux-gnu-gcc static flag -static works
configure:8195: result: yes
configure:8210: checking if i486-TSOL-linux-gnu-gcc supports -c -o file.o
configure:8231: i486-TSOL-linux-gnu-gcc -c -Os -Wall -Os -I/source/usbutils-007/usbhid-dump -I/source/usbutils-007/usbhid-dump/include -DNDEBUG  -o out/conftest2.o conftest.c >&5
configure:8235: $? = 0
configure:8257: result: yes
configure:8265: checking if i486-TSOL-linux-gnu-gcc supports -c -o file.o
configure:8312: result: yes
configure:8345: checking whether the i486-TSOL-linux-gnu-gcc linker (i486-TSOL-linux-gnu-ld) supports shared libraries
configure:9498: result: yes
configure:9535: checking whether -lc should be explicitly linked in
configure:9543: i486-TSOL-linux-gnu-gcc -c -Os -Wall -Os -I/source/usbutils-007/usbhid-dump -I/source/usbutils-007/usbhid-dump/include -DNDEBUG  conftest.c >&5
configure:9546: $? = 0
configure:9561: i486-TSOL-linux-gnu-gcc -shared  -fPIC -DPIC conftest.o  -v -Wl,-soname -Wl,conftest -o conftest 2\>\&1 \| /usr/bin/grep  -lc  \>/dev/null 2\>\&1
configure:9564: $? = 0
configure:9578: result: no
configure:9738: checking dynamic linker characteristics
configure:10249: i486-TSOL-linux-gnu-gcc -o conftest -Os -Wall -Os -I/source/usbutils-007/usbhid-dump -I/source/usbutils-007/usbhid-dump/include -DNDEBUG  -static-libgcc -Wl,-rpath -Wl,/foo conftest.c  >&5
configure:10249: $? = 0
configure:10471: result: GNU/Linux ld.so
configure:10578: checking how to hardcode library paths into programs
configure:10603: result: immediate
configure:11143: checking whether stripping libraries is possible
configure:11148: result: yes
configure:11183: checking if libtool supports shared libraries
configure:11185: result: yes
configure:11188: checking whether to build shared libraries
configure:11209: result: yes
configure:11212: checking whether to build static libraries
configure:11216: result: yes
configure:11310: checking for pkg-config
configure:11328: found /usr/bin/pkg-config
configure:11340: result: /usr/bin/pkg-config
configure:11365: checking pkg-config is at least version 0.9.0
configure:11368: result: yes
configure:11378: checking for LIBUSB
configure:11385: $PKG_CONFIG --exists --print-errors "libusb-1.0 >= 1.0.0"
configure:11388: $? = 0
configure:11401: $PKG_CONFIG --exists --print-errors "libusb-1.0 >= 1.0.0"
configure:11404: $? = 0
configure:11461: result: yes
configure:11510: checking for libusb_strerror
configure:11510: i486-TSOL-linux-gnu-gcc -o conftest -Os -Wall -Os -I/usr/include/libusb-1.0   -I/source/usbutils-007/usbhid-dump -I/source/usbutils-007/usbhid-dump/include -DNDEBUG  -static-libgcc conftest.c  -lusb-1.0   >&5
/tmp/cc4HFiNv.o: In function `main':
conftest.c:(.text.startup+0x10): undefined reference to `libusb_strerror'
collect2: ld returned 1 exit status
configure:11510: $? = 1
configure: failed program was:
| /* confdefs.h */
| #define PACKAGE_NAME "usbhid-dump"
| #define PACKAGE_TARNAME "usbhid-dump"
| #define PACKAGE_VERSION "1.3"
| #define PACKAGE_STRING "usbhid-dump 1.3"
| #define PACKAGE_BUGREPORT ""
| #define PACKAGE_URL ""
| #define PACKAGE "usbhid-dump"
| #define VERSION "1.3"
| #define STDC_HEADERS 1
| #define HAVE_SYS_TYPES_H 1
| #define HAVE_SYS_STAT_H 1
| #define HAVE_STDLIB_H 1
| #define HAVE_STRING_H 1
| #define HAVE_MEMORY_H 1
| #define HAVE_STRINGS_H 1
| #define HAVE_INTTYPES_H 1
| #define HAVE_STDINT_H 1
| #define HAVE_UNISTD_H 1
| #define HAVE_DLFCN_H 1
| #define LT_OBJDIR ".libs/"
| /* end confdefs.h.  */
| /* Define libusb_strerror to an innocuous variant, in case <limits.h> declares libusb_strerror.
|    For example, HP-UX 11i <limits.h> declares gettimeofday.  */
| #define libusb_strerror innocuous_libusb_strerror
| 
| /* System header to define __stub macros and hopefully few prototypes,
|     which can conflict with char libusb_strerror (); below.
|     Prefer <limits.h> to <assert.h> if __STDC__ is defined, since
|     <limits.h> exists even on freestanding compilers.  */
| 
| #ifdef __STDC__
| # include <limits.h>
| #else
| # include <assert.h>
| #endif
| 
| #undef libusb_strerror
| 
| /* Override any GCC internal prototype to avoid an error.
|    Use char because int might match the return type of a GCC
|    builtin and then its argument prototype would still apply.  */
| #ifdef __cplusplus
| extern "C"
| #endif
| char libusb_strerror ();
| /* The GNU C library defines this for functions which it implements
|     to always fail with ENOSYS.  Some functions are actually named
|     something starting with __ and the normal name is an alias.  */
| #if defined __stub_libusb_strerror || defined __stub___libusb_strerror
| choke me
| #endif
| 
| int
| main ()
| {
| return libusb_strerror ();
|   ;
|   return 0;
| }
configure:11510: result: no
configure:11634: checking that generated files are newer than configure
configure:11640: result: done
configure:11667: creating ./config.status

## ---------------------- ##
## Running config.status. ##
## ---------------------- ##

This file was extended by usbhid-dump config.status 1.3, which was
generated by GNU Autoconf 2.69.  Invocation command line was

  CONFIG_FILES    = 
  CONFIG_HEADERS  = 
  CONFIG_LINKS    = 
  CONFIG_COMMANDS = 
  $ ./config.status 

on ubuntu4

config.status:1086: creating Makefile
config.status:1086: creating include/Makefile
config.status:1086: creating include/uhd/Makefile
config.status:1086: creating lib/Makefile
config.status:1086: creating src/Makefile
config.status:1086: creating doc/Makefile
config.status:1086: creating config.h
config.status:1315: executing depfiles commands
config.status:1315: executing libtool commands

## ---------------- ##
## Cache variables. ##
## ---------------- ##

ac_cv_build=i686-pc-linux-gnu
ac_cv_c_compiler_gnu=yes
ac_cv_env_CC_set=set
ac_cv_env_CC_value=i486-TSOL-linux-gnu-gcc
ac_cv_env_CFLAGS_set=set
ac_cv_env_CFLAGS_value=-Os
ac_cv_env_CPPFLAGS_set=
ac_cv_env_CPPFLAGS_value=
ac_cv_env_CPP_set=
ac_cv_env_CPP_value=
ac_cv_env_LDFLAGS_set=set
ac_cv_env_LDFLAGS_value=-static-libgcc
ac_cv_env_LIBS_set=
ac_cv_env_LIBS_value=
ac_cv_env_LIBUSB_CFLAGS_set=
ac_cv_env_LIBUSB_CFLAGS_value=
ac_cv_env_LIBUSB_LIBS_set=
ac_cv_env_LIBUSB_LIBS_value=
ac_cv_env_PKG_CONFIG_LIBDIR_set=
ac_cv_env_PKG_CONFIG_LIBDIR_value=
ac_cv_env_PKG_CONFIG_PATH_set=set
ac_cv_env_PKG_CONFIG_PATH_value=/usr/xorg/lib/pkgconfig:/usr/xorg/share/pkgconfig:
ac_cv_env_PKG_CONFIG_set=
ac_cv_env_PKG_CONFIG_value=
ac_cv_env_build_alias_set=
ac_cv_env_build_alias_value=
ac_cv_env_host_alias_set=
ac_cv_env_host_alias_value=
ac_cv_env_target_alias_set=
ac_cv_env_target_alias_value=
ac_cv_func_libusb_strerror=no
ac_cv_header_dlfcn_h=yes
ac_cv_header_inttypes_h=yes
ac_cv_header_memory_h=yes
ac_cv_header_stdc=yes
ac_cv_header_stdint_h=yes
ac_cv_header_stdlib_h=yes
ac_cv_header_string_h=yes
ac_cv_header_strings_h=yes
ac_cv_header_sys_stat_h=yes
ac_cv_header_sys_types_h=yes
ac_cv_header_unistd_h=yes
ac_cv_host=i686-pc-linux-gnu
ac_cv_objext=o
ac_cv_path_EGREP='/usr/bin/grep -E'
ac_cv_path_FGREP='/usr/bin/grep -F'
ac_cv_path_GREP=/usr/bin/grep
ac_cv_path_SED=/usr/bin/sed
ac_cv_path_ac_pt_PKG_CONFIG=/usr/bin/pkg-config
ac_cv_path_install='/bin/install -c'
ac_cv_path_mkdir=/bin/mkdir
ac_cv_prog_AWK=gawk
ac_cv_prog_CPP='i486-TSOL-linux-gnu-gcc -E'
ac_cv_prog_ac_ct_AR=ar
ac_cv_prog_ac_ct_CC=i486-TSOL-linux-gnu-gcc
ac_cv_prog_ac_ct_OBJDUMP=objdump
ac_cv_prog_ac_ct_RANLIB=ranlib
ac_cv_prog_ac_ct_STRIP=strip
ac_cv_prog_cc_c89=
ac_cv_prog_cc_g=yes
ac_cv_prog_make_make_set=yes
am_cv_CC_dependencies_compiler_type=gcc3
lt_cv_ar_at_file=@
lt_cv_archive_cmds_need_lc=no
lt_cv_deplibs_check_method=pass_all
lt_cv_file_magic_cmd='$MAGIC_CMD'
lt_cv_file_magic_test_file=
lt_cv_ld_reload_flag=-r
lt_cv_nm_interface='BSD nm'
lt_cv_objdir=.libs
lt_cv_path_LD=i486-TSOL-linux-gnu-ld
lt_cv_path_NM='/toolchain/i486-TSOL-linux-gnu/bin//nm -B'
lt_cv_path_mainfest_tool=no
lt_cv_prog_compiler_c_o=yes
lt_cv_prog_compiler_pic='-fPIC -DPIC'
lt_cv_prog_compiler_pic_works=yes
lt_cv_prog_compiler_rtti_exceptions=no
lt_cv_prog_compiler_static_works=yes
lt_cv_prog_gnu_ld=yes
lt_cv_sharedlib_from_linklib_cmd='printf %s\n'
lt_cv_shlibpath_overrides_runpath=yes
lt_cv_sys_global_symbol_pipe='sed -n -e '\''s/^.*[	 ]\([ABCDGIRSTW][ABCDGIRSTW]*\)[	 ][	 ]*\([_A-Za-z][_A-Za-z0-9]*\)$/\1 \2 \2/p'\'' | sed '\''/ __gnu_lto/d'\'''
lt_cv_sys_global_symbol_to_c_name_address='sed -n -e '\''s/^: \([^ ]*\)[ ]*$/  {\"\1\", (void *) 0},/p'\'' -e '\''s/^[ABCDGIRSTW]* \([^ ]*\) \([^ ]*\)$/  {"\2", (void *) \&\2},/p'\'''
lt_cv_sys_global_symbol_to_c_name_address_lib_prefix='sed -n -e '\''s/^: \([^ ]*\)[ ]*$/  {\"\1\", (void *) 0},/p'\'' -e '\''s/^[ABCDGIRSTW]* \([^ ]*\) \(lib[^ ]*\)$/  {"\2", (void *) \&\2},/p'\'' -e '\''s/^[ABCDGIRSTW]* \([^ ]*\) \([^ ]*\)$/  {"lib\2", (void *) \&\2},/p'\'''
lt_cv_sys_global_symbol_to_cdecl='sed -n -e '\''s/^T .* \(.*\)$/extern int \1();/p'\'' -e '\''s/^[ABCDGIRSTW]* .* \(.*\)$/extern char \1;/p'\'''
lt_cv_sys_max_cmd_len=1572864
lt_cv_to_host_file_cmd=func_convert_file_noop
lt_cv_to_tool_file_cmd=func_convert_file_noop
pkg_cv_LIBUSB_CFLAGS='-I/usr/include/libusb-1.0  '
pkg_cv_LIBUSB_LIBS='-lusb-1.0  '

## ----------------- ##
## Output variables. ##
## ----------------- ##

ACLOCAL='${SHELL} /source/usbutils-007/usbhid-dump/auxdir/missing --run aclocal-1.12'
AMDEPBACKSLASH='\'
AMDEP_FALSE='#'
AMDEP_TRUE=''
AMTAR='$${TAR-tar}'
AR='ar'
AUTOCONF='${SHELL} /source/usbutils-007/usbhid-dump/auxdir/missing --run autoconf'
AUTOHEADER='${SHELL} /source/usbutils-007/usbhid-dump/auxdir/missing --run autoheader'
AUTOMAKE='${SHELL} /source/usbutils-007/usbhid-dump/auxdir/missing --run automake-1.12'
AWK='gawk'
CC='i486-TSOL-linux-gnu-gcc'
CCDEPMODE='depmode=gcc3'
CFLAGS='-Os -Wall -Os -I/usr/include/libusb-1.0  '
CPP='i486-TSOL-linux-gnu-gcc -E'
CPPFLAGS='-I/source/usbutils-007/usbhid-dump -I/source/usbutils-007/usbhid-dump/include -DNDEBUG '
CYGPATH_W='echo'
DEFS='-DHAVE_CONFIG_H'
DEPDIR='.deps'
DLLTOOL='false'
DSYMUTIL=''
DUMPBIN=''
ECHO_C=''
ECHO_N='-n'
ECHO_T=''
EGREP='/usr/bin/grep -E'
EXEEXT=''
FGREP='/usr/bin/grep -F'
GREP='/usr/bin/grep'
INSTALL_DATA='${INSTALL} -m 644'
INSTALL_PROGRAM='${INSTALL}'
INSTALL_SCRIPT='${INSTALL}'
INSTALL_STRIP_PROGRAM='$(install_sh) -c -s'
LD='i486-TSOL-linux-gnu-ld'
LDFLAGS='-static-libgcc'
LIBOBJS=''
LIBS=' -lusb-1.0  '
LIBTOOL='$(SHELL) $(top_builddir)/libtool'
LIBUSB_CFLAGS='-I/usr/include/libusb-1.0  '
LIBUSB_LIBS='-lusb-1.0  '
LIPO=''
LN_S='ln -s'
LTLIBOBJS=''
MAINT='#'
MAINTAINER_MODE_FALSE=''
MAINTAINER_MODE_TRUE='#'
MAKEINFO='${SHELL} /source/usbutils-007/usbhid-dump/auxdir/missing --run makeinfo'
MANIFEST_TOOL=':'
MKDIR_P='/bin/mkdir -p'
NM='/toolchain/i486-TSOL-linux-gnu/bin//nm -B'
NMEDIT=''
OBJDUMP='objdump'
OBJEXT='o'
OTOOL64=''
OTOOL=''
PACKAGE='usbhid-dump'
PACKAGE_BUGREPORT=''
PACKAGE_NAME='usbhid-dump'
PACKAGE_STRING='usbhid-dump 1.3'
PACKAGE_TARNAME='usbhid-dump'
PACKAGE_URL=''
PACKAGE_VERSION='1.3'
PATH_SEPARATOR=':'
PKG_CONFIG='/usr/bin/pkg-config'
PKG_CONFIG_LIBDIR=''
PKG_CONFIG_PATH='/usr/xorg/lib/pkgconfig:/usr/xorg/share/pkgconfig:'
RANLIB='ranlib'
SED='/usr/bin/sed'
SET_MAKE=''
SHELL='/bin/sh'
STRIP='strip'
VERSION='1.3'
ac_ct_AR='ar'
ac_ct_CC='i486-TSOL-linux-gnu-gcc'
ac_ct_DUMPBIN=''
am__EXEEXT_FALSE=''
am__EXEEXT_TRUE='#'
am__fastdepCC_FALSE='#'
am__fastdepCC_TRUE=''
am__include='include'
am__isrc=''
am__leading_dot='.'
am__nodep='_no'
am__quote=''
am__tar='$${TAR-tar} chof - "$$tardir"'
am__untar='$${TAR-tar} xf -'
bindir='${exec_prefix}/bin'
build='i686-pc-linux-gnu'
build_alias=''
build_cpu='i686'
build_os='linux-gnu'
build_vendor='pc'
datadir='${datarootdir}'
datarootdir='${prefix}/share'
docdir='${datarootdir}/doc/${PACKAGE_TARNAME}'
dvidir='${docdir}'
exec_prefix='${prefix}'
host='i686-pc-linux-gnu'
host_alias=''
host_cpu='i686'
host_os='linux-gnu'
host_vendor='pc'
htmldir='${docdir}'
includedir='${prefix}/include'
infodir='${datarootdir}/info'
install_sh='${SHELL} /source/usbutils-007/usbhid-dump/auxdir/install-sh'
libdir='${exec_prefix}/lib'
libexecdir='${exec_prefix}/libexec'
localedir='${datarootdir}/locale'
localstatedir='${prefix}/var'
mandir='${datarootdir}/man'
mkdir_p='/bin/mkdir -p'
oldincludedir='/usr/include'
pdfdir='${docdir}'
prefix='/usr'
program_transform_name='s,x,x,'
psdir='${docdir}'
sbindir='${exec_prefix}/sbin'
sharedstatedir='${prefix}/com'
sysconfdir='${prefix}/etc'
target_alias=''

## ----------- ##
## confdefs.h. ##
## ----------- ##

/* confdefs.h */
#define PACKAGE_NAME "usbhid-dump"
#define PACKAGE_TARNAME "usbhid-dump"
#define PACKAGE_VERSION "1.3"
#define PACKAGE_STRING "usbhid-dump 1.3"
#define PACKAGE_BUGREPORT ""
#define PACKAGE_URL ""
#define PACKAGE "usbhid-dump"
#define VERSION "1.3"
#define STDC_HEADERS 1
#define HAVE_SYS_TYPES_H 1
#define HAVE_SYS_STAT_H 1
#define HAVE_STDLIB_H 1
#define HAVE_STRING_H 1
#define HAVE_MEMORY_H 1
#define HAVE_STRINGS_H 1
#define HAVE_INTTYPES_H 1
#define HAVE_STDINT_H 1
#define HAVE_UNISTD_H 1
#define HAVE_DLFCN_H 1
#define LT_OBJDIR ".libs/"

configure: exit 0
