This file contains any messages produced by compilers while
running configure, to aid debugging if configure makes a mistake.

It was created by configure, which was
generated by GNU Autoconf 2.67.  Invocation command line was

  $ ./configure --prefix=/

## --------- ##
## Platform. ##
## --------- ##

hostname = ubuntu4
uname -m = i686
uname -r = 3.2.16-030216-generic
uname -s = Linux
uname -v = #201204221935 SMP Sun Apr 22 23:42:49 UTC 2012

/usr/bin/uname -p = unknown
/bin/uname -X     = unknown

/bin/arch              = unknown
/usr/bin/arch -k       = unknown
/usr/convex/getsysinfo = unknown
/usr/bin/hostinfo      = unknown
/bin/machine           = unknown
/usr/bin/oslevel       = unknown
/bin/universe          = unknown

PATH: /source/docbook-xsl-1.76.1/tools/bin
PATH: /bin
PATH: /sbin
PATH: /usr/bin
PATH: /usr/sbin
PATH: /usr/bin/X11
PATH: /usr/local/bin
PATH: /toolchain/bin
PATH: /toolchain/i486-TSOL-linux-gnu/bin/
PATH: /root/.local/bin
PATH: /usr/xorg/bin


## ----------- ##
## Core tests. ##
## ----------- ##

configure:2343: checking for a BSD-compatible install
configure:2411: result: /bin/install -c
configure:2422: checking whether build environment is sane
configure:2472: result: yes
configure:2613: checking for a thread-safe mkdir -p
configure:2652: result: /bin/mkdir -p
configure:2665: checking for gawk
configure:2681: found /usr/bin/gawk
configure:2692: result: gawk
configure:2703: checking whether make sets $(MAKE)
configure:2725: result: yes
configure:2853: checking for gcc
configure:2880: result: i486-TSOL-linux-gnu-gcc
configure:3109: checking for C compiler version
configure:3118: i486-TSOL-linux-gnu-gcc --version >&5
i486-TSOL-linux-gnu-gcc (crosstool-NG 1.15.2) 4.6.3
Copyright (C) 2011 Free Software Foundation, Inc.
This is free software; see the source for copying conditions.  There is NO
warranty; not even for MERCHANTABILITY or FITNESS FOR A PARTICULAR PURPOSE.

configure:3129: $? = 0
configure:3118: i486-TSOL-linux-gnu-gcc -v >&5
Using built-in specs.
COLLECT_GCC=i486-TSOL-linux-gnu-gcc
COLLECT_LTO_WRAPPER=/toolchain/libexec/gcc/i486-TSOL-linux-gnu/4.6.3/lto-wrapper
Target: i486-TSOL-linux-gnu
Configured with: /TSOL/crosstool-ng-1.15.2/bin/.build/src/gcc-4.6.3/configure --build=i686-build_pc-linux-gnu --host=i686-build_pc-linux-gnu --target=i486-TSOL-linux-gnu --prefix=/toolchain --with-sysroot=/toolchain/i486-TSOL-linux-gnu/sysroot --enable-languages=c,c++ --with-arch=i486 --with-pkgversion='crosstool-NG 1.15.2' --enable-__cxa_atexit --disable-libmudflap --disable-libgomp --disable-libssp --with-gmp=/TSOL/crosstool-ng-1.15.2/bin/.build/i486-TSOL-linux-gnu/buildtools --with-mpfr=/TSOL/crosstool-ng-1.15.2/bin/.build/i486-TSOL-linux-gnu/buildtools --with-mpc=/TSOL/crosstool-ng-1.15.2/bin/.build/i486-TSOL-linux-gnu/buildtools --with-ppl=/TSOL/crosstool-ng-1.15.2/bin/.build/i486-TSOL-linux-gnu/buildtools --with-cloog=/TSOL/crosstool-ng-1.15.2/bin/.build/i486-TSOL-linux-gnu/buildtools --with-libelf=no --with-host-libstdcxx='-static-libgcc -Wl,-Bstatic,-lstdc++,-Bdynamic -lm -L/TSOL/crosstool-ng-1.15.2/bin/.build/i486-TSOL-linux-gnu/buildtools/lib -lpwl' --enable-threads=posix --enable-target-optspace --disable-multilib --with-local-prefix=/toolchain/i486-TSOL-linux-gnu/sysroot --enable-c99 --enable-long-long
Thread model: posix
gcc version 4.6.3 (crosstool-NG 1.15.2) 
configure:3129: $? = 0
configure:3118: i486-TSOL-linux-gnu-gcc -V >&5
i486-TSOL-linux-gnu-gcc: error: unrecognized option '-V'
i486-TSOL-linux-gnu-gcc: fatal error: no input files
compilation terminated.
configure:3129: $? = 1
configure:3118: i486-TSOL-linux-gnu-gcc -qversion >&5
i486-TSOL-linux-gnu-gcc: error: unrecognized option '-qversion'
i486-TSOL-linux-gnu-gcc: fatal error: no input files
compilation terminated.
configure:3129: $? = 1
configure:3149: checking whether the C compiler works
configure:3171: i486-TSOL-linux-gnu-gcc -O2  -static-libgcc conftest.c  >&5
configure:3175: $? = 0
configure:3223: result: yes
configure:3226: checking for C compiler default output file name
configure:3228: result: a.out
configure:3234: checking for suffix of executables
configure:3241: i486-TSOL-linux-gnu-gcc -o conftest -O2  -static-libgcc conftest.c  >&5
configure:3245: $? = 0
configure:3267: result: 
configure:3289: checking whether we are cross compiling
configure:3297: i486-TSOL-linux-gnu-gcc -o conftest -O2  -static-libgcc conftest.c  >&5
configure:3301: $? = 0
configure:3308: ./conftest
configure:3312: $? = 0
configure:3327: result: no
configure:3332: checking for suffix of object files
configure:3354: i486-TSOL-linux-gnu-gcc -c -O2  conftest.c >&5
configure:3358: $? = 0
configure:3379: result: o
configure:3383: checking whether we are using the GNU C compiler
configure:3402: i486-TSOL-linux-gnu-gcc -c -O2  conftest.c >&5
configure:3402: $? = 0
configure:3411: result: yes
configure:3420: checking whether i486-TSOL-linux-gnu-gcc accepts -g
configure:3440: i486-TSOL-linux-gnu-gcc -c -g  conftest.c >&5
configure:3440: $? = 0
configure:3481: result: yes
configure:3498: checking for i486-TSOL-linux-gnu-gcc option to accept ISO C89
configure:3562: i486-TSOL-linux-gnu-gcc  -c -O2  conftest.c >&5
configure:3562: $? = 0
configure:3575: result: none needed
configure:3606: checking for style of include used by make
configure:3634: result: GNU
configure:3659: checking dependency style of i486-TSOL-linux-gnu-gcc
configure:3769: result: gcc3
configure:3813: checking build system type
configure:3827: result: i686-pc-linux-gnu
configure:3847: checking host system type
configure:3860: result: i686-pc-linux-gnu
configure:3880: checking for a sed that does not truncate output
configure:3944: result: /usr/bin/sed
configure:3962: checking for grep that handles long lines and -e
configure:4020: result: /usr/bin/grep
configure:4025: checking for egrep
configure:4087: result: /usr/bin/grep -E
configure:4092: checking for fgrep
configure:4154: result: /usr/bin/grep -F
configure:4189: checking for ld used by i486-TSOL-linux-gnu-gcc
configure:4256: result: i486-TSOL-linux-gnu-ld
configure:4263: checking if the linker (i486-TSOL-linux-gnu-ld) is GNU ld
configure:4278: result: yes
configure:4290: checking for BSD- or MS-compatible name lister (nm)
configure:4339: result: /toolchain/i486-TSOL-linux-gnu/bin//nm -B
configure:4457: checking the name lister (/toolchain/i486-TSOL-linux-gnu/bin//nm -B) interface
configure:4464: i486-TSOL-linux-gnu-gcc -c -O2  conftest.c >&5
configure:4467: /toolchain/i486-TSOL-linux-gnu/bin//nm -B "conftest.o"
configure:4470: output
00000000 B some_variable
configure:4477: result: BSD nm
configure:4480: checking whether ln -s works
configure:4484: result: yes
configure:4492: checking the maximum length of command line arguments
configure:4612: result: 1572864
configure:4629: checking whether the shell understands some XSI constructs
configure:4639: result: yes
configure:4643: checking whether the shell understands "+="
configure:4649: result: yes
configure:4684: checking for i486-TSOL-linux-gnu-ld option to reload object files
configure:4691: result: -r
configure:4760: checking for objdump
configure:4776: found /toolchain/i486-TSOL-linux-gnu/bin//objdump
configure:4787: result: objdump
configure:4819: checking how to recognize dependent libraries
configure:5015: result: pass_all
configure:5075: checking for ar
configure:5091: found /toolchain/i486-TSOL-linux-gnu/bin//ar
configure:5102: result: ar
configure:5180: checking for strip
configure:5196: found /toolchain/i486-TSOL-linux-gnu/bin//strip
configure:5207: result: strip
configure:5279: checking for ranlib
configure:5295: found /toolchain/i486-TSOL-linux-gnu/bin//ranlib
configure:5306: result: ranlib
configure:5396: checking command to parse /toolchain/i486-TSOL-linux-gnu/bin//nm -B output from i486-TSOL-linux-gnu-gcc object
configure:5514: i486-TSOL-linux-gnu-gcc -c -O2  conftest.c >&5
configure:5517: $? = 0
configure:5521: /toolchain/i486-TSOL-linux-gnu/bin//nm -B conftest.o \| sed -n -e 's/^.*[	 ]\([ABCDGIRSTW][ABCDGIRSTW]*\)[	 ][	 ]*\([_A-Za-z][_A-Za-z0-9]*\)$/\1 \2 \2/p' \> conftest.nm
configure:5524: $? = 0
configure:5578: i486-TSOL-linux-gnu-gcc -o conftest -O2  -static-libgcc conftest.c conftstm.o >&5
configure:5581: $? = 0
configure:5619: result: ok
configure:6428: checking how to run the C preprocessor
configure:6459: i486-TSOL-linux-gnu-gcc -E  conftest.c
configure:6459: $? = 0
configure:6473: i486-TSOL-linux-gnu-gcc -E  conftest.c
conftest.c:11:28: fatal error: ac_nonexistent.h: No such file or directory
compilation terminated.
configure:6473: $? = 1
configure: failed program was:
| /* confdefs.h */
| #define PACKAGE_NAME ""
| #define PACKAGE_TARNAME ""
| #define PACKAGE_VERSION ""
| #define PACKAGE_STRING ""
| #define PACKAGE_BUGREPORT ""
| #define PACKAGE_URL ""
| #define PACKAGE "ser2net"
| #define VERSION "2.8-rc3"
| /* end confdefs.h.  */
| #include <ac_nonexistent.h>
configure:6498: result: i486-TSOL-linux-gnu-gcc -E
configure:6518: i486-TSOL-linux-gnu-gcc -E  conftest.c
configure:6518: $? = 0
configure:6532: i486-TSOL-linux-gnu-gcc -E  conftest.c
conftest.c:11:28: fatal error: ac_nonexistent.h: No such file or directory
compilation terminated.
configure:6532: $? = 1
configure: failed program was:
| /* confdefs.h */
| #define PACKAGE_NAME ""
| #define PACKAGE_TARNAME ""
| #define PACKAGE_VERSION ""
| #define PACKAGE_STRING ""
| #define PACKAGE_BUGREPORT ""
| #define PACKAGE_URL ""
| #define PACKAGE "ser2net"
| #define VERSION "2.8-rc3"
| /* end confdefs.h.  */
| #include <ac_nonexistent.h>
configure:6561: checking for ANSI C header files
configure:6581: i486-TSOL-linux-gnu-gcc -c -O2  conftest.c >&5
configure:6581: $? = 0
configure:6654: i486-TSOL-linux-gnu-gcc -o conftest -O2  -static-libgcc conftest.c  >&5
configure:6654: $? = 0
configure:6654: ./conftest
configure:6654: $? = 0
configure:6665: result: yes
configure:6678: checking for sys/types.h
configure:6678: i486-TSOL-linux-gnu-gcc -c -O2  conftest.c >&5
configure:6678: $? = 0
configure:6678: result: yes
configure:6678: checking for sys/stat.h
configure:6678: i486-TSOL-linux-gnu-gcc -c -O2  conftest.c >&5
configure:6678: $? = 0
configure:6678: result: yes
configure:6678: checking for stdlib.h
configure:6678: i486-TSOL-linux-gnu-gcc -c -O2  conftest.c >&5
configure:6678: $? = 0
configure:6678: result: yes
configure:6678: checking for string.h
configure:6678: i486-TSOL-linux-gnu-gcc -c -O2  conftest.c >&5
configure:6678: $? = 0
configure:6678: result: yes
configure:6678: checking for memory.h
configure:6678: i486-TSOL-linux-gnu-gcc -c -O2  conftest.c >&5
configure:6678: $? = 0
configure:6678: result: yes
configure:6678: checking for strings.h
configure:6678: i486-TSOL-linux-gnu-gcc -c -O2  conftest.c >&5
configure:6678: $? = 0
configure:6678: result: yes
configure:6678: checking for inttypes.h
configure:6678: i486-TSOL-linux-gnu-gcc -c -O2  conftest.c >&5
configure:6678: $? = 0
configure:6678: result: yes
configure:6678: checking for stdint.h
configure:6678: i486-TSOL-linux-gnu-gcc -c -O2  conftest.c >&5
configure:6678: $? = 0
configure:6678: result: yes
configure:6678: checking for unistd.h
configure:6678: i486-TSOL-linux-gnu-gcc -c -O2  conftest.c >&5
configure:6678: $? = 0
configure:6678: result: yes
configure:6692: checking for dlfcn.h
configure:6692: i486-TSOL-linux-gnu-gcc -c -O2  conftest.c >&5
configure:6692: $? = 0
configure:6692: result: yes
configure:6876: checking for objdir
configure:6891: result: .libs
configure:7183: checking if i486-TSOL-linux-gnu-gcc supports -fno-rtti -fno-exceptions
configure:7201: i486-TSOL-linux-gnu-gcc -c -O2  -fno-rtti -fno-exceptions conftest.c >&5
cc1: warning: command line option '-fno-rtti' is valid for C++/ObjC++ but not for C [enabled by default]
configure:7205: $? = 0
configure:7218: result: no
configure:7238: checking for i486-TSOL-linux-gnu-gcc option to produce PIC
configure:7510: result: -fPIC -DPIC
configure:7522: checking if i486-TSOL-linux-gnu-gcc PIC flag -fPIC -DPIC works
configure:7540: i486-TSOL-linux-gnu-gcc -c -O2  -fPIC -DPIC -DPIC conftest.c >&5
configure:7544: $? = 0
configure:7557: result: yes
configure:7581: checking if i486-TSOL-linux-gnu-gcc static flag -static works
configure:7609: result: yes
configure:7624: checking if i486-TSOL-linux-gnu-gcc supports -c -o file.o
configure:7645: i486-TSOL-linux-gnu-gcc -c -O2  -o out/conftest2.o conftest.c >&5
configure:7649: $? = 0
configure:7671: result: yes
configure:7679: checking if i486-TSOL-linux-gnu-gcc supports -c -o file.o
configure:7726: result: yes
configure:7759: checking whether the i486-TSOL-linux-gnu-gcc linker (i486-TSOL-linux-gnu-ld) supports shared libraries
configure:8750: result: yes
configure:8787: checking whether -lc should be explicitly linked in
configure:8792: i486-TSOL-linux-gnu-gcc -c -O2  conftest.c >&5
configure:8795: $? = 0
configure:8810: i486-TSOL-linux-gnu-gcc -shared conftest.o  -v -Wl,-soname -Wl,conftest -o conftest 2\>\&1 \| /usr/bin/grep  -lc  \>/dev/null 2\>\&1
configure:8813: $? = 0
configure:8825: result: no
configure:8989: checking dynamic linker characteristics
configure:9422: i486-TSOL-linux-gnu-gcc -o conftest -O2  -static-libgcc -Wl,-rpath -Wl,/foo conftest.c  >&5
configure:9422: $? = 0
configure:9652: result: GNU/Linux ld.so
configure:9754: checking how to hardcode library paths into programs
configure:9779: result: immediate
configure:10299: checking whether stripping libraries is possible
configure:10304: result: yes
configure:10339: checking if libtool supports shared libraries
configure:10341: result: yes
configure:10344: checking whether to build shared libraries
configure:10365: result: yes
configure:10368: checking whether to build static libraries
configure:10372: result: yes
configure:10481: checking for ANSI C header files
configure:10585: result: yes
configure:10593: checking for main in -lnsl
configure:10612: i486-TSOL-linux-gnu-gcc -o conftest -O2  -static-libgcc conftest.c -lnsl   >&5
configure:10612: $? = 0
configure:10621: result: yes
configure:10789: creating ./config.status

## ---------------------- ##
## Running config.status. ##
## ---------------------- ##

This file was extended by config.status, which was
generated by GNU Autoconf 2.67.  Invocation command line was

  CONFIG_FILES    = 
  CONFIG_HEADERS  = 
  CONFIG_LINKS    = 
  CONFIG_COMMANDS = 
  $ ./config.status 

on ubuntu4

config.status:989: creating Makefile
config.status:989: creating ser2net.spec
config.status:1160: executing depfiles commands
config.status:1160: executing libtool commands

## ---------------- ##
## Cache variables. ##
## ---------------- ##

ac_cv_build=i686-pc-linux-gnu
ac_cv_c_compiler_gnu=yes
ac_cv_env_CC_set=set
ac_cv_env_CC_value=i486-TSOL-linux-gnu-gcc
ac_cv_env_CFLAGS_set=set
ac_cv_env_CFLAGS_value=-O2
ac_cv_env_CPPFLAGS_set=
ac_cv_env_CPPFLAGS_value=
ac_cv_env_CPP_set=
ac_cv_env_CPP_value=
ac_cv_env_LDFLAGS_set=set
ac_cv_env_LDFLAGS_value=-static-libgcc
ac_cv_env_LIBS_set=
ac_cv_env_LIBS_value=
ac_cv_env_build_alias_set=
ac_cv_env_build_alias_value=
ac_cv_env_host_alias_set=
ac_cv_env_host_alias_value=
ac_cv_env_target_alias_set=
ac_cv_env_target_alias_value=
ac_cv_header_dlfcn_h=yes
ac_cv_header_inttypes_h=yes
ac_cv_header_memory_h=yes
ac_cv_header_stdc=yes
ac_cv_header_stdint_h=yes
ac_cv_header_stdlib_h=yes
ac_cv_header_string_h=yes
ac_cv_header_strings_h=yes
ac_cv_header_sys_stat_h=yes
ac_cv_header_sys_types_h=yes
ac_cv_header_unistd_h=yes
ac_cv_host=i686-pc-linux-gnu
ac_cv_lib_nsl_main=yes
ac_cv_objext=o
ac_cv_path_EGREP='/usr/bin/grep -E'
ac_cv_path_FGREP='/usr/bin/grep -F'
ac_cv_path_GREP=/usr/bin/grep
ac_cv_path_SED=/usr/bin/sed
ac_cv_path_install='/bin/install -c'
ac_cv_path_mkdir=/bin/mkdir
ac_cv_prog_AWK=gawk
ac_cv_prog_CPP='i486-TSOL-linux-gnu-gcc -E'
ac_cv_prog_ac_ct_AR=ar
ac_cv_prog_ac_ct_CC=i486-TSOL-linux-gnu-gcc
ac_cv_prog_ac_ct_OBJDUMP=objdump
ac_cv_prog_ac_ct_RANLIB=ranlib
ac_cv_prog_ac_ct_STRIP=strip
ac_cv_prog_cc_c89=
ac_cv_prog_cc_g=yes
ac_cv_prog_make_make_set=yes
am_cv_CC_dependencies_compiler_type=gcc3
lt_cv_deplibs_check_method=pass_all
lt_cv_file_magic_cmd='$MAGIC_CMD'
lt_cv_file_magic_test_file=
lt_cv_ld_reload_flag=-r
lt_cv_nm_interface='BSD nm'
lt_cv_objdir=.libs
lt_cv_path_LD=i486-TSOL-linux-gnu-ld
lt_cv_path_NM='/toolchain/i486-TSOL-linux-gnu/bin//nm -B'
lt_cv_prog_compiler_c_o=yes
lt_cv_prog_compiler_pic_works=yes
lt_cv_prog_compiler_rtti_exceptions=no
lt_cv_prog_compiler_static_works=yes
lt_cv_prog_gnu_ld=yes
lt_cv_sys_global_symbol_pipe='sed -n -e '\''s/^.*[	 ]\([ABCDGIRSTW][ABCDGIRSTW]*\)[	 ][	 ]*\([_A-Za-z][_A-Za-z0-9]*\)$/\1 \2 \2/p'\'''
lt_cv_sys_global_symbol_to_c_name_address='sed -n -e '\''s/^: \([^ ]*\) $/  {\"\1\", (void *) 0},/p'\'' -e '\''s/^[ABCDGIRSTW]* \([^ ]*\) \([^ ]*\)$/  {"\2", (void *) \&\2},/p'\'''
lt_cv_sys_global_symbol_to_c_name_address_lib_prefix='sed -n -e '\''s/^: \([^ ]*\) $/  {\"\1\", (void *) 0},/p'\'' -e '\''s/^[ABCDGIRSTW]* \([^ ]*\) \(lib[^ ]*\)$/  {"\2", (void *) \&\2},/p'\'' -e '\''s/^[ABCDGIRSTW]* \([^ ]*\) \([^ ]*\)$/  {"lib\2", (void *) \&\2},/p'\'''
lt_cv_sys_global_symbol_to_cdecl='sed -n -e '\''s/^T .* \(.*\)$/extern int \1();/p'\'' -e '\''s/^[ABCDGIRSTW]* .* \(.*\)$/extern char \1;/p'\'''
lt_cv_sys_max_cmd_len=1572864

## ----------------- ##
## Output variables. ##
## ----------------- ##

ACLOCAL='${SHELL} /source/ser2net-2.8-rc3/missing --run aclocal-1.11'
AMDEPBACKSLASH='\'
AMDEP_FALSE='#'
AMDEP_TRUE=''
AMTAR='${SHELL} /source/ser2net-2.8-rc3/missing --run tar'
AR='ar'
AUTOCONF='${SHELL} /source/ser2net-2.8-rc3/missing --run autoconf'
AUTOHEADER='${SHELL} /source/ser2net-2.8-rc3/missing --run autoheader'
AUTOMAKE='${SHELL} /source/ser2net-2.8-rc3/missing --run automake-1.11'
AWK='gawk'
CC='i486-TSOL-linux-gnu-gcc'
CCDEPMODE='depmode=gcc3'
CFLAGS='-O2'
CPP='i486-TSOL-linux-gnu-gcc -E'
CPPFLAGS=''
CYGPATH_W='echo'
DEFS='-DPACKAGE_NAME=\"\" -DPACKAGE_TARNAME=\"\" -DPACKAGE_VERSION=\"\" -DPACKAGE_STRING=\"\" -DPACKAGE_BUGREPORT=\"\" -DPACKAGE_URL=\"\" -DPACKAGE=\"ser2net\" -DVERSION=\"2.8-rc3\" -DSTDC_HEADERS=1 -DHAVE_SYS_TYPES_H=1 -DHAVE_SYS_STAT_H=1 -DHAVE_STDLIB_H=1 -DHAVE_STRING_H=1 -DHAVE_MEMORY_H=1 -DHAVE_STRINGS_H=1 -DHAVE_INTTYPES_H=1 -DHAVE_STDINT_H=1 -DHAVE_UNISTD_H=1 -DHAVE_DLFCN_H=1 -DLT_OBJDIR=\".libs/\" -DUSE_UUCP_LOCKING=1 -DSTDC_HEADERS=1 -DHAVE_LIBNSL=1'
DEPDIR='.deps'
DSYMUTIL=''
DUMPBIN=''
ECHO_C=''
ECHO_N='-n'
ECHO_T=''
EGREP='/usr/bin/grep -E'
EXEEXT=''
FGREP='/usr/bin/grep -F'
GREP='/usr/bin/grep'
INSTALL_DATA='${INSTALL} -m 644'
INSTALL_PROGRAM='${INSTALL}'
INSTALL_SCRIPT='${INSTALL}'
INSTALL_STRIP_PROGRAM='$(install_sh) -c -s'
LD='i486-TSOL-linux-gnu-ld'
LDFLAGS='-static-libgcc'
LIBOBJS=''
LIBS='-lnsl '
LIBTOOL='$(SHELL) $(top_builddir)/libtool'
LIPO=''
LN_S='ln -s'
LTLIBOBJS=''
MAKEINFO='${SHELL} /source/ser2net-2.8-rc3/missing --run makeinfo'
MKDIR_P='/bin/mkdir -p'
NM='/toolchain/i486-TSOL-linux-gnu/bin//nm -B'
NMEDIT=''
OBJDUMP='objdump'
OBJEXT='o'
OTOOL64=''
OTOOL=''
PACKAGE='ser2net'
PACKAGE_BUGREPORT=''
PACKAGE_NAME=''
PACKAGE_STRING=''
PACKAGE_TARNAME=''
PACKAGE_URL=''
PACKAGE_VERSION=''
PATH_SEPARATOR=':'
RANLIB='ranlib'
SED='/usr/bin/sed'
SET_MAKE=''
SHELL='/bin/sh'
STRIP='strip'
VERSION='2.8-rc3'
ac_ct_CC='i486-TSOL-linux-gnu-gcc'
ac_ct_DUMPBIN=''
am__EXEEXT_FALSE=''
am__EXEEXT_TRUE='#'
am__fastdepCC_FALSE='#'
am__fastdepCC_TRUE=''
am__include='include'
am__isrc=''
am__leading_dot='.'
am__quote=''
am__tar='${AMTAR} chof - "$$tardir"'
am__untar='${AMTAR} xf -'
bindir='${exec_prefix}/bin'
build='i686-pc-linux-gnu'
build_alias=''
build_cpu='i686'
build_os='linux-gnu'
build_vendor='pc'
datadir='${datarootdir}'
datarootdir='${prefix}/share'
docdir='${datarootdir}/doc/${PACKAGE}'
dvidir='${docdir}'
exec_prefix='${prefix}'
host='i686-pc-linux-gnu'
host_alias=''
host_cpu='i686'
host_os='linux-gnu'
host_vendor='pc'
htmldir='${docdir}'
includedir='${prefix}/include'
infodir='${datarootdir}/info'
install_sh='${SHELL} /source/ser2net-2.8-rc3/install-sh'
libdir='${exec_prefix}/lib'
libexecdir='${exec_prefix}/libexec'
localedir='${datarootdir}/locale'
localstatedir='${prefix}/var'
lt_ECHO='echo'
mandir='${datarootdir}/man'
mkdir_p='/bin/mkdir -p'
oldincludedir='/usr/include'
pdfdir='${docdir}'
prefix='/'
program_transform_name='s,x,x,'
psdir='${docdir}'
sbindir='${exec_prefix}/sbin'
sharedstatedir='${prefix}/com'
sysconfdir='${prefix}/etc'
target_alias=''

## ----------- ##
## confdefs.h. ##
## ----------- ##

/* confdefs.h */
#define PACKAGE_NAME ""
#define PACKAGE_TARNAME ""
#define PACKAGE_VERSION ""
#define PACKAGE_STRING ""
#define PACKAGE_BUGREPORT ""
#define PACKAGE_URL ""
#define PACKAGE "ser2net"
#define VERSION "2.8-rc3"
#define STDC_HEADERS 1
#define HAVE_SYS_TYPES_H 1
#define HAVE_SYS_STAT_H 1
#define HAVE_STDLIB_H 1
#define HAVE_STRING_H 1
#define HAVE_MEMORY_H 1
#define HAVE_STRINGS_H 1
#define HAVE_INTTYPES_H 1
#define HAVE_STDINT_H 1
#define HAVE_UNISTD_H 1
#define HAVE_DLFCN_H 1
#define LT_OBJDIR ".libs/"
#define USE_UUCP_LOCKING 1
#define STDC_HEADERS 1
#define HAVE_LIBNSL 1

configure: exit 0
