This file contains any messages produced by compilers while
running configure, to aid debugging if configure makes a mistake.

It was created by configure, which was
generated by GNU Autoconf 2.68.  Invocation command line was

  $ ./configure --prefix=/12

## --------- ##
## Platform. ##
## --------- ##

hostname = ubuntu4
uname -m = i686
uname -r = 3.2.16-030216-generic
uname -s = Linux
uname -v = #201204221935 SMP Sun Apr 22 23:42:49 UTC 2012

/usr/bin/uname -p = unknown
/bin/uname -X     = unknown

/bin/arch              = unknown
/usr/bin/arch -k       = unknown
/usr/convex/getsysinfo = unknown
/usr/bin/hostinfo      = unknown
/bin/machine           = unknown
/usr/bin/oslevel       = unknown
/bin/universe          = unknown

PATH: /source/docbook-xsl-1.76.1/tools/bin
PATH: /bin
PATH: /sbin
PATH: /usr/bin
PATH: /usr/sbin
PATH: /usr/bin/X11
PATH: /usr/local/bin
PATH: /toolchain/bin
PATH: /toolchain/i486-TSOL-linux-gnu/bin/
PATH: #/toolchain/libexec/gcc/i486-TSOL-linux-gnu/4.6.3
PATH: /root/.local/bin
PATH: /usr/xorg/bin


## ----------- ##
## Core tests. ##
## ----------- ##

configure:2204: checking for a BSD-compatible install
configure:2272: result: /bin/install -c
configure:2283: checking whether build environment is sane
configure:2333: result: yes
configure:2361: WARNING: `missing' script is too old or missing
configure:2474: checking for a thread-safe mkdir -p
configure:2513: result: /bin/mkdir -p
configure:2526: checking for gawk
configure:2542: found /usr/bin/gawk
configure:2553: result: gawk
configure:2564: checking whether make sets $(MAKE)
configure:2586: result: yes
configure:2675: checking for gawk
configure:2702: result: gawk
configure:2761: checking for gcc
configure:2788: result: i486-TSOL-linux-gnu-gcc
configure:3017: checking for C compiler version
configure:3026: i486-TSOL-linux-gnu-gcc --version >&5
i486-TSOL-linux-gnu-gcc (crosstool-NG 1.15.2) 4.6.3
Copyright (C) 2011 Free Software Foundation, Inc.
This is free software; see the source for copying conditions.  There is NO
warranty; not even for MERCHANTABILITY or FITNESS FOR A PARTICULAR PURPOSE.

configure:3037: $? = 0
configure:3026: i486-TSOL-linux-gnu-gcc -v >&5
Using built-in specs.
COLLECT_GCC=i486-TSOL-linux-gnu-gcc
COLLECT_LTO_WRAPPER=/toolchain/libexec/gcc/i486-TSOL-linux-gnu/4.6.3/lto-wrapper
Target: i486-TSOL-linux-gnu
Configured with: /TSOL/crosstool-ng-1.15.2/bin/.build/src/gcc-4.6.3/configure --build=i686-build_pc-linux-gnu --host=i686-build_pc-linux-gnu --target=i486-TSOL-linux-gnu --prefix=/toolchain --with-sysroot=/toolchain/i486-TSOL-linux-gnu/sysroot --enable-languages=c,c++ --with-arch=i486 --with-pkgversion='crosstool-NG 1.15.2' --enable-__cxa_atexit --disable-libmudflap --disable-libgomp --disable-libssp --with-gmp=/TSOL/crosstool-ng-1.15.2/bin/.build/i486-TSOL-linux-gnu/buildtools --with-mpfr=/TSOL/crosstool-ng-1.15.2/bin/.build/i486-TSOL-linux-gnu/buildtools --with-mpc=/TSOL/crosstool-ng-1.15.2/bin/.build/i486-TSOL-linux-gnu/buildtools --with-ppl=/TSOL/crosstool-ng-1.15.2/bin/.build/i486-TSOL-linux-gnu/buildtools --with-cloog=/TSOL/crosstool-ng-1.15.2/bin/.build/i486-TSOL-linux-gnu/buildtools --with-libelf=no --with-host-libstdcxx='-static-libgcc -Wl,-Bstatic,-lstdc++,-Bdynamic -lm -L/TSOL/crosstool-ng-1.15.2/bin/.build/i486-TSOL-linux-gnu/buildtools/lib -lpwl' --enable-threads=posix --enable-target-optspace --disable-multilib --with-local-prefix=/toolchain/i486-TSOL-linux-gnu/sysroot --enable-c99 --enable-long-long
Thread model: posix
gcc version 4.6.3 (crosstool-NG 1.15.2) 
configure:3037: $? = 0
configure:3026: i486-TSOL-linux-gnu-gcc -V >&5
i486-TSOL-linux-gnu-gcc: error: unrecognized option '-V'
i486-TSOL-linux-gnu-gcc: fatal error: no input files
compilation terminated.
configure:3037: $? = 1
configure:3026: i486-TSOL-linux-gnu-gcc -qversion >&5
i486-TSOL-linux-gnu-gcc: error: unrecognized option '-qversion'
i486-TSOL-linux-gnu-gcc: fatal error: no input files
compilation terminated.
configure:3037: $? = 1
configure:3057: checking whether the C compiler works
configure:3079: i486-TSOL-linux-gnu-gcc -O2  -static-libgcc conftest.c  >&5
configure:3083: $? = 0
configure:3131: result: yes
configure:3134: checking for C compiler default output file name
configure:3136: result: a.out
configure:3142: checking for suffix of executables
configure:3149: i486-TSOL-linux-gnu-gcc -o conftest -O2  -static-libgcc conftest.c  >&5
configure:3153: $? = 0
configure:3175: result: 
configure:3197: checking whether we are cross compiling
configure:3205: i486-TSOL-linux-gnu-gcc -o conftest -O2  -static-libgcc conftest.c  >&5
configure:3209: $? = 0
configure:3216: ./conftest
configure:3220: $? = 0
configure:3235: result: no
configure:3240: checking for suffix of object files
configure:3262: i486-TSOL-linux-gnu-gcc -c -O2  conftest.c >&5
configure:3266: $? = 0
configure:3287: result: o
configure:3291: checking whether we are using the GNU C compiler
configure:3310: i486-TSOL-linux-gnu-gcc -c -O2  conftest.c >&5
configure:3310: $? = 0
configure:3319: result: yes
configure:3328: checking whether i486-TSOL-linux-gnu-gcc accepts -g
configure:3348: i486-TSOL-linux-gnu-gcc -c -g  conftest.c >&5
configure:3348: $? = 0
configure:3389: result: yes
configure:3406: checking for i486-TSOL-linux-gnu-gcc option to accept ISO C89
configure:3470: i486-TSOL-linux-gnu-gcc  -c -O2  conftest.c >&5
configure:3470: $? = 0
configure:3483: result: none needed
configure:3514: checking for style of include used by make
configure:3542: result: GNU
configure:3567: checking dependency style of i486-TSOL-linux-gnu-gcc
configure:3677: result: gcc3
configure:3693: checking whether ln -s works
configure:3697: result: yes
configure:3712: checking how to run the C preprocessor
configure:3743: i486-TSOL-linux-gnu-gcc -E  conftest.c
configure:3743: $? = 0
configure:3757: i486-TSOL-linux-gnu-gcc -E  conftest.c
conftest.c:11:28: fatal error: ac_nonexistent.h: No such file or directory
compilation terminated.
configure:3757: $? = 1
configure: failed program was:
| /* confdefs.h */
| #define PACKAGE_NAME ""
| #define PACKAGE_TARNAME ""
| #define PACKAGE_VERSION ""
| #define PACKAGE_STRING ""
| #define PACKAGE_BUGREPORT ""
| #define PACKAGE_URL ""
| #define PACKAGE "aumix"
| #define VERSION "2.4"
| /* end confdefs.h.  */
| #include <ac_nonexistent.h>
configure:3782: result: i486-TSOL-linux-gnu-gcc -E
configure:3802: i486-TSOL-linux-gnu-gcc -E  conftest.c
configure:3802: $? = 0
configure:3816: i486-TSOL-linux-gnu-gcc -E  conftest.c
conftest.c:11:28: fatal error: ac_nonexistent.h: No such file or directory
compilation terminated.
configure:3816: $? = 1
configure: failed program was:
| /* confdefs.h */
| #define PACKAGE_NAME ""
| #define PACKAGE_TARNAME ""
| #define PACKAGE_VERSION ""
| #define PACKAGE_STRING ""
| #define PACKAGE_BUGREPORT ""
| #define PACKAGE_URL ""
| #define PACKAGE "aumix"
| #define VERSION "2.4"
| /* end confdefs.h.  */
| #include <ac_nonexistent.h>
configure:3845: checking for grep that handles long lines and -e
configure:3903: result: /usr/bin/grep
configure:3908: checking for egrep
configure:3970: result: /usr/bin/grep -E
configure:3975: checking for ANSI C header files
configure:3995: i486-TSOL-linux-gnu-gcc -c -O2  conftest.c >&5
configure:3995: $? = 0
configure:4068: i486-TSOL-linux-gnu-gcc -o conftest -O2  -static-libgcc conftest.c  >&5
configure:4068: $? = 0
configure:4068: ./conftest
configure:4068: $? = 0
configure:4079: result: yes
configure:4092: checking for sys/types.h
configure:4092: i486-TSOL-linux-gnu-gcc -c -O2  conftest.c >&5
configure:4092: $? = 0
configure:4092: result: yes
configure:4092: checking for sys/stat.h
configure:4092: i486-TSOL-linux-gnu-gcc -c -O2  conftest.c >&5
configure:4092: $? = 0
configure:4092: result: yes
configure:4092: checking for stdlib.h
configure:4092: i486-TSOL-linux-gnu-gcc -c -O2  conftest.c >&5
configure:4092: $? = 0
configure:4092: result: yes
configure:4092: checking for string.h
configure:4092: i486-TSOL-linux-gnu-gcc -c -O2  conftest.c >&5
configure:4092: $? = 0
configure:4092: result: yes
configure:4092: checking for memory.h
configure:4092: i486-TSOL-linux-gnu-gcc -c -O2  conftest.c >&5
configure:4092: $? = 0
configure:4092: result: yes
configure:4092: checking for strings.h
configure:4092: i486-TSOL-linux-gnu-gcc -c -O2  conftest.c >&5
configure:4092: $? = 0
configure:4092: result: yes
configure:4092: checking for inttypes.h
configure:4092: i486-TSOL-linux-gnu-gcc -c -O2  conftest.c >&5
configure:4092: $? = 0
configure:4092: result: yes
configure:4092: checking for stdint.h
configure:4092: i486-TSOL-linux-gnu-gcc -c -O2  conftest.c >&5
configure:4092: $? = 0
configure:4092: result: yes
configure:4092: checking for unistd.h
configure:4092: i486-TSOL-linux-gnu-gcc -c -O2  conftest.c >&5
configure:4092: $? = 0
configure:4092: result: yes
configure:4106: checking sys/audioio.h usability
configure:4106: i486-TSOL-linux-gnu-gcc -c -O2  conftest.c >&5
conftest.c:54:25: fatal error: sys/audioio.h: No such file or directory
compilation terminated.
configure:4106: $? = 1
configure: failed program was:
| /* confdefs.h */
| #define PACKAGE_NAME ""
| #define PACKAGE_TARNAME ""
| #define PACKAGE_VERSION ""
| #define PACKAGE_STRING ""
| #define PACKAGE_BUGREPORT ""
| #define PACKAGE_URL ""
| #define PACKAGE "aumix"
| #define VERSION "2.4"
| #define STDC_HEADERS 1
| #define HAVE_SYS_TYPES_H 1
| #define HAVE_SYS_STAT_H 1
| #define HAVE_STDLIB_H 1
| #define HAVE_STRING_H 1
| #define HAVE_MEMORY_H 1
| #define HAVE_STRINGS_H 1
| #define HAVE_INTTYPES_H 1
| #define HAVE_STDINT_H 1
| #define HAVE_UNISTD_H 1
| /* end confdefs.h.  */
| #include <stdio.h>
| #ifdef HAVE_SYS_TYPES_H
| # include <sys/types.h>
| #endif
| #ifdef HAVE_SYS_STAT_H
| # include <sys/stat.h>
| #endif
| #ifdef STDC_HEADERS
| # include <stdlib.h>
| # include <stddef.h>
| #else
| # ifdef HAVE_STDLIB_H
| #  include <stdlib.h>
| # endif
| #endif
| #ifdef HAVE_STRING_H
| # if !defined STDC_HEADERS && defined HAVE_MEMORY_H
| #  include <memory.h>
| # endif
| # include <string.h>
| #endif
| #ifdef HAVE_STRINGS_H
| # include <strings.h>
| #endif
| #ifdef HAVE_INTTYPES_H
| # include <inttypes.h>
| #endif
| #ifdef HAVE_STDINT_H
| # include <stdint.h>
| #endif
| #ifdef HAVE_UNISTD_H
| # include <unistd.h>
| #endif
| #include <sys/audioio.h>
configure:4106: result: no
configure:4106: checking sys/audioio.h presence
configure:4106: i486-TSOL-linux-gnu-gcc -E  conftest.c
conftest.c:21:25: fatal error: sys/audioio.h: No such file or directory
compilation terminated.
configure:4106: $? = 1
configure: failed program was:
| /* confdefs.h */
| #define PACKAGE_NAME ""
| #define PACKAGE_TARNAME ""
| #define PACKAGE_VERSION ""
| #define PACKAGE_STRING ""
| #define PACKAGE_BUGREPORT ""
| #define PACKAGE_URL ""
| #define PACKAGE "aumix"
| #define VERSION "2.4"
| #define STDC_HEADERS 1
| #define HAVE_SYS_TYPES_H 1
| #define HAVE_SYS_STAT_H 1
| #define HAVE_STDLIB_H 1
| #define HAVE_STRING_H 1
| #define HAVE_MEMORY_H 1
| #define HAVE_STRINGS_H 1
| #define HAVE_INTTYPES_H 1
| #define HAVE_STDINT_H 1
| #define HAVE_UNISTD_H 1
| /* end confdefs.h.  */
| #include <sys/audioio.h>
configure:4106: result: no
configure:4106: checking for sys/audioio.h
configure:4106: result: no
configure:4122: checking for ANSI C header files
configure:4226: result: yes
configure:4237: checking ncurses.h usability
configure:4237: i486-TSOL-linux-gnu-gcc -c -O2  conftest.c >&5
configure:4237: $? = 0
configure:4237: result: yes
configure:4237: checking ncurses.h presence
configure:4237: i486-TSOL-linux-gnu-gcc -E  conftest.c
configure:4237: $? = 0
configure:4237: result: yes
configure:4237: checking for ncurses.h
configure:4237: result: yes
configure:4237: checking curses.h usability
configure:4237: i486-TSOL-linux-gnu-gcc -c -O2  conftest.c >&5
configure:4237: $? = 0
configure:4237: result: yes
configure:4237: checking curses.h presence
configure:4237: i486-TSOL-linux-gnu-gcc -E  conftest.c
configure:4237: $? = 0
configure:4237: result: yes
configure:4237: checking for curses.h
configure:4237: result: yes
configure:4237: checking fcntl.h usability
configure:4237: i486-TSOL-linux-gnu-gcc -c -O2  conftest.c >&5
configure:4237: $? = 0
configure:4237: result: yes
configure:4237: checking fcntl.h presence
configure:4237: i486-TSOL-linux-gnu-gcc -E  conftest.c
configure:4237: $? = 0
configure:4237: result: yes
configure:4237: checking for fcntl.h
configure:4237: result: yes
configure:4237: checking limits.h usability
configure:4237: i486-TSOL-linux-gnu-gcc -c -O2  conftest.c >&5
configure:4237: $? = 0
configure:4237: result: yes
configure:4237: checking limits.h presence
configure:4237: i486-TSOL-linux-gnu-gcc -E  conftest.c
configure:4237: $? = 0
configure:4237: result: yes
configure:4237: checking for limits.h
configure:4237: result: yes
configure:4237: checking malloc.h usability
configure:4237: i486-TSOL-linux-gnu-gcc -c -O2  conftest.c >&5
configure:4237: $? = 0
configure:4237: result: yes
configure:4237: checking malloc.h presence
configure:4237: i486-TSOL-linux-gnu-gcc -E  conftest.c
configure:4237: $? = 0
configure:4237: result: yes
configure:4237: checking for malloc.h
configure:4237: result: yes
configure:4237: checking for strings.h
configure:4237: result: yes
configure:4237: checking sys/ioctl.h usability
configure:4237: i486-TSOL-linux-gnu-gcc -c -O2  conftest.c >&5
configure:4237: $? = 0
configure:4237: result: yes
configure:4237: checking sys/ioctl.h presence
configure:4237: i486-TSOL-linux-gnu-gcc -E  conftest.c
configure:4237: $? = 0
configure:4237: result: yes
configure:4237: checking for sys/ioctl.h
configure:4237: result: yes
configure:4237: checking sys/time.h usability
configure:4237: i486-TSOL-linux-gnu-gcc -c -O2  conftest.c >&5
configure:4237: $? = 0
configure:4237: result: yes
configure:4237: checking sys/time.h presence
configure:4237: i486-TSOL-linux-gnu-gcc -E  conftest.c
configure:4237: $? = 0
configure:4237: result: yes
configure:4237: checking for sys/time.h
configure:4237: result: yes
configure:4237: checking for unistd.h
configure:4237: result: yes
configure:4237: checking machine/console.h usability
configure:4237: i486-TSOL-linux-gnu-gcc -c -O2  conftest.c >&5
conftest.c:64:29: fatal error: machine/console.h: No such file or directory
compilation terminated.
configure:4237: $? = 1
configure: failed program was:
| /* confdefs.h */
| #define PACKAGE_NAME ""
| #define PACKAGE_TARNAME ""
| #define PACKAGE_VERSION ""
| #define PACKAGE_STRING ""
| #define PACKAGE_BUGREPORT ""
| #define PACKAGE_URL ""
| #define PACKAGE "aumix"
| #define VERSION "2.4"
| #define STDC_HEADERS 1
| #define HAVE_SYS_TYPES_H 1
| #define HAVE_SYS_STAT_H 1
| #define HAVE_STDLIB_H 1
| #define HAVE_STRING_H 1
| #define HAVE_MEMORY_H 1
| #define HAVE_STRINGS_H 1
| #define HAVE_INTTYPES_H 1
| #define HAVE_STDINT_H 1
| #define HAVE_UNISTD_H 1
| #define STDC_HEADERS 1
| #define HAVE_NCURSES_H 1
| #define HAVE_CURSES_H 1
| #define HAVE_FCNTL_H 1
| #define HAVE_LIMITS_H 1
| #define HAVE_MALLOC_H 1
| #define HAVE_STRINGS_H 1
| #define HAVE_SYS_IOCTL_H 1
| #define HAVE_SYS_TIME_H 1
| #define HAVE_UNISTD_H 1
| /* end confdefs.h.  */
| #include <stdio.h>
| #ifdef HAVE_SYS_TYPES_H
| # include <sys/types.h>
| #endif
| #ifdef HAVE_SYS_STAT_H
| # include <sys/stat.h>
| #endif
| #ifdef STDC_HEADERS
| # include <stdlib.h>
| # include <stddef.h>
| #else
| # ifdef HAVE_STDLIB_H
| #  include <stdlib.h>
| # endif
| #endif
| #ifdef HAVE_STRING_H
| # if !defined STDC_HEADERS && defined HAVE_MEMORY_H
| #  include <memory.h>
| # endif
| # include <string.h>
| #endif
| #ifdef HAVE_STRINGS_H
| # include <strings.h>
| #endif
| #ifdef HAVE_INTTYPES_H
| # include <inttypes.h>
| #endif
| #ifdef HAVE_STDINT_H
| # include <stdint.h>
| #endif
| #ifdef HAVE_UNISTD_H
| # include <unistd.h>
| #endif
| #include <machine/console.h>
configure:4237: result: no
configure:4237: checking machine/console.h presence
configure:4237: i486-TSOL-linux-gnu-gcc -E  conftest.c
conftest.c:31:29: fatal error: machine/console.h: No such file or directory
compilation terminated.
configure:4237: $? = 1
configure: failed program was:
| /* confdefs.h */
| #define PACKAGE_NAME ""
| #define PACKAGE_TARNAME ""
| #define PACKAGE_VERSION ""
| #define PACKAGE_STRING ""
| #define PACKAGE_BUGREPORT ""
| #define PACKAGE_URL ""
| #define PACKAGE "aumix"
| #define VERSION "2.4"
| #define STDC_HEADERS 1
| #define HAVE_SYS_TYPES_H 1
| #define HAVE_SYS_STAT_H 1
| #define HAVE_STDLIB_H 1
| #define HAVE_STRING_H 1
| #define HAVE_MEMORY_H 1
| #define HAVE_STRINGS_H 1
| #define HAVE_INTTYPES_H 1
| #define HAVE_STDINT_H 1
| #define HAVE_UNISTD_H 1
| #define STDC_HEADERS 1
| #define HAVE_NCURSES_H 1
| #define HAVE_CURSES_H 1
| #define HAVE_FCNTL_H 1
| #define HAVE_LIMITS_H 1
| #define HAVE_MALLOC_H 1
| #define HAVE_STRINGS_H 1
| #define HAVE_SYS_IOCTL_H 1
| #define HAVE_SYS_TIME_H 1
| #define HAVE_UNISTD_H 1
| /* end confdefs.h.  */
| #include <machine/console.h>
configure:4237: result: no
configure:4237: checking for machine/console.h
configure:4237: result: no

## ---------------- ##
## Cache variables. ##
## ---------------- ##

ac_cv_c_compiler_gnu=yes
ac_cv_env_CC_set=set
ac_cv_env_CC_value=i486-TSOL-linux-gnu-gcc
ac_cv_env_CFLAGS_set=set
ac_cv_env_CFLAGS_value=-O2
ac_cv_env_CPPFLAGS_set=
ac_cv_env_CPPFLAGS_value=
ac_cv_env_CPP_set=
ac_cv_env_CPP_value=
ac_cv_env_LDFLAGS_set=set
ac_cv_env_LDFLAGS_value=-static-libgcc
ac_cv_env_LIBS_set=
ac_cv_env_LIBS_value=
ac_cv_env_build_alias_set=
ac_cv_env_build_alias_value=
ac_cv_env_host_alias_set=
ac_cv_env_host_alias_value=
ac_cv_env_target_alias_set=
ac_cv_env_target_alias_value=
ac_cv_header_curses_h=yes
ac_cv_header_fcntl_h=yes
ac_cv_header_inttypes_h=yes
ac_cv_header_limits_h=yes
ac_cv_header_machine_console_h=no
ac_cv_header_malloc_h=yes
ac_cv_header_memory_h=yes
ac_cv_header_ncurses_h=yes
ac_cv_header_stdc=yes
ac_cv_header_stdint_h=yes
ac_cv_header_stdlib_h=yes
ac_cv_header_string_h=yes
ac_cv_header_strings_h=yes
ac_cv_header_sys_audioio_h=no
ac_cv_header_sys_ioctl_h=yes
ac_cv_header_sys_stat_h=yes
ac_cv_header_sys_time_h=yes
ac_cv_header_sys_types_h=yes
ac_cv_header_unistd_h=yes
ac_cv_objext=o
ac_cv_path_EGREP='/usr/bin/grep -E'
ac_cv_path_GREP=/usr/bin/grep
ac_cv_path_install='/bin/install -c'
ac_cv_path_mkdir=/bin/mkdir
ac_cv_prog_AWK=gawk
ac_cv_prog_CPP='i486-TSOL-linux-gnu-gcc -E'
ac_cv_prog_ac_ct_CC=i486-TSOL-linux-gnu-gcc
ac_cv_prog_cc_c89=
ac_cv_prog_cc_g=yes
ac_cv_prog_make_make_set=yes
am_cv_CC_dependencies_compiler_type=gcc3

## ----------------- ##
## Output variables. ##
## ----------------- ##

ACLOCAL='aclocal-1.11'
ALLOCA=''
AMDEPBACKSLASH='\'
AMDEP_FALSE='#'
AMDEP_TRUE=''
AMTAR='tar'
AUTOCONF='autoconf'
AUTOHEADER='autoheader'
AUTOMAKE='automake-1.11'
AWK='gawk'
CATALOGS=''
CATOBJEXT=''
CC='i486-TSOL-linux-gnu-gcc'
CCDEPMODE='depmode=gcc3'
CFLAGS='-O2'
CPP='i486-TSOL-linux-gnu-gcc -E'
CPPFLAGS=''
CURSLIB=''
CYGPATH_W='echo'
DATADIRNAME=''
DEFS=''
DEPDIR='.deps'
ECHO_C=''
ECHO_N='-n'
ECHO_T=''
EGREP='/usr/bin/grep -E'
EXEEXT=''
GLIB_CFLAGS=''
GLIB_LIBS=''
GMOFILES=''
GMSGFMT=''
GREP='/usr/bin/grep'
GTK_CFLAGS=''
GTK_CONFIG=''
GTK_LIBS=''
HAVE_NLS=''
INSTALL_DATA='${INSTALL} -m 644'
INSTALL_PROGRAM='${INSTALL}'
INSTALL_SCRIPT='${INSTALL}'
INSTALL_STRIP_PROGRAM='$(install_sh) -c -s'
INSTOBJEXT=''
INTLLIBS=''
LDFLAGS='-static-libgcc'
LIBOBJS=''
LIBS=''
LN_S='ln -s'
LTLIBOBJS=''
MAKEINFO='makeinfo'
MKDIR_P='/bin/mkdir -p'
MSGFMT=''
OBJEXT='o'
PACKAGE='aumix'
PACKAGE_BUGREPORT=''
PACKAGE_NAME=''
PACKAGE_STRING=''
PACKAGE_TARNAME=''
PACKAGE_URL=''
PACKAGE_VERSION=''
PATH_SEPARATOR=':'
POFILES=''
SET_MAKE=''
SHELL='/bin/sh'
STRIP=''
USE_INCLUDED_LIBINTL=''
USE_NLS=''
VERSION='2.4'
XGETTEXT=''
ac_ct_CC='i486-TSOL-linux-gnu-gcc'
am__EXEEXT_FALSE=''
am__EXEEXT_TRUE=''
am__fastdepCC_FALSE='#'
am__fastdepCC_TRUE=''
am__include='include'
am__isrc=''
am__leading_dot='.'
am__quote=''
am__tar='${AMTAR} chof - "$$tardir"'
am__untar='${AMTAR} xf -'
bindir='${exec_prefix}/bin'
build_alias=''
datadir='${datarootdir}'
datarootdir='${prefix}/share'
docdir='${datarootdir}/doc/${PACKAGE}'
dvidir='${docdir}'
exec_prefix='NONE'
host_alias=''
htmldir='${docdir}'
includedir='${prefix}/include'
infodir='${datarootdir}/info'
install_sh='${SHELL} /source/alsa/aumix-2.4/install-sh'
libdir='${exec_prefix}/lib'
libexecdir='${exec_prefix}/libexec'
localedir='${datarootdir}/locale'
localstatedir='${prefix}/var'
mandir='${datarootdir}/man'
mkdir_p='/bin/mkdir -p'
oldincludedir='/usr/include'
pdfdir='${docdir}'
prefix='/12'
program_transform_name='s,x,x,'
psdir='${docdir}'
sbindir='${exec_prefix}/sbin'
sharedstatedir='${prefix}/com'
sysconfdir='${prefix}/etc'
target_alias=''

## ----------- ##
## confdefs.h. ##
## ----------- ##

/* confdefs.h */
#define PACKAGE_NAME ""
#define PACKAGE_TARNAME ""
#define PACKAGE_VERSION ""
#define PACKAGE_STRING ""
#define PACKAGE_BUGREPORT ""
#define PACKAGE_URL ""
#define PACKAGE "aumix"
#define VERSION "2.4"
#define STDC_HEADERS 1
#define HAVE_SYS_TYPES_H 1
#define HAVE_SYS_STAT_H 1
#define HAVE_STDLIB_H 1
#define HAVE_STRING_H 1
#define HAVE_MEMORY_H 1
#define HAVE_STRINGS_H 1
#define HAVE_INTTYPES_H 1
#define HAVE_STDINT_H 1
#define HAVE_UNISTD_H 1
#define STDC_HEADERS 1
#define HAVE_NCURSES_H 1
#define HAVE_CURSES_H 1
#define HAVE_FCNTL_H 1
#define HAVE_LIMITS_H 1
#define HAVE_MALLOC_H 1
#define HAVE_STRINGS_H 1
#define HAVE_SYS_IOCTL_H 1
#define HAVE_SYS_TIME_H 1
#define HAVE_UNISTD_H 1

configure: exit 2
