Determining if files sys/modem.h exist failed with the following output:
Change Dir: /source/clients/freerdp-git-01102012/CMakeFiles/CMakeTmp

Run Build Command:/usr/bin/make "cmTryCompileExec/fast"
/usr/bin/make -f CMakeFiles/cmTryCompileExec.dir/build.make CMakeFiles/cmTryCompileExec.dir/build
make[1]: Entering directory `/source/clients/freerdp-git-01102012/CMakeFiles/CMakeTmp'
/usr/bin/cmake -E cmake_progress_report /source/clients/freerdp-git-01102012/CMakeFiles/CMakeTmp/CMakeFiles 1
Building C object CMakeFiles/cmTryCompileExec.dir/CheckIncludeFiles.c.o
/toolchain/bin/i486-TSOL-linux-gnu-gcc   -Wall -Wno-unused-result -Wno-unused-but-set-variable -O2     -o CMakeFiles/cmTryCompileExec.dir/CheckIncludeFiles.c.o   -c /source/clients/freerdp-git-01102012/CMakeFiles/CMakeTmp/CheckIncludeFiles.c
/source/clients/freerdp-git-01102012/CMakeFiles/CMakeTmp/CheckIncludeFiles.c:2:23: fatal error: sys/modem.h: No such file or directory
compilation terminated.
make[1]: Leaving directory `/source/clients/freerdp-git-01102012/CMakeFiles/CMakeTmp'
make[1]: *** [CMakeFiles/cmTryCompileExec.dir/CheckIncludeFiles.c.o] Error 1
make: *** [cmTryCompileExec/fast] Error 2

Source:
/* */
#include <sys/modem.h>


int main(){return 0;}

Determining if files sys/filio.h exist failed with the following output:
Change Dir: /source/clients/freerdp-git-01102012/CMakeFiles/CMakeTmp

Run Build Command:/usr/bin/make "cmTryCompileExec/fast"
/usr/bin/make -f CMakeFiles/cmTryCompileExec.dir/build.make CMakeFiles/cmTryCompileExec.dir/build
make[1]: Entering directory `/source/clients/freerdp-git-01102012/CMakeFiles/CMakeTmp'
/usr/bin/cmake -E cmake_progress_report /source/clients/freerdp-git-01102012/CMakeFiles/CMakeTmp/CMakeFiles 1
Building C object CMakeFiles/cmTryCompileExec.dir/CheckIncludeFiles.c.o
/toolchain/bin/i486-TSOL-linux-gnu-gcc   -Wall -Wno-unused-result -Wno-unused-but-set-variable -O2     -o CMakeFiles/cmTryCompileExec.dir/CheckIncludeFiles.c.o   -c /source/clients/freerdp-git-01102012/CMakeFiles/CMakeTmp/CheckIncludeFiles.c
/source/clients/freerdp-git-01102012/CMakeFiles/CMakeTmp/CheckIncludeFiles.c:2:23: fatal error: sys/filio.h: No such file or directory
compilation terminated.
make[1]: Leaving directory `/source/clients/freerdp-git-01102012/CMakeFiles/CMakeTmp'
make[1]: *** [CMakeFiles/cmTryCompileExec.dir/CheckIncludeFiles.c.o] Error 1
make: *** [cmTryCompileExec/fast] Error 2

Source:
/* */
#include <sys/filio.h>


int main(){return 0;}

Determining if files sys/strtio.h exist failed with the following output:
Change Dir: /source/clients/freerdp-git-01102012/CMakeFiles/CMakeTmp

Run Build Command:/usr/bin/make "cmTryCompileExec/fast"
/usr/bin/make -f CMakeFiles/cmTryCompileExec.dir/build.make CMakeFiles/cmTryCompileExec.dir/build
make[1]: Entering directory `/source/clients/freerdp-git-01102012/CMakeFiles/CMakeTmp'
/usr/bin/cmake -E cmake_progress_report /source/clients/freerdp-git-01102012/CMakeFiles/CMakeTmp/CMakeFiles 1
Building C object CMakeFiles/cmTryCompileExec.dir/CheckIncludeFiles.c.o
/toolchain/bin/i486-TSOL-linux-gnu-gcc   -Wall -Wno-unused-result -Wno-unused-but-set-variable -O2     -o CMakeFiles/cmTryCompileExec.dir/CheckIncludeFiles.c.o   -c /source/clients/freerdp-git-01102012/CMakeFiles/CMakeTmp/CheckIncludeFiles.c
/source/clients/freerdp-git-01102012/CMakeFiles/CMakeTmp/CheckIncludeFiles.c:2:24: fatal error: sys/strtio.h: No such file or directory
compilation terminated.
make[1]: Leaving directory `/source/clients/freerdp-git-01102012/CMakeFiles/CMakeTmp'
make[1]: *** [CMakeFiles/cmTryCompileExec.dir/CheckIncludeFiles.c.o] Error 1
make: *** [cmTryCompileExec/fast] Error 2

Source:
/* */
#include <sys/strtio.h>


int main(){return 0;}

Determining if the function pthread_create exists in the pthreads failed with the following output:
Change Dir: /source/clients/freerdp-git-01102012/CMakeFiles/CMakeTmp

Run Build Command:/usr/bin/make "cmTryCompileExec/fast"
/usr/bin/make -f CMakeFiles/cmTryCompileExec.dir/build.make CMakeFiles/cmTryCompileExec.dir/build
make[1]: Entering directory `/source/clients/freerdp-git-01102012/CMakeFiles/CMakeTmp'
/usr/bin/cmake -E cmake_progress_report /source/clients/freerdp-git-01102012/CMakeFiles/CMakeTmp/CMakeFiles 1
Building C object CMakeFiles/cmTryCompileExec.dir/CheckFunctionExists.c.o
/toolchain/bin/i486-TSOL-linux-gnu-gcc   -Wall -Wno-unused-result -Wno-unused-but-set-variable -O2  -DCHECK_FUNCTION_EXISTS=pthread_create   -o CMakeFiles/cmTryCompileExec.dir/CheckFunctionExists.c.o   -c /usr/share/cmake-2.8/Modules/CheckFunctionExists.c
Linking C executable cmTryCompileExec
/usr/bin/cmake -E cmake_link_script CMakeFiles/cmTryCompileExec.dir/link.txt --verbose=1
/toolchain/bin/i486-TSOL-linux-gnu-gcc    -Wall -Wno-unused-result -Wno-unused-but-set-variable -O2  -DCHECK_FUNCTION_EXISTS=pthread_create    -L/usr/xorg/lib CMakeFiles/cmTryCompileExec.dir/CheckFunctionExists.c.o  -o cmTryCompileExec -rdynamic -lpthreads 
/toolchain/lib/gcc/i486-TSOL-linux-gnu/4.6.3/../../../../i486-TSOL-linux-gnu/bin/ld: cannot find -lpthreads
collect2: ld returned 1 exit status
make[1]: Leaving directory `/source/clients/freerdp-git-01102012/CMakeFiles/CMakeTmp'
make[1]: *** [cmTryCompileExec] Error 1
make: *** [cmTryCompileExec/fast] Error 2


Determining if files sys/modem.h exist failed with the following output:
Change Dir: /build/source/clients/freerdp-git-01102012/CMakeFiles/CMakeTmp

Run Build Command:/usr/bin/make "cmTryCompileExec/fast"
/usr/bin/make -f CMakeFiles/cmTryCompileExec.dir/build.make CMakeFiles/cmTryCompileExec.dir/build
make[1]: Вход в каталог `/build3/source/clients/freerdp-git-01102012/CMakeFiles/CMakeTmp'
/usr/bin/cmake -E cmake_progress_report /build/source/clients/freerdp-git-01102012/CMakeFiles/CMakeTmp/CMakeFiles 1
Building C object CMakeFiles/cmTryCompileExec.dir/CheckIncludeFiles.c.o
/usr/bin/gcc   -Wall -Wno-unused-result -Wno-unused-but-set-variable -O2     -o CMakeFiles/cmTryCompileExec.dir/CheckIncludeFiles.c.o   -c /build/source/clients/freerdp-git-01102012/CMakeFiles/CMakeTmp/CheckIncludeFiles.c
/build/source/clients/freerdp-git-01102012/CMakeFiles/CMakeTmp/CheckIncludeFiles.c:2:23: error: sys/modem.h: Нет такого файла или каталога
cc1: warning: unrecognized command line option "-Wno-unused-but-set-variable"
make[1]: Выход из каталога `/build3/source/clients/freerdp-git-01102012/CMakeFiles/CMakeTmp'
make[1]: *** [CMakeFiles/cmTryCompileExec.dir/CheckIncludeFiles.c.o] Ошибка 1
make: *** [cmTryCompileExec/fast] Ошибка 2

Source:
/* */
#include <sys/modem.h>


int main(){return 0;}

Determining if files sys/filio.h exist failed with the following output:
Change Dir: /build/source/clients/freerdp-git-01102012/CMakeFiles/CMakeTmp

Run Build Command:/usr/bin/make "cmTryCompileExec/fast"
/usr/bin/make -f CMakeFiles/cmTryCompileExec.dir/build.make CMakeFiles/cmTryCompileExec.dir/build
make[1]: Вход в каталог `/build3/source/clients/freerdp-git-01102012/CMakeFiles/CMakeTmp'
/usr/bin/cmake -E cmake_progress_report /build/source/clients/freerdp-git-01102012/CMakeFiles/CMakeTmp/CMakeFiles 1
Building C object CMakeFiles/cmTryCompileExec.dir/CheckIncludeFiles.c.o
/usr/bin/gcc   -Wall -Wno-unused-result -Wno-unused-but-set-variable -O2     -o CMakeFiles/cmTryCompileExec.dir/CheckIncludeFiles.c.o   -c /build/source/clients/freerdp-git-01102012/CMakeFiles/CMakeTmp/CheckIncludeFiles.c
/build/source/clients/freerdp-git-01102012/CMakeFiles/CMakeTmp/CheckIncludeFiles.c:2:23: error: sys/filio.h: Нет такого файла или каталога
cc1: warning: unrecognized command line option "-Wno-unused-but-set-variable"
make[1]: Выход из каталога `/build3/source/clients/freerdp-git-01102012/CMakeFiles/CMakeTmp'
make[1]: *** [CMakeFiles/cmTryCompileExec.dir/CheckIncludeFiles.c.o] Ошибка 1
make: *** [cmTryCompileExec/fast] Ошибка 2

Source:
/* */
#include <sys/filio.h>


int main(){return 0;}

Determining if files sys/strtio.h exist failed with the following output:
Change Dir: /build/source/clients/freerdp-git-01102012/CMakeFiles/CMakeTmp

Run Build Command:/usr/bin/make "cmTryCompileExec/fast"
/usr/bin/make -f CMakeFiles/cmTryCompileExec.dir/build.make CMakeFiles/cmTryCompileExec.dir/build
make[1]: Вход в каталог `/build3/source/clients/freerdp-git-01102012/CMakeFiles/CMakeTmp'
/usr/bin/cmake -E cmake_progress_report /build/source/clients/freerdp-git-01102012/CMakeFiles/CMakeTmp/CMakeFiles 1
Building C object CMakeFiles/cmTryCompileExec.dir/CheckIncludeFiles.c.o
/usr/bin/gcc   -Wall -Wno-unused-result -Wno-unused-but-set-variable -O2     -o CMakeFiles/cmTryCompileExec.dir/CheckIncludeFiles.c.o   -c /build/source/clients/freerdp-git-01102012/CMakeFiles/CMakeTmp/CheckIncludeFiles.c
/build/source/clients/freerdp-git-01102012/CMakeFiles/CMakeTmp/CheckIncludeFiles.c:2:24: error: sys/strtio.h: Нет такого файла или каталога
cc1: warning: unrecognized command line option "-Wno-unused-but-set-variable"
make[1]: Выход из каталога `/build3/source/clients/freerdp-git-01102012/CMakeFiles/CMakeTmp'
make[1]: *** [CMakeFiles/cmTryCompileExec.dir/CheckIncludeFiles.c.o] Ошибка 1
make: *** [cmTryCompileExec/fast] Ошибка 2

Source:
/* */
#include <sys/strtio.h>


int main(){return 0;}

Determining if files sys/modem.h exist failed with the following output:
Change Dir: /source/clients/freerdp-git-01102012/CMakeFiles/CMakeTmp

Run Build Command:/usr/bin/make "cmTryCompileExec/fast"
/usr/bin/make -f CMakeFiles/cmTryCompileExec.dir/build.make CMakeFiles/cmTryCompileExec.dir/build
make[1]: Entering directory `/source/clients/freerdp-git-01102012/CMakeFiles/CMakeTmp'
/usr/bin/cmake -E cmake_progress_report /source/clients/freerdp-git-01102012/CMakeFiles/CMakeTmp/CMakeFiles 1
Building C object CMakeFiles/cmTryCompileExec.dir/CheckIncludeFiles.c.o
/toolchain/bin/i486-TSOL-linux-gnu-gcc   -O2  -Wall -Wno-unused-result -Wno-unused-but-set-variable -O2     -o CMakeFiles/cmTryCompileExec.dir/CheckIncludeFiles.c.o   -c /source/clients/freerdp-git-01102012/CMakeFiles/CMakeTmp/CheckIncludeFiles.c
/source/clients/freerdp-git-01102012/CMakeFiles/CMakeTmp/CheckIncludeFiles.c:2:23: fatal error: sys/modem.h: No such file or directory
compilation terminated.
make[1]: Leaving directory `/source/clients/freerdp-git-01102012/CMakeFiles/CMakeTmp'
make[1]: *** [CMakeFiles/cmTryCompileExec.dir/CheckIncludeFiles.c.o] Error 1
make: *** [cmTryCompileExec/fast] Error 2

Source:
/* */
#include <sys/modem.h>


int main(){return 0;}

Determining if files sys/filio.h exist failed with the following output:
Change Dir: /source/clients/freerdp-git-01102012/CMakeFiles/CMakeTmp

Run Build Command:/usr/bin/make "cmTryCompileExec/fast"
/usr/bin/make -f CMakeFiles/cmTryCompileExec.dir/build.make CMakeFiles/cmTryCompileExec.dir/build
make[1]: Entering directory `/source/clients/freerdp-git-01102012/CMakeFiles/CMakeTmp'
/usr/bin/cmake -E cmake_progress_report /source/clients/freerdp-git-01102012/CMakeFiles/CMakeTmp/CMakeFiles 1
Building C object CMakeFiles/cmTryCompileExec.dir/CheckIncludeFiles.c.o
/toolchain/bin/i486-TSOL-linux-gnu-gcc   -O2  -Wall -Wno-unused-result -Wno-unused-but-set-variable -O2     -o CMakeFiles/cmTryCompileExec.dir/CheckIncludeFiles.c.o   -c /source/clients/freerdp-git-01102012/CMakeFiles/CMakeTmp/CheckIncludeFiles.c
/source/clients/freerdp-git-01102012/CMakeFiles/CMakeTmp/CheckIncludeFiles.c:2:23: fatal error: sys/filio.h: No such file or directory
compilation terminated.
make[1]: Leaving directory `/source/clients/freerdp-git-01102012/CMakeFiles/CMakeTmp'
make[1]: *** [CMakeFiles/cmTryCompileExec.dir/CheckIncludeFiles.c.o] Error 1
make: *** [cmTryCompileExec/fast] Error 2

Source:
/* */
#include <sys/filio.h>


int main(){return 0;}

Determining if files sys/strtio.h exist failed with the following output:
Change Dir: /source/clients/freerdp-git-01102012/CMakeFiles/CMakeTmp

Run Build Command:/usr/bin/make "cmTryCompileExec/fast"
/usr/bin/make -f CMakeFiles/cmTryCompileExec.dir/build.make CMakeFiles/cmTryCompileExec.dir/build
make[1]: Entering directory `/source/clients/freerdp-git-01102012/CMakeFiles/CMakeTmp'
/usr/bin/cmake -E cmake_progress_report /source/clients/freerdp-git-01102012/CMakeFiles/CMakeTmp/CMakeFiles 1
Building C object CMakeFiles/cmTryCompileExec.dir/CheckIncludeFiles.c.o
/toolchain/bin/i486-TSOL-linux-gnu-gcc   -O2  -Wall -Wno-unused-result -Wno-unused-but-set-variable -O2     -o CMakeFiles/cmTryCompileExec.dir/CheckIncludeFiles.c.o   -c /source/clients/freerdp-git-01102012/CMakeFiles/CMakeTmp/CheckIncludeFiles.c
/source/clients/freerdp-git-01102012/CMakeFiles/CMakeTmp/CheckIncludeFiles.c:2:24: fatal error: sys/strtio.h: No such file or directory
compilation terminated.
make[1]: Leaving directory `/source/clients/freerdp-git-01102012/CMakeFiles/CMakeTmp'
make[1]: *** [CMakeFiles/cmTryCompileExec.dir/CheckIncludeFiles.c.o] Error 1
make: *** [cmTryCompileExec/fast] Error 2

Source:
/* */
#include <sys/strtio.h>


int main(){return 0;}

Determining if the function pthread_create exists in the pthreads failed with the following output:
Change Dir: /source/clients/freerdp-git-01102012/CMakeFiles/CMakeTmp

Run Build Command:/usr/bin/make "cmTryCompileExec/fast"
/usr/bin/make -f CMakeFiles/cmTryCompileExec.dir/build.make CMakeFiles/cmTryCompileExec.dir/build
make[1]: Entering directory `/source/clients/freerdp-git-01102012/CMakeFiles/CMakeTmp'
/usr/bin/cmake -E cmake_progress_report /source/clients/freerdp-git-01102012/CMakeFiles/CMakeTmp/CMakeFiles 1
Building C object CMakeFiles/cmTryCompileExec.dir/CheckFunctionExists.c.o
/toolchain/bin/i486-TSOL-linux-gnu-gcc   -O2  -Wall -Wno-unused-result -Wno-unused-but-set-variable -O2  -DCHECK_FUNCTION_EXISTS=pthread_create   -o CMakeFiles/cmTryCompileExec.dir/CheckFunctionExists.c.o   -c /usr/share/cmake-2.8/Modules/CheckFunctionExists.c
Linking C executable cmTryCompileExec
/usr/bin/cmake -E cmake_link_script CMakeFiles/cmTryCompileExec.dir/link.txt --verbose=1
/toolchain/bin/i486-TSOL-linux-gnu-gcc   -O2  -Wall -Wno-unused-result -Wno-unused-but-set-variable -O2  -DCHECK_FUNCTION_EXISTS=pthread_create   -static-libgcc CMakeFiles/cmTryCompileExec.dir/CheckFunctionExists.c.o  -o cmTryCompileExec -rdynamic -lpthreads 
/toolchain/lib/gcc/i486-TSOL-linux-gnu/4.6.3/../../../../i486-TSOL-linux-gnu/bin/ld: cannot find -lpthreads
collect2: ld returned 1 exit status
make[1]: Leaving directory `/source/clients/freerdp-git-01102012/CMakeFiles/CMakeTmp'
make[1]: *** [cmTryCompileExec] Error 1
make: *** [cmTryCompileExec/fast] Error 2


Determining if files sys/modem.h exist failed with the following output:
Change Dir: /source/clients/freerdp-git-01102012/CMakeFiles/CMakeTmp

Run Build Command:/usr/bin/make "cmTryCompileExec/fast"
/usr/bin/make -f CMakeFiles/cmTryCompileExec.dir/build.make CMakeFiles/cmTryCompileExec.dir/build
make[1]: Entering directory `/source/clients/freerdp-git-01102012/CMakeFiles/CMakeTmp'
/usr/bin/cmake -E cmake_progress_report /source/clients/freerdp-git-01102012/CMakeFiles/CMakeTmp/CMakeFiles 1
Building C object CMakeFiles/cmTryCompileExec.dir/CheckIncludeFiles.c.o
/toolchain/bin/i486-TSOL-linux-gnu-gcc   -O2  -Wall -Wno-unused-result -Wno-unused-but-set-variable -O2     -o CMakeFiles/cmTryCompileExec.dir/CheckIncludeFiles.c.o   -c /source/clients/freerdp-git-01102012/CMakeFiles/CMakeTmp/CheckIncludeFiles.c
/source/clients/freerdp-git-01102012/CMakeFiles/CMakeTmp/CheckIncludeFiles.c:2:23: fatal error: sys/modem.h: No such file or directory
compilation terminated.
make[1]: Leaving directory `/source/clients/freerdp-git-01102012/CMakeFiles/CMakeTmp'
make[1]: *** [CMakeFiles/cmTryCompileExec.dir/CheckIncludeFiles.c.o] Error 1
make: *** [cmTryCompileExec/fast] Error 2

Source:
/* */
#include <sys/modem.h>


int main(){return 0;}

Determining if files sys/filio.h exist failed with the following output:
Change Dir: /source/clients/freerdp-git-01102012/CMakeFiles/CMakeTmp

Run Build Command:/usr/bin/make "cmTryCompileExec/fast"
/usr/bin/make -f CMakeFiles/cmTryCompileExec.dir/build.make CMakeFiles/cmTryCompileExec.dir/build
make[1]: Entering directory `/source/clients/freerdp-git-01102012/CMakeFiles/CMakeTmp'
/usr/bin/cmake -E cmake_progress_report /source/clients/freerdp-git-01102012/CMakeFiles/CMakeTmp/CMakeFiles 1
Building C object CMakeFiles/cmTryCompileExec.dir/CheckIncludeFiles.c.o
/toolchain/bin/i486-TSOL-linux-gnu-gcc   -O2  -Wall -Wno-unused-result -Wno-unused-but-set-variable -O2     -o CMakeFiles/cmTryCompileExec.dir/CheckIncludeFiles.c.o   -c /source/clients/freerdp-git-01102012/CMakeFiles/CMakeTmp/CheckIncludeFiles.c
/source/clients/freerdp-git-01102012/CMakeFiles/CMakeTmp/CheckIncludeFiles.c:2:23: fatal error: sys/filio.h: No such file or directory
compilation terminated.
make[1]: Leaving directory `/source/clients/freerdp-git-01102012/CMakeFiles/CMakeTmp'
make[1]: *** [CMakeFiles/cmTryCompileExec.dir/CheckIncludeFiles.c.o] Error 1
make: *** [cmTryCompileExec/fast] Error 2

Source:
/* */
#include <sys/filio.h>


int main(){return 0;}

Determining if files sys/strtio.h exist failed with the following output:
Change Dir: /source/clients/freerdp-git-01102012/CMakeFiles/CMakeTmp

Run Build Command:/usr/bin/make "cmTryCompileExec/fast"
/usr/bin/make -f CMakeFiles/cmTryCompileExec.dir/build.make CMakeFiles/cmTryCompileExec.dir/build
make[1]: Entering directory `/source/clients/freerdp-git-01102012/CMakeFiles/CMakeTmp'
/usr/bin/cmake -E cmake_progress_report /source/clients/freerdp-git-01102012/CMakeFiles/CMakeTmp/CMakeFiles 1
Building C object CMakeFiles/cmTryCompileExec.dir/CheckIncludeFiles.c.o
/toolchain/bin/i486-TSOL-linux-gnu-gcc   -O2  -Wall -Wno-unused-result -Wno-unused-but-set-variable -O2     -o CMakeFiles/cmTryCompileExec.dir/CheckIncludeFiles.c.o   -c /source/clients/freerdp-git-01102012/CMakeFiles/CMakeTmp/CheckIncludeFiles.c
/source/clients/freerdp-git-01102012/CMakeFiles/CMakeTmp/CheckIncludeFiles.c:2:24: fatal error: sys/strtio.h: No such file or directory
compilation terminated.
make[1]: Leaving directory `/source/clients/freerdp-git-01102012/CMakeFiles/CMakeTmp'
make[1]: *** [CMakeFiles/cmTryCompileExec.dir/CheckIncludeFiles.c.o] Error 1
make: *** [cmTryCompileExec/fast] Error 2

Source:
/* */
#include <sys/strtio.h>


int main(){return 0;}

Determining if files sys/modem.h exist failed with the following output:
Change Dir: /source/clients/freerdp-git-01102012/CMakeFiles/CMakeTmp

Run Build Command:/usr/bin/make "cmTryCompileExec/fast"
/usr/bin/make -f CMakeFiles/cmTryCompileExec.dir/build.make CMakeFiles/cmTryCompileExec.dir/build
make[1]: Entering directory `/source/clients/freerdp-git-01102012/CMakeFiles/CMakeTmp'
/usr/bin/cmake -E cmake_progress_report /source/clients/freerdp-git-01102012/CMakeFiles/CMakeTmp/CMakeFiles 1
Building C object CMakeFiles/cmTryCompileExec.dir/CheckIncludeFiles.c.o
/toolchain/bin/i486-TSOL-linux-gnu-gcc   -O2  -Wall -Wno-unused-result -Wno-unused-but-set-variable -O2     -o CMakeFiles/cmTryCompileExec.dir/CheckIncludeFiles.c.o   -c /source/clients/freerdp-git-01102012/CMakeFiles/CMakeTmp/CheckIncludeFiles.c
/source/clients/freerdp-git-01102012/CMakeFiles/CMakeTmp/CheckIncludeFiles.c:2:23: fatal error: sys/modem.h: No such file or directory
compilation terminated.
make[1]: Leaving directory `/source/clients/freerdp-git-01102012/CMakeFiles/CMakeTmp'
make[1]: *** [CMakeFiles/cmTryCompileExec.dir/CheckIncludeFiles.c.o] Error 1
make: *** [cmTryCompileExec/fast] Error 2

Source:
/* */
#include <sys/modem.h>


int main(){return 0;}

Determining if files sys/filio.h exist failed with the following output:
Change Dir: /source/clients/freerdp-git-01102012/CMakeFiles/CMakeTmp

Run Build Command:/usr/bin/make "cmTryCompileExec/fast"
/usr/bin/make -f CMakeFiles/cmTryCompileExec.dir/build.make CMakeFiles/cmTryCompileExec.dir/build
make[1]: Entering directory `/source/clients/freerdp-git-01102012/CMakeFiles/CMakeTmp'
/usr/bin/cmake -E cmake_progress_report /source/clients/freerdp-git-01102012/CMakeFiles/CMakeTmp/CMakeFiles 1
Building C object CMakeFiles/cmTryCompileExec.dir/CheckIncludeFiles.c.o
/toolchain/bin/i486-TSOL-linux-gnu-gcc   -O2  -Wall -Wno-unused-result -Wno-unused-but-set-variable -O2     -o CMakeFiles/cmTryCompileExec.dir/CheckIncludeFiles.c.o   -c /source/clients/freerdp-git-01102012/CMakeFiles/CMakeTmp/CheckIncludeFiles.c
/source/clients/freerdp-git-01102012/CMakeFiles/CMakeTmp/CheckIncludeFiles.c:2:23: fatal error: sys/filio.h: No such file or directory
compilation terminated.
make[1]: Leaving directory `/source/clients/freerdp-git-01102012/CMakeFiles/CMakeTmp'
make[1]: *** [CMakeFiles/cmTryCompileExec.dir/CheckIncludeFiles.c.o] Error 1
make: *** [cmTryCompileExec/fast] Error 2

Source:
/* */
#include <sys/filio.h>


int main(){return 0;}

Determining if files sys/strtio.h exist failed with the following output:
Change Dir: /source/clients/freerdp-git-01102012/CMakeFiles/CMakeTmp

Run Build Command:/usr/bin/make "cmTryCompileExec/fast"
/usr/bin/make -f CMakeFiles/cmTryCompileExec.dir/build.make CMakeFiles/cmTryCompileExec.dir/build
make[1]: Entering directory `/source/clients/freerdp-git-01102012/CMakeFiles/CMakeTmp'
/usr/bin/cmake -E cmake_progress_report /source/clients/freerdp-git-01102012/CMakeFiles/CMakeTmp/CMakeFiles 1
Building C object CMakeFiles/cmTryCompileExec.dir/CheckIncludeFiles.c.o
/toolchain/bin/i486-TSOL-linux-gnu-gcc   -O2  -Wall -Wno-unused-result -Wno-unused-but-set-variable -O2     -o CMakeFiles/cmTryCompileExec.dir/CheckIncludeFiles.c.o   -c /source/clients/freerdp-git-01102012/CMakeFiles/CMakeTmp/CheckIncludeFiles.c
/source/clients/freerdp-git-01102012/CMakeFiles/CMakeTmp/CheckIncludeFiles.c:2:24: fatal error: sys/strtio.h: No such file or directory
compilation terminated.
make[1]: Leaving directory `/source/clients/freerdp-git-01102012/CMakeFiles/CMakeTmp'
make[1]: *** [CMakeFiles/cmTryCompileExec.dir/CheckIncludeFiles.c.o] Error 1
make: *** [cmTryCompileExec/fast] Error 2

Source:
/* */
#include <sys/strtio.h>


int main(){return 0;}

Determining if the function pthread_create exists in the pthreads failed with the following output:
Change Dir: /source/clients/freerdp-git-01102012/CMakeFiles/CMakeTmp

Run Build Command:/usr/bin/make "cmTryCompileExec/fast"
/usr/bin/make -f CMakeFiles/cmTryCompileExec.dir/build.make CMakeFiles/cmTryCompileExec.dir/build
make[1]: Entering directory `/source/clients/freerdp-git-01102012/CMakeFiles/CMakeTmp'
/usr/bin/cmake -E cmake_progress_report /source/clients/freerdp-git-01102012/CMakeFiles/CMakeTmp/CMakeFiles 1
Building C object CMakeFiles/cmTryCompileExec.dir/CheckFunctionExists.c.o
/toolchain/bin/i486-TSOL-linux-gnu-gcc   -O2  -Wall -Wno-unused-result -Wno-unused-but-set-variable -O2  -DCHECK_FUNCTION_EXISTS=pthread_create   -o CMakeFiles/cmTryCompileExec.dir/CheckFunctionExists.c.o   -c /usr/share/cmake-2.8/Modules/CheckFunctionExists.c
Linking C executable cmTryCompileExec
/usr/bin/cmake -E cmake_link_script CMakeFiles/cmTryCompileExec.dir/link.txt --verbose=1
/toolchain/bin/i486-TSOL-linux-gnu-gcc   -O2  -Wall -Wno-unused-result -Wno-unused-but-set-variable -O2  -DCHECK_FUNCTION_EXISTS=pthread_create    CMakeFiles/cmTryCompileExec.dir/CheckFunctionExists.c.o  -o cmTryCompileExec -rdynamic -lpthreads 
/toolchain/lib/gcc/i486-TSOL-linux-gnu/4.6.3/../../../../i486-TSOL-linux-gnu/bin/ld: cannot find -lpthreads
collect2: ld returned 1 exit status
make[1]: Leaving directory `/source/clients/freerdp-git-01102012/CMakeFiles/CMakeTmp'
make[1]: *** [cmTryCompileExec] Error 1
make: *** [cmTryCompileExec/fast] Error 2


Determining if files sys/modem.h exist failed with the following output:
Change Dir: /source/clients/freerdp-git-01102012/CMakeFiles/CMakeTmp

Run Build Command:/usr/bin/make "cmTryCompileExec/fast"
/usr/bin/make -f CMakeFiles/cmTryCompileExec.dir/build.make CMakeFiles/cmTryCompileExec.dir/build
make[1]: Entering directory `/source/clients/freerdp-git-01102012/CMakeFiles/CMakeTmp'
/usr/bin/cmake -E cmake_progress_report /source/clients/freerdp-git-01102012/CMakeFiles/CMakeTmp/CMakeFiles 1
Building C object CMakeFiles/cmTryCompileExec.dir/CheckIncludeFiles.c.o
/toolchain/bin/i486-TSOL-linux-gnu-gcc   -O2  -Wall -Wno-unused-result -Wno-unused-but-set-variable -O2     -o CMakeFiles/cmTryCompileExec.dir/CheckIncludeFiles.c.o   -c /source/clients/freerdp-git-01102012/CMakeFiles/CMakeTmp/CheckIncludeFiles.c
/source/clients/freerdp-git-01102012/CMakeFiles/CMakeTmp/CheckIncludeFiles.c:2:23: fatal error: sys/modem.h: No such file or directory
compilation terminated.
make[1]: Leaving directory `/source/clients/freerdp-git-01102012/CMakeFiles/CMakeTmp'
make[1]: *** [CMakeFiles/cmTryCompileExec.dir/CheckIncludeFiles.c.o] Error 1
make: *** [cmTryCompileExec/fast] Error 2

Source:
/* */
#include <sys/modem.h>


int main(){return 0;}

Determining if files sys/filio.h exist failed with the following output:
Change Dir: /source/clients/freerdp-git-01102012/CMakeFiles/CMakeTmp

Run Build Command:/usr/bin/make "cmTryCompileExec/fast"
/usr/bin/make -f CMakeFiles/cmTryCompileExec.dir/build.make CMakeFiles/cmTryCompileExec.dir/build
make[1]: Entering directory `/source/clients/freerdp-git-01102012/CMakeFiles/CMakeTmp'
/usr/bin/cmake -E cmake_progress_report /source/clients/freerdp-git-01102012/CMakeFiles/CMakeTmp/CMakeFiles 1
Building C object CMakeFiles/cmTryCompileExec.dir/CheckIncludeFiles.c.o
/toolchain/bin/i486-TSOL-linux-gnu-gcc   -O2  -Wall -Wno-unused-result -Wno-unused-but-set-variable -O2     -o CMakeFiles/cmTryCompileExec.dir/CheckIncludeFiles.c.o   -c /source/clients/freerdp-git-01102012/CMakeFiles/CMakeTmp/CheckIncludeFiles.c
/source/clients/freerdp-git-01102012/CMakeFiles/CMakeTmp/CheckIncludeFiles.c:2:23: fatal error: sys/filio.h: No such file or directory
compilation terminated.
make[1]: Leaving directory `/source/clients/freerdp-git-01102012/CMakeFiles/CMakeTmp'
make[1]: *** [CMakeFiles/cmTryCompileExec.dir/CheckIncludeFiles.c.o] Error 1
make: *** [cmTryCompileExec/fast] Error 2

Source:
/* */
#include <sys/filio.h>


int main(){return 0;}

Determining if files sys/strtio.h exist failed with the following output:
Change Dir: /source/clients/freerdp-git-01102012/CMakeFiles/CMakeTmp

Run Build Command:/usr/bin/make "cmTryCompileExec/fast"
/usr/bin/make -f CMakeFiles/cmTryCompileExec.dir/build.make CMakeFiles/cmTryCompileExec.dir/build
make[1]: Entering directory `/source/clients/freerdp-git-01102012/CMakeFiles/CMakeTmp'
/usr/bin/cmake -E cmake_progress_report /source/clients/freerdp-git-01102012/CMakeFiles/CMakeTmp/CMakeFiles 1
Building C object CMakeFiles/cmTryCompileExec.dir/CheckIncludeFiles.c.o
/toolchain/bin/i486-TSOL-linux-gnu-gcc   -O2  -Wall -Wno-unused-result -Wno-unused-but-set-variable -O2     -o CMakeFiles/cmTryCompileExec.dir/CheckIncludeFiles.c.o   -c /source/clients/freerdp-git-01102012/CMakeFiles/CMakeTmp/CheckIncludeFiles.c
/source/clients/freerdp-git-01102012/CMakeFiles/CMakeTmp/CheckIncludeFiles.c:2:24: fatal error: sys/strtio.h: No such file or directory
compilation terminated.
make[1]: Leaving directory `/source/clients/freerdp-git-01102012/CMakeFiles/CMakeTmp'
make[1]: *** [CMakeFiles/cmTryCompileExec.dir/CheckIncludeFiles.c.o] Error 1
make: *** [cmTryCompileExec/fast] Error 2

Source:
/* */
#include <sys/strtio.h>


int main(){return 0;}

Determining if the function pthread_create exists in the pthreads failed with the following output:
Change Dir: /source/clients/freerdp-git-01102012/CMakeFiles/CMakeTmp

Run Build Command:/usr/bin/make "cmTryCompileExec/fast"
/usr/bin/make -f CMakeFiles/cmTryCompileExec.dir/build.make CMakeFiles/cmTryCompileExec.dir/build
make[1]: Entering directory `/source/clients/freerdp-git-01102012/CMakeFiles/CMakeTmp'
/usr/bin/cmake -E cmake_progress_report /source/clients/freerdp-git-01102012/CMakeFiles/CMakeTmp/CMakeFiles 1
Building C object CMakeFiles/cmTryCompileExec.dir/CheckFunctionExists.c.o
/toolchain/bin/i486-TSOL-linux-gnu-gcc   -O2  -Wall -Wno-unused-result -Wno-unused-but-set-variable -O2  -DCHECK_FUNCTION_EXISTS=pthread_create   -o CMakeFiles/cmTryCompileExec.dir/CheckFunctionExists.c.o   -c /usr/share/cmake-2.8/Modules/CheckFunctionExists.c
Linking C executable cmTryCompileExec
/usr/bin/cmake -E cmake_link_script CMakeFiles/cmTryCompileExec.dir/link.txt --verbose=1
/toolchain/bin/i486-TSOL-linux-gnu-gcc   -O2  -Wall -Wno-unused-result -Wno-unused-but-set-variable -O2  -DCHECK_FUNCTION_EXISTS=pthread_create   -static-libgcc CMakeFiles/cmTryCompileExec.dir/CheckFunctionExists.c.o  -o cmTryCompileExec -rdynamic -lpthreads 
/toolchain/lib/gcc/i486-TSOL-linux-gnu/4.6.3/../../../../i486-TSOL-linux-gnu/bin/ld: cannot find -lpthreads
collect2: ld returned 1 exit status
make[1]: Leaving directory `/source/clients/freerdp-git-01102012/CMakeFiles/CMakeTmp'
make[1]: *** [cmTryCompileExec] Error 1
make: *** [cmTryCompileExec/fast] Error 2


Determining if the pthread_create exist failed with the following output:
Change Dir: /source/clients/freerdp-git-01102012/CMakeFiles/CMakeTmp

Run Build Command:/usr/bin/make "cmTryCompileExec3104030708/fast"
/usr/bin/make -f CMakeFiles/cmTryCompileExec3104030708.dir/build.make CMakeFiles/cmTryCompileExec3104030708.dir/build
make[1]: Entering directory `/source/clients/freerdp-git-01102012/CMakeFiles/CMakeTmp'
/usr/bin/cmake -E cmake_progress_report /source/clients/freerdp-git-01102012/CMakeFiles/CMakeTmp/CMakeFiles 1
Building C object CMakeFiles/cmTryCompileExec3104030708.dir/CheckSymbolExists.c.o
/toolchain/bin/i486-TSOL-linux-gnu-gcc   -O2  -Wall -Wno-unused-result -Wno-unused-but-set-variable -O2   -fPIE   -o CMakeFiles/cmTryCompileExec3104030708.dir/CheckSymbolExists.c.o   -c /source/clients/freerdp-git-01102012/CMakeFiles/CMakeTmp/CheckSymbolExists.c
Linking C executable cmTryCompileExec3104030708
/usr/bin/cmake -E cmake_link_script CMakeFiles/cmTryCompileExec3104030708.dir/link.txt --verbose=1
/toolchain/bin/i486-TSOL-linux-gnu-gcc   -O2  -Wall -Wno-unused-result -Wno-unused-but-set-variable -O2     -static-libgcc CMakeFiles/cmTryCompileExec3104030708.dir/CheckSymbolExists.c.o  -o cmTryCompileExec3104030708 -rdynamic 
CMakeFiles/cmTryCompileExec3104030708.dir/CheckSymbolExists.c.o: In function `main':
CheckSymbolExists.c:(.text.startup+0xe): undefined reference to `pthread_create'
collect2: ld returned 1 exit status
make[1]: Leaving directory `/source/clients/freerdp-git-01102012/CMakeFiles/CMakeTmp'
make[1]: *** [cmTryCompileExec3104030708] Error 1
make: *** [cmTryCompileExec3104030708/fast] Error 2

File /source/clients/freerdp-git-01102012/CMakeFiles/CMakeTmp/CheckSymbolExists.c:
/* */
#include <pthread.h>

int main(int argc, char** argv)
{
  (void)argv;
#ifndef pthread_create
  return ((int*)(&pthread_create))[argc];
#else
  (void)argc;
  return 0;
#endif
}

Determining if files sys/modem.h exist failed with the following output:
Change Dir: /source/clients/freerdp-git-01102012/CMakeFiles/CMakeTmp

Run Build Command:/usr/bin/make "cmTryCompileExec2001624500/fast"
/usr/bin/make -f CMakeFiles/cmTryCompileExec2001624500.dir/build.make CMakeFiles/cmTryCompileExec2001624500.dir/build
make[1]: Entering directory `/source/clients/freerdp-git-01102012/CMakeFiles/CMakeTmp'
/usr/bin/cmake -E cmake_progress_report /source/clients/freerdp-git-01102012/CMakeFiles/CMakeTmp/CMakeFiles 1
Building C object CMakeFiles/cmTryCompileExec2001624500.dir/CheckIncludeFiles.c.o
/toolchain/bin/i486-TSOL-linux-gnu-gcc   -O2  -Wall -Wno-unused-result -Wno-unused-but-set-variable -O2     -o CMakeFiles/cmTryCompileExec2001624500.dir/CheckIncludeFiles.c.o   -c /source/clients/freerdp-git-01102012/CMakeFiles/CMakeTmp/CheckIncludeFiles.c
/source/clients/freerdp-git-01102012/CMakeFiles/CMakeTmp/CheckIncludeFiles.c:2:23: fatal error: sys/modem.h: No such file or directory
compilation terminated.
make[1]: Leaving directory `/source/clients/freerdp-git-01102012/CMakeFiles/CMakeTmp'
make[1]: *** [CMakeFiles/cmTryCompileExec2001624500.dir/CheckIncludeFiles.c.o] Error 1
make: *** [cmTryCompileExec2001624500/fast] Error 2

Source:
/* */
#include <sys/modem.h>


int main(){return 0;}

Determining if files sys/filio.h exist failed with the following output:
Change Dir: /source/clients/freerdp-git-01102012/CMakeFiles/CMakeTmp

Run Build Command:/usr/bin/make "cmTryCompileExec2439730413/fast"
/usr/bin/make -f CMakeFiles/cmTryCompileExec2439730413.dir/build.make CMakeFiles/cmTryCompileExec2439730413.dir/build
make[1]: Entering directory `/source/clients/freerdp-git-01102012/CMakeFiles/CMakeTmp'
/usr/bin/cmake -E cmake_progress_report /source/clients/freerdp-git-01102012/CMakeFiles/CMakeTmp/CMakeFiles 1
Building C object CMakeFiles/cmTryCompileExec2439730413.dir/CheckIncludeFiles.c.o
/toolchain/bin/i486-TSOL-linux-gnu-gcc   -O2  -Wall -Wno-unused-result -Wno-unused-but-set-variable -O2     -o CMakeFiles/cmTryCompileExec2439730413.dir/CheckIncludeFiles.c.o   -c /source/clients/freerdp-git-01102012/CMakeFiles/CMakeTmp/CheckIncludeFiles.c
/source/clients/freerdp-git-01102012/CMakeFiles/CMakeTmp/CheckIncludeFiles.c:2:23: fatal error: sys/filio.h: No such file or directory
compilation terminated.
make[1]: Leaving directory `/source/clients/freerdp-git-01102012/CMakeFiles/CMakeTmp'
make[1]: *** [CMakeFiles/cmTryCompileExec2439730413.dir/CheckIncludeFiles.c.o] Error 1
make: *** [cmTryCompileExec2439730413/fast] Error 2

Source:
/* */
#include <sys/filio.h>


int main(){return 0;}

Determining if files sys/strtio.h exist failed with the following output:
Change Dir: /source/clients/freerdp-git-01102012/CMakeFiles/CMakeTmp

Run Build Command:/usr/bin/make "cmTryCompileExec3125521288/fast"
/usr/bin/make -f CMakeFiles/cmTryCompileExec3125521288.dir/build.make CMakeFiles/cmTryCompileExec3125521288.dir/build
make[1]: Entering directory `/source/clients/freerdp-git-01102012/CMakeFiles/CMakeTmp'
/usr/bin/cmake -E cmake_progress_report /source/clients/freerdp-git-01102012/CMakeFiles/CMakeTmp/CMakeFiles 1
Building C object CMakeFiles/cmTryCompileExec3125521288.dir/CheckIncludeFiles.c.o
/toolchain/bin/i486-TSOL-linux-gnu-gcc   -O2  -Wall -Wno-unused-result -Wno-unused-but-set-variable -O2     -o CMakeFiles/cmTryCompileExec3125521288.dir/CheckIncludeFiles.c.o   -c /source/clients/freerdp-git-01102012/CMakeFiles/CMakeTmp/CheckIncludeFiles.c
/source/clients/freerdp-git-01102012/CMakeFiles/CMakeTmp/CheckIncludeFiles.c:2:24: fatal error: sys/strtio.h: No such file or directory
compilation terminated.
make[1]: Leaving directory `/source/clients/freerdp-git-01102012/CMakeFiles/CMakeTmp'
make[1]: *** [CMakeFiles/cmTryCompileExec3125521288.dir/CheckIncludeFiles.c.o] Error 1
make: *** [cmTryCompileExec3125521288/fast] Error 2

Source:
/* */
#include <sys/strtio.h>


int main(){return 0;}

Determining if the pthread_create exist failed with the following output:
Change Dir: /source/clients/freerdp-git-01102012/CMakeFiles/CMakeTmp

Run Build Command:/usr/bin/make "cmTryCompileExec1594020403/fast"
/usr/bin/make -f CMakeFiles/cmTryCompileExec1594020403.dir/build.make CMakeFiles/cmTryCompileExec1594020403.dir/build
make[1]: Entering directory `/source/clients/freerdp-git-01102012/CMakeFiles/CMakeTmp'
/usr/bin/cmake -E cmake_progress_report /source/clients/freerdp-git-01102012/CMakeFiles/CMakeTmp/CMakeFiles 1
Building C object CMakeFiles/cmTryCompileExec1594020403.dir/CheckSymbolExists.c.o
/toolchain/bin/i486-TSOL-linux-gnu-gcc   -O2  -Wall -Wno-unused-result -Wno-unused-but-set-variable -O2   -fPIE   -o CMakeFiles/cmTryCompileExec1594020403.dir/CheckSymbolExists.c.o   -c /source/clients/freerdp-git-01102012/CMakeFiles/CMakeTmp/CheckSymbolExists.c
Linking C executable cmTryCompileExec1594020403
/usr/bin/cmake -E cmake_link_script CMakeFiles/cmTryCompileExec1594020403.dir/link.txt --verbose=1
/toolchain/bin/i486-TSOL-linux-gnu-gcc   -O2  -Wall -Wno-unused-result -Wno-unused-but-set-variable -O2     -static-libgcc CMakeFiles/cmTryCompileExec1594020403.dir/CheckSymbolExists.c.o  -o cmTryCompileExec1594020403 -rdynamic 
CMakeFiles/cmTryCompileExec1594020403.dir/CheckSymbolExists.c.o: In function `main':
CheckSymbolExists.c:(.text.startup+0xe): undefined reference to `pthread_create'
collect2: ld returned 1 exit status
make[1]: Leaving directory `/source/clients/freerdp-git-01102012/CMakeFiles/CMakeTmp'
make[1]: *** [cmTryCompileExec1594020403] Error 1
make: *** [cmTryCompileExec1594020403/fast] Error 2

File /source/clients/freerdp-git-01102012/CMakeFiles/CMakeTmp/CheckSymbolExists.c:
/* */
#include <pthread.h>

int main(int argc, char** argv)
{
  (void)argv;
#ifndef pthread_create
  return ((int*)(&pthread_create))[argc];
#else
  (void)argc;
  return 0;
#endif
}

Determining if the function pthread_create exists in the pthreads failed with the following output:
Change Dir: /source/clients/freerdp-git-01102012/CMakeFiles/CMakeTmp

Run Build Command:/usr/bin/make "cmTryCompileExec2718623887/fast"
/usr/bin/make -f CMakeFiles/cmTryCompileExec2718623887.dir/build.make CMakeFiles/cmTryCompileExec2718623887.dir/build
make[1]: Entering directory `/source/clients/freerdp-git-01102012/CMakeFiles/CMakeTmp'
/usr/bin/cmake -E cmake_progress_report /source/clients/freerdp-git-01102012/CMakeFiles/CMakeTmp/CMakeFiles 1
Building C object CMakeFiles/cmTryCompileExec2718623887.dir/CheckFunctionExists.c.o
/toolchain/bin/i486-TSOL-linux-gnu-gcc   -O2  -Wall -Wno-unused-result -Wno-unused-but-set-variable -O2  -DCHECK_FUNCTION_EXISTS=pthread_create -fPIE   -o CMakeFiles/cmTryCompileExec2718623887.dir/CheckFunctionExists.c.o   -c /usr/share/cmake-2.8/Modules/CheckFunctionExists.c
Linking C executable cmTryCompileExec2718623887
/usr/bin/cmake -E cmake_link_script CMakeFiles/cmTryCompileExec2718623887.dir/link.txt --verbose=1
/toolchain/bin/i486-TSOL-linux-gnu-gcc   -O2  -Wall -Wno-unused-result -Wno-unused-but-set-variable -O2  -DCHECK_FUNCTION_EXISTS=pthread_create   -static-libgcc CMakeFiles/cmTryCompileExec2718623887.dir/CheckFunctionExists.c.o  -o cmTryCompileExec2718623887 -rdynamic -lpthreads 
/toolchain/lib/gcc/i486-TSOL-linux-gnu/4.6.3/../../../../i486-TSOL-linux-gnu/bin/ld: cannot find -lpthreads
collect2: ld returned 1 exit status
make[1]: Leaving directory `/source/clients/freerdp-git-01102012/CMakeFiles/CMakeTmp'
make[1]: *** [cmTryCompileExec2718623887] Error 1
make: *** [cmTryCompileExec2718623887/fast] Error 2


Determining if files sys/modem.h exist failed with the following output:
Change Dir: /source/clients/freerdp-git-01102012/CMakeFiles/CMakeTmp

Run Build Command:/usr/bin/make "cmTryCompileExec1182788587/fast"
/usr/bin/make -f CMakeFiles/cmTryCompileExec1182788587.dir/build.make CMakeFiles/cmTryCompileExec1182788587.dir/build
make[1]: Entering directory `/source/clients/freerdp-git-01102012/CMakeFiles/CMakeTmp'
/usr/bin/cmake -E cmake_progress_report /source/clients/freerdp-git-01102012/CMakeFiles/CMakeTmp/CMakeFiles 1
Building C object CMakeFiles/cmTryCompileExec1182788587.dir/CheckIncludeFiles.c.o
/toolchain/bin/i486-TSOL-linux-gnu-gcc   -O2  -Wall -Wno-unused-result -Wno-unused-but-set-variable -O2     -o CMakeFiles/cmTryCompileExec1182788587.dir/CheckIncludeFiles.c.o   -c /source/clients/freerdp-git-01102012/CMakeFiles/CMakeTmp/CheckIncludeFiles.c
/source/clients/freerdp-git-01102012/CMakeFiles/CMakeTmp/CheckIncludeFiles.c:2:23: fatal error: sys/modem.h: No such file or directory
compilation terminated.
make[1]: Leaving directory `/source/clients/freerdp-git-01102012/CMakeFiles/CMakeTmp'
make[1]: *** [CMakeFiles/cmTryCompileExec1182788587.dir/CheckIncludeFiles.c.o] Error 1
make: *** [cmTryCompileExec1182788587/fast] Error 2

Source:
/* */
#include <sys/modem.h>


int main(){return 0;}

Determining if files sys/filio.h exist failed with the following output:
Change Dir: /source/clients/freerdp-git-01102012/CMakeFiles/CMakeTmp

Run Build Command:/usr/bin/make "cmTryCompileExec1706900655/fast"
/usr/bin/make -f CMakeFiles/cmTryCompileExec1706900655.dir/build.make CMakeFiles/cmTryCompileExec1706900655.dir/build
make[1]: Entering directory `/source/clients/freerdp-git-01102012/CMakeFiles/CMakeTmp'
/usr/bin/cmake -E cmake_progress_report /source/clients/freerdp-git-01102012/CMakeFiles/CMakeTmp/CMakeFiles 1
Building C object CMakeFiles/cmTryCompileExec1706900655.dir/CheckIncludeFiles.c.o
/toolchain/bin/i486-TSOL-linux-gnu-gcc   -O2  -Wall -Wno-unused-result -Wno-unused-but-set-variable -O2     -o CMakeFiles/cmTryCompileExec1706900655.dir/CheckIncludeFiles.c.o   -c /source/clients/freerdp-git-01102012/CMakeFiles/CMakeTmp/CheckIncludeFiles.c
/source/clients/freerdp-git-01102012/CMakeFiles/CMakeTmp/CheckIncludeFiles.c:2:23: fatal error: sys/filio.h: No such file or directory
compilation terminated.
make[1]: Leaving directory `/source/clients/freerdp-git-01102012/CMakeFiles/CMakeTmp'
make[1]: *** [CMakeFiles/cmTryCompileExec1706900655.dir/CheckIncludeFiles.c.o] Error 1
make: *** [cmTryCompileExec1706900655/fast] Error 2

Source:
/* */
#include <sys/filio.h>


int main(){return 0;}

Determining if files sys/strtio.h exist failed with the following output:
Change Dir: /source/clients/freerdp-git-01102012/CMakeFiles/CMakeTmp

Run Build Command:/usr/bin/make "cmTryCompileExec4015207777/fast"
/usr/bin/make -f CMakeFiles/cmTryCompileExec4015207777.dir/build.make CMakeFiles/cmTryCompileExec4015207777.dir/build
make[1]: Entering directory `/source/clients/freerdp-git-01102012/CMakeFiles/CMakeTmp'
/usr/bin/cmake -E cmake_progress_report /source/clients/freerdp-git-01102012/CMakeFiles/CMakeTmp/CMakeFiles 1
Building C object CMakeFiles/cmTryCompileExec4015207777.dir/CheckIncludeFiles.c.o
/toolchain/bin/i486-TSOL-linux-gnu-gcc   -O2  -Wall -Wno-unused-result -Wno-unused-but-set-variable -O2     -o CMakeFiles/cmTryCompileExec4015207777.dir/CheckIncludeFiles.c.o   -c /source/clients/freerdp-git-01102012/CMakeFiles/CMakeTmp/CheckIncludeFiles.c
/source/clients/freerdp-git-01102012/CMakeFiles/CMakeTmp/CheckIncludeFiles.c:2:24: fatal error: sys/strtio.h: No such file or directory
compilation terminated.
make[1]: Leaving directory `/source/clients/freerdp-git-01102012/CMakeFiles/CMakeTmp'
make[1]: *** [CMakeFiles/cmTryCompileExec4015207777.dir/CheckIncludeFiles.c.o] Error 1
make: *** [cmTryCompileExec4015207777/fast] Error 2

Source:
/* */
#include <sys/strtio.h>


int main(){return 0;}

Determining if the pthread_create exist failed with the following output:
Change Dir: /source/clients/freerdp-git-01102012/CMakeFiles/CMakeTmp

Run Build Command:/usr/bin/make "cmTryCompileExec367019347/fast"
/usr/bin/make -f CMakeFiles/cmTryCompileExec367019347.dir/build.make CMakeFiles/cmTryCompileExec367019347.dir/build
make[1]: Entering directory `/source/clients/freerdp-git-01102012/CMakeFiles/CMakeTmp'
/usr/bin/cmake -E cmake_progress_report /source/clients/freerdp-git-01102012/CMakeFiles/CMakeTmp/CMakeFiles 1
Building C object CMakeFiles/cmTryCompileExec367019347.dir/CheckSymbolExists.c.o
/toolchain/bin/i486-TSOL-linux-gnu-gcc   -O2  -Wall -Wno-unused-result -Wno-unused-but-set-variable -O2     -o CMakeFiles/cmTryCompileExec367019347.dir/CheckSymbolExists.c.o   -c /source/clients/freerdp-git-01102012/CMakeFiles/CMakeTmp/CheckSymbolExists.c
Linking C executable cmTryCompileExec367019347
/usr/bin/cmake -E cmake_link_script CMakeFiles/cmTryCompileExec367019347.dir/link.txt --verbose=1
/toolchain/bin/i486-TSOL-linux-gnu-gcc   -O2  -Wall -Wno-unused-result -Wno-unused-but-set-variable -O2     -static-libgcc CMakeFiles/cmTryCompileExec367019347.dir/CheckSymbolExists.c.o  -o cmTryCompileExec367019347 -rdynamic 
CMakeFiles/cmTryCompileExec367019347.dir/CheckSymbolExists.c.o: In function `main':
CheckSymbolExists.c:(.text.startup+0x7): undefined reference to `pthread_create'
collect2: ld returned 1 exit status
make[1]: Leaving directory `/source/clients/freerdp-git-01102012/CMakeFiles/CMakeTmp'
make[1]: *** [cmTryCompileExec367019347] Error 1
make: *** [cmTryCompileExec367019347/fast] Error 2

File /source/clients/freerdp-git-01102012/CMakeFiles/CMakeTmp/CheckSymbolExists.c:
/* */
#include <pthread.h>

int main(int argc, char** argv)
{
  (void)argv;
#ifndef pthread_create
  return ((int*)(&pthread_create))[argc];
#else
  (void)argc;
  return 0;
#endif
}

Determining if the function pthread_create exists in the pthreads failed with the following output:
Change Dir: /source/clients/freerdp-git-01102012/CMakeFiles/CMakeTmp

Run Build Command:/usr/bin/make "cmTryCompileExec2646364155/fast"
/usr/bin/make -f CMakeFiles/cmTryCompileExec2646364155.dir/build.make CMakeFiles/cmTryCompileExec2646364155.dir/build
make[1]: Entering directory `/source/clients/freerdp-git-01102012/CMakeFiles/CMakeTmp'
/usr/bin/cmake -E cmake_progress_report /source/clients/freerdp-git-01102012/CMakeFiles/CMakeTmp/CMakeFiles 1
Building C object CMakeFiles/cmTryCompileExec2646364155.dir/CheckFunctionExists.c.o
/toolchain/bin/i486-TSOL-linux-gnu-gcc   -O2  -Wall -Wno-unused-result -Wno-unused-but-set-variable -O2  -DCHECK_FUNCTION_EXISTS=pthread_create   -o CMakeFiles/cmTryCompileExec2646364155.dir/CheckFunctionExists.c.o   -c /usr/share/cmake-2.8/Modules/CheckFunctionExists.c
Linking C executable cmTryCompileExec2646364155
/usr/bin/cmake -E cmake_link_script CMakeFiles/cmTryCompileExec2646364155.dir/link.txt --verbose=1
/toolchain/bin/i486-TSOL-linux-gnu-gcc   -O2  -Wall -Wno-unused-result -Wno-unused-but-set-variable -O2  -DCHECK_FUNCTION_EXISTS=pthread_create   -static-libgcc CMakeFiles/cmTryCompileExec2646364155.dir/CheckFunctionExists.c.o  -o cmTryCompileExec2646364155 -rdynamic -lpthreads 
/toolchain/lib/gcc/i486-TSOL-linux-gnu/4.6.3/../../../../i486-TSOL-linux-gnu/bin/ld: cannot find -lpthreads
collect2: ld returned 1 exit status
make[1]: Leaving directory `/source/clients/freerdp-git-01102012/CMakeFiles/CMakeTmp'
make[1]: *** [cmTryCompileExec2646364155] Error 1
make: *** [cmTryCompileExec2646364155/fast] Error 2


Determining if files sys/modem.h exist failed with the following output:
Change Dir: /source/clients/freerdp-git-01102012/CMakeFiles/CMakeTmp

Run Build Command:/usr/bin/make "cmTryCompileExec1544147016/fast"
/usr/bin/make -f CMakeFiles/cmTryCompileExec1544147016.dir/build.make CMakeFiles/cmTryCompileExec1544147016.dir/build
make[1]: Entering directory `/source/clients/freerdp-git-01102012/CMakeFiles/CMakeTmp'
/usr/bin/cmake -E cmake_progress_report /source/clients/freerdp-git-01102012/CMakeFiles/CMakeTmp/CMakeFiles 1
Building C object CMakeFiles/cmTryCompileExec1544147016.dir/CheckIncludeFiles.c.o
/toolchain/bin/i486-TSOL-linux-gnu-gcc   -O2  -Wall -Wno-unused-result -Wno-unused-but-set-variable -O2     -o CMakeFiles/cmTryCompileExec1544147016.dir/CheckIncludeFiles.c.o   -c /source/clients/freerdp-git-01102012/CMakeFiles/CMakeTmp/CheckIncludeFiles.c
/source/clients/freerdp-git-01102012/CMakeFiles/CMakeTmp/CheckIncludeFiles.c:2:23: fatal error: sys/modem.h: No such file or directory
compilation terminated.
make[1]: Leaving directory `/source/clients/freerdp-git-01102012/CMakeFiles/CMakeTmp'
make[1]: *** [CMakeFiles/cmTryCompileExec1544147016.dir/CheckIncludeFiles.c.o] Error 1
make: *** [cmTryCompileExec1544147016/fast] Error 2

Source:
/* */
#include <sys/modem.h>


int main(){return 0;}

Determining if files sys/filio.h exist failed with the following output:
Change Dir: /source/clients/freerdp-git-01102012/CMakeFiles/CMakeTmp

Run Build Command:/usr/bin/make "cmTryCompileExec2907695213/fast"
/usr/bin/make -f CMakeFiles/cmTryCompileExec2907695213.dir/build.make CMakeFiles/cmTryCompileExec2907695213.dir/build
make[1]: Entering directory `/source/clients/freerdp-git-01102012/CMakeFiles/CMakeTmp'
/usr/bin/cmake -E cmake_progress_report /source/clients/freerdp-git-01102012/CMakeFiles/CMakeTmp/CMakeFiles 1
Building C object CMakeFiles/cmTryCompileExec2907695213.dir/CheckIncludeFiles.c.o
/toolchain/bin/i486-TSOL-linux-gnu-gcc   -O2  -Wall -Wno-unused-result -Wno-unused-but-set-variable -O2     -o CMakeFiles/cmTryCompileExec2907695213.dir/CheckIncludeFiles.c.o   -c /source/clients/freerdp-git-01102012/CMakeFiles/CMakeTmp/CheckIncludeFiles.c
/source/clients/freerdp-git-01102012/CMakeFiles/CMakeTmp/CheckIncludeFiles.c:2:23: fatal error: sys/filio.h: No such file or directory
compilation terminated.
make[1]: Leaving directory `/source/clients/freerdp-git-01102012/CMakeFiles/CMakeTmp'
make[1]: *** [CMakeFiles/cmTryCompileExec2907695213.dir/CheckIncludeFiles.c.o] Error 1
make: *** [cmTryCompileExec2907695213/fast] Error 2

Source:
/* */
#include <sys/filio.h>


int main(){return 0;}

Determining if files sys/strtio.h exist failed with the following output:
Change Dir: /source/clients/freerdp-git-01102012/CMakeFiles/CMakeTmp

Run Build Command:/usr/bin/make "cmTryCompileExec2138224107/fast"
/usr/bin/make -f CMakeFiles/cmTryCompileExec2138224107.dir/build.make CMakeFiles/cmTryCompileExec2138224107.dir/build
make[1]: Entering directory `/source/clients/freerdp-git-01102012/CMakeFiles/CMakeTmp'
/usr/bin/cmake -E cmake_progress_report /source/clients/freerdp-git-01102012/CMakeFiles/CMakeTmp/CMakeFiles 1
Building C object CMakeFiles/cmTryCompileExec2138224107.dir/CheckIncludeFiles.c.o
/toolchain/bin/i486-TSOL-linux-gnu-gcc   -O2  -Wall -Wno-unused-result -Wno-unused-but-set-variable -O2     -o CMakeFiles/cmTryCompileExec2138224107.dir/CheckIncludeFiles.c.o   -c /source/clients/freerdp-git-01102012/CMakeFiles/CMakeTmp/CheckIncludeFiles.c
/source/clients/freerdp-git-01102012/CMakeFiles/CMakeTmp/CheckIncludeFiles.c:2:24: fatal error: sys/strtio.h: No such file or directory
compilation terminated.
make[1]: Leaving directory `/source/clients/freerdp-git-01102012/CMakeFiles/CMakeTmp'
make[1]: *** [CMakeFiles/cmTryCompileExec2138224107.dir/CheckIncludeFiles.c.o] Error 1
make: *** [cmTryCompileExec2138224107/fast] Error 2

Source:
/* */
#include <sys/strtio.h>


int main(){return 0;}

Determining if the pthread_create exist failed with the following output:
Change Dir: /source/clients/freerdp-git-01102012/CMakeFiles/CMakeTmp

Run Build Command:/usr/bin/make "cmTryCompileExec2671365364/fast"
/usr/bin/make -f CMakeFiles/cmTryCompileExec2671365364.dir/build.make CMakeFiles/cmTryCompileExec2671365364.dir/build
make[1]: Entering directory `/source/clients/freerdp-git-01102012/CMakeFiles/CMakeTmp'
/usr/bin/cmake -E cmake_progress_report /source/clients/freerdp-git-01102012/CMakeFiles/CMakeTmp/CMakeFiles 1
Building C object CMakeFiles/cmTryCompileExec2671365364.dir/CheckSymbolExists.c.o
/toolchain/bin/i486-TSOL-linux-gnu-gcc   -O2  -Wall -Wno-unused-result -Wno-unused-but-set-variable -O2     -o CMakeFiles/cmTryCompileExec2671365364.dir/CheckSymbolExists.c.o   -c /source/clients/freerdp-git-01102012/CMakeFiles/CMakeTmp/CheckSymbolExists.c
Linking C executable cmTryCompileExec2671365364
/usr/bin/cmake -E cmake_link_script CMakeFiles/cmTryCompileExec2671365364.dir/link.txt --verbose=1
/toolchain/bin/i486-TSOL-linux-gnu-gcc   -O2  -Wall -Wno-unused-result -Wno-unused-but-set-variable -O2     -static-libgcc CMakeFiles/cmTryCompileExec2671365364.dir/CheckSymbolExists.c.o  -o cmTryCompileExec2671365364 -rdynamic 
CMakeFiles/cmTryCompileExec2671365364.dir/CheckSymbolExists.c.o: In function `main':
CheckSymbolExists.c:(.text.startup+0x7): undefined reference to `pthread_create'
collect2: ld returned 1 exit status
make[1]: Leaving directory `/source/clients/freerdp-git-01102012/CMakeFiles/CMakeTmp'
make[1]: *** [cmTryCompileExec2671365364] Error 1
make: *** [cmTryCompileExec2671365364/fast] Error 2

File /source/clients/freerdp-git-01102012/CMakeFiles/CMakeTmp/CheckSymbolExists.c:
/* */
#include <pthread.h>

int main(int argc, char** argv)
{
  (void)argv;
#ifndef pthread_create
  return ((int*)(&pthread_create))[argc];
#else
  (void)argc;
  return 0;
#endif
}

Determining if the function pthread_create exists in the pthreads failed with the following output:
Change Dir: /source/clients/freerdp-git-01102012/CMakeFiles/CMakeTmp

Run Build Command:/usr/bin/make "cmTryCompileExec2134795734/fast"
/usr/bin/make -f CMakeFiles/cmTryCompileExec2134795734.dir/build.make CMakeFiles/cmTryCompileExec2134795734.dir/build
make[1]: Entering directory `/source/clients/freerdp-git-01102012/CMakeFiles/CMakeTmp'
/usr/bin/cmake -E cmake_progress_report /source/clients/freerdp-git-01102012/CMakeFiles/CMakeTmp/CMakeFiles 1
Building C object CMakeFiles/cmTryCompileExec2134795734.dir/CheckFunctionExists.c.o
/toolchain/bin/i486-TSOL-linux-gnu-gcc   -O2  -Wall -Wno-unused-result -Wno-unused-but-set-variable -O2  -DCHECK_FUNCTION_EXISTS=pthread_create   -o CMakeFiles/cmTryCompileExec2134795734.dir/CheckFunctionExists.c.o   -c /usr/share/cmake-2.8/Modules/CheckFunctionExists.c
Linking C executable cmTryCompileExec2134795734
/usr/bin/cmake -E cmake_link_script CMakeFiles/cmTryCompileExec2134795734.dir/link.txt --verbose=1
/toolchain/bin/i486-TSOL-linux-gnu-gcc   -O2  -Wall -Wno-unused-result -Wno-unused-but-set-variable -O2  -DCHECK_FUNCTION_EXISTS=pthread_create   -static-libgcc CMakeFiles/cmTryCompileExec2134795734.dir/CheckFunctionExists.c.o  -o cmTryCompileExec2134795734 -rdynamic -lpthreads 
/toolchain/lib/gcc/i486-TSOL-linux-gnu/4.6.3/../../../../i486-TSOL-linux-gnu/bin/ld: cannot find -lpthreads
collect2: ld returned 1 exit status
make[1]: Leaving directory `/source/clients/freerdp-git-01102012/CMakeFiles/CMakeTmp'
make[1]: *** [cmTryCompileExec2134795734] Error 1
make: *** [cmTryCompileExec2134795734/fast] Error 2


