The system is: Linux - 3.2.16-030216-generic - i686
Compiling the C compiler identification source file "CMakeCCompilerId.c" succeeded.
Compiler: /toolchain/bin/i486-TSOL-linux-gnu-gcc 
Build flags: -Os
Id flags: 

The output was:
0


Compilation of the C compiler identification source "CMakeCCompilerId.c" produced "a.out"

The C compiler identification is GNU, found in "/source/clients/freerdp-git-01112013/CMakeFiles/2.8.10.2/CompilerIdC/a.out"

Determining if the C compiler works passed with the following output:
Change Dir: /source/clients/freerdp-git-01112013/CMakeFiles/CMakeTmp

Run Build Command:/usr/bin/make "cmTryCompileExec2296150874/fast"
/usr/bin/make -f CMakeFiles/cmTryCompileExec2296150874.dir/build.make CMakeFiles/cmTryCompileExec2296150874.dir/build
make[1]: Entering directory `/source/clients/freerdp-git-01112013/CMakeFiles/CMakeTmp'
/usr/bin/cmake -E cmake_progress_report /source/clients/freerdp-git-01112013/CMakeFiles/CMakeTmp/CMakeFiles 1
Building C object CMakeFiles/cmTryCompileExec2296150874.dir/testCCompiler.c.o
/toolchain/bin/i486-TSOL-linux-gnu-gcc   -Os      -o CMakeFiles/cmTryCompileExec2296150874.dir/testCCompiler.c.o   -c /source/clients/freerdp-git-01112013/CMakeFiles/CMakeTmp/testCCompiler.c
Linking C executable cmTryCompileExec2296150874
/usr/bin/cmake -E cmake_link_script CMakeFiles/cmTryCompileExec2296150874.dir/link.txt --verbose=1
/toolchain/bin/i486-TSOL-linux-gnu-gcc   -Os      -static-libgcc CMakeFiles/cmTryCompileExec2296150874.dir/testCCompiler.c.o  -o cmTryCompileExec2296150874 -rdynamic 
make[1]: Leaving directory `/source/clients/freerdp-git-01112013/CMakeFiles/CMakeTmp'


Detecting C compiler ABI info compiled with the following output:
Change Dir: /source/clients/freerdp-git-01112013/CMakeFiles/CMakeTmp

Run Build Command:/usr/bin/make "cmTryCompileExec361167662/fast"
/usr/bin/make -f CMakeFiles/cmTryCompileExec361167662.dir/build.make CMakeFiles/cmTryCompileExec361167662.dir/build
make[1]: Entering directory `/source/clients/freerdp-git-01112013/CMakeFiles/CMakeTmp'
/usr/bin/cmake -E cmake_progress_report /source/clients/freerdp-git-01112013/CMakeFiles/CMakeTmp/CMakeFiles 1
Building C object CMakeFiles/cmTryCompileExec361167662.dir/CMakeCCompilerABI.c.o
/toolchain/bin/i486-TSOL-linux-gnu-gcc   -Os      -o CMakeFiles/cmTryCompileExec361167662.dir/CMakeCCompilerABI.c.o   -c /usr/share/cmake-2.8/Modules/CMakeCCompilerABI.c
Linking C executable cmTryCompileExec361167662
/usr/bin/cmake -E cmake_link_script CMakeFiles/cmTryCompileExec361167662.dir/link.txt --verbose=1
/toolchain/bin/i486-TSOL-linux-gnu-gcc   -Os     -v CMakeFiles/cmTryCompileExec361167662.dir/CMakeCCompilerABI.c.o  -o cmTryCompileExec361167662 -rdynamic  
Using built-in specs.
COLLECT_GCC=/toolchain/bin/i486-TSOL-linux-gnu-gcc
COLLECT_LTO_WRAPPER=/toolchain/libexec/gcc/i486-TSOL-linux-gnu/4.6.3/lto-wrapper
Target: i486-TSOL-linux-gnu
Configured with: /TSOL/crosstool-ng-1.15.2/bin/.build/src/gcc-4.6.3/configure --build=i686-build_pc-linux-gnu --host=i686-build_pc-linux-gnu --target=i486-TSOL-linux-gnu --prefix=/toolchain --with-sysroot=/toolchain/i486-TSOL-linux-gnu/sysroot --enable-languages=c,c++ --with-arch=i486 --with-pkgversion='crosstool-NG 1.15.2' --enable-__cxa_atexit --disable-libmudflap --disable-libgomp --disable-libssp --with-gmp=/TSOL/crosstool-ng-1.15.2/bin/.build/i486-TSOL-linux-gnu/buildtools --with-mpfr=/TSOL/crosstool-ng-1.15.2/bin/.build/i486-TSOL-linux-gnu/buildtools --with-mpc=/TSOL/crosstool-ng-1.15.2/bin/.build/i486-TSOL-linux-gnu/buildtools --with-ppl=/TSOL/crosstool-ng-1.15.2/bin/.build/i486-TSOL-linux-gnu/buildtools --with-cloog=/TSOL/crosstool-ng-1.15.2/bin/.build/i486-TSOL-linux-gnu/buildtools --with-libelf=no --with-host-libstdcxx='-static-libgcc -Wl,-Bstatic,-lstdc++,-Bdynamic -lm -L/TSOL/crosstool-ng-1.15.2/bin/.build/i486-TSOL-linux-gnu/buildtools/lib -lpwl' --enable-threads=posix --enable-target-optspace --disable-multilib --with-local-prefix=/toolchain/i486-TSOL-linux-gnu/sysroot --enable-c99 --enable-long-long
Thread model: posix
gcc version 4.6.3 (crosstool-NG 1.15.2) 
COMPILER_PATH=/toolchain/libexec/gcc/i486-TSOL-linux-gnu/4.6.3/:/toolchain/libexec/gcc/i486-TSOL-linux-gnu/4.6.3/:/toolchain/libexec/gcc/i486-TSOL-linux-gnu/:/toolchain/lib/gcc/i486-TSOL-linux-gnu/4.6.3/:/toolchain/lib/gcc/i486-TSOL-linux-gnu/:/toolchain/lib/gcc/i486-TSOL-linux-gnu/4.6.3/../../../../i486-TSOL-linux-gnu/bin/
LIBRARY_PATH=/toolchain/lib/gcc/i486-TSOL-linux-gnu/4.6.3/:/toolchain/lib/gcc/i486-TSOL-linux-gnu/4.6.3/../../../../i486-TSOL-linux-gnu/lib/:/toolchain/i486-TSOL-linux-gnu/sysroot/lib/:/toolchain/i486-TSOL-linux-gnu/sysroot/usr/lib/
COLLECT_GCC_OPTIONS='-Os' '-v' '-o' 'cmTryCompileExec361167662' '-rdynamic' '-mtune=i486' '-march=i486'
 /toolchain/libexec/gcc/i486-TSOL-linux-gnu/4.6.3/collect2 --sysroot=/toolchain/i486-TSOL-linux-gnu/sysroot --eh-frame-hdr -m elf_i386 -export-dynamic -dynamic-linker /lib/ld-linux.so.2 -o cmTryCompileExec361167662 /toolchain/i486-TSOL-linux-gnu/sysroot/usr/lib/crt1.o /toolchain/i486-TSOL-linux-gnu/sysroot/usr/lib/crti.o /toolchain/lib/gcc/i486-TSOL-linux-gnu/4.6.3/crtbegin.o -L/toolchain/lib/gcc/i486-TSOL-linux-gnu/4.6.3 -L/toolchain/lib/gcc/i486-TSOL-linux-gnu/4.6.3/../../../../i486-TSOL-linux-gnu/lib -L/toolchain/i486-TSOL-linux-gnu/sysroot/lib -L/toolchain/i486-TSOL-linux-gnu/sysroot/usr/lib CMakeFiles/cmTryCompileExec361167662.dir/CMakeCCompilerABI.c.o -lgcc --as-needed -lgcc_s --no-as-needed -lc -lgcc --as-needed -lgcc_s --no-as-needed /toolchain/lib/gcc/i486-TSOL-linux-gnu/4.6.3/crtend.o /toolchain/i486-TSOL-linux-gnu/sysroot/usr/lib/crtn.o
make[1]: Leaving directory `/source/clients/freerdp-git-01112013/CMakeFiles/CMakeTmp'


Parsed C implicit link information from above output:
  link line regex: [^( *|.*[/\])(ld|ld|collect2)[^/\]*( |$)]
  ignore line: [Change Dir: /source/clients/freerdp-git-01112013/CMakeFiles/CMakeTmp]
  ignore line: []
  ignore line: [Run Build Command:/usr/bin/make "cmTryCompileExec361167662/fast"]
  ignore line: [/usr/bin/make -f CMakeFiles/cmTryCompileExec361167662.dir/build.make CMakeFiles/cmTryCompileExec361167662.dir/build]
  ignore line: [make[1]: Entering directory `/source/clients/freerdp-git-01112013/CMakeFiles/CMakeTmp']
  ignore line: [/usr/bin/cmake -E cmake_progress_report /source/clients/freerdp-git-01112013/CMakeFiles/CMakeTmp/CMakeFiles 1]
  ignore line: [Building C object CMakeFiles/cmTryCompileExec361167662.dir/CMakeCCompilerABI.c.o]
  ignore line: [/toolchain/bin/i486-TSOL-linux-gnu-gcc   -Os      -o CMakeFiles/cmTryCompileExec361167662.dir/CMakeCCompilerABI.c.o   -c /usr/share/cmake-2.8/Modules/CMakeCCompilerABI.c]
  ignore line: [Linking C executable cmTryCompileExec361167662]
  ignore line: [/usr/bin/cmake -E cmake_link_script CMakeFiles/cmTryCompileExec361167662.dir/link.txt --verbose=1]
  ignore line: [/toolchain/bin/i486-TSOL-linux-gnu-gcc   -Os     -v CMakeFiles/cmTryCompileExec361167662.dir/CMakeCCompilerABI.c.o  -o cmTryCompileExec361167662 -rdynamic  ]
  ignore line: [Using built-in specs.]
  ignore line: [COLLECT_GCC=/toolchain/bin/i486-TSOL-linux-gnu-gcc]
  ignore line: [COLLECT_LTO_WRAPPER=/toolchain/libexec/gcc/i486-TSOL-linux-gnu/4.6.3/lto-wrapper]
  ignore line: [Target: i486-TSOL-linux-gnu]
  ignore line: [Configured with: /TSOL/crosstool-ng-1.15.2/bin/.build/src/gcc-4.6.3/configure --build=i686-build_pc-linux-gnu --host=i686-build_pc-linux-gnu --target=i486-TSOL-linux-gnu --prefix=/toolchain --with-sysroot=/toolchain/i486-TSOL-linux-gnu/sysroot --enable-languages=c,c++ --with-arch=i486 --with-pkgversion='crosstool-NG 1.15.2' --enable-__cxa_atexit --disable-libmudflap --disable-libgomp --disable-libssp --with-gmp=/TSOL/crosstool-ng-1.15.2/bin/.build/i486-TSOL-linux-gnu/buildtools --with-mpfr=/TSOL/crosstool-ng-1.15.2/bin/.build/i486-TSOL-linux-gnu/buildtools --with-mpc=/TSOL/crosstool-ng-1.15.2/bin/.build/i486-TSOL-linux-gnu/buildtools --with-ppl=/TSOL/crosstool-ng-1.15.2/bin/.build/i486-TSOL-linux-gnu/buildtools --with-cloog=/TSOL/crosstool-ng-1.15.2/bin/.build/i486-TSOL-linux-gnu/buildtools --with-libelf=no --with-host-libstdcxx='-static-libgcc -Wl,-Bstatic,-lstdc++,-Bdynamic -lm -L/TSOL/crosstool-ng-1.15.2/bin/.build/i486-TSOL-linux-gnu/buildtools/lib -lpwl' --enable-threads=posix --enable-target-optspace --disable-multilib --with-local-prefix=/toolchain/i486-TSOL-linux-gnu/sysroot --enable-c99 --enable-long-long]
  ignore line: [Thread model: posix]
  ignore line: [gcc version 4.6.3 (crosstool-NG 1.15.2) ]
  ignore line: [COMPILER_PATH=/toolchain/libexec/gcc/i486-TSOL-linux-gnu/4.6.3/:/toolchain/libexec/gcc/i486-TSOL-linux-gnu/4.6.3/:/toolchain/libexec/gcc/i486-TSOL-linux-gnu/:/toolchain/lib/gcc/i486-TSOL-linux-gnu/4.6.3/:/toolchain/lib/gcc/i486-TSOL-linux-gnu/:/toolchain/lib/gcc/i486-TSOL-linux-gnu/4.6.3/../../../../i486-TSOL-linux-gnu/bin/]
  ignore line: [LIBRARY_PATH=/toolchain/lib/gcc/i486-TSOL-linux-gnu/4.6.3/:/toolchain/lib/gcc/i486-TSOL-linux-gnu/4.6.3/../../../../i486-TSOL-linux-gnu/lib/:/toolchain/i486-TSOL-linux-gnu/sysroot/lib/:/toolchain/i486-TSOL-linux-gnu/sysroot/usr/lib/]
  ignore line: [COLLECT_GCC_OPTIONS='-Os' '-v' '-o' 'cmTryCompileExec361167662' '-rdynamic' '-mtune=i486' '-march=i486']
  link line: [ /toolchain/libexec/gcc/i486-TSOL-linux-gnu/4.6.3/collect2 --sysroot=/toolchain/i486-TSOL-linux-gnu/sysroot --eh-frame-hdr -m elf_i386 -export-dynamic -dynamic-linker /lib/ld-linux.so.2 -o cmTryCompileExec361167662 /toolchain/i486-TSOL-linux-gnu/sysroot/usr/lib/crt1.o /toolchain/i486-TSOL-linux-gnu/sysroot/usr/lib/crti.o /toolchain/lib/gcc/i486-TSOL-linux-gnu/4.6.3/crtbegin.o -L/toolchain/lib/gcc/i486-TSOL-linux-gnu/4.6.3 -L/toolchain/lib/gcc/i486-TSOL-linux-gnu/4.6.3/../../../../i486-TSOL-linux-gnu/lib -L/toolchain/i486-TSOL-linux-gnu/sysroot/lib -L/toolchain/i486-TSOL-linux-gnu/sysroot/usr/lib CMakeFiles/cmTryCompileExec361167662.dir/CMakeCCompilerABI.c.o -lgcc --as-needed -lgcc_s --no-as-needed -lc -lgcc --as-needed -lgcc_s --no-as-needed /toolchain/lib/gcc/i486-TSOL-linux-gnu/4.6.3/crtend.o /toolchain/i486-TSOL-linux-gnu/sysroot/usr/lib/crtn.o]
    arg [/toolchain/libexec/gcc/i486-TSOL-linux-gnu/4.6.3/collect2] ==> ignore
    arg [--sysroot=/toolchain/i486-TSOL-linux-gnu/sysroot] ==> ignore
    arg [--eh-frame-hdr] ==> ignore
    arg [-m] ==> ignore
    arg [elf_i386] ==> ignore
    arg [-export-dynamic] ==> ignore
    arg [-dynamic-linker] ==> ignore
    arg [/lib/ld-linux.so.2] ==> ignore
    arg [-o] ==> ignore
    arg [cmTryCompileExec361167662] ==> ignore
    arg [/toolchain/i486-TSOL-linux-gnu/sysroot/usr/lib/crt1.o] ==> ignore
    arg [/toolchain/i486-TSOL-linux-gnu/sysroot/usr/lib/crti.o] ==> ignore
    arg [/toolchain/lib/gcc/i486-TSOL-linux-gnu/4.6.3/crtbegin.o] ==> ignore
    arg [-L/toolchain/lib/gcc/i486-TSOL-linux-gnu/4.6.3] ==> dir [/toolchain/lib/gcc/i486-TSOL-linux-gnu/4.6.3]
    arg [-L/toolchain/lib/gcc/i486-TSOL-linux-gnu/4.6.3/../../../../i486-TSOL-linux-gnu/lib] ==> dir [/toolchain/lib/gcc/i486-TSOL-linux-gnu/4.6.3/../../../../i486-TSOL-linux-gnu/lib]
    arg [-L/toolchain/i486-TSOL-linux-gnu/sysroot/lib] ==> dir [/toolchain/i486-TSOL-linux-gnu/sysroot/lib]
    arg [-L/toolchain/i486-TSOL-linux-gnu/sysroot/usr/lib] ==> dir [/toolchain/i486-TSOL-linux-gnu/sysroot/usr/lib]
    arg [CMakeFiles/cmTryCompileExec361167662.dir/CMakeCCompilerABI.c.o] ==> ignore
    arg [-lgcc] ==> lib [gcc]
    arg [--as-needed] ==> ignore
    arg [-lgcc_s] ==> lib [gcc_s]
    arg [--no-as-needed] ==> ignore
    arg [-lc] ==> lib [c]
    arg [-lgcc] ==> lib [gcc]
    arg [--as-needed] ==> ignore
    arg [-lgcc_s] ==> lib [gcc_s]
    arg [--no-as-needed] ==> ignore
    arg [/toolchain/lib/gcc/i486-TSOL-linux-gnu/4.6.3/crtend.o] ==> ignore
    arg [/toolchain/i486-TSOL-linux-gnu/sysroot/usr/lib/crtn.o] ==> ignore
  remove lib [gcc]
  remove lib [gcc_s]
  remove lib [gcc]
  remove lib [gcc_s]
  collapse dir [/toolchain/lib/gcc/i486-TSOL-linux-gnu/4.6.3] ==> [/toolchain/lib/gcc/i486-TSOL-linux-gnu/4.6.3]
  collapse dir [/toolchain/lib/gcc/i486-TSOL-linux-gnu/4.6.3/../../../../i486-TSOL-linux-gnu/lib] ==> [/toolchain/i486-TSOL-linux-gnu/lib]
  collapse dir [/toolchain/i486-TSOL-linux-gnu/sysroot/lib] ==> [/toolchain/i486-TSOL-linux-gnu/sysroot/lib]
  collapse dir [/toolchain/i486-TSOL-linux-gnu/sysroot/usr/lib] ==> [/toolchain/i486-TSOL-linux-gnu/sysroot/usr/lib]
  implicit libs: [c]
  implicit dirs: [/toolchain/lib/gcc/i486-TSOL-linux-gnu/4.6.3;/toolchain/i486-TSOL-linux-gnu/lib;/toolchain/i486-TSOL-linux-gnu/sysroot/lib;/toolchain/i486-TSOL-linux-gnu/sysroot/usr/lib]


The target system is: Linux - 3.2.16-030216-generic - i686
The host system is: Linux - 3.2.16-030216-generic - i686
Performing C SOURCE FILE Test Wno-unused-result succeded with the following output:
Change Dir: /source/clients/freerdp-git-01112013/CMakeFiles/CMakeTmp

Run Build Command:/usr/bin/make "cmTryCompileExec1414884556/fast"
/usr/bin/make -f CMakeFiles/cmTryCompileExec1414884556.dir/build.make CMakeFiles/cmTryCompileExec1414884556.dir/build
make[1]: Entering directory `/source/clients/freerdp-git-01112013/CMakeFiles/CMakeTmp'
/usr/bin/cmake -E cmake_progress_report /source/clients/freerdp-git-01112013/CMakeFiles/CMakeTmp/CMakeFiles 1
Building C object CMakeFiles/cmTryCompileExec1414884556.dir/src.c.o
/toolchain/bin/i486-TSOL-linux-gnu-gcc   -Os  -march=i686 -Wall  -DWno-unused-result -fPIE   -Wno-unused-result -o CMakeFiles/cmTryCompileExec1414884556.dir/src.c.o   -c /source/clients/freerdp-git-01112013/CMakeFiles/CMakeTmp/src.c
<command-line>:0:4: warning: missing whitespace after the macro name [enabled by default]
Linking C executable cmTryCompileExec1414884556
/usr/bin/cmake -E cmake_link_script CMakeFiles/cmTryCompileExec1414884556.dir/link.txt --verbose=1
/toolchain/bin/i486-TSOL-linux-gnu-gcc   -Os  -march=i686 -Wall  -DWno-unused-result   -static-libgcc CMakeFiles/cmTryCompileExec1414884556.dir/src.c.o  -o cmTryCompileExec1414884556 -rdynamic 
make[1]: Leaving directory `/source/clients/freerdp-git-01112013/CMakeFiles/CMakeTmp'

Source file was:
int main(void) { return 0; }
Performing C SOURCE FILE Test Wno-unused-but-set-variable succeded with the following output:
Change Dir: /source/clients/freerdp-git-01112013/CMakeFiles/CMakeTmp

Run Build Command:/usr/bin/make "cmTryCompileExec2295344613/fast"
/usr/bin/make -f CMakeFiles/cmTryCompileExec2295344613.dir/build.make CMakeFiles/cmTryCompileExec2295344613.dir/build
make[1]: Entering directory `/source/clients/freerdp-git-01112013/CMakeFiles/CMakeTmp'
/usr/bin/cmake -E cmake_progress_report /source/clients/freerdp-git-01112013/CMakeFiles/CMakeTmp/CMakeFiles 1
Building C object CMakeFiles/cmTryCompileExec2295344613.dir/src.c.o
/toolchain/bin/i486-TSOL-linux-gnu-gcc   -Os  -march=i686 -Wall -Wno-unused-result  -DWno-unused-but-set-variable -fPIE   -Wno-unused-but-set-variable -o CMakeFiles/cmTryCompileExec2295344613.dir/src.c.o   -c /source/clients/freerdp-git-01112013/CMakeFiles/CMakeTmp/src.c
<command-line>:0:4: warning: missing whitespace after the macro name [enabled by default]
Linking C executable cmTryCompileExec2295344613
/usr/bin/cmake -E cmake_link_script CMakeFiles/cmTryCompileExec2295344613.dir/link.txt --verbose=1
/toolchain/bin/i486-TSOL-linux-gnu-gcc   -Os  -march=i686 -Wall -Wno-unused-result  -DWno-unused-but-set-variable   -static-libgcc CMakeFiles/cmTryCompileExec2295344613.dir/src.c.o  -o cmTryCompileExec2295344613 -rdynamic 
make[1]: Leaving directory `/source/clients/freerdp-git-01112013/CMakeFiles/CMakeTmp'

Source file was:
int main(void) { return 0; }
Performing C SOURCE FILE Test Wno-deprecated-declarations succeded with the following output:
Change Dir: /source/clients/freerdp-git-01112013/CMakeFiles/CMakeTmp

Run Build Command:/usr/bin/make "cmTryCompileExec2148323053/fast"
/usr/bin/make -f CMakeFiles/cmTryCompileExec2148323053.dir/build.make CMakeFiles/cmTryCompileExec2148323053.dir/build
make[1]: Entering directory `/source/clients/freerdp-git-01112013/CMakeFiles/CMakeTmp'
/usr/bin/cmake -E cmake_progress_report /source/clients/freerdp-git-01112013/CMakeFiles/CMakeTmp/CMakeFiles 1
Building C object CMakeFiles/cmTryCompileExec2148323053.dir/src.c.o
/toolchain/bin/i486-TSOL-linux-gnu-gcc   -Os  -march=i686 -Wall -Wno-unused-result -Wno-unused-but-set-variable  -DWno-deprecated-declarations -fPIE   -Wno-deprecated-declarations -o CMakeFiles/cmTryCompileExec2148323053.dir/src.c.o   -c /source/clients/freerdp-git-01112013/CMakeFiles/CMakeTmp/src.c
<command-line>:0:4: warning: missing whitespace after the macro name [enabled by default]
Linking C executable cmTryCompileExec2148323053
/usr/bin/cmake -E cmake_link_script CMakeFiles/cmTryCompileExec2148323053.dir/link.txt --verbose=1
/toolchain/bin/i486-TSOL-linux-gnu-gcc   -Os  -march=i686 -Wall -Wno-unused-result -Wno-unused-but-set-variable  -DWno-deprecated-declarations   -static-libgcc CMakeFiles/cmTryCompileExec2148323053.dir/src.c.o  -o cmTryCompileExec2148323053 -rdynamic 
make[1]: Leaving directory `/source/clients/freerdp-git-01112013/CMakeFiles/CMakeTmp'

Source file was:
int main(void) { return 0; }
Determining if files fcntl.h exist passed with the following output:
Change Dir: /source/clients/freerdp-git-01112013/CMakeFiles/CMakeTmp

Run Build Command:/usr/bin/make "cmTryCompileExec4042873889/fast"
/usr/bin/make -f CMakeFiles/cmTryCompileExec4042873889.dir/build.make CMakeFiles/cmTryCompileExec4042873889.dir/build
make[1]: Entering directory `/source/clients/freerdp-git-01112013/CMakeFiles/CMakeTmp'
/usr/bin/cmake -E cmake_progress_report /source/clients/freerdp-git-01112013/CMakeFiles/CMakeTmp/CMakeFiles 1
Building C object CMakeFiles/cmTryCompileExec4042873889.dir/CheckIncludeFiles.c.o
/toolchain/bin/i486-TSOL-linux-gnu-gcc   -Os  -march=i686 -Wall -Wno-unused-result -Wno-unused-but-set-variable -Wno-deprecated-declarations -O2 -msse2 -DWINPR_EXPORTS -DFREERDP_EXPORTS   -fPIE   -o CMakeFiles/cmTryCompileExec4042873889.dir/CheckIncludeFiles.c.o   -c /source/clients/freerdp-git-01112013/CMakeFiles/CMakeTmp/CheckIncludeFiles.c
Linking C executable cmTryCompileExec4042873889
/usr/bin/cmake -E cmake_link_script CMakeFiles/cmTryCompileExec4042873889.dir/link.txt --verbose=1
/toolchain/bin/i486-TSOL-linux-gnu-gcc   -Os  -march=i686 -Wall -Wno-unused-result -Wno-unused-but-set-variable -Wno-deprecated-declarations -O2 -msse2 -DWINPR_EXPORTS -DFREERDP_EXPORTS     -static-libgcc CMakeFiles/cmTryCompileExec4042873889.dir/CheckIncludeFiles.c.o  -o cmTryCompileExec4042873889 -rdynamic 
make[1]: Leaving directory `/source/clients/freerdp-git-01112013/CMakeFiles/CMakeTmp'


Determining if files unistd.h exist passed with the following output:
Change Dir: /source/clients/freerdp-git-01112013/CMakeFiles/CMakeTmp

Run Build Command:/usr/bin/make "cmTryCompileExec4892646/fast"
/usr/bin/make -f CMakeFiles/cmTryCompileExec4892646.dir/build.make CMakeFiles/cmTryCompileExec4892646.dir/build
make[1]: Entering directory `/source/clients/freerdp-git-01112013/CMakeFiles/CMakeTmp'
/usr/bin/cmake -E cmake_progress_report /source/clients/freerdp-git-01112013/CMakeFiles/CMakeTmp/CMakeFiles 1
Building C object CMakeFiles/cmTryCompileExec4892646.dir/CheckIncludeFiles.c.o
/toolchain/bin/i486-TSOL-linux-gnu-gcc   -Os  -march=i686 -Wall -Wno-unused-result -Wno-unused-but-set-variable -Wno-deprecated-declarations -O2 -msse2 -DWINPR_EXPORTS -DFREERDP_EXPORTS   -fPIE   -o CMakeFiles/cmTryCompileExec4892646.dir/CheckIncludeFiles.c.o   -c /source/clients/freerdp-git-01112013/CMakeFiles/CMakeTmp/CheckIncludeFiles.c
Linking C executable cmTryCompileExec4892646
/usr/bin/cmake -E cmake_link_script CMakeFiles/cmTryCompileExec4892646.dir/link.txt --verbose=1
/toolchain/bin/i486-TSOL-linux-gnu-gcc   -Os  -march=i686 -Wall -Wno-unused-result -Wno-unused-but-set-variable -Wno-deprecated-declarations -O2 -msse2 -DWINPR_EXPORTS -DFREERDP_EXPORTS     -static-libgcc CMakeFiles/cmTryCompileExec4892646.dir/CheckIncludeFiles.c.o  -o cmTryCompileExec4892646 -rdynamic 
make[1]: Leaving directory `/source/clients/freerdp-git-01112013/CMakeFiles/CMakeTmp'


Determining if files stdint.h exist passed with the following output:
Change Dir: /source/clients/freerdp-git-01112013/CMakeFiles/CMakeTmp

Run Build Command:/usr/bin/make "cmTryCompileExec3104915723/fast"
/usr/bin/make -f CMakeFiles/cmTryCompileExec3104915723.dir/build.make CMakeFiles/cmTryCompileExec3104915723.dir/build
make[1]: Entering directory `/source/clients/freerdp-git-01112013/CMakeFiles/CMakeTmp'
/usr/bin/cmake -E cmake_progress_report /source/clients/freerdp-git-01112013/CMakeFiles/CMakeTmp/CMakeFiles 1
Building C object CMakeFiles/cmTryCompileExec3104915723.dir/CheckIncludeFiles.c.o
/toolchain/bin/i486-TSOL-linux-gnu-gcc   -Os  -march=i686 -Wall -Wno-unused-result -Wno-unused-but-set-variable -Wno-deprecated-declarations -O2 -msse2 -DWINPR_EXPORTS -DFREERDP_EXPORTS   -fPIE   -o CMakeFiles/cmTryCompileExec3104915723.dir/CheckIncludeFiles.c.o   -c /source/clients/freerdp-git-01112013/CMakeFiles/CMakeTmp/CheckIncludeFiles.c
Linking C executable cmTryCompileExec3104915723
/usr/bin/cmake -E cmake_link_script CMakeFiles/cmTryCompileExec3104915723.dir/link.txt --verbose=1
/toolchain/bin/i486-TSOL-linux-gnu-gcc   -Os  -march=i686 -Wall -Wno-unused-result -Wno-unused-but-set-variable -Wno-deprecated-declarations -O2 -msse2 -DWINPR_EXPORTS -DFREERDP_EXPORTS     -static-libgcc CMakeFiles/cmTryCompileExec3104915723.dir/CheckIncludeFiles.c.o  -o cmTryCompileExec3104915723 -rdynamic 
make[1]: Leaving directory `/source/clients/freerdp-git-01112013/CMakeFiles/CMakeTmp'


Determining if files inttypes.h exist passed with the following output:
Change Dir: /source/clients/freerdp-git-01112013/CMakeFiles/CMakeTmp

Run Build Command:/usr/bin/make "cmTryCompileExec2110570408/fast"
/usr/bin/make -f CMakeFiles/cmTryCompileExec2110570408.dir/build.make CMakeFiles/cmTryCompileExec2110570408.dir/build
make[1]: Entering directory `/source/clients/freerdp-git-01112013/CMakeFiles/CMakeTmp'
/usr/bin/cmake -E cmake_progress_report /source/clients/freerdp-git-01112013/CMakeFiles/CMakeTmp/CMakeFiles 1
Building C object CMakeFiles/cmTryCompileExec2110570408.dir/CheckIncludeFiles.c.o
/toolchain/bin/i486-TSOL-linux-gnu-gcc   -Os  -march=i686 -Wall -Wno-unused-result -Wno-unused-but-set-variable -Wno-deprecated-declarations -O2 -msse2 -DWINPR_EXPORTS -DFREERDP_EXPORTS   -fPIE   -o CMakeFiles/cmTryCompileExec2110570408.dir/CheckIncludeFiles.c.o   -c /source/clients/freerdp-git-01112013/CMakeFiles/CMakeTmp/CheckIncludeFiles.c
Linking C executable cmTryCompileExec2110570408
/usr/bin/cmake -E cmake_link_script CMakeFiles/cmTryCompileExec2110570408.dir/link.txt --verbose=1
/toolchain/bin/i486-TSOL-linux-gnu-gcc   -Os  -march=i686 -Wall -Wno-unused-result -Wno-unused-but-set-variable -Wno-deprecated-declarations -O2 -msse2 -DWINPR_EXPORTS -DFREERDP_EXPORTS     -static-libgcc CMakeFiles/cmTryCompileExec2110570408.dir/CheckIncludeFiles.c.o  -o cmTryCompileExec2110570408 -rdynamic 
make[1]: Leaving directory `/source/clients/freerdp-git-01112013/CMakeFiles/CMakeTmp'


Determining if files sys/select.h exist passed with the following output:
Change Dir: /source/clients/freerdp-git-01112013/CMakeFiles/CMakeTmp

Run Build Command:/usr/bin/make "cmTryCompileExec359160665/fast"
/usr/bin/make -f CMakeFiles/cmTryCompileExec359160665.dir/build.make CMakeFiles/cmTryCompileExec359160665.dir/build
make[1]: Entering directory `/source/clients/freerdp-git-01112013/CMakeFiles/CMakeTmp'
/usr/bin/cmake -E cmake_progress_report /source/clients/freerdp-git-01112013/CMakeFiles/CMakeTmp/CMakeFiles 1
Building C object CMakeFiles/cmTryCompileExec359160665.dir/CheckIncludeFiles.c.o
/toolchain/bin/i486-TSOL-linux-gnu-gcc   -Os  -march=i686 -Wall -Wno-unused-result -Wno-unused-but-set-variable -Wno-deprecated-declarations -O2 -msse2 -DWINPR_EXPORTS -DFREERDP_EXPORTS   -fPIE   -o CMakeFiles/cmTryCompileExec359160665.dir/CheckIncludeFiles.c.o   -c /source/clients/freerdp-git-01112013/CMakeFiles/CMakeTmp/CheckIncludeFiles.c
Linking C executable cmTryCompileExec359160665
/usr/bin/cmake -E cmake_link_script CMakeFiles/cmTryCompileExec359160665.dir/link.txt --verbose=1
/toolchain/bin/i486-TSOL-linux-gnu-gcc   -Os  -march=i686 -Wall -Wno-unused-result -Wno-unused-but-set-variable -Wno-deprecated-declarations -O2 -msse2 -DWINPR_EXPORTS -DFREERDP_EXPORTS     -static-libgcc CMakeFiles/cmTryCompileExec359160665.dir/CheckIncludeFiles.c.o  -o cmTryCompileExec359160665 -rdynamic 
make[1]: Leaving directory `/source/clients/freerdp-git-01112013/CMakeFiles/CMakeTmp'


Performing C SOURCE FILE Test HAVE_TM_GMTOFF succeded with the following output:
Change Dir: /source/clients/freerdp-git-01112013/CMakeFiles/CMakeTmp

Run Build Command:/usr/bin/make "cmTryCompileExec3895367630/fast"
/usr/bin/make -f CMakeFiles/cmTryCompileExec3895367630.dir/build.make CMakeFiles/cmTryCompileExec3895367630.dir/build
make[1]: Entering directory `/source/clients/freerdp-git-01112013/CMakeFiles/CMakeTmp'
/usr/bin/cmake -E cmake_progress_report /source/clients/freerdp-git-01112013/CMakeFiles/CMakeTmp/CMakeFiles 1
Building C object CMakeFiles/cmTryCompileExec3895367630.dir/src.c.o
/toolchain/bin/i486-TSOL-linux-gnu-gcc   -Os  -march=i686 -Wall -Wno-unused-result -Wno-unused-but-set-variable -Wno-deprecated-declarations -O2 -msse2 -DWINPR_EXPORTS -DFREERDP_EXPORTS  -DHAVE_TM_GMTOFF -fPIE   -o CMakeFiles/cmTryCompileExec3895367630.dir/src.c.o   -c /source/clients/freerdp-git-01112013/CMakeFiles/CMakeTmp/src.c
/source/clients/freerdp-git-01112013/CMakeFiles/CMakeTmp/src.c: In function ‘main’:
/source/clients/freerdp-git-01112013/CMakeFiles/CMakeTmp/src.c:7:4: warning: statement with no effect [-Wunused-value]
Linking C executable cmTryCompileExec3895367630
/usr/bin/cmake -E cmake_link_script CMakeFiles/cmTryCompileExec3895367630.dir/link.txt --verbose=1
/toolchain/bin/i486-TSOL-linux-gnu-gcc   -Os  -march=i686 -Wall -Wno-unused-result -Wno-unused-but-set-variable -Wno-deprecated-declarations -O2 -msse2 -DWINPR_EXPORTS -DFREERDP_EXPORTS  -DHAVE_TM_GMTOFF   -static-libgcc CMakeFiles/cmTryCompileExec3895367630.dir/src.c.o  -o cmTryCompileExec3895367630 -rdynamic 
make[1]: Leaving directory `/source/clients/freerdp-git-01112013/CMakeFiles/CMakeTmp'

Source file was:

#include <time.h>

int main()
{
   struct tm* tmp;
   tmp->tm_gmtoff;
  return 0;
}

Determining if files pthread.h exist passed with the following output:
Change Dir: /source/clients/freerdp-git-01112013/CMakeFiles/CMakeTmp

Run Build Command:/usr/bin/make "cmTryCompileExec2544772322/fast"
/usr/bin/make -f CMakeFiles/cmTryCompileExec2544772322.dir/build.make CMakeFiles/cmTryCompileExec2544772322.dir/build
make[1]: Entering directory `/source/clients/freerdp-git-01112013/CMakeFiles/CMakeTmp'
/usr/bin/cmake -E cmake_progress_report /source/clients/freerdp-git-01112013/CMakeFiles/CMakeTmp/CMakeFiles 1
Building C object CMakeFiles/cmTryCompileExec2544772322.dir/CheckIncludeFiles.c.o
/toolchain/bin/i486-TSOL-linux-gnu-gcc   -Os  -march=i686 -Wall -Wno-unused-result -Wno-unused-but-set-variable -Wno-deprecated-declarations -O2 -msse2 -DWINPR_EXPORTS -DFREERDP_EXPORTS   -fPIE   -o CMakeFiles/cmTryCompileExec2544772322.dir/CheckIncludeFiles.c.o   -c /source/clients/freerdp-git-01112013/CMakeFiles/CMakeTmp/CheckIncludeFiles.c
Linking C executable cmTryCompileExec2544772322
/usr/bin/cmake -E cmake_link_script CMakeFiles/cmTryCompileExec2544772322.dir/link.txt --verbose=1
/toolchain/bin/i486-TSOL-linux-gnu-gcc   -Os  -march=i686 -Wall -Wno-unused-result -Wno-unused-but-set-variable -Wno-deprecated-declarations -O2 -msse2 -DWINPR_EXPORTS -DFREERDP_EXPORTS     -static-libgcc CMakeFiles/cmTryCompileExec2544772322.dir/CheckIncludeFiles.c.o  -o cmTryCompileExec2544772322 -rdynamic 
make[1]: Leaving directory `/source/clients/freerdp-git-01112013/CMakeFiles/CMakeTmp'


Determining if the function pthread_create exists in the pthread passed with the following output:
Change Dir: /source/clients/freerdp-git-01112013/CMakeFiles/CMakeTmp

Run Build Command:/usr/bin/make "cmTryCompileExec3507057484/fast"
/usr/bin/make -f CMakeFiles/cmTryCompileExec3507057484.dir/build.make CMakeFiles/cmTryCompileExec3507057484.dir/build
make[1]: Entering directory `/source/clients/freerdp-git-01112013/CMakeFiles/CMakeTmp'
/usr/bin/cmake -E cmake_progress_report /source/clients/freerdp-git-01112013/CMakeFiles/CMakeTmp/CMakeFiles 1
Building C object CMakeFiles/cmTryCompileExec3507057484.dir/CheckFunctionExists.c.o
/toolchain/bin/i486-TSOL-linux-gnu-gcc   -Os  -march=i686 -Wall -Wno-unused-result -Wno-unused-but-set-variable -Wno-deprecated-declarations -O2 -msse2 -DWINPR_EXPORTS -DFREERDP_EXPORTS  -DCHECK_FUNCTION_EXISTS=pthread_create -fPIE   -o CMakeFiles/cmTryCompileExec3507057484.dir/CheckFunctionExists.c.o   -c /usr/share/cmake-2.8/Modules/CheckFunctionExists.c
Linking C executable cmTryCompileExec3507057484
/usr/bin/cmake -E cmake_link_script CMakeFiles/cmTryCompileExec3507057484.dir/link.txt --verbose=1
/toolchain/bin/i486-TSOL-linux-gnu-gcc   -Os  -march=i686 -Wall -Wno-unused-result -Wno-unused-but-set-variable -Wno-deprecated-declarations -O2 -msse2 -DWINPR_EXPORTS -DFREERDP_EXPORTS  -DCHECK_FUNCTION_EXISTS=pthread_create   -static-libgcc CMakeFiles/cmTryCompileExec3507057484.dir/CheckFunctionExists.c.o  -o cmTryCompileExec3507057484 -rdynamic -lpthread 
make[1]: Leaving directory `/source/clients/freerdp-git-01112013/CMakeFiles/CMakeTmp'


Determining if files sys/eventfd.h exist passed with the following output:
Change Dir: /source/clients/freerdp-git-01112013/CMakeFiles/CMakeTmp

Run Build Command:/usr/bin/make "cmTryCompileExec602305537/fast"
/usr/bin/make -f CMakeFiles/cmTryCompileExec602305537.dir/build.make CMakeFiles/cmTryCompileExec602305537.dir/build
make[1]: Entering directory `/source/clients/freerdp-git-01112013/CMakeFiles/CMakeTmp'
/usr/bin/cmake -E cmake_progress_report /source/clients/freerdp-git-01112013/CMakeFiles/CMakeTmp/CMakeFiles 1
Building C object CMakeFiles/cmTryCompileExec602305537.dir/CheckIncludeFiles.c.o
/toolchain/bin/i486-TSOL-linux-gnu-gcc   -Os  -march=i686 -Wall -Wno-unused-result -Wno-unused-but-set-variable -Wno-deprecated-declarations -O2 -msse2 -DWINPR_EXPORTS -DFREERDP_EXPORTS   -fPIE   -o CMakeFiles/cmTryCompileExec602305537.dir/CheckIncludeFiles.c.o   -c /source/clients/freerdp-git-01112013/CMakeFiles/CMakeTmp/CheckIncludeFiles.c
Linking C executable cmTryCompileExec602305537
/usr/bin/cmake -E cmake_link_script CMakeFiles/cmTryCompileExec602305537.dir/link.txt --verbose=1
/toolchain/bin/i486-TSOL-linux-gnu-gcc   -Os  -march=i686 -Wall -Wno-unused-result -Wno-unused-but-set-variable -Wno-deprecated-declarations -O2 -msse2 -DWINPR_EXPORTS -DFREERDP_EXPORTS     -static-libgcc CMakeFiles/cmTryCompileExec602305537.dir/CheckIncludeFiles.c.o  -o cmTryCompileExec602305537 -rdynamic 
make[1]: Leaving directory `/source/clients/freerdp-git-01112013/CMakeFiles/CMakeTmp'


Determining if files sys/eventfd.h exist passed with the following output:
Change Dir: /source/clients/freerdp-git-01112013/CMakeFiles/CMakeTmp

Run Build Command:/usr/bin/make "cmTryCompileExec2381371626/fast"
/usr/bin/make -f CMakeFiles/cmTryCompileExec2381371626.dir/build.make CMakeFiles/cmTryCompileExec2381371626.dir/build
make[1]: Entering directory `/source/clients/freerdp-git-01112013/CMakeFiles/CMakeTmp'
/usr/bin/cmake -E cmake_progress_report /source/clients/freerdp-git-01112013/CMakeFiles/CMakeTmp/CMakeFiles 1
Building C object CMakeFiles/cmTryCompileExec2381371626.dir/CheckIncludeFiles.c.o
/toolchain/bin/i486-TSOL-linux-gnu-gcc   -Os  -march=i686 -Wall -Wno-unused-result -Wno-unused-but-set-variable -Wno-deprecated-declarations -O2 -msse2 -DWINPR_EXPORTS -DFREERDP_EXPORTS   -fPIE   -o CMakeFiles/cmTryCompileExec2381371626.dir/CheckIncludeFiles.c.o   -c /source/clients/freerdp-git-01112013/CMakeFiles/CMakeTmp/CheckIncludeFiles.c
Linking C executable cmTryCompileExec2381371626
/usr/bin/cmake -E cmake_link_script CMakeFiles/cmTryCompileExec2381371626.dir/link.txt --verbose=1
/toolchain/bin/i486-TSOL-linux-gnu-gcc   -Os  -march=i686 -Wall -Wno-unused-result -Wno-unused-but-set-variable -Wno-deprecated-declarations -O2 -msse2 -DWINPR_EXPORTS -DFREERDP_EXPORTS     -static-libgcc CMakeFiles/cmTryCompileExec2381371626.dir/CheckIncludeFiles.c.o  -o cmTryCompileExec2381371626 -rdynamic 
make[1]: Leaving directory `/source/clients/freerdp-git-01112013/CMakeFiles/CMakeTmp'


Determining if files sys/timerfd.h exist passed with the following output:
Change Dir: /source/clients/freerdp-git-01112013/CMakeFiles/CMakeTmp

Run Build Command:/usr/bin/make "cmTryCompileExec1215351402/fast"
/usr/bin/make -f CMakeFiles/cmTryCompileExec1215351402.dir/build.make CMakeFiles/cmTryCompileExec1215351402.dir/build
make[1]: Entering directory `/source/clients/freerdp-git-01112013/CMakeFiles/CMakeTmp'
/usr/bin/cmake -E cmake_progress_report /source/clients/freerdp-git-01112013/CMakeFiles/CMakeTmp/CMakeFiles 1
Building C object CMakeFiles/cmTryCompileExec1215351402.dir/CheckIncludeFiles.c.o
/toolchain/bin/i486-TSOL-linux-gnu-gcc   -Os  -march=i686 -Wall -Wno-unused-result -Wno-unused-but-set-variable -Wno-deprecated-declarations -O2 -msse2 -DWINPR_EXPORTS -DFREERDP_EXPORTS   -fPIE   -o CMakeFiles/cmTryCompileExec1215351402.dir/CheckIncludeFiles.c.o   -c /source/clients/freerdp-git-01112013/CMakeFiles/CMakeTmp/CheckIncludeFiles.c
Linking C executable cmTryCompileExec1215351402
/usr/bin/cmake -E cmake_link_script CMakeFiles/cmTryCompileExec1215351402.dir/link.txt --verbose=1
/toolchain/bin/i486-TSOL-linux-gnu-gcc   -Os  -march=i686 -Wall -Wno-unused-result -Wno-unused-but-set-variable -Wno-deprecated-declarations -O2 -msse2 -DWINPR_EXPORTS -DFREERDP_EXPORTS     -static-libgcc CMakeFiles/cmTryCompileExec1215351402.dir/CheckIncludeFiles.c.o  -o cmTryCompileExec1215351402 -rdynamic 
make[1]: Leaving directory `/source/clients/freerdp-git-01112013/CMakeFiles/CMakeTmp'


Determining if the function pthread_tryjoin_np exists in the pthread passed with the following output:
Change Dir: /source/clients/freerdp-git-01112013/CMakeFiles/CMakeTmp

Run Build Command:/usr/bin/make "cmTryCompileExec2021530847/fast"
/usr/bin/make -f CMakeFiles/cmTryCompileExec2021530847.dir/build.make CMakeFiles/cmTryCompileExec2021530847.dir/build
make[1]: Entering directory `/source/clients/freerdp-git-01112013/CMakeFiles/CMakeTmp'
/usr/bin/cmake -E cmake_progress_report /source/clients/freerdp-git-01112013/CMakeFiles/CMakeTmp/CMakeFiles 1
Building C object CMakeFiles/cmTryCompileExec2021530847.dir/CheckFunctionExists.c.o
/toolchain/bin/i486-TSOL-linux-gnu-gcc  -D_GNU_SOURCE -Os  -march=i686 -Wall -Wno-unused-result -Wno-unused-but-set-variable -Wno-deprecated-declarations -O2 -msse2 -DWINPR_EXPORTS -DFREERDP_EXPORTS  -DCHECK_FUNCTION_EXISTS=pthread_tryjoin_np -fPIE   -o CMakeFiles/cmTryCompileExec2021530847.dir/CheckFunctionExists.c.o   -c /usr/share/cmake-2.8/Modules/CheckFunctionExists.c
Linking C executable cmTryCompileExec2021530847
/usr/bin/cmake -E cmake_link_script CMakeFiles/cmTryCompileExec2021530847.dir/link.txt --verbose=1
/toolchain/bin/i486-TSOL-linux-gnu-gcc   -Os  -march=i686 -Wall -Wno-unused-result -Wno-unused-but-set-variable -Wno-deprecated-declarations -O2 -msse2 -DWINPR_EXPORTS -DFREERDP_EXPORTS  -DCHECK_FUNCTION_EXISTS=pthread_tryjoin_np   -static-libgcc CMakeFiles/cmTryCompileExec2021530847.dir/CheckFunctionExists.c.o  -o cmTryCompileExec2021530847 -rdynamic -lpthread 
make[1]: Leaving directory `/source/clients/freerdp-git-01112013/CMakeFiles/CMakeTmp'


The target system is: Linux - 3.2.16-030216-generic - i686
The host system is: Linux - 3.2.16-030216-generic - i686
The target system is: Linux - 3.2.16-030216-generic - i686
The host system is: Linux - 3.2.16-030216-generic - i686
The target system is: Linux - 3.2.16-030216-generic - i686
The host system is: Linux - 3.2.16-030216-generic - i686
The target system is: Linux - 3.2.16-030216-generic - i686
The host system is: Linux - 3.2.16-030216-generic - i686
Performing C SOURCE FILE Test Wno-unused-result succeded with the following output:
Change Dir: /source/clients/freerdp-git-01112013/CMakeFiles/CMakeTmp

Run Build Command:/usr/bin/make "cmTryCompileExec1769794745/fast"
/usr/bin/make -f CMakeFiles/cmTryCompileExec1769794745.dir/build.make CMakeFiles/cmTryCompileExec1769794745.dir/build
make[1]: Entering directory `/source/clients/freerdp-git-01112013/CMakeFiles/CMakeTmp'
/usr/bin/cmake -E cmake_progress_report /source/clients/freerdp-git-01112013/CMakeFiles/CMakeTmp/CMakeFiles 1
Building C object CMakeFiles/cmTryCompileExec1769794745.dir/src.c.o
/toolchain/bin/i486-TSOL-linux-gnu-gcc   -Os  -march=i686 -Wall  -DWno-unused-result -fPIE   -Wno-unused-result -o CMakeFiles/cmTryCompileExec1769794745.dir/src.c.o   -c /source/clients/freerdp-git-01112013/CMakeFiles/CMakeTmp/src.c
<command-line>:0:4: warning: missing whitespace after the macro name [enabled by default]
Linking C executable cmTryCompileExec1769794745
/usr/bin/cmake -E cmake_link_script CMakeFiles/cmTryCompileExec1769794745.dir/link.txt --verbose=1
/toolchain/bin/i486-TSOL-linux-gnu-gcc   -Os  -march=i686 -Wall  -DWno-unused-result   -static-libgcc CMakeFiles/cmTryCompileExec1769794745.dir/src.c.o  -o cmTryCompileExec1769794745 -rdynamic 
make[1]: Leaving directory `/source/clients/freerdp-git-01112013/CMakeFiles/CMakeTmp'

Source file was:
int main(void) { return 0; }
Performing C SOURCE FILE Test Wno-unused-but-set-variable succeded with the following output:
Change Dir: /source/clients/freerdp-git-01112013/CMakeFiles/CMakeTmp

Run Build Command:/usr/bin/make "cmTryCompileExec3237199910/fast"
/usr/bin/make -f CMakeFiles/cmTryCompileExec3237199910.dir/build.make CMakeFiles/cmTryCompileExec3237199910.dir/build
make[1]: Entering directory `/source/clients/freerdp-git-01112013/CMakeFiles/CMakeTmp'
/usr/bin/cmake -E cmake_progress_report /source/clients/freerdp-git-01112013/CMakeFiles/CMakeTmp/CMakeFiles 1
Building C object CMakeFiles/cmTryCompileExec3237199910.dir/src.c.o
/toolchain/bin/i486-TSOL-linux-gnu-gcc   -Os  -march=i686 -Wall -Wno-unused-result  -DWno-unused-but-set-variable -fPIE   -Wno-unused-but-set-variable -o CMakeFiles/cmTryCompileExec3237199910.dir/src.c.o   -c /source/clients/freerdp-git-01112013/CMakeFiles/CMakeTmp/src.c
<command-line>:0:4: warning: missing whitespace after the macro name [enabled by default]
Linking C executable cmTryCompileExec3237199910
/usr/bin/cmake -E cmake_link_script CMakeFiles/cmTryCompileExec3237199910.dir/link.txt --verbose=1
/toolchain/bin/i486-TSOL-linux-gnu-gcc   -Os  -march=i686 -Wall -Wno-unused-result  -DWno-unused-but-set-variable   -static-libgcc CMakeFiles/cmTryCompileExec3237199910.dir/src.c.o  -o cmTryCompileExec3237199910 -rdynamic 
make[1]: Leaving directory `/source/clients/freerdp-git-01112013/CMakeFiles/CMakeTmp'

Source file was:
int main(void) { return 0; }
Performing C SOURCE FILE Test Wno-deprecated-declarations succeded with the following output:
Change Dir: /source/clients/freerdp-git-01112013/CMakeFiles/CMakeTmp

Run Build Command:/usr/bin/make "cmTryCompileExec2692100195/fast"
/usr/bin/make -f CMakeFiles/cmTryCompileExec2692100195.dir/build.make CMakeFiles/cmTryCompileExec2692100195.dir/build
make[1]: Entering directory `/source/clients/freerdp-git-01112013/CMakeFiles/CMakeTmp'
/usr/bin/cmake -E cmake_progress_report /source/clients/freerdp-git-01112013/CMakeFiles/CMakeTmp/CMakeFiles 1
Building C object CMakeFiles/cmTryCompileExec2692100195.dir/src.c.o
/toolchain/bin/i486-TSOL-linux-gnu-gcc   -Os  -march=i686 -Wall -Wno-unused-result -Wno-unused-but-set-variable  -DWno-deprecated-declarations -fPIE   -Wno-deprecated-declarations -o CMakeFiles/cmTryCompileExec2692100195.dir/src.c.o   -c /source/clients/freerdp-git-01112013/CMakeFiles/CMakeTmp/src.c
<command-line>:0:4: warning: missing whitespace after the macro name [enabled by default]
Linking C executable cmTryCompileExec2692100195
/usr/bin/cmake -E cmake_link_script CMakeFiles/cmTryCompileExec2692100195.dir/link.txt --verbose=1
/toolchain/bin/i486-TSOL-linux-gnu-gcc   -Os  -march=i686 -Wall -Wno-unused-result -Wno-unused-but-set-variable  -DWno-deprecated-declarations   -static-libgcc CMakeFiles/cmTryCompileExec2692100195.dir/src.c.o  -o cmTryCompileExec2692100195 -rdynamic 
make[1]: Leaving directory `/source/clients/freerdp-git-01112013/CMakeFiles/CMakeTmp'

Source file was:
int main(void) { return 0; }
Determining if files fcntl.h exist passed with the following output:
Change Dir: /source/clients/freerdp-git-01112013/CMakeFiles/CMakeTmp

Run Build Command:/usr/bin/make "cmTryCompileExec1657170653/fast"
/usr/bin/make -f CMakeFiles/cmTryCompileExec1657170653.dir/build.make CMakeFiles/cmTryCompileExec1657170653.dir/build
make[1]: Entering directory `/source/clients/freerdp-git-01112013/CMakeFiles/CMakeTmp'
/usr/bin/cmake -E cmake_progress_report /source/clients/freerdp-git-01112013/CMakeFiles/CMakeTmp/CMakeFiles 1
Building C object CMakeFiles/cmTryCompileExec1657170653.dir/CheckIncludeFiles.c.o
/toolchain/bin/i486-TSOL-linux-gnu-gcc   -Os  -march=i686 -Wall -Wno-unused-result -Wno-unused-but-set-variable -Wno-deprecated-declarations -O2 -msse2 -DWINPR_EXPORTS -DFREERDP_EXPORTS   -fPIE   -o CMakeFiles/cmTryCompileExec1657170653.dir/CheckIncludeFiles.c.o   -c /source/clients/freerdp-git-01112013/CMakeFiles/CMakeTmp/CheckIncludeFiles.c
Linking C executable cmTryCompileExec1657170653
/usr/bin/cmake -E cmake_link_script CMakeFiles/cmTryCompileExec1657170653.dir/link.txt --verbose=1
/toolchain/bin/i486-TSOL-linux-gnu-gcc   -Os  -march=i686 -Wall -Wno-unused-result -Wno-unused-but-set-variable -Wno-deprecated-declarations -O2 -msse2 -DWINPR_EXPORTS -DFREERDP_EXPORTS     -static-libgcc CMakeFiles/cmTryCompileExec1657170653.dir/CheckIncludeFiles.c.o  -o cmTryCompileExec1657170653 -rdynamic 
make[1]: Leaving directory `/source/clients/freerdp-git-01112013/CMakeFiles/CMakeTmp'


Determining if files unistd.h exist passed with the following output:
Change Dir: /source/clients/freerdp-git-01112013/CMakeFiles/CMakeTmp

Run Build Command:/usr/bin/make "cmTryCompileExec3654789241/fast"
/usr/bin/make -f CMakeFiles/cmTryCompileExec3654789241.dir/build.make CMakeFiles/cmTryCompileExec3654789241.dir/build
make[1]: Entering directory `/source/clients/freerdp-git-01112013/CMakeFiles/CMakeTmp'
/usr/bin/cmake -E cmake_progress_report /source/clients/freerdp-git-01112013/CMakeFiles/CMakeTmp/CMakeFiles 1
Building C object CMakeFiles/cmTryCompileExec3654789241.dir/CheckIncludeFiles.c.o
/toolchain/bin/i486-TSOL-linux-gnu-gcc   -Os  -march=i686 -Wall -Wno-unused-result -Wno-unused-but-set-variable -Wno-deprecated-declarations -O2 -msse2 -DWINPR_EXPORTS -DFREERDP_EXPORTS   -fPIE   -o CMakeFiles/cmTryCompileExec3654789241.dir/CheckIncludeFiles.c.o   -c /source/clients/freerdp-git-01112013/CMakeFiles/CMakeTmp/CheckIncludeFiles.c
Linking C executable cmTryCompileExec3654789241
/usr/bin/cmake -E cmake_link_script CMakeFiles/cmTryCompileExec3654789241.dir/link.txt --verbose=1
/toolchain/bin/i486-TSOL-linux-gnu-gcc   -Os  -march=i686 -Wall -Wno-unused-result -Wno-unused-but-set-variable -Wno-deprecated-declarations -O2 -msse2 -DWINPR_EXPORTS -DFREERDP_EXPORTS     -static-libgcc CMakeFiles/cmTryCompileExec3654789241.dir/CheckIncludeFiles.c.o  -o cmTryCompileExec3654789241 -rdynamic 
make[1]: Leaving directory `/source/clients/freerdp-git-01112013/CMakeFiles/CMakeTmp'


Determining if files stdint.h exist passed with the following output:
Change Dir: /source/clients/freerdp-git-01112013/CMakeFiles/CMakeTmp

Run Build Command:/usr/bin/make "cmTryCompileExec635888493/fast"
/usr/bin/make -f CMakeFiles/cmTryCompileExec635888493.dir/build.make CMakeFiles/cmTryCompileExec635888493.dir/build
make[1]: Entering directory `/source/clients/freerdp-git-01112013/CMakeFiles/CMakeTmp'
/usr/bin/cmake -E cmake_progress_report /source/clients/freerdp-git-01112013/CMakeFiles/CMakeTmp/CMakeFiles 1
Building C object CMakeFiles/cmTryCompileExec635888493.dir/CheckIncludeFiles.c.o
/toolchain/bin/i486-TSOL-linux-gnu-gcc   -Os  -march=i686 -Wall -Wno-unused-result -Wno-unused-but-set-variable -Wno-deprecated-declarations -O2 -msse2 -DWINPR_EXPORTS -DFREERDP_EXPORTS   -fPIE   -o CMakeFiles/cmTryCompileExec635888493.dir/CheckIncludeFiles.c.o   -c /source/clients/freerdp-git-01112013/CMakeFiles/CMakeTmp/CheckIncludeFiles.c
Linking C executable cmTryCompileExec635888493
/usr/bin/cmake -E cmake_link_script CMakeFiles/cmTryCompileExec635888493.dir/link.txt --verbose=1
/toolchain/bin/i486-TSOL-linux-gnu-gcc   -Os  -march=i686 -Wall -Wno-unused-result -Wno-unused-but-set-variable -Wno-deprecated-declarations -O2 -msse2 -DWINPR_EXPORTS -DFREERDP_EXPORTS     -static-libgcc CMakeFiles/cmTryCompileExec635888493.dir/CheckIncludeFiles.c.o  -o cmTryCompileExec635888493 -rdynamic 
make[1]: Leaving directory `/source/clients/freerdp-git-01112013/CMakeFiles/CMakeTmp'


Determining if files inttypes.h exist passed with the following output:
Change Dir: /source/clients/freerdp-git-01112013/CMakeFiles/CMakeTmp

Run Build Command:/usr/bin/make "cmTryCompileExec1535544724/fast"
/usr/bin/make -f CMakeFiles/cmTryCompileExec1535544724.dir/build.make CMakeFiles/cmTryCompileExec1535544724.dir/build
make[1]: Entering directory `/source/clients/freerdp-git-01112013/CMakeFiles/CMakeTmp'
/usr/bin/cmake -E cmake_progress_report /source/clients/freerdp-git-01112013/CMakeFiles/CMakeTmp/CMakeFiles 1
Building C object CMakeFiles/cmTryCompileExec1535544724.dir/CheckIncludeFiles.c.o
/toolchain/bin/i486-TSOL-linux-gnu-gcc   -Os  -march=i686 -Wall -Wno-unused-result -Wno-unused-but-set-variable -Wno-deprecated-declarations -O2 -msse2 -DWINPR_EXPORTS -DFREERDP_EXPORTS   -fPIE   -o CMakeFiles/cmTryCompileExec1535544724.dir/CheckIncludeFiles.c.o   -c /source/clients/freerdp-git-01112013/CMakeFiles/CMakeTmp/CheckIncludeFiles.c
Linking C executable cmTryCompileExec1535544724
/usr/bin/cmake -E cmake_link_script CMakeFiles/cmTryCompileExec1535544724.dir/link.txt --verbose=1
/toolchain/bin/i486-TSOL-linux-gnu-gcc   -Os  -march=i686 -Wall -Wno-unused-result -Wno-unused-but-set-variable -Wno-deprecated-declarations -O2 -msse2 -DWINPR_EXPORTS -DFREERDP_EXPORTS     -static-libgcc CMakeFiles/cmTryCompileExec1535544724.dir/CheckIncludeFiles.c.o  -o cmTryCompileExec1535544724 -rdynamic 
make[1]: Leaving directory `/source/clients/freerdp-git-01112013/CMakeFiles/CMakeTmp'


Determining if files sys/select.h exist passed with the following output:
Change Dir: /source/clients/freerdp-git-01112013/CMakeFiles/CMakeTmp

Run Build Command:/usr/bin/make "cmTryCompileExec957522171/fast"
/usr/bin/make -f CMakeFiles/cmTryCompileExec957522171.dir/build.make CMakeFiles/cmTryCompileExec957522171.dir/build
make[1]: Entering directory `/source/clients/freerdp-git-01112013/CMakeFiles/CMakeTmp'
/usr/bin/cmake -E cmake_progress_report /source/clients/freerdp-git-01112013/CMakeFiles/CMakeTmp/CMakeFiles 1
Building C object CMakeFiles/cmTryCompileExec957522171.dir/CheckIncludeFiles.c.o
/toolchain/bin/i486-TSOL-linux-gnu-gcc   -Os  -march=i686 -Wall -Wno-unused-result -Wno-unused-but-set-variable -Wno-deprecated-declarations -O2 -msse2 -DWINPR_EXPORTS -DFREERDP_EXPORTS   -fPIE   -o CMakeFiles/cmTryCompileExec957522171.dir/CheckIncludeFiles.c.o   -c /source/clients/freerdp-git-01112013/CMakeFiles/CMakeTmp/CheckIncludeFiles.c
Linking C executable cmTryCompileExec957522171
/usr/bin/cmake -E cmake_link_script CMakeFiles/cmTryCompileExec957522171.dir/link.txt --verbose=1
/toolchain/bin/i486-TSOL-linux-gnu-gcc   -Os  -march=i686 -Wall -Wno-unused-result -Wno-unused-but-set-variable -Wno-deprecated-declarations -O2 -msse2 -DWINPR_EXPORTS -DFREERDP_EXPORTS     -static-libgcc CMakeFiles/cmTryCompileExec957522171.dir/CheckIncludeFiles.c.o  -o cmTryCompileExec957522171 -rdynamic 
make[1]: Leaving directory `/source/clients/freerdp-git-01112013/CMakeFiles/CMakeTmp'


Performing C SOURCE FILE Test HAVE_TM_GMTOFF succeded with the following output:
Change Dir: /source/clients/freerdp-git-01112013/CMakeFiles/CMakeTmp

Run Build Command:/usr/bin/make "cmTryCompileExec1606077261/fast"
/usr/bin/make -f CMakeFiles/cmTryCompileExec1606077261.dir/build.make CMakeFiles/cmTryCompileExec1606077261.dir/build
make[1]: Entering directory `/source/clients/freerdp-git-01112013/CMakeFiles/CMakeTmp'
/usr/bin/cmake -E cmake_progress_report /source/clients/freerdp-git-01112013/CMakeFiles/CMakeTmp/CMakeFiles 1
Building C object CMakeFiles/cmTryCompileExec1606077261.dir/src.c.o
/toolchain/bin/i486-TSOL-linux-gnu-gcc   -Os  -march=i686 -Wall -Wno-unused-result -Wno-unused-but-set-variable -Wno-deprecated-declarations -O2 -msse2 -DWINPR_EXPORTS -DFREERDP_EXPORTS  -DHAVE_TM_GMTOFF -fPIE   -o CMakeFiles/cmTryCompileExec1606077261.dir/src.c.o   -c /source/clients/freerdp-git-01112013/CMakeFiles/CMakeTmp/src.c
/source/clients/freerdp-git-01112013/CMakeFiles/CMakeTmp/src.c: In function ‘main’:
/source/clients/freerdp-git-01112013/CMakeFiles/CMakeTmp/src.c:7:4: warning: statement with no effect [-Wunused-value]
Linking C executable cmTryCompileExec1606077261
/usr/bin/cmake -E cmake_link_script CMakeFiles/cmTryCompileExec1606077261.dir/link.txt --verbose=1
/toolchain/bin/i486-TSOL-linux-gnu-gcc   -Os  -march=i686 -Wall -Wno-unused-result -Wno-unused-but-set-variable -Wno-deprecated-declarations -O2 -msse2 -DWINPR_EXPORTS -DFREERDP_EXPORTS  -DHAVE_TM_GMTOFF   -static-libgcc CMakeFiles/cmTryCompileExec1606077261.dir/src.c.o  -o cmTryCompileExec1606077261 -rdynamic 
make[1]: Leaving directory `/source/clients/freerdp-git-01112013/CMakeFiles/CMakeTmp'

Source file was:

#include <time.h>

int main()
{
   struct tm* tmp;
   tmp->tm_gmtoff;
  return 0;
}

Determining if files pthread.h exist passed with the following output:
Change Dir: /source/clients/freerdp-git-01112013/CMakeFiles/CMakeTmp

Run Build Command:/usr/bin/make "cmTryCompileExec610545503/fast"
/usr/bin/make -f CMakeFiles/cmTryCompileExec610545503.dir/build.make CMakeFiles/cmTryCompileExec610545503.dir/build
make[1]: Entering directory `/source/clients/freerdp-git-01112013/CMakeFiles/CMakeTmp'
/usr/bin/cmake -E cmake_progress_report /source/clients/freerdp-git-01112013/CMakeFiles/CMakeTmp/CMakeFiles 1
Building C object CMakeFiles/cmTryCompileExec610545503.dir/CheckIncludeFiles.c.o
/toolchain/bin/i486-TSOL-linux-gnu-gcc   -Os  -march=i686 -Wall -Wno-unused-result -Wno-unused-but-set-variable -Wno-deprecated-declarations -O2 -msse2 -DWINPR_EXPORTS -DFREERDP_EXPORTS   -fPIE   -o CMakeFiles/cmTryCompileExec610545503.dir/CheckIncludeFiles.c.o   -c /source/clients/freerdp-git-01112013/CMakeFiles/CMakeTmp/CheckIncludeFiles.c
Linking C executable cmTryCompileExec610545503
/usr/bin/cmake -E cmake_link_script CMakeFiles/cmTryCompileExec610545503.dir/link.txt --verbose=1
/toolchain/bin/i486-TSOL-linux-gnu-gcc   -Os  -march=i686 -Wall -Wno-unused-result -Wno-unused-but-set-variable -Wno-deprecated-declarations -O2 -msse2 -DWINPR_EXPORTS -DFREERDP_EXPORTS     -static-libgcc CMakeFiles/cmTryCompileExec610545503.dir/CheckIncludeFiles.c.o  -o cmTryCompileExec610545503 -rdynamic 
make[1]: Leaving directory `/source/clients/freerdp-git-01112013/CMakeFiles/CMakeTmp'


Determining if the function pthread_create exists in the pthread passed with the following output:
Change Dir: /source/clients/freerdp-git-01112013/CMakeFiles/CMakeTmp

Run Build Command:/usr/bin/make "cmTryCompileExec4062675449/fast"
/usr/bin/make -f CMakeFiles/cmTryCompileExec4062675449.dir/build.make CMakeFiles/cmTryCompileExec4062675449.dir/build
make[1]: Entering directory `/source/clients/freerdp-git-01112013/CMakeFiles/CMakeTmp'
/usr/bin/cmake -E cmake_progress_report /source/clients/freerdp-git-01112013/CMakeFiles/CMakeTmp/CMakeFiles 1
Building C object CMakeFiles/cmTryCompileExec4062675449.dir/CheckFunctionExists.c.o
/toolchain/bin/i486-TSOL-linux-gnu-gcc   -Os  -march=i686 -Wall -Wno-unused-result -Wno-unused-but-set-variable -Wno-deprecated-declarations -O2 -msse2 -DWINPR_EXPORTS -DFREERDP_EXPORTS  -DCHECK_FUNCTION_EXISTS=pthread_create -fPIE   -o CMakeFiles/cmTryCompileExec4062675449.dir/CheckFunctionExists.c.o   -c /usr/share/cmake-2.8/Modules/CheckFunctionExists.c
Linking C executable cmTryCompileExec4062675449
/usr/bin/cmake -E cmake_link_script CMakeFiles/cmTryCompileExec4062675449.dir/link.txt --verbose=1
/toolchain/bin/i486-TSOL-linux-gnu-gcc   -Os  -march=i686 -Wall -Wno-unused-result -Wno-unused-but-set-variable -Wno-deprecated-declarations -O2 -msse2 -DWINPR_EXPORTS -DFREERDP_EXPORTS  -DCHECK_FUNCTION_EXISTS=pthread_create   -static-libgcc CMakeFiles/cmTryCompileExec4062675449.dir/CheckFunctionExists.c.o  -o cmTryCompileExec4062675449 -rdynamic -lpthread 
make[1]: Leaving directory `/source/clients/freerdp-git-01112013/CMakeFiles/CMakeTmp'


Determining if files sys/eventfd.h exist passed with the following output:
Change Dir: /source/clients/freerdp-git-01112013/CMakeFiles/CMakeTmp

Run Build Command:/usr/bin/make "cmTryCompileExec1221961711/fast"
/usr/bin/make -f CMakeFiles/cmTryCompileExec1221961711.dir/build.make CMakeFiles/cmTryCompileExec1221961711.dir/build
make[1]: Entering directory `/source/clients/freerdp-git-01112013/CMakeFiles/CMakeTmp'
/usr/bin/cmake -E cmake_progress_report /source/clients/freerdp-git-01112013/CMakeFiles/CMakeTmp/CMakeFiles 1
Building C object CMakeFiles/cmTryCompileExec1221961711.dir/CheckIncludeFiles.c.o
/toolchain/bin/i486-TSOL-linux-gnu-gcc   -Os  -march=i686 -Wall -Wno-unused-result -Wno-unused-but-set-variable -Wno-deprecated-declarations -O2 -msse2 -DWINPR_EXPORTS -DFREERDP_EXPORTS   -fPIE   -o CMakeFiles/cmTryCompileExec1221961711.dir/CheckIncludeFiles.c.o   -c /source/clients/freerdp-git-01112013/CMakeFiles/CMakeTmp/CheckIncludeFiles.c
Linking C executable cmTryCompileExec1221961711
/usr/bin/cmake -E cmake_link_script CMakeFiles/cmTryCompileExec1221961711.dir/link.txt --verbose=1
/toolchain/bin/i486-TSOL-linux-gnu-gcc   -Os  -march=i686 -Wall -Wno-unused-result -Wno-unused-but-set-variable -Wno-deprecated-declarations -O2 -msse2 -DWINPR_EXPORTS -DFREERDP_EXPORTS     -static-libgcc CMakeFiles/cmTryCompileExec1221961711.dir/CheckIncludeFiles.c.o  -o cmTryCompileExec1221961711 -rdynamic 
make[1]: Leaving directory `/source/clients/freerdp-git-01112013/CMakeFiles/CMakeTmp'


Determining if files sys/eventfd.h exist passed with the following output:
Change Dir: /source/clients/freerdp-git-01112013/CMakeFiles/CMakeTmp

Run Build Command:/usr/bin/make "cmTryCompileExec3143429513/fast"
/usr/bin/make -f CMakeFiles/cmTryCompileExec3143429513.dir/build.make CMakeFiles/cmTryCompileExec3143429513.dir/build
make[1]: Entering directory `/source/clients/freerdp-git-01112013/CMakeFiles/CMakeTmp'
/usr/bin/cmake -E cmake_progress_report /source/clients/freerdp-git-01112013/CMakeFiles/CMakeTmp/CMakeFiles 1
Building C object CMakeFiles/cmTryCompileExec3143429513.dir/CheckIncludeFiles.c.o
/toolchain/bin/i486-TSOL-linux-gnu-gcc   -Os  -march=i686 -Wall -Wno-unused-result -Wno-unused-but-set-variable -Wno-deprecated-declarations -O2 -msse2 -DWINPR_EXPORTS -DFREERDP_EXPORTS   -fPIE   -o CMakeFiles/cmTryCompileExec3143429513.dir/CheckIncludeFiles.c.o   -c /source/clients/freerdp-git-01112013/CMakeFiles/CMakeTmp/CheckIncludeFiles.c
Linking C executable cmTryCompileExec3143429513
/usr/bin/cmake -E cmake_link_script CMakeFiles/cmTryCompileExec3143429513.dir/link.txt --verbose=1
/toolchain/bin/i486-TSOL-linux-gnu-gcc   -Os  -march=i686 -Wall -Wno-unused-result -Wno-unused-but-set-variable -Wno-deprecated-declarations -O2 -msse2 -DWINPR_EXPORTS -DFREERDP_EXPORTS     -static-libgcc CMakeFiles/cmTryCompileExec3143429513.dir/CheckIncludeFiles.c.o  -o cmTryCompileExec3143429513 -rdynamic 
make[1]: Leaving directory `/source/clients/freerdp-git-01112013/CMakeFiles/CMakeTmp'


Determining if files sys/timerfd.h exist passed with the following output:
Change Dir: /source/clients/freerdp-git-01112013/CMakeFiles/CMakeTmp

Run Build Command:/usr/bin/make "cmTryCompileExec227992693/fast"
/usr/bin/make -f CMakeFiles/cmTryCompileExec227992693.dir/build.make CMakeFiles/cmTryCompileExec227992693.dir/build
make[1]: Entering directory `/source/clients/freerdp-git-01112013/CMakeFiles/CMakeTmp'
/usr/bin/cmake -E cmake_progress_report /source/clients/freerdp-git-01112013/CMakeFiles/CMakeTmp/CMakeFiles 1
Building C object CMakeFiles/cmTryCompileExec227992693.dir/CheckIncludeFiles.c.o
/toolchain/bin/i486-TSOL-linux-gnu-gcc   -Os  -march=i686 -Wall -Wno-unused-result -Wno-unused-but-set-variable -Wno-deprecated-declarations -O2 -msse2 -DWINPR_EXPORTS -DFREERDP_EXPORTS   -fPIE   -o CMakeFiles/cmTryCompileExec227992693.dir/CheckIncludeFiles.c.o   -c /source/clients/freerdp-git-01112013/CMakeFiles/CMakeTmp/CheckIncludeFiles.c
Linking C executable cmTryCompileExec227992693
/usr/bin/cmake -E cmake_link_script CMakeFiles/cmTryCompileExec227992693.dir/link.txt --verbose=1
/toolchain/bin/i486-TSOL-linux-gnu-gcc   -Os  -march=i686 -Wall -Wno-unused-result -Wno-unused-but-set-variable -Wno-deprecated-declarations -O2 -msse2 -DWINPR_EXPORTS -DFREERDP_EXPORTS     -static-libgcc CMakeFiles/cmTryCompileExec227992693.dir/CheckIncludeFiles.c.o  -o cmTryCompileExec227992693 -rdynamic 
make[1]: Leaving directory `/source/clients/freerdp-git-01112013/CMakeFiles/CMakeTmp'


Determining if the function pthread_tryjoin_np exists in the pthread passed with the following output:
Change Dir: /source/clients/freerdp-git-01112013/CMakeFiles/CMakeTmp

Run Build Command:/usr/bin/make "cmTryCompileExec960414148/fast"
/usr/bin/make -f CMakeFiles/cmTryCompileExec960414148.dir/build.make CMakeFiles/cmTryCompileExec960414148.dir/build
make[1]: Entering directory `/source/clients/freerdp-git-01112013/CMakeFiles/CMakeTmp'
/usr/bin/cmake -E cmake_progress_report /source/clients/freerdp-git-01112013/CMakeFiles/CMakeTmp/CMakeFiles 1
Building C object CMakeFiles/cmTryCompileExec960414148.dir/CheckFunctionExists.c.o
/toolchain/bin/i486-TSOL-linux-gnu-gcc  -D_GNU_SOURCE -Os  -march=i686 -Wall -Wno-unused-result -Wno-unused-but-set-variable -Wno-deprecated-declarations -O2 -msse2 -DWINPR_EXPORTS -DFREERDP_EXPORTS  -DCHECK_FUNCTION_EXISTS=pthread_tryjoin_np -fPIE   -o CMakeFiles/cmTryCompileExec960414148.dir/CheckFunctionExists.c.o   -c /usr/share/cmake-2.8/Modules/CheckFunctionExists.c
Linking C executable cmTryCompileExec960414148
/usr/bin/cmake -E cmake_link_script CMakeFiles/cmTryCompileExec960414148.dir/link.txt --verbose=1
/toolchain/bin/i486-TSOL-linux-gnu-gcc   -Os  -march=i686 -Wall -Wno-unused-result -Wno-unused-but-set-variable -Wno-deprecated-declarations -O2 -msse2 -DWINPR_EXPORTS -DFREERDP_EXPORTS  -DCHECK_FUNCTION_EXISTS=pthread_tryjoin_np   -static-libgcc CMakeFiles/cmTryCompileExec960414148.dir/CheckFunctionExists.c.o  -o cmTryCompileExec960414148 -rdynamic -lpthread 
make[1]: Leaving directory `/source/clients/freerdp-git-01112013/CMakeFiles/CMakeTmp'


The target system is: Linux - 3.2.16-030216-generic - i686
The host system is: Linux - 3.2.16-030216-generic - i686
The target system is: Linux - 3.2.16-030216-generic - i686
The host system is: Linux - 3.2.16-030216-generic - i686
The target system is: Linux - 3.2.16-030216-generic - i686
The host system is: Linux - 3.2.16-030216-generic - i686
Performing C SOURCE FILE Test Wno-unused-result succeded with the following output:
Change Dir: /source/clients/freerdp-git-01112013/CMakeFiles/CMakeTmp

Run Build Command:/usr/bin/make "cmTryCompileExec4128742359/fast"
/usr/bin/make -f CMakeFiles/cmTryCompileExec4128742359.dir/build.make CMakeFiles/cmTryCompileExec4128742359.dir/build
make[1]: Entering directory `/source/clients/freerdp-git-01112013/CMakeFiles/CMakeTmp'
/usr/bin/cmake -E cmake_progress_report /source/clients/freerdp-git-01112013/CMakeFiles/CMakeTmp/CMakeFiles 1
Building C object CMakeFiles/cmTryCompileExec4128742359.dir/src.c.o
/toolchain/bin/i486-TSOL-linux-gnu-gcc   -Os  -march=i686 -Wall  -DWno-unused-result -fPIE   -Wno-unused-result -o CMakeFiles/cmTryCompileExec4128742359.dir/src.c.o   -c /source/clients/freerdp-git-01112013/CMakeFiles/CMakeTmp/src.c
<command-line>:0:4: warning: missing whitespace after the macro name [enabled by default]
Linking C executable cmTryCompileExec4128742359
/usr/bin/cmake -E cmake_link_script CMakeFiles/cmTryCompileExec4128742359.dir/link.txt --verbose=1
/toolchain/bin/i486-TSOL-linux-gnu-gcc   -Os  -march=i686 -Wall  -DWno-unused-result   -static-libgcc CMakeFiles/cmTryCompileExec4128742359.dir/src.c.o  -o cmTryCompileExec4128742359 -rdynamic 
make[1]: Leaving directory `/source/clients/freerdp-git-01112013/CMakeFiles/CMakeTmp'

Source file was:
int main(void) { return 0; }
Performing C SOURCE FILE Test Wno-unused-but-set-variable succeded with the following output:
Change Dir: /source/clients/freerdp-git-01112013/CMakeFiles/CMakeTmp

Run Build Command:/usr/bin/make "cmTryCompileExec2012399322/fast"
/usr/bin/make -f CMakeFiles/cmTryCompileExec2012399322.dir/build.make CMakeFiles/cmTryCompileExec2012399322.dir/build
make[1]: Entering directory `/source/clients/freerdp-git-01112013/CMakeFiles/CMakeTmp'
/usr/bin/cmake -E cmake_progress_report /source/clients/freerdp-git-01112013/CMakeFiles/CMakeTmp/CMakeFiles 1
Building C object CMakeFiles/cmTryCompileExec2012399322.dir/src.c.o
/toolchain/bin/i486-TSOL-linux-gnu-gcc   -Os  -march=i686 -Wall -Wno-unused-result  -DWno-unused-but-set-variable -fPIE   -Wno-unused-but-set-variable -o CMakeFiles/cmTryCompileExec2012399322.dir/src.c.o   -c /source/clients/freerdp-git-01112013/CMakeFiles/CMakeTmp/src.c
<command-line>:0:4: warning: missing whitespace after the macro name [enabled by default]
Linking C executable cmTryCompileExec2012399322
/usr/bin/cmake -E cmake_link_script CMakeFiles/cmTryCompileExec2012399322.dir/link.txt --verbose=1
/toolchain/bin/i486-TSOL-linux-gnu-gcc   -Os  -march=i686 -Wall -Wno-unused-result  -DWno-unused-but-set-variable   -static-libgcc CMakeFiles/cmTryCompileExec2012399322.dir/src.c.o  -o cmTryCompileExec2012399322 -rdynamic 
make[1]: Leaving directory `/source/clients/freerdp-git-01112013/CMakeFiles/CMakeTmp'

Source file was:
int main(void) { return 0; }
Performing C SOURCE FILE Test Wno-deprecated-declarations succeded with the following output:
Change Dir: /source/clients/freerdp-git-01112013/CMakeFiles/CMakeTmp

Run Build Command:/usr/bin/make "cmTryCompileExec1963718479/fast"
/usr/bin/make -f CMakeFiles/cmTryCompileExec1963718479.dir/build.make CMakeFiles/cmTryCompileExec1963718479.dir/build
make[1]: Entering directory `/source/clients/freerdp-git-01112013/CMakeFiles/CMakeTmp'
/usr/bin/cmake -E cmake_progress_report /source/clients/freerdp-git-01112013/CMakeFiles/CMakeTmp/CMakeFiles 1
Building C object CMakeFiles/cmTryCompileExec1963718479.dir/src.c.o
/toolchain/bin/i486-TSOL-linux-gnu-gcc   -Os  -march=i686 -Wall -Wno-unused-result -Wno-unused-but-set-variable  -DWno-deprecated-declarations -fPIE   -Wno-deprecated-declarations -o CMakeFiles/cmTryCompileExec1963718479.dir/src.c.o   -c /source/clients/freerdp-git-01112013/CMakeFiles/CMakeTmp/src.c
<command-line>:0:4: warning: missing whitespace after the macro name [enabled by default]
Linking C executable cmTryCompileExec1963718479
/usr/bin/cmake -E cmake_link_script CMakeFiles/cmTryCompileExec1963718479.dir/link.txt --verbose=1
/toolchain/bin/i486-TSOL-linux-gnu-gcc   -Os  -march=i686 -Wall -Wno-unused-result -Wno-unused-but-set-variable  -DWno-deprecated-declarations   -static-libgcc CMakeFiles/cmTryCompileExec1963718479.dir/src.c.o  -o cmTryCompileExec1963718479 -rdynamic 
make[1]: Leaving directory `/source/clients/freerdp-git-01112013/CMakeFiles/CMakeTmp'

Source file was:
int main(void) { return 0; }
Determining if files fcntl.h exist passed with the following output:
Change Dir: /source/clients/freerdp-git-01112013/CMakeFiles/CMakeTmp

Run Build Command:/usr/bin/make "cmTryCompileExec760032664/fast"
/usr/bin/make -f CMakeFiles/cmTryCompileExec760032664.dir/build.make CMakeFiles/cmTryCompileExec760032664.dir/build
make[1]: Entering directory `/source/clients/freerdp-git-01112013/CMakeFiles/CMakeTmp'
/usr/bin/cmake -E cmake_progress_report /source/clients/freerdp-git-01112013/CMakeFiles/CMakeTmp/CMakeFiles 1
Building C object CMakeFiles/cmTryCompileExec760032664.dir/CheckIncludeFiles.c.o
/toolchain/bin/i486-TSOL-linux-gnu-gcc   -Os  -march=i686 -Wall -Wno-unused-result -Wno-unused-but-set-variable -Wno-deprecated-declarations -O2 -msse2 -DWINPR_EXPORTS -DFREERDP_EXPORTS   -fPIE   -o CMakeFiles/cmTryCompileExec760032664.dir/CheckIncludeFiles.c.o   -c /source/clients/freerdp-git-01112013/CMakeFiles/CMakeTmp/CheckIncludeFiles.c
Linking C executable cmTryCompileExec760032664
/usr/bin/cmake -E cmake_link_script CMakeFiles/cmTryCompileExec760032664.dir/link.txt --verbose=1
/toolchain/bin/i486-TSOL-linux-gnu-gcc   -Os  -march=i686 -Wall -Wno-unused-result -Wno-unused-but-set-variable -Wno-deprecated-declarations -O2 -msse2 -DWINPR_EXPORTS -DFREERDP_EXPORTS     -static-libgcc CMakeFiles/cmTryCompileExec760032664.dir/CheckIncludeFiles.c.o  -o cmTryCompileExec760032664 -rdynamic 
make[1]: Leaving directory `/source/clients/freerdp-git-01112013/CMakeFiles/CMakeTmp'


Determining if files unistd.h exist passed with the following output:
Change Dir: /source/clients/freerdp-git-01112013/CMakeFiles/CMakeTmp

Run Build Command:/usr/bin/make "cmTryCompileExec1435782747/fast"
/usr/bin/make -f CMakeFiles/cmTryCompileExec1435782747.dir/build.make CMakeFiles/cmTryCompileExec1435782747.dir/build
make[1]: Entering directory `/source/clients/freerdp-git-01112013/CMakeFiles/CMakeTmp'
/usr/bin/cmake -E cmake_progress_report /source/clients/freerdp-git-01112013/CMakeFiles/CMakeTmp/CMakeFiles 1
Building C object CMakeFiles/cmTryCompileExec1435782747.dir/CheckIncludeFiles.c.o
/toolchain/bin/i486-TSOL-linux-gnu-gcc   -Os  -march=i686 -Wall -Wno-unused-result -Wno-unused-but-set-variable -Wno-deprecated-declarations -O2 -msse2 -DWINPR_EXPORTS -DFREERDP_EXPORTS   -fPIE   -o CMakeFiles/cmTryCompileExec1435782747.dir/CheckIncludeFiles.c.o   -c /source/clients/freerdp-git-01112013/CMakeFiles/CMakeTmp/CheckIncludeFiles.c
Linking C executable cmTryCompileExec1435782747
/usr/bin/cmake -E cmake_link_script CMakeFiles/cmTryCompileExec1435782747.dir/link.txt --verbose=1
/toolchain/bin/i486-TSOL-linux-gnu-gcc   -Os  -march=i686 -Wall -Wno-unused-result -Wno-unused-but-set-variable -Wno-deprecated-declarations -O2 -msse2 -DWINPR_EXPORTS -DFREERDP_EXPORTS     -static-libgcc CMakeFiles/cmTryCompileExec1435782747.dir/CheckIncludeFiles.c.o  -o cmTryCompileExec1435782747 -rdynamic 
make[1]: Leaving directory `/source/clients/freerdp-git-01112013/CMakeFiles/CMakeTmp'


Determining if files stdint.h exist passed with the following output:
Change Dir: /source/clients/freerdp-git-01112013/CMakeFiles/CMakeTmp

Run Build Command:/usr/bin/make "cmTryCompileExec2443354912/fast"
/usr/bin/make -f CMakeFiles/cmTryCompileExec2443354912.dir/build.make CMakeFiles/cmTryCompileExec2443354912.dir/build
make[1]: Entering directory `/source/clients/freerdp-git-01112013/CMakeFiles/CMakeTmp'
/usr/bin/cmake -E cmake_progress_report /source/clients/freerdp-git-01112013/CMakeFiles/CMakeTmp/CMakeFiles 1
Building C object CMakeFiles/cmTryCompileExec2443354912.dir/CheckIncludeFiles.c.o
/toolchain/bin/i486-TSOL-linux-gnu-gcc   -Os  -march=i686 -Wall -Wno-unused-result -Wno-unused-but-set-variable -Wno-deprecated-declarations -O2 -msse2 -DWINPR_EXPORTS -DFREERDP_EXPORTS   -fPIE   -o CMakeFiles/cmTryCompileExec2443354912.dir/CheckIncludeFiles.c.o   -c /source/clients/freerdp-git-01112013/CMakeFiles/CMakeTmp/CheckIncludeFiles.c
Linking C executable cmTryCompileExec2443354912
/usr/bin/cmake -E cmake_link_script CMakeFiles/cmTryCompileExec2443354912.dir/link.txt --verbose=1
/toolchain/bin/i486-TSOL-linux-gnu-gcc   -Os  -march=i686 -Wall -Wno-unused-result -Wno-unused-but-set-variable -Wno-deprecated-declarations -O2 -msse2 -DWINPR_EXPORTS -DFREERDP_EXPORTS     -static-libgcc CMakeFiles/cmTryCompileExec2443354912.dir/CheckIncludeFiles.c.o  -o cmTryCompileExec2443354912 -rdynamic 
make[1]: Leaving directory `/source/clients/freerdp-git-01112013/CMakeFiles/CMakeTmp'


Determining if files inttypes.h exist passed with the following output:
Change Dir: /source/clients/freerdp-git-01112013/CMakeFiles/CMakeTmp

Run Build Command:/usr/bin/make "cmTryCompileExec2426642113/fast"
/usr/bin/make -f CMakeFiles/cmTryCompileExec2426642113.dir/build.make CMakeFiles/cmTryCompileExec2426642113.dir/build
make[1]: Entering directory `/source/clients/freerdp-git-01112013/CMakeFiles/CMakeTmp'
/usr/bin/cmake -E cmake_progress_report /source/clients/freerdp-git-01112013/CMakeFiles/CMakeTmp/CMakeFiles 1
Building C object CMakeFiles/cmTryCompileExec2426642113.dir/CheckIncludeFiles.c.o
/toolchain/bin/i486-TSOL-linux-gnu-gcc   -Os  -march=i686 -Wall -Wno-unused-result -Wno-unused-but-set-variable -Wno-deprecated-declarations -O2 -msse2 -DWINPR_EXPORTS -DFREERDP_EXPORTS   -fPIE   -o CMakeFiles/cmTryCompileExec2426642113.dir/CheckIncludeFiles.c.o   -c /source/clients/freerdp-git-01112013/CMakeFiles/CMakeTmp/CheckIncludeFiles.c
Linking C executable cmTryCompileExec2426642113
/usr/bin/cmake -E cmake_link_script CMakeFiles/cmTryCompileExec2426642113.dir/link.txt --verbose=1
/toolchain/bin/i486-TSOL-linux-gnu-gcc   -Os  -march=i686 -Wall -Wno-unused-result -Wno-unused-but-set-variable -Wno-deprecated-declarations -O2 -msse2 -DWINPR_EXPORTS -DFREERDP_EXPORTS     -static-libgcc CMakeFiles/cmTryCompileExec2426642113.dir/CheckIncludeFiles.c.o  -o cmTryCompileExec2426642113 -rdynamic 
make[1]: Leaving directory `/source/clients/freerdp-git-01112013/CMakeFiles/CMakeTmp'


Determining if files sys/select.h exist passed with the following output:
Change Dir: /source/clients/freerdp-git-01112013/CMakeFiles/CMakeTmp

Run Build Command:/usr/bin/make "cmTryCompileExec1173676579/fast"
/usr/bin/make -f CMakeFiles/cmTryCompileExec1173676579.dir/build.make CMakeFiles/cmTryCompileExec1173676579.dir/build
make[1]: Entering directory `/source/clients/freerdp-git-01112013/CMakeFiles/CMakeTmp'
/usr/bin/cmake -E cmake_progress_report /source/clients/freerdp-git-01112013/CMakeFiles/CMakeTmp/CMakeFiles 1
Building C object CMakeFiles/cmTryCompileExec1173676579.dir/CheckIncludeFiles.c.o
/toolchain/bin/i486-TSOL-linux-gnu-gcc   -Os  -march=i686 -Wall -Wno-unused-result -Wno-unused-but-set-variable -Wno-deprecated-declarations -O2 -msse2 -DWINPR_EXPORTS -DFREERDP_EXPORTS   -fPIE   -o CMakeFiles/cmTryCompileExec1173676579.dir/CheckIncludeFiles.c.o   -c /source/clients/freerdp-git-01112013/CMakeFiles/CMakeTmp/CheckIncludeFiles.c
Linking C executable cmTryCompileExec1173676579
/usr/bin/cmake -E cmake_link_script CMakeFiles/cmTryCompileExec1173676579.dir/link.txt --verbose=1
/toolchain/bin/i486-TSOL-linux-gnu-gcc   -Os  -march=i686 -Wall -Wno-unused-result -Wno-unused-but-set-variable -Wno-deprecated-declarations -O2 -msse2 -DWINPR_EXPORTS -DFREERDP_EXPORTS     -static-libgcc CMakeFiles/cmTryCompileExec1173676579.dir/CheckIncludeFiles.c.o  -o cmTryCompileExec1173676579 -rdynamic 
make[1]: Leaving directory `/source/clients/freerdp-git-01112013/CMakeFiles/CMakeTmp'


Performing C SOURCE FILE Test HAVE_TM_GMTOFF succeded with the following output:
Change Dir: /source/clients/freerdp-git-01112013/CMakeFiles/CMakeTmp

Run Build Command:/usr/bin/make "cmTryCompileExec1832532099/fast"
/usr/bin/make -f CMakeFiles/cmTryCompileExec1832532099.dir/build.make CMakeFiles/cmTryCompileExec1832532099.dir/build
make[1]: Entering directory `/source/clients/freerdp-git-01112013/CMakeFiles/CMakeTmp'
/usr/bin/cmake -E cmake_progress_report /source/clients/freerdp-git-01112013/CMakeFiles/CMakeTmp/CMakeFiles 1
Building C object CMakeFiles/cmTryCompileExec1832532099.dir/src.c.o
/toolchain/bin/i486-TSOL-linux-gnu-gcc   -Os  -march=i686 -Wall -Wno-unused-result -Wno-unused-but-set-variable -Wno-deprecated-declarations -O2 -msse2 -DWINPR_EXPORTS -DFREERDP_EXPORTS  -DHAVE_TM_GMTOFF -fPIE   -o CMakeFiles/cmTryCompileExec1832532099.dir/src.c.o   -c /source/clients/freerdp-git-01112013/CMakeFiles/CMakeTmp/src.c
/source/clients/freerdp-git-01112013/CMakeFiles/CMakeTmp/src.c: In function ‘main’:
/source/clients/freerdp-git-01112013/CMakeFiles/CMakeTmp/src.c:7:4: warning: statement with no effect [-Wunused-value]
Linking C executable cmTryCompileExec1832532099
/usr/bin/cmake -E cmake_link_script CMakeFiles/cmTryCompileExec1832532099.dir/link.txt --verbose=1
/toolchain/bin/i486-TSOL-linux-gnu-gcc   -Os  -march=i686 -Wall -Wno-unused-result -Wno-unused-but-set-variable -Wno-deprecated-declarations -O2 -msse2 -DWINPR_EXPORTS -DFREERDP_EXPORTS  -DHAVE_TM_GMTOFF   -static-libgcc CMakeFiles/cmTryCompileExec1832532099.dir/src.c.o  -o cmTryCompileExec1832532099 -rdynamic 
make[1]: Leaving directory `/source/clients/freerdp-git-01112013/CMakeFiles/CMakeTmp'

Source file was:

#include <time.h>

int main()
{
   struct tm* tmp;
   tmp->tm_gmtoff;
  return 0;
}

Determining if files pthread.h exist passed with the following output:
Change Dir: /source/clients/freerdp-git-01112013/CMakeFiles/CMakeTmp

Run Build Command:/usr/bin/make "cmTryCompileExec3384739899/fast"
/usr/bin/make -f CMakeFiles/cmTryCompileExec3384739899.dir/build.make CMakeFiles/cmTryCompileExec3384739899.dir/build
make[1]: Entering directory `/source/clients/freerdp-git-01112013/CMakeFiles/CMakeTmp'
/usr/bin/cmake -E cmake_progress_report /source/clients/freerdp-git-01112013/CMakeFiles/CMakeTmp/CMakeFiles 1
Building C object CMakeFiles/cmTryCompileExec3384739899.dir/CheckIncludeFiles.c.o
/toolchain/bin/i486-TSOL-linux-gnu-gcc   -Os  -march=i686 -Wall -Wno-unused-result -Wno-unused-but-set-variable -Wno-deprecated-declarations -O2 -msse2 -DWINPR_EXPORTS -DFREERDP_EXPORTS   -fPIE   -o CMakeFiles/cmTryCompileExec3384739899.dir/CheckIncludeFiles.c.o   -c /source/clients/freerdp-git-01112013/CMakeFiles/CMakeTmp/CheckIncludeFiles.c
Linking C executable cmTryCompileExec3384739899
/usr/bin/cmake -E cmake_link_script CMakeFiles/cmTryCompileExec3384739899.dir/link.txt --verbose=1
/toolchain/bin/i486-TSOL-linux-gnu-gcc   -Os  -march=i686 -Wall -Wno-unused-result -Wno-unused-but-set-variable -Wno-deprecated-declarations -O2 -msse2 -DWINPR_EXPORTS -DFREERDP_EXPORTS     -static-libgcc CMakeFiles/cmTryCompileExec3384739899.dir/CheckIncludeFiles.c.o  -o cmTryCompileExec3384739899 -rdynamic 
make[1]: Leaving directory `/source/clients/freerdp-git-01112013/CMakeFiles/CMakeTmp'


Determining if the function pthread_create exists in the pthread passed with the following output:
Change Dir: /source/clients/freerdp-git-01112013/CMakeFiles/CMakeTmp

Run Build Command:/usr/bin/make "cmTryCompileExec2413685791/fast"
/usr/bin/make -f CMakeFiles/cmTryCompileExec2413685791.dir/build.make CMakeFiles/cmTryCompileExec2413685791.dir/build
make[1]: Entering directory `/source/clients/freerdp-git-01112013/CMakeFiles/CMakeTmp'
/usr/bin/cmake -E cmake_progress_report /source/clients/freerdp-git-01112013/CMakeFiles/CMakeTmp/CMakeFiles 1
Building C object CMakeFiles/cmTryCompileExec2413685791.dir/CheckFunctionExists.c.o
/toolchain/bin/i486-TSOL-linux-gnu-gcc   -Os  -march=i686 -Wall -Wno-unused-result -Wno-unused-but-set-variable -Wno-deprecated-declarations -O2 -msse2 -DWINPR_EXPORTS -DFREERDP_EXPORTS  -DCHECK_FUNCTION_EXISTS=pthread_create -fPIE   -o CMakeFiles/cmTryCompileExec2413685791.dir/CheckFunctionExists.c.o   -c /usr/share/cmake-2.8/Modules/CheckFunctionExists.c
Linking C executable cmTryCompileExec2413685791
/usr/bin/cmake -E cmake_link_script CMakeFiles/cmTryCompileExec2413685791.dir/link.txt --verbose=1
/toolchain/bin/i486-TSOL-linux-gnu-gcc   -Os  -march=i686 -Wall -Wno-unused-result -Wno-unused-but-set-variable -Wno-deprecated-declarations -O2 -msse2 -DWINPR_EXPORTS -DFREERDP_EXPORTS  -DCHECK_FUNCTION_EXISTS=pthread_create   -static-libgcc CMakeFiles/cmTryCompileExec2413685791.dir/CheckFunctionExists.c.o  -o cmTryCompileExec2413685791 -rdynamic -lpthread 
make[1]: Leaving directory `/source/clients/freerdp-git-01112013/CMakeFiles/CMakeTmp'


Determining if files sys/eventfd.h exist passed with the following output:
Change Dir: /source/clients/freerdp-git-01112013/CMakeFiles/CMakeTmp

Run Build Command:/usr/bin/make "cmTryCompileExec983656488/fast"
/usr/bin/make -f CMakeFiles/cmTryCompileExec983656488.dir/build.make CMakeFiles/cmTryCompileExec983656488.dir/build
make[1]: Entering directory `/source/clients/freerdp-git-01112013/CMakeFiles/CMakeTmp'
/usr/bin/cmake -E cmake_progress_report /source/clients/freerdp-git-01112013/CMakeFiles/CMakeTmp/CMakeFiles 1
Building C object CMakeFiles/cmTryCompileExec983656488.dir/CheckIncludeFiles.c.o
/toolchain/bin/i486-TSOL-linux-gnu-gcc   -Os  -march=i686 -Wall -Wno-unused-result -Wno-unused-but-set-variable -Wno-deprecated-declarations -O2 -msse2 -DWINPR_EXPORTS -DFREERDP_EXPORTS   -fPIE   -o CMakeFiles/cmTryCompileExec983656488.dir/CheckIncludeFiles.c.o   -c /source/clients/freerdp-git-01112013/CMakeFiles/CMakeTmp/CheckIncludeFiles.c
Linking C executable cmTryCompileExec983656488
/usr/bin/cmake -E cmake_link_script CMakeFiles/cmTryCompileExec983656488.dir/link.txt --verbose=1
/toolchain/bin/i486-TSOL-linux-gnu-gcc   -Os  -march=i686 -Wall -Wno-unused-result -Wno-unused-but-set-variable -Wno-deprecated-declarations -O2 -msse2 -DWINPR_EXPORTS -DFREERDP_EXPORTS     -static-libgcc CMakeFiles/cmTryCompileExec983656488.dir/CheckIncludeFiles.c.o  -o cmTryCompileExec983656488 -rdynamic 
make[1]: Leaving directory `/source/clients/freerdp-git-01112013/CMakeFiles/CMakeTmp'


Determining if files sys/eventfd.h exist passed with the following output:
Change Dir: /source/clients/freerdp-git-01112013/CMakeFiles/CMakeTmp

Run Build Command:/usr/bin/make "cmTryCompileExec39005236/fast"
/usr/bin/make -f CMakeFiles/cmTryCompileExec39005236.dir/build.make CMakeFiles/cmTryCompileExec39005236.dir/build
make[1]: Entering directory `/source/clients/freerdp-git-01112013/CMakeFiles/CMakeTmp'
/usr/bin/cmake -E cmake_progress_report /source/clients/freerdp-git-01112013/CMakeFiles/CMakeTmp/CMakeFiles 1
Building C object CMakeFiles/cmTryCompileExec39005236.dir/CheckIncludeFiles.c.o
/toolchain/bin/i486-TSOL-linux-gnu-gcc   -Os  -march=i686 -Wall -Wno-unused-result -Wno-unused-but-set-variable -Wno-deprecated-declarations -O2 -msse2 -DWINPR_EXPORTS -DFREERDP_EXPORTS   -fPIE   -o CMakeFiles/cmTryCompileExec39005236.dir/CheckIncludeFiles.c.o   -c /source/clients/freerdp-git-01112013/CMakeFiles/CMakeTmp/CheckIncludeFiles.c
Linking C executable cmTryCompileExec39005236
/usr/bin/cmake -E cmake_link_script CMakeFiles/cmTryCompileExec39005236.dir/link.txt --verbose=1
/toolchain/bin/i486-TSOL-linux-gnu-gcc   -Os  -march=i686 -Wall -Wno-unused-result -Wno-unused-but-set-variable -Wno-deprecated-declarations -O2 -msse2 -DWINPR_EXPORTS -DFREERDP_EXPORTS     -static-libgcc CMakeFiles/cmTryCompileExec39005236.dir/CheckIncludeFiles.c.o  -o cmTryCompileExec39005236 -rdynamic 
make[1]: Leaving directory `/source/clients/freerdp-git-01112013/CMakeFiles/CMakeTmp'


Determining if files sys/timerfd.h exist passed with the following output:
Change Dir: /source/clients/freerdp-git-01112013/CMakeFiles/CMakeTmp

Run Build Command:/usr/bin/make "cmTryCompileExec2067032986/fast"
/usr/bin/make -f CMakeFiles/cmTryCompileExec2067032986.dir/build.make CMakeFiles/cmTryCompileExec2067032986.dir/build
make[1]: Entering directory `/source/clients/freerdp-git-01112013/CMakeFiles/CMakeTmp'
/usr/bin/cmake -E cmake_progress_report /source/clients/freerdp-git-01112013/CMakeFiles/CMakeTmp/CMakeFiles 1
Building C object CMakeFiles/cmTryCompileExec2067032986.dir/CheckIncludeFiles.c.o
/toolchain/bin/i486-TSOL-linux-gnu-gcc   -Os  -march=i686 -Wall -Wno-unused-result -Wno-unused-but-set-variable -Wno-deprecated-declarations -O2 -msse2 -DWINPR_EXPORTS -DFREERDP_EXPORTS   -fPIE   -o CMakeFiles/cmTryCompileExec2067032986.dir/CheckIncludeFiles.c.o   -c /source/clients/freerdp-git-01112013/CMakeFiles/CMakeTmp/CheckIncludeFiles.c
Linking C executable cmTryCompileExec2067032986
/usr/bin/cmake -E cmake_link_script CMakeFiles/cmTryCompileExec2067032986.dir/link.txt --verbose=1
/toolchain/bin/i486-TSOL-linux-gnu-gcc   -Os  -march=i686 -Wall -Wno-unused-result -Wno-unused-but-set-variable -Wno-deprecated-declarations -O2 -msse2 -DWINPR_EXPORTS -DFREERDP_EXPORTS     -static-libgcc CMakeFiles/cmTryCompileExec2067032986.dir/CheckIncludeFiles.c.o  -o cmTryCompileExec2067032986 -rdynamic 
make[1]: Leaving directory `/source/clients/freerdp-git-01112013/CMakeFiles/CMakeTmp'


Determining if the function pthread_tryjoin_np exists in the pthread passed with the following output:
Change Dir: /source/clients/freerdp-git-01112013/CMakeFiles/CMakeTmp

Run Build Command:/usr/bin/make "cmTryCompileExec3952803578/fast"
/usr/bin/make -f CMakeFiles/cmTryCompileExec3952803578.dir/build.make CMakeFiles/cmTryCompileExec3952803578.dir/build
make[1]: Entering directory `/source/clients/freerdp-git-01112013/CMakeFiles/CMakeTmp'
/usr/bin/cmake -E cmake_progress_report /source/clients/freerdp-git-01112013/CMakeFiles/CMakeTmp/CMakeFiles 1
Building C object CMakeFiles/cmTryCompileExec3952803578.dir/CheckFunctionExists.c.o
/toolchain/bin/i486-TSOL-linux-gnu-gcc  -D_GNU_SOURCE -Os  -march=i686 -Wall -Wno-unused-result -Wno-unused-but-set-variable -Wno-deprecated-declarations -O2 -msse2 -DWINPR_EXPORTS -DFREERDP_EXPORTS  -DCHECK_FUNCTION_EXISTS=pthread_tryjoin_np -fPIE   -o CMakeFiles/cmTryCompileExec3952803578.dir/CheckFunctionExists.c.o   -c /usr/share/cmake-2.8/Modules/CheckFunctionExists.c
Linking C executable cmTryCompileExec3952803578
/usr/bin/cmake -E cmake_link_script CMakeFiles/cmTryCompileExec3952803578.dir/link.txt --verbose=1
/toolchain/bin/i486-TSOL-linux-gnu-gcc   -Os  -march=i686 -Wall -Wno-unused-result -Wno-unused-but-set-variable -Wno-deprecated-declarations -O2 -msse2 -DWINPR_EXPORTS -DFREERDP_EXPORTS  -DCHECK_FUNCTION_EXISTS=pthread_tryjoin_np   -static-libgcc CMakeFiles/cmTryCompileExec3952803578.dir/CheckFunctionExists.c.o  -o cmTryCompileExec3952803578 -rdynamic -lpthread 
make[1]: Leaving directory `/source/clients/freerdp-git-01112013/CMakeFiles/CMakeTmp'


The target system is: Linux - 3.2.16-030216-generic - i686
The host system is: Linux - 3.2.16-030216-generic - i686
The target system is: Linux - 3.2.16-030216-generic - i686
The host system is: Linux - 3.2.16-030216-generic - i686
The target system is: Linux - 3.2.16-030216-generic - i686
The host system is: Linux - 3.2.16-030216-generic - i686
The target system is: Linux - 3.2.16-030216-generic - i686
The host system is: Linux - 3.2.16-030216-generic - i686
The target system is: Linux - 3.2.16-030216-generic - i686
The host system is: Linux - 3.2.16-030216-generic - i686
