The system is: Linux - 3.2.16-030216-generic - i686
Compiling the C compiler identification source file "CMakeCCompilerId.c" succeeded.
Compiler: /toolchain/bin/i486-TSOL-linux-gnu-gcc 
Build flags: -Os
Id flags: 

The output was:
0


Compilation of the C compiler identification source "CMakeCCompilerId.c" produced "a.out"

The C compiler identification is GNU, found in "/source/clients/FreeRDP-1.1.0-beta1/CMakeFiles/2.8.10.2/CompilerIdC/a.out"

Determining if the C compiler works passed with the following output:
Change Dir: /source/clients/FreeRDP-1.1.0-beta1/CMakeFiles/CMakeTmp

Run Build Command:/usr/bin/make "cmTryCompileExec331946118/fast"
/usr/bin/make -f CMakeFiles/cmTryCompileExec331946118.dir/build.make CMakeFiles/cmTryCompileExec331946118.dir/build
make[1]: Entering directory `/source/clients/FreeRDP-1.1.0-beta1/CMakeFiles/CMakeTmp'
/usr/bin/cmake -E cmake_progress_report /source/clients/FreeRDP-1.1.0-beta1/CMakeFiles/CMakeTmp/CMakeFiles 1
Building C object CMakeFiles/cmTryCompileExec331946118.dir/testCCompiler.c.o
/toolchain/bin/i486-TSOL-linux-gnu-gcc   -Os      -o CMakeFiles/cmTryCompileExec331946118.dir/testCCompiler.c.o   -c /source/clients/FreeRDP-1.1.0-beta1/CMakeFiles/CMakeTmp/testCCompiler.c
Linking C executable cmTryCompileExec331946118
/usr/bin/cmake -E cmake_link_script CMakeFiles/cmTryCompileExec331946118.dir/link.txt --verbose=1
/toolchain/bin/i486-TSOL-linux-gnu-gcc   -Os      -static-libgcc CMakeFiles/cmTryCompileExec331946118.dir/testCCompiler.c.o  -o cmTryCompileExec331946118 -rdynamic 
make[1]: Leaving directory `/source/clients/FreeRDP-1.1.0-beta1/CMakeFiles/CMakeTmp'


Detecting C compiler ABI info compiled with the following output:
Change Dir: /source/clients/FreeRDP-1.1.0-beta1/CMakeFiles/CMakeTmp

Run Build Command:/usr/bin/make "cmTryCompileExec79197806/fast"
/usr/bin/make -f CMakeFiles/cmTryCompileExec79197806.dir/build.make CMakeFiles/cmTryCompileExec79197806.dir/build
make[1]: Entering directory `/source/clients/FreeRDP-1.1.0-beta1/CMakeFiles/CMakeTmp'
/usr/bin/cmake -E cmake_progress_report /source/clients/FreeRDP-1.1.0-beta1/CMakeFiles/CMakeTmp/CMakeFiles 1
Building C object CMakeFiles/cmTryCompileExec79197806.dir/CMakeCCompilerABI.c.o
/toolchain/bin/i486-TSOL-linux-gnu-gcc   -Os      -o CMakeFiles/cmTryCompileExec79197806.dir/CMakeCCompilerABI.c.o   -c /usr/share/cmake-2.8/Modules/CMakeCCompilerABI.c
Linking C executable cmTryCompileExec79197806
/usr/bin/cmake -E cmake_link_script CMakeFiles/cmTryCompileExec79197806.dir/link.txt --verbose=1
/toolchain/bin/i486-TSOL-linux-gnu-gcc   -Os     -v CMakeFiles/cmTryCompileExec79197806.dir/CMakeCCompilerABI.c.o  -o cmTryCompileExec79197806 -rdynamic  
Using built-in specs.
COLLECT_GCC=/toolchain/bin/i486-TSOL-linux-gnu-gcc
COLLECT_LTO_WRAPPER=/toolchain/libexec/gcc/i486-TSOL-linux-gnu/4.6.3/lto-wrapper
Target: i486-TSOL-linux-gnu
Configured with: /TSOL/crosstool-ng-1.15.2/bin/.build/src/gcc-4.6.3/configure --build=i686-build_pc-linux-gnu --host=i686-build_pc-linux-gnu --target=i486-TSOL-linux-gnu --prefix=/toolchain --with-sysroot=/toolchain/i486-TSOL-linux-gnu/sysroot --enable-languages=c,c++ --with-arch=i486 --with-pkgversion='crosstool-NG 1.15.2' --enable-__cxa_atexit --disable-libmudflap --disable-libgomp --disable-libssp --with-gmp=/TSOL/crosstool-ng-1.15.2/bin/.build/i486-TSOL-linux-gnu/buildtools --with-mpfr=/TSOL/crosstool-ng-1.15.2/bin/.build/i486-TSOL-linux-gnu/buildtools --with-mpc=/TSOL/crosstool-ng-1.15.2/bin/.build/i486-TSOL-linux-gnu/buildtools --with-ppl=/TSOL/crosstool-ng-1.15.2/bin/.build/i486-TSOL-linux-gnu/buildtools --with-cloog=/TSOL/crosstool-ng-1.15.2/bin/.build/i486-TSOL-linux-gnu/buildtools --with-libelf=no --with-host-libstdcxx='-static-libgcc -Wl,-Bstatic,-lstdc++,-Bdynamic -lm -L/TSOL/crosstool-ng-1.15.2/bin/.build/i486-TSOL-linux-gnu/buildtools/lib -lpwl' --enable-threads=posix --enable-target-optspace --disable-multilib --with-local-prefix=/toolchain/i486-TSOL-linux-gnu/sysroot --enable-c99 --enable-long-long
Thread model: posix
gcc version 4.6.3 (crosstool-NG 1.15.2) 
COMPILER_PATH=/toolchain/libexec/gcc/i486-TSOL-linux-gnu/4.6.3/:/toolchain/libexec/gcc/i486-TSOL-linux-gnu/4.6.3/:/toolchain/libexec/gcc/i486-TSOL-linux-gnu/:/toolchain/lib/gcc/i486-TSOL-linux-gnu/4.6.3/:/toolchain/lib/gcc/i486-TSOL-linux-gnu/:/toolchain/lib/gcc/i486-TSOL-linux-gnu/4.6.3/../../../../i486-TSOL-linux-gnu/bin/
LIBRARY_PATH=/toolchain/lib/gcc/i486-TSOL-linux-gnu/4.6.3/:/toolchain/lib/gcc/i486-TSOL-linux-gnu/4.6.3/../../../../i486-TSOL-linux-gnu/lib/:/toolchain/i486-TSOL-linux-gnu/sysroot/lib/:/toolchain/i486-TSOL-linux-gnu/sysroot/usr/lib/
COLLECT_GCC_OPTIONS='-Os' '-v' '-o' 'cmTryCompileExec79197806' '-rdynamic' '-mtune=i486' '-march=i486'
 /toolchain/libexec/gcc/i486-TSOL-linux-gnu/4.6.3/collect2 --sysroot=/toolchain/i486-TSOL-linux-gnu/sysroot --eh-frame-hdr -m elf_i386 -export-dynamic -dynamic-linker /lib/ld-linux.so.2 -o cmTryCompileExec79197806 /toolchain/i486-TSOL-linux-gnu/sysroot/usr/lib/crt1.o /toolchain/i486-TSOL-linux-gnu/sysroot/usr/lib/crti.o /toolchain/lib/gcc/i486-TSOL-linux-gnu/4.6.3/crtbegin.o -L/toolchain/lib/gcc/i486-TSOL-linux-gnu/4.6.3 -L/toolchain/lib/gcc/i486-TSOL-linux-gnu/4.6.3/../../../../i486-TSOL-linux-gnu/lib -L/toolchain/i486-TSOL-linux-gnu/sysroot/lib -L/toolchain/i486-TSOL-linux-gnu/sysroot/usr/lib CMakeFiles/cmTryCompileExec79197806.dir/CMakeCCompilerABI.c.o -lgcc --as-needed -lgcc_s --no-as-needed -lc -lgcc --as-needed -lgcc_s --no-as-needed /toolchain/lib/gcc/i486-TSOL-linux-gnu/4.6.3/crtend.o /toolchain/i486-TSOL-linux-gnu/sysroot/usr/lib/crtn.o
make[1]: Leaving directory `/source/clients/FreeRDP-1.1.0-beta1/CMakeFiles/CMakeTmp'


Parsed C implicit link information from above output:
  link line regex: [^( *|.*[/\])(ld|ld|collect2)[^/\]*( |$)]
  ignore line: [Change Dir: /source/clients/FreeRDP-1.1.0-beta1/CMakeFiles/CMakeTmp]
  ignore line: []
  ignore line: [Run Build Command:/usr/bin/make "cmTryCompileExec79197806/fast"]
  ignore line: [/usr/bin/make -f CMakeFiles/cmTryCompileExec79197806.dir/build.make CMakeFiles/cmTryCompileExec79197806.dir/build]
  ignore line: [make[1]: Entering directory `/source/clients/FreeRDP-1.1.0-beta1/CMakeFiles/CMakeTmp']
  ignore line: [/usr/bin/cmake -E cmake_progress_report /source/clients/FreeRDP-1.1.0-beta1/CMakeFiles/CMakeTmp/CMakeFiles 1]
  ignore line: [Building C object CMakeFiles/cmTryCompileExec79197806.dir/CMakeCCompilerABI.c.o]
  ignore line: [/toolchain/bin/i486-TSOL-linux-gnu-gcc   -Os      -o CMakeFiles/cmTryCompileExec79197806.dir/CMakeCCompilerABI.c.o   -c /usr/share/cmake-2.8/Modules/CMakeCCompilerABI.c]
  ignore line: [Linking C executable cmTryCompileExec79197806]
  ignore line: [/usr/bin/cmake -E cmake_link_script CMakeFiles/cmTryCompileExec79197806.dir/link.txt --verbose=1]
  ignore line: [/toolchain/bin/i486-TSOL-linux-gnu-gcc   -Os     -v CMakeFiles/cmTryCompileExec79197806.dir/CMakeCCompilerABI.c.o  -o cmTryCompileExec79197806 -rdynamic  ]
  ignore line: [Using built-in specs.]
  ignore line: [COLLECT_GCC=/toolchain/bin/i486-TSOL-linux-gnu-gcc]
  ignore line: [COLLECT_LTO_WRAPPER=/toolchain/libexec/gcc/i486-TSOL-linux-gnu/4.6.3/lto-wrapper]
  ignore line: [Target: i486-TSOL-linux-gnu]
  ignore line: [Configured with: /TSOL/crosstool-ng-1.15.2/bin/.build/src/gcc-4.6.3/configure --build=i686-build_pc-linux-gnu --host=i686-build_pc-linux-gnu --target=i486-TSOL-linux-gnu --prefix=/toolchain --with-sysroot=/toolchain/i486-TSOL-linux-gnu/sysroot --enable-languages=c,c++ --with-arch=i486 --with-pkgversion='crosstool-NG 1.15.2' --enable-__cxa_atexit --disable-libmudflap --disable-libgomp --disable-libssp --with-gmp=/TSOL/crosstool-ng-1.15.2/bin/.build/i486-TSOL-linux-gnu/buildtools --with-mpfr=/TSOL/crosstool-ng-1.15.2/bin/.build/i486-TSOL-linux-gnu/buildtools --with-mpc=/TSOL/crosstool-ng-1.15.2/bin/.build/i486-TSOL-linux-gnu/buildtools --with-ppl=/TSOL/crosstool-ng-1.15.2/bin/.build/i486-TSOL-linux-gnu/buildtools --with-cloog=/TSOL/crosstool-ng-1.15.2/bin/.build/i486-TSOL-linux-gnu/buildtools --with-libelf=no --with-host-libstdcxx='-static-libgcc -Wl,-Bstatic,-lstdc++,-Bdynamic -lm -L/TSOL/crosstool-ng-1.15.2/bin/.build/i486-TSOL-linux-gnu/buildtools/lib -lpwl' --enable-threads=posix --enable-target-optspace --disable-multilib --with-local-prefix=/toolchain/i486-TSOL-linux-gnu/sysroot --enable-c99 --enable-long-long]
  ignore line: [Thread model: posix]
  ignore line: [gcc version 4.6.3 (crosstool-NG 1.15.2) ]
  ignore line: [COMPILER_PATH=/toolchain/libexec/gcc/i486-TSOL-linux-gnu/4.6.3/:/toolchain/libexec/gcc/i486-TSOL-linux-gnu/4.6.3/:/toolchain/libexec/gcc/i486-TSOL-linux-gnu/:/toolchain/lib/gcc/i486-TSOL-linux-gnu/4.6.3/:/toolchain/lib/gcc/i486-TSOL-linux-gnu/:/toolchain/lib/gcc/i486-TSOL-linux-gnu/4.6.3/../../../../i486-TSOL-linux-gnu/bin/]
  ignore line: [LIBRARY_PATH=/toolchain/lib/gcc/i486-TSOL-linux-gnu/4.6.3/:/toolchain/lib/gcc/i486-TSOL-linux-gnu/4.6.3/../../../../i486-TSOL-linux-gnu/lib/:/toolchain/i486-TSOL-linux-gnu/sysroot/lib/:/toolchain/i486-TSOL-linux-gnu/sysroot/usr/lib/]
  ignore line: [COLLECT_GCC_OPTIONS='-Os' '-v' '-o' 'cmTryCompileExec79197806' '-rdynamic' '-mtune=i486' '-march=i486']
  link line: [ /toolchain/libexec/gcc/i486-TSOL-linux-gnu/4.6.3/collect2 --sysroot=/toolchain/i486-TSOL-linux-gnu/sysroot --eh-frame-hdr -m elf_i386 -export-dynamic -dynamic-linker /lib/ld-linux.so.2 -o cmTryCompileExec79197806 /toolchain/i486-TSOL-linux-gnu/sysroot/usr/lib/crt1.o /toolchain/i486-TSOL-linux-gnu/sysroot/usr/lib/crti.o /toolchain/lib/gcc/i486-TSOL-linux-gnu/4.6.3/crtbegin.o -L/toolchain/lib/gcc/i486-TSOL-linux-gnu/4.6.3 -L/toolchain/lib/gcc/i486-TSOL-linux-gnu/4.6.3/../../../../i486-TSOL-linux-gnu/lib -L/toolchain/i486-TSOL-linux-gnu/sysroot/lib -L/toolchain/i486-TSOL-linux-gnu/sysroot/usr/lib CMakeFiles/cmTryCompileExec79197806.dir/CMakeCCompilerABI.c.o -lgcc --as-needed -lgcc_s --no-as-needed -lc -lgcc --as-needed -lgcc_s --no-as-needed /toolchain/lib/gcc/i486-TSOL-linux-gnu/4.6.3/crtend.o /toolchain/i486-TSOL-linux-gnu/sysroot/usr/lib/crtn.o]
    arg [/toolchain/libexec/gcc/i486-TSOL-linux-gnu/4.6.3/collect2] ==> ignore
    arg [--sysroot=/toolchain/i486-TSOL-linux-gnu/sysroot] ==> ignore
    arg [--eh-frame-hdr] ==> ignore
    arg [-m] ==> ignore
    arg [elf_i386] ==> ignore
    arg [-export-dynamic] ==> ignore
    arg [-dynamic-linker] ==> ignore
    arg [/lib/ld-linux.so.2] ==> ignore
    arg [-o] ==> ignore
    arg [cmTryCompileExec79197806] ==> ignore
    arg [/toolchain/i486-TSOL-linux-gnu/sysroot/usr/lib/crt1.o] ==> ignore
    arg [/toolchain/i486-TSOL-linux-gnu/sysroot/usr/lib/crti.o] ==> ignore
    arg [/toolchain/lib/gcc/i486-TSOL-linux-gnu/4.6.3/crtbegin.o] ==> ignore
    arg [-L/toolchain/lib/gcc/i486-TSOL-linux-gnu/4.6.3] ==> dir [/toolchain/lib/gcc/i486-TSOL-linux-gnu/4.6.3]
    arg [-L/toolchain/lib/gcc/i486-TSOL-linux-gnu/4.6.3/../../../../i486-TSOL-linux-gnu/lib] ==> dir [/toolchain/lib/gcc/i486-TSOL-linux-gnu/4.6.3/../../../../i486-TSOL-linux-gnu/lib]
    arg [-L/toolchain/i486-TSOL-linux-gnu/sysroot/lib] ==> dir [/toolchain/i486-TSOL-linux-gnu/sysroot/lib]
    arg [-L/toolchain/i486-TSOL-linux-gnu/sysroot/usr/lib] ==> dir [/toolchain/i486-TSOL-linux-gnu/sysroot/usr/lib]
    arg [CMakeFiles/cmTryCompileExec79197806.dir/CMakeCCompilerABI.c.o] ==> ignore
    arg [-lgcc] ==> lib [gcc]
    arg [--as-needed] ==> ignore
    arg [-lgcc_s] ==> lib [gcc_s]
    arg [--no-as-needed] ==> ignore
    arg [-lc] ==> lib [c]
    arg [-lgcc] ==> lib [gcc]
    arg [--as-needed] ==> ignore
    arg [-lgcc_s] ==> lib [gcc_s]
    arg [--no-as-needed] ==> ignore
    arg [/toolchain/lib/gcc/i486-TSOL-linux-gnu/4.6.3/crtend.o] ==> ignore
    arg [/toolchain/i486-TSOL-linux-gnu/sysroot/usr/lib/crtn.o] ==> ignore
  remove lib [gcc]
  remove lib [gcc_s]
  remove lib [gcc]
  remove lib [gcc_s]
  collapse dir [/toolchain/lib/gcc/i486-TSOL-linux-gnu/4.6.3] ==> [/toolchain/lib/gcc/i486-TSOL-linux-gnu/4.6.3]
  collapse dir [/toolchain/lib/gcc/i486-TSOL-linux-gnu/4.6.3/../../../../i486-TSOL-linux-gnu/lib] ==> [/toolchain/i486-TSOL-linux-gnu/lib]
  collapse dir [/toolchain/i486-TSOL-linux-gnu/sysroot/lib] ==> [/toolchain/i486-TSOL-linux-gnu/sysroot/lib]
  collapse dir [/toolchain/i486-TSOL-linux-gnu/sysroot/usr/lib] ==> [/toolchain/i486-TSOL-linux-gnu/sysroot/usr/lib]
  implicit libs: [c]
  implicit dirs: [/toolchain/lib/gcc/i486-TSOL-linux-gnu/4.6.3;/toolchain/i486-TSOL-linux-gnu/lib;/toolchain/i486-TSOL-linux-gnu/sysroot/lib;/toolchain/i486-TSOL-linux-gnu/sysroot/usr/lib]


The target system is: Linux - 3.2.16-030216-generic - i686
The host system is: Linux - 3.2.16-030216-generic - i686
Performing C SOURCE FILE Test Wno-unused-result succeded with the following output:
Change Dir: /source/clients/FreeRDP-1.1.0-beta1/CMakeFiles/CMakeTmp

Run Build Command:/usr/bin/make "cmTryCompileExec1051239402/fast"
/usr/bin/make -f CMakeFiles/cmTryCompileExec1051239402.dir/build.make CMakeFiles/cmTryCompileExec1051239402.dir/build
make[1]: Entering directory `/source/clients/FreeRDP-1.1.0-beta1/CMakeFiles/CMakeTmp'
/usr/bin/cmake -E cmake_progress_report /source/clients/FreeRDP-1.1.0-beta1/CMakeFiles/CMakeTmp/CMakeFiles 1
Building C object CMakeFiles/cmTryCompileExec1051239402.dir/src.c.o
/toolchain/bin/i486-TSOL-linux-gnu-gcc   -Os  -march=i686 -Wall  -DWno-unused-result   -Wno-unused-result -o CMakeFiles/cmTryCompileExec1051239402.dir/src.c.o   -c /source/clients/FreeRDP-1.1.0-beta1/CMakeFiles/CMakeTmp/src.c
<command-line>:0:4: warning: missing whitespace after the macro name [enabled by default]
Linking C executable cmTryCompileExec1051239402
/usr/bin/cmake -E cmake_link_script CMakeFiles/cmTryCompileExec1051239402.dir/link.txt --verbose=1
/toolchain/bin/i486-TSOL-linux-gnu-gcc   -Os  -march=i686 -Wall  -DWno-unused-result   -static-libgcc CMakeFiles/cmTryCompileExec1051239402.dir/src.c.o  -o cmTryCompileExec1051239402 -rdynamic 
make[1]: Leaving directory `/source/clients/FreeRDP-1.1.0-beta1/CMakeFiles/CMakeTmp'

Source file was:
int main(void) { return 0; }
Performing C SOURCE FILE Test Wno-unused-but-set-variable succeded with the following output:
Change Dir: /source/clients/FreeRDP-1.1.0-beta1/CMakeFiles/CMakeTmp

Run Build Command:/usr/bin/make "cmTryCompileExec1418302081/fast"
/usr/bin/make -f CMakeFiles/cmTryCompileExec1418302081.dir/build.make CMakeFiles/cmTryCompileExec1418302081.dir/build
make[1]: Entering directory `/source/clients/FreeRDP-1.1.0-beta1/CMakeFiles/CMakeTmp'
/usr/bin/cmake -E cmake_progress_report /source/clients/FreeRDP-1.1.0-beta1/CMakeFiles/CMakeTmp/CMakeFiles 1
Building C object CMakeFiles/cmTryCompileExec1418302081.dir/src.c.o
/toolchain/bin/i486-TSOL-linux-gnu-gcc   -Os  -march=i686 -Wall -Wno-unused-result  -DWno-unused-but-set-variable   -Wno-unused-but-set-variable -o CMakeFiles/cmTryCompileExec1418302081.dir/src.c.o   -c /source/clients/FreeRDP-1.1.0-beta1/CMakeFiles/CMakeTmp/src.c
<command-line>:0:4: warning: missing whitespace after the macro name [enabled by default]
Linking C executable cmTryCompileExec1418302081
/usr/bin/cmake -E cmake_link_script CMakeFiles/cmTryCompileExec1418302081.dir/link.txt --verbose=1
/toolchain/bin/i486-TSOL-linux-gnu-gcc   -Os  -march=i686 -Wall -Wno-unused-result  -DWno-unused-but-set-variable   -static-libgcc CMakeFiles/cmTryCompileExec1418302081.dir/src.c.o  -o cmTryCompileExec1418302081 -rdynamic 
make[1]: Leaving directory `/source/clients/FreeRDP-1.1.0-beta1/CMakeFiles/CMakeTmp'

Source file was:
int main(void) { return 0; }
Performing C SOURCE FILE Test Wno-deprecated-declarations succeded with the following output:
Change Dir: /source/clients/FreeRDP-1.1.0-beta1/CMakeFiles/CMakeTmp

Run Build Command:/usr/bin/make "cmTryCompileExec1702867365/fast"
/usr/bin/make -f CMakeFiles/cmTryCompileExec1702867365.dir/build.make CMakeFiles/cmTryCompileExec1702867365.dir/build
make[1]: Entering directory `/source/clients/FreeRDP-1.1.0-beta1/CMakeFiles/CMakeTmp'
/usr/bin/cmake -E cmake_progress_report /source/clients/FreeRDP-1.1.0-beta1/CMakeFiles/CMakeTmp/CMakeFiles 1
Building C object CMakeFiles/cmTryCompileExec1702867365.dir/src.c.o
/toolchain/bin/i486-TSOL-linux-gnu-gcc   -Os  -march=i686 -Wall -Wno-unused-result -Wno-unused-but-set-variable  -DWno-deprecated-declarations   -Wno-deprecated-declarations -o CMakeFiles/cmTryCompileExec1702867365.dir/src.c.o   -c /source/clients/FreeRDP-1.1.0-beta1/CMakeFiles/CMakeTmp/src.c
<command-line>:0:4: warning: missing whitespace after the macro name [enabled by default]
Linking C executable cmTryCompileExec1702867365
/usr/bin/cmake -E cmake_link_script CMakeFiles/cmTryCompileExec1702867365.dir/link.txt --verbose=1
/toolchain/bin/i486-TSOL-linux-gnu-gcc   -Os  -march=i686 -Wall -Wno-unused-result -Wno-unused-but-set-variable  -DWno-deprecated-declarations   -static-libgcc CMakeFiles/cmTryCompileExec1702867365.dir/src.c.o  -o cmTryCompileExec1702867365 -rdynamic 
make[1]: Leaving directory `/source/clients/FreeRDP-1.1.0-beta1/CMakeFiles/CMakeTmp'

Source file was:
int main(void) { return 0; }
Determining if files fcntl.h exist passed with the following output:
Change Dir: /source/clients/FreeRDP-1.1.0-beta1/CMakeFiles/CMakeTmp

Run Build Command:/usr/bin/make "cmTryCompileExec4010565019/fast"
/usr/bin/make -f CMakeFiles/cmTryCompileExec4010565019.dir/build.make CMakeFiles/cmTryCompileExec4010565019.dir/build
make[1]: Entering directory `/source/clients/FreeRDP-1.1.0-beta1/CMakeFiles/CMakeTmp'
/usr/bin/cmake -E cmake_progress_report /source/clients/FreeRDP-1.1.0-beta1/CMakeFiles/CMakeTmp/CMakeFiles 1
Building C object CMakeFiles/cmTryCompileExec4010565019.dir/CheckIncludeFiles.c.o
/toolchain/bin/i486-TSOL-linux-gnu-gcc   -Os  -march=i686 -Wall -Wno-unused-result -Wno-unused-but-set-variable -Wno-deprecated-declarations -O2 -msse2 -DWINPR_EXPORTS -DFREERDP_EXPORTS     -o CMakeFiles/cmTryCompileExec4010565019.dir/CheckIncludeFiles.c.o   -c /source/clients/FreeRDP-1.1.0-beta1/CMakeFiles/CMakeTmp/CheckIncludeFiles.c
Linking C executable cmTryCompileExec4010565019
/usr/bin/cmake -E cmake_link_script CMakeFiles/cmTryCompileExec4010565019.dir/link.txt --verbose=1
/toolchain/bin/i486-TSOL-linux-gnu-gcc   -Os  -march=i686 -Wall -Wno-unused-result -Wno-unused-but-set-variable -Wno-deprecated-declarations -O2 -msse2 -DWINPR_EXPORTS -DFREERDP_EXPORTS     -static-libgcc CMakeFiles/cmTryCompileExec4010565019.dir/CheckIncludeFiles.c.o  -o cmTryCompileExec4010565019 -rdynamic 
make[1]: Leaving directory `/source/clients/FreeRDP-1.1.0-beta1/CMakeFiles/CMakeTmp'


Determining if files unistd.h exist passed with the following output:
Change Dir: /source/clients/FreeRDP-1.1.0-beta1/CMakeFiles/CMakeTmp

Run Build Command:/usr/bin/make "cmTryCompileExec171206699/fast"
/usr/bin/make -f CMakeFiles/cmTryCompileExec171206699.dir/build.make CMakeFiles/cmTryCompileExec171206699.dir/build
make[1]: Entering directory `/source/clients/FreeRDP-1.1.0-beta1/CMakeFiles/CMakeTmp'
/usr/bin/cmake -E cmake_progress_report /source/clients/FreeRDP-1.1.0-beta1/CMakeFiles/CMakeTmp/CMakeFiles 1
Building C object CMakeFiles/cmTryCompileExec171206699.dir/CheckIncludeFiles.c.o
/toolchain/bin/i486-TSOL-linux-gnu-gcc   -Os  -march=i686 -Wall -Wno-unused-result -Wno-unused-but-set-variable -Wno-deprecated-declarations -O2 -msse2 -DWINPR_EXPORTS -DFREERDP_EXPORTS     -o CMakeFiles/cmTryCompileExec171206699.dir/CheckIncludeFiles.c.o   -c /source/clients/FreeRDP-1.1.0-beta1/CMakeFiles/CMakeTmp/CheckIncludeFiles.c
Linking C executable cmTryCompileExec171206699
/usr/bin/cmake -E cmake_link_script CMakeFiles/cmTryCompileExec171206699.dir/link.txt --verbose=1
/toolchain/bin/i486-TSOL-linux-gnu-gcc   -Os  -march=i686 -Wall -Wno-unused-result -Wno-unused-but-set-variable -Wno-deprecated-declarations -O2 -msse2 -DWINPR_EXPORTS -DFREERDP_EXPORTS     -static-libgcc CMakeFiles/cmTryCompileExec171206699.dir/CheckIncludeFiles.c.o  -o cmTryCompileExec171206699 -rdynamic 
make[1]: Leaving directory `/source/clients/FreeRDP-1.1.0-beta1/CMakeFiles/CMakeTmp'


Determining if files stdint.h exist passed with the following output:
Change Dir: /source/clients/FreeRDP-1.1.0-beta1/CMakeFiles/CMakeTmp

Run Build Command:/usr/bin/make "cmTryCompileExec1897942359/fast"
/usr/bin/make -f CMakeFiles/cmTryCompileExec1897942359.dir/build.make CMakeFiles/cmTryCompileExec1897942359.dir/build
make[1]: Entering directory `/source/clients/FreeRDP-1.1.0-beta1/CMakeFiles/CMakeTmp'
/usr/bin/cmake -E cmake_progress_report /source/clients/FreeRDP-1.1.0-beta1/CMakeFiles/CMakeTmp/CMakeFiles 1
Building C object CMakeFiles/cmTryCompileExec1897942359.dir/CheckIncludeFiles.c.o
/toolchain/bin/i486-TSOL-linux-gnu-gcc   -Os  -march=i686 -Wall -Wno-unused-result -Wno-unused-but-set-variable -Wno-deprecated-declarations -O2 -msse2 -DWINPR_EXPORTS -DFREERDP_EXPORTS     -o CMakeFiles/cmTryCompileExec1897942359.dir/CheckIncludeFiles.c.o   -c /source/clients/FreeRDP-1.1.0-beta1/CMakeFiles/CMakeTmp/CheckIncludeFiles.c
Linking C executable cmTryCompileExec1897942359
/usr/bin/cmake -E cmake_link_script CMakeFiles/cmTryCompileExec1897942359.dir/link.txt --verbose=1
/toolchain/bin/i486-TSOL-linux-gnu-gcc   -Os  -march=i686 -Wall -Wno-unused-result -Wno-unused-but-set-variable -Wno-deprecated-declarations -O2 -msse2 -DWINPR_EXPORTS -DFREERDP_EXPORTS     -static-libgcc CMakeFiles/cmTryCompileExec1897942359.dir/CheckIncludeFiles.c.o  -o cmTryCompileExec1897942359 -rdynamic 
make[1]: Leaving directory `/source/clients/FreeRDP-1.1.0-beta1/CMakeFiles/CMakeTmp'


Determining if files inttypes.h exist passed with the following output:
Change Dir: /source/clients/FreeRDP-1.1.0-beta1/CMakeFiles/CMakeTmp

Run Build Command:/usr/bin/make "cmTryCompileExec1615200055/fast"
/usr/bin/make -f CMakeFiles/cmTryCompileExec1615200055.dir/build.make CMakeFiles/cmTryCompileExec1615200055.dir/build
make[1]: Entering directory `/source/clients/FreeRDP-1.1.0-beta1/CMakeFiles/CMakeTmp'
/usr/bin/cmake -E cmake_progress_report /source/clients/FreeRDP-1.1.0-beta1/CMakeFiles/CMakeTmp/CMakeFiles 1
Building C object CMakeFiles/cmTryCompileExec1615200055.dir/CheckIncludeFiles.c.o
/toolchain/bin/i486-TSOL-linux-gnu-gcc   -Os  -march=i686 -Wall -Wno-unused-result -Wno-unused-but-set-variable -Wno-deprecated-declarations -O2 -msse2 -DWINPR_EXPORTS -DFREERDP_EXPORTS     -o CMakeFiles/cmTryCompileExec1615200055.dir/CheckIncludeFiles.c.o   -c /source/clients/FreeRDP-1.1.0-beta1/CMakeFiles/CMakeTmp/CheckIncludeFiles.c
Linking C executable cmTryCompileExec1615200055
/usr/bin/cmake -E cmake_link_script CMakeFiles/cmTryCompileExec1615200055.dir/link.txt --verbose=1
/toolchain/bin/i486-TSOL-linux-gnu-gcc   -Os  -march=i686 -Wall -Wno-unused-result -Wno-unused-but-set-variable -Wno-deprecated-declarations -O2 -msse2 -DWINPR_EXPORTS -DFREERDP_EXPORTS     -static-libgcc CMakeFiles/cmTryCompileExec1615200055.dir/CheckIncludeFiles.c.o  -o cmTryCompileExec1615200055 -rdynamic 
make[1]: Leaving directory `/source/clients/FreeRDP-1.1.0-beta1/CMakeFiles/CMakeTmp'


Performing C SOURCE FILE Test HAVE_TM_GMTOFF succeded with the following output:
Change Dir: /source/clients/FreeRDP-1.1.0-beta1/CMakeFiles/CMakeTmp

Run Build Command:/usr/bin/make "cmTryCompileExec3055502514/fast"
/usr/bin/make -f CMakeFiles/cmTryCompileExec3055502514.dir/build.make CMakeFiles/cmTryCompileExec3055502514.dir/build
make[1]: Entering directory `/source/clients/FreeRDP-1.1.0-beta1/CMakeFiles/CMakeTmp'
/usr/bin/cmake -E cmake_progress_report /source/clients/FreeRDP-1.1.0-beta1/CMakeFiles/CMakeTmp/CMakeFiles 1
Building C object CMakeFiles/cmTryCompileExec3055502514.dir/src.c.o
/toolchain/bin/i486-TSOL-linux-gnu-gcc   -Os  -march=i686 -Wall -Wno-unused-result -Wno-unused-but-set-variable -Wno-deprecated-declarations -O2 -msse2 -DWINPR_EXPORTS -DFREERDP_EXPORTS  -DHAVE_TM_GMTOFF   -o CMakeFiles/cmTryCompileExec3055502514.dir/src.c.o   -c /source/clients/FreeRDP-1.1.0-beta1/CMakeFiles/CMakeTmp/src.c
/source/clients/FreeRDP-1.1.0-beta1/CMakeFiles/CMakeTmp/src.c: In function ‘main’:
/source/clients/FreeRDP-1.1.0-beta1/CMakeFiles/CMakeTmp/src.c:7:4: warning: statement with no effect [-Wunused-value]
Linking C executable cmTryCompileExec3055502514
/usr/bin/cmake -E cmake_link_script CMakeFiles/cmTryCompileExec3055502514.dir/link.txt --verbose=1
/toolchain/bin/i486-TSOL-linux-gnu-gcc   -Os  -march=i686 -Wall -Wno-unused-result -Wno-unused-but-set-variable -Wno-deprecated-declarations -O2 -msse2 -DWINPR_EXPORTS -DFREERDP_EXPORTS  -DHAVE_TM_GMTOFF   -static-libgcc CMakeFiles/cmTryCompileExec3055502514.dir/src.c.o  -o cmTryCompileExec3055502514 -rdynamic 
make[1]: Leaving directory `/source/clients/FreeRDP-1.1.0-beta1/CMakeFiles/CMakeTmp'

Source file was:

#include <time.h>

int main()
{
   struct tm* tmp;
   tmp->tm_gmtoff;
  return 0;
}

Determining if files pthread.h exist passed with the following output:
Change Dir: /source/clients/FreeRDP-1.1.0-beta1/CMakeFiles/CMakeTmp

Run Build Command:/usr/bin/make "cmTryCompileExec9514824/fast"
/usr/bin/make -f CMakeFiles/cmTryCompileExec9514824.dir/build.make CMakeFiles/cmTryCompileExec9514824.dir/build
make[1]: Entering directory `/source/clients/FreeRDP-1.1.0-beta1/CMakeFiles/CMakeTmp'
/usr/bin/cmake -E cmake_progress_report /source/clients/FreeRDP-1.1.0-beta1/CMakeFiles/CMakeTmp/CMakeFiles 1
Building C object CMakeFiles/cmTryCompileExec9514824.dir/CheckIncludeFiles.c.o
/toolchain/bin/i486-TSOL-linux-gnu-gcc   -Os  -march=i686 -Wall -Wno-unused-result -Wno-unused-but-set-variable -Wno-deprecated-declarations -O2 -msse2 -DWINPR_EXPORTS -DFREERDP_EXPORTS     -o CMakeFiles/cmTryCompileExec9514824.dir/CheckIncludeFiles.c.o   -c /source/clients/FreeRDP-1.1.0-beta1/CMakeFiles/CMakeTmp/CheckIncludeFiles.c
Linking C executable cmTryCompileExec9514824
/usr/bin/cmake -E cmake_link_script CMakeFiles/cmTryCompileExec9514824.dir/link.txt --verbose=1
/toolchain/bin/i486-TSOL-linux-gnu-gcc   -Os  -march=i686 -Wall -Wno-unused-result -Wno-unused-but-set-variable -Wno-deprecated-declarations -O2 -msse2 -DWINPR_EXPORTS -DFREERDP_EXPORTS     -static-libgcc CMakeFiles/cmTryCompileExec9514824.dir/CheckIncludeFiles.c.o  -o cmTryCompileExec9514824 -rdynamic 
make[1]: Leaving directory `/source/clients/FreeRDP-1.1.0-beta1/CMakeFiles/CMakeTmp'


Determining if the function pthread_create exists in the pthread passed with the following output:
Change Dir: /source/clients/FreeRDP-1.1.0-beta1/CMakeFiles/CMakeTmp

Run Build Command:/usr/bin/make "cmTryCompileExec1520730085/fast"
/usr/bin/make -f CMakeFiles/cmTryCompileExec1520730085.dir/build.make CMakeFiles/cmTryCompileExec1520730085.dir/build
make[1]: Entering directory `/source/clients/FreeRDP-1.1.0-beta1/CMakeFiles/CMakeTmp'
/usr/bin/cmake -E cmake_progress_report /source/clients/FreeRDP-1.1.0-beta1/CMakeFiles/CMakeTmp/CMakeFiles 1
Building C object CMakeFiles/cmTryCompileExec1520730085.dir/CheckFunctionExists.c.o
/toolchain/bin/i486-TSOL-linux-gnu-gcc   -Os  -march=i686 -Wall -Wno-unused-result -Wno-unused-but-set-variable -Wno-deprecated-declarations -O2 -msse2 -DWINPR_EXPORTS -DFREERDP_EXPORTS  -DCHECK_FUNCTION_EXISTS=pthread_create   -o CMakeFiles/cmTryCompileExec1520730085.dir/CheckFunctionExists.c.o   -c /usr/share/cmake-2.8/Modules/CheckFunctionExists.c
Linking C executable cmTryCompileExec1520730085
/usr/bin/cmake -E cmake_link_script CMakeFiles/cmTryCompileExec1520730085.dir/link.txt --verbose=1
/toolchain/bin/i486-TSOL-linux-gnu-gcc   -Os  -march=i686 -Wall -Wno-unused-result -Wno-unused-but-set-variable -Wno-deprecated-declarations -O2 -msse2 -DWINPR_EXPORTS -DFREERDP_EXPORTS  -DCHECK_FUNCTION_EXISTS=pthread_create   -static-libgcc CMakeFiles/cmTryCompileExec1520730085.dir/CheckFunctionExists.c.o  -o cmTryCompileExec1520730085 -rdynamic -lpthread 
make[1]: Leaving directory `/source/clients/FreeRDP-1.1.0-beta1/CMakeFiles/CMakeTmp'


Determining if files sys/eventfd.h exist passed with the following output:
Change Dir: /source/clients/FreeRDP-1.1.0-beta1/CMakeFiles/CMakeTmp

Run Build Command:/usr/bin/make "cmTryCompileExec1416653375/fast"
/usr/bin/make -f CMakeFiles/cmTryCompileExec1416653375.dir/build.make CMakeFiles/cmTryCompileExec1416653375.dir/build
make[1]: Entering directory `/source/clients/FreeRDP-1.1.0-beta1/CMakeFiles/CMakeTmp'
/usr/bin/cmake -E cmake_progress_report /source/clients/FreeRDP-1.1.0-beta1/CMakeFiles/CMakeTmp/CMakeFiles 1
Building C object CMakeFiles/cmTryCompileExec1416653375.dir/CheckIncludeFiles.c.o
/toolchain/bin/i486-TSOL-linux-gnu-gcc   -Os  -march=i686 -Wall -Wno-unused-result -Wno-unused-but-set-variable -Wno-deprecated-declarations -O2 -msse2 -DWINPR_EXPORTS -DFREERDP_EXPORTS     -o CMakeFiles/cmTryCompileExec1416653375.dir/CheckIncludeFiles.c.o   -c /source/clients/FreeRDP-1.1.0-beta1/CMakeFiles/CMakeTmp/CheckIncludeFiles.c
Linking C executable cmTryCompileExec1416653375
/usr/bin/cmake -E cmake_link_script CMakeFiles/cmTryCompileExec1416653375.dir/link.txt --verbose=1
/toolchain/bin/i486-TSOL-linux-gnu-gcc   -Os  -march=i686 -Wall -Wno-unused-result -Wno-unused-but-set-variable -Wno-deprecated-declarations -O2 -msse2 -DWINPR_EXPORTS -DFREERDP_EXPORTS     -static-libgcc CMakeFiles/cmTryCompileExec1416653375.dir/CheckIncludeFiles.c.o  -o cmTryCompileExec1416653375 -rdynamic 
make[1]: Leaving directory `/source/clients/FreeRDP-1.1.0-beta1/CMakeFiles/CMakeTmp'


