This file contains any messages produced by compilers while
running configure, to aid debugging if configure makes a mistake.

It was created by libXfont configure 1.5.0, which was
generated by GNU Autoconf 2.68.  Invocation command line was

  $ ./configure --prefix=/usr/xorg --enable-unix-transport --enable-tcp-transport --enable-ipv6 --disable-freetype --disable-local-transport --disable-devel-docs CC=i486-TSOL-linux-gnu-gcc CFLAGS=-Os LDFLAGS=-static-libgcc

## --------- ##
## Platform. ##
## --------- ##

hostname = ubuntu4
uname -m = i686
uname -r = 3.2.16-030216-generic
uname -s = Linux
uname -v = #201204221935 SMP Sun Apr 22 23:42:49 UTC 2012

/usr/bin/uname -p = unknown
/bin/uname -X     = unknown

/bin/arch              = unknown
/usr/bin/arch -k       = unknown
/usr/convex/getsysinfo = unknown
/usr/bin/hostinfo      = unknown
/bin/machine           = unknown
/usr/bin/oslevel       = unknown
/bin/universe          = unknown

PATH: /usr/xorg/bin
PATH: /source/docbook-xsl-1.76.1/tools/bin
PATH: /bin
PATH: /sbin
PATH: /usr/bin
PATH: /usr/sbin
PATH: /usr/bin/X11
PATH: /usr/local/bin
PATH: /toolchain/bin
PATH: /toolchain/i486-TSOL-linux-gnu/bin/
PATH: /root/.local/bin
PATH: /usr/xorg/bin
PATH: /usr/xorg/bin


## ----------- ##
## Core tests. ##
## ----------- ##

configure:2581: checking for a BSD-compatible install
configure:2649: result: /bin/install -c
configure:2660: checking whether build environment is sane
configure:2715: result: yes
configure:2866: checking for a thread-safe mkdir -p
configure:2905: result: /bin/mkdir -p
configure:2912: checking for gawk
configure:2928: found /usr/bin/gawk
configure:2939: result: gawk
configure:2950: checking whether make sets $(MAKE)
configure:2972: result: yes
configure:3001: checking whether make supports nested variables
configure:3018: result: yes
configure:3159: checking for style of include used by make
configure:3187: result: GNU
configure:3258: checking for gcc
configure:3285: result: i486-TSOL-linux-gnu-gcc
configure:3514: checking for C compiler version
configure:3523: i486-TSOL-linux-gnu-gcc --version >&5
i486-TSOL-linux-gnu-gcc (crosstool-NG 1.15.2) 4.6.3
Copyright (C) 2011 Free Software Foundation, Inc.
This is free software; see the source for copying conditions.  There is NO
warranty; not even for MERCHANTABILITY or FITNESS FOR A PARTICULAR PURPOSE.

configure:3534: $? = 0
configure:3523: i486-TSOL-linux-gnu-gcc -v >&5
Using built-in specs.
COLLECT_GCC=i486-TSOL-linux-gnu-gcc
COLLECT_LTO_WRAPPER=/toolchain/libexec/gcc/i486-TSOL-linux-gnu/4.6.3/lto-wrapper
Target: i486-TSOL-linux-gnu
Configured with: /TSOL/crosstool-ng-1.15.2/bin/.build/src/gcc-4.6.3/configure --build=i686-build_pc-linux-gnu --host=i686-build_pc-linux-gnu --target=i486-TSOL-linux-gnu --prefix=/toolchain --with-sysroot=/toolchain/i486-TSOL-linux-gnu/sysroot --enable-languages=c,c++ --with-arch=i486 --with-pkgversion='crosstool-NG 1.15.2' --enable-__cxa_atexit --disable-libmudflap --disable-libgomp --disable-libssp --with-gmp=/TSOL/crosstool-ng-1.15.2/bin/.build/i486-TSOL-linux-gnu/buildtools --with-mpfr=/TSOL/crosstool-ng-1.15.2/bin/.build/i486-TSOL-linux-gnu/buildtools --with-mpc=/TSOL/crosstool-ng-1.15.2/bin/.build/i486-TSOL-linux-gnu/buildtools --with-ppl=/TSOL/crosstool-ng-1.15.2/bin/.build/i486-TSOL-linux-gnu/buildtools --with-cloog=/TSOL/crosstool-ng-1.15.2/bin/.build/i486-TSOL-linux-gnu/buildtools --with-libelf=no --with-host-libstdcxx='-static-libgcc -Wl,-Bstatic,-lstdc++,-Bdynamic -lm -L/TSOL/crosstool-ng-1.15.2/bin/.build/i486-TSOL-linux-gnu/buildtools/lib -lpwl' --enable-threads=posix --enable-target-optspace --disable-multilib --with-local-prefix=/toolchain/i486-TSOL-linux-gnu/sysroot --enable-c99 --enable-long-long
Thread model: posix
gcc version 4.6.3 (crosstool-NG 1.15.2) 
configure:3534: $? = 0
configure:3523: i486-TSOL-linux-gnu-gcc -V >&5
i486-TSOL-linux-gnu-gcc: error: unrecognized option '-V'
i486-TSOL-linux-gnu-gcc: fatal error: no input files
compilation terminated.
configure:3534: $? = 1
configure:3523: i486-TSOL-linux-gnu-gcc -qversion >&5
i486-TSOL-linux-gnu-gcc: error: unrecognized option '-qversion'
i486-TSOL-linux-gnu-gcc: fatal error: no input files
compilation terminated.
configure:3534: $? = 1
configure:3554: checking whether the C compiler works
configure:3576: i486-TSOL-linux-gnu-gcc -Os  -static-libgcc conftest.c  >&5
configure:3580: $? = 0
configure:3628: result: yes
configure:3631: checking for C compiler default output file name
configure:3633: result: a.out
configure:3639: checking for suffix of executables
configure:3646: i486-TSOL-linux-gnu-gcc -o conftest -Os  -static-libgcc conftest.c  >&5
configure:3650: $? = 0
configure:3672: result: 
configure:3694: checking whether we are cross compiling
configure:3702: i486-TSOL-linux-gnu-gcc -o conftest -Os  -static-libgcc conftest.c  >&5
configure:3706: $? = 0
configure:3713: ./conftest
configure:3717: $? = 0
configure:3732: result: no
configure:3737: checking for suffix of object files
configure:3759: i486-TSOL-linux-gnu-gcc -c -Os  conftest.c >&5
configure:3763: $? = 0
configure:3784: result: o
configure:3788: checking whether we are using the GNU C compiler
configure:3807: i486-TSOL-linux-gnu-gcc -c -Os  conftest.c >&5
configure:3807: $? = 0
configure:3816: result: yes
configure:3825: checking whether i486-TSOL-linux-gnu-gcc accepts -g
configure:3845: i486-TSOL-linux-gnu-gcc -c -g  conftest.c >&5
configure:3845: $? = 0
configure:3886: result: yes
configure:3903: checking for i486-TSOL-linux-gnu-gcc option to accept ISO C89
configure:3967: i486-TSOL-linux-gnu-gcc  -c -Os  conftest.c >&5
configure:3967: $? = 0
configure:3980: result: none needed
configure:4005: checking whether i486-TSOL-linux-gnu-gcc understands -c and -o together
configure:4027: i486-TSOL-linux-gnu-gcc -c conftest.c -o conftest2.o
configure:4030: $? = 0
configure:4027: i486-TSOL-linux-gnu-gcc -c conftest.c -o conftest2.o
configure:4030: $? = 0
configure:4042: result: yes
configure:4061: checking dependency style of i486-TSOL-linux-gnu-gcc
configure:4172: result: gcc3
configure:4193: checking how to run the C preprocessor
configure:4224: i486-TSOL-linux-gnu-gcc -E  conftest.c
configure:4224: $? = 0
configure:4238: i486-TSOL-linux-gnu-gcc -E  conftest.c
conftest.c:11:28: fatal error: ac_nonexistent.h: No such file or directory
compilation terminated.
configure:4238: $? = 1
configure: failed program was:
| /* confdefs.h */
| #define PACKAGE_NAME "libXfont"
| #define PACKAGE_TARNAME "libXfont"
| #define PACKAGE_VERSION "1.5.0"
| #define PACKAGE_STRING "libXfont 1.5.0"
| #define PACKAGE_BUGREPORT "https://bugs.freedesktop.org/enter_bug.cgi?product=xorg"
| #define PACKAGE_URL ""
| #define PACKAGE "libXfont"
| #define VERSION "1.5.0"
| /* end confdefs.h.  */
| #include <ac_nonexistent.h>
configure:4263: result: i486-TSOL-linux-gnu-gcc -E
configure:4283: i486-TSOL-linux-gnu-gcc -E  conftest.c
configure:4283: $? = 0
configure:4297: i486-TSOL-linux-gnu-gcc -E  conftest.c
conftest.c:11:28: fatal error: ac_nonexistent.h: No such file or directory
compilation terminated.
configure:4297: $? = 1
configure: failed program was:
| /* confdefs.h */
| #define PACKAGE_NAME "libXfont"
| #define PACKAGE_TARNAME "libXfont"
| #define PACKAGE_VERSION "1.5.0"
| #define PACKAGE_STRING "libXfont 1.5.0"
| #define PACKAGE_BUGREPORT "https://bugs.freedesktop.org/enter_bug.cgi?product=xorg"
| #define PACKAGE_URL ""
| #define PACKAGE "libXfont"
| #define VERSION "1.5.0"
| /* end confdefs.h.  */
| #include <ac_nonexistent.h>
configure:4326: checking for grep that handles long lines and -e
configure:4384: result: /usr/bin/grep
configure:4389: checking for egrep
configure:4451: result: /usr/bin/grep -E
configure:4456: checking for ANSI C header files
configure:4476: i486-TSOL-linux-gnu-gcc -c -Os  conftest.c >&5
configure:4476: $? = 0
configure:4549: i486-TSOL-linux-gnu-gcc -o conftest -Os  -static-libgcc conftest.c  >&5
configure:4549: $? = 0
configure:4549: ./conftest
configure:4549: $? = 0
configure:4560: result: yes
configure:4573: checking for sys/types.h
configure:4573: i486-TSOL-linux-gnu-gcc -c -Os  conftest.c >&5
configure:4573: $? = 0
configure:4573: result: yes
configure:4573: checking for sys/stat.h
configure:4573: i486-TSOL-linux-gnu-gcc -c -Os  conftest.c >&5
configure:4573: $? = 0
configure:4573: result: yes
configure:4573: checking for stdlib.h
configure:4573: i486-TSOL-linux-gnu-gcc -c -Os  conftest.c >&5
configure:4573: $? = 0
configure:4573: result: yes
configure:4573: checking for string.h
configure:4573: i486-TSOL-linux-gnu-gcc -c -Os  conftest.c >&5
configure:4573: $? = 0
configure:4573: result: yes
configure:4573: checking for memory.h
configure:4573: i486-TSOL-linux-gnu-gcc -c -Os  conftest.c >&5
configure:4573: $? = 0
configure:4573: result: yes
configure:4573: checking for strings.h
configure:4573: i486-TSOL-linux-gnu-gcc -c -Os  conftest.c >&5
configure:4573: $? = 0
configure:4573: result: yes
configure:4573: checking for inttypes.h
configure:4573: i486-TSOL-linux-gnu-gcc -c -Os  conftest.c >&5
configure:4573: $? = 0
configure:4573: result: yes
configure:4573: checking for stdint.h
configure:4573: i486-TSOL-linux-gnu-gcc -c -Os  conftest.c >&5
configure:4573: $? = 0
configure:4573: result: yes
configure:4573: checking for unistd.h
configure:4573: i486-TSOL-linux-gnu-gcc -c -Os  conftest.c >&5
configure:4573: $? = 0
configure:4573: result: yes
configure:4586: checking minix/config.h usability
configure:4586: i486-TSOL-linux-gnu-gcc -c -Os  conftest.c >&5
conftest.c:54:26: fatal error: minix/config.h: No such file or directory
compilation terminated.
configure:4586: $? = 1
configure: failed program was:
| /* confdefs.h */
| #define PACKAGE_NAME "libXfont"
| #define PACKAGE_TARNAME "libXfont"
| #define PACKAGE_VERSION "1.5.0"
| #define PACKAGE_STRING "libXfont 1.5.0"
| #define PACKAGE_BUGREPORT "https://bugs.freedesktop.org/enter_bug.cgi?product=xorg"
| #define PACKAGE_URL ""
| #define PACKAGE "libXfont"
| #define VERSION "1.5.0"
| #define STDC_HEADERS 1
| #define HAVE_SYS_TYPES_H 1
| #define HAVE_SYS_STAT_H 1
| #define HAVE_STDLIB_H 1
| #define HAVE_STRING_H 1
| #define HAVE_MEMORY_H 1
| #define HAVE_STRINGS_H 1
| #define HAVE_INTTYPES_H 1
| #define HAVE_STDINT_H 1
| #define HAVE_UNISTD_H 1
| /* end confdefs.h.  */
| #include <stdio.h>
| #ifdef HAVE_SYS_TYPES_H
| # include <sys/types.h>
| #endif
| #ifdef HAVE_SYS_STAT_H
| # include <sys/stat.h>
| #endif
| #ifdef STDC_HEADERS
| # include <stdlib.h>
| # include <stddef.h>
| #else
| # ifdef HAVE_STDLIB_H
| #  include <stdlib.h>
| # endif
| #endif
| #ifdef HAVE_STRING_H
| # if !defined STDC_HEADERS && defined HAVE_MEMORY_H
| #  include <memory.h>
| # endif
| # include <string.h>
| #endif
| #ifdef HAVE_STRINGS_H
| # include <strings.h>
| #endif
| #ifdef HAVE_INTTYPES_H
| # include <inttypes.h>
| #endif
| #ifdef HAVE_STDINT_H
| # include <stdint.h>
| #endif
| #ifdef HAVE_UNISTD_H
| # include <unistd.h>
| #endif
| #include <minix/config.h>
configure:4586: result: no
configure:4586: checking minix/config.h presence
configure:4586: i486-TSOL-linux-gnu-gcc -E  conftest.c
conftest.c:21:26: fatal error: minix/config.h: No such file or directory
compilation terminated.
configure:4586: $? = 1
configure: failed program was:
| /* confdefs.h */
| #define PACKAGE_NAME "libXfont"
| #define PACKAGE_TARNAME "libXfont"
| #define PACKAGE_VERSION "1.5.0"
| #define PACKAGE_STRING "libXfont 1.5.0"
| #define PACKAGE_BUGREPORT "https://bugs.freedesktop.org/enter_bug.cgi?product=xorg"
| #define PACKAGE_URL ""
| #define PACKAGE "libXfont"
| #define VERSION "1.5.0"
| #define STDC_HEADERS 1
| #define HAVE_SYS_TYPES_H 1
| #define HAVE_SYS_STAT_H 1
| #define HAVE_STDLIB_H 1
| #define HAVE_STRING_H 1
| #define HAVE_MEMORY_H 1
| #define HAVE_STRINGS_H 1
| #define HAVE_INTTYPES_H 1
| #define HAVE_STDINT_H 1
| #define HAVE_UNISTD_H 1
| /* end confdefs.h.  */
| #include <minix/config.h>
configure:4586: result: no
configure:4586: checking for minix/config.h
configure:4586: result: no
configure:4607: checking whether it is safe to define __EXTENSIONS__
configure:4625: i486-TSOL-linux-gnu-gcc -c -Os  conftest.c >&5
configure:4625: $? = 0
configure:4632: result: yes
configure:4677: checking build system type
configure:4691: result: i686-pc-linux-gnu
configure:4711: checking host system type
configure:4724: result: i686-pc-linux-gnu
configure:4765: checking how to print strings
configure:4792: result: printf
configure:4813: checking for a sed that does not truncate output
configure:4877: result: /usr/bin/sed
configure:4895: checking for fgrep
configure:4957: result: /usr/bin/grep -F
configure:4992: checking for ld used by i486-TSOL-linux-gnu-gcc
configure:5059: result: i486-TSOL-linux-gnu-ld
configure:5066: checking if the linker (i486-TSOL-linux-gnu-ld) is GNU ld
configure:5081: result: yes
configure:5093: checking for BSD- or MS-compatible name lister (nm)
configure:5142: result: /toolchain/i486-TSOL-linux-gnu/bin//nm -B
configure:5272: checking the name lister (/toolchain/i486-TSOL-linux-gnu/bin//nm -B) interface
configure:5279: i486-TSOL-linux-gnu-gcc -c -Os  conftest.c >&5
configure:5282: /toolchain/i486-TSOL-linux-gnu/bin//nm -B "conftest.o"
configure:5285: output
00000000 B some_variable
configure:5292: result: BSD nm
configure:5295: checking whether ln -s works
configure:5299: result: yes
configure:5307: checking the maximum length of command line arguments
configure:5437: result: 1572864
configure:5454: checking whether the shell understands some XSI constructs
configure:5464: result: yes
configure:5468: checking whether the shell understands "+="
configure:5474: result: yes
configure:5509: checking how to convert i686-pc-linux-gnu file names to i686-pc-linux-gnu format
configure:5549: result: func_convert_file_noop
configure:5556: checking how to convert i686-pc-linux-gnu file names to toolchain format
configure:5576: result: func_convert_file_noop
configure:5583: checking for i486-TSOL-linux-gnu-ld option to reload object files
configure:5590: result: -r
configure:5664: checking for objdump
configure:5680: found /toolchain/i486-TSOL-linux-gnu/bin//objdump
configure:5691: result: objdump
configure:5723: checking how to recognize dependent libraries
configure:5925: result: pass_all
configure:6010: checking for dlltool
configure:6040: result: no
configure:6070: checking how to associate runtime and link libraries
configure:6097: result: printf %s\n
configure:6157: checking for ar
configure:6173: found /toolchain/i486-TSOL-linux-gnu/bin//ar
configure:6184: result: ar
configure:6221: checking for archiver @FILE support
configure:6238: i486-TSOL-linux-gnu-gcc -c -Os  conftest.c >&5
configure:6238: $? = 0
configure:6241: ar cru libconftest.a @conftest.lst >&5
configure:6244: $? = 0
configure:6249: ar cru libconftest.a @conftest.lst >&5
ar: conftest.o: No such file or directory
configure:6252: $? = 1
configure:6264: result: @
configure:6322: checking for strip
configure:6338: found /toolchain/i486-TSOL-linux-gnu/bin//strip
configure:6349: result: strip
configure:6421: checking for ranlib
configure:6437: found /toolchain/i486-TSOL-linux-gnu/bin//ranlib
configure:6448: result: ranlib
configure:6550: checking command to parse /toolchain/i486-TSOL-linux-gnu/bin//nm -B output from i486-TSOL-linux-gnu-gcc object
configure:6670: i486-TSOL-linux-gnu-gcc -c -Os  conftest.c >&5
configure:6673: $? = 0
configure:6677: /toolchain/i486-TSOL-linux-gnu/bin//nm -B conftest.o \| sed -n -e 's/^.*[ ]\([ABCDGIRSTW][ABCDGIRSTW]*\)[ ][ ]*\([_A-Za-z][_A-Za-z0-9]*\)$/\1 \2 \2/p' | sed '/ __gnu_lto/d' \> conftest.nm
configure:6680: $? = 0
configure:6746: i486-TSOL-linux-gnu-gcc -o conftest -Os  -static-libgcc conftest.c conftstm.o >&5
configure:6749: $? = 0
configure:6787: result: ok
configure:6824: checking for sysroot
configure:6854: result: no
configure:7110: checking for mt
configure:7140: result: no
configure:7160: checking if : is a manifest tool
configure:7166: : '-?'
configure:7174: result: no
configure:7813: checking for dlfcn.h
configure:7813: i486-TSOL-linux-gnu-gcc -c -Os  conftest.c >&5
configure:7813: $? = 0
configure:7813: result: yes
configure:8019: checking for objdir
configure:8034: result: .libs
configure:8301: checking if i486-TSOL-linux-gnu-gcc supports -fno-rtti -fno-exceptions
configure:8319: i486-TSOL-linux-gnu-gcc -c -Os  -fno-rtti -fno-exceptions conftest.c >&5
cc1: warning: command line option '-fno-rtti' is valid for C++/ObjC++ but not for C [enabled by default]
configure:8323: $? = 0
configure:8336: result: no
configure:8663: checking for i486-TSOL-linux-gnu-gcc option to produce PIC
configure:8670: result: -fPIC -DPIC
configure:8678: checking if i486-TSOL-linux-gnu-gcc PIC flag -fPIC -DPIC works
configure:8696: i486-TSOL-linux-gnu-gcc -c -Os  -fPIC -DPIC -DPIC conftest.c >&5
configure:8700: $? = 0
configure:8713: result: yes
configure:8742: checking if i486-TSOL-linux-gnu-gcc static flag -static works
configure:8770: result: yes
configure:8785: checking if i486-TSOL-linux-gnu-gcc supports -c -o file.o
configure:8806: i486-TSOL-linux-gnu-gcc -c -Os  -o out/conftest2.o conftest.c >&5
configure:8810: $? = 0
configure:8832: result: yes
configure:8840: checking if i486-TSOL-linux-gnu-gcc supports -c -o file.o
configure:8887: result: yes
configure:8920: checking whether the i486-TSOL-linux-gnu-gcc linker (i486-TSOL-linux-gnu-ld) supports shared libraries
configure:10073: result: yes
configure:10110: checking whether -lc should be explicitly linked in
configure:10118: i486-TSOL-linux-gnu-gcc -c -Os  conftest.c >&5
configure:10121: $? = 0
configure:10136: i486-TSOL-linux-gnu-gcc -shared  -fPIC -DPIC conftest.o  -v -Wl,-soname -Wl,conftest -o conftest 2\>\&1 \| /usr/bin/grep  -lc  \>/dev/null 2\>\&1
configure:10139: $? = 0
configure:10153: result: no
configure:10313: checking dynamic linker characteristics
configure:10824: i486-TSOL-linux-gnu-gcc -o conftest -Os  -static-libgcc -Wl,-rpath -Wl,/foo conftest.c  >&5
configure:10824: $? = 0
configure:11046: result: GNU/Linux ld.so
configure:11153: checking how to hardcode library paths into programs
configure:11178: result: immediate
configure:11718: checking whether stripping libraries is possible
configure:11723: result: yes
configure:11758: checking if libtool supports shared libraries
configure:11760: result: yes
configure:11763: checking whether to build shared libraries
configure:11784: result: yes
configure:11787: checking whether to build static libraries
configure:11791: result: yes
configure:11841: checking for i486-TSOL-linux-gnu-gcc option to accept ISO C99
configure:11990: i486-TSOL-linux-gnu-gcc  -c -Os  conftest.c >&5
conftest.c:78:29: error: expected ';', ',' or ')' before 'text'
conftest.c: In function 'main':
conftest.c:132:18: error: expected '=', ',', ';', 'asm' or '__attribute__' before 'newvar'
conftest.c:132:18: error: 'newvar' undeclared (first use in this function)
conftest.c:132:18: note: each undeclared identifier is reported only once for each function it appears in
conftest.c:142:3: error: 'for' loop initial declarations are only allowed in C99 mode
conftest.c:142:3: note: use option -std=c99 or -std=gnu99 to compile your code
configure:11990: $? = 1
configure: failed program was:
| /* confdefs.h */
| #define PACKAGE_NAME "libXfont"
| #define PACKAGE_TARNAME "libXfont"
| #define PACKAGE_VERSION "1.5.0"
| #define PACKAGE_STRING "libXfont 1.5.0"
| #define PACKAGE_BUGREPORT "https://bugs.freedesktop.org/enter_bug.cgi?product=xorg"
| #define PACKAGE_URL ""
| #define PACKAGE "libXfont"
| #define VERSION "1.5.0"
| #define STDC_HEADERS 1
| #define HAVE_SYS_TYPES_H 1
| #define HAVE_SYS_STAT_H 1
| #define HAVE_STDLIB_H 1
| #define HAVE_STRING_H 1
| #define HAVE_MEMORY_H 1
| #define HAVE_STRINGS_H 1
| #define HAVE_INTTYPES_H 1
| #define HAVE_STDINT_H 1
| #define HAVE_UNISTD_H 1
| #define __EXTENSIONS__ 1
| #define _ALL_SOURCE 1
| #define _GNU_SOURCE 1
| #define _POSIX_PTHREAD_SEMANTICS 1
| #define _TANDEM_SOURCE 1
| #define HAVE_DLFCN_H 1
| #define LT_OBJDIR ".libs/"
| /* end confdefs.h.  */
| #include <stdarg.h>
| #include <stdbool.h>
| #include <stdlib.h>
| #include <wchar.h>
| #include <stdio.h>
| 
| // Check varargs macros.  These examples are taken from C99 6.10.3.5.
| #define debug(...) fprintf (stderr, __VA_ARGS__)
| #define showlist(...) puts (#__VA_ARGS__)
| #define report(test,...) ((test) ? puts (#test) : printf (__VA_ARGS__))
| static void
| test_varargs_macros (void)
| {
|   int x = 1234;
|   int y = 5678;
|   debug ("Flag");
|   debug ("X = %d\n", x);
|   showlist (The first, second, and third items.);
|   report (x>y, "x is %d but y is %d", x, y);
| }
| 
| // Check long long types.
| #define BIG64 18446744073709551615ull
| #define BIG32 4294967295ul
| #define BIG_OK (BIG64 / BIG32 == 4294967297ull && BIG64 % BIG32 == 0)
| #if !BIG_OK
|   your preprocessor is broken;
| #endif
| #if BIG_OK
| #else
|   your preprocessor is broken;
| #endif
| static long long int bignum = -9223372036854775807LL;
| static unsigned long long int ubignum = BIG64;
| 
| struct incomplete_array
| {
|   int datasize;
|   double data[];
| };
| 
| struct named_init {
|   int number;
|   const wchar_t *name;
|   double average;
| };
| 
| typedef const char *ccp;
| 
| static inline int
| test_restrict (ccp restrict text)
| {
|   // See if C++-style comments work.
|   // Iterate through items via the restricted pointer.
|   // Also check for declarations in for loops.
|   for (unsigned int i = 0; *(text+i) != '\0'; ++i)
|     continue;
|   return 0;
| }
| 
| // Check varargs and va_copy.
| static void
| test_varargs (const char *format, ...)
| {
|   va_list args;
|   va_start (args, format);
|   va_list args_copy;
|   va_copy (args_copy, args);
| 
|   const char *str;
|   int number;
|   float fnumber;
| 
|   while (*format)
|     {
|       switch (*format++)
| 	{
| 	case 's': // string
| 	  str = va_arg (args_copy, const char *);
| 	  break;
| 	case 'd': // int
| 	  number = va_arg (args_copy, int);
| 	  break;
| 	case 'f': // float
| 	  fnumber = va_arg (args_copy, double);
| 	  break;
| 	default:
| 	  break;
| 	}
|     }
|   va_end (args_copy);
|   va_end (args);
| }
| 
| int
| main ()
| {
| 
|   // Check bool.
|   _Bool success = false;
| 
|   // Check restrict.
|   if (test_restrict ("String literal") == 0)
|     success = true;
|   char *restrict newvar = "Another string";
| 
|   // Check varargs.
|   test_varargs ("s, d' f .", "string", 65, 34.234);
|   test_varargs_macros ();
| 
|   // Check flexible array members.
|   struct incomplete_array *ia =
|     malloc (sizeof (struct incomplete_array) + (sizeof (double) * 10));
|   ia->datasize = 10;
|   for (int i = 0; i < ia->datasize; ++i)
|     ia->data[i] = i * 1.234;
| 
|   // Check named initializers.
|   struct named_init ni = {
|     .number = 34,
|     .name = L"Test wide string",
|     .average = 543.34343,
|   };
| 
|   ni.number = 58;
| 
|   int dynamic_array[ni.number];
|   dynamic_array[ni.number - 1] = 543;
| 
|   // work around unused variable warnings
|   return (!success || bignum == 0LL || ubignum == 0uLL || newvar[0] == 'x'
| 	  || dynamic_array[ni.number - 1] != 543);
| 
|   ;
|   return 0;
| }
configure:11990: i486-TSOL-linux-gnu-gcc -std=gnu99 -c -Os  conftest.c >&5
configure:11990: $? = 0
configure:12010: result: -std=gnu99
configure:12022: checking whether __clang__ is declared
configure:12022: i486-TSOL-linux-gnu-gcc -std=gnu99 -c -Os  conftest.c >&5
conftest.c: In function 'main':
conftest.c:68:10: error: '__clang__' undeclared (first use in this function)
conftest.c:68:10: note: each undeclared identifier is reported only once for each function it appears in
configure:12022: $? = 1
configure: failed program was:
| /* confdefs.h */
| #define PACKAGE_NAME "libXfont"
| #define PACKAGE_TARNAME "libXfont"
| #define PACKAGE_VERSION "1.5.0"
| #define PACKAGE_STRING "libXfont 1.5.0"
| #define PACKAGE_BUGREPORT "https://bugs.freedesktop.org/enter_bug.cgi?product=xorg"
| #define PACKAGE_URL ""
| #define PACKAGE "libXfont"
| #define VERSION "1.5.0"
| #define STDC_HEADERS 1
| #define HAVE_SYS_TYPES_H 1
| #define HAVE_SYS_STAT_H 1
| #define HAVE_STDLIB_H 1
| #define HAVE_STRING_H 1
| #define HAVE_MEMORY_H 1
| #define HAVE_STRINGS_H 1
| #define HAVE_INTTYPES_H 1
| #define HAVE_STDINT_H 1
| #define HAVE_UNISTD_H 1
| #define __EXTENSIONS__ 1
| #define _ALL_SOURCE 1
| #define _GNU_SOURCE 1
| #define _POSIX_PTHREAD_SEMANTICS 1
| #define _TANDEM_SOURCE 1
| #define HAVE_DLFCN_H 1
| #define LT_OBJDIR ".libs/"
| /* end confdefs.h.  */
| #include <stdio.h>
| #ifdef HAVE_SYS_TYPES_H
| # include <sys/types.h>
| #endif
| #ifdef HAVE_SYS_STAT_H
| # include <sys/stat.h>
| #endif
| #ifdef STDC_HEADERS
| # include <stdlib.h>
| # include <stddef.h>
| #else
| # ifdef HAVE_STDLIB_H
| #  include <stdlib.h>
| # endif
| #endif
| #ifdef HAVE_STRING_H
| # if !defined STDC_HEADERS && defined HAVE_MEMORY_H
| #  include <memory.h>
| # endif
| # include <string.h>
| #endif
| #ifdef HAVE_STRINGS_H
| # include <strings.h>
| #endif
| #ifdef HAVE_INTTYPES_H
| # include <inttypes.h>
| #endif
| #ifdef HAVE_STDINT_H
| # include <stdint.h>
| #endif
| #ifdef HAVE_UNISTD_H
| # include <unistd.h>
| #endif
| int
| main ()
| {
| #ifndef __clang__
| #ifdef __cplusplus
|   (void) __clang__;
| #else
|   (void) __clang__;
| #endif
| #endif
| 
|   ;
|   return 0;
| }
configure:12022: result: no
configure:12029: checking whether __INTEL_COMPILER is declared
configure:12029: i486-TSOL-linux-gnu-gcc -std=gnu99 -c -Os  conftest.c >&5
conftest.c: In function 'main':
conftest.c:68:10: error: '__INTEL_COMPILER' undeclared (first use in this function)
conftest.c:68:10: note: each undeclared identifier is reported only once for each function it appears in
configure:12029: $? = 1
configure: failed program was:
| /* confdefs.h */
| #define PACKAGE_NAME "libXfont"
| #define PACKAGE_TARNAME "libXfont"
| #define PACKAGE_VERSION "1.5.0"
| #define PACKAGE_STRING "libXfont 1.5.0"
| #define PACKAGE_BUGREPORT "https://bugs.freedesktop.org/enter_bug.cgi?product=xorg"
| #define PACKAGE_URL ""
| #define PACKAGE "libXfont"
| #define VERSION "1.5.0"
| #define STDC_HEADERS 1
| #define HAVE_SYS_TYPES_H 1
| #define HAVE_SYS_STAT_H 1
| #define HAVE_STDLIB_H 1
| #define HAVE_STRING_H 1
| #define HAVE_MEMORY_H 1
| #define HAVE_STRINGS_H 1
| #define HAVE_INTTYPES_H 1
| #define HAVE_STDINT_H 1
| #define HAVE_UNISTD_H 1
| #define __EXTENSIONS__ 1
| #define _ALL_SOURCE 1
| #define _GNU_SOURCE 1
| #define _POSIX_PTHREAD_SEMANTICS 1
| #define _TANDEM_SOURCE 1
| #define HAVE_DLFCN_H 1
| #define LT_OBJDIR ".libs/"
| /* end confdefs.h.  */
| #include <stdio.h>
| #ifdef HAVE_SYS_TYPES_H
| # include <sys/types.h>
| #endif
| #ifdef HAVE_SYS_STAT_H
| # include <sys/stat.h>
| #endif
| #ifdef STDC_HEADERS
| # include <stdlib.h>
| # include <stddef.h>
| #else
| # ifdef HAVE_STDLIB_H
| #  include <stdlib.h>
| # endif
| #endif
| #ifdef HAVE_STRING_H
| # if !defined STDC_HEADERS && defined HAVE_MEMORY_H
| #  include <memory.h>
| # endif
| # include <string.h>
| #endif
| #ifdef HAVE_STRINGS_H
| # include <strings.h>
| #endif
| #ifdef HAVE_INTTYPES_H
| # include <inttypes.h>
| #endif
| #ifdef HAVE_STDINT_H
| # include <stdint.h>
| #endif
| #ifdef HAVE_UNISTD_H
| # include <unistd.h>
| #endif
| int
| main ()
| {
| #ifndef __INTEL_COMPILER
| #ifdef __cplusplus
|   (void) __INTEL_COMPILER;
| #else
|   (void) __INTEL_COMPILER;
| #endif
| #endif
| 
|   ;
|   return 0;
| }
configure:12029: result: no
configure:12036: checking whether __SUNPRO_C is declared
configure:12036: i486-TSOL-linux-gnu-gcc -std=gnu99 -c -Os  conftest.c >&5
conftest.c: In function 'main':
conftest.c:68:10: error: '__SUNPRO_C' undeclared (first use in this function)
conftest.c:68:10: note: each undeclared identifier is reported only once for each function it appears in
configure:12036: $? = 1
configure: failed program was:
| /* confdefs.h */
| #define PACKAGE_NAME "libXfont"
| #define PACKAGE_TARNAME "libXfont"
| #define PACKAGE_VERSION "1.5.0"
| #define PACKAGE_STRING "libXfont 1.5.0"
| #define PACKAGE_BUGREPORT "https://bugs.freedesktop.org/enter_bug.cgi?product=xorg"
| #define PACKAGE_URL ""
| #define PACKAGE "libXfont"
| #define VERSION "1.5.0"
| #define STDC_HEADERS 1
| #define HAVE_SYS_TYPES_H 1
| #define HAVE_SYS_STAT_H 1
| #define HAVE_STDLIB_H 1
| #define HAVE_STRING_H 1
| #define HAVE_MEMORY_H 1
| #define HAVE_STRINGS_H 1
| #define HAVE_INTTYPES_H 1
| #define HAVE_STDINT_H 1
| #define HAVE_UNISTD_H 1
| #define __EXTENSIONS__ 1
| #define _ALL_SOURCE 1
| #define _GNU_SOURCE 1
| #define _POSIX_PTHREAD_SEMANTICS 1
| #define _TANDEM_SOURCE 1
| #define HAVE_DLFCN_H 1
| #define LT_OBJDIR ".libs/"
| /* end confdefs.h.  */
| #include <stdio.h>
| #ifdef HAVE_SYS_TYPES_H
| # include <sys/types.h>
| #endif
| #ifdef HAVE_SYS_STAT_H
| # include <sys/stat.h>
| #endif
| #ifdef STDC_HEADERS
| # include <stdlib.h>
| # include <stddef.h>
| #else
| # ifdef HAVE_STDLIB_H
| #  include <stdlib.h>
| # endif
| #endif
| #ifdef HAVE_STRING_H
| # if !defined STDC_HEADERS && defined HAVE_MEMORY_H
| #  include <memory.h>
| # endif
| # include <string.h>
| #endif
| #ifdef HAVE_STRINGS_H
| # include <strings.h>
| #endif
| #ifdef HAVE_INTTYPES_H
| # include <inttypes.h>
| #endif
| #ifdef HAVE_STDINT_H
| # include <stdint.h>
| #endif
| #ifdef HAVE_UNISTD_H
| # include <unistd.h>
| #endif
| int
| main ()
| {
| #ifndef __SUNPRO_C
| #ifdef __cplusplus
|   (void) __SUNPRO_C;
| #else
|   (void) __SUNPRO_C;
| #endif
| #endif
| 
|   ;
|   return 0;
| }
configure:12036: result: no
configure:12093: checking for pkg-config
configure:12111: found /usr/bin/pkg-config
configure:12123: result: /usr/bin/pkg-config
configure:12148: checking pkg-config is at least version 0.9.0
configure:12151: result: yes
configure:12201: checking if i486-TSOL-linux-gnu-gcc -std=gnu99 supports -Werror=unknown-warning-option
configure:12210: i486-TSOL-linux-gnu-gcc -std=gnu99 -c -Os -Werror=unknown-warning-option  conftest.c >&5
cc1: error: -Werror=unknown-warning-option: no option -Wunknown-warning-option
configure:12210: $? = 1
configure: failed program was:
| /* confdefs.h */
| #define PACKAGE_NAME "libXfont"
| #define PACKAGE_TARNAME "libXfont"
| #define PACKAGE_VERSION "1.5.0"
| #define PACKAGE_STRING "libXfont 1.5.0"
| #define PACKAGE_BUGREPORT "https://bugs.freedesktop.org/enter_bug.cgi?product=xorg"
| #define PACKAGE_URL ""
| #define PACKAGE "libXfont"
| #define VERSION "1.5.0"
| #define STDC_HEADERS 1
| #define HAVE_SYS_TYPES_H 1
| #define HAVE_SYS_STAT_H 1
| #define HAVE_STDLIB_H 1
| #define HAVE_STRING_H 1
| #define HAVE_MEMORY_H 1
| #define HAVE_STRINGS_H 1
| #define HAVE_INTTYPES_H 1
| #define HAVE_STDINT_H 1
| #define HAVE_UNISTD_H 1
| #define __EXTENSIONS__ 1
| #define _ALL_SOURCE 1
| #define _GNU_SOURCE 1
| #define _POSIX_PTHREAD_SEMANTICS 1
| #define _TANDEM_SOURCE 1
| #define HAVE_DLFCN_H 1
| #define LT_OBJDIR ".libs/"
| /* end confdefs.h.  */
| int i;
configure:12217: result: no
configure:12228: checking if i486-TSOL-linux-gnu-gcc -std=gnu99 supports -Werror=unused-command-line-argument
configure:12237: i486-TSOL-linux-gnu-gcc -std=gnu99 -c -Os -Werror=unused-command-line-argument  conftest.c >&5
cc1: error: -Werror=unused-command-line-argument: no option -Wunused-command-line-argument
configure:12237: $? = 1
configure: failed program was:
| /* confdefs.h */
| #define PACKAGE_NAME "libXfont"
| #define PACKAGE_TARNAME "libXfont"
| #define PACKAGE_VERSION "1.5.0"
| #define PACKAGE_STRING "libXfont 1.5.0"
| #define PACKAGE_BUGREPORT "https://bugs.freedesktop.org/enter_bug.cgi?product=xorg"
| #define PACKAGE_URL ""
| #define PACKAGE "libXfont"
| #define VERSION "1.5.0"
| #define STDC_HEADERS 1
| #define HAVE_SYS_TYPES_H 1
| #define HAVE_SYS_STAT_H 1
| #define HAVE_STDLIB_H 1
| #define HAVE_STRING_H 1
| #define HAVE_MEMORY_H 1
| #define HAVE_STRINGS_H 1
| #define HAVE_INTTYPES_H 1
| #define HAVE_STDINT_H 1
| #define HAVE_UNISTD_H 1
| #define __EXTENSIONS__ 1
| #define _ALL_SOURCE 1
| #define _GNU_SOURCE 1
| #define _POSIX_PTHREAD_SEMANTICS 1
| #define _TANDEM_SOURCE 1
| #define HAVE_DLFCN_H 1
| #define LT_OBJDIR ".libs/"
| /* end confdefs.h.  */
| int i;
configure:12244: result: no
configure:12263: checking if i486-TSOL-linux-gnu-gcc -std=gnu99 supports -Wall
configure:12280: i486-TSOL-linux-gnu-gcc -std=gnu99 -o conftest -Os -Wall  -static-libgcc conftest.c  >&5
configure:12280: $? = 0
configure:12293: result: yes
configure:12381: checking if i486-TSOL-linux-gnu-gcc -std=gnu99 supports -Wpointer-arith
configure:12398: i486-TSOL-linux-gnu-gcc -std=gnu99 -o conftest -Os -Wpointer-arith  -static-libgcc conftest.c  >&5
configure:12398: $? = 0
configure:12411: result: yes
configure:12499: checking if i486-TSOL-linux-gnu-gcc -std=gnu99 supports -Wmissing-declarations
configure:12516: i486-TSOL-linux-gnu-gcc -std=gnu99 -o conftest -Os -Wmissing-declarations  -static-libgcc conftest.c  >&5
configure:12516: $? = 0
configure:12529: result: yes
configure:12617: checking if i486-TSOL-linux-gnu-gcc -std=gnu99 supports -Wformat=2
configure:12634: i486-TSOL-linux-gnu-gcc -std=gnu99 -o conftest -Os -Wformat=2  -static-libgcc conftest.c  >&5
configure:12634: $? = 0
configure:12647: result: yes
configure:12786: checking if i486-TSOL-linux-gnu-gcc -std=gnu99 supports -Wstrict-prototypes
configure:12803: i486-TSOL-linux-gnu-gcc -std=gnu99 -o conftest -Os -Wstrict-prototypes  -static-libgcc conftest.c  >&5
conftest.c:30:1: warning: function declaration isn't a prototype [-Wstrict-prototypes]
configure:12803: $? = 0
configure:12816: result: yes
configure:12904: checking if i486-TSOL-linux-gnu-gcc -std=gnu99 supports -Wmissing-prototypes
configure:12921: i486-TSOL-linux-gnu-gcc -std=gnu99 -o conftest -Os -Wmissing-prototypes  -static-libgcc conftest.c  >&5
configure:12921: $? = 0
configure:12934: result: yes
configure:13022: checking if i486-TSOL-linux-gnu-gcc -std=gnu99 supports -Wnested-externs
configure:13039: i486-TSOL-linux-gnu-gcc -std=gnu99 -o conftest -Os -Wnested-externs  -static-libgcc conftest.c  >&5
configure:13039: $? = 0
configure:13052: result: yes
configure:13140: checking if i486-TSOL-linux-gnu-gcc -std=gnu99 supports -Wbad-function-cast
configure:13157: i486-TSOL-linux-gnu-gcc -std=gnu99 -o conftest -Os -Wbad-function-cast  -static-libgcc conftest.c  >&5
configure:13157: $? = 0
configure:13170: result: yes
configure:13258: checking if i486-TSOL-linux-gnu-gcc -std=gnu99 supports -Wold-style-definition
configure:13275: i486-TSOL-linux-gnu-gcc -std=gnu99 -o conftest -Os -Wold-style-definition  -static-libgcc conftest.c  >&5
conftest.c: In function 'main':
conftest.c:30:1: warning: old-style function definition [-Wold-style-definition]
configure:13275: $? = 0
configure:13288: result: yes
configure:13425: checking if i486-TSOL-linux-gnu-gcc -std=gnu99 supports -Wdeclaration-after-statement
configure:13442: i486-TSOL-linux-gnu-gcc -std=gnu99 -o conftest -Os -Wdeclaration-after-statement  -static-libgcc conftest.c  >&5
configure:13442: $? = 0
configure:13455: result: yes
configure:13547: checking if i486-TSOL-linux-gnu-gcc -std=gnu99 supports -Wunused
configure:13564: i486-TSOL-linux-gnu-gcc -std=gnu99 -o conftest -Os -Wunused  -static-libgcc conftest.c  >&5
configure:13564: $? = 0
configure:13577: result: yes
configure:13665: checking if i486-TSOL-linux-gnu-gcc -std=gnu99 supports -Wuninitialized
configure:13682: i486-TSOL-linux-gnu-gcc -std=gnu99 -o conftest -Os -Wuninitialized  -static-libgcc conftest.c  >&5
configure:13682: $? = 0
configure:13695: result: yes
configure:13783: checking if i486-TSOL-linux-gnu-gcc -std=gnu99 supports -Wshadow
configure:13800: i486-TSOL-linux-gnu-gcc -std=gnu99 -o conftest -Os -Wshadow  -static-libgcc conftest.c  >&5
configure:13800: $? = 0
configure:13813: result: yes
configure:13901: checking if i486-TSOL-linux-gnu-gcc -std=gnu99 supports -Wmissing-noreturn
configure:13918: i486-TSOL-linux-gnu-gcc -std=gnu99 -o conftest -Os -Wmissing-noreturn  -static-libgcc conftest.c  >&5
configure:13918: $? = 0
configure:13931: result: yes
configure:14019: checking if i486-TSOL-linux-gnu-gcc -std=gnu99 supports -Wmissing-format-attribute
configure:14036: i486-TSOL-linux-gnu-gcc -std=gnu99 -o conftest -Os -Wmissing-format-attribute  -static-libgcc conftest.c  >&5
configure:14036: $? = 0
configure:14049: result: yes
configure:14137: checking if i486-TSOL-linux-gnu-gcc -std=gnu99 supports -Wredundant-decls
configure:14154: i486-TSOL-linux-gnu-gcc -std=gnu99 -o conftest -Os -Wredundant-decls  -static-libgcc conftest.c  >&5
configure:14154: $? = 0
configure:14167: result: yes
configure:14255: checking if i486-TSOL-linux-gnu-gcc -std=gnu99 supports -Wlogical-op
configure:14272: i486-TSOL-linux-gnu-gcc -std=gnu99 -o conftest -Os -Wlogical-op  -static-libgcc conftest.c  >&5
configure:14272: $? = 0
configure:14285: result: yes
configure:14385: checking if i486-TSOL-linux-gnu-gcc -std=gnu99 supports -Werror=implicit
configure:14402: i486-TSOL-linux-gnu-gcc -std=gnu99 -o conftest -Os -Werror=implicit  -static-libgcc conftest.c  >&5
configure:14402: $? = 0
configure:14415: result: yes
configure:14552: checking if i486-TSOL-linux-gnu-gcc -std=gnu99 supports -Werror=nonnull
configure:14569: i486-TSOL-linux-gnu-gcc -std=gnu99 -o conftest -Os -Werror=nonnull  -static-libgcc conftest.c  >&5
configure:14569: $? = 0
configure:14582: result: yes
configure:14670: checking if i486-TSOL-linux-gnu-gcc -std=gnu99 supports -Werror=init-self
configure:14687: i486-TSOL-linux-gnu-gcc -std=gnu99 -o conftest -Os -Werror=init-self  -static-libgcc conftest.c  >&5
configure:14687: $? = 0
configure:14700: result: yes
configure:14788: checking if i486-TSOL-linux-gnu-gcc -std=gnu99 supports -Werror=main
configure:14805: i486-TSOL-linux-gnu-gcc -std=gnu99 -o conftest -Os -Werror=main  -static-libgcc conftest.c  >&5
configure:14805: $? = 0
configure:14818: result: yes
configure:14906: checking if i486-TSOL-linux-gnu-gcc -std=gnu99 supports -Werror=missing-braces
configure:14923: i486-TSOL-linux-gnu-gcc -std=gnu99 -o conftest -Os -Werror=missing-braces  -static-libgcc conftest.c  >&5
configure:14923: $? = 0
configure:14936: result: yes
configure:15024: checking if i486-TSOL-linux-gnu-gcc -std=gnu99 supports -Werror=sequence-point
configure:15041: i486-TSOL-linux-gnu-gcc -std=gnu99 -o conftest -Os -Werror=sequence-point  -static-libgcc conftest.c  >&5
configure:15041: $? = 0
configure:15054: result: yes
configure:15142: checking if i486-TSOL-linux-gnu-gcc -std=gnu99 supports -Werror=return-type
configure:15159: i486-TSOL-linux-gnu-gcc -std=gnu99 -o conftest -Os -Werror=return-type  -static-libgcc conftest.c  >&5
configure:15159: $? = 0
configure:15172: result: yes
configure:15309: checking if i486-TSOL-linux-gnu-gcc -std=gnu99 supports -Werror=trigraphs
configure:15326: i486-TSOL-linux-gnu-gcc -std=gnu99 -o conftest -Os -Werror=trigraphs  -static-libgcc conftest.c  >&5
configure:15326: $? = 0
configure:15339: result: yes
configure:15427: checking if i486-TSOL-linux-gnu-gcc -std=gnu99 supports -Werror=array-bounds
configure:15444: i486-TSOL-linux-gnu-gcc -std=gnu99 -o conftest -Os -Werror=array-bounds  -static-libgcc conftest.c  >&5
configure:15444: $? = 0
configure:15457: result: yes
configure:15545: checking if i486-TSOL-linux-gnu-gcc -std=gnu99 supports -Werror=write-strings
configure:15562: i486-TSOL-linux-gnu-gcc -std=gnu99 -o conftest -Os -Werror=write-strings  -static-libgcc conftest.c  >&5
configure:15562: $? = 0
configure:15575: result: yes
configure:15663: checking if i486-TSOL-linux-gnu-gcc -std=gnu99 supports -Werror=address
configure:15680: i486-TSOL-linux-gnu-gcc -std=gnu99 -o conftest -Os -Werror=address  -static-libgcc conftest.c  >&5
configure:15680: $? = 0
configure:15693: result: yes
configure:15781: checking if i486-TSOL-linux-gnu-gcc -std=gnu99 supports -Werror=int-to-pointer-cast
configure:15798: i486-TSOL-linux-gnu-gcc -std=gnu99 -o conftest -Os -Werror=int-to-pointer-cast  -static-libgcc conftest.c  >&5
configure:15798: $? = 0
configure:15811: result: yes
configure:15948: checking if i486-TSOL-linux-gnu-gcc -std=gnu99 supports -Werror=pointer-to-int-cast
configure:15965: i486-TSOL-linux-gnu-gcc -std=gnu99 -o conftest -Os -Werror=pointer-to-int-cast  -static-libgcc conftest.c  >&5
configure:15965: $? = 0
configure:15978: result: yes
configure:17636: checking if i486-TSOL-linux-gnu-gcc -std=gnu99 supports -pedantic
configure:17653: i486-TSOL-linux-gnu-gcc -std=gnu99 -o conftest -Os -pedantic  -static-libgcc conftest.c  >&5
configure:17653: $? = 0
configure:17666: result: yes
configure:17754: checking if i486-TSOL-linux-gnu-gcc -std=gnu99 supports -Werror
configure:17771: i486-TSOL-linux-gnu-gcc -std=gnu99 -o conftest -Os -Werror  -static-libgcc conftest.c  >&5
configure:17771: $? = 0
configure:17784: result: yes
configure:17924: checking if i486-TSOL-linux-gnu-gcc -std=gnu99 supports -Werror=attributes
configure:17941: i486-TSOL-linux-gnu-gcc -std=gnu99 -o conftest -Os -Werror=attributes  -static-libgcc conftest.c  >&5
configure:17941: $? = 0
configure:17954: result: yes
configure:18114: checking whether make supports nested variables
configure:18131: result: yes
configure:18161: checking whether to build developer documentation
configure:18163: result: no
configure:18182: checking for xmlto
configure:18215: result: no
configure:18221: WARNING: xmlto not found - documentation targets will be skipped
configure:18357: checking for fop
configure:18390: result: no
configure:18396: WARNING: fop not found - documentation targets will be skipped
configure:18469: checking for X.Org SGML entities >= 1.7
configure:18473: $PKG_CONFIG --exists --print-errors "xorg-sgml-doctools >= 1.7"
Package xorg-sgml-doctools was not found in the pkg-config search path.
Perhaps you should add the directory containing `xorg-sgml-doctools.pc'
to the PKG_CONFIG_PATH environment variable
No package 'xorg-sgml-doctools' found
configure:18476: $? = 1
configure:18492: result: no
configure:18513: checking endian.h usability
configure:18513: i486-TSOL-linux-gnu-gcc -std=gnu99 -c -Os  conftest.c >&5
configure:18513: $? = 0
configure:18513: result: yes
configure:18513: checking endian.h presence
configure:18513: i486-TSOL-linux-gnu-gcc -E  conftest.c
configure:18513: $? = 0
configure:18513: result: yes
configure:18513: checking for endian.h
configure:18513: result: yes
configure:18513: checking poll.h usability
configure:18513: i486-TSOL-linux-gnu-gcc -std=gnu99 -c -Os  conftest.c >&5
configure:18513: $? = 0
configure:18513: result: yes
configure:18513: checking poll.h presence
configure:18513: i486-TSOL-linux-gnu-gcc -E  conftest.c
configure:18513: $? = 0
configure:18513: result: yes
configure:18513: checking for poll.h
configure:18513: result: yes
configure:18513: checking sys/poll.h usability
configure:18513: i486-TSOL-linux-gnu-gcc -std=gnu99 -c -Os  conftest.c >&5
configure:18513: $? = 0
configure:18513: result: yes
configure:18513: checking sys/poll.h presence
configure:18513: i486-TSOL-linux-gnu-gcc -E  conftest.c
configure:18513: $? = 0
configure:18513: result: yes
configure:18513: checking for sys/poll.h
configure:18513: result: yes
configure:18528: checking for poll
configure:18528: i486-TSOL-linux-gnu-gcc -std=gnu99 -o conftest -Os  -static-libgcc conftest.c  >&5
configure:18528: $? = 0
configure:18528: result: yes
configure:18528: checking for readlink
configure:18528: i486-TSOL-linux-gnu-gcc -std=gnu99 -o conftest -Os  -static-libgcc conftest.c  >&5
configure:18528: $? = 0
configure:18528: result: yes
configure:18589: checking for pkg-config
configure:18619: result: /usr/bin/pkg-config
configure:18644: checking pkg-config is at least version 0.9.0
configure:18647: result: yes
configure:18842: checking for gzopen in -lz
configure:18867: i486-TSOL-linux-gnu-gcc -std=gnu99 -o conftest -Os  -static-libgcc conftest.c -lz   >&5
configure:18867: $? = 0
configure:18876: result: yes
configure:19102: checking for hypot in -lm
configure:19127: i486-TSOL-linux-gnu-gcc -std=gnu99 -o conftest -Os  -static-libgcc conftest.c -lm   >&5
conftest.c:50:6: warning: conflicting types for built-in function 'hypot' [enabled by default]
configure:19127: $? = 0
configure:19136: result: yes
configure:19148: checking for XFONT
configure:19155: $PKG_CONFIG --exists --print-errors "xproto xtrans fontsproto >= 2.1.3 fontenc"
configure:19158: $? = 0
configure:19171: $PKG_CONFIG --exists --print-errors "xproto xtrans fontsproto >= 2.1.3 fontenc"
configure:19174: $? = 0
configure:19228: result: yes
configure:19247: checking if Xtrans should support UNIX socket connections
configure:19254: result: yes
configure:19263: checking if Xtrans should support TCP socket connections
configure:19265: result: yes
configure:19273: checking for library containing socket
configure:19304: i486-TSOL-linux-gnu-gcc -std=gnu99 -o conftest -Os  -static-libgcc conftest.c  >&5
configure:19304: $? = 0
configure:19321: result: none required
configure:19329: checking for library containing gethostbyname
configure:19360: i486-TSOL-linux-gnu-gcc -std=gnu99 -o conftest -Os  -static-libgcc conftest.c  >&5
configure:19360: $? = 0
configure:19377: result: none required
configure:19441: checking if IPv6 support should be built
configure:19448: result: yes
configure:19452: checking for struct sockaddr_in.sin_len
configure:19452: i486-TSOL-linux-gnu-gcc -std=gnu99 -c -Os  conftest.c >&5
conftest.c: In function 'main':
conftest.c:56:12: error: 'struct sockaddr_in' has no member named 'sin_len'
configure:19452: $? = 1
configure: failed program was:
| /* confdefs.h */
| #define PACKAGE_NAME "libXfont"
| #define PACKAGE_TARNAME "libXfont"
| #define PACKAGE_VERSION "1.5.0"
| #define PACKAGE_STRING "libXfont 1.5.0"
| #define PACKAGE_BUGREPORT "https://bugs.freedesktop.org/enter_bug.cgi?product=xorg"
| #define PACKAGE_URL ""
| #define PACKAGE "libXfont"
| #define VERSION "1.5.0"
| #define STDC_HEADERS 1
| #define HAVE_SYS_TYPES_H 1
| #define HAVE_SYS_STAT_H 1
| #define HAVE_STDLIB_H 1
| #define HAVE_STRING_H 1
| #define HAVE_MEMORY_H 1
| #define HAVE_STRINGS_H 1
| #define HAVE_INTTYPES_H 1
| #define HAVE_STDINT_H 1
| #define HAVE_UNISTD_H 1
| #define __EXTENSIONS__ 1
| #define _ALL_SOURCE 1
| #define _GNU_SOURCE 1
| #define _POSIX_PTHREAD_SEMANTICS 1
| #define _TANDEM_SOURCE 1
| #define HAVE_DLFCN_H 1
| #define LT_OBJDIR ".libs/"
| #define PACKAGE_VERSION_MAJOR 1
| #define PACKAGE_VERSION_MINOR 5
| #define PACKAGE_VERSION_PATCHLEVEL 0
| #define HAVE_ENDIAN_H 1
| #define HAVE_POLL_H 1
| #define HAVE_SYS_POLL_H 1
| #define HAVE_POLL 1
| #define HAVE_READLINK 1
| #define X_GZIP_FONT_COMPRESSION 1
| #define XFONT_BUILTINS 1
| #define XFONT_PCFFORMAT 1
| #define XFONT_BDFFORMAT 1
| #define XFONT_BITMAP 1
| #define XFONT_FONTFILE 1
| #define XFONT_FC 1
| #define UNIXCONN 1
| #define TCPCONN 1
| #define IPv6 1
| /* end confdefs.h.  */
| 
| #include <sys/types.h>
| #include <sys/socket.h>
| #include <netinet/in.h>
| 
| 
| int
| main ()
| {
| static struct sockaddr_in ac_aggr;
| if (ac_aggr.sin_len)
| return 0;
|   ;
|   return 0;
| }
configure:19452: i486-TSOL-linux-gnu-gcc -std=gnu99 -c -Os  conftest.c >&5
conftest.c: In function 'main':
conftest.c:56:19: error: 'struct sockaddr_in' has no member named 'sin_len'
configure:19452: $? = 1
configure: failed program was:
| /* confdefs.h */
| #define PACKAGE_NAME "libXfont"
| #define PACKAGE_TARNAME "libXfont"
| #define PACKAGE_VERSION "1.5.0"
| #define PACKAGE_STRING "libXfont 1.5.0"
| #define PACKAGE_BUGREPORT "https://bugs.freedesktop.org/enter_bug.cgi?product=xorg"
| #define PACKAGE_URL ""
| #define PACKAGE "libXfont"
| #define VERSION "1.5.0"
| #define STDC_HEADERS 1
| #define HAVE_SYS_TYPES_H 1
| #define HAVE_SYS_STAT_H 1
| #define HAVE_STDLIB_H 1
| #define HAVE_STRING_H 1
| #define HAVE_MEMORY_H 1
| #define HAVE_STRINGS_H 1
| #define HAVE_INTTYPES_H 1
| #define HAVE_STDINT_H 1
| #define HAVE_UNISTD_H 1
| #define __EXTENSIONS__ 1
| #define _ALL_SOURCE 1
| #define _GNU_SOURCE 1
| #define _POSIX_PTHREAD_SEMANTICS 1
| #define _TANDEM_SOURCE 1
| #define HAVE_DLFCN_H 1
| #define LT_OBJDIR ".libs/"
| #define PACKAGE_VERSION_MAJOR 1
| #define PACKAGE_VERSION_MINOR 5
| #define PACKAGE_VERSION_PATCHLEVEL 0
| #define HAVE_ENDIAN_H 1
| #define HAVE_POLL_H 1
| #define HAVE_SYS_POLL_H 1
| #define HAVE_POLL 1
| #define HAVE_READLINK 1
| #define X_GZIP_FONT_COMPRESSION 1
| #define XFONT_BUILTINS 1
| #define XFONT_PCFFORMAT 1
| #define XFONT_BDFFORMAT 1
| #define XFONT_BITMAP 1
| #define XFONT_FONTFILE 1
| #define XFONT_FC 1
| #define UNIXCONN 1
| #define TCPCONN 1
| #define IPv6 1
| /* end confdefs.h.  */
| 
| #include <sys/types.h>
| #include <sys/socket.h>
| #include <netinet/in.h>
| 
| 
| int
| main ()
| {
| static struct sockaddr_in ac_aggr;
| if (sizeof ac_aggr.sin_len)
| return 0;
|   ;
|   return 0;
| }
configure:19452: result: no
configure:19466: checking for socklen_t
configure:19466: i486-TSOL-linux-gnu-gcc -std=gnu99 -c -Os  conftest.c >&5
configure:19466: $? = 0
configure:19466: i486-TSOL-linux-gnu-gcc -std=gnu99 -c -Os  conftest.c >&5
conftest.c: In function 'main':
conftest.c:85:24: error: expected expression before ')' token
configure:19466: $? = 1
configure: failed program was:
| /* confdefs.h */
| #define PACKAGE_NAME "libXfont"
| #define PACKAGE_TARNAME "libXfont"
| #define PACKAGE_VERSION "1.5.0"
| #define PACKAGE_STRING "libXfont 1.5.0"
| #define PACKAGE_BUGREPORT "https://bugs.freedesktop.org/enter_bug.cgi?product=xorg"
| #define PACKAGE_URL ""
| #define PACKAGE "libXfont"
| #define VERSION "1.5.0"
| #define STDC_HEADERS 1
| #define HAVE_SYS_TYPES_H 1
| #define HAVE_SYS_STAT_H 1
| #define HAVE_STDLIB_H 1
| #define HAVE_STRING_H 1
| #define HAVE_MEMORY_H 1
| #define HAVE_STRINGS_H 1
| #define HAVE_INTTYPES_H 1
| #define HAVE_STDINT_H 1
| #define HAVE_UNISTD_H 1
| #define __EXTENSIONS__ 1
| #define _ALL_SOURCE 1
| #define _GNU_SOURCE 1
| #define _POSIX_PTHREAD_SEMANTICS 1
| #define _TANDEM_SOURCE 1
| #define HAVE_DLFCN_H 1
| #define LT_OBJDIR ".libs/"
| #define PACKAGE_VERSION_MAJOR 1
| #define PACKAGE_VERSION_MINOR 5
| #define PACKAGE_VERSION_PATCHLEVEL 0
| #define HAVE_ENDIAN_H 1
| #define HAVE_POLL_H 1
| #define HAVE_SYS_POLL_H 1
| #define HAVE_POLL 1
| #define HAVE_READLINK 1
| #define X_GZIP_FONT_COMPRESSION 1
| #define XFONT_BUILTINS 1
| #define XFONT_PCFFORMAT 1
| #define XFONT_BDFFORMAT 1
| #define XFONT_BITMAP 1
| #define XFONT_FONTFILE 1
| #define XFONT_FC 1
| #define UNIXCONN 1
| #define TCPCONN 1
| #define IPv6 1
| /* end confdefs.h.  */
| 
| #include <stdio.h>
| #ifdef HAVE_SYS_TYPES_H
| # include <sys/types.h>
| #endif
| #ifdef HAVE_SYS_STAT_H
| # include <sys/stat.h>
| #endif
| #ifdef STDC_HEADERS
| # include <stdlib.h>
| # include <stddef.h>
| #else
| # ifdef HAVE_STDLIB_H
| #  include <stdlib.h>
| # endif
| #endif
| #ifdef HAVE_STRING_H
| # if !defined STDC_HEADERS && defined HAVE_MEMORY_H
| #  include <memory.h>
| # endif
| # include <string.h>
| #endif
| #ifdef HAVE_STRINGS_H
| # include <strings.h>
| #endif
| #ifdef HAVE_INTTYPES_H
| # include <inttypes.h>
| #endif
| #ifdef HAVE_STDINT_H
| # include <stdint.h>
| #endif
| #ifdef HAVE_UNISTD_H
| # include <unistd.h>
| #endif
| #include <sys/socket.h>
| 
| int
| main ()
| {
| if (sizeof ((socklen_t)))
| 	    return 0;
|   ;
|   return 0;
| }
configure:19466: result: yes
configure:19482: checking for struct msghdr.msg_control
configure:19482: i486-TSOL-linux-gnu-gcc -std=gnu99 -c -Os  conftest.c >&5
configure:19482: $? = 0
configure:19482: result: yes
configure:19544: checking if Xtrans should support os-specific local connections
configure:19546: result: no
configure:19680: checking that generated files are newer than configure
configure:19686: result: done
configure:19769: creating ./config.status

## ---------------------- ##
## Running config.status. ##
## ---------------------- ##

This file was extended by libXfont config.status 1.5.0, which was
generated by GNU Autoconf 2.68.  Invocation command line was

  CONFIG_FILES    = 
  CONFIG_HEADERS  = 
  CONFIG_LINKS    = 
  CONFIG_COMMANDS = 
  $ ./config.status 

on ubuntu4

config.status:1200: creating Makefile
config.status:1200: creating doc/Makefile
config.status:1200: creating src/Makefile
config.status:1200: creating src/fontfile/Makefile
config.status:1200: creating src/FreeType/Makefile
config.status:1200: creating src/builtins/Makefile
config.status:1200: creating src/bitmap/Makefile
config.status:1200: creating src/fc/Makefile
config.status:1200: creating src/util/Makefile
config.status:1200: creating src/stubs/Makefile
config.status:1200: creating xfont.pc
config.status:1200: creating config.h
config.status:1200: creating include/X11/fonts/fontconf.h
config.status:1429: executing depfiles commands
config.status:1429: executing libtool commands

## ---------------- ##
## Cache variables. ##
## ---------------- ##

ac_cv_build=i686-pc-linux-gnu
ac_cv_c_compiler_gnu=yes
ac_cv_env_CC_set=set
ac_cv_env_CC_value=i486-TSOL-linux-gnu-gcc
ac_cv_env_CFLAGS_set=set
ac_cv_env_CFLAGS_value=-Os
ac_cv_env_CPPFLAGS_set=
ac_cv_env_CPPFLAGS_value=
ac_cv_env_CPP_set=
ac_cv_env_CPP_value=
ac_cv_env_FOP_set=
ac_cv_env_FOP_value=
ac_cv_env_FREETYPE_CFLAGS_set=
ac_cv_env_FREETYPE_CFLAGS_value=
ac_cv_env_FREETYPE_LIBS_set=
ac_cv_env_FREETYPE_LIBS_value=
ac_cv_env_LDFLAGS_set=set
ac_cv_env_LDFLAGS_value=-static-libgcc
ac_cv_env_LIBS_set=
ac_cv_env_LIBS_value=
ac_cv_env_PKG_CONFIG_set=
ac_cv_env_PKG_CONFIG_value=
ac_cv_env_XFONT_CFLAGS_set=
ac_cv_env_XFONT_CFLAGS_value=
ac_cv_env_XFONT_LIBS_set=
ac_cv_env_XFONT_LIBS_value=
ac_cv_env_XMLTO_set=
ac_cv_env_XMLTO_value=
ac_cv_env_build_alias_set=
ac_cv_env_build_alias_value=
ac_cv_env_host_alias_set=
ac_cv_env_host_alias_value=
ac_cv_env_target_alias_set=
ac_cv_env_target_alias_value=
ac_cv_func_poll=yes
ac_cv_func_readlink=yes
ac_cv_have_decl___INTEL_COMPILER=no
ac_cv_have_decl___SUNPRO_C=no
ac_cv_have_decl___clang__=no
ac_cv_header_dlfcn_h=yes
ac_cv_header_endian_h=yes
ac_cv_header_inttypes_h=yes
ac_cv_header_memory_h=yes
ac_cv_header_minix_config_h=no
ac_cv_header_poll_h=yes
ac_cv_header_stdc=yes
ac_cv_header_stdint_h=yes
ac_cv_header_stdlib_h=yes
ac_cv_header_string_h=yes
ac_cv_header_strings_h=yes
ac_cv_header_sys_poll_h=yes
ac_cv_header_sys_stat_h=yes
ac_cv_header_sys_types_h=yes
ac_cv_header_unistd_h=yes
ac_cv_host=i686-pc-linux-gnu
ac_cv_lib_m_hypot=yes
ac_cv_lib_z_gzopen=yes
ac_cv_member_struct_msghdr_msg_control=yes
ac_cv_member_struct_sockaddr_in_sin_len=no
ac_cv_objext=o
ac_cv_path_EGREP='/usr/bin/grep -E'
ac_cv_path_FGREP='/usr/bin/grep -F'
ac_cv_path_GREP=/usr/bin/grep
ac_cv_path_SED=/usr/bin/sed
ac_cv_path_ac_pt_PKG_CONFIG=/usr/bin/pkg-config
ac_cv_path_install='/bin/install -c'
ac_cv_path_mkdir=/bin/mkdir
ac_cv_prog_AWK=gawk
ac_cv_prog_CPP='i486-TSOL-linux-gnu-gcc -E'
ac_cv_prog_ac_ct_AR=ar
ac_cv_prog_ac_ct_CC=i486-TSOL-linux-gnu-gcc
ac_cv_prog_ac_ct_OBJDUMP=objdump
ac_cv_prog_ac_ct_RANLIB=ranlib
ac_cv_prog_ac_ct_STRIP=strip
ac_cv_prog_cc_c89=
ac_cv_prog_cc_c99=-std=gnu99
ac_cv_prog_cc_g=yes
ac_cv_prog_make_make_set=yes
ac_cv_safe_to_define___extensions__=yes
ac_cv_search_gethostbyname='none required'
ac_cv_search_socket='none required'
ac_cv_type_socklen_t=yes
am_cv_CC_dependencies_compiler_type=gcc3
am_cv_make_support_nested_variables=yes
am_cv_prog_cc_c_o=yes
lt_cv_ar_at_file=@
lt_cv_archive_cmds_need_lc=no
lt_cv_deplibs_check_method=pass_all
lt_cv_file_magic_cmd='$MAGIC_CMD'
lt_cv_file_magic_test_file=
lt_cv_ld_reload_flag=-r
lt_cv_nm_interface='BSD nm'
lt_cv_objdir=.libs
lt_cv_path_LD=i486-TSOL-linux-gnu-ld
lt_cv_path_NM='/toolchain/i486-TSOL-linux-gnu/bin//nm -B'
lt_cv_path_mainfest_tool=no
lt_cv_prog_compiler_c_o=yes
lt_cv_prog_compiler_pic='-fPIC -DPIC'
lt_cv_prog_compiler_pic_works=yes
lt_cv_prog_compiler_rtti_exceptions=no
lt_cv_prog_compiler_static_works=yes
lt_cv_prog_gnu_ld=yes
lt_cv_sharedlib_from_linklib_cmd='printf %s\n'
lt_cv_shlibpath_overrides_runpath=yes
lt_cv_sys_global_symbol_pipe='sed -n -e '\''s/^.*[	 ]\([ABCDGIRSTW][ABCDGIRSTW]*\)[	 ][	 ]*\([_A-Za-z][_A-Za-z0-9]*\)$/\1 \2 \2/p'\'' | sed '\''/ __gnu_lto/d'\'''
lt_cv_sys_global_symbol_to_c_name_address='sed -n -e '\''s/^: \([^ ]*\)[ ]*$/  {\"\1\", (void *) 0},/p'\'' -e '\''s/^[ABCDGIRSTW]* \([^ ]*\) \([^ ]*\)$/  {"\2", (void *) \&\2},/p'\'''
lt_cv_sys_global_symbol_to_c_name_address_lib_prefix='sed -n -e '\''s/^: \([^ ]*\)[ ]*$/  {\"\1\", (void *) 0},/p'\'' -e '\''s/^[ABCDGIRSTW]* \([^ ]*\) \(lib[^ ]*\)$/  {"\2", (void *) \&\2},/p'\'' -e '\''s/^[ABCDGIRSTW]* \([^ ]*\) \([^ ]*\)$/  {"lib\2", (void *) \&\2},/p'\'''
lt_cv_sys_global_symbol_to_cdecl='sed -n -e '\''s/^T .* \(.*\)$/extern int \1();/p'\'' -e '\''s/^[ABCDGIRSTW]* .* \(.*\)$/extern char \1;/p'\'''
lt_cv_sys_max_cmd_len=1572864
lt_cv_to_host_file_cmd=func_convert_file_noop
lt_cv_to_tool_file_cmd=func_convert_file_noop
pkg_cv_XFONT_CFLAGS='-D_DEFAULT_SOURCE -D_BSD_SOURCE -DHAS_FCHOWN -DHAS_STICKY_DIR_BIT -I/usr/xorg/include  '
pkg_cv_XFONT_LIBS='-L/usr/xorg/lib -lfontenc  '
xorg_cv_cc_flag__Wall=yes
xorg_cv_cc_flag__Wbad_function_cast=yes
xorg_cv_cc_flag__Wdeclaration_after_statement=yes
xorg_cv_cc_flag__Werror=yes
xorg_cv_cc_flag__Werror_address=yes
xorg_cv_cc_flag__Werror_array_bounds=yes
xorg_cv_cc_flag__Werror_attributes=yes
xorg_cv_cc_flag__Werror_implicit=yes
xorg_cv_cc_flag__Werror_init_self=yes
xorg_cv_cc_flag__Werror_int_to_pointer_cast=yes
xorg_cv_cc_flag__Werror_main=yes
xorg_cv_cc_flag__Werror_missing_braces=yes
xorg_cv_cc_flag__Werror_nonnull=yes
xorg_cv_cc_flag__Werror_pointer_to_int_cast=yes
xorg_cv_cc_flag__Werror_return_type=yes
xorg_cv_cc_flag__Werror_sequence_point=yes
xorg_cv_cc_flag__Werror_trigraphs=yes
xorg_cv_cc_flag__Werror_write_strings=yes
xorg_cv_cc_flag__Wformat_2=yes
xorg_cv_cc_flag__Wlogical_op=yes
xorg_cv_cc_flag__Wmissing_declarations=yes
xorg_cv_cc_flag__Wmissing_format_attribute=yes
xorg_cv_cc_flag__Wmissing_noreturn=yes
xorg_cv_cc_flag__Wmissing_prototypes=yes
xorg_cv_cc_flag__Wnested_externs=yes
xorg_cv_cc_flag__Wold_style_definition=yes
xorg_cv_cc_flag__Wpointer_arith=yes
xorg_cv_cc_flag__Wredundant_decls=yes
xorg_cv_cc_flag__Wshadow=yes
xorg_cv_cc_flag__Wstrict_prototypes=yes
xorg_cv_cc_flag__Wuninitialized=yes
xorg_cv_cc_flag__Wunused=yes
xorg_cv_cc_flag__pedantic=yes
xorg_cv_cc_flag_unknown_warning_option=no
xorg_cv_cc_flag_unused_command_line_argument=no

## ----------------- ##
## Output variables. ##
## ----------------- ##

ACLOCAL='aclocal -I/usr/xorg/share/aclocal -I /usr/xorg/share/aclocal'
ADMIN_MAN_DIR='$(mandir)/man$(ADMIN_MAN_SUFFIX)'
ADMIN_MAN_SUFFIX='8'
AMDEPBACKSLASH='\'
AMDEP_FALSE='#'
AMDEP_TRUE=''
AMTAR='$${TAR-tar}'
AM_BACKSLASH='\'
AM_DEFAULT_V='$(AM_DEFAULT_VERBOSITY)'
AM_DEFAULT_VERBOSITY='0'
AM_V='$(V)'
APP_MAN_DIR='$(mandir)/man$(APP_MAN_SUFFIX)'
APP_MAN_SUFFIX='1'
AR='ar'
AUTOCONF='${SHELL} /source/xorg-ponix4/lib/libXfont-1.5.0/missing autoconf'
AUTOHEADER='${SHELL} /source/xorg-ponix4/lib/libXfont-1.5.0/missing autoheader'
AUTOMAKE='${SHELL} /source/xorg-ponix4/lib/libXfont-1.5.0/missing automake-1.14'
AWK='gawk'
BASE_CFLAGS=' -Wall -Wpointer-arith -Wmissing-declarations -Wformat=2 -Wstrict-prototypes -Wmissing-prototypes -Wnested-externs -Wbad-function-cast -Wold-style-definition -Wdeclaration-after-statement -Wunused -Wuninitialized -Wshadow -Wmissing-noreturn -Wmissing-format-attribute -Wredundant-decls -Wlogical-op -Werror=implicit -Werror=nonnull -Werror=init-self -Werror=main -Werror=missing-braces -Werror=sequence-point -Werror=return-type -Werror=trigraphs -Werror=array-bounds -Werror=write-strings -Werror=address -Werror=int-to-pointer-cast -Werror=pointer-to-int-cast'
CC='i486-TSOL-linux-gnu-gcc -std=gnu99'
CCDEPMODE='depmode=gcc3'
CFLAGS='-Os'
CHANGELOG_CMD='(GIT_DIR=$(top_srcdir)/.git git log > $(top_srcdir)/.changelog.tmp && mv $(top_srcdir)/.changelog.tmp $(top_srcdir)/ChangeLog) || (rm -f $(top_srcdir)/.changelog.tmp; touch $(top_srcdir)/ChangeLog; echo '\''git directory not found: installing possibly empty changelog.'\'' >&2)'
CPP='i486-TSOL-linux-gnu-gcc -E'
CPPFLAGS=''
CWARNFLAGS=' -Wall -Wpointer-arith -Wmissing-declarations -Wformat=2 -Wstrict-prototypes -Wmissing-prototypes -Wnested-externs -Wbad-function-cast -Wold-style-definition -Wdeclaration-after-statement -Wunused -Wuninitialized -Wshadow -Wmissing-noreturn -Wmissing-format-attribute -Wredundant-decls -Wlogical-op -Werror=implicit -Werror=nonnull -Werror=init-self -Werror=main -Werror=missing-braces -Werror=sequence-point -Werror=return-type -Werror=trigraphs -Werror=array-bounds -Werror=write-strings -Werror=address -Werror=int-to-pointer-cast -Werror=pointer-to-int-cast -fno-strict-aliasing'
CYGPATH_W='echo'
DEFS='-DHAVE_CONFIG_H'
DEPDIR='.deps'
DLLTOOL='false'
DRIVER_MAN_DIR='$(mandir)/man$(DRIVER_MAN_SUFFIX)'
DRIVER_MAN_SUFFIX='4'
DSYMUTIL=''
DUMPBIN=''
ECHO_C=''
ECHO_N='-n'
ECHO_T=''
EGREP='/usr/bin/grep -E'
ENABLE_DEVEL_DOCS_FALSE=''
ENABLE_DEVEL_DOCS_TRUE='#'
EXEEXT=''
FGREP='/usr/bin/grep -F'
FILE_MAN_DIR='$(mandir)/man$(FILE_MAN_SUFFIX)'
FILE_MAN_SUFFIX='5'
FOP=''
FREETYPE_CFLAGS=''
FREETYPE_LIBS=''
FREETYPE_REQUIRES=''
GREP='/usr/bin/grep'
HAVE_FOP_FALSE=''
HAVE_FOP_TRUE='#'
HAVE_STYLESHEETS_FALSE=''
HAVE_STYLESHEETS_TRUE='#'
HAVE_XMLTO_FALSE=''
HAVE_XMLTO_TEXT_FALSE=''
HAVE_XMLTO_TEXT_TRUE='#'
HAVE_XMLTO_TRUE='#'
INSTALL_CMD='(cp -f /usr/xorg/share/util-macros/INSTALL $(top_srcdir)/.INSTALL.tmp && mv $(top_srcdir)/.INSTALL.tmp $(top_srcdir)/INSTALL) || (rm -f $(top_srcdir)/.INSTALL.tmp; touch $(top_srcdir)/INSTALL; echo '\''util-macros "pkgdatadir" from xorg-macros.pc not found: installing possibly empty INSTALL.'\'' >&2)'
INSTALL_DATA='${INSTALL} -m 644'
INSTALL_PROGRAM='${INSTALL}'
INSTALL_SCRIPT='${INSTALL}'
INSTALL_STRIP_PROGRAM='$(install_sh) -c -s'
LD='i486-TSOL-linux-gnu-ld'
LDFLAGS='-static-libgcc'
LIBOBJS=''
LIBS=''
LIBTOOL='$(SHELL) $(top_builddir)/libtool'
LIB_MAN_DIR='$(mandir)/man$(LIB_MAN_SUFFIX)'
LIB_MAN_SUFFIX='3'
LIPO=''
LN_S='ln -s'
LTLIBOBJS=''
MAKEINFO='${SHELL} /source/xorg-ponix4/lib/libXfont-1.5.0/missing makeinfo'
MANIFEST_TOOL=':'
MAN_SUBSTS='	-e '\''s|__vendorversion__|"$(PACKAGE_STRING)" "$(XORG_MAN_PAGE)"|'\'' 	-e '\''s|__xorgversion__|"$(PACKAGE_STRING)" "$(XORG_MAN_PAGE)"|'\'' 	-e '\''s|__xservername__|Xorg|g'\'' 	-e '\''s|__xconfigfile__|xorg.conf|g'\'' 	-e '\''s|__projectroot__|$(prefix)|g'\'' 	-e '\''s|__apploaddir__|$(appdefaultdir)|g'\'' 	-e '\''s|__appmansuffix__|$(APP_MAN_SUFFIX)|g'\'' 	-e '\''s|__drivermansuffix__|$(DRIVER_MAN_SUFFIX)|g'\'' 	-e '\''s|__adminmansuffix__|$(ADMIN_MAN_SUFFIX)|g'\'' 	-e '\''s|__libmansuffix__|$(LIB_MAN_SUFFIX)|g'\'' 	-e '\''s|__miscmansuffix__|$(MISC_MAN_SUFFIX)|g'\'' 	-e '\''s|__filemansuffix__|$(FILE_MAN_SUFFIX)|g'\'''
MATH_LIBS='-lm'
MISC_MAN_DIR='$(mandir)/man$(MISC_MAN_SUFFIX)'
MISC_MAN_SUFFIX='7'
MKDIR_P='/bin/mkdir -p'
NM='/toolchain/i486-TSOL-linux-gnu/bin//nm -B'
NMEDIT=''
OBJDUMP='objdump'
OBJEXT='o'
OS_CFLAGS='-D_XOPEN_SOURCE'
OTOOL64=''
OTOOL=''
PACKAGE='libXfont'
PACKAGE_BUGREPORT='https://bugs.freedesktop.org/enter_bug.cgi?product=xorg'
PACKAGE_NAME='libXfont'
PACKAGE_STRING='libXfont 1.5.0'
PACKAGE_TARNAME='libXfont'
PACKAGE_URL=''
PACKAGE_VERSION='1.5.0'
PATH_SEPARATOR=':'
PKG_CONFIG='/usr/bin/pkg-config'
RANLIB='ranlib'
SED='/usr/bin/sed'
SET_MAKE=''
SHELL='/bin/sh'
STRICT_CFLAGS=' -pedantic -Werror -Werror=attributes'
STRIP='strip'
STYLESHEET_SRCDIR=''
VERSION='1.5.0'
XFONT_BDFFORMAT_FALSE='#'
XFONT_BDFFORMAT_TRUE=''
XFONT_BITMAP_FALSE='#'
XFONT_BITMAP_TRUE=''
XFONT_BUILTINS_FALSE='#'
XFONT_BUILTINS_TRUE=''
XFONT_CFLAGS='-D_DEFAULT_SOURCE -D_BSD_SOURCE -DHAS_FCHOWN -DHAS_STICKY_DIR_BIT -I/usr/xorg/include  '
XFONT_FC_FALSE='#'
XFONT_FC_TRUE=''
XFONT_FONTFILE_FALSE='#'
XFONT_FONTFILE_TRUE=''
XFONT_FREETYPE_FALSE=''
XFONT_FREETYPE_TRUE='#'
XFONT_LIBS='-L/usr/xorg/lib -lfontenc  '
XFONT_PCFFORMAT_FALSE='#'
XFONT_PCFFORMAT_TRUE=''
XFONT_PCF_OR_BUILTIN_FALSE='#'
XFONT_PCF_OR_BUILTIN_TRUE=''
XFONT_SNFFORMAT_FALSE=''
XFONT_SNFFORMAT_TRUE='#'
XMLTO=''
XORG_MAN_PAGE='X Version 11'
XORG_SGML_PATH=''
XSL_STYLESHEET=''
X_BZIP2_FONT_COMPRESSION_FALSE=''
X_BZIP2_FONT_COMPRESSION_TRUE='#'
X_GZIP_FONT_COMPRESSION='1'
Z_LIBS='-lz'
ac_ct_AR='ar'
ac_ct_CC='i486-TSOL-linux-gnu-gcc'
ac_ct_DUMPBIN=''
am__EXEEXT_FALSE=''
am__EXEEXT_TRUE='#'
am__fastdepCC_FALSE='#'
am__fastdepCC_TRUE=''
am__include='include'
am__isrc=''
am__leading_dot='.'
am__nodep='_no'
am__quote=''
am__tar='$${TAR-tar} chof - "$$tardir"'
am__untar='$${TAR-tar} xf -'
bindir='${exec_prefix}/bin'
build='i686-pc-linux-gnu'
build_alias=''
build_cpu='i686'
build_os='linux-gnu'
build_vendor='pc'
datadir='${datarootdir}'
datarootdir='${prefix}/share'
docdir='${datarootdir}/doc/${PACKAGE_TARNAME}'
dvidir='${docdir}'
exec_prefix='${prefix}'
ft_config=''
host='i686-pc-linux-gnu'
host_alias=''
host_cpu='i686'
host_os='linux-gnu'
host_vendor='pc'
htmldir='${docdir}'
includedir='${prefix}/include'
infodir='${datarootdir}/info'
install_sh='${SHELL} /source/xorg-ponix4/lib/libXfont-1.5.0/install-sh'
libdir='${exec_prefix}/lib'
libexecdir='${exec_prefix}/libexec'
localedir='${datarootdir}/locale'
localstatedir='${prefix}/var'
mandir='${datarootdir}/man'
mkdir_p='$(MKDIR_P)'
oldincludedir='/usr/include'
pdfdir='${docdir}'
prefix='/usr/xorg'
program_transform_name='s,x,x,'
psdir='${docdir}'
sbindir='${exec_prefix}/sbin'
sharedstatedir='${prefix}/com'
sysconfdir='${prefix}/etc'
target_alias=''

## ----------- ##
## confdefs.h. ##
## ----------- ##

/* confdefs.h */
#define PACKAGE_NAME "libXfont"
#define PACKAGE_TARNAME "libXfont"
#define PACKAGE_VERSION "1.5.0"
#define PACKAGE_STRING "libXfont 1.5.0"
#define PACKAGE_BUGREPORT "https://bugs.freedesktop.org/enter_bug.cgi?product=xorg"
#define PACKAGE_URL ""
#define PACKAGE "libXfont"
#define VERSION "1.5.0"
#define STDC_HEADERS 1
#define HAVE_SYS_TYPES_H 1
#define HAVE_SYS_STAT_H 1
#define HAVE_STDLIB_H 1
#define HAVE_STRING_H 1
#define HAVE_MEMORY_H 1
#define HAVE_STRINGS_H 1
#define HAVE_INTTYPES_H 1
#define HAVE_STDINT_H 1
#define HAVE_UNISTD_H 1
#define __EXTENSIONS__ 1
#define _ALL_SOURCE 1
#define _GNU_SOURCE 1
#define _POSIX_PTHREAD_SEMANTICS 1
#define _TANDEM_SOURCE 1
#define HAVE_DLFCN_H 1
#define LT_OBJDIR ".libs/"
#define PACKAGE_VERSION_MAJOR 1
#define PACKAGE_VERSION_MINOR 5
#define PACKAGE_VERSION_PATCHLEVEL 0
#define HAVE_ENDIAN_H 1
#define HAVE_POLL_H 1
#define HAVE_SYS_POLL_H 1
#define HAVE_POLL 1
#define HAVE_READLINK 1
#define X_GZIP_FONT_COMPRESSION 1
#define XFONT_BUILTINS 1
#define XFONT_PCFFORMAT 1
#define XFONT_BDFFORMAT 1
#define XFONT_BITMAP 1
#define XFONT_FONTFILE 1
#define XFONT_FC 1
#define UNIXCONN 1
#define TCPCONN 1
#define IPv6 1
#define HAVE_SOCKLEN_T 1

configure: exit 0
