This file contains any messages produced by compilers while
running configure, to aid debugging if configure makes a mistake.

It was created by GNU Automake configure 1.14.1, which was
generated by GNU Autoconf 2.69.  Invocation command line was

  $ ./configure --prefix=/usr

## --------- ##
## Platform. ##
## --------- ##

hostname = ubuntu4
uname -m = i686
uname -r = 3.2.16-030216-generic
uname -s = Linux
uname -v = #201204221935 SMP Sun Apr 22 23:42:49 UTC 2012

/usr/bin/uname -p = unknown
/bin/uname -X     = unknown

/bin/arch              = unknown
/usr/bin/arch -k       = unknown
/usr/convex/getsysinfo = unknown
/usr/bin/hostinfo      = unknown
/bin/machine           = unknown
/usr/bin/oslevel       = unknown
/bin/universe          = unknown

PATH: /source/docbook-xsl-1.76.1/tools/bin
PATH: /bin
PATH: /sbin
PATH: /usr/bin
PATH: /usr/sbin
PATH: /usr/bin/X11
PATH: /usr/local/bin
PATH: /toolchain/bin
PATH: /toolchain/i486-TSOL-linux-gnu/bin/
PATH: /root/.local/bin
PATH: /usr/xorg/bin


## ----------- ##
## Core tests. ##
## ----------- ##

configure:2031: checking whether make supports nested variables
configure:2048: result: yes
configure:2064: checking build system type
configure:2078: result: i686-pc-linux-gnu
configure:2098: checking host system type
configure:2111: result: i686-pc-linux-gnu
configure:2164: checking for a BSD-compatible install
configure:2232: result: /bin/install -c
configure:2243: checking whether build environment is sane
configure:2298: result: yes
configure:2449: checking for a thread-safe mkdir -p
configure:2488: result: /bin/mkdir -p
configure:2495: checking for gawk
configure:2511: found /usr/bin/gawk
configure:2522: result: gawk
configure:2533: checking whether make sets $(MAKE)
configure:2555: result: yes
configure:2712: checking whether ln -s works
configure:2716: result: yes
configure:2726: checking for perl
configure:2744: found /usr/bin/perl
configure:2756: result: /usr/bin/perl
configure:2768: /usr/bin/perl --version

This is perl, v5.8.9 built for i686-linux

Copyright 1987-2008, Larry Wall

Perl may be copied only under the terms of either the Artistic License or the
GNU General Public License, which may be found in the Perl 5 source kit.

Complete documentation for Perl, including FAQ lists, should be found on
this system using "man perl" or "perldoc perl".  If you have access to the
Internet, point your browser at http://www.perl.org/, the Perl Home Page.

configure:2771: $? = 0
configure:2783: checking for tex
configure:2813: result: no
configure:2821:  --version </dev/null
./configure: line 2822: --version: command not found
configure:2824: $? = 127
configure:2842: checking for yacc
configure:2858: found /usr/bin/yacc
configure:2869: result: yacc
configure:2885: checking for lex
configure:2915: result: no
configure:2885: checking for flex
configure:2901: found /usr/bin/flex
configure:2912: result: flex
configure:2933: checking whether autoconf is installed
configure:2938: autoconf --version
autoconf (GNU Autoconf) 2.68
Copyright (C) 2010 Free Software Foundation, Inc.
License GPLv3+/Autoconf: GNU GPL version 3 or later
<http://gnu.org/licenses/gpl.html>, <http://gnu.org/licenses/exceptions.html>
This is free software: you are free to change and redistribute it.
There is NO WARRANTY, to the extent permitted by law.

Written by David J. MacKenzie and Akim Demaille.
configure:2941: $? = 0
configure:2949: result: yes
configure:2956: checking whether autoconf works
configure:2963: cd conftest && autoconf -o /dev/null conftest.ac
configure:2966: $? = 0
configure:2975: result: yes
configure:2982: checking whether autoconf is recent enough
configure:2989: cd conftest && autoconf -o /dev/null conftest.ac
configure:2992: $? = 0
configure:3001: result: yes
configure:3008: checking whether ln works
configure:3028: result: yes
configure:3046: checking for grep that handles long lines and -e
configure:3104: result: /usr/bin/grep
configure:3109: checking for egrep
configure:3171: result: /usr/bin/grep -E
configure:3176: checking for fgrep
configure:3238: result: /usr/bin/grep -F
configure:3281: will now look for a sturdy POSIX shell, for our testsuite
configure:3317: checking for sh
configure:3335: found /bin/sh
configure:3347: result: /bin/sh
configure:3317: checking for sh5
configure:3350: result: no
configure:3317: checking for dash
configure:3350: result: no
configure:3317: checking for ash
configure:3350: result: no
configure:3317: checking for bash
configure:3335: found /bin/bash
configure:3347: result: /bin/bash
configure:3317: checking for zsh
configure:3350: result: no
configure:3317: checking for ksh
configure:3350: result: no
configure:3317: checking for pdksh
configure:3350: result: no
configure:3371: checking whether /bin/sh supports $(cmd)
configure:3381: result: yes
configure:3391: checking whether /bin/sh supports $((expr))
configure:3401: result: yes
configure:3411: checking whether /bin/sh supports ${#var}
configure:3424: result: yes
configure:3434: checking whether /bin/sh supports ${var#glob} and ${var%glob}
configure:3448: result: yes
configure:3458: checking whether /bin/sh preserves exit traps with "set -e"
configure:3468: result: yes
configure:3478: checking whether /bin/sh can define exit traps in a shell function
configure:3488: result: yes
configure:3498: checking whether /bin/sh corrupts stderr with "set -x"
configure:3512: result: no
configure:3520: checking whether /bin/sh can return early from "dot-sourced" files
configure:3530: result: yes
configure:3542: checking whether /bin/sh supports alias named like shell builtins

configure:3552: result: yes
configure:3562: checking whether /bin/sh supports "test -e"
configure:3572: result: yes
configure:3590: shell /bin/sh is good enough, stop looking
configure:3607: will use /bin/sh as the testsuite shell
configure:3631: will now look for generic compilers
configure:3754: checking for C compiler version
configure:3763: i486-TSOL-linux-gnu-gcc --version >&5
i486-TSOL-linux-gnu-gcc (crosstool-NG 1.15.2) 4.6.3
Copyright (C) 2011 Free Software Foundation, Inc.
This is free software; see the source for copying conditions.  There is NO
warranty; not even for MERCHANTABILITY or FITNESS FOR A PARTICULAR PURPOSE.

configure:3774: $? = 0
configure:3763: i486-TSOL-linux-gnu-gcc -v >&5
Using built-in specs.
COLLECT_GCC=i486-TSOL-linux-gnu-gcc
COLLECT_LTO_WRAPPER=/toolchain/libexec/gcc/i486-TSOL-linux-gnu/4.6.3/lto-wrapper
Target: i486-TSOL-linux-gnu
Configured with: /TSOL/crosstool-ng-1.15.2/bin/.build/src/gcc-4.6.3/configure --build=i686-build_pc-linux-gnu --host=i686-build_pc-linux-gnu --target=i486-TSOL-linux-gnu --prefix=/toolchain --with-sysroot=/toolchain/i486-TSOL-linux-gnu/sysroot --enable-languages=c,c++ --with-arch=i486 --with-pkgversion='crosstool-NG 1.15.2' --enable-__cxa_atexit --disable-libmudflap --disable-libgomp --disable-libssp --with-gmp=/TSOL/crosstool-ng-1.15.2/bin/.build/i486-TSOL-linux-gnu/buildtools --with-mpfr=/TSOL/crosstool-ng-1.15.2/bin/.build/i486-TSOL-linux-gnu/buildtools --with-mpc=/TSOL/crosstool-ng-1.15.2/bin/.build/i486-TSOL-linux-gnu/buildtools --with-ppl=/TSOL/crosstool-ng-1.15.2/bin/.build/i486-TSOL-linux-gnu/buildtools --with-cloog=/TSOL/crosstool-ng-1.15.2/bin/.build/i486-TSOL-linux-gnu/buildtools --with-libelf=no --with-host-libstdcxx='-static-libgcc -Wl,-Bstatic,-lstdc++,-Bdynamic -lm -L/TSOL/crosstool-ng-1.15.2/bin/.build/i486-TSOL-linux-gnu/buildtools/lib -lpwl' --enable-threads=posix --enable-target-optspace --disable-multilib --with-local-prefix=/toolchain/i486-TSOL-linux-gnu/sysroot --enable-c99 --enable-long-long
Thread model: posix
gcc version 4.6.3 (crosstool-NG 1.15.2) 
configure:3774: $? = 0
configure:3763: i486-TSOL-linux-gnu-gcc -V >&5
i486-TSOL-linux-gnu-gcc: error: unrecognized option '-V'
i486-TSOL-linux-gnu-gcc: fatal error: no input files
compilation terminated.
configure:3774: $? = 1
configure:3763: i486-TSOL-linux-gnu-gcc -qversion >&5
i486-TSOL-linux-gnu-gcc: error: unrecognized option '-qversion'
i486-TSOL-linux-gnu-gcc: fatal error: no input files
compilation terminated.
configure:3774: $? = 1
configure:3794: checking whether the C compiler works
configure:3816: i486-TSOL-linux-gnu-gcc -Os  -static-libgcc conftest.c  >&5
configure:3820: $? = 0
configure:3870: result: yes
configure:3873: checking for C compiler default output file name
configure:3875: result: a.out
configure:3881: checking for suffix of executables
configure:3888: i486-TSOL-linux-gnu-gcc -o conftest -Os  -static-libgcc conftest.c  >&5
configure:3892: $? = 0
configure:3916: result: 
configure:3938: checking whether we are cross compiling
configure:3946: i486-TSOL-linux-gnu-gcc -o conftest -Os  -static-libgcc conftest.c  >&5
configure:3950: $? = 0
configure:3957: ./conftest
configure:3961: $? = 0
configure:3979: result: no
configure:3984: checking for suffix of object files
configure:4006: i486-TSOL-linux-gnu-gcc -c -Os  conftest.c >&5
configure:4010: $? = 0
configure:4033: result: o
configure:4037: checking whether we are using the GNU C compiler
configure:4056: i486-TSOL-linux-gnu-gcc -c -Os  conftest.c >&5
configure:4056: $? = 0
configure:4065: result: yes
configure:4074: checking whether i486-TSOL-linux-gnu-gcc accepts -g
configure:4094: i486-TSOL-linux-gnu-gcc -c -g  conftest.c >&5
configure:4094: $? = 0
configure:4135: result: yes
configure:4152: checking for i486-TSOL-linux-gnu-gcc option to accept ISO C89
configure:4215: i486-TSOL-linux-gnu-gcc  -c -Os  conftest.c >&5
configure:4215: $? = 0
configure:4228: result: none needed
configure:4253: checking whether i486-TSOL-linux-gnu-gcc understands -c and -o together
configure:4275: i486-TSOL-linux-gnu-gcc -c conftest.c -o conftest2.o
configure:4278: $? = 0
configure:4275: i486-TSOL-linux-gnu-gcc -c conftest.c -o conftest2.o
configure:4278: $? = 0
configure:4290: result: yes
configure:4466: checking for C++ compiler version
configure:4475: i486-TSOL-linux-gnu-g++ --version >&5
i486-TSOL-linux-gnu-g++ (crosstool-NG 1.15.2) 4.6.3
Copyright (C) 2011 Free Software Foundation, Inc.
This is free software; see the source for copying conditions.  There is NO
warranty; not even for MERCHANTABILITY or FITNESS FOR A PARTICULAR PURPOSE.

configure:4486: $? = 0
configure:4475: i486-TSOL-linux-gnu-g++ -v >&5
Using built-in specs.
COLLECT_GCC=i486-TSOL-linux-gnu-g++
COLLECT_LTO_WRAPPER=/toolchain/libexec/gcc/i486-TSOL-linux-gnu/4.6.3/lto-wrapper
Target: i486-TSOL-linux-gnu
Configured with: /TSOL/crosstool-ng-1.15.2/bin/.build/src/gcc-4.6.3/configure --build=i686-build_pc-linux-gnu --host=i686-build_pc-linux-gnu --target=i486-TSOL-linux-gnu --prefix=/toolchain --with-sysroot=/toolchain/i486-TSOL-linux-gnu/sysroot --enable-languages=c,c++ --with-arch=i486 --with-pkgversion='crosstool-NG 1.15.2' --enable-__cxa_atexit --disable-libmudflap --disable-libgomp --disable-libssp --with-gmp=/TSOL/crosstool-ng-1.15.2/bin/.build/i486-TSOL-linux-gnu/buildtools --with-mpfr=/TSOL/crosstool-ng-1.15.2/bin/.build/i486-TSOL-linux-gnu/buildtools --with-mpc=/TSOL/crosstool-ng-1.15.2/bin/.build/i486-TSOL-linux-gnu/buildtools --with-ppl=/TSOL/crosstool-ng-1.15.2/bin/.build/i486-TSOL-linux-gnu/buildtools --with-cloog=/TSOL/crosstool-ng-1.15.2/bin/.build/i486-TSOL-linux-gnu/buildtools --with-libelf=no --with-host-libstdcxx='-static-libgcc -Wl,-Bstatic,-lstdc++,-Bdynamic -lm -L/TSOL/crosstool-ng-1.15.2/bin/.build/i486-TSOL-linux-gnu/buildtools/lib -lpwl' --enable-threads=posix --enable-target-optspace --disable-multilib --with-local-prefix=/toolchain/i486-TSOL-linux-gnu/sysroot --enable-c99 --enable-long-long
Thread model: posix
gcc version 4.6.3 (crosstool-NG 1.15.2) 
configure:4486: $? = 0
configure:4475: i486-TSOL-linux-gnu-g++ -V >&5
i486-TSOL-linux-gnu-g++: error: unrecognized option '-V'
i486-TSOL-linux-gnu-g++: fatal error: no input files
compilation terminated.
configure:4486: $? = 1
configure:4475: i486-TSOL-linux-gnu-g++ -qversion >&5
i486-TSOL-linux-gnu-g++: error: unrecognized option '-qversion'
i486-TSOL-linux-gnu-g++: fatal error: no input files
compilation terminated.
configure:4486: $? = 1
configure:4506: checking whether the C++ compiler works
configure:4528: i486-TSOL-linux-gnu-g++ -Os  -static-libgcc conftest.cpp  >&5
configure:4532: $? = 0
configure:4582: result: yes
configure:4585: checking for C++ compiler default output file name
configure:4587: result: a.out
configure:4593: checking for suffix of executables
configure:4600: i486-TSOL-linux-gnu-g++ -o conftest -Os  -static-libgcc conftest.cpp  >&5
configure:4604: $? = 0
configure:4628: result: 
configure:4650: checking whether we are cross compiling
configure:4658: i486-TSOL-linux-gnu-g++ -o conftest -Os  -static-libgcc conftest.cpp  >&5
configure:4662: $? = 0
configure:4669: ./conftest
configure:4673: $? = 0
configure:4691: result: no
configure:4696: checking for suffix of object files
configure:4718: i486-TSOL-linux-gnu-g++ -c -Os  conftest.cpp >&5
configure:4722: $? = 0
configure:4745: result: o
configure:4749: checking whether we are using the GNU C++ compiler
configure:4768: i486-TSOL-linux-gnu-g++ -c -Os  conftest.cpp >&5
configure:4768: $? = 0
configure:4777: result: yes
configure:4786: checking whether i486-TSOL-linux-gnu-g++ accepts -g
configure:4806: i486-TSOL-linux-gnu-g++ -c -g  conftest.cpp >&5
configure:4806: $? = 0
configure:4847: result: yes
configure:4958: checking for xlf95
configure:4988: result: no
configure:4958: checking for f95
configure:4988: result: no
configure:4958: checking for fort
configure:4988: result: no
configure:4958: checking for ifort
configure:4988: result: no
configure:4958: checking for ifc
configure:4988: result: no
configure:4958: checking for efc
configure:4988: result: no
configure:4958: checking for pgfortran
configure:4988: result: no
configure:4958: checking for pgf95
configure:4988: result: no
configure:4958: checking for lf95
configure:4988: result: no
configure:4958: checking for ftn
configure:4988: result: no
configure:4958: checking for nagfor
configure:4988: result: no
configure:4958: checking for xlf90
configure:4988: result: no
configure:4958: checking for f90
configure:4988: result: no
configure:4958: checking for pgf90
configure:4988: result: no
configure:4958: checking for pghpf
configure:4988: result: no
configure:4958: checking for epcf90
configure:4988: result: no
configure:4958: checking for g95
configure:4988: result: no
configure:4958: checking for gfortran
configure:4988: result: no
configure:5011: checking for Fortran compiler version
configure:5020:  --version >&5
./configure: line 5022: --version: command not found
configure:5031: $? = 127
configure:5020:  -v >&5
./configure: line 5022: -v: command not found
configure:5031: $? = 127
configure:5020:  -V >&5
./configure: line 5022: -V: command not found
configure:5031: $? = 127
configure:5020:  -qversion >&5
./configure: line 5022: -qversion: command not found
configure:5031: $? = 127
configure:5046: checking whether the Fortran compiler works
configure:5068:   -static-libgcc  conftest.f  >&5
./configure: line 5070: -static-libgcc: command not found
configure:5072: $? = 127
configure:5110: result: no
configure: failed program was:
|       program main
| 
|       end
configure:5116: WARNING: Fortran compiler cannot create executables
configure:5360: tests requiring the Fortran compiler will be skipped
configure:5440: checking for xlf
configure:5470: result: no
configure:5440: checking for f77
configure:5470: result: no
configure:5440: checking for frt
configure:5470: result: no
configure:5440: checking for pgf77
configure:5470: result: no
configure:5440: checking for cf77
configure:5470: result: no
configure:5440: checking for fort77
configure:5470: result: no
configure:5440: checking for fl32
configure:5470: result: no
configure:5440: checking for af77
configure:5470: result: no
configure:5440: checking for g77
configure:5470: result: no
configure:5440: checking for gfortran
configure:5470: result: no
configure:5493: checking for Fortran 77 compiler version
configure:5502:  --version >&5
./configure: line 5504: --version: command not found
configure:5513: $? = 127
configure:5502:  -v >&5
./configure: line 5504: -v: command not found
configure:5513: $? = 127
configure:5502:  -V >&5
./configure: line 5504: -V: command not found
configure:5513: $? = 127
configure:5502:  -qversion >&5
./configure: line 5504: -qversion: command not found
configure:5513: $? = 127
configure:5528: checking whether the Fortran 77 compiler works
configure:5550:   -static-libgcc conftest.f  >&5
./configure: line 5552: -static-libgcc: command not found
configure:5554: $? = 127
configure:5592: result: no
configure: failed program was:
|       program main
| 
|       end
configure:5598: WARNING: Fortran 77 compiler cannot create executables
configure:5842: tests requiring the Fortran 77 compiler will be skipped
configure:5874: will now look for GNU compilers
configure:5881: i486-TSOL-linux-gnu-gcc is already a GNU C compiler
configure:5987: i486-TSOL-linux-gnu-gcc --version && i486-TSOL-linux-gnu-gcc -v
i486-TSOL-linux-gnu-gcc (crosstool-NG 1.15.2) 4.6.3
Copyright (C) 2011 Free Software Foundation, Inc.
This is free software; see the source for copying conditions.  There is NO
warranty; not even for MERCHANTABILITY or FITNESS FOR A PARTICULAR PURPOSE.

Using built-in specs.
COLLECT_GCC=i486-TSOL-linux-gnu-gcc
COLLECT_LTO_WRAPPER=/toolchain/libexec/gcc/i486-TSOL-linux-gnu/4.6.3/lto-wrapper
Target: i486-TSOL-linux-gnu
Configured with: /TSOL/crosstool-ng-1.15.2/bin/.build/src/gcc-4.6.3/configure --build=i686-build_pc-linux-gnu --host=i686-build_pc-linux-gnu --target=i486-TSOL-linux-gnu --prefix=/toolchain --with-sysroot=/toolchain/i486-TSOL-linux-gnu/sysroot --enable-languages=c,c++ --with-arch=i486 --with-pkgversion='crosstool-NG 1.15.2' --enable-__cxa_atexit --disable-libmudflap --disable-libgomp --disable-libssp --with-gmp=/TSOL/crosstool-ng-1.15.2/bin/.build/i486-TSOL-linux-gnu/buildtools --with-mpfr=/TSOL/crosstool-ng-1.15.2/bin/.build/i486-TSOL-linux-gnu/buildtools --with-mpc=/TSOL/crosstool-ng-1.15.2/bin/.build/i486-TSOL-linux-gnu/buildtools --with-ppl=/TSOL/crosstool-ng-1.15.2/bin/.build/i486-TSOL-linux-gnu/buildtools --with-cloog=/TSOL/crosstool-ng-1.15.2/bin/.build/i486-TSOL-linux-gnu/buildtools --with-libelf=no --with-host-libstdcxx='-static-libgcc -Wl,-Bstatic,-lstdc++,-Bdynamic -lm -L/TSOL/crosstool-ng-1.15.2/bin/.build/i486-TSOL-linux-gnu/buildtools/lib -lpwl' --enable-threads=posix --enable-target-optspace --disable-multilib --with-local-prefix=/toolchain/i486-TSOL-linux-gnu/sysroot --enable-c99 --enable-long-long
Thread model: posix
gcc version 4.6.3 (crosstool-NG 1.15.2) 
configure:5990: $? = 0
configure:6005: i486-TSOL-linux-gnu-g++ is already a GNU C++ compiler
configure:6112: i486-TSOL-linux-gnu-g++ --version && i486-TSOL-linux-gnu-g++ -v
i486-TSOL-linux-gnu-g++ (crosstool-NG 1.15.2) 4.6.3
Copyright (C) 2011 Free Software Foundation, Inc.
This is free software; see the source for copying conditions.  There is NO
warranty; not even for MERCHANTABILITY or FITNESS FOR A PARTICULAR PURPOSE.

Using built-in specs.
COLLECT_GCC=i486-TSOL-linux-gnu-g++
COLLECT_LTO_WRAPPER=/toolchain/libexec/gcc/i486-TSOL-linux-gnu/4.6.3/lto-wrapper
Target: i486-TSOL-linux-gnu
Configured with: /TSOL/crosstool-ng-1.15.2/bin/.build/src/gcc-4.6.3/configure --build=i686-build_pc-linux-gnu --host=i686-build_pc-linux-gnu --target=i486-TSOL-linux-gnu --prefix=/toolchain --with-sysroot=/toolchain/i486-TSOL-linux-gnu/sysroot --enable-languages=c,c++ --with-arch=i486 --with-pkgversion='crosstool-NG 1.15.2' --enable-__cxa_atexit --disable-libmudflap --disable-libgomp --disable-libssp --with-gmp=/TSOL/crosstool-ng-1.15.2/bin/.build/i486-TSOL-linux-gnu/buildtools --with-mpfr=/TSOL/crosstool-ng-1.15.2/bin/.build/i486-TSOL-linux-gnu/buildtools --with-mpc=/TSOL/crosstool-ng-1.15.2/bin/.build/i486-TSOL-linux-gnu/buildtools --with-ppl=/TSOL/crosstool-ng-1.15.2/bin/.build/i486-TSOL-linux-gnu/buildtools --with-cloog=/TSOL/crosstool-ng-1.15.2/bin/.build/i486-TSOL-linux-gnu/buildtools --with-libelf=no --with-host-libstdcxx='-static-libgcc -Wl,-Bstatic,-lstdc++,-Bdynamic -lm -L/TSOL/crosstool-ng-1.15.2/bin/.build/i486-TSOL-linux-gnu/buildtools/lib -lpwl' --enable-threads=posix --enable-target-optspace --disable-multilib --with-local-prefix=/toolchain/i486-TSOL-linux-gnu/sysroot --enable-c99 --enable-long-long
Thread model: posix
gcc version 4.6.3 (crosstool-NG 1.15.2) 
configure:6115: $? = 0
configure:6184: checking for gfortran
configure:6214: result: no
configure:6309: checking for g77
configure:6339: result: no
configure:6309: checking for gfortran
configure:6339: result: no
configure:6428: checking for gcj
configure:6458: result: no
configure:6662: checking that generated files are newer than configure
configure:6668: result: done
configure:6683: creating ./config.status

## ---------------------- ##
## Running config.status. ##
## ---------------------- ##

This file was extended by GNU Automake config.status 1.14.1, which was
generated by GNU Autoconf 2.69.  Invocation command line was

  CONFIG_FILES    = 
  CONFIG_HEADERS  = 
  CONFIG_LINKS    = 
  CONFIG_COMMANDS = 
  $ ./config.status 

on ubuntu4

config.status:824: creating Makefile
config.status:824: creating t/wrap/aclocal-1.14
config.status:824: creating t/wrap/automake-1.14

## ---------------- ##
## Cache variables. ##
## ---------------- ##

ac_cv_AM_TEST_RUNNER_SHELL=/bin/sh
ac_cv_build=i686-pc-linux-gnu
ac_cv_c_compiler_gnu=yes
ac_cv_cxx_compiler_gnu=yes
ac_cv_env_AM_TEST_RUNNER_SHELL_set=
ac_cv_env_AM_TEST_RUNNER_SHELL_value=
ac_cv_env_CCC_set=
ac_cv_env_CCC_value=
ac_cv_env_CC_set=set
ac_cv_env_CC_value=i486-TSOL-linux-gnu-gcc
ac_cv_env_CFLAGS_set=set
ac_cv_env_CFLAGS_value=-Os
ac_cv_env_CPPFLAGS_set=
ac_cv_env_CPPFLAGS_value=
ac_cv_env_CXXFLAGS_set=set
ac_cv_env_CXXFLAGS_value=-Os
ac_cv_env_CXX_set=set
ac_cv_env_CXX_value=i486-TSOL-linux-gnu-g++
ac_cv_env_F77_set=
ac_cv_env_F77_value=
ac_cv_env_FCFLAGS_set=
ac_cv_env_FCFLAGS_value=
ac_cv_env_FC_set=
ac_cv_env_FC_value=
ac_cv_env_FFLAGS_set=
ac_cv_env_FFLAGS_value=
ac_cv_env_GNU_CC_set=
ac_cv_env_GNU_CC_value=
ac_cv_env_GNU_CFLAGS_set=
ac_cv_env_GNU_CFLAGS_value=
ac_cv_env_GNU_CXXFLAGS_set=
ac_cv_env_GNU_CXXFLAGS_value=
ac_cv_env_GNU_CXX_set=
ac_cv_env_GNU_CXX_value=
ac_cv_env_GNU_F77_set=
ac_cv_env_GNU_F77_value=
ac_cv_env_GNU_FCFLAGS_set=
ac_cv_env_GNU_FCFLAGS_value=
ac_cv_env_GNU_FC_set=
ac_cv_env_GNU_FC_value=
ac_cv_env_GNU_FFLAGS_set=
ac_cv_env_GNU_FFLAGS_value=
ac_cv_env_GNU_GCJFLAGS_set=
ac_cv_env_GNU_GCJFLAGS_value=
ac_cv_env_GNU_GCJ_set=
ac_cv_env_GNU_GCJ_value=
ac_cv_env_LDFLAGS_set=set
ac_cv_env_LDFLAGS_value=-static-libgcc
ac_cv_env_LIBS_set=
ac_cv_env_LIBS_value=
ac_cv_env_build_alias_set=
ac_cv_env_build_alias_value=
ac_cv_env_host_alias_set=
ac_cv_env_host_alias_value=
ac_cv_env_target_alias_set=
ac_cv_env_target_alias_value=
ac_cv_host=i686-pc-linux-gnu
ac_cv_path_EGREP='/usr/bin/grep -E'
ac_cv_path_FGREP='/usr/bin/grep -F'
ac_cv_path_GREP=/usr/bin/grep
ac_cv_path_PERL=/usr/bin/perl
ac_cv_path_install='/bin/install -c'
ac_cv_path_mkdir=/bin/mkdir
ac_cv_prog_AWK=gawk
ac_cv_prog_LEX=flex
ac_cv_prog_YACC=yacc
ac_cv_prog_cc_c89=
ac_cv_prog_cc_g=yes
ac_cv_prog_cxx_g=yes
ac_cv_prog_make_make_set=yes
am_cv_autoconf_installed=yes
am_cv_autoconf_version=yes
am_cv_autoconf_works=yes
am_cv_make_support_nested_variables=yes
am_cv_prog_cc_c_o=yes
am_cv_prog_ln=ln

## ----------------- ##
## Output variables. ##
## ----------------- ##

ACLOCAL='"/source/automake-1.14.1/t/wrap/aclocal-1.14"'
AMTAR='$${TAR-tar}'
AM_BACKSLASH='\'
AM_DEFAULT_V='$(AM_DEFAULT_VERBOSITY)'
AM_DEFAULT_VERBOSITY='0'
AM_TEST_RUNNER_SHELL='/bin/sh'
AM_V='$(V)'
APIVERSION='1.14'
AUTOCONF='${SHELL} /source/automake-1.14.1/lib/missing autoconf'
AUTOHEADER='${SHELL} /source/automake-1.14.1/lib/missing autoheader'
AUTOMAKE='"/source/automake-1.14.1/t/wrap/automake-1.14"'
AWK='gawk'
CC='i486-TSOL-linux-gnu-gcc'
CFLAGS='-Os'
CPPFLAGS=''
CXX='i486-TSOL-linux-gnu-g++'
CXXFLAGS='-Os'
CYGPATH_W='echo'
DEFS='-DPACKAGE_NAME=\"GNU\ Automake\" -DPACKAGE_TARNAME=\"automake\" -DPACKAGE_VERSION=\"1.14.1\" -DPACKAGE_STRING=\"GNU\ Automake\ 1.14.1\" -DPACKAGE_BUGREPORT=\"bug-automake@gnu.org\" -DPACKAGE_URL=\"http://www.gnu.org/software/automake/\"'
ECHO_C=''
ECHO_N='-n'
ECHO_T=''
EGREP='/usr/bin/grep -E'
EXEEXT='UNKNOWN'
F77='false'
FC='false'
FCFLAGS=''
FFLAGS=''
FGREP='/usr/bin/grep -F'
GNU_CC='i486-TSOL-linux-gnu-gcc'
GNU_CFLAGS='-Os'
GNU_CXX='i486-TSOL-linux-gnu-g++'
GNU_CXXFLAGS='-Os'
GNU_F77='false'
GNU_FC='false'
GNU_FCFLAGS=''
GNU_FFLAGS=''
GNU_GCJ='false'
GNU_GCJFLAGS=''
GREP='/usr/bin/grep'
INSTALL_DATA='${INSTALL} -m 644'
INSTALL_PROGRAM='${INSTALL}'
INSTALL_SCRIPT='${INSTALL}'
INSTALL_STRIP_PROGRAM='$(install_sh) -c -s'
LDFLAGS='-static-libgcc'
LEX='flex'
LIBOBJS=''
LIBS=''
LN='ln'
LN_S='ln -s'
LTLIBOBJS=''
MAKEINFO='${SHELL} /source/automake-1.14.1/lib/missing makeinfo'
MKDIR_P='/bin/mkdir -p'
MODIFICATION_DELAY='2'
OBJEXT='UNKNOWN'
PACKAGE='automake'
PACKAGE_BUGREPORT='bug-automake@gnu.org'
PACKAGE_NAME='GNU Automake'
PACKAGE_STRING='GNU Automake 1.14.1'
PACKAGE_TARNAME='automake'
PACKAGE_URL='http://www.gnu.org/software/automake/'
PACKAGE_VERSION='1.14.1'
PATH_SEPARATOR=':'
PERL='/usr/bin/perl'
RELEASE_YEAR='2013'
SET_MAKE=''
SHELL='/bin/sh'
STRIP=''
TEX=''
VERSION='1.14.1'
YACC='yacc'
ac_ct_CC=''
ac_ct_CXX=''
ac_ct_F77=''
ac_ct_FC=''
ac_ct_GNU_CC=''
ac_ct_GNU_CXX=''
ac_ct_GNU_F77=''
ac_ct_GNU_FC=''
ac_ct_GNU_GCJ=''
am_AUTOCONF='autoconf'
am_AUTOHEADER='autoheader'
am_AUTOM4TE='autom4te'
am_AUTORECONF='autoreconf'
am_AUTOUPDATE='autoupdate'
am__EXEEXT_FALSE='#'
am__EXEEXT_TRUE=''
am__isrc=''
am__leading_dot='.'
am__tar='$${TAR-tar} chof - "$$tardir"'
am__untar='$${TAR-tar} xf -'
am_candidate_sh=''
amdir='${pkgvdatadir}/am'
automake_acdir='${datadir}/aclocal-1.14'
bindir='${exec_prefix}/bin'
build='i686-pc-linux-gnu'
build_alias=''
build_cpu='i686'
build_os='linux-gnu'
build_vendor='pc'
datadir='${datarootdir}'
datarootdir='${prefix}/share'
docdir='${datarootdir}/doc/${PACKAGE_TARNAME}'
dvidir='${docdir}'
exec_prefix='${prefix}'
host='i686-pc-linux-gnu'
host_alias=''
host_cpu='i686'
host_os='linux-gnu'
host_vendor='pc'
htmldir='${docdir}'
includedir='${prefix}/include'
infodir='${datarootdir}/info'
install_sh='${SHELL} /source/automake-1.14.1/lib/install-sh'
libdir='${exec_prefix}/lib'
libexecdir='${exec_prefix}/libexec'
localedir='${datarootdir}/locale'
localstatedir='${prefix}/var'
mandir='${datarootdir}/man'
mkdir_p='$(MKDIR_P)'
oldincludedir='/usr/include'
pdfdir='${docdir}'
pkgvdatadir='${datadir}/automake-1.14'
prefix='/usr'
program_transform_name='s,x,x,'
psdir='${docdir}'
required_autoconf_version='2.65'
sbindir='${exec_prefix}/sbin'
scriptdir='${pkgvdatadir}'
sharedstatedir='${prefix}/com'
sysconfdir='${prefix}/etc'
system_acdir='${datadir}/aclocal'
target_alias=''

## ----------- ##
## confdefs.h. ##
## ----------- ##

/* confdefs.h */
#define PACKAGE_NAME "GNU Automake"
#define PACKAGE_TARNAME "automake"
#define PACKAGE_VERSION "1.14.1"
#define PACKAGE_STRING "GNU Automake 1.14.1"
#define PACKAGE_BUGREPORT "bug-automake@gnu.org"
#define PACKAGE_URL "http://www.gnu.org/software/automake/"

configure: exit 0

## ---------------------- ##
## Running config.status. ##
## ---------------------- ##

This file was extended by GNU Automake config.status 1.14.1, which was
generated by GNU Autoconf 2.69.  Invocation command line was

  CONFIG_FILES    = 
  CONFIG_HEADERS  = 
  CONFIG_LINKS    = 
  CONFIG_COMMANDS = 
  $ ./config.status --file=-

on ubuntu4


## ---------------------- ##
## Running config.status. ##
## ---------------------- ##

This file was extended by GNU Automake config.status 1.14.1, which was
generated by GNU Autoconf 2.69.  Invocation command line was

  CONFIG_FILES    = 
  CONFIG_HEADERS  = 
  CONFIG_LINKS    = 
  CONFIG_COMMANDS = 
  $ ./config.status --file=-

on ubuntu4


## ---------------------- ##
## Running config.status. ##
## ---------------------- ##

This file was extended by GNU Automake config.status 1.14.1, which was
generated by GNU Autoconf 2.69.  Invocation command line was

  CONFIG_FILES    = 
  CONFIG_HEADERS  = 
  CONFIG_LINKS    = 
  CONFIG_COMMANDS = 
  $ ./config.status --file=-

on ubuntu4


## ---------------------- ##
## Running config.status. ##
## ---------------------- ##

This file was extended by GNU Automake config.status 1.14.1, which was
generated by GNU Autoconf 2.69.  Invocation command line was

  CONFIG_FILES    = 
  CONFIG_HEADERS  = 
  CONFIG_LINKS    = 
  CONFIG_COMMANDS = 
  $ ./config.status --file=-

on ubuntu4


## ---------------------- ##
## Running config.status. ##
## ---------------------- ##

This file was extended by GNU Automake config.status 1.14.1, which was
generated by GNU Autoconf 2.69.  Invocation command line was

  CONFIG_FILES    = 
  CONFIG_HEADERS  = 
  CONFIG_LINKS    = 
  CONFIG_COMMANDS = 
  $ ./config.status --file=-

on ubuntu4


## ---------------------- ##
## Running config.status. ##
## ---------------------- ##

This file was extended by GNU Automake config.status 1.14.1, which was
generated by GNU Autoconf 2.69.  Invocation command line was

  CONFIG_FILES    = 
  CONFIG_HEADERS  = 
  CONFIG_LINKS    = 
  CONFIG_COMMANDS = 
  $ ./config.status --file=-

on ubuntu4


## ---------------------- ##
## Running config.status. ##
## ---------------------- ##

This file was extended by GNU Automake config.status 1.14.1, which was
generated by GNU Autoconf 2.69.  Invocation command line was

  CONFIG_FILES    = 
  CONFIG_HEADERS  = 
  CONFIG_LINKS    = 
  CONFIG_COMMANDS = 
  $ ./config.status --file=-

on ubuntu4

