This file contains any messages produced by compilers while
running configure, to aid debugging if configure makes a mistake.

It was created by xf86-video-nv configure 2.1.20, which was
generated by GNU Autoconf 2.68.  Invocation command line was

  $ ./configure --prefix=/usr/xorg CC=i486-TSOL-linux-gnu-gcc CFLAGS=-Os LDFLAGS=-static-libgcc

## --------- ##
## Platform. ##
## --------- ##

hostname = ubuntu4
uname -m = i686
uname -r = 3.2.16-030216-generic
uname -s = Linux
uname -v = #201204221935 SMP Sun Apr 22 23:42:49 UTC 2012

/usr/bin/uname -p = unknown
/bin/uname -X     = unknown

/bin/arch              = unknown
/usr/bin/arch -k       = unknown
/usr/convex/getsysinfo = unknown
/usr/bin/hostinfo      = unknown
/bin/machine           = unknown
/usr/bin/oslevel       = unknown
/bin/universe          = unknown

PATH: /usr/xorg/bin
PATH: /source/docbook-xsl-1.76.1/tools/bin
PATH: /bin
PATH: /sbin
PATH: /usr/bin
PATH: /usr/sbin
PATH: /usr/bin/X11
PATH: /usr/local/bin
PATH: /toolchain/bin
PATH: /toolchain/i486-TSOL-linux-gnu/bin/
PATH: /root/.local/bin
PATH: /usr/xorg/bin


## ----------- ##
## Core tests. ##
## ----------- ##

configure:2368: checking for a BSD-compatible install
configure:2436: result: /bin/install -c
configure:2495: checking for gcc
configure:2522: result: i486-TSOL-linux-gnu-gcc
configure:2751: checking for C compiler version
configure:2760: i486-TSOL-linux-gnu-gcc --version >&5
i486-TSOL-linux-gnu-gcc (crosstool-NG 1.15.2) 4.6.3
Copyright (C) 2011 Free Software Foundation, Inc.
This is free software; see the source for copying conditions.  There is NO
warranty; not even for MERCHANTABILITY or FITNESS FOR A PARTICULAR PURPOSE.

configure:2771: $? = 0
configure:2760: i486-TSOL-linux-gnu-gcc -v >&5
Using built-in specs.
COLLECT_GCC=i486-TSOL-linux-gnu-gcc
COLLECT_LTO_WRAPPER=/toolchain/libexec/gcc/i486-TSOL-linux-gnu/4.6.3/lto-wrapper
Target: i486-TSOL-linux-gnu
Configured with: /TSOL/crosstool-ng-1.15.2/bin/.build/src/gcc-4.6.3/configure --build=i686-build_pc-linux-gnu --host=i686-build_pc-linux-gnu --target=i486-TSOL-linux-gnu --prefix=/toolchain --with-sysroot=/toolchain/i486-TSOL-linux-gnu/sysroot --enable-languages=c,c++ --with-arch=i486 --with-pkgversion='crosstool-NG 1.15.2' --enable-__cxa_atexit --disable-libmudflap --disable-libgomp --disable-libssp --with-gmp=/TSOL/crosstool-ng-1.15.2/bin/.build/i486-TSOL-linux-gnu/buildtools --with-mpfr=/TSOL/crosstool-ng-1.15.2/bin/.build/i486-TSOL-linux-gnu/buildtools --with-mpc=/TSOL/crosstool-ng-1.15.2/bin/.build/i486-TSOL-linux-gnu/buildtools --with-ppl=/TSOL/crosstool-ng-1.15.2/bin/.build/i486-TSOL-linux-gnu/buildtools --with-cloog=/TSOL/crosstool-ng-1.15.2/bin/.build/i486-TSOL-linux-gnu/buildtools --with-libelf=no --with-host-libstdcxx='-static-libgcc -Wl,-Bstatic,-lstdc++,-Bdynamic -lm -L/TSOL/crosstool-ng-1.15.2/bin/.build/i486-TSOL-linux-gnu/buildtools/lib -lpwl' --enable-threads=posix --enable-target-optspace --disable-multilib --with-local-prefix=/toolchain/i486-TSOL-linux-gnu/sysroot --enable-c99 --enable-long-long
Thread model: posix
gcc version 4.6.3 (crosstool-NG 1.15.2) 
configure:2771: $? = 0
configure:2760: i486-TSOL-linux-gnu-gcc -V >&5
i486-TSOL-linux-gnu-gcc: error: unrecognized option '-V'
i486-TSOL-linux-gnu-gcc: fatal error: no input files
compilation terminated.
configure:2771: $? = 1
configure:2760: i486-TSOL-linux-gnu-gcc -qversion >&5
i486-TSOL-linux-gnu-gcc: error: unrecognized option '-qversion'
i486-TSOL-linux-gnu-gcc: fatal error: no input files
compilation terminated.
configure:2771: $? = 1
configure:2791: checking whether the C compiler works
configure:2813: i486-TSOL-linux-gnu-gcc -Os  -static-libgcc conftest.c  >&5
configure:2817: $? = 0
configure:2865: result: yes
configure:2868: checking for C compiler default output file name
configure:2870: result: a.out
configure:2876: checking for suffix of executables
configure:2883: i486-TSOL-linux-gnu-gcc -o conftest -Os  -static-libgcc conftest.c  >&5
configure:2887: $? = 0
configure:2909: result: 
configure:2931: checking whether we are cross compiling
configure:2939: i486-TSOL-linux-gnu-gcc -o conftest -Os  -static-libgcc conftest.c  >&5
configure:2943: $? = 0
configure:2950: ./conftest
configure:2954: $? = 0
configure:2969: result: no
configure:2974: checking for suffix of object files
configure:2996: i486-TSOL-linux-gnu-gcc -c -Os  conftest.c >&5
configure:3000: $? = 0
configure:3021: result: o
configure:3025: checking whether we are using the GNU C compiler
configure:3044: i486-TSOL-linux-gnu-gcc -c -Os  conftest.c >&5
configure:3044: $? = 0
configure:3053: result: yes
configure:3062: checking whether i486-TSOL-linux-gnu-gcc accepts -g
configure:3082: i486-TSOL-linux-gnu-gcc -c -g  conftest.c >&5
configure:3082: $? = 0
configure:3123: result: yes
configure:3140: checking for i486-TSOL-linux-gnu-gcc option to accept ISO C89
configure:3204: i486-TSOL-linux-gnu-gcc  -c -Os  conftest.c >&5
configure:3204: $? = 0
configure:3217: result: none needed
configure:3237: checking for i486-TSOL-linux-gnu-gcc option to accept ISO C99
configure:3386: i486-TSOL-linux-gnu-gcc  -c -Os  conftest.c >&5
conftest.c:59:29: error: expected ';', ',' or ')' before 'text'
conftest.c: In function 'main':
conftest.c:113:18: error: expected '=', ',', ';', 'asm' or '__attribute__' before 'newvar'
conftest.c:113:18: error: 'newvar' undeclared (first use in this function)
conftest.c:113:18: note: each undeclared identifier is reported only once for each function it appears in
conftest.c:123:3: error: 'for' loop initial declarations are only allowed in C99 mode
conftest.c:123:3: note: use option -std=c99 or -std=gnu99 to compile your code
configure:3386: $? = 1
configure: failed program was:
| /* confdefs.h */
| #define PACKAGE_NAME "xf86-video-nv"
| #define PACKAGE_TARNAME "xf86-video-nv"
| #define PACKAGE_VERSION "2.1.20"
| #define PACKAGE_STRING "xf86-video-nv 2.1.20"
| #define PACKAGE_BUGREPORT "https://bugs.freedesktop.org/enter_bug.cgi?product=xorg"
| #define PACKAGE_URL ""
| /* end confdefs.h.  */
| #include <stdarg.h>
| #include <stdbool.h>
| #include <stdlib.h>
| #include <wchar.h>
| #include <stdio.h>
| 
| // Check varargs macros.  These examples are taken from C99 6.10.3.5.
| #define debug(...) fprintf (stderr, __VA_ARGS__)
| #define showlist(...) puts (#__VA_ARGS__)
| #define report(test,...) ((test) ? puts (#test) : printf (__VA_ARGS__))
| static void
| test_varargs_macros (void)
| {
|   int x = 1234;
|   int y = 5678;
|   debug ("Flag");
|   debug ("X = %d\n", x);
|   showlist (The first, second, and third items.);
|   report (x>y, "x is %d but y is %d", x, y);
| }
| 
| // Check long long types.
| #define BIG64 18446744073709551615ull
| #define BIG32 4294967295ul
| #define BIG_OK (BIG64 / BIG32 == 4294967297ull && BIG64 % BIG32 == 0)
| #if !BIG_OK
|   your preprocessor is broken;
| #endif
| #if BIG_OK
| #else
|   your preprocessor is broken;
| #endif
| static long long int bignum = -9223372036854775807LL;
| static unsigned long long int ubignum = BIG64;
| 
| struct incomplete_array
| {
|   int datasize;
|   double data[];
| };
| 
| struct named_init {
|   int number;
|   const wchar_t *name;
|   double average;
| };
| 
| typedef const char *ccp;
| 
| static inline int
| test_restrict (ccp restrict text)
| {
|   // See if C++-style comments work.
|   // Iterate through items via the restricted pointer.
|   // Also check for declarations in for loops.
|   for (unsigned int i = 0; *(text+i) != '\0'; ++i)
|     continue;
|   return 0;
| }
| 
| // Check varargs and va_copy.
| static void
| test_varargs (const char *format, ...)
| {
|   va_list args;
|   va_start (args, format);
|   va_list args_copy;
|   va_copy (args_copy, args);
| 
|   const char *str;
|   int number;
|   float fnumber;
| 
|   while (*format)
|     {
|       switch (*format++)
| 	{
| 	case 's': // string
| 	  str = va_arg (args_copy, const char *);
| 	  break;
| 	case 'd': // int
| 	  number = va_arg (args_copy, int);
| 	  break;
| 	case 'f': // float
| 	  fnumber = va_arg (args_copy, double);
| 	  break;
| 	default:
| 	  break;
| 	}
|     }
|   va_end (args_copy);
|   va_end (args);
| }
| 
| int
| main ()
| {
| 
|   // Check bool.
|   _Bool success = false;
| 
|   // Check restrict.
|   if (test_restrict ("String literal") == 0)
|     success = true;
|   char *restrict newvar = "Another string";
| 
|   // Check varargs.
|   test_varargs ("s, d' f .", "string", 65, 34.234);
|   test_varargs_macros ();
| 
|   // Check flexible array members.
|   struct incomplete_array *ia =
|     malloc (sizeof (struct incomplete_array) + (sizeof (double) * 10));
|   ia->datasize = 10;
|   for (int i = 0; i < ia->datasize; ++i)
|     ia->data[i] = i * 1.234;
| 
|   // Check named initializers.
|   struct named_init ni = {
|     .number = 34,
|     .name = L"Test wide string",
|     .average = 543.34343,
|   };
| 
|   ni.number = 58;
| 
|   int dynamic_array[ni.number];
|   dynamic_array[ni.number - 1] = 543;
| 
|   // work around unused variable warnings
|   return (!success || bignum == 0LL || ubignum == 0uLL || newvar[0] == 'x'
| 	  || dynamic_array[ni.number - 1] != 543);
| 
|   ;
|   return 0;
| }
configure:3386: i486-TSOL-linux-gnu-gcc -std=gnu99 -c -Os  conftest.c >&5
configure:3386: $? = 0
configure:3406: result: -std=gnu99
configure:3420: checking how to run the C preprocessor
configure:3451: i486-TSOL-linux-gnu-gcc -std=gnu99 -E  conftest.c
configure:3451: $? = 0
configure:3465: i486-TSOL-linux-gnu-gcc -std=gnu99 -E  conftest.c
conftest.c:9:28: fatal error: ac_nonexistent.h: No such file or directory
compilation terminated.
configure:3465: $? = 1
configure: failed program was:
| /* confdefs.h */
| #define PACKAGE_NAME "xf86-video-nv"
| #define PACKAGE_TARNAME "xf86-video-nv"
| #define PACKAGE_VERSION "2.1.20"
| #define PACKAGE_STRING "xf86-video-nv 2.1.20"
| #define PACKAGE_BUGREPORT "https://bugs.freedesktop.org/enter_bug.cgi?product=xorg"
| #define PACKAGE_URL ""
| /* end confdefs.h.  */
| #include <ac_nonexistent.h>
configure:3490: result: i486-TSOL-linux-gnu-gcc -std=gnu99 -E
configure:3510: i486-TSOL-linux-gnu-gcc -std=gnu99 -E  conftest.c
configure:3510: $? = 0
configure:3524: i486-TSOL-linux-gnu-gcc -std=gnu99 -E  conftest.c
conftest.c:9:28: fatal error: ac_nonexistent.h: No such file or directory
compilation terminated.
configure:3524: $? = 1
configure: failed program was:
| /* confdefs.h */
| #define PACKAGE_NAME "xf86-video-nv"
| #define PACKAGE_TARNAME "xf86-video-nv"
| #define PACKAGE_VERSION "2.1.20"
| #define PACKAGE_STRING "xf86-video-nv 2.1.20"
| #define PACKAGE_BUGREPORT "https://bugs.freedesktop.org/enter_bug.cgi?product=xorg"
| #define PACKAGE_URL ""
| /* end confdefs.h.  */
| #include <ac_nonexistent.h>
configure:3553: checking for grep that handles long lines and -e
configure:3611: result: /usr/bin/grep
configure:3616: checking for egrep
configure:3678: result: /usr/bin/grep -E
configure:3683: checking for ANSI C header files
configure:3703: i486-TSOL-linux-gnu-gcc -std=gnu99 -c -Os  conftest.c >&5
configure:3703: $? = 0
configure:3776: i486-TSOL-linux-gnu-gcc -std=gnu99 -o conftest -Os  -static-libgcc conftest.c  >&5
configure:3776: $? = 0
configure:3776: ./conftest
configure:3776: $? = 0
configure:3787: result: yes
configure:3800: checking for sys/types.h
configure:3800: i486-TSOL-linux-gnu-gcc -std=gnu99 -c -Os  conftest.c >&5
configure:3800: $? = 0
configure:3800: result: yes
configure:3800: checking for sys/stat.h
configure:3800: i486-TSOL-linux-gnu-gcc -std=gnu99 -c -Os  conftest.c >&5
configure:3800: $? = 0
configure:3800: result: yes
configure:3800: checking for stdlib.h
configure:3800: i486-TSOL-linux-gnu-gcc -std=gnu99 -c -Os  conftest.c >&5
configure:3800: $? = 0
configure:3800: result: yes
configure:3800: checking for string.h
configure:3800: i486-TSOL-linux-gnu-gcc -std=gnu99 -c -Os  conftest.c >&5
configure:3800: $? = 0
configure:3800: result: yes
configure:3800: checking for memory.h
configure:3800: i486-TSOL-linux-gnu-gcc -std=gnu99 -c -Os  conftest.c >&5
configure:3800: $? = 0
configure:3800: result: yes
configure:3800: checking for strings.h
configure:3800: i486-TSOL-linux-gnu-gcc -std=gnu99 -c -Os  conftest.c >&5
configure:3800: $? = 0
configure:3800: result: yes
configure:3800: checking for inttypes.h
configure:3800: i486-TSOL-linux-gnu-gcc -std=gnu99 -c -Os  conftest.c >&5
configure:3800: $? = 0
configure:3800: result: yes
configure:3800: checking for stdint.h
configure:3800: i486-TSOL-linux-gnu-gcc -std=gnu99 -c -Os  conftest.c >&5
configure:3800: $? = 0
configure:3800: result: yes
configure:3800: checking for unistd.h
configure:3800: i486-TSOL-linux-gnu-gcc -std=gnu99 -c -Os  conftest.c >&5
configure:3800: $? = 0
configure:3800: result: yes
configure:3816: checking whether __clang__ is declared
configure:3816: i486-TSOL-linux-gnu-gcc -std=gnu99 -c -Os  conftest.c >&5
conftest.c: In function 'main':
conftest.c:59:10: error: '__clang__' undeclared (first use in this function)
conftest.c:59:10: note: each undeclared identifier is reported only once for each function it appears in
configure:3816: $? = 1
configure: failed program was:
| /* confdefs.h */
| #define PACKAGE_NAME "xf86-video-nv"
| #define PACKAGE_TARNAME "xf86-video-nv"
| #define PACKAGE_VERSION "2.1.20"
| #define PACKAGE_STRING "xf86-video-nv 2.1.20"
| #define PACKAGE_BUGREPORT "https://bugs.freedesktop.org/enter_bug.cgi?product=xorg"
| #define PACKAGE_URL ""
| #define STDC_HEADERS 1
| #define HAVE_SYS_TYPES_H 1
| #define HAVE_SYS_STAT_H 1
| #define HAVE_STDLIB_H 1
| #define HAVE_STRING_H 1
| #define HAVE_MEMORY_H 1
| #define HAVE_STRINGS_H 1
| #define HAVE_INTTYPES_H 1
| #define HAVE_STDINT_H 1
| #define HAVE_UNISTD_H 1
| /* end confdefs.h.  */
| #include <stdio.h>
| #ifdef HAVE_SYS_TYPES_H
| # include <sys/types.h>
| #endif
| #ifdef HAVE_SYS_STAT_H
| # include <sys/stat.h>
| #endif
| #ifdef STDC_HEADERS
| # include <stdlib.h>
| # include <stddef.h>
| #else
| # ifdef HAVE_STDLIB_H
| #  include <stdlib.h>
| # endif
| #endif
| #ifdef HAVE_STRING_H
| # if !defined STDC_HEADERS && defined HAVE_MEMORY_H
| #  include <memory.h>
| # endif
| # include <string.h>
| #endif
| #ifdef HAVE_STRINGS_H
| # include <strings.h>
| #endif
| #ifdef HAVE_INTTYPES_H
| # include <inttypes.h>
| #endif
| #ifdef HAVE_STDINT_H
| # include <stdint.h>
| #endif
| #ifdef HAVE_UNISTD_H
| # include <unistd.h>
| #endif
| int
| main ()
| {
| #ifndef __clang__
| #ifdef __cplusplus
|   (void) __clang__;
| #else
|   (void) __clang__;
| #endif
| #endif
| 
|   ;
|   return 0;
| }
configure:3816: result: no
configure:3823: checking whether __INTEL_COMPILER is declared
configure:3823: i486-TSOL-linux-gnu-gcc -std=gnu99 -c -Os  conftest.c >&5
conftest.c: In function 'main':
conftest.c:59:10: error: '__INTEL_COMPILER' undeclared (first use in this function)
conftest.c:59:10: note: each undeclared identifier is reported only once for each function it appears in
configure:3823: $? = 1
configure: failed program was:
| /* confdefs.h */
| #define PACKAGE_NAME "xf86-video-nv"
| #define PACKAGE_TARNAME "xf86-video-nv"
| #define PACKAGE_VERSION "2.1.20"
| #define PACKAGE_STRING "xf86-video-nv 2.1.20"
| #define PACKAGE_BUGREPORT "https://bugs.freedesktop.org/enter_bug.cgi?product=xorg"
| #define PACKAGE_URL ""
| #define STDC_HEADERS 1
| #define HAVE_SYS_TYPES_H 1
| #define HAVE_SYS_STAT_H 1
| #define HAVE_STDLIB_H 1
| #define HAVE_STRING_H 1
| #define HAVE_MEMORY_H 1
| #define HAVE_STRINGS_H 1
| #define HAVE_INTTYPES_H 1
| #define HAVE_STDINT_H 1
| #define HAVE_UNISTD_H 1
| /* end confdefs.h.  */
| #include <stdio.h>
| #ifdef HAVE_SYS_TYPES_H
| # include <sys/types.h>
| #endif
| #ifdef HAVE_SYS_STAT_H
| # include <sys/stat.h>
| #endif
| #ifdef STDC_HEADERS
| # include <stdlib.h>
| # include <stddef.h>
| #else
| # ifdef HAVE_STDLIB_H
| #  include <stdlib.h>
| # endif
| #endif
| #ifdef HAVE_STRING_H
| # if !defined STDC_HEADERS && defined HAVE_MEMORY_H
| #  include <memory.h>
| # endif
| # include <string.h>
| #endif
| #ifdef HAVE_STRINGS_H
| # include <strings.h>
| #endif
| #ifdef HAVE_INTTYPES_H
| # include <inttypes.h>
| #endif
| #ifdef HAVE_STDINT_H
| # include <stdint.h>
| #endif
| #ifdef HAVE_UNISTD_H
| # include <unistd.h>
| #endif
| int
| main ()
| {
| #ifndef __INTEL_COMPILER
| #ifdef __cplusplus
|   (void) __INTEL_COMPILER;
| #else
|   (void) __INTEL_COMPILER;
| #endif
| #endif
| 
|   ;
|   return 0;
| }
configure:3823: result: no
configure:3830: checking whether __SUNPRO_C is declared
configure:3830: i486-TSOL-linux-gnu-gcc -std=gnu99 -c -Os  conftest.c >&5
conftest.c: In function 'main':
conftest.c:59:10: error: '__SUNPRO_C' undeclared (first use in this function)
conftest.c:59:10: note: each undeclared identifier is reported only once for each function it appears in
configure:3830: $? = 1
configure: failed program was:
| /* confdefs.h */
| #define PACKAGE_NAME "xf86-video-nv"
| #define PACKAGE_TARNAME "xf86-video-nv"
| #define PACKAGE_VERSION "2.1.20"
| #define PACKAGE_STRING "xf86-video-nv 2.1.20"
| #define PACKAGE_BUGREPORT "https://bugs.freedesktop.org/enter_bug.cgi?product=xorg"
| #define PACKAGE_URL ""
| #define STDC_HEADERS 1
| #define HAVE_SYS_TYPES_H 1
| #define HAVE_SYS_STAT_H 1
| #define HAVE_STDLIB_H 1
| #define HAVE_STRING_H 1
| #define HAVE_MEMORY_H 1
| #define HAVE_STRINGS_H 1
| #define HAVE_INTTYPES_H 1
| #define HAVE_STDINT_H 1
| #define HAVE_UNISTD_H 1
| /* end confdefs.h.  */
| #include <stdio.h>
| #ifdef HAVE_SYS_TYPES_H
| # include <sys/types.h>
| #endif
| #ifdef HAVE_SYS_STAT_H
| # include <sys/stat.h>
| #endif
| #ifdef STDC_HEADERS
| # include <stdlib.h>
| # include <stddef.h>
| #else
| # ifdef HAVE_STDLIB_H
| #  include <stdlib.h>
| # endif
| #endif
| #ifdef HAVE_STRING_H
| # if !defined STDC_HEADERS && defined HAVE_MEMORY_H
| #  include <memory.h>
| # endif
| # include <string.h>
| #endif
| #ifdef HAVE_STRINGS_H
| # include <strings.h>
| #endif
| #ifdef HAVE_INTTYPES_H
| # include <inttypes.h>
| #endif
| #ifdef HAVE_STDINT_H
| # include <stdint.h>
| #endif
| #ifdef HAVE_UNISTD_H
| # include <unistd.h>
| #endif
| int
| main ()
| {
| #ifndef __SUNPRO_C
| #ifdef __cplusplus
|   (void) __SUNPRO_C;
| #else
|   (void) __SUNPRO_C;
| #endif
| #endif
| 
|   ;
|   return 0;
| }
configure:3830: result: no
configure:3891: checking for pkg-config
configure:3909: found /usr/bin/pkg-config
configure:3921: result: /usr/bin/pkg-config
configure:3946: checking pkg-config is at least version 0.9.0
configure:3949: result: yes
configure:3961: checking build system type
configure:3975: result: i686-pc-linux-gnu
configure:3995: checking host system type
configure:4008: result: i686-pc-linux-gnu
configure:4028: checking for a sed that does not truncate output
configure:4092: result: /usr/bin/sed
configure:4138: checking if i486-TSOL-linux-gnu-gcc -std=gnu99 supports -Werror=unknown-warning-option
configure:4147: i486-TSOL-linux-gnu-gcc -std=gnu99 -c -Os -Werror=unknown-warning-option  conftest.c >&5
cc1: error: -Werror=unknown-warning-option: no option -Wunknown-warning-option
configure:4147: $? = 1
configure: failed program was:
| /* confdefs.h */
| #define PACKAGE_NAME "xf86-video-nv"
| #define PACKAGE_TARNAME "xf86-video-nv"
| #define PACKAGE_VERSION "2.1.20"
| #define PACKAGE_STRING "xf86-video-nv 2.1.20"
| #define PACKAGE_BUGREPORT "https://bugs.freedesktop.org/enter_bug.cgi?product=xorg"
| #define PACKAGE_URL ""
| #define STDC_HEADERS 1
| #define HAVE_SYS_TYPES_H 1
| #define HAVE_SYS_STAT_H 1
| #define HAVE_STDLIB_H 1
| #define HAVE_STRING_H 1
| #define HAVE_MEMORY_H 1
| #define HAVE_STRINGS_H 1
| #define HAVE_INTTYPES_H 1
| #define HAVE_STDINT_H 1
| #define HAVE_UNISTD_H 1
| /* end confdefs.h.  */
| int i;
configure:4154: result: no
configure:4165: checking if i486-TSOL-linux-gnu-gcc -std=gnu99 supports -Werror=unused-command-line-argument
configure:4174: i486-TSOL-linux-gnu-gcc -std=gnu99 -c -Os -Werror=unused-command-line-argument  conftest.c >&5
cc1: error: -Werror=unused-command-line-argument: no option -Wunused-command-line-argument
configure:4174: $? = 1
configure: failed program was:
| /* confdefs.h */
| #define PACKAGE_NAME "xf86-video-nv"
| #define PACKAGE_TARNAME "xf86-video-nv"
| #define PACKAGE_VERSION "2.1.20"
| #define PACKAGE_STRING "xf86-video-nv 2.1.20"
| #define PACKAGE_BUGREPORT "https://bugs.freedesktop.org/enter_bug.cgi?product=xorg"
| #define PACKAGE_URL ""
| #define STDC_HEADERS 1
| #define HAVE_SYS_TYPES_H 1
| #define HAVE_SYS_STAT_H 1
| #define HAVE_STDLIB_H 1
| #define HAVE_STRING_H 1
| #define HAVE_MEMORY_H 1
| #define HAVE_STRINGS_H 1
| #define HAVE_INTTYPES_H 1
| #define HAVE_STDINT_H 1
| #define HAVE_UNISTD_H 1
| /* end confdefs.h.  */
| int i;
configure:4181: result: no
configure:4200: checking if i486-TSOL-linux-gnu-gcc -std=gnu99 supports -Wall
configure:4217: i486-TSOL-linux-gnu-gcc -std=gnu99 -o conftest -Os -Wall  -static-libgcc conftest.c  >&5
configure:4217: $? = 0
configure:4230: result: yes
configure:4318: checking if i486-TSOL-linux-gnu-gcc -std=gnu99 supports -Wpointer-arith
configure:4335: i486-TSOL-linux-gnu-gcc -std=gnu99 -o conftest -Os -Wpointer-arith  -static-libgcc conftest.c  >&5
configure:4335: $? = 0
configure:4348: result: yes
configure:4436: checking if i486-TSOL-linux-gnu-gcc -std=gnu99 supports -Wmissing-declarations
configure:4453: i486-TSOL-linux-gnu-gcc -std=gnu99 -o conftest -Os -Wmissing-declarations  -static-libgcc conftest.c  >&5
configure:4453: $? = 0
configure:4466: result: yes
configure:4554: checking if i486-TSOL-linux-gnu-gcc -std=gnu99 supports -Wformat=2
configure:4571: i486-TSOL-linux-gnu-gcc -std=gnu99 -o conftest -Os -Wformat=2  -static-libgcc conftest.c  >&5
configure:4571: $? = 0
configure:4584: result: yes
configure:4723: checking if i486-TSOL-linux-gnu-gcc -std=gnu99 supports -Wstrict-prototypes
configure:4740: i486-TSOL-linux-gnu-gcc -std=gnu99 -o conftest -Os -Wstrict-prototypes  -static-libgcc conftest.c  >&5
conftest.c:21:1: warning: function declaration isn't a prototype [-Wstrict-prototypes]
configure:4740: $? = 0
configure:4753: result: yes
configure:4841: checking if i486-TSOL-linux-gnu-gcc -std=gnu99 supports -Wmissing-prototypes
configure:4858: i486-TSOL-linux-gnu-gcc -std=gnu99 -o conftest -Os -Wmissing-prototypes  -static-libgcc conftest.c  >&5
configure:4858: $? = 0
configure:4871: result: yes
configure:4959: checking if i486-TSOL-linux-gnu-gcc -std=gnu99 supports -Wnested-externs
configure:4976: i486-TSOL-linux-gnu-gcc -std=gnu99 -o conftest -Os -Wnested-externs  -static-libgcc conftest.c  >&5
configure:4976: $? = 0
configure:4989: result: yes
configure:5077: checking if i486-TSOL-linux-gnu-gcc -std=gnu99 supports -Wbad-function-cast
configure:5094: i486-TSOL-linux-gnu-gcc -std=gnu99 -o conftest -Os -Wbad-function-cast  -static-libgcc conftest.c  >&5
configure:5094: $? = 0
configure:5107: result: yes
configure:5195: checking if i486-TSOL-linux-gnu-gcc -std=gnu99 supports -Wold-style-definition
configure:5212: i486-TSOL-linux-gnu-gcc -std=gnu99 -o conftest -Os -Wold-style-definition  -static-libgcc conftest.c  >&5
conftest.c: In function 'main':
conftest.c:21:1: warning: old-style function definition [-Wold-style-definition]
configure:5212: $? = 0
configure:5225: result: yes
configure:5313: checking if i486-TSOL-linux-gnu-gcc -std=gnu99 supports -Wdeclaration-after-statement
configure:5330: i486-TSOL-linux-gnu-gcc -std=gnu99 -o conftest -Os -Wdeclaration-after-statement  -static-libgcc conftest.c  >&5
configure:5330: $? = 0
configure:5343: result: yes
configure:5435: checking if i486-TSOL-linux-gnu-gcc -std=gnu99 supports -Wunused
configure:5452: i486-TSOL-linux-gnu-gcc -std=gnu99 -o conftest -Os -Wunused  -static-libgcc conftest.c  >&5
configure:5452: $? = 0
configure:5465: result: yes
configure:5553: checking if i486-TSOL-linux-gnu-gcc -std=gnu99 supports -Wuninitialized
configure:5570: i486-TSOL-linux-gnu-gcc -std=gnu99 -o conftest -Os -Wuninitialized  -static-libgcc conftest.c  >&5
configure:5570: $? = 0
configure:5583: result: yes
configure:5671: checking if i486-TSOL-linux-gnu-gcc -std=gnu99 supports -Wshadow
configure:5688: i486-TSOL-linux-gnu-gcc -std=gnu99 -o conftest -Os -Wshadow  -static-libgcc conftest.c  >&5
configure:5688: $? = 0
configure:5701: result: yes
configure:5789: checking if i486-TSOL-linux-gnu-gcc -std=gnu99 supports -Wcast-qual
configure:5806: i486-TSOL-linux-gnu-gcc -std=gnu99 -o conftest -Os -Wcast-qual  -static-libgcc conftest.c  >&5
configure:5806: $? = 0
configure:5819: result: yes
configure:5907: checking if i486-TSOL-linux-gnu-gcc -std=gnu99 supports -Wmissing-noreturn
configure:5924: i486-TSOL-linux-gnu-gcc -std=gnu99 -o conftest -Os -Wmissing-noreturn  -static-libgcc conftest.c  >&5
configure:5924: $? = 0
configure:5937: result: yes
configure:6025: checking if i486-TSOL-linux-gnu-gcc -std=gnu99 supports -Wmissing-format-attribute
configure:6042: i486-TSOL-linux-gnu-gcc -std=gnu99 -o conftest -Os -Wmissing-format-attribute  -static-libgcc conftest.c  >&5
configure:6042: $? = 0
configure:6055: result: yes
configure:6143: checking if i486-TSOL-linux-gnu-gcc -std=gnu99 supports -Wredundant-decls
configure:6160: i486-TSOL-linux-gnu-gcc -std=gnu99 -o conftest -Os -Wredundant-decls  -static-libgcc conftest.c  >&5
configure:6160: $? = 0
configure:6173: result: yes
configure:6273: checking if i486-TSOL-linux-gnu-gcc -std=gnu99 supports -Werror=implicit
configure:6290: i486-TSOL-linux-gnu-gcc -std=gnu99 -o conftest -Os -Werror=implicit  -static-libgcc conftest.c  >&5
configure:6290: $? = 0
configure:6303: result: yes
configure:6440: checking if i486-TSOL-linux-gnu-gcc -std=gnu99 supports -Werror=nonnull
configure:6457: i486-TSOL-linux-gnu-gcc -std=gnu99 -o conftest -Os -Werror=nonnull  -static-libgcc conftest.c  >&5
configure:6457: $? = 0
configure:6470: result: yes
configure:6558: checking if i486-TSOL-linux-gnu-gcc -std=gnu99 supports -Werror=init-self
configure:6575: i486-TSOL-linux-gnu-gcc -std=gnu99 -o conftest -Os -Werror=init-self  -static-libgcc conftest.c  >&5
configure:6575: $? = 0
configure:6588: result: yes
configure:6676: checking if i486-TSOL-linux-gnu-gcc -std=gnu99 supports -Werror=main
configure:6693: i486-TSOL-linux-gnu-gcc -std=gnu99 -o conftest -Os -Werror=main  -static-libgcc conftest.c  >&5
configure:6693: $? = 0
configure:6706: result: yes
configure:6794: checking if i486-TSOL-linux-gnu-gcc -std=gnu99 supports -Werror=missing-braces
configure:6811: i486-TSOL-linux-gnu-gcc -std=gnu99 -o conftest -Os -Werror=missing-braces  -static-libgcc conftest.c  >&5
configure:6811: $? = 0
configure:6824: result: yes
configure:6912: checking if i486-TSOL-linux-gnu-gcc -std=gnu99 supports -Werror=sequence-point
configure:6929: i486-TSOL-linux-gnu-gcc -std=gnu99 -o conftest -Os -Werror=sequence-point  -static-libgcc conftest.c  >&5
configure:6929: $? = 0
configure:6942: result: yes
configure:7030: checking if i486-TSOL-linux-gnu-gcc -std=gnu99 supports -Werror=return-type
configure:7047: i486-TSOL-linux-gnu-gcc -std=gnu99 -o conftest -Os -Werror=return-type  -static-libgcc conftest.c  >&5
configure:7047: $? = 0
configure:7060: result: yes
configure:7197: checking if i486-TSOL-linux-gnu-gcc -std=gnu99 supports -Werror=trigraphs
configure:7214: i486-TSOL-linux-gnu-gcc -std=gnu99 -o conftest -Os -Werror=trigraphs  -static-libgcc conftest.c  >&5
configure:7214: $? = 0
configure:7227: result: yes
configure:7315: checking if i486-TSOL-linux-gnu-gcc -std=gnu99 supports -Werror=array-bounds
configure:7332: i486-TSOL-linux-gnu-gcc -std=gnu99 -o conftest -Os -Werror=array-bounds  -static-libgcc conftest.c  >&5
configure:7332: $? = 0
configure:7345: result: yes
configure:7433: checking if i486-TSOL-linux-gnu-gcc -std=gnu99 supports -Werror=write-strings
configure:7450: i486-TSOL-linux-gnu-gcc -std=gnu99 -o conftest -Os -Werror=write-strings  -static-libgcc conftest.c  >&5
configure:7450: $? = 0
configure:7463: result: yes
configure:7551: checking if i486-TSOL-linux-gnu-gcc -std=gnu99 supports -Werror=address
configure:7568: i486-TSOL-linux-gnu-gcc -std=gnu99 -o conftest -Os -Werror=address  -static-libgcc conftest.c  >&5
configure:7568: $? = 0
configure:7581: result: yes
configure:7669: checking if i486-TSOL-linux-gnu-gcc -std=gnu99 supports -Werror=int-to-pointer-cast
configure:7686: i486-TSOL-linux-gnu-gcc -std=gnu99 -o conftest -Os -Werror=int-to-pointer-cast  -static-libgcc conftest.c  >&5
configure:7686: $? = 0
configure:7699: result: yes
configure:7836: checking if i486-TSOL-linux-gnu-gcc -std=gnu99 supports -Werror=pointer-to-int-cast
configure:7853: i486-TSOL-linux-gnu-gcc -std=gnu99 -o conftest -Os -Werror=pointer-to-int-cast  -static-libgcc conftest.c  >&5
configure:7853: $? = 0
configure:7866: result: yes
configure:9524: checking if i486-TSOL-linux-gnu-gcc -std=gnu99 supports -pedantic
configure:9541: i486-TSOL-linux-gnu-gcc -std=gnu99 -o conftest -Os -pedantic  -static-libgcc conftest.c  >&5
configure:9541: $? = 0
configure:9554: result: yes
configure:9642: checking if i486-TSOL-linux-gnu-gcc -std=gnu99 supports -Werror
configure:9659: i486-TSOL-linux-gnu-gcc -std=gnu99 -o conftest -Os -Werror  -static-libgcc conftest.c  >&5
configure:9659: $? = 0
configure:9672: result: yes
configure:9812: checking if i486-TSOL-linux-gnu-gcc -std=gnu99 supports -Werror=attributes
configure:9829: i486-TSOL-linux-gnu-gcc -std=gnu99 -o conftest -Os -Werror=attributes  -static-libgcc conftest.c  >&5
configure:9829: $? = 0
configure:9842: result: yes
configure:10002: checking whether make supports nested variables
configure:10019: result: yes
configure:10065: checking whether build environment is sane
configure:10115: result: yes
configure:10256: checking for a thread-safe mkdir -p
configure:10295: result: /bin/mkdir -p
configure:10308: checking for gawk
configure:10324: found /usr/bin/gawk
configure:10335: result: gawk
configure:10346: checking whether make sets $(MAKE)
configure:10368: result: yes
configure:10398: checking for style of include used by make
configure:10426: result: GNU
configure:10512: checking dependency style of i486-TSOL-linux-gnu-gcc -std=gnu99
configure:10623: result: gcc3
configure:10640: checking whether to enable maintainer-specific portions of Makefiles
configure:10649: result: no
configure:10741: checking how to print strings
configure:10768: result: printf
configure:10789: checking for a sed that does not truncate output
configure:10853: result: /usr/bin/sed
configure:10871: checking for fgrep
configure:10933: result: /usr/bin/grep -F
configure:10968: checking for ld used by i486-TSOL-linux-gnu-gcc -std=gnu99
configure:11035: result: i486-TSOL-linux-gnu-ld
configure:11042: checking if the linker (i486-TSOL-linux-gnu-ld) is GNU ld
configure:11057: result: yes
configure:11069: checking for BSD- or MS-compatible name lister (nm)
configure:11118: result: /toolchain/i486-TSOL-linux-gnu/bin//nm -B
configure:11248: checking the name lister (/toolchain/i486-TSOL-linux-gnu/bin//nm -B) interface
configure:11255: i486-TSOL-linux-gnu-gcc -std=gnu99 -c -Os  conftest.c >&5
configure:11258: /toolchain/i486-TSOL-linux-gnu/bin//nm -B "conftest.o"
configure:11261: output
00000000 B some_variable
configure:11268: result: BSD nm
configure:11271: checking whether ln -s works
configure:11275: result: yes
configure:11283: checking the maximum length of command line arguments
configure:11413: result: 1572864
configure:11430: checking whether the shell understands some XSI constructs
configure:11440: result: yes
configure:11444: checking whether the shell understands "+="
configure:11450: result: yes
configure:11485: checking how to convert i686-pc-linux-gnu file names to i686-pc-linux-gnu format
configure:11525: result: func_convert_file_noop
configure:11532: checking how to convert i686-pc-linux-gnu file names to toolchain format
configure:11552: result: func_convert_file_noop
configure:11559: checking for i486-TSOL-linux-gnu-ld option to reload object files
configure:11566: result: -r
configure:11640: checking for objdump
configure:11656: found /toolchain/i486-TSOL-linux-gnu/bin//objdump
configure:11667: result: objdump
configure:11699: checking how to recognize dependent libraries
configure:11901: result: pass_all
configure:11986: checking for dlltool
configure:12016: result: no
configure:12046: checking how to associate runtime and link libraries
configure:12073: result: printf %s\n
configure:12133: checking for ar
configure:12149: found /toolchain/i486-TSOL-linux-gnu/bin//ar
configure:12160: result: ar
configure:12197: checking for archiver @FILE support
configure:12214: i486-TSOL-linux-gnu-gcc -std=gnu99 -c -Os  conftest.c >&5
configure:12214: $? = 0
configure:12217: ar cru libconftest.a @conftest.lst >&5
configure:12220: $? = 0
configure:12225: ar cru libconftest.a @conftest.lst >&5
ar: conftest.o: No such file or directory
configure:12228: $? = 1
configure:12240: result: @
configure:12298: checking for strip
configure:12314: found /toolchain/i486-TSOL-linux-gnu/bin//strip
configure:12325: result: strip
configure:12397: checking for ranlib
configure:12413: found /toolchain/i486-TSOL-linux-gnu/bin//ranlib
configure:12424: result: ranlib
configure:12526: checking command to parse /toolchain/i486-TSOL-linux-gnu/bin//nm -B output from i486-TSOL-linux-gnu-gcc -std=gnu99 object
configure:12646: i486-TSOL-linux-gnu-gcc -std=gnu99 -c -Os  conftest.c >&5
configure:12649: $? = 0
configure:12653: /toolchain/i486-TSOL-linux-gnu/bin//nm -B conftest.o \| sed -n -e 's/^.*[ ]\([ABCDGIRSTW][ABCDGIRSTW]*\)[ ][ ]*\([_A-Za-z][_A-Za-z0-9]*\)$/\1 \2 \2/p' | sed '/ __gnu_lto/d' \> conftest.nm
configure:12656: $? = 0
configure:12722: i486-TSOL-linux-gnu-gcc -std=gnu99 -o conftest -Os  -static-libgcc conftest.c conftstm.o >&5
configure:12725: $? = 0
configure:12763: result: ok
configure:12800: checking for sysroot
configure:12830: result: no
configure:13086: checking for mt
configure:13116: result: no
configure:13136: checking if : is a manifest tool
configure:13142: : '-?'
configure:13150: result: no
configure:13789: checking for dlfcn.h
configure:13789: i486-TSOL-linux-gnu-gcc -std=gnu99 -c -Os  conftest.c >&5
configure:13789: $? = 0
configure:13789: result: yes
configure:13965: checking for objdir
configure:13980: result: .libs
configure:14247: checking if i486-TSOL-linux-gnu-gcc -std=gnu99 supports -fno-rtti -fno-exceptions
configure:14265: i486-TSOL-linux-gnu-gcc -std=gnu99 -c -Os  -fno-rtti -fno-exceptions conftest.c >&5
cc1: warning: command line option '-fno-rtti' is valid for C++/ObjC++ but not for C [enabled by default]
configure:14269: $? = 0
configure:14282: result: no
configure:14609: checking for i486-TSOL-linux-gnu-gcc -std=gnu99 option to produce PIC
configure:14616: result: -fPIC -DPIC
configure:14624: checking if i486-TSOL-linux-gnu-gcc -std=gnu99 PIC flag -fPIC -DPIC works
configure:14642: i486-TSOL-linux-gnu-gcc -std=gnu99 -c -Os  -fPIC -DPIC -DPIC conftest.c >&5
configure:14646: $? = 0
configure:14659: result: yes
configure:14688: checking if i486-TSOL-linux-gnu-gcc -std=gnu99 static flag -static works
configure:14716: result: yes
configure:14731: checking if i486-TSOL-linux-gnu-gcc -std=gnu99 supports -c -o file.o
configure:14752: i486-TSOL-linux-gnu-gcc -std=gnu99 -c -Os  -o out/conftest2.o conftest.c >&5
configure:14756: $? = 0
configure:14778: result: yes
configure:14786: checking if i486-TSOL-linux-gnu-gcc -std=gnu99 supports -c -o file.o
configure:14833: result: yes
configure:14866: checking whether the i486-TSOL-linux-gnu-gcc -std=gnu99 linker (i486-TSOL-linux-gnu-ld) supports shared libraries
configure:16019: result: yes
configure:16056: checking whether -lc should be explicitly linked in
configure:16064: i486-TSOL-linux-gnu-gcc -std=gnu99 -c -Os  conftest.c >&5
configure:16067: $? = 0
configure:16082: i486-TSOL-linux-gnu-gcc -std=gnu99 -shared  -fPIC -DPIC conftest.o  -v -Wl,-soname -Wl,conftest -o conftest 2\>\&1 \| /usr/bin/grep  -lc  \>/dev/null 2\>\&1
configure:16085: $? = 0
configure:16099: result: no
configure:16259: checking dynamic linker characteristics
configure:16770: i486-TSOL-linux-gnu-gcc -std=gnu99 -o conftest -Os  -static-libgcc -Wl,-rpath -Wl,/foo conftest.c  >&5
configure:16770: $? = 0
configure:16996: result: GNU/Linux ld.so
configure:17103: checking how to hardcode library paths into programs
configure:17128: result: immediate
configure:17668: checking whether stripping libraries is possible
configure:17673: result: yes
configure:17708: checking if libtool supports shared libraries
configure:17710: result: yes
configure:17713: checking whether to build shared libraries
configure:17734: result: yes
configure:17737: checking whether to build static libraries
configure:17741: result: no
configure:17813: i486-TSOL-linux-gnu-gcc -std=gnu99 -c -Os -I/usr/xorg/include/xorg  conftest.c >&5
configure:17813: $? = 0
configure:17820: checking if RANDR is defined
configure:17822: result: yes
configure:17848: i486-TSOL-linux-gnu-gcc -std=gnu99 -c -Os -I/usr/xorg/include/xorg  conftest.c >&5
configure:17848: $? = 0
configure:17855: checking if RENDER is defined
configure:17857: result: yes
configure:17883: i486-TSOL-linux-gnu-gcc -std=gnu99 -c -Os -I/usr/xorg/include/xorg  conftest.c >&5
configure:17883: $? = 0
configure:17890: checking if XV is defined
configure:17892: result: yes
configure:17918: i486-TSOL-linux-gnu-gcc -std=gnu99 -c -Os -I/usr/xorg/include/xorg  conftest.c >&5
configure:17918: $? = 0
configure:17925: checking if DPMSExtension is defined
configure:17927: result: yes
configure:17937: checking for XORG
configure:17944: $PKG_CONFIG --exists --print-errors "xorg-server >= 1.3 xproto fontsproto $REQUIRED_MODULES"
configure:17947: $? = 0
configure:17960: $PKG_CONFIG --exists --print-errors "xorg-server >= 1.3 xproto fontsproto $REQUIRED_MODULES"
configure:17963: $? = 0
configure:18022: result: yes
configure:18028: checking for XEXT
configure:18035: $PKG_CONFIG --exists --print-errors "xextproto >= 7.0.99.1"
configure:18038: $? = 0
configure:18051: $PKG_CONFIG --exists --print-errors "xextproto >= 7.0.99.1"
configure:18054: $? = 0
configure:18091: result: yes
configure:18113: checking whether XSERVER_LIBPCIACCESS is declared
configure:18113: i486-TSOL-linux-gnu-gcc -std=gnu99 -c -I/usr/xorg/include/xorg -I/usr/xorg/include -I/usr/xorg/include/pixman-1    conftest.c >&5
configure:18113: $? = 0
configure:18113: result: yes
configure:18124: checking for PCIACCESS
configure:18131: $PKG_CONFIG --exists --print-errors "pciaccess >= 0.10.7"
configure:18134: $? = 0
configure:18147: $PKG_CONFIG --exists --print-errors "pciaccess >= 0.10.7"
configure:18150: $? = 0
configure:18209: result: yes
configure:18231: checking xaa.h usability
configure:18231: i486-TSOL-linux-gnu-gcc -std=gnu99 -c -I/usr/xorg/include/xorg -I/usr/xorg/include -I/usr/xorg/include/pixman-1   -I/usr/xorg/include/xorg -I/usr/xorg/include -I/usr/xorg/include/pixman-1   conftest.c >&5
conftest.c:60:17: fatal error: xaa.h: No such file or directory
compilation terminated.
configure:18231: $? = 1
configure: failed program was:
| /* confdefs.h */
| #define PACKAGE_NAME "xf86-video-nv"
| #define PACKAGE_TARNAME "xf86-video-nv"
| #define PACKAGE_VERSION "2.1.20"
| #define PACKAGE_STRING "xf86-video-nv 2.1.20"
| #define PACKAGE_BUGREPORT "https://bugs.freedesktop.org/enter_bug.cgi?product=xorg"
| #define PACKAGE_URL ""
| #define STDC_HEADERS 1
| #define HAVE_SYS_TYPES_H 1
| #define HAVE_SYS_STAT_H 1
| #define HAVE_STDLIB_H 1
| #define HAVE_STRING_H 1
| #define HAVE_MEMORY_H 1
| #define HAVE_STRINGS_H 1
| #define HAVE_INTTYPES_H 1
| #define HAVE_STDINT_H 1
| #define HAVE_UNISTD_H 1
| #define PACKAGE_VERSION_MAJOR 2
| #define PACKAGE_VERSION_MINOR 1
| #define PACKAGE_VERSION_PATCHLEVEL 20
| #define PACKAGE "xf86-video-nv"
| #define VERSION "2.1.20"
| #define HAVE_DLFCN_H 1
| #define LT_OBJDIR ".libs/"
| #define HAVE_XEXTPROTO_71 1
| /* end confdefs.h.  */
| #include <stdio.h>
| #ifdef HAVE_SYS_TYPES_H
| # include <sys/types.h>
| #endif
| #ifdef HAVE_SYS_STAT_H
| # include <sys/stat.h>
| #endif
| #ifdef STDC_HEADERS
| # include <stdlib.h>
| # include <stddef.h>
| #else
| # ifdef HAVE_STDLIB_H
| #  include <stdlib.h>
| # endif
| #endif
| #ifdef HAVE_STRING_H
| # if !defined STDC_HEADERS && defined HAVE_MEMORY_H
| #  include <memory.h>
| # endif
| # include <string.h>
| #endif
| #ifdef HAVE_STRINGS_H
| # include <strings.h>
| #endif
| #ifdef HAVE_INTTYPES_H
| # include <inttypes.h>
| #endif
| #ifdef HAVE_STDINT_H
| # include <stdint.h>
| #endif
| #ifdef HAVE_UNISTD_H
| # include <unistd.h>
| #endif
| #include <xaa.h>
configure:18231: result: no
configure:18231: checking xaa.h presence
configure:18231: i486-TSOL-linux-gnu-gcc -std=gnu99 -E -I/usr/xorg/include/xorg -I/usr/xorg/include -I/usr/xorg/include/pixman-1   conftest.c
conftest.c:27:17: fatal error: xaa.h: No such file or directory
compilation terminated.
configure:18231: $? = 1
configure: failed program was:
| /* confdefs.h */
| #define PACKAGE_NAME "xf86-video-nv"
| #define PACKAGE_TARNAME "xf86-video-nv"
| #define PACKAGE_VERSION "2.1.20"
| #define PACKAGE_STRING "xf86-video-nv 2.1.20"
| #define PACKAGE_BUGREPORT "https://bugs.freedesktop.org/enter_bug.cgi?product=xorg"
| #define PACKAGE_URL ""
| #define STDC_HEADERS 1
| #define HAVE_SYS_TYPES_H 1
| #define HAVE_SYS_STAT_H 1
| #define HAVE_STDLIB_H 1
| #define HAVE_STRING_H 1
| #define HAVE_MEMORY_H 1
| #define HAVE_STRINGS_H 1
| #define HAVE_INTTYPES_H 1
| #define HAVE_STDINT_H 1
| #define HAVE_UNISTD_H 1
| #define PACKAGE_VERSION_MAJOR 2
| #define PACKAGE_VERSION_MINOR 1
| #define PACKAGE_VERSION_PATCHLEVEL 20
| #define PACKAGE "xf86-video-nv"
| #define VERSION "2.1.20"
| #define HAVE_DLFCN_H 1
| #define LT_OBJDIR ".libs/"
| #define HAVE_XEXTPROTO_71 1
| /* end confdefs.h.  */
| #include <xaa.h>
configure:18231: result: no
configure:18231: checking for xaa.h
configure:18231: result: no
configure:18246: checking whether to include XAA support
configure:18256: result: no
configure:18409: creating ./config.status

## ---------------------- ##
## Running config.status. ##
## ---------------------- ##

This file was extended by xf86-video-nv config.status 2.1.20, which was
generated by GNU Autoconf 2.68.  Invocation command line was

  CONFIG_FILES    = 
  CONFIG_HEADERS  = 
  CONFIG_LINKS    = 
  CONFIG_COMMANDS = 
  $ ./config.status 

on ubuntu4

config.status:1143: creating Makefile
config.status:1143: creating src/Makefile
config.status:1143: creating man/Makefile
config.status:1143: creating config.h
config.status:1372: executing depfiles commands
config.status:1372: executing libtool commands

## ---------------- ##
## Cache variables. ##
## ---------------- ##

ac_cv_build=i686-pc-linux-gnu
ac_cv_c_compiler_gnu=yes
ac_cv_env_CC_set=set
ac_cv_env_CC_value=i486-TSOL-linux-gnu-gcc
ac_cv_env_CFLAGS_set=set
ac_cv_env_CFLAGS_value=-Os
ac_cv_env_CPPFLAGS_set=
ac_cv_env_CPPFLAGS_value=
ac_cv_env_CPP_set=
ac_cv_env_CPP_value=
ac_cv_env_LDFLAGS_set=set
ac_cv_env_LDFLAGS_value=-static-libgcc
ac_cv_env_LIBS_set=
ac_cv_env_LIBS_value=
ac_cv_env_PCIACCESS_CFLAGS_set=
ac_cv_env_PCIACCESS_CFLAGS_value=
ac_cv_env_PCIACCESS_LIBS_set=
ac_cv_env_PCIACCESS_LIBS_value=
ac_cv_env_PKG_CONFIG_LIBDIR_set=
ac_cv_env_PKG_CONFIG_LIBDIR_value=
ac_cv_env_PKG_CONFIG_PATH_set=set
ac_cv_env_PKG_CONFIG_PATH_value=/usr/xorg/share/pkgconfig:/usr/xorg/lib/pkgconfig:/usr/xorg/lib/pkgconfig:/usr/xorg/share/pkgconfig:
ac_cv_env_PKG_CONFIG_set=
ac_cv_env_PKG_CONFIG_value=
ac_cv_env_XEXT_CFLAGS_set=
ac_cv_env_XEXT_CFLAGS_value=
ac_cv_env_XEXT_LIBS_set=
ac_cv_env_XEXT_LIBS_value=
ac_cv_env_XORG_CFLAGS_set=
ac_cv_env_XORG_CFLAGS_value=
ac_cv_env_XORG_LIBS_set=
ac_cv_env_XORG_LIBS_value=
ac_cv_env_build_alias_set=
ac_cv_env_build_alias_value=
ac_cv_env_host_alias_set=
ac_cv_env_host_alias_value=
ac_cv_env_target_alias_set=
ac_cv_env_target_alias_value=
ac_cv_have_decl_XSERVER_LIBPCIACCESS=yes
ac_cv_have_decl___INTEL_COMPILER=no
ac_cv_have_decl___SUNPRO_C=no
ac_cv_have_decl___clang__=no
ac_cv_header_dlfcn_h=yes
ac_cv_header_inttypes_h=yes
ac_cv_header_memory_h=yes
ac_cv_header_stdc=yes
ac_cv_header_stdint_h=yes
ac_cv_header_stdlib_h=yes
ac_cv_header_string_h=yes
ac_cv_header_strings_h=yes
ac_cv_header_sys_stat_h=yes
ac_cv_header_sys_types_h=yes
ac_cv_header_unistd_h=yes
ac_cv_header_xaa_h=no
ac_cv_host=i686-pc-linux-gnu
ac_cv_objext=o
ac_cv_path_EGREP='/usr/bin/grep -E'
ac_cv_path_FGREP='/usr/bin/grep -F'
ac_cv_path_GREP=/usr/bin/grep
ac_cv_path_SED=/usr/bin/sed
ac_cv_path_ac_pt_PKG_CONFIG=/usr/bin/pkg-config
ac_cv_path_install='/bin/install -c'
ac_cv_path_mkdir=/bin/mkdir
ac_cv_prog_AWK=gawk
ac_cv_prog_CPP='i486-TSOL-linux-gnu-gcc -std=gnu99 -E'
ac_cv_prog_ac_ct_AR=ar
ac_cv_prog_ac_ct_CC=i486-TSOL-linux-gnu-gcc
ac_cv_prog_ac_ct_OBJDUMP=objdump
ac_cv_prog_ac_ct_RANLIB=ranlib
ac_cv_prog_ac_ct_STRIP=strip
ac_cv_prog_cc_c89=
ac_cv_prog_cc_c99=-std=gnu99
ac_cv_prog_cc_g=yes
ac_cv_prog_make_make_set=yes
am_cv_CC_dependencies_compiler_type=gcc3
am_cv_make_support_nested_variables=yes
lt_cv_ar_at_file=@
lt_cv_archive_cmds_need_lc=no
lt_cv_deplibs_check_method=pass_all
lt_cv_file_magic_cmd='$MAGIC_CMD'
lt_cv_file_magic_test_file=
lt_cv_ld_reload_flag=-r
lt_cv_nm_interface='BSD nm'
lt_cv_objdir=.libs
lt_cv_path_LD=i486-TSOL-linux-gnu-ld
lt_cv_path_NM='/toolchain/i486-TSOL-linux-gnu/bin//nm -B'
lt_cv_path_mainfest_tool=no
lt_cv_prog_compiler_c_o=yes
lt_cv_prog_compiler_pic='-fPIC -DPIC'
lt_cv_prog_compiler_pic_works=yes
lt_cv_prog_compiler_rtti_exceptions=no
lt_cv_prog_compiler_static_works=yes
lt_cv_prog_gnu_ld=yes
lt_cv_sharedlib_from_linklib_cmd='printf %s\n'
lt_cv_shlibpath_overrides_runpath=yes
lt_cv_sys_global_symbol_pipe='sed -n -e '\''s/^.*[	 ]\([ABCDGIRSTW][ABCDGIRSTW]*\)[	 ][	 ]*\([_A-Za-z][_A-Za-z0-9]*\)$/\1 \2 \2/p'\'' | sed '\''/ __gnu_lto/d'\'''
lt_cv_sys_global_symbol_to_c_name_address='sed -n -e '\''s/^: \([^ ]*\)[ ]*$/  {\"\1\", (void *) 0},/p'\'' -e '\''s/^[ABCDGIRSTW]* \([^ ]*\) \([^ ]*\)$/  {"\2", (void *) \&\2},/p'\'''
lt_cv_sys_global_symbol_to_c_name_address_lib_prefix='sed -n -e '\''s/^: \([^ ]*\)[ ]*$/  {\"\1\", (void *) 0},/p'\'' -e '\''s/^[ABCDGIRSTW]* \([^ ]*\) \(lib[^ ]*\)$/  {"\2", (void *) \&\2},/p'\'' -e '\''s/^[ABCDGIRSTW]* \([^ ]*\) \([^ ]*\)$/  {"lib\2", (void *) \&\2},/p'\'''
lt_cv_sys_global_symbol_to_cdecl='sed -n -e '\''s/^T .* \(.*\)$/extern int \1();/p'\'' -e '\''s/^[ABCDGIRSTW]* .* \(.*\)$/extern char \1;/p'\'''
lt_cv_sys_max_cmd_len=1572864
lt_cv_to_host_file_cmd=func_convert_file_noop
lt_cv_to_tool_file_cmd=func_convert_file_noop
pkg_cv_PCIACCESS_CFLAGS='-I/usr/xorg/include  '
pkg_cv_PCIACCESS_LIBS='-L/usr/xorg/lib -lpciaccess  '
pkg_cv_XEXT_CFLAGS='-I/usr/xorg/include  '
pkg_cv_XEXT_LIBS=' '
pkg_cv_XORG_CFLAGS='-I/usr/xorg/include/xorg -I/usr/xorg/include -I/usr/xorg/include/pixman-1  '
pkg_cv_XORG_LIBS='-L/usr/xorg/lib -lpixman-1 -lpciaccess  '
xorg_cv_cc_flag__Wall=yes
xorg_cv_cc_flag__Wbad_function_cast=yes
xorg_cv_cc_flag__Wcast_qual=yes
xorg_cv_cc_flag__Wdeclaration_after_statement=yes
xorg_cv_cc_flag__Werror=yes
xorg_cv_cc_flag__Werror_address=yes
xorg_cv_cc_flag__Werror_array_bounds=yes
xorg_cv_cc_flag__Werror_attributes=yes
xorg_cv_cc_flag__Werror_implicit=yes
xorg_cv_cc_flag__Werror_init_self=yes
xorg_cv_cc_flag__Werror_int_to_pointer_cast=yes
xorg_cv_cc_flag__Werror_main=yes
xorg_cv_cc_flag__Werror_missing_braces=yes
xorg_cv_cc_flag__Werror_nonnull=yes
xorg_cv_cc_flag__Werror_pointer_to_int_cast=yes
xorg_cv_cc_flag__Werror_return_type=yes
xorg_cv_cc_flag__Werror_sequence_point=yes
xorg_cv_cc_flag__Werror_trigraphs=yes
xorg_cv_cc_flag__Werror_write_strings=yes
xorg_cv_cc_flag__Wformat_2=yes
xorg_cv_cc_flag__Wmissing_declarations=yes
xorg_cv_cc_flag__Wmissing_format_attribute=yes
xorg_cv_cc_flag__Wmissing_noreturn=yes
xorg_cv_cc_flag__Wmissing_prototypes=yes
xorg_cv_cc_flag__Wnested_externs=yes
xorg_cv_cc_flag__Wold_style_definition=yes
xorg_cv_cc_flag__Wpointer_arith=yes
xorg_cv_cc_flag__Wredundant_decls=yes
xorg_cv_cc_flag__Wshadow=yes
xorg_cv_cc_flag__Wstrict_prototypes=yes
xorg_cv_cc_flag__Wuninitialized=yes
xorg_cv_cc_flag__Wunused=yes
xorg_cv_cc_flag__pedantic=yes
xorg_cv_cc_flag_unknown_warning_option=no
xorg_cv_cc_flag_unused_command_line_argument=no

## ----------------- ##
## Output variables. ##
## ----------------- ##

ACLOCAL='aclocal -I /usr/xorg/share/aclocal'
ADMIN_MAN_DIR='$(mandir)/man$(ADMIN_MAN_SUFFIX)'
ADMIN_MAN_SUFFIX='8'
AMDEPBACKSLASH='\'
AMDEP_FALSE='#'
AMDEP_TRUE=''
AMTAR='$${TAR-tar}'
AM_BACKSLASH='\'
AM_DEFAULT_V='$(AM_DEFAULT_VERBOSITY)'
AM_DEFAULT_VERBOSITY='0'
AM_V='$(V)'
APP_MAN_DIR='$(mandir)/man$(APP_MAN_SUFFIX)'
APP_MAN_SUFFIX='1'
AR='ar'
AUTOCONF='${SHELL} /source/xorg-modular-7.7/driver/xf86-video-nv-2.1.20/missing --run autoconf'
AUTOHEADER='${SHELL} /source/xorg-modular-7.7/driver/xf86-video-nv-2.1.20/missing --run autoheader'
AUTOMAKE='${SHELL} /source/xorg-modular-7.7/driver/xf86-video-nv-2.1.20/missing --run automake-1.11'
AWK='gawk'
BASE_CFLAGS=' -Wall -Wpointer-arith -Wmissing-declarations -Wformat=2 -Wstrict-prototypes -Wmissing-prototypes -Wnested-externs -Wbad-function-cast -Wold-style-definition -Wdeclaration-after-statement -Wunused -Wuninitialized -Wshadow -Wcast-qual -Wmissing-noreturn -Wmissing-format-attribute -Wredundant-decls -Werror=implicit -Werror=nonnull -Werror=init-self -Werror=main -Werror=missing-braces -Werror=sequence-point -Werror=return-type -Werror=trigraphs -Werror=array-bounds -Werror=write-strings -Werror=address -Werror=int-to-pointer-cast -Werror=pointer-to-int-cast'
CC='i486-TSOL-linux-gnu-gcc -std=gnu99'
CCDEPMODE='depmode=gcc3'
CFLAGS='-Os'
CHANGELOG_CMD='(GIT_DIR=$(top_srcdir)/.git git log > $(top_srcdir)/.changelog.tmp && mv $(top_srcdir)/.changelog.tmp $(top_srcdir)/ChangeLog) || (rm -f $(top_srcdir)/.changelog.tmp; touch $(top_srcdir)/ChangeLog; echo '\''git directory not found: installing possibly empty changelog.'\'' >&2)'
CPP='i486-TSOL-linux-gnu-gcc -std=gnu99 -E'
CPPFLAGS=''
CWARNFLAGS=' -Wall -Wpointer-arith -Wmissing-declarations -Wformat=2 -Wstrict-prototypes -Wmissing-prototypes -Wnested-externs -Wbad-function-cast -Wold-style-definition -Wdeclaration-after-statement -Wunused -Wuninitialized -Wshadow -Wcast-qual -Wmissing-noreturn -Wmissing-format-attribute -Wredundant-decls -Werror=implicit -Werror=nonnull -Werror=init-self -Werror=main -Werror=missing-braces -Werror=sequence-point -Werror=return-type -Werror=trigraphs -Werror=array-bounds -Werror=write-strings -Werror=address -Werror=int-to-pointer-cast -Werror=pointer-to-int-cast -fno-strict-aliasing'
CYGPATH_W='echo'
DEFS='-DHAVE_CONFIG_H'
DEPDIR='.deps'
DLLTOOL='false'
DRIVER_MAN_DIR='$(mandir)/man$(DRIVER_MAN_SUFFIX)'
DRIVER_MAN_SUFFIX='4'
DRIVER_NAME='nv'
DSYMUTIL=''
DUMPBIN=''
ECHO_C=''
ECHO_N='-n'
ECHO_T=''
EGREP='/usr/bin/grep -E'
EXEEXT=''
FGREP='/usr/bin/grep -F'
FILE_MAN_DIR='$(mandir)/man$(FILE_MAN_SUFFIX)'
FILE_MAN_SUFFIX='5'
GREP='/usr/bin/grep'
HAVE_XEXTPROTO_71_FALSE='#'
HAVE_XEXTPROTO_71_TRUE=''
INSTALL_CMD='(cp -f /INSTALL $(top_srcdir)/.INSTALL.tmp && mv $(top_srcdir)/.INSTALL.tmp $(top_srcdir)/INSTALL) || (rm -f $(top_srcdir)/.INSTALL.tmp; touch $(top_srcdir)/INSTALL; echo '\''util-macros "pkgdatadir" from xorg-macros.pc not found: installing possibly empty INSTALL.'\'' >&2)'
INSTALL_DATA='${INSTALL} -m 644'
INSTALL_PROGRAM='${INSTALL}'
INSTALL_SCRIPT='${INSTALL}'
INSTALL_STRIP_PROGRAM='$(install_sh) -c -s'
LD='i486-TSOL-linux-gnu-ld'
LDFLAGS='-static-libgcc'
LIBOBJS=''
LIBS=''
LIBTOOL='$(SHELL) $(top_builddir)/libtool'
LIB_MAN_DIR='$(mandir)/man$(LIB_MAN_SUFFIX)'
LIB_MAN_SUFFIX='3'
LIPO=''
LN_S='ln -s'
LTLIBOBJS=''
MAINT='#'
MAINTAINER_MODE_FALSE=''
MAINTAINER_MODE_TRUE='#'
MAKEINFO='${SHELL} /source/xorg-modular-7.7/driver/xf86-video-nv-2.1.20/missing --run makeinfo'
MANIFEST_TOOL=':'
MAN_SUBSTS='	-e '\''s|__vendorversion__|"$(PACKAGE_STRING)" "$(XORG_MAN_PAGE)"|'\'' 	-e '\''s|__xorgversion__|"$(PACKAGE_STRING)" "$(XORG_MAN_PAGE)"|'\'' 	-e '\''s|__xservername__|Xorg|g'\'' 	-e '\''s|__xconfigfile__|xorg.conf|g'\'' 	-e '\''s|__projectroot__|$(prefix)|g'\'' 	-e '\''s|__apploaddir__|$(appdefaultdir)|g'\'' 	-e '\''s|__appmansuffix__|$(APP_MAN_SUFFIX)|g'\'' 	-e '\''s|__drivermansuffix__|$(DRIVER_MAN_SUFFIX)|g'\'' 	-e '\''s|__adminmansuffix__|$(ADMIN_MAN_SUFFIX)|g'\'' 	-e '\''s|__libmansuffix__|$(LIB_MAN_SUFFIX)|g'\'' 	-e '\''s|__miscmansuffix__|$(MISC_MAN_SUFFIX)|g'\'' 	-e '\''s|__filemansuffix__|$(FILE_MAN_SUFFIX)|g'\'''
MISC_MAN_DIR='$(mandir)/man$(MISC_MAN_SUFFIX)'
MISC_MAN_SUFFIX='7'
MKDIR_P='/bin/mkdir -p'
NM='/toolchain/i486-TSOL-linux-gnu/bin//nm -B'
NMEDIT=''
OBJDUMP='objdump'
OBJEXT='o'
OTOOL64=''
OTOOL=''
PACKAGE='xf86-video-nv'
PACKAGE_BUGREPORT='https://bugs.freedesktop.org/enter_bug.cgi?product=xorg'
PACKAGE_NAME='xf86-video-nv'
PACKAGE_STRING='xf86-video-nv 2.1.20'
PACKAGE_TARNAME='xf86-video-nv'
PACKAGE_URL=''
PACKAGE_VERSION='2.1.20'
PATH_SEPARATOR=':'
PCIACCESS_CFLAGS='-I/usr/xorg/include  '
PCIACCESS_LIBS='-L/usr/xorg/lib -lpciaccess  '
PKG_CONFIG='/usr/bin/pkg-config'
PKG_CONFIG_LIBDIR=''
PKG_CONFIG_PATH='/usr/xorg/share/pkgconfig:/usr/xorg/lib/pkgconfig:/usr/xorg/lib/pkgconfig:/usr/xorg/share/pkgconfig:'
RANLIB='ranlib'
SED='/usr/bin/sed'
SET_MAKE=''
SHELL='/bin/sh'
STRICT_CFLAGS=' -pedantic -Werror -Werror=attributes'
STRIP='strip'
VERSION='2.1.20'
XAA_FALSE=''
XAA_TRUE='#'
XEXT_CFLAGS='-I/usr/xorg/include  '
XEXT_LIBS=' '
XORG_CFLAGS='-I/usr/xorg/include/xorg -I/usr/xorg/include -I/usr/xorg/include/pixman-1  '
XORG_LIBS='-L/usr/xorg/lib -lpixman-1 -lpciaccess  '
XORG_MAN_PAGE='X Version 11'
ac_ct_AR='ar'
ac_ct_CC='i486-TSOL-linux-gnu-gcc'
ac_ct_DUMPBIN=''
am__EXEEXT_FALSE=''
am__EXEEXT_TRUE='#'
am__fastdepCC_FALSE='#'
am__fastdepCC_TRUE=''
am__include='include'
am__isrc=''
am__leading_dot='.'
am__nodep='_no'
am__quote=''
am__tar='$${TAR-tar} chof - "$$tardir"'
am__untar='$${TAR-tar} xf -'
bindir='${exec_prefix}/bin'
build='i686-pc-linux-gnu'
build_alias=''
build_cpu='i686'
build_os='linux-gnu'
build_vendor='pc'
datadir='${datarootdir}'
datarootdir='${prefix}/share'
docdir='${datarootdir}/doc/${PACKAGE_TARNAME}'
dvidir='${docdir}'
exec_prefix='${prefix}'
host='i686-pc-linux-gnu'
host_alias=''
host_cpu='i686'
host_os='linux-gnu'
host_vendor='pc'
htmldir='${docdir}'
includedir='${prefix}/include'
infodir='${datarootdir}/info'
install_sh='${SHELL} /source/xorg-modular-7.7/driver/xf86-video-nv-2.1.20/install-sh'
libdir='${exec_prefix}/lib'
libexecdir='${exec_prefix}/libexec'
localedir='${datarootdir}/locale'
localstatedir='${prefix}/var'
mandir='${datarootdir}/man'
mkdir_p='/bin/mkdir -p'
moduledir='${exec_prefix}/lib/xorg/modules'
oldincludedir='/usr/include'
pdfdir='${docdir}'
prefix='/usr/xorg'
program_transform_name='s,x,x,'
psdir='${docdir}'
sbindir='${exec_prefix}/sbin'
sharedstatedir='${prefix}/com'
sysconfdir='${prefix}/etc'
target_alias=''

## ----------- ##
## confdefs.h. ##
## ----------- ##

/* confdefs.h */
#define PACKAGE_NAME "xf86-video-nv"
#define PACKAGE_TARNAME "xf86-video-nv"
#define PACKAGE_VERSION "2.1.20"
#define PACKAGE_STRING "xf86-video-nv 2.1.20"
#define PACKAGE_BUGREPORT "https://bugs.freedesktop.org/enter_bug.cgi?product=xorg"
#define PACKAGE_URL ""
#define STDC_HEADERS 1
#define HAVE_SYS_TYPES_H 1
#define HAVE_SYS_STAT_H 1
#define HAVE_STDLIB_H 1
#define HAVE_STRING_H 1
#define HAVE_MEMORY_H 1
#define HAVE_STRINGS_H 1
#define HAVE_INTTYPES_H 1
#define HAVE_STDINT_H 1
#define HAVE_UNISTD_H 1
#define PACKAGE_VERSION_MAJOR 2
#define PACKAGE_VERSION_MINOR 1
#define PACKAGE_VERSION_PATCHLEVEL 20
#define PACKAGE "xf86-video-nv"
#define VERSION "2.1.20"
#define HAVE_DLFCN_H 1
#define LT_OBJDIR ".libs/"
#define HAVE_XEXTPROTO_71 1

configure: exit 0
