This file contains any messages produced by compilers while
running configure, to aid debugging if configure makes a mistake.

It was created by configure, which was
generated by GNU Autoconf 2.67.  Invocation command line was

  $ ./configure --prefix=/usr

## --------- ##
## Platform. ##
## --------- ##

hostname = ubuntu4
uname -m = i686
uname -r = 3.2.16-030216-generic
uname -s = Linux
uname -v = #201204221935 SMP Sun Apr 22 23:42:49 UTC 2012

/usr/bin/uname -p = unknown
/bin/uname -X     = unknown

/bin/arch              = unknown
/usr/bin/arch -k       = unknown
/usr/convex/getsysinfo = unknown
/usr/bin/hostinfo      = unknown
/bin/machine           = unknown
/usr/bin/oslevel       = unknown
/bin/universe          = unknown

PATH: /source/docbook-xsl-1.76.1/tools/bin
PATH: /bin
PATH: /sbin
PATH: /usr/bin
PATH: /usr/sbin
PATH: /usr/bin/X11
PATH: /usr/local/bin
PATH: /toolchain/bin
PATH: /toolchain/i486-TSOL-linux-gnu/bin/
PATH: /root/.local/bin
PATH: /usr/xorg/bin


## ----------- ##
## Core tests. ##
## ----------- ##

configure:2396: osip2                                       The GNU Open SIP library.
configure:2398: Copyright (C) 2001,2002,2003,2004,2005,2006,2007 Aymeric MOIZARD - <jack@atosc.org>
configure:2427: result: Configuring libosip2 3.5.0
configure:2430: result: Building Package on linux
configure:2482: checking for a BSD-compatible install
configure:2550: result: /bin/install -c
configure:2561: checking whether build environment is sane
configure:2611: result: yes
configure:2752: checking for a thread-safe mkdir -p
configure:2791: result: /bin/mkdir -p
configure:2804: checking for gawk
configure:2820: found /usr/bin/gawk
configure:2831: result: gawk
configure:2842: checking whether make sets $(MAKE)
configure:2864: result: yes
configure:2963: checking build system type
configure:2977: result: i686-pc-linux-gnu
configure:2997: checking host system type
configure:3010: result: i686-pc-linux-gnu
configure:3080: checking for gcc
configure:3107: result: i486-TSOL-linux-gnu-gcc
configure:3336: checking for C compiler version
configure:3345: i486-TSOL-linux-gnu-gcc --version >&5
i486-TSOL-linux-gnu-gcc (crosstool-NG 1.15.2) 4.6.3
Copyright (C) 2011 Free Software Foundation, Inc.
This is free software; see the source for copying conditions.  There is NO
warranty; not even for MERCHANTABILITY or FITNESS FOR A PARTICULAR PURPOSE.

configure:3356: $? = 0
configure:3345: i486-TSOL-linux-gnu-gcc -v >&5
Using built-in specs.
COLLECT_GCC=i486-TSOL-linux-gnu-gcc
COLLECT_LTO_WRAPPER=/toolchain/libexec/gcc/i486-TSOL-linux-gnu/4.6.3/lto-wrapper
Target: i486-TSOL-linux-gnu
Configured with: /TSOL/crosstool-ng-1.15.2/bin/.build/src/gcc-4.6.3/configure --build=i686-build_pc-linux-gnu --host=i686-build_pc-linux-gnu --target=i486-TSOL-linux-gnu --prefix=/toolchain --with-sysroot=/toolchain/i486-TSOL-linux-gnu/sysroot --enable-languages=c,c++ --with-arch=i486 --with-pkgversion='crosstool-NG 1.15.2' --enable-__cxa_atexit --disable-libmudflap --disable-libgomp --disable-libssp --with-gmp=/TSOL/crosstool-ng-1.15.2/bin/.build/i486-TSOL-linux-gnu/buildtools --with-mpfr=/TSOL/crosstool-ng-1.15.2/bin/.build/i486-TSOL-linux-gnu/buildtools --with-mpc=/TSOL/crosstool-ng-1.15.2/bin/.build/i486-TSOL-linux-gnu/buildtools --with-ppl=/TSOL/crosstool-ng-1.15.2/bin/.build/i486-TSOL-linux-gnu/buildtools --with-cloog=/TSOL/crosstool-ng-1.15.2/bin/.build/i486-TSOL-linux-gnu/buildtools --with-libelf=no --with-host-libstdcxx='-static-libgcc -Wl,-Bstatic,-lstdc++,-Bdynamic -lm -L/TSOL/crosstool-ng-1.15.2/bin/.build/i486-TSOL-linux-gnu/buildtools/lib -lpwl' --enable-threads=posix --enable-target-optspace --disable-multilib --with-local-prefix=/toolchain/i486-TSOL-linux-gnu/sysroot --enable-c99 --enable-long-long
Thread model: posix
gcc version 4.6.3 (crosstool-NG 1.15.2) 
configure:3356: $? = 0
configure:3345: i486-TSOL-linux-gnu-gcc -V >&5
i486-TSOL-linux-gnu-gcc: error: unrecognized option '-V'
i486-TSOL-linux-gnu-gcc: fatal error: no input files
compilation terminated.
configure:3356: $? = 1
configure:3345: i486-TSOL-linux-gnu-gcc -qversion >&5
i486-TSOL-linux-gnu-gcc: error: unrecognized option '-qversion'
i486-TSOL-linux-gnu-gcc: fatal error: no input files
compilation terminated.
configure:3356: $? = 1
configure:3376: checking whether the C compiler works
configure:3398: i486-TSOL-linux-gnu-gcc -Os  -static-libgcc conftest.c  >&5
configure:3402: $? = 0
configure:3450: result: yes
configure:3453: checking for C compiler default output file name
configure:3455: result: a.out
configure:3461: checking for suffix of executables
configure:3468: i486-TSOL-linux-gnu-gcc -o conftest -Os  -static-libgcc conftest.c  >&5
configure:3472: $? = 0
configure:3494: result: 
configure:3516: checking whether we are cross compiling
configure:3524: i486-TSOL-linux-gnu-gcc -o conftest -Os  -static-libgcc conftest.c  >&5
configure:3528: $? = 0
configure:3535: ./conftest
configure:3539: $? = 0
configure:3554: result: no
configure:3559: checking for suffix of object files
configure:3581: i486-TSOL-linux-gnu-gcc -c -Os  conftest.c >&5
configure:3585: $? = 0
configure:3606: result: o
configure:3610: checking whether we are using the GNU C compiler
configure:3629: i486-TSOL-linux-gnu-gcc -c -Os  conftest.c >&5
configure:3629: $? = 0
configure:3638: result: yes
configure:3647: checking whether i486-TSOL-linux-gnu-gcc accepts -g
configure:3667: i486-TSOL-linux-gnu-gcc -c -g  conftest.c >&5
configure:3667: $? = 0
configure:3708: result: yes
configure:3725: checking for i486-TSOL-linux-gnu-gcc option to accept ISO C89
configure:3789: i486-TSOL-linux-gnu-gcc  -c -Os  conftest.c >&5
configure:3789: $? = 0
configure:3802: result: none needed
configure:3833: checking for style of include used by make
configure:3861: result: GNU
configure:3886: checking dependency style of i486-TSOL-linux-gnu-gcc
configure:3996: result: gcc3
configure:4016: checking how to run the C preprocessor
configure:4047: i486-TSOL-linux-gnu-gcc -E  conftest.c
configure:4047: $? = 0
configure:4061: i486-TSOL-linux-gnu-gcc -E  conftest.c
conftest.c:11:28: fatal error: ac_nonexistent.h: No such file or directory
compilation terminated.
configure:4061: $? = 1
configure: failed program was:
| /* confdefs.h */
| #define PACKAGE_NAME ""
| #define PACKAGE_TARNAME ""
| #define PACKAGE_VERSION ""
| #define PACKAGE_STRING ""
| #define PACKAGE_BUGREPORT ""
| #define PACKAGE_URL ""
| #define PACKAGE "libosip2"
| #define VERSION "3.5.0"
| /* end confdefs.h.  */
| #include <ac_nonexistent.h>
configure:4086: result: i486-TSOL-linux-gnu-gcc -E
configure:4106: i486-TSOL-linux-gnu-gcc -E  conftest.c
configure:4106: $? = 0
configure:4120: i486-TSOL-linux-gnu-gcc -E  conftest.c
conftest.c:11:28: fatal error: ac_nonexistent.h: No such file or directory
compilation terminated.
configure:4120: $? = 1
configure: failed program was:
| /* confdefs.h */
| #define PACKAGE_NAME ""
| #define PACKAGE_TARNAME ""
| #define PACKAGE_VERSION ""
| #define PACKAGE_STRING ""
| #define PACKAGE_BUGREPORT ""
| #define PACKAGE_URL ""
| #define PACKAGE "libosip2"
| #define VERSION "3.5.0"
| /* end confdefs.h.  */
| #include <ac_nonexistent.h>
configure:4454: checking for a sed that does not truncate output
configure:4518: result: /usr/bin/sed
configure:4548: checking for a sed that does not truncate output
configure:4612: result: /usr/bin/sed
configure:4630: checking for grep that handles long lines and -e
configure:4688: result: /usr/bin/grep
configure:4693: checking for egrep
configure:4755: result: /usr/bin/grep -E
configure:4760: checking for fgrep
configure:4822: result: /usr/bin/grep -F
configure:4857: checking for ld used by i486-TSOL-linux-gnu-gcc
configure:4924: result: i486-TSOL-linux-gnu-ld
configure:4931: checking if the linker (i486-TSOL-linux-gnu-ld) is GNU ld
configure:4946: result: yes
configure:4958: checking for BSD- or MS-compatible name lister (nm)
configure:5007: result: /toolchain/i486-TSOL-linux-gnu/bin//nm -B
configure:5125: checking the name lister (/toolchain/i486-TSOL-linux-gnu/bin//nm -B) interface
configure:5132: i486-TSOL-linux-gnu-gcc -c -Os  conftest.c >&5
configure:5135: /toolchain/i486-TSOL-linux-gnu/bin//nm -B "conftest.o"
configure:5138: output
00000000 B some_variable
configure:5145: result: BSD nm
configure:5148: checking whether ln -s works
configure:5152: result: yes
configure:5160: checking the maximum length of command line arguments
configure:5280: result: 1572864
configure:5297: checking whether the shell understands some XSI constructs
configure:5307: result: yes
configure:5311: checking whether the shell understands "+="
configure:5317: result: yes
configure:5352: checking for i486-TSOL-linux-gnu-ld option to reload object files
configure:5359: result: -r
configure:5428: checking for objdump
configure:5455: result: objdump
configure:5484: checking how to recognize dependent libraries
configure:5680: result: pass_all
configure:5740: checking for ar
configure:5756: found /toolchain/i486-TSOL-linux-gnu/bin//ar
configure:5767: result: ar
configure:5845: checking for strip
configure:5861: found /toolchain/i486-TSOL-linux-gnu/bin//strip
configure:5872: result: strip
configure:5944: checking for ranlib
configure:5960: found /toolchain/i486-TSOL-linux-gnu/bin//ranlib
configure:5971: result: ranlib
configure:6061: checking command to parse /toolchain/i486-TSOL-linux-gnu/bin//nm -B output from i486-TSOL-linux-gnu-gcc object
configure:6179: i486-TSOL-linux-gnu-gcc -c -Os  conftest.c >&5
configure:6182: $? = 0
configure:6186: /toolchain/i486-TSOL-linux-gnu/bin//nm -B conftest.o \| sed -n -e 's/^.*[	 ]\([ABCDGIRSTW][ABCDGIRSTW]*\)[	 ][	 ]*\([_A-Za-z][_A-Za-z0-9]*\)$/\1 \2 \2/p' \> conftest.nm
configure:6189: $? = 0
configure:6243: i486-TSOL-linux-gnu-gcc -o conftest -Os  -static-libgcc conftest.c conftstm.o >&5
configure:6246: $? = 0
configure:6284: result: ok
configure:7089: checking for ANSI C header files
configure:7109: i486-TSOL-linux-gnu-gcc -c -Os  conftest.c >&5
configure:7109: $? = 0
configure:7182: i486-TSOL-linux-gnu-gcc -o conftest -Os  -static-libgcc conftest.c  >&5
configure:7182: $? = 0
configure:7182: ./conftest
configure:7182: $? = 0
configure:7193: result: yes
configure:7206: checking for sys/types.h
configure:7206: i486-TSOL-linux-gnu-gcc -c -Os  conftest.c >&5
configure:7206: $? = 0
configure:7206: result: yes
configure:7206: checking for sys/stat.h
configure:7206: i486-TSOL-linux-gnu-gcc -c -Os  conftest.c >&5
configure:7206: $? = 0
configure:7206: result: yes
configure:7206: checking for stdlib.h
configure:7206: i486-TSOL-linux-gnu-gcc -c -Os  conftest.c >&5
configure:7206: $? = 0
configure:7206: result: yes
configure:7206: checking for string.h
configure:7206: i486-TSOL-linux-gnu-gcc -c -Os  conftest.c >&5
configure:7206: $? = 0
configure:7206: result: yes
configure:7206: checking for memory.h
configure:7206: i486-TSOL-linux-gnu-gcc -c -Os  conftest.c >&5
configure:7206: $? = 0
configure:7206: result: yes
configure:7206: checking for strings.h
configure:7206: i486-TSOL-linux-gnu-gcc -c -Os  conftest.c >&5
configure:7206: $? = 0
configure:7206: result: yes
configure:7206: checking for inttypes.h
configure:7206: i486-TSOL-linux-gnu-gcc -c -Os  conftest.c >&5
configure:7206: $? = 0
configure:7206: result: yes
configure:7206: checking for stdint.h
configure:7206: i486-TSOL-linux-gnu-gcc -c -Os  conftest.c >&5
configure:7206: $? = 0
configure:7206: result: yes
configure:7206: checking for unistd.h
configure:7206: i486-TSOL-linux-gnu-gcc -c -Os  conftest.c >&5
configure:7206: $? = 0
configure:7206: result: yes
configure:7220: checking for dlfcn.h
configure:7220: i486-TSOL-linux-gnu-gcc -c -Os  conftest.c >&5
configure:7220: $? = 0
configure:7220: result: yes
configure:7402: checking for objdir
configure:7417: result: .libs
configure:7709: checking if i486-TSOL-linux-gnu-gcc supports -fno-rtti -fno-exceptions
configure:7727: i486-TSOL-linux-gnu-gcc -c -Os  -fno-rtti -fno-exceptions conftest.c >&5
cc1: warning: command line option '-fno-rtti' is valid for C++/ObjC++ but not for C [enabled by default]
configure:7731: $? = 0
configure:7744: result: no
configure:7764: checking for i486-TSOL-linux-gnu-gcc option to produce PIC
configure:8036: result: -fPIC -DPIC
configure:8048: checking if i486-TSOL-linux-gnu-gcc PIC flag -fPIC -DPIC works
configure:8066: i486-TSOL-linux-gnu-gcc -c -Os  -fPIC -DPIC -DPIC conftest.c >&5
configure:8070: $? = 0
configure:8083: result: yes
configure:8107: checking if i486-TSOL-linux-gnu-gcc static flag -static works
configure:8135: result: yes
configure:8150: checking if i486-TSOL-linux-gnu-gcc supports -c -o file.o
configure:8171: i486-TSOL-linux-gnu-gcc -c -Os  -o out/conftest2.o conftest.c >&5
configure:8175: $? = 0
configure:8197: result: yes
configure:8205: checking if i486-TSOL-linux-gnu-gcc supports -c -o file.o
configure:8252: result: yes
configure:8285: checking whether the i486-TSOL-linux-gnu-gcc linker (i486-TSOL-linux-gnu-ld) supports shared libraries
configure:9276: result: yes
configure:9313: checking whether -lc should be explicitly linked in
configure:9318: i486-TSOL-linux-gnu-gcc -c -Os  conftest.c >&5
configure:9321: $? = 0
configure:9336: i486-TSOL-linux-gnu-gcc -shared conftest.o  -v -Wl,-soname -Wl,conftest -o conftest 2\>\&1 \| /usr/bin/grep  -lc  \>/dev/null 2\>\&1
configure:9339: $? = 0
configure:9351: result: no
configure:9515: checking dynamic linker characteristics
configure:9948: i486-TSOL-linux-gnu-gcc -o conftest -Os  -static-libgcc -Wl,-rpath -Wl,/foo conftest.c  >&5
configure:9948: $? = 0
configure:10178: result: GNU/Linux ld.so
configure:10280: checking how to hardcode library paths into programs
configure:10305: result: immediate
configure:10825: checking whether stripping libraries is possible
configure:10830: result: yes
configure:10865: checking if libtool supports shared libraries
configure:10867: result: yes
configure:10870: checking whether to build shared libraries
configure:10891: result: yes
configure:10894: checking whether to build static libraries
configure:10898: result: yes
configure:11147: checking for the pthreads library -lpthreads
configure:11180: i486-TSOL-linux-gnu-gcc -o conftest -Os   -static-libgcc conftest.c -lpthreads  >&5
/toolchain/lib/gcc/i486-TSOL-linux-gnu/4.6.3/../../../../i486-TSOL-linux-gnu/bin/ld: cannot find -lpthreads
collect2: ld returned 1 exit status
configure:11180: $? = 1
configure: failed program was:
| /* confdefs.h */
| #define PACKAGE_NAME ""
| #define PACKAGE_TARNAME ""
| #define PACKAGE_VERSION ""
| #define PACKAGE_STRING ""
| #define PACKAGE_BUGREPORT ""
| #define PACKAGE_URL ""
| #define PACKAGE "libosip2"
| #define VERSION "3.5.0"
| #define STDC_HEADERS 1
| #define HAVE_SYS_TYPES_H 1
| #define HAVE_SYS_STAT_H 1
| #define HAVE_STDLIB_H 1
| #define HAVE_STRING_H 1
| #define HAVE_MEMORY_H 1
| #define HAVE_STRINGS_H 1
| #define HAVE_INTTYPES_H 1
| #define HAVE_STDINT_H 1
| #define HAVE_UNISTD_H 1
| #define HAVE_DLFCN_H 1
| #define LT_OBJDIR ".libs/"
| /* end confdefs.h.  */
| #include <pthread.h>
| int
| main ()
| {
| pthread_t th; pthread_join(th, 0);
|                      pthread_attr_init(0); pthread_cleanup_push(0, 0);
|                      pthread_create(0,0,0,0); pthread_cleanup_pop(0);
|   ;
|   return 0;
| }
configure:11189: result: no
configure:11136: checking whether pthreads work without any flags
configure:11180: i486-TSOL-linux-gnu-gcc -o conftest -Os   -static-libgcc conftest.c   >&5
/tmp/ccY3Jnl8.o: In function `main':
conftest.c:(.text.startup+0x16): undefined reference to `pthread_join'
conftest.c:(.text.startup+0x4f): undefined reference to `__pthread_register_cancel'
conftest.c:(.text.startup+0x5c): undefined reference to `pthread_create'
conftest.c:(.text.startup+0x64): undefined reference to `__pthread_unregister_cancel'
collect2: ld returned 1 exit status
configure:11180: $? = 1
configure: failed program was:
| /* confdefs.h */
| #define PACKAGE_NAME ""
| #define PACKAGE_TARNAME ""
| #define PACKAGE_VERSION ""
| #define PACKAGE_STRING ""
| #define PACKAGE_BUGREPORT ""
| #define PACKAGE_URL ""
| #define PACKAGE "libosip2"
| #define VERSION "3.5.0"
| #define STDC_HEADERS 1
| #define HAVE_SYS_TYPES_H 1
| #define HAVE_SYS_STAT_H 1
| #define HAVE_STDLIB_H 1
| #define HAVE_STRING_H 1
| #define HAVE_MEMORY_H 1
| #define HAVE_STRINGS_H 1
| #define HAVE_INTTYPES_H 1
| #define HAVE_STDINT_H 1
| #define HAVE_UNISTD_H 1
| #define HAVE_DLFCN_H 1
| #define LT_OBJDIR ".libs/"
| /* end confdefs.h.  */
| #include <pthread.h>
| int
| main ()
| {
| pthread_t th; pthread_join(th, 0);
|                      pthread_attr_init(0); pthread_cleanup_push(0, 0);
|                      pthread_create(0,0,0,0); pthread_cleanup_pop(0);
|   ;
|   return 0;
| }
configure:11189: result: no
configure:11141: checking whether pthreads work with -Kthread
configure:11180: i486-TSOL-linux-gnu-gcc -o conftest -Os -Kthread  -static-libgcc conftest.c   >&5
i486-TSOL-linux-gnu-gcc: error: unrecognized option '-Kthread'
configure:11180: $? = 1
configure: failed program was:
| /* confdefs.h */
| #define PACKAGE_NAME ""
| #define PACKAGE_TARNAME ""
| #define PACKAGE_VERSION ""
| #define PACKAGE_STRING ""
| #define PACKAGE_BUGREPORT ""
| #define PACKAGE_URL ""
| #define PACKAGE "libosip2"
| #define VERSION "3.5.0"
| #define STDC_HEADERS 1
| #define HAVE_SYS_TYPES_H 1
| #define HAVE_SYS_STAT_H 1
| #define HAVE_STDLIB_H 1
| #define HAVE_STRING_H 1
| #define HAVE_MEMORY_H 1
| #define HAVE_STRINGS_H 1
| #define HAVE_INTTYPES_H 1
| #define HAVE_STDINT_H 1
| #define HAVE_UNISTD_H 1
| #define HAVE_DLFCN_H 1
| #define LT_OBJDIR ".libs/"
| /* end confdefs.h.  */
| #include <pthread.h>
| int
| main ()
| {
| pthread_t th; pthread_join(th, 0);
|                      pthread_attr_init(0); pthread_cleanup_push(0, 0);
|                      pthread_create(0,0,0,0); pthread_cleanup_pop(0);
|   ;
|   return 0;
| }
configure:11189: result: no
configure:11141: checking whether pthreads work with -kthread
configure:11180: i486-TSOL-linux-gnu-gcc -o conftest -Os -kthread  -static-libgcc conftest.c   >&5
i486-TSOL-linux-gnu-gcc: error: unrecognized option '-kthread'
configure:11180: $? = 1
configure: failed program was:
| /* confdefs.h */
| #define PACKAGE_NAME ""
| #define PACKAGE_TARNAME ""
| #define PACKAGE_VERSION ""
| #define PACKAGE_STRING ""
| #define PACKAGE_BUGREPORT ""
| #define PACKAGE_URL ""
| #define PACKAGE "libosip2"
| #define VERSION "3.5.0"
| #define STDC_HEADERS 1
| #define HAVE_SYS_TYPES_H 1
| #define HAVE_SYS_STAT_H 1
| #define HAVE_STDLIB_H 1
| #define HAVE_STRING_H 1
| #define HAVE_MEMORY_H 1
| #define HAVE_STRINGS_H 1
| #define HAVE_INTTYPES_H 1
| #define HAVE_STDINT_H 1
| #define HAVE_UNISTD_H 1
| #define HAVE_DLFCN_H 1
| #define LT_OBJDIR ".libs/"
| /* end confdefs.h.  */
| #include <pthread.h>
| int
| main ()
| {
| pthread_t th; pthread_join(th, 0);
|                      pthread_attr_init(0); pthread_cleanup_push(0, 0);
|                      pthread_create(0,0,0,0); pthread_cleanup_pop(0);
|   ;
|   return 0;
| }
configure:11189: result: no
configure:11147: checking for the pthreads library -llthread
configure:11180: i486-TSOL-linux-gnu-gcc -o conftest -Os   -static-libgcc conftest.c -llthread  >&5
/toolchain/lib/gcc/i486-TSOL-linux-gnu/4.6.3/../../../../i486-TSOL-linux-gnu/bin/ld: cannot find -llthread
collect2: ld returned 1 exit status
configure:11180: $? = 1
configure: failed program was:
| /* confdefs.h */
| #define PACKAGE_NAME ""
| #define PACKAGE_TARNAME ""
| #define PACKAGE_VERSION ""
| #define PACKAGE_STRING ""
| #define PACKAGE_BUGREPORT ""
| #define PACKAGE_URL ""
| #define PACKAGE "libosip2"
| #define VERSION "3.5.0"
| #define STDC_HEADERS 1
| #define HAVE_SYS_TYPES_H 1
| #define HAVE_SYS_STAT_H 1
| #define HAVE_STDLIB_H 1
| #define HAVE_STRING_H 1
| #define HAVE_MEMORY_H 1
| #define HAVE_STRINGS_H 1
| #define HAVE_INTTYPES_H 1
| #define HAVE_STDINT_H 1
| #define HAVE_UNISTD_H 1
| #define HAVE_DLFCN_H 1
| #define LT_OBJDIR ".libs/"
| /* end confdefs.h.  */
| #include <pthread.h>
| int
| main ()
| {
| pthread_t th; pthread_join(th, 0);
|                      pthread_attr_init(0); pthread_cleanup_push(0, 0);
|                      pthread_create(0,0,0,0); pthread_cleanup_pop(0);
|   ;
|   return 0;
| }
configure:11189: result: no
configure:11141: checking whether pthreads work with -pthread
configure:11180: i486-TSOL-linux-gnu-gcc -o conftest -Os -pthread  -static-libgcc conftest.c   >&5
configure:11180: $? = 0
configure:11189: result: yes
configure:11209: checking for joinable pthread attribute
configure:11222: i486-TSOL-linux-gnu-gcc -o conftest -Os -pthread  -static-libgcc conftest.c   >&5
configure:11222: $? = 0
configure:11254: result: PTHREAD_CREATE_JOINABLE
configure:11261: checking if more special flags are required for pthreads
configure:11268: result: no
configure:11280: checking for cc_r
configure:11308: result: i486-TSOL-linux-gnu-gcc
configure:11392: checking semaphore.h usability
configure:11392: i486-TSOL-linux-gnu-gcc -c -Os  conftest.c >&5
configure:11392: $? = 0
configure:11392: result: yes
configure:11392: checking semaphore.h presence
configure:11392: i486-TSOL-linux-gnu-gcc -E  conftest.c
configure:11392: $? = 0
configure:11392: result: yes
configure:11392: checking for semaphore.h
configure:11392: result: yes
configure:11404: checking sys/sem.h usability
configure:11404: i486-TSOL-linux-gnu-gcc -c -Os  conftest.c >&5
configure:11404: $? = 0
configure:11404: result: yes
configure:11404: checking sys/sem.h presence
configure:11404: i486-TSOL-linux-gnu-gcc -E  conftest.c
configure:11404: $? = 0
configure:11404: result: yes
configure:11404: checking for sys/sem.h
configure:11404: result: yes
configure:11499: checking for sem_open in -lposix4
configure:11524: i486-TSOL-linux-gnu-gcc -o conftest   -static-libgcc conftest.c -lposix4   >&5
/toolchain/lib/gcc/i486-TSOL-linux-gnu/4.6.3/../../../../i486-TSOL-linux-gnu/bin/ld: cannot find -lposix4
collect2: ld returned 1 exit status
configure:11524: $? = 1
configure: failed program was:
| /* confdefs.h */
| #define PACKAGE_NAME ""
| #define PACKAGE_TARNAME ""
| #define PACKAGE_VERSION ""
| #define PACKAGE_STRING ""
| #define PACKAGE_BUGREPORT ""
| #define PACKAGE_URL ""
| #define PACKAGE "libosip2"
| #define VERSION "3.5.0"
| #define STDC_HEADERS 1
| #define HAVE_SYS_TYPES_H 1
| #define HAVE_SYS_STAT_H 1
| #define HAVE_STDLIB_H 1
| #define HAVE_STRING_H 1
| #define HAVE_MEMORY_H 1
| #define HAVE_STRINGS_H 1
| #define HAVE_INTTYPES_H 1
| #define HAVE_STDINT_H 1
| #define HAVE_UNISTD_H 1
| #define HAVE_DLFCN_H 1
| #define LT_OBJDIR ".libs/"
| #define HAVE_PTHREAD 1
| #define HAVE_SEMAPHORE_H 1
| #define HAVE_SYS_SEM_H 1
| /* end confdefs.h.  */
| 
| /* Override any GCC internal prototype to avoid an error.
|    Use char because int might match the return type of a GCC
|    builtin and then its argument prototype would still apply.  */
| #ifdef __cplusplus
| extern "C"
| #endif
| char sem_open ();
| int
| main ()
| {
| return sem_open ();
|   ;
|   return 0;
| }
configure:11533: result: no
configure:11539: checking for nis_add in -lnsl
configure:11564: i486-TSOL-linux-gnu-gcc -o conftest   -static-libgcc conftest.c -lnsl   >&5
configure:11564: $? = 0
configure:11573: result: yes
configure:11579: checking for sendto in -lsocket
configure:11604: i486-TSOL-linux-gnu-gcc -o conftest   -static-libgcc conftest.c -lsocket   >&5
/toolchain/lib/gcc/i486-TSOL-linux-gnu/4.6.3/../../../../i486-TSOL-linux-gnu/bin/ld: cannot find -lsocket
collect2: ld returned 1 exit status
configure:11604: $? = 1
configure: failed program was:
| /* confdefs.h */
| #define PACKAGE_NAME ""
| #define PACKAGE_TARNAME ""
| #define PACKAGE_VERSION ""
| #define PACKAGE_STRING ""
| #define PACKAGE_BUGREPORT ""
| #define PACKAGE_URL ""
| #define PACKAGE "libosip2"
| #define VERSION "3.5.0"
| #define STDC_HEADERS 1
| #define HAVE_SYS_TYPES_H 1
| #define HAVE_SYS_STAT_H 1
| #define HAVE_STDLIB_H 1
| #define HAVE_STRING_H 1
| #define HAVE_MEMORY_H 1
| #define HAVE_STRINGS_H 1
| #define HAVE_INTTYPES_H 1
| #define HAVE_STDINT_H 1
| #define HAVE_UNISTD_H 1
| #define HAVE_DLFCN_H 1
| #define LT_OBJDIR ".libs/"
| #define HAVE_PTHREAD 1
| #define HAVE_SEMAPHORE_H 1
| #define HAVE_SYS_SEM_H 1
| /* end confdefs.h.  */
| 
| /* Override any GCC internal prototype to avoid an error.
|    Use char because int might match the return type of a GCC
|    builtin and then its argument prototype would still apply.  */
| #ifdef __cplusplus
| extern "C"
| #endif
| char sendto ();
| int
| main ()
| {
| return sendto ();
|   ;
|   return 0;
| }
configure:11613: result: no
configure:11619: checking for lrand48 in -lc
configure:11644: i486-TSOL-linux-gnu-gcc -o conftest   -static-libgcc conftest.c -lc   >&5
configure:11644: $? = 0
configure:11653: result: yes
configure:11662: checking whether -Wall works
configure:11681: i486-TSOL-linux-gnu-gcc -c  -Wall conftest.c >&5
configure:11681: $? = 0
configure:11690: result: yes
configure:11697: checking whether -Wcast-align works
configure:11716: i486-TSOL-linux-gnu-gcc -c  -Wcast-align conftest.c >&5
configure:11716: $? = 0
configure:11725: result: yes
configure:11732: checking whether -Wchar-subscripts works
configure:11751: i486-TSOL-linux-gnu-gcc -c  -Wchar-subscripts conftest.c >&5
configure:11751: $? = 0
configure:11760: result: yes
configure:11767: checking whether -Wformat works
configure:11786: i486-TSOL-linux-gnu-gcc -c  -Wformat conftest.c >&5
configure:11786: $? = 0
configure:11795: result: yes
configure:11802: checking whether -Winline works
configure:11821: i486-TSOL-linux-gnu-gcc -c  -Winline conftest.c >&5
configure:11821: $? = 0
configure:11830: result: yes
configure:11837: checking whether -Wmissing-declarations works
configure:11856: i486-TSOL-linux-gnu-gcc -c  -Wmissing-declarations conftest.c >&5
configure:11856: $? = 0
configure:11865: result: yes
configure:11872: checking whether -Wmissing-prototypes works
configure:11891: i486-TSOL-linux-gnu-gcc -c  -Wmissing-prototypes conftest.c >&5
configure:11891: $? = 0
configure:11900: result: yes
configure:11907: checking whether -Wnested-externs works
configure:11926: i486-TSOL-linux-gnu-gcc -c  -Wnested-externs conftest.c >&5
configure:11926: $? = 0
configure:11935: result: yes
configure:11942: checking whether -Wpointer-arith works
configure:11961: i486-TSOL-linux-gnu-gcc -c  -Wpointer-arith conftest.c >&5
configure:11961: $? = 0
configure:11970: result: yes
configure:11990: checking for ANSI C header files
configure:12094: result: yes
configure:12104: checking for string.h
configure:12104: result: yes
configure:12116: checking for strings.h
configure:12116: result: yes
configure:12128: checking for stdlib.h
configure:12128: result: yes
configure:12140: checking for unistd.h
configure:12140: result: yes
configure:12152: checking for sys/types.h
configure:12152: result: yes
configure:12165: checking sys/unistd.h usability
configure:12165: i486-TSOL-linux-gnu-gcc -c   -Wall -Wcast-align -Wchar-subscripts -Wformat -Winline -Wmissing-declarations -Wmissing-prototypes -Wnested-externs -Wpointer-arith conftest.c >&5
configure:12165: $? = 0
configure:12165: result: yes
configure:12165: checking sys/unistd.h presence
configure:12165: i486-TSOL-linux-gnu-gcc -E  -Wall -Wcast-align -Wchar-subscripts -Wformat -Winline -Wmissing-declarations -Wmissing-prototypes -Wnested-externs -Wpointer-arith conftest.c
configure:12165: $? = 0
configure:12165: result: yes
configure:12165: checking for sys/unistd.h
configure:12165: result: yes
configure:12177: checking syslog.h usability
configure:12177: i486-TSOL-linux-gnu-gcc -c   -Wall -Wcast-align -Wchar-subscripts -Wformat -Winline -Wmissing-declarations -Wmissing-prototypes -Wnested-externs -Wpointer-arith conftest.c >&5
configure:12177: $? = 0
configure:12177: result: yes
configure:12177: checking syslog.h presence
configure:12177: i486-TSOL-linux-gnu-gcc -E  -Wall -Wcast-align -Wchar-subscripts -Wformat -Winline -Wmissing-declarations -Wmissing-prototypes -Wnested-externs -Wpointer-arith conftest.c
configure:12177: $? = 0
configure:12177: result: yes
configure:12177: checking for syslog.h
configure:12177: result: yes
configure:12189: checking ctype.h usability
configure:12189: i486-TSOL-linux-gnu-gcc -c   -Wall -Wcast-align -Wchar-subscripts -Wformat -Winline -Wmissing-declarations -Wmissing-prototypes -Wnested-externs -Wpointer-arith conftest.c >&5
configure:12189: $? = 0
configure:12189: result: yes
configure:12189: checking ctype.h presence
configure:12189: i486-TSOL-linux-gnu-gcc -E  -Wall -Wcast-align -Wchar-subscripts -Wformat -Winline -Wmissing-declarations -Wmissing-prototypes -Wnested-externs -Wpointer-arith conftest.c
configure:12189: $? = 0
configure:12189: result: yes
configure:12189: checking for ctype.h
configure:12189: result: yes
configure:12201: checking stdio.h usability
configure:12201: i486-TSOL-linux-gnu-gcc -c   -Wall -Wcast-align -Wchar-subscripts -Wformat -Winline -Wmissing-declarations -Wmissing-prototypes -Wnested-externs -Wpointer-arith conftest.c >&5
configure:12201: $? = 0
configure:12201: result: yes
configure:12201: checking stdio.h presence
configure:12201: i486-TSOL-linux-gnu-gcc -E  -Wall -Wcast-align -Wchar-subscripts -Wformat -Winline -Wmissing-declarations -Wmissing-prototypes -Wnested-externs -Wpointer-arith conftest.c
configure:12201: $? = 0
configure:12201: result: yes
configure:12201: checking for stdio.h
configure:12201: result: yes
configure:12213: checking stdarg.h usability
configure:12213: i486-TSOL-linux-gnu-gcc -c   -Wall -Wcast-align -Wchar-subscripts -Wformat -Winline -Wmissing-declarations -Wmissing-prototypes -Wnested-externs -Wpointer-arith conftest.c >&5
configure:12213: $? = 0
configure:12213: result: yes
configure:12213: checking stdarg.h presence
configure:12213: i486-TSOL-linux-gnu-gcc -E  -Wall -Wcast-align -Wchar-subscripts -Wformat -Winline -Wmissing-declarations -Wmissing-prototypes -Wnested-externs -Wpointer-arith conftest.c
configure:12213: $? = 0
configure:12213: result: yes
configure:12213: checking for stdarg.h
configure:12213: result: yes
configure:12225: checking varargs.h usability
configure:12225: i486-TSOL-linux-gnu-gcc -c   -Wall -Wcast-align -Wchar-subscripts -Wformat -Winline -Wmissing-declarations -Wmissing-prototypes -Wnested-externs -Wpointer-arith conftest.c >&5
In file included from conftest.c:71:0:
/toolchain/lib/gcc/i486-TSOL-linux-gnu/4.6.3/include/varargs.h:4:2: error: #error "GCC no longer implements <varargs.h>."
/toolchain/lib/gcc/i486-TSOL-linux-gnu/4.6.3/include/varargs.h:5:2: error: #error "Revise your code to use <stdarg.h>."
configure:12225: $? = 1
configure: failed program was:
| /* confdefs.h */
| #define PACKAGE_NAME ""
| #define PACKAGE_TARNAME ""
| #define PACKAGE_VERSION ""
| #define PACKAGE_STRING ""
| #define PACKAGE_BUGREPORT ""
| #define PACKAGE_URL ""
| #define PACKAGE "libosip2"
| #define VERSION "3.5.0"
| #define STDC_HEADERS 1
| #define HAVE_SYS_TYPES_H 1
| #define HAVE_SYS_STAT_H 1
| #define HAVE_STDLIB_H 1
| #define HAVE_STRING_H 1
| #define HAVE_MEMORY_H 1
| #define HAVE_STRINGS_H 1
| #define HAVE_INTTYPES_H 1
| #define HAVE_STDINT_H 1
| #define HAVE_UNISTD_H 1
| #define HAVE_DLFCN_H 1
| #define LT_OBJDIR ".libs/"
| #define HAVE_PTHREAD 1
| #define HAVE_SEMAPHORE_H 1
| #define HAVE_SYS_SEM_H 1
| #define HAVE_LRAND48 /**/
| #define STDC_HEADERS 1
| #define HAVE_STRING_H 1
| #define HAVE_STRINGS_H 1
| #define HAVE_STDLIB_H 1
| #define HAVE_UNISTD_H 1
| #define HAVE_SYS_TYPES_H 1
| #define HAVE_SYS_UNISTD_H 1
| #define HAVE_SYSLOG_H 1
| #define HAVE_CTYPE_H 1
| #define HAVE_STDIO_H 1
| #define HAVE_STDARG_H 1
| /* end confdefs.h.  */
| #include <stdio.h>
| #ifdef HAVE_SYS_TYPES_H
| # include <sys/types.h>
| #endif
| #ifdef HAVE_SYS_STAT_H
| # include <sys/stat.h>
| #endif
| #ifdef STDC_HEADERS
| # include <stdlib.h>
| # include <stddef.h>
| #else
| # ifdef HAVE_STDLIB_H
| #  include <stdlib.h>
| # endif
| #endif
| #ifdef HAVE_STRING_H
| # if !defined STDC_HEADERS && defined HAVE_MEMORY_H
| #  include <memory.h>
| # endif
| # include <string.h>
| #endif
| #ifdef HAVE_STRINGS_H
| # include <strings.h>
| #endif
| #ifdef HAVE_INTTYPES_H
| # include <inttypes.h>
| #endif
| #ifdef HAVE_STDINT_H
| # include <stdint.h>
| #endif
| #ifdef HAVE_UNISTD_H
| # include <unistd.h>
| #endif
| #include <varargs.h>
configure:12225: result: no
configure:12225: checking varargs.h presence
configure:12225: i486-TSOL-linux-gnu-gcc -E  -Wall -Wcast-align -Wchar-subscripts -Wformat -Winline -Wmissing-declarations -Wmissing-prototypes -Wnested-externs -Wpointer-arith conftest.c
In file included from conftest.c:38:0:
/toolchain/lib/gcc/i486-TSOL-linux-gnu/4.6.3/include/varargs.h:4:2: error: #error "GCC no longer implements <varargs.h>."
/toolchain/lib/gcc/i486-TSOL-linux-gnu/4.6.3/include/varargs.h:5:2: error: #error "Revise your code to use <stdarg.h>."
configure:12225: $? = 1
configure: failed program was:
| /* confdefs.h */
| #define PACKAGE_NAME ""
| #define PACKAGE_TARNAME ""
| #define PACKAGE_VERSION ""
| #define PACKAGE_STRING ""
| #define PACKAGE_BUGREPORT ""
| #define PACKAGE_URL ""
| #define PACKAGE "libosip2"
| #define VERSION "3.5.0"
| #define STDC_HEADERS 1
| #define HAVE_SYS_TYPES_H 1
| #define HAVE_SYS_STAT_H 1
| #define HAVE_STDLIB_H 1
| #define HAVE_STRING_H 1
| #define HAVE_MEMORY_H 1
| #define HAVE_STRINGS_H 1
| #define HAVE_INTTYPES_H 1
| #define HAVE_STDINT_H 1
| #define HAVE_UNISTD_H 1
| #define HAVE_DLFCN_H 1
| #define LT_OBJDIR ".libs/"
| #define HAVE_PTHREAD 1
| #define HAVE_SEMAPHORE_H 1
| #define HAVE_SYS_SEM_H 1
| #define HAVE_LRAND48 /**/
| #define STDC_HEADERS 1
| #define HAVE_STRING_H 1
| #define HAVE_STRINGS_H 1
| #define HAVE_STDLIB_H 1
| #define HAVE_UNISTD_H 1
| #define HAVE_SYS_TYPES_H 1
| #define HAVE_SYS_UNISTD_H 1
| #define HAVE_SYSLOG_H 1
| #define HAVE_CTYPE_H 1
| #define HAVE_STDIO_H 1
| #define HAVE_STDARG_H 1
| /* end confdefs.h.  */
| #include <varargs.h>
configure:12225: result: no
configure:12225: checking for varargs.h
configure:12225: result: no
configure:12237: checking fcntl.h usability
configure:12237: i486-TSOL-linux-gnu-gcc -c   -Wall -Wcast-align -Wchar-subscripts -Wformat -Winline -Wmissing-declarations -Wmissing-prototypes -Wnested-externs -Wpointer-arith conftest.c >&5
configure:12237: $? = 0
configure:12237: result: yes
configure:12237: checking fcntl.h presence
configure:12237: i486-TSOL-linux-gnu-gcc -E  -Wall -Wcast-align -Wchar-subscripts -Wformat -Winline -Wmissing-declarations -Wmissing-prototypes -Wnested-externs -Wpointer-arith conftest.c
configure:12237: $? = 0
configure:12237: result: yes
configure:12237: checking for fcntl.h
configure:12237: result: yes
configure:12249: checking time.h usability
configure:12249: i486-TSOL-linux-gnu-gcc -c   -Wall -Wcast-align -Wchar-subscripts -Wformat -Winline -Wmissing-declarations -Wmissing-prototypes -Wnested-externs -Wpointer-arith conftest.c >&5
configure:12249: $? = 0
configure:12249: result: yes
configure:12249: checking time.h presence
configure:12249: i486-TSOL-linux-gnu-gcc -E  -Wall -Wcast-align -Wchar-subscripts -Wformat -Winline -Wmissing-declarations -Wmissing-prototypes -Wnested-externs -Wpointer-arith conftest.c
configure:12249: $? = 0
configure:12249: result: yes
configure:12249: checking for time.h
configure:12249: result: yes
configure:12261: checking sys/time.h usability
configure:12261: i486-TSOL-linux-gnu-gcc -c   -Wall -Wcast-align -Wchar-subscripts -Wformat -Winline -Wmissing-declarations -Wmissing-prototypes -Wnested-externs -Wpointer-arith conftest.c >&5
configure:12261: $? = 0
configure:12261: result: yes
configure:12261: checking sys/time.h presence
configure:12261: i486-TSOL-linux-gnu-gcc -E  -Wall -Wcast-align -Wchar-subscripts -Wformat -Winline -Wmissing-declarations -Wmissing-prototypes -Wnested-externs -Wpointer-arith conftest.c
configure:12261: $? = 0
configure:12261: result: yes
configure:12261: checking for sys/time.h
configure:12261: result: yes
configure:12273: checking sys/select.h usability
configure:12273: i486-TSOL-linux-gnu-gcc -c   -Wall -Wcast-align -Wchar-subscripts -Wformat -Winline -Wmissing-declarations -Wmissing-prototypes -Wnested-externs -Wpointer-arith conftest.c >&5
configure:12273: $? = 0
configure:12273: result: yes
configure:12273: checking sys/select.h presence
configure:12273: i486-TSOL-linux-gnu-gcc -E  -Wall -Wcast-align -Wchar-subscripts -Wformat -Winline -Wmissing-declarations -Wmissing-prototypes -Wnested-externs -Wpointer-arith conftest.c
configure:12273: $? = 0
configure:12273: result: yes
configure:12273: checking for sys/select.h
configure:12273: result: yes
configure:12285: checking assert.h usability
configure:12285: i486-TSOL-linux-gnu-gcc -c   -Wall -Wcast-align -Wchar-subscripts -Wformat -Winline -Wmissing-declarations -Wmissing-prototypes -Wnested-externs -Wpointer-arith conftest.c >&5
configure:12285: $? = 0
configure:12285: result: yes
configure:12285: checking assert.h presence
configure:12285: i486-TSOL-linux-gnu-gcc -E  -Wall -Wcast-align -Wchar-subscripts -Wformat -Winline -Wmissing-declarations -Wmissing-prototypes -Wnested-externs -Wpointer-arith conftest.c
configure:12285: $? = 0
configure:12285: result: yes
configure:12285: checking for assert.h
configure:12285: result: yes
configure:12297: checking signal.h usability
configure:12297: i486-TSOL-linux-gnu-gcc -c   -Wall -Wcast-align -Wchar-subscripts -Wformat -Winline -Wmissing-declarations -Wmissing-prototypes -Wnested-externs -Wpointer-arith conftest.c >&5
configure:12297: $? = 0
configure:12297: result: yes
configure:12297: checking signal.h presence
configure:12297: i486-TSOL-linux-gnu-gcc -E  -Wall -Wcast-align -Wchar-subscripts -Wformat -Winline -Wmissing-declarations -Wmissing-prototypes -Wnested-externs -Wpointer-arith conftest.c
configure:12297: $? = 0
configure:12297: result: yes
configure:12297: checking for signal.h
configure:12297: result: yes
configure:12309: checking sys/signal.h usability
configure:12309: i486-TSOL-linux-gnu-gcc -c   -Wall -Wcast-align -Wchar-subscripts -Wformat -Winline -Wmissing-declarations -Wmissing-prototypes -Wnested-externs -Wpointer-arith conftest.c >&5
configure:12309: $? = 0
configure:12309: result: yes
configure:12309: checking sys/signal.h presence
configure:12309: i486-TSOL-linux-gnu-gcc -E  -Wall -Wcast-align -Wchar-subscripts -Wformat -Winline -Wmissing-declarations -Wmissing-prototypes -Wnested-externs -Wpointer-arith conftest.c
configure:12309: $? = 0
configure:12309: result: yes
configure:12309: checking for sys/signal.h
configure:12309: result: yes
configure:12321: checking malloc.h usability
configure:12321: i486-TSOL-linux-gnu-gcc -c   -Wall -Wcast-align -Wchar-subscripts -Wformat -Winline -Wmissing-declarations -Wmissing-prototypes -Wnested-externs -Wpointer-arith conftest.c >&5
configure:12321: $? = 0
configure:12321: result: yes
configure:12321: checking malloc.h presence
configure:12321: i486-TSOL-linux-gnu-gcc -E  -Wall -Wcast-align -Wchar-subscripts -Wformat -Winline -Wmissing-declarations -Wmissing-prototypes -Wnested-externs -Wpointer-arith conftest.c
configure:12321: $? = 0
configure:12321: result: yes
configure:12321: checking for malloc.h
configure:12321: result: yes
configure:12332: checking for struct timeval
configure:12332: i486-TSOL-linux-gnu-gcc -c   -Wall -Wcast-align -Wchar-subscripts -Wformat -Winline -Wmissing-declarations -Wmissing-prototypes -Wnested-externs -Wpointer-arith conftest.c >&5
configure:12332: $? = 0
configure:12332: i486-TSOL-linux-gnu-gcc -c   -Wall -Wcast-align -Wchar-subscripts -Wformat -Winline -Wmissing-declarations -Wmissing-prototypes -Wnested-externs -Wpointer-arith conftest.c >&5
conftest.c: In function 'main':
conftest.c:62:29: error: expected expression before ')' token
configure:12332: $? = 1
configure: failed program was:
| /* confdefs.h */
| #define PACKAGE_NAME ""
| #define PACKAGE_TARNAME ""
| #define PACKAGE_VERSION ""
| #define PACKAGE_STRING ""
| #define PACKAGE_BUGREPORT ""
| #define PACKAGE_URL ""
| #define PACKAGE "libosip2"
| #define VERSION "3.5.0"
| #define STDC_HEADERS 1
| #define HAVE_SYS_TYPES_H 1
| #define HAVE_SYS_STAT_H 1
| #define HAVE_STDLIB_H 1
| #define HAVE_STRING_H 1
| #define HAVE_MEMORY_H 1
| #define HAVE_STRINGS_H 1
| #define HAVE_INTTYPES_H 1
| #define HAVE_STDINT_H 1
| #define HAVE_UNISTD_H 1
| #define HAVE_DLFCN_H 1
| #define LT_OBJDIR ".libs/"
| #define HAVE_PTHREAD 1
| #define HAVE_SEMAPHORE_H 1
| #define HAVE_SYS_SEM_H 1
| #define HAVE_LRAND48 /**/
| #define STDC_HEADERS 1
| #define HAVE_STRING_H 1
| #define HAVE_STRINGS_H 1
| #define HAVE_STDLIB_H 1
| #define HAVE_UNISTD_H 1
| #define HAVE_SYS_TYPES_H 1
| #define HAVE_SYS_UNISTD_H 1
| #define HAVE_SYSLOG_H 1
| #define HAVE_CTYPE_H 1
| #define HAVE_STDIO_H 1
| #define HAVE_STDARG_H 1
| #define HAVE_FCNTL_H 1
| #define HAVE_TIME_H 1
| #define HAVE_SYS_TIME_H 1
| #define HAVE_SYS_SELECT_H 1
| #define HAVE_ASSERT_H 1
| #define HAVE_SIGNAL_H 1
| #define HAVE_SYS_SIGNAL_H 1
| #define HAVE_MALLOC_H 1
| /* end confdefs.h.  */
| 
|      #if TIME_WITH_SYS_TIME
|      # include <sys/time.h>
|      # include <time.h>
|      #else
|      # if HAVE_SYS_TIME_H
|      #  include <sys/time.h>
|      # else
|      #  include <time.h>
|      # endif
|      #endif
| 
| 
| int
| main ()
| {
| if (sizeof ((struct timeval)))
| 	    return 0;
|   ;
|   return 0;
| }
configure:12332: result: yes
configure:12492: creating ./config.status

## ---------------------- ##
## Running config.status. ##
## ---------------------- ##

This file was extended by config.status, which was
generated by GNU Autoconf 2.67.  Invocation command line was

  CONFIG_FILES    = 
  CONFIG_HEADERS  = 
  CONFIG_LINKS    = 
  CONFIG_COMMANDS = 
  $ ./config.status 

on ubuntu4

config.status:1132: creating libosip2.pc
config.status:1132: creating Makefile
config.status:1132: creating scripts/Makefile
config.status:1132: creating src/Makefile
config.status:1132: creating src/osipparser2/Makefile
config.status:1132: creating src/osip2/Makefile
config.status:1132: creating src/test/Makefile
config.status:1132: creating src/test/res/Makefile
config.status:1132: creating include/Makefile
config.status:1132: creating include/osip2/Makefile
config.status:1132: creating include/osipparser2/Makefile
config.status:1132: creating include/osipparser2/headers/Makefile
config.status:1132: creating help/Makefile
config.status:1132: creating help/man/Makefile
config.status:1132: creating help/doxygen/Makefile
config.status:1132: creating platform/Makefile
config.status:1132: creating platform/rpm/Makefile
config.status:1132: creating platform/vsnet/Makefile
config.status:1132: creating platform/wince/Makefile
config.status:1132: creating include/osip2/doxygen.dox
config.status:1132: creating config.h
config.status:1360: executing depfiles commands
config.status:1360: executing libtool commands

## ---------------- ##
## Cache variables. ##
## ---------------- ##

Wall_cv_flag=yes
Wcast_align_cv_flag=yes
Wchar_subscripts_cv_flag=yes
Wformat_cv_flag=yes
Winline_cv_flag=yes
Wmissing_declarations_cv_flag=yes
Wmissing_prototypes_cv_flag=yes
Wnested_externs_cv_flag=yes
Wpointer_arith_cv_flag=yes
ac_cv_build=i686-pc-linux-gnu
ac_cv_c_compiler_gnu=yes
ac_cv_env_CC_set=set
ac_cv_env_CC_value=i486-TSOL-linux-gnu-gcc
ac_cv_env_CFLAGS_set=set
ac_cv_env_CFLAGS_value=-Os
ac_cv_env_CPPFLAGS_set=
ac_cv_env_CPPFLAGS_value=
ac_cv_env_CPP_set=
ac_cv_env_CPP_value=
ac_cv_env_LDFLAGS_set=set
ac_cv_env_LDFLAGS_value=-static-libgcc
ac_cv_env_LIBS_set=
ac_cv_env_LIBS_value=
ac_cv_env_build_alias_set=
ac_cv_env_build_alias_value=
ac_cv_env_host_alias_set=
ac_cv_env_host_alias_value=
ac_cv_env_target_alias_set=
ac_cv_env_target_alias_value=
ac_cv_header_assert_h=yes
ac_cv_header_ctype_h=yes
ac_cv_header_dlfcn_h=yes
ac_cv_header_fcntl_h=yes
ac_cv_header_inttypes_h=yes
ac_cv_header_malloc_h=yes
ac_cv_header_memory_h=yes
ac_cv_header_semaphore_h=yes
ac_cv_header_signal_h=yes
ac_cv_header_stdarg_h=yes
ac_cv_header_stdc=yes
ac_cv_header_stdint_h=yes
ac_cv_header_stdio_h=yes
ac_cv_header_stdlib_h=yes
ac_cv_header_string_h=yes
ac_cv_header_strings_h=yes
ac_cv_header_sys_select_h=yes
ac_cv_header_sys_sem_h=yes
ac_cv_header_sys_signal_h=yes
ac_cv_header_sys_stat_h=yes
ac_cv_header_sys_time_h=yes
ac_cv_header_sys_types_h=yes
ac_cv_header_sys_unistd_h=yes
ac_cv_header_syslog_h=yes
ac_cv_header_time_h=yes
ac_cv_header_unistd_h=yes
ac_cv_header_varargs_h=no
ac_cv_host=i686-pc-linux-gnu
ac_cv_lib_c_lrand48=yes
ac_cv_lib_nsl_nis_add=yes
ac_cv_lib_posix4_sem_open=no
ac_cv_lib_socket_sendto=no
ac_cv_objext=o
ac_cv_path_EGREP='/usr/bin/grep -E'
ac_cv_path_FGREP='/usr/bin/grep -F'
ac_cv_path_GREP=/usr/bin/grep
ac_cv_path_SED=/usr/bin/sed
ac_cv_path_install='/bin/install -c'
ac_cv_path_mkdir=/bin/mkdir
ac_cv_prog_AWK=gawk
ac_cv_prog_CPP='i486-TSOL-linux-gnu-gcc -E'
ac_cv_prog_PTHREAD_CC=i486-TSOL-linux-gnu-gcc
ac_cv_prog_ac_ct_AR=ar
ac_cv_prog_ac_ct_CC=i486-TSOL-linux-gnu-gcc
ac_cv_prog_ac_ct_OBJDUMP=objdump
ac_cv_prog_ac_ct_RANLIB=ranlib
ac_cv_prog_ac_ct_STRIP=strip
ac_cv_prog_cc_c89=
ac_cv_prog_cc_g=yes
ac_cv_prog_make_make_set=yes
ac_cv_type_struct_timeval=yes
am_cv_CC_dependencies_compiler_type=gcc3
lt_cv_deplibs_check_method=pass_all
lt_cv_file_magic_cmd='$MAGIC_CMD'
lt_cv_file_magic_test_file=
lt_cv_ld_reload_flag=-r
lt_cv_nm_interface='BSD nm'
lt_cv_objdir=.libs
lt_cv_path_LD=i486-TSOL-linux-gnu-ld
lt_cv_path_NM='/toolchain/i486-TSOL-linux-gnu/bin//nm -B'
lt_cv_prog_compiler_c_o=yes
lt_cv_prog_compiler_pic_works=yes
lt_cv_prog_compiler_rtti_exceptions=no
lt_cv_prog_compiler_static_works=yes
lt_cv_prog_gnu_ld=yes
lt_cv_sys_global_symbol_pipe='sed -n -e '\''s/^.*[	 ]\([ABCDGIRSTW][ABCDGIRSTW]*\)[	 ][	 ]*\([_A-Za-z][_A-Za-z0-9]*\)$/\1 \2 \2/p'\'''
lt_cv_sys_global_symbol_to_c_name_address='sed -n -e '\''s/^: \([^ ]*\) $/  {\"\1\", (void *) 0},/p'\'' -e '\''s/^[ABCDGIRSTW]* \([^ ]*\) \([^ ]*\)$/  {"\2", (void *) \&\2},/p'\'''
lt_cv_sys_global_symbol_to_c_name_address_lib_prefix='sed -n -e '\''s/^: \([^ ]*\) $/  {\"\1\", (void *) 0},/p'\'' -e '\''s/^[ABCDGIRSTW]* \([^ ]*\) \(lib[^ ]*\)$/  {"\2", (void *) \&\2},/p'\'' -e '\''s/^[ABCDGIRSTW]* \([^ ]*\) \([^ ]*\)$/  {"lib\2", (void *) \&\2},/p'\'''
lt_cv_sys_global_symbol_to_cdecl='sed -n -e '\''s/^T .* \(.*\)$/extern int \1();/p'\'' -e '\''s/^[ABCDGIRSTW]* .* \(.*\)$/extern char \1;/p'\'''
lt_cv_sys_max_cmd_len=1572864

## ----------------- ##
## Output variables. ##
## ----------------- ##

ACLOCAL='${SHELL} /source/libosip2-3.5.0/scripts/missing --run aclocal-1.11 -I scripts'
AMDEPBACKSLASH='\'
AMDEP_FALSE='#'
AMDEP_TRUE=''
AMTAR='${SHELL} /source/libosip2-3.5.0/scripts/missing --run tar'
AR='ar'
AS='as'
AUTOCONF='${SHELL} /source/libosip2-3.5.0/scripts/missing --run autoconf'
AUTOHEADER='${SHELL} /source/libosip2-3.5.0/scripts/missing --run autoheader'
AUTOMAKE='${SHELL} /source/libosip2-3.5.0/scripts/missing --run automake-1.11'
AWK='gawk'
BUILD_MAXSIZE_FALSE='#'
BUILD_MAXSIZE_TRUE=''
BUILD_MT_FALSE='#'
BUILD_MT_TRUE=''
CC='i486-TSOL-linux-gnu-gcc'
CCDEPMODE='depmode=gcc3'
CFLAGS=''
COMPILE_TESTS_FALSE=''
COMPILE_TESTS_TRUE='#'
CPP='i486-TSOL-linux-gnu-gcc -E'
CPPFLAGS=' -Wall -Wcast-align -Wchar-subscripts -Wformat -Winline -Wmissing-declarations -Wmissing-prototypes -Wnested-externs -Wpointer-arith'
CYGPATH_W='echo'
DEFS='-DHAVE_CONFIG_H'
DEPDIR='.deps'
DLLTOOL='dlltool'
DSYMUTIL=''
DUMPBIN=''
ECHO_C=''
ECHO_N='-n'
ECHO_T=''
EGREP='/usr/bin/grep -E'
EXEEXT=''
EXTRA_LIB=''
FGREP='/usr/bin/grep -F'
FSM_LIB=' -lnsl'
GREP='/usr/bin/grep'
INSIDE_GNOME_COMMON_FALSE=''
INSIDE_GNOME_COMMON_TRUE='#'
INSTALL_DATA='${INSTALL} -m 644'
INSTALL_PROGRAM='${INSTALL}'
INSTALL_SCRIPT='${INSTALL}'
INSTALL_STRIP_PROGRAM='$(install_sh) -c -s'
LD='i486-TSOL-linux-gnu-ld'
LDFLAGS='-static-libgcc'
LIBOBJS=''
LIBOSIP_SO_VERSION='8:0:2'
LIBS=''
LIBTOOL='$(SHELL) $(top_builddir)/libtool'
LIPO=''
LN_S='ln -s'
LTLIBOBJS=''
MAKEINFO='${SHELL} /source/libosip2-3.5.0/scripts/missing --run makeinfo'
MKDIR_P='/bin/mkdir -p'
NM='/toolchain/i486-TSOL-linux-gnu/bin//nm -B'
NMEDIT=''
OBJDUMP='objdump'
OBJEXT='o'
OSIP_VERSION='3.5.0'
OTOOL64=''
OTOOL=''
PACKAGE='libosip2'
PACKAGE_BUGREPORT=''
PACKAGE_NAME=''
PACKAGE_STRING=''
PACKAGE_TARNAME=''
PACKAGE_URL=''
PACKAGE_VERSION=''
PARSER_LIB=''
PATH_SEPARATOR=':'
PTHREAD_CC='i486-TSOL-linux-gnu-gcc'
PTHREAD_CFLAGS='-pthread'
PTHREAD_LIBS=''
RANLIB='ranlib'
SED='/usr/bin/sed'
SET_MAKE=''
SHELL='/bin/sh'
SIP_CFLAGS=' '
SIP_EXTRA_FLAGS=' -pedantic -g -DENABLE_TRACE'
SIP_FSM_FLAGS='-DOSIP_MT'
SIP_PARSER_FLAGS=''
STRIP='strip'
VERSION='3.5.0'
ac_ct_CC='i486-TSOL-linux-gnu-gcc'
ac_ct_DUMPBIN=''
am__EXEEXT_FALSE=''
am__EXEEXT_TRUE='#'
am__fastdepCC_FALSE='#'
am__fastdepCC_TRUE=''
am__include='include'
am__isrc=''
am__leading_dot='.'
am__quote=''
am__tar='${AMTAR} chof - "$$tardir"'
am__untar='${AMTAR} xf -'
bindir='${exec_prefix}/bin'
build='i686-pc-linux-gnu'
build_alias=''
build_cpu='i686'
build_os='linux-gnu'
build_vendor='pc'
datadir='${datarootdir}'
datarootdir='${prefix}/share'
docdir='${datarootdir}/doc/${PACKAGE}'
dvidir='${docdir}'
exec_prefix='${prefix}'
host='i686-pc-linux-gnu'
host_alias=''
host_cpu='i686'
host_os='linux-gnu'
host_vendor='pc'
htmldir='${docdir}'
includedir='${prefix}/include'
infodir='${datarootdir}/info'
install_sh='${SHELL} /source/libosip2-3.5.0/scripts/install-sh'
libdir='${exec_prefix}/lib'
libexecdir='${exec_prefix}/libexec'
localedir='${datarootdir}/locale'
localstatedir='${prefix}/var'
lt_ECHO='echo'
mandir='${datarootdir}/man'
mkdir_p='/bin/mkdir -p'
oldincludedir='/usr/include'
pdfdir='${docdir}'
prefix='/usr'
program_transform_name='s,x,x,'
psdir='${docdir}'
sbindir='${exec_prefix}/sbin'
sharedstatedir='${prefix}/com'
sysconfdir='${prefix}/etc'
target_alias=''

## ----------- ##
## confdefs.h. ##
## ----------- ##

/* confdefs.h */
#define PACKAGE_NAME ""
#define PACKAGE_TARNAME ""
#define PACKAGE_VERSION ""
#define PACKAGE_STRING ""
#define PACKAGE_BUGREPORT ""
#define PACKAGE_URL ""
#define PACKAGE "libosip2"
#define VERSION "3.5.0"
#define STDC_HEADERS 1
#define HAVE_SYS_TYPES_H 1
#define HAVE_SYS_STAT_H 1
#define HAVE_STDLIB_H 1
#define HAVE_STRING_H 1
#define HAVE_MEMORY_H 1
#define HAVE_STRINGS_H 1
#define HAVE_INTTYPES_H 1
#define HAVE_STDINT_H 1
#define HAVE_UNISTD_H 1
#define HAVE_DLFCN_H 1
#define LT_OBJDIR ".libs/"
#define HAVE_PTHREAD 1
#define HAVE_SEMAPHORE_H 1
#define HAVE_SYS_SEM_H 1
#define HAVE_LRAND48 /**/
#define STDC_HEADERS 1
#define HAVE_STRING_H 1
#define HAVE_STRINGS_H 1
#define HAVE_STDLIB_H 1
#define HAVE_UNISTD_H 1
#define HAVE_SYS_TYPES_H 1
#define HAVE_SYS_UNISTD_H 1
#define HAVE_SYSLOG_H 1
#define HAVE_CTYPE_H 1
#define HAVE_STDIO_H 1
#define HAVE_STDARG_H 1
#define HAVE_FCNTL_H 1
#define HAVE_TIME_H 1
#define HAVE_SYS_TIME_H 1
#define HAVE_SYS_SELECT_H 1
#define HAVE_ASSERT_H 1
#define HAVE_SIGNAL_H 1
#define HAVE_SYS_SIGNAL_H 1
#define HAVE_MALLOC_H 1
#define HAVE_STRUCT_TIMEVAL 1

configure: exit 0
