This file contains any messages produced by compilers while
running configure, to aid debugging if configure makes a mistake.

It was created by binwalk configure 0.4.5b, which was
generated by GNU Autoconf 2.65.  Invocation command line was

  $ ./configure --prefix=/usr

## --------- ##
## Platform. ##
## --------- ##

hostname = ubuntu4
uname -m = i686
uname -r = 3.2.16-030216-generic
uname -s = Linux
uname -v = #201204221935 SMP Sun Apr 22 23:42:49 UTC 2012

/usr/bin/uname -p = unknown
/bin/uname -X     = unknown

/bin/arch              = unknown
/usr/bin/arch -k       = unknown
/usr/convex/getsysinfo = unknown
/usr/bin/hostinfo      = unknown
/bin/machine           = unknown
/usr/bin/oslevel       = unknown
/bin/universe          = unknown

PATH: /source/docbook-xsl-1.76.1/tools/bin
PATH: /bin
PATH: /sbin
PATH: /usr/bin
PATH: /usr/sbin
PATH: /usr/bin/X11
PATH: /usr/local/bin
PATH: /toolchain/bin
PATH: /toolchain/i486-TSOL-linux-gnu/bin/
PATH: #/toolchain/libexec/gcc/i486-TSOL-linux-gnu/4.6.3
PATH: /root/.local/bin
PATH: /usr/xorg/bin


## ----------- ##
## Core tests. ##
## ----------- ##

configure:2173: checking for gcc
configure:2200: result: i486-TSOL-linux-gnu-gcc
configure:2429: checking for C compiler version
configure:2438: i486-TSOL-linux-gnu-gcc --version >&5
i486-TSOL-linux-gnu-gcc (crosstool-NG 1.15.2) 4.6.3
Copyright (C) 2011 Free Software Foundation, Inc.
This is free software; see the source for copying conditions.  There is NO
warranty; not even for MERCHANTABILITY or FITNESS FOR A PARTICULAR PURPOSE.

configure:2449: $? = 0
configure:2438: i486-TSOL-linux-gnu-gcc -v >&5
Using built-in specs.
COLLECT_GCC=i486-TSOL-linux-gnu-gcc
COLLECT_LTO_WRAPPER=/toolchain/libexec/gcc/i486-TSOL-linux-gnu/4.6.3/lto-wrapper
Target: i486-TSOL-linux-gnu
Configured with: /TSOL/crosstool-ng-1.15.2/bin/.build/src/gcc-4.6.3/configure --build=i686-build_pc-linux-gnu --host=i686-build_pc-linux-gnu --target=i486-TSOL-linux-gnu --prefix=/toolchain --with-sysroot=/toolchain/i486-TSOL-linux-gnu/sysroot --enable-languages=c,c++ --with-arch=i486 --with-pkgversion='crosstool-NG 1.15.2' --enable-__cxa_atexit --disable-libmudflap --disable-libgomp --disable-libssp --with-gmp=/TSOL/crosstool-ng-1.15.2/bin/.build/i486-TSOL-linux-gnu/buildtools --with-mpfr=/TSOL/crosstool-ng-1.15.2/bin/.build/i486-TSOL-linux-gnu/buildtools --with-mpc=/TSOL/crosstool-ng-1.15.2/bin/.build/i486-TSOL-linux-gnu/buildtools --with-ppl=/TSOL/crosstool-ng-1.15.2/bin/.build/i486-TSOL-linux-gnu/buildtools --with-cloog=/TSOL/crosstool-ng-1.15.2/bin/.build/i486-TSOL-linux-gnu/buildtools --with-libelf=no --with-host-libstdcxx='-static-libgcc -Wl,-Bstatic,-lstdc++,-Bdynamic -lm -L/TSOL/crosstool-ng-1.15.2/bin/.build/i486-TSOL-linux-gnu/buildtools/lib -lpwl' --enable-threads=posix --enable-target-optspace --disable-multilib --with-local-prefix=/toolchain/i486-TSOL-linux-gnu/sysroot --enable-c99 --enable-long-long
Thread model: posix
gcc version 4.6.3 (crosstool-NG 1.15.2) 
configure:2449: $? = 0
configure:2438: i486-TSOL-linux-gnu-gcc -V >&5
i486-TSOL-linux-gnu-gcc: error: unrecognized option '-V'
i486-TSOL-linux-gnu-gcc: fatal error: no input files
compilation terminated.
configure:2449: $? = 1
configure:2438: i486-TSOL-linux-gnu-gcc -qversion >&5
i486-TSOL-linux-gnu-gcc: error: unrecognized option '-qversion'
i486-TSOL-linux-gnu-gcc: fatal error: no input files
compilation terminated.
configure:2449: $? = 1
configure:2469: checking whether the C compiler works
configure:2491: i486-TSOL-linux-gnu-gcc   -I/usr/xorg/include  -L/usr/xorg/lib conftest.c  >&5
configure:2495: $? = 0
configure:2544: result: yes
configure:2547: checking for C compiler default output file name
configure:2549: result: a.out
configure:2555: checking for suffix of executables
configure:2562: i486-TSOL-linux-gnu-gcc -o conftest   -I/usr/xorg/include  -L/usr/xorg/lib conftest.c  >&5
configure:2566: $? = 0
configure:2588: result: 
configure:2610: checking whether we are cross compiling
configure:2618: i486-TSOL-linux-gnu-gcc -o conftest   -I/usr/xorg/include  -L/usr/xorg/lib conftest.c  >&5
configure:2622: $? = 0
configure:2629: ./conftest
configure:2633: $? = 0
configure:2648: result: no
configure:2653: checking for suffix of object files
configure:2675: i486-TSOL-linux-gnu-gcc -c   -I/usr/xorg/include conftest.c >&5
configure:2679: $? = 0
configure:2700: result: o
configure:2704: checking whether we are using the GNU C compiler
configure:2723: i486-TSOL-linux-gnu-gcc -c   -I/usr/xorg/include conftest.c >&5
configure:2723: $? = 0
configure:2732: result: yes
configure:2741: checking whether i486-TSOL-linux-gnu-gcc accepts -g
configure:2761: i486-TSOL-linux-gnu-gcc -c -g  -I/usr/xorg/include conftest.c >&5
configure:2761: $? = 0
configure:2802: result: yes
configure:2819: checking for i486-TSOL-linux-gnu-gcc option to accept ISO C89
configure:2883: i486-TSOL-linux-gnu-gcc  -c -g -O2  -I/usr/xorg/include conftest.c >&5
configure:2883: $? = 0
configure:2896: result: none needed
configure:2948: checking how to run the C preprocessor
configure:2979: i486-TSOL-linux-gnu-gcc -E  -I/usr/xorg/include conftest.c
configure:2979: $? = 0
configure:2993: i486-TSOL-linux-gnu-gcc -E  -I/usr/xorg/include conftest.c
conftest.c:9:28: fatal error: ac_nonexistent.h: No such file or directory
compilation terminated.
configure:2993: $? = 1
configure: failed program was:
| /* confdefs.h */
| #define PACKAGE_NAME "binwalk"
| #define PACKAGE_TARNAME "binwalk"
| #define PACKAGE_VERSION "0.4.5b"
| #define PACKAGE_STRING "binwalk 0.4.5b"
| #define PACKAGE_BUGREPORT "http://code.google.com/p/binwalk/issues/list"
| #define PACKAGE_URL ""
| /* end confdefs.h.  */
| #include <ac_nonexistent.h>
configure:3018: result: i486-TSOL-linux-gnu-gcc -E
configure:3038: i486-TSOL-linux-gnu-gcc -E  -I/usr/xorg/include conftest.c
configure:3038: $? = 0
configure:3052: i486-TSOL-linux-gnu-gcc -E  -I/usr/xorg/include conftest.c
conftest.c:9:28: fatal error: ac_nonexistent.h: No such file or directory
compilation terminated.
configure:3052: $? = 1
configure: failed program was:
| /* confdefs.h */
| #define PACKAGE_NAME "binwalk"
| #define PACKAGE_TARNAME "binwalk"
| #define PACKAGE_VERSION "0.4.5b"
| #define PACKAGE_STRING "binwalk 0.4.5b"
| #define PACKAGE_BUGREPORT "http://code.google.com/p/binwalk/issues/list"
| #define PACKAGE_URL ""
| /* end confdefs.h.  */
| #include <ac_nonexistent.h>
configure:3081: checking for grep that handles long lines and -e
configure:3139: result: /usr/bin/grep
configure:3144: checking for egrep
configure:3206: result: /usr/bin/grep -E
configure:3211: checking for ANSI C header files
configure:3231: i486-TSOL-linux-gnu-gcc -c -Wall -g -O2  -I/usr/xorg/include conftest.c >&5
configure:3231: $? = 0
configure:3304: i486-TSOL-linux-gnu-gcc -o conftest -Wall -g -O2  -I/usr/xorg/include  -L/usr/xorg/lib  -lz -lpthread -lmagic conftest.c  -lz -lpthread -lmagic >&5
configure:3304: $? = 0
configure:3304: ./conftest
configure:3304: $? = 0
configure:3315: result: yes
configure:3328: checking for sys/types.h
configure:3328: i486-TSOL-linux-gnu-gcc -c -Wall -g -O2  -I/usr/xorg/include conftest.c >&5
configure:3328: $? = 0
configure:3328: result: yes
configure:3328: checking for sys/stat.h
configure:3328: i486-TSOL-linux-gnu-gcc -c -Wall -g -O2  -I/usr/xorg/include conftest.c >&5
configure:3328: $? = 0
configure:3328: result: yes
configure:3328: checking for stdlib.h
configure:3328: i486-TSOL-linux-gnu-gcc -c -Wall -g -O2  -I/usr/xorg/include conftest.c >&5
configure:3328: $? = 0
configure:3328: result: yes
configure:3328: checking for string.h
configure:3328: i486-TSOL-linux-gnu-gcc -c -Wall -g -O2  -I/usr/xorg/include conftest.c >&5
configure:3328: $? = 0
configure:3328: result: yes
configure:3328: checking for memory.h
configure:3328: i486-TSOL-linux-gnu-gcc -c -Wall -g -O2  -I/usr/xorg/include conftest.c >&5
configure:3328: $? = 0
configure:3328: result: yes
configure:3328: checking for strings.h
configure:3328: i486-TSOL-linux-gnu-gcc -c -Wall -g -O2  -I/usr/xorg/include conftest.c >&5
configure:3328: $? = 0
configure:3328: result: yes
configure:3328: checking for inttypes.h
configure:3328: i486-TSOL-linux-gnu-gcc -c -Wall -g -O2  -I/usr/xorg/include conftest.c >&5
configure:3328: $? = 0
configure:3328: result: yes
configure:3328: checking for stdint.h
configure:3328: i486-TSOL-linux-gnu-gcc -c -Wall -g -O2  -I/usr/xorg/include conftest.c >&5
configure:3328: $? = 0
configure:3328: result: yes
configure:3328: checking for unistd.h
configure:3328: i486-TSOL-linux-gnu-gcc -c -Wall -g -O2  -I/usr/xorg/include conftest.c >&5
configure:3328: $? = 0
configure:3328: result: yes
configure:3341: checking for size_t
configure:3341: i486-TSOL-linux-gnu-gcc -c -Wall -g -O2  -I/usr/xorg/include conftest.c >&5
configure:3341: $? = 0
configure:3341: i486-TSOL-linux-gnu-gcc -c -Wall -g -O2  -I/usr/xorg/include conftest.c >&5
conftest.c: In function 'main':
conftest.c:55:21: error: expected expression before ')' token
configure:3341: $? = 1
configure: failed program was:
| /* confdefs.h */
| #define PACKAGE_NAME "binwalk"
| #define PACKAGE_TARNAME "binwalk"
| #define PACKAGE_VERSION "0.4.5b"
| #define PACKAGE_STRING "binwalk 0.4.5b"
| #define PACKAGE_BUGREPORT "http://code.google.com/p/binwalk/issues/list"
| #define PACKAGE_URL ""
| #define STDC_HEADERS 1
| #define HAVE_SYS_TYPES_H 1
| #define HAVE_SYS_STAT_H 1
| #define HAVE_STDLIB_H 1
| #define HAVE_STRING_H 1
| #define HAVE_MEMORY_H 1
| #define HAVE_STRINGS_H 1
| #define HAVE_INTTYPES_H 1
| #define HAVE_STDINT_H 1
| #define HAVE_UNISTD_H 1
| /* end confdefs.h.  */
| #include <stdio.h>
| #ifdef HAVE_SYS_TYPES_H
| # include <sys/types.h>
| #endif
| #ifdef HAVE_SYS_STAT_H
| # include <sys/stat.h>
| #endif
| #ifdef STDC_HEADERS
| # include <stdlib.h>
| # include <stddef.h>
| #else
| # ifdef HAVE_STDLIB_H
| #  include <stdlib.h>
| # endif
| #endif
| #ifdef HAVE_STRING_H
| # if !defined STDC_HEADERS && defined HAVE_MEMORY_H
| #  include <memory.h>
| # endif
| # include <string.h>
| #endif
| #ifdef HAVE_STRINGS_H
| # include <strings.h>
| #endif
| #ifdef HAVE_INTTYPES_H
| # include <inttypes.h>
| #endif
| #ifdef HAVE_STDINT_H
| # include <stdint.h>
| #endif
| #ifdef HAVE_UNISTD_H
| # include <unistd.h>
| #endif
| int
| main ()
| {
| if (sizeof ((size_t)))
| 	    return 0;
|   ;
|   return 0;
| }
configure:3341: result: yes
configure:3355: checking for stdlib.h
configure:3355: result: yes
configure:3365: checking for GNU libc compatible malloc
configure:3389: i486-TSOL-linux-gnu-gcc -o conftest -Wall -g -O2  -I/usr/xorg/include  -L/usr/xorg/lib  -lz -lpthread -lmagic conftest.c  -lz -lpthread -lmagic >&5
configure:3389: $? = 0
configure:3389: ./conftest
configure:3389: $? = 0
configure:3399: result: yes
configure:3420: checking for ANSI C header files
configure:3524: result: yes
configure:3536: checking arpa/inet.h usability
configure:3536: i486-TSOL-linux-gnu-gcc -c -Wall -g -O2  -I/usr/xorg/include conftest.c >&5
configure:3536: $? = 0
configure:3536: result: yes
configure:3536: checking arpa/inet.h presence
configure:3536: i486-TSOL-linux-gnu-gcc -E  -I/usr/xorg/include conftest.c
configure:3536: $? = 0
configure:3536: result: yes
configure:3536: checking for arpa/inet.h
configure:3536: result: yes
configure:3536: checking fcntl.h usability
configure:3536: i486-TSOL-linux-gnu-gcc -c -Wall -g -O2  -I/usr/xorg/include conftest.c >&5
configure:3536: $? = 0
configure:3536: result: yes
configure:3536: checking fcntl.h presence
configure:3536: i486-TSOL-linux-gnu-gcc -E  -I/usr/xorg/include conftest.c
configure:3536: $? = 0
configure:3536: result: yes
configure:3536: checking for fcntl.h
configure:3536: result: yes
configure:3536: checking for stdlib.h
configure:3536: result: yes
configure:3536: checking for string.h
configure:3536: result: yes
configure:3536: checking for unistd.h
configure:3536: result: yes
configure:3536: checking pthread.h usability
configure:3536: i486-TSOL-linux-gnu-gcc -c -Wall -g -O2  -I/usr/xorg/include conftest.c >&5
configure:3536: $? = 0
configure:3536: result: yes
configure:3536: checking pthread.h presence
configure:3536: i486-TSOL-linux-gnu-gcc -E  -I/usr/xorg/include conftest.c
configure:3536: $? = 0
configure:3536: result: yes
configure:3536: checking for pthread.h
configure:3536: result: yes
configure:3553: checking for memset
configure:3553: i486-TSOL-linux-gnu-gcc -o conftest -Wall -g -O2  -I/usr/xorg/include  -L/usr/xorg/lib  -lz -lpthread -lmagic conftest.c  -lz -lpthread -lmagic >&5
conftest.c:51:6: warning: conflicting types for built-in function 'memset' [enabled by default]
configure:3553: $? = 0
configure:3553: result: yes
configure:3553: checking for strdup
configure:3553: i486-TSOL-linux-gnu-gcc -o conftest -Wall -g -O2  -I/usr/xorg/include  -L/usr/xorg/lib  -lz -lpthread -lmagic conftest.c  -lz -lpthread -lmagic >&5
conftest.c:52:6: warning: conflicting types for built-in function 'strdup' [enabled by default]
configure:3553: $? = 0
configure:3553: result: yes
configure:3553: checking for strstr
configure:3553: i486-TSOL-linux-gnu-gcc -o conftest -Wall -g -O2  -I/usr/xorg/include  -L/usr/xorg/lib  -lz -lpthread -lmagic conftest.c  -lz -lpthread -lmagic >&5
conftest.c:53:6: warning: conflicting types for built-in function 'strstr' [enabled by default]
configure:3553: $? = 0
configure:3553: result: yes
configure:3553: checking for strtol
configure:3553: i486-TSOL-linux-gnu-gcc -o conftest -Wall -g -O2  -I/usr/xorg/include  -L/usr/xorg/lib  -lz -lpthread -lmagic conftest.c  -lz -lpthread -lmagic >&5
configure:3553: $? = 0
configure:3553: result: yes
configure:3553: checking for pthread_create
configure:3553: i486-TSOL-linux-gnu-gcc -o conftest -Wall -g -O2  -I/usr/xorg/include  -L/usr/xorg/lib  -lz -lpthread -lmagic conftest.c  -lz -lpthread -lmagic >&5
configure:3553: $? = 0
configure:3553: result: yes
configure:3564: checking for magic_buffer in -lmagic
configure:3589: i486-TSOL-linux-gnu-gcc -o conftest -Wall -g -O2  -I/usr/xorg/include  -L/usr/xorg/lib  -lz -lpthread -lmagic conftest.c -lmagic   -lz -lpthread -lmagic >&5
configure:3589: $? = 0
configure:3598: result: yes
configure:3613: checking magic.h usability
configure:3613: i486-TSOL-linux-gnu-gcc -c -Wall -g -O2  -I/usr/xorg/include conftest.c >&5
configure:3613: $? = 0
configure:3613: result: yes
configure:3613: checking magic.h presence
configure:3613: i486-TSOL-linux-gnu-gcc -E  -I/usr/xorg/include conftest.c
configure:3613: $? = 0
configure:3613: result: yes
configure:3613: checking for magic.h
configure:3613: result: yes
configure:3628: checking for curl_easy_init in -lcurl
configure:3653: i486-TSOL-linux-gnu-gcc -o conftest -Wall -g -O2  -I/usr/xorg/include  -L/usr/xorg/lib  -lz -lpthread -lmagic conftest.c -lcurl  -lmagic  -lz -lpthread -lmagic >&5
configure:3653: $? = 0
configure:3662: result: yes
configure:3677: checking curl/curl.h usability
configure:3677: i486-TSOL-linux-gnu-gcc -c -Wall -g -O2  -I/usr/xorg/include conftest.c >&5
configure:3677: $? = 0
configure:3677: result: yes
configure:3677: checking curl/curl.h presence
configure:3677: i486-TSOL-linux-gnu-gcc -E  -I/usr/xorg/include conftest.c
configure:3677: $? = 0
configure:3677: result: yes
configure:3677: checking for curl/curl.h
configure:3677: result: yes
configure:3843: creating ./config.status

## ---------------------- ##
## Running config.status. ##
## ---------------------- ##

This file was extended by binwalk config.status 0.4.5b, which was
generated by GNU Autoconf 2.65.  Invocation command line was

  CONFIG_FILES    = 
  CONFIG_HEADERS  = 
  CONFIG_LINKS    = 
  CONFIG_COMMANDS = 
  $ ./config.status 

on ubuntu4

config.status:728: creating Makefile

## ---------------- ##
## Cache variables. ##
## ---------------- ##

ac_cv_c_compiler_gnu=yes
ac_cv_env_CC_set=set
ac_cv_env_CC_value=i486-TSOL-linux-gnu-gcc
ac_cv_env_CFLAGS_set=
ac_cv_env_CFLAGS_value=
ac_cv_env_CPPFLAGS_set=set
ac_cv_env_CPPFLAGS_value=' -I/usr/xorg/include'
ac_cv_env_CPP_set=
ac_cv_env_CPP_value=
ac_cv_env_LDFLAGS_set=set
ac_cv_env_LDFLAGS_value=' -L/usr/xorg/lib'
ac_cv_env_LIBS_set=
ac_cv_env_LIBS_value=
ac_cv_env_build_alias_set=
ac_cv_env_build_alias_value=
ac_cv_env_host_alias_set=
ac_cv_env_host_alias_value=
ac_cv_env_target_alias_set=
ac_cv_env_target_alias_value=
ac_cv_func_malloc_0_nonnull=yes
ac_cv_func_memset=yes
ac_cv_func_pthread_create=yes
ac_cv_func_strdup=yes
ac_cv_func_strstr=yes
ac_cv_func_strtol=yes
ac_cv_header_arpa_inet_h=yes
ac_cv_header_curl_curl_h=yes
ac_cv_header_fcntl_h=yes
ac_cv_header_inttypes_h=yes
ac_cv_header_magic_h=yes
ac_cv_header_memory_h=yes
ac_cv_header_pthread_h=yes
ac_cv_header_stdc=yes
ac_cv_header_stdint_h=yes
ac_cv_header_stdlib_h=yes
ac_cv_header_string_h=yes
ac_cv_header_strings_h=yes
ac_cv_header_sys_stat_h=yes
ac_cv_header_sys_types_h=yes
ac_cv_header_unistd_h=yes
ac_cv_lib_curl_curl_easy_init=yes
ac_cv_lib_magic_magic_buffer=yes
ac_cv_objext=o
ac_cv_path_EGREP='/usr/bin/grep -E'
ac_cv_path_GREP=/usr/bin/grep
ac_cv_prog_CPP='i486-TSOL-linux-gnu-gcc -E'
ac_cv_prog_ac_ct_CC=i486-TSOL-linux-gnu-gcc
ac_cv_prog_cc_c89=
ac_cv_prog_cc_g=yes
ac_cv_type_size_t=yes

## ----------------- ##
## Output variables. ##
## ----------------- ##

CC='i486-TSOL-linux-gnu-gcc'
CFLAGS='-Wall -g -O2'
CPP='i486-TSOL-linux-gnu-gcc -E'
CPPFLAGS=' -I/usr/xorg/include'
DEFS='-DPACKAGE_NAME=\"binwalk\" -DPACKAGE_TARNAME=\"binwalk\" -DPACKAGE_VERSION=\"0.4.5b\" -DPACKAGE_STRING=\"binwalk\ 0.4.5b\" -DPACKAGE_BUGREPORT=\"http://code.google.com/p/binwalk/issues/list\" -DPACKAGE_URL=\"\" -DSTDC_HEADERS=1 -DHAVE_SYS_TYPES_H=1 -DHAVE_SYS_STAT_H=1 -DHAVE_STDLIB_H=1 -DHAVE_STRING_H=1 -DHAVE_MEMORY_H=1 -DHAVE_STRINGS_H=1 -DHAVE_INTTYPES_H=1 -DHAVE_STDINT_H=1 -DHAVE_UNISTD_H=1 -DHAVE_STDLIB_H=1 -DHAVE_MALLOC=1 -DSTDC_HEADERS=1 -DHAVE_ARPA_INET_H=1 -DHAVE_FCNTL_H=1 -DHAVE_STDLIB_H=1 -DHAVE_STRING_H=1 -DHAVE_UNISTD_H=1 -DHAVE_PTHREAD_H=1 -DHAVE_MEMSET=1 -DHAVE_STRDUP=1 -DHAVE_STRSTR=1 -DHAVE_STRTOL=1 -DHAVE_PTHREAD_CREATE=1 -DHAVE_LIBMAGIC=1 -DHAVE_MAGIC_H=1 -DHAVE_LIBCURL=1 -DHAVE_CURL_CURL_H=1'
ECHO_C=''
ECHO_N='-n'
ECHO_T=''
EGREP='/usr/bin/grep -E'
EXEEXT=''
GREP='/usr/bin/grep'
LDFLAGS='-lcurl  -L/usr/xorg/lib  -lz -lpthread -lmagic'
LIBOBJS=''
LIBS='-lcurl -lmagic  -lz -lpthread -lmagic'
LTLIBOBJS=''
OBJEXT='o'
PACKAGE_BUGREPORT='http://code.google.com/p/binwalk/issues/list'
PACKAGE_NAME='binwalk'
PACKAGE_STRING='binwalk 0.4.5b'
PACKAGE_TARNAME='binwalk'
PACKAGE_URL=''
PACKAGE_VERSION='0.4.5b'
PATH_SEPARATOR=':'
SHELL='/bin/sh'
ac_ct_CC='i486-TSOL-linux-gnu-gcc'
bindir='${exec_prefix}/bin'
build_alias=''
datadir='${datarootdir}'
datarootdir='${prefix}/share'
docdir='${datarootdir}/doc/${PACKAGE_TARNAME}'
dvidir='${docdir}'
exec_prefix='${prefix}'
host_alias=''
htmldir='${docdir}'
includedir='${prefix}/include'
infodir='${datarootdir}/info'
libdir='${exec_prefix}/lib'
libexecdir='${exec_prefix}/libexec'
localedir='${datarootdir}/locale'
localstatedir='${prefix}/var'
mandir='${datarootdir}/man'
oldincludedir='/usr/include'
pdfdir='${docdir}'
prefix='/usr'
program_transform_name='s,x,x,'
psdir='${docdir}'
sbindir='${exec_prefix}/sbin'
sharedstatedir='${prefix}/com'
sysconfdir='${prefix}/etc'
target_alias=''

## ----------- ##
## confdefs.h. ##
## ----------- ##

/* confdefs.h */
#define PACKAGE_NAME "binwalk"
#define PACKAGE_TARNAME "binwalk"
#define PACKAGE_VERSION "0.4.5b"
#define PACKAGE_STRING "binwalk 0.4.5b"
#define PACKAGE_BUGREPORT "http://code.google.com/p/binwalk/issues/list"
#define PACKAGE_URL ""
#define STDC_HEADERS 1
#define HAVE_SYS_TYPES_H 1
#define HAVE_SYS_STAT_H 1
#define HAVE_STDLIB_H 1
#define HAVE_STRING_H 1
#define HAVE_MEMORY_H 1
#define HAVE_STRINGS_H 1
#define HAVE_INTTYPES_H 1
#define HAVE_STDINT_H 1
#define HAVE_UNISTD_H 1
#define HAVE_STDLIB_H 1
#define HAVE_MALLOC 1
#define STDC_HEADERS 1
#define HAVE_ARPA_INET_H 1
#define HAVE_FCNTL_H 1
#define HAVE_STDLIB_H 1
#define HAVE_STRING_H 1
#define HAVE_UNISTD_H 1
#define HAVE_PTHREAD_H 1
#define HAVE_MEMSET 1
#define HAVE_STRDUP 1
#define HAVE_STRSTR 1
#define HAVE_STRTOL 1
#define HAVE_PTHREAD_CREATE 1
#define HAVE_LIBMAGIC 1
#define HAVE_MAGIC_H 1
#define HAVE_LIBCURL 1
#define HAVE_CURL_CURL_H 1

configure: exit 0
