This file contains any messages produced by compilers while
running configure, to aid debugging if configure makes a mistake.

It was created by xf86-video-nouveau configure 1.0.11, which was
generated by GNU Autoconf 2.69.  Invocation command line was

  $ ./configure --prefix=/usr/xorg CC=i486-TSOL-linux-gnu-gcc CFLAGS=-Os LDFLAGS=-static-libgcc

## --------- ##
## Platform. ##
## --------- ##

hostname = ubuntu4
uname -m = i686
uname -r = 3.2.16-030216-generic
uname -s = Linux
uname -v = #201204221935 SMP Sun Apr 22 23:42:49 UTC 2012

/usr/bin/uname -p = unknown
/bin/uname -X     = unknown

/bin/arch              = unknown
/usr/bin/arch -k       = unknown
/usr/convex/getsysinfo = unknown
/usr/bin/hostinfo      = unknown
/bin/machine           = unknown
/usr/bin/oslevel       = unknown
/bin/universe          = unknown

PATH: /usr/xorg/bin
PATH: /source/docbook-xsl-1.76.1/tools/bin
PATH: /bin
PATH: /sbin
PATH: /usr/bin
PATH: /usr/sbin
PATH: /usr/bin/X11
PATH: /usr/local/bin
PATH: /toolchain/bin
PATH: /toolchain/i486-TSOL-linux-gnu/bin/
PATH: /root/.local/bin
PATH: /usr/xorg/bin
PATH: /usr/xorg/bin


## ----------- ##
## Core tests. ##
## ----------- ##

configure:2324: checking for a BSD-compatible install
configure:2392: result: /bin/install -c
configure:2403: checking whether build environment is sane
configure:2458: result: yes
configure:2609: checking for a thread-safe mkdir -p
configure:2648: result: /bin/mkdir -p
configure:2655: checking for gawk
configure:2671: found /usr/bin/gawk
configure:2682: result: gawk
configure:2693: checking whether make sets $(MAKE)
configure:2715: result: yes
configure:2744: checking whether make supports nested variables
configure:2761: result: yes
configure:2898: checking whether make supports nested variables
configure:2915: result: yes
configure:2952: checking for style of include used by make
configure:2980: result: GNU
configure:3051: checking for gcc
configure:3078: result: i486-TSOL-linux-gnu-gcc
configure:3307: checking for C compiler version
configure:3316: i486-TSOL-linux-gnu-gcc --version >&5
i486-TSOL-linux-gnu-gcc (crosstool-NG 1.15.2) 4.6.3
Copyright (C) 2011 Free Software Foundation, Inc.
This is free software; see the source for copying conditions.  There is NO
warranty; not even for MERCHANTABILITY or FITNESS FOR A PARTICULAR PURPOSE.

configure:3327: $? = 0
configure:3316: i486-TSOL-linux-gnu-gcc -v >&5
Using built-in specs.
COLLECT_GCC=i486-TSOL-linux-gnu-gcc
COLLECT_LTO_WRAPPER=/toolchain/libexec/gcc/i486-TSOL-linux-gnu/4.6.3/lto-wrapper
Target: i486-TSOL-linux-gnu
Configured with: /TSOL/crosstool-ng-1.15.2/bin/.build/src/gcc-4.6.3/configure --build=i686-build_pc-linux-gnu --host=i686-build_pc-linux-gnu --target=i486-TSOL-linux-gnu --prefix=/toolchain --with-sysroot=/toolchain/i486-TSOL-linux-gnu/sysroot --enable-languages=c,c++ --with-arch=i486 --with-pkgversion='crosstool-NG 1.15.2' --enable-__cxa_atexit --disable-libmudflap --disable-libgomp --disable-libssp --with-gmp=/TSOL/crosstool-ng-1.15.2/bin/.build/i486-TSOL-linux-gnu/buildtools --with-mpfr=/TSOL/crosstool-ng-1.15.2/bin/.build/i486-TSOL-linux-gnu/buildtools --with-mpc=/TSOL/crosstool-ng-1.15.2/bin/.build/i486-TSOL-linux-gnu/buildtools --with-ppl=/TSOL/crosstool-ng-1.15.2/bin/.build/i486-TSOL-linux-gnu/buildtools --with-cloog=/TSOL/crosstool-ng-1.15.2/bin/.build/i486-TSOL-linux-gnu/buildtools --with-libelf=no --with-host-libstdcxx='-static-libgcc -Wl,-Bstatic,-lstdc++,-Bdynamic -lm -L/TSOL/crosstool-ng-1.15.2/bin/.build/i486-TSOL-linux-gnu/buildtools/lib -lpwl' --enable-threads=posix --enable-target-optspace --disable-multilib --with-local-prefix=/toolchain/i486-TSOL-linux-gnu/sysroot --enable-c99 --enable-long-long
Thread model: posix
gcc version 4.6.3 (crosstool-NG 1.15.2) 
configure:3327: $? = 0
configure:3316: i486-TSOL-linux-gnu-gcc -V >&5
i486-TSOL-linux-gnu-gcc: error: unrecognized option '-V'
i486-TSOL-linux-gnu-gcc: fatal error: no input files
compilation terminated.
configure:3327: $? = 1
configure:3316: i486-TSOL-linux-gnu-gcc -qversion >&5
i486-TSOL-linux-gnu-gcc: error: unrecognized option '-qversion'
i486-TSOL-linux-gnu-gcc: fatal error: no input files
compilation terminated.
configure:3327: $? = 1
configure:3347: checking whether the C compiler works
configure:3369: i486-TSOL-linux-gnu-gcc -Os  -static-libgcc conftest.c  >&5
configure:3373: $? = 0
configure:3421: result: yes
configure:3424: checking for C compiler default output file name
configure:3426: result: a.out
configure:3432: checking for suffix of executables
configure:3439: i486-TSOL-linux-gnu-gcc -o conftest -Os  -static-libgcc conftest.c  >&5
configure:3443: $? = 0
configure:3465: result: 
configure:3487: checking whether we are cross compiling
configure:3495: i486-TSOL-linux-gnu-gcc -o conftest -Os  -static-libgcc conftest.c  >&5
configure:3499: $? = 0
configure:3506: ./conftest
configure:3510: $? = 0
configure:3525: result: no
configure:3530: checking for suffix of object files
configure:3552: i486-TSOL-linux-gnu-gcc -c -Os  conftest.c >&5
configure:3556: $? = 0
configure:3577: result: o
configure:3581: checking whether we are using the GNU C compiler
configure:3600: i486-TSOL-linux-gnu-gcc -c -Os  conftest.c >&5
configure:3600: $? = 0
configure:3609: result: yes
configure:3618: checking whether i486-TSOL-linux-gnu-gcc accepts -g
configure:3638: i486-TSOL-linux-gnu-gcc -c -g  conftest.c >&5
configure:3638: $? = 0
configure:3679: result: yes
configure:3696: checking for i486-TSOL-linux-gnu-gcc option to accept ISO C89
configure:3759: i486-TSOL-linux-gnu-gcc  -c -Os  conftest.c >&5
configure:3759: $? = 0
configure:3772: result: none needed
configure:3797: checking whether i486-TSOL-linux-gnu-gcc understands -c and -o together
configure:3819: i486-TSOL-linux-gnu-gcc -c conftest.c -o conftest2.o
configure:3822: $? = 0
configure:3819: i486-TSOL-linux-gnu-gcc -c conftest.c -o conftest2.o
configure:3822: $? = 0
configure:3834: result: yes
configure:3853: checking dependency style of i486-TSOL-linux-gnu-gcc
configure:3964: result: gcc3
configure:3979: checking for i486-TSOL-linux-gnu-gcc option to accept ISO C99
configure:4128: i486-TSOL-linux-gnu-gcc  -c -Os  conftest.c >&5
conftest.c:65:29: error: expected ';', ',' or ')' before 'text'
conftest.c: In function 'main':
conftest.c:119:18: error: expected '=', ',', ';', 'asm' or '__attribute__' before 'newvar'
conftest.c:119:18: error: 'newvar' undeclared (first use in this function)
conftest.c:119:18: note: each undeclared identifier is reported only once for each function it appears in
conftest.c:129:3: error: 'for' loop initial declarations are only allowed in C99 mode
conftest.c:129:3: note: use option -std=c99 or -std=gnu99 to compile your code
configure:4128: $? = 1
configure: failed program was:
| /* confdefs.h */
| #define PACKAGE_NAME "xf86-video-nouveau"
| #define PACKAGE_TARNAME "xf86-video-nouveau"
| #define PACKAGE_VERSION "1.0.11"
| #define PACKAGE_STRING "xf86-video-nouveau 1.0.11"
| #define PACKAGE_BUGREPORT "https://bugs.freedesktop.org/enter_bug.cgi?product=xorg"
| #define PACKAGE_URL ""
| #define NV_MAJOR_VERSION 1
| #define NV_MINOR_VERSION 0
| #define NV_PATCHLEVEL 11
| #define NV_DRIVER_DATE ""
| #define PACKAGE "xf86-video-nouveau"
| #define VERSION "1.0.11"
| /* end confdefs.h.  */
| #include <stdarg.h>
| #include <stdbool.h>
| #include <stdlib.h>
| #include <wchar.h>
| #include <stdio.h>
| 
| // Check varargs macros.  These examples are taken from C99 6.10.3.5.
| #define debug(...) fprintf (stderr, __VA_ARGS__)
| #define showlist(...) puts (#__VA_ARGS__)
| #define report(test,...) ((test) ? puts (#test) : printf (__VA_ARGS__))
| static void
| test_varargs_macros (void)
| {
|   int x = 1234;
|   int y = 5678;
|   debug ("Flag");
|   debug ("X = %d\n", x);
|   showlist (The first, second, and third items.);
|   report (x>y, "x is %d but y is %d", x, y);
| }
| 
| // Check long long types.
| #define BIG64 18446744073709551615ull
| #define BIG32 4294967295ul
| #define BIG_OK (BIG64 / BIG32 == 4294967297ull && BIG64 % BIG32 == 0)
| #if !BIG_OK
|   your preprocessor is broken;
| #endif
| #if BIG_OK
| #else
|   your preprocessor is broken;
| #endif
| static long long int bignum = -9223372036854775807LL;
| static unsigned long long int ubignum = BIG64;
| 
| struct incomplete_array
| {
|   int datasize;
|   double data[];
| };
| 
| struct named_init {
|   int number;
|   const wchar_t *name;
|   double average;
| };
| 
| typedef const char *ccp;
| 
| static inline int
| test_restrict (ccp restrict text)
| {
|   // See if C++-style comments work.
|   // Iterate through items via the restricted pointer.
|   // Also check for declarations in for loops.
|   for (unsigned int i = 0; *(text+i) != '\0'; ++i)
|     continue;
|   return 0;
| }
| 
| // Check varargs and va_copy.
| static void
| test_varargs (const char *format, ...)
| {
|   va_list args;
|   va_start (args, format);
|   va_list args_copy;
|   va_copy (args_copy, args);
| 
|   const char *str;
|   int number;
|   float fnumber;
| 
|   while (*format)
|     {
|       switch (*format++)
| 	{
| 	case 's': // string
| 	  str = va_arg (args_copy, const char *);
| 	  break;
| 	case 'd': // int
| 	  number = va_arg (args_copy, int);
| 	  break;
| 	case 'f': // float
| 	  fnumber = va_arg (args_copy, double);
| 	  break;
| 	default:
| 	  break;
| 	}
|     }
|   va_end (args_copy);
|   va_end (args);
| }
| 
| int
| main ()
| {
| 
|   // Check bool.
|   _Bool success = false;
| 
|   // Check restrict.
|   if (test_restrict ("String literal") == 0)
|     success = true;
|   char *restrict newvar = "Another string";
| 
|   // Check varargs.
|   test_varargs ("s, d' f .", "string", 65, 34.234);
|   test_varargs_macros ();
| 
|   // Check flexible array members.
|   struct incomplete_array *ia =
|     malloc (sizeof (struct incomplete_array) + (sizeof (double) * 10));
|   ia->datasize = 10;
|   for (int i = 0; i < ia->datasize; ++i)
|     ia->data[i] = i * 1.234;
| 
|   // Check named initializers.
|   struct named_init ni = {
|     .number = 34,
|     .name = L"Test wide string",
|     .average = 543.34343,
|   };
| 
|   ni.number = 58;
| 
|   int dynamic_array[ni.number];
|   dynamic_array[ni.number - 1] = 543;
| 
|   // work around unused variable warnings
|   return (!success || bignum == 0LL || ubignum == 0uLL || newvar[0] == 'x'
| 	  || dynamic_array[ni.number - 1] != 543);
| 
|   ;
|   return 0;
| }
configure:4128: i486-TSOL-linux-gnu-gcc -std=gnu99 -c -Os  conftest.c >&5
configure:4128: $? = 0
configure:4148: result: -std=gnu99
configure:4162: checking how to run the C preprocessor
configure:4193: i486-TSOL-linux-gnu-gcc -std=gnu99 -E  conftest.c
configure:4193: $? = 0
configure:4207: i486-TSOL-linux-gnu-gcc -std=gnu99 -E  conftest.c
conftest.c:15:28: fatal error: ac_nonexistent.h: No such file or directory
compilation terminated.
configure:4207: $? = 1
configure: failed program was:
| /* confdefs.h */
| #define PACKAGE_NAME "xf86-video-nouveau"
| #define PACKAGE_TARNAME "xf86-video-nouveau"
| #define PACKAGE_VERSION "1.0.11"
| #define PACKAGE_STRING "xf86-video-nouveau 1.0.11"
| #define PACKAGE_BUGREPORT "https://bugs.freedesktop.org/enter_bug.cgi?product=xorg"
| #define PACKAGE_URL ""
| #define NV_MAJOR_VERSION 1
| #define NV_MINOR_VERSION 0
| #define NV_PATCHLEVEL 11
| #define NV_DRIVER_DATE ""
| #define PACKAGE "xf86-video-nouveau"
| #define VERSION "1.0.11"
| /* end confdefs.h.  */
| #include <ac_nonexistent.h>
configure:4232: result: i486-TSOL-linux-gnu-gcc -std=gnu99 -E
configure:4252: i486-TSOL-linux-gnu-gcc -std=gnu99 -E  conftest.c
configure:4252: $? = 0
configure:4266: i486-TSOL-linux-gnu-gcc -std=gnu99 -E  conftest.c
conftest.c:15:28: fatal error: ac_nonexistent.h: No such file or directory
compilation terminated.
configure:4266: $? = 1
configure: failed program was:
| /* confdefs.h */
| #define PACKAGE_NAME "xf86-video-nouveau"
| #define PACKAGE_TARNAME "xf86-video-nouveau"
| #define PACKAGE_VERSION "1.0.11"
| #define PACKAGE_STRING "xf86-video-nouveau 1.0.11"
| #define PACKAGE_BUGREPORT "https://bugs.freedesktop.org/enter_bug.cgi?product=xorg"
| #define PACKAGE_URL ""
| #define NV_MAJOR_VERSION 1
| #define NV_MINOR_VERSION 0
| #define NV_PATCHLEVEL 11
| #define NV_DRIVER_DATE ""
| #define PACKAGE "xf86-video-nouveau"
| #define VERSION "1.0.11"
| /* end confdefs.h.  */
| #include <ac_nonexistent.h>
configure:4295: checking for grep that handles long lines and -e
configure:4353: result: /usr/bin/grep
configure:4358: checking for egrep
configure:4420: result: /usr/bin/grep -E
configure:4425: checking for ANSI C header files
configure:4445: i486-TSOL-linux-gnu-gcc -std=gnu99 -c -Os  conftest.c >&5
configure:4445: $? = 0
configure:4518: i486-TSOL-linux-gnu-gcc -std=gnu99 -o conftest -Os  -static-libgcc conftest.c  >&5
configure:4518: $? = 0
configure:4518: ./conftest
configure:4518: $? = 0
configure:4529: result: yes
configure:4542: checking for sys/types.h
configure:4542: i486-TSOL-linux-gnu-gcc -std=gnu99 -c -Os  conftest.c >&5
configure:4542: $? = 0
configure:4542: result: yes
configure:4542: checking for sys/stat.h
configure:4542: i486-TSOL-linux-gnu-gcc -std=gnu99 -c -Os  conftest.c >&5
configure:4542: $? = 0
configure:4542: result: yes
configure:4542: checking for stdlib.h
configure:4542: i486-TSOL-linux-gnu-gcc -std=gnu99 -c -Os  conftest.c >&5
configure:4542: $? = 0
configure:4542: result: yes
configure:4542: checking for string.h
configure:4542: i486-TSOL-linux-gnu-gcc -std=gnu99 -c -Os  conftest.c >&5
configure:4542: $? = 0
configure:4542: result: yes
configure:4542: checking for memory.h
configure:4542: i486-TSOL-linux-gnu-gcc -std=gnu99 -c -Os  conftest.c >&5
configure:4542: $? = 0
configure:4542: result: yes
configure:4542: checking for strings.h
configure:4542: i486-TSOL-linux-gnu-gcc -std=gnu99 -c -Os  conftest.c >&5
configure:4542: $? = 0
configure:4542: result: yes
configure:4542: checking for inttypes.h
configure:4542: i486-TSOL-linux-gnu-gcc -std=gnu99 -c -Os  conftest.c >&5
configure:4542: $? = 0
configure:4542: result: yes
configure:4542: checking for stdint.h
configure:4542: i486-TSOL-linux-gnu-gcc -std=gnu99 -c -Os  conftest.c >&5
configure:4542: $? = 0
configure:4542: result: yes
configure:4542: checking for unistd.h
configure:4542: i486-TSOL-linux-gnu-gcc -std=gnu99 -c -Os  conftest.c >&5
configure:4542: $? = 0
configure:4542: result: yes
configure:4558: checking whether __clang__ is declared
configure:4558: i486-TSOL-linux-gnu-gcc -std=gnu99 -c -Os  conftest.c >&5
conftest.c: In function 'main':
conftest.c:65:10: error: '__clang__' undeclared (first use in this function)
conftest.c:65:10: note: each undeclared identifier is reported only once for each function it appears in
configure:4558: $? = 1
configure: failed program was:
| /* confdefs.h */
| #define PACKAGE_NAME "xf86-video-nouveau"
| #define PACKAGE_TARNAME "xf86-video-nouveau"
| #define PACKAGE_VERSION "1.0.11"
| #define PACKAGE_STRING "xf86-video-nouveau 1.0.11"
| #define PACKAGE_BUGREPORT "https://bugs.freedesktop.org/enter_bug.cgi?product=xorg"
| #define PACKAGE_URL ""
| #define NV_MAJOR_VERSION 1
| #define NV_MINOR_VERSION 0
| #define NV_PATCHLEVEL 11
| #define NV_DRIVER_DATE ""
| #define PACKAGE "xf86-video-nouveau"
| #define VERSION "1.0.11"
| #define STDC_HEADERS 1
| #define HAVE_SYS_TYPES_H 1
| #define HAVE_SYS_STAT_H 1
| #define HAVE_STDLIB_H 1
| #define HAVE_STRING_H 1
| #define HAVE_MEMORY_H 1
| #define HAVE_STRINGS_H 1
| #define HAVE_INTTYPES_H 1
| #define HAVE_STDINT_H 1
| #define HAVE_UNISTD_H 1
| /* end confdefs.h.  */
| #include <stdio.h>
| #ifdef HAVE_SYS_TYPES_H
| # include <sys/types.h>
| #endif
| #ifdef HAVE_SYS_STAT_H
| # include <sys/stat.h>
| #endif
| #ifdef STDC_HEADERS
| # include <stdlib.h>
| # include <stddef.h>
| #else
| # ifdef HAVE_STDLIB_H
| #  include <stdlib.h>
| # endif
| #endif
| #ifdef HAVE_STRING_H
| # if !defined STDC_HEADERS && defined HAVE_MEMORY_H
| #  include <memory.h>
| # endif
| # include <string.h>
| #endif
| #ifdef HAVE_STRINGS_H
| # include <strings.h>
| #endif
| #ifdef HAVE_INTTYPES_H
| # include <inttypes.h>
| #endif
| #ifdef HAVE_STDINT_H
| # include <stdint.h>
| #endif
| #ifdef HAVE_UNISTD_H
| # include <unistd.h>
| #endif
| int
| main ()
| {
| #ifndef __clang__
| #ifdef __cplusplus
|   (void) __clang__;
| #else
|   (void) __clang__;
| #endif
| #endif
| 
|   ;
|   return 0;
| }
configure:4558: result: no
configure:4565: checking whether __INTEL_COMPILER is declared
configure:4565: i486-TSOL-linux-gnu-gcc -std=gnu99 -c -Os  conftest.c >&5
conftest.c: In function 'main':
conftest.c:65:10: error: '__INTEL_COMPILER' undeclared (first use in this function)
conftest.c:65:10: note: each undeclared identifier is reported only once for each function it appears in
configure:4565: $? = 1
configure: failed program was:
| /* confdefs.h */
| #define PACKAGE_NAME "xf86-video-nouveau"
| #define PACKAGE_TARNAME "xf86-video-nouveau"
| #define PACKAGE_VERSION "1.0.11"
| #define PACKAGE_STRING "xf86-video-nouveau 1.0.11"
| #define PACKAGE_BUGREPORT "https://bugs.freedesktop.org/enter_bug.cgi?product=xorg"
| #define PACKAGE_URL ""
| #define NV_MAJOR_VERSION 1
| #define NV_MINOR_VERSION 0
| #define NV_PATCHLEVEL 11
| #define NV_DRIVER_DATE ""
| #define PACKAGE "xf86-video-nouveau"
| #define VERSION "1.0.11"
| #define STDC_HEADERS 1
| #define HAVE_SYS_TYPES_H 1
| #define HAVE_SYS_STAT_H 1
| #define HAVE_STDLIB_H 1
| #define HAVE_STRING_H 1
| #define HAVE_MEMORY_H 1
| #define HAVE_STRINGS_H 1
| #define HAVE_INTTYPES_H 1
| #define HAVE_STDINT_H 1
| #define HAVE_UNISTD_H 1
| /* end confdefs.h.  */
| #include <stdio.h>
| #ifdef HAVE_SYS_TYPES_H
| # include <sys/types.h>
| #endif
| #ifdef HAVE_SYS_STAT_H
| # include <sys/stat.h>
| #endif
| #ifdef STDC_HEADERS
| # include <stdlib.h>
| # include <stddef.h>
| #else
| # ifdef HAVE_STDLIB_H
| #  include <stdlib.h>
| # endif
| #endif
| #ifdef HAVE_STRING_H
| # if !defined STDC_HEADERS && defined HAVE_MEMORY_H
| #  include <memory.h>
| # endif
| # include <string.h>
| #endif
| #ifdef HAVE_STRINGS_H
| # include <strings.h>
| #endif
| #ifdef HAVE_INTTYPES_H
| # include <inttypes.h>
| #endif
| #ifdef HAVE_STDINT_H
| # include <stdint.h>
| #endif
| #ifdef HAVE_UNISTD_H
| # include <unistd.h>
| #endif
| int
| main ()
| {
| #ifndef __INTEL_COMPILER
| #ifdef __cplusplus
|   (void) __INTEL_COMPILER;
| #else
|   (void) __INTEL_COMPILER;
| #endif
| #endif
| 
|   ;
|   return 0;
| }
configure:4565: result: no
configure:4572: checking whether __SUNPRO_C is declared
configure:4572: i486-TSOL-linux-gnu-gcc -std=gnu99 -c -Os  conftest.c >&5
conftest.c: In function 'main':
conftest.c:65:10: error: '__SUNPRO_C' undeclared (first use in this function)
conftest.c:65:10: note: each undeclared identifier is reported only once for each function it appears in
configure:4572: $? = 1
configure: failed program was:
| /* confdefs.h */
| #define PACKAGE_NAME "xf86-video-nouveau"
| #define PACKAGE_TARNAME "xf86-video-nouveau"
| #define PACKAGE_VERSION "1.0.11"
| #define PACKAGE_STRING "xf86-video-nouveau 1.0.11"
| #define PACKAGE_BUGREPORT "https://bugs.freedesktop.org/enter_bug.cgi?product=xorg"
| #define PACKAGE_URL ""
| #define NV_MAJOR_VERSION 1
| #define NV_MINOR_VERSION 0
| #define NV_PATCHLEVEL 11
| #define NV_DRIVER_DATE ""
| #define PACKAGE "xf86-video-nouveau"
| #define VERSION "1.0.11"
| #define STDC_HEADERS 1
| #define HAVE_SYS_TYPES_H 1
| #define HAVE_SYS_STAT_H 1
| #define HAVE_STDLIB_H 1
| #define HAVE_STRING_H 1
| #define HAVE_MEMORY_H 1
| #define HAVE_STRINGS_H 1
| #define HAVE_INTTYPES_H 1
| #define HAVE_STDINT_H 1
| #define HAVE_UNISTD_H 1
| /* end confdefs.h.  */
| #include <stdio.h>
| #ifdef HAVE_SYS_TYPES_H
| # include <sys/types.h>
| #endif
| #ifdef HAVE_SYS_STAT_H
| # include <sys/stat.h>
| #endif
| #ifdef STDC_HEADERS
| # include <stdlib.h>
| # include <stddef.h>
| #else
| # ifdef HAVE_STDLIB_H
| #  include <stdlib.h>
| # endif
| #endif
| #ifdef HAVE_STRING_H
| # if !defined STDC_HEADERS && defined HAVE_MEMORY_H
| #  include <memory.h>
| # endif
| # include <string.h>
| #endif
| #ifdef HAVE_STRINGS_H
| # include <strings.h>
| #endif
| #ifdef HAVE_INTTYPES_H
| # include <inttypes.h>
| #endif
| #ifdef HAVE_STDINT_H
| # include <stdint.h>
| #endif
| #ifdef HAVE_UNISTD_H
| # include <unistd.h>
| #endif
| int
| main ()
| {
| #ifndef __SUNPRO_C
| #ifdef __cplusplus
|   (void) __SUNPRO_C;
| #else
|   (void) __SUNPRO_C;
| #endif
| #endif
| 
|   ;
|   return 0;
| }
configure:4572: result: no
configure:4634: checking for pkg-config
configure:4652: found /usr/bin/pkg-config
configure:4664: result: /usr/bin/pkg-config
configure:4689: checking pkg-config is at least version 0.9.0
configure:4692: result: yes
configure:4704: checking build system type
configure:4718: result: i686-pc-linux-gnu
configure:4738: checking host system type
configure:4751: result: i686-pc-linux-gnu
configure:4771: checking for a sed that does not truncate output
configure:4835: result: /usr/bin/sed
configure:4881: checking if i486-TSOL-linux-gnu-gcc -std=gnu99 supports -Werror=unknown-warning-option
configure:4890: i486-TSOL-linux-gnu-gcc -std=gnu99 -c -Os -Werror=unknown-warning-option  conftest.c >&5
cc1: error: -Werror=unknown-warning-option: no option -Wunknown-warning-option
configure:4890: $? = 1
configure: failed program was:
| /* confdefs.h */
| #define PACKAGE_NAME "xf86-video-nouveau"
| #define PACKAGE_TARNAME "xf86-video-nouveau"
| #define PACKAGE_VERSION "1.0.11"
| #define PACKAGE_STRING "xf86-video-nouveau 1.0.11"
| #define PACKAGE_BUGREPORT "https://bugs.freedesktop.org/enter_bug.cgi?product=xorg"
| #define PACKAGE_URL ""
| #define NV_MAJOR_VERSION 1
| #define NV_MINOR_VERSION 0
| #define NV_PATCHLEVEL 11
| #define NV_DRIVER_DATE ""
| #define PACKAGE "xf86-video-nouveau"
| #define VERSION "1.0.11"
| #define STDC_HEADERS 1
| #define HAVE_SYS_TYPES_H 1
| #define HAVE_SYS_STAT_H 1
| #define HAVE_STDLIB_H 1
| #define HAVE_STRING_H 1
| #define HAVE_MEMORY_H 1
| #define HAVE_STRINGS_H 1
| #define HAVE_INTTYPES_H 1
| #define HAVE_STDINT_H 1
| #define HAVE_UNISTD_H 1
| /* end confdefs.h.  */
| int i;
configure:4897: result: no
configure:4908: checking if i486-TSOL-linux-gnu-gcc -std=gnu99 supports -Werror=unused-command-line-argument
configure:4917: i486-TSOL-linux-gnu-gcc -std=gnu99 -c -Os -Werror=unused-command-line-argument  conftest.c >&5
cc1: error: -Werror=unused-command-line-argument: no option -Wunused-command-line-argument
configure:4917: $? = 1
configure: failed program was:
| /* confdefs.h */
| #define PACKAGE_NAME "xf86-video-nouveau"
| #define PACKAGE_TARNAME "xf86-video-nouveau"
| #define PACKAGE_VERSION "1.0.11"
| #define PACKAGE_STRING "xf86-video-nouveau 1.0.11"
| #define PACKAGE_BUGREPORT "https://bugs.freedesktop.org/enter_bug.cgi?product=xorg"
| #define PACKAGE_URL ""
| #define NV_MAJOR_VERSION 1
| #define NV_MINOR_VERSION 0
| #define NV_PATCHLEVEL 11
| #define NV_DRIVER_DATE ""
| #define PACKAGE "xf86-video-nouveau"
| #define VERSION "1.0.11"
| #define STDC_HEADERS 1
| #define HAVE_SYS_TYPES_H 1
| #define HAVE_SYS_STAT_H 1
| #define HAVE_STDLIB_H 1
| #define HAVE_STRING_H 1
| #define HAVE_MEMORY_H 1
| #define HAVE_STRINGS_H 1
| #define HAVE_INTTYPES_H 1
| #define HAVE_STDINT_H 1
| #define HAVE_UNISTD_H 1
| /* end confdefs.h.  */
| int i;
configure:4924: result: no
configure:4943: checking if i486-TSOL-linux-gnu-gcc -std=gnu99 supports-Wall
configure:4960: i486-TSOL-linux-gnu-gcc -std=gnu99 -o conftest -Os -Wall  -static-libgcc conftest.c  >&5
configure:4960: $? = 0
configure:4973: result: yes
configure:5061: checking if i486-TSOL-linux-gnu-gcc -std=gnu99 supports-Wpointer-arith
configure:5078: i486-TSOL-linux-gnu-gcc -std=gnu99 -o conftest -Os -Wpointer-arith  -static-libgcc conftest.c  >&5
configure:5078: $? = 0
configure:5091: result: yes
configure:5179: checking if i486-TSOL-linux-gnu-gcc -std=gnu99 supports-Wmissing-declarations
configure:5196: i486-TSOL-linux-gnu-gcc -std=gnu99 -o conftest -Os -Wmissing-declarations  -static-libgcc conftest.c  >&5
configure:5196: $? = 0
configure:5209: result: yes
configure:5297: checking if i486-TSOL-linux-gnu-gcc -std=gnu99 supports-Wformat=2
configure:5314: i486-TSOL-linux-gnu-gcc -std=gnu99 -o conftest -Os -Wformat=2  -static-libgcc conftest.c  >&5
configure:5314: $? = 0
configure:5327: result: yes
configure:5466: checking if i486-TSOL-linux-gnu-gcc -std=gnu99 supports-Wstrict-prototypes
configure:5483: i486-TSOL-linux-gnu-gcc -std=gnu99 -o conftest -Os -Wstrict-prototypes  -static-libgcc conftest.c  >&5
conftest.c:27:1: warning: function declaration isn't a prototype [-Wstrict-prototypes]
configure:5483: $? = 0
configure:5496: result: yes
configure:5584: checking if i486-TSOL-linux-gnu-gcc -std=gnu99 supports-Wmissing-prototypes
configure:5601: i486-TSOL-linux-gnu-gcc -std=gnu99 -o conftest -Os -Wmissing-prototypes  -static-libgcc conftest.c  >&5
configure:5601: $? = 0
configure:5614: result: yes
configure:5702: checking if i486-TSOL-linux-gnu-gcc -std=gnu99 supports-Wnested-externs
configure:5719: i486-TSOL-linux-gnu-gcc -std=gnu99 -o conftest -Os -Wnested-externs  -static-libgcc conftest.c  >&5
configure:5719: $? = 0
configure:5732: result: yes
configure:5820: checking if i486-TSOL-linux-gnu-gcc -std=gnu99 supports-Wbad-function-cast
configure:5837: i486-TSOL-linux-gnu-gcc -std=gnu99 -o conftest -Os -Wbad-function-cast  -static-libgcc conftest.c  >&5
configure:5837: $? = 0
configure:5850: result: yes
configure:5938: checking if i486-TSOL-linux-gnu-gcc -std=gnu99 supports-Wold-style-definition
configure:5955: i486-TSOL-linux-gnu-gcc -std=gnu99 -o conftest -Os -Wold-style-definition  -static-libgcc conftest.c  >&5
conftest.c: In function 'main':
conftest.c:27:1: warning: old-style function definition [-Wold-style-definition]
configure:5955: $? = 0
configure:5968: result: yes
configure:6056: checking if i486-TSOL-linux-gnu-gcc -std=gnu99 supports-Wdeclaration-after-statement
configure:6073: i486-TSOL-linux-gnu-gcc -std=gnu99 -o conftest -Os -Wdeclaration-after-statement  -static-libgcc conftest.c  >&5
configure:6073: $? = 0
configure:6086: result: yes
configure:6178: checking if i486-TSOL-linux-gnu-gcc -std=gnu99 supports-Wunused
configure:6195: i486-TSOL-linux-gnu-gcc -std=gnu99 -o conftest -Os -Wunused  -static-libgcc conftest.c  >&5
configure:6195: $? = 0
configure:6208: result: yes
configure:6296: checking if i486-TSOL-linux-gnu-gcc -std=gnu99 supports-Wuninitialized
configure:6313: i486-TSOL-linux-gnu-gcc -std=gnu99 -o conftest -Os -Wuninitialized  -static-libgcc conftest.c  >&5
configure:6313: $? = 0
configure:6326: result: yes
configure:6414: checking if i486-TSOL-linux-gnu-gcc -std=gnu99 supports-Wshadow
configure:6431: i486-TSOL-linux-gnu-gcc -std=gnu99 -o conftest -Os -Wshadow  -static-libgcc conftest.c  >&5
configure:6431: $? = 0
configure:6444: result: yes
configure:6532: checking if i486-TSOL-linux-gnu-gcc -std=gnu99 supports-Wcast-qual
configure:6549: i486-TSOL-linux-gnu-gcc -std=gnu99 -o conftest -Os -Wcast-qual  -static-libgcc conftest.c  >&5
configure:6549: $? = 0
configure:6562: result: yes
configure:6650: checking if i486-TSOL-linux-gnu-gcc -std=gnu99 supports-Wmissing-noreturn
configure:6667: i486-TSOL-linux-gnu-gcc -std=gnu99 -o conftest -Os -Wmissing-noreturn  -static-libgcc conftest.c  >&5
configure:6667: $? = 0
configure:6680: result: yes
configure:6768: checking if i486-TSOL-linux-gnu-gcc -std=gnu99 supports-Wmissing-format-attribute
configure:6785: i486-TSOL-linux-gnu-gcc -std=gnu99 -o conftest -Os -Wmissing-format-attribute  -static-libgcc conftest.c  >&5
configure:6785: $? = 0
configure:6798: result: yes
configure:6886: checking if i486-TSOL-linux-gnu-gcc -std=gnu99 supports-Wredundant-decls
configure:6903: i486-TSOL-linux-gnu-gcc -std=gnu99 -o conftest -Os -Wredundant-decls  -static-libgcc conftest.c  >&5
configure:6903: $? = 0
configure:6916: result: yes
configure:7016: checking if i486-TSOL-linux-gnu-gcc -std=gnu99 supports-Werror=implicit
configure:7033: i486-TSOL-linux-gnu-gcc -std=gnu99 -o conftest -Os -Werror=implicit  -static-libgcc conftest.c  >&5
configure:7033: $? = 0
configure:7046: result: yes
configure:7183: checking if i486-TSOL-linux-gnu-gcc -std=gnu99 supports-Werror=nonnull
configure:7200: i486-TSOL-linux-gnu-gcc -std=gnu99 -o conftest -Os -Werror=nonnull  -static-libgcc conftest.c  >&5
configure:7200: $? = 0
configure:7213: result: yes
configure:7301: checking if i486-TSOL-linux-gnu-gcc -std=gnu99 supports-Werror=init-self
configure:7318: i486-TSOL-linux-gnu-gcc -std=gnu99 -o conftest -Os -Werror=init-self  -static-libgcc conftest.c  >&5
configure:7318: $? = 0
configure:7331: result: yes
configure:7419: checking if i486-TSOL-linux-gnu-gcc -std=gnu99 supports-Werror=main
configure:7436: i486-TSOL-linux-gnu-gcc -std=gnu99 -o conftest -Os -Werror=main  -static-libgcc conftest.c  >&5
configure:7436: $? = 0
configure:7449: result: yes
configure:7537: checking if i486-TSOL-linux-gnu-gcc -std=gnu99 supports-Werror=missing-braces
configure:7554: i486-TSOL-linux-gnu-gcc -std=gnu99 -o conftest -Os -Werror=missing-braces  -static-libgcc conftest.c  >&5
configure:7554: $? = 0
configure:7567: result: yes
configure:7655: checking if i486-TSOL-linux-gnu-gcc -std=gnu99 supports-Werror=sequence-point
configure:7672: i486-TSOL-linux-gnu-gcc -std=gnu99 -o conftest -Os -Werror=sequence-point  -static-libgcc conftest.c  >&5
configure:7672: $? = 0
configure:7685: result: yes
configure:7773: checking if i486-TSOL-linux-gnu-gcc -std=gnu99 supports-Werror=return-type
configure:7790: i486-TSOL-linux-gnu-gcc -std=gnu99 -o conftest -Os -Werror=return-type  -static-libgcc conftest.c  >&5
configure:7790: $? = 0
configure:7803: result: yes
configure:7940: checking if i486-TSOL-linux-gnu-gcc -std=gnu99 supports-Werror=trigraphs
configure:7957: i486-TSOL-linux-gnu-gcc -std=gnu99 -o conftest -Os -Werror=trigraphs  -static-libgcc conftest.c  >&5
configure:7957: $? = 0
configure:7970: result: yes
configure:8058: checking if i486-TSOL-linux-gnu-gcc -std=gnu99 supports-Werror=array-bounds
configure:8075: i486-TSOL-linux-gnu-gcc -std=gnu99 -o conftest -Os -Werror=array-bounds  -static-libgcc conftest.c  >&5
configure:8075: $? = 0
configure:8088: result: yes
configure:8176: checking if i486-TSOL-linux-gnu-gcc -std=gnu99 supports-Werror=write-strings
configure:8193: i486-TSOL-linux-gnu-gcc -std=gnu99 -o conftest -Os -Werror=write-strings  -static-libgcc conftest.c  >&5
configure:8193: $? = 0
configure:8206: result: yes
configure:8294: checking if i486-TSOL-linux-gnu-gcc -std=gnu99 supports-Werror=address
configure:8311: i486-TSOL-linux-gnu-gcc -std=gnu99 -o conftest -Os -Werror=address  -static-libgcc conftest.c  >&5
configure:8311: $? = 0
configure:8324: result: yes
configure:8412: checking if i486-TSOL-linux-gnu-gcc -std=gnu99 supports-Werror=int-to-pointer-cast
configure:8429: i486-TSOL-linux-gnu-gcc -std=gnu99 -o conftest -Os -Werror=int-to-pointer-cast  -static-libgcc conftest.c  >&5
configure:8429: $? = 0
configure:8442: result: yes
configure:8579: checking if i486-TSOL-linux-gnu-gcc -std=gnu99 supports-Werror=pointer-to-int-cast
configure:8596: i486-TSOL-linux-gnu-gcc -std=gnu99 -o conftest -Os -Werror=pointer-to-int-cast  -static-libgcc conftest.c  >&5
configure:8596: $? = 0
configure:8609: result: yes
configure:10267: checking if i486-TSOL-linux-gnu-gcc -std=gnu99 supports-pedantic
configure:10284: i486-TSOL-linux-gnu-gcc -std=gnu99 -o conftest -Os -pedantic  -static-libgcc conftest.c  >&5
configure:10284: $? = 0
configure:10297: result: yes
configure:10385: checking if i486-TSOL-linux-gnu-gcc -std=gnu99 supports-Werror
configure:10402: i486-TSOL-linux-gnu-gcc -std=gnu99 -o conftest -Os -Werror  -static-libgcc conftest.c  >&5
configure:10402: $? = 0
configure:10415: result: yes
configure:10555: checking if i486-TSOL-linux-gnu-gcc -std=gnu99 supports-Werror=attributes
configure:10572: i486-TSOL-linux-gnu-gcc -std=gnu99 -o conftest -Os -Werror=attributes  -static-libgcc conftest.c  >&5
configure:10572: $? = 0
configure:10585: result: yes
configure:10745: checking whether make supports nested variables
configure:10762: result: yes
configure:10857: checking how to print strings
configure:10884: result: printf
configure:10905: checking for a sed that does not truncate output
configure:10969: result: /usr/bin/sed
configure:10987: checking for fgrep
configure:11049: result: /usr/bin/grep -F
configure:11084: checking for ld used by i486-TSOL-linux-gnu-gcc -std=gnu99
configure:11151: result: i486-TSOL-linux-gnu-ld
configure:11158: checking if the linker (i486-TSOL-linux-gnu-ld) is GNU ld
configure:11173: result: yes
configure:11185: checking for BSD- or MS-compatible name lister (nm)
configure:11234: result: /toolchain/i486-TSOL-linux-gnu/bin//nm -B
configure:11364: checking the name lister (/toolchain/i486-TSOL-linux-gnu/bin//nm -B) interface
configure:11371: i486-TSOL-linux-gnu-gcc -std=gnu99 -c -Os  conftest.c >&5
configure:11374: /toolchain/i486-TSOL-linux-gnu/bin//nm -B "conftest.o"
configure:11377: output
00000000 B some_variable
configure:11384: result: BSD nm
configure:11387: checking whether ln -s works
configure:11391: result: yes
configure:11399: checking the maximum length of command line arguments
configure:11530: result: 1572864
configure:11547: checking whether the shell understands some XSI constructs
configure:11557: result: yes
configure:11561: checking whether the shell understands "+="
configure:11567: result: yes
configure:11602: checking how to convert i686-pc-linux-gnu file names to i686-pc-linux-gnu format
configure:11642: result: func_convert_file_noop
configure:11649: checking how to convert i686-pc-linux-gnu file names to toolchain format
configure:11669: result: func_convert_file_noop
configure:11676: checking for i486-TSOL-linux-gnu-ld option to reload object files
configure:11683: result: -r
configure:11757: checking for objdump
configure:11773: found /toolchain/i486-TSOL-linux-gnu/bin//objdump
configure:11784: result: objdump
configure:11816: checking how to recognize dependent libraries
configure:12014: result: pass_all
configure:12099: checking for dlltool
configure:12129: result: no
configure:12159: checking how to associate runtime and link libraries
configure:12186: result: printf %s\n
configure:12246: checking for ar
configure:12262: found /toolchain/i486-TSOL-linux-gnu/bin//ar
configure:12273: result: ar
configure:12310: checking for archiver @FILE support
configure:12327: i486-TSOL-linux-gnu-gcc -std=gnu99 -c -Os  conftest.c >&5
configure:12327: $? = 0
configure:12330: ar cru libconftest.a @conftest.lst >&5
configure:12333: $? = 0
configure:12338: ar cru libconftest.a @conftest.lst >&5
ar: conftest.o: No such file or directory
configure:12341: $? = 1
configure:12353: result: @
configure:12411: checking for strip
configure:12427: found /toolchain/i486-TSOL-linux-gnu/bin//strip
configure:12438: result: strip
configure:12510: checking for ranlib
configure:12526: found /toolchain/i486-TSOL-linux-gnu/bin//ranlib
configure:12537: result: ranlib
configure:12639: checking command to parse /toolchain/i486-TSOL-linux-gnu/bin//nm -B output from i486-TSOL-linux-gnu-gcc -std=gnu99 object
configure:12759: i486-TSOL-linux-gnu-gcc -std=gnu99 -c -Os  conftest.c >&5
configure:12762: $? = 0
configure:12766: /toolchain/i486-TSOL-linux-gnu/bin//nm -B conftest.o \| sed -n -e 's/^.*[ ]\([ABCDGIRSTW][ABCDGIRSTW]*\)[ ][ ]*\([_A-Za-z][_A-Za-z0-9]*\)$/\1 \2 \2/p' | sed '/ __gnu_lto/d' \> conftest.nm
configure:12769: $? = 0
configure:12835: i486-TSOL-linux-gnu-gcc -std=gnu99 -o conftest -Os  -static-libgcc conftest.c conftstm.o >&5
configure:12838: $? = 0
configure:12876: result: ok
configure:12913: checking for sysroot
configure:12943: result: no
configure:13212: checking for mt
configure:13242: result: no
configure:13262: checking if : is a manifest tool
configure:13268: : '-?'
configure:13276: result: no
configure:13915: checking for dlfcn.h
configure:13915: i486-TSOL-linux-gnu-gcc -std=gnu99 -c -Os  conftest.c >&5
configure:13915: $? = 0
configure:13915: result: yes
configure:14091: checking for objdir
configure:14106: result: .libs
configure:14373: checking if i486-TSOL-linux-gnu-gcc -std=gnu99 supports -fno-rtti -fno-exceptions
configure:14391: i486-TSOL-linux-gnu-gcc -std=gnu99 -c -Os  -fno-rtti -fno-exceptions conftest.c >&5
cc1: warning: command line option '-fno-rtti' is valid for C++/ObjC++ but not for C [enabled by default]
configure:14395: $? = 0
configure:14408: result: no
configure:14735: checking for i486-TSOL-linux-gnu-gcc -std=gnu99 option to produce PIC
configure:14742: result: -fPIC -DPIC
configure:14750: checking if i486-TSOL-linux-gnu-gcc -std=gnu99 PIC flag -fPIC -DPIC works
configure:14768: i486-TSOL-linux-gnu-gcc -std=gnu99 -c -Os  -fPIC -DPIC -DPIC conftest.c >&5
configure:14772: $? = 0
configure:14785: result: yes
configure:14814: checking if i486-TSOL-linux-gnu-gcc -std=gnu99 static flag -static works
configure:14842: result: yes
configure:14857: checking if i486-TSOL-linux-gnu-gcc -std=gnu99 supports -c -o file.o
configure:14878: i486-TSOL-linux-gnu-gcc -std=gnu99 -c -Os  -o out/conftest2.o conftest.c >&5
configure:14882: $? = 0
configure:14904: result: yes
configure:14912: checking if i486-TSOL-linux-gnu-gcc -std=gnu99 supports -c -o file.o
configure:14959: result: yes
configure:14992: checking whether the i486-TSOL-linux-gnu-gcc -std=gnu99 linker (i486-TSOL-linux-gnu-ld) supports shared libraries
configure:16149: result: yes
configure:16186: checking whether -lc should be explicitly linked in
configure:16194: i486-TSOL-linux-gnu-gcc -std=gnu99 -c -Os  conftest.c >&5
configure:16197: $? = 0
configure:16212: i486-TSOL-linux-gnu-gcc -std=gnu99 -shared  -fPIC -DPIC conftest.o  -v -Wl,-soname -Wl,conftest -o conftest 2\>\&1 \| /usr/bin/grep  -lc  \>/dev/null 2\>\&1
configure:16215: $? = 0
configure:16229: result: no
configure:16389: checking dynamic linker characteristics
configure:16889: i486-TSOL-linux-gnu-gcc -std=gnu99 -o conftest -Os  -static-libgcc -Wl,-rpath -Wl,/foo conftest.c  >&5
configure:16889: $? = 0
configure:17123: result: GNU/Linux ld.so
configure:17230: checking how to hardcode library paths into programs
configure:17255: result: immediate
configure:17795: checking whether stripping libraries is possible
configure:17800: result: yes
configure:17835: checking if libtool supports shared libraries
configure:17837: result: yes
configure:17840: checking whether to build shared libraries
configure:17861: result: yes
configure:17864: checking whether to build static libraries
configure:17868: result: no
configure:17953: checking for gcc
configure:17980: result: i486-TSOL-linux-gnu-gcc
configure:18209: checking for C compiler version
configure:18218: i486-TSOL-linux-gnu-gcc --version >&5
i486-TSOL-linux-gnu-gcc (crosstool-NG 1.15.2) 4.6.3
Copyright (C) 2011 Free Software Foundation, Inc.
This is free software; see the source for copying conditions.  There is NO
warranty; not even for MERCHANTABILITY or FITNESS FOR A PARTICULAR PURPOSE.

configure:18229: $? = 0
configure:18218: i486-TSOL-linux-gnu-gcc -v >&5
Using built-in specs.
COLLECT_GCC=i486-TSOL-linux-gnu-gcc
COLLECT_LTO_WRAPPER=/toolchain/libexec/gcc/i486-TSOL-linux-gnu/4.6.3/lto-wrapper
Target: i486-TSOL-linux-gnu
Configured with: /TSOL/crosstool-ng-1.15.2/bin/.build/src/gcc-4.6.3/configure --build=i686-build_pc-linux-gnu --host=i686-build_pc-linux-gnu --target=i486-TSOL-linux-gnu --prefix=/toolchain --with-sysroot=/toolchain/i486-TSOL-linux-gnu/sysroot --enable-languages=c,c++ --with-arch=i486 --with-pkgversion='crosstool-NG 1.15.2' --enable-__cxa_atexit --disable-libmudflap --disable-libgomp --disable-libssp --with-gmp=/TSOL/crosstool-ng-1.15.2/bin/.build/i486-TSOL-linux-gnu/buildtools --with-mpfr=/TSOL/crosstool-ng-1.15.2/bin/.build/i486-TSOL-linux-gnu/buildtools --with-mpc=/TSOL/crosstool-ng-1.15.2/bin/.build/i486-TSOL-linux-gnu/buildtools --with-ppl=/TSOL/crosstool-ng-1.15.2/bin/.build/i486-TSOL-linux-gnu/buildtools --with-cloog=/TSOL/crosstool-ng-1.15.2/bin/.build/i486-TSOL-linux-gnu/buildtools --with-libelf=no --with-host-libstdcxx='-static-libgcc -Wl,-Bstatic,-lstdc++,-Bdynamic -lm -L/TSOL/crosstool-ng-1.15.2/bin/.build/i486-TSOL-linux-gnu/buildtools/lib -lpwl' --enable-threads=posix --enable-target-optspace --disable-multilib --with-local-prefix=/toolchain/i486-TSOL-linux-gnu/sysroot --enable-c99 --enable-long-long
Thread model: posix
gcc version 4.6.3 (crosstool-NG 1.15.2) 
configure:18229: $? = 0
configure:18218: i486-TSOL-linux-gnu-gcc -V >&5
i486-TSOL-linux-gnu-gcc: error: unrecognized option '-V'
i486-TSOL-linux-gnu-gcc: fatal error: no input files
compilation terminated.
configure:18229: $? = 1
configure:18218: i486-TSOL-linux-gnu-gcc -qversion >&5
i486-TSOL-linux-gnu-gcc: error: unrecognized option '-qversion'
i486-TSOL-linux-gnu-gcc: fatal error: no input files
compilation terminated.
configure:18229: $? = 1
configure:18233: checking whether we are using the GNU C compiler
configure:18261: result: yes
configure:18270: checking whether i486-TSOL-linux-gnu-gcc accepts -g
configure:18331: result: yes
configure:18348: checking for i486-TSOL-linux-gnu-gcc option to accept ISO C89
configure:18424: result: none needed
configure:18449: checking whether i486-TSOL-linux-gnu-gcc understands -c and -o together
configure:18486: result: yes
configure:18505: checking dependency style of i486-TSOL-linux-gnu-gcc
configure:18616: result: gcc3
configure:18664: i486-TSOL-linux-gnu-gcc -c -Os -I/usr/xorg/include/xorg  conftest.c >&5
configure:18664: $? = 0
configure:18671: checking if RANDR is defined
configure:18673: result: yes
configure:18699: i486-TSOL-linux-gnu-gcc -c -Os -I/usr/xorg/include/xorg  conftest.c >&5
configure:18699: $? = 0
configure:18706: checking if RENDER is defined
configure:18708: result: yes
configure:18734: i486-TSOL-linux-gnu-gcc -c -Os -I/usr/xorg/include/xorg  conftest.c >&5
configure:18734: $? = 0
configure:18741: checking if XV is defined
configure:18743: result: yes
configure:18769: i486-TSOL-linux-gnu-gcc -c -Os -I/usr/xorg/include/xorg  conftest.c >&5
configure:18769: $? = 0
configure:18776: checking if DPMSExtension is defined
configure:18778: result: yes
configure:18804: i486-TSOL-linux-gnu-gcc -c -Os -I/usr/xorg/include/xorg  conftest.c >&5
configure:18804: $? = 0
configure:18811: checking if DRI2 is defined
configure:18813: result: yes
configure:18823: checking for LIBDRM
configure:18830: $PKG_CONFIG --exists --print-errors "libdrm >= 2.4.17"
configure:18833: $? = 0
configure:18847: $PKG_CONFIG --exists --print-errors "libdrm >= 2.4.17"
configure:18850: $? = 0
configure:18908: result: yes
configure:18914: checking for LIBDRM_NOUVEAU
configure:18921: $PKG_CONFIG --exists --print-errors "libdrm_nouveau >= 2.4.25"
configure:18924: $? = 0
configure:18938: $PKG_CONFIG --exists --print-errors "libdrm_nouveau >= 2.4.25"
configure:18941: $? = 0
configure:18999: result: yes
configure:19008: checking for XORG
configure:19015: $PKG_CONFIG --exists --print-errors "xorg-server >= 1.8 xproto fontsproto libdrm $REQUIRED_MODULES"
configure:19018: $? = 0
configure:19032: $PKG_CONFIG --exists --print-errors "xorg-server >= 1.8 xproto fontsproto libdrm $REQUIRED_MODULES"
configure:19035: $? = 0
configure:19093: result: yes
configure:19099: checking for XEXT
configure:19106: $PKG_CONFIG --exists --print-errors "xextproto >= 7.0.99.1"
configure:19109: $? = 0
configure:19123: $PKG_CONFIG --exists --print-errors "xextproto >= 7.0.99.1"
configure:19126: $? = 0
configure:19164: result: yes
configure:19183: checking for PCIACCESS
configure:19190: $PKG_CONFIG --exists --print-errors "pciaccess >= 0.10"
configure:19193: $? = 0
configure:19207: $PKG_CONFIG --exists --print-errors "pciaccess >= 0.10"
configure:19210: $? = 0
configure:19268: result: yes
configure:19275: checking for LIBUDEV
configure:19282: $PKG_CONFIG --exists --print-errors "libudev"
configure:19285: $? = 0
configure:19299: $PKG_CONFIG --exists --print-errors "libudev"
configure:19302: $? = 0
configure:19340: result: yes
configure:19361: checking for ANSI C header files
configure:19465: result: yes
configure:19491: i486-TSOL-linux-gnu-gcc -c -Os -Wall -minline-all-stringops  conftest.c >&5
configure:19491: $? = 0
configure:19625: checking for list.h
configure:19625: i486-TSOL-linux-gnu-gcc -c -Os -Wall -minline-all-stringops -fvisibility=hidden -I/usr/xorg/include/xorg -I/usr/xorg/include -I/usr/xorg/include/pixman-1 -I/usr/xorg/include/X11/dri -I/usr/xorg/include/libdrm    conftest.c >&5
configure:19625: $? = 0
configure:19625: result: yes
configure:19641: checking whether xorg_list_init is declared
configure:19641: i486-TSOL-linux-gnu-gcc -c -Os -Wall -minline-all-stringops -fvisibility=hidden -I/usr/xorg/include/xorg -I/usr/xorg/include -I/usr/xorg/include/pixman-1 -I/usr/xorg/include/X11/dri -I/usr/xorg/include/libdrm    conftest.c >&5
configure:19641: $? = 0
configure:19641: result: yes
configure:19655: checking for glamor.h
configure:19655: i486-TSOL-linux-gnu-gcc -c -Os -Wall -minline-all-stringops -fvisibility=hidden -I/usr/xorg/include/xorg -I/usr/xorg/include -I/usr/xorg/include/pixman-1 -I/usr/xorg/include/X11/dri -I/usr/xorg/include/libdrm    conftest.c >&5
conftest.c:40:20: fatal error: glamor.h: No such file or directory
compilation terminated.
configure:19655: $? = 1
configure: failed program was:
| /* confdefs.h */
| #define PACKAGE_NAME "xf86-video-nouveau"
| #define PACKAGE_TARNAME "xf86-video-nouveau"
| #define PACKAGE_VERSION "1.0.11"
| #define PACKAGE_STRING "xf86-video-nouveau 1.0.11"
| #define PACKAGE_BUGREPORT "https://bugs.freedesktop.org/enter_bug.cgi?product=xorg"
| #define PACKAGE_URL ""
| #define NV_MAJOR_VERSION 1
| #define NV_MINOR_VERSION 0
| #define NV_PATCHLEVEL 11
| #define NV_DRIVER_DATE ""
| #define PACKAGE "xf86-video-nouveau"
| #define VERSION "1.0.11"
| #define STDC_HEADERS 1
| #define HAVE_SYS_TYPES_H 1
| #define HAVE_SYS_STAT_H 1
| #define HAVE_STDLIB_H 1
| #define HAVE_STRING_H 1
| #define HAVE_MEMORY_H 1
| #define HAVE_STRINGS_H 1
| #define HAVE_INTTYPES_H 1
| #define HAVE_STDINT_H 1
| #define HAVE_UNISTD_H 1
| #define PACKAGE_VERSION_MAJOR 1
| #define PACKAGE_VERSION_MINOR 0
| #define PACKAGE_VERSION_PATCHLEVEL 11
| #define HAVE_DLFCN_H 1
| #define LT_OBJDIR ".libs/"
| #define HAVE_XEXTPROTO_71 1
| #define HAVE_LIBUDEV 1
| #define STDC_HEADERS 1
| #define PACKAGE_VERSION_MAJOR 1
| #define PACKAGE_VERSION_MINOR 0
| #define PACKAGE_VERSION_PATCHLEVEL 11
| #define HAVE_LIST_H 1
| #define HAVE_XORG_LIST 1
| /* end confdefs.h.  */
| #include "xorg-server.h"
| 
| #include <glamor.h>
configure:19655: result: no
configure:19668: checking whether to include GLAMOR support
configure:19678: result: no
configure:19793: checking that generated files are newer than configure
configure:19799: result: done
configure:19834: creating ./config.status

## ---------------------- ##
## Running config.status. ##
## ---------------------- ##

This file was extended by xf86-video-nouveau config.status 1.0.11, which was
generated by GNU Autoconf 2.69.  Invocation command line was

  CONFIG_FILES    = 
  CONFIG_HEADERS  = 
  CONFIG_LINKS    = 
  CONFIG_COMMANDS = 
  $ ./config.status 

on ubuntu4

config.status:1148: creating Makefile
config.status:1148: creating src/Makefile
config.status:1148: creating man/Makefile
config.status:1148: creating config.h
config.status:1377: executing depfiles commands
config.status:1377: executing libtool commands

## ---------------- ##
## Cache variables. ##
## ---------------- ##

ac_cv_build=i686-pc-linux-gnu
ac_cv_c_compiler_gnu=yes
ac_cv_env_CC_set=set
ac_cv_env_CC_value=i486-TSOL-linux-gnu-gcc
ac_cv_env_CFLAGS_set=set
ac_cv_env_CFLAGS_value=-Os
ac_cv_env_CPPFLAGS_set=
ac_cv_env_CPPFLAGS_value=
ac_cv_env_CPP_set=
ac_cv_env_CPP_value=
ac_cv_env_LDFLAGS_set=set
ac_cv_env_LDFLAGS_value=-static-libgcc
ac_cv_env_LIBDRM_CFLAGS_set=
ac_cv_env_LIBDRM_CFLAGS_value=
ac_cv_env_LIBDRM_LIBS_set=
ac_cv_env_LIBDRM_LIBS_value=
ac_cv_env_LIBDRM_NOUVEAU_CFLAGS_set=
ac_cv_env_LIBDRM_NOUVEAU_CFLAGS_value=
ac_cv_env_LIBDRM_NOUVEAU_LIBS_set=
ac_cv_env_LIBDRM_NOUVEAU_LIBS_value=
ac_cv_env_LIBS_set=
ac_cv_env_LIBS_value=
ac_cv_env_LIBUDEV_CFLAGS_set=
ac_cv_env_LIBUDEV_CFLAGS_value=
ac_cv_env_LIBUDEV_LIBS_set=
ac_cv_env_LIBUDEV_LIBS_value=
ac_cv_env_PCIACCESS_CFLAGS_set=
ac_cv_env_PCIACCESS_CFLAGS_value=
ac_cv_env_PCIACCESS_LIBS_set=
ac_cv_env_PCIACCESS_LIBS_value=
ac_cv_env_PKG_CONFIG_LIBDIR_set=
ac_cv_env_PKG_CONFIG_LIBDIR_value=
ac_cv_env_PKG_CONFIG_PATH_set=set
ac_cv_env_PKG_CONFIG_PATH_value=/usr/xorg/share/pkgconfig:/usr/xorg/lib/pkgconfig:/usr/xorg/lib/pkgconfig:/usr/xorg/share/pkgconfig:/usr/xorg/lib/pkgconfig:/usr/xorg/share/pkgconfig:
ac_cv_env_PKG_CONFIG_set=
ac_cv_env_PKG_CONFIG_value=
ac_cv_env_XEXT_CFLAGS_set=
ac_cv_env_XEXT_CFLAGS_value=
ac_cv_env_XEXT_LIBS_set=
ac_cv_env_XEXT_LIBS_value=
ac_cv_env_XORG_CFLAGS_set=
ac_cv_env_XORG_CFLAGS_value=
ac_cv_env_XORG_LIBS_set=
ac_cv_env_XORG_LIBS_value=
ac_cv_env_build_alias_set=
ac_cv_env_build_alias_value=
ac_cv_env_host_alias_set=
ac_cv_env_host_alias_value=
ac_cv_env_target_alias_set=
ac_cv_env_target_alias_value=
ac_cv_have_decl___INTEL_COMPILER=no
ac_cv_have_decl___SUNPRO_C=no
ac_cv_have_decl___clang__=no
ac_cv_have_decl_xorg_list_init=yes
ac_cv_header_dlfcn_h=yes
ac_cv_header_glamor_h=no
ac_cv_header_inttypes_h=yes
ac_cv_header_list_h=yes
ac_cv_header_memory_h=yes
ac_cv_header_stdc=yes
ac_cv_header_stdint_h=yes
ac_cv_header_stdlib_h=yes
ac_cv_header_string_h=yes
ac_cv_header_strings_h=yes
ac_cv_header_sys_stat_h=yes
ac_cv_header_sys_types_h=yes
ac_cv_header_unistd_h=yes
ac_cv_host=i686-pc-linux-gnu
ac_cv_objext=o
ac_cv_path_EGREP='/usr/bin/grep -E'
ac_cv_path_FGREP='/usr/bin/grep -F'
ac_cv_path_GREP=/usr/bin/grep
ac_cv_path_SED=/usr/bin/sed
ac_cv_path_ac_pt_PKG_CONFIG=/usr/bin/pkg-config
ac_cv_path_install='/bin/install -c'
ac_cv_path_mkdir=/bin/mkdir
ac_cv_prog_AWK=gawk
ac_cv_prog_CPP='i486-TSOL-linux-gnu-gcc -std=gnu99 -E'
ac_cv_prog_ac_ct_AR=ar
ac_cv_prog_ac_ct_CC=i486-TSOL-linux-gnu-gcc
ac_cv_prog_ac_ct_OBJDUMP=objdump
ac_cv_prog_ac_ct_RANLIB=ranlib
ac_cv_prog_ac_ct_STRIP=strip
ac_cv_prog_cc_c89=
ac_cv_prog_cc_c99=-std=gnu99
ac_cv_prog_cc_g=yes
ac_cv_prog_make_make_set=yes
am_cv_CC_dependencies_compiler_type=gcc3
am_cv_make_support_nested_variables=yes
am_cv_prog_cc_c_o=yes
lt_cv_ar_at_file=@
lt_cv_archive_cmds_need_lc=no
lt_cv_deplibs_check_method=pass_all
lt_cv_file_magic_cmd='$MAGIC_CMD'
lt_cv_file_magic_test_file=
lt_cv_ld_reload_flag=-r
lt_cv_nm_interface='BSD nm'
lt_cv_objdir=.libs
lt_cv_path_LD=i486-TSOL-linux-gnu-ld
lt_cv_path_NM='/toolchain/i486-TSOL-linux-gnu/bin//nm -B'
lt_cv_path_mainfest_tool=no
lt_cv_prog_compiler_c_o=yes
lt_cv_prog_compiler_pic='-fPIC -DPIC'
lt_cv_prog_compiler_pic_works=yes
lt_cv_prog_compiler_rtti_exceptions=no
lt_cv_prog_compiler_static_works=yes
lt_cv_prog_gnu_ld=yes
lt_cv_sharedlib_from_linklib_cmd='printf %s\n'
lt_cv_shlibpath_overrides_runpath=yes
lt_cv_sys_global_symbol_pipe='sed -n -e '\''s/^.*[	 ]\([ABCDGIRSTW][ABCDGIRSTW]*\)[	 ][	 ]*\([_A-Za-z][_A-Za-z0-9]*\)$/\1 \2 \2/p'\'' | sed '\''/ __gnu_lto/d'\'''
lt_cv_sys_global_symbol_to_c_name_address='sed -n -e '\''s/^: \([^ ]*\)[ ]*$/  {\"\1\", (void *) 0},/p'\'' -e '\''s/^[ABCDGIRSTW]* \([^ ]*\) \([^ ]*\)$/  {"\2", (void *) \&\2},/p'\'''
lt_cv_sys_global_symbol_to_c_name_address_lib_prefix='sed -n -e '\''s/^: \([^ ]*\)[ ]*$/  {\"\1\", (void *) 0},/p'\'' -e '\''s/^[ABCDGIRSTW]* \([^ ]*\) \(lib[^ ]*\)$/  {"\2", (void *) \&\2},/p'\'' -e '\''s/^[ABCDGIRSTW]* \([^ ]*\) \([^ ]*\)$/  {"lib\2", (void *) \&\2},/p'\'''
lt_cv_sys_global_symbol_to_cdecl='sed -n -e '\''s/^T .* \(.*\)$/extern int \1();/p'\'' -e '\''s/^[ABCDGIRSTW]* .* \(.*\)$/extern char \1;/p'\'''
lt_cv_sys_max_cmd_len=1572864
lt_cv_to_host_file_cmd=func_convert_file_noop
lt_cv_to_tool_file_cmd=func_convert_file_noop
pkg_cv_LIBDRM_CFLAGS='-I/usr/xorg/include -I/usr/xorg/include/libdrm  '
pkg_cv_LIBDRM_LIBS='-L/usr/xorg/lib -ldrm  '
pkg_cv_LIBDRM_NOUVEAU_CFLAGS='-I/usr/xorg/include -I/usr/xorg/include/libdrm  '
pkg_cv_LIBDRM_NOUVEAU_LIBS='-L/usr/xorg/lib -ldrm_nouveau  '
pkg_cv_LIBUDEV_CFLAGS=' '
pkg_cv_LIBUDEV_LIBS='-ludev -lrt  '
pkg_cv_PCIACCESS_CFLAGS='-I/usr/xorg/include  '
pkg_cv_PCIACCESS_LIBS='-L/usr/xorg/lib -lpciaccess  '
pkg_cv_XEXT_CFLAGS='-I/usr/xorg/include  '
pkg_cv_XEXT_LIBS=' '
pkg_cv_XORG_CFLAGS='-fvisibility=hidden -I/usr/xorg/include/xorg -I/usr/xorg/include -I/usr/xorg/include/pixman-1 -I/usr/xorg/include/X11/dri -I/usr/xorg/include/libdrm  '
pkg_cv_XORG_LIBS='-L/usr/xorg/lib -ldrm  '
xorg_cv_cc_flag__Wall=yes
xorg_cv_cc_flag__Wbad_function_cast=yes
xorg_cv_cc_flag__Wcast_qual=yes
xorg_cv_cc_flag__Wdeclaration_after_statement=yes
xorg_cv_cc_flag__Werror=yes
xorg_cv_cc_flag__Werror_address=yes
xorg_cv_cc_flag__Werror_array_bounds=yes
xorg_cv_cc_flag__Werror_attributes=yes
xorg_cv_cc_flag__Werror_implicit=yes
xorg_cv_cc_flag__Werror_init_self=yes
xorg_cv_cc_flag__Werror_int_to_pointer_cast=yes
xorg_cv_cc_flag__Werror_main=yes
xorg_cv_cc_flag__Werror_missing_braces=yes
xorg_cv_cc_flag__Werror_nonnull=yes
xorg_cv_cc_flag__Werror_pointer_to_int_cast=yes
xorg_cv_cc_flag__Werror_return_type=yes
xorg_cv_cc_flag__Werror_sequence_point=yes
xorg_cv_cc_flag__Werror_trigraphs=yes
xorg_cv_cc_flag__Werror_write_strings=yes
xorg_cv_cc_flag__Wformat_2=yes
xorg_cv_cc_flag__Wmissing_declarations=yes
xorg_cv_cc_flag__Wmissing_format_attribute=yes
xorg_cv_cc_flag__Wmissing_noreturn=yes
xorg_cv_cc_flag__Wmissing_prototypes=yes
xorg_cv_cc_flag__Wnested_externs=yes
xorg_cv_cc_flag__Wold_style_definition=yes
xorg_cv_cc_flag__Wpointer_arith=yes
xorg_cv_cc_flag__Wredundant_decls=yes
xorg_cv_cc_flag__Wshadow=yes
xorg_cv_cc_flag__Wstrict_prototypes=yes
xorg_cv_cc_flag__Wuninitialized=yes
xorg_cv_cc_flag__Wunused=yes
xorg_cv_cc_flag__pedantic=yes
xorg_cv_cc_flag_unknown_warning_option=no
xorg_cv_cc_flag_unused_command_line_argument=no

## ----------------- ##
## Output variables. ##
## ----------------- ##

ACLOCAL='aclocal -I/usr/xorg/share/aclocal -I /usr/xorg/share/aclocal'
ADMIN_MAN_DIR='$(mandir)/man$(ADMIN_MAN_SUFFIX)'
ADMIN_MAN_SUFFIX='8'
AMDEPBACKSLASH='\'
AMDEP_FALSE='#'
AMDEP_TRUE=''
AMTAR='$${TAR-tar}'
AM_BACKSLASH='\'
AM_DEFAULT_V='$(AM_DEFAULT_VERBOSITY)'
AM_DEFAULT_VERBOSITY='0'
AM_V='$(V)'
APP_MAN_DIR='$(mandir)/man$(APP_MAN_SUFFIX)'
APP_MAN_SUFFIX='1'
AR='ar'
AUTOCONF='${SHELL} /source/xorg-ponix4/driver/xf86-video-nouveau-1.0.11/missing autoconf'
AUTOHEADER='${SHELL} /source/xorg-ponix4/driver/xf86-video-nouveau-1.0.11/missing autoheader'
AUTOMAKE='${SHELL} /source/xorg-ponix4/driver/xf86-video-nouveau-1.0.11/missing automake-1.14'
AWK='gawk'
BASE_CFLAGS=' -Wall -Wpointer-arith -Wmissing-declarations -Wformat=2 -Wstrict-prototypes -Wmissing-prototypes -Wnested-externs -Wbad-function-cast -Wold-style-definition -Wdeclaration-after-statement -Wunused -Wuninitialized -Wshadow -Wcast-qual -Wmissing-noreturn -Wmissing-format-attribute -Wredundant-decls -Werror=implicit -Werror=nonnull -Werror=init-self -Werror=main -Werror=missing-braces -Werror=sequence-point -Werror=return-type -Werror=trigraphs -Werror=array-bounds -Werror=write-strings -Werror=address -Werror=int-to-pointer-cast -Werror=pointer-to-int-cast'
CC='i486-TSOL-linux-gnu-gcc'
CCDEPMODE='depmode=gcc3'
CFLAGS='-Os -Wall -minline-all-stringops -fvisibility=hidden -I/usr/xorg/include/xorg -I/usr/xorg/include -I/usr/xorg/include/pixman-1 -I/usr/xorg/include/X11/dri -I/usr/xorg/include/libdrm  '
CHANGELOG_CMD='(GIT_DIR=$(top_srcdir)/.git git log > $(top_srcdir)/.changelog.tmp && mv $(top_srcdir)/.changelog.tmp $(top_srcdir)/ChangeLog) || (rm -f $(top_srcdir)/.changelog.tmp; touch $(top_srcdir)/ChangeLog; echo '\''git directory not found: installing possibly empty changelog.'\'' >&2)'
CPP='i486-TSOL-linux-gnu-gcc -std=gnu99 -E'
CPPFLAGS=''
CWARNFLAGS=' -Wall -Wpointer-arith -Wmissing-declarations -Wformat=2 -Wstrict-prototypes -Wmissing-prototypes -Wnested-externs -Wbad-function-cast -Wold-style-definition -Wdeclaration-after-statement -Wunused -Wuninitialized -Wshadow -Wcast-qual -Wmissing-noreturn -Wmissing-format-attribute -Wredundant-decls -Werror=implicit -Werror=nonnull -Werror=init-self -Werror=main -Werror=missing-braces -Werror=sequence-point -Werror=return-type -Werror=trigraphs -Werror=array-bounds -Werror=write-strings -Werror=address -Werror=int-to-pointer-cast -Werror=pointer-to-int-cast -fno-strict-aliasing'
CYGPATH_W='echo'
DEFS='-DHAVE_CONFIG_H'
DEPDIR='.deps'
DLLTOOL='false'
DRIVER_MAN_DIR='$(mandir)/man$(DRIVER_MAN_SUFFIX)'
DRIVER_MAN_SUFFIX='4'
DRIVER_NAME='nouveau'
DSYMUTIL=''
DUMPBIN=''
ECHO_C=''
ECHO_N='-n'
ECHO_T=''
EGREP='/usr/bin/grep -E'
EXEEXT=''
FGREP='/usr/bin/grep -F'
FILE_MAN_DIR='$(mandir)/man$(FILE_MAN_SUFFIX)'
FILE_MAN_SUFFIX='5'
GREP='/usr/bin/grep'
HAVE_XEXTPROTO_71_FALSE='#'
HAVE_XEXTPROTO_71_TRUE=''
INSTALL_CMD='(cp -f /usr/xorg/share/util-macros/INSTALL $(top_srcdir)/.INSTALL.tmp && mv $(top_srcdir)/.INSTALL.tmp $(top_srcdir)/INSTALL) || (rm -f $(top_srcdir)/.INSTALL.tmp; touch $(top_srcdir)/INSTALL; echo '\''util-macros "pkgdatadir" from xorg-macros.pc not found: installing possibly empty INSTALL.'\'' >&2)'
INSTALL_DATA='${INSTALL} -m 644'
INSTALL_PROGRAM='${INSTALL}'
INSTALL_SCRIPT='${INSTALL}'
INSTALL_STRIP_PROGRAM='$(install_sh) -c -s'
LD='i486-TSOL-linux-gnu-ld'
LDFLAGS='-static-libgcc'
LIBDRM_CFLAGS='-I/usr/xorg/include -I/usr/xorg/include/libdrm  '
LIBDRM_LIBS='-L/usr/xorg/lib -ldrm  '
LIBDRM_NOUVEAU_CFLAGS='-I/usr/xorg/include -I/usr/xorg/include/libdrm  '
LIBDRM_NOUVEAU_LIBS='-L/usr/xorg/lib -ldrm_nouveau  '
LIBOBJS=''
LIBS=''
LIBTOOL='$(SHELL) $(top_builddir)/libtool'
LIBUDEV_CFLAGS=' '
LIBUDEV_FALSE='#'
LIBUDEV_LIBS='-ludev -lrt  '
LIBUDEV_TRUE=''
LIB_MAN_DIR='$(mandir)/man$(LIB_MAN_SUFFIX)'
LIB_MAN_SUFFIX='3'
LIPO=''
LN_S='ln -s'
LTLIBOBJS=''
MAKEINFO='${SHELL} /source/xorg-ponix4/driver/xf86-video-nouveau-1.0.11/missing makeinfo'
MANIFEST_TOOL=':'
MAN_SUBSTS='	-e '\''s|__vendorversion__|"$(PACKAGE_STRING)" "$(XORG_MAN_PAGE)"|'\'' 	-e '\''s|__xorgversion__|"$(PACKAGE_STRING)" "$(XORG_MAN_PAGE)"|'\'' 	-e '\''s|__xservername__|Xorg|g'\'' 	-e '\''s|__xconfigfile__|xorg.conf|g'\'' 	-e '\''s|__projectroot__|$(prefix)|g'\'' 	-e '\''s|__apploaddir__|$(appdefaultdir)|g'\'' 	-e '\''s|__appmansuffix__|$(APP_MAN_SUFFIX)|g'\'' 	-e '\''s|__drivermansuffix__|$(DRIVER_MAN_SUFFIX)|g'\'' 	-e '\''s|__adminmansuffix__|$(ADMIN_MAN_SUFFIX)|g'\'' 	-e '\''s|__libmansuffix__|$(LIB_MAN_SUFFIX)|g'\'' 	-e '\''s|__miscmansuffix__|$(MISC_MAN_SUFFIX)|g'\'' 	-e '\''s|__filemansuffix__|$(FILE_MAN_SUFFIX)|g'\'''
MISC_MAN_DIR='$(mandir)/man$(MISC_MAN_SUFFIX)'
MISC_MAN_SUFFIX='7'
MKDIR_P='/bin/mkdir -p'
NM='/toolchain/i486-TSOL-linux-gnu/bin//nm -B'
NMEDIT=''
OBJDUMP='objdump'
OBJEXT='o'
OTOOL64=''
OTOOL=''
PACKAGE='xf86-video-nouveau'
PACKAGE_BUGREPORT='https://bugs.freedesktop.org/enter_bug.cgi?product=xorg'
PACKAGE_NAME='xf86-video-nouveau'
PACKAGE_STRING='xf86-video-nouveau 1.0.11'
PACKAGE_TARNAME='xf86-video-nouveau'
PACKAGE_URL=''
PACKAGE_VERSION='1.0.11'
PATH_SEPARATOR=':'
PCIACCESS_CFLAGS='-I/usr/xorg/include  '
PCIACCESS_LIBS='-L/usr/xorg/lib -lpciaccess  '
PKG_CONFIG='/usr/bin/pkg-config'
PKG_CONFIG_LIBDIR=''
PKG_CONFIG_PATH='/usr/xorg/share/pkgconfig:/usr/xorg/lib/pkgconfig:/usr/xorg/lib/pkgconfig:/usr/xorg/share/pkgconfig:/usr/xorg/lib/pkgconfig:/usr/xorg/share/pkgconfig:'
RANLIB='ranlib'
SED='/usr/bin/sed'
SET_MAKE=''
SHELL='/bin/sh'
STRICT_CFLAGS=' -pedantic -Werror -Werror=attributes'
STRIP='strip'
VERSION='1.0.11'
XEXT_CFLAGS='-I/usr/xorg/include  '
XEXT_LIBS=' '
XORG_CFLAGS='-fvisibility=hidden -I/usr/xorg/include/xorg -I/usr/xorg/include -I/usr/xorg/include/pixman-1 -I/usr/xorg/include/X11/dri -I/usr/xorg/include/libdrm  '
XORG_LIBS='-L/usr/xorg/lib -ldrm  '
XORG_MAN_PAGE='X Version 11'
ac_ct_AR='ar'
ac_ct_CC='i486-TSOL-linux-gnu-gcc'
ac_ct_DUMPBIN=''
am__EXEEXT_FALSE=''
am__EXEEXT_TRUE='#'
am__fastdepCC_FALSE='#'
am__fastdepCC_TRUE=''
am__include='include'
am__isrc=''
am__leading_dot='.'
am__nodep='_no'
am__quote=''
am__tar='$${TAR-tar} chof - "$$tardir"'
am__untar='$${TAR-tar} xf -'
bindir='${exec_prefix}/bin'
build='i686-pc-linux-gnu'
build_alias=''
build_cpu='i686'
build_os='linux-gnu'
build_vendor='pc'
datadir='${datarootdir}'
datarootdir='${prefix}/share'
docdir='${datarootdir}/doc/${PACKAGE_TARNAME}'
dvidir='${docdir}'
exec_prefix='${prefix}'
host='i686-pc-linux-gnu'
host_alias=''
host_cpu='i686'
host_os='linux-gnu'
host_vendor='pc'
htmldir='${docdir}'
includedir='${prefix}/include'
infodir='${datarootdir}/info'
install_sh='${SHELL} /source/xorg-ponix4/driver/xf86-video-nouveau-1.0.11/install-sh'
libdir='${exec_prefix}/lib'
libexecdir='${exec_prefix}/libexec'
localedir='${datarootdir}/locale'
localstatedir='${prefix}/var'
mandir='${datarootdir}/man'
mkdir_p='$(MKDIR_P)'
moduledir='${exec_prefix}/lib/xorg/modules'
oldincludedir='/usr/include'
pdfdir='${docdir}'
prefix='/usr/xorg'
program_transform_name='s,x,x,'
psdir='${docdir}'
sbindir='${exec_prefix}/sbin'
sharedstatedir='${prefix}/com'
sysconfdir='${prefix}/etc'
target_alias=''

## ----------- ##
## confdefs.h. ##
## ----------- ##

/* confdefs.h */
#define PACKAGE_NAME "xf86-video-nouveau"
#define PACKAGE_TARNAME "xf86-video-nouveau"
#define PACKAGE_VERSION "1.0.11"
#define PACKAGE_STRING "xf86-video-nouveau 1.0.11"
#define PACKAGE_BUGREPORT "https://bugs.freedesktop.org/enter_bug.cgi?product=xorg"
#define PACKAGE_URL ""
#define NV_MAJOR_VERSION 1
#define NV_MINOR_VERSION 0
#define NV_PATCHLEVEL 11
#define NV_DRIVER_DATE ""
#define PACKAGE "xf86-video-nouveau"
#define VERSION "1.0.11"
#define STDC_HEADERS 1
#define HAVE_SYS_TYPES_H 1
#define HAVE_SYS_STAT_H 1
#define HAVE_STDLIB_H 1
#define HAVE_STRING_H 1
#define HAVE_MEMORY_H 1
#define HAVE_STRINGS_H 1
#define HAVE_INTTYPES_H 1
#define HAVE_STDINT_H 1
#define HAVE_UNISTD_H 1
#define PACKAGE_VERSION_MAJOR 1
#define PACKAGE_VERSION_MINOR 0
#define PACKAGE_VERSION_PATCHLEVEL 11
#define HAVE_DLFCN_H 1
#define LT_OBJDIR ".libs/"
#define HAVE_XEXTPROTO_71 1
#define HAVE_LIBUDEV 1
#define STDC_HEADERS 1
#define PACKAGE_VERSION_MAJOR 1
#define PACKAGE_VERSION_MINOR 0
#define PACKAGE_VERSION_PATCHLEVEL 11
#define HAVE_LIST_H 1
#define HAVE_XORG_LIST 1

configure: exit 0
