This file contains any messages produced by compilers while
running configure, to aid debugging if configure makes a mistake.

It was created by configure, which was
generated by GNU Autoconf 2.68.  Invocation command line was

  $ ./configure --prefix=/usr --disable-python --enable-shared

## --------- ##
## Platform. ##
## --------- ##

hostname = ubuntu4
uname -m = i686
uname -r = 3.2.16-030216-generic
uname -s = Linux
uname -v = #201204221935 SMP Sun Apr 22 23:42:49 UTC 2012

/usr/bin/uname -p = unknown
/bin/uname -X     = unknown

/bin/arch              = unknown
/usr/bin/arch -k       = unknown
/usr/convex/getsysinfo = unknown
/usr/bin/hostinfo      = unknown
/bin/machine           = unknown
/usr/bin/oslevel       = unknown
/bin/universe          = unknown

PATH: /source/docbook-xsl-1.76.1/tools/bin
PATH: /bin
PATH: /sbin
PATH: /usr/bin
PATH: /usr/sbin
PATH: /usr/bin/X11
PATH: /usr/local/bin
PATH: /toolchain/bin
PATH: /toolchain/i486-TSOL-linux-gnu/bin/
PATH: /root/.local/bin
PATH: /usr/xorg/bin


## ----------- ##
## Core tests. ##
## ----------- ##

configure:2738: checking build system type
configure:2752: result: i686-pc-linux-gnu
configure:2772: checking host system type
configure:2785: result: i686-pc-linux-gnu
configure:2821: checking for a BSD-compatible install
configure:2889: result: /bin/install -c
configure:2900: checking whether build environment is sane
configure:2950: result: yes
configure:3091: checking for a thread-safe mkdir -p
configure:3130: result: /bin/mkdir -p
configure:3143: checking for gawk
configure:3159: found /usr/bin/gawk
configure:3170: result: gawk
configure:3181: checking whether make sets $(MAKE)
configure:3203: result: yes
configure:3376: checking for gcc
configure:3403: result: i486-TSOL-linux-gnu-gcc
configure:3632: checking for C compiler version
configure:3641: i486-TSOL-linux-gnu-gcc --version >&5
i486-TSOL-linux-gnu-gcc (crosstool-NG 1.15.2) 4.6.3
Copyright (C) 2011 Free Software Foundation, Inc.
This is free software; see the source for copying conditions.  There is NO
warranty; not even for MERCHANTABILITY or FITNESS FOR A PARTICULAR PURPOSE.

configure:3652: $? = 0
configure:3641: i486-TSOL-linux-gnu-gcc -v >&5
Using built-in specs.
COLLECT_GCC=i486-TSOL-linux-gnu-gcc
COLLECT_LTO_WRAPPER=/toolchain/libexec/gcc/i486-TSOL-linux-gnu/4.6.3/lto-wrapper
Target: i486-TSOL-linux-gnu
Configured with: /TSOL/crosstool-ng-1.15.2/bin/.build/src/gcc-4.6.3/configure --build=i686-build_pc-linux-gnu --host=i686-build_pc-linux-gnu --target=i486-TSOL-linux-gnu --prefix=/toolchain --with-sysroot=/toolchain/i486-TSOL-linux-gnu/sysroot --enable-languages=c,c++ --with-arch=i486 --with-pkgversion='crosstool-NG 1.15.2' --enable-__cxa_atexit --disable-libmudflap --disable-libgomp --disable-libssp --with-gmp=/TSOL/crosstool-ng-1.15.2/bin/.build/i486-TSOL-linux-gnu/buildtools --with-mpfr=/TSOL/crosstool-ng-1.15.2/bin/.build/i486-TSOL-linux-gnu/buildtools --with-mpc=/TSOL/crosstool-ng-1.15.2/bin/.build/i486-TSOL-linux-gnu/buildtools --with-ppl=/TSOL/crosstool-ng-1.15.2/bin/.build/i486-TSOL-linux-gnu/buildtools --with-cloog=/TSOL/crosstool-ng-1.15.2/bin/.build/i486-TSOL-linux-gnu/buildtools --with-libelf=no --with-host-libstdcxx='-static-libgcc -Wl,-Bstatic,-lstdc++,-Bdynamic -lm -L/TSOL/crosstool-ng-1.15.2/bin/.build/i486-TSOL-linux-gnu/buildtools/lib -lpwl' --enable-threads=posix --enable-target-optspace --disable-multilib --with-local-prefix=/toolchain/i486-TSOL-linux-gnu/sysroot --enable-c99 --enable-long-long
Thread model: posix
gcc version 4.6.3 (crosstool-NG 1.15.2) 
configure:3652: $? = 0
configure:3641: i486-TSOL-linux-gnu-gcc -V >&5
i486-TSOL-linux-gnu-gcc: error: unrecognized option '-V'
i486-TSOL-linux-gnu-gcc: fatal error: no input files
compilation terminated.
configure:3652: $? = 1
configure:3641: i486-TSOL-linux-gnu-gcc -qversion >&5
i486-TSOL-linux-gnu-gcc: error: unrecognized option '-qversion'
i486-TSOL-linux-gnu-gcc: fatal error: no input files
compilation terminated.
configure:3652: $? = 1
configure:3672: checking whether the C compiler works
configure:3694: i486-TSOL-linux-gnu-gcc -Os -D_GNU_SOURCE  -static-libgcc conftest.c  >&5
configure:3698: $? = 0
configure:3746: result: yes
configure:3749: checking for C compiler default output file name
configure:3751: result: a.out
configure:3757: checking for suffix of executables
configure:3764: i486-TSOL-linux-gnu-gcc -o conftest -Os -D_GNU_SOURCE  -static-libgcc conftest.c  >&5
configure:3768: $? = 0
configure:3790: result: 
configure:3812: checking whether we are cross compiling
configure:3820: i486-TSOL-linux-gnu-gcc -o conftest -Os -D_GNU_SOURCE  -static-libgcc conftest.c  >&5
configure:3824: $? = 0
configure:3831: ./conftest
configure:3835: $? = 0
configure:3850: result: no
configure:3855: checking for suffix of object files
configure:3877: i486-TSOL-linux-gnu-gcc -c -Os -D_GNU_SOURCE  conftest.c >&5
configure:3881: $? = 0
configure:3902: result: o
configure:3906: checking whether we are using the GNU C compiler
configure:3925: i486-TSOL-linux-gnu-gcc -c -Os -D_GNU_SOURCE  conftest.c >&5
configure:3925: $? = 0
configure:3934: result: yes
configure:3943: checking whether i486-TSOL-linux-gnu-gcc accepts -g
configure:3963: i486-TSOL-linux-gnu-gcc -c -g  conftest.c >&5
configure:3963: $? = 0
configure:4004: result: yes
configure:4021: checking for i486-TSOL-linux-gnu-gcc option to accept ISO C89
configure:4085: i486-TSOL-linux-gnu-gcc  -c -Os -D_GNU_SOURCE  conftest.c >&5
configure:4085: $? = 0
configure:4098: result: none needed
configure:4129: checking for style of include used by make
configure:4157: result: GNU
configure:4182: checking dependency style of i486-TSOL-linux-gnu-gcc
configure:4292: result: gcc3
configure:4312: checking how to run the C preprocessor
configure:4343: i486-TSOL-linux-gnu-gcc -E  conftest.c
configure:4343: $? = 0
configure:4357: i486-TSOL-linux-gnu-gcc -E  conftest.c
conftest.c:11:28: fatal error: ac_nonexistent.h: No such file or directory
compilation terminated.
configure:4357: $? = 1
configure: failed program was:
| /* confdefs.h */
| #define PACKAGE_NAME ""
| #define PACKAGE_TARNAME ""
| #define PACKAGE_VERSION ""
| #define PACKAGE_STRING ""
| #define PACKAGE_BUGREPORT ""
| #define PACKAGE_URL ""
| #define PACKAGE "alsa-lib"
| #define VERSION "1.0.25"
| /* end confdefs.h.  */
| #include <ac_nonexistent.h>
configure:4382: result: i486-TSOL-linux-gnu-gcc -E
configure:4402: i486-TSOL-linux-gnu-gcc -E  conftest.c
configure:4402: $? = 0
configure:4416: i486-TSOL-linux-gnu-gcc -E  conftest.c
conftest.c:11:28: fatal error: ac_nonexistent.h: No such file or directory
compilation terminated.
configure:4416: $? = 1
configure: failed program was:
| /* confdefs.h */
| #define PACKAGE_NAME ""
| #define PACKAGE_TARNAME ""
| #define PACKAGE_VERSION ""
| #define PACKAGE_STRING ""
| #define PACKAGE_BUGREPORT ""
| #define PACKAGE_URL ""
| #define PACKAGE "alsa-lib"
| #define VERSION "1.0.25"
| /* end confdefs.h.  */
| #include <ac_nonexistent.h>
configure:4445: checking whether ln -s works
configure:4449: result: yes
configure:4531: checking for a sed that does not truncate output
configure:4585: result: /usr/bin/sed
configure:4588: checking for grep that handles long lines and -e
configure:4646: result: /usr/bin/grep
configure:4651: checking for egrep
configure:4713: result: /usr/bin/grep -E
configure:4729: checking for ld used by i486-TSOL-linux-gnu-gcc
configure:4796: result: i486-TSOL-linux-gnu-ld
configure:4803: checking if the linker (i486-TSOL-linux-gnu-ld) is GNU ld
configure:4818: result: yes
configure:4823: checking for i486-TSOL-linux-gnu-ld option to reload object files
configure:4830: result: -r
configure:4848: checking for BSD-compatible nm
configure:4897: result: /toolchain/i486-TSOL-linux-gnu/bin//nm -B
configure:4901: checking how to recognise dependent libraries
configure:5077: result: pass_all
configure:5282: checking for ANSI C header files
configure:5302: i486-TSOL-linux-gnu-gcc -c -Os -D_GNU_SOURCE  conftest.c >&5
configure:5302: $? = 0
configure:5375: i486-TSOL-linux-gnu-gcc -o conftest -Os -D_GNU_SOURCE  -static-libgcc conftest.c  >&5
configure:5375: $? = 0
configure:5375: ./conftest
configure:5375: $? = 0
configure:5386: result: yes
configure:5399: checking for sys/types.h
configure:5399: i486-TSOL-linux-gnu-gcc -c -Os -D_GNU_SOURCE  conftest.c >&5
configure:5399: $? = 0
configure:5399: result: yes
configure:5399: checking for sys/stat.h
configure:5399: i486-TSOL-linux-gnu-gcc -c -Os -D_GNU_SOURCE  conftest.c >&5
configure:5399: $? = 0
configure:5399: result: yes
configure:5399: checking for stdlib.h
configure:5399: i486-TSOL-linux-gnu-gcc -c -Os -D_GNU_SOURCE  conftest.c >&5
configure:5399: $? = 0
configure:5399: result: yes
configure:5399: checking for string.h
configure:5399: i486-TSOL-linux-gnu-gcc -c -Os -D_GNU_SOURCE  conftest.c >&5
configure:5399: $? = 0
configure:5399: result: yes
configure:5399: checking for memory.h
configure:5399: i486-TSOL-linux-gnu-gcc -c -Os -D_GNU_SOURCE  conftest.c >&5
configure:5399: $? = 0
configure:5399: result: yes
configure:5399: checking for strings.h
configure:5399: i486-TSOL-linux-gnu-gcc -c -Os -D_GNU_SOURCE  conftest.c >&5
configure:5399: $? = 0
configure:5399: result: yes
configure:5399: checking for inttypes.h
configure:5399: i486-TSOL-linux-gnu-gcc -c -Os -D_GNU_SOURCE  conftest.c >&5
configure:5399: $? = 0
configure:5399: result: yes
configure:5399: checking for stdint.h
configure:5399: i486-TSOL-linux-gnu-gcc -c -Os -D_GNU_SOURCE  conftest.c >&5
configure:5399: $? = 0
configure:5399: result: yes
configure:5399: checking for unistd.h
configure:5399: i486-TSOL-linux-gnu-gcc -c -Os -D_GNU_SOURCE  conftest.c >&5
configure:5399: $? = 0
configure:5399: result: yes
configure:5413: checking dlfcn.h usability
configure:5413: i486-TSOL-linux-gnu-gcc -c -Os -D_GNU_SOURCE  conftest.c >&5
configure:5413: $? = 0
configure:5413: result: yes
configure:5413: checking dlfcn.h presence
configure:5413: i486-TSOL-linux-gnu-gcc -E  conftest.c
configure:5413: $? = 0
configure:5413: result: yes
configure:5413: checking for dlfcn.h
configure:5413: result: yes
configure:5535: checking for C++ compiler version
configure:5544: i486-TSOL-linux-gnu-g++ --version >&5
i486-TSOL-linux-gnu-g++ (crosstool-NG 1.15.2) 4.6.3
Copyright (C) 2011 Free Software Foundation, Inc.
This is free software; see the source for copying conditions.  There is NO
warranty; not even for MERCHANTABILITY or FITNESS FOR A PARTICULAR PURPOSE.

configure:5555: $? = 0
configure:5544: i486-TSOL-linux-gnu-g++ -v >&5
Using built-in specs.
COLLECT_GCC=i486-TSOL-linux-gnu-g++
COLLECT_LTO_WRAPPER=/toolchain/libexec/gcc/i486-TSOL-linux-gnu/4.6.3/lto-wrapper
Target: i486-TSOL-linux-gnu
Configured with: /TSOL/crosstool-ng-1.15.2/bin/.build/src/gcc-4.6.3/configure --build=i686-build_pc-linux-gnu --host=i686-build_pc-linux-gnu --target=i486-TSOL-linux-gnu --prefix=/toolchain --with-sysroot=/toolchain/i486-TSOL-linux-gnu/sysroot --enable-languages=c,c++ --with-arch=i486 --with-pkgversion='crosstool-NG 1.15.2' --enable-__cxa_atexit --disable-libmudflap --disable-libgomp --disable-libssp --with-gmp=/TSOL/crosstool-ng-1.15.2/bin/.build/i486-TSOL-linux-gnu/buildtools --with-mpfr=/TSOL/crosstool-ng-1.15.2/bin/.build/i486-TSOL-linux-gnu/buildtools --with-mpc=/TSOL/crosstool-ng-1.15.2/bin/.build/i486-TSOL-linux-gnu/buildtools --with-ppl=/TSOL/crosstool-ng-1.15.2/bin/.build/i486-TSOL-linux-gnu/buildtools --with-cloog=/TSOL/crosstool-ng-1.15.2/bin/.build/i486-TSOL-linux-gnu/buildtools --with-libelf=no --with-host-libstdcxx='-static-libgcc -Wl,-Bstatic,-lstdc++,-Bdynamic -lm -L/TSOL/crosstool-ng-1.15.2/bin/.build/i486-TSOL-linux-gnu/buildtools/lib -lpwl' --enable-threads=posix --enable-target-optspace --disable-multilib --with-local-prefix=/toolchain/i486-TSOL-linux-gnu/sysroot --enable-c99 --enable-long-long
Thread model: posix
gcc version 4.6.3 (crosstool-NG 1.15.2) 
configure:5555: $? = 0
configure:5544: i486-TSOL-linux-gnu-g++ -V >&5
i486-TSOL-linux-gnu-g++: error: unrecognized option '-V'
i486-TSOL-linux-gnu-g++: fatal error: no input files
compilation terminated.
configure:5555: $? = 1
configure:5544: i486-TSOL-linux-gnu-g++ -qversion >&5
i486-TSOL-linux-gnu-g++: error: unrecognized option '-qversion'
i486-TSOL-linux-gnu-g++: fatal error: no input files
compilation terminated.
configure:5555: $? = 1
configure:5559: checking whether we are using the GNU C++ compiler
configure:5578: i486-TSOL-linux-gnu-g++ -c -Os  conftest.cpp >&5
configure:5578: $? = 0
configure:5587: result: yes
configure:5596: checking whether i486-TSOL-linux-gnu-g++ accepts -g
configure:5616: i486-TSOL-linux-gnu-g++ -c -g  conftest.cpp >&5
configure:5616: $? = 0
configure:5657: result: yes
configure:5682: checking dependency style of i486-TSOL-linux-gnu-g++
configure:5792: result: gcc3
configure:5817: checking how to run the C++ preprocessor
configure:5844: i486-TSOL-linux-gnu-g++ -E  conftest.cpp
configure:5844: $? = 0
configure:5858: i486-TSOL-linux-gnu-g++ -E  conftest.cpp
conftest.cpp:22:28: fatal error: ac_nonexistent.h: No such file or directory
compilation terminated.
configure:5858: $? = 1
configure: failed program was:
| /* confdefs.h */
| #define PACKAGE_NAME ""
| #define PACKAGE_TARNAME ""
| #define PACKAGE_VERSION ""
| #define PACKAGE_STRING ""
| #define PACKAGE_BUGREPORT ""
| #define PACKAGE_URL ""
| #define PACKAGE "alsa-lib"
| #define VERSION "1.0.25"
| #define STDC_HEADERS 1
| #define HAVE_SYS_TYPES_H 1
| #define HAVE_SYS_STAT_H 1
| #define HAVE_STDLIB_H 1
| #define HAVE_STRING_H 1
| #define HAVE_MEMORY_H 1
| #define HAVE_STRINGS_H 1
| #define HAVE_INTTYPES_H 1
| #define HAVE_STDINT_H 1
| #define HAVE_UNISTD_H 1
| #define HAVE_DLFCN_H 1
| /* end confdefs.h.  */
| #include <ac_nonexistent.h>
configure:5883: result: i486-TSOL-linux-gnu-g++ -E
configure:5903: i486-TSOL-linux-gnu-g++ -E  conftest.cpp
configure:5903: $? = 0
configure:5917: i486-TSOL-linux-gnu-g++ -E  conftest.cpp
conftest.cpp:22:28: fatal error: ac_nonexistent.h: No such file or directory
compilation terminated.
configure:5917: $? = 1
configure: failed program was:
| /* confdefs.h */
| #define PACKAGE_NAME ""
| #define PACKAGE_TARNAME ""
| #define PACKAGE_VERSION ""
| #define PACKAGE_STRING ""
| #define PACKAGE_BUGREPORT ""
| #define PACKAGE_URL ""
| #define PACKAGE "alsa-lib"
| #define VERSION "1.0.25"
| #define STDC_HEADERS 1
| #define HAVE_SYS_TYPES_H 1
| #define HAVE_SYS_STAT_H 1
| #define HAVE_STDLIB_H 1
| #define HAVE_STRING_H 1
| #define HAVE_MEMORY_H 1
| #define HAVE_STRINGS_H 1
| #define HAVE_INTTYPES_H 1
| #define HAVE_STDINT_H 1
| #define HAVE_UNISTD_H 1
| #define HAVE_DLFCN_H 1
| /* end confdefs.h.  */
| #include <ac_nonexistent.h>
configure:6001: checking for g77
configure:6031: result: no
configure:6001: checking for xlf
configure:6031: result: no
configure:6001: checking for f77
configure:6031: result: no
configure:6001: checking for frt
configure:6031: result: no
configure:6001: checking for pgf77
configure:6031: result: no
configure:6001: checking for cf77
configure:6031: result: no
configure:6001: checking for fort77
configure:6031: result: no
configure:6001: checking for fl32
configure:6031: result: no
configure:6001: checking for af77
configure:6031: result: no
configure:6001: checking for xlf90
configure:6031: result: no
configure:6001: checking for f90
configure:6031: result: no
configure:6001: checking for pgf90
configure:6031: result: no
configure:6001: checking for pghpf
configure:6031: result: no
configure:6001: checking for epcf90
configure:6031: result: no
configure:6001: checking for gfortran
configure:6031: result: no
configure:6001: checking for g95
configure:6031: result: no
configure:6001: checking for xlf95
configure:6031: result: no
configure:6001: checking for f95
configure:6031: result: no
configure:6001: checking for fort
configure:6031: result: no
configure:6001: checking for ifort
configure:6031: result: no
configure:6001: checking for ifc
configure:6031: result: no
configure:6001: checking for efc
configure:6031: result: no
configure:6001: checking for pgfortran
configure:6031: result: no
configure:6001: checking for pgf95
configure:6031: result: no
configure:6001: checking for lf95
configure:6031: result: no
configure:6001: checking for ftn
configure:6031: result: no
configure:6054: checking for Fortran 77 compiler version
configure:6063:  --version >&5
./configure: line 6065: --version: command not found
configure:6074: $? = 127
configure:6063:  -v >&5
./configure: line 6065: -v: command not found
configure:6074: $? = 127
configure:6063:  -V >&5
./configure: line 6065: -V: command not found
configure:6074: $? = 127
configure:6063:  -qversion >&5
./configure: line 6065: -qversion: command not found
configure:6074: $? = 127
configure:6083: checking whether we are using the GNU Fortran 77 compiler
configure:6096:  -c  conftest.F >&5
./configure: line 2281: -c: command not found
configure:6096: $? = 127
configure: failed program was:
|       program main
| #ifndef __GNUC__
|        choke me
| #endif
| 
|       end
configure:6105: result: no
configure:6111: checking whether  accepts -g
configure:6122:  -c -g conftest.f >&5
./configure: line 2281: -c: command not found
configure:6122: $? = 127
configure: failed program was:
|       program main
| 
|       end
configure:6130: result: no
configure:6164: checking the maximum length of command line arguments
configure:6273: result: 32768
configure:6284: checking command to parse /toolchain/i486-TSOL-linux-gnu/bin//nm -B output from i486-TSOL-linux-gnu-gcc object
configure:6389: i486-TSOL-linux-gnu-gcc -c -Os -D_GNU_SOURCE  conftest.c >&5
configure:6392: $? = 0
configure:6396: /toolchain/i486-TSOL-linux-gnu/bin//nm -B conftest.o \| sed -n -e 's/^.*[ 	]\([ABCDGIRSTW][ABCDGIRSTW]*\)[ 	][ 	]*\([_A-Za-z][_A-Za-z0-9]*\)$/\1 \2 \2/p' \> conftest.nm
configure:6399: $? = 0
configure:6451: i486-TSOL-linux-gnu-gcc -o conftest -Os -D_GNU_SOURCE  -static-libgcc conftest.c conftstm.o >&5
configure:6454: $? = 0
configure:6492: result: ok
configure:6496: checking for objdir
configure:6511: result: .libs
configure:6603: checking for ar
configure:6619: found /toolchain/i486-TSOL-linux-gnu/bin//ar
configure:6630: result: ar
configure:6695: checking for ranlib
configure:6711: found /toolchain/i486-TSOL-linux-gnu/bin//ranlib
configure:6722: result: ranlib
configure:6787: checking for strip
configure:6803: found /toolchain/i486-TSOL-linux-gnu/bin//strip
configure:6814: result: strip
configure:7096: checking if i486-TSOL-linux-gnu-gcc supports -fno-rtti -fno-exceptions
configure:7114: i486-TSOL-linux-gnu-gcc -c -Os -D_GNU_SOURCE  -fno-rtti -fno-exceptions conftest.c >&5
cc1: warning: command line option '-fno-rtti' is valid for C++/ObjC++ but not for C [enabled by default]
configure:7118: $? = 0
configure:7131: result: no
configure:7146: checking for i486-TSOL-linux-gnu-gcc option to produce PIC
configure:7356: result: -fPIC
configure:7364: checking if i486-TSOL-linux-gnu-gcc PIC flag -fPIC works
configure:7382: i486-TSOL-linux-gnu-gcc -c -Os -D_GNU_SOURCE  -fPIC -DPIC conftest.c >&5
configure:7386: $? = 0
configure:7399: result: yes
configure:7427: checking if i486-TSOL-linux-gnu-gcc static flag -static works
configure:7455: result: yes
configure:7465: checking if i486-TSOL-linux-gnu-gcc supports -c -o file.o
configure:7486: i486-TSOL-linux-gnu-gcc -c -Os -D_GNU_SOURCE  -o out/conftest2.o conftest.c >&5
configure:7490: $? = 0
configure:7512: result: yes
configure:7538: checking whether the i486-TSOL-linux-gnu-gcc linker (i486-TSOL-linux-gnu-ld) supports shared libraries
configure:8438: result: yes
configure:8459: checking whether -lc should be explicitly linked in
configure:8464: i486-TSOL-linux-gnu-gcc -c -Os -D_GNU_SOURCE  conftest.c >&5
configure:8467: $? = 0
configure:8482: i486-TSOL-linux-gnu-gcc -shared conftest.o  -v -Wl,-soname -Wl,conftest -o conftest 2\>\&1 \| grep  -lc  \>/dev/null 2\>\&1
configure:8485: $? = 0
configure:8497: result: no
configure:8505: checking dynamic linker characteristics
configure:9093: result: GNU/Linux ld.so
configure:9102: checking how to hardcode library paths into programs
configure:9127: result: immediate
configure:9141: checking whether stripping libraries is possible
configure:9146: result: yes
configure:9244: checking for shl_load
configure:9244: i486-TSOL-linux-gnu-gcc -o conftest -Os -D_GNU_SOURCE  -static-libgcc conftest.c  >&5
/tmp/ccgbZIm1.o: In function `main':
conftest.c:(.text.startup+0x10): undefined reference to `shl_load'
collect2: ld returned 1 exit status
configure:9244: $? = 1
configure: failed program was:
| /* confdefs.h */
| #define PACKAGE_NAME ""
| #define PACKAGE_TARNAME ""
| #define PACKAGE_VERSION ""
| #define PACKAGE_STRING ""
| #define PACKAGE_BUGREPORT ""
| #define PACKAGE_URL ""
| #define PACKAGE "alsa-lib"
| #define VERSION "1.0.25"
| #define STDC_HEADERS 1
| #define HAVE_SYS_TYPES_H 1
| #define HAVE_SYS_STAT_H 1
| #define HAVE_STDLIB_H 1
| #define HAVE_STRING_H 1
| #define HAVE_MEMORY_H 1
| #define HAVE_STRINGS_H 1
| #define HAVE_INTTYPES_H 1
| #define HAVE_STDINT_H 1
| #define HAVE_UNISTD_H 1
| #define HAVE_DLFCN_H 1
| /* end confdefs.h.  */
| /* Define shl_load to an innocuous variant, in case <limits.h> declares shl_load.
|    For example, HP-UX 11i <limits.h> declares gettimeofday.  */
| #define shl_load innocuous_shl_load
| 
| /* System header to define __stub macros and hopefully few prototypes,
|     which can conflict with char shl_load (); below.
|     Prefer <limits.h> to <assert.h> if __STDC__ is defined, since
|     <limits.h> exists even on freestanding compilers.  */
| 
| #ifdef __STDC__
| # include <limits.h>
| #else
| # include <assert.h>
| #endif
| 
| #undef shl_load
| 
| /* Override any GCC internal prototype to avoid an error.
|    Use char because int might match the return type of a GCC
|    builtin and then its argument prototype would still apply.  */
| #ifdef __cplusplus
| extern "C"
| #endif
| char shl_load ();
| /* The GNU C library defines this for functions which it implements
|     to always fail with ENOSYS.  Some functions are actually named
|     something starting with __ and the normal name is an alias.  */
| #if defined __stub_shl_load || defined __stub___shl_load
| choke me
| #endif
| 
| int
| main ()
| {
| return shl_load ();
|   ;
|   return 0;
| }
configure:9244: result: no
configure:9248: checking for shl_load in -ldld
configure:9273: i486-TSOL-linux-gnu-gcc -o conftest -Os -D_GNU_SOURCE  -static-libgcc conftest.c -ldld   >&5
/toolchain/lib/gcc/i486-TSOL-linux-gnu/4.6.3/../../../../i486-TSOL-linux-gnu/bin/ld: cannot find -ldld
collect2: ld returned 1 exit status
configure:9273: $? = 1
configure: failed program was:
| /* confdefs.h */
| #define PACKAGE_NAME ""
| #define PACKAGE_TARNAME ""
| #define PACKAGE_VERSION ""
| #define PACKAGE_STRING ""
| #define PACKAGE_BUGREPORT ""
| #define PACKAGE_URL ""
| #define PACKAGE "alsa-lib"
| #define VERSION "1.0.25"
| #define STDC_HEADERS 1
| #define HAVE_SYS_TYPES_H 1
| #define HAVE_SYS_STAT_H 1
| #define HAVE_STDLIB_H 1
| #define HAVE_STRING_H 1
| #define HAVE_MEMORY_H 1
| #define HAVE_STRINGS_H 1
| #define HAVE_INTTYPES_H 1
| #define HAVE_STDINT_H 1
| #define HAVE_UNISTD_H 1
| #define HAVE_DLFCN_H 1
| /* end confdefs.h.  */
| 
| /* Override any GCC internal prototype to avoid an error.
|    Use char because int might match the return type of a GCC
|    builtin and then its argument prototype would still apply.  */
| #ifdef __cplusplus
| extern "C"
| #endif
| char shl_load ();
| int
| main ()
| {
| return shl_load ();
|   ;
|   return 0;
| }
configure:9282: result: no
configure:9287: checking for dlopen
configure:9287: i486-TSOL-linux-gnu-gcc -o conftest -Os -D_GNU_SOURCE  -static-libgcc conftest.c  >&5
/tmp/cccroM0c.o: In function `main':
conftest.c:(.text.startup+0x10): undefined reference to `dlopen'
collect2: ld returned 1 exit status
configure:9287: $? = 1
configure: failed program was:
| /* confdefs.h */
| #define PACKAGE_NAME ""
| #define PACKAGE_TARNAME ""
| #define PACKAGE_VERSION ""
| #define PACKAGE_STRING ""
| #define PACKAGE_BUGREPORT ""
| #define PACKAGE_URL ""
| #define PACKAGE "alsa-lib"
| #define VERSION "1.0.25"
| #define STDC_HEADERS 1
| #define HAVE_SYS_TYPES_H 1
| #define HAVE_SYS_STAT_H 1
| #define HAVE_STDLIB_H 1
| #define HAVE_STRING_H 1
| #define HAVE_MEMORY_H 1
| #define HAVE_STRINGS_H 1
| #define HAVE_INTTYPES_H 1
| #define HAVE_STDINT_H 1
| #define HAVE_UNISTD_H 1
| #define HAVE_DLFCN_H 1
| /* end confdefs.h.  */
| /* Define dlopen to an innocuous variant, in case <limits.h> declares dlopen.
|    For example, HP-UX 11i <limits.h> declares gettimeofday.  */
| #define dlopen innocuous_dlopen
| 
| /* System header to define __stub macros and hopefully few prototypes,
|     which can conflict with char dlopen (); below.
|     Prefer <limits.h> to <assert.h> if __STDC__ is defined, since
|     <limits.h> exists even on freestanding compilers.  */
| 
| #ifdef __STDC__
| # include <limits.h>
| #else
| # include <assert.h>
| #endif
| 
| #undef dlopen
| 
| /* Override any GCC internal prototype to avoid an error.
|    Use char because int might match the return type of a GCC
|    builtin and then its argument prototype would still apply.  */
| #ifdef __cplusplus
| extern "C"
| #endif
| char dlopen ();
| /* The GNU C library defines this for functions which it implements
|     to always fail with ENOSYS.  Some functions are actually named
|     something starting with __ and the normal name is an alias.  */
| #if defined __stub_dlopen || defined __stub___dlopen
| choke me
| #endif
| 
| int
| main ()
| {
| return dlopen ();
|   ;
|   return 0;
| }
configure:9287: result: no
configure:9291: checking for dlopen in -ldl
configure:9316: i486-TSOL-linux-gnu-gcc -o conftest -Os -D_GNU_SOURCE  -static-libgcc conftest.c -ldl   >&5
configure:9316: $? = 0
configure:9325: result: yes
configure:9444: checking whether a program can dlopen itself
configure:9518: i486-TSOL-linux-gnu-gcc -o conftest -Os -D_GNU_SOURCE  -DHAVE_DLFCN_H -static-libgcc -Wl,--export-dynamic conftest.c -ldl  >&5
configure: In function 'main':
configure:9514:5: warning: incompatible implicit declaration of built-in function 'exit' [enabled by default]
configure:9521: $? = 0
configure:9539: result: yes
configure:9544: checking whether a statically linked program can dlopen itself
configure:9618: i486-TSOL-linux-gnu-gcc -o conftest -Os -D_GNU_SOURCE  -DHAVE_DLFCN_H -static-libgcc -Wl,--export-dynamic -static conftest.c -ldl  >&5
configure: In function 'main':
configure:9614:5: warning: incompatible implicit declaration of built-in function 'exit' [enabled by default]
/tmp/ccQrI7we.o: In function `main':
conftest.c:(.text.startup+0x19): warning: Using 'dlopen' in statically linked applications requires at runtime the shared libraries from the glibc version used for linking
configure:9621: $? = 0
/lib/: cannot read file data: Is a directory
configure:9639: result: no
configure:9662: checking if libtool supports shared libraries
configure:9664: result: yes
configure:9667: checking whether to build shared libraries
configure:9688: result: yes
configure:9691: checking whether to build static libraries
configure:9695: result: no
configure:9787: creating libtool
configure:10371: checking for ld used by i486-TSOL-linux-gnu-g++
configure:10438: result: i486-TSOL-linux-gnu-ld
configure:10445: checking if the linker (i486-TSOL-linux-gnu-ld) is GNU ld
configure:10460: result: yes
configure:10511: checking whether the i486-TSOL-linux-gnu-g++ linker (i486-TSOL-linux-gnu-ld) supports shared libraries
configure:11391: result: yes
configure:11409: i486-TSOL-linux-gnu-g++ -c -Os  conftest.cpp >&5
configure:11412: $? = 0
configure:11531: checking for i486-TSOL-linux-gnu-g++ option to produce PIC
configure:11805: result: -fPIC
configure:11813: checking if i486-TSOL-linux-gnu-g++ PIC flag -fPIC works
configure:11831: i486-TSOL-linux-gnu-g++ -c -Os  -fPIC -DPIC conftest.cpp >&5
configure:11835: $? = 0
configure:11848: result: yes
configure:11876: checking if i486-TSOL-linux-gnu-g++ static flag -static works
configure:11904: result: yes
configure:11914: checking if i486-TSOL-linux-gnu-g++ supports -c -o file.o
configure:11935: i486-TSOL-linux-gnu-g++ -c -Os  -o out/conftest2.o conftest.cpp >&5
configure:11939: $? = 0
configure:11961: result: yes
configure:11987: checking whether the i486-TSOL-linux-gnu-g++ linker (i486-TSOL-linux-gnu-ld) supports shared libraries
configure:12012: result: yes
configure:12079: checking dynamic linker characteristics
configure:12667: result: GNU/Linux ld.so
configure:12676: checking how to hardcode library paths into programs
configure:12701: result: immediate
configure:18740: checking for ANSI C header files
configure:18844: result: yes
configure:18855: checking for an ANSI C-conforming const
configure:18920: i486-TSOL-linux-gnu-gcc -c -Os -D_GNU_SOURCE  conftest.c >&5
configure:18920: $? = 0
configure:18927: result: yes
configure:18935: checking for inline
configure:18951: i486-TSOL-linux-gnu-gcc -c -Os -D_GNU_SOURCE  conftest.c >&5
configure:18951: $? = 0
configure:18959: result: inline
configure:18977: checking whether time.h and sys/time.h may both be included
configure:18997: i486-TSOL-linux-gnu-gcc -c -Os -D_GNU_SOURCE  conftest.c >&5
configure:18997: $? = 0
configure:19004: result: yes
configure:19014: checking whether i486-TSOL-linux-gnu-gcc needs -traditional
configure:19048: result: no
configure:19055: checking for hsearch_r
configure:19055: i486-TSOL-linux-gnu-gcc -o conftest -Os -D_GNU_SOURCE  -static-libgcc conftest.c  >&5
configure:19055: $? = 0
configure:19055: result: yes
configure:19070: checking for uselocale
configure:19070: i486-TSOL-linux-gnu-gcc -o conftest -Os -D_GNU_SOURCE  -static-libgcc conftest.c  >&5
configure:19070: $? = 0
configure:19070: result: yes
configure:19081: checking for library version
configure:19106: result: major 1 minor 0 subminor 25 extrastr  extraver 1000000
configure:19197: checking for versioned symbols
configure:19224: result: yes
configure:19243: checking for symbolic-functions
configure:19262: result: no
configure:19274: checking for custom symbol prefixes
configure:19287: result: 
configure:19290: checking for debug
configure:19301: result: yes
configure:19312: checking for debug assert
configure:19328: result: no
configure:19333: checking for tmpdir
configure:19343: result: /tmp
configure:19351: checking for softfloat
configure:19369: result: no
configure:19378: checking for libdl
configure:19389: checking for dlsym in -ldl
configure:19414: i486-TSOL-linux-gnu-gcc -o conftest -Os -D_GNU_SOURCE  -static-libgcc conftest.c -ldl   >&5
configure:19414: $? = 0
configure:19423: result: yes
configure:19448: checking for pthread
configure:19459: checking for pthread_join in -lpthread
configure:19484: i486-TSOL-linux-gnu-gcc -o conftest -Os -D_GNU_SOURCE  -static-libgcc conftest.c -lpthread   >&5
configure:19484: $? = 0
configure:19493: result: yes
configure:19510: checking for librt
configure:19521: checking for clock_gettime in -lrt
configure:19546: i486-TSOL-linux-gnu-gcc -o conftest -Os -D_GNU_SOURCE  -static-libgcc conftest.c -lrt   >&5
configure:19546: $? = 0
configure:19555: result: yes
configure:19577: checking for architecture
configure:19581: result: x86
configure:19621: checking wordexp.h usability
configure:19621: i486-TSOL-linux-gnu-gcc -c -Os -D_GNU_SOURCE  conftest.c >&5
configure:19621: $? = 0
configure:19621: result: yes
configure:19621: checking wordexp.h presence
configure:19621: i486-TSOL-linux-gnu-gcc -E  conftest.c
configure:19621: $? = 0
configure:19621: result: yes
configure:19621: checking for wordexp.h
configure:19621: result: yes
configure:19632: checking for resmgr support
configure:19641: result: no
configure:19696: checking for aload* support
configure:19705: result: yes
configure:19713: checking for ALSA device file directory
configure:19731: result: /dev/snd/
configure:19734: checking for aload* device file directory
configure:19752: result: /dev/
configure:20664: creating ./config.status

## ---------------------- ##
## Running config.status. ##
## ---------------------- ##

This file was extended by config.status, which was
generated by GNU Autoconf 2.68.  Invocation command line was

  CONFIG_FILES    = 
  CONFIG_HEADERS  = 
  CONFIG_LINKS    = 
  CONFIG_COMMANDS = 
  $ ./config.status 

on ubuntu4

config.status:1051: creating Makefile
config.status:1051: creating doc/Makefile
config.status:1051: creating doc/pictures/Makefile
config.status:1051: creating doc/doxygen.cfg
config.status:1051: creating include/Makefile
config.status:1051: creating include/sound/Makefile
config.status:1051: creating src/Versions
config.status:1051: creating src/Makefile
config.status:1051: creating src/control/Makefile
config.status:1051: creating src/mixer/Makefile
config.status:1051: creating src/pcm/Makefile
config.status:1051: creating src/pcm/scopes/Makefile
config.status:1051: creating src/rawmidi/Makefile
config.status:1051: creating src/timer/Makefile
config.status:1051: creating src/hwdep/Makefile
config.status:1051: creating src/seq/Makefile
config.status:1051: creating src/ucm/Makefile
config.status:1051: creating src/compat/Makefile
config.status:1051: creating src/alisp/Makefile
config.status:1051: creating src/conf/Makefile
config.status:1051: creating src/conf/alsa.conf.d/Makefile
config.status:1051: creating src/conf/cards/Makefile
config.status:1051: creating src/conf/pcm/Makefile
config.status:1051: creating modules/Makefile
config.status:1051: creating modules/mixer/Makefile
config.status:1051: creating modules/mixer/simple/Makefile
config.status:1051: creating alsalisp/Makefile
config.status:1051: creating aserver/Makefile
config.status:1051: creating test/Makefile
config.status:1051: creating test/lsb/Makefile
config.status:1051: creating utils/Makefile
config.status:1051: creating utils/alsa-lib.spec
config.status:1051: creating utils/alsa.pc
config.status:1051: creating include/config.h
config.status:1280: executing depfiles commands

## ---------------- ##
## Cache variables. ##
## ---------------- ##

ac_cv_build=i686-pc-linux-gnu
ac_cv_c_compiler_gnu=yes
ac_cv_c_const=yes
ac_cv_c_inline=inline
ac_cv_cxx_compiler_gnu=yes
ac_cv_env_CCC_set=
ac_cv_env_CCC_value=
ac_cv_env_CC_set=set
ac_cv_env_CC_value=i486-TSOL-linux-gnu-gcc
ac_cv_env_CFLAGS_set=set
ac_cv_env_CFLAGS_value=-Os
ac_cv_env_CPPFLAGS_set=
ac_cv_env_CPPFLAGS_value=
ac_cv_env_CPP_set=
ac_cv_env_CPP_value=
ac_cv_env_CXXCPP_set=
ac_cv_env_CXXCPP_value=
ac_cv_env_CXXFLAGS_set=set
ac_cv_env_CXXFLAGS_value=-Os
ac_cv_env_CXX_set=set
ac_cv_env_CXX_value=i486-TSOL-linux-gnu-g++
ac_cv_env_F77_set=
ac_cv_env_F77_value=
ac_cv_env_FFLAGS_set=
ac_cv_env_FFLAGS_value=
ac_cv_env_LDFLAGS_set=set
ac_cv_env_LDFLAGS_value=-static-libgcc
ac_cv_env_LIBS_set=
ac_cv_env_LIBS_value=
ac_cv_env_build_alias_set=
ac_cv_env_build_alias_value=
ac_cv_env_host_alias_set=
ac_cv_env_host_alias_value=
ac_cv_env_target_alias_set=
ac_cv_env_target_alias_value=
ac_cv_f77_compiler_gnu=no
ac_cv_func_dlopen=no
ac_cv_func_hsearch_r=yes
ac_cv_func_shl_load=no
ac_cv_func_uselocale=yes
ac_cv_header_dlfcn_h=yes
ac_cv_header_inttypes_h=yes
ac_cv_header_memory_h=yes
ac_cv_header_stdc=yes
ac_cv_header_stdint_h=yes
ac_cv_header_stdlib_h=yes
ac_cv_header_string_h=yes
ac_cv_header_strings_h=yes
ac_cv_header_sys_stat_h=yes
ac_cv_header_sys_types_h=yes
ac_cv_header_time=yes
ac_cv_header_unistd_h=yes
ac_cv_header_wordexp_h=yes
ac_cv_host=i686-pc-linux-gnu
ac_cv_lib_dl_dlopen=yes
ac_cv_lib_dl_dlsym=yes
ac_cv_lib_dld_shl_load=no
ac_cv_lib_pthread_pthread_join=yes
ac_cv_lib_rt_clock_gettime=yes
ac_cv_objext=o
ac_cv_path_EGREP='/usr/bin/grep -E'
ac_cv_path_GREP=/usr/bin/grep
ac_cv_path_install='/bin/install -c'
ac_cv_path_mkdir=/bin/mkdir
ac_cv_prog_AWK=gawk
ac_cv_prog_CPP='i486-TSOL-linux-gnu-gcc -E'
ac_cv_prog_CXXCPP='i486-TSOL-linux-gnu-g++ -E'
ac_cv_prog_ac_ct_AR=ar
ac_cv_prog_ac_ct_CC=i486-TSOL-linux-gnu-gcc
ac_cv_prog_ac_ct_RANLIB=ranlib
ac_cv_prog_ac_ct_STRIP=strip
ac_cv_prog_cc_c89=
ac_cv_prog_cc_g=yes
ac_cv_prog_cxx_g=yes
ac_cv_prog_f77_g=no
ac_cv_prog_gcc_traditional=no
ac_cv_prog_make_make_set=yes
am_cv_CC_dependencies_compiler_type=gcc3
am_cv_CXX_dependencies_compiler_type=gcc3
lt_cv_deplibs_check_method=pass_all
lt_cv_dlopen=dlopen
lt_cv_dlopen_libs=-ldl
lt_cv_dlopen_self=yes
lt_cv_dlopen_self_static=no
lt_cv_file_magic_cmd='$MAGIC_CMD'
lt_cv_file_magic_test_file=
lt_cv_ld_reload_flag=-r
lt_cv_objdir=.libs
lt_cv_path_LD=i486-TSOL-linux-gnu-ld
lt_cv_path_LDCXX=i486-TSOL-linux-gnu-ld
lt_cv_path_NM='/toolchain/i486-TSOL-linux-gnu/bin//nm -B'
lt_cv_path_SED=/usr/bin/sed
lt_cv_prog_compiler_c_o=yes
lt_cv_prog_compiler_c_o_CXX=yes
lt_cv_prog_compiler_rtti_exceptions=no
lt_cv_prog_gnu_ld=yes
lt_cv_prog_gnu_ldcxx=yes
lt_cv_sys_global_symbol_pipe='sed -n -e '\''s/^.*[ 	]\([ABCDGIRSTW][ABCDGIRSTW]*\)[ 	][ 	]*\([_A-Za-z][_A-Za-z0-9]*\)$/\1 \2 \2/p'\'''
lt_cv_sys_global_symbol_to_c_name_address='sed -n -e '\''s/^: \([^ ]*\) $/  {\"\1\", (lt_ptr) 0},/p'\'' -e '\''s/^[BCDEGRST] \([^ ]*\) \([^ ]*\)$/  {"\2", (lt_ptr) \&\2},/p'\'''
lt_cv_sys_global_symbol_to_cdecl='sed -n -e '\''s/^. .* \(.*\)$/extern int \1;/p'\'''
lt_cv_sys_max_cmd_len=32768
lt_lt_cv_prog_compiler_c_o='"yes"'
lt_lt_cv_prog_compiler_c_o_CXX='"yes"'
lt_lt_cv_sys_global_symbol_pipe='"sed -n -e '\''s/^.*[ 	]\\([ABCDGIRSTW][ABCDGIRSTW]*\\)[ 	][ 	]*\\([_A-Za-z][_A-Za-z0-9]*\\)\$/\\1 \\2 \\2/p'\''"'
lt_lt_cv_sys_global_symbol_to_c_name_address='"sed -n -e '\''s/^: \\([^ ]*\\) \$/  {\\\"\\1\\\", (lt_ptr) 0},/p'\'' -e '\''s/^[BCDEGRST] \\([^ ]*\\) \\([^ ]*\\)\$/  {\"\\2\", (lt_ptr) \\&\\2},/p'\''"'
lt_lt_cv_sys_global_symbol_to_cdecl='"sed -n -e '\''s/^. .* \\(.*\\)\$/extern int \\1;/p'\''"'

## ----------------- ##
## Output variables. ##
## ----------------- ##

ACLOCAL='${SHELL} /source/alsa/alsa-lib-1.0.25/missing --run aclocal-1.11'
ALSA_CONFIG_DIR='/usr/share/alsa'
ALSA_DEPLIBS='-lm -ldl -lpthread -lrt'
ALSA_HSEARCH_R_FALSE=''
ALSA_HSEARCH_R_TRUE='#'
ALSA_PKGCONF_DIR='/usr/lib/pkgconfig'
ALSA_PLUGIN_DIR='/usr/lib/alsa-lib'
AMDEPBACKSLASH='\'
AMDEP_FALSE='#'
AMDEP_TRUE=''
AMTAR='${SHELL} /source/alsa/alsa-lib-1.0.25/missing --run tar'
AM_BACKSLASH='\'
AM_DEFAULT_VERBOSITY='0'
AR='ar'
AUTOCONF='${SHELL} /source/alsa/alsa-lib-1.0.25/missing --run autoconf'
AUTOHEADER='${SHELL} /source/alsa/alsa-lib-1.0.25/missing --run autoheader'
AUTOMAKE='${SHELL} /source/alsa/alsa-lib-1.0.25/missing --run automake-1.11'
AWK='gawk'
BUILD_ALISP_FALSE='#'
BUILD_ALISP_TRUE=''
BUILD_CTL_PLUGIN_EXT_FALSE='#'
BUILD_CTL_PLUGIN_EXT_TRUE=''
BUILD_CTL_PLUGIN_FALSE='#'
BUILD_CTL_PLUGIN_SHM_FALSE='#'
BUILD_CTL_PLUGIN_SHM_TRUE=''
BUILD_CTL_PLUGIN_TRUE=''
BUILD_HWDEP_FALSE='#'
BUILD_HWDEP_TRUE=''
BUILD_MIXER_FALSE='#'
BUILD_MIXER_TRUE=''
BUILD_MODULES_FALSE='#'
BUILD_MODULES_TRUE=''
BUILD_PCM_FALSE='#'
BUILD_PCM_PLUGIN_ADPCM_FALSE='#'
BUILD_PCM_PLUGIN_ADPCM_TRUE=''
BUILD_PCM_PLUGIN_ALAW_FALSE='#'
BUILD_PCM_PLUGIN_ALAW_TRUE=''
BUILD_PCM_PLUGIN_ASYM_FALSE='#'
BUILD_PCM_PLUGIN_ASYM_TRUE=''
BUILD_PCM_PLUGIN_COPY_FALSE='#'
BUILD_PCM_PLUGIN_COPY_TRUE=''
BUILD_PCM_PLUGIN_DMIX_FALSE='#'
BUILD_PCM_PLUGIN_DMIX_TRUE=''
BUILD_PCM_PLUGIN_DSHARE_FALSE='#'
BUILD_PCM_PLUGIN_DSHARE_TRUE=''
BUILD_PCM_PLUGIN_DSNOOP_FALSE='#'
BUILD_PCM_PLUGIN_DSNOOP_TRUE=''
BUILD_PCM_PLUGIN_EMPTY_FALSE='#'
BUILD_PCM_PLUGIN_EMPTY_TRUE=''
BUILD_PCM_PLUGIN_EXTPLUG_FALSE='#'
BUILD_PCM_PLUGIN_EXTPLUG_TRUE=''
BUILD_PCM_PLUGIN_FALSE='#'
BUILD_PCM_PLUGIN_FILE_FALSE='#'
BUILD_PCM_PLUGIN_FILE_TRUE=''
BUILD_PCM_PLUGIN_HOOKS_FALSE='#'
BUILD_PCM_PLUGIN_HOOKS_TRUE=''
BUILD_PCM_PLUGIN_IEC958_FALSE='#'
BUILD_PCM_PLUGIN_IEC958_TRUE=''
BUILD_PCM_PLUGIN_IOPLUG_FALSE='#'
BUILD_PCM_PLUGIN_IOPLUG_TRUE=''
BUILD_PCM_PLUGIN_LADSPA_FALSE='#'
BUILD_PCM_PLUGIN_LADSPA_TRUE=''
BUILD_PCM_PLUGIN_LFLOAT_FALSE='#'
BUILD_PCM_PLUGIN_LFLOAT_TRUE=''
BUILD_PCM_PLUGIN_LINEAR_FALSE='#'
BUILD_PCM_PLUGIN_LINEAR_TRUE=''
BUILD_PCM_PLUGIN_METER_FALSE='#'
BUILD_PCM_PLUGIN_METER_TRUE=''
BUILD_PCM_PLUGIN_MMAP_EMUL_FALSE='#'
BUILD_PCM_PLUGIN_MMAP_EMUL_TRUE=''
BUILD_PCM_PLUGIN_MULAW_FALSE='#'
BUILD_PCM_PLUGIN_MULAW_TRUE=''
BUILD_PCM_PLUGIN_MULTI_FALSE='#'
BUILD_PCM_PLUGIN_MULTI_TRUE=''
BUILD_PCM_PLUGIN_NULL_FALSE='#'
BUILD_PCM_PLUGIN_NULL_TRUE=''
BUILD_PCM_PLUGIN_PLUG_FALSE='#'
BUILD_PCM_PLUGIN_PLUG_TRUE=''
BUILD_PCM_PLUGIN_RATE_FALSE='#'
BUILD_PCM_PLUGIN_RATE_TRUE=''
BUILD_PCM_PLUGIN_ROUTE_FALSE='#'
BUILD_PCM_PLUGIN_ROUTE_TRUE=''
BUILD_PCM_PLUGIN_SHARE_FALSE='#'
BUILD_PCM_PLUGIN_SHARE_TRUE=''
BUILD_PCM_PLUGIN_SHM_FALSE='#'
BUILD_PCM_PLUGIN_SHM_TRUE=''
BUILD_PCM_PLUGIN_SOFTVOL_FALSE='#'
BUILD_PCM_PLUGIN_SOFTVOL_TRUE=''
BUILD_PCM_PLUGIN_TRUE=''
BUILD_PCM_TRUE=''
BUILD_PYTHON_FALSE=''
BUILD_PYTHON_TRUE='#'
BUILD_RAWMIDI_FALSE='#'
BUILD_RAWMIDI_TRUE=''
BUILD_SEQ_FALSE='#'
BUILD_SEQ_TRUE=''
BUILD_UCM_FALSE='#'
BUILD_UCM_TRUE=''
CC='i486-TSOL-linux-gnu-gcc'
CCDEPMODE='depmode=gcc3'
CFLAGS='-Os -D_GNU_SOURCE'
CPP='i486-TSOL-linux-gnu-gcc -E'
CPPFLAGS=''
CXX='i486-TSOL-linux-gnu-g++'
CXXCPP='i486-TSOL-linux-gnu-g++ -E'
CXXDEPMODE='depmode=gcc3'
CXXFLAGS='-Os'
CYGPATH_W='echo'
DEFS='-DHAVE_CONFIG_H'
DEPDIR='.deps'
ECHO='echo'
ECHO_C=''
ECHO_N='-n'
ECHO_T=''
EGREP='/usr/bin/grep -E'
EXEEXT=''
F77=''
FFLAGS=''
GREP='/usr/bin/grep'
INSTALL_DATA='${INSTALL} -m 644'
INSTALL_M4_FALSE='#'
INSTALL_M4_TRUE=''
INSTALL_PROGRAM='${INSTALL}'
INSTALL_SCRIPT='${INSTALL}'
INSTALL_STRIP_PROGRAM='$(install_sh) -c -s'
KEEP_OLD_SYMBOLS_FALSE='#'
KEEP_OLD_SYMBOLS_TRUE=''
LDFLAGS='-static-libgcc'
LIBOBJS=''
LIBS=''
LIBTOOL='$(SHELL) $(top_builddir)/libtool'
LIBTOOL_VERSION_INFO='2:0:0'
LN_S='ln -s'
LTLIBOBJS=''
MAKEINFO='${SHELL} /source/alsa/alsa-lib-1.0.25/missing --run makeinfo'
MKDIR_P='/bin/mkdir -p'
OBJEXT='o'
PACKAGE='alsa-lib'
PACKAGE_BUGREPORT=''
PACKAGE_NAME=''
PACKAGE_STRING=''
PACKAGE_TARNAME=''
PACKAGE_URL=''
PACKAGE_VERSION=''
PATH_SEPARATOR=':'
PYTHON_INCLUDES=''
PYTHON_LIBS=''
RANLIB='ranlib'
SET_MAKE=''
SHELL='/bin/sh'
SND_LIB_EXTRAVER='1000000'
SND_LIB_MAJOR='1'
SND_LIB_MINOR='0'
SND_LIB_SUBMINOR='25'
SND_LIB_VERSION='1.0.25'
STRIP='strip'
SYMBOLIC_FUNCTIONS_FALSE=''
SYMBOLIC_FUNCTIONS_TRUE='#'
SYMBOL_PREFIX=''
VERSION='1.0.25'
VERSIONED_SYMBOLS_FALSE='#'
VERSIONED_SYMBOLS_TRUE=''
ac_ct_CC='i486-TSOL-linux-gnu-gcc'
ac_ct_CXX=''
ac_ct_F77=''
am__EXEEXT_FALSE=''
am__EXEEXT_TRUE='#'
am__fastdepCC_FALSE='#'
am__fastdepCC_TRUE=''
am__fastdepCXX_FALSE='#'
am__fastdepCXX_TRUE=''
am__include='include'
am__isrc=''
am__leading_dot='.'
am__quote=''
am__tar='${AMTAR} chof - "$$tardir"'
am__untar='${AMTAR} xf -'
bindir='${exec_prefix}/bin'
build='i686-pc-linux-gnu'
build_alias=''
build_cpu='i686'
build_os='linux-gnu'
build_vendor='pc'
datadir='${datarootdir}'
datarootdir='${prefix}/share'
docdir='${datarootdir}/doc/${PACKAGE}'
dvidir='${docdir}'
exec_prefix='/usr'
host='i686-pc-linux-gnu'
host_alias=''
host_cpu='i686'
host_os='linux-gnu'
host_vendor='pc'
htmldir='${docdir}'
includedir='${prefix}/include'
infodir='${datarootdir}/info'
install_sh='${SHELL} /source/alsa/alsa-lib-1.0.25/install-sh'
libdir='${exec_prefix}/lib'
libexecdir='${exec_prefix}/libexec'
localedir='${datarootdir}/locale'
localstatedir='${prefix}/var'
mandir='${datarootdir}/man'
mkdir_p='/bin/mkdir -p'
oldincludedir='/usr/include'
pdfdir='${docdir}'
prefix='/usr'
program_transform_name='s,x,x,'
psdir='${docdir}'
sbindir='${exec_prefix}/sbin'
sharedstatedir='${prefix}/com'
sysconfdir='${prefix}/etc'
target_alias=''

## ----------- ##
## confdefs.h. ##
## ----------- ##

/* confdefs.h */
#define PACKAGE_NAME ""
#define PACKAGE_TARNAME ""
#define PACKAGE_VERSION ""
#define PACKAGE_STRING ""
#define PACKAGE_BUGREPORT ""
#define PACKAGE_URL ""
#define PACKAGE "alsa-lib"
#define VERSION "1.0.25"
#define STDC_HEADERS 1
#define HAVE_SYS_TYPES_H 1
#define HAVE_SYS_STAT_H 1
#define HAVE_STDLIB_H 1
#define HAVE_STRING_H 1
#define HAVE_MEMORY_H 1
#define HAVE_STRINGS_H 1
#define HAVE_INTTYPES_H 1
#define HAVE_STDINT_H 1
#define HAVE_UNISTD_H 1
#define HAVE_DLFCN_H 1
#define STDC_HEADERS 1
#define TIME_WITH_SYS_TIME 1
#define HAVE_USELOCALE 1
#define VERSION "1.0.25"
#define ALSA_CONFIG_DIR "/usr/share/alsa"
#define ALSA_PLUGIN_DIR "/usr/lib/alsa-lib"
#define ALSA_PKGCONF_DIR "/usr/lib/pkgconfig"
#define VERSIONED_SYMBOLS /**/
#define __SYMBOL_PREFIX ""
#define TMPDIR "/tmp"
#define HAVE_LIBDL 1
#define HAVE_LIBPTHREAD 1
#define HAVE_LIBRT 1
#define HAVE_CLOCK_GETTIME 1
#define HAVE_WORDEXP_H 1
#define SUPPORT_ALOAD "1"
#define ALSA_DEVICE_DIRECTORY "/dev/snd/"
#define ALOAD_DEVICE_DIRECTORY "/dev/"
#define BUILD_MIXER "1"
#define BUILD_PCM "1"
#define BUILD_RAWMIDI "1"
#define BUILD_HWDEP "1"
#define BUILD_SEQ "1"
#define BUILD_UCM "1"
#define BUILD_PCM_PLUGIN_RATE "1"
#define BUILD_PCM_PLUGIN_ROUTE "1"
#define BUILD_PCM_PLUGIN_LFLOAT "1"
#define BUILD_PCM_PLUGIN_ADPCM "1"
#define BUILD_PCM_PLUGIN_MULAW "1"
#define BUILD_PCM_PLUGIN_ALAW "1"
#define BUILD_PCM_PLUGIN_MMAP_EMUL "1"

configure: exit 0
