This file contains any messages produced by compilers while
running configure, to aid debugging if configure makes a mistake.

It was created by configure, which was
generated by GNU Autoconf 2.59.  Invocation command line was

  $ ./configure --prefix=/usr

## --------- ##
## Platform. ##
## --------- ##

hostname = ubuntu4
uname -m = i686
uname -r = 3.2.16-030216-generic
uname -s = Linux
uname -v = #201204221935 SMP Sun Apr 22 23:42:49 UTC 2012

/usr/bin/uname -p = unknown
/bin/uname -X     = unknown

/bin/arch              = unknown
/usr/bin/arch -k       = unknown
/usr/convex/getsysinfo = unknown
hostinfo               = unknown
/bin/machine           = unknown
/usr/bin/oslevel       = unknown
/bin/universe          = unknown

PATH: /source/docbook-xsl-1.76.1/tools/bin
PATH: /bin
PATH: /sbin
PATH: /usr/bin
PATH: /usr/sbin
PATH: /usr/bin/X11
PATH: /usr/local/bin
PATH: /toolchain/bin
PATH: /toolchain/i486-TSOL-linux-gnu/bin/
PATH: /root/.local/bin
PATH: /usr/xorg/bin


## ----------- ##
## Core tests. ##
## ----------- ##

configure:1546: checking for a BSD-compatible install
configure:1601: result: /bin/install -c
configure:1612: checking whether build environment is sane
configure:1655: result: yes
configure:1670: checking whether make sets $(MAKE)
configure:1690: result: yes
configure:1713: checking for working aclocal-1.4
configure:1724: result: missing
configure:1728: checking for working autoconf
configure:1735: result: found
configure:1743: checking for working automake-1.4
configure:1754: result: missing
configure:1758: checking for working autoheader
configure:1765: result: found
configure:1773: checking for working makeinfo
configure:1784: result: missing
configure:1836: checking for gcc
configure:1862: result: i486-TSOL-linux-gnu-gcc
configure:2106: checking for C compiler version
configure:2109: i486-TSOL-linux-gnu-gcc --version </dev/null >&5
i486-TSOL-linux-gnu-gcc (crosstool-NG 1.15.2) 4.6.3
Copyright (C) 2011 Free Software Foundation, Inc.
This is free software; see the source for copying conditions.  There is NO
warranty; not even for MERCHANTABILITY or FITNESS FOR A PARTICULAR PURPOSE.

configure:2112: $? = 0
configure:2114: i486-TSOL-linux-gnu-gcc -v </dev/null >&5
Using built-in specs.
COLLECT_GCC=i486-TSOL-linux-gnu-gcc
COLLECT_LTO_WRAPPER=/toolchain/libexec/gcc/i486-TSOL-linux-gnu/4.6.3/lto-wrapper
Target: i486-TSOL-linux-gnu
Configured with: /TSOL/crosstool-ng-1.15.2/bin/.build/src/gcc-4.6.3/configure --build=i686-build_pc-linux-gnu --host=i686-build_pc-linux-gnu --target=i486-TSOL-linux-gnu --prefix=/toolchain --with-sysroot=/toolchain/i486-TSOL-linux-gnu/sysroot --enable-languages=c,c++ --with-arch=i486 --with-pkgversion='crosstool-NG 1.15.2' --enable-__cxa_atexit --disable-libmudflap --disable-libgomp --disable-libssp --with-gmp=/TSOL/crosstool-ng-1.15.2/bin/.build/i486-TSOL-linux-gnu/buildtools --with-mpfr=/TSOL/crosstool-ng-1.15.2/bin/.build/i486-TSOL-linux-gnu/buildtools --with-mpc=/TSOL/crosstool-ng-1.15.2/bin/.build/i486-TSOL-linux-gnu/buildtools --with-ppl=/TSOL/crosstool-ng-1.15.2/bin/.build/i486-TSOL-linux-gnu/buildtools --with-cloog=/TSOL/crosstool-ng-1.15.2/bin/.build/i486-TSOL-linux-gnu/buildtools --with-libelf=no --with-host-libstdcxx='-static-libgcc -Wl,-Bstatic,-lstdc++,-Bdynamic -lm -L/TSOL/crosstool-ng-1.15.2/bin/.build/i486-TSOL-linux-gnu/buildtools/lib -lpwl' --enable-threads=posix --enable-target-optspace --disable-multilib --with-local-prefix=/toolchain/i486-TSOL-linux-gnu/sysroot --enable-c99 --enable-long-long
Thread model: posix
gcc version 4.6.3 (crosstool-NG 1.15.2) 
configure:2117: $? = 0
configure:2119: i486-TSOL-linux-gnu-gcc -V </dev/null >&5
i486-TSOL-linux-gnu-gcc: error: unrecognized option '-V'
i486-TSOL-linux-gnu-gcc: fatal error: no input files
compilation terminated.
configure:2122: $? = 1
configure:2145: checking for C compiler default output file name
configure:2148: i486-TSOL-linux-gnu-gcc -Os  -static-libgcc conftest.c  >&5
configure:2151: $? = 0
configure:2197: result: a.out
configure:2202: checking whether the C compiler works
configure:2208: ./a.out
configure:2211: $? = 0
configure:2228: result: yes
configure:2235: checking whether we are cross compiling
configure:2237: result: no
configure:2240: checking for suffix of executables
configure:2242: i486-TSOL-linux-gnu-gcc -o conftest -Os  -static-libgcc conftest.c  >&5
configure:2245: $? = 0
configure:2270: result: 
configure:2276: checking for suffix of object files
configure:2297: i486-TSOL-linux-gnu-gcc -c -Os  conftest.c >&5
configure:2300: $? = 0
configure:2322: result: o
configure:2326: checking whether we are using the GNU C compiler
configure:2350: i486-TSOL-linux-gnu-gcc -c -Os  conftest.c >&5
configure:2356: $? = 0
configure:2359: test -z 			 || test ! -s conftest.err
configure:2362: $? = 0
configure:2365: test -s conftest.o
configure:2368: $? = 0
configure:2381: result: yes
configure:2387: checking whether i486-TSOL-linux-gnu-gcc accepts -g
configure:2408: i486-TSOL-linux-gnu-gcc -c -g  conftest.c >&5
configure:2414: $? = 0
configure:2417: test -z 			 || test ! -s conftest.err
configure:2420: $? = 0
configure:2423: test -s conftest.o
configure:2426: $? = 0
configure:2437: result: yes
configure:2454: checking for i486-TSOL-linux-gnu-gcc option to accept ANSI C
configure:2524: i486-TSOL-linux-gnu-gcc  -c -Os  conftest.c >&5
configure:2530: $? = 0
configure:2533: test -z 			 || test ! -s conftest.err
configure:2536: $? = 0
configure:2539: test -s conftest.o
configure:2542: $? = 0
configure:2560: result: none needed
configure:2578: i486-TSOL-linux-gnu-gcc -c -Os  conftest.c >&5
conftest.c:2:3: error: unknown type name 'choke'
conftest.c:2:3: error: expected '=', ',', ';', 'asm' or '__attribute__' at end of input
configure:2584: $? = 1
configure: failed program was:
| #ifndef __cplusplus
|   choke me
| #endif
configure:2716: checking for strerror in -lcposix
configure:2746: i486-TSOL-linux-gnu-gcc -o conftest -Os  -static-libgcc conftest.c -lcposix   >&5
/toolchain/lib/gcc/i486-TSOL-linux-gnu/4.6.3/../../../../i486-TSOL-linux-gnu/bin/ld: cannot find -lcposix
collect2: ld returned 1 exit status
configure:2752: $? = 1
configure: failed program was:
| /* confdefs.h.  */
| 
| #define PACKAGE_NAME ""
| #define PACKAGE_TARNAME ""
| #define PACKAGE_VERSION ""
| #define PACKAGE_STRING ""
| #define PACKAGE_BUGREPORT ""
| /* end confdefs.h.  */
| 
| /* Override any gcc2 internal prototype to avoid an error.  */
| #ifdef __cplusplus
| extern "C"
| #endif
| /* We use char because int might match the return type of a gcc2
|    builtin and then its argument prototype would still apply.  */
| char strerror ();
| int
| main ()
| {
| strerror ();
|   ;
|   return 0;
| }
configure:2777: result: no
configure:2831: checking for gcc
configure:2857: result: i486-TSOL-linux-gnu-gcc
configure:3101: checking for C compiler version
configure:3104: i486-TSOL-linux-gnu-gcc --version </dev/null >&5
i486-TSOL-linux-gnu-gcc (crosstool-NG 1.15.2) 4.6.3
Copyright (C) 2011 Free Software Foundation, Inc.
This is free software; see the source for copying conditions.  There is NO
warranty; not even for MERCHANTABILITY or FITNESS FOR A PARTICULAR PURPOSE.

configure:3107: $? = 0
configure:3109: i486-TSOL-linux-gnu-gcc -v </dev/null >&5
Using built-in specs.
COLLECT_GCC=i486-TSOL-linux-gnu-gcc
COLLECT_LTO_WRAPPER=/toolchain/libexec/gcc/i486-TSOL-linux-gnu/4.6.3/lto-wrapper
Target: i486-TSOL-linux-gnu
Configured with: /TSOL/crosstool-ng-1.15.2/bin/.build/src/gcc-4.6.3/configure --build=i686-build_pc-linux-gnu --host=i686-build_pc-linux-gnu --target=i486-TSOL-linux-gnu --prefix=/toolchain --with-sysroot=/toolchain/i486-TSOL-linux-gnu/sysroot --enable-languages=c,c++ --with-arch=i486 --with-pkgversion='crosstool-NG 1.15.2' --enable-__cxa_atexit --disable-libmudflap --disable-libgomp --disable-libssp --with-gmp=/TSOL/crosstool-ng-1.15.2/bin/.build/i486-TSOL-linux-gnu/buildtools --with-mpfr=/TSOL/crosstool-ng-1.15.2/bin/.build/i486-TSOL-linux-gnu/buildtools --with-mpc=/TSOL/crosstool-ng-1.15.2/bin/.build/i486-TSOL-linux-gnu/buildtools --with-ppl=/TSOL/crosstool-ng-1.15.2/bin/.build/i486-TSOL-linux-gnu/buildtools --with-cloog=/TSOL/crosstool-ng-1.15.2/bin/.build/i486-TSOL-linux-gnu/buildtools --with-libelf=no --with-host-libstdcxx='-static-libgcc -Wl,-Bstatic,-lstdc++,-Bdynamic -lm -L/TSOL/crosstool-ng-1.15.2/bin/.build/i486-TSOL-linux-gnu/buildtools/lib -lpwl' --enable-threads=posix --enable-target-optspace --disable-multilib --with-local-prefix=/toolchain/i486-TSOL-linux-gnu/sysroot --enable-c99 --enable-long-long
Thread model: posix
gcc version 4.6.3 (crosstool-NG 1.15.2) 
configure:3112: $? = 0
configure:3114: i486-TSOL-linux-gnu-gcc -V </dev/null >&5
i486-TSOL-linux-gnu-gcc: error: unrecognized option '-V'
i486-TSOL-linux-gnu-gcc: fatal error: no input files
compilation terminated.
configure:3117: $? = 1
configure:3120: checking whether we are using the GNU C compiler
configure:3175: result: yes
configure:3181: checking whether i486-TSOL-linux-gnu-gcc accepts -g
configure:3231: result: yes
configure:3248: checking for i486-TSOL-linux-gnu-gcc option to accept ANSI C
configure:3354: result: none needed
configure:3372: i486-TSOL-linux-gnu-gcc -c -Os  conftest.c >&5
conftest.c:2:3: error: unknown type name 'choke'
conftest.c:2:3: error: expected '=', ',', ';', 'asm' or '__attribute__' at end of input
configure:3378: $? = 1
configure: failed program was:
| #ifndef __cplusplus
|   choke me
| #endif
configure:3511: checking for i486-TSOL-linux-gnu-gcc option to accept ANSI C
configure:3573: i486-TSOL-linux-gnu-gcc  -c -Os  conftest.c >&5
configure:3579: $? = 0
configure:3582: test -z 			 || test ! -s conftest.err
configure:3585: $? = 0
configure:3588: test -s conftest.o
configure:3591: $? = 0
configure:3606: result: none needed
configure:3622: checking how to run the C preprocessor
configure:3657: i486-TSOL-linux-gnu-gcc -E  conftest.c
configure:3663: $? = 0
configure:3695: i486-TSOL-linux-gnu-gcc -E  conftest.c
conftest.c:9:28: fatal error: ac_nonexistent.h: No such file or directory
compilation terminated.
configure:3701: $? = 1
configure: failed program was:
| /* confdefs.h.  */
| 
| #define PACKAGE_NAME ""
| #define PACKAGE_TARNAME ""
| #define PACKAGE_VERSION ""
| #define PACKAGE_STRING ""
| #define PACKAGE_BUGREPORT ""
| /* end confdefs.h.  */
| #include <ac_nonexistent.h>
configure:3740: result: i486-TSOL-linux-gnu-gcc -E
configure:3764: i486-TSOL-linux-gnu-gcc -E  conftest.c
configure:3770: $? = 0
configure:3802: i486-TSOL-linux-gnu-gcc -E  conftest.c
conftest.c:9:28: fatal error: ac_nonexistent.h: No such file or directory
compilation terminated.
configure:3808: $? = 1
configure: failed program was:
| /* confdefs.h.  */
| 
| #define PACKAGE_NAME ""
| #define PACKAGE_TARNAME ""
| #define PACKAGE_VERSION ""
| #define PACKAGE_STRING ""
| #define PACKAGE_BUGREPORT ""
| /* end confdefs.h.  */
| #include <ac_nonexistent.h>
configure:3852: checking for egrep
configure:3862: result: grep -E
configure:3867: checking for ANSI C header files
configure:3892: i486-TSOL-linux-gnu-gcc -c -Os  conftest.c >&5
configure:3898: $? = 0
configure:3901: test -z 			 || test ! -s conftest.err
configure:3904: $? = 0
configure:3907: test -s conftest.o
configure:3910: $? = 0
configure:3999: i486-TSOL-linux-gnu-gcc -o conftest -Os  -static-libgcc conftest.c  >&5
conftest.c: In function 'main':
conftest.c:26:7: warning: incompatible implicit declaration of built-in function 'exit' [enabled by default]
configure:4002: $? = 0
configure:4004: ./conftest
configure:4007: $? = 0
configure:4022: result: yes
configure:4110: checking build system type
configure:4128: result: i686-pc-linux-gnu
configure:4136: checking host system type
configure:4150: result: i686-pc-linux-gnu
configure:4158: checking for a sed that does not truncate output
configure:4212: result: /usr/bin/sed
configure:4226: checking for ld used by i486-TSOL-linux-gnu-gcc
configure:4293: result: i486-TSOL-linux-gnu-ld
configure:4302: checking if the linker (i486-TSOL-linux-gnu-ld) is GNU ld
configure:4317: result: yes
configure:4322: checking for i486-TSOL-linux-gnu-ld option to reload object files
configure:4329: result: -r
configure:4338: checking for BSD-compatible nm
configure:4380: result: /toolchain/i486-TSOL-linux-gnu/bin//nm -B
configure:4384: checking whether ln -s works
configure:4388: result: yes
configure:4395: checking how to recognise dependent libraries
configure:4569: result: pass_all
configure:4790: checking for sys/types.h
configure:4806: i486-TSOL-linux-gnu-gcc -c -Os  conftest.c >&5
configure:4812: $? = 0
configure:4815: test -z 			 || test ! -s conftest.err
configure:4818: $? = 0
configure:4821: test -s conftest.o
configure:4824: $? = 0
configure:4835: result: yes
configure:4790: checking for sys/stat.h
configure:4806: i486-TSOL-linux-gnu-gcc -c -Os  conftest.c >&5
configure:4812: $? = 0
configure:4815: test -z 			 || test ! -s conftest.err
configure:4818: $? = 0
configure:4821: test -s conftest.o
configure:4824: $? = 0
configure:4835: result: yes
configure:4790: checking for stdlib.h
configure:4806: i486-TSOL-linux-gnu-gcc -c -Os  conftest.c >&5
configure:4812: $? = 0
configure:4815: test -z 			 || test ! -s conftest.err
configure:4818: $? = 0
configure:4821: test -s conftest.o
configure:4824: $? = 0
configure:4835: result: yes
configure:4790: checking for string.h
configure:4806: i486-TSOL-linux-gnu-gcc -c -Os  conftest.c >&5
configure:4812: $? = 0
configure:4815: test -z 			 || test ! -s conftest.err
configure:4818: $? = 0
configure:4821: test -s conftest.o
configure:4824: $? = 0
configure:4835: result: yes
configure:4790: checking for memory.h
configure:4806: i486-TSOL-linux-gnu-gcc -c -Os  conftest.c >&5
configure:4812: $? = 0
configure:4815: test -z 			 || test ! -s conftest.err
configure:4818: $? = 0
configure:4821: test -s conftest.o
configure:4824: $? = 0
configure:4835: result: yes
configure:4790: checking for strings.h
configure:4806: i486-TSOL-linux-gnu-gcc -c -Os  conftest.c >&5
configure:4812: $? = 0
configure:4815: test -z 			 || test ! -s conftest.err
configure:4818: $? = 0
configure:4821: test -s conftest.o
configure:4824: $? = 0
configure:4835: result: yes
configure:4790: checking for inttypes.h
configure:4806: i486-TSOL-linux-gnu-gcc -c -Os  conftest.c >&5
configure:4812: $? = 0
configure:4815: test -z 			 || test ! -s conftest.err
configure:4818: $? = 0
configure:4821: test -s conftest.o
configure:4824: $? = 0
configure:4835: result: yes
configure:4790: checking for stdint.h
configure:4806: i486-TSOL-linux-gnu-gcc -c -Os  conftest.c >&5
configure:4812: $? = 0
configure:4815: test -z 			 || test ! -s conftest.err
configure:4818: $? = 0
configure:4821: test -s conftest.o
configure:4824: $? = 0
configure:4835: result: yes
configure:4790: checking for unistd.h
configure:4806: i486-TSOL-linux-gnu-gcc -c -Os  conftest.c >&5
configure:4812: $? = 0
configure:4815: test -z 			 || test ! -s conftest.err
configure:4818: $? = 0
configure:4821: test -s conftest.o
configure:4824: $? = 0
configure:4835: result: yes
configure:4861: checking dlfcn.h usability
configure:4873: i486-TSOL-linux-gnu-gcc -c -Os  conftest.c >&5
configure:4879: $? = 0
configure:4882: test -z 			 || test ! -s conftest.err
configure:4885: $? = 0
configure:4888: test -s conftest.o
configure:4891: $? = 0
configure:4901: result: yes
configure:4905: checking dlfcn.h presence
configure:4915: i486-TSOL-linux-gnu-gcc -E  conftest.c
configure:4921: $? = 0
configure:4941: result: yes
configure:4976: checking for dlfcn.h
configure:4983: result: yes
configure:5090: checking for C++ compiler version
configure:5093: i486-TSOL-linux-gnu-g++ --version </dev/null >&5
i486-TSOL-linux-gnu-g++ (crosstool-NG 1.15.2) 4.6.3
Copyright (C) 2011 Free Software Foundation, Inc.
This is free software; see the source for copying conditions.  There is NO
warranty; not even for MERCHANTABILITY or FITNESS FOR A PARTICULAR PURPOSE.

configure:5096: $? = 0
configure:5098: i486-TSOL-linux-gnu-g++ -v </dev/null >&5
Using built-in specs.
COLLECT_GCC=i486-TSOL-linux-gnu-g++
COLLECT_LTO_WRAPPER=/toolchain/libexec/gcc/i486-TSOL-linux-gnu/4.6.3/lto-wrapper
Target: i486-TSOL-linux-gnu
Configured with: /TSOL/crosstool-ng-1.15.2/bin/.build/src/gcc-4.6.3/configure --build=i686-build_pc-linux-gnu --host=i686-build_pc-linux-gnu --target=i486-TSOL-linux-gnu --prefix=/toolchain --with-sysroot=/toolchain/i486-TSOL-linux-gnu/sysroot --enable-languages=c,c++ --with-arch=i486 --with-pkgversion='crosstool-NG 1.15.2' --enable-__cxa_atexit --disable-libmudflap --disable-libgomp --disable-libssp --with-gmp=/TSOL/crosstool-ng-1.15.2/bin/.build/i486-TSOL-linux-gnu/buildtools --with-mpfr=/TSOL/crosstool-ng-1.15.2/bin/.build/i486-TSOL-linux-gnu/buildtools --with-mpc=/TSOL/crosstool-ng-1.15.2/bin/.build/i486-TSOL-linux-gnu/buildtools --with-ppl=/TSOL/crosstool-ng-1.15.2/bin/.build/i486-TSOL-linux-gnu/buildtools --with-cloog=/TSOL/crosstool-ng-1.15.2/bin/.build/i486-TSOL-linux-gnu/buildtools --with-libelf=no --with-host-libstdcxx='-static-libgcc -Wl,-Bstatic,-lstdc++,-Bdynamic -lm -L/TSOL/crosstool-ng-1.15.2/bin/.build/i486-TSOL-linux-gnu/buildtools/lib -lpwl' --enable-threads=posix --enable-target-optspace --disable-multilib --with-local-prefix=/toolchain/i486-TSOL-linux-gnu/sysroot --enable-c99 --enable-long-long
Thread model: posix
gcc version 4.6.3 (crosstool-NG 1.15.2) 
configure:5101: $? = 0
configure:5103: i486-TSOL-linux-gnu-g++ -V </dev/null >&5
i486-TSOL-linux-gnu-g++: error: unrecognized option '-V'
i486-TSOL-linux-gnu-g++: fatal error: no input files
compilation terminated.
configure:5106: $? = 1
configure:5109: checking whether we are using the GNU C++ compiler
configure:5133: i486-TSOL-linux-gnu-g++ -c -Os  conftest.cc >&5
configure:5139: $? = 0
configure:5142: test -z 			 || test ! -s conftest.err
configure:5145: $? = 0
configure:5148: test -s conftest.o
configure:5151: $? = 0
configure:5164: result: yes
configure:5170: checking whether i486-TSOL-linux-gnu-g++ accepts -g
configure:5191: i486-TSOL-linux-gnu-g++ -c -g  conftest.cc >&5
configure:5197: $? = 0
configure:5200: test -z 			 || test ! -s conftest.err
configure:5203: $? = 0
configure:5206: test -s conftest.o
configure:5209: $? = 0
configure:5220: result: yes
configure:5262: i486-TSOL-linux-gnu-g++ -c -Os  conftest.cc >&5
configure:5268: $? = 0
configure:5271: test -z 			 || test ! -s conftest.err
configure:5274: $? = 0
configure:5277: test -s conftest.o
configure:5280: $? = 0
configure:5306: i486-TSOL-linux-gnu-g++ -c -Os  conftest.cc >&5
conftest.cc: In function 'int main()':
conftest.cc:24:9: error: 'exit' was not declared in this scope
configure:5312: $? = 1
configure: failed program was:
| /* confdefs.h.  */
| 
| #define PACKAGE_NAME ""
| #define PACKAGE_TARNAME ""
| #define PACKAGE_VERSION ""
| #define PACKAGE_STRING ""
| #define PACKAGE_BUGREPORT ""
| #define STDC_HEADERS 1
| #define HAVE_SYS_TYPES_H 1
| #define HAVE_SYS_STAT_H 1
| #define HAVE_STDLIB_H 1
| #define HAVE_STRING_H 1
| #define HAVE_MEMORY_H 1
| #define HAVE_STRINGS_H 1
| #define HAVE_INTTYPES_H 1
| #define HAVE_STDINT_H 1
| #define HAVE_UNISTD_H 1
| #define HAVE_DLFCN_H 1
| /* end confdefs.h.  */
| 
| int
| main ()
| {
| exit (42);
|   ;
|   return 0;
| }
configure:5262: i486-TSOL-linux-gnu-g++ -c -Os  conftest.cc >&5
conftest.cc:20:40: error: 'void std::exit(int)' should have been declared inside 'std'
configure:5268: $? = 1
configure: failed program was:
| /* confdefs.h.  */
| 
| #define PACKAGE_NAME ""
| #define PACKAGE_TARNAME ""
| #define PACKAGE_VERSION ""
| #define PACKAGE_STRING ""
| #define PACKAGE_BUGREPORT ""
| #define STDC_HEADERS 1
| #define HAVE_SYS_TYPES_H 1
| #define HAVE_SYS_STAT_H 1
| #define HAVE_STDLIB_H 1
| #define HAVE_STRING_H 1
| #define HAVE_MEMORY_H 1
| #define HAVE_STRINGS_H 1
| #define HAVE_INTTYPES_H 1
| #define HAVE_STDINT_H 1
| #define HAVE_UNISTD_H 1
| #define HAVE_DLFCN_H 1
| /* end confdefs.h.  */
| extern "C" void std::exit (int) throw (); using std::exit;
| #include <stdlib.h>
| int
| main ()
| {
| exit (42);
|   ;
|   return 0;
| }
configure:5262: i486-TSOL-linux-gnu-g++ -c -Os  conftest.cc >&5
conftest.cc:20:31: error: 'void std::exit(int)' should have been declared inside 'std'
In file included from conftest.cc:21:0:
/toolchain/i486-TSOL-linux-gnu/sysroot/usr/include/stdlib.h:544:70: error: declaration of 'void std::exit(int) throw ()' has a different exception specifier
conftest.cc:20:17: error: from previous declaration 'void std::exit(int)'
configure:5268: $? = 1
configure: failed program was:
| /* confdefs.h.  */
| 
| #define PACKAGE_NAME ""
| #define PACKAGE_TARNAME ""
| #define PACKAGE_VERSION ""
| #define PACKAGE_STRING ""
| #define PACKAGE_BUGREPORT ""
| #define STDC_HEADERS 1
| #define HAVE_SYS_TYPES_H 1
| #define HAVE_SYS_STAT_H 1
| #define HAVE_STDLIB_H 1
| #define HAVE_STRING_H 1
| #define HAVE_MEMORY_H 1
| #define HAVE_STRINGS_H 1
| #define HAVE_INTTYPES_H 1
| #define HAVE_STDINT_H 1
| #define HAVE_UNISTD_H 1
| #define HAVE_DLFCN_H 1
| /* end confdefs.h.  */
| extern "C" void std::exit (int); using std::exit;
| #include <stdlib.h>
| int
| main ()
| {
| exit (42);
|   ;
|   return 0;
| }
configure:5262: i486-TSOL-linux-gnu-g++ -c -Os  conftest.cc >&5
configure:5268: $? = 0
configure:5271: test -z 			 || test ! -s conftest.err
configure:5274: $? = 0
configure:5277: test -s conftest.o
configure:5280: $? = 0
configure:5306: i486-TSOL-linux-gnu-g++ -c -Os  conftest.cc >&5
configure:5312: $? = 0
configure:5315: test -z 			 || test ! -s conftest.err
configure:5318: $? = 0
configure:5321: test -s conftest.o
configure:5324: $? = 0
configure:5352: checking how to run the C++ preprocessor
configure:5383: i486-TSOL-linux-gnu-g++ -E  conftest.cc
configure:5389: $? = 0
configure:5421: i486-TSOL-linux-gnu-g++ -E  conftest.cc
conftest.cc:23:28: fatal error: ac_nonexistent.h: No such file or directory
compilation terminated.
configure:5427: $? = 1
configure: failed program was:
| /* confdefs.h.  */
| 
| #define PACKAGE_NAME ""
| #define PACKAGE_TARNAME ""
| #define PACKAGE_VERSION ""
| #define PACKAGE_STRING ""
| #define PACKAGE_BUGREPORT ""
| #define STDC_HEADERS 1
| #define HAVE_SYS_TYPES_H 1
| #define HAVE_SYS_STAT_H 1
| #define HAVE_STDLIB_H 1
| #define HAVE_STRING_H 1
| #define HAVE_MEMORY_H 1
| #define HAVE_STRINGS_H 1
| #define HAVE_INTTYPES_H 1
| #define HAVE_STDINT_H 1
| #define HAVE_UNISTD_H 1
| #define HAVE_DLFCN_H 1
| #ifdef __cplusplus
| extern "C" void exit (int) throw ();
| #endif
| /* end confdefs.h.  */
| #include <ac_nonexistent.h>
configure:5466: result: i486-TSOL-linux-gnu-g++ -E
configure:5490: i486-TSOL-linux-gnu-g++ -E  conftest.cc
configure:5496: $? = 0
configure:5528: i486-TSOL-linux-gnu-g++ -E  conftest.cc
conftest.cc:23:28: fatal error: ac_nonexistent.h: No such file or directory
compilation terminated.
configure:5534: $? = 1
configure: failed program was:
| /* confdefs.h.  */
| 
| #define PACKAGE_NAME ""
| #define PACKAGE_TARNAME ""
| #define PACKAGE_VERSION ""
| #define PACKAGE_STRING ""
| #define PACKAGE_BUGREPORT ""
| #define STDC_HEADERS 1
| #define HAVE_SYS_TYPES_H 1
| #define HAVE_SYS_STAT_H 1
| #define HAVE_STDLIB_H 1
| #define HAVE_STRING_H 1
| #define HAVE_MEMORY_H 1
| #define HAVE_STRINGS_H 1
| #define HAVE_INTTYPES_H 1
| #define HAVE_STDINT_H 1
| #define HAVE_UNISTD_H 1
| #define HAVE_DLFCN_H 1
| #ifdef __cplusplus
| extern "C" void exit (int) throw ();
| #endif
| /* end confdefs.h.  */
| #include <ac_nonexistent.h>
configure:5629: checking for g77
configure:5658: result: no
configure:5629: checking for f77
configure:5658: result: no
configure:5629: checking for xlf
configure:5658: result: no
configure:5629: checking for frt
configure:5658: result: no
configure:5629: checking for pgf77
configure:5658: result: no
configure:5629: checking for fort77
configure:5658: result: no
configure:5629: checking for fl32
configure:5658: result: no
configure:5629: checking for af77
configure:5658: result: no
configure:5629: checking for f90
configure:5658: result: no
configure:5629: checking for xlf90
configure:5658: result: no
configure:5629: checking for pgf90
configure:5658: result: no
configure:5629: checking for epcf90
configure:5658: result: no
configure:5629: checking for f95
configure:5658: result: no
configure:5629: checking for fort
configure:5658: result: no
configure:5629: checking for xlf95
configure:5658: result: no
configure:5629: checking for ifc
configure:5658: result: no
configure:5629: checking for efc
configure:5658: result: no
configure:5629: checking for pgf95
configure:5658: result: no
configure:5629: checking for lf95
configure:5658: result: no
configure:5629: checking for gfortran
configure:5658: result: no
configure:5670: checking for Fortran 77 compiler version
configure:5673:  --version </dev/null >&5
./configure: line 5674: --version: command not found
configure:5676: $? = 127
configure:5678:  -v </dev/null >&5
./configure: line 5679: -v: command not found
configure:5681: $? = 127
configure:5683:  -V </dev/null >&5
./configure: line 5684: -V: command not found
configure:5686: $? = 127
configure:5694: checking whether we are using the GNU Fortran 77 compiler
configure:5708:  -c  conftest.F >&5
./configure: line 5709: -c: command not found
configure:5714: $? = 127
configure: failed program was:
|       program main
| #ifndef __GNUC__
|        choke me
| #endif
| 
|       end
configure:5739: result: no
configure:5745: checking whether  accepts -g
configure:5757:  -c -g conftest.f >&5
./configure: line 5758: -c: command not found
configure:5763: $? = 127
configure: failed program was:
|       program main
| 
|       end
configure:5787: result: no
configure:5817: checking the maximum length of command line arguments
configure:5882: result: 32768
configure:5893: checking command to parse /toolchain/i486-TSOL-linux-gnu/bin//nm -B output from i486-TSOL-linux-gnu-gcc object
configure:5982: i486-TSOL-linux-gnu-gcc -c -Os  conftest.c >&5
configure:5985: $? = 0
configure:5989: /toolchain/i486-TSOL-linux-gnu/bin//nm -B conftest.o \| sed -n -e 's/^.*[ 	]\([ABCDGIRSTW][ABCDGIRSTW]*\)[ 	][ 	]*\(\)\([_A-Za-z][_A-Za-z0-9]*\)$/\1 \2\3 \3/p' \> conftest.nm
configure:5992: $? = 0
configure:6044: i486-TSOL-linux-gnu-gcc -o conftest -Os  -static-libgcc conftest.c conftstm.o >&5
configure:6047: $? = 0
configure:6085: result: ok
configure:6089: checking for objdir
configure:6104: result: .libs
configure:6194: checking for ar
configure:6210: found /toolchain/i486-TSOL-linux-gnu/bin//ar
configure:6221: result: ar
configure:6274: checking for ranlib
configure:6290: found /toolchain/i486-TSOL-linux-gnu/bin//ranlib
configure:6301: result: ranlib
configure:6354: checking for strip
configure:6370: found /toolchain/i486-TSOL-linux-gnu/bin//strip
configure:6381: result: strip
configure:6643: checking if i486-TSOL-linux-gnu-gcc static flag  works
configure:6666: result: yes
configure:6684: checking if i486-TSOL-linux-gnu-gcc supports -fno-rtti -fno-exceptions
configure:6702: i486-TSOL-linux-gnu-gcc -c -Os  -fno-rtti -fno-exceptions conftest.c >&5
cc1: warning: command line option '-fno-rtti' is valid for C++/ObjC++ but not for C [enabled by default]
configure:6706: $? = 0
configure:6717: result: no
configure:6732: checking for i486-TSOL-linux-gnu-gcc option to produce PIC
configure:6909: result: -fPIC
configure:6917: checking if i486-TSOL-linux-gnu-gcc PIC flag -fPIC works
configure:6935: i486-TSOL-linux-gnu-gcc -c -Os  -fPIC -DPIC conftest.c >&5
configure:6939: $? = 0
configure:6950: result: yes
configure:6974: checking if i486-TSOL-linux-gnu-gcc supports -c -o file.o
configure:6995: i486-TSOL-linux-gnu-gcc -c -Os  -o out/conftest2.o conftest.c >&5
configure:6999: $? = 0
configure:7019: result: yes
configure:7045: checking whether the i486-TSOL-linux-gnu-gcc linker (i486-TSOL-linux-gnu-ld) supports shared libraries
configure:7892: result: yes
configure:7918: checking whether -lc should be explicitly linked in
configure:7923: i486-TSOL-linux-gnu-gcc -c -Os  conftest.c >&5
configure:7926: $? = 0
configure:7940: i486-TSOL-linux-gnu-gcc -shared conftest.o  -v -Wl,-soname -Wl,conftest -o conftest 2\>\&1 \| grep  -lc  \>/dev/null 2\>\&1
configure:7943: $? = 0
configure:7955: result: no
configure:7963: checking dynamic linker characteristics
configure:8515: result: GNU/Linux ld.so
configure:8519: checking how to hardcode library paths into programs
configure:8544: result: immediate
configure:8558: checking whether stripping libraries is possible
configure:8563: result: yes
configure:9386: checking if libtool supports shared libraries
configure:9388: result: yes
configure:9391: checking whether to build shared libraries
configure:9449: result: yes
configure:9452: checking whether to build static libraries
configure:9456: result: yes
configure:9548: creating libtool
configure:10095: checking for ld used by i486-TSOL-linux-gnu-g++
configure:10162: result: i486-TSOL-linux-gnu-ld
configure:10171: checking if the linker (i486-TSOL-linux-gnu-ld) is GNU ld
configure:10186: result: yes
configure:10237: checking whether the i486-TSOL-linux-gnu-g++ linker (i486-TSOL-linux-gnu-ld) supports shared libraries
configure:11063: result: yes
configure:11081: i486-TSOL-linux-gnu-g++ -c -Os  conftest.cc >&5
configure:11084: $? = 0
configure:11180: checking for i486-TSOL-linux-gnu-g++ option to produce PIC
configure:11432: result: -fPIC
configure:11440: checking if i486-TSOL-linux-gnu-g++ PIC flag -fPIC works
configure:11458: i486-TSOL-linux-gnu-g++ -c -Os  -fPIC -DPIC conftest.cc >&5
configure:11462: $? = 0
configure:11473: result: yes
configure:11497: checking if i486-TSOL-linux-gnu-g++ supports -c -o file.o
configure:11518: i486-TSOL-linux-gnu-g++ -c -Os  -o out/conftest2.o conftest.cc >&5
configure:11522: $? = 0
configure:11542: result: yes
configure:11568: checking whether the i486-TSOL-linux-gnu-g++ linker (i486-TSOL-linux-gnu-ld) supports shared libraries
configure:11596: result: yes
configure:11667: checking dynamic linker characteristics
configure:12219: result: GNU/Linux ld.so
configure:12223: checking how to hardcode library paths into programs
configure:12248: result: immediate
configure:12262: checking whether stripping libraries is possible
configure:12267: result: yes
configure:19523: checking for a BSD-compatible install
configure:19578: result: /bin/install -c
configure:19589: checking whether make sets $(MAKE)
configure:19609: result: yes
configure:19618: checking whether build environment is sane
configure:19661: result: yes
configure:19664: checking whether to enable maintainer-specific portions of Makefiles
configure:19673: result: no
configure:19687: checking if malloc debugging is wanted
configure:19708: result: no
configure:19746: checking for imlib2-config
configure:19764: found /usr/bin/imlib2-config
configure:19777: result: /usr/bin/imlib2-config
configure:19784: checking for imlib2 - version >= 1.0.0
configure:19842: result: yes
configure:19977: creating ./config.status

## ---------------------- ##
## Running config.status. ##
## ---------------------- ##

This file was extended by config.status, which was
generated by GNU Autoconf 2.59.  Invocation command line was

  CONFIG_FILES    = 
  CONFIG_HEADERS  = 
  CONFIG_LINKS    = 
  CONFIG_COMMANDS = 
  $ ./config.status 

on ubuntu4

config.status:745: creating Makefile
config.status:745: creating giblib-config
config.status:745: creating giblib.pc
config.status:745: creating giblib/Makefile
config.status:811: creating giblib/giblib_config.h
config.status:1073: executing default-1 commands
config.status:1073: executing default commands

## ---------------- ##
## Cache variables. ##
## ---------------- ##

ac_cv_build=i686-pc-linux-gnu
ac_cv_build_alias=i686-pc-linux-gnu
ac_cv_c_compiler_gnu=yes
ac_cv_cxx_compiler_gnu=yes
ac_cv_env_CC_set=set
ac_cv_env_CC_value=i486-TSOL-linux-gnu-gcc
ac_cv_env_CFLAGS_set=set
ac_cv_env_CFLAGS_value=-Os
ac_cv_env_CPPFLAGS_set=
ac_cv_env_CPPFLAGS_value=
ac_cv_env_CPP_set=
ac_cv_env_CPP_value=
ac_cv_env_CXXCPP_set=
ac_cv_env_CXXCPP_value=
ac_cv_env_CXXFLAGS_set=set
ac_cv_env_CXXFLAGS_value=-Os
ac_cv_env_CXX_set=set
ac_cv_env_CXX_value=i486-TSOL-linux-gnu-g++
ac_cv_env_F77_set=
ac_cv_env_F77_value=
ac_cv_env_FFLAGS_set=
ac_cv_env_FFLAGS_value=
ac_cv_env_LDFLAGS_set=set
ac_cv_env_LDFLAGS_value=-static-libgcc
ac_cv_env_build_alias_set=
ac_cv_env_build_alias_value=
ac_cv_env_host_alias_set=
ac_cv_env_host_alias_value=
ac_cv_env_target_alias_set=
ac_cv_env_target_alias_value=
ac_cv_exeext=
ac_cv_f77_compiler_gnu=no
ac_cv_header_dlfcn_h=yes
ac_cv_header_inttypes_h=yes
ac_cv_header_memory_h=yes
ac_cv_header_stdc=yes
ac_cv_header_stdint_h=yes
ac_cv_header_stdlib_h=yes
ac_cv_header_string_h=yes
ac_cv_header_strings_h=yes
ac_cv_header_sys_stat_h=yes
ac_cv_header_sys_types_h=yes
ac_cv_header_unistd_h=yes
ac_cv_host=i686-pc-linux-gnu
ac_cv_host_alias=i686-pc-linux-gnu
ac_cv_lib_cposix_strerror=no
ac_cv_objext=o
ac_cv_path_IMLIB2_CONFIG=/usr/bin/imlib2-config
ac_cv_path_install='/bin/install -c'
ac_cv_prog_CPP='i486-TSOL-linux-gnu-gcc -E'
ac_cv_prog_CXXCPP='i486-TSOL-linux-gnu-g++ -E'
ac_cv_prog_ac_ct_AR=ar
ac_cv_prog_ac_ct_CC=i486-TSOL-linux-gnu-gcc
ac_cv_prog_ac_ct_RANLIB=ranlib
ac_cv_prog_ac_ct_STRIP=strip
ac_cv_prog_cc_g=yes
ac_cv_prog_cc_stdc=
ac_cv_prog_cxx_g=yes
ac_cv_prog_egrep='grep -E'
ac_cv_prog_f77_g=no
ac_cv_prog_make_make_set=yes
am_cv_prog_cc_stdc=
lt_cv_deplibs_check_method=pass_all
lt_cv_file_magic_cmd='$MAGIC_CMD'
lt_cv_file_magic_test_file=
lt_cv_ld_reload_flag=-r
lt_cv_objdir=.libs
lt_cv_path_LD=i486-TSOL-linux-gnu-ld
lt_cv_path_LDCXX=i486-TSOL-linux-gnu-ld
lt_cv_path_NM='/toolchain/i486-TSOL-linux-gnu/bin//nm -B'
lt_cv_path_SED=/usr/bin/sed
lt_cv_prog_compiler_c_o=yes
lt_cv_prog_compiler_c_o_CXX=yes
lt_cv_prog_compiler_rtti_exceptions=no
lt_cv_prog_gnu_ld=yes
lt_cv_prog_gnu_ldcxx=yes
lt_cv_sys_global_symbol_pipe='sed -n -e '\''s/^.*[ 	]\([ABCDGIRSTW][ABCDGIRSTW]*\)[ 	][ 	]*\(\)\([_A-Za-z][_A-Za-z0-9]*\)$/\1 \2\3 \3/p'\'''
lt_cv_sys_global_symbol_to_c_name_address='sed -n -e '\''s/^: \([^ ]*\) $/  {\"\1\", (lt_ptr) 0},/p'\'' -e '\''s/^[BCDEGRST] \([^ ]*\) \([^ ]*\)$/  {"\2", (lt_ptr) \&\2},/p'\'''
lt_cv_sys_global_symbol_to_cdecl='sed -n -e '\''s/^. .* \(.*\)$/extern int \1;/p'\'''
lt_cv_sys_max_cmd_len=32768
lt_lt_cv_prog_compiler_c_o='"yes"'
lt_lt_cv_prog_compiler_c_o_CXX='"yes"'
lt_lt_cv_sys_global_symbol_pipe='"sed -n -e '\''s/^.*[ 	]\\([ABCDGIRSTW][ABCDGIRSTW]*\\)[ 	][ 	]*\\(\\)\\([_A-Za-z][_A-Za-z0-9]*\\)\$/\\1 \\2\\3 \\3/p'\''"'
lt_lt_cv_sys_global_symbol_to_c_name_address='"sed -n -e '\''s/^: \\([^ ]*\\) \$/  {\\\"\\1\\\", (lt_ptr) 0},/p'\'' -e '\''s/^[BCDEGRST] \\([^ ]*\\) \\([^ ]*\\)\$/  {\"\\2\", (lt_ptr) \\&\\2},/p'\''"'
lt_lt_cv_sys_global_symbol_to_cdecl='"sed -n -e '\''s/^. .* \\(.*\\)\$/extern int \\1;/p'\''"'

## ----------------- ##
## Output variables. ##
## ----------------- ##

ACLOCAL='/source/giblib-1.2.4/missing aclocal-1.4'
AR='ar'
AUTOCONF='autoconf'
AUTOHEADER='autoheader'
AUTOMAKE='/source/giblib-1.2.4/missing automake-1.4'
CC='i486-TSOL-linux-gnu-gcc'
CFLAGS='-Os -Wall'
CPP='i486-TSOL-linux-gnu-gcc -E'
CPPFLAGS=''
CXX='i486-TSOL-linux-gnu-g++'
CXXCPP='i486-TSOL-linux-gnu-g++ -E'
CXXFLAGS='-Os'
DEFS='-DHAVE_CONFIG_H'
ECHO='echo'
ECHO_C=''
ECHO_N='-n'
ECHO_T=''
EGREP='grep -E'
EXEEXT=''
F77=''
FFLAGS=''
IMLIB2_CFLAGS=''
IMLIB2_CONFIG='/usr/bin/imlib2-config'
IMLIB2_LIBS='-L/usr/lib -lImlib2 -lfreetype -lz -lbz2 -L/usr/xorg/lib -lX11 -lXext -ldl -lm'
IMLIB_CFLAGS=''
IMLIB_LIBS='-L/usr/lib -lImlib2 -lfreetype -lz -lbz2 -L/usr/xorg/lib -lX11 -lXext -ldl -lm'
INSTALL_DATA='${INSTALL} -m 644'
INSTALL_PROGRAM='${INSTALL}'
INSTALL_SCRIPT='${INSTALL}'
LDFLAGS='-static-libgcc'
LIBOBJS=''
LIBS=' -lm'
LIBTOOL='$(SHELL) $(top_builddir)/libtool'
LN_S='ln -s'
LTLIBOBJS=''
MAINT='#'
MAINTAINER_MODE_FALSE=''
MAINTAINER_MODE_TRUE='#'
MAKEINFO='/source/giblib-1.2.4/missing makeinfo'
OBJEXT='o'
PACKAGE='giblib'
PACKAGE_BUGREPORT=''
PACKAGE_NAME=''
PACKAGE_STRING=''
PACKAGE_TARNAME=''
PACKAGE_VERSION=''
PATH_SEPARATOR=':'
RANLIB='ranlib'
SET_MAKE=''
SHELL='/bin/sh'
STRIP='strip'
VERSION='1.2.4'
ac_ct_AR='ar'
ac_ct_CC='i486-TSOL-linux-gnu-gcc'
ac_ct_CXX=''
ac_ct_F77=''
ac_ct_RANLIB='ranlib'
ac_ct_STRIP='strip'
bindir='${exec_prefix}/bin'
build='i686-pc-linux-gnu'
build_alias=''
build_cpu='i686'
build_os='linux-gnu'
build_vendor='pc'
datadir='${prefix}/share'
exec_prefix='${prefix}'
host='i686-pc-linux-gnu'
host_alias=''
host_cpu='i686'
host_os='linux-gnu'
host_vendor='pc'
includedir='${prefix}/include'
infodir='${prefix}/info'
libdir='${exec_prefix}/lib'
libexecdir='${exec_prefix}/libexec'
localstatedir='${prefix}/var'
mandir='${prefix}/man'
oldincludedir='/usr/include'
prefix='/usr'
program_transform_name='s,x,x,'
sbindir='${exec_prefix}/sbin'
sharedstatedir='${prefix}/com'
sysconfdir='${prefix}/etc'
target_alias=''

## ----------- ##
## confdefs.h. ##
## ----------- ##

#define HAVE_DLFCN_H 1
#define HAVE_INTTYPES_H 1
#define HAVE_MEMORY_H 1
#define HAVE_STDINT_H 1
#define HAVE_STDLIB_H 1
#define HAVE_STRINGS_H 1
#define HAVE_STRING_H 1
#define HAVE_SYS_STAT_H 1
#define HAVE_SYS_TYPES_H 1
#define HAVE_UNISTD_H 1
#define PACKAGE_BUGREPORT ""
#define PACKAGE_NAME ""
#define PACKAGE_STRING ""
#define PACKAGE_TARNAME ""
#define PACKAGE_VERSION ""
#define STDC_HEADERS 1
#endif
#ifdef __cplusplus
extern "C" void exit (int) throw ();

configure: exit 0
