This file contains any messages produced by compilers while
running configure, to aid debugging if configure makes a mistake.

It was created by xdpyinfo configure 1.3.0, which was
generated by GNU Autoconf 2.68.  Invocation command line was

  $ ./configure --prefix=/usr/xorg CC=i486-TSOL-linux-gnu-gcc CFLAGS=-Os LDFLAGS=-static-libgcc

## --------- ##
## Platform. ##
## --------- ##

hostname = ubuntu4
uname -m = i686
uname -r = 3.2.16-030216-generic
uname -s = Linux
uname -v = #201204221935 SMP Sun Apr 22 23:42:49 UTC 2012

/usr/bin/uname -p = unknown
/bin/uname -X     = unknown

/bin/arch              = unknown
/usr/bin/arch -k       = unknown
/usr/convex/getsysinfo = unknown
/usr/bin/hostinfo      = unknown
/bin/machine           = unknown
/usr/bin/oslevel       = unknown
/bin/universe          = unknown

PATH: /usr/xorg/bin
PATH: /source/docbook-xsl-1.76.1/tools/bin
PATH: /bin
PATH: /sbin
PATH: /usr/bin
PATH: /usr/sbin
PATH: /usr/bin/X11
PATH: /usr/local/bin
PATH: /toolchain/bin
PATH: /toolchain/i486-TSOL-linux-gnu/bin/
PATH: /root/.local/bin
PATH: /usr/xorg/bin


## ----------- ##
## Core tests. ##
## ----------- ##

configure:2178: checking for a BSD-compatible install
configure:2246: result: /bin/install -c
configure:2257: checking whether build environment is sane
configure:2307: result: yes
configure:2448: checking for a thread-safe mkdir -p
configure:2487: result: /bin/mkdir -p
configure:2500: checking for gawk
configure:2516: found /usr/bin/gawk
configure:2527: result: gawk
configure:2538: checking whether make sets $(MAKE)
configure:2560: result: yes
configure:2641: checking whether to enable maintainer-specific portions of Makefiles
configure:2650: result: no
configure:2688: checking for style of include used by make
configure:2716: result: GNU
configure:2786: checking for gcc
configure:2813: result: i486-TSOL-linux-gnu-gcc
configure:3042: checking for C compiler version
configure:3051: i486-TSOL-linux-gnu-gcc --version >&5
i486-TSOL-linux-gnu-gcc (crosstool-NG 1.15.2) 4.6.3
Copyright (C) 2011 Free Software Foundation, Inc.
This is free software; see the source for copying conditions.  There is NO
warranty; not even for MERCHANTABILITY or FITNESS FOR A PARTICULAR PURPOSE.

configure:3062: $? = 0
configure:3051: i486-TSOL-linux-gnu-gcc -v >&5
Using built-in specs.
COLLECT_GCC=i486-TSOL-linux-gnu-gcc
COLLECT_LTO_WRAPPER=/toolchain/libexec/gcc/i486-TSOL-linux-gnu/4.6.3/lto-wrapper
Target: i486-TSOL-linux-gnu
Configured with: /TSOL/crosstool-ng-1.15.2/bin/.build/src/gcc-4.6.3/configure --build=i686-build_pc-linux-gnu --host=i686-build_pc-linux-gnu --target=i486-TSOL-linux-gnu --prefix=/toolchain --with-sysroot=/toolchain/i486-TSOL-linux-gnu/sysroot --enable-languages=c,c++ --with-arch=i486 --with-pkgversion='crosstool-NG 1.15.2' --enable-__cxa_atexit --disable-libmudflap --disable-libgomp --disable-libssp --with-gmp=/TSOL/crosstool-ng-1.15.2/bin/.build/i486-TSOL-linux-gnu/buildtools --with-mpfr=/TSOL/crosstool-ng-1.15.2/bin/.build/i486-TSOL-linux-gnu/buildtools --with-mpc=/TSOL/crosstool-ng-1.15.2/bin/.build/i486-TSOL-linux-gnu/buildtools --with-ppl=/TSOL/crosstool-ng-1.15.2/bin/.build/i486-TSOL-linux-gnu/buildtools --with-cloog=/TSOL/crosstool-ng-1.15.2/bin/.build/i486-TSOL-linux-gnu/buildtools --with-libelf=no --with-host-libstdcxx='-static-libgcc -Wl,-Bstatic,-lstdc++,-Bdynamic -lm -L/TSOL/crosstool-ng-1.15.2/bin/.build/i486-TSOL-linux-gnu/buildtools/lib -lpwl' --enable-threads=posix --enable-target-optspace --disable-multilib --with-local-prefix=/toolchain/i486-TSOL-linux-gnu/sysroot --enable-c99 --enable-long-long
Thread model: posix
gcc version 4.6.3 (crosstool-NG 1.15.2) 
configure:3062: $? = 0
configure:3051: i486-TSOL-linux-gnu-gcc -V >&5
i486-TSOL-linux-gnu-gcc: error: unrecognized option '-V'
i486-TSOL-linux-gnu-gcc: fatal error: no input files
compilation terminated.
configure:3062: $? = 1
configure:3051: i486-TSOL-linux-gnu-gcc -qversion >&5
i486-TSOL-linux-gnu-gcc: error: unrecognized option '-qversion'
i486-TSOL-linux-gnu-gcc: fatal error: no input files
compilation terminated.
configure:3062: $? = 1
configure:3082: checking whether the C compiler works
configure:3104: i486-TSOL-linux-gnu-gcc -Os  -static-libgcc conftest.c  >&5
configure:3108: $? = 0
configure:3156: result: yes
configure:3159: checking for C compiler default output file name
configure:3161: result: a.out
configure:3167: checking for suffix of executables
configure:3174: i486-TSOL-linux-gnu-gcc -o conftest -Os  -static-libgcc conftest.c  >&5
configure:3178: $? = 0
configure:3200: result: 
configure:3222: checking whether we are cross compiling
configure:3230: i486-TSOL-linux-gnu-gcc -o conftest -Os  -static-libgcc conftest.c  >&5
configure:3234: $? = 0
configure:3241: ./conftest
configure:3245: $? = 0
configure:3260: result: no
configure:3265: checking for suffix of object files
configure:3287: i486-TSOL-linux-gnu-gcc -c -Os  conftest.c >&5
configure:3291: $? = 0
configure:3312: result: o
configure:3316: checking whether we are using the GNU C compiler
configure:3335: i486-TSOL-linux-gnu-gcc -c -Os  conftest.c >&5
configure:3335: $? = 0
configure:3344: result: yes
configure:3353: checking whether i486-TSOL-linux-gnu-gcc accepts -g
configure:3373: i486-TSOL-linux-gnu-gcc -c -g  conftest.c >&5
configure:3373: $? = 0
configure:3414: result: yes
configure:3431: checking for i486-TSOL-linux-gnu-gcc option to accept ISO C89
configure:3495: i486-TSOL-linux-gnu-gcc  -c -Os  conftest.c >&5
configure:3495: $? = 0
configure:3508: result: none needed
configure:3530: checking dependency style of i486-TSOL-linux-gnu-gcc
configure:3640: result: gcc3
configure:3655: checking for i486-TSOL-linux-gnu-gcc option to accept ISO C99
configure:3804: i486-TSOL-linux-gnu-gcc  -c -Os  conftest.c >&5
conftest.c:61:29: error: expected ';', ',' or ')' before 'text'
conftest.c: In function 'main':
conftest.c:115:18: error: expected '=', ',', ';', 'asm' or '__attribute__' before 'newvar'
conftest.c:115:18: error: 'newvar' undeclared (first use in this function)
conftest.c:115:18: note: each undeclared identifier is reported only once for each function it appears in
conftest.c:125:3: error: 'for' loop initial declarations are only allowed in C99 mode
conftest.c:125:3: note: use option -std=c99 or -std=gnu99 to compile your code
configure:3804: $? = 1
configure: failed program was:
| /* confdefs.h */
| #define PACKAGE_NAME "xdpyinfo"
| #define PACKAGE_TARNAME "xdpyinfo"
| #define PACKAGE_VERSION "1.3.0"
| #define PACKAGE_STRING "xdpyinfo 1.3.0"
| #define PACKAGE_BUGREPORT "https://bugs.freedesktop.org/enter_bug.cgi?product=xorg"
| #define PACKAGE_URL ""
| #define PACKAGE "xdpyinfo"
| #define VERSION "1.3.0"
| /* end confdefs.h.  */
| #include <stdarg.h>
| #include <stdbool.h>
| #include <stdlib.h>
| #include <wchar.h>
| #include <stdio.h>
| 
| // Check varargs macros.  These examples are taken from C99 6.10.3.5.
| #define debug(...) fprintf (stderr, __VA_ARGS__)
| #define showlist(...) puts (#__VA_ARGS__)
| #define report(test,...) ((test) ? puts (#test) : printf (__VA_ARGS__))
| static void
| test_varargs_macros (void)
| {
|   int x = 1234;
|   int y = 5678;
|   debug ("Flag");
|   debug ("X = %d\n", x);
|   showlist (The first, second, and third items.);
|   report (x>y, "x is %d but y is %d", x, y);
| }
| 
| // Check long long types.
| #define BIG64 18446744073709551615ull
| #define BIG32 4294967295ul
| #define BIG_OK (BIG64 / BIG32 == 4294967297ull && BIG64 % BIG32 == 0)
| #if !BIG_OK
|   your preprocessor is broken;
| #endif
| #if BIG_OK
| #else
|   your preprocessor is broken;
| #endif
| static long long int bignum = -9223372036854775807LL;
| static unsigned long long int ubignum = BIG64;
| 
| struct incomplete_array
| {
|   int datasize;
|   double data[];
| };
| 
| struct named_init {
|   int number;
|   const wchar_t *name;
|   double average;
| };
| 
| typedef const char *ccp;
| 
| static inline int
| test_restrict (ccp restrict text)
| {
|   // See if C++-style comments work.
|   // Iterate through items via the restricted pointer.
|   // Also check for declarations in for loops.
|   for (unsigned int i = 0; *(text+i) != '\0'; ++i)
|     continue;
|   return 0;
| }
| 
| // Check varargs and va_copy.
| static void
| test_varargs (const char *format, ...)
| {
|   va_list args;
|   va_start (args, format);
|   va_list args_copy;
|   va_copy (args_copy, args);
| 
|   const char *str;
|   int number;
|   float fnumber;
| 
|   while (*format)
|     {
|       switch (*format++)
| 	{
| 	case 's': // string
| 	  str = va_arg (args_copy, const char *);
| 	  break;
| 	case 'd': // int
| 	  number = va_arg (args_copy, int);
| 	  break;
| 	case 'f': // float
| 	  fnumber = va_arg (args_copy, double);
| 	  break;
| 	default:
| 	  break;
| 	}
|     }
|   va_end (args_copy);
|   va_end (args);
| }
| 
| int
| main ()
| {
| 
|   // Check bool.
|   _Bool success = false;
| 
|   // Check restrict.
|   if (test_restrict ("String literal") == 0)
|     success = true;
|   char *restrict newvar = "Another string";
| 
|   // Check varargs.
|   test_varargs ("s, d' f .", "string", 65, 34.234);
|   test_varargs_macros ();
| 
|   // Check flexible array members.
|   struct incomplete_array *ia =
|     malloc (sizeof (struct incomplete_array) + (sizeof (double) * 10));
|   ia->datasize = 10;
|   for (int i = 0; i < ia->datasize; ++i)
|     ia->data[i] = i * 1.234;
| 
|   // Check named initializers.
|   struct named_init ni = {
|     .number = 34,
|     .name = L"Test wide string",
|     .average = 543.34343,
|   };
| 
|   ni.number = 58;
| 
|   int dynamic_array[ni.number];
|   dynamic_array[ni.number - 1] = 543;
| 
|   // work around unused variable warnings
|   return (!success || bignum == 0LL || ubignum == 0uLL || newvar[0] == 'x'
| 	  || dynamic_array[ni.number - 1] != 543);
| 
|   ;
|   return 0;
| }
configure:3804: i486-TSOL-linux-gnu-gcc -std=gnu99 -c -Os  conftest.c >&5
configure:3804: $? = 0
configure:3824: result: -std=gnu99
configure:3838: checking how to run the C preprocessor
configure:3869: i486-TSOL-linux-gnu-gcc -std=gnu99 -E  conftest.c
configure:3869: $? = 0
configure:3883: i486-TSOL-linux-gnu-gcc -std=gnu99 -E  conftest.c
conftest.c:11:28: fatal error: ac_nonexistent.h: No such file or directory
compilation terminated.
configure:3883: $? = 1
configure: failed program was:
| /* confdefs.h */
| #define PACKAGE_NAME "xdpyinfo"
| #define PACKAGE_TARNAME "xdpyinfo"
| #define PACKAGE_VERSION "1.3.0"
| #define PACKAGE_STRING "xdpyinfo 1.3.0"
| #define PACKAGE_BUGREPORT "https://bugs.freedesktop.org/enter_bug.cgi?product=xorg"
| #define PACKAGE_URL ""
| #define PACKAGE "xdpyinfo"
| #define VERSION "1.3.0"
| /* end confdefs.h.  */
| #include <ac_nonexistent.h>
configure:3908: result: i486-TSOL-linux-gnu-gcc -std=gnu99 -E
configure:3928: i486-TSOL-linux-gnu-gcc -std=gnu99 -E  conftest.c
configure:3928: $? = 0
configure:3942: i486-TSOL-linux-gnu-gcc -std=gnu99 -E  conftest.c
conftest.c:11:28: fatal error: ac_nonexistent.h: No such file or directory
compilation terminated.
configure:3942: $? = 1
configure: failed program was:
| /* confdefs.h */
| #define PACKAGE_NAME "xdpyinfo"
| #define PACKAGE_TARNAME "xdpyinfo"
| #define PACKAGE_VERSION "1.3.0"
| #define PACKAGE_STRING "xdpyinfo 1.3.0"
| #define PACKAGE_BUGREPORT "https://bugs.freedesktop.org/enter_bug.cgi?product=xorg"
| #define PACKAGE_URL ""
| #define PACKAGE "xdpyinfo"
| #define VERSION "1.3.0"
| /* end confdefs.h.  */
| #include <ac_nonexistent.h>
configure:3971: checking for grep that handles long lines and -e
configure:4029: result: /usr/bin/grep
configure:4034: checking for egrep
configure:4096: result: /usr/bin/grep -E
configure:4101: checking for ANSI C header files
configure:4121: i486-TSOL-linux-gnu-gcc -std=gnu99 -c -Os  conftest.c >&5
configure:4121: $? = 0
configure:4194: i486-TSOL-linux-gnu-gcc -std=gnu99 -o conftest -Os  -static-libgcc conftest.c  >&5
configure:4194: $? = 0
configure:4194: ./conftest
configure:4194: $? = 0
configure:4205: result: yes
configure:4218: checking for sys/types.h
configure:4218: i486-TSOL-linux-gnu-gcc -std=gnu99 -c -Os  conftest.c >&5
configure:4218: $? = 0
configure:4218: result: yes
configure:4218: checking for sys/stat.h
configure:4218: i486-TSOL-linux-gnu-gcc -std=gnu99 -c -Os  conftest.c >&5
configure:4218: $? = 0
configure:4218: result: yes
configure:4218: checking for stdlib.h
configure:4218: i486-TSOL-linux-gnu-gcc -std=gnu99 -c -Os  conftest.c >&5
configure:4218: $? = 0
configure:4218: result: yes
configure:4218: checking for string.h
configure:4218: i486-TSOL-linux-gnu-gcc -std=gnu99 -c -Os  conftest.c >&5
configure:4218: $? = 0
configure:4218: result: yes
configure:4218: checking for memory.h
configure:4218: i486-TSOL-linux-gnu-gcc -std=gnu99 -c -Os  conftest.c >&5
configure:4218: $? = 0
configure:4218: result: yes
configure:4218: checking for strings.h
configure:4218: i486-TSOL-linux-gnu-gcc -std=gnu99 -c -Os  conftest.c >&5
configure:4218: $? = 0
configure:4218: result: yes
configure:4218: checking for inttypes.h
configure:4218: i486-TSOL-linux-gnu-gcc -std=gnu99 -c -Os  conftest.c >&5
configure:4218: $? = 0
configure:4218: result: yes
configure:4218: checking for stdint.h
configure:4218: i486-TSOL-linux-gnu-gcc -std=gnu99 -c -Os  conftest.c >&5
configure:4218: $? = 0
configure:4218: result: yes
configure:4218: checking for unistd.h
configure:4218: i486-TSOL-linux-gnu-gcc -std=gnu99 -c -Os  conftest.c >&5
configure:4218: $? = 0
configure:4218: result: yes
configure:4232: checking whether __clang__ is declared
configure:4232: i486-TSOL-linux-gnu-gcc -std=gnu99 -c -Os  conftest.c >&5
conftest.c: In function 'main':
conftest.c:61:10: error: '__clang__' undeclared (first use in this function)
conftest.c:61:10: note: each undeclared identifier is reported only once for each function it appears in
configure:4232: $? = 1
configure: failed program was:
| /* confdefs.h */
| #define PACKAGE_NAME "xdpyinfo"
| #define PACKAGE_TARNAME "xdpyinfo"
| #define PACKAGE_VERSION "1.3.0"
| #define PACKAGE_STRING "xdpyinfo 1.3.0"
| #define PACKAGE_BUGREPORT "https://bugs.freedesktop.org/enter_bug.cgi?product=xorg"
| #define PACKAGE_URL ""
| #define PACKAGE "xdpyinfo"
| #define VERSION "1.3.0"
| #define STDC_HEADERS 1
| #define HAVE_SYS_TYPES_H 1
| #define HAVE_SYS_STAT_H 1
| #define HAVE_STDLIB_H 1
| #define HAVE_STRING_H 1
| #define HAVE_MEMORY_H 1
| #define HAVE_STRINGS_H 1
| #define HAVE_INTTYPES_H 1
| #define HAVE_STDINT_H 1
| #define HAVE_UNISTD_H 1
| /* end confdefs.h.  */
| #include <stdio.h>
| #ifdef HAVE_SYS_TYPES_H
| # include <sys/types.h>
| #endif
| #ifdef HAVE_SYS_STAT_H
| # include <sys/stat.h>
| #endif
| #ifdef STDC_HEADERS
| # include <stdlib.h>
| # include <stddef.h>
| #else
| # ifdef HAVE_STDLIB_H
| #  include <stdlib.h>
| # endif
| #endif
| #ifdef HAVE_STRING_H
| # if !defined STDC_HEADERS && defined HAVE_MEMORY_H
| #  include <memory.h>
| # endif
| # include <string.h>
| #endif
| #ifdef HAVE_STRINGS_H
| # include <strings.h>
| #endif
| #ifdef HAVE_INTTYPES_H
| # include <inttypes.h>
| #endif
| #ifdef HAVE_STDINT_H
| # include <stdint.h>
| #endif
| #ifdef HAVE_UNISTD_H
| # include <unistd.h>
| #endif
| int
| main ()
| {
| #ifndef __clang__
| #ifdef __cplusplus
|   (void) __clang__;
| #else
|   (void) __clang__;
| #endif
| #endif
| 
|   ;
|   return 0;
| }
configure:4232: result: no
configure:4239: checking whether __INTEL_COMPILER is declared
configure:4239: i486-TSOL-linux-gnu-gcc -std=gnu99 -c -Os  conftest.c >&5
conftest.c: In function 'main':
conftest.c:61:10: error: '__INTEL_COMPILER' undeclared (first use in this function)
conftest.c:61:10: note: each undeclared identifier is reported only once for each function it appears in
configure:4239: $? = 1
configure: failed program was:
| /* confdefs.h */
| #define PACKAGE_NAME "xdpyinfo"
| #define PACKAGE_TARNAME "xdpyinfo"
| #define PACKAGE_VERSION "1.3.0"
| #define PACKAGE_STRING "xdpyinfo 1.3.0"
| #define PACKAGE_BUGREPORT "https://bugs.freedesktop.org/enter_bug.cgi?product=xorg"
| #define PACKAGE_URL ""
| #define PACKAGE "xdpyinfo"
| #define VERSION "1.3.0"
| #define STDC_HEADERS 1
| #define HAVE_SYS_TYPES_H 1
| #define HAVE_SYS_STAT_H 1
| #define HAVE_STDLIB_H 1
| #define HAVE_STRING_H 1
| #define HAVE_MEMORY_H 1
| #define HAVE_STRINGS_H 1
| #define HAVE_INTTYPES_H 1
| #define HAVE_STDINT_H 1
| #define HAVE_UNISTD_H 1
| /* end confdefs.h.  */
| #include <stdio.h>
| #ifdef HAVE_SYS_TYPES_H
| # include <sys/types.h>
| #endif
| #ifdef HAVE_SYS_STAT_H
| # include <sys/stat.h>
| #endif
| #ifdef STDC_HEADERS
| # include <stdlib.h>
| # include <stddef.h>
| #else
| # ifdef HAVE_STDLIB_H
| #  include <stdlib.h>
| # endif
| #endif
| #ifdef HAVE_STRING_H
| # if !defined STDC_HEADERS && defined HAVE_MEMORY_H
| #  include <memory.h>
| # endif
| # include <string.h>
| #endif
| #ifdef HAVE_STRINGS_H
| # include <strings.h>
| #endif
| #ifdef HAVE_INTTYPES_H
| # include <inttypes.h>
| #endif
| #ifdef HAVE_STDINT_H
| # include <stdint.h>
| #endif
| #ifdef HAVE_UNISTD_H
| # include <unistd.h>
| #endif
| int
| main ()
| {
| #ifndef __INTEL_COMPILER
| #ifdef __cplusplus
|   (void) __INTEL_COMPILER;
| #else
|   (void) __INTEL_COMPILER;
| #endif
| #endif
| 
|   ;
|   return 0;
| }
configure:4239: result: no
configure:4246: checking whether __SUNPRO_C is declared
configure:4246: i486-TSOL-linux-gnu-gcc -std=gnu99 -c -Os  conftest.c >&5
conftest.c: In function 'main':
conftest.c:61:10: error: '__SUNPRO_C' undeclared (first use in this function)
conftest.c:61:10: note: each undeclared identifier is reported only once for each function it appears in
configure:4246: $? = 1
configure: failed program was:
| /* confdefs.h */
| #define PACKAGE_NAME "xdpyinfo"
| #define PACKAGE_TARNAME "xdpyinfo"
| #define PACKAGE_VERSION "1.3.0"
| #define PACKAGE_STRING "xdpyinfo 1.3.0"
| #define PACKAGE_BUGREPORT "https://bugs.freedesktop.org/enter_bug.cgi?product=xorg"
| #define PACKAGE_URL ""
| #define PACKAGE "xdpyinfo"
| #define VERSION "1.3.0"
| #define STDC_HEADERS 1
| #define HAVE_SYS_TYPES_H 1
| #define HAVE_SYS_STAT_H 1
| #define HAVE_STDLIB_H 1
| #define HAVE_STRING_H 1
| #define HAVE_MEMORY_H 1
| #define HAVE_STRINGS_H 1
| #define HAVE_INTTYPES_H 1
| #define HAVE_STDINT_H 1
| #define HAVE_UNISTD_H 1
| /* end confdefs.h.  */
| #include <stdio.h>
| #ifdef HAVE_SYS_TYPES_H
| # include <sys/types.h>
| #endif
| #ifdef HAVE_SYS_STAT_H
| # include <sys/stat.h>
| #endif
| #ifdef STDC_HEADERS
| # include <stdlib.h>
| # include <stddef.h>
| #else
| # ifdef HAVE_STDLIB_H
| #  include <stdlib.h>
| # endif
| #endif
| #ifdef HAVE_STRING_H
| # if !defined STDC_HEADERS && defined HAVE_MEMORY_H
| #  include <memory.h>
| # endif
| # include <string.h>
| #endif
| #ifdef HAVE_STRINGS_H
| # include <strings.h>
| #endif
| #ifdef HAVE_INTTYPES_H
| # include <inttypes.h>
| #endif
| #ifdef HAVE_STDINT_H
| # include <stdint.h>
| #endif
| #ifdef HAVE_UNISTD_H
| # include <unistd.h>
| #endif
| int
| main ()
| {
| #ifndef __SUNPRO_C
| #ifdef __cplusplus
|   (void) __SUNPRO_C;
| #else
|   (void) __SUNPRO_C;
| #endif
| #endif
| 
|   ;
|   return 0;
| }
configure:4246: result: no
configure:4303: checking for pkg-config
configure:4321: found /usr/bin/pkg-config
configure:4333: result: /usr/bin/pkg-config
configure:4358: checking pkg-config is at least version 0.9.0
configure:4361: result: yes
configure:4374: checking build system type
configure:4388: result: i686-pc-linux-gnu
configure:4408: checking host system type
configure:4421: result: i686-pc-linux-gnu
configure:4441: checking for a sed that does not truncate output
configure:4505: result: /usr/bin/sed
configure:4547: checking if i486-TSOL-linux-gnu-gcc -std=gnu99 supports -Werror=attributes
configure:4555: i486-TSOL-linux-gnu-gcc -std=gnu99 -c -Os -pedantic -Werror -Werror=attributes  conftest.c >&5
conftest.c:21:1: error: expected identifier or '(' before 'return'
configure:4555: $? = 1
configure: failed program was:
| /* confdefs.h */
| #define PACKAGE_NAME "xdpyinfo"
| #define PACKAGE_TARNAME "xdpyinfo"
| #define PACKAGE_VERSION "1.3.0"
| #define PACKAGE_STRING "xdpyinfo 1.3.0"
| #define PACKAGE_BUGREPORT "https://bugs.freedesktop.org/enter_bug.cgi?product=xorg"
| #define PACKAGE_URL ""
| #define PACKAGE "xdpyinfo"
| #define VERSION "1.3.0"
| #define STDC_HEADERS 1
| #define HAVE_SYS_TYPES_H 1
| #define HAVE_SYS_STAT_H 1
| #define HAVE_STDLIB_H 1
| #define HAVE_STRING_H 1
| #define HAVE_MEMORY_H 1
| #define HAVE_STRINGS_H 1
| #define HAVE_INTTYPES_H 1
| #define HAVE_STDINT_H 1
| #define HAVE_UNISTD_H 1
| /* end confdefs.h.  */
| return 0;
configure:4560: result: no
configure:4727: checking for XDPYINFO
configure:4734: $PKG_CONFIG --exists --print-errors "xext x11 xtst x11-xcb xcb"
configure:4737: $? = 0
configure:4750: $PKG_CONFIG --exists --print-errors "xext x11 xtst x11-xcb xcb"
configure:4753: $? = 0
configure:4807: result: yes
configure:4815: checking for DPY_X11
configure:4822: $PKG_CONFIG --exists --print-errors "x11"
configure:4825: $? = 0
configure:4838: $PKG_CONFIG --exists --print-errors "x11"
configure:4841: $? = 0
configure:4895: result: yes
configure:4902: checking for DPY_XEXT
configure:4909: $PKG_CONFIG --exists --print-errors "xext"
configure:4912: $? = 0
configure:4925: $PKG_CONFIG --exists --print-errors "xext"
configure:4928: $? = 0
configure:4963: result: yes
configure:4970: checking for X11/extensions/multibuf.h
configure:4970: i486-TSOL-linux-gnu-gcc -std=gnu99 -c -Os  -I/usr/xorg/include   -I/usr/xorg/include   conftest.c >&5
configure:4970: $? = 0
configure:4970: result: yes
configure:4970: checking for X11/extensions/XShm.h
configure:4970: i486-TSOL-linux-gnu-gcc -std=gnu99 -c -Os  -I/usr/xorg/include   -I/usr/xorg/include   conftest.c >&5
configure:4970: $? = 0
configure:4970: result: yes
configure:4986: checking for DPY_XKB
configure:4993: $PKG_CONFIG --exists --print-errors "x11"
configure:4996: $? = 0
configure:5009: $PKG_CONFIG --exists --print-errors "x11"
configure:5012: $? = 0
configure:5047: result: yes
configure:5054: checking for X11/extensions/XKB.h
configure:5054: i486-TSOL-linux-gnu-gcc -std=gnu99 -c -Os  -I/usr/xorg/include   -I/usr/xorg/include   conftest.c >&5
configure:5054: $? = 0
configure:5054: result: yes
configure:5054: checking for X11/XKBlib.h
configure:5054: i486-TSOL-linux-gnu-gcc -std=gnu99 -c -Os  -I/usr/xorg/include   -I/usr/xorg/include   conftest.c >&5
configure:5054: $? = 0
configure:5054: result: yes
configure:5070: checking for DPY_XF86VIDMODE
configure:5077: $PKG_CONFIG --exists --print-errors "xxf86vm"
configure:5080: $? = 0
configure:5093: $PKG_CONFIG --exists --print-errors "xxf86vm"
configure:5096: $? = 0
configure:5131: result: yes
configure:5138: checking for X11/extensions/xf86vmode.h
configure:5138: i486-TSOL-linux-gnu-gcc -std=gnu99 -c -Os  -I/usr/xorg/include   -I/usr/xorg/include   conftest.c >&5
configure:5138: $? = 0
configure:5138: result: yes
configure:5138: checking for X11/extensions/xf86vmstr.h
configure:5138: i486-TSOL-linux-gnu-gcc -std=gnu99 -c -Os  -I/usr/xorg/include   -I/usr/xorg/include   conftest.c >&5
In file included from conftest.c:31:0:
/usr/xorg/include/X11/extensions/xf86vmstr.h:1:2: warning: #warning "xf86vmstr.h is obsolete and may be removed in the future." [-Wcpp]
/usr/xorg/include/X11/extensions/xf86vmstr.h:2:2: warning: #warning "include <X11/extensions/xf86vmproto.h> for the protocol defines." [-Wcpp]
configure:5138: $? = 0
configure:5138: result: yes
configure:5138: checking for X11/extensions/xf86vmproto.h
configure:5138: i486-TSOL-linux-gnu-gcc -std=gnu99 -c -Os  -I/usr/xorg/include   -I/usr/xorg/include   conftest.c >&5
configure:5138: $? = 0
configure:5138: result: yes
configure:5163: checking for DPY_XF86DGA
configure:5170: $PKG_CONFIG --exists --print-errors "xxf86dga"
configure:5173: $? = 0
configure:5186: $PKG_CONFIG --exists --print-errors "xxf86dga"
configure:5189: $? = 0
configure:5224: result: yes
configure:5231: checking for X11/extensions/Xxf86dga.h
configure:5231: i486-TSOL-linux-gnu-gcc -std=gnu99 -c -Os  -I/usr/xorg/include   -I/usr/xorg/include   conftest.c >&5
configure:5231: $? = 0
configure:5231: result: yes
configure:5231: checking for X11/extensions/xf86dgaproto.h
configure:5231: i486-TSOL-linux-gnu-gcc -std=gnu99 -c -Os  -I/usr/xorg/include   -I/usr/xorg/include   conftest.c >&5
configure:5231: $? = 0
configure:5231: result: yes
configure:5231: checking for X11/extensions/xf86dga.h
configure:5231: i486-TSOL-linux-gnu-gcc -std=gnu99 -c -Os  -I/usr/xorg/include   -I/usr/xorg/include   conftest.c >&5
In file included from conftest.c:36:0:
/usr/xorg/include/X11/extensions/xf86dga.h:9:2: warning: #warning "xf86dga.h is obsolete and may be removed in the future." [-Wcpp]
/usr/xorg/include/X11/extensions/xf86dga.h:10:2: warning: #warning "include <X11/extensions/Xxf86dga.h> instead." [-Wcpp]
configure:5231: $? = 0
configure:5231: result: yes
configure:5231: checking for X11/extensions/xf86dgastr.h
configure:5231: i486-TSOL-linux-gnu-gcc -std=gnu99 -c -Os  -I/usr/xorg/include   -I/usr/xorg/include   conftest.c >&5
In file included from conftest.c:37:0:
/usr/xorg/include/X11/extensions/xf86dgastr.h:1:2: warning: #warning "xf86dgastr.h is obsolete and may be removed in the future." [-Wcpp]
/usr/xorg/include/X11/extensions/xf86dgastr.h:2:2: warning: #warning "include <X11/extensions/xf86dgaproto.h> for the protocol defines." [-Wcpp]
configure:5231: $? = 0
configure:5231: result: yes
configure:5261: checking for DPY_XF86MISC
configure:5268: $PKG_CONFIG --exists --print-errors "xxf86misc"
Package xxf86misc was not found in the pkg-config search path.
Perhaps you should add the directory containing `xxf86misc.pc'
to the PKG_CONFIG_PATH environment variable
No package 'xxf86misc' found
configure:5271: $? = 1
configure:5284: $PKG_CONFIG --exists --print-errors "xxf86misc"
Package xxf86misc was not found in the pkg-config search path.
Perhaps you should add the directory containing `xxf86misc.pc'
to the PKG_CONFIG_PATH environment variable
No package 'xxf86misc' found
configure:5287: $? = 1
No package 'xxf86misc' found
configure:5314: result: no
configure:5349: checking for DPY_XINPUT
configure:5356: $PKG_CONFIG --exists --print-errors "xi"
configure:5359: $? = 0
configure:5372: $PKG_CONFIG --exists --print-errors "xi"
configure:5375: $? = 0
configure:5410: result: yes
configure:5416: checking for X11/extensions/XInput.h
configure:5416: i486-TSOL-linux-gnu-gcc -std=gnu99 -c -Os  -I/usr/xorg/include   -I/usr/xorg/include   conftest.c >&5
configure:5416: $? = 0
configure:5416: result: yes
configure:5432: checking for DPY_XRENDER
configure:5439: $PKG_CONFIG --exists --print-errors "xrender"
configure:5442: $? = 0
configure:5455: $PKG_CONFIG --exists --print-errors "xrender"
configure:5458: $? = 0
configure:5493: result: yes
configure:5499: checking for X11/extensions/Xrender.h
configure:5499: i486-TSOL-linux-gnu-gcc -std=gnu99 -c -Os  -I/usr/xorg/include   -I/usr/xorg/include   conftest.c >&5
configure:5499: $? = 0
configure:5499: result: yes
configure:5515: checking for DPY_XCOMPOSITE
configure:5522: $PKG_CONFIG --exists --print-errors "xcomposite"
configure:5525: $? = 0
configure:5538: $PKG_CONFIG --exists --print-errors "xcomposite"
configure:5541: $? = 0
configure:5576: result: yes
configure:5582: checking for X11/extensions/Xcomposite.h
configure:5582: i486-TSOL-linux-gnu-gcc -std=gnu99 -c -Os  -I/usr/xorg/include   -I/usr/xorg/include   conftest.c >&5
configure:5582: $? = 0
configure:5582: result: yes
configure:5607: checking for DPY_XINERAMA
configure:5614: $PKG_CONFIG --exists --print-errors "xinerama"
configure:5617: $? = 0
configure:5630: $PKG_CONFIG --exists --print-errors "xinerama"
configure:5633: $? = 0
configure:5668: result: yes
configure:5674: checking for X11/extensions/Xinerama.h
configure:5674: i486-TSOL-linux-gnu-gcc -std=gnu99 -c -Os  -I/usr/xorg/include   -I/usr/xorg/include   conftest.c >&5
configure:5674: $? = 0
configure:5674: result: yes
configure:5702: checking for DPY_DMX
configure:5709: $PKG_CONFIG --exists --print-errors "dmx"
configure:5712: $? = 0
configure:5725: $PKG_CONFIG --exists --print-errors "dmx"
configure:5728: $? = 0
configure:5763: result: yes
configure:5769: checking for X11/extensions/dmxext.h
configure:5769: i486-TSOL-linux-gnu-gcc -std=gnu99 -c -Os  -I/usr/xorg/include   -I/usr/xorg/include   conftest.c >&5
configure:5769: $? = 0
configure:5769: result: yes
configure:5788: checking for DPY_XTST
configure:5795: $PKG_CONFIG --exists --print-errors "xtst"
configure:5798: $? = 0
configure:5811: $PKG_CONFIG --exists --print-errors "xtst"
configure:5814: $? = 0
configure:5849: result: yes
configure:5855: checking for X11/extensions/record.h
configure:5855: i486-TSOL-linux-gnu-gcc -std=gnu99 -c -Os  -I/usr/xorg/include   -I/usr/xorg/include   conftest.c >&5
configure:5855: $? = 0
configure:5855: result: yes
configure:6111: creating ./config.status

## ---------------------- ##
## Running config.status. ##
## ---------------------- ##

This file was extended by xdpyinfo config.status 1.3.0, which was
generated by GNU Autoconf 2.68.  Invocation command line was

  CONFIG_FILES    = 
  CONFIG_HEADERS  = 
  CONFIG_LINKS    = 
  CONFIG_COMMANDS = 
  $ ./config.status 

on ubuntu4

config.status:949: creating Makefile
config.status:949: creating man/Makefile
config.status:949: creating config.h
config.status:1178: executing depfiles commands

## ---------------- ##
## Cache variables. ##
## ---------------- ##

ac_cv_build=i686-pc-linux-gnu
ac_cv_c_compiler_gnu=yes
ac_cv_env_CC_set=set
ac_cv_env_CC_value=i486-TSOL-linux-gnu-gcc
ac_cv_env_CFLAGS_set=set
ac_cv_env_CFLAGS_value=-Os
ac_cv_env_CPPFLAGS_set=
ac_cv_env_CPPFLAGS_value=
ac_cv_env_CPP_set=
ac_cv_env_CPP_value=
ac_cv_env_DPY_DMX_CFLAGS_set=
ac_cv_env_DPY_DMX_CFLAGS_value=
ac_cv_env_DPY_DMX_LIBS_set=
ac_cv_env_DPY_DMX_LIBS_value=
ac_cv_env_DPY_X11_CFLAGS_set=
ac_cv_env_DPY_X11_CFLAGS_value=
ac_cv_env_DPY_X11_LIBS_set=
ac_cv_env_DPY_X11_LIBS_value=
ac_cv_env_DPY_XCOMPOSITE_CFLAGS_set=
ac_cv_env_DPY_XCOMPOSITE_CFLAGS_value=
ac_cv_env_DPY_XCOMPOSITE_LIBS_set=
ac_cv_env_DPY_XCOMPOSITE_LIBS_value=
ac_cv_env_DPY_XEXT_CFLAGS_set=
ac_cv_env_DPY_XEXT_CFLAGS_value=
ac_cv_env_DPY_XEXT_LIBS_set=
ac_cv_env_DPY_XEXT_LIBS_value=
ac_cv_env_DPY_XF86DGA_CFLAGS_set=
ac_cv_env_DPY_XF86DGA_CFLAGS_value=
ac_cv_env_DPY_XF86DGA_LIBS_set=
ac_cv_env_DPY_XF86DGA_LIBS_value=
ac_cv_env_DPY_XF86MISC_CFLAGS_set=
ac_cv_env_DPY_XF86MISC_CFLAGS_value=
ac_cv_env_DPY_XF86MISC_LIBS_set=
ac_cv_env_DPY_XF86MISC_LIBS_value=
ac_cv_env_DPY_XF86VIDMODE_CFLAGS_set=
ac_cv_env_DPY_XF86VIDMODE_CFLAGS_value=
ac_cv_env_DPY_XF86VIDMODE_LIBS_set=
ac_cv_env_DPY_XF86VIDMODE_LIBS_value=
ac_cv_env_DPY_XINERAMA_CFLAGS_set=
ac_cv_env_DPY_XINERAMA_CFLAGS_value=
ac_cv_env_DPY_XINERAMA_LIBS_set=
ac_cv_env_DPY_XINERAMA_LIBS_value=
ac_cv_env_DPY_XINPUT_CFLAGS_set=
ac_cv_env_DPY_XINPUT_CFLAGS_value=
ac_cv_env_DPY_XINPUT_LIBS_set=
ac_cv_env_DPY_XINPUT_LIBS_value=
ac_cv_env_DPY_XKB_CFLAGS_set=
ac_cv_env_DPY_XKB_CFLAGS_value=
ac_cv_env_DPY_XKB_LIBS_set=
ac_cv_env_DPY_XKB_LIBS_value=
ac_cv_env_DPY_XRENDER_CFLAGS_set=
ac_cv_env_DPY_XRENDER_CFLAGS_value=
ac_cv_env_DPY_XRENDER_LIBS_set=
ac_cv_env_DPY_XRENDER_LIBS_value=
ac_cv_env_DPY_XTST_CFLAGS_set=
ac_cv_env_DPY_XTST_CFLAGS_value=
ac_cv_env_DPY_XTST_LIBS_set=
ac_cv_env_DPY_XTST_LIBS_value=
ac_cv_env_LDFLAGS_set=set
ac_cv_env_LDFLAGS_value=-static-libgcc
ac_cv_env_LIBS_set=
ac_cv_env_LIBS_value=
ac_cv_env_LINT_FLAGS_set=
ac_cv_env_LINT_FLAGS_value=
ac_cv_env_LINT_set=
ac_cv_env_LINT_value=
ac_cv_env_PKG_CONFIG_set=
ac_cv_env_PKG_CONFIG_value=
ac_cv_env_XDPYINFO_CFLAGS_set=
ac_cv_env_XDPYINFO_CFLAGS_value=
ac_cv_env_XDPYINFO_LIBS_set=
ac_cv_env_XDPYINFO_LIBS_value=
ac_cv_env_build_alias_set=
ac_cv_env_build_alias_value=
ac_cv_env_host_alias_set=
ac_cv_env_host_alias_value=
ac_cv_env_target_alias_set=
ac_cv_env_target_alias_value=
ac_cv_have_decl___INTEL_COMPILER=no
ac_cv_have_decl___SUNPRO_C=no
ac_cv_have_decl___clang__=no
ac_cv_header_X11_XKBlib_h=yes
ac_cv_header_X11_extensions_XInput_h=yes
ac_cv_header_X11_extensions_XKB_h=yes
ac_cv_header_X11_extensions_XShm_h=yes
ac_cv_header_X11_extensions_Xcomposite_h=yes
ac_cv_header_X11_extensions_Xinerama_h=yes
ac_cv_header_X11_extensions_Xrender_h=yes
ac_cv_header_X11_extensions_Xxf86dga_h=yes
ac_cv_header_X11_extensions_dmxext_h=yes
ac_cv_header_X11_extensions_multibuf_h=yes
ac_cv_header_X11_extensions_record_h=yes
ac_cv_header_X11_extensions_xf86dga_h=yes
ac_cv_header_X11_extensions_xf86dgaproto_h=yes
ac_cv_header_X11_extensions_xf86dgastr_h=yes
ac_cv_header_X11_extensions_xf86vmode_h=yes
ac_cv_header_X11_extensions_xf86vmproto_h=yes
ac_cv_header_X11_extensions_xf86vmstr_h=yes
ac_cv_header_inttypes_h=yes
ac_cv_header_memory_h=yes
ac_cv_header_stdc=yes
ac_cv_header_stdint_h=yes
ac_cv_header_stdlib_h=yes
ac_cv_header_string_h=yes
ac_cv_header_strings_h=yes
ac_cv_header_sys_stat_h=yes
ac_cv_header_sys_types_h=yes
ac_cv_header_unistd_h=yes
ac_cv_host=i686-pc-linux-gnu
ac_cv_objext=o
ac_cv_path_EGREP='/usr/bin/grep -E'
ac_cv_path_GREP=/usr/bin/grep
ac_cv_path_SED=/usr/bin/sed
ac_cv_path_ac_pt_PKG_CONFIG=/usr/bin/pkg-config
ac_cv_path_install='/bin/install -c'
ac_cv_path_mkdir=/bin/mkdir
ac_cv_prog_AWK=gawk
ac_cv_prog_CPP='i486-TSOL-linux-gnu-gcc -std=gnu99 -E'
ac_cv_prog_ac_ct_CC=i486-TSOL-linux-gnu-gcc
ac_cv_prog_cc_c89=
ac_cv_prog_cc_c99=-std=gnu99
ac_cv_prog_cc_g=yes
ac_cv_prog_make_make_set=yes
am_cv_CC_dependencies_compiler_type=gcc3
pkg_cv_DPY_DMX_CFLAGS='-I/usr/xorg/include  '
pkg_cv_DPY_DMX_LIBS='-L/usr/xorg/lib -ldmx  '
pkg_cv_DPY_X11_CFLAGS='-I/usr/xorg/include  '
pkg_cv_DPY_X11_LIBS='-L/usr/xorg/lib -lX11  '
pkg_cv_DPY_XCOMPOSITE_CFLAGS='-I/usr/xorg/include  '
pkg_cv_DPY_XCOMPOSITE_LIBS='-L/usr/xorg/lib -lXcomposite  '
pkg_cv_DPY_XEXT_CFLAGS='-I/usr/xorg/include  '
pkg_cv_DPY_XEXT_LIBS='-L/usr/xorg/lib -lXext  '
pkg_cv_DPY_XF86DGA_CFLAGS='-I/usr/xorg/include  '
pkg_cv_DPY_XF86DGA_LIBS='-L/usr/xorg/lib -lXxf86dga  '
pkg_cv_DPY_XF86VIDMODE_CFLAGS='-I/usr/xorg/include  '
pkg_cv_DPY_XF86VIDMODE_LIBS='-L/usr/xorg/lib -lXxf86vm  '
pkg_cv_DPY_XINERAMA_CFLAGS='-I/usr/xorg/include  '
pkg_cv_DPY_XINERAMA_LIBS='-L/usr/xorg/lib -lXinerama  '
pkg_cv_DPY_XINPUT_CFLAGS='-I/usr/xorg/include  '
pkg_cv_DPY_XINPUT_LIBS='-L/usr/xorg/lib -lXi  '
pkg_cv_DPY_XKB_CFLAGS='-I/usr/xorg/include  '
pkg_cv_DPY_XKB_LIBS='-L/usr/xorg/lib -lX11  '
pkg_cv_DPY_XRENDER_CFLAGS='-I/usr/xorg/include  '
pkg_cv_DPY_XRENDER_LIBS='-L/usr/xorg/lib -lXrender -lX11  '
pkg_cv_DPY_XTST_CFLAGS='-I/usr/xorg/include  '
pkg_cv_DPY_XTST_LIBS='-L/usr/xorg/lib -lXtst  '
pkg_cv_XDPYINFO_CFLAGS='-I/usr/xorg/include  '
pkg_cv_XDPYINFO_LIBS='-L/usr/xorg/lib -lXext -lXtst -lX11-xcb -lX11 -lxcb  '

## ----------------- ##
## Output variables. ##
## ----------------- ##

ACLOCAL='aclocal -I /usr/xorg/share/aclocal'
ADMIN_MAN_DIR='$(mandir)/man$(ADMIN_MAN_SUFFIX)'
ADMIN_MAN_SUFFIX='8'
AMDEPBACKSLASH='\'
AMDEP_FALSE='#'
AMDEP_TRUE=''
AMTAR='${SHELL} /source/xorg-modular-7.7/app/xdpyinfo-1.3.0/missing --run tar'
AM_BACKSLASH='\'
AM_DEFAULT_VERBOSITY='0'
APP_MAN_DIR='$(mandir)/man$(APP_MAN_SUFFIX)'
APP_MAN_SUFFIX='1'
AUTOCONF='${SHELL} /source/xorg-modular-7.7/app/xdpyinfo-1.3.0/missing --run autoconf'
AUTOHEADER='${SHELL} /source/xorg-modular-7.7/app/xdpyinfo-1.3.0/missing --run autoheader'
AUTOMAKE='${SHELL} /source/xorg-modular-7.7/app/xdpyinfo-1.3.0/missing --run automake-1.11'
AWK='gawk'
CC='i486-TSOL-linux-gnu-gcc -std=gnu99'
CCDEPMODE='depmode=gcc3'
CFLAGS='-Os'
CHANGELOG_CMD='(GIT_DIR=$(top_srcdir)/.git git log > $(top_srcdir)/.changelog.tmp && mv $(top_srcdir)/.changelog.tmp $(top_srcdir)/ChangeLog) || (rm -f $(top_srcdir)/.changelog.tmp; touch $(top_srcdir)/ChangeLog; echo '\''git directory not found: installing possibly empty changelog.'\'' >&2)'
CPP='i486-TSOL-linux-gnu-gcc -std=gnu99 -E'
CPPFLAGS=''
CWARNFLAGS='-Wall -Wpointer-arith -Wstrict-prototypes -Wmissing-prototypes -Wmissing-declarations -Wnested-externs -fno-strict-aliasing -Wbad-function-cast -Wformat=2 -Wold-style-definition -Wdeclaration-after-statement'
CYGPATH_W='echo'
DEFS='-DHAVE_CONFIG_H'
DEPDIR='.deps'
DPY_DMX_CFLAGS='-I/usr/xorg/include  '
DPY_DMX_LIBS='-L/usr/xorg/lib -ldmx  '
DPY_X11_CFLAGS='-I/usr/xorg/include  '
DPY_X11_LIBS='-L/usr/xorg/lib -lX11  '
DPY_XCOMPOSITE_CFLAGS='-I/usr/xorg/include  '
DPY_XCOMPOSITE_LIBS='-L/usr/xorg/lib -lXcomposite  '
DPY_XEXT_CFLAGS='-I/usr/xorg/include  '
DPY_XEXT_LIBS='-L/usr/xorg/lib -lXext  '
DPY_XF86DGA_CFLAGS='-I/usr/xorg/include  '
DPY_XF86DGA_LIBS='-L/usr/xorg/lib -lXxf86dga  '
DPY_XF86MISC_CFLAGS=''
DPY_XF86MISC_LIBS=''
DPY_XF86VIDMODE_CFLAGS='-I/usr/xorg/include  '
DPY_XF86VIDMODE_LIBS='-L/usr/xorg/lib -lXxf86vm  '
DPY_XINERAMA_CFLAGS='-I/usr/xorg/include  '
DPY_XINERAMA_LIBS='-L/usr/xorg/lib -lXinerama  '
DPY_XINPUT_CFLAGS='-I/usr/xorg/include  '
DPY_XINPUT_LIBS='-L/usr/xorg/lib -lXi  '
DPY_XKB_CFLAGS='-I/usr/xorg/include  '
DPY_XKB_LIBS='-L/usr/xorg/lib -lX11  '
DPY_XRENDER_CFLAGS='-I/usr/xorg/include  '
DPY_XRENDER_LIBS='-L/usr/xorg/lib -lXrender -lX11  '
DPY_XTST_CFLAGS='-I/usr/xorg/include  '
DPY_XTST_LIBS='-L/usr/xorg/lib -lXtst  '
DRIVER_MAN_DIR='$(mandir)/man$(DRIVER_MAN_SUFFIX)'
DRIVER_MAN_SUFFIX='4'
ECHO_C=''
ECHO_N='-n'
ECHO_T=''
EGREP='/usr/bin/grep -E'
EXEEXT=''
FILE_MAN_DIR='$(mandir)/man$(FILE_MAN_SUFFIX)'
FILE_MAN_SUFFIX='5'
GREP='/usr/bin/grep'
INSTALL_CMD='(cp -f /usr/xorg/share/util-macros/INSTALL $(top_srcdir)/.INSTALL.tmp && mv $(top_srcdir)/.INSTALL.tmp $(top_srcdir)/INSTALL) || (rm -f $(top_srcdir)/.INSTALL.tmp; touch $(top_srcdir)/INSTALL; echo '\''util-macros "pkgdatadir" from xorg-macros.pc not found: installing possibly empty INSTALL.'\'' >&2)'
INSTALL_DATA='${INSTALL} -m 644'
INSTALL_PROGRAM='${INSTALL}'
INSTALL_SCRIPT='${INSTALL}'
INSTALL_STRIP_PROGRAM='$(install_sh) -c -s'
LDFLAGS='-static-libgcc'
LIBOBJS=''
LIBS=''
LIB_MAN_DIR='$(mandir)/man$(LIB_MAN_SUFFIX)'
LIB_MAN_SUFFIX='3'
LINT=''
LINT_FALSE=''
LINT_FLAGS='-badflag'
LINT_TRUE='#'
LTLIBOBJS=''
MAINT='#'
MAINTAINER_MODE_FALSE=''
MAINTAINER_MODE_TRUE='#'
MAKEINFO='${SHELL} /source/xorg-modular-7.7/app/xdpyinfo-1.3.0/missing --run makeinfo'
MAN_SUBSTS='	-e '\''s|__vendorversion__|"$(PACKAGE_STRING)" "$(XORG_MAN_PAGE)"|'\'' 	-e '\''s|__xorgversion__|"$(PACKAGE_STRING)" "$(XORG_MAN_PAGE)"|'\'' 	-e '\''s|__xservername__|Xorg|g'\'' 	-e '\''s|__xconfigfile__|xorg.conf|g'\'' 	-e '\''s|__projectroot__|$(prefix)|g'\'' 	-e '\''s|__apploaddir__|$(appdefaultdir)|g'\'' 	-e '\''s|__appmansuffix__|$(APP_MAN_SUFFIX)|g'\'' 	-e '\''s|__drivermansuffix__|$(DRIVER_MAN_SUFFIX)|g'\'' 	-e '\''s|__adminmansuffix__|$(ADMIN_MAN_SUFFIX)|g'\'' 	-e '\''s|__libmansuffix__|$(LIB_MAN_SUFFIX)|g'\'' 	-e '\''s|__miscmansuffix__|$(MISC_MAN_SUFFIX)|g'\'' 	-e '\''s|__filemansuffix__|$(FILE_MAN_SUFFIX)|g'\'''
MISC_MAN_DIR='$(mandir)/man$(MISC_MAN_SUFFIX)'
MISC_MAN_SUFFIX='7'
MKDIR_P='/bin/mkdir -p'
OBJEXT='o'
PACKAGE='xdpyinfo'
PACKAGE_BUGREPORT='https://bugs.freedesktop.org/enter_bug.cgi?product=xorg'
PACKAGE_NAME='xdpyinfo'
PACKAGE_STRING='xdpyinfo 1.3.0'
PACKAGE_TARNAME='xdpyinfo'
PACKAGE_URL=''
PACKAGE_VERSION='1.3.0'
PATH_SEPARATOR=':'
PKG_CONFIG='/usr/bin/pkg-config'
SED='/usr/bin/sed'
SET_MAKE=''
SHELL='/bin/sh'
STRICT_CFLAGS='-pedantic -Werror'
STRIP=''
VERSION='1.3.0'
XDPYINFO_CFLAGS='-I/usr/xorg/include  '
XDPYINFO_LIBS='-L/usr/xorg/lib -lXext -lXtst -lX11-xcb -lX11 -lxcb  '
XORG_MAN_PAGE='X Version 11'
ac_ct_CC='i486-TSOL-linux-gnu-gcc'
am__EXEEXT_FALSE=''
am__EXEEXT_TRUE='#'
am__fastdepCC_FALSE='#'
am__fastdepCC_TRUE=''
am__include='include'
am__isrc=''
am__leading_dot='.'
am__quote=''
am__tar='${AMTAR} chof - "$$tardir"'
am__untar='${AMTAR} xf -'
bindir='${exec_prefix}/bin'
build='i686-pc-linux-gnu'
build_alias=''
build_cpu='i686'
build_os='linux-gnu'
build_vendor='pc'
datadir='${datarootdir}'
datarootdir='${prefix}/share'
docdir='${datarootdir}/doc/${PACKAGE_TARNAME}'
dvidir='${docdir}'
exec_prefix='${prefix}'
host='i686-pc-linux-gnu'
host_alias=''
host_cpu='i686'
host_os='linux-gnu'
host_vendor='pc'
htmldir='${docdir}'
includedir='${prefix}/include'
infodir='${datarootdir}/info'
install_sh='${SHELL} /source/xorg-modular-7.7/app/xdpyinfo-1.3.0/install-sh'
libdir='${exec_prefix}/lib'
libexecdir='${exec_prefix}/libexec'
localedir='${datarootdir}/locale'
localstatedir='${prefix}/var'
mandir='${datarootdir}/man'
mkdir_p='/bin/mkdir -p'
oldincludedir='/usr/include'
pdfdir='${docdir}'
prefix='/usr/xorg'
program_transform_name='s,x,x,'
psdir='${docdir}'
sbindir='${exec_prefix}/sbin'
sharedstatedir='${prefix}/com'
sysconfdir='${prefix}/etc'
target_alias=''

## ----------- ##
## confdefs.h. ##
## ----------- ##

/* confdefs.h */
#define PACKAGE_NAME "xdpyinfo"
#define PACKAGE_TARNAME "xdpyinfo"
#define PACKAGE_VERSION "1.3.0"
#define PACKAGE_STRING "xdpyinfo 1.3.0"
#define PACKAGE_BUGREPORT "https://bugs.freedesktop.org/enter_bug.cgi?product=xorg"
#define PACKAGE_URL ""
#define PACKAGE "xdpyinfo"
#define VERSION "1.3.0"
#define STDC_HEADERS 1
#define HAVE_SYS_TYPES_H 1
#define HAVE_SYS_STAT_H 1
#define HAVE_STDLIB_H 1
#define HAVE_STRING_H 1
#define HAVE_MEMORY_H 1
#define HAVE_STRINGS_H 1
#define HAVE_INTTYPES_H 1
#define HAVE_STDINT_H 1
#define HAVE_UNISTD_H 1
#define PACKAGE_VERSION_MAJOR 1
#define PACKAGE_VERSION_MINOR 3
#define PACKAGE_VERSION_PATCHLEVEL 0
#define HAVE_X11_EXTENSIONS_MULTIBUF_H 1
#define HAVE_X11_EXTENSIONS_XSHM_H 1
#define HAVE_X11_EXTENSIONS_XKB_H 1
#define HAVE_X11_XKBLIB_H 1
#define HAVE_X11_EXTENSIONS_XF86VMODE_H 1
#define HAVE_X11_EXTENSIONS_XF86VMSTR_H 1
#define HAVE_X11_EXTENSIONS_XF86VMPROTO_H 1
#define HAVE_X11_EXTENSIONS_XXF86DGA_H 1
#define HAVE_X11_EXTENSIONS_XF86DGAPROTO_H 1
#define HAVE_X11_EXTENSIONS_XF86DGA_H 1
#define HAVE_X11_EXTENSIONS_XF86DGASTR_H 1
#define HAVE_X11_EXTENSIONS_XINPUT_H 1
#define HAVE_X11_EXTENSIONS_XRENDER_H 1
#define HAVE_X11_EXTENSIONS_XCOMPOSITE_H 1
#define HAVE_X11_EXTENSIONS_XINERAMA_H 1
#define HAVE_X11_EXTENSIONS_DMXEXT_H 1
#define HAVE_X11_EXTENSIONS_RECORD_H 1

configure: exit 0
