This file contains any messages produced by compilers while
running configure, to aid debugging if configure makes a mistake.

It was created by FreeType configure 2.3, which was
generated by GNU Autoconf 2.61.  Invocation command line was

  $ ./configure --prefix=/source/wm/jwm-581/ --enable-shared=no --enable-static

## --------- ##
## Platform. ##
## --------- ##

hostname = ubuntu4
uname -m = i686
uname -r = 3.2.16-030216-generic
uname -s = Linux
uname -v = #201204221935 SMP Sun Apr 22 23:42:49 UTC 2012

/usr/bin/uname -p = unknown
/bin/uname -X     = unknown

/bin/arch              = unknown
/usr/bin/arch -k       = unknown
/usr/convex/getsysinfo = unknown
/usr/bin/hostinfo      = unknown
/bin/machine           = unknown
/usr/bin/oslevel       = unknown
/bin/universe          = unknown

PATH: /source/docbook-xsl-1.76.1/tools/bin
PATH: /bin
PATH: /sbin
PATH: /usr/bin
PATH: /usr/sbin
PATH: /usr/bin/X11
PATH: /usr/local/bin
PATH: /toolchain/bin
PATH: /toolchain/i486-TSOL-linux-gnu/bin/
PATH: /root/.local/bin
PATH: /usr/xorg/bin


## ----------- ##
## Core tests. ##
## ----------- ##

configure:1977: checking build system type
configure:1995: result: i686-pc-linux-gnu
configure:2017: checking host system type
configure:2032: result: i686-pc-linux-gnu
configure:2054: checking target system type
configure:2069: result: i686-pc-linux-gnu
configure:2149: checking for gcc
configure:2176: result: i486-TSOL-linux-gnu-gcc
configure:2414: checking for C compiler version
configure:2421: i486-TSOL-linux-gnu-gcc --version >&5
i486-TSOL-linux-gnu-gcc (crosstool-NG 1.15.2) 4.6.3
Copyright (C) 2011 Free Software Foundation, Inc.
This is free software; see the source for copying conditions.  There is NO
warranty; not even for MERCHANTABILITY or FITNESS FOR A PARTICULAR PURPOSE.

configure:2424: $? = 0
configure:2431: i486-TSOL-linux-gnu-gcc -v >&5
Using built-in specs.
COLLECT_GCC=i486-TSOL-linux-gnu-gcc
COLLECT_LTO_WRAPPER=/toolchain/libexec/gcc/i486-TSOL-linux-gnu/4.6.3/lto-wrapper
Target: i486-TSOL-linux-gnu
Configured with: /TSOL/crosstool-ng-1.15.2/bin/.build/src/gcc-4.6.3/configure --build=i686-build_pc-linux-gnu --host=i686-build_pc-linux-gnu --target=i486-TSOL-linux-gnu --prefix=/toolchain --with-sysroot=/toolchain/i486-TSOL-linux-gnu/sysroot --enable-languages=c,c++ --with-arch=i486 --with-pkgversion='crosstool-NG 1.15.2' --enable-__cxa_atexit --disable-libmudflap --disable-libgomp --disable-libssp --with-gmp=/TSOL/crosstool-ng-1.15.2/bin/.build/i486-TSOL-linux-gnu/buildtools --with-mpfr=/TSOL/crosstool-ng-1.15.2/bin/.build/i486-TSOL-linux-gnu/buildtools --with-mpc=/TSOL/crosstool-ng-1.15.2/bin/.build/i486-TSOL-linux-gnu/buildtools --with-ppl=/TSOL/crosstool-ng-1.15.2/bin/.build/i486-TSOL-linux-gnu/buildtools --with-cloog=/TSOL/crosstool-ng-1.15.2/bin/.build/i486-TSOL-linux-gnu/buildtools --with-libelf=no --with-host-libstdcxx='-static-libgcc -Wl,-Bstatic,-lstdc++,-Bdynamic -lm -L/TSOL/crosstool-ng-1.15.2/bin/.build/i486-TSOL-linux-gnu/buildtools/lib -lpwl' --enable-threads=posix --enable-target-optspace --disable-multilib --with-local-prefix=/toolchain/i486-TSOL-linux-gnu/sysroot --enable-c99 --enable-long-long
Thread model: posix
gcc version 4.6.3 (crosstool-NG 1.15.2) 
configure:2434: $? = 0
configure:2441: i486-TSOL-linux-gnu-gcc -V >&5
i486-TSOL-linux-gnu-gcc: error: unrecognized option '-V'
i486-TSOL-linux-gnu-gcc: fatal error: no input files
compilation terminated.
configure:2444: $? = 1
configure:2467: checking for C compiler default output file name
configure:2494: i486-TSOL-linux-gnu-gcc -Os  -static-libgcc conftest.c  >&5
configure:2497: $? = 0
configure:2535: result: a.out
configure:2552: checking whether the C compiler works
configure:2562: ./a.out
configure:2565: $? = 0
configure:2582: result: yes
configure:2589: checking whether we are cross compiling
configure:2591: result: no
configure:2594: checking for suffix of executables
configure:2601: i486-TSOL-linux-gnu-gcc -o conftest -Os  -static-libgcc conftest.c  >&5
configure:2604: $? = 0
configure:2628: result: 
configure:2634: checking for suffix of object files
configure:2660: i486-TSOL-linux-gnu-gcc -c -Os  conftest.c >&5
configure:2663: $? = 0
configure:2686: result: o
configure:2690: checking whether we are using the GNU C compiler
configure:2719: i486-TSOL-linux-gnu-gcc -c -Os  conftest.c >&5
configure:2725: $? = 0
configure:2742: result: yes
configure:2747: checking whether i486-TSOL-linux-gnu-gcc accepts -g
configure:2777: i486-TSOL-linux-gnu-gcc -c -g  conftest.c >&5
configure:2783: $? = 0
configure:2882: result: yes
configure:2899: checking for i486-TSOL-linux-gnu-gcc option to accept ISO C89
configure:2973: i486-TSOL-linux-gnu-gcc  -c -Os  conftest.c >&5
configure:2979: $? = 0
configure:3002: result: none needed
configure:3025: checking how to run the C preprocessor
configure:3065: i486-TSOL-linux-gnu-gcc -E  conftest.c
configure:3071: $? = 0
configure:3102: i486-TSOL-linux-gnu-gcc -E  conftest.c
conftest.c:8:28: fatal error: ac_nonexistent.h: No such file or directory
compilation terminated.
configure:3108: $? = 1
configure: failed program was:
| /* confdefs.h.  */
| #define PACKAGE_NAME "FreeType"
| #define PACKAGE_TARNAME "freetype"
| #define PACKAGE_VERSION "2.3"
| #define PACKAGE_STRING "FreeType 2.3"
| #define PACKAGE_BUGREPORT "freetype@nongnu.org"
| /* end confdefs.h.  */
| #include <ac_nonexistent.h>
configure:3141: result: i486-TSOL-linux-gnu-gcc -E
configure:3170: i486-TSOL-linux-gnu-gcc -E  conftest.c
configure:3176: $? = 0
configure:3207: i486-TSOL-linux-gnu-gcc -E  conftest.c
conftest.c:8:28: fatal error: ac_nonexistent.h: No such file or directory
compilation terminated.
configure:3213: $? = 1
configure: failed program was:
| /* confdefs.h.  */
| #define PACKAGE_NAME "FreeType"
| #define PACKAGE_TARNAME "freetype"
| #define PACKAGE_VERSION "2.3"
| #define PACKAGE_STRING "FreeType 2.3"
| #define PACKAGE_BUGREPORT "freetype@nongnu.org"
| /* end confdefs.h.  */
| #include <ac_nonexistent.h>
configure:3445: checking for rm
configure:3461: found /bin/rm
configure:3472: result: rm -f
configure:3482: checking for rmdir
configure:3498: found /bin/rmdir
configure:3509: result: rmdir
configure:3536: checking for a BSD-compatible install
configure:3592: result: /bin/install -c
configure:3615: checking for grep that handles long lines and -e
configure:3689: result: /usr/bin/grep
configure:3694: checking for egrep
configure:3772: result: /usr/bin/grep -E
configure:3777: checking for ANSI C header files
configure:3807: i486-TSOL-linux-gnu-gcc -c -Os  conftest.c >&5
configure:3813: $? = 0
configure:3912: i486-TSOL-linux-gnu-gcc -o conftest -Os  -static-libgcc conftest.c  >&5
configure:3915: $? = 0
configure:3921: ./conftest
configure:3924: $? = 0
configure:3941: result: yes
configure:3965: checking for sys/types.h
configure:3986: i486-TSOL-linux-gnu-gcc -c -Os  conftest.c >&5
configure:3992: $? = 0
configure:4008: result: yes
configure:3965: checking for sys/stat.h
configure:3986: i486-TSOL-linux-gnu-gcc -c -Os  conftest.c >&5
configure:3992: $? = 0
configure:4008: result: yes
configure:3965: checking for stdlib.h
configure:3986: i486-TSOL-linux-gnu-gcc -c -Os  conftest.c >&5
configure:3992: $? = 0
configure:4008: result: yes
configure:3965: checking for string.h
configure:3986: i486-TSOL-linux-gnu-gcc -c -Os  conftest.c >&5
configure:3992: $? = 0
configure:4008: result: yes
configure:3965: checking for memory.h
configure:3986: i486-TSOL-linux-gnu-gcc -c -Os  conftest.c >&5
configure:3992: $? = 0
configure:4008: result: yes
configure:3965: checking for strings.h
configure:3986: i486-TSOL-linux-gnu-gcc -c -Os  conftest.c >&5
configure:3992: $? = 0
configure:4008: result: yes
configure:3965: checking for inttypes.h
configure:3986: i486-TSOL-linux-gnu-gcc -c -Os  conftest.c >&5
configure:3992: $? = 0
configure:4008: result: yes
configure:3965: checking for stdint.h
configure:3986: i486-TSOL-linux-gnu-gcc -c -Os  conftest.c >&5
configure:3992: $? = 0
configure:4008: result: yes
configure:3965: checking for unistd.h
configure:3986: i486-TSOL-linux-gnu-gcc -c -Os  conftest.c >&5
configure:3992: $? = 0
configure:4008: result: yes
configure:4036: checking fcntl.h usability
configure:4053: i486-TSOL-linux-gnu-gcc -c -Os  conftest.c >&5
configure:4059: $? = 0
configure:4073: result: yes
configure:4077: checking fcntl.h presence
configure:4092: i486-TSOL-linux-gnu-gcc -E  conftest.c
configure:4098: $? = 0
configure:4112: result: yes
configure:4145: checking for fcntl.h
configure:4153: result: yes
configure:4026: checking for unistd.h
configure:4032: result: yes
configure:4170: checking for an ANSI C-conforming const
configure:4245: i486-TSOL-linux-gnu-gcc -c -Os  conftest.c >&5
configure:4251: $? = 0
configure:4266: result: yes
configure:4276: checking for int
configure:4306: i486-TSOL-linux-gnu-gcc -c -Os  conftest.c >&5
configure:4312: $? = 0
configure:4327: result: yes
configure:4334: checking size of int
configure:4636: i486-TSOL-linux-gnu-gcc -o conftest -Os  -static-libgcc conftest.c  >&5
configure:4639: $? = 0
configure:4645: ./conftest
configure:4648: $? = 0
configure:4671: result: 4
configure:4681: checking for long
configure:4711: i486-TSOL-linux-gnu-gcc -c -Os  conftest.c >&5
configure:4717: $? = 0
configure:4732: result: yes
configure:4739: checking size of long
configure:5041: i486-TSOL-linux-gnu-gcc -o conftest -Os  -static-libgcc conftest.c  >&5
configure:5044: $? = 0
configure:5050: ./conftest
configure:5053: $? = 0
configure:5076: result: 4
configure:5098: checking for stdlib.h
configure:5104: result: yes
configure:5098: checking for unistd.h
configure:5104: result: yes
configure:5242: checking for getpagesize
configure:5298: i486-TSOL-linux-gnu-gcc -o conftest -Os  -static-libgcc conftest.c  >&5
configure:5304: $? = 0
configure:5322: result: yes
configure:5332: checking for working mmap
configure:5479: i486-TSOL-linux-gnu-gcc -o conftest -Os  -static-libgcc conftest.c  >&5
configure:5482: $? = 0
configure:5488: ./conftest
configure:5491: $? = 0
configure:5507: result: yes
configure:5523: checking whether munmap is declared
configure:5560: i486-TSOL-linux-gnu-gcc -c -Os  conftest.c >&5
configure:5566: $? = 0
configure:5581: result: yes
configure:5600: checking for munmap's first parameter type
configure:5624: i486-TSOL-linux-gnu-gcc -c -Os  conftest.c >&5
configure:5630: $? = 0
configure:5635: result: void *
configure:5660: checking for memcpy
configure:5716: i486-TSOL-linux-gnu-gcc -o conftest -Os  -static-libgcc conftest.c  >&5
conftest.c:51:6: warning: conflicting types for built-in function 'memcpy' [enabled by default]
configure:5722: $? = 0
configure:5740: result: yes
configure:5660: checking for memmove
configure:5716: i486-TSOL-linux-gnu-gcc -o conftest -Os  -static-libgcc conftest.c  >&5
conftest.c:52:6: warning: conflicting types for built-in function 'memmove' [enabled by default]
configure:5722: $? = 0
configure:5740: result: yes
configure:5762: checking for gzsetparams in -lz
configure:5797: i486-TSOL-linux-gnu-gcc -o conftest -Os  -static-libgcc conftest.c -lz   >&5
configure:5803: $? = 0
configure:5821: result: yes
configure:5834: checking zlib.h usability
configure:5851: i486-TSOL-linux-gnu-gcc -c -Os  conftest.c >&5
configure:5857: $? = 0
configure:5871: result: yes
configure:5875: checking zlib.h presence
configure:5890: i486-TSOL-linux-gnu-gcc -E  conftest.c
configure:5896: $? = 0
configure:5910: result: yes
configure:5943: checking for zlib.h
configure:5950: result: yes
configure:6607: checking for a sed that does not truncate output
configure:6661: result: /usr/bin/sed
configure:6675: checking for ld used by i486-TSOL-linux-gnu-gcc
configure:6742: result: i486-TSOL-linux-gnu-ld
configure:6751: checking if the linker (i486-TSOL-linux-gnu-ld) is GNU ld
configure:6766: result: yes
configure:6771: checking for i486-TSOL-linux-gnu-ld option to reload object files
configure:6778: result: -r
configure:6796: checking for BSD-compatible nm
configure:6838: result: /toolchain/i486-TSOL-linux-gnu/bin//nm -B
configure:6842: checking whether ln -s works
configure:6846: result: yes
configure:6853: checking how to recognise dependent libraries
configure:7025: result: pass_all
configure:7245: checking dlfcn.h usability
configure:7262: i486-TSOL-linux-gnu-gcc -c -Os -DFT_CONFIG_OPTION_SYSTEM_ZLIB  conftest.c >&5
configure:7268: $? = 0
configure:7282: result: yes
configure:7286: checking dlfcn.h presence
configure:7301: i486-TSOL-linux-gnu-gcc -E  conftest.c
configure:7307: $? = 0
configure:7321: result: yes
configure:7354: checking for dlfcn.h
configure:7362: result: yes
configure:7491: checking for C++ compiler version
configure:7498: i486-TSOL-linux-gnu-g++ --version >&5
i486-TSOL-linux-gnu-g++ (crosstool-NG 1.15.2) 4.6.3
Copyright (C) 2011 Free Software Foundation, Inc.
This is free software; see the source for copying conditions.  There is NO
warranty; not even for MERCHANTABILITY or FITNESS FOR A PARTICULAR PURPOSE.

configure:7501: $? = 0
configure:7508: i486-TSOL-linux-gnu-g++ -v >&5
Using built-in specs.
COLLECT_GCC=i486-TSOL-linux-gnu-g++
COLLECT_LTO_WRAPPER=/toolchain/libexec/gcc/i486-TSOL-linux-gnu/4.6.3/lto-wrapper
Target: i486-TSOL-linux-gnu
Configured with: /TSOL/crosstool-ng-1.15.2/bin/.build/src/gcc-4.6.3/configure --build=i686-build_pc-linux-gnu --host=i686-build_pc-linux-gnu --target=i486-TSOL-linux-gnu --prefix=/toolchain --with-sysroot=/toolchain/i486-TSOL-linux-gnu/sysroot --enable-languages=c,c++ --with-arch=i486 --with-pkgversion='crosstool-NG 1.15.2' --enable-__cxa_atexit --disable-libmudflap --disable-libgomp --disable-libssp --with-gmp=/TSOL/crosstool-ng-1.15.2/bin/.build/i486-TSOL-linux-gnu/buildtools --with-mpfr=/TSOL/crosstool-ng-1.15.2/bin/.build/i486-TSOL-linux-gnu/buildtools --with-mpc=/TSOL/crosstool-ng-1.15.2/bin/.build/i486-TSOL-linux-gnu/buildtools --with-ppl=/TSOL/crosstool-ng-1.15.2/bin/.build/i486-TSOL-linux-gnu/buildtools --with-cloog=/TSOL/crosstool-ng-1.15.2/bin/.build/i486-TSOL-linux-gnu/buildtools --with-libelf=no --with-host-libstdcxx='-static-libgcc -Wl,-Bstatic,-lstdc++,-Bdynamic -lm -L/TSOL/crosstool-ng-1.15.2/bin/.build/i486-TSOL-linux-gnu/buildtools/lib -lpwl' --enable-threads=posix --enable-target-optspace --disable-multilib --with-local-prefix=/toolchain/i486-TSOL-linux-gnu/sysroot --enable-c99 --enable-long-long
Thread model: posix
gcc version 4.6.3 (crosstool-NG 1.15.2) 
configure:7511: $? = 0
configure:7518: i486-TSOL-linux-gnu-g++ -V >&5
i486-TSOL-linux-gnu-g++: error: unrecognized option '-V'
i486-TSOL-linux-gnu-g++: fatal error: no input files
compilation terminated.
configure:7521: $? = 1
configure:7524: checking whether we are using the GNU C++ compiler
configure:7553: i486-TSOL-linux-gnu-g++ -c -Os  conftest.cpp >&5
configure:7559: $? = 0
configure:7576: result: yes
configure:7581: checking whether i486-TSOL-linux-gnu-g++ accepts -g
configure:7611: i486-TSOL-linux-gnu-g++ -c -g  conftest.cpp >&5
configure:7617: $? = 0
configure:7716: result: yes
configure:7749: checking how to run the C++ preprocessor
configure:7785: i486-TSOL-linux-gnu-g++ -E  conftest.cpp
configure:7791: $? = 0
configure:7822: i486-TSOL-linux-gnu-g++ -E  conftest.cpp
conftest.cpp:31:28: fatal error: ac_nonexistent.h: No such file or directory
compilation terminated.
configure:7828: $? = 1
configure: failed program was:
| /* confdefs.h.  */
| #define PACKAGE_NAME "FreeType"
| #define PACKAGE_TARNAME "freetype"
| #define PACKAGE_VERSION "2.3"
| #define PACKAGE_STRING "FreeType 2.3"
| #define PACKAGE_BUGREPORT "freetype@nongnu.org"
| #define STDC_HEADERS 1
| #define HAVE_SYS_TYPES_H 1
| #define HAVE_SYS_STAT_H 1
| #define HAVE_STDLIB_H 1
| #define HAVE_STRING_H 1
| #define HAVE_MEMORY_H 1
| #define HAVE_STRINGS_H 1
| #define HAVE_INTTYPES_H 1
| #define HAVE_STDINT_H 1
| #define HAVE_UNISTD_H 1
| #define HAVE_FCNTL_H 1
| #define HAVE_UNISTD_H 1
| #define SIZEOF_INT 4
| #define SIZEOF_LONG 4
| #define HAVE_STDLIB_H 1
| #define HAVE_UNISTD_H 1
| #define HAVE_GETPAGESIZE 1
| #define HAVE_MMAP 1
| #define HAVE_DECL_MUNMAP 1
| #define MUNMAP_USES_VOIDP
| #define HAVE_MEMCPY 1
| #define HAVE_MEMMOVE 1
| #define HAVE_DLFCN_H 1
| /* end confdefs.h.  */
| #include <ac_nonexistent.h>
configure:7861: result: i486-TSOL-linux-gnu-g++ -E
configure:7890: i486-TSOL-linux-gnu-g++ -E  conftest.cpp
configure:7896: $? = 0
configure:7927: i486-TSOL-linux-gnu-g++ -E  conftest.cpp
conftest.cpp:31:28: fatal error: ac_nonexistent.h: No such file or directory
compilation terminated.
configure:7933: $? = 1
configure: failed program was:
| /* confdefs.h.  */
| #define PACKAGE_NAME "FreeType"
| #define PACKAGE_TARNAME "freetype"
| #define PACKAGE_VERSION "2.3"
| #define PACKAGE_STRING "FreeType 2.3"
| #define PACKAGE_BUGREPORT "freetype@nongnu.org"
| #define STDC_HEADERS 1
| #define HAVE_SYS_TYPES_H 1
| #define HAVE_SYS_STAT_H 1
| #define HAVE_STDLIB_H 1
| #define HAVE_STRING_H 1
| #define HAVE_MEMORY_H 1
| #define HAVE_STRINGS_H 1
| #define HAVE_INTTYPES_H 1
| #define HAVE_STDINT_H 1
| #define HAVE_UNISTD_H 1
| #define HAVE_FCNTL_H 1
| #define HAVE_UNISTD_H 1
| #define SIZEOF_INT 4
| #define SIZEOF_LONG 4
| #define HAVE_STDLIB_H 1
| #define HAVE_UNISTD_H 1
| #define HAVE_GETPAGESIZE 1
| #define HAVE_MMAP 1
| #define HAVE_DECL_MUNMAP 1
| #define MUNMAP_USES_VOIDP
| #define HAVE_MEMCPY 1
| #define HAVE_MEMMOVE 1
| #define HAVE_DLFCN_H 1
| /* end confdefs.h.  */
| #include <ac_nonexistent.h>
configure:8026: checking for g77
configure:8056: result: no
configure:8026: checking for xlf
configure:8056: result: no
configure:8026: checking for f77
configure:8056: result: no
configure:8026: checking for frt
configure:8056: result: no
configure:8026: checking for pgf77
configure:8056: result: no
configure:8026: checking for cf77
configure:8056: result: no
configure:8026: checking for fort77
configure:8056: result: no
configure:8026: checking for fl32
configure:8056: result: no
configure:8026: checking for af77
configure:8056: result: no
configure:8026: checking for xlf90
configure:8056: result: no
configure:8026: checking for f90
configure:8056: result: no
configure:8026: checking for pgf90
configure:8056: result: no
configure:8026: checking for pghpf
configure:8056: result: no
configure:8026: checking for epcf90
configure:8056: result: no
configure:8026: checking for gfortran
configure:8056: result: no
configure:8026: checking for g95
configure:8056: result: no
configure:8026: checking for xlf95
configure:8056: result: no
configure:8026: checking for f95
configure:8056: result: no
configure:8026: checking for fort
configure:8056: result: no
configure:8026: checking for ifort
configure:8056: result: no
configure:8026: checking for ifc
configure:8056: result: no
configure:8026: checking for efc
configure:8056: result: no
configure:8026: checking for pgf95
configure:8056: result: no
configure:8026: checking for lf95
configure:8056: result: no
configure:8026: checking for ftn
configure:8056: result: no
configure:8083: checking for Fortran 77 compiler version
configure:8090:  --version >&5
./configure: line 8091: --version: command not found
configure:8093: $? = 127
configure:8100:  -v >&5
./configure: line 8101: -v: command not found
configure:8103: $? = 127
configure:8110:  -V >&5
./configure: line 8111: -V: command not found
configure:8113: $? = 127
configure:8121: checking whether we are using the GNU Fortran 77 compiler
configure:8140:  -c  conftest.F >&5
./configure: line 8141: -c: command not found
configure:8146: $? = 127
configure: failed program was:
|       program main
| #ifndef __GNUC__
|        choke me
| #endif
| 
|       end
configure:8163: result: no
configure:8169: checking whether  accepts -g
configure:8186:  -c -g conftest.f >&5
./configure: line 8187: -c: command not found
configure:8192: $? = 127
configure: failed program was:
|       program main
| 
|       end
configure:8208: result: no
configure:8238: checking the maximum length of command line arguments
configure:8330: result: 32768
configure:8341: checking command to parse /toolchain/i486-TSOL-linux-gnu/bin//nm -B output from i486-TSOL-linux-gnu-gcc object
configure:8437: i486-TSOL-linux-gnu-gcc -c -Os -DFT_CONFIG_OPTION_SYSTEM_ZLIB  conftest.c >&5
configure:8440: $? = 0
configure:8444: /toolchain/i486-TSOL-linux-gnu/bin//nm -B conftest.o \| sed -n -e 's/^.*[ 	]\([ABCDGIRSTW][ABCDGIRSTW]*\)[ 	][ 	]*\([_A-Za-z][_A-Za-z0-9]*\)$/\1 \2 \2/p' \> conftest.nm
configure:8447: $? = 0
configure:8499: i486-TSOL-linux-gnu-gcc -o conftest -Os -DFT_CONFIG_OPTION_SYSTEM_ZLIB  -static-libgcc -lz conftest.c conftstm.o >&5
configure:8502: $? = 0
configure:8540: result: ok
configure:8544: checking for objdir
configure:8559: result: .libs
configure:8651: checking for ar
configure:8667: found /toolchain/i486-TSOL-linux-gnu/bin//ar
configure:8678: result: ar
configure:8747: checking for ranlib
configure:8763: found /toolchain/i486-TSOL-linux-gnu/bin//ranlib
configure:8774: result: ranlib
configure:8843: checking for strip
configure:8859: found /toolchain/i486-TSOL-linux-gnu/bin//strip
configure:8870: result: strip
configure:9171: checking if i486-TSOL-linux-gnu-gcc static flag  works
configure:9199: result: yes
configure:9217: checking if i486-TSOL-linux-gnu-gcc supports -fno-rtti -fno-exceptions
configure:9235: i486-TSOL-linux-gnu-gcc -c -Os -DFT_CONFIG_OPTION_SYSTEM_ZLIB  -fno-rtti -fno-exceptions conftest.c >&5
cc1: warning: command line option '-fno-rtti' is valid for C++/ObjC++ but not for C [enabled by default]
configure:9239: $? = 0
configure:9252: result: no
configure:9267: checking for i486-TSOL-linux-gnu-gcc option to produce PIC
configure:9471: result: -fPIC
configure:9479: checking if i486-TSOL-linux-gnu-gcc PIC flag -fPIC works
configure:9497: i486-TSOL-linux-gnu-gcc -c -Os -DFT_CONFIG_OPTION_SYSTEM_ZLIB  -fPIC -DPIC conftest.c >&5
configure:9501: $? = 0
configure:9514: result: yes
configure:9538: checking if i486-TSOL-linux-gnu-gcc supports -c -o file.o
configure:9559: i486-TSOL-linux-gnu-gcc -c -Os -DFT_CONFIG_OPTION_SYSTEM_ZLIB  -o out/conftest2.o conftest.c >&5
configure:9563: $? = 0
configure:9585: result: yes
configure:9611: checking whether the i486-TSOL-linux-gnu-gcc linker (i486-TSOL-linux-gnu-ld) supports shared libraries
configure:10503: result: yes
configure:10574: checking dynamic linker characteristics
configure:11120: result: GNU/Linux ld.so
configure:11124: checking how to hardcode library paths into programs
configure:11149: result: immediate
configure:11163: checking whether stripping libraries is possible
configure:11168: result: yes
configure:11965: checking if libtool supports shared libraries
configure:11967: result: yes
configure:11970: checking whether to build shared libraries
configure:11991: result: no
configure:11994: checking whether to build static libraries
configure:11998: result: yes
configure:12090: creating libtool
configure:12668: checking for ld used by i486-TSOL-linux-gnu-g++
configure:12735: result: i486-TSOL-linux-gnu-ld
configure:12744: checking if the linker (i486-TSOL-linux-gnu-ld) is GNU ld
configure:12759: result: yes
configure:12810: checking whether the i486-TSOL-linux-gnu-g++ linker (i486-TSOL-linux-gnu-ld) supports shared libraries
configure:13693: result: yes
configure:13711: i486-TSOL-linux-gnu-g++ -c -Os  conftest.cc >&5
configure:13714: $? = 0
configure:13810: checking for i486-TSOL-linux-gnu-g++ option to produce PIC
configure:14078: result: -fPIC
configure:14086: checking if i486-TSOL-linux-gnu-g++ PIC flag -fPIC works
configure:14104: i486-TSOL-linux-gnu-g++ -c -Os  -fPIC -DPIC conftest.cc >&5
configure:14108: $? = 0
configure:14121: result: yes
configure:14145: checking if i486-TSOL-linux-gnu-g++ supports -c -o file.o
configure:14166: i486-TSOL-linux-gnu-g++ -c -Os  -o out/conftest2.o conftest.cc >&5
configure:14170: $? = 0
configure:14192: result: yes
configure:14218: checking whether the i486-TSOL-linux-gnu-g++ linker (i486-TSOL-linux-gnu-ld) supports shared libraries
configure:14243: result: yes
configure:14314: checking dynamic linker characteristics
configure:14860: result: GNU/Linux ld.so
configure:14864: checking how to hardcode library paths into programs
configure:14889: result: immediate
configure:14903: checking whether stripping libraries is possible
configure:14908: result: yes
configure:22462: creating ./config.status

## ---------------------- ##
## Running config.status. ##
## ---------------------- ##

This file was extended by FreeType config.status 2.3, which was
generated by GNU Autoconf 2.61.  Invocation command line was

  CONFIG_FILES    = 
  CONFIG_HEADERS  = 
  CONFIG_LINKS    = 
  CONFIG_COMMANDS = 
  $ ./config.status 

on ubuntu4

config.status:638: creating unix-cc.mk
config.status:638: creating unix-def.mk
config.status:638: creating freetype-config
config.status:638: creating freetype2.pc
config.status:638: creating ftconfig.h

## ---------------- ##
## Cache variables. ##
## ---------------- ##

ac_cv_build=i686-pc-linux-gnu
ac_cv_c_compiler_gnu=yes
ac_cv_c_const=yes
ac_cv_cxx_compiler_gnu=yes
ac_cv_env_CCC_set=
ac_cv_env_CCC_value=
ac_cv_env_CC_set=set
ac_cv_env_CC_value=i486-TSOL-linux-gnu-gcc
ac_cv_env_CFLAGS_set=set
ac_cv_env_CFLAGS_value=-Os
ac_cv_env_CPPFLAGS_set=
ac_cv_env_CPPFLAGS_value=
ac_cv_env_CPP_set=
ac_cv_env_CPP_value=
ac_cv_env_CXXCPP_set=
ac_cv_env_CXXCPP_value=
ac_cv_env_CXXFLAGS_set=set
ac_cv_env_CXXFLAGS_value=-Os
ac_cv_env_CXX_set=set
ac_cv_env_CXX_value=i486-TSOL-linux-gnu-g++
ac_cv_env_F77_set=
ac_cv_env_F77_value=
ac_cv_env_FFLAGS_set=
ac_cv_env_FFLAGS_value=
ac_cv_env_LDFLAGS_set=set
ac_cv_env_LDFLAGS_value=-static-libgcc
ac_cv_env_LIBS_set=
ac_cv_env_LIBS_value=
ac_cv_env_build_alias_set=
ac_cv_env_build_alias_value=
ac_cv_env_host_alias_set=
ac_cv_env_host_alias_value=
ac_cv_env_target_alias_set=
ac_cv_env_target_alias_value=
ac_cv_f77_compiler_gnu=no
ac_cv_func_getpagesize=yes
ac_cv_func_memcpy=yes
ac_cv_func_memmove=yes
ac_cv_func_mmap_fixed_mapped=yes
ac_cv_have_decl_munmap=yes
ac_cv_header_dlfcn_h=yes
ac_cv_header_fcntl_h=yes
ac_cv_header_inttypes_h=yes
ac_cv_header_memory_h=yes
ac_cv_header_stdc=yes
ac_cv_header_stdint_h=yes
ac_cv_header_stdlib_h=yes
ac_cv_header_string_h=yes
ac_cv_header_strings_h=yes
ac_cv_header_sys_stat_h=yes
ac_cv_header_sys_types_h=yes
ac_cv_header_unistd_h=yes
ac_cv_header_zlib_h=yes
ac_cv_host=i686-pc-linux-gnu
ac_cv_lib_z_gzsetparams=yes
ac_cv_objext=o
ac_cv_path_EGREP='/usr/bin/grep -E'
ac_cv_path_GREP=/usr/bin/grep
ac_cv_path_install='/bin/install -c'
ac_cv_prog_CPP='i486-TSOL-linux-gnu-gcc -E'
ac_cv_prog_CXXCPP='i486-TSOL-linux-gnu-g++ -E'
ac_cv_prog_RMDIR=rmdir
ac_cv_prog_RMF='rm -f'
ac_cv_prog_ac_ct_AR=ar
ac_cv_prog_ac_ct_CC=i486-TSOL-linux-gnu-gcc
ac_cv_prog_ac_ct_RANLIB=ranlib
ac_cv_prog_ac_ct_STRIP=strip
ac_cv_prog_cc_c89=
ac_cv_prog_cc_g=yes
ac_cv_prog_cxx_g=yes
ac_cv_prog_f77_g=no
ac_cv_sizeof_int=4
ac_cv_sizeof_long=4
ac_cv_target=i686-pc-linux-gnu
ac_cv_type_int=yes
ac_cv_type_long=yes
lt_cv_deplibs_check_method=pass_all
lt_cv_file_magic_cmd='$MAGIC_CMD'
lt_cv_file_magic_test_file=
lt_cv_ld_reload_flag=-r
lt_cv_objdir=.libs
lt_cv_path_LD=i486-TSOL-linux-gnu-ld
lt_cv_path_LDCXX=i486-TSOL-linux-gnu-ld
lt_cv_path_NM='/toolchain/i486-TSOL-linux-gnu/bin//nm -B'
lt_cv_path_SED=/usr/bin/sed
lt_cv_prog_compiler_c_o=yes
lt_cv_prog_compiler_c_o_CXX=yes
lt_cv_prog_compiler_rtti_exceptions=no
lt_cv_prog_gnu_ld=yes
lt_cv_prog_gnu_ldcxx=yes
lt_cv_sys_global_symbol_pipe='sed -n -e '\''s/^.*[ 	]\([ABCDGIRSTW][ABCDGIRSTW]*\)[ 	][ 	]*\([_A-Za-z][_A-Za-z0-9]*\)$/\1 \2 \2/p'\'''
lt_cv_sys_global_symbol_to_c_name_address='sed -n -e '\''s/^: \([^ ]*\) $/  {\"\1\", (lt_ptr) 0},/p'\'' -e '\''s/^[BCDEGRST] \([^ ]*\) \([^ ]*\)$/  {"\2", (lt_ptr) \&\2},/p'\'''
lt_cv_sys_global_symbol_to_cdecl='sed -n -e '\''s/^. .* \(.*\)$/extern int \1;/p'\'''
lt_cv_sys_max_cmd_len=32768
lt_lt_cv_prog_compiler_c_o='"yes"'
lt_lt_cv_prog_compiler_c_o_CXX='"yes"'
lt_lt_cv_sys_global_symbol_pipe='"sed -n -e '\''s/^.*[ 	]\\([ABCDGIRSTW][ABCDGIRSTW]*\\)[ 	][ 	]*\\([_A-Za-z][_A-Za-z0-9]*\\)\$/\\1 \\2 \\2/p'\''"'
lt_lt_cv_sys_global_symbol_to_c_name_address='"sed -n -e '\''s/^: \\([^ ]*\\) \$/  {\\\"\\1\\\", (lt_ptr) 0},/p'\'' -e '\''s/^[BCDEGRST] \\([^ ]*\\) \\([^ ]*\\)\$/  {\"\\2\", (lt_ptr) \\&\\2},/p'\''"'
lt_lt_cv_sys_global_symbol_to_cdecl='"sed -n -e '\''s/^. .* \\(.*\\)\$/extern int \\1;/p'\''"'

## ----------------- ##
## Output variables. ##
## ----------------- ##

AR='ar'
CC='i486-TSOL-linux-gnu-gcc'
CC_BUILD='i486-TSOL-linux-gnu-gcc'
CFLAGS='-Os -DFT_CONFIG_OPTION_SYSTEM_ZLIB'
CPP='i486-TSOL-linux-gnu-gcc -E'
CPPFLAGS=''
CXX='i486-TSOL-linux-gnu-g++'
CXXCPP='i486-TSOL-linux-gnu-g++ -E'
CXXFLAGS='-Os'
DEFS='-DHAVE_CONFIG_H'
ECHO='echo'
ECHO_C=''
ECHO_N='-n'
ECHO_T=''
EGREP='/usr/bin/grep -E'
EXEEXT=''
EXEEXT_BUILD=''
F77=''
FFLAGS=''
FT2_EXTRA_LIBS=''
FTSYS_SRC='$(BUILD_DIR)/ftsystem.c'
GREP='/usr/bin/grep'
INSTALL_DATA='${INSTALL} -m 644'
INSTALL_PROGRAM='${INSTALL}'
INSTALL_SCRIPT='${INSTALL}'
LDFLAGS='-static-libgcc -lz'
LIBOBJS=''
LIBS=''
LIBTOOL='$(SHELL) $(top_builddir)/libtool'
LIBZ='-lz'
LN_S='ln -s'
LTLIBOBJS=''
OBJEXT='o'
PACKAGE_BUGREPORT='freetype@nongnu.org'
PACKAGE_NAME='FreeType'
PACKAGE_STRING='FreeType 2.3'
PACKAGE_TARNAME='freetype'
PACKAGE_VERSION='2.3'
PATH_SEPARATOR=':'
RANLIB='ranlib'
RMDIR='rmdir'
RMF='rm -f'
SHELL='/bin/sh'
STRIP='strip'
SYSTEM_ZLIB='yes'
XX_ANSIFLAGS=''
XX_CFLAGS=''
ac_ct_CC='i486-TSOL-linux-gnu-gcc'
ac_ct_CXX=''
ac_ct_F77=''
bindir='${exec_prefix}/bin'
build='i686-pc-linux-gnu'
build_alias=''
build_cpu='i686'
build_os='linux-gnu'
build_vendor='pc'
datadir='${datarootdir}'
datarootdir='${prefix}/share'
docdir='${datarootdir}/doc/${PACKAGE_TARNAME}'
dvidir='${docdir}'
enable_shared='no'
exec_prefix='${prefix}'
ft_version='9.11.3'
hardcode_libdir_flag_spec='${wl}--rpath ${wl}$libdir'
host='i686-pc-linux-gnu'
host_alias=''
host_cpu='i686'
host_os='linux-gnu'
host_vendor='pc'
htmldir='${docdir}'
includedir='${prefix}/include'
infodir='${datarootdir}/info'
libdir='${exec_prefix}/lib'
libexecdir='${exec_prefix}/libexec'
localedir='${datarootdir}/locale'
localstatedir='${prefix}/var'
mandir='${datarootdir}/man'
oldincludedir='/usr/include'
pdfdir='${docdir}'
prefix='/source/wm/jwm-581/'
program_transform_name='s,x,x,'
psdir='${docdir}'
sbindir='${exec_prefix}/sbin'
sharedstatedir='${prefix}/com'
sysconfdir='${prefix}/etc'
target='i686-pc-linux-gnu'
target_alias=''
target_cpu='i686'
target_os='linux-gnu'
target_vendor='pc'
version_info='9:11:3'
wl=''

## ----------- ##
## confdefs.h. ##
## ----------- ##

#define PACKAGE_NAME "FreeType"
#define PACKAGE_TARNAME "freetype"
#define PACKAGE_VERSION "2.3"
#define PACKAGE_STRING "FreeType 2.3"
#define PACKAGE_BUGREPORT "freetype@nongnu.org"
#define STDC_HEADERS 1
#define HAVE_SYS_TYPES_H 1
#define HAVE_SYS_STAT_H 1
#define HAVE_STDLIB_H 1
#define HAVE_STRING_H 1
#define HAVE_MEMORY_H 1
#define HAVE_STRINGS_H 1
#define HAVE_INTTYPES_H 1
#define HAVE_STDINT_H 1
#define HAVE_UNISTD_H 1
#define HAVE_FCNTL_H 1
#define HAVE_UNISTD_H 1
#define SIZEOF_INT 4
#define SIZEOF_LONG 4
#define HAVE_STDLIB_H 1
#define HAVE_UNISTD_H 1
#define HAVE_GETPAGESIZE 1
#define HAVE_MMAP 1
#define HAVE_DECL_MUNMAP 1
#define MUNMAP_USES_VOIDP
#define HAVE_MEMCPY 1
#define HAVE_MEMMOVE 1
#define HAVE_DLFCN_H 1

configure: exit 0
