This file contains any messages produced by compilers while
running configure, to aid debugging if configure makes a mistake.

configure:597: checking for a BSD compatible install
configure:650: checking whether build environment is sane
configure:707: checking whether make sets ${MAKE}
configure:753: checking for working aclocal
configure:766: checking for working autoconf
configure:779: checking for working automake
configure:792: checking for working autoheader
configure:805: checking for working makeinfo
configure:829: checking for mawk
configure:861: checking for gcc
configure:974: checking whether the C compiler (i486-TSOL-linux-gnu-gcc -O2 -static-libgcc) works
configure:990: i486-TSOL-linux-gnu-gcc -o conftest -O2  -static-libgcc conftest.c  1>&5
configure:1016: checking whether the C compiler (i486-TSOL-linux-gnu-gcc -O2 -static-libgcc) is a cross-compiler
configure:1021: checking whether we are using GNU C
configure:1049: checking whether i486-TSOL-linux-gnu-gcc accepts -g
configure:1092: checking for a BSD compatible install
configure:1145: checking whether ln -s works
configure:1168: checking for _oss_ioctl in -lossaudio
configure:1216: checking how to run the C preprocessor
configure:1296: checking for ANSI C header files
configure:1403: checking for ncurses.h
configure:1403: checking for curses.h
configure:1403: checking for fcntl.h
configure:1403: checking for limits.h
configure:1403: checking for malloc.h
configure:1403: checking for strings.h
configure:1403: checking for sys/ioctl.h
configure:1403: checking for sys/time.h
configure:1403: checking for unistd.h
configure:1444: checking for sys/soundcard.h
configure:1488: checking for initscr in -lncurses
configure:1591: checking for getmouse in -lncurses
configure:1634: checking for use_default_colors in -lncurses
configure:1677: checking for private member _use_keypad in WINDOW
configure:1719: checking for Gpm_Repeat in -lgpm
configure:1777: checking for sys/consio.h
configure:1777: checking for machine/console.h
configure:1814: checking for CONS_MOUSECTL
configure:1868: checking whether built-in label text is requested
configure:1896: checking for sys/asoundlib.h
configure:1929: checking for snd_mixer_open in -lasound
configure:2327: checking for gtk-config
configure:2412: checking for gtk-config
configure:2447: checking for GTK 1.2 - version >= 1.2.0
configure:2652: checking whether dummy mixer is requested
configure:2670: checking whether NLS is requested
configure:2687: checking for msgfmt
configure:2721: checking for xgettext
configure:2756: checking for gmsgfmt
configure:2805: checking for locale.h
configure:2805: checking for libintl.h
configure:2845: checking for gettext
configure:2986: checking for working const
configure:3061: checking for inline
configure:3101: checking for off_t
configure:3134: checking for size_t
configure:3167: checking whether time.h and sys/time.h may both be included
configure:3205: checking for working alloca.h
configure:3238: checking for alloca
configure:3440: checking for unistd.h
configure:3479: checking for getpagesize
configure:3532: checking for working mmap
configure:3703: checking return type of signal handlers
configure:3746: checking for getcwd
configure:3746: checking for getwd
configure:3746: checking for putenv
configure:3746: checking for select
