This file contains any messages produced by compilers while
running configure, to aid debugging if configure makes a mistake.

It was created by libpng configure 1.0.60, which was
generated by GNU Autoconf 2.65.  Invocation command line was

  $ ./configure --prefix=/usr --libdir=/usr/lib/gtk-1.2.0

## --------- ##
## Platform. ##
## --------- ##

hostname = ubuntu4
uname -m = i686
uname -r = 3.2.16-030216-generic
uname -s = Linux
uname -v = #201204221935 SMP Sun Apr 22 23:42:49 UTC 2012

/usr/bin/uname -p = unknown
/bin/uname -X     = unknown

/bin/arch              = unknown
/usr/bin/arch -k       = unknown
/usr/convex/getsysinfo = unknown
/usr/bin/hostinfo      = unknown
/bin/machine           = unknown
/usr/bin/oslevel       = unknown
/bin/universe          = unknown

PATH: /source/docbook-xsl-1.76.1/tools/bin
PATH: /bin
PATH: /sbin
PATH: /usr/bin
PATH: /usr/sbin
PATH: /usr/bin/X11
PATH: /usr/local/bin
PATH: /toolchain/bin
PATH: /toolchain/i486-TSOL-linux-gnu/bin/
PATH: /root/.local/bin
PATH: /usr/xorg/bin


## ----------- ##
## Core tests. ##
## ----------- ##

configure:2426: checking for a BSD-compatible install
configure:2494: result: /bin/install -c
configure:2505: checking whether build environment is sane
configure:2555: result: yes
configure:2696: checking for a thread-safe mkdir -p
configure:2735: result: /bin/mkdir -p
configure:2748: checking for gawk
configure:2764: found /usr/bin/gawk
configure:2775: result: gawk
configure:2786: checking whether make sets $(MAKE)
configure:2808: result: yes
configure:2889: checking whether to enable maintainer-specific portions of Makefiles
configure:2898: result: no
configure:2971: checking for gcc
configure:2998: result: i486-TSOL-linux-gnu-gcc
configure:3227: checking for C compiler version
configure:3236: i486-TSOL-linux-gnu-gcc --version >&5
i486-TSOL-linux-gnu-gcc (crosstool-NG 1.15.2) 4.6.3
Copyright (C) 2011 Free Software Foundation, Inc.
This is free software; see the source for copying conditions.  There is NO
warranty; not even for MERCHANTABILITY or FITNESS FOR A PARTICULAR PURPOSE.

configure:3247: $? = 0
configure:3236: i486-TSOL-linux-gnu-gcc -v >&5
Using built-in specs.
COLLECT_GCC=i486-TSOL-linux-gnu-gcc
COLLECT_LTO_WRAPPER=/toolchain/libexec/gcc/i486-TSOL-linux-gnu/4.6.3/lto-wrapper
Target: i486-TSOL-linux-gnu
Configured with: /TSOL/crosstool-ng-1.15.2/bin/.build/src/gcc-4.6.3/configure --build=i686-build_pc-linux-gnu --host=i686-build_pc-linux-gnu --target=i486-TSOL-linux-gnu --prefix=/toolchain --with-sysroot=/toolchain/i486-TSOL-linux-gnu/sysroot --enable-languages=c,c++ --with-arch=i486 --with-pkgversion='crosstool-NG 1.15.2' --enable-__cxa_atexit --disable-libmudflap --disable-libgomp --disable-libssp --with-gmp=/TSOL/crosstool-ng-1.15.2/bin/.build/i486-TSOL-linux-gnu/buildtools --with-mpfr=/TSOL/crosstool-ng-1.15.2/bin/.build/i486-TSOL-linux-gnu/buildtools --with-mpc=/TSOL/crosstool-ng-1.15.2/bin/.build/i486-TSOL-linux-gnu/buildtools --with-ppl=/TSOL/crosstool-ng-1.15.2/bin/.build/i486-TSOL-linux-gnu/buildtools --with-cloog=/TSOL/crosstool-ng-1.15.2/bin/.build/i486-TSOL-linux-gnu/buildtools --with-libelf=no --with-host-libstdcxx='-static-libgcc -Wl,-Bstatic,-lstdc++,-Bdynamic -lm -L/TSOL/crosstool-ng-1.15.2/bin/.build/i486-TSOL-linux-gnu/buildtools/lib -lpwl' --enable-threads=posix --enable-target-optspace --disable-multilib --with-local-prefix=/toolchain/i486-TSOL-linux-gnu/sysroot --enable-c99 --enable-long-long
Thread model: posix
gcc version 4.6.3 (crosstool-NG 1.15.2) 
configure:3247: $? = 0
configure:3236: i486-TSOL-linux-gnu-gcc -V >&5
i486-TSOL-linux-gnu-gcc: error: unrecognized option '-V'
i486-TSOL-linux-gnu-gcc: fatal error: no input files
compilation terminated.
configure:3247: $? = 1
configure:3236: i486-TSOL-linux-gnu-gcc -qversion >&5
i486-TSOL-linux-gnu-gcc: error: unrecognized option '-qversion'
i486-TSOL-linux-gnu-gcc: fatal error: no input files
compilation terminated.
configure:3247: $? = 1
configure:3267: checking whether the C compiler works
configure:3289: i486-TSOL-linux-gnu-gcc -O2  -static-libgcc conftest.c  >&5
configure:3293: $? = 0
configure:3342: result: yes
configure:3345: checking for C compiler default output file name
configure:3347: result: a.out
configure:3353: checking for suffix of executables
configure:3360: i486-TSOL-linux-gnu-gcc -o conftest -O2  -static-libgcc conftest.c  >&5
configure:3364: $? = 0
configure:3386: result: 
configure:3408: checking whether we are cross compiling
configure:3416: i486-TSOL-linux-gnu-gcc -o conftest -O2  -static-libgcc conftest.c  >&5
configure:3420: $? = 0
configure:3427: ./conftest
configure:3431: $? = 0
configure:3446: result: no
configure:3451: checking for suffix of object files
configure:3473: i486-TSOL-linux-gnu-gcc -c -O2  conftest.c >&5
configure:3477: $? = 0
configure:3498: result: o
configure:3502: checking whether we are using the GNU C compiler
configure:3521: i486-TSOL-linux-gnu-gcc -c -O2  conftest.c >&5
configure:3521: $? = 0
configure:3530: result: yes
configure:3539: checking whether i486-TSOL-linux-gnu-gcc accepts -g
configure:3559: i486-TSOL-linux-gnu-gcc -c -g  conftest.c >&5
configure:3559: $? = 0
configure:3600: result: yes
configure:3617: checking for i486-TSOL-linux-gnu-gcc option to accept ISO C89
configure:3681: i486-TSOL-linux-gnu-gcc  -c -O2  conftest.c >&5
configure:3681: $? = 0
configure:3694: result: none needed
configure:3725: checking for style of include used by make
configure:3753: result: GNU
configure:3778: checking dependency style of i486-TSOL-linux-gnu-gcc
configure:3888: result: gcc3
configure:3907: checking build system type
configure:3921: result: i686-pc-linux-gnu
configure:3941: checking host system type
configure:3954: result: i686-pc-linux-gnu
configure:3974: checking for a sed that does not truncate output
configure:4038: result: /usr/bin/sed
configure:4056: checking for grep that handles long lines and -e
configure:4114: result: /usr/bin/grep
configure:4119: checking for egrep
configure:4181: result: /usr/bin/grep -E
configure:4186: checking for fgrep
configure:4248: result: /usr/bin/grep -F
configure:4283: checking for ld used by i486-TSOL-linux-gnu-gcc
configure:4350: result: i486-TSOL-linux-gnu-ld
configure:4357: checking if the linker (i486-TSOL-linux-gnu-ld) is GNU ld
configure:4372: result: yes
configure:4389: checking how to run the C preprocessor
configure:4420: i486-TSOL-linux-gnu-gcc -E  conftest.c
configure:4420: $? = 0
configure:4434: i486-TSOL-linux-gnu-gcc -E  conftest.c
conftest.c:11:28: fatal error: ac_nonexistent.h: No such file or directory
compilation terminated.
configure:4434: $? = 1
configure: failed program was:
| /* confdefs.h */
| #define PACKAGE_NAME "libpng"
| #define PACKAGE_TARNAME "libpng"
| #define PACKAGE_VERSION "1.0.60"
| #define PACKAGE_STRING "libpng 1.0.60"
| #define PACKAGE_BUGREPORT "png-mng-implement@lists.sourceforge.net"
| #define PACKAGE_URL ""
| #define PACKAGE "libpng"
| #define VERSION "1.0.60"
| /* end confdefs.h.  */
| #include <ac_nonexistent.h>
configure:4459: result: i486-TSOL-linux-gnu-gcc -E
configure:4479: i486-TSOL-linux-gnu-gcc -E  conftest.c
configure:4479: $? = 0
configure:4493: i486-TSOL-linux-gnu-gcc -E  conftest.c
conftest.c:11:28: fatal error: ac_nonexistent.h: No such file or directory
compilation terminated.
configure:4493: $? = 1
configure: failed program was:
| /* confdefs.h */
| #define PACKAGE_NAME "libpng"
| #define PACKAGE_TARNAME "libpng"
| #define PACKAGE_VERSION "1.0.60"
| #define PACKAGE_STRING "libpng 1.0.60"
| #define PACKAGE_BUGREPORT "png-mng-implement@lists.sourceforge.net"
| #define PACKAGE_URL ""
| #define PACKAGE "libpng"
| #define VERSION "1.0.60"
| /* end confdefs.h.  */
| #include <ac_nonexistent.h>
configure:4564: checking for sed
configure:4591: result: /usr/bin/sed
configure:4917: checking whether ln -s works
configure:4921: result: yes
configure:4928: checking whether make sets $(MAKE)
configure:4950: result: yes
configure:4984: checking for BSD- or MS-compatible name lister (nm)
configure:5033: result: /toolchain/i486-TSOL-linux-gnu/bin//nm -B
configure:5151: checking the name lister (/toolchain/i486-TSOL-linux-gnu/bin//nm -B) interface
configure:5158: i486-TSOL-linux-gnu-gcc -c -O2  conftest.c >&5
configure:5161: /toolchain/i486-TSOL-linux-gnu/bin//nm -B "conftest.o"
configure:5164: output
00000000 B some_variable
configure:5171: result: BSD nm
configure:5175: checking the maximum length of command line arguments
configure:5295: result: 1572864
configure:5312: checking whether the shell understands some XSI constructs
configure:5322: result: yes
configure:5326: checking whether the shell understands "+="
configure:5332: result: yes
configure:5367: checking for i486-TSOL-linux-gnu-ld option to reload object files
configure:5374: result: -r
configure:5443: checking for objdump
configure:5470: result: objdump
configure:5499: checking how to recognize dependent libraries
configure:5695: result: pass_all
configure:5755: checking for ar
configure:5771: found /toolchain/i486-TSOL-linux-gnu/bin//ar
configure:5782: result: ar
configure:5860: checking for strip
configure:5876: found /toolchain/i486-TSOL-linux-gnu/bin//strip
configure:5887: result: strip
configure:5959: checking for ranlib
configure:5975: found /toolchain/i486-TSOL-linux-gnu/bin//ranlib
configure:5986: result: ranlib
configure:6076: checking command to parse /toolchain/i486-TSOL-linux-gnu/bin//nm -B output from i486-TSOL-linux-gnu-gcc object
configure:6194: i486-TSOL-linux-gnu-gcc -c -O2  conftest.c >&5
configure:6197: $? = 0
configure:6201: /toolchain/i486-TSOL-linux-gnu/bin//nm -B conftest.o \| sed -n -e 's/^.*[	 ]\([ABCDGIRSTW][ABCDGIRSTW]*\)[	 ][	 ]*\([_A-Za-z][_A-Za-z0-9]*\)$/\1 \2 \2/p' \> conftest.nm
configure:6204: $? = 0
configure:6258: i486-TSOL-linux-gnu-gcc -o conftest -O2  -static-libgcc conftest.c conftstm.o >&5
configure:6261: $? = 0
configure:6299: result: ok
configure:7104: checking for ANSI C header files
configure:7124: i486-TSOL-linux-gnu-gcc -c -O2  conftest.c >&5
configure:7124: $? = 0
configure:7197: i486-TSOL-linux-gnu-gcc -o conftest -O2  -static-libgcc conftest.c  >&5
configure:7197: $? = 0
configure:7197: ./conftest
configure:7197: $? = 0
configure:7208: result: yes
configure:7221: checking for sys/types.h
configure:7221: i486-TSOL-linux-gnu-gcc -c -O2  conftest.c >&5
configure:7221: $? = 0
configure:7221: result: yes
configure:7221: checking for sys/stat.h
configure:7221: i486-TSOL-linux-gnu-gcc -c -O2  conftest.c >&5
configure:7221: $? = 0
configure:7221: result: yes
configure:7221: checking for stdlib.h
configure:7221: i486-TSOL-linux-gnu-gcc -c -O2  conftest.c >&5
configure:7221: $? = 0
configure:7221: result: yes
configure:7221: checking for string.h
configure:7221: i486-TSOL-linux-gnu-gcc -c -O2  conftest.c >&5
configure:7221: $? = 0
configure:7221: result: yes
configure:7221: checking for memory.h
configure:7221: i486-TSOL-linux-gnu-gcc -c -O2  conftest.c >&5
configure:7221: $? = 0
configure:7221: result: yes
configure:7221: checking for strings.h
configure:7221: i486-TSOL-linux-gnu-gcc -c -O2  conftest.c >&5
configure:7221: $? = 0
configure:7221: result: yes
configure:7221: checking for inttypes.h
configure:7221: i486-TSOL-linux-gnu-gcc -c -O2  conftest.c >&5
configure:7221: $? = 0
configure:7221: result: yes
configure:7221: checking for stdint.h
configure:7221: i486-TSOL-linux-gnu-gcc -c -O2  conftest.c >&5
configure:7221: $? = 0
configure:7221: result: yes
configure:7221: checking for unistd.h
configure:7221: i486-TSOL-linux-gnu-gcc -c -O2  conftest.c >&5
configure:7221: $? = 0
configure:7221: result: yes
configure:7236: checking for dlfcn.h
configure:7236: i486-TSOL-linux-gnu-gcc -c -O2  conftest.c >&5
configure:7236: $? = 0
configure:7236: result: yes
configure:7418: checking for objdir
configure:7433: result: .libs
configure:7725: checking if i486-TSOL-linux-gnu-gcc supports -fno-rtti -fno-exceptions
configure:7743: i486-TSOL-linux-gnu-gcc -c -O2  -fno-rtti -fno-exceptions conftest.c >&5
cc1: warning: command line option '-fno-rtti' is valid for C++/ObjC++ but not for C [enabled by default]
configure:7747: $? = 0
configure:7760: result: no
configure:7780: checking for i486-TSOL-linux-gnu-gcc option to produce PIC
configure:8052: result: -fPIC -DPIC
configure:8064: checking if i486-TSOL-linux-gnu-gcc PIC flag -fPIC -DPIC works
configure:8082: i486-TSOL-linux-gnu-gcc -c -O2  -fPIC -DPIC -DPIC conftest.c >&5
configure:8086: $? = 0
configure:8099: result: yes
configure:8123: checking if i486-TSOL-linux-gnu-gcc static flag -static works
configure:8151: result: yes
configure:8166: checking if i486-TSOL-linux-gnu-gcc supports -c -o file.o
configure:8187: i486-TSOL-linux-gnu-gcc -c -O2  -o out/conftest2.o conftest.c >&5
configure:8191: $? = 0
configure:8213: result: yes
configure:8221: checking if i486-TSOL-linux-gnu-gcc supports -c -o file.o
configure:8268: result: yes
configure:8301: checking whether the i486-TSOL-linux-gnu-gcc linker (i486-TSOL-linux-gnu-ld) supports shared libraries
configure:9287: result: yes
configure:9324: checking whether -lc should be explicitly linked in
configure:9329: i486-TSOL-linux-gnu-gcc -c -O2  conftest.c >&5
configure:9332: $? = 0
configure:9347: i486-TSOL-linux-gnu-gcc -shared conftest.o  -v -Wl,-soname -Wl,conftest -o conftest 2\>\&1 \| /usr/bin/grep  -lc  \>/dev/null 2\>\&1
configure:9350: $? = 0
configure:9362: result: no
configure:9526: checking dynamic linker characteristics
configure:9959: i486-TSOL-linux-gnu-gcc -o conftest -O2  -static-libgcc -Wl,-rpath -Wl,/foo conftest.c  >&5
configure:9959: $? = 0
configure:10177: result: GNU/Linux ld.so
configure:10279: checking how to hardcode library paths into programs
configure:10304: result: immediate
configure:10824: checking whether stripping libraries is possible
configure:10829: result: yes
configure:10864: checking if libtool supports shared libraries
configure:10866: result: yes
configure:10869: checking whether to build shared libraries
configure:10890: result: yes
configure:10893: checking whether to build static libraries
configure:10897: result: yes
configure:10934: checking for ANSI C header files
configure:11038: result: yes
configure:11049: checking malloc.h usability
configure:11049: i486-TSOL-linux-gnu-gcc -c -O2  conftest.c >&5
configure:11049: $? = 0
configure:11049: result: yes
configure:11049: checking malloc.h presence
configure:11049: i486-TSOL-linux-gnu-gcc -E  conftest.c
configure:11049: $? = 0
configure:11049: result: yes
configure:11049: checking for malloc.h
configure:11049: result: yes
configure:11049: checking for stdlib.h
configure:11049: result: yes
configure:11049: checking for string.h
configure:11049: result: yes
configure:11049: checking for strings.h
configure:11049: result: yes
configure:11062: checking for an ANSI C-conforming const
configure:11127: i486-TSOL-linux-gnu-gcc -c -O2  conftest.c >&5
configure:11127: $? = 0
configure:11134: result: yes
configure:11142: checking for size_t
configure:11142: i486-TSOL-linux-gnu-gcc -c -O2  conftest.c >&5
configure:11142: $? = 0
configure:11142: i486-TSOL-linux-gnu-gcc -c -O2  conftest.c >&5
conftest.c: In function 'main':
conftest.c:64:21: error: expected expression before ')' token
configure:11142: $? = 1
configure: failed program was:
| /* confdefs.h */
| #define PACKAGE_NAME "libpng"
| #define PACKAGE_TARNAME "libpng"
| #define PACKAGE_VERSION "1.0.60"
| #define PACKAGE_STRING "libpng 1.0.60"
| #define PACKAGE_BUGREPORT "png-mng-implement@lists.sourceforge.net"
| #define PACKAGE_URL ""
| #define PACKAGE "libpng"
| #define VERSION "1.0.60"
| #define STDC_HEADERS 1
| #define HAVE_SYS_TYPES_H 1
| #define HAVE_SYS_STAT_H 1
| #define HAVE_STDLIB_H 1
| #define HAVE_STRING_H 1
| #define HAVE_MEMORY_H 1
| #define HAVE_STRINGS_H 1
| #define HAVE_INTTYPES_H 1
| #define HAVE_STDINT_H 1
| #define HAVE_UNISTD_H 1
| #define HAVE_DLFCN_H 1
| #define LT_OBJDIR ".libs/"
| #define STDC_HEADERS 1
| #define HAVE_MALLOC_H 1
| #define HAVE_STDLIB_H 1
| #define HAVE_STRING_H 1
| #define HAVE_STRINGS_H 1
| /* end confdefs.h.  */
| #include <stdio.h>
| #ifdef HAVE_SYS_TYPES_H
| # include <sys/types.h>
| #endif
| #ifdef HAVE_SYS_STAT_H
| # include <sys/stat.h>
| #endif
| #ifdef STDC_HEADERS
| # include <stdlib.h>
| # include <stddef.h>
| #else
| # ifdef HAVE_STDLIB_H
| #  include <stdlib.h>
| # endif
| #endif
| #ifdef HAVE_STRING_H
| # if !defined STDC_HEADERS && defined HAVE_MEMORY_H
| #  include <memory.h>
| # endif
| # include <string.h>
| #endif
| #ifdef HAVE_STRINGS_H
| # include <strings.h>
| #endif
| #ifdef HAVE_INTTYPES_H
| # include <inttypes.h>
| #endif
| #ifdef HAVE_STDINT_H
| # include <stdint.h>
| #endif
| #ifdef HAVE_UNISTD_H
| # include <unistd.h>
| #endif
| int
| main ()
| {
| if (sizeof ((size_t)))
| 	    return 0;
|   ;
|   return 0;
| }
configure:11142: result: yes
configure:11153: checking whether struct tm is in sys/time.h or time.h
configure:11173: i486-TSOL-linux-gnu-gcc -c -O2  conftest.c >&5
configure:11173: $? = 0
configure:11180: result: time.h
configure:11190: checking for working strtod
configure:11231: i486-TSOL-linux-gnu-gcc -o conftest -O2  -static-libgcc conftest.c  >&5
configure:11231: $? = 0
configure:11231: ./conftest
configure:11231: $? = 0
configure:11241: result: yes
configure:11305: checking for memset
configure:11305: i486-TSOL-linux-gnu-gcc -o conftest -O2  -static-libgcc conftest.c  >&5
conftest.c:51:6: warning: conflicting types for built-in function 'memset' [enabled by default]
configure:11305: $? = 0
configure:11305: result: yes
configure:11318: checking for pow
configure:11318: i486-TSOL-linux-gnu-gcc -o conftest -O2  -static-libgcc conftest.c  >&5
conftest.c:52:6: warning: conflicting types for built-in function 'pow' [enabled by default]
/tmp/ccOTQgKO.o: In function `main':
conftest.c:(.text.startup+0x7): undefined reference to `pow'
collect2: ld returned 1 exit status
configure:11318: $? = 1
configure: failed program was:
| /* confdefs.h */
| #define PACKAGE_NAME "libpng"
| #define PACKAGE_TARNAME "libpng"
| #define PACKAGE_VERSION "1.0.60"
| #define PACKAGE_STRING "libpng 1.0.60"
| #define PACKAGE_BUGREPORT "png-mng-implement@lists.sourceforge.net"
| #define PACKAGE_URL ""
| #define PACKAGE "libpng"
| #define VERSION "1.0.60"
| #define STDC_HEADERS 1
| #define HAVE_SYS_TYPES_H 1
| #define HAVE_SYS_STAT_H 1
| #define HAVE_STDLIB_H 1
| #define HAVE_STRING_H 1
| #define HAVE_MEMORY_H 1
| #define HAVE_STRINGS_H 1
| #define HAVE_INTTYPES_H 1
| #define HAVE_STDINT_H 1
| #define HAVE_UNISTD_H 1
| #define HAVE_DLFCN_H 1
| #define LT_OBJDIR ".libs/"
| #define STDC_HEADERS 1
| #define HAVE_MALLOC_H 1
| #define HAVE_STDLIB_H 1
| #define HAVE_STRING_H 1
| #define HAVE_STRINGS_H 1
| #define HAVE_MEMSET 1
| /* end confdefs.h.  */
| /* Define pow to an innocuous variant, in case <limits.h> declares pow.
|    For example, HP-UX 11i <limits.h> declares gettimeofday.  */
| #define pow innocuous_pow
| 
| /* System header to define __stub macros and hopefully few prototypes,
|     which can conflict with char pow (); below.
|     Prefer <limits.h> to <assert.h> if __STDC__ is defined, since
|     <limits.h> exists even on freestanding compilers.  */
| 
| #ifdef __STDC__
| # include <limits.h>
| #else
| # include <assert.h>
| #endif
| 
| #undef pow
| 
| /* Override any GCC internal prototype to avoid an error.
|    Use char because int might match the return type of a GCC
|    builtin and then its argument prototype would still apply.  */
| #ifdef __cplusplus
| extern "C"
| #endif
| char pow ();
| /* The GNU C library defines this for functions which it implements
|     to always fail with ENOSYS.  Some functions are actually named
|     something starting with __ and the normal name is an alias.  */
| #if defined __stub_pow || defined __stub___pow
| choke me
| #endif
| 
| int
| main ()
| {
| return pow ();
|   ;
|   return 0;
| }
configure:11318: result: no
configure:11325: checking for pow in -lm
configure:11350: i486-TSOL-linux-gnu-gcc -o conftest -O2  -static-libgcc conftest.c -lm   >&5
conftest.c:36:6: warning: conflicting types for built-in function 'pow' [enabled by default]
configure:11350: $? = 0
configure:11359: result: yes
configure:11375: checking for zlibVersion in -lz
configure:11400: i486-TSOL-linux-gnu-gcc -o conftest -O2  -static-libgcc conftest.c -lz  -lm  >&5
configure:11400: $? = 0
configure:11409: result: yes
configure:11429: checking if assembler code in pnggccrd.c can be compiled without PNG_NO_MMX_CODE
configure:11442: i486-TSOL-linux-gnu-gcc -c -O2  conftest.c >&5
configure:11442: $? = 0
configure:11443: result: yes
configure:11456: checking if libraries can be versioned
configure:11461: result: yes
configure:11480: checking for symbol prefix
configure:11487: result: 
configure:11509: pkgconfig directory is ${libdir}/pkgconfig
configure:11679: creating ./config.status

## ---------------------- ##
## Running config.status. ##
## ---------------------- ##

This file was extended by libpng config.status 1.0.60, which was
generated by GNU Autoconf 2.65.  Invocation command line was

  CONFIG_FILES    = 
  CONFIG_HEADERS  = 
  CONFIG_LINKS    = 
  CONFIG_COMMANDS = 
  $ ./config.status 

on ubuntu4

config.status:1089: creating Makefile
config.status:1089: creating libpng.pc
config.status:1089: creating libpng-config
config.status:1089: creating config.h
config.status:1309: executing depfiles commands
config.status:1309: executing libtool commands

## ---------------- ##
## Cache variables. ##
## ---------------- ##

ac_cv_build=i686-pc-linux-gnu
ac_cv_c_compiler_gnu=yes
ac_cv_c_const=yes
ac_cv_env_CC_set=set
ac_cv_env_CC_value=i486-TSOL-linux-gnu-gcc
ac_cv_env_CFLAGS_set=set
ac_cv_env_CFLAGS_value=-O2
ac_cv_env_CPPFLAGS_set=
ac_cv_env_CPPFLAGS_value=
ac_cv_env_CPP_set=
ac_cv_env_CPP_value=
ac_cv_env_LDFLAGS_set=set
ac_cv_env_LDFLAGS_value=-static-libgcc
ac_cv_env_LIBS_set=
ac_cv_env_LIBS_value=
ac_cv_env_build_alias_set=
ac_cv_env_build_alias_value=
ac_cv_env_host_alias_set=
ac_cv_env_host_alias_value=
ac_cv_env_target_alias_set=
ac_cv_env_target_alias_value=
ac_cv_func_memset=yes
ac_cv_func_pow=no
ac_cv_func_strtod=yes
ac_cv_header_dlfcn_h=yes
ac_cv_header_inttypes_h=yes
ac_cv_header_malloc_h=yes
ac_cv_header_memory_h=yes
ac_cv_header_stdc=yes
ac_cv_header_stdint_h=yes
ac_cv_header_stdlib_h=yes
ac_cv_header_string_h=yes
ac_cv_header_strings_h=yes
ac_cv_header_sys_stat_h=yes
ac_cv_header_sys_types_h=yes
ac_cv_header_unistd_h=yes
ac_cv_host=i686-pc-linux-gnu
ac_cv_lib_m_pow=yes
ac_cv_lib_z_zlibVersion=yes
ac_cv_objext=o
ac_cv_path_EGREP='/usr/bin/grep -E'
ac_cv_path_FGREP='/usr/bin/grep -F'
ac_cv_path_GREP=/usr/bin/grep
ac_cv_path_SED=/usr/bin/sed
ac_cv_path_install='/bin/install -c'
ac_cv_path_mkdir=/bin/mkdir
ac_cv_prog_AWK=gawk
ac_cv_prog_CPP='i486-TSOL-linux-gnu-gcc -E'
ac_cv_prog_ac_ct_AR=ar
ac_cv_prog_ac_ct_CC=i486-TSOL-linux-gnu-gcc
ac_cv_prog_ac_ct_OBJDUMP=objdump
ac_cv_prog_ac_ct_RANLIB=ranlib
ac_cv_prog_ac_ct_SED=/usr/bin/sed
ac_cv_prog_ac_ct_STRIP=strip
ac_cv_prog_cc_c89=
ac_cv_prog_cc_g=yes
ac_cv_prog_make_make_set=yes
ac_cv_struct_tm=time.h
ac_cv_type_size_t=yes
am_cv_CC_dependencies_compiler_type=gcc3
lt_cv_deplibs_check_method=pass_all
lt_cv_file_magic_cmd='$MAGIC_CMD'
lt_cv_file_magic_test_file=
lt_cv_ld_reload_flag=-r
lt_cv_nm_interface='BSD nm'
lt_cv_objdir=.libs
lt_cv_path_LD=i486-TSOL-linux-gnu-ld
lt_cv_path_NM='/toolchain/i486-TSOL-linux-gnu/bin//nm -B'
lt_cv_prog_compiler_c_o=yes
lt_cv_prog_compiler_pic_works=yes
lt_cv_prog_compiler_rtti_exceptions=no
lt_cv_prog_compiler_static_works=yes
lt_cv_prog_gnu_ld=yes
lt_cv_sys_global_symbol_pipe='sed -n -e '\''s/^.*[	 ]\([ABCDGIRSTW][ABCDGIRSTW]*\)[	 ][	 ]*\([_A-Za-z][_A-Za-z0-9]*\)$/\1 \2 \2/p'\'''
lt_cv_sys_global_symbol_to_c_name_address='sed -n -e '\''s/^: \([^ ]*\) $/  {\"\1\", (void *) 0},/p'\'' -e '\''s/^[ABCDGIRSTW]* \([^ ]*\) \([^ ]*\)$/  {"\2", (void *) \&\2},/p'\'''
lt_cv_sys_global_symbol_to_c_name_address_lib_prefix='sed -n -e '\''s/^: \([^ ]*\) $/  {\"\1\", (void *) 0},/p'\'' -e '\''s/^[ABCDGIRSTW]* \([^ ]*\) \(lib[^ ]*\)$/  {"\2", (void *) \&\2},/p'\'' -e '\''s/^[ABCDGIRSTW]* \([^ ]*\) \([^ ]*\)$/  {"lib\2", (void *) \&\2},/p'\'''
lt_cv_sys_global_symbol_to_cdecl='sed -n -e '\''s/^T .* \(.*\)$/extern int \1();/p'\'' -e '\''s/^[ABCDGIRSTW]* .* \(.*\)$/extern char \1;/p'\'''
lt_cv_sys_max_cmd_len=1572864

## ----------------- ##
## Output variables. ##
## ----------------- ##

ACLOCAL='${SHELL} /source/gtk/1.2.0/libpng-1.0.60/missing --run aclocal-1.11'
AMDEPBACKSLASH='\'
AMDEP_FALSE='#'
AMDEP_TRUE=''
AMTAR='${SHELL} /source/gtk/1.2.0/libpng-1.0.60/missing --run tar'
AR='ar'
AS='as'
AUTOCONF='${SHELL} /source/gtk/1.2.0/libpng-1.0.60/missing --run autoconf'
AUTOHEADER='${SHELL} /source/gtk/1.2.0/libpng-1.0.60/missing --run autoheader'
AUTOMAKE='${SHELL} /source/gtk/1.2.0/libpng-1.0.60/missing --run automake-1.11'
AWK='gawk'
CC='i486-TSOL-linux-gnu-gcc'
CCDEPMODE='depmode=gcc3'
CFLAGS='-O2'
CPP='i486-TSOL-linux-gnu-gcc -E'
CPPFLAGS=''
CYGPATH_W='echo'
DEFS='-DHAVE_CONFIG_H'
DEPDIR='.deps'
DLLTOOL='dlltool'
DSYMUTIL=''
DUMPBIN=''
ECHO_C=''
ECHO_N='-n'
ECHO_T=''
EGREP='/usr/bin/grep -E'
EXEEXT=''
FGREP='/usr/bin/grep -F'
GREP='/usr/bin/grep'
HAVE_LD_VERSION_SCRIPT_FALSE='#'
HAVE_LD_VERSION_SCRIPT_TRUE=''
INSTALL_DATA='${INSTALL} -m 644'
INSTALL_PROGRAM='${INSTALL}'
INSTALL_SCRIPT='${INSTALL}'
INSTALL_STRIP_PROGRAM='$(install_sh) -c -s'
LD='i486-TSOL-linux-gnu-ld'
LDFLAGS='-static-libgcc'
LIBOBJS=''
LIBPNG_DEFINES='-DPNG_CONFIGURE_LIBPNG '
LIBPNG_NO_MMX=''
LIBS='-lz -lm '
LIBTOOL='$(SHELL) $(top_builddir)/libtool'
LIPO=''
LN_S='ln -s'
LTLIBOBJS=''
MAINT='#'
MAINTAINER_MODE_FALSE=''
MAINTAINER_MODE_TRUE='#'
MAKEINFO='${SHELL} /source/gtk/1.2.0/libpng-1.0.60/missing --run makeinfo'
MKDIR_P='/bin/mkdir -p'
NM='/toolchain/i486-TSOL-linux-gnu/bin//nm -B'
NMEDIT=''
OBJDUMP='objdump'
OBJEXT='o'
OTOOL64=''
OTOOL=''
PACKAGE='libpng'
PACKAGE_BUGREPORT='png-mng-implement@lists.sourceforge.net'
PACKAGE_NAME='libpng'
PACKAGE_STRING='libpng 1.0.60'
PACKAGE_TARNAME='libpng'
PACKAGE_URL=''
PACKAGE_VERSION='1.0.60'
PATH_SEPARATOR=':'
PNGLIB_MAJOR='1'
PNGLIB_MINOR='0'
PNGLIB_RELEASE='60'
PNGLIB_VERSION='1.0.60'
POW_LIB=''
RANLIB='ranlib'
SED='/usr/bin/sed'
SET_MAKE=''
SHELL='/bin/sh'
STRIP='strip'
SYMBOL_PREFIX=''
VERSION='1.0.60'
ac_ct_CC='i486-TSOL-linux-gnu-gcc'
ac_ct_DUMPBIN=''
am__EXEEXT_FALSE=''
am__EXEEXT_TRUE='#'
am__fastdepCC_FALSE='#'
am__fastdepCC_TRUE=''
am__include='include'
am__isrc=''
am__leading_dot='.'
am__quote=''
am__tar='${AMTAR} chof - "$$tardir"'
am__untar='${AMTAR} xf -'
binconfigs='${binconfigs}'
bindir='${exec_prefix}/bin'
build='i686-pc-linux-gnu'
build_alias=''
build_cpu='i686'
build_os='linux-gnu'
build_vendor='pc'
compatlib='libpng.la'
datadir='${datarootdir}'
datarootdir='${prefix}/share'
docdir='${datarootdir}/doc/${PACKAGE_TARNAME}'
dvidir='${docdir}'
exec_prefix='${prefix}'
host='i686-pc-linux-gnu'
host_alias=''
host_cpu='i686'
host_os='linux-gnu'
host_vendor='pc'
htmldir='${docdir}'
includedir='${prefix}/include'
infodir='${datarootdir}/info'
install_sh='${SHELL} /source/gtk/1.2.0/libpng-1.0.60/install-sh'
libdir='/usr/lib/gtk-1.2.0'
libexecdir='${exec_prefix}/libexec'
localedir='${datarootdir}/locale'
localstatedir='${prefix}/var'
lt_ECHO='echo'
mandir='${datarootdir}/man'
mkdir_p='/bin/mkdir -p'
oldincludedir='/usr/include'
pdfdir='${docdir}'
pkgconfigdir='${libdir}/pkgconfig'
prefix='/usr'
program_transform_name='s,x,x,'
psdir='${docdir}'
sbindir='${exec_prefix}/sbin'
sharedstatedir='${prefix}/com'
sysconfdir='${prefix}/etc'
target_alias=''

## ----------- ##
## confdefs.h. ##
## ----------- ##

/* confdefs.h */
#define PACKAGE_NAME "libpng"
#define PACKAGE_TARNAME "libpng"
#define PACKAGE_VERSION "1.0.60"
#define PACKAGE_STRING "libpng 1.0.60"
#define PACKAGE_BUGREPORT "png-mng-implement@lists.sourceforge.net"
#define PACKAGE_URL ""
#define PACKAGE "libpng"
#define VERSION "1.0.60"
#define STDC_HEADERS 1
#define HAVE_SYS_TYPES_H 1
#define HAVE_SYS_STAT_H 1
#define HAVE_STDLIB_H 1
#define HAVE_STRING_H 1
#define HAVE_MEMORY_H 1
#define HAVE_STRINGS_H 1
#define HAVE_INTTYPES_H 1
#define HAVE_STDINT_H 1
#define HAVE_UNISTD_H 1
#define HAVE_DLFCN_H 1
#define LT_OBJDIR ".libs/"
#define STDC_HEADERS 1
#define HAVE_MALLOC_H 1
#define HAVE_STDLIB_H 1
#define HAVE_STRING_H 1
#define HAVE_STRINGS_H 1
#define HAVE_MEMSET 1
#define HAVE_LIBM 1
#define HAVE_LIBZ 1

configure: exit 0
