This file contains any messages produced by compilers while
running configure, to aid debugging if configure makes a mistake.

It was created by xf86-video-qxl configure 0.1.3, which was
generated by GNU Autoconf 2.69.  Invocation command line was

  $ ./configure --prefix=/usr/xorg CC=i486-TSOL-linux-gnu-gcc CFLAGS=-Os LDFLAGS=-static-libgcc

## --------- ##
## Platform. ##
## --------- ##

hostname = ubuntu4
uname -m = i686
uname -r = 3.2.16-030216-generic
uname -s = Linux
uname -v = #201204221935 SMP Sun Apr 22 23:42:49 UTC 2012

/usr/bin/uname -p = unknown
/bin/uname -X     = unknown

/bin/arch              = unknown
/usr/bin/arch -k       = unknown
/usr/convex/getsysinfo = unknown
/usr/bin/hostinfo      = unknown
/bin/machine           = unknown
/usr/bin/oslevel       = unknown
/bin/universe          = unknown

PATH: /usr/xorg/bin
PATH: /source/docbook-xsl-1.76.1/tools/bin
PATH: /bin
PATH: /sbin
PATH: /usr/bin
PATH: /usr/sbin
PATH: /usr/bin/X11
PATH: /usr/local/bin
PATH: /toolchain/bin
PATH: /toolchain/i486-TSOL-linux-gnu/bin/
PATH: /root/.local/bin
PATH: /usr/xorg/bin


## ----------- ##
## Core tests. ##
## ----------- ##

configure:2398: checking build system type
configure:2412: result: i686-pc-linux-gnu
configure:2432: checking host system type
configure:2445: result: i686-pc-linux-gnu
configure:2483: checking for a BSD-compatible install
configure:2551: result: /bin/install -c
configure:2562: checking whether build environment is sane
configure:2617: result: yes
configure:2768: checking for a thread-safe mkdir -p
configure:2807: result: /bin/mkdir -p
configure:2814: checking for gawk
configure:2830: found /usr/bin/gawk
configure:2841: result: gawk
configure:2852: checking whether make sets $(MAKE)
configure:2874: result: yes
configure:2903: checking whether make supports nested variables
configure:2920: result: yes
configure:3046: checking whether to enable maintainer-specific portions of Makefiles
configure:3055: result: no
configure:3082: checking for style of include used by make
configure:3110: result: GNU
configure:3181: checking for gcc
configure:3208: result: i486-TSOL-linux-gnu-gcc
configure:3437: checking for C compiler version
configure:3446: i486-TSOL-linux-gnu-gcc --version >&5
i486-TSOL-linux-gnu-gcc (crosstool-NG 1.15.2) 4.6.3
Copyright (C) 2011 Free Software Foundation, Inc.
This is free software; see the source for copying conditions.  There is NO
warranty; not even for MERCHANTABILITY or FITNESS FOR A PARTICULAR PURPOSE.

configure:3457: $? = 0
configure:3446: i486-TSOL-linux-gnu-gcc -v >&5
Using built-in specs.
COLLECT_GCC=i486-TSOL-linux-gnu-gcc
COLLECT_LTO_WRAPPER=/toolchain/libexec/gcc/i486-TSOL-linux-gnu/4.6.3/lto-wrapper
Target: i486-TSOL-linux-gnu
Configured with: /TSOL/crosstool-ng-1.15.2/bin/.build/src/gcc-4.6.3/configure --build=i686-build_pc-linux-gnu --host=i686-build_pc-linux-gnu --target=i486-TSOL-linux-gnu --prefix=/toolchain --with-sysroot=/toolchain/i486-TSOL-linux-gnu/sysroot --enable-languages=c,c++ --with-arch=i486 --with-pkgversion='crosstool-NG 1.15.2' --enable-__cxa_atexit --disable-libmudflap --disable-libgomp --disable-libssp --with-gmp=/TSOL/crosstool-ng-1.15.2/bin/.build/i486-TSOL-linux-gnu/buildtools --with-mpfr=/TSOL/crosstool-ng-1.15.2/bin/.build/i486-TSOL-linux-gnu/buildtools --with-mpc=/TSOL/crosstool-ng-1.15.2/bin/.build/i486-TSOL-linux-gnu/buildtools --with-ppl=/TSOL/crosstool-ng-1.15.2/bin/.build/i486-TSOL-linux-gnu/buildtools --with-cloog=/TSOL/crosstool-ng-1.15.2/bin/.build/i486-TSOL-linux-gnu/buildtools --with-libelf=no --with-host-libstdcxx='-static-libgcc -Wl,-Bstatic,-lstdc++,-Bdynamic -lm -L/TSOL/crosstool-ng-1.15.2/bin/.build/i486-TSOL-linux-gnu/buildtools/lib -lpwl' --enable-threads=posix --enable-target-optspace --disable-multilib --with-local-prefix=/toolchain/i486-TSOL-linux-gnu/sysroot --enable-c99 --enable-long-long
Thread model: posix
gcc version 4.6.3 (crosstool-NG 1.15.2) 
configure:3457: $? = 0
configure:3446: i486-TSOL-linux-gnu-gcc -V >&5
i486-TSOL-linux-gnu-gcc: error: unrecognized option '-V'
i486-TSOL-linux-gnu-gcc: fatal error: no input files
compilation terminated.
configure:3457: $? = 1
configure:3446: i486-TSOL-linux-gnu-gcc -qversion >&5
i486-TSOL-linux-gnu-gcc: error: unrecognized option '-qversion'
i486-TSOL-linux-gnu-gcc: fatal error: no input files
compilation terminated.
configure:3457: $? = 1
configure:3477: checking whether the C compiler works
configure:3499: i486-TSOL-linux-gnu-gcc -Os  -static-libgcc conftest.c  >&5
configure:3503: $? = 0
configure:3551: result: yes
configure:3554: checking for C compiler default output file name
configure:3556: result: a.out
configure:3562: checking for suffix of executables
configure:3569: i486-TSOL-linux-gnu-gcc -o conftest -Os  -static-libgcc conftest.c  >&5
configure:3573: $? = 0
configure:3595: result: 
configure:3617: checking whether we are cross compiling
configure:3625: i486-TSOL-linux-gnu-gcc -o conftest -Os  -static-libgcc conftest.c  >&5
configure:3629: $? = 0
configure:3636: ./conftest
configure:3640: $? = 0
configure:3655: result: no
configure:3660: checking for suffix of object files
configure:3682: i486-TSOL-linux-gnu-gcc -c -Os  conftest.c >&5
configure:3686: $? = 0
configure:3707: result: o
configure:3711: checking whether we are using the GNU C compiler
configure:3730: i486-TSOL-linux-gnu-gcc -c -Os  conftest.c >&5
configure:3730: $? = 0
configure:3739: result: yes
configure:3748: checking whether i486-TSOL-linux-gnu-gcc accepts -g
configure:3768: i486-TSOL-linux-gnu-gcc -c -g  conftest.c >&5
configure:3768: $? = 0
configure:3809: result: yes
configure:3826: checking for i486-TSOL-linux-gnu-gcc option to accept ISO C89
configure:3889: i486-TSOL-linux-gnu-gcc  -c -Os  conftest.c >&5
configure:3889: $? = 0
configure:3902: result: none needed
configure:3927: checking whether i486-TSOL-linux-gnu-gcc understands -c and -o together
configure:3949: i486-TSOL-linux-gnu-gcc -c conftest.c -o conftest2.o
configure:3952: $? = 0
configure:3949: i486-TSOL-linux-gnu-gcc -c conftest.c -o conftest2.o
configure:3952: $? = 0
configure:3964: result: yes
configure:3983: checking dependency style of i486-TSOL-linux-gnu-gcc
configure:4094: result: gcc3
configure:4117: checking for special C compiler options needed for large files
configure:4162: result: no
configure:4168: checking for _FILE_OFFSET_BITS value needed for large files
configure:4193: i486-TSOL-linux-gnu-gcc -c -Os  conftest.c >&5
conftest.c:17:3: warning: left shift count >= width of type [enabled by default]
conftest.c:17:3: warning: left shift count >= width of type [enabled by default]
conftest.c:18:10: warning: left shift count >= width of type [enabled by default]
conftest.c:18:10: warning: left shift count >= width of type [enabled by default]
conftest.c:17:7: error: size of array 'off_t_is_large' is negative
conftest.c:19:9: warning: variably modified 'off_t_is_large' at file scope [enabled by default]
configure:4193: $? = 1
configure: failed program was:
| /* confdefs.h */
| #define PACKAGE_NAME "xf86-video-qxl"
| #define PACKAGE_TARNAME "xf86-video-qxl"
| #define PACKAGE_VERSION "0.1.3"
| #define PACKAGE_STRING "xf86-video-qxl 0.1.3"
| #define PACKAGE_BUGREPORT "https://bugs.freedesktop.org/enter_bug.cgi?product=xorg"
| #define PACKAGE_URL ""
| #define PACKAGE "xf86-video-qxl"
| #define VERSION "0.1.3"
| /* end confdefs.h.  */
| #include <sys/types.h>
|  /* Check that off_t can represent 2**63 - 1 correctly.
|     We can't simply define LARGE_OFF_T to be 9223372036854775807,
|     since some C++ compilers masquerading as C compilers
|     incorrectly reject 9223372036854775807.  */
| #define LARGE_OFF_T (((off_t) 1 << 62) - 1 + ((off_t) 1 << 62))
|   int off_t_is_large[(LARGE_OFF_T % 2147483629 == 721
| 		       && LARGE_OFF_T % 2147483647 == 1)
| 		      ? 1 : -1];
| int
| main ()
| {
| 
|   ;
|   return 0;
| }
configure:4217: i486-TSOL-linux-gnu-gcc -c -Os  conftest.c >&5
configure:4217: $? = 0
configure:4225: result: 64
configure:4323: checking for i486-TSOL-linux-gnu-gcc option to accept ISO C99
configure:4472: i486-TSOL-linux-gnu-gcc  -c -Os  conftest.c >&5
conftest.c:62:29: error: expected ';', ',' or ')' before 'text'
conftest.c: In function 'main':
conftest.c:116:18: error: expected '=', ',', ';', 'asm' or '__attribute__' before 'newvar'
conftest.c:116:18: error: 'newvar' undeclared (first use in this function)
conftest.c:116:18: note: each undeclared identifier is reported only once for each function it appears in
conftest.c:126:3: error: 'for' loop initial declarations are only allowed in C99 mode
conftest.c:126:3: note: use option -std=c99 or -std=gnu99 to compile your code
configure:4472: $? = 1
configure: failed program was:
| /* confdefs.h */
| #define PACKAGE_NAME "xf86-video-qxl"
| #define PACKAGE_TARNAME "xf86-video-qxl"
| #define PACKAGE_VERSION "0.1.3"
| #define PACKAGE_STRING "xf86-video-qxl 0.1.3"
| #define PACKAGE_BUGREPORT "https://bugs.freedesktop.org/enter_bug.cgi?product=xorg"
| #define PACKAGE_URL ""
| #define PACKAGE "xf86-video-qxl"
| #define VERSION "0.1.3"
| #define _FILE_OFFSET_BITS 64
| /* end confdefs.h.  */
| #include <stdarg.h>
| #include <stdbool.h>
| #include <stdlib.h>
| #include <wchar.h>
| #include <stdio.h>
| 
| // Check varargs macros.  These examples are taken from C99 6.10.3.5.
| #define debug(...) fprintf (stderr, __VA_ARGS__)
| #define showlist(...) puts (#__VA_ARGS__)
| #define report(test,...) ((test) ? puts (#test) : printf (__VA_ARGS__))
| static void
| test_varargs_macros (void)
| {
|   int x = 1234;
|   int y = 5678;
|   debug ("Flag");
|   debug ("X = %d\n", x);
|   showlist (The first, second, and third items.);
|   report (x>y, "x is %d but y is %d", x, y);
| }
| 
| // Check long long types.
| #define BIG64 18446744073709551615ull
| #define BIG32 4294967295ul
| #define BIG_OK (BIG64 / BIG32 == 4294967297ull && BIG64 % BIG32 == 0)
| #if !BIG_OK
|   your preprocessor is broken;
| #endif
| #if BIG_OK
| #else
|   your preprocessor is broken;
| #endif
| static long long int bignum = -9223372036854775807LL;
| static unsigned long long int ubignum = BIG64;
| 
| struct incomplete_array
| {
|   int datasize;
|   double data[];
| };
| 
| struct named_init {
|   int number;
|   const wchar_t *name;
|   double average;
| };
| 
| typedef const char *ccp;
| 
| static inline int
| test_restrict (ccp restrict text)
| {
|   // See if C++-style comments work.
|   // Iterate through items via the restricted pointer.
|   // Also check for declarations in for loops.
|   for (unsigned int i = 0; *(text+i) != '\0'; ++i)
|     continue;
|   return 0;
| }
| 
| // Check varargs and va_copy.
| static void
| test_varargs (const char *format, ...)
| {
|   va_list args;
|   va_start (args, format);
|   va_list args_copy;
|   va_copy (args_copy, args);
| 
|   const char *str;
|   int number;
|   float fnumber;
| 
|   while (*format)
|     {
|       switch (*format++)
| 	{
| 	case 's': // string
| 	  str = va_arg (args_copy, const char *);
| 	  break;
| 	case 'd': // int
| 	  number = va_arg (args_copy, int);
| 	  break;
| 	case 'f': // float
| 	  fnumber = va_arg (args_copy, double);
| 	  break;
| 	default:
| 	  break;
| 	}
|     }
|   va_end (args_copy);
|   va_end (args);
| }
| 
| int
| main ()
| {
| 
|   // Check bool.
|   _Bool success = false;
| 
|   // Check restrict.
|   if (test_restrict ("String literal") == 0)
|     success = true;
|   char *restrict newvar = "Another string";
| 
|   // Check varargs.
|   test_varargs ("s, d' f .", "string", 65, 34.234);
|   test_varargs_macros ();
| 
|   // Check flexible array members.
|   struct incomplete_array *ia =
|     malloc (sizeof (struct incomplete_array) + (sizeof (double) * 10));
|   ia->datasize = 10;
|   for (int i = 0; i < ia->datasize; ++i)
|     ia->data[i] = i * 1.234;
| 
|   // Check named initializers.
|   struct named_init ni = {
|     .number = 34,
|     .name = L"Test wide string",
|     .average = 543.34343,
|   };
| 
|   ni.number = 58;
| 
|   int dynamic_array[ni.number];
|   dynamic_array[ni.number - 1] = 543;
| 
|   // work around unused variable warnings
|   return (!success || bignum == 0LL || ubignum == 0uLL || newvar[0] == 'x'
| 	  || dynamic_array[ni.number - 1] != 543);
| 
|   ;
|   return 0;
| }
configure:4472: i486-TSOL-linux-gnu-gcc -std=gnu99 -c -Os  conftest.c >&5
configure:4472: $? = 0
configure:4492: result: -std=gnu99
configure:4505: checking how to run the C preprocessor
configure:4536: i486-TSOL-linux-gnu-gcc -std=gnu99 -E  conftest.c
configure:4536: $? = 0
configure:4550: i486-TSOL-linux-gnu-gcc -std=gnu99 -E  conftest.c
conftest.c:12:28: fatal error: ac_nonexistent.h: No such file or directory
compilation terminated.
configure:4550: $? = 1
configure: failed program was:
| /* confdefs.h */
| #define PACKAGE_NAME "xf86-video-qxl"
| #define PACKAGE_TARNAME "xf86-video-qxl"
| #define PACKAGE_VERSION "0.1.3"
| #define PACKAGE_STRING "xf86-video-qxl 0.1.3"
| #define PACKAGE_BUGREPORT "https://bugs.freedesktop.org/enter_bug.cgi?product=xorg"
| #define PACKAGE_URL ""
| #define PACKAGE "xf86-video-qxl"
| #define VERSION "0.1.3"
| #define _FILE_OFFSET_BITS 64
| /* end confdefs.h.  */
| #include <ac_nonexistent.h>
configure:4575: result: i486-TSOL-linux-gnu-gcc -std=gnu99 -E
configure:4595: i486-TSOL-linux-gnu-gcc -std=gnu99 -E  conftest.c
configure:4595: $? = 0
configure:4609: i486-TSOL-linux-gnu-gcc -std=gnu99 -E  conftest.c
conftest.c:12:28: fatal error: ac_nonexistent.h: No such file or directory
compilation terminated.
configure:4609: $? = 1
configure: failed program was:
| /* confdefs.h */
| #define PACKAGE_NAME "xf86-video-qxl"
| #define PACKAGE_TARNAME "xf86-video-qxl"
| #define PACKAGE_VERSION "0.1.3"
| #define PACKAGE_STRING "xf86-video-qxl 0.1.3"
| #define PACKAGE_BUGREPORT "https://bugs.freedesktop.org/enter_bug.cgi?product=xorg"
| #define PACKAGE_URL ""
| #define PACKAGE "xf86-video-qxl"
| #define VERSION "0.1.3"
| #define _FILE_OFFSET_BITS 64
| /* end confdefs.h.  */
| #include <ac_nonexistent.h>
configure:4638: checking for grep that handles long lines and -e
configure:4696: result: /usr/bin/grep
configure:4701: checking for egrep
configure:4763: result: /usr/bin/grep -E
configure:4768: checking for ANSI C header files
configure:4788: i486-TSOL-linux-gnu-gcc -std=gnu99 -c -Os  conftest.c >&5
configure:4788: $? = 0
configure:4861: i486-TSOL-linux-gnu-gcc -std=gnu99 -o conftest -Os  -static-libgcc conftest.c  >&5
configure:4861: $? = 0
configure:4861: ./conftest
configure:4861: $? = 0
configure:4872: result: yes
configure:4885: checking for sys/types.h
configure:4885: i486-TSOL-linux-gnu-gcc -std=gnu99 -c -Os  conftest.c >&5
configure:4885: $? = 0
configure:4885: result: yes
configure:4885: checking for sys/stat.h
configure:4885: i486-TSOL-linux-gnu-gcc -std=gnu99 -c -Os  conftest.c >&5
configure:4885: $? = 0
configure:4885: result: yes
configure:4885: checking for stdlib.h
configure:4885: i486-TSOL-linux-gnu-gcc -std=gnu99 -c -Os  conftest.c >&5
configure:4885: $? = 0
configure:4885: result: yes
configure:4885: checking for string.h
configure:4885: i486-TSOL-linux-gnu-gcc -std=gnu99 -c -Os  conftest.c >&5
configure:4885: $? = 0
configure:4885: result: yes
configure:4885: checking for memory.h
configure:4885: i486-TSOL-linux-gnu-gcc -std=gnu99 -c -Os  conftest.c >&5
configure:4885: $? = 0
configure:4885: result: yes
configure:4885: checking for strings.h
configure:4885: i486-TSOL-linux-gnu-gcc -std=gnu99 -c -Os  conftest.c >&5
configure:4885: $? = 0
configure:4885: result: yes
configure:4885: checking for inttypes.h
configure:4885: i486-TSOL-linux-gnu-gcc -std=gnu99 -c -Os  conftest.c >&5
configure:4885: $? = 0
configure:4885: result: yes
configure:4885: checking for stdint.h
configure:4885: i486-TSOL-linux-gnu-gcc -std=gnu99 -c -Os  conftest.c >&5
configure:4885: $? = 0
configure:4885: result: yes
configure:4885: checking for unistd.h
configure:4885: i486-TSOL-linux-gnu-gcc -std=gnu99 -c -Os  conftest.c >&5
configure:4885: $? = 0
configure:4885: result: yes
configure:4901: checking whether __clang__ is declared
configure:4901: i486-TSOL-linux-gnu-gcc -std=gnu99 -c -Os  conftest.c >&5
conftest.c: In function 'main':
conftest.c:62:10: error: '__clang__' undeclared (first use in this function)
conftest.c:62:10: note: each undeclared identifier is reported only once for each function it appears in
configure:4901: $? = 1
configure: failed program was:
| /* confdefs.h */
| #define PACKAGE_NAME "xf86-video-qxl"
| #define PACKAGE_TARNAME "xf86-video-qxl"
| #define PACKAGE_VERSION "0.1.3"
| #define PACKAGE_STRING "xf86-video-qxl 0.1.3"
| #define PACKAGE_BUGREPORT "https://bugs.freedesktop.org/enter_bug.cgi?product=xorg"
| #define PACKAGE_URL ""
| #define PACKAGE "xf86-video-qxl"
| #define VERSION "0.1.3"
| #define _FILE_OFFSET_BITS 64
| #define STDC_HEADERS 1
| #define HAVE_SYS_TYPES_H 1
| #define HAVE_SYS_STAT_H 1
| #define HAVE_STDLIB_H 1
| #define HAVE_STRING_H 1
| #define HAVE_MEMORY_H 1
| #define HAVE_STRINGS_H 1
| #define HAVE_INTTYPES_H 1
| #define HAVE_STDINT_H 1
| #define HAVE_UNISTD_H 1
| /* end confdefs.h.  */
| #include <stdio.h>
| #ifdef HAVE_SYS_TYPES_H
| # include <sys/types.h>
| #endif
| #ifdef HAVE_SYS_STAT_H
| # include <sys/stat.h>
| #endif
| #ifdef STDC_HEADERS
| # include <stdlib.h>
| # include <stddef.h>
| #else
| # ifdef HAVE_STDLIB_H
| #  include <stdlib.h>
| # endif
| #endif
| #ifdef HAVE_STRING_H
| # if !defined STDC_HEADERS && defined HAVE_MEMORY_H
| #  include <memory.h>
| # endif
| # include <string.h>
| #endif
| #ifdef HAVE_STRINGS_H
| # include <strings.h>
| #endif
| #ifdef HAVE_INTTYPES_H
| # include <inttypes.h>
| #endif
| #ifdef HAVE_STDINT_H
| # include <stdint.h>
| #endif
| #ifdef HAVE_UNISTD_H
| # include <unistd.h>
| #endif
| int
| main ()
| {
| #ifndef __clang__
| #ifdef __cplusplus
|   (void) __clang__;
| #else
|   (void) __clang__;
| #endif
| #endif
| 
|   ;
|   return 0;
| }
configure:4901: result: no
configure:4908: checking whether __INTEL_COMPILER is declared
configure:4908: i486-TSOL-linux-gnu-gcc -std=gnu99 -c -Os  conftest.c >&5
conftest.c: In function 'main':
conftest.c:62:10: error: '__INTEL_COMPILER' undeclared (first use in this function)
conftest.c:62:10: note: each undeclared identifier is reported only once for each function it appears in
configure:4908: $? = 1
configure: failed program was:
| /* confdefs.h */
| #define PACKAGE_NAME "xf86-video-qxl"
| #define PACKAGE_TARNAME "xf86-video-qxl"
| #define PACKAGE_VERSION "0.1.3"
| #define PACKAGE_STRING "xf86-video-qxl 0.1.3"
| #define PACKAGE_BUGREPORT "https://bugs.freedesktop.org/enter_bug.cgi?product=xorg"
| #define PACKAGE_URL ""
| #define PACKAGE "xf86-video-qxl"
| #define VERSION "0.1.3"
| #define _FILE_OFFSET_BITS 64
| #define STDC_HEADERS 1
| #define HAVE_SYS_TYPES_H 1
| #define HAVE_SYS_STAT_H 1
| #define HAVE_STDLIB_H 1
| #define HAVE_STRING_H 1
| #define HAVE_MEMORY_H 1
| #define HAVE_STRINGS_H 1
| #define HAVE_INTTYPES_H 1
| #define HAVE_STDINT_H 1
| #define HAVE_UNISTD_H 1
| /* end confdefs.h.  */
| #include <stdio.h>
| #ifdef HAVE_SYS_TYPES_H
| # include <sys/types.h>
| #endif
| #ifdef HAVE_SYS_STAT_H
| # include <sys/stat.h>
| #endif
| #ifdef STDC_HEADERS
| # include <stdlib.h>
| # include <stddef.h>
| #else
| # ifdef HAVE_STDLIB_H
| #  include <stdlib.h>
| # endif
| #endif
| #ifdef HAVE_STRING_H
| # if !defined STDC_HEADERS && defined HAVE_MEMORY_H
| #  include <memory.h>
| # endif
| # include <string.h>
| #endif
| #ifdef HAVE_STRINGS_H
| # include <strings.h>
| #endif
| #ifdef HAVE_INTTYPES_H
| # include <inttypes.h>
| #endif
| #ifdef HAVE_STDINT_H
| # include <stdint.h>
| #endif
| #ifdef HAVE_UNISTD_H
| # include <unistd.h>
| #endif
| int
| main ()
| {
| #ifndef __INTEL_COMPILER
| #ifdef __cplusplus
|   (void) __INTEL_COMPILER;
| #else
|   (void) __INTEL_COMPILER;
| #endif
| #endif
| 
|   ;
|   return 0;
| }
configure:4908: result: no
configure:4915: checking whether __SUNPRO_C is declared
configure:4915: i486-TSOL-linux-gnu-gcc -std=gnu99 -c -Os  conftest.c >&5
conftest.c: In function 'main':
conftest.c:62:10: error: '__SUNPRO_C' undeclared (first use in this function)
conftest.c:62:10: note: each undeclared identifier is reported only once for each function it appears in
configure:4915: $? = 1
configure: failed program was:
| /* confdefs.h */
| #define PACKAGE_NAME "xf86-video-qxl"
| #define PACKAGE_TARNAME "xf86-video-qxl"
| #define PACKAGE_VERSION "0.1.3"
| #define PACKAGE_STRING "xf86-video-qxl 0.1.3"
| #define PACKAGE_BUGREPORT "https://bugs.freedesktop.org/enter_bug.cgi?product=xorg"
| #define PACKAGE_URL ""
| #define PACKAGE "xf86-video-qxl"
| #define VERSION "0.1.3"
| #define _FILE_OFFSET_BITS 64
| #define STDC_HEADERS 1
| #define HAVE_SYS_TYPES_H 1
| #define HAVE_SYS_STAT_H 1
| #define HAVE_STDLIB_H 1
| #define HAVE_STRING_H 1
| #define HAVE_MEMORY_H 1
| #define HAVE_STRINGS_H 1
| #define HAVE_INTTYPES_H 1
| #define HAVE_STDINT_H 1
| #define HAVE_UNISTD_H 1
| /* end confdefs.h.  */
| #include <stdio.h>
| #ifdef HAVE_SYS_TYPES_H
| # include <sys/types.h>
| #endif
| #ifdef HAVE_SYS_STAT_H
| # include <sys/stat.h>
| #endif
| #ifdef STDC_HEADERS
| # include <stdlib.h>
| # include <stddef.h>
| #else
| # ifdef HAVE_STDLIB_H
| #  include <stdlib.h>
| # endif
| #endif
| #ifdef HAVE_STRING_H
| # if !defined STDC_HEADERS && defined HAVE_MEMORY_H
| #  include <memory.h>
| # endif
| # include <string.h>
| #endif
| #ifdef HAVE_STRINGS_H
| # include <strings.h>
| #endif
| #ifdef HAVE_INTTYPES_H
| # include <inttypes.h>
| #endif
| #ifdef HAVE_STDINT_H
| # include <stdint.h>
| #endif
| #ifdef HAVE_UNISTD_H
| # include <unistd.h>
| #endif
| int
| main ()
| {
| #ifndef __SUNPRO_C
| #ifdef __cplusplus
|   (void) __SUNPRO_C;
| #else
|   (void) __SUNPRO_C;
| #endif
| #endif
| 
|   ;
|   return 0;
| }
configure:4915: result: no
configure:4977: checking for pkg-config
configure:4995: found /usr/bin/pkg-config
configure:5007: result: /usr/bin/pkg-config
configure:5032: checking pkg-config is at least version 0.9.0
configure:5035: result: yes
configure:5043: checking for a sed that does not truncate output
configure:5107: result: /usr/bin/sed
configure:5153: checking if i486-TSOL-linux-gnu-gcc -std=gnu99 supports -Werror=unknown-warning-option
configure:5162: i486-TSOL-linux-gnu-gcc -std=gnu99 -c -Os -Werror=unknown-warning-option  conftest.c >&5
cc1: error: -Werror=unknown-warning-option: no option -Wunknown-warning-option
configure:5162: $? = 1
configure: failed program was:
| /* confdefs.h */
| #define PACKAGE_NAME "xf86-video-qxl"
| #define PACKAGE_TARNAME "xf86-video-qxl"
| #define PACKAGE_VERSION "0.1.3"
| #define PACKAGE_STRING "xf86-video-qxl 0.1.3"
| #define PACKAGE_BUGREPORT "https://bugs.freedesktop.org/enter_bug.cgi?product=xorg"
| #define PACKAGE_URL ""
| #define PACKAGE "xf86-video-qxl"
| #define VERSION "0.1.3"
| #define _FILE_OFFSET_BITS 64
| #define STDC_HEADERS 1
| #define HAVE_SYS_TYPES_H 1
| #define HAVE_SYS_STAT_H 1
| #define HAVE_STDLIB_H 1
| #define HAVE_STRING_H 1
| #define HAVE_MEMORY_H 1
| #define HAVE_STRINGS_H 1
| #define HAVE_INTTYPES_H 1
| #define HAVE_STDINT_H 1
| #define HAVE_UNISTD_H 1
| /* end confdefs.h.  */
| int i;
configure:5169: result: no
configure:5180: checking if i486-TSOL-linux-gnu-gcc -std=gnu99 supports -Werror=unused-command-line-argument
configure:5189: i486-TSOL-linux-gnu-gcc -std=gnu99 -c -Os -Werror=unused-command-line-argument  conftest.c >&5
cc1: error: -Werror=unused-command-line-argument: no option -Wunused-command-line-argument
configure:5189: $? = 1
configure: failed program was:
| /* confdefs.h */
| #define PACKAGE_NAME "xf86-video-qxl"
| #define PACKAGE_TARNAME "xf86-video-qxl"
| #define PACKAGE_VERSION "0.1.3"
| #define PACKAGE_STRING "xf86-video-qxl 0.1.3"
| #define PACKAGE_BUGREPORT "https://bugs.freedesktop.org/enter_bug.cgi?product=xorg"
| #define PACKAGE_URL ""
| #define PACKAGE "xf86-video-qxl"
| #define VERSION "0.1.3"
| #define _FILE_OFFSET_BITS 64
| #define STDC_HEADERS 1
| #define HAVE_SYS_TYPES_H 1
| #define HAVE_SYS_STAT_H 1
| #define HAVE_STDLIB_H 1
| #define HAVE_STRING_H 1
| #define HAVE_MEMORY_H 1
| #define HAVE_STRINGS_H 1
| #define HAVE_INTTYPES_H 1
| #define HAVE_STDINT_H 1
| #define HAVE_UNISTD_H 1
| /* end confdefs.h.  */
| int i;
configure:5196: result: no
configure:5215: checking if i486-TSOL-linux-gnu-gcc -std=gnu99 supports -Wall
configure:5232: i486-TSOL-linux-gnu-gcc -std=gnu99 -o conftest -Os -Wall  -static-libgcc conftest.c  >&5
configure:5232: $? = 0
configure:5245: result: yes
configure:5333: checking if i486-TSOL-linux-gnu-gcc -std=gnu99 supports -Wpointer-arith
configure:5350: i486-TSOL-linux-gnu-gcc -std=gnu99 -o conftest -Os -Wpointer-arith  -static-libgcc conftest.c  >&5
configure:5350: $? = 0
configure:5363: result: yes
configure:5451: checking if i486-TSOL-linux-gnu-gcc -std=gnu99 supports -Wmissing-declarations
configure:5468: i486-TSOL-linux-gnu-gcc -std=gnu99 -o conftest -Os -Wmissing-declarations  -static-libgcc conftest.c  >&5
configure:5468: $? = 0
configure:5481: result: yes
configure:5569: checking if i486-TSOL-linux-gnu-gcc -std=gnu99 supports -Wformat=2
configure:5586: i486-TSOL-linux-gnu-gcc -std=gnu99 -o conftest -Os -Wformat=2  -static-libgcc conftest.c  >&5
configure:5586: $? = 0
configure:5599: result: yes
configure:5738: checking if i486-TSOL-linux-gnu-gcc -std=gnu99 supports -Wstrict-prototypes
configure:5755: i486-TSOL-linux-gnu-gcc -std=gnu99 -o conftest -Os -Wstrict-prototypes  -static-libgcc conftest.c  >&5
conftest.c:24:1: warning: function declaration isn't a prototype [-Wstrict-prototypes]
configure:5755: $? = 0
configure:5768: result: yes
configure:5856: checking if i486-TSOL-linux-gnu-gcc -std=gnu99 supports -Wmissing-prototypes
configure:5873: i486-TSOL-linux-gnu-gcc -std=gnu99 -o conftest -Os -Wmissing-prototypes  -static-libgcc conftest.c  >&5
configure:5873: $? = 0
configure:5886: result: yes
configure:5974: checking if i486-TSOL-linux-gnu-gcc -std=gnu99 supports -Wnested-externs
configure:5991: i486-TSOL-linux-gnu-gcc -std=gnu99 -o conftest -Os -Wnested-externs  -static-libgcc conftest.c  >&5
configure:5991: $? = 0
configure:6004: result: yes
configure:6092: checking if i486-TSOL-linux-gnu-gcc -std=gnu99 supports -Wbad-function-cast
configure:6109: i486-TSOL-linux-gnu-gcc -std=gnu99 -o conftest -Os -Wbad-function-cast  -static-libgcc conftest.c  >&5
configure:6109: $? = 0
configure:6122: result: yes
configure:6210: checking if i486-TSOL-linux-gnu-gcc -std=gnu99 supports -Wold-style-definition
configure:6227: i486-TSOL-linux-gnu-gcc -std=gnu99 -o conftest -Os -Wold-style-definition  -static-libgcc conftest.c  >&5
conftest.c: In function 'main':
conftest.c:24:1: warning: old-style function definition [-Wold-style-definition]
configure:6227: $? = 0
configure:6240: result: yes
configure:6377: checking if i486-TSOL-linux-gnu-gcc -std=gnu99 supports -Wdeclaration-after-statement
configure:6394: i486-TSOL-linux-gnu-gcc -std=gnu99 -o conftest -Os -Wdeclaration-after-statement  -static-libgcc conftest.c  >&5
configure:6394: $? = 0
configure:6407: result: yes
configure:6499: checking if i486-TSOL-linux-gnu-gcc -std=gnu99 supports -Wunused
configure:6516: i486-TSOL-linux-gnu-gcc -std=gnu99 -o conftest -Os -Wunused  -static-libgcc conftest.c  >&5
configure:6516: $? = 0
configure:6529: result: yes
configure:6617: checking if i486-TSOL-linux-gnu-gcc -std=gnu99 supports -Wuninitialized
configure:6634: i486-TSOL-linux-gnu-gcc -std=gnu99 -o conftest -Os -Wuninitialized  -static-libgcc conftest.c  >&5
configure:6634: $? = 0
configure:6647: result: yes
configure:6735: checking if i486-TSOL-linux-gnu-gcc -std=gnu99 supports -Wshadow
configure:6752: i486-TSOL-linux-gnu-gcc -std=gnu99 -o conftest -Os -Wshadow  -static-libgcc conftest.c  >&5
configure:6752: $? = 0
configure:6765: result: yes
configure:6853: checking if i486-TSOL-linux-gnu-gcc -std=gnu99 supports -Wmissing-noreturn
configure:6870: i486-TSOL-linux-gnu-gcc -std=gnu99 -o conftest -Os -Wmissing-noreturn  -static-libgcc conftest.c  >&5
configure:6870: $? = 0
configure:6883: result: yes
configure:6971: checking if i486-TSOL-linux-gnu-gcc -std=gnu99 supports -Wmissing-format-attribute
configure:6988: i486-TSOL-linux-gnu-gcc -std=gnu99 -o conftest -Os -Wmissing-format-attribute  -static-libgcc conftest.c  >&5
configure:6988: $? = 0
configure:7001: result: yes
configure:7089: checking if i486-TSOL-linux-gnu-gcc -std=gnu99 supports -Wredundant-decls
configure:7106: i486-TSOL-linux-gnu-gcc -std=gnu99 -o conftest -Os -Wredundant-decls  -static-libgcc conftest.c  >&5
configure:7106: $? = 0
configure:7119: result: yes
configure:7207: checking if i486-TSOL-linux-gnu-gcc -std=gnu99 supports -Wlogical-op
configure:7224: i486-TSOL-linux-gnu-gcc -std=gnu99 -o conftest -Os -Wlogical-op  -static-libgcc conftest.c  >&5
configure:7224: $? = 0
configure:7237: result: yes
configure:7337: checking if i486-TSOL-linux-gnu-gcc -std=gnu99 supports -Werror=implicit
configure:7354: i486-TSOL-linux-gnu-gcc -std=gnu99 -o conftest -Os -Werror=implicit  -static-libgcc conftest.c  >&5
configure:7354: $? = 0
configure:7367: result: yes
configure:7504: checking if i486-TSOL-linux-gnu-gcc -std=gnu99 supports -Werror=nonnull
configure:7521: i486-TSOL-linux-gnu-gcc -std=gnu99 -o conftest -Os -Werror=nonnull  -static-libgcc conftest.c  >&5
configure:7521: $? = 0
configure:7534: result: yes
configure:7622: checking if i486-TSOL-linux-gnu-gcc -std=gnu99 supports -Werror=init-self
configure:7639: i486-TSOL-linux-gnu-gcc -std=gnu99 -o conftest -Os -Werror=init-self  -static-libgcc conftest.c  >&5
configure:7639: $? = 0
configure:7652: result: yes
configure:7740: checking if i486-TSOL-linux-gnu-gcc -std=gnu99 supports -Werror=main
configure:7757: i486-TSOL-linux-gnu-gcc -std=gnu99 -o conftest -Os -Werror=main  -static-libgcc conftest.c  >&5
configure:7757: $? = 0
configure:7770: result: yes
configure:7858: checking if i486-TSOL-linux-gnu-gcc -std=gnu99 supports -Werror=missing-braces
configure:7875: i486-TSOL-linux-gnu-gcc -std=gnu99 -o conftest -Os -Werror=missing-braces  -static-libgcc conftest.c  >&5
configure:7875: $? = 0
configure:7888: result: yes
configure:7976: checking if i486-TSOL-linux-gnu-gcc -std=gnu99 supports -Werror=sequence-point
configure:7993: i486-TSOL-linux-gnu-gcc -std=gnu99 -o conftest -Os -Werror=sequence-point  -static-libgcc conftest.c  >&5
configure:7993: $? = 0
configure:8006: result: yes
configure:8094: checking if i486-TSOL-linux-gnu-gcc -std=gnu99 supports -Werror=return-type
configure:8111: i486-TSOL-linux-gnu-gcc -std=gnu99 -o conftest -Os -Werror=return-type  -static-libgcc conftest.c  >&5
configure:8111: $? = 0
configure:8124: result: yes
configure:8261: checking if i486-TSOL-linux-gnu-gcc -std=gnu99 supports -Werror=trigraphs
configure:8278: i486-TSOL-linux-gnu-gcc -std=gnu99 -o conftest -Os -Werror=trigraphs  -static-libgcc conftest.c  >&5
configure:8278: $? = 0
configure:8291: result: yes
configure:8379: checking if i486-TSOL-linux-gnu-gcc -std=gnu99 supports -Werror=array-bounds
configure:8396: i486-TSOL-linux-gnu-gcc -std=gnu99 -o conftest -Os -Werror=array-bounds  -static-libgcc conftest.c  >&5
configure:8396: $? = 0
configure:8409: result: yes
configure:8497: checking if i486-TSOL-linux-gnu-gcc -std=gnu99 supports -Werror=write-strings
configure:8514: i486-TSOL-linux-gnu-gcc -std=gnu99 -o conftest -Os -Werror=write-strings  -static-libgcc conftest.c  >&5
configure:8514: $? = 0
configure:8527: result: yes
configure:8615: checking if i486-TSOL-linux-gnu-gcc -std=gnu99 supports -Werror=address
configure:8632: i486-TSOL-linux-gnu-gcc -std=gnu99 -o conftest -Os -Werror=address  -static-libgcc conftest.c  >&5
configure:8632: $? = 0
configure:8645: result: yes
configure:8733: checking if i486-TSOL-linux-gnu-gcc -std=gnu99 supports -Werror=int-to-pointer-cast
configure:8750: i486-TSOL-linux-gnu-gcc -std=gnu99 -o conftest -Os -Werror=int-to-pointer-cast  -static-libgcc conftest.c  >&5
configure:8750: $? = 0
configure:8763: result: yes
configure:8900: checking if i486-TSOL-linux-gnu-gcc -std=gnu99 supports -Werror=pointer-to-int-cast
configure:8917: i486-TSOL-linux-gnu-gcc -std=gnu99 -o conftest -Os -Werror=pointer-to-int-cast  -static-libgcc conftest.c  >&5
configure:8917: $? = 0
configure:8930: result: yes
configure:10588: checking if i486-TSOL-linux-gnu-gcc -std=gnu99 supports -pedantic
configure:10605: i486-TSOL-linux-gnu-gcc -std=gnu99 -o conftest -Os -pedantic  -static-libgcc conftest.c  >&5
configure:10605: $? = 0
configure:10618: result: yes
configure:10706: checking if i486-TSOL-linux-gnu-gcc -std=gnu99 supports -Werror
configure:10723: i486-TSOL-linux-gnu-gcc -std=gnu99 -o conftest -Os -Werror  -static-libgcc conftest.c  >&5
configure:10723: $? = 0
configure:10736: result: yes
configure:10876: checking if i486-TSOL-linux-gnu-gcc -std=gnu99 supports -Werror=attributes
configure:10893: i486-TSOL-linux-gnu-gcc -std=gnu99 -o conftest -Os -Werror=attributes  -static-libgcc conftest.c  >&5
configure:10893: $? = 0
configure:10906: result: yes
configure:11066: checking whether make supports nested variables
configure:11083: result: yes
configure:11175: checking how to print strings
configure:11202: result: printf
configure:11223: checking for a sed that does not truncate output
configure:11287: result: /usr/bin/sed
configure:11305: checking for fgrep
configure:11367: result: /usr/bin/grep -F
configure:11402: checking for ld used by i486-TSOL-linux-gnu-gcc -std=gnu99
configure:11469: result: i486-TSOL-linux-gnu-ld
configure:11476: checking if the linker (i486-TSOL-linux-gnu-ld) is GNU ld
configure:11491: result: yes
configure:11503: checking for BSD- or MS-compatible name lister (nm)
configure:11552: result: /toolchain/i486-TSOL-linux-gnu/bin//nm -B
configure:11682: checking the name lister (/toolchain/i486-TSOL-linux-gnu/bin//nm -B) interface
configure:11689: i486-TSOL-linux-gnu-gcc -std=gnu99 -c -Os  conftest.c >&5
configure:11692: /toolchain/i486-TSOL-linux-gnu/bin//nm -B "conftest.o"
configure:11695: output
00000000 B some_variable
configure:11702: result: BSD nm
configure:11705: checking whether ln -s works
configure:11709: result: yes
configure:11717: checking the maximum length of command line arguments
configure:11847: result: 1572864
configure:11864: checking whether the shell understands some XSI constructs
configure:11874: result: yes
configure:11878: checking whether the shell understands "+="
configure:11884: result: yes
configure:11919: checking how to convert i686-pc-linux-gnu file names to i686-pc-linux-gnu format
configure:11959: result: func_convert_file_noop
configure:11966: checking how to convert i686-pc-linux-gnu file names to toolchain format
configure:11986: result: func_convert_file_noop
configure:11993: checking for i486-TSOL-linux-gnu-ld option to reload object files
configure:12000: result: -r
configure:12074: checking for objdump
configure:12090: found /toolchain/i486-TSOL-linux-gnu/bin//objdump
configure:12101: result: objdump
configure:12133: checking how to recognize dependent libraries
configure:12335: result: pass_all
configure:12420: checking for dlltool
configure:12450: result: no
configure:12480: checking how to associate runtime and link libraries
configure:12507: result: printf %s\n
configure:12567: checking for ar
configure:12583: found /toolchain/i486-TSOL-linux-gnu/bin//ar
configure:12594: result: ar
configure:12631: checking for archiver @FILE support
configure:12648: i486-TSOL-linux-gnu-gcc -std=gnu99 -c -Os  conftest.c >&5
configure:12648: $? = 0
configure:12651: ar cru libconftest.a @conftest.lst >&5
configure:12654: $? = 0
configure:12659: ar cru libconftest.a @conftest.lst >&5
ar: conftest.o: No such file or directory
configure:12662: $? = 1
configure:12674: result: @
configure:12732: checking for strip
configure:12748: found /toolchain/i486-TSOL-linux-gnu/bin//strip
configure:12759: result: strip
configure:12831: checking for ranlib
configure:12847: found /toolchain/i486-TSOL-linux-gnu/bin//ranlib
configure:12858: result: ranlib
configure:12960: checking command to parse /toolchain/i486-TSOL-linux-gnu/bin//nm -B output from i486-TSOL-linux-gnu-gcc -std=gnu99 object
configure:13080: i486-TSOL-linux-gnu-gcc -std=gnu99 -c -Os  conftest.c >&5
configure:13083: $? = 0
configure:13087: /toolchain/i486-TSOL-linux-gnu/bin//nm -B conftest.o \| sed -n -e 's/^.*[ ]\([ABCDGIRSTW][ABCDGIRSTW]*\)[ ][ ]*\([_A-Za-z][_A-Za-z0-9]*\)$/\1 \2 \2/p' | sed '/ __gnu_lto/d' \> conftest.nm
configure:13090: $? = 0
configure:13156: i486-TSOL-linux-gnu-gcc -std=gnu99 -o conftest -Os  -static-libgcc conftest.c conftstm.o >&5
configure:13159: $? = 0
configure:13197: result: ok
configure:13234: checking for sysroot
configure:13264: result: no
configure:13526: checking for mt
configure:13556: result: no
configure:13576: checking if : is a manifest tool
configure:13582: : '-?'
configure:13590: result: no
configure:14229: checking for dlfcn.h
configure:14229: i486-TSOL-linux-gnu-gcc -std=gnu99 -c -Os  conftest.c >&5
configure:14229: $? = 0
configure:14229: result: yes
configure:14405: checking for objdir
configure:14420: result: .libs
configure:14687: checking if i486-TSOL-linux-gnu-gcc -std=gnu99 supports -fno-rtti -fno-exceptions
configure:14705: i486-TSOL-linux-gnu-gcc -std=gnu99 -c -Os  -fno-rtti -fno-exceptions conftest.c >&5
cc1: warning: command line option '-fno-rtti' is valid for C++/ObjC++ but not for C [enabled by default]
configure:14709: $? = 0
configure:14722: result: no
configure:15049: checking for i486-TSOL-linux-gnu-gcc -std=gnu99 option to produce PIC
configure:15056: result: -fPIC -DPIC
configure:15064: checking if i486-TSOL-linux-gnu-gcc -std=gnu99 PIC flag -fPIC -DPIC works
configure:15082: i486-TSOL-linux-gnu-gcc -std=gnu99 -c -Os  -fPIC -DPIC -DPIC conftest.c >&5
configure:15086: $? = 0
configure:15099: result: yes
configure:15128: checking if i486-TSOL-linux-gnu-gcc -std=gnu99 static flag -static works
configure:15156: result: yes
configure:15171: checking if i486-TSOL-linux-gnu-gcc -std=gnu99 supports -c -o file.o
configure:15192: i486-TSOL-linux-gnu-gcc -std=gnu99 -c -Os  -o out/conftest2.o conftest.c >&5
configure:15196: $? = 0
configure:15218: result: yes
configure:15226: checking if i486-TSOL-linux-gnu-gcc -std=gnu99 supports -c -o file.o
configure:15273: result: yes
configure:15306: checking whether the i486-TSOL-linux-gnu-gcc -std=gnu99 linker (i486-TSOL-linux-gnu-ld) supports shared libraries
configure:16459: result: yes
configure:16496: checking whether -lc should be explicitly linked in
configure:16504: i486-TSOL-linux-gnu-gcc -std=gnu99 -c -Os  conftest.c >&5
configure:16507: $? = 0
configure:16522: i486-TSOL-linux-gnu-gcc -std=gnu99 -shared  -fPIC -DPIC conftest.o  -v -Wl,-soname -Wl,conftest -o conftest 2\>\&1 \| /usr/bin/grep  -lc  \>/dev/null 2\>\&1
configure:16525: $? = 0
configure:16539: result: no
configure:16699: checking dynamic linker characteristics
configure:17210: i486-TSOL-linux-gnu-gcc -std=gnu99 -o conftest -Os  -static-libgcc -Wl,-rpath -Wl,/foo conftest.c  >&5
configure:17210: $? = 0
configure:17436: result: GNU/Linux ld.so
configure:17543: checking how to hardcode library paths into programs
configure:17568: result: immediate
configure:18108: checking whether stripping libraries is possible
configure:18113: result: yes
configure:18148: checking if libtool supports shared libraries
configure:18150: result: yes
configure:18153: checking whether to build shared libraries
configure:18174: result: yes
configure:18177: checking whether to build static libraries
configure:18181: result: no
configure:18253: i486-TSOL-linux-gnu-gcc -std=gnu99 -c -Os -I/usr/xorg/include/xorg  conftest.c >&5
configure:18253: $? = 0
configure:18260: checking if RANDR is defined
configure:18262: result: yes
configure:18288: i486-TSOL-linux-gnu-gcc -std=gnu99 -c -Os -I/usr/xorg/include/xorg  conftest.c >&5
configure:18288: $? = 0
configure:18295: checking if RENDER is defined
configure:18297: result: yes
configure:18323: i486-TSOL-linux-gnu-gcc -std=gnu99 -c -Os -I/usr/xorg/include/xorg  conftest.c >&5
configure:18323: $? = 0
configure:18330: checking if XV is defined
configure:18332: result: yes
configure:18358: i486-TSOL-linux-gnu-gcc -std=gnu99 -c -Os -I/usr/xorg/include/xorg  conftest.c >&5
configure:18358: $? = 0
configure:18365: checking if XFreeXDGA is defined
configure:18367: result: yes
configure:18377: checking for XORG
configure:18384: $PKG_CONFIG --exists --print-errors "xorg-server >= 1.0.99.901 xproto fontsproto $REQUIRED_MODULES"
configure:18387: $? = 0
configure:18401: $PKG_CONFIG --exists --print-errors "xorg-server >= 1.0.99.901 xproto fontsproto $REQUIRED_MODULES"
configure:18404: $? = 0
configure:18462: result: yes
configure:18470: checking whether XSERVER_LIBPCIACCESS is declared
configure:18470: i486-TSOL-linux-gnu-gcc -std=gnu99 -c -fvisibility=hidden -I/usr/xorg/include/xorg -I/usr/xorg/include -I/usr/xorg/include/pixman-1 -I/usr/xorg/include/X11/dri -I/usr/xorg/include/libdrm    conftest.c >&5
configure:18470: $? = 0
configure:18470: result: yes
configure:18482: checking for qxl_drm.h
configure:18482: i486-TSOL-linux-gnu-gcc -std=gnu99 -c -fvisibility=hidden -I/usr/xorg/include/xorg -I/usr/xorg/include -I/usr/xorg/include/pixman-1 -I/usr/xorg/include/X11/dri -I/usr/xorg/include/libdrm    conftest.c >&5
configure:18482: $? = 0
configure:18482: result: yes
configure:18506: checking for DRM
configure:18513: $PKG_CONFIG --exists --print-errors "libdrm >= 2.4.46"
configure:18516: $? = 0
configure:18530: $PKG_CONFIG --exists --print-errors "libdrm >= 2.4.46"
configure:18533: $? = 0
configure:18591: result: yes
configure:18603: checking for PCIACCESS
configure:18610: $PKG_CONFIG --exists --print-errors "pciaccess >= 0.10"
configure:18613: $? = 0
configure:18627: $PKG_CONFIG --exists --print-errors "pciaccess >= 0.10"
configure:18630: $? = 0
configure:18688: result: yes
configure:18704: checking for xf86drmMode.h
configure:18704: i486-TSOL-linux-gnu-gcc -std=gnu99 -c -I/usr/xorg/include -I/usr/xorg/include/libdrm   -Os  conftest.c >&5
configure:18704: $? = 0
configure:18704: result: yes
configure:18895: checking for LIBUDEV
configure:18902: $PKG_CONFIG --exists --print-errors "libudev"
configure:18905: $? = 0
configure:18919: $PKG_CONFIG --exists --print-errors "libudev"
configure:18922: $? = 0
configure:18960: result: yes
configure:18983: checking for SPICE_PROTOCOL
configure:18990: $PKG_CONFIG --exists --print-errors "spice-protocol >= 0.12.0"
Package spice-protocol was not found in the pkg-config search path.
Perhaps you should add the directory containing `spice-protocol.pc'
to the PKG_CONFIG_PATH environment variable
No package 'spice-protocol' found
configure:18993: $? = 1
configure:19007: $PKG_CONFIG --exists --print-errors "spice-protocol >= 0.12.0"
Package spice-protocol was not found in the pkg-config search path.
Perhaps you should add the directory containing `spice-protocol.pc'
to the PKG_CONFIG_PATH environment variable
No package 'spice-protocol' found
configure:19010: $? = 1
configure:19024: result: no
No package 'spice-protocol' found
configure:19040: error: Package requirements (spice-protocol >= 0.12.0) were not met:

No package 'spice-protocol' found

Consider adjusting the PKG_CONFIG_PATH environment variable if you
installed software in a non-standard prefix.

Alternatively, you may set the environment variables SPICE_PROTOCOL_CFLAGS
and SPICE_PROTOCOL_LIBS to avoid the need to call pkg-config.
See the pkg-config man page for more details.

## ---------------- ##
## Cache variables. ##
## ---------------- ##

ac_cv_build=i686-pc-linux-gnu
ac_cv_c_compiler_gnu=yes
ac_cv_env_CC_set=set
ac_cv_env_CC_value=i486-TSOL-linux-gnu-gcc
ac_cv_env_CFLAGS_set=set
ac_cv_env_CFLAGS_value=-Os
ac_cv_env_CPPFLAGS_set=
ac_cv_env_CPPFLAGS_value=
ac_cv_env_CPP_set=
ac_cv_env_CPP_value=
ac_cv_env_DRM_CFLAGS_set=
ac_cv_env_DRM_CFLAGS_value=
ac_cv_env_DRM_LIBS_set=
ac_cv_env_DRM_LIBS_value=
ac_cv_env_LDFLAGS_set=set
ac_cv_env_LDFLAGS_value=-static-libgcc
ac_cv_env_LIBS_set=
ac_cv_env_LIBS_value=
ac_cv_env_LIBUDEV_CFLAGS_set=
ac_cv_env_LIBUDEV_CFLAGS_value=
ac_cv_env_LIBUDEV_LIBS_set=
ac_cv_env_LIBUDEV_LIBS_value=
ac_cv_env_PCIACCESS_CFLAGS_set=
ac_cv_env_PCIACCESS_CFLAGS_value=
ac_cv_env_PCIACCESS_LIBS_set=
ac_cv_env_PCIACCESS_LIBS_value=
ac_cv_env_PKG_CONFIG_LIBDIR_set=
ac_cv_env_PKG_CONFIG_LIBDIR_value=
ac_cv_env_PKG_CONFIG_PATH_set=set
ac_cv_env_PKG_CONFIG_PATH_value=/usr/xorg/share/pkgconfig:/usr/xorg/lib/pkgconfig:/usr/xorg/lib/pkgconfig:/usr/xorg/share/pkgconfig:
ac_cv_env_PKG_CONFIG_set=
ac_cv_env_PKG_CONFIG_value=
ac_cv_env_SPICE_CFLAGS_set=
ac_cv_env_SPICE_CFLAGS_value=
ac_cv_env_SPICE_LIBS_set=
ac_cv_env_SPICE_LIBS_value=
ac_cv_env_SPICE_PROTOCOL_CFLAGS_set=
ac_cv_env_SPICE_PROTOCOL_CFLAGS_value=
ac_cv_env_SPICE_PROTOCOL_LIBS_set=
ac_cv_env_SPICE_PROTOCOL_LIBS_value=
ac_cv_env_XORG_CFLAGS_set=
ac_cv_env_XORG_CFLAGS_value=
ac_cv_env_XORG_LIBS_set=
ac_cv_env_XORG_LIBS_value=
ac_cv_env_build_alias_set=
ac_cv_env_build_alias_value=
ac_cv_env_host_alias_set=
ac_cv_env_host_alias_value=
ac_cv_env_target_alias_set=
ac_cv_env_target_alias_value=
ac_cv_have_decl_XSERVER_LIBPCIACCESS=yes
ac_cv_have_decl___INTEL_COMPILER=no
ac_cv_have_decl___SUNPRO_C=no
ac_cv_have_decl___clang__=no
ac_cv_header_dlfcn_h=yes
ac_cv_header_inttypes_h=yes
ac_cv_header_memory_h=yes
ac_cv_header_qxl_drm_h=yes
ac_cv_header_stdc=yes
ac_cv_header_stdint_h=yes
ac_cv_header_stdlib_h=yes
ac_cv_header_string_h=yes
ac_cv_header_strings_h=yes
ac_cv_header_sys_stat_h=yes
ac_cv_header_sys_types_h=yes
ac_cv_header_unistd_h=yes
ac_cv_header_xf86drmMode_h=yes
ac_cv_host=i686-pc-linux-gnu
ac_cv_objext=o
ac_cv_path_EGREP='/usr/bin/grep -E'
ac_cv_path_FGREP='/usr/bin/grep -F'
ac_cv_path_GREP=/usr/bin/grep
ac_cv_path_SED=/usr/bin/sed
ac_cv_path_ac_pt_PKG_CONFIG=/usr/bin/pkg-config
ac_cv_path_install='/bin/install -c'
ac_cv_path_mkdir=/bin/mkdir
ac_cv_prog_AWK=gawk
ac_cv_prog_CPP='i486-TSOL-linux-gnu-gcc -std=gnu99 -E'
ac_cv_prog_ac_ct_AR=ar
ac_cv_prog_ac_ct_CC=i486-TSOL-linux-gnu-gcc
ac_cv_prog_ac_ct_OBJDUMP=objdump
ac_cv_prog_ac_ct_RANLIB=ranlib
ac_cv_prog_ac_ct_STRIP=strip
ac_cv_prog_cc_c89=
ac_cv_prog_cc_c99=-std=gnu99
ac_cv_prog_cc_g=yes
ac_cv_prog_make_make_set=yes
ac_cv_sys_file_offset_bits=64
ac_cv_sys_largefile_CC=no
am_cv_CC_dependencies_compiler_type=gcc3
am_cv_make_support_nested_variables=yes
am_cv_prog_cc_c_o=yes
lt_cv_ar_at_file=@
lt_cv_archive_cmds_need_lc=no
lt_cv_deplibs_check_method=pass_all
lt_cv_file_magic_cmd='$MAGIC_CMD'
lt_cv_file_magic_test_file=
lt_cv_ld_reload_flag=-r
lt_cv_nm_interface='BSD nm'
lt_cv_objdir=.libs
lt_cv_path_LD=i486-TSOL-linux-gnu-ld
lt_cv_path_NM='/toolchain/i486-TSOL-linux-gnu/bin//nm -B'
lt_cv_path_mainfest_tool=no
lt_cv_prog_compiler_c_o=yes
lt_cv_prog_compiler_pic='-fPIC -DPIC'
lt_cv_prog_compiler_pic_works=yes
lt_cv_prog_compiler_rtti_exceptions=no
lt_cv_prog_compiler_static_works=yes
lt_cv_prog_gnu_ld=yes
lt_cv_sharedlib_from_linklib_cmd='printf %s\n'
lt_cv_shlibpath_overrides_runpath=yes
lt_cv_sys_global_symbol_pipe='sed -n -e '\''s/^.*[	 ]\([ABCDGIRSTW][ABCDGIRSTW]*\)[	 ][	 ]*\([_A-Za-z][_A-Za-z0-9]*\)$/\1 \2 \2/p'\'' | sed '\''/ __gnu_lto/d'\'''
lt_cv_sys_global_symbol_to_c_name_address='sed -n -e '\''s/^: \([^ ]*\)[ ]*$/  {\"\1\", (void *) 0},/p'\'' -e '\''s/^[ABCDGIRSTW]* \([^ ]*\) \([^ ]*\)$/  {"\2", (void *) \&\2},/p'\'''
lt_cv_sys_global_symbol_to_c_name_address_lib_prefix='sed -n -e '\''s/^: \([^ ]*\)[ ]*$/  {\"\1\", (void *) 0},/p'\'' -e '\''s/^[ABCDGIRSTW]* \([^ ]*\) \(lib[^ ]*\)$/  {"\2", (void *) \&\2},/p'\'' -e '\''s/^[ABCDGIRSTW]* \([^ ]*\) \([^ ]*\)$/  {"lib\2", (void *) \&\2},/p'\'''
lt_cv_sys_global_symbol_to_cdecl='sed -n -e '\''s/^T .* \(.*\)$/extern int \1();/p'\'' -e '\''s/^[ABCDGIRSTW]* .* \(.*\)$/extern char \1;/p'\'''
lt_cv_sys_max_cmd_len=1572864
lt_cv_to_host_file_cmd=func_convert_file_noop
lt_cv_to_tool_file_cmd=func_convert_file_noop
pkg_cv_DRM_CFLAGS='-I/usr/xorg/include -I/usr/xorg/include/libdrm  '
pkg_cv_DRM_LIBS='-L/usr/xorg/lib -ldrm  '
pkg_cv_LIBUDEV_CFLAGS=' '
pkg_cv_LIBUDEV_LIBS='-ludev -lrt  '
pkg_cv_PCIACCESS_CFLAGS='-I/usr/xorg/include  '
pkg_cv_PCIACCESS_LIBS='-L/usr/xorg/lib -lpciaccess  '
pkg_cv_XORG_CFLAGS='-fvisibility=hidden -I/usr/xorg/include/xorg -I/usr/xorg/include -I/usr/xorg/include/pixman-1 -I/usr/xorg/include/X11/dri -I/usr/xorg/include/libdrm  '
pkg_cv_XORG_LIBS='-L/usr/xorg/lib  '
xorg_cv_cc_flag__Wall=yes
xorg_cv_cc_flag__Wbad_function_cast=yes
xorg_cv_cc_flag__Wdeclaration_after_statement=yes
xorg_cv_cc_flag__Werror=yes
xorg_cv_cc_flag__Werror_address=yes
xorg_cv_cc_flag__Werror_array_bounds=yes
xorg_cv_cc_flag__Werror_attributes=yes
xorg_cv_cc_flag__Werror_implicit=yes
xorg_cv_cc_flag__Werror_init_self=yes
xorg_cv_cc_flag__Werror_int_to_pointer_cast=yes
xorg_cv_cc_flag__Werror_main=yes
xorg_cv_cc_flag__Werror_missing_braces=yes
xorg_cv_cc_flag__Werror_nonnull=yes
xorg_cv_cc_flag__Werror_pointer_to_int_cast=yes
xorg_cv_cc_flag__Werror_return_type=yes
xorg_cv_cc_flag__Werror_sequence_point=yes
xorg_cv_cc_flag__Werror_trigraphs=yes
xorg_cv_cc_flag__Werror_write_strings=yes
xorg_cv_cc_flag__Wformat_2=yes
xorg_cv_cc_flag__Wlogical_op=yes
xorg_cv_cc_flag__Wmissing_declarations=yes
xorg_cv_cc_flag__Wmissing_format_attribute=yes
xorg_cv_cc_flag__Wmissing_noreturn=yes
xorg_cv_cc_flag__Wmissing_prototypes=yes
xorg_cv_cc_flag__Wnested_externs=yes
xorg_cv_cc_flag__Wold_style_definition=yes
xorg_cv_cc_flag__Wpointer_arith=yes
xorg_cv_cc_flag__Wredundant_decls=yes
xorg_cv_cc_flag__Wshadow=yes
xorg_cv_cc_flag__Wstrict_prototypes=yes
xorg_cv_cc_flag__Wuninitialized=yes
xorg_cv_cc_flag__Wunused=yes
xorg_cv_cc_flag__pedantic=yes
xorg_cv_cc_flag_unknown_warning_option=no
xorg_cv_cc_flag_unused_command_line_argument=no

## ----------------- ##
## Output variables. ##
## ----------------- ##

ACLOCAL='aclocal -I /usr/xorg/share/aclocal'
ADMIN_MAN_DIR='$(mandir)/man$(ADMIN_MAN_SUFFIX)'
ADMIN_MAN_SUFFIX='8'
AMDEPBACKSLASH='\'
AMDEP_FALSE='#'
AMDEP_TRUE=''
AMTAR='$${TAR-tar}'
AM_BACKSLASH='\'
AM_DEFAULT_V='$(AM_DEFAULT_VERBOSITY)'
AM_DEFAULT_VERBOSITY='0'
AM_V='$(V)'
APP_MAN_DIR='$(mandir)/man$(APP_MAN_SUFFIX)'
APP_MAN_SUFFIX='1'
AR='ar'
AUTOCONF='${SHELL} /source/xorg-ponix4/driver/xf86-video-qxl-0.1.3/missing autoconf'
AUTOHEADER='${SHELL} /source/xorg-ponix4/driver/xf86-video-qxl-0.1.3/missing autoheader'
AUTOMAKE='${SHELL} /source/xorg-ponix4/driver/xf86-video-qxl-0.1.3/missing automake-1.14'
AWK='gawk'
BASE_CFLAGS=' -Wall -Wpointer-arith -Wmissing-declarations -Wformat=2 -Wstrict-prototypes -Wmissing-prototypes -Wnested-externs -Wbad-function-cast -Wold-style-definition -Wdeclaration-after-statement -Wunused -Wuninitialized -Wshadow -Wmissing-noreturn -Wmissing-format-attribute -Wredundant-decls -Wlogical-op -Werror=implicit -Werror=nonnull -Werror=init-self -Werror=main -Werror=missing-braces -Werror=sequence-point -Werror=return-type -Werror=trigraphs -Werror=array-bounds -Werror=write-strings -Werror=address -Werror=int-to-pointer-cast -Werror=pointer-to-int-cast'
BUILD_QXL_FALSE='#'
BUILD_QXL_TRUE=''
BUILD_XSPICE_FALSE=''
BUILD_XSPICE_TRUE='#'
CC='i486-TSOL-linux-gnu-gcc -std=gnu99'
CCDEPMODE='depmode=gcc3'
CFLAGS='-Os'
CHANGELOG_CMD='(GIT_DIR=$(top_srcdir)/.git git log > $(top_srcdir)/.changelog.tmp && mv $(top_srcdir)/.changelog.tmp $(top_srcdir)/ChangeLog) || (rm -f $(top_srcdir)/.changelog.tmp; touch $(top_srcdir)/ChangeLog; echo '\''git directory not found: installing possibly empty changelog.'\'' >&2)'
CPP='i486-TSOL-linux-gnu-gcc -std=gnu99 -E'
CPPFLAGS=''
CWARNFLAGS=' -Wall -Wpointer-arith -Wmissing-declarations -Wformat=2 -Wstrict-prototypes -Wmissing-prototypes -Wnested-externs -Wbad-function-cast -Wold-style-definition -Wdeclaration-after-statement -Wunused -Wuninitialized -Wshadow -Wmissing-noreturn -Wmissing-format-attribute -Wredundant-decls -Wlogical-op -Werror=implicit -Werror=nonnull -Werror=init-self -Werror=main -Werror=missing-braces -Werror=sequence-point -Werror=return-type -Werror=trigraphs -Werror=array-bounds -Werror=write-strings -Werror=address -Werror=int-to-pointer-cast -Werror=pointer-to-int-cast -fno-strict-aliasing'
CYGPATH_W='echo'
DEFS=''
DEPDIR='.deps'
DLLTOOL='false'
DRIVER_MAN_DIR='$(mandir)/man$(DRIVER_MAN_SUFFIX)'
DRIVER_MAN_SUFFIX='4'
DRM_CFLAGS='-I/usr/xorg/include -I/usr/xorg/include/libdrm  '
DRM_LIBS='-L/usr/xorg/lib -ldrm  '
DRM_MODE_FALSE='#'
DRM_MODE_TRUE=''
DSYMUTIL=''
DUMPBIN=''
ECHO_C=''
ECHO_N='-n'
ECHO_T=''
EGREP='/usr/bin/grep -E'
EXEEXT=''
FGREP='/usr/bin/grep -F'
FILE_MAN_DIR='$(mandir)/man$(FILE_MAN_SUFFIX)'
FILE_MAN_SUFFIX='5'
GREP='/usr/bin/grep'
INSTALL_CMD='(cp -f /usr/xorg/share/util-macros/INSTALL $(top_srcdir)/.INSTALL.tmp && mv $(top_srcdir)/.INSTALL.tmp $(top_srcdir)/INSTALL) || (rm -f $(top_srcdir)/.INSTALL.tmp; touch $(top_srcdir)/INSTALL; echo '\''util-macros "pkgdatadir" from xorg-macros.pc not found: installing possibly empty INSTALL.'\'' >&2)'
INSTALL_DATA='${INSTALL} -m 644'
INSTALL_PROGRAM='${INSTALL}'
INSTALL_SCRIPT='${INSTALL}'
INSTALL_STRIP_PROGRAM='$(install_sh) -c -s'
LD='i486-TSOL-linux-gnu-ld'
LDFLAGS='-static-libgcc'
LIBOBJS=''
LIBS=''
LIBTOOL='$(SHELL) $(top_builddir)/libtool'
LIBUDEV_CFLAGS=' '
LIBUDEV_FALSE='#'
LIBUDEV_LIBS='-ludev -lrt  '
LIBUDEV_TRUE=''
LIB_MAN_DIR='$(mandir)/man$(LIB_MAN_SUFFIX)'
LIB_MAN_SUFFIX='3'
LIPO=''
LN_S='ln -s'
LTLIBOBJS=''
MAINT='#'
MAINTAINER_MODE_FALSE=''
MAINTAINER_MODE_TRUE='#'
MAKEINFO='${SHELL} /source/xorg-ponix4/driver/xf86-video-qxl-0.1.3/missing makeinfo'
MANIFEST_TOOL=':'
MAN_SUBSTS='	-e '\''s|__vendorversion__|"$(PACKAGE_STRING)" "$(XORG_MAN_PAGE)"|'\'' 	-e '\''s|__xorgversion__|"$(PACKAGE_STRING)" "$(XORG_MAN_PAGE)"|'\'' 	-e '\''s|__xservername__|Xorg|g'\'' 	-e '\''s|__xconfigfile__|xorg.conf|g'\'' 	-e '\''s|__projectroot__|$(prefix)|g'\'' 	-e '\''s|__apploaddir__|$(appdefaultdir)|g'\'' 	-e '\''s|__appmansuffix__|$(APP_MAN_SUFFIX)|g'\'' 	-e '\''s|__drivermansuffix__|$(DRIVER_MAN_SUFFIX)|g'\'' 	-e '\''s|__adminmansuffix__|$(ADMIN_MAN_SUFFIX)|g'\'' 	-e '\''s|__libmansuffix__|$(LIB_MAN_SUFFIX)|g'\'' 	-e '\''s|__miscmansuffix__|$(MISC_MAN_SUFFIX)|g'\'' 	-e '\''s|__filemansuffix__|$(FILE_MAN_SUFFIX)|g'\'''
MISC_MAN_DIR='$(mandir)/man$(MISC_MAN_SUFFIX)'
MISC_MAN_SUFFIX='7'
MKDIR_P='/bin/mkdir -p'
NM='/toolchain/i486-TSOL-linux-gnu/bin//nm -B'
NMEDIT=''
OBJDUMP='objdump'
OBJEXT='o'
OTOOL64=''
OTOOL=''
PACKAGE='xf86-video-qxl'
PACKAGE_BUGREPORT='https://bugs.freedesktop.org/enter_bug.cgi?product=xorg'
PACKAGE_NAME='xf86-video-qxl'
PACKAGE_STRING='xf86-video-qxl 0.1.3'
PACKAGE_TARNAME='xf86-video-qxl'
PACKAGE_URL=''
PACKAGE_VERSION='0.1.3'
PATH_SEPARATOR=':'
PCIACCESS_CFLAGS='-I/usr/xorg/include  '
PCIACCESS_LIBS='-L/usr/xorg/lib -lpciaccess  '
PKG_CONFIG='/usr/bin/pkg-config'
PKG_CONFIG_LIBDIR=''
PKG_CONFIG_PATH='/usr/xorg/share/pkgconfig:/usr/xorg/lib/pkgconfig:/usr/xorg/lib/pkgconfig:/usr/xorg/share/pkgconfig:'
RANLIB='ranlib'
SED='/usr/bin/sed'
SET_MAKE=''
SHELL='/bin/sh'
SPICE_CFLAGS=''
SPICE_LIBS=''
SPICE_PROTOCOL_CFLAGS=''
SPICE_PROTOCOL_LIBS=''
STRICT_CFLAGS=' -pedantic -Werror -Werror=attributes'
STRIP='strip'
VERSION='0.1.3'
XORG_CFLAGS='-fvisibility=hidden -I/usr/xorg/include/xorg -I/usr/xorg/include -I/usr/xorg/include/pixman-1 -I/usr/xorg/include/X11/dri -I/usr/xorg/include/libdrm  '
XORG_LIBS='-L/usr/xorg/lib  '
XORG_MAN_PAGE='X Version 11'
XSERVER_LIBPCIACCESS_FALSE='#'
XSERVER_LIBPCIACCESS_TRUE=''
ac_ct_AR='ar'
ac_ct_CC='i486-TSOL-linux-gnu-gcc'
ac_ct_DUMPBIN=''
am__EXEEXT_FALSE=''
am__EXEEXT_TRUE=''
am__fastdepCC_FALSE='#'
am__fastdepCC_TRUE=''
am__include='include'
am__isrc=''
am__leading_dot='.'
am__nodep='_no'
am__quote=''
am__tar='$${TAR-tar} chof - "$$tardir"'
am__untar='$${TAR-tar} xf -'
bindir='${exec_prefix}/bin'
build='i686-pc-linux-gnu'
build_alias=''
build_cpu='i686'
build_os='linux-gnu'
build_vendor='pc'
datadir='${datarootdir}'
datarootdir='${prefix}/share'
docdir='${datarootdir}/doc/${PACKAGE_TARNAME}'
dvidir='${docdir}'
exec_prefix='NONE'
host='i686-pc-linux-gnu'
host_alias=''
host_cpu='i686'
host_os='linux-gnu'
host_vendor='pc'
htmldir='${docdir}'
includedir='${prefix}/include'
infodir='${datarootdir}/info'
install_sh='${SHELL} /source/xorg-ponix4/driver/xf86-video-qxl-0.1.3/install-sh'
libdir='${exec_prefix}/lib'
libexecdir='${exec_prefix}/libexec'
localedir='${datarootdir}/locale'
localstatedir='${prefix}/var'
mandir='${datarootdir}/man'
mkdir_p='$(MKDIR_P)'
moduledir='${exec_prefix}/lib/xorg/modules'
oldincludedir='/usr/include'
pdfdir='${docdir}'
prefix='/usr/xorg'
program_transform_name='s,x,x,'
psdir='${docdir}'
sbindir='${exec_prefix}/sbin'
sharedstatedir='${prefix}/com'
sysconfdir='${prefix}/etc'
target_alias=''

## ----------- ##
## confdefs.h. ##
## ----------- ##

/* confdefs.h */
#define PACKAGE_NAME "xf86-video-qxl"
#define PACKAGE_TARNAME "xf86-video-qxl"
#define PACKAGE_VERSION "0.1.3"
#define PACKAGE_STRING "xf86-video-qxl 0.1.3"
#define PACKAGE_BUGREPORT "https://bugs.freedesktop.org/enter_bug.cgi?product=xorg"
#define PACKAGE_URL ""
#define PACKAGE "xf86-video-qxl"
#define VERSION "0.1.3"
#define _FILE_OFFSET_BITS 64
#define STDC_HEADERS 1
#define HAVE_SYS_TYPES_H 1
#define HAVE_SYS_STAT_H 1
#define HAVE_STDLIB_H 1
#define HAVE_STRING_H 1
#define HAVE_MEMORY_H 1
#define HAVE_STRINGS_H 1
#define HAVE_INTTYPES_H 1
#define HAVE_STDINT_H 1
#define HAVE_UNISTD_H 1
#define PACKAGE_VERSION_MAJOR 0
#define PACKAGE_VERSION_MINOR 1
#define PACKAGE_VERSION_PATCHLEVEL 3
#define HAVE_DLFCN_H 1
#define LT_OBJDIR ".libs/"
#define XF86DRM_MODE 1
#define HAVE_LIBUDEV 1

configure: exit 1
