This file contains any messages produced by compilers while
running configure, to aid debugging if configure makes a mistake.

It was created by configure, which was
generated by GNU Autoconf 2.57.  Invocation command line was

  $ ./configure --prefix=/ --enable-xft=no --enable-pixbuf=no --enable-transparency=no --enable-fading=no --enable-rxvt-scroll=no --enable-next-scroll=no --enable-xterm-scroll=no --enable-unicode3=no --x-includes=/usr/xorg/include --x-libraries=/usr/xorg/lib --enable-xim=no --enable-perl=no --with-codesets= --enable-iso14755=no --enable-256-color=no --enable-combining=no --disable-swapscreen --disable-backspace-key --disable-delete-key --enable-font-styles=no --enable-utmp=no --enable-wtmp=no --enable-pointer-blank=no --enable-afterimage=no --enable-graphics=no --enable-languages=no --with-xpm=no --with-encoding= --enable-24bit=no --disable-resources --enable-menubar=no --enable-linespace=no --enable-frills=no

## --------- ##
## Platform. ##
## --------- ##

hostname = ubuntu4
uname -m = i686
uname -r = 3.2.16-030216-generic
uname -s = Linux
uname -v = #201204221935 SMP Sun Apr 22 23:42:49 UTC 2012

/usr/bin/uname -p = unknown
/bin/uname -X     = unknown

/bin/arch              = unknown
/usr/bin/arch -k       = unknown
/usr/convex/getsysinfo = unknown
hostinfo               = unknown
/bin/machine           = unknown
/usr/bin/oslevel       = unknown
/bin/universe          = unknown

PATH: /source/docbook-xsl-1.76.1/tools/bin
PATH: /bin
PATH: /sbin
PATH: /usr/bin
PATH: /usr/sbin
PATH: /usr/bin/X11
PATH: /usr/local/bin
PATH: /toolchain/bin
PATH: /toolchain/i486-TSOL-linux-gnu/bin/
PATH: /root/.local/bin
PATH: /usr/xorg/bin


## ----------- ##
## Core tests. ##
## ----------- ##

configure:1567: checking for gcc
configure:1593: result: i486-TSOL-linux-gnu-gcc
configure:1837: checking for C compiler version
configure:1840: i486-TSOL-linux-gnu-gcc --version </dev/null >&5
i486-TSOL-linux-gnu-gcc (crosstool-NG 1.15.2) 4.6.3
Copyright (C) 2011 Free Software Foundation, Inc.
This is free software; see the source for copying conditions.  There is NO
warranty; not even for MERCHANTABILITY or FITNESS FOR A PARTICULAR PURPOSE.

configure:1843: $? = 0
configure:1845: i486-TSOL-linux-gnu-gcc -v </dev/null >&5
Using built-in specs.
COLLECT_GCC=i486-TSOL-linux-gnu-gcc
COLLECT_LTO_WRAPPER=/toolchain/libexec/gcc/i486-TSOL-linux-gnu/4.6.3/lto-wrapper
Target: i486-TSOL-linux-gnu
Configured with: /TSOL/crosstool-ng-1.15.2/bin/.build/src/gcc-4.6.3/configure --build=i686-build_pc-linux-gnu --host=i686-build_pc-linux-gnu --target=i486-TSOL-linux-gnu --prefix=/toolchain --with-sysroot=/toolchain/i486-TSOL-linux-gnu/sysroot --enable-languages=c,c++ --with-arch=i486 --with-pkgversion='crosstool-NG 1.15.2' --enable-__cxa_atexit --disable-libmudflap --disable-libgomp --disable-libssp --with-gmp=/TSOL/crosstool-ng-1.15.2/bin/.build/i486-TSOL-linux-gnu/buildtools --with-mpfr=/TSOL/crosstool-ng-1.15.2/bin/.build/i486-TSOL-linux-gnu/buildtools --with-mpc=/TSOL/crosstool-ng-1.15.2/bin/.build/i486-TSOL-linux-gnu/buildtools --with-ppl=/TSOL/crosstool-ng-1.15.2/bin/.build/i486-TSOL-linux-gnu/buildtools --with-cloog=/TSOL/crosstool-ng-1.15.2/bin/.build/i486-TSOL-linux-gnu/buildtools --with-libelf=no --with-host-libstdcxx='-static-libgcc -Wl,-Bstatic,-lstdc++,-Bdynamic -lm -L/TSOL/crosstool-ng-1.15.2/bin/.build/i486-TSOL-linux-gnu/buildtools/lib -lpwl' --enable-threads=posix --enable-target-optspace --disable-multilib --with-local-prefix=/toolchain/i486-TSOL-linux-gnu/sysroot --enable-c99 --enable-long-long
Thread model: posix
gcc version 4.6.3 (crosstool-NG 1.15.2) 
configure:1848: $? = 0
configure:1850: i486-TSOL-linux-gnu-gcc -V </dev/null >&5
i486-TSOL-linux-gnu-gcc: error: unrecognized option '-V'
i486-TSOL-linux-gnu-gcc: fatal error: no input files
compilation terminated.
configure:1853: $? = 1
configure:1877: checking for C compiler default output
configure:1880: i486-TSOL-linux-gnu-gcc -O2  -static-libgcc conftest.c  >&5
configure:1883: $? = 0
configure:1929: result: a.out
configure:1934: checking whether the C compiler works
configure:1940: ./a.out
configure:1943: $? = 0
configure:1960: result: yes
configure:1967: checking whether we are cross compiling
configure:1969: result: no
configure:1972: checking for suffix of executables
configure:1974: i486-TSOL-linux-gnu-gcc -o conftest -O2  -static-libgcc conftest.c  >&5
configure:1977: $? = 0
configure:2002: result: 
configure:2008: checking for suffix of object files
configure:2030: i486-TSOL-linux-gnu-gcc -c -O2  conftest.c >&5
configure:2033: $? = 0
configure:2055: result: o
configure:2059: checking whether we are using the GNU C compiler
configure:2084: i486-TSOL-linux-gnu-gcc -c -O2  conftest.c >&5
configure:2087: $? = 0
configure:2090: test -s conftest.o
configure:2093: $? = 0
configure:2106: result: yes
configure:2112: checking whether i486-TSOL-linux-gnu-gcc accepts -g
configure:2134: i486-TSOL-linux-gnu-gcc -c -g  conftest.c >&5
configure:2137: $? = 0
configure:2140: test -s conftest.o
configure:2143: $? = 0
configure:2154: result: yes
configure:2171: checking for i486-TSOL-linux-gnu-gcc option to accept ANSI C
configure:2232: i486-TSOL-linux-gnu-gcc  -c -O2  conftest.c >&5
configure:2235: $? = 0
configure:2238: test -s conftest.o
configure:2241: $? = 0
configure:2259: result: none needed
configure:2277: i486-TSOL-linux-gnu-gcc -c -O2  conftest.c >&5
conftest.c:2:3: error: unknown type name 'choke'
conftest.c:2:3: error: expected '=', ',', ';', 'asm' or '__attribute__' at end of input
configure:2280: $? = 1
configure: failed program was:
| #ifndef __cplusplus
|   choke me
| #endif
configure:2394: checking how to run the C preprocessor
configure:2430: i486-TSOL-linux-gnu-gcc -E  conftest.c
configure:2436: $? = 0
configure:2468: i486-TSOL-linux-gnu-gcc -E  conftest.c
configure:2467:28: fatal error: ac_nonexistent.h: No such file or directory
compilation terminated.
configure:2474: $? = 1
configure: failed program was:
| #line 2459 "configure"
| /* confdefs.h.  */
| 
| #define PACKAGE_NAME ""
| #define PACKAGE_TARNAME ""
| #define PACKAGE_VERSION ""
| #define PACKAGE_STRING ""
| #define PACKAGE_BUGREPORT ""
| /* end confdefs.h.  */
| #include <ac_nonexistent.h>
configure:2512: result: i486-TSOL-linux-gnu-gcc -E
configure:2537: i486-TSOL-linux-gnu-gcc -E  conftest.c
configure:2543: $? = 0
configure:2575: i486-TSOL-linux-gnu-gcc -E  conftest.c
configure:2574:28: fatal error: ac_nonexistent.h: No such file or directory
compilation terminated.
configure:2581: $? = 1
configure: failed program was:
| #line 2566 "configure"
| /* confdefs.h.  */
| 
| #define PACKAGE_NAME ""
| #define PACKAGE_TARNAME ""
| #define PACKAGE_VERSION ""
| #define PACKAGE_STRING ""
| #define PACKAGE_BUGREPORT ""
| /* end confdefs.h.  */
| #include <ac_nonexistent.h>
configure:2635: checking for a BSD-compatible install
configure:2689: result: /bin/install -c
configure:2704: checking for gawk
configure:2720: found /usr/bin/gawk
configure:2730: result: gawk
configure:2743: checking for egrep
configure:2753: result: grep -E
configure:2759: checking for AIX
configure:2782: result: no
configure:2788: checking for library containing strerror
configure:2819: i486-TSOL-linux-gnu-gcc -o conftest -O2  -static-libgcc conftest.c  >&5
configure:2822: $? = 0
configure:2825: test -s conftest
configure:2828: $? = 0
configure:2887: result: none required
configure:2965: checking build system type
configure:2983: result: i686-pc-linux-gnu
configure:2991: checking host system type
configure:3005: result: i686-pc-linux-gnu
configure:3024: checking for ld used by GCC
configure:3087: result: i486-TSOL-linux-gnu-ld
configure:3096: checking if the linker (i486-TSOL-linux-gnu-ld) is GNU ld
GNU ld (crosstool-NG 1.15.2) 2.20.1.20100303
configure:3108: result: yes
configure:3113: checking for i486-TSOL-linux-gnu-ld option to reload object files
configure:3120: result: -r
configure:3125: checking for BSD-compatible nm
configure:3161: result: /toolchain/i486-TSOL-linux-gnu/bin//nm -B
configure:3164: checking whether ln -s works
configure:3168: result: yes
configure:3175: checking how to recognise dependant libraries
configure:3334: result: pass_all
configure:3346: checking command to parse /toolchain/i486-TSOL-linux-gnu/bin//nm -B output
configure:3423: i486-TSOL-linux-gnu-gcc -c -O2  conftest.c >&5
configure:3426: $? = 0
configure:3430: /toolchain/i486-TSOL-linux-gnu/bin//nm -B conftest.o \| sed -n -e 's/^.*[ 	]\([ABCDGISTW]\)[ 	][ 	]*\(\)\([_A-Za-z][_A-Za-z0-9]*\)$/\1 \2\3 \3/p' \> conftest.nm
configure:3433: $? = 0
configure:3485: i486-TSOL-linux-gnu-gcc -o conftest -O2  -static-libgcc conftest.c conftstm.o >&5
configure:3488: $? = 0
configure:3529: result: ok
configure:3533: checking for ANSI C header files
configure:3559: i486-TSOL-linux-gnu-gcc -c -O2  conftest.c >&5
configure:3562: $? = 0
configure:3565: test -s conftest.o
configure:3568: $? = 0
configure:3660: i486-TSOL-linux-gnu-gcc -o conftest -O2  -static-libgcc conftest.c  >&5
configure: In function 'main':
configure:3653:7: warning: incompatible implicit declaration of built-in function 'exit' [enabled by default]
configure:3663: $? = 0
configure:3665: ./conftest
configure:3668: $? = 0
configure:3683: result: yes
configure:3707: checking for sys/types.h
configure:3724: i486-TSOL-linux-gnu-gcc -c -O2  conftest.c >&5
configure:3727: $? = 0
configure:3730: test -s conftest.o
configure:3733: $? = 0
configure:3744: result: yes
configure:3707: checking for sys/stat.h
configure:3724: i486-TSOL-linux-gnu-gcc -c -O2  conftest.c >&5
configure:3727: $? = 0
configure:3730: test -s conftest.o
configure:3733: $? = 0
configure:3744: result: yes
configure:3707: checking for stdlib.h
configure:3724: i486-TSOL-linux-gnu-gcc -c -O2  conftest.c >&5
configure:3727: $? = 0
configure:3730: test -s conftest.o
configure:3733: $? = 0
configure:3744: result: yes
configure:3707: checking for string.h
configure:3724: i486-TSOL-linux-gnu-gcc -c -O2  conftest.c >&5
configure:3727: $? = 0
configure:3730: test -s conftest.o
configure:3733: $? = 0
configure:3744: result: yes
configure:3707: checking for memory.h
configure:3724: i486-TSOL-linux-gnu-gcc -c -O2  conftest.c >&5
configure:3727: $? = 0
configure:3730: test -s conftest.o
configure:3733: $? = 0
configure:3744: result: yes
configure:3707: checking for strings.h
configure:3724: i486-TSOL-linux-gnu-gcc -c -O2  conftest.c >&5
configure:3727: $? = 0
configure:3730: test -s conftest.o
configure:3733: $? = 0
configure:3744: result: yes
configure:3707: checking for inttypes.h
configure:3724: i486-TSOL-linux-gnu-gcc -c -O2  conftest.c >&5
configure:3727: $? = 0
configure:3730: test -s conftest.o
configure:3733: $? = 0
configure:3744: result: yes
configure:3707: checking for stdint.h
configure:3724: i486-TSOL-linux-gnu-gcc -c -O2  conftest.c >&5
configure:3727: $? = 0
configure:3730: test -s conftest.o
configure:3733: $? = 0
configure:3744: result: yes
configure:3707: checking for unistd.h
configure:3724: i486-TSOL-linux-gnu-gcc -c -O2  conftest.c >&5
configure:3727: $? = 0
configure:3730: test -s conftest.o
configure:3733: $? = 0
configure:3744: result: yes
configure:3770: checking dlfcn.h usability
configure:3783: i486-TSOL-linux-gnu-gcc -c -O2  conftest.c >&5
configure:3786: $? = 0
configure:3789: test -s conftest.o
configure:3792: $? = 0
configure:3802: result: yes
configure:3806: checking dlfcn.h presence
configure:3817: i486-TSOL-linux-gnu-gcc -E  conftest.c
configure:3823: $? = 0
configure:3842: result: yes
configure:3878: checking for dlfcn.h
configure:3885: result: yes
configure:4082: checking for ranlib
configure:4098: found /toolchain/i486-TSOL-linux-gnu/bin//ranlib
configure:4109: result: ranlib
configure:4162: checking for strip
configure:4178: found /toolchain/i486-TSOL-linux-gnu/bin//strip
configure:4189: result: strip
configure:4394: checking for objdir
configure:4405: result: .libs
configure:4426: checking for i486-TSOL-linux-gnu-gcc option to produce PIC
configure:4565: result: -fPIC
configure:4569: checking if i486-TSOL-linux-gnu-gcc PIC flag -fPIC works
configure:4593: i486-TSOL-linux-gnu-gcc -c -O2 -fPIC -DPIC  conftest.c >&5
configure:4596: $? = 0
configure:4599: test -s conftest.o
configure:4602: $? = 0
configure:4640: result: yes
configure:4660: checking if i486-TSOL-linux-gnu-gcc static flag -static works
configure:4685: i486-TSOL-linux-gnu-gcc -o conftest -O2  -static-libgcc -static conftest.c  >&5
configure:4688: $? = 0
configure:4691: test -s conftest
configure:4694: $? = 0
configure:4710: result: yes
configure:4726: checking if i486-TSOL-linux-gnu-gcc supports -c -o file.o
configure:4742: i486-TSOL-linux-gnu-gcc -c -O2 -o out/conftest2.o  conftest.c >&5
configure:4755: result: yes
configure:4767: checking if i486-TSOL-linux-gnu-gcc supports -c -o file.lo
configure:4789: i486-TSOL-linux-gnu-gcc -c -O2 -c -o conftest.lo  conftest.c >&5
configure:4792: $? = 0
configure:4795: test -s conftest.o
configure:4798: $? = 1
configure: failed program was:
| #line 4772 "configure"
| /* confdefs.h.  */
| 
| #define PACKAGE_NAME ""
| #define PACKAGE_TARNAME ""
| #define PACKAGE_VERSION ""
| #define PACKAGE_STRING ""
| #define PACKAGE_BUGREPORT ""
| #define STDC_HEADERS 1
| #define HAVE_SYS_TYPES_H 1
| #define HAVE_SYS_STAT_H 1
| #define HAVE_STDLIB_H 1
| #define HAVE_STRING_H 1
| #define HAVE_MEMORY_H 1
| #define HAVE_STRINGS_H 1
| #define HAVE_INTTYPES_H 1
| #define HAVE_STDINT_H 1
| #define HAVE_UNISTD_H 1
| #define HAVE_DLFCN_H 1
| /* end confdefs.h.  */
| 
| int
| main ()
| {
| int some_variable = 0;
|   ;
|   return 0;
| }
configure:4814: result: yes
configure:4854: checking if i486-TSOL-linux-gnu-gcc supports -fno-rtti -fno-exceptions
configure:4877: i486-TSOL-linux-gnu-gcc -c -O2 -fno-rtti -fno-exceptions -c conftest.c  conftest.c >&5
cc1: warning: command line option '-fno-rtti' is valid for C++/ObjC++ but not for C [enabled by default]
cc1: warning: command line option '-fno-rtti' is valid for C++/ObjC++ but not for C [enabled by default]
configure:4880: $? = 0
configure:4883: test -s conftest.o
configure:4886: $? = 0
configure:4903: result: yes
configure:4918: checking whether the linker (i486-TSOL-linux-gnu-ld) supports shared libraries
configure:5476: result: yes
configure:5485: checking how to hardcode library paths into programs
configure:5509: result: immediate
configure:5518: checking whether stripping libraries is possible
configure:5523: result: yes
configure:5538: checking dynamic linker characteristics
configure:5865: result: GNU/Linux ld.so
configure:5874: checking if libtool supports shared libraries
configure:5876: result: yes
configure:7539: checking for mv
configure:7557: found /bin/mv
configure:7570: result: /bin/mv
configure:7579: checking for rm
configure:7597: found /bin/rm
configure:7610: result: /bin/rm
configure:7619: checking for cp
configure:7637: found /bin/cp
configure:7650: result: /bin/cp
configure:7659: checking for ln
configure:7677: found /bin/ln
configure:7690: result: /bin/ln
configure:7699: checking for sed
configure:7717: found /usr/bin/sed
configure:7730: result: /usr/bin/sed
configure:7739: checking for echo
configure:7757: found /bin/echo
configure:7770: result: /bin/echo
configure:7779: checking for cmp
configure:7797: found /usr/bin/cmp
configure:7810: result: /usr/bin/cmp
configure:7819: checking for tbl
configure:7852: result: no
configure:7859: checking for X
configure:8079: result: libraries /usr/xorg/lib, headers /usr/xorg/include
configure:8232: i486-TSOL-linux-gnu-gcc -o conftest -O2  -static-libgcc conftest.c   -L/usr/xorg/lib -lX11 >&5
configure:8235: $? = 0
configure:8238: test -s conftest
configure:8241: $? = 0
configure:8378: checking for gethostbyname
configure:8428: i486-TSOL-linux-gnu-gcc -o conftest -O2  -static-libgcc conftest.c  >&5
configure:8431: $? = 0
configure:8434: test -s conftest
configure:8437: $? = 0
configure:8448: result: yes
configure:8579: checking for connect
configure:8629: i486-TSOL-linux-gnu-gcc -o conftest -O2  -static-libgcc conftest.c  >&5
configure:8632: $? = 0
configure:8635: test -s conftest
configure:8638: $? = 0
configure:8649: result: yes
configure:8714: checking for remove
configure:8764: i486-TSOL-linux-gnu-gcc -o conftest -O2  -static-libgcc conftest.c  >&5
configure:8767: $? = 0
configure:8770: test -s conftest
configure:8773: $? = 0
configure:8784: result: yes
configure:8849: checking for shmat
configure:8899: i486-TSOL-linux-gnu-gcc -o conftest -O2  -static-libgcc conftest.c  >&5
configure:8902: $? = 0
configure:8905: test -s conftest
configure:8908: $? = 0
configure:8919: result: yes
configure:8993: checking for IceConnectionNumber in -lICE
configure:9024: i486-TSOL-linux-gnu-gcc -o conftest -O2  -static-libgcc -L/usr/xorg/lib conftest.c -lICE   >&5
configure:9027: $? = 0
configure:9030: test -s conftest
configure:9033: $? = 0
configure:9045: result: yes
configure:9404: checking for sys/wait.h that is POSIX.1 compatible
configure:9436: i486-TSOL-linux-gnu-gcc -c -O2  conftest.c >&5
configure:9439: $? = 0
configure:9442: test -s conftest.o
configure:9445: $? = 0
configure:9456: result: yes
configure:9516: checking assert.h usability
configure:9529: i486-TSOL-linux-gnu-gcc -c -O2  conftest.c >&5
configure:9532: $? = 0
configure:9535: test -s conftest.o
configure:9538: $? = 0
configure:9548: result: yes
configure:9552: checking assert.h presence
configure:9563: i486-TSOL-linux-gnu-gcc -E  conftest.c
configure:9569: $? = 0
configure:9588: result: yes
configure:9624: checking for assert.h
configure:9631: result: yes
configure:9516: checking fcntl.h usability
configure:9529: i486-TSOL-linux-gnu-gcc -c -O2  conftest.c >&5
configure:9532: $? = 0
configure:9535: test -s conftest.o
configure:9538: $? = 0
configure:9548: result: yes
configure:9552: checking fcntl.h presence
configure:9563: i486-TSOL-linux-gnu-gcc -E  conftest.c
configure:9569: $? = 0
configure:9588: result: yes
configure:9624: checking for fcntl.h
configure:9631: result: yes
configure:9516: checking grp.h usability
configure:9529: i486-TSOL-linux-gnu-gcc -c -O2  conftest.c >&5
configure:9532: $? = 0
configure:9535: test -s conftest.o
configure:9538: $? = 0
configure:9548: result: yes
configure:9552: checking grp.h presence
configure:9563: i486-TSOL-linux-gnu-gcc -E  conftest.c
configure:9569: $? = 0
configure:9588: result: yes
configure:9624: checking for grp.h
configure:9631: result: yes
configure:9516: checking libc.h usability
configure:9529: i486-TSOL-linux-gnu-gcc -c -O2  conftest.c >&5
configure:9580:18: fatal error: libc.h: No such file or directory
compilation terminated.
configure:9532: $? = 1
configure: failed program was:
| #line 9518 "configure"
| /* confdefs.h.  */
| 
| #define PACKAGE_NAME ""
| #define PACKAGE_TARNAME ""
| #define PACKAGE_VERSION ""
| #define PACKAGE_STRING ""
| #define PACKAGE_BUGREPORT ""
| #define STDC_HEADERS 1
| #define HAVE_SYS_TYPES_H 1
| #define HAVE_SYS_STAT_H 1
| #define HAVE_STDLIB_H 1
| #define HAVE_STRING_H 1
| #define HAVE_MEMORY_H 1
| #define HAVE_STRINGS_H 1
| #define HAVE_INTTYPES_H 1
| #define HAVE_STDINT_H 1
| #define HAVE_UNISTD_H 1
| #define HAVE_DLFCN_H 1
| #define NO_BACKSPACE_KEY 1
| #define NO_DELETE_KEY 1
| #define NO_RESOURCES 1
| #define NO_SECONDARY_SCREEN 1
| #define PROTOTYPES 1
| #define HAVE_SYS_WAIT_H 1
| #define HAVE_ASSERT_H 1
| #define HAVE_FCNTL_H 1
| #define HAVE_GRP_H 1
| /* end confdefs.h.  */
| #include <stdio.h>
| #if HAVE_SYS_TYPES_H
| # include <sys/types.h>
| #endif
| #if HAVE_SYS_STAT_H
| # include <sys/stat.h>
| #endif
| #if STDC_HEADERS
| # include <stdlib.h>
| # include <stddef.h>
| #else
| # if HAVE_STDLIB_H
| #  include <stdlib.h>
| # endif
| #endif
| #if HAVE_STRING_H
| # if !STDC_HEADERS && HAVE_MEMORY_H
| #  include <memory.h>
| # endif
| # include <string.h>
| #endif
| #if HAVE_STRINGS_H
| # include <strings.h>
| #endif
| #if HAVE_INTTYPES_H
| # include <inttypes.h>
| #else
| # if HAVE_STDINT_H
| #  include <stdint.h>
| # endif
| #endif
| #if HAVE_UNISTD_H
| # include <unistd.h>
| #endif
| #include <libc.h>
configure:9548: result: no
configure:9552: checking libc.h presence
configure:9563: i486-TSOL-linux-gnu-gcc -E  conftest.c
configure:9582:18: fatal error: libc.h: No such file or directory
compilation terminated.
configure:9569: $? = 1
configure: failed program was:
| #line 9554 "configure"
| /* confdefs.h.  */
| 
| #define PACKAGE_NAME ""
| #define PACKAGE_TARNAME ""
| #define PACKAGE_VERSION ""
| #define PACKAGE_STRING ""
| #define PACKAGE_BUGREPORT ""
| #define STDC_HEADERS 1
| #define HAVE_SYS_TYPES_H 1
| #define HAVE_SYS_STAT_H 1
| #define HAVE_STDLIB_H 1
| #define HAVE_STRING_H 1
| #define HAVE_MEMORY_H 1
| #define HAVE_STRINGS_H 1
| #define HAVE_INTTYPES_H 1
| #define HAVE_STDINT_H 1
| #define HAVE_UNISTD_H 1
| #define HAVE_DLFCN_H 1
| #define NO_BACKSPACE_KEY 1
| #define NO_DELETE_KEY 1
| #define NO_RESOURCES 1
| #define NO_SECONDARY_SCREEN 1
| #define PROTOTYPES 1
| #define HAVE_SYS_WAIT_H 1
| #define HAVE_ASSERT_H 1
| #define HAVE_FCNTL_H 1
| #define HAVE_GRP_H 1
| /* end confdefs.h.  */
| #include <libc.h>
configure:9588: result: no
configure:9624: checking for libc.h
configure:9631: result: no
configure:9516: checking lastlog.h usability
configure:9529: i486-TSOL-linux-gnu-gcc -c -O2  conftest.c >&5
configure:9532: $? = 0
configure:9535: test -s conftest.o
configure:9538: $? = 0
configure:9548: result: yes
configure:9552: checking lastlog.h presence
configure:9563: i486-TSOL-linux-gnu-gcc -E  conftest.c
configure:9569: $? = 0
configure:9588: result: yes
configure:9624: checking for lastlog.h
configure:9631: result: yes
configure:9516: checking stdarg.h usability
configure:9529: i486-TSOL-linux-gnu-gcc -c -O2  conftest.c >&5
configure:9532: $? = 0
configure:9535: test -s conftest.o
configure:9538: $? = 0
configure:9548: result: yes
configure:9552: checking stdarg.h presence
configure:9563: i486-TSOL-linux-gnu-gcc -E  conftest.c
configure:9569: $? = 0
configure:9588: result: yes
configure:9624: checking for stdarg.h
configure:9631: result: yes
configure:9507: checking for stdlib.h
configure:9512: result: yes
configure:9507: checking for string.h
configure:9512: result: yes
configure:9516: checking termios.h usability
configure:9529: i486-TSOL-linux-gnu-gcc -c -O2  conftest.c >&5
configure:9532: $? = 0
configure:9535: test -s conftest.o
configure:9538: $? = 0
configure:9548: result: yes
configure:9552: checking termios.h presence
configure:9563: i486-TSOL-linux-gnu-gcc -E  conftest.c
configure:9569: $? = 0
configure:9588: result: yes
configure:9624: checking for termios.h
configure:9631: result: yes
configure:9507: checking for unistd.h
configure:9512: result: yes
configure:9516: checking sys/byteorder.h usability
configure:9529: i486-TSOL-linux-gnu-gcc -c -O2  conftest.c >&5
configure:9586:27: fatal error: sys/byteorder.h: No such file or directory
compilation terminated.
configure:9532: $? = 1
configure: failed program was:
| #line 9518 "configure"
| /* confdefs.h.  */
| 
| #define PACKAGE_NAME ""
| #define PACKAGE_TARNAME ""
| #define PACKAGE_VERSION ""
| #define PACKAGE_STRING ""
| #define PACKAGE_BUGREPORT ""
| #define STDC_HEADERS 1
| #define HAVE_SYS_TYPES_H 1
| #define HAVE_SYS_STAT_H 1
| #define HAVE_STDLIB_H 1
| #define HAVE_STRING_H 1
| #define HAVE_MEMORY_H 1
| #define HAVE_STRINGS_H 1
| #define HAVE_INTTYPES_H 1
| #define HAVE_STDINT_H 1
| #define HAVE_UNISTD_H 1
| #define HAVE_DLFCN_H 1
| #define NO_BACKSPACE_KEY 1
| #define NO_DELETE_KEY 1
| #define NO_RESOURCES 1
| #define NO_SECONDARY_SCREEN 1
| #define PROTOTYPES 1
| #define HAVE_SYS_WAIT_H 1
| #define HAVE_ASSERT_H 1
| #define HAVE_FCNTL_H 1
| #define HAVE_GRP_H 1
| #define HAVE_LASTLOG_H 1
| #define HAVE_STDARG_H 1
| #define HAVE_STDLIB_H 1
| #define HAVE_STRING_H 1
| #define HAVE_TERMIOS_H 1
| #define HAVE_UNISTD_H 1
| /* end confdefs.h.  */
| #include <stdio.h>
| #if HAVE_SYS_TYPES_H
| # include <sys/types.h>
| #endif
| #if HAVE_SYS_STAT_H
| # include <sys/stat.h>
| #endif
| #if STDC_HEADERS
| # include <stdlib.h>
| # include <stddef.h>
| #else
| # if HAVE_STDLIB_H
| #  include <stdlib.h>
| # endif
| #endif
| #if HAVE_STRING_H
| # if !STDC_HEADERS && HAVE_MEMORY_H
| #  include <memory.h>
| # endif
| # include <string.h>
| #endif
| #if HAVE_STRINGS_H
| # include <strings.h>
| #endif
| #if HAVE_INTTYPES_H
| # include <inttypes.h>
| #else
| # if HAVE_STDINT_H
| #  include <stdint.h>
| # endif
| #endif
| #if HAVE_UNISTD_H
| # include <unistd.h>
| #endif
| #include <sys/byteorder.h>
configure:9548: result: no
configure:9552: checking sys/byteorder.h presence
configure:9563: i486-TSOL-linux-gnu-gcc -E  conftest.c
configure:9588:27: fatal error: sys/byteorder.h: No such file or directory
compilation terminated.
configure:9569: $? = 1
configure: failed program was:
| #line 9554 "configure"
| /* confdefs.h.  */
| 
| #define PACKAGE_NAME ""
| #define PACKAGE_TARNAME ""
| #define PACKAGE_VERSION ""
| #define PACKAGE_STRING ""
| #define PACKAGE_BUGREPORT ""
| #define STDC_HEADERS 1
| #define HAVE_SYS_TYPES_H 1
| #define HAVE_SYS_STAT_H 1
| #define HAVE_STDLIB_H 1
| #define HAVE_STRING_H 1
| #define HAVE_MEMORY_H 1
| #define HAVE_STRINGS_H 1
| #define HAVE_INTTYPES_H 1
| #define HAVE_STDINT_H 1
| #define HAVE_UNISTD_H 1
| #define HAVE_DLFCN_H 1
| #define NO_BACKSPACE_KEY 1
| #define NO_DELETE_KEY 1
| #define NO_RESOURCES 1
| #define NO_SECONDARY_SCREEN 1
| #define PROTOTYPES 1
| #define HAVE_SYS_WAIT_H 1
| #define HAVE_ASSERT_H 1
| #define HAVE_FCNTL_H 1
| #define HAVE_GRP_H 1
| #define HAVE_LASTLOG_H 1
| #define HAVE_STDARG_H 1
| #define HAVE_STDLIB_H 1
| #define HAVE_STRING_H 1
| #define HAVE_TERMIOS_H 1
| #define HAVE_UNISTD_H 1
| /* end confdefs.h.  */
| #include <sys/byteorder.h>
configure:9588: result: no
configure:9624: checking for sys/byteorder.h
configure:9631: result: no
configure:9516: checking sys/ioctl.h usability
configure:9529: i486-TSOL-linux-gnu-gcc -c -O2  conftest.c >&5
configure:9532: $? = 0
configure:9535: test -s conftest.o
configure:9538: $? = 0
configure:9548: result: yes
configure:9552: checking sys/ioctl.h presence
configure:9563: i486-TSOL-linux-gnu-gcc -E  conftest.c
configure:9569: $? = 0
configure:9588: result: yes
configure:9624: checking for sys/ioctl.h
configure:9631: result: yes
configure:9516: checking sys/select.h usability
configure:9529: i486-TSOL-linux-gnu-gcc -c -O2  conftest.c >&5
configure:9532: $? = 0
configure:9535: test -s conftest.o
configure:9538: $? = 0
configure:9548: result: yes
configure:9552: checking sys/select.h presence
configure:9563: i486-TSOL-linux-gnu-gcc -E  conftest.c
configure:9569: $? = 0
configure:9588: result: yes
configure:9624: checking for sys/select.h
configure:9631: result: yes
configure:9516: checking sys/sockio.h usability
configure:9529: i486-TSOL-linux-gnu-gcc -c -O2  conftest.c >&5
configure:9588:24: fatal error: sys/sockio.h: No such file or directory
compilation terminated.
configure:9532: $? = 1
configure: failed program was:
| #line 9518 "configure"
| /* confdefs.h.  */
| 
| #define PACKAGE_NAME ""
| #define PACKAGE_TARNAME ""
| #define PACKAGE_VERSION ""
| #define PACKAGE_STRING ""
| #define PACKAGE_BUGREPORT ""
| #define STDC_HEADERS 1
| #define HAVE_SYS_TYPES_H 1
| #define HAVE_SYS_STAT_H 1
| #define HAVE_STDLIB_H 1
| #define HAVE_STRING_H 1
| #define HAVE_MEMORY_H 1
| #define HAVE_STRINGS_H 1
| #define HAVE_INTTYPES_H 1
| #define HAVE_STDINT_H 1
| #define HAVE_UNISTD_H 1
| #define HAVE_DLFCN_H 1
| #define NO_BACKSPACE_KEY 1
| #define NO_DELETE_KEY 1
| #define NO_RESOURCES 1
| #define NO_SECONDARY_SCREEN 1
| #define PROTOTYPES 1
| #define HAVE_SYS_WAIT_H 1
| #define HAVE_ASSERT_H 1
| #define HAVE_FCNTL_H 1
| #define HAVE_GRP_H 1
| #define HAVE_LASTLOG_H 1
| #define HAVE_STDARG_H 1
| #define HAVE_STDLIB_H 1
| #define HAVE_STRING_H 1
| #define HAVE_TERMIOS_H 1
| #define HAVE_UNISTD_H 1
| #define HAVE_SYS_IOCTL_H 1
| #define HAVE_SYS_SELECT_H 1
| /* end confdefs.h.  */
| #include <stdio.h>
| #if HAVE_SYS_TYPES_H
| # include <sys/types.h>
| #endif
| #if HAVE_SYS_STAT_H
| # include <sys/stat.h>
| #endif
| #if STDC_HEADERS
| # include <stdlib.h>
| # include <stddef.h>
| #else
| # if HAVE_STDLIB_H
| #  include <stdlib.h>
| # endif
| #endif
| #if HAVE_STRING_H
| # if !STDC_HEADERS && HAVE_MEMORY_H
| #  include <memory.h>
| # endif
| # include <string.h>
| #endif
| #if HAVE_STRINGS_H
| # include <strings.h>
| #endif
| #if HAVE_INTTYPES_H
| # include <inttypes.h>
| #else
| # if HAVE_STDINT_H
| #  include <stdint.h>
| # endif
| #endif
| #if HAVE_UNISTD_H
| # include <unistd.h>
| #endif
| #include <sys/sockio.h>
configure:9548: result: no
configure:9552: checking sys/sockio.h presence
configure:9563: i486-TSOL-linux-gnu-gcc -E  conftest.c
configure:9590:24: fatal error: sys/sockio.h: No such file or directory
compilation terminated.
configure:9569: $? = 1
configure: failed program was:
| #line 9554 "configure"
| /* confdefs.h.  */
| 
| #define PACKAGE_NAME ""
| #define PACKAGE_TARNAME ""
| #define PACKAGE_VERSION ""
| #define PACKAGE_STRING ""
| #define PACKAGE_BUGREPORT ""
| #define STDC_HEADERS 1
| #define HAVE_SYS_TYPES_H 1
| #define HAVE_SYS_STAT_H 1
| #define HAVE_STDLIB_H 1
| #define HAVE_STRING_H 1
| #define HAVE_MEMORY_H 1
| #define HAVE_STRINGS_H 1
| #define HAVE_INTTYPES_H 1
| #define HAVE_STDINT_H 1
| #define HAVE_UNISTD_H 1
| #define HAVE_DLFCN_H 1
| #define NO_BACKSPACE_KEY 1
| #define NO_DELETE_KEY 1
| #define NO_RESOURCES 1
| #define NO_SECONDARY_SCREEN 1
| #define PROTOTYPES 1
| #define HAVE_SYS_WAIT_H 1
| #define HAVE_ASSERT_H 1
| #define HAVE_FCNTL_H 1
| #define HAVE_GRP_H 1
| #define HAVE_LASTLOG_H 1
| #define HAVE_STDARG_H 1
| #define HAVE_STDLIB_H 1
| #define HAVE_STRING_H 1
| #define HAVE_TERMIOS_H 1
| #define HAVE_UNISTD_H 1
| #define HAVE_SYS_IOCTL_H 1
| #define HAVE_SYS_SELECT_H 1
| /* end confdefs.h.  */
| #include <sys/sockio.h>
configure:9588: result: no
configure:9624: checking for sys/sockio.h
configure:9631: result: no
configure:9516: checking sys/strredir.h usability
configure:9529: i486-TSOL-linux-gnu-gcc -c -O2  conftest.c >&5
configure:9588:26: fatal error: sys/strredir.h: No such file or directory
compilation terminated.
configure:9532: $? = 1
configure: failed program was:
| #line 9518 "configure"
| /* confdefs.h.  */
| 
| #define PACKAGE_NAME ""
| #define PACKAGE_TARNAME ""
| #define PACKAGE_VERSION ""
| #define PACKAGE_STRING ""
| #define PACKAGE_BUGREPORT ""
| #define STDC_HEADERS 1
| #define HAVE_SYS_TYPES_H 1
| #define HAVE_SYS_STAT_H 1
| #define HAVE_STDLIB_H 1
| #define HAVE_STRING_H 1
| #define HAVE_MEMORY_H 1
| #define HAVE_STRINGS_H 1
| #define HAVE_INTTYPES_H 1
| #define HAVE_STDINT_H 1
| #define HAVE_UNISTD_H 1
| #define HAVE_DLFCN_H 1
| #define NO_BACKSPACE_KEY 1
| #define NO_DELETE_KEY 1
| #define NO_RESOURCES 1
| #define NO_SECONDARY_SCREEN 1
| #define PROTOTYPES 1
| #define HAVE_SYS_WAIT_H 1
| #define HAVE_ASSERT_H 1
| #define HAVE_FCNTL_H 1
| #define HAVE_GRP_H 1
| #define HAVE_LASTLOG_H 1
| #define HAVE_STDARG_H 1
| #define HAVE_STDLIB_H 1
| #define HAVE_STRING_H 1
| #define HAVE_TERMIOS_H 1
| #define HAVE_UNISTD_H 1
| #define HAVE_SYS_IOCTL_H 1
| #define HAVE_SYS_SELECT_H 1
| /* end confdefs.h.  */
| #include <stdio.h>
| #if HAVE_SYS_TYPES_H
| # include <sys/types.h>
| #endif
| #if HAVE_SYS_STAT_H
| # include <sys/stat.h>
| #endif
| #if STDC_HEADERS
| # include <stdlib.h>
| # include <stddef.h>
| #else
| # if HAVE_STDLIB_H
| #  include <stdlib.h>
| # endif
| #endif
| #if HAVE_STRING_H
| # if !STDC_HEADERS && HAVE_MEMORY_H
| #  include <memory.h>
| # endif
| # include <string.h>
| #endif
| #if HAVE_STRINGS_H
| # include <strings.h>
| #endif
| #if HAVE_INTTYPES_H
| # include <inttypes.h>
| #else
| # if HAVE_STDINT_H
| #  include <stdint.h>
| # endif
| #endif
| #if HAVE_UNISTD_H
| # include <unistd.h>
| #endif
| #include <sys/strredir.h>
configure:9548: result: no
configure:9552: checking sys/strredir.h presence
configure:9563: i486-TSOL-linux-gnu-gcc -E  conftest.c
configure:9590:26: fatal error: sys/strredir.h: No such file or directory
compilation terminated.
configure:9569: $? = 1
configure: failed program was:
| #line 9554 "configure"
| /* confdefs.h.  */
| 
| #define PACKAGE_NAME ""
| #define PACKAGE_TARNAME ""
| #define PACKAGE_VERSION ""
| #define PACKAGE_STRING ""
| #define PACKAGE_BUGREPORT ""
| #define STDC_HEADERS 1
| #define HAVE_SYS_TYPES_H 1
| #define HAVE_SYS_STAT_H 1
| #define HAVE_STDLIB_H 1
| #define HAVE_STRING_H 1
| #define HAVE_MEMORY_H 1
| #define HAVE_STRINGS_H 1
| #define HAVE_INTTYPES_H 1
| #define HAVE_STDINT_H 1
| #define HAVE_UNISTD_H 1
| #define HAVE_DLFCN_H 1
| #define NO_BACKSPACE_KEY 1
| #define NO_DELETE_KEY 1
| #define NO_RESOURCES 1
| #define NO_SECONDARY_SCREEN 1
| #define PROTOTYPES 1
| #define HAVE_SYS_WAIT_H 1
| #define HAVE_ASSERT_H 1
| #define HAVE_FCNTL_H 1
| #define HAVE_GRP_H 1
| #define HAVE_LASTLOG_H 1
| #define HAVE_STDARG_H 1
| #define HAVE_STDLIB_H 1
| #define HAVE_STRING_H 1
| #define HAVE_TERMIOS_H 1
| #define HAVE_UNISTD_H 1
| #define HAVE_SYS_IOCTL_H 1
| #define HAVE_SYS_SELECT_H 1
| /* end confdefs.h.  */
| #include <sys/strredir.h>
configure:9588: result: no
configure:9624: checking for sys/strredir.h
configure:9631: result: no
configure:9516: checking sys/time.h usability
configure:9529: i486-TSOL-linux-gnu-gcc -c -O2  conftest.c >&5
configure:9532: $? = 0
configure:9535: test -s conftest.o
configure:9538: $? = 0
configure:9548: result: yes
configure:9552: checking sys/time.h presence
configure:9563: i486-TSOL-linux-gnu-gcc -E  conftest.c
configure:9569: $? = 0
configure:9588: result: yes
configure:9624: checking for sys/time.h
configure:9631: result: yes
configure:9516: checking utmp.h usability
configure:9529: i486-TSOL-linux-gnu-gcc -c -O2  conftest.c >&5
configure:9532: $? = 0
configure:9535: test -s conftest.o
configure:9538: $? = 0
configure:9548: result: yes
configure:9552: checking utmp.h presence
configure:9563: i486-TSOL-linux-gnu-gcc -E  conftest.c
configure:9569: $? = 0
configure:9588: result: yes
configure:9624: checking for utmp.h
configure:9631: result: yes
configure:9516: checking utmpx.h usability
configure:9529: i486-TSOL-linux-gnu-gcc -c -O2  conftest.c >&5
configure:9532: $? = 0
configure:9535: test -s conftest.o
configure:9538: $? = 0
configure:9548: result: yes
configure:9552: checking utmpx.h presence
configure:9563: i486-TSOL-linux-gnu-gcc -E  conftest.c
configure:9569: $? = 0
configure:9588: result: yes
configure:9624: checking for utmpx.h
configure:9631: result: yes
configure:9645: checking whether time.h and sys/time.h may both be included
configure:9671: i486-TSOL-linux-gnu-gcc -c -O2  conftest.c >&5
configure:9674: $? = 0
configure:9677: test -s conftest.o
configure:9680: $? = 0
configure:9691: result: yes
configure:9702: checking whether termios.h and sys/ioctl.h may both be included
configure:9728: i486-TSOL-linux-gnu-gcc -c -O2  conftest.c >&5
configure:9731: $? = 0
configure:9734: test -s conftest.o
configure:9737: $? = 0
configure:9748: result: yes
configure:9762: checking for -rpath dynamic library path recording
configure:9786: i486-TSOL-linux-gnu-gcc -o conftest -O2  -I/usr/xorg/include  -static-libgcc conftest.c   -L/usr/xorg/lib -Wl,-rpath -Wl,/usr/xorg/lib  -lX11 >&5
configure: In function 'main':
configure:9814:5: warning: incompatible implicit declaration of built-in function 'exit' [enabled by default]
configure:9789: $? = 0
configure:9791: ./conftest
configure:9794: $? = 0
configure:9808: result: yes
configure:9865: checking for XPointer
configure:9887: i486-TSOL-linux-gnu-gcc -c -O2  -I/usr/xorg/include  conftest.c >&5
configure:9890: $? = 0
configure:9893: test -s conftest.o
configure:9896: $? = 0
configure:9907: result: yes
configure:9920: checking for an ANSI C-conforming const
configure:9988: i486-TSOL-linux-gnu-gcc -c -O2  conftest.c >&5
configure:9991: $? = 0
configure:9994: test -s conftest.o
configure:9997: $? = 0
configure:10008: result: yes
configure:10018: checking for inline
configure:10040: i486-TSOL-linux-gnu-gcc -c -O2  conftest.c >&5
configure:10043: $? = 0
configure:10046: test -s conftest.o
configure:10049: $? = 0
configure:10061: result: inline
configure:10078: checking for mode_t
configure:10103: i486-TSOL-linux-gnu-gcc -c -O2  conftest.c >&5
configure:10106: $? = 0
configure:10109: test -s conftest.o
configure:10112: $? = 0
configure:10123: result: yes
configure:10135: checking for pid_t
configure:10160: i486-TSOL-linux-gnu-gcc -c -O2  conftest.c >&5
configure:10163: $? = 0
configure:10166: test -s conftest.o
configure:10169: $? = 0
configure:10180: result: yes
configure:10192: checking for uid_t in sys/types.h
configure:10216: result: yes
configure:10233: checking for char
configure:10258: i486-TSOL-linux-gnu-gcc -c -O2  conftest.c >&5
configure:10261: $? = 0
configure:10264: test -s conftest.o
configure:10267: $? = 0
configure:10278: result: yes
configure:10281: checking size of char
configure:10556: i486-TSOL-linux-gnu-gcc -o conftest -O2  -static-libgcc conftest.c  >&5
configure:10559: $? = 0
configure:10561: ./conftest
configure:10564: $? = 0
configure:10587: result: 1
configure:10594: checking for short
configure:10619: i486-TSOL-linux-gnu-gcc -c -O2  conftest.c >&5
configure:10622: $? = 0
configure:10625: test -s conftest.o
configure:10628: $? = 0
configure:10639: result: yes
configure:10642: checking size of short
configure:10917: i486-TSOL-linux-gnu-gcc -o conftest -O2  -static-libgcc conftest.c  >&5
configure:10920: $? = 0
configure:10922: ./conftest
configure:10925: $? = 0
configure:10948: result: 2
configure:10955: checking for int
configure:10980: i486-TSOL-linux-gnu-gcc -c -O2  conftest.c >&5
configure:10983: $? = 0
configure:10986: test -s conftest.o
configure:10989: $? = 0
configure:11000: result: yes
configure:11003: checking size of int
configure:11278: i486-TSOL-linux-gnu-gcc -o conftest -O2  -static-libgcc conftest.c  >&5
configure:11281: $? = 0
configure:11283: ./conftest
configure:11286: $? = 0
configure:11309: result: 4
configure:11316: checking for long
configure:11341: i486-TSOL-linux-gnu-gcc -c -O2  conftest.c >&5
configure:11344: $? = 0
configure:11347: test -s conftest.o
configure:11350: $? = 0
configure:11361: result: yes
configure:11364: checking size of long
configure:11639: i486-TSOL-linux-gnu-gcc -o conftest -O2  -static-libgcc conftest.c  >&5
configure:11642: $? = 0
configure:11644: ./conftest
configure:11647: $? = 0
configure:11670: result: 4
configure:11677: checking for long long
configure:11702: i486-TSOL-linux-gnu-gcc -c -O2  conftest.c >&5
configure:11705: $? = 0
configure:11708: test -s conftest.o
configure:11711: $? = 0
configure:11722: result: yes
configure:11725: checking size of long long
configure:12000: i486-TSOL-linux-gnu-gcc -o conftest -O2  -static-libgcc conftest.c  >&5
configure:12003: $? = 0
configure:12005: ./conftest
configure:12008: $? = 0
configure:12031: result: 8
configure:12038: checking for int *
configure:12063: i486-TSOL-linux-gnu-gcc -c -O2  conftest.c >&5
configure:12066: $? = 0
configure:12069: test -s conftest.o
configure:12072: $? = 0
configure:12083: result: yes
configure:12086: checking size of int *
configure:12361: i486-TSOL-linux-gnu-gcc -o conftest -O2  -static-libgcc conftest.c  >&5
configure:12364: $? = 0
configure:12366: ./conftest
configure:12369: $? = 0
configure:12392: result: 4
configure:12401: checking for int16_t
configure:12423: i486-TSOL-linux-gnu-gcc -c -O2  conftest.c >&5
configure:12426: $? = 0
configure:12429: test -s conftest.o
configure:12432: $? = 0
configure:12463: result: yes
configure:12475: checking for u_int16_t
configure:12497: i486-TSOL-linux-gnu-gcc -c -O2  conftest.c >&5
configure:12500: $? = 0
configure:12503: test -s conftest.o
configure:12506: $? = 0
configure:12537: result: yes
configure:12549: checking for int32_t
configure:12571: i486-TSOL-linux-gnu-gcc -c -O2  conftest.c >&5
configure:12574: $? = 0
configure:12577: test -s conftest.o
configure:12580: $? = 0
configure:12611: result: yes
configure:12623: checking for u_int32_t
configure:12645: i486-TSOL-linux-gnu-gcc -c -O2  conftest.c >&5
configure:12648: $? = 0
configure:12651: test -s conftest.o
configure:12654: $? = 0
configure:12685: result: yes
configure:12697: checking for int64_t
configure:12719: i486-TSOL-linux-gnu-gcc -c -O2  conftest.c >&5
configure:12722: $? = 0
configure:12725: test -s conftest.o
configure:12728: $? = 0
configure:12759: result: yes
configure:12771: checking for u_int64_t
configure:12793: i486-TSOL-linux-gnu-gcc -c -O2  conftest.c >&5
configure:12796: $? = 0
configure:12799: test -s conftest.o
configure:12802: $? = 0
configure:12833: result: yes
configure:12865: checking return type of signal handlers
configure:12897: i486-TSOL-linux-gnu-gcc -c -O2  conftest.c >&5
configure:12900: $? = 0
configure:12903: test -s conftest.o
configure:12906: $? = 0
configure:12917: result: void
configure:12971: checking for atexit
configure:13021: i486-TSOL-linux-gnu-gcc -o conftest -O2  -static-libgcc conftest.c  >&5
configure:13024: $? = 0
configure:13027: test -s conftest
configure:13030: $? = 0
configure:13041: result: yes
configure:12971: checking for revoke
configure:13021: i486-TSOL-linux-gnu-gcc -o conftest -O2  -static-libgcc conftest.c  >&5
configure:13046:1: error: unknown type name 'choke'
configure:13054:1: error: expected '=', ',', ';', 'asm' or '__attribute__' before 'int'
configure:13024: $? = 1
configure: failed program was:
| #line 12976 "configure"
| /* confdefs.h.  */
| 
| #define PACKAGE_NAME ""
| #define PACKAGE_TARNAME ""
| #define PACKAGE_VERSION ""
| #define PACKAGE_STRING ""
| #define PACKAGE_BUGREPORT ""
| #define STDC_HEADERS 1
| #define HAVE_SYS_TYPES_H 1
| #define HAVE_SYS_STAT_H 1
| #define HAVE_STDLIB_H 1
| #define HAVE_STRING_H 1
| #define HAVE_MEMORY_H 1
| #define HAVE_STRINGS_H 1
| #define HAVE_INTTYPES_H 1
| #define HAVE_STDINT_H 1
| #define HAVE_UNISTD_H 1
| #define HAVE_DLFCN_H 1
| #define NO_BACKSPACE_KEY 1
| #define NO_DELETE_KEY 1
| #define NO_RESOURCES 1
| #define NO_SECONDARY_SCREEN 1
| #define PROTOTYPES 1
| #define HAVE_SYS_WAIT_H 1
| #define HAVE_ASSERT_H 1
| #define HAVE_FCNTL_H 1
| #define HAVE_GRP_H 1
| #define HAVE_LASTLOG_H 1
| #define HAVE_STDARG_H 1
| #define HAVE_STDLIB_H 1
| #define HAVE_STRING_H 1
| #define HAVE_TERMIOS_H 1
| #define HAVE_UNISTD_H 1
| #define HAVE_SYS_IOCTL_H 1
| #define HAVE_SYS_SELECT_H 1
| #define HAVE_SYS_TIME_H 1
| #define HAVE_UTMP_H 1
| #define HAVE_UTMPX_H 1
| #define TIME_WITH_SYS_TIME 1
| #define HAVE_XPOINTER 1
| #define SIZEOF_CHAR 1
| #define SIZEOF_SHORT 2
| #define SIZEOF_INT 4
| #define SIZEOF_LONG 4
| #define SIZEOF_LONG_LONG 8
| #define SIZEOF_INT_P 4
| #define RETSIGTYPE void
| #define HAVE_ATEXIT 1
| /* end confdefs.h.  */
| /* System header to define __stub macros and hopefully few prototypes,
|     which can conflict with char revoke (); below.
|     Prefer <limits.h> to <assert.h> if __STDC__ is defined, since
|     <limits.h> exists even on freestanding compilers.  */
| #ifdef __STDC__
| # include <limits.h>
| #else
| # include <assert.h>
| #endif
| /* Override any gcc2 internal prototype to avoid an error.  */
| #ifdef __cplusplus
| extern "C"
| {
| #endif
| /* We use char because int might match the return type of a gcc2
|    builtin and then its argument prototype would still apply.  */
| char revoke ();
| /* The GNU C library defines this for functions which it implements
|     to always fail with ENOSYS.  Some functions are actually named
|     something starting with __ and the normal name is an alias.  */
| #if defined (__stub_revoke) || defined (__stub___revoke)
| choke me
| #else
| char (*f) () = revoke;
| #endif
| #ifdef __cplusplus
| }
| #endif
| 
| int
| main ()
| {
| return f != revoke;
|   ;
|   return 0;
| }
configure:13041: result: no
configure:12971: checking for unsetenv
configure:13021: i486-TSOL-linux-gnu-gcc -o conftest -O2  -static-libgcc conftest.c  >&5
configure:13024: $? = 0
configure:13027: test -s conftest
configure:13030: $? = 0
configure:13041: result: yes
configure:12971: checking for setutent
configure:13021: i486-TSOL-linux-gnu-gcc -o conftest -O2  -static-libgcc conftest.c  >&5
configure:13024: $? = 0
configure:13027: test -s conftest
configure:13030: $? = 0
configure:13041: result: yes
configure:12971: checking for seteuid
configure:13021: i486-TSOL-linux-gnu-gcc -o conftest -O2  -static-libgcc conftest.c  >&5
configure:13024: $? = 0
configure:13027: test -s conftest
configure:13030: $? = 0
configure:13041: result: yes
configure:12971: checking for setreuid
configure:13021: i486-TSOL-linux-gnu-gcc -o conftest -O2  -static-libgcc conftest.c  >&5
configure:13024: $? = 0
configure:13027: test -s conftest
configure:13030: $? = 0
configure:13041: result: yes
configure:12971: checking for setsid
configure:13021: i486-TSOL-linux-gnu-gcc -o conftest -O2  -static-libgcc conftest.c  >&5
configure:13024: $? = 0
configure:13027: test -s conftest
configure:13030: $? = 0
configure:13041: result: yes
configure:12971: checking for setpgrp
configure:13021: i486-TSOL-linux-gnu-gcc -o conftest -O2  -static-libgcc conftest.c  >&5
configure:13024: $? = 0
configure:13027: test -s conftest
configure:13030: $? = 0
configure:13041: result: yes
configure:12971: checking for setpgid
configure:13021: i486-TSOL-linux-gnu-gcc -o conftest -O2  -static-libgcc conftest.c  >&5
configure:13024: $? = 0
configure:13027: test -s conftest
configure:13030: $? = 0
configure:13041: result: yes
configure:12971: checking for openpty
configure:13021: i486-TSOL-linux-gnu-gcc -o conftest -O2  -static-libgcc conftest.c  >&5
/tmp/ccCtkjLC.o:(.data+0x0): undefined reference to `openpty'
/tmp/ccCtkjLC.o: In function `main':
conftest.c:(.text.startup+0x6): undefined reference to `openpty'
collect2: ld returned 1 exit status
configure:13024: $? = 1
configure: failed program was:
| #line 12976 "configure"
| /* confdefs.h.  */
| 
| #define PACKAGE_NAME ""
| #define PACKAGE_TARNAME ""
| #define PACKAGE_VERSION ""
| #define PACKAGE_STRING ""
| #define PACKAGE_BUGREPORT ""
| #define STDC_HEADERS 1
| #define HAVE_SYS_TYPES_H 1
| #define HAVE_SYS_STAT_H 1
| #define HAVE_STDLIB_H 1
| #define HAVE_STRING_H 1
| #define HAVE_MEMORY_H 1
| #define HAVE_STRINGS_H 1
| #define HAVE_INTTYPES_H 1
| #define HAVE_STDINT_H 1
| #define HAVE_UNISTD_H 1
| #define HAVE_DLFCN_H 1
| #define NO_BACKSPACE_KEY 1
| #define NO_DELETE_KEY 1
| #define NO_RESOURCES 1
| #define NO_SECONDARY_SCREEN 1
| #define PROTOTYPES 1
| #define HAVE_SYS_WAIT_H 1
| #define HAVE_ASSERT_H 1
| #define HAVE_FCNTL_H 1
| #define HAVE_GRP_H 1
| #define HAVE_LASTLOG_H 1
| #define HAVE_STDARG_H 1
| #define HAVE_STDLIB_H 1
| #define HAVE_STRING_H 1
| #define HAVE_TERMIOS_H 1
| #define HAVE_UNISTD_H 1
| #define HAVE_SYS_IOCTL_H 1
| #define HAVE_SYS_SELECT_H 1
| #define HAVE_SYS_TIME_H 1
| #define HAVE_UTMP_H 1
| #define HAVE_UTMPX_H 1
| #define TIME_WITH_SYS_TIME 1
| #define HAVE_XPOINTER 1
| #define SIZEOF_CHAR 1
| #define SIZEOF_SHORT 2
| #define SIZEOF_INT 4
| #define SIZEOF_LONG 4
| #define SIZEOF_LONG_LONG 8
| #define SIZEOF_INT_P 4
| #define RETSIGTYPE void
| #define HAVE_ATEXIT 1
| #define HAVE_UNSETENV 1
| #define HAVE_SETUTENT 1
| #define HAVE_SETEUID 1
| #define HAVE_SETREUID 1
| #define HAVE_SETSID 1
| #define HAVE_SETPGRP 1
| #define HAVE_SETPGID 1
| /* end confdefs.h.  */
| /* System header to define __stub macros and hopefully few prototypes,
|     which can conflict with char openpty (); below.
|     Prefer <limits.h> to <assert.h> if __STDC__ is defined, since
|     <limits.h> exists even on freestanding compilers.  */
| #ifdef __STDC__
| # include <limits.h>
| #else
| # include <assert.h>
| #endif
| /* Override any gcc2 internal prototype to avoid an error.  */
| #ifdef __cplusplus
| extern "C"
| {
| #endif
| /* We use char because int might match the return type of a gcc2
|    builtin and then its argument prototype would still apply.  */
| char openpty ();
| /* The GNU C library defines this for functions which it implements
|     to always fail with ENOSYS.  Some functions are actually named
|     something starting with __ and the normal name is an alias.  */
| #if defined (__stub_openpty) || defined (__stub___openpty)
| choke me
| #else
| char (*f) () = openpty;
| #endif
| #ifdef __cplusplus
| }
| #endif
| 
| int
| main ()
| {
| return f != openpty;
|   ;
|   return 0;
| }
configure:13041: result: no
configure:12971: checking for _getpty
configure:13021: i486-TSOL-linux-gnu-gcc -o conftest -O2  -static-libgcc conftest.c  >&5
/tmp/ccSnXrWI.o:(.data+0x0): undefined reference to `_getpty'
/tmp/ccSnXrWI.o: In function `main':
conftest.c:(.text.startup+0x6): undefined reference to `_getpty'
collect2: ld returned 1 exit status
configure:13024: $? = 1
configure: failed program was:
| #line 12976 "configure"
| /* confdefs.h.  */
| 
| #define PACKAGE_NAME ""
| #define PACKAGE_TARNAME ""
| #define PACKAGE_VERSION ""
| #define PACKAGE_STRING ""
| #define PACKAGE_BUGREPORT ""
| #define STDC_HEADERS 1
| #define HAVE_SYS_TYPES_H 1
| #define HAVE_SYS_STAT_H 1
| #define HAVE_STDLIB_H 1
| #define HAVE_STRING_H 1
| #define HAVE_MEMORY_H 1
| #define HAVE_STRINGS_H 1
| #define HAVE_INTTYPES_H 1
| #define HAVE_STDINT_H 1
| #define HAVE_UNISTD_H 1
| #define HAVE_DLFCN_H 1
| #define NO_BACKSPACE_KEY 1
| #define NO_DELETE_KEY 1
| #define NO_RESOURCES 1
| #define NO_SECONDARY_SCREEN 1
| #define PROTOTYPES 1
| #define HAVE_SYS_WAIT_H 1
| #define HAVE_ASSERT_H 1
| #define HAVE_FCNTL_H 1
| #define HAVE_GRP_H 1
| #define HAVE_LASTLOG_H 1
| #define HAVE_STDARG_H 1
| #define HAVE_STDLIB_H 1
| #define HAVE_STRING_H 1
| #define HAVE_TERMIOS_H 1
| #define HAVE_UNISTD_H 1
| #define HAVE_SYS_IOCTL_H 1
| #define HAVE_SYS_SELECT_H 1
| #define HAVE_SYS_TIME_H 1
| #define HAVE_UTMP_H 1
| #define HAVE_UTMPX_H 1
| #define TIME_WITH_SYS_TIME 1
| #define HAVE_XPOINTER 1
| #define SIZEOF_CHAR 1
| #define SIZEOF_SHORT 2
| #define SIZEOF_INT 4
| #define SIZEOF_LONG 4
| #define SIZEOF_LONG_LONG 8
| #define SIZEOF_INT_P 4
| #define RETSIGTYPE void
| #define HAVE_ATEXIT 1
| #define HAVE_UNSETENV 1
| #define HAVE_SETUTENT 1
| #define HAVE_SETEUID 1
| #define HAVE_SETREUID 1
| #define HAVE_SETSID 1
| #define HAVE_SETPGRP 1
| #define HAVE_SETPGID 1
| /* end confdefs.h.  */
| /* System header to define __stub macros and hopefully few prototypes,
|     which can conflict with char _getpty (); below.
|     Prefer <limits.h> to <assert.h> if __STDC__ is defined, since
|     <limits.h> exists even on freestanding compilers.  */
| #ifdef __STDC__
| # include <limits.h>
| #else
| # include <assert.h>
| #endif
| /* Override any gcc2 internal prototype to avoid an error.  */
| #ifdef __cplusplus
| extern "C"
| {
| #endif
| /* We use char because int might match the return type of a gcc2
|    builtin and then its argument prototype would still apply.  */
| char _getpty ();
| /* The GNU C library defines this for functions which it implements
|     to always fail with ENOSYS.  Some functions are actually named
|     something starting with __ and the normal name is an alias.  */
| #if defined (__stub__getpty) || defined (__stub____getpty)
| choke me
| #else
| char (*f) () = _getpty;
| #endif
| #ifdef __cplusplus
| }
| #endif
| 
| int
| main ()
| {
| return f != _getpty;
|   ;
|   return 0;
| }
configure:13041: result: no
configure:12971: checking for grantpt
configure:13021: i486-TSOL-linux-gnu-gcc -o conftest -O2  -static-libgcc conftest.c  >&5
configure:13024: $? = 0
configure:13027: test -s conftest
configure:13030: $? = 0
configure:13041: result: yes
configure:12971: checking for unlockpt
configure:13021: i486-TSOL-linux-gnu-gcc -o conftest -O2  -static-libgcc conftest.c  >&5
configure:13024: $? = 0
configure:13027: test -s conftest
configure:13030: $? = 0
configure:13041: result: yes
configure:12971: checking for isastream
configure:13021: i486-TSOL-linux-gnu-gcc -o conftest -O2  -static-libgcc conftest.c  >&5
configure:13024: $? = 0
configure:13027: test -s conftest
configure:13030: $? = 0
configure:13041: result: yes
configure:12971: checking for on_exit
configure:13021: i486-TSOL-linux-gnu-gcc -o conftest -O2  -static-libgcc conftest.c  >&5
configure:13024: $? = 0
configure:13027: test -s conftest
configure:13030: $? = 0
configure:13041: result: yes
configure:12971: checking for nanosleep
configure:13021: i486-TSOL-linux-gnu-gcc -o conftest -O2  -static-libgcc conftest.c  >&5
configure:13024: $? = 0
configure:13027: test -s conftest
configure:13030: $? = 0
configure:13041: result: yes
configure:12971: checking for updwtmp
configure:13021: i486-TSOL-linux-gnu-gcc -o conftest -O2  -static-libgcc conftest.c  >&5
configure:13024: $? = 0
configure:13027: test -s conftest
configure:13030: $? = 0
configure:13041: result: yes
configure:12971: checking for ttyslot
configure:13021: i486-TSOL-linux-gnu-gcc -o conftest -O2  -static-libgcc conftest.c  >&5
configure:13024: $? = 0
configure:13027: test -s conftest
configure:13030: $? = 0
configure:13041: result: yes
configure:13054: checking for utmp.h
configure:13059: result: yes
configure:13183: checking for struct utmp
configure:13206: i486-TSOL-linux-gnu-gcc -c -O2  conftest.c >&5
configure:13209: $? = 0
configure:13212: test -s conftest.o
configure:13215: $? = 0
configure:13226: result: yes
configure:13237: checking for ut_host in utmp struct
configure:13260: i486-TSOL-linux-gnu-gcc -c -O2  conftest.c >&5
configure:13263: $? = 0
configure:13266: test -s conftest.o
configure:13269: $? = 0
configure:13280: result: yes
configure:13290: checking for ut_pid in utmp struct
configure:13313: i486-TSOL-linux-gnu-gcc -c -O2  conftest.c >&5
configure:13316: $? = 0
configure:13319: test -s conftest.o
configure:13322: $? = 0
configure:13333: result: yes
configure:13348: checking for utmpx.h
configure:13353: result: yes
configure:13477: checking for struct utmpx
configure:13500: i486-TSOL-linux-gnu-gcc -c -O2  conftest.c >&5
configure:13503: $? = 0
configure:13506: test -s conftest.o
configure:13509: $? = 0
configure:13520: result: yes
configure:13531: checking for host in utmpx struct
configure:13554: i486-TSOL-linux-gnu-gcc -c -O2  conftest.c >&5
configure:13557: $? = 0
configure:13560: test -s conftest.o
configure:13563: $? = 0
configure:13574: result: yes
configure:13588: checking for struct lastlog
configure:13615: i486-TSOL-linux-gnu-gcc -c -O2  conftest.c >&5
configure:13618: $? = 0
configure:13621: test -s conftest.o
configure:13624: $? = 0
configure:13635: result: yes
configure:13645: checking for struct lastlogx
configure:13672: i486-TSOL-linux-gnu-gcc -c -O2  conftest.c >&5
configure: In function 'main':
configure:13728:17: error: storage size of 'll' isn't known
configure:13675: $? = 1
configure: failed program was:
| #line 13650 "configure"
| /* confdefs.h.  */
| 
| #define PACKAGE_NAME ""
| #define PACKAGE_TARNAME ""
| #define PACKAGE_VERSION ""
| #define PACKAGE_STRING ""
| #define PACKAGE_BUGREPORT ""
| #define STDC_HEADERS 1
| #define HAVE_SYS_TYPES_H 1
| #define HAVE_SYS_STAT_H 1
| #define HAVE_STDLIB_H 1
| #define HAVE_STRING_H 1
| #define HAVE_MEMORY_H 1
| #define HAVE_STRINGS_H 1
| #define HAVE_INTTYPES_H 1
| #define HAVE_STDINT_H 1
| #define HAVE_UNISTD_H 1
| #define HAVE_DLFCN_H 1
| #define NO_BACKSPACE_KEY 1
| #define NO_DELETE_KEY 1
| #define NO_RESOURCES 1
| #define NO_SECONDARY_SCREEN 1
| #define PROTOTYPES 1
| #define HAVE_SYS_WAIT_H 1
| #define HAVE_ASSERT_H 1
| #define HAVE_FCNTL_H 1
| #define HAVE_GRP_H 1
| #define HAVE_LASTLOG_H 1
| #define HAVE_STDARG_H 1
| #define HAVE_STDLIB_H 1
| #define HAVE_STRING_H 1
| #define HAVE_TERMIOS_H 1
| #define HAVE_UNISTD_H 1
| #define HAVE_SYS_IOCTL_H 1
| #define HAVE_SYS_SELECT_H 1
| #define HAVE_SYS_TIME_H 1
| #define HAVE_UTMP_H 1
| #define HAVE_UTMPX_H 1
| #define TIME_WITH_SYS_TIME 1
| #define HAVE_XPOINTER 1
| #define SIZEOF_CHAR 1
| #define SIZEOF_SHORT 2
| #define SIZEOF_INT 4
| #define SIZEOF_LONG 4
| #define SIZEOF_LONG_LONG 8
| #define SIZEOF_INT_P 4
| #define RETSIGTYPE void
| #define HAVE_ATEXIT 1
| #define HAVE_UNSETENV 1
| #define HAVE_SETUTENT 1
| #define HAVE_SETEUID 1
| #define HAVE_SETREUID 1
| #define HAVE_SETSID 1
| #define HAVE_SETPGRP 1
| #define HAVE_SETPGID 1
| #define HAVE_GRANTPT 1
| #define HAVE_UNLOCKPT 1
| #define HAVE_ISASTREAM 1
| #define HAVE_ON_EXIT 1
| #define HAVE_NANOSLEEP 1
| #define HAVE_UPDWTMP 1
| #define HAVE_TTYSLOT 1
| #define HAVE_STRUCT_UTMP 1
| #define HAVE_UTMP_HOST 1
| #define HAVE_UTMP_PID 1
| #define HAVE_STRUCT_UTMPX 1
| #define HAVE_UTMPX_HOST 1
| #define HAVE_STRUCT_LASTLOG 1
| /* end confdefs.h.  */
| #include <sys/types.h>
| #include <utmpx.h>
| #ifdef HAVE_LASTLOG_H
| #include <lastlog.h>
| #endif
| 
| int
| main ()
| {
| struct lastlogx ll;
|   ;
|   return 0;
| }
configure:13692: result: no
configure:13703: checking where utmp is located
configure:13747: i486-TSOL-linux-gnu-gcc -o conftest -O2  -static-libgcc conftest.c  >&5
configure: In function 'main':
configure:13790:13: warning: incompatible implicit declaration of built-in function 'exit' [enabled by default]
configure:13750: $? = 0
configure:13752: ./conftest
configure:13755: $? = 0
configure:13769: result: /var/run/utmp
configure:13780: checking where utmpx is located
configure:13834: i486-TSOL-linux-gnu-gcc -o conftest -O2  -static-libgcc conftest.c  >&5
configure: In function 'main':
configure:13879:13: warning: incompatible implicit declaration of built-in function 'exit' [enabled by default]
configure:13837: $? = 0
configure:13839: ./conftest
configure:13842: $? = 0
configure:13856: result: 
configure:13867: checking where wtmp is located
configure:13913: i486-TSOL-linux-gnu-gcc -o conftest -O2  -static-libgcc conftest.c  >&5
configure: In function 'main':
configure:13957:13: warning: incompatible implicit declaration of built-in function 'exit' [enabled by default]
configure:13916: $? = 0
configure:13918: ./conftest
configure:13921: $? = 0
configure:13935: result: /var/log/wtmp
configure:13945: checking where wtmpx is located
configure:13990: i486-TSOL-linux-gnu-gcc -o conftest -O2  -static-libgcc conftest.c  >&5
configure: In function 'main':
configure:14035:13: warning: incompatible implicit declaration of built-in function 'exit' [enabled by default]
configure:13993: $? = 0
configure:13995: ./conftest
configure:13998: $? = 0
configure:14012: result: 
configure:14022: checking where lastlog is located
configure:14072: i486-TSOL-linux-gnu-gcc -o conftest -O2  -static-libgcc conftest.c  >&5
configure: In function 'main':
configure:14117:13: warning: incompatible implicit declaration of built-in function 'exit' [enabled by default]
configure:14075: $? = 0
configure:14077: ./conftest
configure:14080: $? = 0
configure:14094: result: /var/log/lastlog
configure:14111: checking where lastlogx is located
configure:14155: i486-TSOL-linux-gnu-gcc -o conftest -O2  -static-libgcc conftest.c  >&5
configure: In function 'main':
configure:14201:13: warning: incompatible implicit declaration of built-in function 'exit' [enabled by default]
configure:14158: $? = 0
configure:14160: ./conftest
configure:14163: $? = 0
configure:14177: result: 
configure:14188: checking where ttys/ttytab is located
configure:14202: result: 
configure:14220: checking for working Xlocale
configure:14245: i486-TSOL-linux-gnu-gcc -o conftest -O2  -I/usr/xorg/include  -static-libgcc conftest.c -L/usr/xorg/lib -Wl,-rpath -Wl,/usr/xorg/lib -lX11 >&5
configure: In function 'main':
configure:14305:1: warning: incompatible implicit declaration of built-in function 'exit' [enabled by default]
configure:14248: $? = 0
configure:14250: ./conftest
configure:14253: $? = 0
configure:14267: result: yes
configure:14277: checking for working X setlocale
configure:14300: i486-TSOL-linux-gnu-gcc -o conftest -O2  -I/usr/xorg/include  -static-libgcc conftest.c -L/usr/xorg/lib -Wl,-rpath -Wl,/usr/xorg/lib -lX11 >&5
/tmp/cccdNjpX.o: In function `main':
conftest.c:(.text.startup+0x19): undefined reference to `_Xsetlocale'
collect2: ld returned 1 exit status
configure:14303: $? = 1
configure: failed program was:
| #line 14282 "configure"
| /* confdefs.h.  */
| 
| #define PACKAGE_NAME ""
| #define PACKAGE_TARNAME ""
| #define PACKAGE_VERSION ""
| #define PACKAGE_STRING ""
| #define PACKAGE_BUGREPORT ""
| #define STDC_HEADERS 1
| #define HAVE_SYS_TYPES_H 1
| #define HAVE_SYS_STAT_H 1
| #define HAVE_STDLIB_H 1
| #define HAVE_STRING_H 1
| #define HAVE_MEMORY_H 1
| #define HAVE_STRINGS_H 1
| #define HAVE_INTTYPES_H 1
| #define HAVE_STDINT_H 1
| #define HAVE_UNISTD_H 1
| #define HAVE_DLFCN_H 1
| #define NO_BACKSPACE_KEY 1
| #define NO_DELETE_KEY 1
| #define NO_RESOURCES 1
| #define NO_SECONDARY_SCREEN 1
| #define PROTOTYPES 1
| #define HAVE_SYS_WAIT_H 1
| #define HAVE_ASSERT_H 1
| #define HAVE_FCNTL_H 1
| #define HAVE_GRP_H 1
| #define HAVE_LASTLOG_H 1
| #define HAVE_STDARG_H 1
| #define HAVE_STDLIB_H 1
| #define HAVE_STRING_H 1
| #define HAVE_TERMIOS_H 1
| #define HAVE_UNISTD_H 1
| #define HAVE_SYS_IOCTL_H 1
| #define HAVE_SYS_SELECT_H 1
| #define HAVE_SYS_TIME_H 1
| #define HAVE_UTMP_H 1
| #define HAVE_UTMPX_H 1
| #define TIME_WITH_SYS_TIME 1
| #define HAVE_XPOINTER 1
| #define SIZEOF_CHAR 1
| #define SIZEOF_SHORT 2
| #define SIZEOF_INT 4
| #define SIZEOF_LONG 4
| #define SIZEOF_LONG_LONG 8
| #define SIZEOF_INT_P 4
| #define RETSIGTYPE void
| #define HAVE_ATEXIT 1
| #define HAVE_UNSETENV 1
| #define HAVE_SETUTENT 1
| #define HAVE_SETEUID 1
| #define HAVE_SETREUID 1
| #define HAVE_SETSID 1
| #define HAVE_SETPGRP 1
| #define HAVE_SETPGID 1
| #define HAVE_GRANTPT 1
| #define HAVE_UNLOCKPT 1
| #define HAVE_ISASTREAM 1
| #define HAVE_ON_EXIT 1
| #define HAVE_NANOSLEEP 1
| #define HAVE_UPDWTMP 1
| #define HAVE_TTYSLOT 1
| #define HAVE_STRUCT_UTMP 1
| #define HAVE_UTMP_HOST 1
| #define HAVE_UTMP_PID 1
| #define HAVE_STRUCT_UTMPX 1
| #define HAVE_UTMPX_HOST 1
| #define HAVE_STRUCT_LASTLOG 1
| #define RXVT_UTMP_FILE "/var/run/utmp"
| #define RXVT_WTMP_FILE "/var/log/wtmp"
| #define RXVT_LASTLOG_FILE "/var/log/lastlog"
| #define HAVE_XLOCALE 1
| /* end confdefs.h.  */
| #define X_LOCALE 1
| #include <X11/Xlocale.h>
| int
| main ()
| {
| setlocale(LC_CTYPE, "");
|   ;
|   return 0;
| }
configure:14320: result: no
configure:14332: checking for working plain setlocale
configure:14354: i486-TSOL-linux-gnu-gcc -o conftest -O2  -static-libgcc conftest.c  >&5
configure:14357: $? = 0
configure:14360: test -s conftest
configure:14363: $? = 0
configure:14374: result: yes
configure:14384: checking for working nl_langinfo
configure:14406: i486-TSOL-linux-gnu-gcc -o conftest -O2  -static-libgcc conftest.c  >&5
configure:14409: $? = 0
configure:14412: test -s conftest
configure:14415: $? = 0
configure:14426: result: yes
configure:14436: checking for getpt
configure:14461: i486-TSOL-linux-gnu-gcc -o conftest -O2  -static-libgcc conftest.c  >&5
configure:14464: $? = 0
configure:14467: test -s conftest
configure:14470: $? = 0
configure:14481: result: yes
configure:14491: checking for pty/tty type
configure:14527: result: GLIBC
configure:14595: checking for pty ranges...
configure:14615: checking for setlocale in -lxpg4
configure:14646: i486-TSOL-linux-gnu-gcc -o conftest -O2  -static-libgcc conftest.c -lxpg4   >&5
/toolchain/lib/gcc/i486-TSOL-linux-gnu/4.6.3/../../../../i486-TSOL-linux-gnu/bin/ld: cannot find -lxpg4
collect2: ld returned 1 exit status
configure:14649: $? = 1
configure: failed program was:
| #line 14622 "configure"
| /* confdefs.h.  */
| 
| #define PACKAGE_NAME ""
| #define PACKAGE_TARNAME ""
| #define PACKAGE_VERSION ""
| #define PACKAGE_STRING ""
| #define PACKAGE_BUGREPORT ""
| #define STDC_HEADERS 1
| #define HAVE_SYS_TYPES_H 1
| #define HAVE_SYS_STAT_H 1
| #define HAVE_STDLIB_H 1
| #define HAVE_STRING_H 1
| #define HAVE_MEMORY_H 1
| #define HAVE_STRINGS_H 1
| #define HAVE_INTTYPES_H 1
| #define HAVE_STDINT_H 1
| #define HAVE_UNISTD_H 1
| #define HAVE_DLFCN_H 1
| #define NO_BACKSPACE_KEY 1
| #define NO_DELETE_KEY 1
| #define NO_RESOURCES 1
| #define NO_SECONDARY_SCREEN 1
| #define PROTOTYPES 1
| #define HAVE_SYS_WAIT_H 1
| #define HAVE_ASSERT_H 1
| #define HAVE_FCNTL_H 1
| #define HAVE_GRP_H 1
| #define HAVE_LASTLOG_H 1
| #define HAVE_STDARG_H 1
| #define HAVE_STDLIB_H 1
| #define HAVE_STRING_H 1
| #define HAVE_TERMIOS_H 1
| #define HAVE_UNISTD_H 1
| #define HAVE_SYS_IOCTL_H 1
| #define HAVE_SYS_SELECT_H 1
| #define HAVE_SYS_TIME_H 1
| #define HAVE_UTMP_H 1
| #define HAVE_UTMPX_H 1
| #define TIME_WITH_SYS_TIME 1
| #define HAVE_XPOINTER 1
| #define SIZEOF_CHAR 1
| #define SIZEOF_SHORT 2
| #define SIZEOF_INT 4
| #define SIZEOF_LONG 4
| #define SIZEOF_LONG_LONG 8
| #define SIZEOF_INT_P 4
| #define RETSIGTYPE void
| #define HAVE_ATEXIT 1
| #define HAVE_UNSETENV 1
| #define HAVE_SETUTENT 1
| #define HAVE_SETEUID 1
| #define HAVE_SETREUID 1
| #define HAVE_SETSID 1
| #define HAVE_SETPGRP 1
| #define HAVE_SETPGID 1
| #define HAVE_GRANTPT 1
| #define HAVE_UNLOCKPT 1
| #define HAVE_ISASTREAM 1
| #define HAVE_ON_EXIT 1
| #define HAVE_NANOSLEEP 1
| #define HAVE_UPDWTMP 1
| #define HAVE_TTYSLOT 1
| #define HAVE_STRUCT_UTMP 1
| #define HAVE_UTMP_HOST 1
| #define HAVE_UTMP_PID 1
| #define HAVE_STRUCT_UTMPX 1
| #define HAVE_UTMPX_HOST 1
| #define HAVE_STRUCT_LASTLOG 1
| #define RXVT_UTMP_FILE "/var/run/utmp"
| #define RXVT_WTMP_FILE "/var/log/wtmp"
| #define RXVT_LASTLOG_FILE "/var/log/lastlog"
| #define HAVE_XLOCALE 1
| #define HAVE_SETLOCALE 1
| #define HAVE_NL_LANGINFO 1
| #define HAVE_GETPT 1
| #define PTYS_ARE_GETPT 1
| #define PTYS_ARE_SEARCHED 1
| #define PTYCHAR1 "p"
| #define PTYCHAR2 "0123456789"
| /* end confdefs.h.  */
| 
| /* Override any gcc2 internal prototype to avoid an error.  */
| #ifdef __cplusplus
| extern "C"
| #endif
| /* We use char because int might match the return type of a gcc2
|    builtin and then its argument prototype would still apply.  */
| char setlocale ();
| int
| main ()
| {
| setlocale ();
|   ;
|   return 0;
| }
configure:14667: result: no
configure:15038: creating ./config.status

## ---------------------- ##
## Running config.status. ##
## ---------------------- ##

This file was extended by config.status, which was
generated by GNU Autoconf 2.57.  Invocation command line was

  CONFIG_FILES    = 
  CONFIG_HEADERS  = 
  CONFIG_LINKS    = 
  CONFIG_COMMANDS = 
  $ ./config.status 

on ubuntu4

config.status:687: creating autoconf/Make.common
config.status:687: creating Makefile
config.status:687: creating doc/Makefile
config.status:687: creating src/Makefile
config.status:687: creating src/graphics/Makefile
config.status:687: creating src/test/Makefile
config.status:687: creating src/rxvtlib.h
config.status:687: creating rclock/Makefile
config.status:687: creating W11/Makefile
config.status:791: creating config.h
config.status:1062: config.h is unchanged

## ---------------- ##
## Cache variables. ##
## ---------------- ##

ac_cv_build=i686-pc-linux-gnu
ac_cv_build_alias=i686-pc-linux-gnu
ac_cv_c_compiler_gnu=yes
ac_cv_c_const=yes
ac_cv_c_inline=inline
ac_cv_env_CC_set=set
ac_cv_env_CC_value=i486-TSOL-linux-gnu-gcc
ac_cv_env_CFLAGS_set=set
ac_cv_env_CFLAGS_value=-O2
ac_cv_env_CPPFLAGS_set=
ac_cv_env_CPPFLAGS_value=
ac_cv_env_CPP_set=
ac_cv_env_CPP_value=
ac_cv_env_LDFLAGS_set=set
ac_cv_env_LDFLAGS_value=-static-libgcc
ac_cv_env_build_alias_set=
ac_cv_env_build_alias_value=
ac_cv_env_host_alias_set=
ac_cv_env_host_alias_value=
ac_cv_env_target_alias_set=
ac_cv_env_target_alias_value=
ac_cv_exeext=
ac_cv_func__getpty=no
ac_cv_func_atexit=yes
ac_cv_func_connect=yes
ac_cv_func_gethostbyname=yes
ac_cv_func_grantpt=yes
ac_cv_func_isastream=yes
ac_cv_func_nanosleep=yes
ac_cv_func_on_exit=yes
ac_cv_func_openpty=no
ac_cv_func_remove=yes
ac_cv_func_revoke=no
ac_cv_func_seteuid=yes
ac_cv_func_setpgid=yes
ac_cv_func_setpgrp=yes
ac_cv_func_setreuid=yes
ac_cv_func_setsid=yes
ac_cv_func_setutent=yes
ac_cv_func_shmat=yes
ac_cv_func_ttyslot=yes
ac_cv_func_unlockpt=yes
ac_cv_func_unsetenv=yes
ac_cv_func_updwtmp=yes
ac_cv_have_x='have_x=yes 		ac_x_includes=/usr/xorg/include ac_x_libraries=/usr/xorg/lib'
ac_cv_header_assert_h=yes
ac_cv_header_dlfcn_h=yes
ac_cv_header_fcntl_h=yes
ac_cv_header_grp_h=yes
ac_cv_header_inttypes_h=yes
ac_cv_header_lastlog_h=yes
ac_cv_header_libc_h=no
ac_cv_header_memory_h=yes
ac_cv_header_stdarg_h=yes
ac_cv_header_stdc=yes
ac_cv_header_stdint_h=yes
ac_cv_header_stdlib_h=yes
ac_cv_header_string_h=yes
ac_cv_header_strings_h=yes
ac_cv_header_sys_byteorder_h=no
ac_cv_header_sys_ioctl_h=yes
ac_cv_header_sys_select_h=yes
ac_cv_header_sys_sockio_h=no
ac_cv_header_sys_stat_h=yes
ac_cv_header_sys_strredir_h=no
ac_cv_header_sys_time_h=yes
ac_cv_header_sys_types_h=yes
ac_cv_header_sys_wait_h=yes
ac_cv_header_termios_h=yes
ac_cv_header_time=yes
ac_cv_header_unistd_h=yes
ac_cv_header_utmp_h=yes
ac_cv_header_utmpx_h=yes
ac_cv_host=i686-pc-linux-gnu
ac_cv_host_alias=i686-pc-linux-gnu
ac_cv_lib_ICE_IceConnectionNumber=yes
ac_cv_lib_xpg4_setlocale=no
ac_cv_objext=o
ac_cv_path_CMP=/usr/bin/cmp
ac_cv_path_CP=/bin/cp
ac_cv_path_ECHO=/bin/echo
ac_cv_path_LN=/bin/ln
ac_cv_path_MV=/bin/mv
ac_cv_path_RM=/bin/rm
ac_cv_path_SED=/usr/bin/sed
ac_cv_path_install='/bin/install -c'
ac_cv_prog_AWK=gawk
ac_cv_prog_CPP='i486-TSOL-linux-gnu-gcc -E'
ac_cv_prog_ac_ct_CC=i486-TSOL-linux-gnu-gcc
ac_cv_prog_ac_ct_RANLIB=ranlib
ac_cv_prog_ac_ct_STRIP=strip
ac_cv_prog_cc_g=yes
ac_cv_prog_cc_stdc=
ac_cv_prog_egrep='grep -E'
ac_cv_search_strerror='none required'
ac_cv_sizeof_char=1
ac_cv_sizeof_int=4
ac_cv_sizeof_int_p=4
ac_cv_sizeof_long=4
ac_cv_sizeof_long_long=8
ac_cv_sizeof_short=2
ac_cv_type_char=yes
ac_cv_type_int=yes
ac_cv_type_int_p=yes
ac_cv_type_long=yes
ac_cv_type_long_long=yes
ac_cv_type_mode_t=yes
ac_cv_type_pid_t=yes
ac_cv_type_short=yes
ac_cv_type_signal=void
ac_cv_type_uid_t=yes
lt_cv_deplibs_check_method=pass_all
lt_cv_file_magic_cmd='$MAGIC_CMD'
lt_cv_file_magic_test_file='/lib/libc.so.6 /lib/libc-2.15.so'
lt_cv_global_symbol_to_cdecl='sed -n -e '\''s/^. .* \(.*\)$/extern char \1;/p'\'''
lt_cv_ld_reload_flag=-r
lt_cv_path_LD=i486-TSOL-linux-gnu-ld
lt_cv_path_NM='/toolchain/i486-TSOL-linux-gnu/bin//nm -B'
lt_cv_prog_cc_can_build_shared=yes
lt_cv_prog_cc_no_builtin=
lt_cv_prog_cc_pic=' -fPIC'
lt_cv_prog_cc_pic_works=yes
lt_cv_prog_cc_shlib=
lt_cv_prog_cc_static=-static
lt_cv_prog_cc_static_works=yes
lt_cv_prog_cc_wl=-Wl,
lt_cv_prog_gnu_ld=yes
lt_cv_sys_global_symbol_pipe='sed -n -e '\''s/^.*[ 	]\([ABCDGISTW]\)[ 	][ 	]*\(\)\([_A-Za-z][_A-Za-z0-9]*\)$/\1 \2\3 \3/p'\'''
rxvt_cv_func_getpt=yes
rxvt_cv_func_nl_langinfo=yes
rxvt_cv_func_setlocale=yes
rxvt_cv_func_xlocale=yes
rxvt_cv_func_xsetlocale=no
rxvt_cv_header_sysioctl=yes
rxvt_cv_int16_t=yes
rxvt_cv_int32_t=yes
rxvt_cv_int64_t=yes
rxvt_cv_path_lastlog=/var/log/lastlog
rxvt_cv_path_lastlogx=
rxvt_cv_path_utmp=/var/run/utmp
rxvt_cv_path_utmpx=
rxvt_cv_path_wtmp=/var/log/wtmp
rxvt_cv_path_wtmpx=
rxvt_cv_ptys=GLIBC
rxvt_cv_rpath=yes
rxvt_cv_struct_lastlog=yes
rxvt_cv_struct_lastlogx=no
rxvt_cv_struct_utmp=yes
rxvt_cv_struct_utmp_host=yes
rxvt_cv_struct_utmp_pid=yes
rxvt_cv_struct_utmpx=yes
rxvt_cv_struct_utmpx_host=yes
rxvt_cv_u_int16_t=yes
rxvt_cv_u_int32_t=yes
rxvt_cv_u_int64_t=yes
rxvt_cv_xpointer=yes

## ----------------- ##
## Output variables. ##
## ----------------- ##

AWK='gawk'
CC='i486-TSOL-linux-gnu-gcc'
CFLAGS='-O2'
CMP='/usr/bin/cmp'
CP='/bin/cp'
CPP='i486-TSOL-linux-gnu-gcc -E'
CPPFLAGS=''
DATE='26 MARCH 2003'
DEBUG=''
DEFS='-DHAVE_CONFIG_H'
DINCLUDE=''
DLIB=''
ECHO='/bin/echo'
ECHO_C=''
ECHO_N='-n'
ECHO_T=''
EGREP='grep -E'
EXEEXT=''
INSTALL_DATA='${INSTALL} -m 644'
INSTALL_LIBRXVT=''
INSTALL_PROGRAM='${INSTALL}'
INSTALL_SCRIPT='${INSTALL}'
LDFLAGS='-static-libgcc'
LIBOBJLIST='command.lo defaultfont.lo init.lo main.lo misc.lo netdisp.lo ptytty.lo screen.lo scrollbar.lo xdefaults.lo'
LIBOBJS=''
LIBS=''
LIBTOOL='$(SHELL) $(top_builddir)/libtool'
LIBVERSION='1:0:0'
LN='/bin/ln'
LN_S='ln -s'
LSMDATE='26MAR03'
LTLIBOBJS=''
MV='/bin/mv'
OBJEXT='o'
OBJLIST='command.o defaultfont.o init.o    main.o  misc.o netdisp.o ptytty.o screen.o scrollbar.o   xdefaults.o '
PACKAGE_BUGREPORT=''
PACKAGE_NAME=''
PACKAGE_STRING=''
PACKAGE_TARNAME=''
PACKAGE_VERSION=''
PATH_SEPARATOR=':'
RANLIB='ranlib'
RM='/bin/rm'
RXVTNAME='rxvt'
SED='/usr/bin/sed'
SHELL='/bin/sh'
STRIP='strip'
TBL=''
VERSION='2.7.10'
XPM_CFLAGS=''
XPM_CPPFLAGS=''
XPM_LIBS=''
X_CFLAGS=' -I/usr/xorg/include'
X_EXTRA_LIBS=''
X_LIBS='-L/usr/xorg/lib -Wl,-rpath -Wl,/usr/xorg/lib'
X_PRE_LIBS=' -lSM -lICE'
ac_ct_CC='i486-TSOL-linux-gnu-gcc'
ac_ct_RANLIB='ranlib'
ac_ct_STRIP='strip'
bindir='${exec_prefix}/bin'
build='i686-pc-linux-gnu'
build_alias=''
build_cpu='i686'
build_os='linux-gnu'
build_vendor='pc'
datadir='${prefix}/share'
exec_prefix='${prefix}'
host='i686-pc-linux-gnu'
host_alias=''
host_cpu='i686'
host_os='linux-gnu'
host_vendor='pc'
include_assert_h='#include <assert.h>'
include_fcntl_h='#include <fcntl.h>'
include_stdarg_h='#include <stdarg.h>'
include_stdlib_h='#include <stdlib.h>'
include_string_h='#include <string.h>'
include_sys_ioctl_h='#include <sys/ioctl.h>'
include_sys_select_h='#include <sys/select.h>'
include_sys_strredir_h='/* #include <sys/strredir.h> */'
include_sys_time_h='#include <sys/time.h>'
include_time_h='#include <time.h>'
include_unistd_h='#include <unistd.h>'
include_util_h='/* #include <util.h> */'
includedir='${prefix}/include'
infodir='${prefix}/info'
lib_multicharset='/* #undef MULTICHAR_SET */'
libdir='${exec_prefix}/lib'
libexecdir='${exec_prefix}/libexec'
localstatedir='${prefix}/var'
mandir='${prefix}/man'
oldincludedir='/usr/include'
prefix='/'
program_transform_name='s,x,x,'
rxvt_int16_typedef='/* typedef short int16_t; */'
rxvt_int32_typedef='/* typedef int int32_t; */'
rxvt_int64_typedef='/* typedef long long int64_t; */'
rxvt_intp_define='#define intp_t int32_t'
rxvt_u_int16_typedef='/* typedef unsigned short u_int16_t; */'
rxvt_u_int32_typedef='/* typedef unsigned int u_int32_t; */'
rxvt_u_int64_typedef='/* typedef unsigned long long u_int64_t; */'
rxvt_u_intp_define='#define u_intp_t u_int32_t'
sbindir='${exec_prefix}/sbin'
sharedstatedir='${prefix}/com'
sysconfdir='${prefix}/etc'
target_alias=''

## ------------- ##
## Output files. ##
## ------------- ##

MCOMMON='./autoconf/Make.common'

## ----------- ##
## confdefs.h. ##
## ----------- ##

#define HAVE_ASSERT_H 1
#define HAVE_ATEXIT 1
#define HAVE_DLFCN_H 1
#define HAVE_FCNTL_H 1
#define HAVE_GETPT 1
#define HAVE_GRANTPT 1
#define HAVE_GRP_H 1
#define HAVE_INTTYPES_H 1
#define HAVE_ISASTREAM 1
#define HAVE_LASTLOG_H 1
#define HAVE_MEMORY_H 1
#define HAVE_NANOSLEEP 1
#define HAVE_NL_LANGINFO 1
#define HAVE_ON_EXIT 1
#define HAVE_SETEUID 1
#define HAVE_SETLOCALE 1
#define HAVE_SETPGID 1
#define HAVE_SETPGRP 1
#define HAVE_SETREUID 1
#define HAVE_SETSID 1
#define HAVE_SETUTENT 1
#define HAVE_STDARG_H 1
#define HAVE_STDINT_H 1
#define HAVE_STDLIB_H 1
#define HAVE_STDLIB_H 1
#define HAVE_STRINGS_H 1
#define HAVE_STRING_H 1
#define HAVE_STRING_H 1
#define HAVE_STRUCT_LASTLOG 1
#define HAVE_STRUCT_UTMP 1
#define HAVE_STRUCT_UTMPX 1
#define HAVE_SYS_IOCTL_H 1
#define HAVE_SYS_SELECT_H 1
#define HAVE_SYS_STAT_H 1
#define HAVE_SYS_TIME_H 1
#define HAVE_SYS_TYPES_H 1
#define HAVE_SYS_WAIT_H 1
#define HAVE_TERMIOS_H 1
#define HAVE_TTYSLOT 1
#define HAVE_UNISTD_H 1
#define HAVE_UNISTD_H 1
#define HAVE_UNLOCKPT 1
#define HAVE_UNSETENV 1
#define HAVE_UPDWTMP 1
#define HAVE_UTMPX_H 1
#define HAVE_UTMPX_HOST 1
#define HAVE_UTMP_H 1
#define HAVE_UTMP_HOST 1
#define HAVE_UTMP_PID 1
#define HAVE_XLOCALE 1
#define HAVE_XPOINTER 1
#define NO_BACKSPACE_KEY 1
#define NO_DELETE_KEY 1
#define NO_FRILLS 1
#define NO_LINESPACE 1
#define NO_OLD_SELECTION 1
#define NO_RESOURCES 1
#define NO_SCROLLBAR_BUTTON_CONTINUAL_SCROLLING 1
#define NO_SECONDARY_SCREEN 1
#define NO_STRINGS 1
#define PACKAGE_BUGREPORT ""
#define PACKAGE_NAME ""
#define PACKAGE_STRING ""
#define PACKAGE_TARNAME ""
#define PACKAGE_VERSION ""
#define PROTOTYPES 1
#define PTYCHAR1 "p"
#define PTYCHAR2 "0123456789"
#define PTYS_ARE_GETPT 1
#define PTYS_ARE_SEARCHED 1
#define RETSIGTYPE void
#define RXVT_LASTLOG_FILE "/var/log/lastlog"
#define RXVT_UTMP_FILE "/var/run/utmp"
#define RXVT_WTMP_FILE "/var/log/wtmp"
#define SIZEOF_CHAR 1
#define SIZEOF_INT 4
#define SIZEOF_INT_P 4
#define SIZEOF_LONG 4
#define SIZEOF_LONG_LONG 8
#define SIZEOF_SHORT 2
#define STDC_HEADERS 1
#define TIME_WITH_SYS_TIME 1

configure: exit 0
