This file contains any messages produced by compilers while
running configure, to aid debugging if configure makes a mistake.

It was created by configure, which was
generated by GNU Autoconf 2.69.  Invocation command line was

  $ ./configure --prefix=/usr

## --------- ##
## Platform. ##
## --------- ##

hostname = ubuntu4
uname -m = i686
uname -r = 3.2.16-030216-generic
uname -s = Linux
uname -v = #201204221935 SMP Sun Apr 22 23:42:49 UTC 2012

/usr/bin/uname -p = unknown
/bin/uname -X     = unknown

/bin/arch              = unknown
/usr/bin/arch -k       = unknown
/usr/convex/getsysinfo = unknown
/usr/bin/hostinfo      = unknown
/bin/machine           = unknown
/usr/bin/oslevel       = unknown
/bin/universe          = unknown

PATH: /source/docbook-xsl-1.76.1/tools/bin
PATH: /bin
PATH: /sbin
PATH: /usr/bin
PATH: /usr/sbin
PATH: /usr/bin/X11
PATH: /usr/local/bin
PATH: /toolchain/bin
PATH: /toolchain/i486-TSOL-linux-gnu/bin/
PATH: /root/.local/bin
PATH: /usr/xorg/bin


## ----------- ##
## Core tests. ##
## ----------- ##

configure:2342: checking for a BSD-compatible install
configure:2410: result: /bin/install -c
configure:2421: checking whether build environment is sane
configure:2476: result: yes
configure:2627: checking for a thread-safe mkdir -p
configure:2666: result: /bin/mkdir -p
configure:2673: checking for gawk
configure:2689: found /usr/bin/gawk
configure:2700: result: gawk
configure:2711: checking whether make sets $(MAKE)
configure:2733: result: yes
configure:2874: checking for gcc
configure:2901: result: i486-TSOL-linux-gnu-gcc
configure:3130: checking for C compiler version
configure:3139: i486-TSOL-linux-gnu-gcc --version >&5
i486-TSOL-linux-gnu-gcc (crosstool-NG 1.15.2) 4.6.3
Copyright (C) 2011 Free Software Foundation, Inc.
This is free software; see the source for copying conditions.  There is NO
warranty; not even for MERCHANTABILITY or FITNESS FOR A PARTICULAR PURPOSE.

configure:3150: $? = 0
configure:3139: i486-TSOL-linux-gnu-gcc -v >&5
Using built-in specs.
COLLECT_GCC=i486-TSOL-linux-gnu-gcc
COLLECT_LTO_WRAPPER=/toolchain/libexec/gcc/i486-TSOL-linux-gnu/4.6.3/lto-wrapper
Target: i486-TSOL-linux-gnu
Configured with: /TSOL/crosstool-ng-1.15.2/bin/.build/src/gcc-4.6.3/configure --build=i686-build_pc-linux-gnu --host=i686-build_pc-linux-gnu --target=i486-TSOL-linux-gnu --prefix=/toolchain --with-sysroot=/toolchain/i486-TSOL-linux-gnu/sysroot --enable-languages=c,c++ --with-arch=i486 --with-pkgversion='crosstool-NG 1.15.2' --enable-__cxa_atexit --disable-libmudflap --disable-libgomp --disable-libssp --with-gmp=/TSOL/crosstool-ng-1.15.2/bin/.build/i486-TSOL-linux-gnu/buildtools --with-mpfr=/TSOL/crosstool-ng-1.15.2/bin/.build/i486-TSOL-linux-gnu/buildtools --with-mpc=/TSOL/crosstool-ng-1.15.2/bin/.build/i486-TSOL-linux-gnu/buildtools --with-ppl=/TSOL/crosstool-ng-1.15.2/bin/.build/i486-TSOL-linux-gnu/buildtools --with-cloog=/TSOL/crosstool-ng-1.15.2/bin/.build/i486-TSOL-linux-gnu/buildtools --with-libelf=no --with-host-libstdcxx='-static-libgcc -Wl,-Bstatic,-lstdc++,-Bdynamic -lm -L/TSOL/crosstool-ng-1.15.2/bin/.build/i486-TSOL-linux-gnu/buildtools/lib -lpwl' --enable-threads=posix --enable-target-optspace --disable-multilib --with-local-prefix=/toolchain/i486-TSOL-linux-gnu/sysroot --enable-c99 --enable-long-long
Thread model: posix
gcc version 4.6.3 (crosstool-NG 1.15.2) 
configure:3150: $? = 0
configure:3139: i486-TSOL-linux-gnu-gcc -V >&5
i486-TSOL-linux-gnu-gcc: error: unrecognized option '-V'
i486-TSOL-linux-gnu-gcc: fatal error: no input files
compilation terminated.
configure:3150: $? = 1
configure:3139: i486-TSOL-linux-gnu-gcc -qversion >&5
i486-TSOL-linux-gnu-gcc: error: unrecognized option '-qversion'
i486-TSOL-linux-gnu-gcc: fatal error: no input files
compilation terminated.
configure:3150: $? = 1
configure:3170: checking whether the C compiler works
configure:3192: i486-TSOL-linux-gnu-gcc -Os  -static-libgcc conftest.c  >&5
configure:3196: $? = 0
configure:3244: result: yes
configure:3247: checking for C compiler default output file name
configure:3249: result: a.out
configure:3255: checking for suffix of executables
configure:3262: i486-TSOL-linux-gnu-gcc -o conftest -Os  -static-libgcc conftest.c  >&5
configure:3266: $? = 0
configure:3288: result: 
configure:3310: checking whether we are cross compiling
configure:3318: i486-TSOL-linux-gnu-gcc -o conftest -Os  -static-libgcc conftest.c  >&5
configure:3322: $? = 0
configure:3329: ./conftest
configure:3333: $? = 0
configure:3348: result: no
configure:3353: checking for suffix of object files
configure:3375: i486-TSOL-linux-gnu-gcc -c -Os  conftest.c >&5
configure:3379: $? = 0
configure:3400: result: o
configure:3404: checking whether we are using the GNU C compiler
configure:3423: i486-TSOL-linux-gnu-gcc -c -Os  conftest.c >&5
configure:3423: $? = 0
configure:3432: result: yes
configure:3441: checking whether i486-TSOL-linux-gnu-gcc accepts -g
configure:3461: i486-TSOL-linux-gnu-gcc -c -g  conftest.c >&5
configure:3461: $? = 0
configure:3502: result: yes
configure:3519: checking for i486-TSOL-linux-gnu-gcc option to accept ISO C89
configure:3582: i486-TSOL-linux-gnu-gcc  -c -Os  conftest.c >&5
configure:3582: $? = 0
configure:3595: result: none needed
configure:3626: checking for style of include used by make
configure:3654: result: GNU
configure:3680: checking dependency style of i486-TSOL-linux-gnu-gcc
configure:3791: result: gcc3
configure:3867: checking build system type
configure:3881: result: i686-pc-linux-gnu
configure:3901: checking host system type
configure:3914: result: i686-pc-linux-gnu
configure:3955: checking how to print strings
configure:3982: result: printf
configure:4003: checking for a sed that does not truncate output
configure:4067: result: /usr/bin/sed
configure:4085: checking for grep that handles long lines and -e
configure:4143: result: /usr/bin/grep
configure:4148: checking for egrep
configure:4210: result: /usr/bin/grep -E
configure:4215: checking for fgrep
configure:4277: result: /usr/bin/grep -F
configure:4312: checking for ld used by i486-TSOL-linux-gnu-gcc
configure:4379: result: i486-TSOL-linux-gnu-ld
configure:4386: checking if the linker (i486-TSOL-linux-gnu-ld) is GNU ld
configure:4401: result: yes
configure:4413: checking for BSD- or MS-compatible name lister (nm)
configure:4462: result: /toolchain/i486-TSOL-linux-gnu/bin//nm -B
configure:4592: checking the name lister (/toolchain/i486-TSOL-linux-gnu/bin//nm -B) interface
configure:4599: i486-TSOL-linux-gnu-gcc -c -Os  conftest.c >&5
configure:4602: /toolchain/i486-TSOL-linux-gnu/bin//nm -B "conftest.o"
configure:4605: output
00000000 B some_variable
configure:4612: result: BSD nm
configure:4615: checking whether ln -s works
configure:4619: result: yes
configure:4627: checking the maximum length of command line arguments
configure:4757: result: 1572864
configure:4774: checking whether the shell understands some XSI constructs
configure:4784: result: yes
configure:4788: checking whether the shell understands "+="
configure:4794: result: yes
configure:4829: checking how to convert i686-pc-linux-gnu file names to i686-pc-linux-gnu format
configure:4869: result: func_convert_file_noop
configure:4876: checking how to convert i686-pc-linux-gnu file names to toolchain format
configure:4896: result: func_convert_file_noop
configure:4903: checking for i486-TSOL-linux-gnu-ld option to reload object files
configure:4910: result: -r
configure:4984: checking for objdump
configure:5000: found /toolchain/i486-TSOL-linux-gnu/bin//objdump
configure:5011: result: objdump
configure:5043: checking how to recognize dependent libraries
configure:5245: result: pass_all
configure:5330: checking for dlltool
configure:5360: result: no
configure:5390: checking how to associate runtime and link libraries
configure:5417: result: printf %s\n
configure:5478: checking for ar
configure:5494: found /toolchain/i486-TSOL-linux-gnu/bin//ar
configure:5505: result: ar
configure:5542: checking for archiver @FILE support
configure:5559: i486-TSOL-linux-gnu-gcc -c -Os  conftest.c >&5
configure:5559: $? = 0
configure:5562: ar cru libconftest.a @conftest.lst >&5
configure:5565: $? = 0
configure:5570: ar cru libconftest.a @conftest.lst >&5
ar: conftest.o: No such file or directory
configure:5573: $? = 1
configure:5585: result: @
configure:5643: checking for strip
configure:5659: found /toolchain/i486-TSOL-linux-gnu/bin//strip
configure:5670: result: strip
configure:5742: checking for ranlib
configure:5758: found /toolchain/i486-TSOL-linux-gnu/bin//ranlib
configure:5769: result: ranlib
configure:5871: checking command to parse /toolchain/i486-TSOL-linux-gnu/bin//nm -B output from i486-TSOL-linux-gnu-gcc object
configure:5991: i486-TSOL-linux-gnu-gcc -c -Os  conftest.c >&5
configure:5994: $? = 0
configure:5998: /toolchain/i486-TSOL-linux-gnu/bin//nm -B conftest.o \| sed -n -e 's/^.*[ ]\([ABCDGIRSTW][ABCDGIRSTW]*\)[ ][ ]*\([_A-Za-z][_A-Za-z0-9]*\)$/\1 \2 \2/p' | sed '/ __gnu_lto/d' \> conftest.nm
configure:6001: $? = 0
configure:6067: i486-TSOL-linux-gnu-gcc -o conftest -Os  -static-libgcc conftest.c conftstm.o >&5
configure:6070: $? = 0
configure:6108: result: ok
configure:6145: checking for sysroot
configure:6175: result: no
configure:6431: checking for mt
configure:6461: result: no
configure:6481: checking if : is a manifest tool
configure:6487: : '-?'
configure:6495: result: no
configure:7137: checking how to run the C preprocessor
configure:7168: i486-TSOL-linux-gnu-gcc -E  conftest.c
configure:7168: $? = 0
configure:7182: i486-TSOL-linux-gnu-gcc -E  conftest.c
conftest.c:11:28: fatal error: ac_nonexistent.h: No such file or directory
compilation terminated.
configure:7182: $? = 1
configure: failed program was:
| /* confdefs.h */
| #define PACKAGE_NAME ""
| #define PACKAGE_TARNAME ""
| #define PACKAGE_VERSION ""
| #define PACKAGE_STRING ""
| #define PACKAGE_BUGREPORT ""
| #define PACKAGE_URL ""
| #define PACKAGE "alsa-plugins"
| #define VERSION "1.0.27"
| /* end confdefs.h.  */
| #include <ac_nonexistent.h>
configure:7207: result: i486-TSOL-linux-gnu-gcc -E
configure:7227: i486-TSOL-linux-gnu-gcc -E  conftest.c
configure:7227: $? = 0
configure:7241: i486-TSOL-linux-gnu-gcc -E  conftest.c
conftest.c:11:28: fatal error: ac_nonexistent.h: No such file or directory
compilation terminated.
configure:7241: $? = 1
configure: failed program was:
| /* confdefs.h */
| #define PACKAGE_NAME ""
| #define PACKAGE_TARNAME ""
| #define PACKAGE_VERSION ""
| #define PACKAGE_STRING ""
| #define PACKAGE_BUGREPORT ""
| #define PACKAGE_URL ""
| #define PACKAGE "alsa-plugins"
| #define VERSION "1.0.27"
| /* end confdefs.h.  */
| #include <ac_nonexistent.h>
configure:7270: checking for ANSI C header files
configure:7290: i486-TSOL-linux-gnu-gcc -c -Os  conftest.c >&5
configure:7290: $? = 0
configure:7363: i486-TSOL-linux-gnu-gcc -o conftest -Os  -static-libgcc conftest.c  >&5
configure:7363: $? = 0
configure:7363: ./conftest
configure:7363: $? = 0
configure:7374: result: yes
configure:7387: checking for sys/types.h
configure:7387: i486-TSOL-linux-gnu-gcc -c -Os  conftest.c >&5
configure:7387: $? = 0
configure:7387: result: yes
configure:7387: checking for sys/stat.h
configure:7387: i486-TSOL-linux-gnu-gcc -c -Os  conftest.c >&5
configure:7387: $? = 0
configure:7387: result: yes
configure:7387: checking for stdlib.h
configure:7387: i486-TSOL-linux-gnu-gcc -c -Os  conftest.c >&5
configure:7387: $? = 0
configure:7387: result: yes
configure:7387: checking for string.h
configure:7387: i486-TSOL-linux-gnu-gcc -c -Os  conftest.c >&5
configure:7387: $? = 0
configure:7387: result: yes
configure:7387: checking for memory.h
configure:7387: i486-TSOL-linux-gnu-gcc -c -Os  conftest.c >&5
configure:7387: $? = 0
configure:7387: result: yes
configure:7387: checking for strings.h
configure:7387: i486-TSOL-linux-gnu-gcc -c -Os  conftest.c >&5
configure:7387: $? = 0
configure:7387: result: yes
configure:7387: checking for inttypes.h
configure:7387: i486-TSOL-linux-gnu-gcc -c -Os  conftest.c >&5
configure:7387: $? = 0
configure:7387: result: yes
configure:7387: checking for stdint.h
configure:7387: i486-TSOL-linux-gnu-gcc -c -Os  conftest.c >&5
configure:7387: $? = 0
configure:7387: result: yes
configure:7387: checking for unistd.h
configure:7387: i486-TSOL-linux-gnu-gcc -c -Os  conftest.c >&5
configure:7387: $? = 0
configure:7387: result: yes
configure:7401: checking for dlfcn.h
configure:7401: i486-TSOL-linux-gnu-gcc -c -Os  conftest.c >&5
configure:7401: $? = 0
configure:7401: result: yes
configure:7577: checking for objdir
configure:7592: result: .libs
configure:7859: checking if i486-TSOL-linux-gnu-gcc supports -fno-rtti -fno-exceptions
configure:7877: i486-TSOL-linux-gnu-gcc -c -Os  -fno-rtti -fno-exceptions conftest.c >&5
cc1: warning: command line option '-fno-rtti' is valid for C++/ObjC++ but not for C [enabled by default]
configure:7881: $? = 0
configure:7894: result: no
configure:8221: checking for i486-TSOL-linux-gnu-gcc option to produce PIC
configure:8228: result: -fPIC -DPIC
configure:8236: checking if i486-TSOL-linux-gnu-gcc PIC flag -fPIC -DPIC works
configure:8254: i486-TSOL-linux-gnu-gcc -c -Os  -fPIC -DPIC -DPIC conftest.c >&5
configure:8258: $? = 0
configure:8271: result: yes
configure:8300: checking if i486-TSOL-linux-gnu-gcc static flag -static works
configure:8328: result: yes
configure:8343: checking if i486-TSOL-linux-gnu-gcc supports -c -o file.o
configure:8364: i486-TSOL-linux-gnu-gcc -c -Os  -o out/conftest2.o conftest.c >&5
configure:8368: $? = 0
configure:8390: result: yes
configure:8398: checking if i486-TSOL-linux-gnu-gcc supports -c -o file.o
configure:8445: result: yes
configure:8478: checking whether the i486-TSOL-linux-gnu-gcc linker (i486-TSOL-linux-gnu-ld) supports shared libraries
configure:9631: result: yes
configure:9668: checking whether -lc should be explicitly linked in
configure:9676: i486-TSOL-linux-gnu-gcc -c -Os  conftest.c >&5
configure:9679: $? = 0
configure:9694: i486-TSOL-linux-gnu-gcc -shared  -fPIC -DPIC conftest.o  -v -Wl,-soname -Wl,conftest -o conftest 2\>\&1 \| /usr/bin/grep  -lc  \>/dev/null 2\>\&1
configure:9697: $? = 0
configure:9711: result: no
configure:9871: checking dynamic linker characteristics
configure:10382: i486-TSOL-linux-gnu-gcc -o conftest -Os  -static-libgcc -Wl,-rpath -Wl,/foo conftest.c  >&5
configure:10382: $? = 0
configure:10608: result: GNU/Linux ld.so
configure:10715: checking how to hardcode library paths into programs
configure:10740: result: immediate
configure:11280: checking whether stripping libraries is possible
configure:11285: result: yes
configure:11320: checking if libtool supports shared libraries
configure:11322: result: yes
configure:11325: checking whether to build shared libraries
configure:11346: result: yes
configure:11349: checking whether to build static libraries
configure:11353: result: no
configure:11390: checking for ANSI C header files
configure:11494: result: yes
configure:11558: checking for pkg-config
configure:11576: found /usr/bin/pkg-config
configure:11588: result: /usr/bin/pkg-config
configure:11613: checking pkg-config is at least version 0.9.0
configure:11616: result: yes
configure:11626: checking for ALSA
configure:11633: $PKG_CONFIG --exists --print-errors "alsa >= 1.0.11"
configure:11636: $? = 0
configure:11649: $PKG_CONFIG --exists --print-errors "alsa >= 1.0.11"
configure:11652: $? = 0
configure:11711: result: yes
configure:11715: checking for snd_pcm_ioplug_create in -lasound
configure:11740: i486-TSOL-linux-gnu-gcc -o conftest -Os  -static-libgcc conftest.c -lasound -ldl  >&5
configure:11740: $? = 0
configure:11749: result: yes
configure:11772: checking for JACK
configure:11779: $PKG_CONFIG --exists --print-errors "jack >= 0.98"
Package jack was not found in the pkg-config search path.
Perhaps you should add the directory containing `jack.pc'
to the PKG_CONFIG_PATH environment variable
No package 'jack' found
configure:11782: $? = 1
configure:11795: $PKG_CONFIG --exists --print-errors "jack >= 0.98"
Package jack was not found in the pkg-config search path.
Perhaps you should add the directory containing `jack.pc'
to the PKG_CONFIG_PATH environment variable
No package 'jack' found
configure:11798: $? = 1
configure:11811: result: no
No package 'jack' found
configure:11858: checking for pulseaudio
configure:11865: $PKG_CONFIG --exists --print-errors "libpulse >= 0.9.11"
configure:11868: $? = 0
configure:11881: $PKG_CONFIG --exists --print-errors "libpulse >= 0.9.11"
configure:11884: $? = 0
configure:11921: result: yes
configure:11944: checking for samplerate
configure:11951: $PKG_CONFIG --exists --print-errors "samplerate"
Package samplerate was not found in the pkg-config search path.
Perhaps you should add the directory containing `samplerate.pc'
to the PKG_CONFIG_PATH environment variable
No package 'samplerate' found
configure:11954: $? = 1
configure:11967: $PKG_CONFIG --exists --print-errors "samplerate"
Package samplerate was not found in the pkg-config search path.
Perhaps you should add the directory containing `samplerate.pc'
to the PKG_CONFIG_PATH environment variable
No package 'samplerate' found
configure:11970: $? = 1
configure:11983: result: no
No package 'samplerate' found
configure:12134: checking for AVCODEC
configure:12141: $PKG_CONFIG --exists --print-errors "libavcodec"
configure:12144: $? = 0
configure:12157: $PKG_CONFIG --exists --print-errors "libavcodec"
configure:12160: $? = 0
configure:12197: result: yes
configure:12274: checking ffmpeg/avcodec.h usability
configure:12274: i486-TSOL-linux-gnu-gcc -c -Os  conftest.c >&5
conftest.c:58:28: fatal error: ffmpeg/avcodec.h: No such file or directory
compilation terminated.
configure:12274: $? = 1
configure: failed program was:
| /* confdefs.h */
| #define PACKAGE_NAME ""
| #define PACKAGE_TARNAME ""
| #define PACKAGE_VERSION ""
| #define PACKAGE_STRING ""
| #define PACKAGE_BUGREPORT ""
| #define PACKAGE_URL ""
| #define PACKAGE "alsa-plugins"
| #define VERSION "1.0.27"
| #define STDC_HEADERS 1
| #define HAVE_SYS_TYPES_H 1
| #define HAVE_SYS_STAT_H 1
| #define HAVE_STDLIB_H 1
| #define HAVE_STRING_H 1
| #define HAVE_MEMORY_H 1
| #define HAVE_STRINGS_H 1
| #define HAVE_INTTYPES_H 1
| #define HAVE_STDINT_H 1
| #define HAVE_UNISTD_H 1
| #define HAVE_DLFCN_H 1
| #define LT_OBJDIR ".libs/"
| #define STDC_HEADERS 1
| #define HAVE_LIBASOUND 1
| /* end confdefs.h.  */
| #include <stdio.h>
| #ifdef HAVE_SYS_TYPES_H
| # include <sys/types.h>
| #endif
| #ifdef HAVE_SYS_STAT_H
| # include <sys/stat.h>
| #endif
| #ifdef STDC_HEADERS
| # include <stdlib.h>
| # include <stddef.h>
| #else
| # ifdef HAVE_STDLIB_H
| #  include <stdlib.h>
| # endif
| #endif
| #ifdef HAVE_STRING_H
| # if !defined STDC_HEADERS && defined HAVE_MEMORY_H
| #  include <memory.h>
| # endif
| # include <string.h>
| #endif
| #ifdef HAVE_STRINGS_H
| # include <strings.h>
| #endif
| #ifdef HAVE_INTTYPES_H
| # include <inttypes.h>
| #endif
| #ifdef HAVE_STDINT_H
| # include <stdint.h>
| #endif
| #ifdef HAVE_UNISTD_H
| # include <unistd.h>
| #endif
| #include <ffmpeg/avcodec.h>
configure:12274: result: no
configure:12274: checking ffmpeg/avcodec.h presence
configure:12274: i486-TSOL-linux-gnu-gcc -E  conftest.c
conftest.c:25:28: fatal error: ffmpeg/avcodec.h: No such file or directory
compilation terminated.
configure:12274: $? = 1
configure: failed program was:
| /* confdefs.h */
| #define PACKAGE_NAME ""
| #define PACKAGE_TARNAME ""
| #define PACKAGE_VERSION ""
| #define PACKAGE_STRING ""
| #define PACKAGE_BUGREPORT ""
| #define PACKAGE_URL ""
| #define PACKAGE "alsa-plugins"
| #define VERSION "1.0.27"
| #define STDC_HEADERS 1
| #define HAVE_SYS_TYPES_H 1
| #define HAVE_SYS_STAT_H 1
| #define HAVE_STDLIB_H 1
| #define HAVE_STRING_H 1
| #define HAVE_MEMORY_H 1
| #define HAVE_STRINGS_H 1
| #define HAVE_INTTYPES_H 1
| #define HAVE_STDINT_H 1
| #define HAVE_UNISTD_H 1
| #define HAVE_DLFCN_H 1
| #define LT_OBJDIR ".libs/"
| #define STDC_HEADERS 1
| #define HAVE_LIBASOUND 1
| /* end confdefs.h.  */
| #include <ffmpeg/avcodec.h>
configure:12274: result: no
configure:12274: checking for ffmpeg/avcodec.h
configure:12274: result: no
configure:12281: checking libavcodec/avcodec.h usability
configure:12281: i486-TSOL-linux-gnu-gcc -c -Os  conftest.c >&5
configure:12281: $? = 0
configure:12281: result: yes
configure:12281: checking libavcodec/avcodec.h presence
configure:12281: i486-TSOL-linux-gnu-gcc -E  conftest.c
configure:12281: $? = 0
configure:12281: result: yes
configure:12281: checking for libavcodec/avcodec.h
configure:12281: result: yes
configure:12307: checking for speexdsp
configure:12314: $PKG_CONFIG --exists --print-errors "speexdsp >= 1.2"
configure:12317: $? = 0
configure:12330: $PKG_CONFIG --exists --print-errors "speexdsp >= 1.2"
configure:12333: $? = 0
configure:12370: result: yes
configure:12395: checking for speex_resampler_init in -lspeexdsp
configure:12420: i486-TSOL-linux-gnu-gcc -o conftest -Os  -static-libgcc conftest.c -lspeexdsp  -lasound  >&5
configure:12420: $? = 0
configure:12429: result: yes
configure:12517: checking for plugins version
configure:12521: result: 1.0.27
configure:12636: checking that generated files are newer than configure
configure:12642: result: done
configure:12697: creating ./config.status

## ---------------------- ##
## Running config.status. ##
## ---------------------- ##

This file was extended by config.status, which was
generated by GNU Autoconf 2.69.  Invocation command line was

  CONFIG_FILES    = 
  CONFIG_HEADERS  = 
  CONFIG_LINKS    = 
  CONFIG_COMMANDS = 
  $ ./config.status 

on ubuntu4

config.status:1127: creating Makefile
config.status:1127: creating oss/Makefile
config.status:1127: creating pph/Makefile
config.status:1127: creating jack/Makefile
config.status:1127: creating pulse/Makefile
config.status:1127: creating mix/Makefile
config.status:1127: creating rate/Makefile
config.status:1127: creating a52/Makefile
config.status:1127: creating rate-lavc/Makefile
config.status:1127: creating maemo/Makefile
config.status:1127: creating doc/Makefile
config.status:1127: creating usb_stream/Makefile
config.status:1127: creating speex/Makefile
config.status:1127: creating arcam-av/Makefile
config.status:1127: creating config.h
config.status:1356: executing depfiles commands
config.status:1356: executing libtool commands

## ---------------- ##
## Cache variables. ##
## ---------------- ##

ac_cv_build=i686-pc-linux-gnu
ac_cv_c_compiler_gnu=yes
ac_cv_env_ALSA_CFLAGS_set=
ac_cv_env_ALSA_CFLAGS_value=
ac_cv_env_ALSA_LIBS_set=
ac_cv_env_ALSA_LIBS_value=
ac_cv_env_AVCODEC_CFLAGS_set=
ac_cv_env_AVCODEC_CFLAGS_value=
ac_cv_env_AVCODEC_LIBS_set=
ac_cv_env_AVCODEC_LIBS_value=
ac_cv_env_CC_set=set
ac_cv_env_CC_value=i486-TSOL-linux-gnu-gcc
ac_cv_env_CFLAGS_set=set
ac_cv_env_CFLAGS_value=-Os
ac_cv_env_CPPFLAGS_set=
ac_cv_env_CPPFLAGS_value=
ac_cv_env_CPP_set=
ac_cv_env_CPP_value=
ac_cv_env_DBUS_CFLAGS_set=
ac_cv_env_DBUS_CFLAGS_value=
ac_cv_env_DBUS_LIBS_set=
ac_cv_env_DBUS_LIBS_value=
ac_cv_env_JACK_CFLAGS_set=
ac_cv_env_JACK_CFLAGS_value=
ac_cv_env_JACK_LIBS_set=
ac_cv_env_JACK_LIBS_value=
ac_cv_env_LDFLAGS_set=set
ac_cv_env_LDFLAGS_value=-static-libgcc
ac_cv_env_LIBS_set=
ac_cv_env_LIBS_value=
ac_cv_env_PKG_CONFIG_LIBDIR_set=
ac_cv_env_PKG_CONFIG_LIBDIR_value=
ac_cv_env_PKG_CONFIG_PATH_set=set
ac_cv_env_PKG_CONFIG_PATH_value=/usr/xorg/lib/pkgconfig:/usr/xorg/share/pkgconfig:
ac_cv_env_PKG_CONFIG_set=
ac_cv_env_PKG_CONFIG_value=
ac_cv_env_build_alias_set=
ac_cv_env_build_alias_value=
ac_cv_env_host_alias_set=
ac_cv_env_host_alias_value=
ac_cv_env_pulseaudio_CFLAGS_set=
ac_cv_env_pulseaudio_CFLAGS_value=
ac_cv_env_pulseaudio_LIBS_set=
ac_cv_env_pulseaudio_LIBS_value=
ac_cv_env_samplerate_CFLAGS_set=
ac_cv_env_samplerate_CFLAGS_value=
ac_cv_env_samplerate_LIBS_set=
ac_cv_env_samplerate_LIBS_value=
ac_cv_env_speexdsp_CFLAGS_set=
ac_cv_env_speexdsp_CFLAGS_value=
ac_cv_env_speexdsp_LIBS_set=
ac_cv_env_speexdsp_LIBS_value=
ac_cv_env_target_alias_set=
ac_cv_env_target_alias_value=
ac_cv_header_dlfcn_h=yes
ac_cv_header_ffmpeg_avcodec_h=no
ac_cv_header_inttypes_h=yes
ac_cv_header_libavcodec_avcodec_h=yes
ac_cv_header_memory_h=yes
ac_cv_header_stdc=yes
ac_cv_header_stdint_h=yes
ac_cv_header_stdlib_h=yes
ac_cv_header_string_h=yes
ac_cv_header_strings_h=yes
ac_cv_header_sys_stat_h=yes
ac_cv_header_sys_types_h=yes
ac_cv_header_unistd_h=yes
ac_cv_host=i686-pc-linux-gnu
ac_cv_lib_asound_snd_pcm_ioplug_create=yes
ac_cv_lib_speexdsp_speex_resampler_init=yes
ac_cv_objext=o
ac_cv_path_EGREP='/usr/bin/grep -E'
ac_cv_path_FGREP='/usr/bin/grep -F'
ac_cv_path_GREP=/usr/bin/grep
ac_cv_path_SED=/usr/bin/sed
ac_cv_path_ac_pt_PKG_CONFIG=/usr/bin/pkg-config
ac_cv_path_install='/bin/install -c'
ac_cv_path_mkdir=/bin/mkdir
ac_cv_prog_AWK=gawk
ac_cv_prog_CPP='i486-TSOL-linux-gnu-gcc -E'
ac_cv_prog_ac_ct_AR=ar
ac_cv_prog_ac_ct_CC=i486-TSOL-linux-gnu-gcc
ac_cv_prog_ac_ct_OBJDUMP=objdump
ac_cv_prog_ac_ct_RANLIB=ranlib
ac_cv_prog_ac_ct_STRIP=strip
ac_cv_prog_cc_c89=
ac_cv_prog_cc_g=yes
ac_cv_prog_make_make_set=yes
am_cv_CC_dependencies_compiler_type=gcc3
lt_cv_ar_at_file=@
lt_cv_archive_cmds_need_lc=no
lt_cv_deplibs_check_method=pass_all
lt_cv_file_magic_cmd='$MAGIC_CMD'
lt_cv_file_magic_test_file=
lt_cv_ld_reload_flag=-r
lt_cv_nm_interface='BSD nm'
lt_cv_objdir=.libs
lt_cv_path_LD=i486-TSOL-linux-gnu-ld
lt_cv_path_NM='/toolchain/i486-TSOL-linux-gnu/bin//nm -B'
lt_cv_path_mainfest_tool=no
lt_cv_prog_compiler_c_o=yes
lt_cv_prog_compiler_pic='-fPIC -DPIC'
lt_cv_prog_compiler_pic_works=yes
lt_cv_prog_compiler_rtti_exceptions=no
lt_cv_prog_compiler_static_works=yes
lt_cv_prog_gnu_ld=yes
lt_cv_sharedlib_from_linklib_cmd='printf %s\n'
lt_cv_shlibpath_overrides_runpath=yes
lt_cv_sys_global_symbol_pipe='sed -n -e '\''s/^.*[	 ]\([ABCDGIRSTW][ABCDGIRSTW]*\)[	 ][	 ]*\([_A-Za-z][_A-Za-z0-9]*\)$/\1 \2 \2/p'\'' | sed '\''/ __gnu_lto/d'\'''
lt_cv_sys_global_symbol_to_c_name_address='sed -n -e '\''s/^: \([^ ]*\)[ ]*$/  {\"\1\", (void *) 0},/p'\'' -e '\''s/^[ABCDGIRSTW]* \([^ ]*\) \([^ ]*\)$/  {"\2", (void *) \&\2},/p'\'''
lt_cv_sys_global_symbol_to_c_name_address_lib_prefix='sed -n -e '\''s/^: \([^ ]*\)[ ]*$/  {\"\1\", (void *) 0},/p'\'' -e '\''s/^[ABCDGIRSTW]* \([^ ]*\) \(lib[^ ]*\)$/  {"\2", (void *) \&\2},/p'\'' -e '\''s/^[ABCDGIRSTW]* \([^ ]*\) \([^ ]*\)$/  {"lib\2", (void *) \&\2},/p'\'''
lt_cv_sys_global_symbol_to_cdecl='sed -n -e '\''s/^T .* \(.*\)$/extern int \1();/p'\'' -e '\''s/^[ABCDGIRSTW]* .* \(.*\)$/extern char \1;/p'\'''
lt_cv_sys_max_cmd_len=1572864
lt_cv_to_host_file_cmd=func_convert_file_noop
lt_cv_to_tool_file_cmd=func_convert_file_noop
pkg_cv_ALSA_CFLAGS='-I/usr/include/alsa  '
pkg_cv_ALSA_LIBS='-lasound  '
pkg_cv_AVCODEC_CFLAGS=' '
pkg_cv_AVCODEC_LIBS='-lavcodec  '
pkg_cv_pulseaudio_CFLAGS='-D_REENTRANT  '
pkg_cv_pulseaudio_LIBS='-lpulse  '
pkg_cv_speexdsp_CFLAGS=' '
pkg_cv_speexdsp_LIBS='-lspeexdsp  '

## ----------------- ##
## Output variables. ##
## ----------------- ##

ACLOCAL='${SHELL} /source/alsa/alsa-plugins-1.0.27/missing --run aclocal-1.12'
ALSA_CFLAGS='-I/usr/include/alsa  '
ALSA_DATA_DIR='${prefix}/share/alsa'
ALSA_LIBS='-lasound  '
ALSA_PLUGIN_DIR='/usr/lib/alsa-lib'
AMDEPBACKSLASH='\'
AMDEP_FALSE='#'
AMDEP_TRUE=''
AMTAR='$${TAR-tar}'
AR='ar'
AUTOCONF='${SHELL} /source/alsa/alsa-plugins-1.0.27/missing --run autoconf'
AUTOHEADER='${SHELL} /source/alsa/alsa-plugins-1.0.27/missing --run autoheader'
AUTOMAKE='${SHELL} /source/alsa/alsa-plugins-1.0.27/missing --run automake-1.12'
AVCODEC_CFLAGS=' '
AVCODEC_HEADER='<libavcodec/avcodec.h>'
AVCODEC_LIBS='-lavcodec  '
AWK='gawk'
CC='i486-TSOL-linux-gnu-gcc'
CCDEPMODE='depmode=gcc3'
CFLAGS='-Os'
CPP='i486-TSOL-linux-gnu-gcc -E'
CPPFLAGS=''
CYGPATH_W='echo'
DBUS_CFLAGS=''
DBUS_LIBS=''
DEFS='-DHAVE_CONFIG_H'
DEPDIR='.deps'
DLLTOOL='false'
DSYMUTIL=''
DUMPBIN=''
ECHO_C=''
ECHO_N='-n'
ECHO_T=''
EGREP='/usr/bin/grep -E'
EXEEXT=''
FGREP='/usr/bin/grep -F'
GREP='/usr/bin/grep'
HAVE_AVCODEC_FALSE='#'
HAVE_AVCODEC_TRUE=''
HAVE_JACK_FALSE=''
HAVE_JACK_TRUE='#'
HAVE_MAEMO_PLUGIN_FALSE=''
HAVE_MAEMO_PLUGIN_TRUE='#'
HAVE_PPH_FALSE='#'
HAVE_PPH_TRUE=''
HAVE_PULSE_FALSE='#'
HAVE_PULSE_TRUE=''
HAVE_SAMPLERATE_FALSE=''
HAVE_SAMPLERATE_TRUE='#'
HAVE_SPEEXDSP_FALSE='#'
HAVE_SPEEXDSP_TRUE=''
INSTALL_DATA='${INSTALL} -m 644'
INSTALL_PROGRAM='${INSTALL}'
INSTALL_SCRIPT='${INSTALL}'
INSTALL_STRIP_PROGRAM='$(install_sh) -c -s'
JACK_CFLAGS=''
JACK_LIBS=''
LD='i486-TSOL-linux-gnu-ld'
LDFLAGS='-static-libgcc'
LIBOBJS=''
LIBS='-lasound '
LIBTOOL='$(SHELL) $(top_builddir)/libtool'
LIPO=''
LN_S='ln -s'
LTLIBOBJS=''
MAKEINFO='${SHELL} /source/alsa/alsa-plugins-1.0.27/missing --run makeinfo'
MANIFEST_TOOL=':'
MKDIR_P='/bin/mkdir -p'
NM='/toolchain/i486-TSOL-linux-gnu/bin//nm -B'
NMEDIT=''
OBJDUMP='objdump'
OBJEXT='o'
OTOOL64=''
OTOOL=''
PACKAGE='alsa-plugins'
PACKAGE_BUGREPORT=''
PACKAGE_NAME=''
PACKAGE_STRING=''
PACKAGE_TARNAME=''
PACKAGE_URL=''
PACKAGE_VERSION=''
PATH_SEPARATOR=':'
PKG_CONFIG='/usr/bin/pkg-config'
PKG_CONFIG_LIBDIR=''
PKG_CONFIG_PATH='/usr/xorg/lib/pkgconfig:/usr/xorg/share/pkgconfig:'
RANLIB='ranlib'
SED='/usr/bin/sed'
SET_MAKE=''
SHELL='/bin/sh'
STRIP='strip'
USE_LIBSPEEX_FALSE='#'
USE_LIBSPEEX_TRUE=''
VERSION='1.0.27'
ac_ct_AR='ar'
ac_ct_CC='i486-TSOL-linux-gnu-gcc'
ac_ct_DUMPBIN=''
am__EXEEXT_FALSE=''
am__EXEEXT_TRUE='#'
am__fastdepCC_FALSE='#'
am__fastdepCC_TRUE=''
am__include='include'
am__isrc=''
am__leading_dot='.'
am__nodep='_no'
am__quote=''
am__tar='$${TAR-tar} chof - "$$tardir"'
am__untar='$${TAR-tar} xf -'
bindir='${exec_prefix}/bin'
build='i686-pc-linux-gnu'
build_alias=''
build_cpu='i686'
build_os='linux-gnu'
build_vendor='pc'
datadir='${datarootdir}'
datarootdir='${prefix}/share'
docdir='${datarootdir}/doc/${PACKAGE}'
dvidir='${docdir}'
exec_prefix='/usr'
host='i686-pc-linux-gnu'
host_alias=''
host_cpu='i686'
host_os='linux-gnu'
host_vendor='pc'
htmldir='${docdir}'
includedir='${prefix}/include'
infodir='${datarootdir}/info'
install_sh='${SHELL} /source/alsa/alsa-plugins-1.0.27/install-sh'
libdir='${exec_prefix}/lib'
libexecdir='${exec_prefix}/libexec'
localedir='${datarootdir}/locale'
localstatedir='${prefix}/var'
mandir='${datarootdir}/man'
mkdir_p='$(MKDIR_P)'
oldincludedir='/usr/include'
pdfdir='${docdir}'
prefix='/usr'
program_transform_name='s,x,x,'
psdir='${docdir}'
pulseaudio_CFLAGS='-D_REENTRANT  '
pulseaudio_LIBS='-lpulse  '
samplerate_CFLAGS=''
samplerate_LIBS=''
sbindir='${exec_prefix}/sbin'
sharedstatedir='${prefix}/com'
speexdsp_CFLAGS=' '
speexdsp_LIBS='-lspeexdsp  '
sysconfdir='${prefix}/etc'
target_alias=''

## ----------- ##
## confdefs.h. ##
## ----------- ##

/* confdefs.h */
#define PACKAGE_NAME ""
#define PACKAGE_TARNAME ""
#define PACKAGE_VERSION ""
#define PACKAGE_STRING ""
#define PACKAGE_BUGREPORT ""
#define PACKAGE_URL ""
#define PACKAGE "alsa-plugins"
#define VERSION "1.0.27"
#define STDC_HEADERS 1
#define HAVE_SYS_TYPES_H 1
#define HAVE_SYS_STAT_H 1
#define HAVE_STDLIB_H 1
#define HAVE_STRING_H 1
#define HAVE_MEMORY_H 1
#define HAVE_STRINGS_H 1
#define HAVE_INTTYPES_H 1
#define HAVE_STDINT_H 1
#define HAVE_UNISTD_H 1
#define HAVE_DLFCN_H 1
#define LT_OBJDIR ".libs/"
#define STDC_HEADERS 1
#define HAVE_LIBASOUND 1
#define USE_LIBSPEEX 1
#define ALSA_PLUGIN_DIR "/usr/lib/alsa-lib"
#define ALSA_DATA_DIR "${prefix}/share/alsa"

configure: exit 0
