This file contains any messages produced by compilers while
running configure, to aid debugging if configure makes a mistake.

It was created by xf86-video-intel configure 2.99.916, which was
generated by GNU Autoconf 2.69.  Invocation command line was

  $ ./configure --prefix=/usr/xorg --enable-uxa --enable-kms-only --enable-sna --disable-xvmc CC=i486-TSOL-linux-gnu-gcc CFLAGS=-Os LDFLAGS=-static-libgcc

## --------- ##
## Platform. ##
## --------- ##

hostname = ubuntu4
uname -m = i686
uname -r = 3.2.16-030216-generic
uname -s = Linux
uname -v = #201204221935 SMP Sun Apr 22 23:42:49 UTC 2012

/usr/bin/uname -p = unknown
/bin/uname -X     = unknown

/bin/arch              = unknown
/usr/bin/arch -k       = unknown
/usr/convex/getsysinfo = unknown
/usr/bin/hostinfo      = unknown
/bin/machine           = unknown
/usr/bin/oslevel       = unknown
/bin/universe          = unknown

PATH: /usr/xorg/bin
PATH: /source/docbook-xsl-1.76.1/tools/bin
PATH: /bin
PATH: /sbin
PATH: /usr/bin
PATH: /usr/sbin
PATH: /usr/bin/X11
PATH: /usr/local/bin
PATH: /toolchain/bin
PATH: /toolchain/i486-TSOL-linux-gnu/bin/
PATH: /root/.local/bin
PATH: /usr/xorg/bin
PATH: /usr/xorg/bin


## ----------- ##
## Core tests. ##
## ----------- ##

configure:2609: checking for a BSD-compatible install
configure:2677: result: /bin/install -c
configure:2688: checking whether build environment is sane
configure:2743: result: yes
configure:2894: checking for a thread-safe mkdir -p
configure:2933: result: /bin/mkdir -p
configure:2940: checking for gawk
configure:2956: found /usr/bin/gawk
configure:2967: result: gawk
configure:2978: checking whether make sets $(MAKE)
configure:3000: result: yes
configure:3029: checking whether make supports nested variables
configure:3046: result: yes
configure:3197: checking for style of include used by make
configure:3225: result: GNU
configure:3296: checking for gcc
configure:3323: result: i486-TSOL-linux-gnu-gcc
configure:3552: checking for C compiler version
configure:3561: i486-TSOL-linux-gnu-gcc --version >&5
i486-TSOL-linux-gnu-gcc (crosstool-NG 1.15.2) 4.6.3
Copyright (C) 2011 Free Software Foundation, Inc.
This is free software; see the source for copying conditions.  There is NO
warranty; not even for MERCHANTABILITY or FITNESS FOR A PARTICULAR PURPOSE.

configure:3572: $? = 0
configure:3561: i486-TSOL-linux-gnu-gcc -v >&5
Using built-in specs.
COLLECT_GCC=i486-TSOL-linux-gnu-gcc
COLLECT_LTO_WRAPPER=/toolchain/libexec/gcc/i486-TSOL-linux-gnu/4.6.3/lto-wrapper
Target: i486-TSOL-linux-gnu
Configured with: /TSOL/crosstool-ng-1.15.2/bin/.build/src/gcc-4.6.3/configure --build=i686-build_pc-linux-gnu --host=i686-build_pc-linux-gnu --target=i486-TSOL-linux-gnu --prefix=/toolchain --with-sysroot=/toolchain/i486-TSOL-linux-gnu/sysroot --enable-languages=c,c++ --with-arch=i486 --with-pkgversion='crosstool-NG 1.15.2' --enable-__cxa_atexit --disable-libmudflap --disable-libgomp --disable-libssp --with-gmp=/TSOL/crosstool-ng-1.15.2/bin/.build/i486-TSOL-linux-gnu/buildtools --with-mpfr=/TSOL/crosstool-ng-1.15.2/bin/.build/i486-TSOL-linux-gnu/buildtools --with-mpc=/TSOL/crosstool-ng-1.15.2/bin/.build/i486-TSOL-linux-gnu/buildtools --with-ppl=/TSOL/crosstool-ng-1.15.2/bin/.build/i486-TSOL-linux-gnu/buildtools --with-cloog=/TSOL/crosstool-ng-1.15.2/bin/.build/i486-TSOL-linux-gnu/buildtools --with-libelf=no --with-host-libstdcxx='-static-libgcc -Wl,-Bstatic,-lstdc++,-Bdynamic -lm -L/TSOL/crosstool-ng-1.15.2/bin/.build/i486-TSOL-linux-gnu/buildtools/lib -lpwl' --enable-threads=posix --enable-target-optspace --disable-multilib --with-local-prefix=/toolchain/i486-TSOL-linux-gnu/sysroot --enable-c99 --enable-long-long
Thread model: posix
gcc version 4.6.3 (crosstool-NG 1.15.2) 
configure:3572: $? = 0
configure:3561: i486-TSOL-linux-gnu-gcc -V >&5
i486-TSOL-linux-gnu-gcc: error: unrecognized option '-V'
i486-TSOL-linux-gnu-gcc: fatal error: no input files
compilation terminated.
configure:3572: $? = 1
configure:3561: i486-TSOL-linux-gnu-gcc -qversion >&5
i486-TSOL-linux-gnu-gcc: error: unrecognized option '-qversion'
i486-TSOL-linux-gnu-gcc: fatal error: no input files
compilation terminated.
configure:3572: $? = 1
configure:3592: checking whether the C compiler works
configure:3614: i486-TSOL-linux-gnu-gcc -Os  -static-libgcc conftest.c  >&5
configure:3618: $? = 0
configure:3666: result: yes
configure:3669: checking for C compiler default output file name
configure:3671: result: a.out
configure:3677: checking for suffix of executables
configure:3684: i486-TSOL-linux-gnu-gcc -o conftest -Os  -static-libgcc conftest.c  >&5
configure:3688: $? = 0
configure:3710: result: 
configure:3732: checking whether we are cross compiling
configure:3740: i486-TSOL-linux-gnu-gcc -o conftest -Os  -static-libgcc conftest.c  >&5
configure:3744: $? = 0
configure:3751: ./conftest
configure:3755: $? = 0
configure:3770: result: no
configure:3775: checking for suffix of object files
configure:3797: i486-TSOL-linux-gnu-gcc -c -Os  conftest.c >&5
configure:3801: $? = 0
configure:3822: result: o
configure:3826: checking whether we are using the GNU C compiler
configure:3845: i486-TSOL-linux-gnu-gcc -c -Os  conftest.c >&5
configure:3845: $? = 0
configure:3854: result: yes
configure:3863: checking whether i486-TSOL-linux-gnu-gcc accepts -g
configure:3883: i486-TSOL-linux-gnu-gcc -c -g  conftest.c >&5
configure:3883: $? = 0
configure:3924: result: yes
configure:3941: checking for i486-TSOL-linux-gnu-gcc option to accept ISO C89
configure:4004: i486-TSOL-linux-gnu-gcc  -c -Os  conftest.c >&5
configure:4004: $? = 0
configure:4017: result: none needed
configure:4042: checking whether i486-TSOL-linux-gnu-gcc understands -c and -o together
configure:4064: i486-TSOL-linux-gnu-gcc -c conftest.c -o conftest2.o
configure:4067: $? = 0
configure:4064: i486-TSOL-linux-gnu-gcc -c conftest.c -o conftest2.o
configure:4067: $? = 0
configure:4079: result: yes
configure:4098: checking dependency style of i486-TSOL-linux-gnu-gcc
configure:4209: result: gcc3
configure:4224: checking for i486-TSOL-linux-gnu-gcc option to accept ISO C99
configure:4373: i486-TSOL-linux-gnu-gcc  -c -Os  conftest.c >&5
conftest.c:61:29: error: expected ';', ',' or ')' before 'text'
conftest.c: In function 'main':
conftest.c:115:18: error: expected '=', ',', ';', 'asm' or '__attribute__' before 'newvar'
conftest.c:115:18: error: 'newvar' undeclared (first use in this function)
conftest.c:115:18: note: each undeclared identifier is reported only once for each function it appears in
conftest.c:125:3: error: 'for' loop initial declarations are only allowed in C99 mode
conftest.c:125:3: note: use option -std=c99 or -std=gnu99 to compile your code
configure:4373: $? = 1
configure: failed program was:
| /* confdefs.h */
| #define PACKAGE_NAME "xf86-video-intel"
| #define PACKAGE_TARNAME "xf86-video-intel"
| #define PACKAGE_VERSION "2.99.916"
| #define PACKAGE_STRING "xf86-video-intel 2.99.916"
| #define PACKAGE_BUGREPORT "https://bugs.freedesktop.org/enter_bug.cgi?product=xorg"
| #define PACKAGE_URL ""
| #define PACKAGE "xf86-video-intel"
| #define VERSION "2.99.916"
| /* end confdefs.h.  */
| #include <stdarg.h>
| #include <stdbool.h>
| #include <stdlib.h>
| #include <wchar.h>
| #include <stdio.h>
| 
| // Check varargs macros.  These examples are taken from C99 6.10.3.5.
| #define debug(...) fprintf (stderr, __VA_ARGS__)
| #define showlist(...) puts (#__VA_ARGS__)
| #define report(test,...) ((test) ? puts (#test) : printf (__VA_ARGS__))
| static void
| test_varargs_macros (void)
| {
|   int x = 1234;
|   int y = 5678;
|   debug ("Flag");
|   debug ("X = %d\n", x);
|   showlist (The first, second, and third items.);
|   report (x>y, "x is %d but y is %d", x, y);
| }
| 
| // Check long long types.
| #define BIG64 18446744073709551615ull
| #define BIG32 4294967295ul
| #define BIG_OK (BIG64 / BIG32 == 4294967297ull && BIG64 % BIG32 == 0)
| #if !BIG_OK
|   your preprocessor is broken;
| #endif
| #if BIG_OK
| #else
|   your preprocessor is broken;
| #endif
| static long long int bignum = -9223372036854775807LL;
| static unsigned long long int ubignum = BIG64;
| 
| struct incomplete_array
| {
|   int datasize;
|   double data[];
| };
| 
| struct named_init {
|   int number;
|   const wchar_t *name;
|   double average;
| };
| 
| typedef const char *ccp;
| 
| static inline int
| test_restrict (ccp restrict text)
| {
|   // See if C++-style comments work.
|   // Iterate through items via the restricted pointer.
|   // Also check for declarations in for loops.
|   for (unsigned int i = 0; *(text+i) != '\0'; ++i)
|     continue;
|   return 0;
| }
| 
| // Check varargs and va_copy.
| static void
| test_varargs (const char *format, ...)
| {
|   va_list args;
|   va_start (args, format);
|   va_list args_copy;
|   va_copy (args_copy, args);
| 
|   const char *str;
|   int number;
|   float fnumber;
| 
|   while (*format)
|     {
|       switch (*format++)
| 	{
| 	case 's': // string
| 	  str = va_arg (args_copy, const char *);
| 	  break;
| 	case 'd': // int
| 	  number = va_arg (args_copy, int);
| 	  break;
| 	case 'f': // float
| 	  fnumber = va_arg (args_copy, double);
| 	  break;
| 	default:
| 	  break;
| 	}
|     }
|   va_end (args_copy);
|   va_end (args);
| }
| 
| int
| main ()
| {
| 
|   // Check bool.
|   _Bool success = false;
| 
|   // Check restrict.
|   if (test_restrict ("String literal") == 0)
|     success = true;
|   char *restrict newvar = "Another string";
| 
|   // Check varargs.
|   test_varargs ("s, d' f .", "string", 65, 34.234);
|   test_varargs_macros ();
| 
|   // Check flexible array members.
|   struct incomplete_array *ia =
|     malloc (sizeof (struct incomplete_array) + (sizeof (double) * 10));
|   ia->datasize = 10;
|   for (int i = 0; i < ia->datasize; ++i)
|     ia->data[i] = i * 1.234;
| 
|   // Check named initializers.
|   struct named_init ni = {
|     .number = 34,
|     .name = L"Test wide string",
|     .average = 543.34343,
|   };
| 
|   ni.number = 58;
| 
|   int dynamic_array[ni.number];
|   dynamic_array[ni.number - 1] = 543;
| 
|   // work around unused variable warnings
|   return (!success || bignum == 0LL || ubignum == 0uLL || newvar[0] == 'x'
| 	  || dynamic_array[ni.number - 1] != 543);
| 
|   ;
|   return 0;
| }
configure:4373: i486-TSOL-linux-gnu-gcc -std=gnu99 -c -Os  conftest.c >&5
configure:4373: $? = 0
configure:4393: result: -std=gnu99
configure:4407: checking how to run the C preprocessor
configure:4438: i486-TSOL-linux-gnu-gcc -std=gnu99 -E  conftest.c
configure:4438: $? = 0
configure:4452: i486-TSOL-linux-gnu-gcc -std=gnu99 -E  conftest.c
conftest.c:11:28: fatal error: ac_nonexistent.h: No such file or directory
compilation terminated.
configure:4452: $? = 1
configure: failed program was:
| /* confdefs.h */
| #define PACKAGE_NAME "xf86-video-intel"
| #define PACKAGE_TARNAME "xf86-video-intel"
| #define PACKAGE_VERSION "2.99.916"
| #define PACKAGE_STRING "xf86-video-intel 2.99.916"
| #define PACKAGE_BUGREPORT "https://bugs.freedesktop.org/enter_bug.cgi?product=xorg"
| #define PACKAGE_URL ""
| #define PACKAGE "xf86-video-intel"
| #define VERSION "2.99.916"
| /* end confdefs.h.  */
| #include <ac_nonexistent.h>
configure:4477: result: i486-TSOL-linux-gnu-gcc -std=gnu99 -E
configure:4497: i486-TSOL-linux-gnu-gcc -std=gnu99 -E  conftest.c
configure:4497: $? = 0
configure:4511: i486-TSOL-linux-gnu-gcc -std=gnu99 -E  conftest.c
conftest.c:11:28: fatal error: ac_nonexistent.h: No such file or directory
compilation terminated.
configure:4511: $? = 1
configure: failed program was:
| /* confdefs.h */
| #define PACKAGE_NAME "xf86-video-intel"
| #define PACKAGE_TARNAME "xf86-video-intel"
| #define PACKAGE_VERSION "2.99.916"
| #define PACKAGE_STRING "xf86-video-intel 2.99.916"
| #define PACKAGE_BUGREPORT "https://bugs.freedesktop.org/enter_bug.cgi?product=xorg"
| #define PACKAGE_URL ""
| #define PACKAGE "xf86-video-intel"
| #define VERSION "2.99.916"
| /* end confdefs.h.  */
| #include <ac_nonexistent.h>
configure:4540: checking for grep that handles long lines and -e
configure:4598: result: /usr/bin/grep
configure:4603: checking for egrep
configure:4665: result: /usr/bin/grep -E
configure:4670: checking for ANSI C header files
configure:4690: i486-TSOL-linux-gnu-gcc -std=gnu99 -c -Os  conftest.c >&5
configure:4690: $? = 0
configure:4763: i486-TSOL-linux-gnu-gcc -std=gnu99 -o conftest -Os  -static-libgcc conftest.c  >&5
configure:4763: $? = 0
configure:4763: ./conftest
configure:4763: $? = 0
configure:4774: result: yes
configure:4787: checking for sys/types.h
configure:4787: i486-TSOL-linux-gnu-gcc -std=gnu99 -c -Os  conftest.c >&5
configure:4787: $? = 0
configure:4787: result: yes
configure:4787: checking for sys/stat.h
configure:4787: i486-TSOL-linux-gnu-gcc -std=gnu99 -c -Os  conftest.c >&5
configure:4787: $? = 0
configure:4787: result: yes
configure:4787: checking for stdlib.h
configure:4787: i486-TSOL-linux-gnu-gcc -std=gnu99 -c -Os  conftest.c >&5
configure:4787: $? = 0
configure:4787: result: yes
configure:4787: checking for string.h
configure:4787: i486-TSOL-linux-gnu-gcc -std=gnu99 -c -Os  conftest.c >&5
configure:4787: $? = 0
configure:4787: result: yes
configure:4787: checking for memory.h
configure:4787: i486-TSOL-linux-gnu-gcc -std=gnu99 -c -Os  conftest.c >&5
configure:4787: $? = 0
configure:4787: result: yes
configure:4787: checking for strings.h
configure:4787: i486-TSOL-linux-gnu-gcc -std=gnu99 -c -Os  conftest.c >&5
configure:4787: $? = 0
configure:4787: result: yes
configure:4787: checking for inttypes.h
configure:4787: i486-TSOL-linux-gnu-gcc -std=gnu99 -c -Os  conftest.c >&5
configure:4787: $? = 0
configure:4787: result: yes
configure:4787: checking for stdint.h
configure:4787: i486-TSOL-linux-gnu-gcc -std=gnu99 -c -Os  conftest.c >&5
configure:4787: $? = 0
configure:4787: result: yes
configure:4787: checking for unistd.h
configure:4787: i486-TSOL-linux-gnu-gcc -std=gnu99 -c -Os  conftest.c >&5
configure:4787: $? = 0
configure:4787: result: yes
configure:4803: checking whether __clang__ is declared
configure:4803: i486-TSOL-linux-gnu-gcc -std=gnu99 -c -Os  conftest.c >&5
conftest.c: In function 'main':
conftest.c:61:10: error: '__clang__' undeclared (first use in this function)
conftest.c:61:10: note: each undeclared identifier is reported only once for each function it appears in
configure:4803: $? = 1
configure: failed program was:
| /* confdefs.h */
| #define PACKAGE_NAME "xf86-video-intel"
| #define PACKAGE_TARNAME "xf86-video-intel"
| #define PACKAGE_VERSION "2.99.916"
| #define PACKAGE_STRING "xf86-video-intel 2.99.916"
| #define PACKAGE_BUGREPORT "https://bugs.freedesktop.org/enter_bug.cgi?product=xorg"
| #define PACKAGE_URL ""
| #define PACKAGE "xf86-video-intel"
| #define VERSION "2.99.916"
| #define STDC_HEADERS 1
| #define HAVE_SYS_TYPES_H 1
| #define HAVE_SYS_STAT_H 1
| #define HAVE_STDLIB_H 1
| #define HAVE_STRING_H 1
| #define HAVE_MEMORY_H 1
| #define HAVE_STRINGS_H 1
| #define HAVE_INTTYPES_H 1
| #define HAVE_STDINT_H 1
| #define HAVE_UNISTD_H 1
| /* end confdefs.h.  */
| #include <stdio.h>
| #ifdef HAVE_SYS_TYPES_H
| # include <sys/types.h>
| #endif
| #ifdef HAVE_SYS_STAT_H
| # include <sys/stat.h>
| #endif
| #ifdef STDC_HEADERS
| # include <stdlib.h>
| # include <stddef.h>
| #else
| # ifdef HAVE_STDLIB_H
| #  include <stdlib.h>
| # endif
| #endif
| #ifdef HAVE_STRING_H
| # if !defined STDC_HEADERS && defined HAVE_MEMORY_H
| #  include <memory.h>
| # endif
| # include <string.h>
| #endif
| #ifdef HAVE_STRINGS_H
| # include <strings.h>
| #endif
| #ifdef HAVE_INTTYPES_H
| # include <inttypes.h>
| #endif
| #ifdef HAVE_STDINT_H
| # include <stdint.h>
| #endif
| #ifdef HAVE_UNISTD_H
| # include <unistd.h>
| #endif
| int
| main ()
| {
| #ifndef __clang__
| #ifdef __cplusplus
|   (void) __clang__;
| #else
|   (void) __clang__;
| #endif
| #endif
| 
|   ;
|   return 0;
| }
configure:4803: result: no
configure:4810: checking whether __INTEL_COMPILER is declared
configure:4810: i486-TSOL-linux-gnu-gcc -std=gnu99 -c -Os  conftest.c >&5
conftest.c: In function 'main':
conftest.c:61:10: error: '__INTEL_COMPILER' undeclared (first use in this function)
conftest.c:61:10: note: each undeclared identifier is reported only once for each function it appears in
configure:4810: $? = 1
configure: failed program was:
| /* confdefs.h */
| #define PACKAGE_NAME "xf86-video-intel"
| #define PACKAGE_TARNAME "xf86-video-intel"
| #define PACKAGE_VERSION "2.99.916"
| #define PACKAGE_STRING "xf86-video-intel 2.99.916"
| #define PACKAGE_BUGREPORT "https://bugs.freedesktop.org/enter_bug.cgi?product=xorg"
| #define PACKAGE_URL ""
| #define PACKAGE "xf86-video-intel"
| #define VERSION "2.99.916"
| #define STDC_HEADERS 1
| #define HAVE_SYS_TYPES_H 1
| #define HAVE_SYS_STAT_H 1
| #define HAVE_STDLIB_H 1
| #define HAVE_STRING_H 1
| #define HAVE_MEMORY_H 1
| #define HAVE_STRINGS_H 1
| #define HAVE_INTTYPES_H 1
| #define HAVE_STDINT_H 1
| #define HAVE_UNISTD_H 1
| /* end confdefs.h.  */
| #include <stdio.h>
| #ifdef HAVE_SYS_TYPES_H
| # include <sys/types.h>
| #endif
| #ifdef HAVE_SYS_STAT_H
| # include <sys/stat.h>
| #endif
| #ifdef STDC_HEADERS
| # include <stdlib.h>
| # include <stddef.h>
| #else
| # ifdef HAVE_STDLIB_H
| #  include <stdlib.h>
| # endif
| #endif
| #ifdef HAVE_STRING_H
| # if !defined STDC_HEADERS && defined HAVE_MEMORY_H
| #  include <memory.h>
| # endif
| # include <string.h>
| #endif
| #ifdef HAVE_STRINGS_H
| # include <strings.h>
| #endif
| #ifdef HAVE_INTTYPES_H
| # include <inttypes.h>
| #endif
| #ifdef HAVE_STDINT_H
| # include <stdint.h>
| #endif
| #ifdef HAVE_UNISTD_H
| # include <unistd.h>
| #endif
| int
| main ()
| {
| #ifndef __INTEL_COMPILER
| #ifdef __cplusplus
|   (void) __INTEL_COMPILER;
| #else
|   (void) __INTEL_COMPILER;
| #endif
| #endif
| 
|   ;
|   return 0;
| }
configure:4810: result: no
configure:4817: checking whether __SUNPRO_C is declared
configure:4817: i486-TSOL-linux-gnu-gcc -std=gnu99 -c -Os  conftest.c >&5
conftest.c: In function 'main':
conftest.c:61:10: error: '__SUNPRO_C' undeclared (first use in this function)
conftest.c:61:10: note: each undeclared identifier is reported only once for each function it appears in
configure:4817: $? = 1
configure: failed program was:
| /* confdefs.h */
| #define PACKAGE_NAME "xf86-video-intel"
| #define PACKAGE_TARNAME "xf86-video-intel"
| #define PACKAGE_VERSION "2.99.916"
| #define PACKAGE_STRING "xf86-video-intel 2.99.916"
| #define PACKAGE_BUGREPORT "https://bugs.freedesktop.org/enter_bug.cgi?product=xorg"
| #define PACKAGE_URL ""
| #define PACKAGE "xf86-video-intel"
| #define VERSION "2.99.916"
| #define STDC_HEADERS 1
| #define HAVE_SYS_TYPES_H 1
| #define HAVE_SYS_STAT_H 1
| #define HAVE_STDLIB_H 1
| #define HAVE_STRING_H 1
| #define HAVE_MEMORY_H 1
| #define HAVE_STRINGS_H 1
| #define HAVE_INTTYPES_H 1
| #define HAVE_STDINT_H 1
| #define HAVE_UNISTD_H 1
| /* end confdefs.h.  */
| #include <stdio.h>
| #ifdef HAVE_SYS_TYPES_H
| # include <sys/types.h>
| #endif
| #ifdef HAVE_SYS_STAT_H
| # include <sys/stat.h>
| #endif
| #ifdef STDC_HEADERS
| # include <stdlib.h>
| # include <stddef.h>
| #else
| # ifdef HAVE_STDLIB_H
| #  include <stdlib.h>
| # endif
| #endif
| #ifdef HAVE_STRING_H
| # if !defined STDC_HEADERS && defined HAVE_MEMORY_H
| #  include <memory.h>
| # endif
| # include <string.h>
| #endif
| #ifdef HAVE_STRINGS_H
| # include <strings.h>
| #endif
| #ifdef HAVE_INTTYPES_H
| # include <inttypes.h>
| #endif
| #ifdef HAVE_STDINT_H
| # include <stdint.h>
| #endif
| #ifdef HAVE_UNISTD_H
| # include <unistd.h>
| #endif
| int
| main ()
| {
| #ifndef __SUNPRO_C
| #ifdef __cplusplus
|   (void) __SUNPRO_C;
| #else
|   (void) __SUNPRO_C;
| #endif
| #endif
| 
|   ;
|   return 0;
| }
configure:4817: result: no
configure:4879: checking for pkg-config
configure:4897: found /usr/bin/pkg-config
configure:4909: result: /usr/bin/pkg-config
configure:4934: checking pkg-config is at least version 0.9.0
configure:4937: result: yes
configure:4949: checking build system type
configure:4963: result: i686-pc-linux-gnu
configure:4983: checking host system type
configure:4996: result: i686-pc-linux-gnu
configure:5016: checking for a sed that does not truncate output
configure:5080: result: /usr/bin/sed
configure:5126: checking if i486-TSOL-linux-gnu-gcc -std=gnu99 supports -Werror=unknown-warning-option
configure:5135: i486-TSOL-linux-gnu-gcc -std=gnu99 -c -Os -Werror=unknown-warning-option  conftest.c >&5
cc1: error: -Werror=unknown-warning-option: no option -Wunknown-warning-option
configure:5135: $? = 1
configure: failed program was:
| /* confdefs.h */
| #define PACKAGE_NAME "xf86-video-intel"
| #define PACKAGE_TARNAME "xf86-video-intel"
| #define PACKAGE_VERSION "2.99.916"
| #define PACKAGE_STRING "xf86-video-intel 2.99.916"
| #define PACKAGE_BUGREPORT "https://bugs.freedesktop.org/enter_bug.cgi?product=xorg"
| #define PACKAGE_URL ""
| #define PACKAGE "xf86-video-intel"
| #define VERSION "2.99.916"
| #define STDC_HEADERS 1
| #define HAVE_SYS_TYPES_H 1
| #define HAVE_SYS_STAT_H 1
| #define HAVE_STDLIB_H 1
| #define HAVE_STRING_H 1
| #define HAVE_MEMORY_H 1
| #define HAVE_STRINGS_H 1
| #define HAVE_INTTYPES_H 1
| #define HAVE_STDINT_H 1
| #define HAVE_UNISTD_H 1
| /* end confdefs.h.  */
| int i;
configure:5142: result: no
configure:5153: checking if i486-TSOL-linux-gnu-gcc -std=gnu99 supports -Werror=unused-command-line-argument
configure:5162: i486-TSOL-linux-gnu-gcc -std=gnu99 -c -Os -Werror=unused-command-line-argument  conftest.c >&5
cc1: error: -Werror=unused-command-line-argument: no option -Wunused-command-line-argument
configure:5162: $? = 1
configure: failed program was:
| /* confdefs.h */
| #define PACKAGE_NAME "xf86-video-intel"
| #define PACKAGE_TARNAME "xf86-video-intel"
| #define PACKAGE_VERSION "2.99.916"
| #define PACKAGE_STRING "xf86-video-intel 2.99.916"
| #define PACKAGE_BUGREPORT "https://bugs.freedesktop.org/enter_bug.cgi?product=xorg"
| #define PACKAGE_URL ""
| #define PACKAGE "xf86-video-intel"
| #define VERSION "2.99.916"
| #define STDC_HEADERS 1
| #define HAVE_SYS_TYPES_H 1
| #define HAVE_SYS_STAT_H 1
| #define HAVE_STDLIB_H 1
| #define HAVE_STRING_H 1
| #define HAVE_MEMORY_H 1
| #define HAVE_STRINGS_H 1
| #define HAVE_INTTYPES_H 1
| #define HAVE_STDINT_H 1
| #define HAVE_UNISTD_H 1
| /* end confdefs.h.  */
| int i;
configure:5169: result: no
configure:5188: checking if i486-TSOL-linux-gnu-gcc -std=gnu99 supports-Wall
configure:5205: i486-TSOL-linux-gnu-gcc -std=gnu99 -o conftest -Os -Wall  -static-libgcc conftest.c  >&5
configure:5205: $? = 0
configure:5218: result: yes
configure:5306: checking if i486-TSOL-linux-gnu-gcc -std=gnu99 supports-Wpointer-arith
configure:5323: i486-TSOL-linux-gnu-gcc -std=gnu99 -o conftest -Os -Wpointer-arith  -static-libgcc conftest.c  >&5
configure:5323: $? = 0
configure:5336: result: yes
configure:5424: checking if i486-TSOL-linux-gnu-gcc -std=gnu99 supports-Wmissing-declarations
configure:5441: i486-TSOL-linux-gnu-gcc -std=gnu99 -o conftest -Os -Wmissing-declarations  -static-libgcc conftest.c  >&5
configure:5441: $? = 0
configure:5454: result: yes
configure:5542: checking if i486-TSOL-linux-gnu-gcc -std=gnu99 supports-Wformat=2
configure:5559: i486-TSOL-linux-gnu-gcc -std=gnu99 -o conftest -Os -Wformat=2  -static-libgcc conftest.c  >&5
configure:5559: $? = 0
configure:5572: result: yes
configure:5711: checking if i486-TSOL-linux-gnu-gcc -std=gnu99 supports-Wstrict-prototypes
configure:5728: i486-TSOL-linux-gnu-gcc -std=gnu99 -o conftest -Os -Wstrict-prototypes  -static-libgcc conftest.c  >&5
conftest.c:23:1: warning: function declaration isn't a prototype [-Wstrict-prototypes]
configure:5728: $? = 0
configure:5741: result: yes
configure:5829: checking if i486-TSOL-linux-gnu-gcc -std=gnu99 supports-Wmissing-prototypes
configure:5846: i486-TSOL-linux-gnu-gcc -std=gnu99 -o conftest -Os -Wmissing-prototypes  -static-libgcc conftest.c  >&5
configure:5846: $? = 0
configure:5859: result: yes
configure:5947: checking if i486-TSOL-linux-gnu-gcc -std=gnu99 supports-Wnested-externs
configure:5964: i486-TSOL-linux-gnu-gcc -std=gnu99 -o conftest -Os -Wnested-externs  -static-libgcc conftest.c  >&5
configure:5964: $? = 0
configure:5977: result: yes
configure:6065: checking if i486-TSOL-linux-gnu-gcc -std=gnu99 supports-Wbad-function-cast
configure:6082: i486-TSOL-linux-gnu-gcc -std=gnu99 -o conftest -Os -Wbad-function-cast  -static-libgcc conftest.c  >&5
configure:6082: $? = 0
configure:6095: result: yes
configure:6183: checking if i486-TSOL-linux-gnu-gcc -std=gnu99 supports-Wold-style-definition
configure:6200: i486-TSOL-linux-gnu-gcc -std=gnu99 -o conftest -Os -Wold-style-definition  -static-libgcc conftest.c  >&5
conftest.c: In function 'main':
conftest.c:23:1: warning: old-style function definition [-Wold-style-definition]
configure:6200: $? = 0
configure:6213: result: yes
configure:6301: checking if i486-TSOL-linux-gnu-gcc -std=gnu99 supports-Wdeclaration-after-statement
configure:6318: i486-TSOL-linux-gnu-gcc -std=gnu99 -o conftest -Os -Wdeclaration-after-statement  -static-libgcc conftest.c  >&5
configure:6318: $? = 0
configure:6331: result: yes
configure:6423: checking if i486-TSOL-linux-gnu-gcc -std=gnu99 supports-Wunused
configure:6440: i486-TSOL-linux-gnu-gcc -std=gnu99 -o conftest -Os -Wunused  -static-libgcc conftest.c  >&5
configure:6440: $? = 0
configure:6453: result: yes
configure:6541: checking if i486-TSOL-linux-gnu-gcc -std=gnu99 supports-Wuninitialized
configure:6558: i486-TSOL-linux-gnu-gcc -std=gnu99 -o conftest -Os -Wuninitialized  -static-libgcc conftest.c  >&5
configure:6558: $? = 0
configure:6571: result: yes
configure:6659: checking if i486-TSOL-linux-gnu-gcc -std=gnu99 supports-Wshadow
configure:6676: i486-TSOL-linux-gnu-gcc -std=gnu99 -o conftest -Os -Wshadow  -static-libgcc conftest.c  >&5
configure:6676: $? = 0
configure:6689: result: yes
configure:6777: checking if i486-TSOL-linux-gnu-gcc -std=gnu99 supports-Wcast-qual
configure:6794: i486-TSOL-linux-gnu-gcc -std=gnu99 -o conftest -Os -Wcast-qual  -static-libgcc conftest.c  >&5
configure:6794: $? = 0
configure:6807: result: yes
configure:6895: checking if i486-TSOL-linux-gnu-gcc -std=gnu99 supports-Wmissing-noreturn
configure:6912: i486-TSOL-linux-gnu-gcc -std=gnu99 -o conftest -Os -Wmissing-noreturn  -static-libgcc conftest.c  >&5
configure:6912: $? = 0
configure:6925: result: yes
configure:7013: checking if i486-TSOL-linux-gnu-gcc -std=gnu99 supports-Wmissing-format-attribute
configure:7030: i486-TSOL-linux-gnu-gcc -std=gnu99 -o conftest -Os -Wmissing-format-attribute  -static-libgcc conftest.c  >&5
configure:7030: $? = 0
configure:7043: result: yes
configure:7131: checking if i486-TSOL-linux-gnu-gcc -std=gnu99 supports-Wredundant-decls
configure:7148: i486-TSOL-linux-gnu-gcc -std=gnu99 -o conftest -Os -Wredundant-decls  -static-libgcc conftest.c  >&5
configure:7148: $? = 0
configure:7161: result: yes
configure:7261: checking if i486-TSOL-linux-gnu-gcc -std=gnu99 supports-Werror=implicit
configure:7278: i486-TSOL-linux-gnu-gcc -std=gnu99 -o conftest -Os -Werror=implicit  -static-libgcc conftest.c  >&5
configure:7278: $? = 0
configure:7291: result: yes
configure:7428: checking if i486-TSOL-linux-gnu-gcc -std=gnu99 supports-Werror=nonnull
configure:7445: i486-TSOL-linux-gnu-gcc -std=gnu99 -o conftest -Os -Werror=nonnull  -static-libgcc conftest.c  >&5
configure:7445: $? = 0
configure:7458: result: yes
configure:7546: checking if i486-TSOL-linux-gnu-gcc -std=gnu99 supports-Werror=init-self
configure:7563: i486-TSOL-linux-gnu-gcc -std=gnu99 -o conftest -Os -Werror=init-self  -static-libgcc conftest.c  >&5
configure:7563: $? = 0
configure:7576: result: yes
configure:7664: checking if i486-TSOL-linux-gnu-gcc -std=gnu99 supports-Werror=main
configure:7681: i486-TSOL-linux-gnu-gcc -std=gnu99 -o conftest -Os -Werror=main  -static-libgcc conftest.c  >&5
configure:7681: $? = 0
configure:7694: result: yes
configure:7782: checking if i486-TSOL-linux-gnu-gcc -std=gnu99 supports-Werror=missing-braces
configure:7799: i486-TSOL-linux-gnu-gcc -std=gnu99 -o conftest -Os -Werror=missing-braces  -static-libgcc conftest.c  >&5
configure:7799: $? = 0
configure:7812: result: yes
configure:7900: checking if i486-TSOL-linux-gnu-gcc -std=gnu99 supports-Werror=sequence-point
configure:7917: i486-TSOL-linux-gnu-gcc -std=gnu99 -o conftest -Os -Werror=sequence-point  -static-libgcc conftest.c  >&5
configure:7917: $? = 0
configure:7930: result: yes
configure:8018: checking if i486-TSOL-linux-gnu-gcc -std=gnu99 supports-Werror=return-type
configure:8035: i486-TSOL-linux-gnu-gcc -std=gnu99 -o conftest -Os -Werror=return-type  -static-libgcc conftest.c  >&5
configure:8035: $? = 0
configure:8048: result: yes
configure:8185: checking if i486-TSOL-linux-gnu-gcc -std=gnu99 supports-Werror=trigraphs
configure:8202: i486-TSOL-linux-gnu-gcc -std=gnu99 -o conftest -Os -Werror=trigraphs  -static-libgcc conftest.c  >&5
configure:8202: $? = 0
configure:8215: result: yes
configure:8303: checking if i486-TSOL-linux-gnu-gcc -std=gnu99 supports-Werror=array-bounds
configure:8320: i486-TSOL-linux-gnu-gcc -std=gnu99 -o conftest -Os -Werror=array-bounds  -static-libgcc conftest.c  >&5
configure:8320: $? = 0
configure:8333: result: yes
configure:8421: checking if i486-TSOL-linux-gnu-gcc -std=gnu99 supports-Werror=write-strings
configure:8438: i486-TSOL-linux-gnu-gcc -std=gnu99 -o conftest -Os -Werror=write-strings  -static-libgcc conftest.c  >&5
configure:8438: $? = 0
configure:8451: result: yes
configure:8539: checking if i486-TSOL-linux-gnu-gcc -std=gnu99 supports-Werror=address
configure:8556: i486-TSOL-linux-gnu-gcc -std=gnu99 -o conftest -Os -Werror=address  -static-libgcc conftest.c  >&5
configure:8556: $? = 0
configure:8569: result: yes
configure:8657: checking if i486-TSOL-linux-gnu-gcc -std=gnu99 supports-Werror=int-to-pointer-cast
configure:8674: i486-TSOL-linux-gnu-gcc -std=gnu99 -o conftest -Os -Werror=int-to-pointer-cast  -static-libgcc conftest.c  >&5
configure:8674: $? = 0
configure:8687: result: yes
configure:8824: checking if i486-TSOL-linux-gnu-gcc -std=gnu99 supports-Werror=pointer-to-int-cast
configure:8841: i486-TSOL-linux-gnu-gcc -std=gnu99 -o conftest -Os -Werror=pointer-to-int-cast  -static-libgcc conftest.c  >&5
configure:8841: $? = 0
configure:8854: result: yes
configure:10512: checking if i486-TSOL-linux-gnu-gcc -std=gnu99 supports-pedantic
configure:10529: i486-TSOL-linux-gnu-gcc -std=gnu99 -o conftest -Os -pedantic  -static-libgcc conftest.c  >&5
configure:10529: $? = 0
configure:10542: result: yes
configure:10630: checking if i486-TSOL-linux-gnu-gcc -std=gnu99 supports-Werror
configure:10647: i486-TSOL-linux-gnu-gcc -std=gnu99 -o conftest -Os -Werror  -static-libgcc conftest.c  >&5
configure:10647: $? = 0
configure:10660: result: yes
configure:10800: checking if i486-TSOL-linux-gnu-gcc -std=gnu99 supports-Werror=attributes
configure:10817: i486-TSOL-linux-gnu-gcc -std=gnu99 -o conftest -Os -Werror=attributes  -static-libgcc conftest.c  >&5
configure:10817: $? = 0
configure:10830: result: yes
configure:10990: checking whether make supports nested variables
configure:11007: result: yes
configure:11101: checking if i486-TSOL-linux-gnu-gcc -std=gnu99 supports-Wno-cast-qual
configure:11118: i486-TSOL-linux-gnu-gcc -std=gnu99 -o conftest -Os -Wno-cast-qual  -static-libgcc conftest.c  >&5
configure:11118: $? = 0
configure:11131: result: yes
configure:11219: checking if i486-TSOL-linux-gnu-gcc -std=gnu99 supports-Wno-redundant-decls
configure:11236: i486-TSOL-linux-gnu-gcc -std=gnu99 -o conftest -Os -Wno-redundant-decls  -static-libgcc conftest.c  >&5
configure:11236: $? = 0
configure:11249: result: yes
configure:11337: checking if i486-TSOL-linux-gnu-gcc -std=gnu99 supports-Wno-maybe-uninitialized
configure:11354: i486-TSOL-linux-gnu-gcc -std=gnu99 -o conftest -Os -Wno-maybe-uninitialized  -static-libgcc conftest.c  >&5
configure:11354: $? = 0
configure:11367: result: yes
configure:11460: checking how to print strings
configure:11487: result: printf
configure:11508: checking for a sed that does not truncate output
configure:11572: result: /usr/bin/sed
configure:11590: checking for fgrep
configure:11652: result: /usr/bin/grep -F
configure:11687: checking for ld used by i486-TSOL-linux-gnu-gcc -std=gnu99
configure:11754: result: i486-TSOL-linux-gnu-ld
configure:11761: checking if the linker (i486-TSOL-linux-gnu-ld) is GNU ld
configure:11776: result: yes
configure:11788: checking for BSD- or MS-compatible name lister (nm)
configure:11837: result: /toolchain/i486-TSOL-linux-gnu/bin//nm -B
configure:11967: checking the name lister (/toolchain/i486-TSOL-linux-gnu/bin//nm -B) interface
configure:11974: i486-TSOL-linux-gnu-gcc -std=gnu99 -c -Os  conftest.c >&5
configure:11977: /toolchain/i486-TSOL-linux-gnu/bin//nm -B "conftest.o"
configure:11980: output
00000000 B some_variable
configure:11987: result: BSD nm
configure:11990: checking whether ln -s works
configure:11994: result: yes
configure:12002: checking the maximum length of command line arguments
configure:12133: result: 1572864
configure:12150: checking whether the shell understands some XSI constructs
configure:12160: result: yes
configure:12164: checking whether the shell understands "+="
configure:12170: result: yes
configure:12205: checking how to convert i686-pc-linux-gnu file names to i686-pc-linux-gnu format
configure:12245: result: func_convert_file_noop
configure:12252: checking how to convert i686-pc-linux-gnu file names to toolchain format
configure:12272: result: func_convert_file_noop
configure:12279: checking for i486-TSOL-linux-gnu-ld option to reload object files
configure:12286: result: -r
configure:12360: checking for objdump
configure:12376: found /toolchain/i486-TSOL-linux-gnu/bin//objdump
configure:12387: result: objdump
configure:12419: checking how to recognize dependent libraries
configure:12617: result: pass_all
configure:12702: checking for dlltool
configure:12732: result: no
configure:12762: checking how to associate runtime and link libraries
configure:12789: result: printf %s\n
configure:12849: checking for ar
configure:12865: found /toolchain/i486-TSOL-linux-gnu/bin//ar
configure:12876: result: ar
configure:12913: checking for archiver @FILE support
configure:12930: i486-TSOL-linux-gnu-gcc -std=gnu99 -c -Os  conftest.c >&5
configure:12930: $? = 0
configure:12933: ar cru libconftest.a @conftest.lst >&5
configure:12936: $? = 0
configure:12941: ar cru libconftest.a @conftest.lst >&5
ar: conftest.o: No such file or directory
configure:12944: $? = 1
configure:12956: result: @
configure:13014: checking for strip
configure:13030: found /toolchain/i486-TSOL-linux-gnu/bin//strip
configure:13041: result: strip
configure:13113: checking for ranlib
configure:13129: found /toolchain/i486-TSOL-linux-gnu/bin//ranlib
configure:13140: result: ranlib
configure:13242: checking command to parse /toolchain/i486-TSOL-linux-gnu/bin//nm -B output from i486-TSOL-linux-gnu-gcc -std=gnu99 object
configure:13362: i486-TSOL-linux-gnu-gcc -std=gnu99 -c -Os  conftest.c >&5
configure:13365: $? = 0
configure:13369: /toolchain/i486-TSOL-linux-gnu/bin//nm -B conftest.o \| sed -n -e 's/^.*[ ]\([ABCDGIRSTW][ABCDGIRSTW]*\)[ ][ ]*\([_A-Za-z][_A-Za-z0-9]*\)$/\1 \2 \2/p' | sed '/ __gnu_lto/d' \> conftest.nm
configure:13372: $? = 0
configure:13438: i486-TSOL-linux-gnu-gcc -std=gnu99 -o conftest -Os  -static-libgcc conftest.c conftstm.o >&5
configure:13441: $? = 0
configure:13479: result: ok
configure:13516: checking for sysroot
configure:13546: result: no
configure:13815: checking for mt
configure:13845: result: no
configure:13865: checking if : is a manifest tool
configure:13871: : '-?'
configure:13879: result: no
configure:14518: checking for dlfcn.h
configure:14518: i486-TSOL-linux-gnu-gcc -std=gnu99 -c -Os  conftest.c >&5
configure:14518: $? = 0
configure:14518: result: yes
configure:14694: checking for objdir
configure:14709: result: .libs
configure:14980: checking if i486-TSOL-linux-gnu-gcc -std=gnu99 supports -fno-rtti -fno-exceptions
configure:14998: i486-TSOL-linux-gnu-gcc -std=gnu99 -c -Os  -fno-rtti -fno-exceptions conftest.c >&5
cc1: warning: command line option '-fno-rtti' is valid for C++/ObjC++ but not for C [enabled by default]
configure:15002: $? = 0
configure:15015: result: no
configure:15342: checking for i486-TSOL-linux-gnu-gcc -std=gnu99 option to produce PIC
configure:15349: result: -fPIC -DPIC
configure:15357: checking if i486-TSOL-linux-gnu-gcc -std=gnu99 PIC flag -fPIC -DPIC works
configure:15375: i486-TSOL-linux-gnu-gcc -std=gnu99 -c -Os  -fPIC -DPIC -DPIC conftest.c >&5
configure:15379: $? = 0
configure:15392: result: yes
configure:15421: checking if i486-TSOL-linux-gnu-gcc -std=gnu99 static flag -static works
configure:15449: result: yes
configure:15464: checking if i486-TSOL-linux-gnu-gcc -std=gnu99 supports -c -o file.o
configure:15485: i486-TSOL-linux-gnu-gcc -std=gnu99 -c -Os  -o out/conftest2.o conftest.c >&5
configure:15489: $? = 0
configure:15511: result: yes
configure:15519: checking if i486-TSOL-linux-gnu-gcc -std=gnu99 supports -c -o file.o
configure:15566: result: yes
configure:15599: checking whether the i486-TSOL-linux-gnu-gcc -std=gnu99 linker (i486-TSOL-linux-gnu-ld) supports shared libraries
configure:16756: result: yes
configure:16793: checking whether -lc should be explicitly linked in
configure:16801: i486-TSOL-linux-gnu-gcc -std=gnu99 -c -Os  conftest.c >&5
configure:16804: $? = 0
configure:16819: i486-TSOL-linux-gnu-gcc -std=gnu99 -shared  -fPIC -DPIC conftest.o  -v -Wl,-soname -Wl,conftest -o conftest 2\>\&1 \| /usr/bin/grep  -lc  \>/dev/null 2\>\&1
configure:16822: $? = 0
configure:16836: result: no
configure:16996: checking dynamic linker characteristics
configure:17496: i486-TSOL-linux-gnu-gcc -std=gnu99 -o conftest -Os  -static-libgcc -Wl,-rpath -Wl,/foo conftest.c  >&5
configure:17496: $? = 0
configure:17730: result: GNU/Linux ld.so
configure:17837: checking how to hardcode library paths into programs
configure:17862: result: immediate
configure:18402: checking whether stripping libraries is possible
configure:18407: result: yes
configure:18442: checking if libtool supports shared libraries
configure:18444: result: yes
configure:18447: checking whether to build shared libraries
configure:18468: result: yes
configure:18471: checking whether to build static libraries
configure:18475: result: no
configure:18519: checking for special C compiler options needed for large files
configure:18564: result: no
configure:18570: checking for _FILE_OFFSET_BITS value needed for large files
configure:18595: i486-TSOL-linux-gnu-gcc -std=gnu99 -c -Os  conftest.c >&5
conftest.c:32:7: error: size of array 'off_t_is_large' is negative
configure:18595: $? = 1
configure: failed program was:
| /* confdefs.h */
| #define PACKAGE_NAME "xf86-video-intel"
| #define PACKAGE_TARNAME "xf86-video-intel"
| #define PACKAGE_VERSION "2.99.916"
| #define PACKAGE_STRING "xf86-video-intel 2.99.916"
| #define PACKAGE_BUGREPORT "https://bugs.freedesktop.org/enter_bug.cgi?product=xorg"
| #define PACKAGE_URL ""
| #define PACKAGE "xf86-video-intel"
| #define VERSION "2.99.916"
| #define STDC_HEADERS 1
| #define HAVE_SYS_TYPES_H 1
| #define HAVE_SYS_STAT_H 1
| #define HAVE_STDLIB_H 1
| #define HAVE_STRING_H 1
| #define HAVE_MEMORY_H 1
| #define HAVE_STRINGS_H 1
| #define HAVE_INTTYPES_H 1
| #define HAVE_STDINT_H 1
| #define HAVE_UNISTD_H 1
| #define PACKAGE_VERSION_MAJOR 2
| #define PACKAGE_VERSION_MINOR 99
| #define PACKAGE_VERSION_PATCHLEVEL 916
| #define HAVE_DLFCN_H 1
| #define LT_OBJDIR ".libs/"
| /* end confdefs.h.  */
| #include <sys/types.h>
|  /* Check that off_t can represent 2**63 - 1 correctly.
|     We can't simply define LARGE_OFF_T to be 9223372036854775807,
|     since some C++ compilers masquerading as C compilers
|     incorrectly reject 9223372036854775807.  */
| #define LARGE_OFF_T ((((off_t) 1 << 31) << 31) - 1 + (((off_t) 1 << 31) << 31))
|   int off_t_is_large[(LARGE_OFF_T % 2147483629 == 721
| 		       && LARGE_OFF_T % 2147483647 == 1)
| 		      ? 1 : -1];
| int
| main ()
| {
| 
|   ;
|   return 0;
| }
configure:18619: i486-TSOL-linux-gnu-gcc -std=gnu99 -c -Os  conftest.c >&5
configure:18619: $? = 0
configure:18627: result: 64
configure:18717: checking for strlcpy
configure:18717: i486-TSOL-linux-gnu-gcc -std=gnu99 -o conftest -Os  -static-libgcc conftest.c  >&5
/tmp/cc8PA5IT.o: In function `main':
conftest.c:(.text.startup+0x10): undefined reference to `strlcpy'
collect2: ld returned 1 exit status
configure:18717: $? = 1
configure: failed program was:
| /* confdefs.h */
| #define PACKAGE_NAME "xf86-video-intel"
| #define PACKAGE_TARNAME "xf86-video-intel"
| #define PACKAGE_VERSION "2.99.916"
| #define PACKAGE_STRING "xf86-video-intel 2.99.916"
| #define PACKAGE_BUGREPORT "https://bugs.freedesktop.org/enter_bug.cgi?product=xorg"
| #define PACKAGE_URL ""
| #define PACKAGE "xf86-video-intel"
| #define VERSION "2.99.916"
| #define STDC_HEADERS 1
| #define HAVE_SYS_TYPES_H 1
| #define HAVE_SYS_STAT_H 1
| #define HAVE_STDLIB_H 1
| #define HAVE_STRING_H 1
| #define HAVE_MEMORY_H 1
| #define HAVE_STRINGS_H 1
| #define HAVE_INTTYPES_H 1
| #define HAVE_STDINT_H 1
| #define HAVE_UNISTD_H 1
| #define PACKAGE_VERSION_MAJOR 2
| #define PACKAGE_VERSION_MINOR 99
| #define PACKAGE_VERSION_PATCHLEVEL 916
| #define HAVE_DLFCN_H 1
| #define LT_OBJDIR ".libs/"
| #define _FILE_OFFSET_BITS 64
| /* end confdefs.h.  */
| /* Define strlcpy to an innocuous variant, in case <limits.h> declares strlcpy.
|    For example, HP-UX 11i <limits.h> declares gettimeofday.  */
| #define strlcpy innocuous_strlcpy
| 
| /* System header to define __stub macros and hopefully few prototypes,
|     which can conflict with char strlcpy (); below.
|     Prefer <limits.h> to <assert.h> if __STDC__ is defined, since
|     <limits.h> exists even on freestanding compilers.  */
| 
| #ifdef __STDC__
| # include <limits.h>
| #else
| # include <assert.h>
| #endif
| 
| #undef strlcpy
| 
| /* Override any GCC internal prototype to avoid an error.
|    Use char because int might match the return type of a GCC
|    builtin and then its argument prototype would still apply.  */
| #ifdef __cplusplus
| extern "C"
| #endif
| char strlcpy ();
| /* The GNU C library defines this for functions which it implements
|     to always fail with ENOSYS.  Some functions are actually named
|     something starting with __ and the normal name is an alias.  */
| #if defined __stub_strlcpy || defined __stub___strlcpy
| choke me
| #endif
| 
| int
| main ()
| {
| return strlcpy ();
|   ;
|   return 0;
| }
configure:18717: result: no
configure:18717: checking for strlcat
configure:18717: i486-TSOL-linux-gnu-gcc -std=gnu99 -o conftest -Os  -static-libgcc conftest.c  >&5
/tmp/cc2sj4X1.o: In function `main':
conftest.c:(.text.startup+0x10): undefined reference to `strlcat'
collect2: ld returned 1 exit status
configure:18717: $? = 1
configure: failed program was:
| /* confdefs.h */
| #define PACKAGE_NAME "xf86-video-intel"
| #define PACKAGE_TARNAME "xf86-video-intel"
| #define PACKAGE_VERSION "2.99.916"
| #define PACKAGE_STRING "xf86-video-intel 2.99.916"
| #define PACKAGE_BUGREPORT "https://bugs.freedesktop.org/enter_bug.cgi?product=xorg"
| #define PACKAGE_URL ""
| #define PACKAGE "xf86-video-intel"
| #define VERSION "2.99.916"
| #define STDC_HEADERS 1
| #define HAVE_SYS_TYPES_H 1
| #define HAVE_SYS_STAT_H 1
| #define HAVE_STDLIB_H 1
| #define HAVE_STRING_H 1
| #define HAVE_MEMORY_H 1
| #define HAVE_STRINGS_H 1
| #define HAVE_INTTYPES_H 1
| #define HAVE_STDINT_H 1
| #define HAVE_UNISTD_H 1
| #define PACKAGE_VERSION_MAJOR 2
| #define PACKAGE_VERSION_MINOR 99
| #define PACKAGE_VERSION_PATCHLEVEL 916
| #define HAVE_DLFCN_H 1
| #define LT_OBJDIR ".libs/"
| #define _FILE_OFFSET_BITS 64
| /* end confdefs.h.  */
| /* Define strlcat to an innocuous variant, in case <limits.h> declares strlcat.
|    For example, HP-UX 11i <limits.h> declares gettimeofday.  */
| #define strlcat innocuous_strlcat
| 
| /* System header to define __stub macros and hopefully few prototypes,
|     which can conflict with char strlcat (); below.
|     Prefer <limits.h> to <assert.h> if __STDC__ is defined, since
|     <limits.h> exists even on freestanding compilers.  */
| 
| #ifdef __STDC__
| # include <limits.h>
| #else
| # include <assert.h>
| #endif
| 
| #undef strlcat
| 
| /* Override any GCC internal prototype to avoid an error.
|    Use char because int might match the return type of a GCC
|    builtin and then its argument prototype would still apply.  */
| #ifdef __cplusplus
| extern "C"
| #endif
| char strlcat ();
| /* The GNU C library defines this for functions which it implements
|     to always fail with ENOSYS.  Some functions are actually named
|     something starting with __ and the normal name is an alias.  */
| #if defined __stub_strlcat || defined __stub___strlcat
| choke me
| #endif
| 
| int
| main ()
| {
| return strlcat ();
|   ;
|   return 0;
| }
configure:18717: result: no
configure:18717: checking for strndup
configure:18717: i486-TSOL-linux-gnu-gcc -std=gnu99 -o conftest -Os  -static-libgcc conftest.c  >&5
conftest.c:50:6: warning: conflicting types for built-in function 'strndup' [enabled by default]
configure:18717: $? = 0
configure:18717: result: yes
configure:18934: checking for native atomic primitives
configure:18956: i486-TSOL-linux-gnu-gcc -std=gnu99 -o conftest -Os  -static-libgcc conftest.c  >&5
configure:18956: $? = 0
configure:18982: result: Intel
configure:19010: checking for UDEV
configure:19017: $PKG_CONFIG --exists --print-errors "libudev"
configure:19020: $? = 0
configure:19034: $PKG_CONFIG --exists --print-errors "libudev"
configure:19037: $? = 0
configure:19075: result: yes
configure:19091: checking for X11
configure:19098: $PKG_CONFIG --exists --print-errors "x11 xrender xrandr xext xfixes cairo cairo-xlib-xrender pixman-1 libpng"
configure:19101: $? = 0
configure:19115: $PKG_CONFIG --exists --print-errors "x11 xrender xrandr xext xfixes cairo cairo-xlib-xrender pixman-1 libpng"
configure:19118: $? = 0
configure:19156: result: yes
configure:19189: i486-TSOL-linux-gnu-gcc -std=gnu99 -o conftest -Os  -static-libgcc conftest.c  >&5
configure:19189: $? = 0
configure:19207: checking sys/ipc.h usability
configure:19207: i486-TSOL-linux-gnu-gcc -std=gnu99 -c -Os  conftest.c >&5
configure:19207: $? = 0
configure:19207: result: yes
configure:19207: checking sys/ipc.h presence
configure:19207: i486-TSOL-linux-gnu-gcc -std=gnu99 -E  conftest.c
configure:19207: $? = 0
configure:19207: result: yes
configure:19207: checking for sys/ipc.h
configure:19207: result: yes
configure:19207: checking for sys/ipc.h
configure:19207: result: yes
configure:19221: checking for X11/extensions/XShm.h
configure:19221: i486-TSOL-linux-gnu-gcc -std=gnu99 -c -Os  conftest.c >&5
conftest.c:36:25: fatal error: X11/Xlibint.h: No such file or directory
compilation terminated.
configure:19221: $? = 1
configure: failed program was:
| /* confdefs.h */
| #define PACKAGE_NAME "xf86-video-intel"
| #define PACKAGE_TARNAME "xf86-video-intel"
| #define PACKAGE_VERSION "2.99.916"
| #define PACKAGE_STRING "xf86-video-intel 2.99.916"
| #define PACKAGE_BUGREPORT "https://bugs.freedesktop.org/enter_bug.cgi?product=xorg"
| #define PACKAGE_URL ""
| #define PACKAGE "xf86-video-intel"
| #define VERSION "2.99.916"
| #define STDC_HEADERS 1
| #define HAVE_SYS_TYPES_H 1
| #define HAVE_SYS_STAT_H 1
| #define HAVE_STDLIB_H 1
| #define HAVE_STRING_H 1
| #define HAVE_MEMORY_H 1
| #define HAVE_STRINGS_H 1
| #define HAVE_INTTYPES_H 1
| #define HAVE_STDINT_H 1
| #define HAVE_UNISTD_H 1
| #define PACKAGE_VERSION_MAJOR 2
| #define PACKAGE_VERSION_MINOR 99
| #define PACKAGE_VERSION_PATCHLEVEL 916
| #define HAVE_DLFCN_H 1
| #define LT_OBJDIR ".libs/"
| #define _FILE_OFFSET_BITS 64
| #define HAVE_STRNDUP 1
| #define USE_BACKLIGHT 1
| #define USE_BACKLIGHT_HELPER 1
| #define HAVE_ATOMIC_PRIMITIVES 1
| #define HAVE_UDEV 1
| #define HAVE_CPUID_H 1
| #define HAVE_SYS_IPC_H 1
| #define HAVE_SYS_IPC_H 1
| /* end confdefs.h.  */
| 
| #include <X11/Xlibint.h>
| #include <X11/Xproto.h>
| 
| 
| #include <X11/extensions/XShm.h>
configure:19221: result: no
configure:19240: checking for X11/extensions/shmproto.h
configure:19240: i486-TSOL-linux-gnu-gcc -std=gnu99 -c -Os  conftest.c >&5
conftest.c:36:25: fatal error: X11/Xlibint.h: No such file or directory
compilation terminated.
configure:19240: $? = 1
configure: failed program was:
| /* confdefs.h */
| #define PACKAGE_NAME "xf86-video-intel"
| #define PACKAGE_TARNAME "xf86-video-intel"
| #define PACKAGE_VERSION "2.99.916"
| #define PACKAGE_STRING "xf86-video-intel 2.99.916"
| #define PACKAGE_BUGREPORT "https://bugs.freedesktop.org/enter_bug.cgi?product=xorg"
| #define PACKAGE_URL ""
| #define PACKAGE "xf86-video-intel"
| #define VERSION "2.99.916"
| #define STDC_HEADERS 1
| #define HAVE_SYS_TYPES_H 1
| #define HAVE_SYS_STAT_H 1
| #define HAVE_STDLIB_H 1
| #define HAVE_STRING_H 1
| #define HAVE_MEMORY_H 1
| #define HAVE_STRINGS_H 1
| #define HAVE_INTTYPES_H 1
| #define HAVE_STDINT_H 1
| #define HAVE_UNISTD_H 1
| #define PACKAGE_VERSION_MAJOR 2
| #define PACKAGE_VERSION_MINOR 99
| #define PACKAGE_VERSION_PATCHLEVEL 916
| #define HAVE_DLFCN_H 1
| #define LT_OBJDIR ".libs/"
| #define _FILE_OFFSET_BITS 64
| #define HAVE_STRNDUP 1
| #define USE_BACKLIGHT 1
| #define USE_BACKLIGHT_HELPER 1
| #define HAVE_ATOMIC_PRIMITIVES 1
| #define HAVE_UDEV 1
| #define HAVE_CPUID_H 1
| #define HAVE_SYS_IPC_H 1
| #define HAVE_SYS_IPC_H 1
| /* end confdefs.h.  */
| 
| #include <X11/Xlibint.h>
| #include <X11/Xproto.h>
| 
| 
| #include <X11/extensions/shmproto.h>
configure:19240: result: no
configure:19240: checking for X11/extensions/shmstr.h
configure:19240: i486-TSOL-linux-gnu-gcc -std=gnu99 -c -Os  conftest.c >&5
conftest.c:36:25: fatal error: X11/Xlibint.h: No such file or directory
compilation terminated.
configure:19240: $? = 1
configure: failed program was:
| /* confdefs.h */
| #define PACKAGE_NAME "xf86-video-intel"
| #define PACKAGE_TARNAME "xf86-video-intel"
| #define PACKAGE_VERSION "2.99.916"
| #define PACKAGE_STRING "xf86-video-intel 2.99.916"
| #define PACKAGE_BUGREPORT "https://bugs.freedesktop.org/enter_bug.cgi?product=xorg"
| #define PACKAGE_URL ""
| #define PACKAGE "xf86-video-intel"
| #define VERSION "2.99.916"
| #define STDC_HEADERS 1
| #define HAVE_SYS_TYPES_H 1
| #define HAVE_SYS_STAT_H 1
| #define HAVE_STDLIB_H 1
| #define HAVE_STRING_H 1
| #define HAVE_MEMORY_H 1
| #define HAVE_STRINGS_H 1
| #define HAVE_INTTYPES_H 1
| #define HAVE_STDINT_H 1
| #define HAVE_UNISTD_H 1
| #define PACKAGE_VERSION_MAJOR 2
| #define PACKAGE_VERSION_MINOR 99
| #define PACKAGE_VERSION_PATCHLEVEL 916
| #define HAVE_DLFCN_H 1
| #define LT_OBJDIR ".libs/"
| #define _FILE_OFFSET_BITS 64
| #define HAVE_STRNDUP 1
| #define USE_BACKLIGHT 1
| #define USE_BACKLIGHT_HELPER 1
| #define HAVE_ATOMIC_PRIMITIVES 1
| #define HAVE_UDEV 1
| #define HAVE_CPUID_H 1
| #define HAVE_SYS_IPC_H 1
| #define HAVE_SYS_IPC_H 1
| /* end confdefs.h.  */
| 
| #include <X11/Xlibint.h>
| #include <X11/Xproto.h>
| 
| 
| #include <X11/extensions/shmstr.h>
configure:19240: result: no
configure:19309: checking for X11_DRI3
configure:19316: $PKG_CONFIG --exists --print-errors "xcb-dri3 xcb-sync xcb-present x11-xcb xshmfence x11 xrender xext libdrm"
configure:19319: $? = 0
configure:19333: $PKG_CONFIG --exists --print-errors "xcb-dri3 xcb-sync xcb-present x11-xcb xshmfence x11 xrender xext libdrm"
configure:19336: $? = 0
configure:19374: result: yes
configure:19663: checking whether to build additional tools
configure:19665: result: no
configure:19790: i486-TSOL-linux-gnu-gcc -std=gnu99 -c -Os -I/usr/xorg/include/xorg  conftest.c >&5
configure:19790: $? = 0
configure:19797: checking if RANDR is defined
configure:19799: result: yes
configure:19825: i486-TSOL-linux-gnu-gcc -std=gnu99 -c -Os -I/usr/xorg/include/xorg  conftest.c >&5
configure:19825: $? = 0
configure:19832: checking if RENDER is defined
configure:19834: result: yes
configure:19860: i486-TSOL-linux-gnu-gcc -std=gnu99 -c -Os -I/usr/xorg/include/xorg  conftest.c >&5
configure:19860: $? = 0
configure:19867: checking if DPMSExtension is defined
configure:19869: result: yes
configure:19879: checking for DRM
configure:19886: $PKG_CONFIG --exists --print-errors "libdrm >= 2.4.20"
configure:19889: $? = 0
configure:19903: $PKG_CONFIG --exists --print-errors "libdrm >= 2.4.20"
configure:19906: $? = 0
configure:19964: result: yes
configure:19970: checking for PCIACCESS
configure:19977: $PKG_CONFIG --exists --print-errors "pciaccess >= 0.10"
configure:19980: $? = 0
configure:19994: $PKG_CONFIG --exists --print-errors "pciaccess >= 0.10"
configure:19997: $? = 0
configure:20055: result: yes
configure:20074: checking sys/sysinfo.h usability
configure:20074: i486-TSOL-linux-gnu-gcc -std=gnu99 -c -Os  conftest.c >&5
configure:20074: $? = 0
configure:20074: result: yes
configure:20074: checking sys/sysinfo.h presence
configure:20074: i486-TSOL-linux-gnu-gcc -std=gnu99 -E  conftest.c
configure:20074: $? = 0
configure:20074: result: yes
configure:20074: checking for sys/sysinfo.h
configure:20074: result: yes
configure:20136: checking for struct sysinfo.totalram
configure:20136: i486-TSOL-linux-gnu-gcc -std=gnu99 -c -Os  conftest.c >&5
configure:20136: $? = 0
configure:20136: result: yes
configure:20175: checking for DRMINTEL
configure:20182: $PKG_CONFIG --exists --print-errors "libdrm_intel >= $uxa_requires_libdrm"
configure:20185: $? = 0
configure:20199: $PKG_CONFIG --exists --print-errors "libdrm_intel >= $uxa_requires_libdrm"
configure:20202: $? = 0
configure:20260: result: yes
configure:20473: checking for XORG
configure:20480: $PKG_CONFIG --exists --print-errors "xorg-server >= $required_xorg_server_version xproto fontsproto pixman-1 >= $required_pixman_version $REQUIRED_MODULES"
configure:20483: $? = 0
configure:20497: $PKG_CONFIG --exists --print-errors "xorg-server >= $required_xorg_server_version xproto fontsproto pixman-1 >= $required_pixman_version $REQUIRED_MODULES"
configure:20500: $? = 0
configure:20558: result: yes
configure:20578: checking vgaHW.h usability
configure:20578: i486-TSOL-linux-gnu-gcc -std=gnu99 -c -Os -fvisibility=hidden -I/usr/xorg/include/xorg -I/usr/xorg/include -I/usr/xorg/include/pixman-1 -I/usr/xorg/include/X11/dri -I/usr/xorg/include/libdrm   conftest.c >&5
configure:20578: $? = 0
configure:20578: result: yes
configure:20578: checking vgaHW.h presence
configure:20578: i486-TSOL-linux-gnu-gcc -std=gnu99 -E -fvisibility=hidden -I/usr/xorg/include/xorg -I/usr/xorg/include -I/usr/xorg/include/pixman-1 -I/usr/xorg/include/X11/dri -I/usr/xorg/include/libdrm   conftest.c
configure:20578: $? = 0
configure:20578: result: yes
configure:20578: checking for vgaHW.h
configure:20578: result: yes
configure:20727: i486-TSOL-linux-gnu-gcc -std=gnu99 -c -Os -I/usr/xorg/include/xorg  conftest.c >&5
configure:20727: $? = 0
configure:20734: checking if XF86DRI is defined
configure:20736: result: yes
configure:20848: checking whether to include DRI1 support
configure:20850: result: no
configure:20881: checking for DRI2
configure:20888: $PKG_CONFIG --exists --print-errors "dri2proto >= 2.6"
configure:20891: $? = 0
configure:20905: $PKG_CONFIG --exists --print-errors "dri2proto >= 2.6"
configure:20908: $? = 0
configure:20946: result: yes
configure:20956: checking for dri2.h
configure:20956: i486-TSOL-linux-gnu-gcc -std=gnu99 -c -fvisibility=hidden -I/usr/xorg/include/xorg -I/usr/xorg/include -I/usr/xorg/include/pixman-1 -I/usr/xorg/include/X11/dri -I/usr/xorg/include/libdrm   -I/usr/xorg/include -I/usr/xorg/include/libdrm    -I/usr/xorg/include    conftest.c >&5
configure:20956: $? = 0
configure:20956: result: yes
configure:21019: i486-TSOL-linux-gnu-gcc -std=gnu99 -c -Os -I/usr/xorg/include/xorg  conftest.c >&5
configure:21019: $? = 0
configure:21026: checking if DRI3 is defined
configure:21028: result: yes
configure:21037: checking for DRI3
configure:21044: $PKG_CONFIG --exists --print-errors "dri3proto"
configure:21047: $? = 0
configure:21061: $PKG_CONFIG --exists --print-errors "dri3proto"
configure:21064: $? = 0
configure:21122: result: yes
configure:21131: checking whether DRI3 is declared
configure:21131: i486-TSOL-linux-gnu-gcc -std=gnu99 -c -fvisibility=hidden -I/usr/xorg/include/xorg -I/usr/xorg/include -I/usr/xorg/include/pixman-1 -I/usr/xorg/include/X11/dri -I/usr/xorg/include/libdrm   -I/usr/xorg/include    conftest.c >&5
configure:21131: $? = 0
configure:21131: result: yes
configure:21142: checking for misyncstr.h
configure:21142: i486-TSOL-linux-gnu-gcc -std=gnu99 -c -fvisibility=hidden -I/usr/xorg/include/xorg -I/usr/xorg/include -I/usr/xorg/include/pixman-1 -I/usr/xorg/include/X11/dri -I/usr/xorg/include/libdrm   -I/usr/xorg/include    conftest.c >&5
configure:21142: $? = 0
configure:21142: result: yes
configure:21142: checking for misyncshm.h
configure:21142: i486-TSOL-linux-gnu-gcc -std=gnu99 -c -fvisibility=hidden -I/usr/xorg/include/xorg -I/usr/xorg/include -I/usr/xorg/include/pixman-1 -I/usr/xorg/include/X11/dri -I/usr/xorg/include/libdrm   -I/usr/xorg/include    conftest.c >&5
configure:21142: $? = 0
configure:21142: result: yes
configure:21163: checking whether to include DRI2 support
configure:21173: result: auto
configure:21189: checking whether to include DRI3 support
configure:21199: result: auto
configure:21214: checking X11/extensions/dpmsconst.h usability
configure:21214: i486-TSOL-linux-gnu-gcc -std=gnu99 -c -Os  conftest.c >&5
conftest.c:82:38: fatal error: X11/extensions/dpmsconst.h: No such file or directory
compilation terminated.
configure:21214: $? = 1
configure: failed program was:
| /* confdefs.h */
| #define PACKAGE_NAME "xf86-video-intel"
| #define PACKAGE_TARNAME "xf86-video-intel"
| #define PACKAGE_VERSION "2.99.916"
| #define PACKAGE_STRING "xf86-video-intel 2.99.916"
| #define PACKAGE_BUGREPORT "https://bugs.freedesktop.org/enter_bug.cgi?product=xorg"
| #define PACKAGE_URL ""
| #define PACKAGE "xf86-video-intel"
| #define VERSION "2.99.916"
| #define STDC_HEADERS 1
| #define HAVE_SYS_TYPES_H 1
| #define HAVE_SYS_STAT_H 1
| #define HAVE_STDLIB_H 1
| #define HAVE_STRING_H 1
| #define HAVE_MEMORY_H 1
| #define HAVE_STRINGS_H 1
| #define HAVE_INTTYPES_H 1
| #define HAVE_STDINT_H 1
| #define HAVE_UNISTD_H 1
| #define PACKAGE_VERSION_MAJOR 2
| #define PACKAGE_VERSION_MINOR 99
| #define PACKAGE_VERSION_PATCHLEVEL 916
| #define HAVE_DLFCN_H 1
| #define LT_OBJDIR ".libs/"
| #define _FILE_OFFSET_BITS 64
| #define HAVE_STRNDUP 1
| #define USE_BACKLIGHT 1
| #define USE_BACKLIGHT_HELPER 1
| #define HAVE_ATOMIC_PRIMITIVES 1
| #define HAVE_UDEV 1
| #define HAVE_CPUID_H 1
| #define HAVE_SYS_IPC_H 1
| #define HAVE_SYS_IPC_H 1
| #define HAS_PIXMAN_GLYPHS 1
| #define HAS_PIXMAN_TRIANGLES 1
| #define USE_SNA 1
| #define HAVE_SYS_SYSINFO_H 1
| #define HAVE_STRUCT_SYSINFO_TOTALRAM 1
| #define USE_UXA 1
| #define HAVE_VGAHW_H 1
| #define KMS 1
| #define HAVE_DRI2_H 1
| #define DRI_DRIVER_PATH "/usr/xorg/lib/dri"
| #define HAVE_MISYNCSTR_H 1
| #define HAVE_MISYNCSHM_H 1
| #define HAVE_DRI2 1
| #define HAVE_DRI3 1
| /* end confdefs.h.  */
| #include <stdio.h>
| #ifdef HAVE_SYS_TYPES_H
| # include <sys/types.h>
| #endif
| #ifdef HAVE_SYS_STAT_H
| # include <sys/stat.h>
| #endif
| #ifdef STDC_HEADERS
| # include <stdlib.h>
| # include <stddef.h>
| #else
| # ifdef HAVE_STDLIB_H
| #  include <stdlib.h>
| # endif
| #endif
| #ifdef HAVE_STRING_H
| # if !defined STDC_HEADERS && defined HAVE_MEMORY_H
| #  include <memory.h>
| # endif
| # include <string.h>
| #endif
| #ifdef HAVE_STRINGS_H
| # include <strings.h>
| #endif
| #ifdef HAVE_INTTYPES_H
| # include <inttypes.h>
| #endif
| #ifdef HAVE_STDINT_H
| # include <stdint.h>
| #endif
| #ifdef HAVE_UNISTD_H
| # include <unistd.h>
| #endif
| #include <X11/extensions/dpmsconst.h>
configure:21214: result: no
configure:21214: checking X11/extensions/dpmsconst.h presence
configure:21214: i486-TSOL-linux-gnu-gcc -std=gnu99 -E  conftest.c
conftest.c:49:38: fatal error: X11/extensions/dpmsconst.h: No such file or directory
compilation terminated.
configure:21214: $? = 1
configure: failed program was:
| /* confdefs.h */
| #define PACKAGE_NAME "xf86-video-intel"
| #define PACKAGE_TARNAME "xf86-video-intel"
| #define PACKAGE_VERSION "2.99.916"
| #define PACKAGE_STRING "xf86-video-intel 2.99.916"
| #define PACKAGE_BUGREPORT "https://bugs.freedesktop.org/enter_bug.cgi?product=xorg"
| #define PACKAGE_URL ""
| #define PACKAGE "xf86-video-intel"
| #define VERSION "2.99.916"
| #define STDC_HEADERS 1
| #define HAVE_SYS_TYPES_H 1
| #define HAVE_SYS_STAT_H 1
| #define HAVE_STDLIB_H 1
| #define HAVE_STRING_H 1
| #define HAVE_MEMORY_H 1
| #define HAVE_STRINGS_H 1
| #define HAVE_INTTYPES_H 1
| #define HAVE_STDINT_H 1
| #define HAVE_UNISTD_H 1
| #define PACKAGE_VERSION_MAJOR 2
| #define PACKAGE_VERSION_MINOR 99
| #define PACKAGE_VERSION_PATCHLEVEL 916
| #define HAVE_DLFCN_H 1
| #define LT_OBJDIR ".libs/"
| #define _FILE_OFFSET_BITS 64
| #define HAVE_STRNDUP 1
| #define USE_BACKLIGHT 1
| #define USE_BACKLIGHT_HELPER 1
| #define HAVE_ATOMIC_PRIMITIVES 1
| #define HAVE_UDEV 1
| #define HAVE_CPUID_H 1
| #define HAVE_SYS_IPC_H 1
| #define HAVE_SYS_IPC_H 1
| #define HAS_PIXMAN_GLYPHS 1
| #define HAS_PIXMAN_TRIANGLES 1
| #define USE_SNA 1
| #define HAVE_SYS_SYSINFO_H 1
| #define HAVE_STRUCT_SYSINFO_TOTALRAM 1
| #define USE_UXA 1
| #define HAVE_VGAHW_H 1
| #define KMS 1
| #define HAVE_DRI2_H 1
| #define DRI_DRIVER_PATH "/usr/xorg/lib/dri"
| #define HAVE_MISYNCSTR_H 1
| #define HAVE_MISYNCSHM_H 1
| #define HAVE_DRI2 1
| #define HAVE_DRI3 1
| /* end confdefs.h.  */
| #include <X11/extensions/dpmsconst.h>
configure:21214: result: no
configure:21214: checking for X11/extensions/dpmsconst.h
configure:21214: result: no
configure:21246: i486-TSOL-linux-gnu-gcc -std=gnu99 -c -Os -I/usr/xorg/include/xorg  conftest.c >&5
configure:21246: $? = 0
configure:21253: checking if PRESENT is defined
configure:21255: result: yes
configure:21264: checking for PRESENT
configure:21271: $PKG_CONFIG --exists --print-errors "presentproto"
configure:21274: $? = 0
configure:21288: $PKG_CONFIG --exists --print-errors "presentproto"
configure:21291: $? = 0
configure:21349: result: yes
configure:21359: checking for present.h
configure:21359: i486-TSOL-linux-gnu-gcc -std=gnu99 -c -fvisibility=hidden -I/usr/xorg/include/xorg -I/usr/xorg/include -I/usr/xorg/include/pixman-1 -I/usr/xorg/include/X11/dri -I/usr/xorg/include/libdrm   -I/usr/xorg/include    conftest.c >&5
configure:21359: $? = 0
configure:21359: result: yes
configure:21377: checking whether to include PRESENT support
configure:21387: result: yes
configure:21396: checking whether to include UXA support
configure:21398: result: yes
configure:21409: checking whether to include GLAMOR support
configure:21411: result: no
configure:21422: checking whether to include SNA support
configure:21432: result: yes
configure:21508: checking whether to include XvMC support
configure:21510: result: no
configure:21544: checking which acceleration method to use by default
configure:21605: result: sna
configure:21706: checking for library containing clock_gettime
configure:21737: i486-TSOL-linux-gnu-gcc -std=gnu99 -o conftest -Os  -static-libgcc conftest.c  >&5
/tmp/ccU8UbFh.o: In function `main':
conftest.c:(.text.startup+0x10): undefined reference to `clock_gettime'
collect2: ld returned 1 exit status
configure:21737: $? = 1
configure: failed program was:
| /* confdefs.h */
| #define PACKAGE_NAME "xf86-video-intel"
| #define PACKAGE_TARNAME "xf86-video-intel"
| #define PACKAGE_VERSION "2.99.916"
| #define PACKAGE_STRING "xf86-video-intel 2.99.916"
| #define PACKAGE_BUGREPORT "https://bugs.freedesktop.org/enter_bug.cgi?product=xorg"
| #define PACKAGE_URL ""
| #define PACKAGE "xf86-video-intel"
| #define VERSION "2.99.916"
| #define STDC_HEADERS 1
| #define HAVE_SYS_TYPES_H 1
| #define HAVE_SYS_STAT_H 1
| #define HAVE_STDLIB_H 1
| #define HAVE_STRING_H 1
| #define HAVE_MEMORY_H 1
| #define HAVE_STRINGS_H 1
| #define HAVE_INTTYPES_H 1
| #define HAVE_STDINT_H 1
| #define HAVE_UNISTD_H 1
| #define PACKAGE_VERSION_MAJOR 2
| #define PACKAGE_VERSION_MINOR 99
| #define PACKAGE_VERSION_PATCHLEVEL 916
| #define HAVE_DLFCN_H 1
| #define LT_OBJDIR ".libs/"
| #define _FILE_OFFSET_BITS 64
| #define HAVE_STRNDUP 1
| #define USE_BACKLIGHT 1
| #define USE_BACKLIGHT_HELPER 1
| #define HAVE_ATOMIC_PRIMITIVES 1
| #define HAVE_UDEV 1
| #define HAVE_CPUID_H 1
| #define HAVE_SYS_IPC_H 1
| #define HAVE_SYS_IPC_H 1
| #define HAS_PIXMAN_GLYPHS 1
| #define HAS_PIXMAN_TRIANGLES 1
| #define USE_SNA 1
| #define HAVE_SYS_SYSINFO_H 1
| #define HAVE_STRUCT_SYSINFO_TOTALRAM 1
| #define USE_UXA 1
| #define HAVE_VGAHW_H 1
| #define KMS 1
| #define HAVE_DRI2_H 1
| #define DRI_DRIVER_PATH "/usr/xorg/lib/dri"
| #define HAVE_MISYNCSTR_H 1
| #define HAVE_MISYNCSHM_H 1
| #define HAVE_DRI2 1
| #define HAVE_DRI3 1
| #define HAVE_PRESENT_H 1
| #define HAVE_PRESENT 1
| #define DEFAULT_ACCEL_METHOD SNA
| /* end confdefs.h.  */
| 
| /* Override any GCC internal prototype to avoid an error.
|    Use char because int might match the return type of a GCC
|    builtin and then its argument prototype would still apply.  */
| #ifdef __cplusplus
| extern "C"
| #endif
| char clock_gettime ();
| int
| main ()
| {
| return clock_gettime ();
|   ;
|   return 0;
| }
configure:21737: i486-TSOL-linux-gnu-gcc -std=gnu99 -o conftest -Os  -static-libgcc conftest.c -lrt   >&5
configure:21737: $? = 0
configure:21754: result: -lrt
configure:21926: checking for getline
configure:21926: i486-TSOL-linux-gnu-gcc -std=gnu99 -o conftest -Os  -static-libgcc conftest.c -lrt  >&5
configure:21926: $? = 0
configure:21926: result: yes
configure:22090: checking that generated files are newer than configure
configure:22096: result: done
configure:22219: creating ./config.status

## ---------------------- ##
## Running config.status. ##
## ---------------------- ##

This file was extended by xf86-video-intel config.status 2.99.916, which was
generated by GNU Autoconf 2.69.  Invocation command line was

  CONFIG_FILES    = 
  CONFIG_HEADERS  = 
  CONFIG_LINKS    = 
  CONFIG_COMMANDS = 
  $ ./config.status 

on ubuntu4

config.status:1259: creating Makefile
config.status:1259: creating man/Makefile
config.status:1259: creating libobj/Makefile
config.status:1259: creating src/Makefile
config.status:1259: creating src/legacy/Makefile
config.status:1259: creating src/legacy/i810/Makefile
config.status:1259: creating src/legacy/i810/xvmc/Makefile
config.status:1259: creating src/render_program/Makefile
config.status:1259: creating src/sna/Makefile
config.status:1259: creating src/sna/brw/Makefile
config.status:1259: creating src/sna/fb/Makefile
config.status:1259: creating src/uxa/Makefile
config.status:1259: creating xvmc/Makefile
config.status:1259: creating xvmc/shader/Makefile
config.status:1259: creating xvmc/shader/mc/Makefile
config.status:1259: creating xvmc/shader/vld/Makefile
config.status:1259: creating test/Makefile
config.status:1259: creating tools/Makefile
config.status:1259: creating tools/org.x.xf86-video-intel.backlight-helper.policy
config.status:1259: creating config.h
config.status:1488: executing depfiles commands
config.status:1488: executing libtool commands

## ---------------- ##
## Cache variables. ##
## ---------------- ##

ac_cv_build=i686-pc-linux-gnu
ac_cv_c_compiler_gnu=yes
ac_cv_env_CC_set=set
ac_cv_env_CC_value=i486-TSOL-linux-gnu-gcc
ac_cv_env_CFLAGS_set=set
ac_cv_env_CFLAGS_value=-Os
ac_cv_env_CPPFLAGS_set=
ac_cv_env_CPPFLAGS_value=
ac_cv_env_CPP_set=
ac_cv_env_CPP_value=
ac_cv_env_DRI1_CFLAGS_set=
ac_cv_env_DRI1_CFLAGS_value=
ac_cv_env_DRI1_LIBS_set=
ac_cv_env_DRI1_LIBS_value=
ac_cv_env_DRI2_CFLAGS_set=
ac_cv_env_DRI2_CFLAGS_value=
ac_cv_env_DRI2_LIBS_set=
ac_cv_env_DRI2_LIBS_value=
ac_cv_env_DRI3_CFLAGS_set=
ac_cv_env_DRI3_CFLAGS_value=
ac_cv_env_DRI3_LIBS_set=
ac_cv_env_DRI3_LIBS_value=
ac_cv_env_DRMINTEL_CFLAGS_set=
ac_cv_env_DRMINTEL_CFLAGS_value=
ac_cv_env_DRMINTEL_LIBS_set=
ac_cv_env_DRMINTEL_LIBS_value=
ac_cv_env_DRM_CFLAGS_set=
ac_cv_env_DRM_CFLAGS_value=
ac_cv_env_DRM_LIBS_set=
ac_cv_env_DRM_LIBS_value=
ac_cv_env_GEN4ASM_CFLAGS_set=
ac_cv_env_GEN4ASM_CFLAGS_value=
ac_cv_env_GEN4ASM_LIBS_set=
ac_cv_env_GEN4ASM_LIBS_value=
ac_cv_env_IVO_CFLAGS_set=
ac_cv_env_IVO_CFLAGS_value=
ac_cv_env_IVO_EXTRA_CFLAGS_set=
ac_cv_env_IVO_EXTRA_CFLAGS_value=
ac_cv_env_IVO_EXTRA_LIBS_set=
ac_cv_env_IVO_EXTRA_LIBS_value=
ac_cv_env_IVO_LIBS_set=
ac_cv_env_IVO_LIBS_value=
ac_cv_env_LDFLAGS_set=set
ac_cv_env_LDFLAGS_value=-static-libgcc
ac_cv_env_LIBGLAMOR_CFLAGS_set=
ac_cv_env_LIBGLAMOR_CFLAGS_value=
ac_cv_env_LIBGLAMOR_EGL_CFLAGS_set=
ac_cv_env_LIBGLAMOR_EGL_CFLAGS_value=
ac_cv_env_LIBGLAMOR_EGL_LIBS_set=
ac_cv_env_LIBGLAMOR_EGL_LIBS_value=
ac_cv_env_LIBGLAMOR_LIBS_set=
ac_cv_env_LIBGLAMOR_LIBS_value=
ac_cv_env_LIBS_set=
ac_cv_env_LIBS_value=
ac_cv_env_PCIACCESS_CFLAGS_set=
ac_cv_env_PCIACCESS_CFLAGS_value=
ac_cv_env_PCIACCESS_LIBS_set=
ac_cv_env_PCIACCESS_LIBS_value=
ac_cv_env_PKG_CONFIG_LIBDIR_set=
ac_cv_env_PKG_CONFIG_LIBDIR_value=
ac_cv_env_PKG_CONFIG_PATH_set=set
ac_cv_env_PKG_CONFIG_PATH_value=/usr/xorg/share/pkgconfig:/usr/xorg/lib/pkgconfig:/usr/xorg/lib/pkgconfig:/usr/xorg/share/pkgconfig:/usr/xorg/lib/pkgconfig:/usr/xorg/share/pkgconfig:
ac_cv_env_PKG_CONFIG_set=
ac_cv_env_PKG_CONFIG_value=
ac_cv_env_PRESENT_CFLAGS_set=
ac_cv_env_PRESENT_CFLAGS_value=
ac_cv_env_PRESENT_LIBS_set=
ac_cv_env_PRESENT_LIBS_value=
ac_cv_env_UDEV_CFLAGS_set=
ac_cv_env_UDEV_CFLAGS_value=
ac_cv_env_UDEV_LIBS_set=
ac_cv_env_UDEV_LIBS_value=
ac_cv_env_VALGRIND_CFLAGS_set=
ac_cv_env_VALGRIND_CFLAGS_value=
ac_cv_env_VALGRIND_LIBS_set=
ac_cv_env_VALGRIND_LIBS_value=
ac_cv_env_X11_CFLAGS_set=
ac_cv_env_X11_CFLAGS_value=
ac_cv_env_X11_DRI3_CFLAGS_set=
ac_cv_env_X11_DRI3_CFLAGS_value=
ac_cv_env_X11_DRI3_LIBS_set=
ac_cv_env_X11_DRI3_LIBS_value=
ac_cv_env_X11_LIBS_set=
ac_cv_env_X11_LIBS_value=
ac_cv_env_XORG_CFLAGS_set=
ac_cv_env_XORG_CFLAGS_value=
ac_cv_env_XORG_LIBS_set=
ac_cv_env_XORG_LIBS_value=
ac_cv_env_XVMCLIB_CFLAGS_set=
ac_cv_env_XVMCLIB_CFLAGS_value=
ac_cv_env_XVMCLIB_LIBS_set=
ac_cv_env_XVMCLIB_LIBS_value=
ac_cv_env_build_alias_set=
ac_cv_env_build_alias_value=
ac_cv_env_host_alias_set=
ac_cv_env_host_alias_value=
ac_cv_env_target_alias_set=
ac_cv_env_target_alias_value=
ac_cv_func_getline=yes
ac_cv_func_strlcat=no
ac_cv_func_strlcpy=no
ac_cv_func_strndup=yes
ac_cv_have_decl_DRI3=yes
ac_cv_have_decl___INTEL_COMPILER=no
ac_cv_have_decl___SUNPRO_C=no
ac_cv_have_decl___clang__=no
ac_cv_header_X11_extensions_XShm_h=no
ac_cv_header_X11_extensions_dpmsconst_h=no
ac_cv_header_X11_extensions_shmproto_h=no
ac_cv_header_X11_extensions_shmstr_h=no
ac_cv_header_dlfcn_h=yes
ac_cv_header_dri2_h=yes
ac_cv_header_inttypes_h=yes
ac_cv_header_memory_h=yes
ac_cv_header_misyncshm_h=yes
ac_cv_header_misyncstr_h=yes
ac_cv_header_present_h=yes
ac_cv_header_stdc=yes
ac_cv_header_stdint_h=yes
ac_cv_header_stdlib_h=yes
ac_cv_header_string_h=yes
ac_cv_header_strings_h=yes
ac_cv_header_sys_ipc_h=yes
ac_cv_header_sys_stat_h=yes
ac_cv_header_sys_sysinfo_h=yes
ac_cv_header_sys_types_h=yes
ac_cv_header_unistd_h=yes
ac_cv_header_vgaHW_h=yes
ac_cv_host=i686-pc-linux-gnu
ac_cv_member_struct_sysinfo_totalram=yes
ac_cv_objext=o
ac_cv_path_EGREP='/usr/bin/grep -E'
ac_cv_path_FGREP='/usr/bin/grep -F'
ac_cv_path_GREP=/usr/bin/grep
ac_cv_path_SED=/usr/bin/sed
ac_cv_path_ac_pt_PKG_CONFIG=/usr/bin/pkg-config
ac_cv_path_install='/bin/install -c'
ac_cv_path_mkdir=/bin/mkdir
ac_cv_prog_AWK=gawk
ac_cv_prog_CPP='i486-TSOL-linux-gnu-gcc -std=gnu99 -E'
ac_cv_prog_ac_ct_AR=ar
ac_cv_prog_ac_ct_CC=i486-TSOL-linux-gnu-gcc
ac_cv_prog_ac_ct_OBJDUMP=objdump
ac_cv_prog_ac_ct_RANLIB=ranlib
ac_cv_prog_ac_ct_STRIP=strip
ac_cv_prog_cc_c89=
ac_cv_prog_cc_c99=-std=gnu99
ac_cv_prog_cc_g=yes
ac_cv_prog_make_make_set=yes
ac_cv_search_clock_gettime=-lrt
ac_cv_sys_file_offset_bits=64
ac_cv_sys_largefile_CC=no
am_cv_CC_dependencies_compiler_type=gcc3
am_cv_make_support_nested_variables=yes
am_cv_prog_cc_c_o=yes
intel_cv_atomic_primitives=Intel
lt_cv_ar_at_file=@
lt_cv_archive_cmds_need_lc=no
lt_cv_deplibs_check_method=pass_all
lt_cv_file_magic_cmd='$MAGIC_CMD'
lt_cv_file_magic_test_file=
lt_cv_ld_reload_flag=-r
lt_cv_nm_interface='BSD nm'
lt_cv_objdir=.libs
lt_cv_path_LD=i486-TSOL-linux-gnu-ld
lt_cv_path_NM='/toolchain/i486-TSOL-linux-gnu/bin//nm -B'
lt_cv_path_mainfest_tool=no
lt_cv_prog_compiler_c_o=yes
lt_cv_prog_compiler_pic='-fPIC -DPIC'
lt_cv_prog_compiler_pic_works=yes
lt_cv_prog_compiler_rtti_exceptions=no
lt_cv_prog_compiler_static_works=yes
lt_cv_prog_gnu_ld=yes
lt_cv_sharedlib_from_linklib_cmd='printf %s\n'
lt_cv_shlibpath_overrides_runpath=yes
lt_cv_sys_global_symbol_pipe='sed -n -e '\''s/^.*[	 ]\([ABCDGIRSTW][ABCDGIRSTW]*\)[	 ][	 ]*\([_A-Za-z][_A-Za-z0-9]*\)$/\1 \2 \2/p'\'' | sed '\''/ __gnu_lto/d'\'''
lt_cv_sys_global_symbol_to_c_name_address='sed -n -e '\''s/^: \([^ ]*\)[ ]*$/  {\"\1\", (void *) 0},/p'\'' -e '\''s/^[ABCDGIRSTW]* \([^ ]*\) \([^ ]*\)$/  {"\2", (void *) \&\2},/p'\'''
lt_cv_sys_global_symbol_to_c_name_address_lib_prefix='sed -n -e '\''s/^: \([^ ]*\)[ ]*$/  {\"\1\", (void *) 0},/p'\'' -e '\''s/^[ABCDGIRSTW]* \([^ ]*\) \(lib[^ ]*\)$/  {"\2", (void *) \&\2},/p'\'' -e '\''s/^[ABCDGIRSTW]* \([^ ]*\) \([^ ]*\)$/  {"lib\2", (void *) \&\2},/p'\'''
lt_cv_sys_global_symbol_to_cdecl='sed -n -e '\''s/^T .* \(.*\)$/extern int \1();/p'\'' -e '\''s/^[ABCDGIRSTW]* .* \(.*\)$/extern char \1;/p'\'''
lt_cv_sys_max_cmd_len=1572864
lt_cv_to_host_file_cmd=func_convert_file_noop
lt_cv_to_tool_file_cmd=func_convert_file_noop
pkg_cv_DRI2_CFLAGS='-I/usr/xorg/include  '
pkg_cv_DRI2_LIBS=' '
pkg_cv_DRI3_CFLAGS='-I/usr/xorg/include  '
pkg_cv_DRI3_LIBS=' '
pkg_cv_DRMINTEL_CFLAGS='-I/usr/xorg/include -I/usr/xorg/include/libdrm  '
pkg_cv_DRMINTEL_LIBS='-L/usr/xorg/lib -ldrm_intel -ldrm  '
pkg_cv_DRM_CFLAGS='-I/usr/xorg/include -I/usr/xorg/include/libdrm  '
pkg_cv_DRM_LIBS='-L/usr/xorg/lib -ldrm  '
pkg_cv_PCIACCESS_CFLAGS='-I/usr/xorg/include  '
pkg_cv_PCIACCESS_LIBS='-L/usr/xorg/lib -lpciaccess  '
pkg_cv_PRESENT_CFLAGS='-I/usr/xorg/include  '
pkg_cv_PRESENT_LIBS=' '
pkg_cv_UDEV_CFLAGS=' '
pkg_cv_UDEV_LIBS='-ludev -lrt  '
pkg_cv_X11_CFLAGS='-pthread -I/usr/xorg/include -I/usr/xorg/include/pixman-1 -I/usr/include/cairo -I/usr/include/glib-2.0 -I/usr/lib/glib-2.0/include -I/usr/include/freetype2 -I/usr/include/libpng12  '
pkg_cv_X11_DRI3_CFLAGS='-I/usr/xorg/include -I/usr/xorg/include/libdrm  '
pkg_cv_X11_DRI3_LIBS='-L/usr/xorg/lib -lxcb-dri3 -lxcb-present -lxcb-randr -lxcb-xfixes -lxcb-sync -lxcb-render -lxcb-shape -lX11-xcb -lxcb -lxshmfence -lXrender -lX11 -lXext -ldrm  '
pkg_cv_X11_LIBS='-L/usr/xorg/lib -lXrandr -lXfixes -lXrender -lcairo -lXext -lX11 -lpixman-1 -lpng12  '
pkg_cv_XORG_CFLAGS='-fvisibility=hidden -I/usr/xorg/include/xorg -I/usr/xorg/include -I/usr/xorg/include/pixman-1 -I/usr/xorg/include/X11/dri -I/usr/xorg/include/libdrm  '
pkg_cv_XORG_LIBS='-L/usr/xorg/lib -lpixman-1  '
xorg_cv_cc_flag__Wall=yes
xorg_cv_cc_flag__Wbad_function_cast=yes
xorg_cv_cc_flag__Wcast_qual=yes
xorg_cv_cc_flag__Wdeclaration_after_statement=yes
xorg_cv_cc_flag__Werror=yes
xorg_cv_cc_flag__Werror_address=yes
xorg_cv_cc_flag__Werror_array_bounds=yes
xorg_cv_cc_flag__Werror_attributes=yes
xorg_cv_cc_flag__Werror_implicit=yes
xorg_cv_cc_flag__Werror_init_self=yes
xorg_cv_cc_flag__Werror_int_to_pointer_cast=yes
xorg_cv_cc_flag__Werror_main=yes
xorg_cv_cc_flag__Werror_missing_braces=yes
xorg_cv_cc_flag__Werror_nonnull=yes
xorg_cv_cc_flag__Werror_pointer_to_int_cast=yes
xorg_cv_cc_flag__Werror_return_type=yes
xorg_cv_cc_flag__Werror_sequence_point=yes
xorg_cv_cc_flag__Werror_trigraphs=yes
xorg_cv_cc_flag__Werror_write_strings=yes
xorg_cv_cc_flag__Wformat_2=yes
xorg_cv_cc_flag__Wmissing_declarations=yes
xorg_cv_cc_flag__Wmissing_format_attribute=yes
xorg_cv_cc_flag__Wmissing_noreturn=yes
xorg_cv_cc_flag__Wmissing_prototypes=yes
xorg_cv_cc_flag__Wnested_externs=yes
xorg_cv_cc_flag__Wno_cast_qual=yes
xorg_cv_cc_flag__Wno_maybe_uninitialized=yes
xorg_cv_cc_flag__Wno_redundant_decls=yes
xorg_cv_cc_flag__Wold_style_definition=yes
xorg_cv_cc_flag__Wpointer_arith=yes
xorg_cv_cc_flag__Wredundant_decls=yes
xorg_cv_cc_flag__Wshadow=yes
xorg_cv_cc_flag__Wstrict_prototypes=yes
xorg_cv_cc_flag__Wuninitialized=yes
xorg_cv_cc_flag__Wunused=yes
xorg_cv_cc_flag__pedantic=yes
xorg_cv_cc_flag_unknown_warning_option=no
xorg_cv_cc_flag_unused_command_line_argument=no

## ----------------- ##
## Output variables. ##
## ----------------- ##

ACLOCAL='aclocal -I/usr/xorg/share/aclocal -I /usr/xorg/share/aclocal'
ADMIN_MAN_DIR='$(mandir)/man$(ADMIN_MAN_SUFFIX)'
ADMIN_MAN_SUFFIX='8'
AMDEPBACKSLASH='\'
AMDEP_FALSE='#'
AMDEP_TRUE=''
AMTAR='$${TAR-tar}'
AM_BACKSLASH='\'
AM_DEFAULT_V='$(AM_DEFAULT_VERBOSITY)'
AM_DEFAULT_VERBOSITY='0'
AM_V='$(V)'
APP_MAN_DIR='$(mandir)/man$(APP_MAN_SUFFIX)'
APP_MAN_SUFFIX='1'
AR='ar'
AUTOCONF='${SHELL} /source/xorg-ponix4/driver/xf86-video-intel-2.99.916/missing autoconf'
AUTOHEADER='${SHELL} /source/xorg-ponix4/driver/xf86-video-intel-2.99.916/missing autoheader'
AUTOMAKE='${SHELL} /source/xorg-ponix4/driver/xf86-video-intel-2.99.916/missing automake-1.14'
AWK='gawk'
BASE_CFLAGS=' -Wall -Wpointer-arith -Wmissing-declarations -Wformat=2 -Wstrict-prototypes -Wmissing-prototypes -Wnested-externs -Wbad-function-cast -Wold-style-definition -Wdeclaration-after-statement -Wunused -Wuninitialized -Wshadow -Wcast-qual -Wmissing-noreturn -Wmissing-format-attribute -Wredundant-decls -Werror=implicit -Werror=nonnull -Werror=init-self -Werror=main -Werror=missing-braces -Werror=sequence-point -Werror=return-type -Werror=trigraphs -Werror=array-bounds -Werror=write-strings -Werror=address -Werror=int-to-pointer-cast -Werror=pointer-to-int-cast'
BUILD_BACKLIGHT_HELPER_FALSE='#'
BUILD_BACKLIGHT_HELPER_TRUE=''
BUILD_TOOLS_FALSE=''
BUILD_TOOLS_TRUE='#'
CC='i486-TSOL-linux-gnu-gcc -std=gnu99'
CCDEPMODE='depmode=gcc3'
CFLAGS='-Os'
CHANGELOG_CMD='(GIT_DIR=$(top_srcdir)/.git git log > $(top_srcdir)/.changelog.tmp && mv $(top_srcdir)/.changelog.tmp $(top_srcdir)/ChangeLog) || (rm -f $(top_srcdir)/.changelog.tmp; touch $(top_srcdir)/ChangeLog; echo '\''git directory not found: installing possibly empty changelog.'\'' >&2)'
CLOCK_GETTIME_LIBS='-lrt '
CPP='i486-TSOL-linux-gnu-gcc -std=gnu99 -E'
CPPFLAGS=''
CWARNFLAGS=' -Wall -Wpointer-arith -Wmissing-declarations -Wformat=2 -Wstrict-prototypes -Wmissing-prototypes -Wnested-externs -Wbad-function-cast -Wold-style-definition -Wdeclaration-after-statement -Wunused -Wuninitialized -Wshadow -Wcast-qual -Wmissing-noreturn -Wmissing-format-attribute -Wredundant-decls -Werror=implicit -Werror=nonnull -Werror=init-self -Werror=main -Werror=missing-braces -Werror=sequence-point -Werror=return-type -Werror=trigraphs -Werror=array-bounds -Werror=write-strings -Werror=address -Werror=int-to-pointer-cast -Werror=pointer-to-int-cast -fno-strict-aliasing'
CYGPATH_W='echo'
DEBUG_FALSE=''
DEBUG_TRUE='#'
DEFS='-DHAVE_CONFIG_H'
DEPDIR='.deps'
DGA_FALSE=''
DGA_TRUE='#'
DLLTOOL='false'
DRI1_CFLAGS=''
DRI1_FALSE=''
DRI1_LIBS=''
DRI1_TRUE='#'
DRI2_CFLAGS='-I/usr/xorg/include  '
DRI2_FALSE='#'
DRI2_LIBS=' '
DRI2_TRUE=''
DRI3_CFLAGS='-I/usr/xorg/include  '
DRI3_FALSE='#'
DRI3_LIBS=' '
DRI3_TRUE=''
DRIVER_MAN_DIR='$(mandir)/man$(DRIVER_MAN_SUFFIX)'
DRIVER_MAN_SUFFIX='4'
DRIVER_NAME='intel'
DRI_DRIVER_PATH='/usr/xorg/lib/dri'
DRMINTEL_CFLAGS='-I/usr/xorg/include -I/usr/xorg/include/libdrm  '
DRMINTEL_LIBS='-L/usr/xorg/lib -ldrm_intel -ldrm  '
DRM_CFLAGS='-I/usr/xorg/include -I/usr/xorg/include/libdrm  '
DRM_LIBS='-L/usr/xorg/lib -ldrm  '
DSYMUTIL=''
DUMPBIN=''
ECHO_C=''
ECHO_N='-n'
ECHO_T=''
EGREP='/usr/bin/grep -E'
EXEEXT=''
FGREP='/usr/bin/grep -F'
FILE_MAN_DIR='$(mandir)/man$(FILE_MAN_SUFFIX)'
FILE_MAN_SUFFIX='5'
FULL_DEBUG_FALSE=''
FULL_DEBUG_TRUE='#'
GEN4ASM_CFLAGS=''
GEN4ASM_LIBS=''
GLAMOR_FALSE=''
GLAMOR_TRUE='#'
GREP='/usr/bin/grep'
HAVE_DOT_GIT_FALSE=''
HAVE_DOT_GIT_TRUE='#'
HAVE_GEN4ASM_FALSE=''
HAVE_GEN4ASM_TRUE='#'
HAVE_X11_FALSE='#'
HAVE_X11_TRUE=''
INSTALL_CMD='(cp -f /usr/xorg/share/util-macros/INSTALL $(top_srcdir)/.INSTALL.tmp && mv $(top_srcdir)/.INSTALL.tmp $(top_srcdir)/INSTALL) || (rm -f $(top_srcdir)/.INSTALL.tmp; touch $(top_srcdir)/INSTALL; echo '\''util-macros "pkgdatadir" from xorg-macros.pc not found: installing possibly empty INSTALL.'\'' >&2)'
INSTALL_DATA='${INSTALL} -m 644'
INSTALL_PROGRAM='${INSTALL}'
INSTALL_SCRIPT='${INSTALL}'
INSTALL_STRIP_PROGRAM='$(install_sh) -c -s'
INTEL_GEN4ASM=''
IVO_CFLAGS=''
IVO_EXTRA_CFLAGS=''
IVO_EXTRA_LIBS=''
IVO_LIBS=''
KMS_FALSE='#'
KMS_TRUE=''
LD='i486-TSOL-linux-gnu-ld'
LDFLAGS='-static-libgcc'
LIBEXEC_PATH='/usr/xorg/libexec'
LIBGLAMOR_CFLAGS=''
LIBGLAMOR_EGL_CFLAGS=''
LIBGLAMOR_EGL_LIBS=''
LIBGLAMOR_LIBS=''
LIBOBJS=''
LIBS='-lrt '
LIBTOOL='$(SHELL) $(top_builddir)/libtool'
LIB_MAN_DIR='$(mandir)/man$(LIB_MAN_SUFFIX)'
LIB_MAN_SUFFIX='3'
LIPO=''
LN_S='ln -s'
LTLIBOBJS=''
MAKEINFO='${SHELL} /source/xorg-ponix4/driver/xf86-video-intel-2.99.916/missing makeinfo'
MANIFEST_TOOL=':'
MAN_SUBSTS='	-e '\''s|__vendorversion__|"$(PACKAGE_STRING)" "$(XORG_MAN_PAGE)"|'\'' 	-e '\''s|__xorgversion__|"$(PACKAGE_STRING)" "$(XORG_MAN_PAGE)"|'\'' 	-e '\''s|__xservername__|Xorg|g'\'' 	-e '\''s|__xconfigfile__|xorg.conf|g'\'' 	-e '\''s|__projectroot__|$(prefix)|g'\'' 	-e '\''s|__apploaddir__|$(appdefaultdir)|g'\'' 	-e '\''s|__appmansuffix__|$(APP_MAN_SUFFIX)|g'\'' 	-e '\''s|__drivermansuffix__|$(DRIVER_MAN_SUFFIX)|g'\'' 	-e '\''s|__adminmansuffix__|$(ADMIN_MAN_SUFFIX)|g'\'' 	-e '\''s|__libmansuffix__|$(LIB_MAN_SUFFIX)|g'\'' 	-e '\''s|__miscmansuffix__|$(MISC_MAN_SUFFIX)|g'\'' 	-e '\''s|__filemansuffix__|$(FILE_MAN_SUFFIX)|g'\'''
MISC_MAN_DIR='$(mandir)/man$(MISC_MAN_SUFFIX)'
MISC_MAN_SUFFIX='7'
MKDIR_P='/bin/mkdir -p'
NM='/toolchain/i486-TSOL-linux-gnu/bin//nm -B'
NMEDIT=''
NOWARNFLAGS=' -Wno-cast-qual -Wno-redundant-decls -Wno-maybe-uninitialized'
OBJDUMP='objdump'
OBJEXT='o'
OTOOL64=''
OTOOL=''
PACKAGE='xf86-video-intel'
PACKAGE_BUGREPORT='https://bugs.freedesktop.org/enter_bug.cgi?product=xorg'
PACKAGE_NAME='xf86-video-intel'
PACKAGE_STRING='xf86-video-intel 2.99.916'
PACKAGE_TARNAME='xf86-video-intel'
PACKAGE_URL=''
PACKAGE_VERSION='2.99.916'
PATH_SEPARATOR=':'
PCIACCESS_CFLAGS='-I/usr/xorg/include  '
PCIACCESS_LIBS='-L/usr/xorg/lib -lpciaccess  '
PKG_CONFIG='/usr/bin/pkg-config'
PKG_CONFIG_LIBDIR=''
PKG_CONFIG_PATH='/usr/xorg/share/pkgconfig:/usr/xorg/lib/pkgconfig:/usr/xorg/lib/pkgconfig:/usr/xorg/share/pkgconfig:/usr/xorg/lib/pkgconfig:/usr/xorg/share/pkgconfig:'
PREFIX_PATH='/usr/xorg'
PRESENT_CFLAGS='-I/usr/xorg/include  '
PRESENT_FALSE='#'
PRESENT_LIBS=' '
PRESENT_TRUE=''
RANLIB='ranlib'
SED='/usr/bin/sed'
SET_MAKE=''
SHELL='/bin/sh'
SNA_FALSE='#'
SNA_TRUE=''
STRICT_CFLAGS=' -pedantic -Werror -Werror=attributes'
STRIP='strip'
UDEV_CFLAGS=' '
UDEV_LIBS='-ludev -lrt  '
UMS_FALSE=''
UMS_TRUE='#'
USE_ASYNC_SWAP_FALSE=''
USE_ASYNC_SWAP_TRUE='#'
USE_CREATE2_FALSE=''
USE_CREATE2_TRUE='#'
USE_RENDERNODE_FALSE=''
USE_RENDERNODE_TRUE='#'
UXA_FALSE='#'
UXA_TRUE=''
VALGRIND_CFLAGS=''
VALGRIND_FALSE=''
VALGRIND_LIBS=''
VALGRIND_TRUE='#'
VERSION='2.99.916'
X11_CFLAGS='-pthread -I/usr/xorg/include -I/usr/xorg/include/pixman-1 -I/usr/include/cairo -I/usr/include/glib-2.0 -I/usr/lib/glib-2.0/include -I/usr/include/freetype2 -I/usr/include/libpng12  '
X11_DRI3_CFLAGS='-I/usr/xorg/include -I/usr/xorg/include/libdrm  '
X11_DRI3_FALSE=''
X11_DRI3_LIBS='-L/usr/xorg/lib -lxcb-dri3 -lxcb-present -lxcb-randr -lxcb-xfixes -lxcb-sync -lxcb-render -lxcb-shape -lX11-xcb -lxcb -lxshmfence -lXrender -lX11 -lXext -ldrm  '
X11_DRI3_TRUE='#'
X11_LIBS='-L/usr/xorg/lib -lXrandr -lXfixes -lXrender -lcairo -lXext -lX11 -lpixman-1 -lpng12  '
X11_SHM_FALSE=''
X11_SHM_TRUE='#'
XAA_FALSE=''
XAA_TRUE='#'
XORG_CFLAGS='-fvisibility=hidden -I/usr/xorg/include/xorg -I/usr/xorg/include -I/usr/xorg/include/pixman-1 -I/usr/xorg/include/X11/dri -I/usr/xorg/include/libdrm  '
XORG_LIBS='-L/usr/xorg/lib -lpixman-1  '
XORG_MAN_PAGE='X Version 11'
XVMCLIB_CFLAGS=''
XVMCLIB_LIBS=''
XVMC_FALSE=''
XVMC_TRUE='#'
ac_ct_AR='ar'
ac_ct_CC='i486-TSOL-linux-gnu-gcc'
ac_ct_DUMPBIN=''
am__EXEEXT_FALSE=''
am__EXEEXT_TRUE='#'
am__fastdepCC_FALSE='#'
am__fastdepCC_TRUE=''
am__include='include'
am__isrc=''
am__leading_dot='.'
am__nodep='_no'
am__quote=''
am__tar='$${TAR-tar} chof - "$$tardir"'
am__untar='$${TAR-tar} xf -'
bindir='${exec_prefix}/bin'
build='i686-pc-linux-gnu'
build_alias=''
build_cpu='i686'
build_os='linux-gnu'
build_vendor='pc'
datadir='${datarootdir}'
datarootdir='${prefix}/share'
docdir='${datarootdir}/doc/${PACKAGE_TARNAME}'
dvidir='${docdir}'
exec_prefix='${prefix}'
host='i686-pc-linux-gnu'
host_alias=''
host_cpu='i686'
host_os='linux-gnu'
host_vendor='pc'
htmldir='${docdir}'
includedir='${prefix}/include'
infodir='${datarootdir}/info'
install_sh='${SHELL} /source/xorg-ponix4/driver/xf86-video-intel-2.99.916/install-sh'
libdir='${exec_prefix}/lib'
libexecdir='${exec_prefix}/libexec'
localedir='${datarootdir}/locale'
localstatedir='${prefix}/var'
mandir='${datarootdir}/man'
mkdir_p='$(MKDIR_P)'
moduledir='${exec_prefix}/lib/xorg/modules'
oldincludedir='/usr/include'
pdfdir='${docdir}'
prefix='/usr/xorg'
program_transform_name='s,x,x,'
psdir='${docdir}'
sbindir='${exec_prefix}/sbin'
sharedstatedir='${prefix}/com'
sysconfdir='${prefix}/etc'
target_alias=''

## ----------- ##
## confdefs.h. ##
## ----------- ##

/* confdefs.h */
#define PACKAGE_NAME "xf86-video-intel"
#define PACKAGE_TARNAME "xf86-video-intel"
#define PACKAGE_VERSION "2.99.916"
#define PACKAGE_STRING "xf86-video-intel 2.99.916"
#define PACKAGE_BUGREPORT "https://bugs.freedesktop.org/enter_bug.cgi?product=xorg"
#define PACKAGE_URL ""
#define PACKAGE "xf86-video-intel"
#define VERSION "2.99.916"
#define STDC_HEADERS 1
#define HAVE_SYS_TYPES_H 1
#define HAVE_SYS_STAT_H 1
#define HAVE_STDLIB_H 1
#define HAVE_STRING_H 1
#define HAVE_MEMORY_H 1
#define HAVE_STRINGS_H 1
#define HAVE_INTTYPES_H 1
#define HAVE_STDINT_H 1
#define HAVE_UNISTD_H 1
#define PACKAGE_VERSION_MAJOR 2
#define PACKAGE_VERSION_MINOR 99
#define PACKAGE_VERSION_PATCHLEVEL 916
#define HAVE_DLFCN_H 1
#define LT_OBJDIR ".libs/"
#define _FILE_OFFSET_BITS 64
#define HAVE_STRNDUP 1
#define USE_BACKLIGHT 1
#define USE_BACKLIGHT_HELPER 1
#define HAVE_ATOMIC_PRIMITIVES 1
#define HAVE_UDEV 1
#define HAVE_CPUID_H 1
#define HAVE_SYS_IPC_H 1
#define HAVE_SYS_IPC_H 1
#define HAS_PIXMAN_GLYPHS 1
#define HAS_PIXMAN_TRIANGLES 1
#define USE_SNA 1
#define HAVE_SYS_SYSINFO_H 1
#define HAVE_STRUCT_SYSINFO_TOTALRAM 1
#define USE_UXA 1
#define HAVE_VGAHW_H 1
#define KMS 1
#define HAVE_DRI2_H 1
#define DRI_DRIVER_PATH "/usr/xorg/lib/dri"
#define HAVE_MISYNCSTR_H 1
#define HAVE_MISYNCSHM_H 1
#define HAVE_DRI2 1
#define HAVE_DRI3 1
#define HAVE_PRESENT_H 1
#define HAVE_PRESENT 1
#define DEFAULT_ACCEL_METHOD SNA
#define NDEBUG 1
#define HAVE_GETLINE 1
#define PREFIX_PATH "/usr/xorg"
#define LIBEXEC_PATH "/usr/xorg/libexec"

configure: exit 0
