This file contains any messages produced by compilers while
running configure, to aid debugging if configure makes a mistake.

It was created by transset configure 1.0.0, which was
generated by GNU Autoconf 2.68.  Invocation command line was

  $ ./configure --enable-maintainer-mode --prefix=/usr/xorg CC=i486-TSOL-linux-gnu-gcc CFLAGS=-Os LDFLAGS=-static-libgcc

## --------- ##
## Platform. ##
## --------- ##

hostname = ubuntu4
uname -m = i686
uname -r = 3.2.16-030216-generic
uname -s = Linux
uname -v = #201204221935 SMP Sun Apr 22 23:42:49 UTC 2012

/usr/bin/uname -p = unknown
/bin/uname -X     = unknown

/bin/arch              = unknown
/usr/bin/arch -k       = unknown
/usr/convex/getsysinfo = unknown
/usr/bin/hostinfo      = unknown
/bin/machine           = unknown
/usr/bin/oslevel       = unknown
/bin/universe          = unknown

PATH: /usr/xorg/bin
PATH: /source/docbook-xsl-1.76.1/tools/bin
PATH: /bin
PATH: /sbin
PATH: /usr/bin
PATH: /usr/sbin
PATH: /usr/bin/X11
PATH: /usr/local/bin
PATH: /toolchain/bin
PATH: /toolchain/i486-TSOL-linux-gnu/bin/
PATH: /root/.local/bin
PATH: /usr/xorg/bin


## ----------- ##
## Core tests. ##
## ----------- ##

configure:2116: checking for a BSD-compatible install
configure:2184: result: /bin/install -c
configure:2195: checking whether build environment is sane
configure:2245: result: yes
configure:2386: checking for a thread-safe mkdir -p
configure:2425: result: /bin/mkdir -p
configure:2438: checking for gawk
configure:2454: found /usr/bin/gawk
configure:2465: result: gawk
configure:2476: checking whether make sets $(MAKE)
configure:2498: result: yes
configure:2579: checking whether to enable maintainer-specific portions of Makefiles
configure:2588: result: yes
configure:2626: checking for style of include used by make
configure:2654: result: GNU
configure:2724: checking for gcc
configure:2751: result: i486-TSOL-linux-gnu-gcc
configure:2980: checking for C compiler version
configure:2989: i486-TSOL-linux-gnu-gcc --version >&5
i486-TSOL-linux-gnu-gcc (crosstool-NG 1.15.2) 4.6.3
Copyright (C) 2011 Free Software Foundation, Inc.
This is free software; see the source for copying conditions.  There is NO
warranty; not even for MERCHANTABILITY or FITNESS FOR A PARTICULAR PURPOSE.

configure:3000: $? = 0
configure:2989: i486-TSOL-linux-gnu-gcc -v >&5
Using built-in specs.
COLLECT_GCC=i486-TSOL-linux-gnu-gcc
COLLECT_LTO_WRAPPER=/toolchain/libexec/gcc/i486-TSOL-linux-gnu/4.6.3/lto-wrapper
Target: i486-TSOL-linux-gnu
Configured with: /TSOL/crosstool-ng-1.15.2/bin/.build/src/gcc-4.6.3/configure --build=i686-build_pc-linux-gnu --host=i686-build_pc-linux-gnu --target=i486-TSOL-linux-gnu --prefix=/toolchain --with-sysroot=/toolchain/i486-TSOL-linux-gnu/sysroot --enable-languages=c,c++ --with-arch=i486 --with-pkgversion='crosstool-NG 1.15.2' --enable-__cxa_atexit --disable-libmudflap --disable-libgomp --disable-libssp --with-gmp=/TSOL/crosstool-ng-1.15.2/bin/.build/i486-TSOL-linux-gnu/buildtools --with-mpfr=/TSOL/crosstool-ng-1.15.2/bin/.build/i486-TSOL-linux-gnu/buildtools --with-mpc=/TSOL/crosstool-ng-1.15.2/bin/.build/i486-TSOL-linux-gnu/buildtools --with-ppl=/TSOL/crosstool-ng-1.15.2/bin/.build/i486-TSOL-linux-gnu/buildtools --with-cloog=/TSOL/crosstool-ng-1.15.2/bin/.build/i486-TSOL-linux-gnu/buildtools --with-libelf=no --with-host-libstdcxx='-static-libgcc -Wl,-Bstatic,-lstdc++,-Bdynamic -lm -L/TSOL/crosstool-ng-1.15.2/bin/.build/i486-TSOL-linux-gnu/buildtools/lib -lpwl' --enable-threads=posix --enable-target-optspace --disable-multilib --with-local-prefix=/toolchain/i486-TSOL-linux-gnu/sysroot --enable-c99 --enable-long-long
Thread model: posix
gcc version 4.6.3 (crosstool-NG 1.15.2) 
configure:3000: $? = 0
configure:2989: i486-TSOL-linux-gnu-gcc -V >&5
i486-TSOL-linux-gnu-gcc: error: unrecognized option '-V'
i486-TSOL-linux-gnu-gcc: fatal error: no input files
compilation terminated.
configure:3000: $? = 1
configure:2989: i486-TSOL-linux-gnu-gcc -qversion >&5
i486-TSOL-linux-gnu-gcc: error: unrecognized option '-qversion'
i486-TSOL-linux-gnu-gcc: fatal error: no input files
compilation terminated.
configure:3000: $? = 1
configure:3020: checking whether the C compiler works
configure:3042: i486-TSOL-linux-gnu-gcc -Os  -static-libgcc conftest.c  >&5
configure:3046: $? = 0
configure:3094: result: yes
configure:3097: checking for C compiler default output file name
configure:3099: result: a.out
configure:3105: checking for suffix of executables
configure:3112: i486-TSOL-linux-gnu-gcc -o conftest -Os  -static-libgcc conftest.c  >&5
configure:3116: $? = 0
configure:3138: result: 
configure:3160: checking whether we are cross compiling
configure:3168: i486-TSOL-linux-gnu-gcc -o conftest -Os  -static-libgcc conftest.c  >&5
configure:3172: $? = 0
configure:3179: ./conftest
configure:3183: $? = 0
configure:3198: result: no
configure:3203: checking for suffix of object files
configure:3225: i486-TSOL-linux-gnu-gcc -c -Os  conftest.c >&5
configure:3229: $? = 0
configure:3250: result: o
configure:3254: checking whether we are using the GNU C compiler
configure:3273: i486-TSOL-linux-gnu-gcc -c -Os  conftest.c >&5
configure:3273: $? = 0
configure:3282: result: yes
configure:3291: checking whether i486-TSOL-linux-gnu-gcc accepts -g
configure:3311: i486-TSOL-linux-gnu-gcc -c -g  conftest.c >&5
configure:3311: $? = 0
configure:3352: result: yes
configure:3369: checking for i486-TSOL-linux-gnu-gcc option to accept ISO C89
configure:3433: i486-TSOL-linux-gnu-gcc  -c -Os  conftest.c >&5
configure:3433: $? = 0
configure:3446: result: none needed
configure:3468: checking dependency style of i486-TSOL-linux-gnu-gcc
configure:3578: result: gcc3
configure:3593: checking for i486-TSOL-linux-gnu-gcc option to accept ISO C99
configure:3742: i486-TSOL-linux-gnu-gcc  -c -Os  conftest.c >&5
conftest.c:61:29: error: expected ';', ',' or ')' before 'text'
conftest.c: In function 'main':
conftest.c:115:18: error: expected '=', ',', ';', 'asm' or '__attribute__' before 'newvar'
conftest.c:115:18: error: 'newvar' undeclared (first use in this function)
conftest.c:115:18: note: each undeclared identifier is reported only once for each function it appears in
conftest.c:125:3: error: 'for' loop initial declarations are only allowed in C99 mode
conftest.c:125:3: note: use option -std=c99 or -std=gnu99 to compile your code
configure:3742: $? = 1
configure: failed program was:
| /* confdefs.h */
| #define PACKAGE_NAME "transset"
| #define PACKAGE_TARNAME "transset"
| #define PACKAGE_VERSION "1.0.0"
| #define PACKAGE_STRING "transset 1.0.0"
| #define PACKAGE_BUGREPORT "https://bugs.freedesktop.org/enter_bug.cgi?product=xorg"
| #define PACKAGE_URL ""
| #define PACKAGE "transset"
| #define VERSION "1.0.0"
| /* end confdefs.h.  */
| #include <stdarg.h>
| #include <stdbool.h>
| #include <stdlib.h>
| #include <wchar.h>
| #include <stdio.h>
| 
| // Check varargs macros.  These examples are taken from C99 6.10.3.5.
| #define debug(...) fprintf (stderr, __VA_ARGS__)
| #define showlist(...) puts (#__VA_ARGS__)
| #define report(test,...) ((test) ? puts (#test) : printf (__VA_ARGS__))
| static void
| test_varargs_macros (void)
| {
|   int x = 1234;
|   int y = 5678;
|   debug ("Flag");
|   debug ("X = %d\n", x);
|   showlist (The first, second, and third items.);
|   report (x>y, "x is %d but y is %d", x, y);
| }
| 
| // Check long long types.
| #define BIG64 18446744073709551615ull
| #define BIG32 4294967295ul
| #define BIG_OK (BIG64 / BIG32 == 4294967297ull && BIG64 % BIG32 == 0)
| #if !BIG_OK
|   your preprocessor is broken;
| #endif
| #if BIG_OK
| #else
|   your preprocessor is broken;
| #endif
| static long long int bignum = -9223372036854775807LL;
| static unsigned long long int ubignum = BIG64;
| 
| struct incomplete_array
| {
|   int datasize;
|   double data[];
| };
| 
| struct named_init {
|   int number;
|   const wchar_t *name;
|   double average;
| };
| 
| typedef const char *ccp;
| 
| static inline int
| test_restrict (ccp restrict text)
| {
|   // See if C++-style comments work.
|   // Iterate through items via the restricted pointer.
|   // Also check for declarations in for loops.
|   for (unsigned int i = 0; *(text+i) != '\0'; ++i)
|     continue;
|   return 0;
| }
| 
| // Check varargs and va_copy.
| static void
| test_varargs (const char *format, ...)
| {
|   va_list args;
|   va_start (args, format);
|   va_list args_copy;
|   va_copy (args_copy, args);
| 
|   const char *str;
|   int number;
|   float fnumber;
| 
|   while (*format)
|     {
|       switch (*format++)
| 	{
| 	case 's': // string
| 	  str = va_arg (args_copy, const char *);
| 	  break;
| 	case 'd': // int
| 	  number = va_arg (args_copy, int);
| 	  break;
| 	case 'f': // float
| 	  fnumber = va_arg (args_copy, double);
| 	  break;
| 	default:
| 	  break;
| 	}
|     }
|   va_end (args_copy);
|   va_end (args);
| }
| 
| int
| main ()
| {
| 
|   // Check bool.
|   _Bool success = false;
| 
|   // Check restrict.
|   if (test_restrict ("String literal") == 0)
|     success = true;
|   char *restrict newvar = "Another string";
| 
|   // Check varargs.
|   test_varargs ("s, d' f .", "string", 65, 34.234);
|   test_varargs_macros ();
| 
|   // Check flexible array members.
|   struct incomplete_array *ia =
|     malloc (sizeof (struct incomplete_array) + (sizeof (double) * 10));
|   ia->datasize = 10;
|   for (int i = 0; i < ia->datasize; ++i)
|     ia->data[i] = i * 1.234;
| 
|   // Check named initializers.
|   struct named_init ni = {
|     .number = 34,
|     .name = L"Test wide string",
|     .average = 543.34343,
|   };
| 
|   ni.number = 58;
| 
|   int dynamic_array[ni.number];
|   dynamic_array[ni.number - 1] = 543;
| 
|   // work around unused variable warnings
|   return (!success || bignum == 0LL || ubignum == 0uLL || newvar[0] == 'x'
| 	  || dynamic_array[ni.number - 1] != 543);
| 
|   ;
|   return 0;
| }
configure:3742: i486-TSOL-linux-gnu-gcc -std=gnu99 -c -Os  conftest.c >&5
configure:3742: $? = 0
configure:3762: result: -std=gnu99
configure:3776: checking how to run the C preprocessor
configure:3807: i486-TSOL-linux-gnu-gcc -std=gnu99 -E  conftest.c
configure:3807: $? = 0
configure:3821: i486-TSOL-linux-gnu-gcc -std=gnu99 -E  conftest.c
conftest.c:11:28: fatal error: ac_nonexistent.h: No such file or directory
compilation terminated.
configure:3821: $? = 1
configure: failed program was:
| /* confdefs.h */
| #define PACKAGE_NAME "transset"
| #define PACKAGE_TARNAME "transset"
| #define PACKAGE_VERSION "1.0.0"
| #define PACKAGE_STRING "transset 1.0.0"
| #define PACKAGE_BUGREPORT "https://bugs.freedesktop.org/enter_bug.cgi?product=xorg"
| #define PACKAGE_URL ""
| #define PACKAGE "transset"
| #define VERSION "1.0.0"
| /* end confdefs.h.  */
| #include <ac_nonexistent.h>
configure:3846: result: i486-TSOL-linux-gnu-gcc -std=gnu99 -E
configure:3866: i486-TSOL-linux-gnu-gcc -std=gnu99 -E  conftest.c
configure:3866: $? = 0
configure:3880: i486-TSOL-linux-gnu-gcc -std=gnu99 -E  conftest.c
conftest.c:11:28: fatal error: ac_nonexistent.h: No such file or directory
compilation terminated.
configure:3880: $? = 1
configure: failed program was:
| /* confdefs.h */
| #define PACKAGE_NAME "transset"
| #define PACKAGE_TARNAME "transset"
| #define PACKAGE_VERSION "1.0.0"
| #define PACKAGE_STRING "transset 1.0.0"
| #define PACKAGE_BUGREPORT "https://bugs.freedesktop.org/enter_bug.cgi?product=xorg"
| #define PACKAGE_URL ""
| #define PACKAGE "transset"
| #define VERSION "1.0.0"
| /* end confdefs.h.  */
| #include <ac_nonexistent.h>
configure:3909: checking for grep that handles long lines and -e
configure:3967: result: /usr/bin/grep
configure:3972: checking for egrep
configure:4034: result: /usr/bin/grep -E
configure:4039: checking for ANSI C header files
configure:4059: i486-TSOL-linux-gnu-gcc -std=gnu99 -c -Os  conftest.c >&5
configure:4059: $? = 0
configure:4132: i486-TSOL-linux-gnu-gcc -std=gnu99 -o conftest -Os  -static-libgcc conftest.c  >&5
configure:4132: $? = 0
configure:4132: ./conftest
configure:4132: $? = 0
configure:4143: result: yes
configure:4156: checking for sys/types.h
configure:4156: i486-TSOL-linux-gnu-gcc -std=gnu99 -c -Os  conftest.c >&5
configure:4156: $? = 0
configure:4156: result: yes
configure:4156: checking for sys/stat.h
configure:4156: i486-TSOL-linux-gnu-gcc -std=gnu99 -c -Os  conftest.c >&5
configure:4156: $? = 0
configure:4156: result: yes
configure:4156: checking for stdlib.h
configure:4156: i486-TSOL-linux-gnu-gcc -std=gnu99 -c -Os  conftest.c >&5
configure:4156: $? = 0
configure:4156: result: yes
configure:4156: checking for string.h
configure:4156: i486-TSOL-linux-gnu-gcc -std=gnu99 -c -Os  conftest.c >&5
configure:4156: $? = 0
configure:4156: result: yes
configure:4156: checking for memory.h
configure:4156: i486-TSOL-linux-gnu-gcc -std=gnu99 -c -Os  conftest.c >&5
configure:4156: $? = 0
configure:4156: result: yes
configure:4156: checking for strings.h
configure:4156: i486-TSOL-linux-gnu-gcc -std=gnu99 -c -Os  conftest.c >&5
configure:4156: $? = 0
configure:4156: result: yes
configure:4156: checking for inttypes.h
configure:4156: i486-TSOL-linux-gnu-gcc -std=gnu99 -c -Os  conftest.c >&5
configure:4156: $? = 0
configure:4156: result: yes
configure:4156: checking for stdint.h
configure:4156: i486-TSOL-linux-gnu-gcc -std=gnu99 -c -Os  conftest.c >&5
configure:4156: $? = 0
configure:4156: result: yes
configure:4156: checking for unistd.h
configure:4156: i486-TSOL-linux-gnu-gcc -std=gnu99 -c -Os  conftest.c >&5
configure:4156: $? = 0
configure:4156: result: yes
configure:4172: checking whether __clang__ is declared
configure:4172: i486-TSOL-linux-gnu-gcc -std=gnu99 -c -Os  conftest.c >&5
conftest.c: In function 'main':
conftest.c:61:10: error: '__clang__' undeclared (first use in this function)
conftest.c:61:10: note: each undeclared identifier is reported only once for each function it appears in
configure:4172: $? = 1
configure: failed program was:
| /* confdefs.h */
| #define PACKAGE_NAME "transset"
| #define PACKAGE_TARNAME "transset"
| #define PACKAGE_VERSION "1.0.0"
| #define PACKAGE_STRING "transset 1.0.0"
| #define PACKAGE_BUGREPORT "https://bugs.freedesktop.org/enter_bug.cgi?product=xorg"
| #define PACKAGE_URL ""
| #define PACKAGE "transset"
| #define VERSION "1.0.0"
| #define STDC_HEADERS 1
| #define HAVE_SYS_TYPES_H 1
| #define HAVE_SYS_STAT_H 1
| #define HAVE_STDLIB_H 1
| #define HAVE_STRING_H 1
| #define HAVE_MEMORY_H 1
| #define HAVE_STRINGS_H 1
| #define HAVE_INTTYPES_H 1
| #define HAVE_STDINT_H 1
| #define HAVE_UNISTD_H 1
| /* end confdefs.h.  */
| #include <stdio.h>
| #ifdef HAVE_SYS_TYPES_H
| # include <sys/types.h>
| #endif
| #ifdef HAVE_SYS_STAT_H
| # include <sys/stat.h>
| #endif
| #ifdef STDC_HEADERS
| # include <stdlib.h>
| # include <stddef.h>
| #else
| # ifdef HAVE_STDLIB_H
| #  include <stdlib.h>
| # endif
| #endif
| #ifdef HAVE_STRING_H
| # if !defined STDC_HEADERS && defined HAVE_MEMORY_H
| #  include <memory.h>
| # endif
| # include <string.h>
| #endif
| #ifdef HAVE_STRINGS_H
| # include <strings.h>
| #endif
| #ifdef HAVE_INTTYPES_H
| # include <inttypes.h>
| #endif
| #ifdef HAVE_STDINT_H
| # include <stdint.h>
| #endif
| #ifdef HAVE_UNISTD_H
| # include <unistd.h>
| #endif
| int
| main ()
| {
| #ifndef __clang__
| #ifdef __cplusplus
|   (void) __clang__;
| #else
|   (void) __clang__;
| #endif
| #endif
| 
|   ;
|   return 0;
| }
configure:4172: result: no
configure:4179: checking whether __INTEL_COMPILER is declared
configure:4179: i486-TSOL-linux-gnu-gcc -std=gnu99 -c -Os  conftest.c >&5
conftest.c: In function 'main':
conftest.c:61:10: error: '__INTEL_COMPILER' undeclared (first use in this function)
conftest.c:61:10: note: each undeclared identifier is reported only once for each function it appears in
configure:4179: $? = 1
configure: failed program was:
| /* confdefs.h */
| #define PACKAGE_NAME "transset"
| #define PACKAGE_TARNAME "transset"
| #define PACKAGE_VERSION "1.0.0"
| #define PACKAGE_STRING "transset 1.0.0"
| #define PACKAGE_BUGREPORT "https://bugs.freedesktop.org/enter_bug.cgi?product=xorg"
| #define PACKAGE_URL ""
| #define PACKAGE "transset"
| #define VERSION "1.0.0"
| #define STDC_HEADERS 1
| #define HAVE_SYS_TYPES_H 1
| #define HAVE_SYS_STAT_H 1
| #define HAVE_STDLIB_H 1
| #define HAVE_STRING_H 1
| #define HAVE_MEMORY_H 1
| #define HAVE_STRINGS_H 1
| #define HAVE_INTTYPES_H 1
| #define HAVE_STDINT_H 1
| #define HAVE_UNISTD_H 1
| /* end confdefs.h.  */
| #include <stdio.h>
| #ifdef HAVE_SYS_TYPES_H
| # include <sys/types.h>
| #endif
| #ifdef HAVE_SYS_STAT_H
| # include <sys/stat.h>
| #endif
| #ifdef STDC_HEADERS
| # include <stdlib.h>
| # include <stddef.h>
| #else
| # ifdef HAVE_STDLIB_H
| #  include <stdlib.h>
| # endif
| #endif
| #ifdef HAVE_STRING_H
| # if !defined STDC_HEADERS && defined HAVE_MEMORY_H
| #  include <memory.h>
| # endif
| # include <string.h>
| #endif
| #ifdef HAVE_STRINGS_H
| # include <strings.h>
| #endif
| #ifdef HAVE_INTTYPES_H
| # include <inttypes.h>
| #endif
| #ifdef HAVE_STDINT_H
| # include <stdint.h>
| #endif
| #ifdef HAVE_UNISTD_H
| # include <unistd.h>
| #endif
| int
| main ()
| {
| #ifndef __INTEL_COMPILER
| #ifdef __cplusplus
|   (void) __INTEL_COMPILER;
| #else
|   (void) __INTEL_COMPILER;
| #endif
| #endif
| 
|   ;
|   return 0;
| }
configure:4179: result: no
configure:4186: checking whether __SUNPRO_C is declared
configure:4186: i486-TSOL-linux-gnu-gcc -std=gnu99 -c -Os  conftest.c >&5
conftest.c: In function 'main':
conftest.c:61:10: error: '__SUNPRO_C' undeclared (first use in this function)
conftest.c:61:10: note: each undeclared identifier is reported only once for each function it appears in
configure:4186: $? = 1
configure: failed program was:
| /* confdefs.h */
| #define PACKAGE_NAME "transset"
| #define PACKAGE_TARNAME "transset"
| #define PACKAGE_VERSION "1.0.0"
| #define PACKAGE_STRING "transset 1.0.0"
| #define PACKAGE_BUGREPORT "https://bugs.freedesktop.org/enter_bug.cgi?product=xorg"
| #define PACKAGE_URL ""
| #define PACKAGE "transset"
| #define VERSION "1.0.0"
| #define STDC_HEADERS 1
| #define HAVE_SYS_TYPES_H 1
| #define HAVE_SYS_STAT_H 1
| #define HAVE_STDLIB_H 1
| #define HAVE_STRING_H 1
| #define HAVE_MEMORY_H 1
| #define HAVE_STRINGS_H 1
| #define HAVE_INTTYPES_H 1
| #define HAVE_STDINT_H 1
| #define HAVE_UNISTD_H 1
| /* end confdefs.h.  */
| #include <stdio.h>
| #ifdef HAVE_SYS_TYPES_H
| # include <sys/types.h>
| #endif
| #ifdef HAVE_SYS_STAT_H
| # include <sys/stat.h>
| #endif
| #ifdef STDC_HEADERS
| # include <stdlib.h>
| # include <stddef.h>
| #else
| # ifdef HAVE_STDLIB_H
| #  include <stdlib.h>
| # endif
| #endif
| #ifdef HAVE_STRING_H
| # if !defined STDC_HEADERS && defined HAVE_MEMORY_H
| #  include <memory.h>
| # endif
| # include <string.h>
| #endif
| #ifdef HAVE_STRINGS_H
| # include <strings.h>
| #endif
| #ifdef HAVE_INTTYPES_H
| # include <inttypes.h>
| #endif
| #ifdef HAVE_STDINT_H
| # include <stdint.h>
| #endif
| #ifdef HAVE_UNISTD_H
| # include <unistd.h>
| #endif
| int
| main ()
| {
| #ifndef __SUNPRO_C
| #ifdef __cplusplus
|   (void) __SUNPRO_C;
| #else
|   (void) __SUNPRO_C;
| #endif
| #endif
| 
|   ;
|   return 0;
| }
configure:4186: result: no
configure:4243: checking for pkg-config
configure:4261: found /usr/bin/pkg-config
configure:4273: result: /usr/bin/pkg-config
configure:4298: checking pkg-config is at least version 0.9.0
configure:4301: result: yes
configure:4314: checking build system type
configure:4328: result: i686-pc-linux-gnu
configure:4348: checking host system type
configure:4361: result: i686-pc-linux-gnu
configure:4381: checking for a sed that does not truncate output
configure:4445: result: /usr/bin/sed
configure:4491: checking if i486-TSOL-linux-gnu-gcc -std=gnu99 supports -Werror=unknown-warning-option
configure:4500: i486-TSOL-linux-gnu-gcc -std=gnu99 -c -Os -Werror=unknown-warning-option  conftest.c >&5
cc1: error: -Werror=unknown-warning-option: no option -Wunknown-warning-option
configure:4500: $? = 1
configure: failed program was:
| /* confdefs.h */
| #define PACKAGE_NAME "transset"
| #define PACKAGE_TARNAME "transset"
| #define PACKAGE_VERSION "1.0.0"
| #define PACKAGE_STRING "transset 1.0.0"
| #define PACKAGE_BUGREPORT "https://bugs.freedesktop.org/enter_bug.cgi?product=xorg"
| #define PACKAGE_URL ""
| #define PACKAGE "transset"
| #define VERSION "1.0.0"
| #define STDC_HEADERS 1
| #define HAVE_SYS_TYPES_H 1
| #define HAVE_SYS_STAT_H 1
| #define HAVE_STDLIB_H 1
| #define HAVE_STRING_H 1
| #define HAVE_MEMORY_H 1
| #define HAVE_STRINGS_H 1
| #define HAVE_INTTYPES_H 1
| #define HAVE_STDINT_H 1
| #define HAVE_UNISTD_H 1
| /* end confdefs.h.  */
| int i;
configure:4507: result: no
configure:4518: checking if i486-TSOL-linux-gnu-gcc -std=gnu99 supports -Werror=unused-command-line-argument
configure:4527: i486-TSOL-linux-gnu-gcc -std=gnu99 -c -Os -Werror=unused-command-line-argument  conftest.c >&5
cc1: error: -Werror=unused-command-line-argument: no option -Wunused-command-line-argument
configure:4527: $? = 1
configure: failed program was:
| /* confdefs.h */
| #define PACKAGE_NAME "transset"
| #define PACKAGE_TARNAME "transset"
| #define PACKAGE_VERSION "1.0.0"
| #define PACKAGE_STRING "transset 1.0.0"
| #define PACKAGE_BUGREPORT "https://bugs.freedesktop.org/enter_bug.cgi?product=xorg"
| #define PACKAGE_URL ""
| #define PACKAGE "transset"
| #define VERSION "1.0.0"
| #define STDC_HEADERS 1
| #define HAVE_SYS_TYPES_H 1
| #define HAVE_SYS_STAT_H 1
| #define HAVE_STDLIB_H 1
| #define HAVE_STRING_H 1
| #define HAVE_MEMORY_H 1
| #define HAVE_STRINGS_H 1
| #define HAVE_INTTYPES_H 1
| #define HAVE_STDINT_H 1
| #define HAVE_UNISTD_H 1
| /* end confdefs.h.  */
| int i;
configure:4534: result: no
configure:4553: checking if i486-TSOL-linux-gnu-gcc -std=gnu99 supports-Wall
configure:4570: i486-TSOL-linux-gnu-gcc -std=gnu99 -o conftest -Os -Wall  -static-libgcc conftest.c  >&5
configure:4570: $? = 0
configure:4583: result: yes
configure:4671: checking if i486-TSOL-linux-gnu-gcc -std=gnu99 supports-Wpointer-arith
configure:4688: i486-TSOL-linux-gnu-gcc -std=gnu99 -o conftest -Os -Wpointer-arith  -static-libgcc conftest.c  >&5
configure:4688: $? = 0
configure:4701: result: yes
configure:4789: checking if i486-TSOL-linux-gnu-gcc -std=gnu99 supports-Wmissing-declarations
configure:4806: i486-TSOL-linux-gnu-gcc -std=gnu99 -o conftest -Os -Wmissing-declarations  -static-libgcc conftest.c  >&5
configure:4806: $? = 0
configure:4819: result: yes
configure:4907: checking if i486-TSOL-linux-gnu-gcc -std=gnu99 supports-Wformat=2
configure:4924: i486-TSOL-linux-gnu-gcc -std=gnu99 -o conftest -Os -Wformat=2  -static-libgcc conftest.c  >&5
configure:4924: $? = 0
configure:4937: result: yes
configure:5076: checking if i486-TSOL-linux-gnu-gcc -std=gnu99 supports-Wstrict-prototypes
configure:5093: i486-TSOL-linux-gnu-gcc -std=gnu99 -o conftest -Os -Wstrict-prototypes  -static-libgcc conftest.c  >&5
conftest.c:23:1: warning: function declaration isn't a prototype [-Wstrict-prototypes]
configure:5093: $? = 0
configure:5106: result: yes
configure:5194: checking if i486-TSOL-linux-gnu-gcc -std=gnu99 supports-Wmissing-prototypes
configure:5211: i486-TSOL-linux-gnu-gcc -std=gnu99 -o conftest -Os -Wmissing-prototypes  -static-libgcc conftest.c  >&5
configure:5211: $? = 0
configure:5224: result: yes
configure:5312: checking if i486-TSOL-linux-gnu-gcc -std=gnu99 supports-Wnested-externs
configure:5329: i486-TSOL-linux-gnu-gcc -std=gnu99 -o conftest -Os -Wnested-externs  -static-libgcc conftest.c  >&5
configure:5329: $? = 0
configure:5342: result: yes
configure:5430: checking if i486-TSOL-linux-gnu-gcc -std=gnu99 supports-Wbad-function-cast
configure:5447: i486-TSOL-linux-gnu-gcc -std=gnu99 -o conftest -Os -Wbad-function-cast  -static-libgcc conftest.c  >&5
configure:5447: $? = 0
configure:5460: result: yes
configure:5548: checking if i486-TSOL-linux-gnu-gcc -std=gnu99 supports-Wold-style-definition
configure:5565: i486-TSOL-linux-gnu-gcc -std=gnu99 -o conftest -Os -Wold-style-definition  -static-libgcc conftest.c  >&5
conftest.c: In function 'main':
conftest.c:23:1: warning: old-style function definition [-Wold-style-definition]
configure:5565: $? = 0
configure:5578: result: yes
configure:5666: checking if i486-TSOL-linux-gnu-gcc -std=gnu99 supports-Wdeclaration-after-statement
configure:5683: i486-TSOL-linux-gnu-gcc -std=gnu99 -o conftest -Os -Wdeclaration-after-statement  -static-libgcc conftest.c  >&5
configure:5683: $? = 0
configure:5696: result: yes
configure:5788: checking if i486-TSOL-linux-gnu-gcc -std=gnu99 supports-Wunused
configure:5805: i486-TSOL-linux-gnu-gcc -std=gnu99 -o conftest -Os -Wunused  -static-libgcc conftest.c  >&5
configure:5805: $? = 0
configure:5818: result: yes
configure:5906: checking if i486-TSOL-linux-gnu-gcc -std=gnu99 supports-Wuninitialized
configure:5923: i486-TSOL-linux-gnu-gcc -std=gnu99 -o conftest -Os -Wuninitialized  -static-libgcc conftest.c  >&5
configure:5923: $? = 0
configure:5936: result: yes
configure:6024: checking if i486-TSOL-linux-gnu-gcc -std=gnu99 supports-Wshadow
configure:6041: i486-TSOL-linux-gnu-gcc -std=gnu99 -o conftest -Os -Wshadow  -static-libgcc conftest.c  >&5
configure:6041: $? = 0
configure:6054: result: yes
configure:6142: checking if i486-TSOL-linux-gnu-gcc -std=gnu99 supports-Wcast-qual
configure:6159: i486-TSOL-linux-gnu-gcc -std=gnu99 -o conftest -Os -Wcast-qual  -static-libgcc conftest.c  >&5
configure:6159: $? = 0
configure:6172: result: yes
configure:6260: checking if i486-TSOL-linux-gnu-gcc -std=gnu99 supports-Wmissing-noreturn
configure:6277: i486-TSOL-linux-gnu-gcc -std=gnu99 -o conftest -Os -Wmissing-noreturn  -static-libgcc conftest.c  >&5
configure:6277: $? = 0
configure:6290: result: yes
configure:6378: checking if i486-TSOL-linux-gnu-gcc -std=gnu99 supports-Wmissing-format-attribute
configure:6395: i486-TSOL-linux-gnu-gcc -std=gnu99 -o conftest -Os -Wmissing-format-attribute  -static-libgcc conftest.c  >&5
configure:6395: $? = 0
configure:6408: result: yes
configure:6496: checking if i486-TSOL-linux-gnu-gcc -std=gnu99 supports-Wredundant-decls
configure:6513: i486-TSOL-linux-gnu-gcc -std=gnu99 -o conftest -Os -Wredundant-decls  -static-libgcc conftest.c  >&5
configure:6513: $? = 0
configure:6526: result: yes
configure:6626: checking if i486-TSOL-linux-gnu-gcc -std=gnu99 supports-Werror=implicit
configure:6643: i486-TSOL-linux-gnu-gcc -std=gnu99 -o conftest -Os -Werror=implicit  -static-libgcc conftest.c  >&5
configure:6643: $? = 0
configure:6656: result: yes
configure:6793: checking if i486-TSOL-linux-gnu-gcc -std=gnu99 supports-Werror=nonnull
configure:6810: i486-TSOL-linux-gnu-gcc -std=gnu99 -o conftest -Os -Werror=nonnull  -static-libgcc conftest.c  >&5
configure:6810: $? = 0
configure:6823: result: yes
configure:6911: checking if i486-TSOL-linux-gnu-gcc -std=gnu99 supports-Werror=init-self
configure:6928: i486-TSOL-linux-gnu-gcc -std=gnu99 -o conftest -Os -Werror=init-self  -static-libgcc conftest.c  >&5
configure:6928: $? = 0
configure:6941: result: yes
configure:7029: checking if i486-TSOL-linux-gnu-gcc -std=gnu99 supports-Werror=main
configure:7046: i486-TSOL-linux-gnu-gcc -std=gnu99 -o conftest -Os -Werror=main  -static-libgcc conftest.c  >&5
configure:7046: $? = 0
configure:7059: result: yes
configure:7147: checking if i486-TSOL-linux-gnu-gcc -std=gnu99 supports-Werror=missing-braces
configure:7164: i486-TSOL-linux-gnu-gcc -std=gnu99 -o conftest -Os -Werror=missing-braces  -static-libgcc conftest.c  >&5
configure:7164: $? = 0
configure:7177: result: yes
configure:7265: checking if i486-TSOL-linux-gnu-gcc -std=gnu99 supports-Werror=sequence-point
configure:7282: i486-TSOL-linux-gnu-gcc -std=gnu99 -o conftest -Os -Werror=sequence-point  -static-libgcc conftest.c  >&5
configure:7282: $? = 0
configure:7295: result: yes
configure:7383: checking if i486-TSOL-linux-gnu-gcc -std=gnu99 supports-Werror=return-type
configure:7400: i486-TSOL-linux-gnu-gcc -std=gnu99 -o conftest -Os -Werror=return-type  -static-libgcc conftest.c  >&5
configure:7400: $? = 0
configure:7413: result: yes
configure:7550: checking if i486-TSOL-linux-gnu-gcc -std=gnu99 supports-Werror=trigraphs
configure:7567: i486-TSOL-linux-gnu-gcc -std=gnu99 -o conftest -Os -Werror=trigraphs  -static-libgcc conftest.c  >&5
configure:7567: $? = 0
configure:7580: result: yes
configure:7668: checking if i486-TSOL-linux-gnu-gcc -std=gnu99 supports-Werror=array-bounds
configure:7685: i486-TSOL-linux-gnu-gcc -std=gnu99 -o conftest -Os -Werror=array-bounds  -static-libgcc conftest.c  >&5
configure:7685: $? = 0
configure:7698: result: yes
configure:7786: checking if i486-TSOL-linux-gnu-gcc -std=gnu99 supports-Werror=write-strings
configure:7803: i486-TSOL-linux-gnu-gcc -std=gnu99 -o conftest -Os -Werror=write-strings  -static-libgcc conftest.c  >&5
configure:7803: $? = 0
configure:7816: result: yes
configure:7904: checking if i486-TSOL-linux-gnu-gcc -std=gnu99 supports-Werror=address
configure:7921: i486-TSOL-linux-gnu-gcc -std=gnu99 -o conftest -Os -Werror=address  -static-libgcc conftest.c  >&5
configure:7921: $? = 0
configure:7934: result: yes
configure:8022: checking if i486-TSOL-linux-gnu-gcc -std=gnu99 supports-Werror=int-to-pointer-cast
configure:8039: i486-TSOL-linux-gnu-gcc -std=gnu99 -o conftest -Os -Werror=int-to-pointer-cast  -static-libgcc conftest.c  >&5
configure:8039: $? = 0
configure:8052: result: yes
configure:8189: checking if i486-TSOL-linux-gnu-gcc -std=gnu99 supports-Werror=pointer-to-int-cast
configure:8206: i486-TSOL-linux-gnu-gcc -std=gnu99 -o conftest -Os -Werror=pointer-to-int-cast  -static-libgcc conftest.c  >&5
configure:8206: $? = 0
configure:8219: result: yes
configure:9877: checking if i486-TSOL-linux-gnu-gcc -std=gnu99 supports-pedantic
configure:9894: i486-TSOL-linux-gnu-gcc -std=gnu99 -o conftest -Os -pedantic  -static-libgcc conftest.c  >&5
configure:9894: $? = 0
configure:9907: result: yes
configure:9995: checking if i486-TSOL-linux-gnu-gcc -std=gnu99 supports-Werror
configure:10012: i486-TSOL-linux-gnu-gcc -std=gnu99 -o conftest -Os -Werror  -static-libgcc conftest.c  >&5
configure:10012: $? = 0
configure:10025: result: yes
configure:10165: checking if i486-TSOL-linux-gnu-gcc -std=gnu99 supports-Werror=attributes
configure:10182: i486-TSOL-linux-gnu-gcc -std=gnu99 -o conftest -Os -Werror=attributes  -static-libgcc conftest.c  >&5
configure:10182: $? = 0
configure:10195: result: yes
configure:10361: checking for TRANSSET
configure:10368: $PKG_CONFIG --exists --print-errors "x11 xproto >= 7.0.17"
configure:10371: $? = 0
configure:10384: $PKG_CONFIG --exists --print-errors "x11 xproto >= 7.0.17"
configure:10387: $? = 0
configure:10441: result: yes
configure:10582: creating ./config.status

## ---------------------- ##
## Running config.status. ##
## ---------------------- ##

This file was extended by transset config.status 1.0.0, which was
generated by GNU Autoconf 2.68.  Invocation command line was

  CONFIG_FILES    = 
  CONFIG_HEADERS  = 
  CONFIG_LINKS    = 
  CONFIG_COMMANDS = 
  $ ./config.status 

on ubuntu4

config.status:910: creating Makefile
config.status:910: creating man/Makefile
config.status:910: creating config.h
config.status:1139: executing depfiles commands

## ---------------- ##
## Cache variables. ##
## ---------------- ##

ac_cv_build=i686-pc-linux-gnu
ac_cv_c_compiler_gnu=yes
ac_cv_env_CC_set=set
ac_cv_env_CC_value=i486-TSOL-linux-gnu-gcc
ac_cv_env_CFLAGS_set=set
ac_cv_env_CFLAGS_value=-Os
ac_cv_env_CPPFLAGS_set=
ac_cv_env_CPPFLAGS_value=
ac_cv_env_CPP_set=
ac_cv_env_CPP_value=
ac_cv_env_LDFLAGS_set=set
ac_cv_env_LDFLAGS_value=-static-libgcc
ac_cv_env_LIBS_set=
ac_cv_env_LIBS_value=
ac_cv_env_PKG_CONFIG_set=
ac_cv_env_PKG_CONFIG_value=
ac_cv_env_TRANSSET_CFLAGS_set=
ac_cv_env_TRANSSET_CFLAGS_value=
ac_cv_env_TRANSSET_LIBS_set=
ac_cv_env_TRANSSET_LIBS_value=
ac_cv_env_build_alias_set=
ac_cv_env_build_alias_value=
ac_cv_env_host_alias_set=
ac_cv_env_host_alias_value=
ac_cv_env_target_alias_set=
ac_cv_env_target_alias_value=
ac_cv_have_decl___INTEL_COMPILER=no
ac_cv_have_decl___SUNPRO_C=no
ac_cv_have_decl___clang__=no
ac_cv_header_inttypes_h=yes
ac_cv_header_memory_h=yes
ac_cv_header_stdc=yes
ac_cv_header_stdint_h=yes
ac_cv_header_stdlib_h=yes
ac_cv_header_string_h=yes
ac_cv_header_strings_h=yes
ac_cv_header_sys_stat_h=yes
ac_cv_header_sys_types_h=yes
ac_cv_header_unistd_h=yes
ac_cv_host=i686-pc-linux-gnu
ac_cv_objext=o
ac_cv_path_EGREP='/usr/bin/grep -E'
ac_cv_path_GREP=/usr/bin/grep
ac_cv_path_SED=/usr/bin/sed
ac_cv_path_ac_pt_PKG_CONFIG=/usr/bin/pkg-config
ac_cv_path_install='/bin/install -c'
ac_cv_path_mkdir=/bin/mkdir
ac_cv_prog_AWK=gawk
ac_cv_prog_CPP='i486-TSOL-linux-gnu-gcc -std=gnu99 -E'
ac_cv_prog_ac_ct_CC=i486-TSOL-linux-gnu-gcc
ac_cv_prog_cc_c89=
ac_cv_prog_cc_c99=-std=gnu99
ac_cv_prog_cc_g=yes
ac_cv_prog_make_make_set=yes
am_cv_CC_dependencies_compiler_type=gcc3
pkg_cv_TRANSSET_CFLAGS='-I/usr/xorg/include  '
pkg_cv_TRANSSET_LIBS='-L/usr/xorg/lib -lX11  '
xorg_cv_cc_flag__Wall=yes
xorg_cv_cc_flag__Wbad_function_cast=yes
xorg_cv_cc_flag__Wcast_qual=yes
xorg_cv_cc_flag__Wdeclaration_after_statement=yes
xorg_cv_cc_flag__Werror=yes
xorg_cv_cc_flag__Werror_address=yes
xorg_cv_cc_flag__Werror_array_bounds=yes
xorg_cv_cc_flag__Werror_attributes=yes
xorg_cv_cc_flag__Werror_implicit=yes
xorg_cv_cc_flag__Werror_init_self=yes
xorg_cv_cc_flag__Werror_int_to_pointer_cast=yes
xorg_cv_cc_flag__Werror_main=yes
xorg_cv_cc_flag__Werror_missing_braces=yes
xorg_cv_cc_flag__Werror_nonnull=yes
xorg_cv_cc_flag__Werror_pointer_to_int_cast=yes
xorg_cv_cc_flag__Werror_return_type=yes
xorg_cv_cc_flag__Werror_sequence_point=yes
xorg_cv_cc_flag__Werror_trigraphs=yes
xorg_cv_cc_flag__Werror_write_strings=yes
xorg_cv_cc_flag__Wformat_2=yes
xorg_cv_cc_flag__Wmissing_declarations=yes
xorg_cv_cc_flag__Wmissing_format_attribute=yes
xorg_cv_cc_flag__Wmissing_noreturn=yes
xorg_cv_cc_flag__Wmissing_prototypes=yes
xorg_cv_cc_flag__Wnested_externs=yes
xorg_cv_cc_flag__Wold_style_definition=yes
xorg_cv_cc_flag__Wpointer_arith=yes
xorg_cv_cc_flag__Wredundant_decls=yes
xorg_cv_cc_flag__Wshadow=yes
xorg_cv_cc_flag__Wstrict_prototypes=yes
xorg_cv_cc_flag__Wuninitialized=yes
xorg_cv_cc_flag__Wunused=yes
xorg_cv_cc_flag__pedantic=yes
xorg_cv_cc_flag_unknown_warning_option=no
xorg_cv_cc_flag_unused_command_line_argument=no

## ----------------- ##
## Output variables. ##
## ----------------- ##

ACLOCAL='aclocal -I /usr/xorg/share/aclocal'
ADMIN_MAN_DIR='$(mandir)/man$(ADMIN_MAN_SUFFIX)'
ADMIN_MAN_SUFFIX='8'
AMDEPBACKSLASH='\'
AMDEP_FALSE='#'
AMDEP_TRUE=''
AMTAR='${SHELL} /source/xorg-modular-7.7/app/transset-1.0.0/missing --run tar'
AM_BACKSLASH='\'
AM_DEFAULT_VERBOSITY='0'
APP_MAN_DIR='$(mandir)/man$(APP_MAN_SUFFIX)'
APP_MAN_SUFFIX='1'
AUTOCONF='${SHELL} /source/xorg-modular-7.7/app/transset-1.0.0/missing --run autoconf'
AUTOHEADER='${SHELL} /source/xorg-modular-7.7/app/transset-1.0.0/missing --run autoheader'
AUTOMAKE='${SHELL} /source/xorg-modular-7.7/app/transset-1.0.0/missing --run automake-1.11'
AWK='gawk'
BASE_CFLAGS=' -Wall -Wpointer-arith -Wmissing-declarations -Wformat=2 -Wstrict-prototypes -Wmissing-prototypes -Wnested-externs -Wbad-function-cast -Wold-style-definition -Wdeclaration-after-statement -Wunused -Wuninitialized -Wshadow -Wcast-qual -Wmissing-noreturn -Wmissing-format-attribute -Wredundant-decls -Werror=implicit -Werror=nonnull -Werror=init-self -Werror=main -Werror=missing-braces -Werror=sequence-point -Werror=return-type -Werror=trigraphs -Werror=array-bounds -Werror=write-strings -Werror=address -Werror=int-to-pointer-cast -Werror=pointer-to-int-cast'
CC='i486-TSOL-linux-gnu-gcc -std=gnu99'
CCDEPMODE='depmode=gcc3'
CFLAGS='-Os'
CHANGELOG_CMD='(GIT_DIR=$(top_srcdir)/.git git log > $(top_srcdir)/.changelog.tmp && mv $(top_srcdir)/.changelog.tmp $(top_srcdir)/ChangeLog) || (rm -f $(top_srcdir)/.changelog.tmp; touch $(top_srcdir)/ChangeLog; echo '\''git directory not found: installing possibly empty changelog.'\'' >&2)'
CPP='i486-TSOL-linux-gnu-gcc -std=gnu99 -E'
CPPFLAGS=''
CWARNFLAGS=' -Wall -Wpointer-arith -Wmissing-declarations -Wformat=2 -Wstrict-prototypes -Wmissing-prototypes -Wnested-externs -Wbad-function-cast -Wold-style-definition -Wdeclaration-after-statement -Wunused -Wuninitialized -Wshadow -Wcast-qual -Wmissing-noreturn -Wmissing-format-attribute -Wredundant-decls -Werror=implicit -Werror=nonnull -Werror=init-self -Werror=main -Werror=missing-braces -Werror=sequence-point -Werror=return-type -Werror=trigraphs -Werror=array-bounds -Werror=write-strings -Werror=address -Werror=int-to-pointer-cast -Werror=pointer-to-int-cast -fno-strict-aliasing'
CYGPATH_W='echo'
DEFS='-DHAVE_CONFIG_H'
DEPDIR='.deps'
DRIVER_MAN_DIR='$(mandir)/man$(DRIVER_MAN_SUFFIX)'
DRIVER_MAN_SUFFIX='4'
ECHO_C=''
ECHO_N='-n'
ECHO_T=''
EGREP='/usr/bin/grep -E'
EXEEXT=''
FILE_MAN_DIR='$(mandir)/man$(FILE_MAN_SUFFIX)'
FILE_MAN_SUFFIX='5'
GREP='/usr/bin/grep'
INSTALL_CMD='(cp -f /usr/xorg/share/util-macros/INSTALL $(top_srcdir)/.INSTALL.tmp && mv $(top_srcdir)/.INSTALL.tmp $(top_srcdir)/INSTALL) || (rm -f $(top_srcdir)/.INSTALL.tmp; touch $(top_srcdir)/INSTALL; echo '\''util-macros "pkgdatadir" from xorg-macros.pc not found: installing possibly empty INSTALL.'\'' >&2)'
INSTALL_DATA='${INSTALL} -m 644'
INSTALL_PROGRAM='${INSTALL}'
INSTALL_SCRIPT='${INSTALL}'
INSTALL_STRIP_PROGRAM='$(install_sh) -c -s'
LDFLAGS='-static-libgcc'
LIBOBJS=''
LIBS=''
LIB_MAN_DIR='$(mandir)/man$(LIB_MAN_SUFFIX)'
LIB_MAN_SUFFIX='3'
LTLIBOBJS=''
MAINT=''
MAINTAINER_MODE_FALSE='#'
MAINTAINER_MODE_TRUE=''
MAKEINFO='${SHELL} /source/xorg-modular-7.7/app/transset-1.0.0/missing --run makeinfo'
MAN_SUBSTS='	-e '\''s|__vendorversion__|"$(PACKAGE_STRING)" "$(XORG_MAN_PAGE)"|'\'' 	-e '\''s|__xorgversion__|"$(PACKAGE_STRING)" "$(XORG_MAN_PAGE)"|'\'' 	-e '\''s|__xservername__|Xorg|g'\'' 	-e '\''s|__xconfigfile__|xorg.conf|g'\'' 	-e '\''s|__projectroot__|$(prefix)|g'\'' 	-e '\''s|__apploaddir__|$(appdefaultdir)|g'\'' 	-e '\''s|__appmansuffix__|$(APP_MAN_SUFFIX)|g'\'' 	-e '\''s|__drivermansuffix__|$(DRIVER_MAN_SUFFIX)|g'\'' 	-e '\''s|__adminmansuffix__|$(ADMIN_MAN_SUFFIX)|g'\'' 	-e '\''s|__libmansuffix__|$(LIB_MAN_SUFFIX)|g'\'' 	-e '\''s|__miscmansuffix__|$(MISC_MAN_SUFFIX)|g'\'' 	-e '\''s|__filemansuffix__|$(FILE_MAN_SUFFIX)|g'\'''
MISC_MAN_DIR='$(mandir)/man$(MISC_MAN_SUFFIX)'
MISC_MAN_SUFFIX='7'
MKDIR_P='/bin/mkdir -p'
OBJEXT='o'
PACKAGE='transset'
PACKAGE_BUGREPORT='https://bugs.freedesktop.org/enter_bug.cgi?product=xorg'
PACKAGE_NAME='transset'
PACKAGE_STRING='transset 1.0.0'
PACKAGE_TARNAME='transset'
PACKAGE_URL=''
PACKAGE_VERSION='1.0.0'
PATH_SEPARATOR=':'
PKG_CONFIG='/usr/bin/pkg-config'
SED='/usr/bin/sed'
SET_MAKE=''
SHELL='/bin/sh'
STRICT_CFLAGS=' -pedantic -Werror -Werror=attributes'
STRIP=''
TRANSSET_CFLAGS='-I/usr/xorg/include  '
TRANSSET_LIBS='-L/usr/xorg/lib -lX11  '
VERSION='1.0.0'
XORG_MAN_PAGE='X Version 11'
ac_ct_CC='i486-TSOL-linux-gnu-gcc'
am__EXEEXT_FALSE=''
am__EXEEXT_TRUE='#'
am__fastdepCC_FALSE='#'
am__fastdepCC_TRUE=''
am__include='include'
am__isrc=''
am__leading_dot='.'
am__quote=''
am__tar='${AMTAR} chof - "$$tardir"'
am__untar='${AMTAR} xf -'
bindir='${exec_prefix}/bin'
build='i686-pc-linux-gnu'
build_alias=''
build_cpu='i686'
build_os='linux-gnu'
build_vendor='pc'
datadir='${datarootdir}'
datarootdir='${prefix}/share'
docdir='${datarootdir}/doc/${PACKAGE_TARNAME}'
dvidir='${docdir}'
exec_prefix='${prefix}'
host='i686-pc-linux-gnu'
host_alias=''
host_cpu='i686'
host_os='linux-gnu'
host_vendor='pc'
htmldir='${docdir}'
includedir='${prefix}/include'
infodir='${datarootdir}/info'
install_sh='${SHELL} /source/xorg-modular-7.7/app/transset-1.0.0/install-sh'
libdir='${exec_prefix}/lib'
libexecdir='${exec_prefix}/libexec'
localedir='${datarootdir}/locale'
localstatedir='${prefix}/var'
mandir='${datarootdir}/man'
mkdir_p='/bin/mkdir -p'
oldincludedir='/usr/include'
pdfdir='${docdir}'
prefix='/usr/xorg'
program_transform_name='s,x,x,'
psdir='${docdir}'
sbindir='${exec_prefix}/sbin'
sharedstatedir='${prefix}/com'
sysconfdir='${prefix}/etc'
target_alias=''

## ----------- ##
## confdefs.h. ##
## ----------- ##

/* confdefs.h */
#define PACKAGE_NAME "transset"
#define PACKAGE_TARNAME "transset"
#define PACKAGE_VERSION "1.0.0"
#define PACKAGE_STRING "transset 1.0.0"
#define PACKAGE_BUGREPORT "https://bugs.freedesktop.org/enter_bug.cgi?product=xorg"
#define PACKAGE_URL ""
#define PACKAGE "transset"
#define VERSION "1.0.0"
#define STDC_HEADERS 1
#define HAVE_SYS_TYPES_H 1
#define HAVE_SYS_STAT_H 1
#define HAVE_STDLIB_H 1
#define HAVE_STRING_H 1
#define HAVE_MEMORY_H 1
#define HAVE_STRINGS_H 1
#define HAVE_INTTYPES_H 1
#define HAVE_STDINT_H 1
#define HAVE_UNISTD_H 1
#define PACKAGE_VERSION_MAJOR 1
#define PACKAGE_VERSION_MINOR 0
#define PACKAGE_VERSION_PATCHLEVEL 0

configure: exit 0

## ---------------------- ##
## Running config.status. ##
## ---------------------- ##

This file was extended by transset config.status 1.0.0, which was
generated by GNU Autoconf 2.68.  Invocation command line was

  CONFIG_FILES    = 
  CONFIG_HEADERS  = 
  CONFIG_LINKS    = 
  CONFIG_COMMANDS = 
  $ ./config.status config.h

on ubuntu4

config.status:910: creating config.h
config.status:1091: config.h is unchanged
