This file contains any messages produced by compilers while
running configure, to aid debugging if configure makes a mistake.

It was created by usbutils configure 007, which was
generated by GNU Autoconf 2.69.  Invocation command line was

  $ ./configure 

## --------- ##
## Platform. ##
## --------- ##

hostname = ubuntu4
uname -m = i686
uname -r = 3.2.16-030216-generic
uname -s = Linux
uname -v = #201204221935 SMP Sun Apr 22 23:42:49 UTC 2012

/usr/bin/uname -p = unknown
/bin/uname -X     = unknown

/bin/arch              = unknown
/usr/bin/arch -k       = unknown
/usr/convex/getsysinfo = unknown
/usr/bin/hostinfo      = unknown
/bin/machine           = unknown
/usr/bin/oslevel       = unknown
/bin/universe          = unknown

PATH: /source/docbook-xsl-1.76.1/tools/bin
PATH: /bin
PATH: /sbin
PATH: /usr/bin
PATH: /usr/sbin
PATH: /usr/bin/X11
PATH: /usr/local/bin
PATH: /toolchain/bin
PATH: /toolchain/i486-TSOL-linux-gnu/bin/
PATH: /root/.local/bin
PATH: /usr/xorg/bin


## ----------- ##
## Core tests. ##
## ----------- ##

configure:2219: checking for a BSD-compatible install
configure:2287: result: /bin/install -c
configure:2298: checking whether build environment is sane
configure:2353: result: yes
configure:2504: checking for a thread-safe mkdir -p
configure:2543: result: /bin/mkdir -p
configure:2550: checking for gawk
configure:2566: found /usr/bin/gawk
configure:2577: result: gawk
configure:2588: checking whether make sets $(MAKE)
configure:2610: result: yes
configure:2702: checking whether make supports nested variables
configure:2719: result: yes
configure:2744: checking for style of include used by make
configure:2772: result: GNU
configure:2843: checking for gcc
configure:2870: result: i486-TSOL-linux-gnu-gcc
configure:3099: checking for C compiler version
configure:3108: i486-TSOL-linux-gnu-gcc --version >&5
i486-TSOL-linux-gnu-gcc (crosstool-NG 1.15.2) 4.6.3
Copyright (C) 2011 Free Software Foundation, Inc.
This is free software; see the source for copying conditions.  There is NO
warranty; not even for MERCHANTABILITY or FITNESS FOR A PARTICULAR PURPOSE.

configure:3119: $? = 0
configure:3108: i486-TSOL-linux-gnu-gcc -v >&5
Using built-in specs.
COLLECT_GCC=i486-TSOL-linux-gnu-gcc
COLLECT_LTO_WRAPPER=/toolchain/libexec/gcc/i486-TSOL-linux-gnu/4.6.3/lto-wrapper
Target: i486-TSOL-linux-gnu
Configured with: /TSOL/crosstool-ng-1.15.2/bin/.build/src/gcc-4.6.3/configure --build=i686-build_pc-linux-gnu --host=i686-build_pc-linux-gnu --target=i486-TSOL-linux-gnu --prefix=/toolchain --with-sysroot=/toolchain/i486-TSOL-linux-gnu/sysroot --enable-languages=c,c++ --with-arch=i486 --with-pkgversion='crosstool-NG 1.15.2' --enable-__cxa_atexit --disable-libmudflap --disable-libgomp --disable-libssp --with-gmp=/TSOL/crosstool-ng-1.15.2/bin/.build/i486-TSOL-linux-gnu/buildtools --with-mpfr=/TSOL/crosstool-ng-1.15.2/bin/.build/i486-TSOL-linux-gnu/buildtools --with-mpc=/TSOL/crosstool-ng-1.15.2/bin/.build/i486-TSOL-linux-gnu/buildtools --with-ppl=/TSOL/crosstool-ng-1.15.2/bin/.build/i486-TSOL-linux-gnu/buildtools --with-cloog=/TSOL/crosstool-ng-1.15.2/bin/.build/i486-TSOL-linux-gnu/buildtools --with-libelf=no --with-host-libstdcxx='-static-libgcc -Wl,-Bstatic,-lstdc++,-Bdynamic -lm -L/TSOL/crosstool-ng-1.15.2/bin/.build/i486-TSOL-linux-gnu/buildtools/lib -lpwl' --enable-threads=posix --enable-target-optspace --disable-multilib --with-local-prefix=/toolchain/i486-TSOL-linux-gnu/sysroot --enable-c99 --enable-long-long
Thread model: posix
gcc version 4.6.3 (crosstool-NG 1.15.2) 
configure:3119: $? = 0
configure:3108: i486-TSOL-linux-gnu-gcc -V >&5
i486-TSOL-linux-gnu-gcc: error: unrecognized option '-V'
i486-TSOL-linux-gnu-gcc: fatal error: no input files
compilation terminated.
configure:3119: $? = 1
configure:3108: i486-TSOL-linux-gnu-gcc -qversion >&5
i486-TSOL-linux-gnu-gcc: error: unrecognized option '-qversion'
i486-TSOL-linux-gnu-gcc: fatal error: no input files
compilation terminated.
configure:3119: $? = 1
configure:3139: checking whether the C compiler works
configure:3161: i486-TSOL-linux-gnu-gcc -Os  -static-libgcc conftest.c  >&5
configure:3165: $? = 0
configure:3213: result: yes
configure:3216: checking for C compiler default output file name
configure:3218: result: a.out
configure:3224: checking for suffix of executables
configure:3231: i486-TSOL-linux-gnu-gcc -o conftest -Os  -static-libgcc conftest.c  >&5
configure:3235: $? = 0
configure:3257: result: 
configure:3279: checking whether we are cross compiling
configure:3287: i486-TSOL-linux-gnu-gcc -o conftest -Os  -static-libgcc conftest.c  >&5
configure:3291: $? = 0
configure:3298: ./conftest
configure:3302: $? = 0
configure:3317: result: no
configure:3322: checking for suffix of object files
configure:3344: i486-TSOL-linux-gnu-gcc -c -Os  conftest.c >&5
configure:3348: $? = 0
configure:3369: result: o
configure:3373: checking whether we are using the GNU C compiler
configure:3392: i486-TSOL-linux-gnu-gcc -c -Os  conftest.c >&5
configure:3392: $? = 0
configure:3401: result: yes
configure:3410: checking whether i486-TSOL-linux-gnu-gcc accepts -g
configure:3430: i486-TSOL-linux-gnu-gcc -c -g  conftest.c >&5
configure:3430: $? = 0
configure:3471: result: yes
configure:3488: checking for i486-TSOL-linux-gnu-gcc option to accept ISO C89
configure:3551: i486-TSOL-linux-gnu-gcc  -c -Os  conftest.c >&5
configure:3551: $? = 0
configure:3564: result: none needed
configure:3586: checking dependency style of i486-TSOL-linux-gnu-gcc
configure:3697: result: gcc3
configure:3718: checking how to run the C preprocessor
configure:3749: i486-TSOL-linux-gnu-gcc -E  conftest.c
configure:3749: $? = 0
configure:3763: i486-TSOL-linux-gnu-gcc -E  conftest.c
conftest.c:11:28: fatal error: ac_nonexistent.h: No such file or directory
compilation terminated.
configure:3763: $? = 1
configure: failed program was:
| /* confdefs.h */
| #define PACKAGE_NAME "usbutils"
| #define PACKAGE_TARNAME "usbutils"
| #define PACKAGE_VERSION "007"
| #define PACKAGE_STRING "usbutils 007"
| #define PACKAGE_BUGREPORT "linux-usb@vger.kernel.org"
| #define PACKAGE_URL ""
| #define PACKAGE "usbutils"
| #define VERSION "007"
| /* end confdefs.h.  */
| #include <ac_nonexistent.h>
configure:3788: result: i486-TSOL-linux-gnu-gcc -E
configure:3808: i486-TSOL-linux-gnu-gcc -E  conftest.c
configure:3808: $? = 0
configure:3822: i486-TSOL-linux-gnu-gcc -E  conftest.c
conftest.c:11:28: fatal error: ac_nonexistent.h: No such file or directory
compilation terminated.
configure:3822: $? = 1
configure: failed program was:
| /* confdefs.h */
| #define PACKAGE_NAME "usbutils"
| #define PACKAGE_TARNAME "usbutils"
| #define PACKAGE_VERSION "007"
| #define PACKAGE_STRING "usbutils 007"
| #define PACKAGE_BUGREPORT "linux-usb@vger.kernel.org"
| #define PACKAGE_URL ""
| #define PACKAGE "usbutils"
| #define VERSION "007"
| /* end confdefs.h.  */
| #include <ac_nonexistent.h>
configure:3851: checking for grep that handles long lines and -e
configure:3909: result: /usr/bin/grep
configure:3914: checking for egrep
configure:3976: result: /usr/bin/grep -E
configure:3981: checking for ANSI C header files
configure:4001: i486-TSOL-linux-gnu-gcc -c -Os  conftest.c >&5
configure:4001: $? = 0
configure:4074: i486-TSOL-linux-gnu-gcc -o conftest -Os  -static-libgcc conftest.c  >&5
configure:4074: $? = 0
configure:4074: ./conftest
configure:4074: $? = 0
configure:4085: result: yes
configure:4098: checking for sys/types.h
configure:4098: i486-TSOL-linux-gnu-gcc -c -Os  conftest.c >&5
configure:4098: $? = 0
configure:4098: result: yes
configure:4098: checking for sys/stat.h
configure:4098: i486-TSOL-linux-gnu-gcc -c -Os  conftest.c >&5
configure:4098: $? = 0
configure:4098: result: yes
configure:4098: checking for stdlib.h
configure:4098: i486-TSOL-linux-gnu-gcc -c -Os  conftest.c >&5
configure:4098: $? = 0
configure:4098: result: yes
configure:4098: checking for string.h
configure:4098: i486-TSOL-linux-gnu-gcc -c -Os  conftest.c >&5
configure:4098: $? = 0
configure:4098: result: yes
configure:4098: checking for memory.h
configure:4098: i486-TSOL-linux-gnu-gcc -c -Os  conftest.c >&5
configure:4098: $? = 0
configure:4098: result: yes
configure:4098: checking for strings.h
configure:4098: i486-TSOL-linux-gnu-gcc -c -Os  conftest.c >&5
configure:4098: $? = 0
configure:4098: result: yes
configure:4098: checking for inttypes.h
configure:4098: i486-TSOL-linux-gnu-gcc -c -Os  conftest.c >&5
configure:4098: $? = 0
configure:4098: result: yes
configure:4098: checking for stdint.h
configure:4098: i486-TSOL-linux-gnu-gcc -c -Os  conftest.c >&5
configure:4098: $? = 0
configure:4098: result: yes
configure:4098: checking for unistd.h
configure:4098: i486-TSOL-linux-gnu-gcc -c -Os  conftest.c >&5
configure:4098: $? = 0
configure:4098: result: yes
configure:4111: checking minix/config.h usability
configure:4111: i486-TSOL-linux-gnu-gcc -c -Os  conftest.c >&5
conftest.c:54:26: fatal error: minix/config.h: No such file or directory
compilation terminated.
configure:4111: $? = 1
configure: failed program was:
| /* confdefs.h */
| #define PACKAGE_NAME "usbutils"
| #define PACKAGE_TARNAME "usbutils"
| #define PACKAGE_VERSION "007"
| #define PACKAGE_STRING "usbutils 007"
| #define PACKAGE_BUGREPORT "linux-usb@vger.kernel.org"
| #define PACKAGE_URL ""
| #define PACKAGE "usbutils"
| #define VERSION "007"
| #define STDC_HEADERS 1
| #define HAVE_SYS_TYPES_H 1
| #define HAVE_SYS_STAT_H 1
| #define HAVE_STDLIB_H 1
| #define HAVE_STRING_H 1
| #define HAVE_MEMORY_H 1
| #define HAVE_STRINGS_H 1
| #define HAVE_INTTYPES_H 1
| #define HAVE_STDINT_H 1
| #define HAVE_UNISTD_H 1
| /* end confdefs.h.  */
| #include <stdio.h>
| #ifdef HAVE_SYS_TYPES_H
| # include <sys/types.h>
| #endif
| #ifdef HAVE_SYS_STAT_H
| # include <sys/stat.h>
| #endif
| #ifdef STDC_HEADERS
| # include <stdlib.h>
| # include <stddef.h>
| #else
| # ifdef HAVE_STDLIB_H
| #  include <stdlib.h>
| # endif
| #endif
| #ifdef HAVE_STRING_H
| # if !defined STDC_HEADERS && defined HAVE_MEMORY_H
| #  include <memory.h>
| # endif
| # include <string.h>
| #endif
| #ifdef HAVE_STRINGS_H
| # include <strings.h>
| #endif
| #ifdef HAVE_INTTYPES_H
| # include <inttypes.h>
| #endif
| #ifdef HAVE_STDINT_H
| # include <stdint.h>
| #endif
| #ifdef HAVE_UNISTD_H
| # include <unistd.h>
| #endif
| #include <minix/config.h>
configure:4111: result: no
configure:4111: checking minix/config.h presence
configure:4111: i486-TSOL-linux-gnu-gcc -E  conftest.c
conftest.c:21:26: fatal error: minix/config.h: No such file or directory
compilation terminated.
configure:4111: $? = 1
configure: failed program was:
| /* confdefs.h */
| #define PACKAGE_NAME "usbutils"
| #define PACKAGE_TARNAME "usbutils"
| #define PACKAGE_VERSION "007"
| #define PACKAGE_STRING "usbutils 007"
| #define PACKAGE_BUGREPORT "linux-usb@vger.kernel.org"
| #define PACKAGE_URL ""
| #define PACKAGE "usbutils"
| #define VERSION "007"
| #define STDC_HEADERS 1
| #define HAVE_SYS_TYPES_H 1
| #define HAVE_SYS_STAT_H 1
| #define HAVE_STDLIB_H 1
| #define HAVE_STRING_H 1
| #define HAVE_MEMORY_H 1
| #define HAVE_STRINGS_H 1
| #define HAVE_INTTYPES_H 1
| #define HAVE_STDINT_H 1
| #define HAVE_UNISTD_H 1
| /* end confdefs.h.  */
| #include <minix/config.h>
configure:4111: result: no
configure:4111: checking for minix/config.h
configure:4111: result: no
configure:4132: checking whether it is safe to define __EXTENSIONS__
configure:4150: i486-TSOL-linux-gnu-gcc -c -Os  conftest.c >&5
configure:4150: $? = 0
configure:4157: result: yes
configure:4178: checking for special C compiler options needed for large files
configure:4223: result: no
configure:4229: checking for _FILE_OFFSET_BITS value needed for large files
configure:4254: i486-TSOL-linux-gnu-gcc -c -Os  conftest.c >&5
conftest.c:32:3: warning: left shift count >= width of type [enabled by default]
conftest.c:32:3: warning: left shift count >= width of type [enabled by default]
conftest.c:33:10: warning: left shift count >= width of type [enabled by default]
conftest.c:33:10: warning: left shift count >= width of type [enabled by default]
conftest.c:32:7: error: size of array 'off_t_is_large' is negative
conftest.c:34:9: warning: variably modified 'off_t_is_large' at file scope [enabled by default]
configure:4254: $? = 1
configure: failed program was:
| /* confdefs.h */
| #define PACKAGE_NAME "usbutils"
| #define PACKAGE_TARNAME "usbutils"
| #define PACKAGE_VERSION "007"
| #define PACKAGE_STRING "usbutils 007"
| #define PACKAGE_BUGREPORT "linux-usb@vger.kernel.org"
| #define PACKAGE_URL ""
| #define PACKAGE "usbutils"
| #define VERSION "007"
| #define STDC_HEADERS 1
| #define HAVE_SYS_TYPES_H 1
| #define HAVE_SYS_STAT_H 1
| #define HAVE_STDLIB_H 1
| #define HAVE_STRING_H 1
| #define HAVE_MEMORY_H 1
| #define HAVE_STRINGS_H 1
| #define HAVE_INTTYPES_H 1
| #define HAVE_STDINT_H 1
| #define HAVE_UNISTD_H 1
| #define __EXTENSIONS__ 1
| #define _ALL_SOURCE 1
| #define _GNU_SOURCE 1
| #define _POSIX_PTHREAD_SEMANTICS 1
| #define _TANDEM_SOURCE 1
| /* end confdefs.h.  */
| #include <sys/types.h>
|  /* Check that off_t can represent 2**63 - 1 correctly.
|     We can't simply define LARGE_OFF_T to be 9223372036854775807,
|     since some C++ compilers masquerading as C compilers
|     incorrectly reject 9223372036854775807.  */
| #define LARGE_OFF_T (((off_t) 1 << 62) - 1 + ((off_t) 1 << 62))
|   int off_t_is_large[(LARGE_OFF_T % 2147483629 == 721
| 		       && LARGE_OFF_T % 2147483647 == 1)
| 		      ? 1 : -1];
| int
| main ()
| {
| 
|   ;
|   return 0;
| }
configure:4278: i486-TSOL-linux-gnu-gcc -c -Os  conftest.c >&5
configure:4278: $? = 0
configure:4286: result: 64
configure:4374: checking byteswap.h usability
configure:4374: i486-TSOL-linux-gnu-gcc -c -Os  conftest.c >&5
configure:4374: $? = 0
configure:4374: result: yes
configure:4374: checking byteswap.h presence
configure:4374: i486-TSOL-linux-gnu-gcc -E  conftest.c
configure:4374: $? = 0
configure:4374: result: yes
configure:4374: checking for byteswap.h
configure:4374: result: yes
configure:4387: checking for nl_langinfo
configure:4387: i486-TSOL-linux-gnu-gcc -o conftest -Os  -static-libgcc conftest.c  >&5
configure:4387: $? = 0
configure:4387: result: yes
configure:4387: checking for iconv
configure:4387: i486-TSOL-linux-gnu-gcc -o conftest -Os  -static-libgcc conftest.c  >&5
configure:4387: $? = 0
configure:4387: result: yes
configure:4405: checking for inflateEnd in -lz
configure:4430: i486-TSOL-linux-gnu-gcc -o conftest -Os  -static-libgcc conftest.c -lz   >&5
configure:4430: $? = 0
configure:4439: result: yes
configure:4523: checking for pkg-config
configure:4541: found /usr/bin/pkg-config
configure:4553: result: /usr/bin/pkg-config
configure:4578: checking pkg-config is at least version 0.9.0
configure:4581: result: yes
configure:4591: checking for LIBUSB
configure:4598: $PKG_CONFIG --exists --print-errors "libusb-1.0 >= 1.0.0"
configure:4601: $? = 0
configure:4615: $PKG_CONFIG --exists --print-errors "libusb-1.0 >= 1.0.0"
configure:4618: $? = 0
configure:4676: result: yes
configure:4799: checking that generated files are newer than configure
configure:4805: result: done
configure:4836: creating ./config.status

## ---------------------- ##
## Running config.status. ##
## ---------------------- ##

This file was extended by usbutils config.status 007, which was
generated by GNU Autoconf 2.69.  Invocation command line was

  CONFIG_FILES    = 
  CONFIG_HEADERS  = 
  CONFIG_LINKS    = 
  CONFIG_COMMANDS = 
  $ ./config.status 

on ubuntu4

config.status:871: creating Makefile
config.status:871: creating config.h
config.status:1100: executing depfiles commands
configure:6218: === configuring in usbhid-dump (/source/usbutils-007/usbhid-dump)
configure:6281: running /bin/sh ./configure --disable-option-checking '--prefix=/usr'  'CC=i486-TSOL-linux-gnu-gcc' 'CFLAGS=-Os' 'LDFLAGS=-static-libgcc' 'PKG_CONFIG_PATH=/usr/xorg/lib/pkgconfig:/usr/xorg/share/pkgconfig:' --cache-file=/dev/null --srcdir=.
configure:6312: result:
	usbutils 007
	=============

	prefix:                 /usr
	datarootdir:            ${prefix}/share
	datadir:                ${datarootdir}
	mandir:                 ${datarootdir}/man

	usb.ids:                ${datarootdir}/usb.ids
	zlib:                   

	compiler:               i486-TSOL-linux-gnu-gcc
	cflags:                 -Os
	ldflags:                -static-libgcc


## ---------------- ##
## Cache variables. ##
## ---------------- ##

ac_cv_c_compiler_gnu=yes
ac_cv_env_CC_set=set
ac_cv_env_CC_value=i486-TSOL-linux-gnu-gcc
ac_cv_env_CFLAGS_set=set
ac_cv_env_CFLAGS_value=-Os
ac_cv_env_CPPFLAGS_set=
ac_cv_env_CPPFLAGS_value=
ac_cv_env_CPP_set=
ac_cv_env_CPP_value=
ac_cv_env_LDFLAGS_set=set
ac_cv_env_LDFLAGS_value=-static-libgcc
ac_cv_env_LIBS_set=
ac_cv_env_LIBS_value=
ac_cv_env_LIBUSB_CFLAGS_set=
ac_cv_env_LIBUSB_CFLAGS_value=
ac_cv_env_LIBUSB_LIBS_set=
ac_cv_env_LIBUSB_LIBS_value=
ac_cv_env_PKG_CONFIG_LIBDIR_set=
ac_cv_env_PKG_CONFIG_LIBDIR_value=
ac_cv_env_PKG_CONFIG_PATH_set=set
ac_cv_env_PKG_CONFIG_PATH_value=/usr/xorg/lib/pkgconfig:/usr/xorg/share/pkgconfig:
ac_cv_env_PKG_CONFIG_set=
ac_cv_env_PKG_CONFIG_value=
ac_cv_env_build_alias_set=
ac_cv_env_build_alias_value=
ac_cv_env_host_alias_set=
ac_cv_env_host_alias_value=
ac_cv_env_target_alias_set=
ac_cv_env_target_alias_value=
ac_cv_func_iconv=yes
ac_cv_func_nl_langinfo=yes
ac_cv_header_byteswap_h=yes
ac_cv_header_inttypes_h=yes
ac_cv_header_memory_h=yes
ac_cv_header_minix_config_h=no
ac_cv_header_stdc=yes
ac_cv_header_stdint_h=yes
ac_cv_header_stdlib_h=yes
ac_cv_header_string_h=yes
ac_cv_header_strings_h=yes
ac_cv_header_sys_stat_h=yes
ac_cv_header_sys_types_h=yes
ac_cv_header_unistd_h=yes
ac_cv_lib_z_inflateEnd=yes
ac_cv_objext=o
ac_cv_path_EGREP='/usr/bin/grep -E'
ac_cv_path_GREP=/usr/bin/grep
ac_cv_path_ac_pt_PKG_CONFIG=/usr/bin/pkg-config
ac_cv_path_install='/bin/install -c'
ac_cv_path_mkdir=/bin/mkdir
ac_cv_prog_AWK=gawk
ac_cv_prog_CPP='i486-TSOL-linux-gnu-gcc -E'
ac_cv_prog_ac_ct_CC=i486-TSOL-linux-gnu-gcc
ac_cv_prog_cc_c89=
ac_cv_prog_cc_g=yes
ac_cv_prog_make_make_set=yes
ac_cv_safe_to_define___extensions__=yes
ac_cv_sys_file_offset_bits=64
ac_cv_sys_largefile_CC=no
am_cv_CC_dependencies_compiler_type=gcc3
am_cv_make_support_nested_variables=yes
pkg_cv_LIBUSB_CFLAGS='-I/usr/include/libusb-1.0  '
pkg_cv_LIBUSB_LIBS='-lusb-1.0  '

## ----------------- ##
## Output variables. ##
## ----------------- ##

ACLOCAL='${SHELL} /source/usbutils-007/missing --run aclocal-1.12'
AMDEPBACKSLASH='\'
AMDEP_FALSE='#'
AMDEP_TRUE=''
AMTAR='$${TAR-tar}'
AM_BACKSLASH='\'
AM_DEFAULT_V='$(AM_DEFAULT_VERBOSITY)'
AM_DEFAULT_VERBOSITY='0'
AM_V='$(V)'
AUTOCONF='${SHELL} /source/usbutils-007/missing --run autoconf'
AUTOHEADER='${SHELL} /source/usbutils-007/missing --run autoheader'
AUTOMAKE='${SHELL} /source/usbutils-007/missing --run automake-1.12'
AWK='gawk'
CC='i486-TSOL-linux-gnu-gcc'
CCDEPMODE='depmode=gcc3'
CFLAGS='-Os'
CPP='i486-TSOL-linux-gnu-gcc -E'
CPPFLAGS=''
CYGPATH_W='echo'
DEFS='-DHAVE_CONFIG_H'
DEPDIR='.deps'
ECHO_C=''
ECHO_N='-n'
ECHO_T=''
EGREP='/usr/bin/grep -E'
EXEEXT=''
GREP='/usr/bin/grep'
HAVE_ZLIB_FALSE='#'
HAVE_ZLIB_TRUE=''
INSTALL_DATA='${INSTALL} -m 644'
INSTALL_PROGRAM='${INSTALL}'
INSTALL_SCRIPT='${INSTALL}'
INSTALL_STRIP_PROGRAM='$(install_sh) -c -s'
INSTALL_USBIDS_FALSE='#'
INSTALL_USBIDS_TRUE=''
LDFLAGS='-static-libgcc'
LIBOBJS=''
LIBS=''
LIBUSB_CFLAGS='-I/usr/include/libusb-1.0  '
LIBUSB_LIBS='-lusb-1.0  '
LTLIBOBJS=''
MAKEINFO='${SHELL} /source/usbutils-007/missing --run makeinfo'
MKDIR_P='/bin/mkdir -p'
OBJEXT='o'
PACKAGE='usbutils'
PACKAGE_BUGREPORT='linux-usb@vger.kernel.org'
PACKAGE_NAME='usbutils'
PACKAGE_STRING='usbutils 007'
PACKAGE_TARNAME='usbutils'
PACKAGE_URL=''
PACKAGE_VERSION='007'
PATH_SEPARATOR=':'
PKG_CONFIG='/usr/bin/pkg-config'
PKG_CONFIG_LIBDIR=''
PKG_CONFIG_PATH='/usr/xorg/lib/pkgconfig:/usr/xorg/share/pkgconfig:'
SET_MAKE=''
SHELL='/bin/sh'
STRIP=''
VERSION='007'
ac_ct_CC='i486-TSOL-linux-gnu-gcc'
am__EXEEXT_FALSE=''
am__EXEEXT_TRUE='#'
am__fastdepCC_FALSE='#'
am__fastdepCC_TRUE=''
am__include='include'
am__isrc=''
am__leading_dot='.'
am__nodep='_no'
am__quote=''
am__tar='$${TAR-tar} chof - "$$tardir"'
am__untar='$${TAR-tar} xf -'
bindir='${exec_prefix}/bin'
build_alias=''
datadir='${datarootdir}'
datarootdir='${prefix}/share'
docdir='${datarootdir}/doc/${PACKAGE_TARNAME}'
dvidir='${docdir}'
exec_prefix='${prefix}'
host_alias=''
htmldir='${docdir}'
includedir='${prefix}/include'
infodir='${datarootdir}/info'
install_sh='${SHELL} /source/usbutils-007/install-sh'
libdir='${exec_prefix}/lib'
libexecdir='${exec_prefix}/libexec'
localedir='${datarootdir}/locale'
localstatedir='${prefix}/var'
mandir='${datarootdir}/man'
mkdir_p='/bin/mkdir -p'
oldincludedir='/usr/include'
pdfdir='${docdir}'
prefix='/usr'
program_transform_name='s,x,x,'
psdir='${docdir}'
sbindir='${exec_prefix}/sbin'
sharedstatedir='${prefix}/com'
subdirs=' usbhid-dump'
sysconfdir='${prefix}/etc'
target_alias=''

## ----------- ##
## confdefs.h. ##
## ----------- ##

/* confdefs.h */
#define PACKAGE_NAME "usbutils"
#define PACKAGE_TARNAME "usbutils"
#define PACKAGE_VERSION "007"
#define PACKAGE_STRING "usbutils 007"
#define PACKAGE_BUGREPORT "linux-usb@vger.kernel.org"
#define PACKAGE_URL ""
#define PACKAGE "usbutils"
#define VERSION "007"
#define STDC_HEADERS 1
#define HAVE_SYS_TYPES_H 1
#define HAVE_SYS_STAT_H 1
#define HAVE_STDLIB_H 1
#define HAVE_STRING_H 1
#define HAVE_MEMORY_H 1
#define HAVE_STRINGS_H 1
#define HAVE_INTTYPES_H 1
#define HAVE_STDINT_H 1
#define HAVE_UNISTD_H 1
#define __EXTENSIONS__ 1
#define _ALL_SOURCE 1
#define _GNU_SOURCE 1
#define _POSIX_PTHREAD_SEMANTICS 1
#define _TANDEM_SOURCE 1
#define _FILE_OFFSET_BITS 64
#define HAVE_BYTESWAP_H 1
#define HAVE_NL_LANGINFO 1
#define HAVE_ICONV 1

configure: exit 0
