This file contains any messages produced by compilers while
running configure, to aid debugging if configure makes a mistake.

It was created by rdesktop configure 1.8.3, which was
generated by GNU Autoconf 2.69.  Invocation command line was

  $ ./configure --prefix=/ --x-includes=/usr/xorg/include --x-libraries=/usr/xorg/lib --with-sound=alsa --with-ipv6 --enable-smartcard

## --------- ##
## Platform. ##
## --------- ##

hostname = ubuntu4
uname -m = i686
uname -r = 3.2.16-030216-generic
uname -s = Linux
uname -v = #201204221935 SMP Sun Apr 22 23:42:49 UTC 2012

/usr/bin/uname -p = unknown
/bin/uname -X     = unknown

/bin/arch              = unknown
/usr/bin/arch -k       = unknown
/usr/convex/getsysinfo = unknown
/usr/bin/hostinfo      = unknown
/bin/machine           = unknown
/usr/bin/oslevel       = unknown
/bin/universe          = unknown

PATH: /source/docbook-xsl-1.76.1/tools/bin
PATH: /bin
PATH: /sbin
PATH: /usr/bin
PATH: /usr/sbin
PATH: /usr/bin/X11
PATH: /usr/local/bin
PATH: /toolchain/bin
PATH: /toolchain/i486-TSOL-linux-gnu/bin/
PATH: /root/.local/bin
PATH: /usr/xorg/bin


## ----------- ##
## Core tests. ##
## ----------- ##

configure:2418: checking build system type
configure:2432: result: i686-pc-linux-gnu
configure:2452: checking host system type
configure:2465: result: i686-pc-linux-gnu
configure:2534: checking for gcc
configure:2561: result: i486-TSOL-linux-gnu-gcc
configure:2790: checking for C compiler version
configure:2799: i486-TSOL-linux-gnu-gcc --version >&5
i486-TSOL-linux-gnu-gcc (crosstool-NG 1.15.2) 4.6.3
Copyright (C) 2011 Free Software Foundation, Inc.
This is free software; see the source for copying conditions.  There is NO
warranty; not even for MERCHANTABILITY or FITNESS FOR A PARTICULAR PURPOSE.

configure:2810: $? = 0
configure:2799: i486-TSOL-linux-gnu-gcc -v >&5
Using built-in specs.
COLLECT_GCC=i486-TSOL-linux-gnu-gcc
COLLECT_LTO_WRAPPER=/toolchain/libexec/gcc/i486-TSOL-linux-gnu/4.6.3/lto-wrapper
Target: i486-TSOL-linux-gnu
Configured with: /TSOL/crosstool-ng-1.15.2/bin/.build/src/gcc-4.6.3/configure --build=i686-build_pc-linux-gnu --host=i686-build_pc-linux-gnu --target=i486-TSOL-linux-gnu --prefix=/toolchain --with-sysroot=/toolchain/i486-TSOL-linux-gnu/sysroot --enable-languages=c,c++ --with-arch=i486 --with-pkgversion='crosstool-NG 1.15.2' --enable-__cxa_atexit --disable-libmudflap --disable-libgomp --disable-libssp --with-gmp=/TSOL/crosstool-ng-1.15.2/bin/.build/i486-TSOL-linux-gnu/buildtools --with-mpfr=/TSOL/crosstool-ng-1.15.2/bin/.build/i486-TSOL-linux-gnu/buildtools --with-mpc=/TSOL/crosstool-ng-1.15.2/bin/.build/i486-TSOL-linux-gnu/buildtools --with-ppl=/TSOL/crosstool-ng-1.15.2/bin/.build/i486-TSOL-linux-gnu/buildtools --with-cloog=/TSOL/crosstool-ng-1.15.2/bin/.build/i486-TSOL-linux-gnu/buildtools --with-libelf=no --with-host-libstdcxx='-static-libgcc -Wl,-Bstatic,-lstdc++,-Bdynamic -lm -L/TSOL/crosstool-ng-1.15.2/bin/.build/i486-TSOL-linux-gnu/buildtools/lib -lpwl' --enable-threads=posix --enable-target-optspace --disable-multilib --with-local-prefix=/toolchain/i486-TSOL-linux-gnu/sysroot --enable-c99 --enable-long-long
Thread model: posix
gcc version 4.6.3 (crosstool-NG 1.15.2) 
configure:2810: $? = 0
configure:2799: i486-TSOL-linux-gnu-gcc -V >&5
i486-TSOL-linux-gnu-gcc: error: unrecognized option '-V'
i486-TSOL-linux-gnu-gcc: fatal error: no input files
compilation terminated.
configure:2810: $? = 1
configure:2799: i486-TSOL-linux-gnu-gcc -qversion >&5
i486-TSOL-linux-gnu-gcc: error: unrecognized option '-qversion'
i486-TSOL-linux-gnu-gcc: fatal error: no input files
compilation terminated.
configure:2810: $? = 1
configure:2830: checking whether the C compiler works
configure:2852: i486-TSOL-linux-gnu-gcc -Os  -static-libgcc conftest.c  >&5
configure:2856: $? = 0
configure:2904: result: yes
configure:2907: checking for C compiler default output file name
configure:2909: result: a.out
configure:2915: checking for suffix of executables
configure:2922: i486-TSOL-linux-gnu-gcc -o conftest -Os  -static-libgcc conftest.c  >&5
configure:2926: $? = 0
configure:2948: result: 
configure:2970: checking whether we are cross compiling
configure:2978: i486-TSOL-linux-gnu-gcc -o conftest -Os  -static-libgcc conftest.c  >&5
configure:2982: $? = 0
configure:2989: ./conftest
configure:2993: $? = 0
configure:3008: result: no
configure:3013: checking for suffix of object files
configure:3035: i486-TSOL-linux-gnu-gcc -c -Os  conftest.c >&5
configure:3039: $? = 0
configure:3060: result: o
configure:3064: checking whether we are using the GNU C compiler
configure:3083: i486-TSOL-linux-gnu-gcc -c -Os  conftest.c >&5
configure:3083: $? = 0
configure:3092: result: yes
configure:3101: checking whether i486-TSOL-linux-gnu-gcc accepts -g
configure:3121: i486-TSOL-linux-gnu-gcc -c -g  conftest.c >&5
configure:3121: $? = 0
configure:3162: result: yes
configure:3179: checking for i486-TSOL-linux-gnu-gcc option to accept ISO C89
configure:3242: i486-TSOL-linux-gnu-gcc  -c -Os  conftest.c >&5
configure:3242: $? = 0
configure:3255: result: none needed
configure:3293: checking for a BSD-compatible install
configure:3361: result: /bin/install -c
configure:3384: checking how to run the C preprocessor
configure:3415: i486-TSOL-linux-gnu-gcc -E  conftest.c
configure:3415: $? = 0
configure:3429: i486-TSOL-linux-gnu-gcc -E  conftest.c
conftest.c:9:28: fatal error: ac_nonexistent.h: No such file or directory
compilation terminated.
configure:3429: $? = 1
configure: failed program was:
| /* confdefs.h */
| #define PACKAGE_NAME "rdesktop"
| #define PACKAGE_TARNAME "rdesktop"
| #define PACKAGE_VERSION "1.8.3"
| #define PACKAGE_STRING "rdesktop 1.8.3"
| #define PACKAGE_BUGREPORT ""
| #define PACKAGE_URL ""
| /* end confdefs.h.  */
| #include <ac_nonexistent.h>
configure:3454: result: i486-TSOL-linux-gnu-gcc -E
configure:3474: i486-TSOL-linux-gnu-gcc -E  conftest.c
configure:3474: $? = 0
configure:3488: i486-TSOL-linux-gnu-gcc -E  conftest.c
conftest.c:9:28: fatal error: ac_nonexistent.h: No such file or directory
compilation terminated.
configure:3488: $? = 1
configure: failed program was:
| /* confdefs.h */
| #define PACKAGE_NAME "rdesktop"
| #define PACKAGE_TARNAME "rdesktop"
| #define PACKAGE_VERSION "1.8.3"
| #define PACKAGE_STRING "rdesktop 1.8.3"
| #define PACKAGE_BUGREPORT ""
| #define PACKAGE_URL ""
| /* end confdefs.h.  */
| #include <ac_nonexistent.h>
configure:3517: checking for grep that handles long lines and -e
configure:3575: result: /usr/bin/grep
configure:3580: checking for egrep
configure:3642: result: /usr/bin/grep -E
configure:3647: checking for ANSI C header files
configure:3667: i486-TSOL-linux-gnu-gcc -c -Os -Wall  conftest.c >&5
configure:3667: $? = 0
configure:3740: i486-TSOL-linux-gnu-gcc -o conftest -Os -Wall  -static-libgcc conftest.c  >&5
configure:3740: $? = 0
configure:3740: ./conftest
configure:3740: $? = 0
configure:3751: result: yes
configure:3764: checking for sys/types.h
configure:3764: i486-TSOL-linux-gnu-gcc -c -Os -Wall  conftest.c >&5
configure:3764: $? = 0
configure:3764: result: yes
configure:3764: checking for sys/stat.h
configure:3764: i486-TSOL-linux-gnu-gcc -c -Os -Wall  conftest.c >&5
configure:3764: $? = 0
configure:3764: result: yes
configure:3764: checking for stdlib.h
configure:3764: i486-TSOL-linux-gnu-gcc -c -Os -Wall  conftest.c >&5
configure:3764: $? = 0
configure:3764: result: yes
configure:3764: checking for string.h
configure:3764: i486-TSOL-linux-gnu-gcc -c -Os -Wall  conftest.c >&5
configure:3764: $? = 0
configure:3764: result: yes
configure:3764: checking for memory.h
configure:3764: i486-TSOL-linux-gnu-gcc -c -Os -Wall  conftest.c >&5
configure:3764: $? = 0
configure:3764: result: yes
configure:3764: checking for strings.h
configure:3764: i486-TSOL-linux-gnu-gcc -c -Os -Wall  conftest.c >&5
configure:3764: $? = 0
configure:3764: result: yes
configure:3764: checking for inttypes.h
configure:3764: i486-TSOL-linux-gnu-gcc -c -Os -Wall  conftest.c >&5
configure:3764: $? = 0
configure:3764: result: yes
configure:3764: checking for stdint.h
configure:3764: i486-TSOL-linux-gnu-gcc -c -Os -Wall  conftest.c >&5
configure:3764: $? = 0
configure:3764: result: yes
configure:3764: checking for unistd.h
configure:3764: i486-TSOL-linux-gnu-gcc -c -Os -Wall  conftest.c >&5
configure:3764: $? = 0
configure:3764: result: yes
configure:3776: checking whether byte ordering is bigendian
configure:3791: i486-TSOL-linux-gnu-gcc -c -Os -Wall  conftest.c >&5
conftest.c:20:9: error: unknown type name 'not'
conftest.c:20:15: error: expected '=', ',', ';', 'asm' or '__attribute__' before 'universal'
conftest.c:20:15: error: unknown type name 'universal'
configure:3791: $? = 1
configure: failed program was:
| /* confdefs.h */
| #define PACKAGE_NAME "rdesktop"
| #define PACKAGE_TARNAME "rdesktop"
| #define PACKAGE_VERSION "1.8.3"
| #define PACKAGE_STRING "rdesktop 1.8.3"
| #define PACKAGE_BUGREPORT ""
| #define PACKAGE_URL ""
| #define STDC_HEADERS 1
| #define HAVE_SYS_TYPES_H 1
| #define HAVE_SYS_STAT_H 1
| #define HAVE_STDLIB_H 1
| #define HAVE_STRING_H 1
| #define HAVE_MEMORY_H 1
| #define HAVE_STRINGS_H 1
| #define HAVE_INTTYPES_H 1
| #define HAVE_STDINT_H 1
| #define HAVE_UNISTD_H 1
| /* end confdefs.h.  */
| #ifndef __APPLE_CC__
| 	       not a universal capable compiler
| 	     #endif
| 	     typedef int dummy;
| 
configure:3836: i486-TSOL-linux-gnu-gcc -c -Os -Wall  conftest.c >&5
configure:3836: $? = 0
configure:3854: i486-TSOL-linux-gnu-gcc -c -Os -Wall  conftest.c >&5
conftest.c: In function 'main':
conftest.c:26:4: error: unknown type name 'not'
conftest.c:26:12: error: expected '=', ',', ';', 'asm' or '__attribute__' before 'endian'
configure:3854: $? = 1
configure: failed program was:
| /* confdefs.h */
| #define PACKAGE_NAME "rdesktop"
| #define PACKAGE_TARNAME "rdesktop"
| #define PACKAGE_VERSION "1.8.3"
| #define PACKAGE_STRING "rdesktop 1.8.3"
| #define PACKAGE_BUGREPORT ""
| #define PACKAGE_URL ""
| #define STDC_HEADERS 1
| #define HAVE_SYS_TYPES_H 1
| #define HAVE_SYS_STAT_H 1
| #define HAVE_STDLIB_H 1
| #define HAVE_STRING_H 1
| #define HAVE_MEMORY_H 1
| #define HAVE_STRINGS_H 1
| #define HAVE_INTTYPES_H 1
| #define HAVE_STDINT_H 1
| #define HAVE_UNISTD_H 1
| /* end confdefs.h.  */
| #include <sys/types.h>
| 		#include <sys/param.h>
| 
| int
| main ()
| {
| #if BYTE_ORDER != BIG_ENDIAN
| 		 not big endian
| 		#endif
| 
|   ;
|   return 0;
| }
configure:3982: result: no
configure:4001: checking for X
configure:4190: result: libraries /usr/xorg/lib, headers /usr/xorg/include
configure:4210: checking whether -R must be followed by a space
configure:4226: i486-TSOL-linux-gnu-gcc -o conftest -Os -Wall  -static-libgcc conftest.c  -R/usr/xorg/lib >&5
i486-TSOL-linux-gnu-gcc: error: unrecognized option '-R'
configure:4226: $? = 1
configure: failed program was:
| /* confdefs.h */
| #define PACKAGE_NAME "rdesktop"
| #define PACKAGE_TARNAME "rdesktop"
| #define PACKAGE_VERSION "1.8.3"
| #define PACKAGE_STRING "rdesktop 1.8.3"
| #define PACKAGE_BUGREPORT ""
| #define PACKAGE_URL ""
| #define STDC_HEADERS 1
| #define HAVE_SYS_TYPES_H 1
| #define HAVE_SYS_STAT_H 1
| #define HAVE_STDLIB_H 1
| #define HAVE_STRING_H 1
| #define HAVE_MEMORY_H 1
| #define HAVE_STRINGS_H 1
| #define HAVE_INTTYPES_H 1
| #define HAVE_STDINT_H 1
| #define HAVE_UNISTD_H 1
| #define L_ENDIAN 1
| /* end confdefs.h.  */
| 
| int
| main ()
| {
| 
|   ;
|   return 0;
| }
configure:4243: i486-TSOL-linux-gnu-gcc -o conftest -Os -Wall  -static-libgcc conftest.c  -R /usr/xorg/lib >&5
i486-TSOL-linux-gnu-gcc: error: unrecognized option '-R'
configure:4243: $? = 1
configure: failed program was:
| /* confdefs.h */
| #define PACKAGE_NAME "rdesktop"
| #define PACKAGE_TARNAME "rdesktop"
| #define PACKAGE_VERSION "1.8.3"
| #define PACKAGE_STRING "rdesktop 1.8.3"
| #define PACKAGE_BUGREPORT ""
| #define PACKAGE_URL ""
| #define STDC_HEADERS 1
| #define HAVE_SYS_TYPES_H 1
| #define HAVE_SYS_STAT_H 1
| #define HAVE_STDLIB_H 1
| #define HAVE_STRING_H 1
| #define HAVE_MEMORY_H 1
| #define HAVE_STRINGS_H 1
| #define HAVE_INTTYPES_H 1
| #define HAVE_STDINT_H 1
| #define HAVE_UNISTD_H 1
| #define L_ENDIAN 1
| /* end confdefs.h.  */
| 
| int
| main ()
| {
| 
|   ;
|   return 0;
| }
configure:4248: result: neither works
configure:4289: i486-TSOL-linux-gnu-gcc -o conftest -Os -Wall  -static-libgcc conftest.c   -L/usr/xorg/lib -lX11 >&5
configure:4289: $? = 0
configure:4387: checking for gethostbyname
configure:4387: i486-TSOL-linux-gnu-gcc -o conftest -Os -Wall  -static-libgcc conftest.c  >&5
configure:4387: $? = 0
configure:4387: result: yes
configure:4484: checking for connect
configure:4484: i486-TSOL-linux-gnu-gcc -o conftest -Os -Wall  -static-libgcc conftest.c  >&5
configure:4484: $? = 0
configure:4484: result: yes
configure:4533: checking for remove
configure:4533: i486-TSOL-linux-gnu-gcc -o conftest -Os -Wall  -static-libgcc conftest.c  >&5
configure:4533: $? = 0
configure:4533: result: yes
configure:4582: checking for shmat
configure:4582: i486-TSOL-linux-gnu-gcc -o conftest -Os -Wall  -static-libgcc conftest.c  >&5
configure:4582: $? = 0
configure:4582: result: yes
configure:4640: checking for IceConnectionNumber in -lICE
configure:4665: i486-TSOL-linux-gnu-gcc -o conftest -Os -Wall  -static-libgcc -L/usr/xorg/lib conftest.c -lICE   >&5
configure:4665: $? = 0
configure:4674: result: yes
configure:4743: checking for pkg-config
configure:4761: found /usr/bin/pkg-config
configure:4773: result: /usr/bin/pkg-config
configure:4796: checking for library containing socket
configure:4827: i486-TSOL-linux-gnu-gcc -o conftest -Os -Wall  -static-libgcc conftest.c  >&5
configure:4827: $? = 0
configure:4844: result: none required
configure:4852: checking for library containing inet_aton
configure:4883: i486-TSOL-linux-gnu-gcc -o conftest -Os -Wall  -static-libgcc conftest.c  >&5
configure:4883: $? = 0
configure:4900: result: none required
configure:4909: checking sys/select.h usability
configure:4909: i486-TSOL-linux-gnu-gcc -c -Os -Wall  conftest.c >&5
configure:4909: $? = 0
configure:4909: result: yes
configure:4909: checking sys/select.h presence
configure:4909: i486-TSOL-linux-gnu-gcc -E  conftest.c
configure:4909: $? = 0
configure:4909: result: yes
configure:4909: checking for sys/select.h
configure:4909: result: yes
configure:4916: checking sys/modem.h usability
configure:4916: i486-TSOL-linux-gnu-gcc -c -Os -Wall  conftest.c >&5
conftest.c:54:23: fatal error: sys/modem.h: No such file or directory
compilation terminated.
configure:4916: $? = 1
configure: failed program was:
| /* confdefs.h */
| #define PACKAGE_NAME "rdesktop"
| #define PACKAGE_TARNAME "rdesktop"
| #define PACKAGE_VERSION "1.8.3"
| #define PACKAGE_STRING "rdesktop 1.8.3"
| #define PACKAGE_BUGREPORT ""
| #define PACKAGE_URL ""
| #define STDC_HEADERS 1
| #define HAVE_SYS_TYPES_H 1
| #define HAVE_SYS_STAT_H 1
| #define HAVE_STDLIB_H 1
| #define HAVE_STRING_H 1
| #define HAVE_MEMORY_H 1
| #define HAVE_STRINGS_H 1
| #define HAVE_INTTYPES_H 1
| #define HAVE_STDINT_H 1
| #define HAVE_UNISTD_H 1
| #define L_ENDIAN 1
| #define HAVE_SYS_SELECT_H 1
| /* end confdefs.h.  */
| #include <stdio.h>
| #ifdef HAVE_SYS_TYPES_H
| # include <sys/types.h>
| #endif
| #ifdef HAVE_SYS_STAT_H
| # include <sys/stat.h>
| #endif
| #ifdef STDC_HEADERS
| # include <stdlib.h>
| # include <stddef.h>
| #else
| # ifdef HAVE_STDLIB_H
| #  include <stdlib.h>
| # endif
| #endif
| #ifdef HAVE_STRING_H
| # if !defined STDC_HEADERS && defined HAVE_MEMORY_H
| #  include <memory.h>
| # endif
| # include <string.h>
| #endif
| #ifdef HAVE_STRINGS_H
| # include <strings.h>
| #endif
| #ifdef HAVE_INTTYPES_H
| # include <inttypes.h>
| #endif
| #ifdef HAVE_STDINT_H
| # include <stdint.h>
| #endif
| #ifdef HAVE_UNISTD_H
| # include <unistd.h>
| #endif
| #include <sys/modem.h>
configure:4916: result: no
configure:4916: checking sys/modem.h presence
configure:4916: i486-TSOL-linux-gnu-gcc -E  conftest.c
conftest.c:21:23: fatal error: sys/modem.h: No such file or directory
compilation terminated.
configure:4916: $? = 1
configure: failed program was:
| /* confdefs.h */
| #define PACKAGE_NAME "rdesktop"
| #define PACKAGE_TARNAME "rdesktop"
| #define PACKAGE_VERSION "1.8.3"
| #define PACKAGE_STRING "rdesktop 1.8.3"
| #define PACKAGE_BUGREPORT ""
| #define PACKAGE_URL ""
| #define STDC_HEADERS 1
| #define HAVE_SYS_TYPES_H 1
| #define HAVE_SYS_STAT_H 1
| #define HAVE_STDLIB_H 1
| #define HAVE_STRING_H 1
| #define HAVE_MEMORY_H 1
| #define HAVE_STRINGS_H 1
| #define HAVE_INTTYPES_H 1
| #define HAVE_STDINT_H 1
| #define HAVE_UNISTD_H 1
| #define L_ENDIAN 1
| #define HAVE_SYS_SELECT_H 1
| /* end confdefs.h.  */
| #include <sys/modem.h>
configure:4916: result: no
configure:4916: checking for sys/modem.h
configure:4916: result: no
configure:4923: checking sys/filio.h usability
configure:4923: i486-TSOL-linux-gnu-gcc -c -Os -Wall  conftest.c >&5
conftest.c:54:23: fatal error: sys/filio.h: No such file or directory
compilation terminated.
configure:4923: $? = 1
configure: failed program was:
| /* confdefs.h */
| #define PACKAGE_NAME "rdesktop"
| #define PACKAGE_TARNAME "rdesktop"
| #define PACKAGE_VERSION "1.8.3"
| #define PACKAGE_STRING "rdesktop 1.8.3"
| #define PACKAGE_BUGREPORT ""
| #define PACKAGE_URL ""
| #define STDC_HEADERS 1
| #define HAVE_SYS_TYPES_H 1
| #define HAVE_SYS_STAT_H 1
| #define HAVE_STDLIB_H 1
| #define HAVE_STRING_H 1
| #define HAVE_MEMORY_H 1
| #define HAVE_STRINGS_H 1
| #define HAVE_INTTYPES_H 1
| #define HAVE_STDINT_H 1
| #define HAVE_UNISTD_H 1
| #define L_ENDIAN 1
| #define HAVE_SYS_SELECT_H 1
| /* end confdefs.h.  */
| #include <stdio.h>
| #ifdef HAVE_SYS_TYPES_H
| # include <sys/types.h>
| #endif
| #ifdef HAVE_SYS_STAT_H
| # include <sys/stat.h>
| #endif
| #ifdef STDC_HEADERS
| # include <stdlib.h>
| # include <stddef.h>
| #else
| # ifdef HAVE_STDLIB_H
| #  include <stdlib.h>
| # endif
| #endif
| #ifdef HAVE_STRING_H
| # if !defined STDC_HEADERS && defined HAVE_MEMORY_H
| #  include <memory.h>
| # endif
| # include <string.h>
| #endif
| #ifdef HAVE_STRINGS_H
| # include <strings.h>
| #endif
| #ifdef HAVE_INTTYPES_H
| # include <inttypes.h>
| #endif
| #ifdef HAVE_STDINT_H
| # include <stdint.h>
| #endif
| #ifdef HAVE_UNISTD_H
| # include <unistd.h>
| #endif
| #include <sys/filio.h>
configure:4923: result: no
configure:4923: checking sys/filio.h presence
configure:4923: i486-TSOL-linux-gnu-gcc -E  conftest.c
conftest.c:21:23: fatal error: sys/filio.h: No such file or directory
compilation terminated.
configure:4923: $? = 1
configure: failed program was:
| /* confdefs.h */
| #define PACKAGE_NAME "rdesktop"
| #define PACKAGE_TARNAME "rdesktop"
| #define PACKAGE_VERSION "1.8.3"
| #define PACKAGE_STRING "rdesktop 1.8.3"
| #define PACKAGE_BUGREPORT ""
| #define PACKAGE_URL ""
| #define STDC_HEADERS 1
| #define HAVE_SYS_TYPES_H 1
| #define HAVE_SYS_STAT_H 1
| #define HAVE_STDLIB_H 1
| #define HAVE_STRING_H 1
| #define HAVE_MEMORY_H 1
| #define HAVE_STRINGS_H 1
| #define HAVE_INTTYPES_H 1
| #define HAVE_STDINT_H 1
| #define HAVE_UNISTD_H 1
| #define L_ENDIAN 1
| #define HAVE_SYS_SELECT_H 1
| /* end confdefs.h.  */
| #include <sys/filio.h>
configure:4923: result: no
configure:4923: checking for sys/filio.h
configure:4923: result: no
configure:4930: checking sys/strtio.h usability
configure:4930: i486-TSOL-linux-gnu-gcc -c -Os -Wall  conftest.c >&5
conftest.c:54:24: fatal error: sys/strtio.h: No such file or directory
compilation terminated.
configure:4930: $? = 1
configure: failed program was:
| /* confdefs.h */
| #define PACKAGE_NAME "rdesktop"
| #define PACKAGE_TARNAME "rdesktop"
| #define PACKAGE_VERSION "1.8.3"
| #define PACKAGE_STRING "rdesktop 1.8.3"
| #define PACKAGE_BUGREPORT ""
| #define PACKAGE_URL ""
| #define STDC_HEADERS 1
| #define HAVE_SYS_TYPES_H 1
| #define HAVE_SYS_STAT_H 1
| #define HAVE_STDLIB_H 1
| #define HAVE_STRING_H 1
| #define HAVE_MEMORY_H 1
| #define HAVE_STRINGS_H 1
| #define HAVE_INTTYPES_H 1
| #define HAVE_STDINT_H 1
| #define HAVE_UNISTD_H 1
| #define L_ENDIAN 1
| #define HAVE_SYS_SELECT_H 1
| /* end confdefs.h.  */
| #include <stdio.h>
| #ifdef HAVE_SYS_TYPES_H
| # include <sys/types.h>
| #endif
| #ifdef HAVE_SYS_STAT_H
| # include <sys/stat.h>
| #endif
| #ifdef STDC_HEADERS
| # include <stdlib.h>
| # include <stddef.h>
| #else
| # ifdef HAVE_STDLIB_H
| #  include <stdlib.h>
| # endif
| #endif
| #ifdef HAVE_STRING_H
| # if !defined STDC_HEADERS && defined HAVE_MEMORY_H
| #  include <memory.h>
| # endif
| # include <string.h>
| #endif
| #ifdef HAVE_STRINGS_H
| # include <strings.h>
| #endif
| #ifdef HAVE_INTTYPES_H
| # include <inttypes.h>
| #endif
| #ifdef HAVE_STDINT_H
| # include <stdint.h>
| #endif
| #ifdef HAVE_UNISTD_H
| # include <unistd.h>
| #endif
| #include <sys/strtio.h>
configure:4930: result: no
configure:4930: checking sys/strtio.h presence
configure:4930: i486-TSOL-linux-gnu-gcc -E  conftest.c
conftest.c:21:24: fatal error: sys/strtio.h: No such file or directory
compilation terminated.
configure:4930: $? = 1
configure: failed program was:
| /* confdefs.h */
| #define PACKAGE_NAME "rdesktop"
| #define PACKAGE_TARNAME "rdesktop"
| #define PACKAGE_VERSION "1.8.3"
| #define PACKAGE_STRING "rdesktop 1.8.3"
| #define PACKAGE_BUGREPORT ""
| #define PACKAGE_URL ""
| #define STDC_HEADERS 1
| #define HAVE_SYS_TYPES_H 1
| #define HAVE_SYS_STAT_H 1
| #define HAVE_STDLIB_H 1
| #define HAVE_STRING_H 1
| #define HAVE_MEMORY_H 1
| #define HAVE_STRINGS_H 1
| #define HAVE_INTTYPES_H 1
| #define HAVE_STDINT_H 1
| #define HAVE_UNISTD_H 1
| #define L_ENDIAN 1
| #define HAVE_SYS_SELECT_H 1
| /* end confdefs.h.  */
| #include <sys/strtio.h>
configure:4930: result: no
configure:4930: checking for sys/strtio.h
configure:4930: result: no
configure:4937: checking locale.h usability
configure:4937: i486-TSOL-linux-gnu-gcc -c -Os -Wall  conftest.c >&5
configure:4937: $? = 0
configure:4937: result: yes
configure:4937: checking locale.h presence
configure:4937: i486-TSOL-linux-gnu-gcc -E  conftest.c
configure:4937: $? = 0
configure:4937: result: yes
configure:4937: checking for locale.h
configure:4937: result: yes
configure:4944: checking langinfo.h usability
configure:4944: i486-TSOL-linux-gnu-gcc -c -Os -Wall  conftest.c >&5
configure:4944: $? = 0
configure:4944: result: yes
configure:4944: checking langinfo.h presence
configure:4944: i486-TSOL-linux-gnu-gcc -E  conftest.c
configure:4944: $? = 0
configure:4944: result: yes
configure:4944: checking for langinfo.h
configure:4944: result: yes
configure:4951: checking sysexits.h usability
configure:4951: i486-TSOL-linux-gnu-gcc -c -Os -Wall  conftest.c >&5
configure:4951: $? = 0
configure:4951: result: yes
configure:4951: checking sysexits.h presence
configure:4951: i486-TSOL-linux-gnu-gcc -E  conftest.c
configure:4951: $? = 0
configure:4951: result: yes
configure:4951: checking for sysexits.h
configure:4951: result: yes
configure:5002: checking for strip
configure:5018: found /toolchain/i486-TSOL-linux-gnu/bin//strip
configure:5029: result: strip
configure:5064: checking for OpenSSL directory
configure:5097: result: /usr
configure:5254: checking for pkg-config
configure:5284: result: /usr/bin/pkg-config
configure:5309: checking pkg-config is at least version 0.9.0
configure:5312: result: yes
configure:5325: checking for GSSGLUE
configure:5332: $PKG_CONFIG --exists --print-errors "libgssglue"
configure:5335: $? = 0
configure:5349: $PKG_CONFIG --exists --print-errors "libgssglue"
configure:5352: $? = 0
configure:5390: result: yes
configure:5427: checking for XRANDR
configure:5434: $PKG_CONFIG --exists --print-errors "xrandr"
configure:5437: $? = 0
configure:5451: $PKG_CONFIG --exists --print-errors "xrandr"
configure:5454: $? = 0
configure:5492: result: yes
configure:5528: checking for PCSCLITE
configure:5535: $PKG_CONFIG --exists --print-errors "libpcsclite"
configure:5538: $? = 0
configure:5552: $PKG_CONFIG --exists --print-errors "libpcsclite"
configure:5555: $? = 0
configure:5593: result: yes
configure:5615: checking for old version of PCSC
configure:5636: i486-TSOL-linux-gnu-gcc -o conftest -Os -Wall -I/usr/include -I/usr/include/gssglue   -I/usr/xorg/include   -pthread -I/usr/include/PCSC    -static-libgcc conftest.c -L/usr/lib -L/usr/lib64 -lssl -lcrypto  -lgssglue -L/usr/xorg/lib -lXrandr   -lpcsclite   >&5
conftest.c: In function 'main':
conftest.c:40:1: warning: passing argument 1 of 'SCardControl' makes integer from pointer without a cast [enabled by default]
/usr/include/PCSC/winscard.h:68:16: note: expected 'SCARDHANDLE' but argument is of type 'void *'
conftest.c:40:1: warning: passing argument 2 of 'SCardControl' makes integer from pointer without a cast [enabled by default]
/usr/include/PCSC/winscard.h:68:16: note: expected 'DWORD' but argument is of type 'void *'
conftest.c:40:1: warning: passing argument 4 of 'SCardControl' makes integer from pointer without a cast [enabled by default]
/usr/include/PCSC/winscard.h:68:16: note: expected 'DWORD' but argument is of type 'void *'
conftest.c:40:1: error: too few arguments to function 'SCardControl'
/usr/include/PCSC/winscard.h:68:16: note: declared here
configure:5636: $? = 1
configure: failed program was:
| /* confdefs.h */
| #define PACKAGE_NAME "rdesktop"
| #define PACKAGE_TARNAME "rdesktop"
| #define PACKAGE_VERSION "1.8.3"
| #define PACKAGE_STRING "rdesktop 1.8.3"
| #define PACKAGE_BUGREPORT ""
| #define PACKAGE_URL ""
| #define STDC_HEADERS 1
| #define HAVE_SYS_TYPES_H 1
| #define HAVE_SYS_STAT_H 1
| #define HAVE_STDLIB_H 1
| #define HAVE_STRING_H 1
| #define HAVE_MEMORY_H 1
| #define HAVE_STRINGS_H 1
| #define HAVE_INTTYPES_H 1
| #define HAVE_STDINT_H 1
| #define HAVE_UNISTD_H 1
| #define L_ENDIAN 1
| #define HAVE_SYS_SELECT_H 1
| #define HAVE_LOCALE_H 1
| #define HAVE_LANGINFO_H 1
| #define HAVE_SYSEXITS_H 1
| #define ssldir "/usr"
| #define WITH_CREDSSP 1
| #define HAVE_XRANDR 1
| #define WITH_SCARD 1
| /* end confdefs.h.  */
| 
| 		#include <stdlib.h>
| 		#ifdef __APPLE__
| 		#include <PCSC/wintypes.h>
| 		#include <PCSC/winscard.h>
| 		#else
| 		#include <winscard.h>
| 		#endif
| 
| int
| main ()
| {
| SCardControl(NULL, NULL, 0, NULL, NULL);
|   ;
|   return 0;
| }
configure:5642: result: no
configure:5654: checking if architecture needs alignment
configure:5679: i486-TSOL-linux-gnu-gcc -o conftest -Os -Wall -I/usr/include -I/usr/include/gssglue   -I/usr/xorg/include   -pthread -I/usr/include/PCSC    -static-libgcc conftest.c -L/usr/lib -L/usr/lib64 -lssl -lcrypto  -lgssglue -L/usr/xorg/lib -lXrandr   -lpcsclite   >&5
configure:5679: $? = 0
configure:5679: ./conftest
configure:5679: $? = 0
configure:5680: result: no
configure:5754: checking sys/soundcard.h usability
configure:5754: i486-TSOL-linux-gnu-gcc -c -Os -Wall -I/usr/include -I/usr/include/gssglue   -I/usr/xorg/include   -pthread -I/usr/include/PCSC    conftest.c >&5
configure:5754: $? = 0
configure:5754: result: yes
configure:5754: checking sys/soundcard.h presence
configure:5754: i486-TSOL-linux-gnu-gcc -E  conftest.c
configure:5754: $? = 0
configure:5754: result: yes
configure:5754: checking for sys/soundcard.h
configure:5754: result: yes
configure:5762: checking dmedia/audio.h usability
configure:5762: i486-TSOL-linux-gnu-gcc -c -Os -Wall -I/usr/include -I/usr/include/gssglue   -I/usr/xorg/include   -pthread -I/usr/include/PCSC    conftest.c >&5
conftest.c:62:26: fatal error: dmedia/audio.h: No such file or directory
compilation terminated.
configure:5762: $? = 1
configure: failed program was:
| /* confdefs.h */
| #define PACKAGE_NAME "rdesktop"
| #define PACKAGE_TARNAME "rdesktop"
| #define PACKAGE_VERSION "1.8.3"
| #define PACKAGE_STRING "rdesktop 1.8.3"
| #define PACKAGE_BUGREPORT ""
| #define PACKAGE_URL ""
| #define STDC_HEADERS 1
| #define HAVE_SYS_TYPES_H 1
| #define HAVE_SYS_STAT_H 1
| #define HAVE_STDLIB_H 1
| #define HAVE_STRING_H 1
| #define HAVE_MEMORY_H 1
| #define HAVE_STRINGS_H 1
| #define HAVE_INTTYPES_H 1
| #define HAVE_STDINT_H 1
| #define HAVE_UNISTD_H 1
| #define L_ENDIAN 1
| #define HAVE_SYS_SELECT_H 1
| #define HAVE_LOCALE_H 1
| #define HAVE_LANGINFO_H 1
| #define HAVE_SYSEXITS_H 1
| #define ssldir "/usr"
| #define WITH_CREDSSP 1
| #define HAVE_XRANDR 1
| #define WITH_SCARD 1
| #define EGD_SOCKET "/var/run/egd-pool"
| /* end confdefs.h.  */
| #include <stdio.h>
| #ifdef HAVE_SYS_TYPES_H
| # include <sys/types.h>
| #endif
| #ifdef HAVE_SYS_STAT_H
| # include <sys/stat.h>
| #endif
| #ifdef STDC_HEADERS
| # include <stdlib.h>
| # include <stddef.h>
| #else
| # ifdef HAVE_STDLIB_H
| #  include <stdlib.h>
| # endif
| #endif
| #ifdef HAVE_STRING_H
| # if !defined STDC_HEADERS && defined HAVE_MEMORY_H
| #  include <memory.h>
| # endif
| # include <string.h>
| #endif
| #ifdef HAVE_STRINGS_H
| # include <strings.h>
| #endif
| #ifdef HAVE_INTTYPES_H
| # include <inttypes.h>
| #endif
| #ifdef HAVE_STDINT_H
| # include <stdint.h>
| #endif
| #ifdef HAVE_UNISTD_H
| # include <unistd.h>
| #endif
| #include <dmedia/audio.h>
configure:5762: result: no
configure:5762: checking dmedia/audio.h presence
configure:5762: i486-TSOL-linux-gnu-gcc -E  conftest.c
conftest.c:29:26: fatal error: dmedia/audio.h: No such file or directory
compilation terminated.
configure:5762: $? = 1
configure: failed program was:
| /* confdefs.h */
| #define PACKAGE_NAME "rdesktop"
| #define PACKAGE_TARNAME "rdesktop"
| #define PACKAGE_VERSION "1.8.3"
| #define PACKAGE_STRING "rdesktop 1.8.3"
| #define PACKAGE_BUGREPORT ""
| #define PACKAGE_URL ""
| #define STDC_HEADERS 1
| #define HAVE_SYS_TYPES_H 1
| #define HAVE_SYS_STAT_H 1
| #define HAVE_STDLIB_H 1
| #define HAVE_STRING_H 1
| #define HAVE_MEMORY_H 1
| #define HAVE_STRINGS_H 1
| #define HAVE_INTTYPES_H 1
| #define HAVE_STDINT_H 1
| #define HAVE_UNISTD_H 1
| #define L_ENDIAN 1
| #define HAVE_SYS_SELECT_H 1
| #define HAVE_LOCALE_H 1
| #define HAVE_LANGINFO_H 1
| #define HAVE_SYSEXITS_H 1
| #define ssldir "/usr"
| #define WITH_CREDSSP 1
| #define HAVE_XRANDR 1
| #define WITH_SCARD 1
| #define EGD_SOCKET "/var/run/egd-pool"
| /* end confdefs.h.  */
| #include <dmedia/audio.h>
configure:5762: result: no
configure:5762: checking for dmedia/audio.h
configure:5762: result: no
configure:5770: checking sys/audioio.h usability
configure:5770: i486-TSOL-linux-gnu-gcc -c -Os -Wall -I/usr/include -I/usr/include/gssglue   -I/usr/xorg/include   -pthread -I/usr/include/PCSC    conftest.c >&5
conftest.c:62:25: fatal error: sys/audioio.h: No such file or directory
compilation terminated.
configure:5770: $? = 1
configure: failed program was:
| /* confdefs.h */
| #define PACKAGE_NAME "rdesktop"
| #define PACKAGE_TARNAME "rdesktop"
| #define PACKAGE_VERSION "1.8.3"
| #define PACKAGE_STRING "rdesktop 1.8.3"
| #define PACKAGE_BUGREPORT ""
| #define PACKAGE_URL ""
| #define STDC_HEADERS 1
| #define HAVE_SYS_TYPES_H 1
| #define HAVE_SYS_STAT_H 1
| #define HAVE_STDLIB_H 1
| #define HAVE_STRING_H 1
| #define HAVE_MEMORY_H 1
| #define HAVE_STRINGS_H 1
| #define HAVE_INTTYPES_H 1
| #define HAVE_STDINT_H 1
| #define HAVE_UNISTD_H 1
| #define L_ENDIAN 1
| #define HAVE_SYS_SELECT_H 1
| #define HAVE_LOCALE_H 1
| #define HAVE_LANGINFO_H 1
| #define HAVE_SYSEXITS_H 1
| #define ssldir "/usr"
| #define WITH_CREDSSP 1
| #define HAVE_XRANDR 1
| #define WITH_SCARD 1
| #define EGD_SOCKET "/var/run/egd-pool"
| /* end confdefs.h.  */
| #include <stdio.h>
| #ifdef HAVE_SYS_TYPES_H
| # include <sys/types.h>
| #endif
| #ifdef HAVE_SYS_STAT_H
| # include <sys/stat.h>
| #endif
| #ifdef STDC_HEADERS
| # include <stdlib.h>
| # include <stddef.h>
| #else
| # ifdef HAVE_STDLIB_H
| #  include <stdlib.h>
| # endif
| #endif
| #ifdef HAVE_STRING_H
| # if !defined STDC_HEADERS && defined HAVE_MEMORY_H
| #  include <memory.h>
| # endif
| # include <string.h>
| #endif
| #ifdef HAVE_STRINGS_H
| # include <strings.h>
| #endif
| #ifdef HAVE_INTTYPES_H
| # include <inttypes.h>
| #endif
| #ifdef HAVE_STDINT_H
| # include <stdint.h>
| #endif
| #ifdef HAVE_UNISTD_H
| # include <unistd.h>
| #endif
| #include <sys/audioio.h>
configure:5770: result: no
configure:5770: checking sys/audioio.h presence
configure:5770: i486-TSOL-linux-gnu-gcc -E  conftest.c
conftest.c:29:25: fatal error: sys/audioio.h: No such file or directory
compilation terminated.
configure:5770: $? = 1
configure: failed program was:
| /* confdefs.h */
| #define PACKAGE_NAME "rdesktop"
| #define PACKAGE_TARNAME "rdesktop"
| #define PACKAGE_VERSION "1.8.3"
| #define PACKAGE_STRING "rdesktop 1.8.3"
| #define PACKAGE_BUGREPORT ""
| #define PACKAGE_URL ""
| #define STDC_HEADERS 1
| #define HAVE_SYS_TYPES_H 1
| #define HAVE_SYS_STAT_H 1
| #define HAVE_STDLIB_H 1
| #define HAVE_STRING_H 1
| #define HAVE_MEMORY_H 1
| #define HAVE_STRINGS_H 1
| #define HAVE_INTTYPES_H 1
| #define HAVE_STDINT_H 1
| #define HAVE_UNISTD_H 1
| #define L_ENDIAN 1
| #define HAVE_SYS_SELECT_H 1
| #define HAVE_LOCALE_H 1
| #define HAVE_LANGINFO_H 1
| #define HAVE_SYSEXITS_H 1
| #define ssldir "/usr"
| #define WITH_CREDSSP 1
| #define HAVE_XRANDR 1
| #define WITH_SCARD 1
| #define EGD_SOCKET "/var/run/egd-pool"
| /* end confdefs.h.  */
| #include <sys/audioio.h>
configure:5770: result: no
configure:5770: checking for sys/audioio.h
configure:5770: result: no
configure:5790: checking for LIBAO
configure:5797: $PKG_CONFIG --exists --print-errors "ao"
Package ao was not found in the pkg-config search path.
Perhaps you should add the directory containing `ao.pc'
to the PKG_CONFIG_PATH environment variable
No package 'ao' found
configure:5800: $? = 1
configure:5814: $PKG_CONFIG --exists --print-errors "ao"
Package ao was not found in the pkg-config search path.
Perhaps you should add the directory containing `ao.pc'
to the PKG_CONFIG_PATH environment variable
No package 'ao' found
configure:5817: $? = 1
configure:5831: result: no
No package 'ao' found
configure:5861: checking for ALSA
configure:5868: $PKG_CONFIG --exists --print-errors "alsa"
configure:5871: $? = 0
configure:5885: $PKG_CONFIG --exists --print-errors "alsa"
configure:5888: $? = 0
configure:5926: result: yes
configure:5932: checking for LIBSAMPLERATE
configure:5939: $PKG_CONFIG --exists --print-errors "samplerate"
Package samplerate was not found in the pkg-config search path.
Perhaps you should add the directory containing `samplerate.pc'
to the PKG_CONFIG_PATH environment variable
No package 'samplerate' found
configure:5942: $? = 1
configure:5956: $PKG_CONFIG --exists --print-errors "samplerate"
Package samplerate was not found in the pkg-config search path.
Perhaps you should add the directory containing `samplerate.pc'
to the PKG_CONFIG_PATH environment variable
No package 'samplerate' found
configure:5959: $? = 1
configure:5973: result: no
No package 'samplerate' found
configure:6138: checking for dirent.h that defines DIR
configure:6157: i486-TSOL-linux-gnu-gcc -c -Os -Wall -I/usr/include -I/usr/include/gssglue   -I/usr/xorg/include   -pthread -I/usr/include/PCSC    -I/usr/include/alsa    conftest.c >&5
configure:6157: $? = 0
configure:6165: result: yes
configure:6178: checking for library containing opendir
configure:6209: i486-TSOL-linux-gnu-gcc -o conftest -Os -Wall -I/usr/include -I/usr/include/gssglue   -I/usr/xorg/include   -pthread -I/usr/include/PCSC    -I/usr/include/alsa    -static-libgcc conftest.c -L/usr/lib -L/usr/lib64 -lssl -lcrypto  -lgssglue -L/usr/xorg/lib -lXrandr   -lpcsclite    -lasound   >&5
configure:6209: $? = 0
configure:6226: result: none required
configure:6311: checking for dirfd
configure:6311: i486-TSOL-linux-gnu-gcc -o conftest -Os -Wall -I/usr/include -I/usr/include/gssglue   -I/usr/xorg/include   -pthread -I/usr/include/PCSC    -I/usr/include/alsa    -static-libgcc conftest.c -L/usr/lib -L/usr/lib64 -lssl -lcrypto  -lgssglue -L/usr/xorg/lib -lXrandr   -lpcsclite    -lasound   >&5
configure:6311: $? = 0
configure:6311: result: yes
configure:6320: checking whether dirfd is declared
configure:6320: i486-TSOL-linux-gnu-gcc -c -Os -Wall -I/usr/include -I/usr/include/gssglue   -I/usr/xorg/include   -pthread -I/usr/include/PCSC    -I/usr/include/alsa    conftest.c >&5
configure:6320: $? = 0
configure:6320: result: yes
configure:6333: checking whether dirfd is a macro
configure:6354: result: no
configure:6444: checking iconv.h usability
configure:6444: i486-TSOL-linux-gnu-gcc -c -Os -Wall -I/usr/include -I/usr/include/gssglue   -I/usr/xorg/include   -pthread -I/usr/include/PCSC    -I/usr/include/alsa    conftest.c >&5
configure:6444: $? = 0
configure:6444: result: yes
configure:6444: checking iconv.h presence
configure:6444: i486-TSOL-linux-gnu-gcc -E  conftest.c
configure:6444: $? = 0
configure:6444: result: yes
configure:6444: checking for iconv.h
configure:6444: result: yes
configure:6452: checking for iconv
configure:6474: i486-TSOL-linux-gnu-gcc -o conftest -Os -Wall -I/usr/include -I/usr/include/gssglue   -I/usr/xorg/include   -pthread -I/usr/include/PCSC    -I/usr/include/alsa    -static-libgcc conftest.c -L/usr/lib -L/usr/lib64 -lssl -lcrypto  -lgssglue -L/usr/xorg/lib -lXrandr   -lpcsclite    -lasound   >&5
configure:6474: $? = 0
configure:6506: result: yes
configure:6512: checking for iconv declaration
configure:6541: i486-TSOL-linux-gnu-gcc -c -Os -Wall -I/usr/include -I/usr/include/gssglue   -I/usr/xorg/include   -pthread -I/usr/include/PCSC    -I/usr/include/alsa    conftest.c >&5
configure:6541: $? = 0
configure:6552: result: 
         extern size_t iconv (iconv_t cd, char * *inbuf, size_t *inbytesleft, char * *outbuf, size_t *outbytesleft);
configure:6576: checking for socklen_t
configure:6576: i486-TSOL-linux-gnu-gcc -c -Os -Wall -I/usr/include -I/usr/include/gssglue   -I/usr/xorg/include   -pthread -I/usr/include/PCSC    -I/usr/include/alsa    conftest.c >&5
configure:6576: $? = 0
configure:6576: i486-TSOL-linux-gnu-gcc -c -Os -Wall -I/usr/include -I/usr/include/gssglue   -I/usr/xorg/include   -pthread -I/usr/include/PCSC    -I/usr/include/alsa    conftest.c >&5
conftest.c: In function 'main':
conftest.c:43:24: error: expected expression before ')' token
configure:6576: $? = 1
configure: failed program was:
| /* confdefs.h */
| #define PACKAGE_NAME "rdesktop"
| #define PACKAGE_TARNAME "rdesktop"
| #define PACKAGE_VERSION "1.8.3"
| #define PACKAGE_STRING "rdesktop 1.8.3"
| #define PACKAGE_BUGREPORT ""
| #define PACKAGE_URL ""
| #define STDC_HEADERS 1
| #define HAVE_SYS_TYPES_H 1
| #define HAVE_SYS_STAT_H 1
| #define HAVE_STDLIB_H 1
| #define HAVE_STRING_H 1
| #define HAVE_MEMORY_H 1
| #define HAVE_STRINGS_H 1
| #define HAVE_INTTYPES_H 1
| #define HAVE_STDINT_H 1
| #define HAVE_UNISTD_H 1
| #define L_ENDIAN 1
| #define HAVE_SYS_SELECT_H 1
| #define HAVE_LOCALE_H 1
| #define HAVE_LANGINFO_H 1
| #define HAVE_SYSEXITS_H 1
| #define ssldir "/usr"
| #define WITH_CREDSSP 1
| #define HAVE_XRANDR 1
| #define WITH_SCARD 1
| #define EGD_SOCKET "/var/run/egd-pool"
| #define WITH_RDPSND 1
| #define RDPSND_ALSA 1
| #define HAVE_DIRENT_H 1
| #define HAVE_DIRFD 1
| #define HAVE_DECL_DIRFD 1
| #define HAVE_ICONV_H 1
| #define HAVE_ICONV 1
| #define ICONV_CONST 
| /* end confdefs.h.  */
| #include <sys/types.h>
| #include <sys/socket.h>
| 
| int
| main ()
| {
| if (sizeof ((socklen_t)))
| 	    return 0;
|   ;
|   return 0;
| }
configure:6576: result: yes
configure:6645: checking sys/vfs.h usability
configure:6645: i486-TSOL-linux-gnu-gcc -c -Os -Wall -I/usr/include -I/usr/include/gssglue   -I/usr/xorg/include   -pthread -I/usr/include/PCSC    -I/usr/include/alsa    conftest.c >&5
configure:6645: $? = 0
configure:6645: result: yes
configure:6645: checking sys/vfs.h presence
configure:6645: i486-TSOL-linux-gnu-gcc -E  conftest.c
configure:6645: $? = 0
configure:6645: result: yes
configure:6645: checking for sys/vfs.h
configure:6645: result: yes
configure:6657: checking sys/statvfs.h usability
configure:6657: i486-TSOL-linux-gnu-gcc -c -Os -Wall -I/usr/include -I/usr/include/gssglue   -I/usr/xorg/include   -pthread -I/usr/include/PCSC    -I/usr/include/alsa    conftest.c >&5
configure:6657: $? = 0
configure:6657: result: yes
configure:6657: checking sys/statvfs.h presence
configure:6657: i486-TSOL-linux-gnu-gcc -E  conftest.c
configure:6657: $? = 0
configure:6657: result: yes
configure:6657: checking for sys/statvfs.h
configure:6657: result: yes
configure:6669: checking sys/statfs.h usability
configure:6669: i486-TSOL-linux-gnu-gcc -c -Os -Wall -I/usr/include -I/usr/include/gssglue   -I/usr/xorg/include   -pthread -I/usr/include/PCSC    -I/usr/include/alsa    conftest.c >&5
configure:6669: $? = 0
configure:6669: result: yes
configure:6669: checking sys/statfs.h presence
configure:6669: i486-TSOL-linux-gnu-gcc -E  conftest.c
configure:6669: $? = 0
configure:6669: result: yes
configure:6669: checking for sys/statfs.h
configure:6669: result: yes
configure:6681: checking sys/param.h usability
configure:6681: i486-TSOL-linux-gnu-gcc -c -Os -Wall -I/usr/include -I/usr/include/gssglue   -I/usr/xorg/include   -pthread -I/usr/include/PCSC    -I/usr/include/alsa    conftest.c >&5
configure:6681: $? = 0
configure:6681: result: yes
configure:6681: checking sys/param.h presence
configure:6681: i486-TSOL-linux-gnu-gcc -E  conftest.c
configure:6681: $? = 0
configure:6681: result: yes
configure:6681: checking for sys/param.h
configure:6681: result: yes
configure:6701: checking for sys/mount.h
configure:6701: i486-TSOL-linux-gnu-gcc -c -Os -Wall -I/usr/include -I/usr/include/gssglue   -I/usr/xorg/include   -pthread -I/usr/include/PCSC    -I/usr/include/alsa    conftest.c >&5
configure:6701: $? = 0
configure:6701: result: yes
configure:6715: checking how to get filesystem space usage...
configure:6722: checking statvfs64 function (SVR4)
configure:6744: i486-TSOL-linux-gnu-gcc -o conftest -Os -Wall -I/usr/include -I/usr/include/gssglue   -I/usr/xorg/include   -pthread -I/usr/include/PCSC    -I/usr/include/alsa    -static-libgcc conftest.c -L/usr/lib -L/usr/lib64 -lssl -lcrypto  -lgssglue -L/usr/xorg/lib -lXrandr   -lpcsclite    -lasound    >&5
conftest.c:48:3: warning: return type defaults to 'int' [-Wreturn-type]
conftest.c: In function 'main':
conftest.c:50:22: error: storage size of 'fsd' isn't known
conftest.c:51:5: warning: implicit declaration of function 'exit' [-Wimplicit-function-declaration]
conftest.c:51:5: warning: incompatible implicit declaration of built-in function 'exit' [enabled by default]
conftest.c:51:5: warning: implicit declaration of function 'statvfs64' [-Wimplicit-function-declaration]
conftest.c:50:22: warning: unused variable 'fsd' [-Wunused-variable]
conftest.c:52:3: warning: control reaches end of non-void function [-Wreturn-type]
configure:6744: $? = 1
configure: program exited with status 1
configure: failed program was:
| /* confdefs.h */
| #define PACKAGE_NAME "rdesktop"
| #define PACKAGE_TARNAME "rdesktop"
| #define PACKAGE_VERSION "1.8.3"
| #define PACKAGE_STRING "rdesktop 1.8.3"
| #define PACKAGE_BUGREPORT ""
| #define PACKAGE_URL ""
| #define STDC_HEADERS 1
| #define HAVE_SYS_TYPES_H 1
| #define HAVE_SYS_STAT_H 1
| #define HAVE_STDLIB_H 1
| #define HAVE_STRING_H 1
| #define HAVE_MEMORY_H 1
| #define HAVE_STRINGS_H 1
| #define HAVE_INTTYPES_H 1
| #define HAVE_STDINT_H 1
| #define HAVE_UNISTD_H 1
| #define L_ENDIAN 1
| #define HAVE_SYS_SELECT_H 1
| #define HAVE_LOCALE_H 1
| #define HAVE_LANGINFO_H 1
| #define HAVE_SYSEXITS_H 1
| #define ssldir "/usr"
| #define WITH_CREDSSP 1
| #define HAVE_XRANDR 1
| #define WITH_SCARD 1
| #define EGD_SOCKET "/var/run/egd-pool"
| #define WITH_RDPSND 1
| #define RDPSND_ALSA 1
| #define HAVE_DIRENT_H 1
| #define HAVE_DIRFD 1
| #define HAVE_DECL_DIRFD 1
| #define HAVE_ICONV_H 1
| #define HAVE_ICONV 1
| #define ICONV_CONST 
| #define HAVE_SYS_VFS_H 1
| #define HAVE_SYS_STATVFS_H 1
| #define HAVE_SYS_STATFS_H 1
| #define HAVE_SYS_PARAM_H 1
| #define HAVE_SYS_MOUNT_H 1
| /* end confdefs.h.  */
| 
| #if defined(HAVE_UNISTD_H)
| #include <unistd.h>
| #endif
| #include <sys/types.h>
| #include <sys/statvfs.h>
|   main ()
|   {
|     struct statvfs64 fsd;
|     exit (statvfs64 (".", &fsd));
|   }
configure:6754: result: no
configure:6772: checking statvfs function (SVR4)
configure:6789: i486-TSOL-linux-gnu-gcc -o conftest -Os -Wall -I/usr/include -I/usr/include/gssglue   -I/usr/xorg/include   -pthread -I/usr/include/PCSC    -I/usr/include/alsa    -static-libgcc conftest.c -L/usr/lib -L/usr/lib64 -lssl -lcrypto  -lgssglue -L/usr/xorg/lib -lXrandr   -lpcsclite    -lasound    >&5
conftest.c: In function 'main':
conftest.c:47:8: warning: null argument where non-null required (argument 1) [-Wnonnull]
configure:6789: $? = 0
configure:6797: result: yes
configure:7063: checking for struct statfs.f_namemax
configure:7063: i486-TSOL-linux-gnu-gcc -c -Os -Wall -I/usr/include -I/usr/include/gssglue   -I/usr/xorg/include   -pthread -I/usr/include/PCSC    -I/usr/include/alsa    conftest.c >&5
conftest.c: In function 'main':
conftest.c:100:12: error: 'struct statfs' has no member named 'f_namemax'
conftest.c:99:22: warning: variable 'ac_aggr' set but not used [-Wunused-but-set-variable]
configure:7063: $? = 1
configure: failed program was:
| /* confdefs.h */
| #define PACKAGE_NAME "rdesktop"
| #define PACKAGE_TARNAME "rdesktop"
| #define PACKAGE_VERSION "1.8.3"
| #define PACKAGE_STRING "rdesktop 1.8.3"
| #define PACKAGE_BUGREPORT ""
| #define PACKAGE_URL ""
| #define STDC_HEADERS 1
| #define HAVE_SYS_TYPES_H 1
| #define HAVE_SYS_STAT_H 1
| #define HAVE_STDLIB_H 1
| #define HAVE_STRING_H 1
| #define HAVE_MEMORY_H 1
| #define HAVE_STRINGS_H 1
| #define HAVE_INTTYPES_H 1
| #define HAVE_STDINT_H 1
| #define HAVE_UNISTD_H 1
| #define L_ENDIAN 1
| #define HAVE_SYS_SELECT_H 1
| #define HAVE_LOCALE_H 1
| #define HAVE_LANGINFO_H 1
| #define HAVE_SYSEXITS_H 1
| #define ssldir "/usr"
| #define WITH_CREDSSP 1
| #define HAVE_XRANDR 1
| #define WITH_SCARD 1
| #define EGD_SOCKET "/var/run/egd-pool"
| #define WITH_RDPSND 1
| #define RDPSND_ALSA 1
| #define HAVE_DIRENT_H 1
| #define HAVE_DIRFD 1
| #define HAVE_DECL_DIRFD 1
| #define HAVE_ICONV_H 1
| #define HAVE_ICONV 1
| #define ICONV_CONST 
| #define HAVE_SYS_VFS_H 1
| #define HAVE_SYS_STATVFS_H 1
| #define HAVE_SYS_STATFS_H 1
| #define HAVE_SYS_PARAM_H 1
| #define HAVE_SYS_MOUNT_H 1
| #define STAT_STATVFS 1
| /* end confdefs.h.  */
| #include <stdio.h>
| #ifdef HAVE_SYS_TYPES_H
| # include <sys/types.h>
| #endif
| #ifdef HAVE_SYS_STAT_H
| # include <sys/stat.h>
| #endif
| #ifdef STDC_HEADERS
| # include <stdlib.h>
| # include <stddef.h>
| #else
| # ifdef HAVE_STDLIB_H
| #  include <stdlib.h>
| # endif
| #endif
| #ifdef HAVE_STRING_H
| # if !defined STDC_HEADERS && defined HAVE_MEMORY_H
| #  include <memory.h>
| # endif
| # include <string.h>
| #endif
| #ifdef HAVE_STRINGS_H
| # include <strings.h>
| #endif
| #ifdef HAVE_INTTYPES_H
| # include <inttypes.h>
| #endif
| #ifdef HAVE_STDINT_H
| # include <stdint.h>
| #endif
| #ifdef HAVE_UNISTD_H
| # include <unistd.h>
| #endif
| #if HAVE_SYS_STATVFS_H
| # include <sys/statvfs.h>
| #endif
| #if HAVE_SYS_VFS_H
| # include <sys/vfs.h>
| #endif
| #if !HAVE_SYS_STATVFS_H && !HAVE_SYS_VFS_H
| # if HAVE_SYS_MOUNT_H && HAVE_SYS_PARAM_H
| /* NetBSD 1.5.2 needs these, for the declaration of struct statfs. */
| #  include <sys/param.h>
| #  include <sys/mount.h>
| # elif HAVE_NETINET_IN_H && HAVE_NFS_NFS_CLNT_H && HAVE_NFS_VFS_H
| /* Ultrix 4.4 needs these for the declaration of struct statfs.  */
| #  include <netinet/in.h>
| #  include <nfs/nfs_clnt.h>
| #  include <nfs/vfs.h>
| # endif
| #endif
| 
| 
| int
| main ()
| {
| static struct statfs ac_aggr;
| if (ac_aggr.f_namemax)
| return 0;
|   ;
|   return 0;
| }
configure:7063: i486-TSOL-linux-gnu-gcc -c -Os -Wall -I/usr/include -I/usr/include/gssglue   -I/usr/xorg/include   -pthread -I/usr/include/PCSC    -I/usr/include/alsa    conftest.c >&5
conftest.c: In function 'main':
conftest.c:100:19: error: 'struct statfs' has no member named 'f_namemax'
conftest.c:99:22: warning: variable 'ac_aggr' set but not used [-Wunused-but-set-variable]
configure:7063: $? = 1
configure: failed program was:
| /* confdefs.h */
| #define PACKAGE_NAME "rdesktop"
| #define PACKAGE_TARNAME "rdesktop"
| #define PACKAGE_VERSION "1.8.3"
| #define PACKAGE_STRING "rdesktop 1.8.3"
| #define PACKAGE_BUGREPORT ""
| #define PACKAGE_URL ""
| #define STDC_HEADERS 1
| #define HAVE_SYS_TYPES_H 1
| #define HAVE_SYS_STAT_H 1
| #define HAVE_STDLIB_H 1
| #define HAVE_STRING_H 1
| #define HAVE_MEMORY_H 1
| #define HAVE_STRINGS_H 1
| #define HAVE_INTTYPES_H 1
| #define HAVE_STDINT_H 1
| #define HAVE_UNISTD_H 1
| #define L_ENDIAN 1
| #define HAVE_SYS_SELECT_H 1
| #define HAVE_LOCALE_H 1
| #define HAVE_LANGINFO_H 1
| #define HAVE_SYSEXITS_H 1
| #define ssldir "/usr"
| #define WITH_CREDSSP 1
| #define HAVE_XRANDR 1
| #define WITH_SCARD 1
| #define EGD_SOCKET "/var/run/egd-pool"
| #define WITH_RDPSND 1
| #define RDPSND_ALSA 1
| #define HAVE_DIRENT_H 1
| #define HAVE_DIRFD 1
| #define HAVE_DECL_DIRFD 1
| #define HAVE_ICONV_H 1
| #define HAVE_ICONV 1
| #define ICONV_CONST 
| #define HAVE_SYS_VFS_H 1
| #define HAVE_SYS_STATVFS_H 1
| #define HAVE_SYS_STATFS_H 1
| #define HAVE_SYS_PARAM_H 1
| #define HAVE_SYS_MOUNT_H 1
| #define STAT_STATVFS 1
| /* end confdefs.h.  */
| #include <stdio.h>
| #ifdef HAVE_SYS_TYPES_H
| # include <sys/types.h>
| #endif
| #ifdef HAVE_SYS_STAT_H
| # include <sys/stat.h>
| #endif
| #ifdef STDC_HEADERS
| # include <stdlib.h>
| # include <stddef.h>
| #else
| # ifdef HAVE_STDLIB_H
| #  include <stdlib.h>
| # endif
| #endif
| #ifdef HAVE_STRING_H
| # if !defined STDC_HEADERS && defined HAVE_MEMORY_H
| #  include <memory.h>
| # endif
| # include <string.h>
| #endif
| #ifdef HAVE_STRINGS_H
| # include <strings.h>
| #endif
| #ifdef HAVE_INTTYPES_H
| # include <inttypes.h>
| #endif
| #ifdef HAVE_STDINT_H
| # include <stdint.h>
| #endif
| #ifdef HAVE_UNISTD_H
| # include <unistd.h>
| #endif
| #if HAVE_SYS_STATVFS_H
| # include <sys/statvfs.h>
| #endif
| #if HAVE_SYS_VFS_H
| # include <sys/vfs.h>
| #endif
| #if !HAVE_SYS_STATVFS_H && !HAVE_SYS_VFS_H
| # if HAVE_SYS_MOUNT_H && HAVE_SYS_PARAM_H
| /* NetBSD 1.5.2 needs these, for the declaration of struct statfs. */
| #  include <sys/param.h>
| #  include <sys/mount.h>
| # elif HAVE_NETINET_IN_H && HAVE_NFS_NFS_CLNT_H && HAVE_NFS_VFS_H
| /* Ultrix 4.4 needs these for the declaration of struct statfs.  */
| #  include <netinet/in.h>
| #  include <nfs/nfs_clnt.h>
| #  include <nfs/vfs.h>
| # endif
| #endif
| 
| 
| int
| main ()
| {
| static struct statfs ac_aggr;
| if (sizeof ac_aggr.f_namemax)
| return 0;
|   ;
|   return 0;
| }
configure:7063: result: no
configure:7074: checking for struct statvfs.f_namemax
configure:7074: i486-TSOL-linux-gnu-gcc -c -Os -Wall -I/usr/include -I/usr/include/gssglue   -I/usr/xorg/include   -pthread -I/usr/include/PCSC    -I/usr/include/alsa    conftest.c >&5
configure:7074: $? = 0
configure:7074: result: yes
configure:7085: checking for struct statfs.f_namelen
configure:7085: i486-TSOL-linux-gnu-gcc -c -Os -Wall -I/usr/include -I/usr/include/gssglue   -I/usr/xorg/include   -pthread -I/usr/include/PCSC    -I/usr/include/alsa    conftest.c >&5
configure:7085: $? = 0
configure:7085: result: yes
configure:7096: checking for struct statvfs.f_namelen
configure:7096: i486-TSOL-linux-gnu-gcc -c -Os -Wall -I/usr/include -I/usr/include/gssglue   -I/usr/xorg/include   -pthread -I/usr/include/PCSC    -I/usr/include/alsa    conftest.c >&5
conftest.c: In function 'main':
conftest.c:102:12: error: 'struct statvfs' has no member named 'f_namelen'
conftest.c:101:23: warning: variable 'ac_aggr' set but not used [-Wunused-but-set-variable]
configure:7096: $? = 1
configure: failed program was:
| /* confdefs.h */
| #define PACKAGE_NAME "rdesktop"
| #define PACKAGE_TARNAME "rdesktop"
| #define PACKAGE_VERSION "1.8.3"
| #define PACKAGE_STRING "rdesktop 1.8.3"
| #define PACKAGE_BUGREPORT ""
| #define PACKAGE_URL ""
| #define STDC_HEADERS 1
| #define HAVE_SYS_TYPES_H 1
| #define HAVE_SYS_STAT_H 1
| #define HAVE_STDLIB_H 1
| #define HAVE_STRING_H 1
| #define HAVE_MEMORY_H 1
| #define HAVE_STRINGS_H 1
| #define HAVE_INTTYPES_H 1
| #define HAVE_STDINT_H 1
| #define HAVE_UNISTD_H 1
| #define L_ENDIAN 1
| #define HAVE_SYS_SELECT_H 1
| #define HAVE_LOCALE_H 1
| #define HAVE_LANGINFO_H 1
| #define HAVE_SYSEXITS_H 1
| #define ssldir "/usr"
| #define WITH_CREDSSP 1
| #define HAVE_XRANDR 1
| #define WITH_SCARD 1
| #define EGD_SOCKET "/var/run/egd-pool"
| #define WITH_RDPSND 1
| #define RDPSND_ALSA 1
| #define HAVE_DIRENT_H 1
| #define HAVE_DIRFD 1
| #define HAVE_DECL_DIRFD 1
| #define HAVE_ICONV_H 1
| #define HAVE_ICONV 1
| #define ICONV_CONST 
| #define HAVE_SYS_VFS_H 1
| #define HAVE_SYS_STATVFS_H 1
| #define HAVE_SYS_STATFS_H 1
| #define HAVE_SYS_PARAM_H 1
| #define HAVE_SYS_MOUNT_H 1
| #define STAT_STATVFS 1
| #define HAVE_STRUCT_STATVFS_F_NAMEMAX 1
| #define HAVE_STRUCT_STATFS_F_NAMELEN 1
| /* end confdefs.h.  */
| #include <stdio.h>
| #ifdef HAVE_SYS_TYPES_H
| # include <sys/types.h>
| #endif
| #ifdef HAVE_SYS_STAT_H
| # include <sys/stat.h>
| #endif
| #ifdef STDC_HEADERS
| # include <stdlib.h>
| # include <stddef.h>
| #else
| # ifdef HAVE_STDLIB_H
| #  include <stdlib.h>
| # endif
| #endif
| #ifdef HAVE_STRING_H
| # if !defined STDC_HEADERS && defined HAVE_MEMORY_H
| #  include <memory.h>
| # endif
| # include <string.h>
| #endif
| #ifdef HAVE_STRINGS_H
| # include <strings.h>
| #endif
| #ifdef HAVE_INTTYPES_H
| # include <inttypes.h>
| #endif
| #ifdef HAVE_STDINT_H
| # include <stdint.h>
| #endif
| #ifdef HAVE_UNISTD_H
| # include <unistd.h>
| #endif
| #if HAVE_SYS_STATVFS_H
| # include <sys/statvfs.h>
| #endif
| #if HAVE_SYS_VFS_H
| # include <sys/vfs.h>
| #endif
| #if !HAVE_SYS_STATVFS_H && !HAVE_SYS_VFS_H
| # if HAVE_SYS_MOUNT_H && HAVE_SYS_PARAM_H
| /* NetBSD 1.5.2 needs these, for the declaration of struct statfs. */
| #  include <sys/param.h>
| #  include <sys/mount.h>
| # elif HAVE_NETINET_IN_H && HAVE_NFS_NFS_CLNT_H && HAVE_NFS_VFS_H
| /* Ultrix 4.4 needs these for the declaration of struct statfs.  */
| #  include <netinet/in.h>
| #  include <nfs/nfs_clnt.h>
| #  include <nfs/vfs.h>
| # endif
| #endif
| 
| 
| int
| main ()
| {
| static struct statvfs ac_aggr;
| if (ac_aggr.f_namelen)
| return 0;
|   ;
|   return 0;
| }
configure:7096: i486-TSOL-linux-gnu-gcc -c -Os -Wall -I/usr/include -I/usr/include/gssglue   -I/usr/xorg/include   -pthread -I/usr/include/PCSC    -I/usr/include/alsa    conftest.c >&5
conftest.c: In function 'main':
conftest.c:102:19: error: 'struct statvfs' has no member named 'f_namelen'
conftest.c:101:23: warning: variable 'ac_aggr' set but not used [-Wunused-but-set-variable]
configure:7096: $? = 1
configure: failed program was:
| /* confdefs.h */
| #define PACKAGE_NAME "rdesktop"
| #define PACKAGE_TARNAME "rdesktop"
| #define PACKAGE_VERSION "1.8.3"
| #define PACKAGE_STRING "rdesktop 1.8.3"
| #define PACKAGE_BUGREPORT ""
| #define PACKAGE_URL ""
| #define STDC_HEADERS 1
| #define HAVE_SYS_TYPES_H 1
| #define HAVE_SYS_STAT_H 1
| #define HAVE_STDLIB_H 1
| #define HAVE_STRING_H 1
| #define HAVE_MEMORY_H 1
| #define HAVE_STRINGS_H 1
| #define HAVE_INTTYPES_H 1
| #define HAVE_STDINT_H 1
| #define HAVE_UNISTD_H 1
| #define L_ENDIAN 1
| #define HAVE_SYS_SELECT_H 1
| #define HAVE_LOCALE_H 1
| #define HAVE_LANGINFO_H 1
| #define HAVE_SYSEXITS_H 1
| #define ssldir "/usr"
| #define WITH_CREDSSP 1
| #define HAVE_XRANDR 1
| #define WITH_SCARD 1
| #define EGD_SOCKET "/var/run/egd-pool"
| #define WITH_RDPSND 1
| #define RDPSND_ALSA 1
| #define HAVE_DIRENT_H 1
| #define HAVE_DIRFD 1
| #define HAVE_DECL_DIRFD 1
| #define HAVE_ICONV_H 1
| #define HAVE_ICONV 1
| #define ICONV_CONST 
| #define HAVE_SYS_VFS_H 1
| #define HAVE_SYS_STATVFS_H 1
| #define HAVE_SYS_STATFS_H 1
| #define HAVE_SYS_PARAM_H 1
| #define HAVE_SYS_MOUNT_H 1
| #define STAT_STATVFS 1
| #define HAVE_STRUCT_STATVFS_F_NAMEMAX 1
| #define HAVE_STRUCT_STATFS_F_NAMELEN 1
| /* end confdefs.h.  */
| #include <stdio.h>
| #ifdef HAVE_SYS_TYPES_H
| # include <sys/types.h>
| #endif
| #ifdef HAVE_SYS_STAT_H
| # include <sys/stat.h>
| #endif
| #ifdef STDC_HEADERS
| # include <stdlib.h>
| # include <stddef.h>
| #else
| # ifdef HAVE_STDLIB_H
| #  include <stdlib.h>
| # endif
| #endif
| #ifdef HAVE_STRING_H
| # if !defined STDC_HEADERS && defined HAVE_MEMORY_H
| #  include <memory.h>
| # endif
| # include <string.h>
| #endif
| #ifdef HAVE_STRINGS_H
| # include <strings.h>
| #endif
| #ifdef HAVE_INTTYPES_H
| # include <inttypes.h>
| #endif
| #ifdef HAVE_STDINT_H
| # include <stdint.h>
| #endif
| #ifdef HAVE_UNISTD_H
| # include <unistd.h>
| #endif
| #if HAVE_SYS_STATVFS_H
| # include <sys/statvfs.h>
| #endif
| #if HAVE_SYS_VFS_H
| # include <sys/vfs.h>
| #endif
| #if !HAVE_SYS_STATVFS_H && !HAVE_SYS_VFS_H
| # if HAVE_SYS_MOUNT_H && HAVE_SYS_PARAM_H
| /* NetBSD 1.5.2 needs these, for the declaration of struct statfs. */
| #  include <sys/param.h>
| #  include <sys/mount.h>
| # elif HAVE_NETINET_IN_H && HAVE_NFS_NFS_CLNT_H && HAVE_NFS_VFS_H
| /* Ultrix 4.4 needs these for the declaration of struct statfs.  */
| #  include <netinet/in.h>
| #  include <nfs/nfs_clnt.h>
| #  include <nfs/vfs.h>
| # endif
| #endif
| 
| 
| int
| main ()
| {
| static struct statvfs ac_aggr;
| if (sizeof ac_aggr.f_namelen)
| return 0;
|   ;
|   return 0;
| }
configure:7096: result: no
configure:7118: checking for special C compiler options needed for large files
configure:7163: result: no
configure:7169: checking for _FILE_OFFSET_BITS value needed for large files
configure:7194: i486-TSOL-linux-gnu-gcc -c -Os -Wall -I/usr/include -I/usr/include/gssglue   -I/usr/xorg/include   -pthread -I/usr/include/PCSC    -I/usr/include/alsa    conftest.c >&5
conftest.c:51:3: warning: left shift count >= width of type [enabled by default]
conftest.c:51:3: warning: left shift count >= width of type [enabled by default]
conftest.c:52:10: warning: left shift count >= width of type [enabled by default]
conftest.c:52:10: warning: left shift count >= width of type [enabled by default]
conftest.c:51:7: error: size of array 'off_t_is_large' is negative
conftest.c:53:9: warning: variably modified 'off_t_is_large' at file scope [enabled by default]
configure:7194: $? = 1
configure: failed program was:
| /* confdefs.h */
| #define PACKAGE_NAME "rdesktop"
| #define PACKAGE_TARNAME "rdesktop"
| #define PACKAGE_VERSION "1.8.3"
| #define PACKAGE_STRING "rdesktop 1.8.3"
| #define PACKAGE_BUGREPORT ""
| #define PACKAGE_URL ""
| #define STDC_HEADERS 1
| #define HAVE_SYS_TYPES_H 1
| #define HAVE_SYS_STAT_H 1
| #define HAVE_STDLIB_H 1
| #define HAVE_STRING_H 1
| #define HAVE_MEMORY_H 1
| #define HAVE_STRINGS_H 1
| #define HAVE_INTTYPES_H 1
| #define HAVE_STDINT_H 1
| #define HAVE_UNISTD_H 1
| #define L_ENDIAN 1
| #define HAVE_SYS_SELECT_H 1
| #define HAVE_LOCALE_H 1
| #define HAVE_LANGINFO_H 1
| #define HAVE_SYSEXITS_H 1
| #define ssldir "/usr"
| #define WITH_CREDSSP 1
| #define HAVE_XRANDR 1
| #define WITH_SCARD 1
| #define EGD_SOCKET "/var/run/egd-pool"
| #define WITH_RDPSND 1
| #define RDPSND_ALSA 1
| #define HAVE_DIRENT_H 1
| #define HAVE_DIRFD 1
| #define HAVE_DECL_DIRFD 1
| #define HAVE_ICONV_H 1
| #define HAVE_ICONV 1
| #define ICONV_CONST 
| #define HAVE_SYS_VFS_H 1
| #define HAVE_SYS_STATVFS_H 1
| #define HAVE_SYS_STATFS_H 1
| #define HAVE_SYS_PARAM_H 1
| #define HAVE_SYS_MOUNT_H 1
| #define STAT_STATVFS 1
| #define HAVE_STRUCT_STATVFS_F_NAMEMAX 1
| #define HAVE_STRUCT_STATFS_F_NAMELEN 1
| /* end confdefs.h.  */
| #include <sys/types.h>
|  /* Check that off_t can represent 2**63 - 1 correctly.
|     We can't simply define LARGE_OFF_T to be 9223372036854775807,
|     since some C++ compilers masquerading as C compilers
|     incorrectly reject 9223372036854775807.  */
| #define LARGE_OFF_T (((off_t) 1 << 62) - 1 + ((off_t) 1 << 62))
|   int off_t_is_large[(LARGE_OFF_T % 2147483629 == 721
| 		       && LARGE_OFF_T % 2147483647 == 1)
| 		      ? 1 : -1];
| int
| main ()
| {
| 
|   ;
|   return 0;
| }
configure:7218: i486-TSOL-linux-gnu-gcc -c -Os -Wall -I/usr/include -I/usr/include/gssglue   -I/usr/xorg/include   -pthread -I/usr/include/PCSC    -I/usr/include/alsa    conftest.c >&5
configure:7218: $? = 0
configure:7226: result: 64
configure:7315: checking mntent.h usability
configure:7315: i486-TSOL-linux-gnu-gcc -c -Os -Wall -I/usr/include -I/usr/include/gssglue   -I/usr/xorg/include   -pthread -I/usr/include/PCSC    -I/usr/include/alsa    conftest.c >&5
configure:7315: $? = 0
configure:7315: result: yes
configure:7315: checking mntent.h presence
configure:7315: i486-TSOL-linux-gnu-gcc -E  conftest.c
configure:7315: $? = 0
configure:7315: result: yes
configure:7315: checking for mntent.h
configure:7315: result: yes
configure:7324: checking for setmntent
configure:7324: i486-TSOL-linux-gnu-gcc -o conftest -Os -Wall -I/usr/include -I/usr/include/gssglue   -I/usr/xorg/include   -pthread -I/usr/include/PCSC    -I/usr/include/alsa    -static-libgcc conftest.c -L/usr/lib -L/usr/lib64 -lssl -lcrypto  -lgssglue -L/usr/xorg/lib -lXrandr   -lpcsclite    -lasound    >&5
configure:7324: $? = 0
configure:7324: result: yes
configure:7641: creating ./config.status

## ---------------------- ##
## Running config.status. ##
## ---------------------- ##

This file was extended by rdesktop config.status 1.8.3, which was
generated by GNU Autoconf 2.69.  Invocation command line was

  CONFIG_FILES    = 
  CONFIG_HEADERS  = 
  CONFIG_LINKS    = 
  CONFIG_COMMANDS = 
  $ ./config.status 

on ubuntu4

config.status:769: creating Makefile

## ---------------- ##
## Cache variables. ##
## ---------------- ##

ac_cv_build=i686-pc-linux-gnu
ac_cv_c_bigendian=no
ac_cv_c_compiler_gnu=yes
ac_cv_env_ALSA_CFLAGS_set=
ac_cv_env_ALSA_CFLAGS_value=
ac_cv_env_ALSA_LIBS_set=
ac_cv_env_ALSA_LIBS_value=
ac_cv_env_CC_set=set
ac_cv_env_CC_value=i486-TSOL-linux-gnu-gcc
ac_cv_env_CFLAGS_set=set
ac_cv_env_CFLAGS_value=-Os
ac_cv_env_CPPFLAGS_set=
ac_cv_env_CPPFLAGS_value=
ac_cv_env_CPP_set=
ac_cv_env_CPP_value=
ac_cv_env_GSSGLUE_CFLAGS_set=
ac_cv_env_GSSGLUE_CFLAGS_value=
ac_cv_env_GSSGLUE_LIBS_set=
ac_cv_env_GSSGLUE_LIBS_value=
ac_cv_env_LDFLAGS_set=set
ac_cv_env_LDFLAGS_value=-static-libgcc
ac_cv_env_LIBAO_CFLAGS_set=
ac_cv_env_LIBAO_CFLAGS_value=
ac_cv_env_LIBAO_LIBS_set=
ac_cv_env_LIBAO_LIBS_value=
ac_cv_env_LIBSAMPLERATE_CFLAGS_set=
ac_cv_env_LIBSAMPLERATE_CFLAGS_value=
ac_cv_env_LIBSAMPLERATE_LIBS_set=
ac_cv_env_LIBSAMPLERATE_LIBS_value=
ac_cv_env_LIBS_set=
ac_cv_env_LIBS_value=
ac_cv_env_PCSCLITE_CFLAGS_set=
ac_cv_env_PCSCLITE_CFLAGS_value=
ac_cv_env_PCSCLITE_LIBS_set=
ac_cv_env_PCSCLITE_LIBS_value=
ac_cv_env_PKG_CONFIG_LIBDIR_set=
ac_cv_env_PKG_CONFIG_LIBDIR_value=
ac_cv_env_PKG_CONFIG_PATH_set=set
ac_cv_env_PKG_CONFIG_PATH_value=/usr/xorg/lib/pkgconfig:/usr/xorg/share/pkgconfig:
ac_cv_env_PKG_CONFIG_set=
ac_cv_env_PKG_CONFIG_value=
ac_cv_env_XMKMF_set=
ac_cv_env_XMKMF_value=
ac_cv_env_XRANDR_CFLAGS_set=
ac_cv_env_XRANDR_CFLAGS_value=
ac_cv_env_XRANDR_LIBS_set=
ac_cv_env_XRANDR_LIBS_value=
ac_cv_env_build_alias_set=
ac_cv_env_build_alias_value=
ac_cv_env_host_alias_set=
ac_cv_env_host_alias_value=
ac_cv_env_target_alias_set=
ac_cv_env_target_alias_value=
ac_cv_func_connect=yes
ac_cv_func_dirfd=yes
ac_cv_func_gethostbyname=yes
ac_cv_func_remove=yes
ac_cv_func_setmntent=yes
ac_cv_func_shmat=yes
ac_cv_have_decl_dirfd=yes
ac_cv_have_x='have_x=yes	ac_x_includes='\''/usr/xorg/include'\''	ac_x_libraries='\''/usr/xorg/lib'\'''
ac_cv_header_dirent_dirent_h=yes
ac_cv_header_dmedia_audio_h=no
ac_cv_header_iconv_h=yes
ac_cv_header_inttypes_h=yes
ac_cv_header_langinfo_h=yes
ac_cv_header_locale_h=yes
ac_cv_header_memory_h=yes
ac_cv_header_mntent_h=yes
ac_cv_header_stdc=yes
ac_cv_header_stdint_h=yes
ac_cv_header_stdlib_h=yes
ac_cv_header_string_h=yes
ac_cv_header_strings_h=yes
ac_cv_header_sys_audioio_h=no
ac_cv_header_sys_filio_h=no
ac_cv_header_sys_modem_h=no
ac_cv_header_sys_mount_h=yes
ac_cv_header_sys_param_h=yes
ac_cv_header_sys_select_h=yes
ac_cv_header_sys_soundcard_h=yes
ac_cv_header_sys_stat_h=yes
ac_cv_header_sys_statfs_h=yes
ac_cv_header_sys_statvfs_h=yes
ac_cv_header_sys_strtio_h=no
ac_cv_header_sys_types_h=yes
ac_cv_header_sys_vfs_h=yes
ac_cv_header_sysexits_h=yes
ac_cv_header_unistd_h=yes
ac_cv_host=i686-pc-linux-gnu
ac_cv_lib_ICE_IceConnectionNumber=yes
ac_cv_member_struct_statfs_f_namelen=yes
ac_cv_member_struct_statfs_f_namemax=no
ac_cv_member_struct_statvfs_f_namelen=no
ac_cv_member_struct_statvfs_f_namemax=yes
ac_cv_objext=o
ac_cv_path_EGREP='/usr/bin/grep -E'
ac_cv_path_GREP=/usr/bin/grep
ac_cv_path_ac_pt_PKG_CONFIG=/usr/bin/pkg-config
ac_cv_path_install='/bin/install -c'
ac_cv_prog_CPP='i486-TSOL-linux-gnu-gcc -E'
ac_cv_prog_ac_ct_CC=i486-TSOL-linux-gnu-gcc
ac_cv_prog_ac_ct_STRIP=strip
ac_cv_prog_cc_c89=
ac_cv_prog_cc_g=yes
ac_cv_search_inet_aton='none required'
ac_cv_search_opendir='none required'
ac_cv_search_socket='none required'
ac_cv_sys_file_offset_bits=64
ac_cv_sys_largefile_CC=no
ac_cv_type_socklen_t=yes
am_cv_func_iconv=yes
am_cv_lib_iconv=no
am_cv_proto_iconv='extern size_t iconv (iconv_t cd, char * *inbuf, size_t *inbytesleft, char * *outbuf, size_t *outbytesleft);'
am_cv_proto_iconv_arg1=
fu_cv_sys_stat_statvfs64=no
fu_cv_sys_stat_statvfs=yes
jm_cv_func_dirfd_macro=no
pkg_cv_ALSA_CFLAGS='-I/usr/include/alsa  '
pkg_cv_ALSA_LIBS='-lasound  '
pkg_cv_GSSGLUE_CFLAGS='-I/usr/include/gssglue  '
pkg_cv_GSSGLUE_LIBS='-lgssglue -ldl  '
pkg_cv_PCSCLITE_CFLAGS='-pthread -I/usr/include/PCSC  '
pkg_cv_PCSCLITE_LIBS='-lpcsclite  '
pkg_cv_XRANDR_CFLAGS='-I/usr/xorg/include  '
pkg_cv_XRANDR_LIBS='-L/usr/xorg/lib -lXrandr  '

## ----------------- ##
## Output variables. ##
## ----------------- ##

ALSA_CFLAGS='-I/usr/include/alsa  '
ALSA_LIBS='-lasound  '
CC='i486-TSOL-linux-gnu-gcc'
CFLAGS='-Os -Wall -I/usr/include -I/usr/include/gssglue   -I/usr/xorg/include   -pthread -I/usr/include/PCSC    -I/usr/include/alsa  '
CPP='i486-TSOL-linux-gnu-gcc -E'
CPPFLAGS=''
CREDSSPOBJ='cssp.o'
DEFS='-DPACKAGE_NAME=\"rdesktop\" -DPACKAGE_TARNAME=\"rdesktop\" -DPACKAGE_VERSION=\"1.8.3\" -DPACKAGE_STRING=\"rdesktop\ 1.8.3\" -DPACKAGE_BUGREPORT=\"\" -DPACKAGE_URL=\"\" -DSTDC_HEADERS=1 -DHAVE_SYS_TYPES_H=1 -DHAVE_SYS_STAT_H=1 -DHAVE_STDLIB_H=1 -DHAVE_STRING_H=1 -DHAVE_MEMORY_H=1 -DHAVE_STRINGS_H=1 -DHAVE_INTTYPES_H=1 -DHAVE_STDINT_H=1 -DHAVE_UNISTD_H=1 -DL_ENDIAN=1 -DHAVE_SYS_SELECT_H=1 -DHAVE_LOCALE_H=1 -DHAVE_LANGINFO_H=1 -DHAVE_SYSEXITS_H=1 -Dssldir=\"/usr\" -DWITH_CREDSSP=1 -DHAVE_XRANDR=1 -DWITH_SCARD=1 -DEGD_SOCKET=\"/var/run/egd-pool\" -DWITH_RDPSND=1 -DRDPSND_ALSA=1 -DHAVE_DIRENT_H=1 -DHAVE_DIRFD=1 -DHAVE_DECL_DIRFD=1 -DHAVE_ICONV_H=1 -DHAVE_ICONV=1 -DICONV_CONST= -DHAVE_SYS_VFS_H=1 -DHAVE_SYS_STATVFS_H=1 -DHAVE_SYS_STATFS_H=1 -DHAVE_SYS_PARAM_H=1 -DHAVE_SYS_MOUNT_H=1 -DSTAT_STATVFS=1 -DHAVE_STRUCT_STATVFS_F_NAMEMAX=1 -DHAVE_STRUCT_STATFS_F_NAMELEN=1 -D_FILE_OFFSET_BITS=64 -DHAVE_MNTENT_H=1 -DHAVE_SETMNTENT=1 -DIPv6=1'
ECHO_C=''
ECHO_N='-n'
ECHO_T=''
EGREP='/usr/bin/grep -E'
EXEEXT=''
GREP='/usr/bin/grep'
GSSGLUE_CFLAGS='-I/usr/include/gssglue  '
GSSGLUE_LIBS='-lgssglue -ldl  '
INSTALL_DATA='${INSTALL} -m 644'
INSTALL_PROGRAM='${INSTALL}'
INSTALL_SCRIPT='${INSTALL}'
LDFLAGS='-static-libgcc'
LDVNC=''
LIBAO_CFLAGS=''
LIBAO_LIBS=''
LIBICONV=''
LIBOBJS=''
LIBS='-L/usr/lib -L/usr/lib64 -lssl -lcrypto  -lgssglue -L/usr/xorg/lib -lXrandr   -lpcsclite    -lasound   '
LIBSAMPLERATE_CFLAGS=''
LIBSAMPLERATE_LIBS=''
LTLIBOBJS=''
OBJEXT='o'
PACKAGE_BUGREPORT=''
PACKAGE_NAME='rdesktop'
PACKAGE_STRING='rdesktop 1.8.3'
PACKAGE_TARNAME='rdesktop'
PACKAGE_URL=''
PACKAGE_VERSION='1.8.3'
PATH_SEPARATOR=':'
PCSCLITE_CFLAGS='-pthread -I/usr/include/PCSC  '
PCSCLITE_LIBS='-lpcsclite  '
PKG_CONFIG='/usr/bin/pkg-config'
PKG_CONFIG_LIBDIR=''
PKG_CONFIG_PATH='/usr/xorg/lib/pkgconfig:/usr/xorg/share/pkgconfig:'
RDP2VNCTARGET=''
SCARDOBJ='scard.o'
SHELL='/bin/sh'
SOUNDOBJ=' rdpsnd.o rdpsnd_dsp.o rdpsnd_alsa.o'
STRIP='strip'
VNCINC=''
VNCLINK=''
XMKMF=''
XRANDR_CFLAGS='-I/usr/xorg/include  '
XRANDR_LIBS='-L/usr/xorg/lib -lXrandr  '
X_CFLAGS=' -I/usr/xorg/include'
X_EXTRA_LIBS=''
X_LIBS=' -L/usr/xorg/lib'
X_PRE_LIBS=' -lSM -lICE'
ac_ct_CC='i486-TSOL-linux-gnu-gcc'
bindir='${exec_prefix}/bin'
build='i686-pc-linux-gnu'
build_alias=''
build_cpu='i686'
build_os='linux-gnu'
build_vendor='pc'
datadir='${datarootdir}'
datarootdir='${prefix}/share'
docdir='${datarootdir}/doc/${PACKAGE_TARNAME}'
dvidir='${docdir}'
exec_prefix='${prefix}'
host='i686-pc-linux-gnu'
host_alias=''
host_cpu='i686'
host_os='linux-gnu'
host_vendor='pc'
htmldir='${docdir}'
includedir='${prefix}/include'
infodir='${datarootdir}/info'
libdir='${exec_prefix}/lib'
libexecdir='${exec_prefix}/libexec'
localedir='${datarootdir}/locale'
localstatedir='${prefix}/var'
mandir='${datarootdir}/man'
oldincludedir='/usr/include'
pdfdir='${docdir}'
prefix='/'
program_transform_name='s,x,x,'
psdir='${docdir}'
sbindir='${exec_prefix}/sbin'
sharedstatedir='${prefix}/com'
ssldir='/usr'
sysconfdir='${prefix}/etc'
target_alias=''

## ----------- ##
## confdefs.h. ##
## ----------- ##

/* confdefs.h */
#define PACKAGE_NAME "rdesktop"
#define PACKAGE_TARNAME "rdesktop"
#define PACKAGE_VERSION "1.8.3"
#define PACKAGE_STRING "rdesktop 1.8.3"
#define PACKAGE_BUGREPORT ""
#define PACKAGE_URL ""
#define STDC_HEADERS 1
#define HAVE_SYS_TYPES_H 1
#define HAVE_SYS_STAT_H 1
#define HAVE_STDLIB_H 1
#define HAVE_STRING_H 1
#define HAVE_MEMORY_H 1
#define HAVE_STRINGS_H 1
#define HAVE_INTTYPES_H 1
#define HAVE_STDINT_H 1
#define HAVE_UNISTD_H 1
#define L_ENDIAN 1
#define HAVE_SYS_SELECT_H 1
#define HAVE_LOCALE_H 1
#define HAVE_LANGINFO_H 1
#define HAVE_SYSEXITS_H 1
#define ssldir "/usr"
#define WITH_CREDSSP 1
#define HAVE_XRANDR 1
#define WITH_SCARD 1
#define EGD_SOCKET "/var/run/egd-pool"
#define WITH_RDPSND 1
#define RDPSND_ALSA 1
#define HAVE_DIRENT_H 1
#define HAVE_DIRFD 1
#define HAVE_DECL_DIRFD 1
#define HAVE_ICONV_H 1
#define HAVE_ICONV 1
#define ICONV_CONST 
#define HAVE_SYS_VFS_H 1
#define HAVE_SYS_STATVFS_H 1
#define HAVE_SYS_STATFS_H 1
#define HAVE_SYS_PARAM_H 1
#define HAVE_SYS_MOUNT_H 1
#define STAT_STATVFS 1
#define HAVE_STRUCT_STATVFS_F_NAMEMAX 1
#define HAVE_STRUCT_STATFS_F_NAMELEN 1
#define _FILE_OFFSET_BITS 64
#define HAVE_MNTENT_H 1
#define HAVE_SETMNTENT 1
#define IPv6 1

configure: exit 0
