The system is: Linux - 3.2.16-030216-generic - i686
Compiling the C compiler identification source file "CMakeCCompilerId.c" succeeded.
Compiler: /toolchain/bin/i486-TSOL-linux-gnu-gcc 
Build flags: -Os
Id flags: 

The output was:
0


Compilation of the C compiler identification source "CMakeCCompilerId.c" produced "a.out"

The C compiler identification is GNU, found in "/source/clients/freerdp-git-awk-18112013/CMakeFiles/2.8.10.2/CompilerIdC/a.out"

Determining if the C compiler works passed with the following output:
Change Dir: /source/clients/freerdp-git-awk-18112013/CMakeFiles/CMakeTmp

Run Build Command:/usr/bin/make "cmTryCompileExec200448078/fast"
/usr/bin/make -f CMakeFiles/cmTryCompileExec200448078.dir/build.make CMakeFiles/cmTryCompileExec200448078.dir/build
make[1]: Entering directory `/source/clients/freerdp-git-awk-18112013/CMakeFiles/CMakeTmp'
/usr/bin/cmake -E cmake_progress_report /source/clients/freerdp-git-awk-18112013/CMakeFiles/CMakeTmp/CMakeFiles 1
Building C object CMakeFiles/cmTryCompileExec200448078.dir/testCCompiler.c.o
/toolchain/bin/i486-TSOL-linux-gnu-gcc   -Os      -o CMakeFiles/cmTryCompileExec200448078.dir/testCCompiler.c.o   -c /source/clients/freerdp-git-awk-18112013/CMakeFiles/CMakeTmp/testCCompiler.c
Linking C executable cmTryCompileExec200448078
/usr/bin/cmake -E cmake_link_script CMakeFiles/cmTryCompileExec200448078.dir/link.txt --verbose=1
/toolchain/bin/i486-TSOL-linux-gnu-gcc   -Os      -static-libgcc CMakeFiles/cmTryCompileExec200448078.dir/testCCompiler.c.o  -o cmTryCompileExec200448078 -rdynamic 
make[1]: Leaving directory `/source/clients/freerdp-git-awk-18112013/CMakeFiles/CMakeTmp'


Detecting C compiler ABI info compiled with the following output:
Change Dir: /source/clients/freerdp-git-awk-18112013/CMakeFiles/CMakeTmp

Run Build Command:/usr/bin/make "cmTryCompileExec2938602846/fast"
/usr/bin/make -f CMakeFiles/cmTryCompileExec2938602846.dir/build.make CMakeFiles/cmTryCompileExec2938602846.dir/build
make[1]: Entering directory `/source/clients/freerdp-git-awk-18112013/CMakeFiles/CMakeTmp'
/usr/bin/cmake -E cmake_progress_report /source/clients/freerdp-git-awk-18112013/CMakeFiles/CMakeTmp/CMakeFiles 1
Building C object CMakeFiles/cmTryCompileExec2938602846.dir/CMakeCCompilerABI.c.o
/toolchain/bin/i486-TSOL-linux-gnu-gcc   -Os      -o CMakeFiles/cmTryCompileExec2938602846.dir/CMakeCCompilerABI.c.o   -c /usr/share/cmake-2.8/Modules/CMakeCCompilerABI.c
Linking C executable cmTryCompileExec2938602846
/usr/bin/cmake -E cmake_link_script CMakeFiles/cmTryCompileExec2938602846.dir/link.txt --verbose=1
/toolchain/bin/i486-TSOL-linux-gnu-gcc   -Os     -v CMakeFiles/cmTryCompileExec2938602846.dir/CMakeCCompilerABI.c.o  -o cmTryCompileExec2938602846 -rdynamic  
Using built-in specs.
COLLECT_GCC=/toolchain/bin/i486-TSOL-linux-gnu-gcc
COLLECT_LTO_WRAPPER=/toolchain/libexec/gcc/i486-TSOL-linux-gnu/4.6.3/lto-wrapper
Target: i486-TSOL-linux-gnu
Configured with: /TSOL/crosstool-ng-1.15.2/bin/.build/src/gcc-4.6.3/configure --build=i686-build_pc-linux-gnu --host=i686-build_pc-linux-gnu --target=i486-TSOL-linux-gnu --prefix=/toolchain --with-sysroot=/toolchain/i486-TSOL-linux-gnu/sysroot --enable-languages=c,c++ --with-arch=i486 --with-pkgversion='crosstool-NG 1.15.2' --enable-__cxa_atexit --disable-libmudflap --disable-libgomp --disable-libssp --with-gmp=/TSOL/crosstool-ng-1.15.2/bin/.build/i486-TSOL-linux-gnu/buildtools --with-mpfr=/TSOL/crosstool-ng-1.15.2/bin/.build/i486-TSOL-linux-gnu/buildtools --with-mpc=/TSOL/crosstool-ng-1.15.2/bin/.build/i486-TSOL-linux-gnu/buildtools --with-ppl=/TSOL/crosstool-ng-1.15.2/bin/.build/i486-TSOL-linux-gnu/buildtools --with-cloog=/TSOL/crosstool-ng-1.15.2/bin/.build/i486-TSOL-linux-gnu/buildtools --with-libelf=no --with-host-libstdcxx='-static-libgcc -Wl,-Bstatic,-lstdc++,-Bdynamic -lm -L/TSOL/crosstool-ng-1.15.2/bin/.build/i486-TSOL-linux-gnu/buildtools/lib -lpwl' --enable-threads=posix --enable-target-optspace --disable-multilib --with-local-prefix=/toolchain/i486-TSOL-linux-gnu/sysroot --enable-c99 --enable-long-long
Thread model: posix
gcc version 4.6.3 (crosstool-NG 1.15.2) 
COMPILER_PATH=/toolchain/libexec/gcc/i486-TSOL-linux-gnu/4.6.3/:/toolchain/libexec/gcc/i486-TSOL-linux-gnu/4.6.3/:/toolchain/libexec/gcc/i486-TSOL-linux-gnu/:/toolchain/lib/gcc/i486-TSOL-linux-gnu/4.6.3/:/toolchain/lib/gcc/i486-TSOL-linux-gnu/:/toolchain/lib/gcc/i486-TSOL-linux-gnu/4.6.3/../../../../i486-TSOL-linux-gnu/bin/
LIBRARY_PATH=/toolchain/lib/gcc/i486-TSOL-linux-gnu/4.6.3/:/toolchain/lib/gcc/i486-TSOL-linux-gnu/4.6.3/../../../../i486-TSOL-linux-gnu/lib/:/toolchain/i486-TSOL-linux-gnu/sysroot/lib/:/toolchain/i486-TSOL-linux-gnu/sysroot/usr/lib/
COLLECT_GCC_OPTIONS='-Os' '-v' '-o' 'cmTryCompileExec2938602846' '-rdynamic' '-mtune=i486' '-march=i486'
 /toolchain/libexec/gcc/i486-TSOL-linux-gnu/4.6.3/collect2 --sysroot=/toolchain/i486-TSOL-linux-gnu/sysroot --eh-frame-hdr -m elf_i386 -export-dynamic -dynamic-linker /lib/ld-linux.so.2 -o cmTryCompileExec2938602846 /toolchain/i486-TSOL-linux-gnu/sysroot/usr/lib/crt1.o /toolchain/i486-TSOL-linux-gnu/sysroot/usr/lib/crti.o /toolchain/lib/gcc/i486-TSOL-linux-gnu/4.6.3/crtbegin.o -L/toolchain/lib/gcc/i486-TSOL-linux-gnu/4.6.3 -L/toolchain/lib/gcc/i486-TSOL-linux-gnu/4.6.3/../../../../i486-TSOL-linux-gnu/lib -L/toolchain/i486-TSOL-linux-gnu/sysroot/lib -L/toolchain/i486-TSOL-linux-gnu/sysroot/usr/lib CMakeFiles/cmTryCompileExec2938602846.dir/CMakeCCompilerABI.c.o -lgcc --as-needed -lgcc_s --no-as-needed -lc -lgcc --as-needed -lgcc_s --no-as-needed /toolchain/lib/gcc/i486-TSOL-linux-gnu/4.6.3/crtend.o /toolchain/i486-TSOL-linux-gnu/sysroot/usr/lib/crtn.o
make[1]: Leaving directory `/source/clients/freerdp-git-awk-18112013/CMakeFiles/CMakeTmp'


Parsed C implicit link information from above output:
  link line regex: [^( *|.*[/\])(ld|ld|collect2)[^/\]*( |$)]
  ignore line: [Change Dir: /source/clients/freerdp-git-awk-18112013/CMakeFiles/CMakeTmp]
  ignore line: []
  ignore line: [Run Build Command:/usr/bin/make "cmTryCompileExec2938602846/fast"]
  ignore line: [/usr/bin/make -f CMakeFiles/cmTryCompileExec2938602846.dir/build.make CMakeFiles/cmTryCompileExec2938602846.dir/build]
  ignore line: [make[1]: Entering directory `/source/clients/freerdp-git-awk-18112013/CMakeFiles/CMakeTmp']
  ignore line: [/usr/bin/cmake -E cmake_progress_report /source/clients/freerdp-git-awk-18112013/CMakeFiles/CMakeTmp/CMakeFiles 1]
  ignore line: [Building C object CMakeFiles/cmTryCompileExec2938602846.dir/CMakeCCompilerABI.c.o]
  ignore line: [/toolchain/bin/i486-TSOL-linux-gnu-gcc   -Os      -o CMakeFiles/cmTryCompileExec2938602846.dir/CMakeCCompilerABI.c.o   -c /usr/share/cmake-2.8/Modules/CMakeCCompilerABI.c]
  ignore line: [Linking C executable cmTryCompileExec2938602846]
  ignore line: [/usr/bin/cmake -E cmake_link_script CMakeFiles/cmTryCompileExec2938602846.dir/link.txt --verbose=1]
  ignore line: [/toolchain/bin/i486-TSOL-linux-gnu-gcc   -Os     -v CMakeFiles/cmTryCompileExec2938602846.dir/CMakeCCompilerABI.c.o  -o cmTryCompileExec2938602846 -rdynamic  ]
  ignore line: [Using built-in specs.]
  ignore line: [COLLECT_GCC=/toolchain/bin/i486-TSOL-linux-gnu-gcc]
  ignore line: [COLLECT_LTO_WRAPPER=/toolchain/libexec/gcc/i486-TSOL-linux-gnu/4.6.3/lto-wrapper]
  ignore line: [Target: i486-TSOL-linux-gnu]
  ignore line: [Configured with: /TSOL/crosstool-ng-1.15.2/bin/.build/src/gcc-4.6.3/configure --build=i686-build_pc-linux-gnu --host=i686-build_pc-linux-gnu --target=i486-TSOL-linux-gnu --prefix=/toolchain --with-sysroot=/toolchain/i486-TSOL-linux-gnu/sysroot --enable-languages=c,c++ --with-arch=i486 --with-pkgversion='crosstool-NG 1.15.2' --enable-__cxa_atexit --disable-libmudflap --disable-libgomp --disable-libssp --with-gmp=/TSOL/crosstool-ng-1.15.2/bin/.build/i486-TSOL-linux-gnu/buildtools --with-mpfr=/TSOL/crosstool-ng-1.15.2/bin/.build/i486-TSOL-linux-gnu/buildtools --with-mpc=/TSOL/crosstool-ng-1.15.2/bin/.build/i486-TSOL-linux-gnu/buildtools --with-ppl=/TSOL/crosstool-ng-1.15.2/bin/.build/i486-TSOL-linux-gnu/buildtools --with-cloog=/TSOL/crosstool-ng-1.15.2/bin/.build/i486-TSOL-linux-gnu/buildtools --with-libelf=no --with-host-libstdcxx='-static-libgcc -Wl,-Bstatic,-lstdc++,-Bdynamic -lm -L/TSOL/crosstool-ng-1.15.2/bin/.build/i486-TSOL-linux-gnu/buildtools/lib -lpwl' --enable-threads=posix --enable-target-optspace --disable-multilib --with-local-prefix=/toolchain/i486-TSOL-linux-gnu/sysroot --enable-c99 --enable-long-long]
  ignore line: [Thread model: posix]
  ignore line: [gcc version 4.6.3 (crosstool-NG 1.15.2) ]
  ignore line: [COMPILER_PATH=/toolchain/libexec/gcc/i486-TSOL-linux-gnu/4.6.3/:/toolchain/libexec/gcc/i486-TSOL-linux-gnu/4.6.3/:/toolchain/libexec/gcc/i486-TSOL-linux-gnu/:/toolchain/lib/gcc/i486-TSOL-linux-gnu/4.6.3/:/toolchain/lib/gcc/i486-TSOL-linux-gnu/:/toolchain/lib/gcc/i486-TSOL-linux-gnu/4.6.3/../../../../i486-TSOL-linux-gnu/bin/]
  ignore line: [LIBRARY_PATH=/toolchain/lib/gcc/i486-TSOL-linux-gnu/4.6.3/:/toolchain/lib/gcc/i486-TSOL-linux-gnu/4.6.3/../../../../i486-TSOL-linux-gnu/lib/:/toolchain/i486-TSOL-linux-gnu/sysroot/lib/:/toolchain/i486-TSOL-linux-gnu/sysroot/usr/lib/]
  ignore line: [COLLECT_GCC_OPTIONS='-Os' '-v' '-o' 'cmTryCompileExec2938602846' '-rdynamic' '-mtune=i486' '-march=i486']
  link line: [ /toolchain/libexec/gcc/i486-TSOL-linux-gnu/4.6.3/collect2 --sysroot=/toolchain/i486-TSOL-linux-gnu/sysroot --eh-frame-hdr -m elf_i386 -export-dynamic -dynamic-linker /lib/ld-linux.so.2 -o cmTryCompileExec2938602846 /toolchain/i486-TSOL-linux-gnu/sysroot/usr/lib/crt1.o /toolchain/i486-TSOL-linux-gnu/sysroot/usr/lib/crti.o /toolchain/lib/gcc/i486-TSOL-linux-gnu/4.6.3/crtbegin.o -L/toolchain/lib/gcc/i486-TSOL-linux-gnu/4.6.3 -L/toolchain/lib/gcc/i486-TSOL-linux-gnu/4.6.3/../../../../i486-TSOL-linux-gnu/lib -L/toolchain/i486-TSOL-linux-gnu/sysroot/lib -L/toolchain/i486-TSOL-linux-gnu/sysroot/usr/lib CMakeFiles/cmTryCompileExec2938602846.dir/CMakeCCompilerABI.c.o -lgcc --as-needed -lgcc_s --no-as-needed -lc -lgcc --as-needed -lgcc_s --no-as-needed /toolchain/lib/gcc/i486-TSOL-linux-gnu/4.6.3/crtend.o /toolchain/i486-TSOL-linux-gnu/sysroot/usr/lib/crtn.o]
    arg [/toolchain/libexec/gcc/i486-TSOL-linux-gnu/4.6.3/collect2] ==> ignore
    arg [--sysroot=/toolchain/i486-TSOL-linux-gnu/sysroot] ==> ignore
    arg [--eh-frame-hdr] ==> ignore
    arg [-m] ==> ignore
    arg [elf_i386] ==> ignore
    arg [-export-dynamic] ==> ignore
    arg [-dynamic-linker] ==> ignore
    arg [/lib/ld-linux.so.2] ==> ignore
    arg [-o] ==> ignore
    arg [cmTryCompileExec2938602846] ==> ignore
    arg [/toolchain/i486-TSOL-linux-gnu/sysroot/usr/lib/crt1.o] ==> ignore
    arg [/toolchain/i486-TSOL-linux-gnu/sysroot/usr/lib/crti.o] ==> ignore
    arg [/toolchain/lib/gcc/i486-TSOL-linux-gnu/4.6.3/crtbegin.o] ==> ignore
    arg [-L/toolchain/lib/gcc/i486-TSOL-linux-gnu/4.6.3] ==> dir [/toolchain/lib/gcc/i486-TSOL-linux-gnu/4.6.3]
    arg [-L/toolchain/lib/gcc/i486-TSOL-linux-gnu/4.6.3/../../../../i486-TSOL-linux-gnu/lib] ==> dir [/toolchain/lib/gcc/i486-TSOL-linux-gnu/4.6.3/../../../../i486-TSOL-linux-gnu/lib]
    arg [-L/toolchain/i486-TSOL-linux-gnu/sysroot/lib] ==> dir [/toolchain/i486-TSOL-linux-gnu/sysroot/lib]
    arg [-L/toolchain/i486-TSOL-linux-gnu/sysroot/usr/lib] ==> dir [/toolchain/i486-TSOL-linux-gnu/sysroot/usr/lib]
    arg [CMakeFiles/cmTryCompileExec2938602846.dir/CMakeCCompilerABI.c.o] ==> ignore
    arg [-lgcc] ==> lib [gcc]
    arg [--as-needed] ==> ignore
    arg [-lgcc_s] ==> lib [gcc_s]
    arg [--no-as-needed] ==> ignore
    arg [-lc] ==> lib [c]
    arg [-lgcc] ==> lib [gcc]
    arg [--as-needed] ==> ignore
    arg [-lgcc_s] ==> lib [gcc_s]
    arg [--no-as-needed] ==> ignore
    arg [/toolchain/lib/gcc/i486-TSOL-linux-gnu/4.6.3/crtend.o] ==> ignore
    arg [/toolchain/i486-TSOL-linux-gnu/sysroot/usr/lib/crtn.o] ==> ignore
  remove lib [gcc]
  remove lib [gcc_s]
  remove lib [gcc]
  remove lib [gcc_s]
  collapse dir [/toolchain/lib/gcc/i486-TSOL-linux-gnu/4.6.3] ==> [/toolchain/lib/gcc/i486-TSOL-linux-gnu/4.6.3]
  collapse dir [/toolchain/lib/gcc/i486-TSOL-linux-gnu/4.6.3/../../../../i486-TSOL-linux-gnu/lib] ==> [/toolchain/i486-TSOL-linux-gnu/lib]
  collapse dir [/toolchain/i486-TSOL-linux-gnu/sysroot/lib] ==> [/toolchain/i486-TSOL-linux-gnu/sysroot/lib]
  collapse dir [/toolchain/i486-TSOL-linux-gnu/sysroot/usr/lib] ==> [/toolchain/i486-TSOL-linux-gnu/sysroot/usr/lib]
  implicit libs: [c]
  implicit dirs: [/toolchain/lib/gcc/i486-TSOL-linux-gnu/4.6.3;/toolchain/i486-TSOL-linux-gnu/lib;/toolchain/i486-TSOL-linux-gnu/sysroot/lib;/toolchain/i486-TSOL-linux-gnu/sysroot/usr/lib]


The target system is: Linux - 3.2.16-030216-generic - i686
The host system is: Linux - 3.2.16-030216-generic - i686
Performing C SOURCE FILE Test Wno-unused-result succeded with the following output:
Change Dir: /source/clients/freerdp-git-awk-18112013/CMakeFiles/CMakeTmp

Run Build Command:/usr/bin/make "cmTryCompileExec3996947446/fast"
/usr/bin/make -f CMakeFiles/cmTryCompileExec3996947446.dir/build.make CMakeFiles/cmTryCompileExec3996947446.dir/build
make[1]: Entering directory `/source/clients/freerdp-git-awk-18112013/CMakeFiles/CMakeTmp'
/usr/bin/cmake -E cmake_progress_report /source/clients/freerdp-git-awk-18112013/CMakeFiles/CMakeTmp/CMakeFiles 1
Building C object CMakeFiles/cmTryCompileExec3996947446.dir/src.c.o
/toolchain/bin/i486-TSOL-linux-gnu-gcc   -Os  -march=i686 -Wall  -DWno-unused-result -fPIE   -Wno-unused-result -o CMakeFiles/cmTryCompileExec3996947446.dir/src.c.o   -c /source/clients/freerdp-git-awk-18112013/CMakeFiles/CMakeTmp/src.c
<command-line>:0:4: warning: missing whitespace after the macro name [enabled by default]
Linking C executable cmTryCompileExec3996947446
/usr/bin/cmake -E cmake_link_script CMakeFiles/cmTryCompileExec3996947446.dir/link.txt --verbose=1
/toolchain/bin/i486-TSOL-linux-gnu-gcc   -Os  -march=i686 -Wall  -DWno-unused-result   -static-libgcc CMakeFiles/cmTryCompileExec3996947446.dir/src.c.o  -o cmTryCompileExec3996947446 -rdynamic 
make[1]: Leaving directory `/source/clients/freerdp-git-awk-18112013/CMakeFiles/CMakeTmp'

Source file was:
int main(void) { return 0; }
Performing C SOURCE FILE Test Wno-unused-but-set-variable succeded with the following output:
Change Dir: /source/clients/freerdp-git-awk-18112013/CMakeFiles/CMakeTmp

Run Build Command:/usr/bin/make "cmTryCompileExec1470114691/fast"
/usr/bin/make -f CMakeFiles/cmTryCompileExec1470114691.dir/build.make CMakeFiles/cmTryCompileExec1470114691.dir/build
make[1]: Entering directory `/source/clients/freerdp-git-awk-18112013/CMakeFiles/CMakeTmp'
/usr/bin/cmake -E cmake_progress_report /source/clients/freerdp-git-awk-18112013/CMakeFiles/CMakeTmp/CMakeFiles 1
Building C object CMakeFiles/cmTryCompileExec1470114691.dir/src.c.o
/toolchain/bin/i486-TSOL-linux-gnu-gcc   -Os  -march=i686 -Wall -Wno-unused-result  -DWno-unused-but-set-variable -fPIE   -Wno-unused-but-set-variable -o CMakeFiles/cmTryCompileExec1470114691.dir/src.c.o   -c /source/clients/freerdp-git-awk-18112013/CMakeFiles/CMakeTmp/src.c
<command-line>:0:4: warning: missing whitespace after the macro name [enabled by default]
Linking C executable cmTryCompileExec1470114691
/usr/bin/cmake -E cmake_link_script CMakeFiles/cmTryCompileExec1470114691.dir/link.txt --verbose=1
/toolchain/bin/i486-TSOL-linux-gnu-gcc   -Os  -march=i686 -Wall -Wno-unused-result  -DWno-unused-but-set-variable   -static-libgcc CMakeFiles/cmTryCompileExec1470114691.dir/src.c.o  -o cmTryCompileExec1470114691 -rdynamic 
make[1]: Leaving directory `/source/clients/freerdp-git-awk-18112013/CMakeFiles/CMakeTmp'

Source file was:
int main(void) { return 0; }
Performing C SOURCE FILE Test Wno-deprecated-declarations succeded with the following output:
Change Dir: /source/clients/freerdp-git-awk-18112013/CMakeFiles/CMakeTmp

Run Build Command:/usr/bin/make "cmTryCompileExec3719550999/fast"
/usr/bin/make -f CMakeFiles/cmTryCompileExec3719550999.dir/build.make CMakeFiles/cmTryCompileExec3719550999.dir/build
make[1]: Entering directory `/source/clients/freerdp-git-awk-18112013/CMakeFiles/CMakeTmp'
/usr/bin/cmake -E cmake_progress_report /source/clients/freerdp-git-awk-18112013/CMakeFiles/CMakeTmp/CMakeFiles 1
Building C object CMakeFiles/cmTryCompileExec3719550999.dir/src.c.o
/toolchain/bin/i486-TSOL-linux-gnu-gcc   -Os  -march=i686 -Wall -Wno-unused-result -Wno-unused-but-set-variable  -DWno-deprecated-declarations -fPIE   -Wno-deprecated-declarations -o CMakeFiles/cmTryCompileExec3719550999.dir/src.c.o   -c /source/clients/freerdp-git-awk-18112013/CMakeFiles/CMakeTmp/src.c
<command-line>:0:4: warning: missing whitespace after the macro name [enabled by default]
Linking C executable cmTryCompileExec3719550999
/usr/bin/cmake -E cmake_link_script CMakeFiles/cmTryCompileExec3719550999.dir/link.txt --verbose=1
/toolchain/bin/i486-TSOL-linux-gnu-gcc   -Os  -march=i686 -Wall -Wno-unused-result -Wno-unused-but-set-variable  -DWno-deprecated-declarations   -static-libgcc CMakeFiles/cmTryCompileExec3719550999.dir/src.c.o  -o cmTryCompileExec3719550999 -rdynamic 
make[1]: Leaving directory `/source/clients/freerdp-git-awk-18112013/CMakeFiles/CMakeTmp'

Source file was:
int main(void) { return 0; }
Determining if files fcntl.h exist passed with the following output:
Change Dir: /source/clients/freerdp-git-awk-18112013/CMakeFiles/CMakeTmp

Run Build Command:/usr/bin/make "cmTryCompileExec3828589194/fast"
/usr/bin/make -f CMakeFiles/cmTryCompileExec3828589194.dir/build.make CMakeFiles/cmTryCompileExec3828589194.dir/build
make[1]: Entering directory `/source/clients/freerdp-git-awk-18112013/CMakeFiles/CMakeTmp'
/usr/bin/cmake -E cmake_progress_report /source/clients/freerdp-git-awk-18112013/CMakeFiles/CMakeTmp/CMakeFiles 1
Building C object CMakeFiles/cmTryCompileExec3828589194.dir/CheckIncludeFiles.c.o
/toolchain/bin/i486-TSOL-linux-gnu-gcc   -Os  -march=i686 -Wall -Wno-unused-result -Wno-unused-but-set-variable -Wno-deprecated-declarations -O2 -msse2 -DWINPR_EXPORTS -DFREERDP_EXPORTS   -fPIE   -o CMakeFiles/cmTryCompileExec3828589194.dir/CheckIncludeFiles.c.o   -c /source/clients/freerdp-git-awk-18112013/CMakeFiles/CMakeTmp/CheckIncludeFiles.c
Linking C executable cmTryCompileExec3828589194
/usr/bin/cmake -E cmake_link_script CMakeFiles/cmTryCompileExec3828589194.dir/link.txt --verbose=1
/toolchain/bin/i486-TSOL-linux-gnu-gcc   -Os  -march=i686 -Wall -Wno-unused-result -Wno-unused-but-set-variable -Wno-deprecated-declarations -O2 -msse2 -DWINPR_EXPORTS -DFREERDP_EXPORTS     -static-libgcc CMakeFiles/cmTryCompileExec3828589194.dir/CheckIncludeFiles.c.o  -o cmTryCompileExec3828589194 -rdynamic 
make[1]: Leaving directory `/source/clients/freerdp-git-awk-18112013/CMakeFiles/CMakeTmp'


Determining if files unistd.h exist passed with the following output:
Change Dir: /source/clients/freerdp-git-awk-18112013/CMakeFiles/CMakeTmp

Run Build Command:/usr/bin/make "cmTryCompileExec1553495955/fast"
/usr/bin/make -f CMakeFiles/cmTryCompileExec1553495955.dir/build.make CMakeFiles/cmTryCompileExec1553495955.dir/build
make[1]: Entering directory `/source/clients/freerdp-git-awk-18112013/CMakeFiles/CMakeTmp'
/usr/bin/cmake -E cmake_progress_report /source/clients/freerdp-git-awk-18112013/CMakeFiles/CMakeTmp/CMakeFiles 1
Building C object CMakeFiles/cmTryCompileExec1553495955.dir/CheckIncludeFiles.c.o
/toolchain/bin/i486-TSOL-linux-gnu-gcc   -Os  -march=i686 -Wall -Wno-unused-result -Wno-unused-but-set-variable -Wno-deprecated-declarations -O2 -msse2 -DWINPR_EXPORTS -DFREERDP_EXPORTS   -fPIE   -o CMakeFiles/cmTryCompileExec1553495955.dir/CheckIncludeFiles.c.o   -c /source/clients/freerdp-git-awk-18112013/CMakeFiles/CMakeTmp/CheckIncludeFiles.c
Linking C executable cmTryCompileExec1553495955
/usr/bin/cmake -E cmake_link_script CMakeFiles/cmTryCompileExec1553495955.dir/link.txt --verbose=1
/toolchain/bin/i486-TSOL-linux-gnu-gcc   -Os  -march=i686 -Wall -Wno-unused-result -Wno-unused-but-set-variable -Wno-deprecated-declarations -O2 -msse2 -DWINPR_EXPORTS -DFREERDP_EXPORTS     -static-libgcc CMakeFiles/cmTryCompileExec1553495955.dir/CheckIncludeFiles.c.o  -o cmTryCompileExec1553495955 -rdynamic 
make[1]: Leaving directory `/source/clients/freerdp-git-awk-18112013/CMakeFiles/CMakeTmp'


Determining if files stdint.h exist passed with the following output:
Change Dir: /source/clients/freerdp-git-awk-18112013/CMakeFiles/CMakeTmp

Run Build Command:/usr/bin/make "cmTryCompileExec3894277058/fast"
/usr/bin/make -f CMakeFiles/cmTryCompileExec3894277058.dir/build.make CMakeFiles/cmTryCompileExec3894277058.dir/build
make[1]: Entering directory `/source/clients/freerdp-git-awk-18112013/CMakeFiles/CMakeTmp'
/usr/bin/cmake -E cmake_progress_report /source/clients/freerdp-git-awk-18112013/CMakeFiles/CMakeTmp/CMakeFiles 1
Building C object CMakeFiles/cmTryCompileExec3894277058.dir/CheckIncludeFiles.c.o
/toolchain/bin/i486-TSOL-linux-gnu-gcc   -Os  -march=i686 -Wall -Wno-unused-result -Wno-unused-but-set-variable -Wno-deprecated-declarations -O2 -msse2 -DWINPR_EXPORTS -DFREERDP_EXPORTS   -fPIE   -o CMakeFiles/cmTryCompileExec3894277058.dir/CheckIncludeFiles.c.o   -c /source/clients/freerdp-git-awk-18112013/CMakeFiles/CMakeTmp/CheckIncludeFiles.c
Linking C executable cmTryCompileExec3894277058
/usr/bin/cmake -E cmake_link_script CMakeFiles/cmTryCompileExec3894277058.dir/link.txt --verbose=1
/toolchain/bin/i486-TSOL-linux-gnu-gcc   -Os  -march=i686 -Wall -Wno-unused-result -Wno-unused-but-set-variable -Wno-deprecated-declarations -O2 -msse2 -DWINPR_EXPORTS -DFREERDP_EXPORTS     -static-libgcc CMakeFiles/cmTryCompileExec3894277058.dir/CheckIncludeFiles.c.o  -o cmTryCompileExec3894277058 -rdynamic 
make[1]: Leaving directory `/source/clients/freerdp-git-awk-18112013/CMakeFiles/CMakeTmp'


Determining if files inttypes.h exist passed with the following output:
Change Dir: /source/clients/freerdp-git-awk-18112013/CMakeFiles/CMakeTmp

Run Build Command:/usr/bin/make "cmTryCompileExec2924577296/fast"
/usr/bin/make -f CMakeFiles/cmTryCompileExec2924577296.dir/build.make CMakeFiles/cmTryCompileExec2924577296.dir/build
make[1]: Entering directory `/source/clients/freerdp-git-awk-18112013/CMakeFiles/CMakeTmp'
/usr/bin/cmake -E cmake_progress_report /source/clients/freerdp-git-awk-18112013/CMakeFiles/CMakeTmp/CMakeFiles 1
Building C object CMakeFiles/cmTryCompileExec2924577296.dir/CheckIncludeFiles.c.o
/toolchain/bin/i486-TSOL-linux-gnu-gcc   -Os  -march=i686 -Wall -Wno-unused-result -Wno-unused-but-set-variable -Wno-deprecated-declarations -O2 -msse2 -DWINPR_EXPORTS -DFREERDP_EXPORTS   -fPIE   -o CMakeFiles/cmTryCompileExec2924577296.dir/CheckIncludeFiles.c.o   -c /source/clients/freerdp-git-awk-18112013/CMakeFiles/CMakeTmp/CheckIncludeFiles.c
Linking C executable cmTryCompileExec2924577296
/usr/bin/cmake -E cmake_link_script CMakeFiles/cmTryCompileExec2924577296.dir/link.txt --verbose=1
/toolchain/bin/i486-TSOL-linux-gnu-gcc   -Os  -march=i686 -Wall -Wno-unused-result -Wno-unused-but-set-variable -Wno-deprecated-declarations -O2 -msse2 -DWINPR_EXPORTS -DFREERDP_EXPORTS     -static-libgcc CMakeFiles/cmTryCompileExec2924577296.dir/CheckIncludeFiles.c.o  -o cmTryCompileExec2924577296 -rdynamic 
make[1]: Leaving directory `/source/clients/freerdp-git-awk-18112013/CMakeFiles/CMakeTmp'


Determining if files sys/select.h exist passed with the following output:
Change Dir: /source/clients/freerdp-git-awk-18112013/CMakeFiles/CMakeTmp

Run Build Command:/usr/bin/make "cmTryCompileExec678205696/fast"
/usr/bin/make -f CMakeFiles/cmTryCompileExec678205696.dir/build.make CMakeFiles/cmTryCompileExec678205696.dir/build
make[1]: Entering directory `/source/clients/freerdp-git-awk-18112013/CMakeFiles/CMakeTmp'
/usr/bin/cmake -E cmake_progress_report /source/clients/freerdp-git-awk-18112013/CMakeFiles/CMakeTmp/CMakeFiles 1
Building C object CMakeFiles/cmTryCompileExec678205696.dir/CheckIncludeFiles.c.o
/toolchain/bin/i486-TSOL-linux-gnu-gcc   -Os  -march=i686 -Wall -Wno-unused-result -Wno-unused-but-set-variable -Wno-deprecated-declarations -O2 -msse2 -DWINPR_EXPORTS -DFREERDP_EXPORTS   -fPIE   -o CMakeFiles/cmTryCompileExec678205696.dir/CheckIncludeFiles.c.o   -c /source/clients/freerdp-git-awk-18112013/CMakeFiles/CMakeTmp/CheckIncludeFiles.c
Linking C executable cmTryCompileExec678205696
/usr/bin/cmake -E cmake_link_script CMakeFiles/cmTryCompileExec678205696.dir/link.txt --verbose=1
/toolchain/bin/i486-TSOL-linux-gnu-gcc   -Os  -march=i686 -Wall -Wno-unused-result -Wno-unused-but-set-variable -Wno-deprecated-declarations -O2 -msse2 -DWINPR_EXPORTS -DFREERDP_EXPORTS     -static-libgcc CMakeFiles/cmTryCompileExec678205696.dir/CheckIncludeFiles.c.o  -o cmTryCompileExec678205696 -rdynamic 
make[1]: Leaving directory `/source/clients/freerdp-git-awk-18112013/CMakeFiles/CMakeTmp'


Performing C SOURCE FILE Test HAVE_TM_GMTOFF succeded with the following output:
Change Dir: /source/clients/freerdp-git-awk-18112013/CMakeFiles/CMakeTmp

Run Build Command:/usr/bin/make "cmTryCompileExec1872826449/fast"
/usr/bin/make -f CMakeFiles/cmTryCompileExec1872826449.dir/build.make CMakeFiles/cmTryCompileExec1872826449.dir/build
make[1]: Entering directory `/source/clients/freerdp-git-awk-18112013/CMakeFiles/CMakeTmp'
/usr/bin/cmake -E cmake_progress_report /source/clients/freerdp-git-awk-18112013/CMakeFiles/CMakeTmp/CMakeFiles 1
Building C object CMakeFiles/cmTryCompileExec1872826449.dir/src.c.o
/toolchain/bin/i486-TSOL-linux-gnu-gcc   -Os  -march=i686 -Wall -Wno-unused-result -Wno-unused-but-set-variable -Wno-deprecated-declarations -O2 -msse2 -DWINPR_EXPORTS -DFREERDP_EXPORTS  -DHAVE_TM_GMTOFF -fPIE   -o CMakeFiles/cmTryCompileExec1872826449.dir/src.c.o   -c /source/clients/freerdp-git-awk-18112013/CMakeFiles/CMakeTmp/src.c
/source/clients/freerdp-git-awk-18112013/CMakeFiles/CMakeTmp/src.c: In function ‘main’:
/source/clients/freerdp-git-awk-18112013/CMakeFiles/CMakeTmp/src.c:7:4: warning: statement with no effect [-Wunused-value]
Linking C executable cmTryCompileExec1872826449
/usr/bin/cmake -E cmake_link_script CMakeFiles/cmTryCompileExec1872826449.dir/link.txt --verbose=1
/toolchain/bin/i486-TSOL-linux-gnu-gcc   -Os  -march=i686 -Wall -Wno-unused-result -Wno-unused-but-set-variable -Wno-deprecated-declarations -O2 -msse2 -DWINPR_EXPORTS -DFREERDP_EXPORTS  -DHAVE_TM_GMTOFF   -static-libgcc CMakeFiles/cmTryCompileExec1872826449.dir/src.c.o  -o cmTryCompileExec1872826449 -rdynamic 
make[1]: Leaving directory `/source/clients/freerdp-git-awk-18112013/CMakeFiles/CMakeTmp'

Source file was:

#include <time.h>

int main()
{
   struct tm* tmp;
   tmp->tm_gmtoff;
  return 0;
}

Determining if files pthread.h exist passed with the following output:
Change Dir: /source/clients/freerdp-git-awk-18112013/CMakeFiles/CMakeTmp

Run Build Command:/usr/bin/make "cmTryCompileExec1287260550/fast"
/usr/bin/make -f CMakeFiles/cmTryCompileExec1287260550.dir/build.make CMakeFiles/cmTryCompileExec1287260550.dir/build
make[1]: Entering directory `/source/clients/freerdp-git-awk-18112013/CMakeFiles/CMakeTmp'
/usr/bin/cmake -E cmake_progress_report /source/clients/freerdp-git-awk-18112013/CMakeFiles/CMakeTmp/CMakeFiles 1
Building C object CMakeFiles/cmTryCompileExec1287260550.dir/CheckIncludeFiles.c.o
/toolchain/bin/i486-TSOL-linux-gnu-gcc   -Os  -march=i686 -Wall -Wno-unused-result -Wno-unused-but-set-variable -Wno-deprecated-declarations -O2 -msse2 -DWINPR_EXPORTS -DFREERDP_EXPORTS   -fPIE   -o CMakeFiles/cmTryCompileExec1287260550.dir/CheckIncludeFiles.c.o   -c /source/clients/freerdp-git-awk-18112013/CMakeFiles/CMakeTmp/CheckIncludeFiles.c
Linking C executable cmTryCompileExec1287260550
/usr/bin/cmake -E cmake_link_script CMakeFiles/cmTryCompileExec1287260550.dir/link.txt --verbose=1
/toolchain/bin/i486-TSOL-linux-gnu-gcc   -Os  -march=i686 -Wall -Wno-unused-result -Wno-unused-but-set-variable -Wno-deprecated-declarations -O2 -msse2 -DWINPR_EXPORTS -DFREERDP_EXPORTS     -static-libgcc CMakeFiles/cmTryCompileExec1287260550.dir/CheckIncludeFiles.c.o  -o cmTryCompileExec1287260550 -rdynamic 
make[1]: Leaving directory `/source/clients/freerdp-git-awk-18112013/CMakeFiles/CMakeTmp'


Determining if the function pthread_create exists in the pthread passed with the following output:
Change Dir: /source/clients/freerdp-git-awk-18112013/CMakeFiles/CMakeTmp

Run Build Command:/usr/bin/make "cmTryCompileExec2424086290/fast"
/usr/bin/make -f CMakeFiles/cmTryCompileExec2424086290.dir/build.make CMakeFiles/cmTryCompileExec2424086290.dir/build
make[1]: Entering directory `/source/clients/freerdp-git-awk-18112013/CMakeFiles/CMakeTmp'
/usr/bin/cmake -E cmake_progress_report /source/clients/freerdp-git-awk-18112013/CMakeFiles/CMakeTmp/CMakeFiles 1
Building C object CMakeFiles/cmTryCompileExec2424086290.dir/CheckFunctionExists.c.o
/toolchain/bin/i486-TSOL-linux-gnu-gcc   -Os  -march=i686 -Wall -Wno-unused-result -Wno-unused-but-set-variable -Wno-deprecated-declarations -O2 -msse2 -DWINPR_EXPORTS -DFREERDP_EXPORTS  -DCHECK_FUNCTION_EXISTS=pthread_create -fPIE   -o CMakeFiles/cmTryCompileExec2424086290.dir/CheckFunctionExists.c.o   -c /usr/share/cmake-2.8/Modules/CheckFunctionExists.c
Linking C executable cmTryCompileExec2424086290
/usr/bin/cmake -E cmake_link_script CMakeFiles/cmTryCompileExec2424086290.dir/link.txt --verbose=1
/toolchain/bin/i486-TSOL-linux-gnu-gcc   -Os  -march=i686 -Wall -Wno-unused-result -Wno-unused-but-set-variable -Wno-deprecated-declarations -O2 -msse2 -DWINPR_EXPORTS -DFREERDP_EXPORTS  -DCHECK_FUNCTION_EXISTS=pthread_create   -static-libgcc CMakeFiles/cmTryCompileExec2424086290.dir/CheckFunctionExists.c.o  -o cmTryCompileExec2424086290 -rdynamic -lpthread 
make[1]: Leaving directory `/source/clients/freerdp-git-awk-18112013/CMakeFiles/CMakeTmp'


Determining if the function pthread_tryjoin_np exists in the pthread passed with the following output:
Change Dir: /source/clients/freerdp-git-awk-18112013/CMakeFiles/CMakeTmp

Run Build Command:/usr/bin/make "cmTryCompileExec3287938993/fast"
/usr/bin/make -f CMakeFiles/cmTryCompileExec3287938993.dir/build.make CMakeFiles/cmTryCompileExec3287938993.dir/build
make[1]: Entering directory `/source/clients/freerdp-git-awk-18112013/CMakeFiles/CMakeTmp'
/usr/bin/cmake -E cmake_progress_report /source/clients/freerdp-git-awk-18112013/CMakeFiles/CMakeTmp/CMakeFiles 1
Building C object CMakeFiles/cmTryCompileExec3287938993.dir/CheckFunctionExists.c.o
/toolchain/bin/i486-TSOL-linux-gnu-gcc  -D_GNU_SOURCE -Os  -march=i686 -Wall -Wno-unused-result -Wno-unused-but-set-variable -Wno-deprecated-declarations -O2 -msse2 -DWINPR_EXPORTS -DFREERDP_EXPORTS  -DCHECK_FUNCTION_EXISTS=pthread_tryjoin_np -fPIE   -o CMakeFiles/cmTryCompileExec3287938993.dir/CheckFunctionExists.c.o   -c /usr/share/cmake-2.8/Modules/CheckFunctionExists.c
Linking C executable cmTryCompileExec3287938993
/usr/bin/cmake -E cmake_link_script CMakeFiles/cmTryCompileExec3287938993.dir/link.txt --verbose=1
/toolchain/bin/i486-TSOL-linux-gnu-gcc   -Os  -march=i686 -Wall -Wno-unused-result -Wno-unused-but-set-variable -Wno-deprecated-declarations -O2 -msse2 -DWINPR_EXPORTS -DFREERDP_EXPORTS  -DCHECK_FUNCTION_EXISTS=pthread_tryjoin_np   -static-libgcc CMakeFiles/cmTryCompileExec3287938993.dir/CheckFunctionExists.c.o  -o cmTryCompileExec3287938993 -rdynamic -lpthread 
make[1]: Leaving directory `/source/clients/freerdp-git-awk-18112013/CMakeFiles/CMakeTmp'


Determining if files sys/eventfd.h exist passed with the following output:
Change Dir: /source/clients/freerdp-git-awk-18112013/CMakeFiles/CMakeTmp

Run Build Command:/usr/bin/make "cmTryCompileExec3730151008/fast"
/usr/bin/make -f CMakeFiles/cmTryCompileExec3730151008.dir/build.make CMakeFiles/cmTryCompileExec3730151008.dir/build
make[1]: Entering directory `/source/clients/freerdp-git-awk-18112013/CMakeFiles/CMakeTmp'
/usr/bin/cmake -E cmake_progress_report /source/clients/freerdp-git-awk-18112013/CMakeFiles/CMakeTmp/CMakeFiles 1
Building C object CMakeFiles/cmTryCompileExec3730151008.dir/CheckIncludeFiles.c.o
/toolchain/bin/i486-TSOL-linux-gnu-gcc   -Os  -march=i686 -Wall -Wno-unused-result -Wno-unused-but-set-variable -Wno-deprecated-declarations -O2 -msse2 -DWINPR_EXPORTS -DFREERDP_EXPORTS   -fPIE   -o CMakeFiles/cmTryCompileExec3730151008.dir/CheckIncludeFiles.c.o   -c /source/clients/freerdp-git-awk-18112013/CMakeFiles/CMakeTmp/CheckIncludeFiles.c
Linking C executable cmTryCompileExec3730151008
/usr/bin/cmake -E cmake_link_script CMakeFiles/cmTryCompileExec3730151008.dir/link.txt --verbose=1
/toolchain/bin/i486-TSOL-linux-gnu-gcc   -Os  -march=i686 -Wall -Wno-unused-result -Wno-unused-but-set-variable -Wno-deprecated-declarations -O2 -msse2 -DWINPR_EXPORTS -DFREERDP_EXPORTS     -static-libgcc CMakeFiles/cmTryCompileExec3730151008.dir/CheckIncludeFiles.c.o  -o cmTryCompileExec3730151008 -rdynamic 
make[1]: Leaving directory `/source/clients/freerdp-git-awk-18112013/CMakeFiles/CMakeTmp'


Determining if files sys/eventfd.h exist passed with the following output:
Change Dir: /source/clients/freerdp-git-awk-18112013/CMakeFiles/CMakeTmp

Run Build Command:/usr/bin/make "cmTryCompileExec3735494516/fast"
/usr/bin/make -f CMakeFiles/cmTryCompileExec3735494516.dir/build.make CMakeFiles/cmTryCompileExec3735494516.dir/build
make[1]: Entering directory `/source/clients/freerdp-git-awk-18112013/CMakeFiles/CMakeTmp'
/usr/bin/cmake -E cmake_progress_report /source/clients/freerdp-git-awk-18112013/CMakeFiles/CMakeTmp/CMakeFiles 1
Building C object CMakeFiles/cmTryCompileExec3735494516.dir/CheckIncludeFiles.c.o
/toolchain/bin/i486-TSOL-linux-gnu-gcc   -Os  -march=i686 -Wall -Wno-unused-result -Wno-unused-but-set-variable -Wno-deprecated-declarations -O2 -msse2 -DWINPR_EXPORTS -DFREERDP_EXPORTS   -fPIE   -o CMakeFiles/cmTryCompileExec3735494516.dir/CheckIncludeFiles.c.o   -c /source/clients/freerdp-git-awk-18112013/CMakeFiles/CMakeTmp/CheckIncludeFiles.c
Linking C executable cmTryCompileExec3735494516
/usr/bin/cmake -E cmake_link_script CMakeFiles/cmTryCompileExec3735494516.dir/link.txt --verbose=1
/toolchain/bin/i486-TSOL-linux-gnu-gcc   -Os  -march=i686 -Wall -Wno-unused-result -Wno-unused-but-set-variable -Wno-deprecated-declarations -O2 -msse2 -DWINPR_EXPORTS -DFREERDP_EXPORTS     -static-libgcc CMakeFiles/cmTryCompileExec3735494516.dir/CheckIncludeFiles.c.o  -o cmTryCompileExec3735494516 -rdynamic 
make[1]: Leaving directory `/source/clients/freerdp-git-awk-18112013/CMakeFiles/CMakeTmp'


Determining if files sys/timerfd.h exist passed with the following output:
Change Dir: /source/clients/freerdp-git-awk-18112013/CMakeFiles/CMakeTmp

Run Build Command:/usr/bin/make "cmTryCompileExec1806260157/fast"
/usr/bin/make -f CMakeFiles/cmTryCompileExec1806260157.dir/build.make CMakeFiles/cmTryCompileExec1806260157.dir/build
make[1]: Entering directory `/source/clients/freerdp-git-awk-18112013/CMakeFiles/CMakeTmp'
/usr/bin/cmake -E cmake_progress_report /source/clients/freerdp-git-awk-18112013/CMakeFiles/CMakeTmp/CMakeFiles 1
Building C object CMakeFiles/cmTryCompileExec1806260157.dir/CheckIncludeFiles.c.o
/toolchain/bin/i486-TSOL-linux-gnu-gcc   -Os  -march=i686 -Wall -Wno-unused-result -Wno-unused-but-set-variable -Wno-deprecated-declarations -O2 -msse2 -DWINPR_EXPORTS -DFREERDP_EXPORTS   -fPIE   -o CMakeFiles/cmTryCompileExec1806260157.dir/CheckIncludeFiles.c.o   -c /source/clients/freerdp-git-awk-18112013/CMakeFiles/CMakeTmp/CheckIncludeFiles.c
Linking C executable cmTryCompileExec1806260157
/usr/bin/cmake -E cmake_link_script CMakeFiles/cmTryCompileExec1806260157.dir/link.txt --verbose=1
/toolchain/bin/i486-TSOL-linux-gnu-gcc   -Os  -march=i686 -Wall -Wno-unused-result -Wno-unused-but-set-variable -Wno-deprecated-declarations -O2 -msse2 -DWINPR_EXPORTS -DFREERDP_EXPORTS     -static-libgcc CMakeFiles/cmTryCompileExec1806260157.dir/CheckIncludeFiles.c.o  -o cmTryCompileExec1806260157 -rdynamic 
make[1]: Leaving directory `/source/clients/freerdp-git-awk-18112013/CMakeFiles/CMakeTmp'


The target system is: Linux - 3.2.16-030216-generic - i686
The host system is: Linux - 3.2.16-030216-generic - i686
The target system is: Linux - 3.2.16-030216-generic - i686
The host system is: Linux - 3.2.16-030216-generic - i686
The target system is: Linux - 3.2.16-030216-generic - i686
The host system is: Linux - 3.2.16-030216-generic - i686
