This file contains any messages produced by compilers while
running configure, to aid debugging if configure makes a mistake.

It was created by atk configure 1.29.4, which was
generated by GNU Autoconf 2.64.  Invocation command line was

  $ ./configure --prefix=/usr

## --------- ##
## Platform. ##
## --------- ##

hostname = ubuntu4
uname -m = i686
uname -r = 3.2.16-030216-generic
uname -s = Linux
uname -v = #201204221935 SMP Sun Apr 22 23:42:49 UTC 2012

/usr/bin/uname -p = unknown
/bin/uname -X     = unknown

/bin/arch              = unknown
/usr/bin/arch -k       = unknown
/usr/convex/getsysinfo = unknown
/usr/bin/hostinfo      = unknown
/bin/machine           = unknown
/usr/bin/oslevel       = unknown
/bin/universe          = unknown

PATH: /source/docbook-xsl-1.76.1/tools/bin
PATH: /bin
PATH: /sbin
PATH: /usr/bin
PATH: /usr/sbin
PATH: /usr/bin/X11
PATH: /usr/local/bin
PATH: /toolchain/bin
PATH: /toolchain/i486-TSOL-linux-gnu/bin/
PATH: /root/.local/bin
PATH: /usr/xorg/bin


## ----------- ##
## Core tests. ##
## ----------- ##

configure:2429: checking for a BSD-compatible install
configure:2497: result: /bin/install -c
configure:2508: checking whether build environment is sane
configure:2558: result: yes
configure:2699: checking for a thread-safe mkdir -p
configure:2738: result: /bin/mkdir -p
configure:2751: checking for gawk
configure:2767: found /usr/bin/gawk
configure:2778: result: gawk
configure:2789: checking whether make sets $(MAKE)
configure:2811: result: yes
configure:2971: checking for gcc
configure:2998: result: i486-TSOL-linux-gnu-gcc
configure:3227: checking for C compiler version
configure:3236: i486-TSOL-linux-gnu-gcc --version >&5
i486-TSOL-linux-gnu-gcc (crosstool-NG 1.15.2) 4.6.3
Copyright (C) 2011 Free Software Foundation, Inc.
This is free software; see the source for copying conditions.  There is NO
warranty; not even for MERCHANTABILITY or FITNESS FOR A PARTICULAR PURPOSE.

configure:3247: $? = 0
configure:3236: i486-TSOL-linux-gnu-gcc -v >&5
Using built-in specs.
COLLECT_GCC=i486-TSOL-linux-gnu-gcc
COLLECT_LTO_WRAPPER=/toolchain/libexec/gcc/i486-TSOL-linux-gnu/4.6.3/lto-wrapper
Target: i486-TSOL-linux-gnu
Configured with: /TSOL/crosstool-ng-1.15.2/bin/.build/src/gcc-4.6.3/configure --build=i686-build_pc-linux-gnu --host=i686-build_pc-linux-gnu --target=i486-TSOL-linux-gnu --prefix=/toolchain --with-sysroot=/toolchain/i486-TSOL-linux-gnu/sysroot --enable-languages=c,c++ --with-arch=i486 --with-pkgversion='crosstool-NG 1.15.2' --enable-__cxa_atexit --disable-libmudflap --disable-libgomp --disable-libssp --with-gmp=/TSOL/crosstool-ng-1.15.2/bin/.build/i486-TSOL-linux-gnu/buildtools --with-mpfr=/TSOL/crosstool-ng-1.15.2/bin/.build/i486-TSOL-linux-gnu/buildtools --with-mpc=/TSOL/crosstool-ng-1.15.2/bin/.build/i486-TSOL-linux-gnu/buildtools --with-ppl=/TSOL/crosstool-ng-1.15.2/bin/.build/i486-TSOL-linux-gnu/buildtools --with-cloog=/TSOL/crosstool-ng-1.15.2/bin/.build/i486-TSOL-linux-gnu/buildtools --with-libelf=no --with-host-libstdcxx='-static-libgcc -Wl,-Bstatic,-lstdc++,-Bdynamic -lm -L/TSOL/crosstool-ng-1.15.2/bin/.build/i486-TSOL-linux-gnu/buildtools/lib -lpwl' --enable-threads=posix --enable-target-optspace --disable-multilib --with-local-prefix=/toolchain/i486-TSOL-linux-gnu/sysroot --enable-c99 --enable-long-long
Thread model: posix
gcc version 4.6.3 (crosstool-NG 1.15.2) 
configure:3247: $? = 0
configure:3236: i486-TSOL-linux-gnu-gcc -V >&5
i486-TSOL-linux-gnu-gcc: error: unrecognized option '-V'
i486-TSOL-linux-gnu-gcc: fatal error: no input files
compilation terminated.
configure:3247: $? = 1
configure:3236: i486-TSOL-linux-gnu-gcc -qversion >&5
i486-TSOL-linux-gnu-gcc: error: unrecognized option '-qversion'
i486-TSOL-linux-gnu-gcc: fatal error: no input files
compilation terminated.
configure:3247: $? = 1
configure:3269: checking for C compiler default output file name
configure:3291: i486-TSOL-linux-gnu-gcc -Os  -static-libgcc conftest.c  >&5
configure:3295: $? = 0
configure:3332: result: a.out
configure:3348: checking whether the C compiler works
configure:3357: ./a.out
configure:3361: $? = 0
configure:3376: result: yes
configure:3383: checking whether we are cross compiling
configure:3385: result: no
configure:3388: checking for suffix of executables
configure:3395: i486-TSOL-linux-gnu-gcc -o conftest -Os  -static-libgcc conftest.c  >&5
configure:3399: $? = 0
configure:3421: result: 
configure:3427: checking for suffix of object files
configure:3449: i486-TSOL-linux-gnu-gcc -c -Os  conftest.c >&5
configure:3453: $? = 0
configure:3474: result: o
configure:3478: checking whether we are using the GNU C compiler
configure:3497: i486-TSOL-linux-gnu-gcc -c -Os  conftest.c >&5
configure:3497: $? = 0
configure:3506: result: yes
configure:3515: checking whether i486-TSOL-linux-gnu-gcc accepts -g
configure:3535: i486-TSOL-linux-gnu-gcc -c -g  conftest.c >&5
configure:3535: $? = 0
configure:3576: result: yes
configure:3593: checking for i486-TSOL-linux-gnu-gcc option to accept ISO C89
configure:3657: i486-TSOL-linux-gnu-gcc  -c -Os  conftest.c >&5
configure:3657: $? = 0
configure:3670: result: none needed
configure:3701: checking for style of include used by make
configure:3729: result: GNU
configure:3754: checking dependency style of i486-TSOL-linux-gnu-gcc
configure:3864: result: gcc3
configure:3914: checking build system type
configure:3928: result: i686-pc-linux-gnu
configure:3948: checking host system type
configure:3961: result: i686-pc-linux-gnu
configure:4309: checking for a sed that does not truncate output
configure:4373: result: /usr/bin/sed
configure:4391: checking for grep that handles long lines and -e
configure:4449: result: /usr/bin/grep
configure:4454: checking for egrep
configure:4516: result: /usr/bin/grep -E
configure:4521: checking for fgrep
configure:4583: result: /usr/bin/grep -F
configure:4618: checking for ld used by i486-TSOL-linux-gnu-gcc
configure:4685: result: i486-TSOL-linux-gnu-ld
configure:4692: checking if the linker (i486-TSOL-linux-gnu-ld) is GNU ld
configure:4707: result: yes
configure:4719: checking for BSD- or MS-compatible name lister (nm)
configure:4768: result: /toolchain/i486-TSOL-linux-gnu/bin//nm -B
configure:4886: checking the name lister (/toolchain/i486-TSOL-linux-gnu/bin//nm -B) interface
configure:4893: i486-TSOL-linux-gnu-gcc -c -Os  conftest.c >&5
configure:4896: /toolchain/i486-TSOL-linux-gnu/bin//nm -B "conftest.o"
configure:4899: output
00000000 B some_variable
configure:4906: result: BSD nm
configure:4909: checking whether ln -s works
configure:4913: result: yes
configure:4921: checking the maximum length of command line arguments
configure:5041: result: 1572864
configure:5058: checking whether the shell understands some XSI constructs
configure:5068: result: yes
configure:5072: checking whether the shell understands "+="
configure:5078: result: yes
configure:5113: checking for i486-TSOL-linux-gnu-ld option to reload object files
configure:5120: result: -r
configure:5189: checking for objdump
configure:5216: result: objdump
configure:5245: checking how to recognize dependent libraries
configure:5441: result: pass_all
configure:5501: checking for ar
configure:5517: found /toolchain/i486-TSOL-linux-gnu/bin//ar
configure:5528: result: ar
configure:5606: checking for strip
configure:5622: found /toolchain/i486-TSOL-linux-gnu/bin//strip
configure:5633: result: strip
configure:5705: checking for ranlib
configure:5721: found /toolchain/i486-TSOL-linux-gnu/bin//ranlib
configure:5732: result: ranlib
configure:5822: checking command to parse /toolchain/i486-TSOL-linux-gnu/bin//nm -B output from i486-TSOL-linux-gnu-gcc object
configure:5940: i486-TSOL-linux-gnu-gcc -c -Os  conftest.c >&5
configure:5943: $? = 0
configure:5947: /toolchain/i486-TSOL-linux-gnu/bin//nm -B conftest.o \| sed -n -e 's/^.*[	 ]\([ABCDGIRSTW][ABCDGIRSTW]*\)[	 ][	 ]*\([_A-Za-z][_A-Za-z0-9]*\)$/\1 \2 \2/p' \> conftest.nm
configure:5950: $? = 0
configure:6004: i486-TSOL-linux-gnu-gcc -o conftest -Os  -static-libgcc conftest.c conftstm.o >&5
configure:6007: $? = 0
configure:6045: result: ok
configure:6854: checking how to run the C preprocessor
configure:6885: i486-TSOL-linux-gnu-gcc -E  conftest.c
configure:6885: $? = 0
configure:6899: i486-TSOL-linux-gnu-gcc -E  conftest.c
conftest.c:12:28: fatal error: ac_nonexistent.h: No such file or directory
compilation terminated.
configure:6899: $? = 1
configure: failed program was:
| /* confdefs.h */
| #define PACKAGE_NAME "atk"
| #define PACKAGE_TARNAME "atk"
| #define PACKAGE_VERSION "1.29.4"
| #define PACKAGE_STRING "atk 1.29.4"
| #define PACKAGE_BUGREPORT "http://bugzilla.gnome.org/enter_bug.cgi?product=atk"
| #define PACKAGE_URL ""
| #define PACKAGE "atk"
| #define VERSION "1.29.4"
| #define GETTEXT_PACKAGE "atk10"
| /* end confdefs.h.  */
| #include <ac_nonexistent.h>
configure:6924: result: i486-TSOL-linux-gnu-gcc -E
configure:6944: i486-TSOL-linux-gnu-gcc -E  conftest.c
configure:6944: $? = 0
configure:6958: i486-TSOL-linux-gnu-gcc -E  conftest.c
conftest.c:12:28: fatal error: ac_nonexistent.h: No such file or directory
compilation terminated.
configure:6958: $? = 1
configure: failed program was:
| /* confdefs.h */
| #define PACKAGE_NAME "atk"
| #define PACKAGE_TARNAME "atk"
| #define PACKAGE_VERSION "1.29.4"
| #define PACKAGE_STRING "atk 1.29.4"
| #define PACKAGE_BUGREPORT "http://bugzilla.gnome.org/enter_bug.cgi?product=atk"
| #define PACKAGE_URL ""
| #define PACKAGE "atk"
| #define VERSION "1.29.4"
| #define GETTEXT_PACKAGE "atk10"
| /* end confdefs.h.  */
| #include <ac_nonexistent.h>
configure:6987: checking for ANSI C header files
configure:7007: i486-TSOL-linux-gnu-gcc -c -Os  conftest.c >&5
configure:7007: $? = 0
configure:7080: i486-TSOL-linux-gnu-gcc -o conftest -Os  -static-libgcc conftest.c  >&5
configure:7080: $? = 0
configure:7080: ./conftest
configure:7080: $? = 0
configure:7091: result: yes
configure:7104: checking for sys/types.h
configure:7104: i486-TSOL-linux-gnu-gcc -c -Os  conftest.c >&5
configure:7104: $? = 0
configure:7104: result: yes
configure:7104: checking for sys/stat.h
configure:7104: i486-TSOL-linux-gnu-gcc -c -Os  conftest.c >&5
configure:7104: $? = 0
configure:7104: result: yes
configure:7104: checking for stdlib.h
configure:7104: i486-TSOL-linux-gnu-gcc -c -Os  conftest.c >&5
configure:7104: $? = 0
configure:7104: result: yes
configure:7104: checking for string.h
configure:7104: i486-TSOL-linux-gnu-gcc -c -Os  conftest.c >&5
configure:7104: $? = 0
configure:7104: result: yes
configure:7104: checking for memory.h
configure:7104: i486-TSOL-linux-gnu-gcc -c -Os  conftest.c >&5
configure:7104: $? = 0
configure:7104: result: yes
configure:7104: checking for strings.h
configure:7104: i486-TSOL-linux-gnu-gcc -c -Os  conftest.c >&5
configure:7104: $? = 0
configure:7104: result: yes
configure:7104: checking for inttypes.h
configure:7104: i486-TSOL-linux-gnu-gcc -c -Os  conftest.c >&5
configure:7104: $? = 0
configure:7104: result: yes
configure:7104: checking for stdint.h
configure:7104: i486-TSOL-linux-gnu-gcc -c -Os  conftest.c >&5
configure:7104: $? = 0
configure:7104: result: yes
configure:7104: checking for unistd.h
configure:7104: i486-TSOL-linux-gnu-gcc -c -Os  conftest.c >&5
configure:7104: $? = 0
configure:7104: result: yes
configure:7119: checking for dlfcn.h
configure:7119: i486-TSOL-linux-gnu-gcc -c -Os  conftest.c >&5
configure:7119: $? = 0
configure:7119: result: yes
configure:7271: checking for objdir
configure:7286: result: .libs
configure:7582: checking if i486-TSOL-linux-gnu-gcc supports -fno-rtti -fno-exceptions
configure:7600: i486-TSOL-linux-gnu-gcc -c -Os  -fno-rtti -fno-exceptions conftest.c >&5
cc1: warning: command line option '-fno-rtti' is valid for C++/ObjC++ but not for C [enabled by default]
configure:7604: $? = 0
configure:7617: result: no
configure:7637: checking for i486-TSOL-linux-gnu-gcc option to produce PIC
configure:7909: result: -fPIC -DPIC
configure:7921: checking if i486-TSOL-linux-gnu-gcc PIC flag -fPIC -DPIC works
configure:7939: i486-TSOL-linux-gnu-gcc -c -Os  -fPIC -DPIC -DPIC conftest.c >&5
configure:7943: $? = 0
configure:7956: result: yes
configure:7980: checking if i486-TSOL-linux-gnu-gcc static flag -static works
configure:8008: result: yes
configure:8023: checking if i486-TSOL-linux-gnu-gcc supports -c -o file.o
configure:8044: i486-TSOL-linux-gnu-gcc -c -Os  -o out/conftest2.o conftest.c >&5
configure:8048: $? = 0
configure:8070: result: yes
configure:8078: checking if i486-TSOL-linux-gnu-gcc supports -c -o file.o
configure:8125: result: yes
configure:8158: checking whether the i486-TSOL-linux-gnu-gcc linker (i486-TSOL-linux-gnu-ld) supports shared libraries
configure:9148: result: yes
configure:9185: checking whether -lc should be explicitly linked in
configure:9190: i486-TSOL-linux-gnu-gcc -c -Os  conftest.c >&5
configure:9193: $? = 0
configure:9208: i486-TSOL-linux-gnu-gcc -shared conftest.o  -v -Wl,-soname -Wl,conftest -o conftest 2\>\&1 \| /usr/bin/grep  -lc  \>/dev/null 2\>\&1
configure:9211: $? = 0
configure:9223: result: no
configure:9387: checking dynamic linker characteristics
configure:9820: i486-TSOL-linux-gnu-gcc -o conftest -Os  -static-libgcc -Wl,-rpath -Wl,/foo conftest.c  >&5
configure:9820: $? = 0
configure:10050: result: GNU/Linux ld.so
configure:10152: checking how to hardcode library paths into programs
configure:10177: result: immediate
configure:10697: checking whether stripping libraries is possible
configure:10702: result: yes
configure:10737: checking if libtool supports shared libraries
configure:10739: result: yes
configure:10742: checking whether to build shared libraries
configure:10763: result: yes
configure:10766: checking whether to build static libraries
configure:10770: result: no
configure:10806: checking for some Win32 platform
configure:10816: result: no
configure:10827: checking for native Win32 platform
configure:10845: result: no
configure:11003: checking for aclocal flags
configure:11012: result: 
configure:11117: checking for pkg-config
configure:11135: found /usr/bin/pkg-config
configure:11147: result: /usr/bin/pkg-config
configure:11172: checking pkg-config is at least version 0.16
configure:11175: result: yes
configure:11193: checking for GLIB - version >= 2.0.0
configure:11307: i486-TSOL-linux-gnu-gcc -o conftest -Os -Wall -pthread -I/usr/include/glib-2.0 -I/usr/lib/glib-2.0/include    -DG_DISABLE_SINGLE_INCLUDES -DATK_DISABLE_SINGLE_INCLUDES -static-libgcc conftest.c -pthread -lgobject-2.0 -lgthread-2.0 -lrt -lglib-2.0    >&5
configure:11307: $? = 0
configure:11307: ./conftest
configure:11307: $? = 0
configure:11321: result: yes (version 2.28.8)
configure:11394: checking for DEP
configure:11402: $PKG_CONFIG --exists --print-errors "glib-2.0 >= $GLIB_REQUIRED_VERSION $GLIB_PACKAGES"
configure:11405: $? = 0
configure:11420: $PKG_CONFIG --exists --print-errors "glib-2.0 >= $GLIB_REQUIRED_VERSION $GLIB_PACKAGES"
configure:11423: $? = 0
configure:11465: result: yes
configure:11477: checking locale.h usability
configure:11477: i486-TSOL-linux-gnu-gcc -c -Os -Wall  -DG_DISABLE_SINGLE_INCLUDES -DATK_DISABLE_SINGLE_INCLUDES conftest.c >&5
configure:11477: $? = 0
configure:11477: result: yes
configure:11477: checking locale.h presence
configure:11477: i486-TSOL-linux-gnu-gcc -E  -DG_DISABLE_SINGLE_INCLUDES -DATK_DISABLE_SINGLE_INCLUDES conftest.c
configure:11477: $? = 0
configure:11477: result: yes
configure:11477: checking for locale.h
configure:11477: result: yes
configure:11488: checking for LC_MESSAGES
configure:11504: i486-TSOL-linux-gnu-gcc -o conftest -Os -Wall  -DG_DISABLE_SINGLE_INCLUDES -DATK_DISABLE_SINGLE_INCLUDES -static-libgcc conftest.c  >&5
configure:11504: $? = 0
configure:11512: result: yes
configure:11529: checking libintl.h usability
configure:11529: i486-TSOL-linux-gnu-gcc -c -Os -Wall  -DG_DISABLE_SINGLE_INCLUDES -DATK_DISABLE_SINGLE_INCLUDES conftest.c >&5
configure:11529: $? = 0
configure:11529: result: yes
configure:11529: checking libintl.h presence
configure:11529: i486-TSOL-linux-gnu-gcc -E  -DG_DISABLE_SINGLE_INCLUDES -DATK_DISABLE_SINGLE_INCLUDES conftest.c
configure:11529: $? = 0
configure:11529: result: yes
configure:11529: checking for libintl.h
configure:11529: result: yes
configure:11537: checking for ngettext in libc
configure:11555: i486-TSOL-linux-gnu-gcc -o conftest -Os -Wall  -DG_DISABLE_SINGLE_INCLUDES -DATK_DISABLE_SINGLE_INCLUDES -static-libgcc conftest.c  >&5
configure:11555: $? = 0
configure:11564: result: yes
configure:11568: checking for dgettext in libc
configure:11586: i486-TSOL-linux-gnu-gcc -o conftest -Os -Wall  -DG_DISABLE_SINGLE_INCLUDES -DATK_DISABLE_SINGLE_INCLUDES -static-libgcc conftest.c  >&5
configure:11586: $? = 0
configure:11595: result: yes
configure:11602: checking for bind_textdomain_codeset
configure:11602: i486-TSOL-linux-gnu-gcc -o conftest -Os -Wall  -DG_DISABLE_SINGLE_INCLUDES -DATK_DISABLE_SINGLE_INCLUDES -static-libgcc conftest.c  >&5
configure:11602: $? = 0
configure:11602: result: yes
configure:11878: checking for msgfmt
configure:11905: result: /usr/bin/msgfmt
configure:11916: checking for dcgettext
configure:11916: i486-TSOL-linux-gnu-gcc -o conftest -Os -Wall  -DG_DISABLE_SINGLE_INCLUDES -DATK_DISABLE_SINGLE_INCLUDES -static-libgcc conftest.c   >&5
conftest.c:51:6: warning: conflicting types for built-in function 'dcgettext' [enabled by default]
configure:11916: $? = 0
configure:11916: result: yes
configure:11926: checking if msgfmt accepts -c
configure:11941: $MSGFMT -c -o /dev/null conftest.foo
configure:11944: $? = 0
configure:11946: result: yes
configure:11956: checking for gmsgfmt
configure:11987: result: /usr/bin/msgfmt
configure:11997: checking for xgettext
configure:12024: result: /usr/bin/xgettext
configure:12043: i486-TSOL-linux-gnu-gcc -o conftest -Os -Wall  -DG_DISABLE_SINGLE_INCLUDES -DATK_DISABLE_SINGLE_INCLUDES -static-libgcc conftest.c   >&5
configure:12043: $? = 0
configure:12121: checking for catalogs to be installed
configure:12146: result:  af am ar as az be be@latin bg bn bn_IN bs ca ca@valencia cs cy da de dz el en_CA en_GB en@shaw eo es et eu fa fi fr ga gl gu he hi hr hu id is it ja ka kn ko ku li lt lv mai mk ml mn mr ms nb ne nl nn oc or pa pl ps pt pt_BR ro ru rw si sk sl sq sr sr@latin sr@ije sv ta te th tk tr tt ug uk vi wa xh yi zh_CN zh_HK zh_TW
configure:12181: checking for bind_textdomain_codeset
configure:12181: result: yes
configure:12202: checking for gobject-introspection
configure:12233: $PKG_CONFIG --exists --print-errors "gobject-introspection-1.0 >= 0.6.7"
Package gobject-introspection-1.0 was not found in the pkg-config search path.
Perhaps you should add the directory containing `gobject-introspection-1.0.pc'
to the PKG_CONFIG_PATH environment variable
No package 'gobject-introspection-1.0' found
configure:12236: $? = 1
configure:12247: result: no
configure:12318: checking whether to build gtk-doc documentation
configure:12320: result: no
configure:12327: checking for gtkdoc-check
configure:12360: result: no
configure:12394: checking for gawk
configure:12421: result: gawk
configure:12436: checking for perl5
configure:12466: result: no
configure:12436: checking for perl
configure:12452: found /usr/bin/perl
configure:12463: result: perl
configure:12629: creating ./config.status

## ---------------------- ##
## Running config.status. ##
## ---------------------- ##

This file was extended by atk config.status 1.29.4, which was
generated by GNU Autoconf 2.64.  Invocation command line was

  CONFIG_FILES    = 
  CONFIG_HEADERS  = 
  CONFIG_LINKS    = 
  CONFIG_COMMANDS = 
  $ ./config.status 

on ubuntu4

config.status:1154: creating Makefile
config.status:1154: creating po/Makefile.in
config.status:1154: creating atk.pc
config.status:1154: creating atk-uninstalled.pc
config.status:1154: creating atk/Makefile
config.status:1154: creating atk/atk.rc
config.status:1154: creating tests/Makefile
config.status:1154: creating docs/Makefile
config.status:1154: creating docs/version.xml
config.status:1154: creating atk.spec
config.status:1154: creating atk-zip.sh
config.status:1154: creating config.h
config.status:1326: config.h is unchanged
config.status:1374: executing depfiles commands
config.status:1374: executing libtool commands
config.status:1374: executing default-1 commands

## ---------------- ##
## Cache variables. ##
## ---------------- ##

ac_cv_atk_aclocal_flags=
ac_cv_build=i686-pc-linux-gnu
ac_cv_c_compiler_gnu=yes
ac_cv_env_CC_set=set
ac_cv_env_CC_value=i486-TSOL-linux-gnu-gcc
ac_cv_env_CFLAGS_set=set
ac_cv_env_CFLAGS_value=-Os
ac_cv_env_CPPFLAGS_set=
ac_cv_env_CPPFLAGS_value=
ac_cv_env_CPP_set=
ac_cv_env_CPP_value=
ac_cv_env_DEP_CFLAGS_set=
ac_cv_env_DEP_CFLAGS_value=
ac_cv_env_DEP_LIBS_set=
ac_cv_env_DEP_LIBS_value=
ac_cv_env_LDFLAGS_set=set
ac_cv_env_LDFLAGS_value=-static-libgcc
ac_cv_env_LIBS_set=
ac_cv_env_LIBS_value=
ac_cv_env_PKG_CONFIG_set=
ac_cv_env_PKG_CONFIG_value=
ac_cv_env_build_alias_set=
ac_cv_env_build_alias_value=
ac_cv_env_host_alias_set=
ac_cv_env_host_alias_value=
ac_cv_env_target_alias_set=
ac_cv_env_target_alias_value=
ac_cv_func_bind_textdomain_codeset=yes
ac_cv_func_dcgettext=yes
ac_cv_header_dlfcn_h=yes
ac_cv_header_inttypes_h=yes
ac_cv_header_libintl_h=yes
ac_cv_header_locale_h=yes
ac_cv_header_memory_h=yes
ac_cv_header_stdc=yes
ac_cv_header_stdint_h=yes
ac_cv_header_stdlib_h=yes
ac_cv_header_string_h=yes
ac_cv_header_strings_h=yes
ac_cv_header_sys_stat_h=yes
ac_cv_header_sys_types_h=yes
ac_cv_header_unistd_h=yes
ac_cv_host=i686-pc-linux-gnu
ac_cv_objext=o
ac_cv_path_EGREP='/usr/bin/grep -E'
ac_cv_path_FGREP='/usr/bin/grep -F'
ac_cv_path_GMSGFMT=/usr/bin/msgfmt
ac_cv_path_GREP=/usr/bin/grep
ac_cv_path_MSGFMT=/usr/bin/msgfmt
ac_cv_path_SED=/usr/bin/sed
ac_cv_path_XGETTEXT=/usr/bin/xgettext
ac_cv_path_ac_pt_PKG_CONFIG=/usr/bin/pkg-config
ac_cv_path_install='/bin/install -c'
ac_cv_path_mkdir=/bin/mkdir
ac_cv_prog_AWK=gawk
ac_cv_prog_CPP='i486-TSOL-linux-gnu-gcc -E'
ac_cv_prog_PERL=perl
ac_cv_prog_ac_ct_AR=ar
ac_cv_prog_ac_ct_CC=i486-TSOL-linux-gnu-gcc
ac_cv_prog_ac_ct_OBJDUMP=objdump
ac_cv_prog_ac_ct_RANLIB=ranlib
ac_cv_prog_ac_ct_STRIP=strip
ac_cv_prog_cc_c89=
ac_cv_prog_cc_g=yes
ac_cv_prog_make_make_set=yes
am_cv_CC_dependencies_compiler_type=gcc3
am_cv_val_LC_MESSAGES=yes
gt_cv_func_dgettext_libc=yes
gt_cv_func_dgettext_libintl=no
gt_cv_func_ngettext_libc=yes
gt_cv_have_gettext=yes
lt_cv_deplibs_check_method=pass_all
lt_cv_file_magic_cmd='$MAGIC_CMD'
lt_cv_file_magic_test_file=
lt_cv_ld_reload_flag=-r
lt_cv_nm_interface='BSD nm'
lt_cv_objdir=.libs
lt_cv_path_LD=i486-TSOL-linux-gnu-ld
lt_cv_path_NM='/toolchain/i486-TSOL-linux-gnu/bin//nm -B'
lt_cv_prog_compiler_c_o=yes
lt_cv_prog_compiler_pic_works=yes
lt_cv_prog_compiler_rtti_exceptions=no
lt_cv_prog_compiler_static_works=yes
lt_cv_prog_gnu_ld=yes
lt_cv_sys_global_symbol_pipe='sed -n -e '\''s/^.*[	 ]\([ABCDGIRSTW][ABCDGIRSTW]*\)[	 ][	 ]*\([_A-Za-z][_A-Za-z0-9]*\)$/\1 \2 \2/p'\'''
lt_cv_sys_global_symbol_to_c_name_address='sed -n -e '\''s/^: \([^ ]*\) $/  {\"\1\", (void *) 0},/p'\'' -e '\''s/^[ABCDGIRSTW]* \([^ ]*\) \([^ ]*\)$/  {"\2", (void *) \&\2},/p'\'''
lt_cv_sys_global_symbol_to_c_name_address_lib_prefix='sed -n -e '\''s/^: \([^ ]*\) $/  {\"\1\", (void *) 0},/p'\'' -e '\''s/^[ABCDGIRSTW]* \([^ ]*\) \(lib[^ ]*\)$/  {"\2", (void *) \&\2},/p'\'' -e '\''s/^[ABCDGIRSTW]* \([^ ]*\) \([^ ]*\)$/  {"lib\2", (void *) \&\2},/p'\'''
lt_cv_sys_global_symbol_to_cdecl='sed -n -e '\''s/^T .* \(.*\)$/extern int \1();/p'\'' -e '\''s/^[ABCDGIRSTW]* .* \(.*\)$/extern char \1;/p'\'''
lt_cv_sys_max_cmd_len=1572864
pkg_cv_DEP_CFLAGS='-pthread -I/usr/include/glib-2.0 -I/usr/lib/glib-2.0/include  '
pkg_cv_DEP_LIBS='-pthread -lgobject-2.0 -lgthread-2.0 -lrt -lglib-2.0  '

## ----------------- ##
## Output variables. ##
## ----------------- ##

ACLOCAL='${SHELL} /source/gtk/2.24/atk-1.29.4/missing --run aclocal-1.11 '
AMDEPBACKSLASH='\'
AMDEP_FALSE='#'
AMDEP_TRUE=''
AMTAR='${SHELL} /source/gtk/2.24/atk-1.29.4/missing --run tar'
AR='ar'
AS='as'
ATK_API_VERSION='1.0'
ATK_BINARY_AGE='2914'
ATK_INTERFACE_AGE='1'
ATK_MAJOR_VERSION='1'
ATK_MICRO_VERSION='4'
ATK_MINOR_VERSION='29'
ATK_VERSION='1.29.4'
AUTOCONF='${SHELL} /source/gtk/2.24/atk-1.29.4/missing --run autoconf'
AUTOHEADER='${SHELL} /source/gtk/2.24/atk-1.29.4/missing --run autoheader'
AUTOMAKE='${SHELL} /source/gtk/2.24/atk-1.29.4/missing --run automake-1.11'
AWK='gawk'
CATALOGS=' af.gmo am.gmo ar.gmo as.gmo az.gmo be.gmo be@latin.gmo bg.gmo bn.gmo bn_IN.gmo bs.gmo ca.gmo ca@valencia.gmo cs.gmo cy.gmo da.gmo de.gmo dz.gmo el.gmo en_CA.gmo en_GB.gmo en@shaw.gmo eo.gmo es.gmo et.gmo eu.gmo fa.gmo fi.gmo fr.gmo ga.gmo gl.gmo gu.gmo he.gmo hi.gmo hr.gmo hu.gmo id.gmo is.gmo it.gmo ja.gmo ka.gmo kn.gmo ko.gmo ku.gmo li.gmo lt.gmo lv.gmo mai.gmo mk.gmo ml.gmo mn.gmo mr.gmo ms.gmo nb.gmo ne.gmo nl.gmo nn.gmo oc.gmo or.gmo pa.gmo pl.gmo ps.gmo pt.gmo pt_BR.gmo ro.gmo ru.gmo rw.gmo si.gmo sk.gmo sl.gmo sq.gmo sr.gmo sr@latin.gmo sr@ije.gmo sv.gmo ta.gmo te.gmo th.gmo tk.gmo tr.gmo tt.gmo ug.gmo uk.gmo vi.gmo wa.gmo xh.gmo yi.gmo zh_CN.gmo zh_HK.gmo zh_TW.gmo'
CATOBJEXT='.gmo'
CC='i486-TSOL-linux-gnu-gcc'
CCDEPMODE='depmode=gcc3'
CFLAGS='-Os -Wall'
CPP='i486-TSOL-linux-gnu-gcc -E'
CPPFLAGS=' -DG_DISABLE_SINGLE_INCLUDES -DATK_DISABLE_SINGLE_INCLUDES'
CYGPATH_W='echo'
DATADIRNAME='share'
DEFS='-DHAVE_CONFIG_H'
DEPDIR='.deps'
DEP_CFLAGS='-pthread -I/usr/include/glib-2.0 -I/usr/lib/glib-2.0/include  '
DEP_LIBS='-pthread -lgobject-2.0 -lgthread-2.0 -lrt -lglib-2.0  '
DLLTOOL='dlltool'
DSYMUTIL=''
DUMPBIN=''
ECHO_C=''
ECHO_N='-n'
ECHO_T=''
EGREP='/usr/bin/grep -E'
ENABLE_GTK_DOC_FALSE=''
ENABLE_GTK_DOC_TRUE='#'
EXEEXT=''
FGREP='/usr/bin/grep -F'
GETTEXT_PACKAGE='atk10'
GLIB_CFLAGS='-pthread -I/usr/include/glib-2.0 -I/usr/lib/glib-2.0/include  '
GLIB_GENMARSHAL='glib-genmarshal'
GLIB_LIBS='-pthread -lgobject-2.0 -lgthread-2.0 -lrt -lglib-2.0  '
GLIB_MKENUMS='glib-mkenums'
GLIB_PACKAGES='gobject-2.0'
GLIB_REQUIRED_VERSION='2.0.0'
GMOFILES=' af.gmo am.gmo ar.gmo as.gmo az.gmo be.gmo be@latin.gmo bg.gmo bn.gmo bn_IN.gmo bs.gmo ca.gmo ca@valencia.gmo cs.gmo cy.gmo da.gmo de.gmo dz.gmo el.gmo en_CA.gmo en_GB.gmo en@shaw.gmo eo.gmo es.gmo et.gmo eu.gmo fa.gmo fi.gmo fr.gmo ga.gmo gl.gmo gu.gmo he.gmo hi.gmo hr.gmo hu.gmo id.gmo is.gmo it.gmo ja.gmo ka.gmo kn.gmo ko.gmo ku.gmo li.gmo lt.gmo lv.gmo mai.gmo mk.gmo ml.gmo mn.gmo mr.gmo ms.gmo nb.gmo ne.gmo nl.gmo nn.gmo oc.gmo or.gmo pa.gmo pl.gmo ps.gmo pt.gmo pt_BR.gmo ro.gmo ru.gmo rw.gmo si.gmo sk.gmo sl.gmo sq.gmo sr.gmo sr@latin.gmo sr@ije.gmo sv.gmo ta.gmo te.gmo th.gmo tk.gmo tr.gmo tt.gmo ug.gmo uk.gmo vi.gmo wa.gmo xh.gmo yi.gmo zh_CN.gmo zh_HK.gmo zh_TW.gmo'
GMSGFMT='/usr/bin/msgfmt'
GOBJECT_QUERY='gobject-query'
GREP='/usr/bin/grep'
GTKDOC_CHECK=''
GTK_DOC_USE_LIBTOOL_FALSE='#'
GTK_DOC_USE_LIBTOOL_TRUE=''
HAVE_INTROSPECTION_FALSE=''
HAVE_INTROSPECTION_TRUE='#'
HTML_DIR='${datadir}/gtk-doc/html'
INSTALL_DATA='${INSTALL} -m 644'
INSTALL_PROGRAM='${INSTALL}'
INSTALL_SCRIPT='${INSTALL}'
INSTALL_STRIP_PROGRAM='$(install_sh) -c -s'
INSTOBJEXT='.mo'
INTLLIBS=''
INTROSPECTION_CFLAGS=''
INTROSPECTION_COMPILER=''
INTROSPECTION_GENERATE=''
INTROSPECTION_GIRDIR=''
INTROSPECTION_LIBS=''
INTROSPECTION_MAKEFILE=''
INTROSPECTION_SCANNER=''
INTROSPECTION_TYPELIBDIR=''
LD='i486-TSOL-linux-gnu-ld'
LDFLAGS='-static-libgcc'
LIBOBJS=''
LIBS=''
LIBTOOL='$(SHELL) $(top_builddir)/libtool'
LIB_EXE_MACHINE_FLAG=''
LIPO=''
LN_S='ln -s'
LTLIBOBJS=''
LT_CURRENT_MINUS_AGE='0'
LT_VERSION_INFO='2913:1:2913'
MAKEINFO='${SHELL} /source/gtk/2.24/atk-1.29.4/missing --run makeinfo'
MKDIR_P='/bin/mkdir -p'
MKINSTALLDIRS='./mkinstalldirs'
MSGFMT='/usr/bin/msgfmt'
MSGFMT_OPTS='-c'
MS_LIB_AVAILABLE_FALSE=''
MS_LIB_AVAILABLE_TRUE='#'
NM='/toolchain/i486-TSOL-linux-gnu/bin//nm -B'
NMEDIT=''
OBJDUMP='objdump'
OBJEXT='o'
OS_WIN32_FALSE=''
OS_WIN32_TRUE='#'
OTOOL64=''
OTOOL=''
PACKAGE='atk'
PACKAGE_BUGREPORT='http://bugzilla.gnome.org/enter_bug.cgi?product=atk'
PACKAGE_NAME='atk'
PACKAGE_STRING='atk 1.29.4'
PACKAGE_TARNAME='atk'
PACKAGE_URL=''
PACKAGE_VERSION='1.29.4'
PATH_SEPARATOR=':'
PERL='perl'
PKG_CONFIG='/usr/bin/pkg-config'
PLATFORM_WIN32_FALSE=''
PLATFORM_WIN32_TRUE='#'
POFILES=' af.po am.po ar.po as.po az.po be.po be@latin.po bg.po bn.po bn_IN.po bs.po ca.po ca@valencia.po cs.po cy.po da.po de.po dz.po el.po en_CA.po en_GB.po en@shaw.po eo.po es.po et.po eu.po fa.po fi.po fr.po ga.po gl.po gu.po he.po hi.po hr.po hu.po id.po is.po it.po ja.po ka.po kn.po ko.po ku.po li.po lt.po lv.po mai.po mk.po ml.po mn.po mr.po ms.po nb.po ne.po nl.po nn.po oc.po or.po pa.po pl.po ps.po pt.po pt_BR.po ro.po ru.po rw.po si.po sk.po sl.po sq.po sr.po sr@latin.po sr@ije.po sv.po ta.po te.po th.po tk.po tr.po tt.po ug.po uk.po vi.po wa.po xh.po yi.po zh_CN.po zh_HK.po zh_TW.po'
POSUB='po'
PO_IN_DATADIR_FALSE=''
PO_IN_DATADIR_TRUE=''
RANLIB='ranlib'
REBUILD=''
SED='/usr/bin/sed'
SET_MAKE=''
SHELL='/bin/sh'
STRIP='strip'
USE_NLS='yes'
VERSION='1.29.4'
WINDRES=''
XGETTEXT='/usr/bin/xgettext'
ac_ct_CC='i486-TSOL-linux-gnu-gcc'
ac_ct_DUMPBIN=''
am__EXEEXT_FALSE=''
am__EXEEXT_TRUE='#'
am__fastdepCC_FALSE='#'
am__fastdepCC_TRUE=''
am__include='include'
am__isrc=''
am__leading_dot='.'
am__quote=''
am__tar='${AMTAR} chof - "$$tardir"'
am__untar='${AMTAR} xf -'
bindir='${exec_prefix}/bin'
build='i686-pc-linux-gnu'
build_alias=''
build_cpu='i686'
build_os='linux-gnu'
build_vendor='pc'
datadir='${datarootdir}'
datarootdir='${prefix}/share'
docdir='${datarootdir}/doc/${PACKAGE_TARNAME}'
dvidir='${docdir}'
exec_prefix='${prefix}'
host='i686-pc-linux-gnu'
host_alias=''
host_cpu='i686'
host_os='linux-gnu'
host_vendor='pc'
htmldir='${docdir}'
includedir='${prefix}/include'
infodir='${datarootdir}/info'
install_sh='${SHELL} /source/gtk/2.24/atk-1.29.4/install-sh'
libdir='${exec_prefix}/lib'
libexecdir='${exec_prefix}/libexec'
localedir='${datarootdir}/locale'
localstatedir='${prefix}/var'
lt_ECHO='echo'
mandir='${datarootdir}/man'
mkdir_p='/bin/mkdir -p'
ms_librarian=''
oldincludedir='/usr/include'
pdfdir='${docdir}'
prefix='/usr'
program_transform_name='s,x,x,'
psdir='${docdir}'
sbindir='${exec_prefix}/sbin'
sharedstatedir='${prefix}/com'
sysconfdir='${prefix}/etc'
target_alias=''

## ----------- ##
## confdefs.h. ##
## ----------- ##

/* confdefs.h */
#define PACKAGE_NAME "atk"
#define PACKAGE_TARNAME "atk"
#define PACKAGE_VERSION "1.29.4"
#define PACKAGE_STRING "atk 1.29.4"
#define PACKAGE_BUGREPORT "http://bugzilla.gnome.org/enter_bug.cgi?product=atk"
#define PACKAGE_URL ""
#define PACKAGE "atk"
#define VERSION "1.29.4"
#define GETTEXT_PACKAGE "atk10"
#define STDC_HEADERS 1
#define HAVE_SYS_TYPES_H 1
#define HAVE_SYS_STAT_H 1
#define HAVE_STDLIB_H 1
#define HAVE_STRING_H 1
#define HAVE_MEMORY_H 1
#define HAVE_STRINGS_H 1
#define HAVE_INTTYPES_H 1
#define HAVE_STDINT_H 1
#define HAVE_UNISTD_H 1
#define HAVE_DLFCN_H 1
#define LT_OBJDIR ".libs/"
#define HAVE_LOCALE_H 1
#define HAVE_LC_MESSAGES 1
#define HAVE_BIND_TEXTDOMAIN_CODESET 1
#define HAVE_GETTEXT 1
#define HAVE_DCGETTEXT 1
#define ENABLE_NLS 1
#define HAVE_BIND_TEXTDOMAIN_CODESET 1

configure: exit 0
