This file contains any messages produced by compilers while
running configure, to aid debugging if configure makes a mistake.

It was created by libdrm configure 2.4.58, which was
generated by GNU Autoconf 2.69.  Invocation command line was

  $ ./configure --prefix=/usr/xorg --enable-freedreno-experimental-api CC=i486-TSOL-linux-gnu-gcc CFLAGS=-Os LDFLAGS=-static-libgcc

## --------- ##
## Platform. ##
## --------- ##

hostname = ubuntu4
uname -m = i686
uname -r = 3.2.16-030216-generic
uname -s = Linux
uname -v = #201204221935 SMP Sun Apr 22 23:42:49 UTC 2012

/usr/bin/uname -p = unknown
/bin/uname -X     = unknown

/bin/arch              = unknown
/usr/bin/arch -k       = unknown
/usr/convex/getsysinfo = unknown
/usr/bin/hostinfo      = unknown
/bin/machine           = unknown
/usr/bin/oslevel       = unknown
/bin/universe          = unknown

PATH: /usr/xorg/bin
PATH: /source/docbook-xsl-1.76.1/tools/bin
PATH: /bin
PATH: /sbin
PATH: /usr/bin
PATH: /usr/sbin
PATH: /usr/bin/X11
PATH: /usr/local/bin
PATH: /toolchain/bin
PATH: /toolchain/i486-TSOL-linux-gnu/bin/
PATH: /root/.local/bin
PATH: /usr/xorg/bin
PATH: /usr/xorg/bin


## ----------- ##
## Core tests. ##
## ----------- ##

configure:2439: checking for a BSD-compatible install
configure:2507: result: /bin/install -c
configure:2518: checking whether build environment is sane
configure:2573: result: yes
configure:2724: checking for a thread-safe mkdir -p
configure:2763: result: /bin/mkdir -p
configure:2770: checking for gawk
configure:2786: found /usr/bin/gawk
configure:2797: result: gawk
configure:2808: checking whether make sets $(MAKE)
configure:2830: result: yes
configure:2859: checking whether make supports nested variables
configure:2876: result: yes
configure:2961: checking whether to enable maintainer-specific portions of Makefiles
configure:2970: result: yes
configure:2996: checking whether make supports nested variables
configure:3013: result: yes
configure:3074: checking for gcc
configure:3101: result: i486-TSOL-linux-gnu-gcc
configure:3330: checking for C compiler version
configure:3339: i486-TSOL-linux-gnu-gcc --version >&5
i486-TSOL-linux-gnu-gcc (crosstool-NG 1.15.2) 4.6.3
Copyright (C) 2011 Free Software Foundation, Inc.
This is free software; see the source for copying conditions.  There is NO
warranty; not even for MERCHANTABILITY or FITNESS FOR A PARTICULAR PURPOSE.

configure:3350: $? = 0
configure:3339: i486-TSOL-linux-gnu-gcc -v >&5
Using built-in specs.
COLLECT_GCC=i486-TSOL-linux-gnu-gcc
COLLECT_LTO_WRAPPER=/toolchain/libexec/gcc/i486-TSOL-linux-gnu/4.6.3/lto-wrapper
Target: i486-TSOL-linux-gnu
Configured with: /TSOL/crosstool-ng-1.15.2/bin/.build/src/gcc-4.6.3/configure --build=i686-build_pc-linux-gnu --host=i686-build_pc-linux-gnu --target=i486-TSOL-linux-gnu --prefix=/toolchain --with-sysroot=/toolchain/i486-TSOL-linux-gnu/sysroot --enable-languages=c,c++ --with-arch=i486 --with-pkgversion='crosstool-NG 1.15.2' --enable-__cxa_atexit --disable-libmudflap --disable-libgomp --disable-libssp --with-gmp=/TSOL/crosstool-ng-1.15.2/bin/.build/i486-TSOL-linux-gnu/buildtools --with-mpfr=/TSOL/crosstool-ng-1.15.2/bin/.build/i486-TSOL-linux-gnu/buildtools --with-mpc=/TSOL/crosstool-ng-1.15.2/bin/.build/i486-TSOL-linux-gnu/buildtools --with-ppl=/TSOL/crosstool-ng-1.15.2/bin/.build/i486-TSOL-linux-gnu/buildtools --with-cloog=/TSOL/crosstool-ng-1.15.2/bin/.build/i486-TSOL-linux-gnu/buildtools --with-libelf=no --with-host-libstdcxx='-static-libgcc -Wl,-Bstatic,-lstdc++,-Bdynamic -lm -L/TSOL/crosstool-ng-1.15.2/bin/.build/i486-TSOL-linux-gnu/buildtools/lib -lpwl' --enable-threads=posix --enable-target-optspace --disable-multilib --with-local-prefix=/toolchain/i486-TSOL-linux-gnu/sysroot --enable-c99 --enable-long-long
Thread model: posix
gcc version 4.6.3 (crosstool-NG 1.15.2) 
configure:3350: $? = 0
configure:3339: i486-TSOL-linux-gnu-gcc -V >&5
i486-TSOL-linux-gnu-gcc: error: unrecognized option '-V'
i486-TSOL-linux-gnu-gcc: fatal error: no input files
compilation terminated.
configure:3350: $? = 1
configure:3339: i486-TSOL-linux-gnu-gcc -qversion >&5
i486-TSOL-linux-gnu-gcc: error: unrecognized option '-qversion'
i486-TSOL-linux-gnu-gcc: fatal error: no input files
compilation terminated.
configure:3350: $? = 1
configure:3370: checking whether the C compiler works
configure:3392: i486-TSOL-linux-gnu-gcc -Os  -static-libgcc conftest.c  >&5
configure:3396: $? = 0
configure:3444: result: yes
configure:3447: checking for C compiler default output file name
configure:3449: result: a.out
configure:3455: checking for suffix of executables
configure:3462: i486-TSOL-linux-gnu-gcc -o conftest -Os  -static-libgcc conftest.c  >&5
configure:3466: $? = 0
configure:3488: result: 
configure:3510: checking whether we are cross compiling
configure:3518: i486-TSOL-linux-gnu-gcc -o conftest -Os  -static-libgcc conftest.c  >&5
configure:3522: $? = 0
configure:3529: ./conftest
configure:3533: $? = 0
configure:3548: result: no
configure:3553: checking for suffix of object files
configure:3575: i486-TSOL-linux-gnu-gcc -c -Os  conftest.c >&5
configure:3579: $? = 0
configure:3600: result: o
configure:3604: checking whether we are using the GNU C compiler
configure:3623: i486-TSOL-linux-gnu-gcc -c -Os  conftest.c >&5
configure:3623: $? = 0
configure:3632: result: yes
configure:3641: checking whether i486-TSOL-linux-gnu-gcc accepts -g
configure:3661: i486-TSOL-linux-gnu-gcc -c -g  conftest.c >&5
configure:3661: $? = 0
configure:3702: result: yes
configure:3719: checking for i486-TSOL-linux-gnu-gcc option to accept ISO C89
configure:3782: i486-TSOL-linux-gnu-gcc  -c -Os  conftest.c >&5
configure:3782: $? = 0
configure:3795: result: none needed
configure:3826: checking for style of include used by make
configure:3854: result: GNU
configure:3880: checking dependency style of i486-TSOL-linux-gnu-gcc
configure:3991: result: gcc3
configure:4013: checking how to run the C preprocessor
configure:4044: i486-TSOL-linux-gnu-gcc -E  conftest.c
configure:4044: $? = 0
configure:4058: i486-TSOL-linux-gnu-gcc -E  conftest.c
conftest.c:11:28: fatal error: ac_nonexistent.h: No such file or directory
compilation terminated.
configure:4058: $? = 1
configure: failed program was:
| /* confdefs.h */
| #define PACKAGE_NAME "libdrm"
| #define PACKAGE_TARNAME "libdrm"
| #define PACKAGE_VERSION "2.4.58"
| #define PACKAGE_STRING "libdrm 2.4.58"
| #define PACKAGE_BUGREPORT "https://bugs.freedesktop.org/enter_bug.cgi?product=DRI"
| #define PACKAGE_URL ""
| #define PACKAGE "libdrm"
| #define VERSION "2.4.58"
| /* end confdefs.h.  */
| #include <ac_nonexistent.h>
configure:4083: result: i486-TSOL-linux-gnu-gcc -E
configure:4103: i486-TSOL-linux-gnu-gcc -E  conftest.c
configure:4103: $? = 0
configure:4117: i486-TSOL-linux-gnu-gcc -E  conftest.c
conftest.c:11:28: fatal error: ac_nonexistent.h: No such file or directory
compilation terminated.
configure:4117: $? = 1
configure: failed program was:
| /* confdefs.h */
| #define PACKAGE_NAME "libdrm"
| #define PACKAGE_TARNAME "libdrm"
| #define PACKAGE_VERSION "2.4.58"
| #define PACKAGE_STRING "libdrm 2.4.58"
| #define PACKAGE_BUGREPORT "https://bugs.freedesktop.org/enter_bug.cgi?product=DRI"
| #define PACKAGE_URL ""
| #define PACKAGE "libdrm"
| #define VERSION "2.4.58"
| /* end confdefs.h.  */
| #include <ac_nonexistent.h>
configure:4146: checking for grep that handles long lines and -e
configure:4204: result: /usr/bin/grep
configure:4209: checking for egrep
configure:4271: result: /usr/bin/grep -E
configure:4276: checking for ANSI C header files
configure:4296: i486-TSOL-linux-gnu-gcc -c -Os  conftest.c >&5
configure:4296: $? = 0
configure:4369: i486-TSOL-linux-gnu-gcc -o conftest -Os  -static-libgcc conftest.c  >&5
configure:4369: $? = 0
configure:4369: ./conftest
configure:4369: $? = 0
configure:4380: result: yes
configure:4393: checking for sys/types.h
configure:4393: i486-TSOL-linux-gnu-gcc -c -Os  conftest.c >&5
configure:4393: $? = 0
configure:4393: result: yes
configure:4393: checking for sys/stat.h
configure:4393: i486-TSOL-linux-gnu-gcc -c -Os  conftest.c >&5
configure:4393: $? = 0
configure:4393: result: yes
configure:4393: checking for stdlib.h
configure:4393: i486-TSOL-linux-gnu-gcc -c -Os  conftest.c >&5
configure:4393: $? = 0
configure:4393: result: yes
configure:4393: checking for string.h
configure:4393: i486-TSOL-linux-gnu-gcc -c -Os  conftest.c >&5
configure:4393: $? = 0
configure:4393: result: yes
configure:4393: checking for memory.h
configure:4393: i486-TSOL-linux-gnu-gcc -c -Os  conftest.c >&5
configure:4393: $? = 0
configure:4393: result: yes
configure:4393: checking for strings.h
configure:4393: i486-TSOL-linux-gnu-gcc -c -Os  conftest.c >&5
configure:4393: $? = 0
configure:4393: result: yes
configure:4393: checking for inttypes.h
configure:4393: i486-TSOL-linux-gnu-gcc -c -Os  conftest.c >&5
configure:4393: $? = 0
configure:4393: result: yes
configure:4393: checking for stdint.h
configure:4393: i486-TSOL-linux-gnu-gcc -c -Os  conftest.c >&5
configure:4393: $? = 0
configure:4393: result: yes
configure:4393: checking for unistd.h
configure:4393: i486-TSOL-linux-gnu-gcc -c -Os  conftest.c >&5
configure:4393: $? = 0
configure:4393: result: yes
configure:4406: checking minix/config.h usability
configure:4406: i486-TSOL-linux-gnu-gcc -c -Os  conftest.c >&5
conftest.c:54:26: fatal error: minix/config.h: No such file or directory
compilation terminated.
configure:4406: $? = 1
configure: failed program was:
| /* confdefs.h */
| #define PACKAGE_NAME "libdrm"
| #define PACKAGE_TARNAME "libdrm"
| #define PACKAGE_VERSION "2.4.58"
| #define PACKAGE_STRING "libdrm 2.4.58"
| #define PACKAGE_BUGREPORT "https://bugs.freedesktop.org/enter_bug.cgi?product=DRI"
| #define PACKAGE_URL ""
| #define PACKAGE "libdrm"
| #define VERSION "2.4.58"
| #define STDC_HEADERS 1
| #define HAVE_SYS_TYPES_H 1
| #define HAVE_SYS_STAT_H 1
| #define HAVE_STDLIB_H 1
| #define HAVE_STRING_H 1
| #define HAVE_MEMORY_H 1
| #define HAVE_STRINGS_H 1
| #define HAVE_INTTYPES_H 1
| #define HAVE_STDINT_H 1
| #define HAVE_UNISTD_H 1
| /* end confdefs.h.  */
| #include <stdio.h>
| #ifdef HAVE_SYS_TYPES_H
| # include <sys/types.h>
| #endif
| #ifdef HAVE_SYS_STAT_H
| # include <sys/stat.h>
| #endif
| #ifdef STDC_HEADERS
| # include <stdlib.h>
| # include <stddef.h>
| #else
| # ifdef HAVE_STDLIB_H
| #  include <stdlib.h>
| # endif
| #endif
| #ifdef HAVE_STRING_H
| # if !defined STDC_HEADERS && defined HAVE_MEMORY_H
| #  include <memory.h>
| # endif
| # include <string.h>
| #endif
| #ifdef HAVE_STRINGS_H
| # include <strings.h>
| #endif
| #ifdef HAVE_INTTYPES_H
| # include <inttypes.h>
| #endif
| #ifdef HAVE_STDINT_H
| # include <stdint.h>
| #endif
| #ifdef HAVE_UNISTD_H
| # include <unistd.h>
| #endif
| #include <minix/config.h>
configure:4406: result: no
configure:4406: checking minix/config.h presence
configure:4406: i486-TSOL-linux-gnu-gcc -E  conftest.c
conftest.c:21:26: fatal error: minix/config.h: No such file or directory
compilation terminated.
configure:4406: $? = 1
configure: failed program was:
| /* confdefs.h */
| #define PACKAGE_NAME "libdrm"
| #define PACKAGE_TARNAME "libdrm"
| #define PACKAGE_VERSION "2.4.58"
| #define PACKAGE_STRING "libdrm 2.4.58"
| #define PACKAGE_BUGREPORT "https://bugs.freedesktop.org/enter_bug.cgi?product=DRI"
| #define PACKAGE_URL ""
| #define PACKAGE "libdrm"
| #define VERSION "2.4.58"
| #define STDC_HEADERS 1
| #define HAVE_SYS_TYPES_H 1
| #define HAVE_SYS_STAT_H 1
| #define HAVE_STDLIB_H 1
| #define HAVE_STRING_H 1
| #define HAVE_MEMORY_H 1
| #define HAVE_STRINGS_H 1
| #define HAVE_INTTYPES_H 1
| #define HAVE_STDINT_H 1
| #define HAVE_UNISTD_H 1
| /* end confdefs.h.  */
| #include <minix/config.h>
configure:4406: result: no
configure:4406: checking for minix/config.h
configure:4406: result: no
configure:4427: checking whether it is safe to define __EXTENSIONS__
configure:4445: i486-TSOL-linux-gnu-gcc -c -Os  conftest.c >&5
configure:4445: $? = 0
configure:4452: result: yes
configure:4473: checking for special C compiler options needed for large files
configure:4518: result: no
configure:4524: checking for _FILE_OFFSET_BITS value needed for large files
configure:4549: i486-TSOL-linux-gnu-gcc -c -Os  conftest.c >&5
conftest.c:32:3: warning: left shift count >= width of type [enabled by default]
conftest.c:32:3: warning: left shift count >= width of type [enabled by default]
conftest.c:33:10: warning: left shift count >= width of type [enabled by default]
conftest.c:33:10: warning: left shift count >= width of type [enabled by default]
conftest.c:32:7: error: size of array 'off_t_is_large' is negative
conftest.c:34:9: warning: variably modified 'off_t_is_large' at file scope [enabled by default]
configure:4549: $? = 1
configure: failed program was:
| /* confdefs.h */
| #define PACKAGE_NAME "libdrm"
| #define PACKAGE_TARNAME "libdrm"
| #define PACKAGE_VERSION "2.4.58"
| #define PACKAGE_STRING "libdrm 2.4.58"
| #define PACKAGE_BUGREPORT "https://bugs.freedesktop.org/enter_bug.cgi?product=DRI"
| #define PACKAGE_URL ""
| #define PACKAGE "libdrm"
| #define VERSION "2.4.58"
| #define STDC_HEADERS 1
| #define HAVE_SYS_TYPES_H 1
| #define HAVE_SYS_STAT_H 1
| #define HAVE_STDLIB_H 1
| #define HAVE_STRING_H 1
| #define HAVE_MEMORY_H 1
| #define HAVE_STRINGS_H 1
| #define HAVE_INTTYPES_H 1
| #define HAVE_STDINT_H 1
| #define HAVE_UNISTD_H 1
| #define __EXTENSIONS__ 1
| #define _ALL_SOURCE 1
| #define _GNU_SOURCE 1
| #define _POSIX_PTHREAD_SEMANTICS 1
| #define _TANDEM_SOURCE 1
| /* end confdefs.h.  */
| #include <sys/types.h>
|  /* Check that off_t can represent 2**63 - 1 correctly.
|     We can't simply define LARGE_OFF_T to be 9223372036854775807,
|     since some C++ compilers masquerading as C compilers
|     incorrectly reject 9223372036854775807.  */
| #define LARGE_OFF_T (((off_t) 1 << 62) - 1 + ((off_t) 1 << 62))
|   int off_t_is_large[(LARGE_OFF_T % 2147483629 == 721
| 		       && LARGE_OFF_T % 2147483647 == 1)
| 		      ? 1 : -1];
| int
| main ()
| {
| 
|   ;
|   return 0;
| }
configure:4573: i486-TSOL-linux-gnu-gcc -c -Os  conftest.c >&5
configure:4573: $? = 0
configure:4581: result: 64
configure:4666: checking for size_t
configure:4666: i486-TSOL-linux-gnu-gcc -c -Os  conftest.c >&5
configure:4666: $? = 0
configure:4666: i486-TSOL-linux-gnu-gcc -c -Os  conftest.c >&5
conftest.c: In function 'main':
conftest.c:63:21: error: expected expression before ')' token
configure:4666: $? = 1
configure: failed program was:
| /* confdefs.h */
| #define PACKAGE_NAME "libdrm"
| #define PACKAGE_TARNAME "libdrm"
| #define PACKAGE_VERSION "2.4.58"
| #define PACKAGE_STRING "libdrm 2.4.58"
| #define PACKAGE_BUGREPORT "https://bugs.freedesktop.org/enter_bug.cgi?product=DRI"
| #define PACKAGE_URL ""
| #define PACKAGE "libdrm"
| #define VERSION "2.4.58"
| #define STDC_HEADERS 1
| #define HAVE_SYS_TYPES_H 1
| #define HAVE_SYS_STAT_H 1
| #define HAVE_STDLIB_H 1
| #define HAVE_STRING_H 1
| #define HAVE_MEMORY_H 1
| #define HAVE_STRINGS_H 1
| #define HAVE_INTTYPES_H 1
| #define HAVE_STDINT_H 1
| #define HAVE_UNISTD_H 1
| #define __EXTENSIONS__ 1
| #define _ALL_SOURCE 1
| #define _GNU_SOURCE 1
| #define _POSIX_PTHREAD_SEMANTICS 1
| #define _TANDEM_SOURCE 1
| #define _FILE_OFFSET_BITS 64
| /* end confdefs.h.  */
| #include <stdio.h>
| #ifdef HAVE_SYS_TYPES_H
| # include <sys/types.h>
| #endif
| #ifdef HAVE_SYS_STAT_H
| # include <sys/stat.h>
| #endif
| #ifdef STDC_HEADERS
| # include <stdlib.h>
| # include <stddef.h>
| #else
| # ifdef HAVE_STDLIB_H
| #  include <stdlib.h>
| # endif
| #endif
| #ifdef HAVE_STRING_H
| # if !defined STDC_HEADERS && defined HAVE_MEMORY_H
| #  include <memory.h>
| # endif
| # include <string.h>
| #endif
| #ifdef HAVE_STRINGS_H
| # include <strings.h>
| #endif
| #ifdef HAVE_INTTYPES_H
| # include <inttypes.h>
| #endif
| #ifdef HAVE_STDINT_H
| # include <stdint.h>
| #endif
| #ifdef HAVE_UNISTD_H
| # include <unistd.h>
| #endif
| int
| main ()
| {
| if (sizeof ((size_t)))
| 	    return 0;
|   ;
|   return 0;
| }
configure:4666: result: yes
configure:4679: checking for working alloca.h
configure:4696: i486-TSOL-linux-gnu-gcc -o conftest -Os  -static-libgcc conftest.c  >&5
configure:4696: $? = 0
configure:4704: result: yes
configure:4712: checking for alloca
configure:4749: i486-TSOL-linux-gnu-gcc -o conftest -Os  -static-libgcc conftest.c  >&5
configure:4749: $? = 0
configure:4757: result: yes
configure:4895: checking build system type
configure:4909: result: i686-pc-linux-gnu
configure:4929: checking host system type
configure:4942: result: i686-pc-linux-gnu
configure:4983: checking how to print strings
configure:5010: result: printf
configure:5031: checking for a sed that does not truncate output
configure:5095: result: /usr/bin/sed
configure:5113: checking for fgrep
configure:5175: result: /usr/bin/grep -F
configure:5210: checking for ld used by i486-TSOL-linux-gnu-gcc
configure:5277: result: i486-TSOL-linux-gnu-ld
configure:5284: checking if the linker (i486-TSOL-linux-gnu-ld) is GNU ld
configure:5299: result: yes
configure:5311: checking for BSD- or MS-compatible name lister (nm)
configure:5360: result: /toolchain/i486-TSOL-linux-gnu/bin//nm -B
configure:5490: checking the name lister (/toolchain/i486-TSOL-linux-gnu/bin//nm -B) interface
configure:5497: i486-TSOL-linux-gnu-gcc -c -Os  conftest.c >&5
configure:5500: /toolchain/i486-TSOL-linux-gnu/bin//nm -B "conftest.o"
configure:5503: output
00000000 B some_variable
configure:5510: result: BSD nm
configure:5513: checking whether ln -s works
configure:5517: result: yes
configure:5525: checking the maximum length of command line arguments
configure:5655: result: 1572864
configure:5672: checking whether the shell understands some XSI constructs
configure:5682: result: yes
configure:5686: checking whether the shell understands "+="
configure:5692: result: yes
configure:5727: checking how to convert i686-pc-linux-gnu file names to i686-pc-linux-gnu format
configure:5767: result: func_convert_file_noop
configure:5774: checking how to convert i686-pc-linux-gnu file names to toolchain format
configure:5794: result: func_convert_file_noop
configure:5801: checking for i486-TSOL-linux-gnu-ld option to reload object files
configure:5808: result: -r
configure:5882: checking for objdump
configure:5898: found /toolchain/i486-TSOL-linux-gnu/bin//objdump
configure:5909: result: objdump
configure:5941: checking how to recognize dependent libraries
configure:6143: result: pass_all
configure:6228: checking for dlltool
configure:6258: result: no
configure:6288: checking how to associate runtime and link libraries
configure:6315: result: printf %s\n
configure:6375: checking for ar
configure:6391: found /toolchain/i486-TSOL-linux-gnu/bin//ar
configure:6402: result: ar
configure:6439: checking for archiver @FILE support
configure:6456: i486-TSOL-linux-gnu-gcc -c -Os  conftest.c >&5
configure:6456: $? = 0
configure:6459: ar cru libconftest.a @conftest.lst >&5
configure:6462: $? = 0
configure:6467: ar cru libconftest.a @conftest.lst >&5
ar: conftest.o: No such file or directory
configure:6470: $? = 1
configure:6482: result: @
configure:6540: checking for strip
configure:6556: found /toolchain/i486-TSOL-linux-gnu/bin//strip
configure:6567: result: strip
configure:6639: checking for ranlib
configure:6655: found /toolchain/i486-TSOL-linux-gnu/bin//ranlib
configure:6666: result: ranlib
configure:6768: checking command to parse /toolchain/i486-TSOL-linux-gnu/bin//nm -B output from i486-TSOL-linux-gnu-gcc object
configure:6888: i486-TSOL-linux-gnu-gcc -c -Os  conftest.c >&5
configure:6891: $? = 0
configure:6895: /toolchain/i486-TSOL-linux-gnu/bin//nm -B conftest.o \| sed -n -e 's/^.*[ ]\([ABCDGIRSTW][ABCDGIRSTW]*\)[ ][ ]*\([_A-Za-z][_A-Za-z0-9]*\)$/\1 \2 \2/p' | sed '/ __gnu_lto/d' \> conftest.nm
configure:6898: $? = 0
configure:6964: i486-TSOL-linux-gnu-gcc -o conftest -Os  -static-libgcc conftest.c conftstm.o >&5
configure:6967: $? = 0
configure:7005: result: ok
configure:7042: checking for sysroot
configure:7072: result: no
configure:7334: checking for mt
configure:7364: result: no
configure:7384: checking if : is a manifest tool
configure:7390: : '-?'
configure:7398: result: no
configure:8037: checking for dlfcn.h
configure:8037: i486-TSOL-linux-gnu-gcc -c -Os  conftest.c >&5
configure:8037: $? = 0
configure:8037: result: yes
configure:8242: checking for objdir
configure:8257: result: .libs
configure:8528: checking if i486-TSOL-linux-gnu-gcc supports -fno-rtti -fno-exceptions
configure:8546: i486-TSOL-linux-gnu-gcc -c -Os  -fno-rtti -fno-exceptions conftest.c >&5
cc1: warning: command line option '-fno-rtti' is valid for C++/ObjC++ but not for C [enabled by default]
configure:8550: $? = 0
configure:8563: result: no
configure:8890: checking for i486-TSOL-linux-gnu-gcc option to produce PIC
configure:8897: result: -fPIC -DPIC
configure:8905: checking if i486-TSOL-linux-gnu-gcc PIC flag -fPIC -DPIC works
configure:8923: i486-TSOL-linux-gnu-gcc -c -Os  -fPIC -DPIC -DPIC conftest.c >&5
configure:8927: $? = 0
configure:8940: result: yes
configure:8969: checking if i486-TSOL-linux-gnu-gcc static flag -static works
configure:8997: result: yes
configure:9012: checking if i486-TSOL-linux-gnu-gcc supports -c -o file.o
configure:9033: i486-TSOL-linux-gnu-gcc -c -Os  -o out/conftest2.o conftest.c >&5
configure:9037: $? = 0
configure:9059: result: yes
configure:9067: checking if i486-TSOL-linux-gnu-gcc supports -c -o file.o
configure:9114: result: yes
configure:9147: checking whether the i486-TSOL-linux-gnu-gcc linker (i486-TSOL-linux-gnu-ld) supports shared libraries
configure:10300: result: yes
configure:10337: checking whether -lc should be explicitly linked in
configure:10345: i486-TSOL-linux-gnu-gcc -c -Os  conftest.c >&5
configure:10348: $? = 0
configure:10363: i486-TSOL-linux-gnu-gcc -shared  -fPIC -DPIC conftest.o  -v -Wl,-soname -Wl,conftest -o conftest 2\>\&1 \| /usr/bin/grep  -lc  \>/dev/null 2\>\&1
configure:10366: $? = 0
configure:10380: result: no
configure:10540: checking dynamic linker characteristics
configure:11051: i486-TSOL-linux-gnu-gcc -o conftest -Os  -static-libgcc -Wl,-rpath -Wl,/foo conftest.c  >&5
configure:11051: $? = 0
configure:11277: result: GNU/Linux ld.so
configure:11384: checking how to hardcode library paths into programs
configure:11409: result: immediate
configure:11949: checking whether stripping libraries is possible
configure:11954: result: yes
configure:11989: checking if libtool supports shared libraries
configure:11991: result: yes
configure:11994: checking whether to build shared libraries
configure:12015: result: yes
configure:12018: checking whether to build static libraries
configure:12022: result: no
configure:12115: checking for pkg-config
configure:12133: found /usr/bin/pkg-config
configure:12145: result: /usr/bin/pkg-config
configure:12170: checking pkg-config is at least version 0.9.0
configure:12173: result: yes
configure:12183: checking for PTHREADSTUBS
configure:12190: $PKG_CONFIG --exists --print-errors "pthread-stubs"
configure:12193: $? = 0
configure:12207: $PKG_CONFIG --exists --print-errors "pthread-stubs"
configure:12210: $? = 0
configure:12268: result: yes
configure:12362: checking for clock_gettime
configure:12362: i486-TSOL-linux-gnu-gcc -o conftest -Os  -static-libgcc conftest.c  >&5
/tmp/ccQ1dLRV.o: In function `main':
conftest.c:(.text.startup+0x10): undefined reference to `clock_gettime'
collect2: ld returned 1 exit status
configure:12362: $? = 1
configure: failed program was:
| /* confdefs.h */
| #define PACKAGE_NAME "libdrm"
| #define PACKAGE_TARNAME "libdrm"
| #define PACKAGE_VERSION "2.4.58"
| #define PACKAGE_STRING "libdrm 2.4.58"
| #define PACKAGE_BUGREPORT "https://bugs.freedesktop.org/enter_bug.cgi?product=DRI"
| #define PACKAGE_URL ""
| #define PACKAGE "libdrm"
| #define VERSION "2.4.58"
| #define STDC_HEADERS 1
| #define HAVE_SYS_TYPES_H 1
| #define HAVE_SYS_STAT_H 1
| #define HAVE_STDLIB_H 1
| #define HAVE_STRING_H 1
| #define HAVE_MEMORY_H 1
| #define HAVE_STRINGS_H 1
| #define HAVE_INTTYPES_H 1
| #define HAVE_STDINT_H 1
| #define HAVE_UNISTD_H 1
| #define __EXTENSIONS__ 1
| #define _ALL_SOURCE 1
| #define _GNU_SOURCE 1
| #define _POSIX_PTHREAD_SEMANTICS 1
| #define _TANDEM_SOURCE 1
| #define _FILE_OFFSET_BITS 64
| #define HAVE_ALLOCA_H 1
| #define HAVE_ALLOCA 1
| #define HAVE_DLFCN_H 1
| #define LT_OBJDIR ".libs/"
| /* end confdefs.h.  */
| /* Define clock_gettime to an innocuous variant, in case <limits.h> declares clock_gettime.
|    For example, HP-UX 11i <limits.h> declares gettimeofday.  */
| #define clock_gettime innocuous_clock_gettime
| 
| /* System header to define __stub macros and hopefully few prototypes,
|     which can conflict with char clock_gettime (); below.
|     Prefer <limits.h> to <assert.h> if __STDC__ is defined, since
|     <limits.h> exists even on freestanding compilers.  */
| 
| #ifdef __STDC__
| # include <limits.h>
| #else
| # include <assert.h>
| #endif
| 
| #undef clock_gettime
| 
| /* Override any GCC internal prototype to avoid an error.
|    Use char because int might match the return type of a GCC
|    builtin and then its argument prototype would still apply.  */
| #ifdef __cplusplus
| extern "C"
| #endif
| char clock_gettime ();
| /* The GNU C library defines this for functions which it implements
|     to always fail with ENOSYS.  Some functions are actually named
|     something starting with __ and the normal name is an alias.  */
| #if defined __stub_clock_gettime || defined __stub___clock_gettime
| choke me
| #endif
| 
| int
| main ()
| {
| return clock_gettime ();
|   ;
|   return 0;
| }
configure:12362: result: no
configure:12369: checking for clock_gettime in -lrt
configure:12394: i486-TSOL-linux-gnu-gcc -o conftest -Os  -static-libgcc conftest.c -lrt   >&5
configure:12394: $? = 0
configure:12403: result: yes
configure:12418: checking for open_memstream
configure:12418: i486-TSOL-linux-gnu-gcc -o conftest -Os  -static-libgcc conftest.c  >&5
configure:12418: $? = 0
configure:12418: result: yes
configure:12444: checking for supported warning flags
configure:12466: checking whether i486-TSOL-linux-gnu-gcc supports -Wall
configure:12476: i486-TSOL-linux-gnu-gcc -c -Os -Wall  conftest.c >&5
configure:12476: $? = 0
configure:12489: result: yes
configure:12466: checking whether i486-TSOL-linux-gnu-gcc supports -Wextra
configure:12476: i486-TSOL-linux-gnu-gcc -c -Os -Wextra  conftest.c >&5
configure:12476: $? = 0
configure:12489: result: yes
configure:12466: checking whether i486-TSOL-linux-gnu-gcc supports -Wsign-compare
configure:12476: i486-TSOL-linux-gnu-gcc -c -Os -Wsign-compare  conftest.c >&5
configure:12476: $? = 0
configure:12489: result: yes
configure:12466: checking whether i486-TSOL-linux-gnu-gcc supports -Werror-implicit-function-declaration
configure:12476: i486-TSOL-linux-gnu-gcc -c -Os -Werror-implicit-function-declaration  conftest.c >&5
configure:12476: $? = 0
configure:12489: result: yes
configure:12466: checking whether i486-TSOL-linux-gnu-gcc supports -Wpointer-arith
configure:12476: i486-TSOL-linux-gnu-gcc -c -Os -Wpointer-arith  conftest.c >&5
configure:12476: $? = 0
configure:12489: result: yes
configure:12466: checking whether i486-TSOL-linux-gnu-gcc supports -Wwrite-strings
configure:12476: i486-TSOL-linux-gnu-gcc -c -Os -Wwrite-strings  conftest.c >&5
configure:12476: $? = 0
configure:12489: result: yes
configure:12466: checking whether i486-TSOL-linux-gnu-gcc supports -Wstrict-prototypes
configure:12476: i486-TSOL-linux-gnu-gcc -c -Os -Wstrict-prototypes  conftest.c >&5
configure:12476: $? = 0
configure:12489: result: yes
configure:12466: checking whether i486-TSOL-linux-gnu-gcc supports -Wmissing-prototypes
configure:12476: i486-TSOL-linux-gnu-gcc -c -Os -Wmissing-prototypes  conftest.c >&5
configure:12476: $? = 0
configure:12489: result: yes
configure:12466: checking whether i486-TSOL-linux-gnu-gcc supports -Wmissing-declarations
configure:12476: i486-TSOL-linux-gnu-gcc -c -Os -Wmissing-declarations  conftest.c >&5
configure:12476: $? = 0
configure:12489: result: yes
configure:12466: checking whether i486-TSOL-linux-gnu-gcc supports -Wnested-externs
configure:12476: i486-TSOL-linux-gnu-gcc -c -Os -Wnested-externs  conftest.c >&5
configure:12476: $? = 0
configure:12489: result: yes
configure:12466: checking whether i486-TSOL-linux-gnu-gcc supports -Wpacked
configure:12476: i486-TSOL-linux-gnu-gcc -c -Os -Wpacked  conftest.c >&5
configure:12476: $? = 0
configure:12489: result: yes
configure:12466: checking whether i486-TSOL-linux-gnu-gcc supports -Wswitch-enum
configure:12476: i486-TSOL-linux-gnu-gcc -c -Os -Wswitch-enum  conftest.c >&5
configure:12476: $? = 0
configure:12489: result: yes
configure:12466: checking whether i486-TSOL-linux-gnu-gcc supports -Wmissing-format-attribute
configure:12476: i486-TSOL-linux-gnu-gcc -c -Os -Wmissing-format-attribute  conftest.c >&5
configure:12476: $? = 0
configure:12489: result: yes
configure:12466: checking whether i486-TSOL-linux-gnu-gcc supports -Wstrict-aliasing=2
configure:12476: i486-TSOL-linux-gnu-gcc -c -Os -Wstrict-aliasing=2  conftest.c >&5
configure:12476: $? = 0
configure:12489: result: yes
configure:12466: checking whether i486-TSOL-linux-gnu-gcc supports -Winit-self
configure:12476: i486-TSOL-linux-gnu-gcc -c -Os -Winit-self  conftest.c >&5
configure:12476: $? = 0
configure:12489: result: yes
configure:12466: checking whether i486-TSOL-linux-gnu-gcc supports -Wdeclaration-after-statement
configure:12476: i486-TSOL-linux-gnu-gcc -c -Os -Wdeclaration-after-statement  conftest.c >&5
configure:12476: $? = 0
configure:12489: result: yes
configure:12466: checking whether i486-TSOL-linux-gnu-gcc supports -Wold-style-definition
configure:12476: i486-TSOL-linux-gnu-gcc -c -Os -Wold-style-definition  conftest.c >&5
configure:12476: $? = 0
configure:12489: result: yes
configure:12466: checking whether i486-TSOL-linux-gnu-gcc supports -Wno-missing-field-initializers
configure:12476: i486-TSOL-linux-gnu-gcc -c -Os -Wno-missing-field-initializers  conftest.c >&5
configure:12476: $? = 0
configure:12489: result: yes
configure:12466: checking whether i486-TSOL-linux-gnu-gcc supports -Wno-unused-parameter
configure:12476: i486-TSOL-linux-gnu-gcc -c -Os -Wno-unused-parameter  conftest.c >&5
configure:12476: $? = 0
configure:12489: result: yes
configure:12466: checking whether i486-TSOL-linux-gnu-gcc supports -Wno-attributes
configure:12476: i486-TSOL-linux-gnu-gcc -c -Os -Wno-attributes  conftest.c >&5
configure:12476: $? = 0
configure:12489: result: yes
configure:12466: checking whether i486-TSOL-linux-gnu-gcc supports -Wno-long-long
configure:12476: i486-TSOL-linux-gnu-gcc -c -Os -Wno-long-long  conftest.c >&5
configure:12476: $? = 0
configure:12489: result: yes
configure:12466: checking whether i486-TSOL-linux-gnu-gcc supports -Winline
configure:12476: i486-TSOL-linux-gnu-gcc -c -Os -Winline  conftest.c >&5
configure:12476: $? = 0
configure:12489: result: yes
configure:12497: checking which warning flags were supported
configure:12500: result:  -Wall -Wextra -Wsign-compare -Werror-implicit-function-declaration -Wpointer-arith -Wwrite-strings -Wstrict-prototypes -Wmissing-prototypes -Wmissing-declarations -Wnested-externs -Wpacked -Wswitch-enum -Wmissing-format-attribute -Wstrict-aliasing=2 -Winit-self -Wdeclaration-after-statement -Wold-style-definition -Wno-missing-field-initializers -Wno-unused-parameter -Wno-attributes -Wno-long-long -Winline
configure:12505: checking for native atomic primitives
configure:12527: i486-TSOL-linux-gnu-gcc -o conftest -Os  -static-libgcc conftest.c  >&5
configure:12527: $? = 0
configure:12552: result: Intel
configure:12614: checking for PCIACCESS
configure:12621: $PKG_CONFIG --exists --print-errors "pciaccess >= 0.10"
configure:12624: $? = 0
configure:12638: $PKG_CONFIG --exists --print-errors "pciaccess >= 0.10"
configure:12641: $? = 0
configure:12699: result: yes
configure:12854: checking for CAIRO
configure:12861: $PKG_CONFIG --exists --print-errors "cairo"
configure:12864: $? = 0
configure:12878: $PKG_CONFIG --exists --print-errors "cairo"
configure:12881: $? = 0
configure:12919: result: yes
configure:12923: checking whether to enable Cairo tests
configure:12936: result: yes
configure:12950: checking for LIBUDEV
configure:12957: $PKG_CONFIG --exists --print-errors "libudev"
configure:12960: $? = 0
configure:12974: $PKG_CONFIG --exists --print-errors "libudev"
configure:12977: $? = 0
configure:13015: result: yes
configure:13043: checking for xsltproc
configure:13061: found /usr/bin/xsltproc
configure:13073: result: /usr/bin/xsltproc
configure:13091: checking for docbook manpages stylesheet
configure:13123: result: yes
configure:13140: checking for VALGRIND
configure:13147: $PKG_CONFIG --exists --print-errors "valgrind"
Package valgrind was not found in the pkg-config search path.
Perhaps you should add the directory containing `valgrind.pc'
to the PKG_CONFIG_PATH environment variable
No package 'valgrind' found
configure:13150: $? = 1
configure:13164: $PKG_CONFIG --exists --print-errors "valgrind"
Package valgrind was not found in the pkg-config search path.
Perhaps you should add the directory containing `valgrind.pc'
to the PKG_CONFIG_PATH environment variable
No package 'valgrind' found
configure:13167: $? = 1
configure:13181: result: no
No package 'valgrind' found
configure:13226: checking whether i486-TSOL-linux-gnu-gcc supports -fvisibility=hidden
configure:13241: i486-TSOL-linux-gnu-gcc -o conftest -Os -fvisibility=hidden  -static-libgcc conftest.c  >&5
configure:13241: $? = 0
configure:13242: result: yes
configure:13375: checking that generated files are newer than configure
configure:13381: result: done
configure:13460: creating ./config.status

## ---------------------- ##
## Running config.status. ##
## ---------------------- ##

This file was extended by libdrm config.status 2.4.58, which was
generated by GNU Autoconf 2.69.  Invocation command line was

  CONFIG_FILES    = 
  CONFIG_HEADERS  = 
  CONFIG_LINKS    = 
  CONFIG_COMMANDS = 
  $ ./config.status 

on ubuntu4

config.status:1172: creating Makefile
config.status:1172: creating libkms/Makefile
config.status:1172: creating libkms/libkms.pc
config.status:1172: creating intel/Makefile
config.status:1172: creating intel/libdrm_intel.pc
config.status:1172: creating radeon/Makefile
config.status:1172: creating radeon/libdrm_radeon.pc
config.status:1172: creating nouveau/Makefile
config.status:1172: creating nouveau/libdrm_nouveau.pc
config.status:1172: creating omap/Makefile
config.status:1172: creating omap/libdrm_omap.pc
config.status:1172: creating exynos/Makefile
config.status:1172: creating exynos/libdrm_exynos.pc
config.status:1172: creating freedreno/Makefile
config.status:1172: creating freedreno/libdrm_freedreno.pc
config.status:1172: creating tests/Makefile
config.status:1172: creating tests/modeprint/Makefile
config.status:1172: creating tests/modetest/Makefile
config.status:1172: creating tests/kmstest/Makefile
config.status:1172: creating tests/radeon/Makefile
config.status:1172: creating tests/vbltest/Makefile
config.status:1172: creating tests/exynos/Makefile
config.status:1172: creating man/Makefile
config.status:1172: creating libdrm.pc
config.status:1172: creating config.h
config.status:1401: executing depfiles commands
config.status:1401: executing libtool commands

## ---------------- ##
## Cache variables. ##
## ---------------- ##

ac_cv_build=i686-pc-linux-gnu
ac_cv_c_compiler_gnu=yes
ac_cv_env_CAIRO_CFLAGS_set=
ac_cv_env_CAIRO_CFLAGS_value=
ac_cv_env_CAIRO_LIBS_set=
ac_cv_env_CAIRO_LIBS_value=
ac_cv_env_CC_set=set
ac_cv_env_CC_value=i486-TSOL-linux-gnu-gcc
ac_cv_env_CFLAGS_set=set
ac_cv_env_CFLAGS_value=-Os
ac_cv_env_CPPFLAGS_set=
ac_cv_env_CPPFLAGS_value=
ac_cv_env_CPP_set=
ac_cv_env_CPP_value=
ac_cv_env_LDFLAGS_set=set
ac_cv_env_LDFLAGS_value=-static-libgcc
ac_cv_env_LIBS_set=
ac_cv_env_LIBS_value=
ac_cv_env_LIBUDEV_CFLAGS_set=
ac_cv_env_LIBUDEV_CFLAGS_value=
ac_cv_env_LIBUDEV_LIBS_set=
ac_cv_env_LIBUDEV_LIBS_value=
ac_cv_env_PCIACCESS_CFLAGS_set=
ac_cv_env_PCIACCESS_CFLAGS_value=
ac_cv_env_PCIACCESS_LIBS_set=
ac_cv_env_PCIACCESS_LIBS_value=
ac_cv_env_PKG_CONFIG_LIBDIR_set=
ac_cv_env_PKG_CONFIG_LIBDIR_value=
ac_cv_env_PKG_CONFIG_PATH_set=set
ac_cv_env_PKG_CONFIG_PATH_value=/usr/xorg/share/pkgconfig:/usr/xorg/lib/pkgconfig:/usr/xorg/lib/pkgconfig:/usr/xorg/share/pkgconfig:/usr/xorg/lib/pkgconfig:/usr/xorg/share/pkgconfig:
ac_cv_env_PKG_CONFIG_set=
ac_cv_env_PKG_CONFIG_value=
ac_cv_env_PTHREADSTUBS_CFLAGS_set=
ac_cv_env_PTHREADSTUBS_CFLAGS_value=
ac_cv_env_PTHREADSTUBS_LIBS_set=
ac_cv_env_PTHREADSTUBS_LIBS_value=
ac_cv_env_VALGRIND_CFLAGS_set=
ac_cv_env_VALGRIND_CFLAGS_value=
ac_cv_env_VALGRIND_LIBS_set=
ac_cv_env_VALGRIND_LIBS_value=
ac_cv_env_build_alias_set=
ac_cv_env_build_alias_value=
ac_cv_env_host_alias_set=
ac_cv_env_host_alias_value=
ac_cv_env_target_alias_set=
ac_cv_env_target_alias_value=
ac_cv_func_alloca_works=yes
ac_cv_func_clock_gettime=no
ac_cv_func_open_memstream=yes
ac_cv_header_dlfcn_h=yes
ac_cv_header_inttypes_h=yes
ac_cv_header_memory_h=yes
ac_cv_header_minix_config_h=no
ac_cv_header_stdc=yes
ac_cv_header_stdint_h=yes
ac_cv_header_stdlib_h=yes
ac_cv_header_string_h=yes
ac_cv_header_strings_h=yes
ac_cv_header_sys_stat_h=yes
ac_cv_header_sys_types_h=yes
ac_cv_header_unistd_h=yes
ac_cv_host=i686-pc-linux-gnu
ac_cv_lib_rt_clock_gettime=yes
ac_cv_objext=o
ac_cv_path_EGREP='/usr/bin/grep -E'
ac_cv_path_FGREP='/usr/bin/grep -F'
ac_cv_path_GREP=/usr/bin/grep
ac_cv_path_SED=/usr/bin/sed
ac_cv_path_XSLTPROC=/usr/bin/xsltproc
ac_cv_path_ac_pt_PKG_CONFIG=/usr/bin/pkg-config
ac_cv_path_install='/bin/install -c'
ac_cv_path_mkdir=/bin/mkdir
ac_cv_prog_AWK=gawk
ac_cv_prog_CPP='i486-TSOL-linux-gnu-gcc -E'
ac_cv_prog_ac_ct_AR=ar
ac_cv_prog_ac_ct_CC=i486-TSOL-linux-gnu-gcc
ac_cv_prog_ac_ct_OBJDUMP=objdump
ac_cv_prog_ac_ct_RANLIB=ranlib
ac_cv_prog_ac_ct_STRIP=strip
ac_cv_prog_cc_c89=
ac_cv_prog_cc_g=yes
ac_cv_prog_make_make_set=yes
ac_cv_safe_to_define___extensions__=yes
ac_cv_sys_file_offset_bits=64
ac_cv_sys_largefile_CC=no
ac_cv_type_size_t=yes
ac_cv_working_alloca_h=yes
am_cv_CC_dependencies_compiler_type=gcc3
am_cv_make_support_nested_variables=yes
drm_cv_atomic_primitives=Intel
libdrm_cv_warn_cflags=' -Wall -Wextra -Wsign-compare -Werror-implicit-function-declaration -Wpointer-arith -Wwrite-strings -Wstrict-prototypes -Wmissing-prototypes -Wmissing-declarations -Wnested-externs -Wpacked -Wswitch-enum -Wmissing-format-attribute -Wstrict-aliasing=2 -Winit-self -Wdeclaration-after-statement -Wold-style-definition -Wno-missing-field-initializers -Wno-unused-parameter -Wno-attributes -Wno-long-long -Winline'
libdrm_cv_warn_maybe='-Wall -Wextra -Wsign-compare -Werror-implicit-function-declaration -Wpointer-arith -Wwrite-strings -Wstrict-prototypes -Wmissing-prototypes -Wmissing-declarations -Wnested-externs -Wpacked -Wswitch-enum -Wmissing-format-attribute -Wstrict-aliasing=2 -Winit-self -Wdeclaration-after-statement -Wold-style-definition -Wno-missing-field-initializers -Wno-unused-parameter -Wno-attributes -Wno-long-long -Winline'
lt_cv_ar_at_file=@
lt_cv_archive_cmds_need_lc=no
lt_cv_deplibs_check_method=pass_all
lt_cv_file_magic_cmd='$MAGIC_CMD'
lt_cv_file_magic_test_file=
lt_cv_ld_reload_flag=-r
lt_cv_nm_interface='BSD nm'
lt_cv_objdir=.libs
lt_cv_path_LD=i486-TSOL-linux-gnu-ld
lt_cv_path_NM='/toolchain/i486-TSOL-linux-gnu/bin//nm -B'
lt_cv_path_mainfest_tool=no
lt_cv_prog_compiler_c_o=yes
lt_cv_prog_compiler_pic='-fPIC -DPIC'
lt_cv_prog_compiler_pic_works=yes
lt_cv_prog_compiler_rtti_exceptions=no
lt_cv_prog_compiler_static_works=yes
lt_cv_prog_gnu_ld=yes
lt_cv_sharedlib_from_linklib_cmd='printf %s\n'
lt_cv_shlibpath_overrides_runpath=yes
lt_cv_sys_global_symbol_pipe='sed -n -e '\''s/^.*[	 ]\([ABCDGIRSTW][ABCDGIRSTW]*\)[	 ][	 ]*\([_A-Za-z][_A-Za-z0-9]*\)$/\1 \2 \2/p'\'' | sed '\''/ __gnu_lto/d'\'''
lt_cv_sys_global_symbol_to_c_name_address='sed -n -e '\''s/^: \([^ ]*\)[ ]*$/  {\"\1\", (void *) 0},/p'\'' -e '\''s/^[ABCDGIRSTW]* \([^ ]*\) \([^ ]*\)$/  {"\2", (void *) \&\2},/p'\'''
lt_cv_sys_global_symbol_to_c_name_address_lib_prefix='sed -n -e '\''s/^: \([^ ]*\)[ ]*$/  {\"\1\", (void *) 0},/p'\'' -e '\''s/^[ABCDGIRSTW]* \([^ ]*\) \(lib[^ ]*\)$/  {"\2", (void *) \&\2},/p'\'' -e '\''s/^[ABCDGIRSTW]* \([^ ]*\) \([^ ]*\)$/  {"lib\2", (void *) \&\2},/p'\'''
lt_cv_sys_global_symbol_to_cdecl='sed -n -e '\''s/^T .* \(.*\)$/extern int \1();/p'\'' -e '\''s/^[ABCDGIRSTW]* .* \(.*\)$/extern char \1;/p'\'''
lt_cv_sys_max_cmd_len=1572864
lt_cv_to_host_file_cmd=func_convert_file_noop
lt_cv_to_tool_file_cmd=func_convert_file_noop
pkg_cv_CAIRO_CFLAGS='-pthread -I/usr/xorg/include/pixman-1 -I/usr/xorg/include -I/usr/include/cairo -I/usr/include/glib-2.0 -I/usr/lib/glib-2.0/include -I/usr/include/freetype2 -I/usr/include/libpng12  '
pkg_cv_CAIRO_LIBS='-lcairo  '
pkg_cv_LIBUDEV_CFLAGS=' '
pkg_cv_LIBUDEV_LIBS='-ludev -lrt  '
pkg_cv_PCIACCESS_CFLAGS='-I/usr/xorg/include  '
pkg_cv_PCIACCESS_LIBS='-L/usr/xorg/lib -lpciaccess  '
pkg_cv_PTHREADSTUBS_CFLAGS=' '
pkg_cv_PTHREADSTUBS_LIBS=' '

## ----------------- ##
## Output variables. ##
## ----------------- ##

ACLOCAL='aclocal -I/usr/xorg/share/aclocal -I /usr/xorg/share/aclocal'
ALLOCA=''
AMDEPBACKSLASH='\'
AMDEP_FALSE='#'
AMDEP_TRUE=''
AMTAR='$${TAR-tar}'
AM_BACKSLASH='\'
AM_DEFAULT_V='$(AM_DEFAULT_VERBOSITY)'
AM_DEFAULT_VERBOSITY='0'
AM_V='$(V)'
AR='ar'
AUTOCONF='${SHELL} /source/xorg-ponix4/mesa/libdrm-2.4.58/build-aux/missing autoconf'
AUTOHEADER='${SHELL} /source/xorg-ponix4/mesa/libdrm-2.4.58/build-aux/missing autoheader'
AUTOMAKE='${SHELL} /source/xorg-ponix4/mesa/libdrm-2.4.58/build-aux/missing automake-1.13'
AWK='gawk'
BUILD_MANPAGES_FALSE='#'
BUILD_MANPAGES_TRUE=''
CAIRO_CFLAGS='-pthread -I/usr/xorg/include/pixman-1 -I/usr/xorg/include -I/usr/include/cairo -I/usr/include/glib-2.0 -I/usr/lib/glib-2.0/include -I/usr/include/freetype2 -I/usr/include/libpng12  '
CAIRO_LIBS='-lcairo  '
CC='i486-TSOL-linux-gnu-gcc'
CCDEPMODE='depmode=gcc3'
CFLAGS='-Os'
CLOCK_LIB='-lrt'
CPP='i486-TSOL-linux-gnu-gcc -E'
CPPFLAGS=''
CYGPATH_W='echo'
DEFS='-DHAVE_CONFIG_H'
DEPDIR='.deps'
DLLTOOL='false'
DSYMUTIL=''
DUMPBIN=''
ECHO_C=''
ECHO_N='-n'
ECHO_T=''
EGREP='/usr/bin/grep -E'
EXEEXT=''
FGREP='/usr/bin/grep -F'
GREP='/usr/bin/grep'
HAVE_CAIRO_FALSE='#'
HAVE_CAIRO_TRUE=''
HAVE_EXYNOS_FALSE=''
HAVE_EXYNOS_TRUE='#'
HAVE_FREEDRENO_FALSE='#'
HAVE_FREEDRENO_TRUE=''
HAVE_INSTALL_TESTS_FALSE=''
HAVE_INSTALL_TESTS_TRUE='#'
HAVE_INTEL_FALSE='#'
HAVE_INTEL_TRUE=''
HAVE_LIBKMS_FALSE='#'
HAVE_LIBKMS_TRUE=''
HAVE_LIBUDEV_FALSE='#'
HAVE_LIBUDEV_TRUE=''
HAVE_MANPAGES_STYLESHEET_FALSE='#'
HAVE_MANPAGES_STYLESHEET_TRUE=''
HAVE_NOUVEAU_FALSE='#'
HAVE_NOUVEAU_TRUE=''
HAVE_OMAP_FALSE=''
HAVE_OMAP_TRUE='#'
HAVE_RADEON_FALSE='#'
HAVE_RADEON_TRUE=''
HAVE_VMWGFX_FALSE='#'
HAVE_VMWGFX_TRUE=''
INSTALL_DATA='${INSTALL} -m 644'
INSTALL_PROGRAM='${INSTALL}'
INSTALL_SCRIPT='${INSTALL}'
INSTALL_STRIP_PROGRAM='$(install_sh) -c -s'
LD='i486-TSOL-linux-gnu-ld'
LDFLAGS='-static-libgcc'
LIBOBJS=''
LIBS=''
LIBTOOL='$(SHELL) $(top_builddir)/libtool'
LIBUDEV_CFLAGS=' '
LIBUDEV_LIBS='-ludev -lrt  '
LIPO=''
LN_S='ln -s'
LTLIBOBJS=''
MAINT=''
MAINTAINER_MODE_FALSE='#'
MAINTAINER_MODE_TRUE=''
MAKEINFO='${SHELL} /source/xorg-ponix4/mesa/libdrm-2.4.58/build-aux/missing makeinfo'
MANIFEST_TOOL=':'
MANPAGES_STYLESHEET='http://docbook.sourceforge.net/release/xsl/current/manpages/docbook.xsl'
MKDIR_P='/bin/mkdir -p'
NM='/toolchain/i486-TSOL-linux-gnu/bin//nm -B'
NMEDIT=''
OBJDUMP='objdump'
OBJEXT='o'
OTOOL64=''
OTOOL=''
PACKAGE='libdrm'
PACKAGE_BUGREPORT='https://bugs.freedesktop.org/enter_bug.cgi?product=DRI'
PACKAGE_NAME='libdrm'
PACKAGE_STRING='libdrm 2.4.58'
PACKAGE_TARNAME='libdrm'
PACKAGE_URL=''
PACKAGE_VERSION='2.4.58'
PATH_SEPARATOR=':'
PCIACCESS_CFLAGS='-I/usr/xorg/include  '
PCIACCESS_LIBS='-L/usr/xorg/lib -lpciaccess  '
PKG_CONFIG='/usr/bin/pkg-config'
PKG_CONFIG_LIBDIR=''
PKG_CONFIG_PATH='/usr/xorg/share/pkgconfig:/usr/xorg/lib/pkgconfig:/usr/xorg/lib/pkgconfig:/usr/xorg/share/pkgconfig:/usr/xorg/lib/pkgconfig:/usr/xorg/share/pkgconfig:'
PTHREADSTUBS_CFLAGS=' '
PTHREADSTUBS_LIBS=' '
RANLIB='ranlib'
SED='/usr/bin/sed'
SET_MAKE=''
SHELL='/bin/sh'
STRIP='strip'
VALGRIND_CFLAGS=''
VALGRIND_LIBS=''
VERSION='2.4.58'
VISIBILITY_CFLAGS='-fvisibility=hidden'
WARN_CFLAGS=' -Wall -Wextra -Wsign-compare -Werror-implicit-function-declaration -Wpointer-arith -Wwrite-strings -Wstrict-prototypes -Wmissing-prototypes -Wmissing-declarations -Wnested-externs -Wpacked -Wswitch-enum -Wmissing-format-attribute -Wstrict-aliasing=2 -Winit-self -Wdeclaration-after-statement -Wold-style-definition -Wno-missing-field-initializers -Wno-unused-parameter -Wno-attributes -Wno-long-long -Winline'
XSLTPROC='/usr/bin/xsltproc'
ac_ct_AR='ar'
ac_ct_CC='i486-TSOL-linux-gnu-gcc'
ac_ct_DUMPBIN=''
am__EXEEXT_FALSE=''
am__EXEEXT_TRUE='#'
am__fastdepCC_FALSE='#'
am__fastdepCC_TRUE=''
am__include='include'
am__isrc=''
am__leading_dot='.'
am__nodep='_no'
am__quote=''
am__tar='$${TAR-tar} chof - "$$tardir"'
am__untar='$${TAR-tar} xf -'
bindir='${exec_prefix}/bin'
build='i686-pc-linux-gnu'
build_alias=''
build_cpu='i686'
build_os='linux-gnu'
build_vendor='pc'
datadir='${datarootdir}'
datarootdir='${prefix}/share'
docdir='${datarootdir}/doc/${PACKAGE_TARNAME}'
dvidir='${docdir}'
exec_prefix='${prefix}'
host='i686-pc-linux-gnu'
host_alias=''
host_cpu='i686'
host_os='linux-gnu'
host_vendor='pc'
htmldir='${docdir}'
includedir='${prefix}/include'
infodir='${datarootdir}/info'
install_sh='${SHELL} /source/xorg-ponix4/mesa/libdrm-2.4.58/build-aux/install-sh'
kernel_source=''
libdir='${exec_prefix}/lib'
libexecdir='${exec_prefix}/libexec'
localedir='${datarootdir}/locale'
localstatedir='${prefix}/var'
mandir='${datarootdir}/man'
mkdir_p='$(MKDIR_P)'
oldincludedir='/usr/include'
pdfdir='${docdir}'
pkgconfigdir='${exec_prefix}/lib/pkgconfig'
prefix='/usr/xorg'
program_transform_name='s,x,x,'
psdir='${docdir}'
sbindir='${exec_prefix}/sbin'
sharedstatedir='${prefix}/com'
sysconfdir='${prefix}/etc'
target_alias=''

## ----------- ##
## confdefs.h. ##
## ----------- ##

/* confdefs.h */
#define PACKAGE_NAME "libdrm"
#define PACKAGE_TARNAME "libdrm"
#define PACKAGE_VERSION "2.4.58"
#define PACKAGE_STRING "libdrm 2.4.58"
#define PACKAGE_BUGREPORT "https://bugs.freedesktop.org/enter_bug.cgi?product=DRI"
#define PACKAGE_URL ""
#define PACKAGE "libdrm"
#define VERSION "2.4.58"
#define STDC_HEADERS 1
#define HAVE_SYS_TYPES_H 1
#define HAVE_SYS_STAT_H 1
#define HAVE_STDLIB_H 1
#define HAVE_STRING_H 1
#define HAVE_MEMORY_H 1
#define HAVE_STRINGS_H 1
#define HAVE_INTTYPES_H 1
#define HAVE_STDINT_H 1
#define HAVE_UNISTD_H 1
#define __EXTENSIONS__ 1
#define _ALL_SOURCE 1
#define _GNU_SOURCE 1
#define _POSIX_PTHREAD_SEMANTICS 1
#define _TANDEM_SOURCE 1
#define _FILE_OFFSET_BITS 64
#define HAVE_ALLOCA_H 1
#define HAVE_ALLOCA 1
#define HAVE_DLFCN_H 1
#define LT_OBJDIR ".libs/"
#define HAVE_OPEN_MEMSTREAM 1
#define HAVE_LIBDRM_ATOMIC_PRIMITIVES 1
#define HAVE_INTEL 1
#define HAVE_VMWGFX 1
#define HAVE_NOUVEAU 1
#define HAVE_FREEDRENO 1
#define HAVE_RADEON 1
#define HAVE_CAIRO 1
#define HAVE_LIBUDEV 1
#define HAVE_VISIBILITY 1

configure: exit 0
