This file contains any messages produced by compilers while
running configure, to aid debugging if configure makes a mistake.

It was created by libXau configure 1.0.7, which was
generated by GNU Autoconf 2.68.  Invocation command line was

  $ ./configure --prefix=/usr/xorg CC=i486-TSOL-linux-gnu-gcc CFLAGS=-Os LDFLAGS=-static-libgcc

## --------- ##
## Platform. ##
## --------- ##

hostname = ubuntu4
uname -m = i686
uname -r = 3.2.16-030216-generic
uname -s = Linux
uname -v = #201204221935 SMP Sun Apr 22 23:42:49 UTC 2012

/usr/bin/uname -p = unknown
/bin/uname -X     = unknown

/bin/arch              = unknown
/usr/bin/arch -k       = unknown
/usr/convex/getsysinfo = unknown
/usr/bin/hostinfo      = unknown
/bin/machine           = unknown
/usr/bin/oslevel       = unknown
/bin/universe          = unknown

PATH: /usr/xorg/bin
PATH: /source/docbook-xsl-1.76.1/tools/bin
PATH: /bin
PATH: /sbin
PATH: /usr/bin
PATH: /usr/sbin
PATH: /usr/bin/X11
PATH: /usr/local/bin
PATH: /toolchain/bin
PATH: /toolchain/i486-TSOL-linux-gnu/bin/
PATH: /root/.local/bin
PATH: /usr/xorg/bin
PATH: /usr/xorg/bin


## ----------- ##
## Core tests. ##
## ----------- ##

configure:2249: checking for a BSD-compatible install
configure:2317: result: /bin/install -c
configure:2328: checking whether build environment is sane
configure:2378: result: yes
configure:2519: checking for a thread-safe mkdir -p
configure:2558: result: /bin/mkdir -p
configure:2571: checking for gawk
configure:2587: found /usr/bin/gawk
configure:2598: result: gawk
configure:2609: checking whether make sets $(MAKE)
configure:2631: result: yes
configure:2712: checking whether to enable maintainer-specific portions of Makefiles
configure:2721: result: no
configure:2740: checking build system type
configure:2754: result: i686-pc-linux-gnu
configure:2774: checking host system type
configure:2787: result: i686-pc-linux-gnu
configure:3156: checking how to print strings
configure:3183: result: printf
configure:3216: checking for style of include used by make
configure:3244: result: GNU
configure:3314: checking for gcc
configure:3341: result: i486-TSOL-linux-gnu-gcc
configure:3570: checking for C compiler version
configure:3579: i486-TSOL-linux-gnu-gcc --version >&5
i486-TSOL-linux-gnu-gcc (crosstool-NG 1.15.2) 4.6.3
Copyright (C) 2011 Free Software Foundation, Inc.
This is free software; see the source for copying conditions.  There is NO
warranty; not even for MERCHANTABILITY or FITNESS FOR A PARTICULAR PURPOSE.

configure:3590: $? = 0
configure:3579: i486-TSOL-linux-gnu-gcc -v >&5
Using built-in specs.
COLLECT_GCC=i486-TSOL-linux-gnu-gcc
COLLECT_LTO_WRAPPER=/toolchain/libexec/gcc/i486-TSOL-linux-gnu/4.6.3/lto-wrapper
Target: i486-TSOL-linux-gnu
Configured with: /TSOL/crosstool-ng-1.15.2/bin/.build/src/gcc-4.6.3/configure --build=i686-build_pc-linux-gnu --host=i686-build_pc-linux-gnu --target=i486-TSOL-linux-gnu --prefix=/toolchain --with-sysroot=/toolchain/i486-TSOL-linux-gnu/sysroot --enable-languages=c,c++ --with-arch=i486 --with-pkgversion='crosstool-NG 1.15.2' --enable-__cxa_atexit --disable-libmudflap --disable-libgomp --disable-libssp --with-gmp=/TSOL/crosstool-ng-1.15.2/bin/.build/i486-TSOL-linux-gnu/buildtools --with-mpfr=/TSOL/crosstool-ng-1.15.2/bin/.build/i486-TSOL-linux-gnu/buildtools --with-mpc=/TSOL/crosstool-ng-1.15.2/bin/.build/i486-TSOL-linux-gnu/buildtools --with-ppl=/TSOL/crosstool-ng-1.15.2/bin/.build/i486-TSOL-linux-gnu/buildtools --with-cloog=/TSOL/crosstool-ng-1.15.2/bin/.build/i486-TSOL-linux-gnu/buildtools --with-libelf=no --with-host-libstdcxx='-static-libgcc -Wl,-Bstatic,-lstdc++,-Bdynamic -lm -L/TSOL/crosstool-ng-1.15.2/bin/.build/i486-TSOL-linux-gnu/buildtools/lib -lpwl' --enable-threads=posix --enable-target-optspace --disable-multilib --with-local-prefix=/toolchain/i486-TSOL-linux-gnu/sysroot --enable-c99 --enable-long-long
Thread model: posix
gcc version 4.6.3 (crosstool-NG 1.15.2) 
configure:3590: $? = 0
configure:3579: i486-TSOL-linux-gnu-gcc -V >&5
i486-TSOL-linux-gnu-gcc: error: unrecognized option '-V'
i486-TSOL-linux-gnu-gcc: fatal error: no input files
compilation terminated.
configure:3590: $? = 1
configure:3579: i486-TSOL-linux-gnu-gcc -qversion >&5
i486-TSOL-linux-gnu-gcc: error: unrecognized option '-qversion'
i486-TSOL-linux-gnu-gcc: fatal error: no input files
compilation terminated.
configure:3590: $? = 1
configure:3610: checking whether the C compiler works
configure:3632: i486-TSOL-linux-gnu-gcc -Os  -static-libgcc conftest.c  >&5
configure:3636: $? = 0
configure:3684: result: yes
configure:3687: checking for C compiler default output file name
configure:3689: result: a.out
configure:3695: checking for suffix of executables
configure:3702: i486-TSOL-linux-gnu-gcc -o conftest -Os  -static-libgcc conftest.c  >&5
configure:3706: $? = 0
configure:3728: result: 
configure:3750: checking whether we are cross compiling
configure:3758: i486-TSOL-linux-gnu-gcc -o conftest -Os  -static-libgcc conftest.c  >&5
configure:3762: $? = 0
configure:3769: ./conftest
configure:3773: $? = 0
configure:3788: result: no
configure:3793: checking for suffix of object files
configure:3815: i486-TSOL-linux-gnu-gcc -c -Os  conftest.c >&5
configure:3819: $? = 0
configure:3840: result: o
configure:3844: checking whether we are using the GNU C compiler
configure:3863: i486-TSOL-linux-gnu-gcc -c -Os  conftest.c >&5
configure:3863: $? = 0
configure:3872: result: yes
configure:3881: checking whether i486-TSOL-linux-gnu-gcc accepts -g
configure:3901: i486-TSOL-linux-gnu-gcc -c -g  conftest.c >&5
configure:3901: $? = 0
configure:3942: result: yes
configure:3959: checking for i486-TSOL-linux-gnu-gcc option to accept ISO C89
configure:4023: i486-TSOL-linux-gnu-gcc  -c -Os  conftest.c >&5
configure:4023: $? = 0
configure:4036: result: none needed
configure:4058: checking dependency style of i486-TSOL-linux-gnu-gcc
configure:4168: result: gcc3
configure:4183: checking for a sed that does not truncate output
configure:4247: result: /usr/bin/sed
configure:4265: checking for grep that handles long lines and -e
configure:4323: result: /usr/bin/grep
configure:4328: checking for egrep
configure:4390: result: /usr/bin/grep -E
configure:4395: checking for fgrep
configure:4457: result: /usr/bin/grep -F
configure:4492: checking for ld used by i486-TSOL-linux-gnu-gcc
configure:4559: result: i486-TSOL-linux-gnu-ld
configure:4566: checking if the linker (i486-TSOL-linux-gnu-ld) is GNU ld
configure:4581: result: yes
configure:4593: checking for BSD- or MS-compatible name lister (nm)
configure:4642: result: /toolchain/i486-TSOL-linux-gnu/bin//nm -B
configure:4772: checking the name lister (/toolchain/i486-TSOL-linux-gnu/bin//nm -B) interface
configure:4779: i486-TSOL-linux-gnu-gcc -c -Os  conftest.c >&5
configure:4782: /toolchain/i486-TSOL-linux-gnu/bin//nm -B "conftest.o"
configure:4785: output
00000000 B some_variable
configure:4792: result: BSD nm
configure:4795: checking whether ln -s works
configure:4799: result: yes
configure:4807: checking the maximum length of command line arguments
configure:4932: result: 1572864
configure:4949: checking whether the shell understands some XSI constructs
configure:4959: result: yes
configure:4963: checking whether the shell understands "+="
configure:4969: result: yes
configure:5004: checking how to convert i686-pc-linux-gnu file names to i686-pc-linux-gnu format
configure:5044: result: func_convert_file_noop
configure:5051: checking how to convert i686-pc-linux-gnu file names to toolchain format
configure:5071: result: func_convert_file_noop
configure:5078: checking for i486-TSOL-linux-gnu-ld option to reload object files
configure:5085: result: -r
configure:5159: checking for objdump
configure:5186: result: objdump
configure:5215: checking how to recognize dependent libraries
configure:5417: result: pass_all
configure:5502: checking for dlltool
configure:5529: result: dlltool
configure:5559: checking how to associate runtime and link libraries
configure:5586: result: printf %s\n
configure:5647: checking for ar
configure:5663: found /toolchain/i486-TSOL-linux-gnu/bin//ar
configure:5674: result: ar
configure:5711: checking for archiver @FILE support
configure:5728: i486-TSOL-linux-gnu-gcc -c -Os  conftest.c >&5
configure:5728: $? = 0
configure:5731: ar cru libconftest.a @conftest.lst >&5
configure:5734: $? = 0
configure:5739: ar cru libconftest.a @conftest.lst >&5
ar: conftest.o: No such file or directory
configure:5742: $? = 1
configure:5754: result: @
configure:5812: checking for strip
configure:5828: found /toolchain/i486-TSOL-linux-gnu/bin//strip
configure:5839: result: strip
configure:5911: checking for ranlib
configure:5927: found /toolchain/i486-TSOL-linux-gnu/bin//ranlib
configure:5938: result: ranlib
configure:6040: checking command to parse /toolchain/i486-TSOL-linux-gnu/bin//nm -B output from i486-TSOL-linux-gnu-gcc object
configure:6159: i486-TSOL-linux-gnu-gcc -c -Os  conftest.c >&5
configure:6162: $? = 0
configure:6166: /toolchain/i486-TSOL-linux-gnu/bin//nm -B conftest.o \| sed -n -e 's/^.*[ ]\([ABCDGIRSTW][ABCDGIRSTW]*\)[ ][ ]*\([_A-Za-z][_A-Za-z0-9]*\)$/\1 \2 \2/p' | sed '/ __gnu_lto/d' \> conftest.nm
configure:6169: $? = 0
configure:6235: i486-TSOL-linux-gnu-gcc -o conftest -Os  -static-libgcc conftest.c conftstm.o >&5
configure:6238: $? = 0
configure:6276: result: ok
configure:6313: checking for sysroot
configure:6343: result: no
configure:6586: checking for mt
configure:6616: result: no
configure:6636: checking if : is a manifest tool
configure:6642: : '-?'
configure:6650: result: no
configure:7282: checking how to run the C preprocessor
configure:7313: i486-TSOL-linux-gnu-gcc -E  conftest.c
configure:7313: $? = 0
configure:7327: i486-TSOL-linux-gnu-gcc -E  conftest.c
conftest.c:11:28: fatal error: ac_nonexistent.h: No such file or directory
compilation terminated.
configure:7327: $? = 1
configure: failed program was:
| /* confdefs.h */
| #define PACKAGE_NAME "libXau"
| #define PACKAGE_TARNAME "libXau"
| #define PACKAGE_VERSION "1.0.7"
| #define PACKAGE_STRING "libXau 1.0.7"
| #define PACKAGE_BUGREPORT "https://bugs.freedesktop.org/enter_bug.cgi?product=xorg"
| #define PACKAGE_URL ""
| #define PACKAGE "libXau"
| #define VERSION "1.0.7"
| /* end confdefs.h.  */
| #include <ac_nonexistent.h>
configure:7352: result: i486-TSOL-linux-gnu-gcc -E
configure:7372: i486-TSOL-linux-gnu-gcc -E  conftest.c
configure:7372: $? = 0
configure:7386: i486-TSOL-linux-gnu-gcc -E  conftest.c
conftest.c:11:28: fatal error: ac_nonexistent.h: No such file or directory
compilation terminated.
configure:7386: $? = 1
configure: failed program was:
| /* confdefs.h */
| #define PACKAGE_NAME "libXau"
| #define PACKAGE_TARNAME "libXau"
| #define PACKAGE_VERSION "1.0.7"
| #define PACKAGE_STRING "libXau 1.0.7"
| #define PACKAGE_BUGREPORT "https://bugs.freedesktop.org/enter_bug.cgi?product=xorg"
| #define PACKAGE_URL ""
| #define PACKAGE "libXau"
| #define VERSION "1.0.7"
| /* end confdefs.h.  */
| #include <ac_nonexistent.h>
configure:7415: checking for ANSI C header files
configure:7435: i486-TSOL-linux-gnu-gcc -c -Os  conftest.c >&5
configure:7435: $? = 0
configure:7508: i486-TSOL-linux-gnu-gcc -o conftest -Os  -static-libgcc conftest.c  >&5
configure:7508: $? = 0
configure:7508: ./conftest
configure:7508: $? = 0
configure:7519: result: yes
configure:7532: checking for sys/types.h
configure:7532: i486-TSOL-linux-gnu-gcc -c -Os  conftest.c >&5
configure:7532: $? = 0
configure:7532: result: yes
configure:7532: checking for sys/stat.h
configure:7532: i486-TSOL-linux-gnu-gcc -c -Os  conftest.c >&5
configure:7532: $? = 0
configure:7532: result: yes
configure:7532: checking for stdlib.h
configure:7532: i486-TSOL-linux-gnu-gcc -c -Os  conftest.c >&5
configure:7532: $? = 0
configure:7532: result: yes
configure:7532: checking for string.h
configure:7532: i486-TSOL-linux-gnu-gcc -c -Os  conftest.c >&5
configure:7532: $? = 0
configure:7532: result: yes
configure:7532: checking for memory.h
configure:7532: i486-TSOL-linux-gnu-gcc -c -Os  conftest.c >&5
configure:7532: $? = 0
configure:7532: result: yes
configure:7532: checking for strings.h
configure:7532: i486-TSOL-linux-gnu-gcc -c -Os  conftest.c >&5
configure:7532: $? = 0
configure:7532: result: yes
configure:7532: checking for inttypes.h
configure:7532: i486-TSOL-linux-gnu-gcc -c -Os  conftest.c >&5
configure:7532: $? = 0
configure:7532: result: yes
configure:7532: checking for stdint.h
configure:7532: i486-TSOL-linux-gnu-gcc -c -Os  conftest.c >&5
configure:7532: $? = 0
configure:7532: result: yes
configure:7532: checking for unistd.h
configure:7532: i486-TSOL-linux-gnu-gcc -c -Os  conftest.c >&5
configure:7532: $? = 0
configure:7532: result: yes
configure:7546: checking for dlfcn.h
configure:7546: i486-TSOL-linux-gnu-gcc -c -Os  conftest.c >&5
configure:7546: $? = 0
configure:7546: result: yes
configure:7731: checking for objdir
configure:7746: result: .libs
configure:8013: checking if i486-TSOL-linux-gnu-gcc supports -fno-rtti -fno-exceptions
configure:8031: i486-TSOL-linux-gnu-gcc -c -Os  -fno-rtti -fno-exceptions conftest.c >&5
cc1: warning: command line option '-fno-rtti' is valid for C++/ObjC++ but not for C [enabled by default]
configure:8035: $? = 0
configure:8048: result: no
configure:8358: checking for i486-TSOL-linux-gnu-gcc option to produce PIC
configure:8365: result: -fPIC -DPIC
configure:8373: checking if i486-TSOL-linux-gnu-gcc PIC flag -fPIC -DPIC works
configure:8391: i486-TSOL-linux-gnu-gcc -c -Os  -fPIC -DPIC -DPIC conftest.c >&5
configure:8395: $? = 0
configure:8408: result: yes
configure:8437: checking if i486-TSOL-linux-gnu-gcc static flag -static works
configure:8465: result: yes
configure:8480: checking if i486-TSOL-linux-gnu-gcc supports -c -o file.o
configure:8501: i486-TSOL-linux-gnu-gcc -c -Os  -o out/conftest2.o conftest.c >&5
configure:8505: $? = 0
configure:8527: result: yes
configure:8535: checking if i486-TSOL-linux-gnu-gcc supports -c -o file.o
configure:8582: result: yes
configure:8615: checking whether the i486-TSOL-linux-gnu-gcc linker (i486-TSOL-linux-gnu-ld) supports shared libraries
configure:9773: result: yes
configure:9810: checking whether -lc should be explicitly linked in
configure:9818: i486-TSOL-linux-gnu-gcc -c -Os  conftest.c >&5
configure:9821: $? = 0
configure:9836: i486-TSOL-linux-gnu-gcc -shared  -fPIC -DPIC conftest.o  -v -Wl,-soname -Wl,conftest -o conftest 2\>\&1 \| /usr/bin/grep  -lc  \>/dev/null 2\>\&1
configure:9839: $? = 0
configure:9853: result: no
configure:10018: checking dynamic linker characteristics
configure:10532: i486-TSOL-linux-gnu-gcc -o conftest -Os  -static-libgcc -Wl,-rpath -Wl,/foo conftest.c  >&5
configure:10532: $? = 0
configure:10754: result: GNU/Linux ld.so
configure:10861: checking how to hardcode library paths into programs
configure:10886: result: immediate
configure:11426: checking whether stripping libraries is possible
configure:11431: result: yes
configure:11466: checking if libtool supports shared libraries
configure:11468: result: yes
configure:11471: checking whether to build shared libraries
configure:11492: result: yes
configure:11495: checking whether to build static libraries
configure:11499: result: yes
configure:11547: checking for i486-TSOL-linux-gnu-gcc option to accept ISO C99
configure:11696: i486-TSOL-linux-gnu-gcc  -c -Os  conftest.c >&5
conftest.c:73:29: error: expected ';', ',' or ')' before 'text'
conftest.c: In function 'main':
conftest.c:127:18: error: expected '=', ',', ';', 'asm' or '__attribute__' before 'newvar'
conftest.c:127:18: error: 'newvar' undeclared (first use in this function)
conftest.c:127:18: note: each undeclared identifier is reported only once for each function it appears in
conftest.c:137:3: error: 'for' loop initial declarations are only allowed in C99 mode
conftest.c:137:3: note: use option -std=c99 or -std=gnu99 to compile your code
configure:11696: $? = 1
configure: failed program was:
| /* confdefs.h */
| #define PACKAGE_NAME "libXau"
| #define PACKAGE_TARNAME "libXau"
| #define PACKAGE_VERSION "1.0.7"
| #define PACKAGE_STRING "libXau 1.0.7"
| #define PACKAGE_BUGREPORT "https://bugs.freedesktop.org/enter_bug.cgi?product=xorg"
| #define PACKAGE_URL ""
| #define PACKAGE "libXau"
| #define VERSION "1.0.7"
| #define STDC_HEADERS 1
| #define HAVE_SYS_TYPES_H 1
| #define HAVE_SYS_STAT_H 1
| #define HAVE_STDLIB_H 1
| #define HAVE_STRING_H 1
| #define HAVE_MEMORY_H 1
| #define HAVE_STRINGS_H 1
| #define HAVE_INTTYPES_H 1
| #define HAVE_STDINT_H 1
| #define HAVE_UNISTD_H 1
| #define HAVE_DLFCN_H 1
| #define LT_OBJDIR ".libs/"
| /* end confdefs.h.  */
| #include <stdarg.h>
| #include <stdbool.h>
| #include <stdlib.h>
| #include <wchar.h>
| #include <stdio.h>
| 
| // Check varargs macros.  These examples are taken from C99 6.10.3.5.
| #define debug(...) fprintf (stderr, __VA_ARGS__)
| #define showlist(...) puts (#__VA_ARGS__)
| #define report(test,...) ((test) ? puts (#test) : printf (__VA_ARGS__))
| static void
| test_varargs_macros (void)
| {
|   int x = 1234;
|   int y = 5678;
|   debug ("Flag");
|   debug ("X = %d\n", x);
|   showlist (The first, second, and third items.);
|   report (x>y, "x is %d but y is %d", x, y);
| }
| 
| // Check long long types.
| #define BIG64 18446744073709551615ull
| #define BIG32 4294967295ul
| #define BIG_OK (BIG64 / BIG32 == 4294967297ull && BIG64 % BIG32 == 0)
| #if !BIG_OK
|   your preprocessor is broken;
| #endif
| #if BIG_OK
| #else
|   your preprocessor is broken;
| #endif
| static long long int bignum = -9223372036854775807LL;
| static unsigned long long int ubignum = BIG64;
| 
| struct incomplete_array
| {
|   int datasize;
|   double data[];
| };
| 
| struct named_init {
|   int number;
|   const wchar_t *name;
|   double average;
| };
| 
| typedef const char *ccp;
| 
| static inline int
| test_restrict (ccp restrict text)
| {
|   // See if C++-style comments work.
|   // Iterate through items via the restricted pointer.
|   // Also check for declarations in for loops.
|   for (unsigned int i = 0; *(text+i) != '\0'; ++i)
|     continue;
|   return 0;
| }
| 
| // Check varargs and va_copy.
| static void
| test_varargs (const char *format, ...)
| {
|   va_list args;
|   va_start (args, format);
|   va_list args_copy;
|   va_copy (args_copy, args);
| 
|   const char *str;
|   int number;
|   float fnumber;
| 
|   while (*format)
|     {
|       switch (*format++)
| 	{
| 	case 's': // string
| 	  str = va_arg (args_copy, const char *);
| 	  break;
| 	case 'd': // int
| 	  number = va_arg (args_copy, int);
| 	  break;
| 	case 'f': // float
| 	  fnumber = va_arg (args_copy, double);
| 	  break;
| 	default:
| 	  break;
| 	}
|     }
|   va_end (args_copy);
|   va_end (args);
| }
| 
| int
| main ()
| {
| 
|   // Check bool.
|   _Bool success = false;
| 
|   // Check restrict.
|   if (test_restrict ("String literal") == 0)
|     success = true;
|   char *restrict newvar = "Another string";
| 
|   // Check varargs.
|   test_varargs ("s, d' f .", "string", 65, 34.234);
|   test_varargs_macros ();
| 
|   // Check flexible array members.
|   struct incomplete_array *ia =
|     malloc (sizeof (struct incomplete_array) + (sizeof (double) * 10));
|   ia->datasize = 10;
|   for (int i = 0; i < ia->datasize; ++i)
|     ia->data[i] = i * 1.234;
| 
|   // Check named initializers.
|   struct named_init ni = {
|     .number = 34,
|     .name = L"Test wide string",
|     .average = 543.34343,
|   };
| 
|   ni.number = 58;
| 
|   int dynamic_array[ni.number];
|   dynamic_array[ni.number - 1] = 543;
| 
|   // work around unused variable warnings
|   return (!success || bignum == 0LL || ubignum == 0uLL || newvar[0] == 'x'
| 	  || dynamic_array[ni.number - 1] != 543);
| 
|   ;
|   return 0;
| }
configure:11696: i486-TSOL-linux-gnu-gcc -std=gnu99 -c -Os  conftest.c >&5
configure:11696: $? = 0
configure:11716: result: -std=gnu99
configure:11728: checking whether __clang__ is declared
configure:11728: i486-TSOL-linux-gnu-gcc -std=gnu99 -c -Os  conftest.c >&5
conftest.c: In function 'main':
conftest.c:63:10: error: '__clang__' undeclared (first use in this function)
conftest.c:63:10: note: each undeclared identifier is reported only once for each function it appears in
configure:11728: $? = 1
configure: failed program was:
| /* confdefs.h */
| #define PACKAGE_NAME "libXau"
| #define PACKAGE_TARNAME "libXau"
| #define PACKAGE_VERSION "1.0.7"
| #define PACKAGE_STRING "libXau 1.0.7"
| #define PACKAGE_BUGREPORT "https://bugs.freedesktop.org/enter_bug.cgi?product=xorg"
| #define PACKAGE_URL ""
| #define PACKAGE "libXau"
| #define VERSION "1.0.7"
| #define STDC_HEADERS 1
| #define HAVE_SYS_TYPES_H 1
| #define HAVE_SYS_STAT_H 1
| #define HAVE_STDLIB_H 1
| #define HAVE_STRING_H 1
| #define HAVE_MEMORY_H 1
| #define HAVE_STRINGS_H 1
| #define HAVE_INTTYPES_H 1
| #define HAVE_STDINT_H 1
| #define HAVE_UNISTD_H 1
| #define HAVE_DLFCN_H 1
| #define LT_OBJDIR ".libs/"
| /* end confdefs.h.  */
| #include <stdio.h>
| #ifdef HAVE_SYS_TYPES_H
| # include <sys/types.h>
| #endif
| #ifdef HAVE_SYS_STAT_H
| # include <sys/stat.h>
| #endif
| #ifdef STDC_HEADERS
| # include <stdlib.h>
| # include <stddef.h>
| #else
| # ifdef HAVE_STDLIB_H
| #  include <stdlib.h>
| # endif
| #endif
| #ifdef HAVE_STRING_H
| # if !defined STDC_HEADERS && defined HAVE_MEMORY_H
| #  include <memory.h>
| # endif
| # include <string.h>
| #endif
| #ifdef HAVE_STRINGS_H
| # include <strings.h>
| #endif
| #ifdef HAVE_INTTYPES_H
| # include <inttypes.h>
| #endif
| #ifdef HAVE_STDINT_H
| # include <stdint.h>
| #endif
| #ifdef HAVE_UNISTD_H
| # include <unistd.h>
| #endif
| int
| main ()
| {
| #ifndef __clang__
| #ifdef __cplusplus
|   (void) __clang__;
| #else
|   (void) __clang__;
| #endif
| #endif
| 
|   ;
|   return 0;
| }
configure:11728: result: no
configure:11735: checking whether __INTEL_COMPILER is declared
configure:11735: i486-TSOL-linux-gnu-gcc -std=gnu99 -c -Os  conftest.c >&5
conftest.c: In function 'main':
conftest.c:63:10: error: '__INTEL_COMPILER' undeclared (first use in this function)
conftest.c:63:10: note: each undeclared identifier is reported only once for each function it appears in
configure:11735: $? = 1
configure: failed program was:
| /* confdefs.h */
| #define PACKAGE_NAME "libXau"
| #define PACKAGE_TARNAME "libXau"
| #define PACKAGE_VERSION "1.0.7"
| #define PACKAGE_STRING "libXau 1.0.7"
| #define PACKAGE_BUGREPORT "https://bugs.freedesktop.org/enter_bug.cgi?product=xorg"
| #define PACKAGE_URL ""
| #define PACKAGE "libXau"
| #define VERSION "1.0.7"
| #define STDC_HEADERS 1
| #define HAVE_SYS_TYPES_H 1
| #define HAVE_SYS_STAT_H 1
| #define HAVE_STDLIB_H 1
| #define HAVE_STRING_H 1
| #define HAVE_MEMORY_H 1
| #define HAVE_STRINGS_H 1
| #define HAVE_INTTYPES_H 1
| #define HAVE_STDINT_H 1
| #define HAVE_UNISTD_H 1
| #define HAVE_DLFCN_H 1
| #define LT_OBJDIR ".libs/"
| /* end confdefs.h.  */
| #include <stdio.h>
| #ifdef HAVE_SYS_TYPES_H
| # include <sys/types.h>
| #endif
| #ifdef HAVE_SYS_STAT_H
| # include <sys/stat.h>
| #endif
| #ifdef STDC_HEADERS
| # include <stdlib.h>
| # include <stddef.h>
| #else
| # ifdef HAVE_STDLIB_H
| #  include <stdlib.h>
| # endif
| #endif
| #ifdef HAVE_STRING_H
| # if !defined STDC_HEADERS && defined HAVE_MEMORY_H
| #  include <memory.h>
| # endif
| # include <string.h>
| #endif
| #ifdef HAVE_STRINGS_H
| # include <strings.h>
| #endif
| #ifdef HAVE_INTTYPES_H
| # include <inttypes.h>
| #endif
| #ifdef HAVE_STDINT_H
| # include <stdint.h>
| #endif
| #ifdef HAVE_UNISTD_H
| # include <unistd.h>
| #endif
| int
| main ()
| {
| #ifndef __INTEL_COMPILER
| #ifdef __cplusplus
|   (void) __INTEL_COMPILER;
| #else
|   (void) __INTEL_COMPILER;
| #endif
| #endif
| 
|   ;
|   return 0;
| }
configure:11735: result: no
configure:11742: checking whether __SUNPRO_C is declared
configure:11742: i486-TSOL-linux-gnu-gcc -std=gnu99 -c -Os  conftest.c >&5
conftest.c: In function 'main':
conftest.c:63:10: error: '__SUNPRO_C' undeclared (first use in this function)
conftest.c:63:10: note: each undeclared identifier is reported only once for each function it appears in
configure:11742: $? = 1
configure: failed program was:
| /* confdefs.h */
| #define PACKAGE_NAME "libXau"
| #define PACKAGE_TARNAME "libXau"
| #define PACKAGE_VERSION "1.0.7"
| #define PACKAGE_STRING "libXau 1.0.7"
| #define PACKAGE_BUGREPORT "https://bugs.freedesktop.org/enter_bug.cgi?product=xorg"
| #define PACKAGE_URL ""
| #define PACKAGE "libXau"
| #define VERSION "1.0.7"
| #define STDC_HEADERS 1
| #define HAVE_SYS_TYPES_H 1
| #define HAVE_SYS_STAT_H 1
| #define HAVE_STDLIB_H 1
| #define HAVE_STRING_H 1
| #define HAVE_MEMORY_H 1
| #define HAVE_STRINGS_H 1
| #define HAVE_INTTYPES_H 1
| #define HAVE_STDINT_H 1
| #define HAVE_UNISTD_H 1
| #define HAVE_DLFCN_H 1
| #define LT_OBJDIR ".libs/"
| /* end confdefs.h.  */
| #include <stdio.h>
| #ifdef HAVE_SYS_TYPES_H
| # include <sys/types.h>
| #endif
| #ifdef HAVE_SYS_STAT_H
| # include <sys/stat.h>
| #endif
| #ifdef STDC_HEADERS
| # include <stdlib.h>
| # include <stddef.h>
| #else
| # ifdef HAVE_STDLIB_H
| #  include <stdlib.h>
| # endif
| #endif
| #ifdef HAVE_STRING_H
| # if !defined STDC_HEADERS && defined HAVE_MEMORY_H
| #  include <memory.h>
| # endif
| # include <string.h>
| #endif
| #ifdef HAVE_STRINGS_H
| # include <strings.h>
| #endif
| #ifdef HAVE_INTTYPES_H
| # include <inttypes.h>
| #endif
| #ifdef HAVE_STDINT_H
| # include <stdint.h>
| #endif
| #ifdef HAVE_UNISTD_H
| # include <unistd.h>
| #endif
| int
| main ()
| {
| #ifndef __SUNPRO_C
| #ifdef __cplusplus
|   (void) __SUNPRO_C;
| #else
|   (void) __SUNPRO_C;
| #endif
| #endif
| 
|   ;
|   return 0;
| }
configure:11742: result: no
configure:11799: checking for pkg-config
configure:11817: found /usr/bin/pkg-config
configure:11829: result: /usr/bin/pkg-config
configure:11854: checking pkg-config is at least version 0.9.0
configure:11857: result: yes
configure:11905: checking if compiler supports -Werror=unknown-warning-option
configure:11914: i486-TSOL-linux-gnu-gcc -std=gnu99 -c -Os -Werror=unknown-warning-option  conftest.c >&5
cc1: error: -Werror=unknown-warning-option: no option -Wunknown-warning-option
configure:11914: $? = 1
configure: failed program was:
| /* confdefs.h */
| #define PACKAGE_NAME "libXau"
| #define PACKAGE_TARNAME "libXau"
| #define PACKAGE_VERSION "1.0.7"
| #define PACKAGE_STRING "libXau 1.0.7"
| #define PACKAGE_BUGREPORT "https://bugs.freedesktop.org/enter_bug.cgi?product=xorg"
| #define PACKAGE_URL ""
| #define PACKAGE "libXau"
| #define VERSION "1.0.7"
| #define STDC_HEADERS 1
| #define HAVE_SYS_TYPES_H 1
| #define HAVE_SYS_STAT_H 1
| #define HAVE_STDLIB_H 1
| #define HAVE_STRING_H 1
| #define HAVE_MEMORY_H 1
| #define HAVE_STRINGS_H 1
| #define HAVE_INTTYPES_H 1
| #define HAVE_STDINT_H 1
| #define HAVE_UNISTD_H 1
| #define HAVE_DLFCN_H 1
| #define LT_OBJDIR ".libs/"
| /* end confdefs.h.  */
| int i;
configure:11921: result: no
configure:11932: checking if compiler supports -Werror=unused-command-line-argument
configure:11941: i486-TSOL-linux-gnu-gcc -std=gnu99 -c -Os -Werror=unused-command-line-argument  conftest.c >&5
cc1: error: -Werror=unused-command-line-argument: no option -Wunused-command-line-argument
configure:11941: $? = 1
configure: failed program was:
| /* confdefs.h */
| #define PACKAGE_NAME "libXau"
| #define PACKAGE_TARNAME "libXau"
| #define PACKAGE_VERSION "1.0.7"
| #define PACKAGE_STRING "libXau 1.0.7"
| #define PACKAGE_BUGREPORT "https://bugs.freedesktop.org/enter_bug.cgi?product=xorg"
| #define PACKAGE_URL ""
| #define PACKAGE "libXau"
| #define VERSION "1.0.7"
| #define STDC_HEADERS 1
| #define HAVE_SYS_TYPES_H 1
| #define HAVE_SYS_STAT_H 1
| #define HAVE_STDLIB_H 1
| #define HAVE_STRING_H 1
| #define HAVE_MEMORY_H 1
| #define HAVE_STRINGS_H 1
| #define HAVE_INTTYPES_H 1
| #define HAVE_STDINT_H 1
| #define HAVE_UNISTD_H 1
| #define HAVE_DLFCN_H 1
| #define LT_OBJDIR ".libs/"
| /* end confdefs.h.  */
| int i;
configure:11948: result: no
configure:11967: checking if i486-TSOL-linux-gnu-gcc -std=gnu99 supports -Wall
configure:11984: i486-TSOL-linux-gnu-gcc -std=gnu99 -o conftest -Os -Wall  -static-libgcc conftest.c  >&5
configure:11984: $? = 0
configure:11997: result: yes
configure:12083: checking if i486-TSOL-linux-gnu-gcc -std=gnu99 supports -Wpointer-arith
configure:12100: i486-TSOL-linux-gnu-gcc -std=gnu99 -o conftest -Os -Wpointer-arith  -static-libgcc conftest.c  >&5
configure:12100: $? = 0
configure:12113: result: yes
configure:12199: checking if i486-TSOL-linux-gnu-gcc -std=gnu99 supports -Wmissing-declarations
configure:12216: i486-TSOL-linux-gnu-gcc -std=gnu99 -o conftest -Os -Wmissing-declarations  -static-libgcc conftest.c  >&5
configure:12216: $? = 0
configure:12229: result: yes
configure:12315: checking if i486-TSOL-linux-gnu-gcc -std=gnu99 supports -Wformat=2
configure:12332: i486-TSOL-linux-gnu-gcc -std=gnu99 -o conftest -Os -Wformat=2  -static-libgcc conftest.c  >&5
configure:12332: $? = 0
configure:12345: result: yes
configure:12482: checking if i486-TSOL-linux-gnu-gcc -std=gnu99 supports -Wstrict-prototypes
configure:12499: i486-TSOL-linux-gnu-gcc -std=gnu99 -o conftest -Os -Wstrict-prototypes  -static-libgcc conftest.c  >&5
conftest.c:25:1: warning: function declaration isn't a prototype [-Wstrict-prototypes]
configure:12499: $? = 0
configure:12512: result: yes
configure:12598: checking if i486-TSOL-linux-gnu-gcc -std=gnu99 supports -Wmissing-prototypes
configure:12615: i486-TSOL-linux-gnu-gcc -std=gnu99 -o conftest -Os -Wmissing-prototypes  -static-libgcc conftest.c  >&5
configure:12615: $? = 0
configure:12628: result: yes
configure:12714: checking if i486-TSOL-linux-gnu-gcc -std=gnu99 supports -Wnested-externs
configure:12731: i486-TSOL-linux-gnu-gcc -std=gnu99 -o conftest -Os -Wnested-externs  -static-libgcc conftest.c  >&5
configure:12731: $? = 0
configure:12744: result: yes
configure:12830: checking if i486-TSOL-linux-gnu-gcc -std=gnu99 supports -Wbad-function-cast
configure:12847: i486-TSOL-linux-gnu-gcc -std=gnu99 -o conftest -Os -Wbad-function-cast  -static-libgcc conftest.c  >&5
configure:12847: $? = 0
configure:12860: result: yes
configure:12946: checking if i486-TSOL-linux-gnu-gcc -std=gnu99 supports -Wold-style-definition
configure:12963: i486-TSOL-linux-gnu-gcc -std=gnu99 -o conftest -Os -Wold-style-definition  -static-libgcc conftest.c  >&5
conftest.c: In function 'main':
conftest.c:25:1: warning: old-style function definition [-Wold-style-definition]
configure:12963: $? = 0
configure:12976: result: yes
configure:13062: checking if i486-TSOL-linux-gnu-gcc -std=gnu99 supports -Wdeclaration-after-statement
configure:13079: i486-TSOL-linux-gnu-gcc -std=gnu99 -o conftest -Os -Wdeclaration-after-statement  -static-libgcc conftest.c  >&5
configure:13079: $? = 0
configure:13092: result: yes
configure:13182: checking if i486-TSOL-linux-gnu-gcc -std=gnu99 supports -Wunused
configure:13199: i486-TSOL-linux-gnu-gcc -std=gnu99 -o conftest -Os -Wunused  -static-libgcc conftest.c  >&5
configure:13199: $? = 0
configure:13212: result: yes
configure:13298: checking if i486-TSOL-linux-gnu-gcc -std=gnu99 supports -Wuninitialized
configure:13315: i486-TSOL-linux-gnu-gcc -std=gnu99 -o conftest -Os -Wuninitialized  -static-libgcc conftest.c  >&5
configure:13315: $? = 0
configure:13328: result: yes
configure:13414: checking if i486-TSOL-linux-gnu-gcc -std=gnu99 supports -Wshadow
configure:13431: i486-TSOL-linux-gnu-gcc -std=gnu99 -o conftest -Os -Wshadow  -static-libgcc conftest.c  >&5
configure:13431: $? = 0
configure:13444: result: yes
configure:13530: checking if i486-TSOL-linux-gnu-gcc -std=gnu99 supports -Wcast-qual
configure:13547: i486-TSOL-linux-gnu-gcc -std=gnu99 -o conftest -Os -Wcast-qual  -static-libgcc conftest.c  >&5
configure:13547: $? = 0
configure:13560: result: yes
configure:13646: checking if i486-TSOL-linux-gnu-gcc -std=gnu99 supports -Wmissing-noreturn
configure:13663: i486-TSOL-linux-gnu-gcc -std=gnu99 -o conftest -Os -Wmissing-noreturn  -static-libgcc conftest.c  >&5
configure:13663: $? = 0
configure:13676: result: yes
configure:13762: checking if i486-TSOL-linux-gnu-gcc -std=gnu99 supports -Wmissing-format-attribute
configure:13779: i486-TSOL-linux-gnu-gcc -std=gnu99 -o conftest -Os -Wmissing-format-attribute  -static-libgcc conftest.c  >&5
configure:13779: $? = 0
configure:13792: result: yes
configure:13878: checking if i486-TSOL-linux-gnu-gcc -std=gnu99 supports -Wredundant-decls
configure:13895: i486-TSOL-linux-gnu-gcc -std=gnu99 -o conftest -Os -Wredundant-decls  -static-libgcc conftest.c  >&5
configure:13895: $? = 0
configure:13908: result: yes
configure:14006: checking if i486-TSOL-linux-gnu-gcc -std=gnu99 supports -Werror=implicit
configure:14023: i486-TSOL-linux-gnu-gcc -std=gnu99 -o conftest -Os -Werror=implicit  -static-libgcc conftest.c  >&5
configure:14023: $? = 0
configure:14036: result: yes
configure:14171: checking if i486-TSOL-linux-gnu-gcc -std=gnu99 supports -Werror=nonnull
configure:14188: i486-TSOL-linux-gnu-gcc -std=gnu99 -o conftest -Os -Werror=nonnull  -static-libgcc conftest.c  >&5
configure:14188: $? = 0
configure:14201: result: yes
configure:14287: checking if i486-TSOL-linux-gnu-gcc -std=gnu99 supports -Werror=init-self
configure:14304: i486-TSOL-linux-gnu-gcc -std=gnu99 -o conftest -Os -Werror=init-self  -static-libgcc conftest.c  >&5
configure:14304: $? = 0
configure:14317: result: yes
configure:14403: checking if i486-TSOL-linux-gnu-gcc -std=gnu99 supports -Werror=main
configure:14420: i486-TSOL-linux-gnu-gcc -std=gnu99 -o conftest -Os -Werror=main  -static-libgcc conftest.c  >&5
configure:14420: $? = 0
configure:14433: result: yes
configure:14519: checking if i486-TSOL-linux-gnu-gcc -std=gnu99 supports -Werror=missing-braces
configure:14536: i486-TSOL-linux-gnu-gcc -std=gnu99 -o conftest -Os -Werror=missing-braces  -static-libgcc conftest.c  >&5
configure:14536: $? = 0
configure:14549: result: yes
configure:14635: checking if i486-TSOL-linux-gnu-gcc -std=gnu99 supports -Werror=sequence-point
configure:14652: i486-TSOL-linux-gnu-gcc -std=gnu99 -o conftest -Os -Werror=sequence-point  -static-libgcc conftest.c  >&5
configure:14652: $? = 0
configure:14665: result: yes
configure:14751: checking if i486-TSOL-linux-gnu-gcc -std=gnu99 supports -Werror=return-type
configure:14768: i486-TSOL-linux-gnu-gcc -std=gnu99 -o conftest -Os -Werror=return-type  -static-libgcc conftest.c  >&5
configure:14768: $? = 0
configure:14781: result: yes
configure:14916: checking if i486-TSOL-linux-gnu-gcc -std=gnu99 supports -Werror=trigraphs
configure:14933: i486-TSOL-linux-gnu-gcc -std=gnu99 -o conftest -Os -Werror=trigraphs  -static-libgcc conftest.c  >&5
configure:14933: $? = 0
configure:14946: result: yes
configure:15032: checking if i486-TSOL-linux-gnu-gcc -std=gnu99 supports -Werror=array-bounds
configure:15049: i486-TSOL-linux-gnu-gcc -std=gnu99 -o conftest -Os -Werror=array-bounds  -static-libgcc conftest.c  >&5
configure:15049: $? = 0
configure:15062: result: yes
configure:15148: checking if i486-TSOL-linux-gnu-gcc -std=gnu99 supports -Werror=write-strings
configure:15165: i486-TSOL-linux-gnu-gcc -std=gnu99 -o conftest -Os -Werror=write-strings  -static-libgcc conftest.c  >&5
configure:15165: $? = 0
configure:15178: result: yes
configure:15264: checking if i486-TSOL-linux-gnu-gcc -std=gnu99 supports -Werror=address
configure:15281: i486-TSOL-linux-gnu-gcc -std=gnu99 -o conftest -Os -Werror=address  -static-libgcc conftest.c  >&5
configure:15281: $? = 0
configure:15294: result: yes
configure:15380: checking if i486-TSOL-linux-gnu-gcc -std=gnu99 supports -Werror=int-to-pointer-cast
configure:15397: i486-TSOL-linux-gnu-gcc -std=gnu99 -o conftest -Os -Werror=int-to-pointer-cast  -static-libgcc conftest.c  >&5
configure:15397: $? = 0
configure:15410: result: yes
configure:15545: checking if i486-TSOL-linux-gnu-gcc -std=gnu99 supports -Werror=pointer-to-int-cast
configure:15562: i486-TSOL-linux-gnu-gcc -std=gnu99 -o conftest -Os -Werror=pointer-to-int-cast  -static-libgcc conftest.c  >&5
configure:15562: $? = 0
configure:15575: result: yes
configure:17205: checking if i486-TSOL-linux-gnu-gcc -std=gnu99 supports -pedantic
configure:17222: i486-TSOL-linux-gnu-gcc -std=gnu99 -o conftest -Os -pedantic  -static-libgcc conftest.c  >&5
configure:17222: $? = 0
configure:17235: result: yes
configure:17321: checking if i486-TSOL-linux-gnu-gcc -std=gnu99 supports -Werror
configure:17338: i486-TSOL-linux-gnu-gcc -std=gnu99 -o conftest -Os -Werror  -static-libgcc conftest.c  >&5
configure:17338: $? = 0
configure:17351: result: yes
configure:17489: checking if i486-TSOL-linux-gnu-gcc -std=gnu99 supports -Werror=attributes
configure:17506: i486-TSOL-linux-gnu-gcc -std=gnu99 -o conftest -Os -Werror=attributes  -static-libgcc conftest.c  >&5
configure:17506: $? = 0
configure:17519: result: yes
configure:17683: checking whether ln -s works
configure:17687: result: yes
configure:17698: checking for XAU
configure:17705: $PKG_CONFIG --exists --print-errors "xproto"
configure:17708: $? = 0
configure:17721: $PKG_CONFIG --exists --print-errors "xproto"
configure:17724: $? = 0
configure:17778: result: yes
configure:17795: checking for gethostbyname_r in -lc
configure:17820: i486-TSOL-linux-gnu-gcc -std=gnu99 -o conftest -Os  -static-libgcc conftest.c -lc   >&5
configure:17820: $? = 0
configure:17829: result: yes
configure:18169: creating ./config.status

## ---------------------- ##
## Running config.status. ##
## ---------------------- ##

This file was extended by libXau config.status 1.0.7, which was
generated by GNU Autoconf 2.68.  Invocation command line was

  CONFIG_FILES    = 
  CONFIG_HEADERS  = 
  CONFIG_LINKS    = 
  CONFIG_COMMANDS = 
  $ ./config.status 

on ubuntu4

config.status:1138: creating Makefile
config.status:1138: creating man/Makefile
config.status:1138: creating xau.pc
config.status:1138: creating config.h
config.status:1367: executing depfiles commands
config.status:1367: executing libtool commands

## ---------------- ##
## Cache variables. ##
## ---------------- ##

ac_cv_build=i686-pc-linux-gnu
ac_cv_c_compiler_gnu=yes
ac_cv_env_CC_set=set
ac_cv_env_CC_value=i486-TSOL-linux-gnu-gcc
ac_cv_env_CFLAGS_set=set
ac_cv_env_CFLAGS_value=-Os
ac_cv_env_CPPFLAGS_set=
ac_cv_env_CPPFLAGS_value=
ac_cv_env_CPP_set=
ac_cv_env_CPP_value=
ac_cv_env_LDFLAGS_set=set
ac_cv_env_LDFLAGS_value=-static-libgcc
ac_cv_env_LIBS_set=
ac_cv_env_LIBS_value=
ac_cv_env_LINT_FLAGS_set=
ac_cv_env_LINT_FLAGS_value=
ac_cv_env_LINT_set=
ac_cv_env_LINT_value=
ac_cv_env_PKG_CONFIG_set=
ac_cv_env_PKG_CONFIG_value=
ac_cv_env_XAU_CFLAGS_set=
ac_cv_env_XAU_CFLAGS_value=
ac_cv_env_XAU_LIBS_set=
ac_cv_env_XAU_LIBS_value=
ac_cv_env_build_alias_set=
ac_cv_env_build_alias_value=
ac_cv_env_host_alias_set=
ac_cv_env_host_alias_value=
ac_cv_env_target_alias_set=
ac_cv_env_target_alias_value=
ac_cv_have_decl___INTEL_COMPILER=no
ac_cv_have_decl___SUNPRO_C=no
ac_cv_have_decl___clang__=no
ac_cv_header_dlfcn_h=yes
ac_cv_header_inttypes_h=yes
ac_cv_header_memory_h=yes
ac_cv_header_stdc=yes
ac_cv_header_stdint_h=yes
ac_cv_header_stdlib_h=yes
ac_cv_header_string_h=yes
ac_cv_header_strings_h=yes
ac_cv_header_sys_stat_h=yes
ac_cv_header_sys_types_h=yes
ac_cv_header_unistd_h=yes
ac_cv_host=i686-pc-linux-gnu
ac_cv_lib_c_gethostbyname_r=yes
ac_cv_objext=o
ac_cv_path_EGREP='/usr/bin/grep -E'
ac_cv_path_FGREP='/usr/bin/grep -F'
ac_cv_path_GREP=/usr/bin/grep
ac_cv_path_SED=/usr/bin/sed
ac_cv_path_ac_pt_PKG_CONFIG=/usr/bin/pkg-config
ac_cv_path_install='/bin/install -c'
ac_cv_path_mkdir=/bin/mkdir
ac_cv_prog_AWK=gawk
ac_cv_prog_CPP='i486-TSOL-linux-gnu-gcc -E'
ac_cv_prog_ac_ct_AR=ar
ac_cv_prog_ac_ct_CC=i486-TSOL-linux-gnu-gcc
ac_cv_prog_ac_ct_DLLTOOL=dlltool
ac_cv_prog_ac_ct_OBJDUMP=objdump
ac_cv_prog_ac_ct_RANLIB=ranlib
ac_cv_prog_ac_ct_STRIP=strip
ac_cv_prog_cc_c89=
ac_cv_prog_cc_c99=-std=gnu99
ac_cv_prog_cc_g=yes
ac_cv_prog_make_make_set=yes
am_cv_CC_dependencies_compiler_type=gcc3
lt_cv_ar_at_file=@
lt_cv_archive_cmds_need_lc=no
lt_cv_deplibs_check_method=pass_all
lt_cv_file_magic_cmd='$MAGIC_CMD'
lt_cv_file_magic_test_file=
lt_cv_ld_reload_flag=-r
lt_cv_nm_interface='BSD nm'
lt_cv_objdir=.libs
lt_cv_path_LD=i486-TSOL-linux-gnu-ld
lt_cv_path_NM='/toolchain/i486-TSOL-linux-gnu/bin//nm -B'
lt_cv_path_mainfest_tool=no
lt_cv_prog_compiler_c_o=yes
lt_cv_prog_compiler_pic='-fPIC -DPIC'
lt_cv_prog_compiler_pic_works=yes
lt_cv_prog_compiler_rtti_exceptions=no
lt_cv_prog_compiler_static_works=yes
lt_cv_prog_gnu_ld=yes
lt_cv_sharedlib_from_linklib_cmd='printf %s\n'
lt_cv_shlibpath_overrides_runpath=yes
lt_cv_sys_global_symbol_pipe='sed -n -e '\''s/^.*[	 ]\([ABCDGIRSTW][ABCDGIRSTW]*\)[	 ][	 ]*\([_A-Za-z][_A-Za-z0-9]*\)$/\1 \2 \2/p'\'' | sed '\''/ __gnu_lto/d'\'''
lt_cv_sys_global_symbol_to_c_name_address='sed -n -e '\''s/^: \([^ ]*\)[ ]*$/  {\"\1\", (void *) 0},/p'\'' -e '\''s/^[ABCDGIRSTW]* \([^ ]*\) \([^ ]*\)$/  {"\2", (void *) \&\2},/p'\'''
lt_cv_sys_global_symbol_to_c_name_address_lib_prefix='sed -n -e '\''s/^: \([^ ]*\)[ ]*$/  {\"\1\", (void *) 0},/p'\'' -e '\''s/^[ABCDGIRSTW]* \([^ ]*\) \(lib[^ ]*\)$/  {"\2", (void *) \&\2},/p'\'' -e '\''s/^[ABCDGIRSTW]* \([^ ]*\) \([^ ]*\)$/  {"lib\2", (void *) \&\2},/p'\'''
lt_cv_sys_global_symbol_to_cdecl='sed -n -e '\''s/^T .* \(.*\)$/extern int \1();/p'\'' -e '\''s/^[ABCDGIRSTW]* .* \(.*\)$/extern char \1;/p'\'''
lt_cv_sys_max_cmd_len=1572864
lt_cv_to_host_file_cmd=func_convert_file_noop
lt_cv_to_tool_file_cmd=func_convert_file_noop
pkg_cv_XAU_CFLAGS='-I/usr/xorg/include  '
pkg_cv_XAU_LIBS=' '
xorg_cv_cc_flag__Wall=yes
xorg_cv_cc_flag__Wbad_function_cast=yes
xorg_cv_cc_flag__Wcast_qual=yes
xorg_cv_cc_flag__Wdeclaration_after_statement=yes
xorg_cv_cc_flag__Werror=yes
xorg_cv_cc_flag__Werror_address=yes
xorg_cv_cc_flag__Werror_array_bounds=yes
xorg_cv_cc_flag__Werror_attributes=yes
xorg_cv_cc_flag__Werror_implicit=yes
xorg_cv_cc_flag__Werror_init_self=yes
xorg_cv_cc_flag__Werror_int_to_pointer_cast=yes
xorg_cv_cc_flag__Werror_main=yes
xorg_cv_cc_flag__Werror_missing_braces=yes
xorg_cv_cc_flag__Werror_nonnull=yes
xorg_cv_cc_flag__Werror_pointer_to_int_cast=yes
xorg_cv_cc_flag__Werror_return_type=yes
xorg_cv_cc_flag__Werror_sequence_point=yes
xorg_cv_cc_flag__Werror_trigraphs=yes
xorg_cv_cc_flag__Werror_write_strings=yes
xorg_cv_cc_flag__Wformat_2=yes
xorg_cv_cc_flag__Wmissing_declarations=yes
xorg_cv_cc_flag__Wmissing_format_attribute=yes
xorg_cv_cc_flag__Wmissing_noreturn=yes
xorg_cv_cc_flag__Wmissing_prototypes=yes
xorg_cv_cc_flag__Wnested_externs=yes
xorg_cv_cc_flag__Wold_style_definition=yes
xorg_cv_cc_flag__Wpointer_arith=yes
xorg_cv_cc_flag__Wredundant_decls=yes
xorg_cv_cc_flag__Wshadow=yes
xorg_cv_cc_flag__Wstrict_prototypes=yes
xorg_cv_cc_flag__Wuninitialized=yes
xorg_cv_cc_flag__Wunused=yes
xorg_cv_cc_flag__pedantic=yes
xorg_cv_compiler_flag_unknown_warning_option=no
xorg_cv_compiler_flag_unused_command_line_argument=no

## ----------------- ##
## Output variables. ##
## ----------------- ##

ACLOCAL='aclocal -I/usr/xorg/share/aclocal -I /usr/xorg/share/aclocal'
ADMIN_MAN_DIR='$(mandir)/man$(ADMIN_MAN_SUFFIX)'
ADMIN_MAN_SUFFIX='8'
AMDEPBACKSLASH='\'
AMDEP_FALSE='#'
AMDEP_TRUE=''
AMTAR='${SHELL} /source/xorg-ponix4/lib/libXau-1.0.7/missing --run tar'
AM_BACKSLASH='\'
AM_DEFAULT_VERBOSITY='0'
APP_MAN_DIR='$(mandir)/man$(APP_MAN_SUFFIX)'
APP_MAN_SUFFIX='1'
AR='ar'
AS='as'
AUTOCONF='${SHELL} /source/xorg-ponix4/lib/libXau-1.0.7/missing --run autoconf'
AUTOHEADER='${SHELL} /source/xorg-ponix4/lib/libXau-1.0.7/missing --run autoheader'
AUTOMAKE='${SHELL} /source/xorg-ponix4/lib/libXau-1.0.7/missing --run automake-1.11'
AWK='gawk'
BASE_CFLAGS=' -Wall -Wpointer-arith -Wmissing-declarations -Wformat=2 -Wstrict-prototypes -Wmissing-prototypes -Wnested-externs -Wbad-function-cast -Wold-style-definition -Wdeclaration-after-statement -Wunused -Wuninitialized -Wshadow -Wcast-qual -Wmissing-noreturn -Wmissing-format-attribute -Wredundant-decls -Werror=implicit -Werror=nonnull -Werror=init-self -Werror=main -Werror=missing-braces -Werror=sequence-point -Werror=return-type -Werror=trigraphs -Werror=array-bounds -Werror=write-strings -Werror=address -Werror=int-to-pointer-cast -Werror=pointer-to-int-cast'
CC='i486-TSOL-linux-gnu-gcc -std=gnu99'
CCDEPMODE='depmode=gcc3'
CFLAGS='-Os'
CHANGELOG_CMD='(GIT_DIR=$(top_srcdir)/.git git log > $(top_srcdir)/.changelog.tmp && mv $(top_srcdir)/.changelog.tmp $(top_srcdir)/ChangeLog) || (rm -f $(top_srcdir)/.changelog.tmp; touch $(top_srcdir)/ChangeLog; echo '\''git directory not found: installing possibly empty changelog.'\'' >&2)'
CPP='i486-TSOL-linux-gnu-gcc -E'
CPPFLAGS=''
CWARNFLAGS=' -Wall -Wpointer-arith -Wmissing-declarations -Wformat=2 -Wstrict-prototypes -Wmissing-prototypes -Wnested-externs -Wbad-function-cast -Wold-style-definition -Wdeclaration-after-statement -Wunused -Wuninitialized -Wshadow -Wcast-qual -Wmissing-noreturn -Wmissing-format-attribute -Wredundant-decls -Werror=implicit -Werror=nonnull -Werror=init-self -Werror=main -Werror=missing-braces -Werror=sequence-point -Werror=return-type -Werror=trigraphs -Werror=array-bounds -Werror=write-strings -Werror=address -Werror=int-to-pointer-cast -Werror=pointer-to-int-cast -fno-strict-aliasing'
CYGPATH_W='echo'
DEFS='-DHAVE_CONFIG_H'
DEPDIR='.deps'
DLLTOOL='dlltool'
DRIVER_MAN_DIR='$(mandir)/man$(DRIVER_MAN_SUFFIX)'
DRIVER_MAN_SUFFIX='4'
DSYMUTIL=''
DUMPBIN=''
ECHO_C=''
ECHO_N='-n'
ECHO_T=''
EGREP='/usr/bin/grep -E'
EXEEXT=''
FGREP='/usr/bin/grep -F'
FILE_MAN_DIR='$(mandir)/man$(FILE_MAN_SUFFIX)'
FILE_MAN_SUFFIX='5'
GREP='/usr/bin/grep'
INSTALL_CMD='(cp -f /usr/xorg/share/util-macros/INSTALL $(top_srcdir)/.INSTALL.tmp && mv $(top_srcdir)/.INSTALL.tmp $(top_srcdir)/INSTALL) || (rm -f $(top_srcdir)/.INSTALL.tmp; touch $(top_srcdir)/INSTALL; echo '\''util-macros "pkgdatadir" from xorg-macros.pc not found: installing possibly empty INSTALL.'\'' >&2)'
INSTALL_DATA='${INSTALL} -m 644'
INSTALL_PROGRAM='${INSTALL}'
INSTALL_SCRIPT='${INSTALL}'
INSTALL_STRIP_PROGRAM='$(install_sh) -c -s'
LD='i486-TSOL-linux-gnu-ld'
LDFLAGS='-static-libgcc'
LIBOBJS=''
LIBS=''
LIBTOOL='$(SHELL) $(top_builddir)/libtool'
LIB_MAN_DIR='$(mandir)/man$(LIB_MAN_SUFFIX)'
LIB_MAN_SUFFIX='3'
LINT=''
LINTLIB=''
LINT_FALSE=''
LINT_FLAGS='-badflag -I/usr/xorg/include   '
LINT_TRUE='#'
LIPO=''
LN_S='ln -s'
LTLIBOBJS=''
MAINT='#'
MAINTAINER_MODE_FALSE=''
MAINTAINER_MODE_TRUE='#'
MAKEINFO='${SHELL} /source/xorg-ponix4/lib/libXau-1.0.7/missing --run makeinfo'
MAKE_LINT_LIB_FALSE=''
MAKE_LINT_LIB_TRUE='#'
MANIFEST_TOOL=':'
MAN_SUBSTS='	-e '\''s|__vendorversion__|"$(PACKAGE_STRING)" "$(XORG_MAN_PAGE)"|'\'' 	-e '\''s|__xorgversion__|"$(PACKAGE_STRING)" "$(XORG_MAN_PAGE)"|'\'' 	-e '\''s|__xservername__|Xorg|g'\'' 	-e '\''s|__xconfigfile__|xorg.conf|g'\'' 	-e '\''s|__projectroot__|$(prefix)|g'\'' 	-e '\''s|__apploaddir__|$(appdefaultdir)|g'\'' 	-e '\''s|__appmansuffix__|$(APP_MAN_SUFFIX)|g'\'' 	-e '\''s|__drivermansuffix__|$(DRIVER_MAN_SUFFIX)|g'\'' 	-e '\''s|__adminmansuffix__|$(ADMIN_MAN_SUFFIX)|g'\'' 	-e '\''s|__libmansuffix__|$(LIB_MAN_SUFFIX)|g'\'' 	-e '\''s|__miscmansuffix__|$(MISC_MAN_SUFFIX)|g'\'' 	-e '\''s|__filemansuffix__|$(FILE_MAN_SUFFIX)|g'\'''
MISC_MAN_DIR='$(mandir)/man$(MISC_MAN_SUFFIX)'
MISC_MAN_SUFFIX='7'
MKDIR_P='/bin/mkdir -p'
NM='/toolchain/i486-TSOL-linux-gnu/bin//nm -B'
NMEDIT=''
OBJDUMP='objdump'
OBJEXT='o'
OTOOL64=''
OTOOL=''
PACKAGE='libXau'
PACKAGE_BUGREPORT='https://bugs.freedesktop.org/enter_bug.cgi?product=xorg'
PACKAGE_NAME='libXau'
PACKAGE_STRING='libXau 1.0.7'
PACKAGE_TARNAME='libXau'
PACKAGE_URL=''
PACKAGE_VERSION='1.0.7'
PATH_SEPARATOR=':'
PKG_CONFIG='/usr/bin/pkg-config'
RANLIB='ranlib'
SED='/usr/bin/sed'
SET_MAKE=''
SHELL='/bin/sh'
STRICT_CFLAGS=' -pedantic -Werror -Werror=attributes'
STRIP='strip'
VERSION='1.0.7'
XAU_CFLAGS='-I/usr/xorg/include   '
XAU_LIBS=' '
XORG_MAN_PAGE='X Version 11'
ac_ct_AR='ar'
ac_ct_CC='i486-TSOL-linux-gnu-gcc'
ac_ct_DUMPBIN=''
am__EXEEXT_FALSE=''
am__EXEEXT_TRUE='#'
am__fastdepCC_FALSE='#'
am__fastdepCC_TRUE=''
am__include='include'
am__isrc=''
am__leading_dot='.'
am__quote=''
am__tar='${AMTAR} chof - "$$tardir"'
am__untar='${AMTAR} xf -'
bindir='${exec_prefix}/bin'
build='i686-pc-linux-gnu'
build_alias=''
build_cpu='i686'
build_os='linux-gnu'
build_vendor='pc'
datadir='${datarootdir}'
datarootdir='${prefix}/share'
docdir='${datarootdir}/doc/${PACKAGE_TARNAME}'
dvidir='${docdir}'
exec_prefix='${prefix}'
host='i686-pc-linux-gnu'
host_alias=''
host_cpu='i686'
host_os='linux-gnu'
host_vendor='pc'
htmldir='${docdir}'
includedir='${prefix}/include'
infodir='${datarootdir}/info'
install_sh='${SHELL} /source/xorg-ponix4/lib/libXau-1.0.7/install-sh'
libdir='${exec_prefix}/lib'
libexecdir='${exec_prefix}/libexec'
localedir='${datarootdir}/locale'
localstatedir='${prefix}/var'
mandir='${datarootdir}/man'
mkdir_p='/bin/mkdir -p'
oldincludedir='/usr/include'
pdfdir='${docdir}'
prefix='/usr/xorg'
program_transform_name='s,x,x,'
psdir='${docdir}'
sbindir='${exec_prefix}/sbin'
sharedstatedir='${prefix}/com'
sysconfdir='${prefix}/etc'
target_alias=''

## ----------- ##
## confdefs.h. ##
## ----------- ##

/* confdefs.h */
#define PACKAGE_NAME "libXau"
#define PACKAGE_TARNAME "libXau"
#define PACKAGE_VERSION "1.0.7"
#define PACKAGE_STRING "libXau 1.0.7"
#define PACKAGE_BUGREPORT "https://bugs.freedesktop.org/enter_bug.cgi?product=xorg"
#define PACKAGE_URL ""
#define PACKAGE "libXau"
#define VERSION "1.0.7"
#define STDC_HEADERS 1
#define HAVE_SYS_TYPES_H 1
#define HAVE_SYS_STAT_H 1
#define HAVE_STDLIB_H 1
#define HAVE_STRING_H 1
#define HAVE_MEMORY_H 1
#define HAVE_STRINGS_H 1
#define HAVE_INTTYPES_H 1
#define HAVE_STDINT_H 1
#define HAVE_UNISTD_H 1
#define HAVE_DLFCN_H 1
#define LT_OBJDIR ".libs/"
#define PACKAGE_VERSION_MAJOR 1
#define PACKAGE_VERSION_MINOR 0
#define PACKAGE_VERSION_PATCHLEVEL 7
#define XTHREADS 1
#define XUSE_MTSAFE_API 1

configure: exit 0
