This file contains any messages produced by compilers while
running configure, to aid debugging if configure makes a mistake.

It was created by xset configure 1.2.2, which was
generated by GNU Autoconf 2.68.  Invocation command line was

  $ ./configure --prefix=/usr/xorg CPPFLAGS=-I/compiler/i486-tsol-linux-gnu/include/c++/4.3.4/i486-tsol-linux-gnu/ -I/compiler/i486-tsol-linux-gnu/include/c++/4.3.4/ CFLAGS=-O2 LDFLAGS=-static-libgcc

## --------- ##
## Platform. ##
## --------- ##

hostname = ubuntu4
uname -m = i686
uname -r = 2.6.32-37-generic
uname -s = Linux
uname -v = #81-Ubuntu SMP Fri Dec 2 20:35:14 UTC 2011

/usr/bin/uname -p = unknown
/bin/uname -X     = unknown

/bin/arch              = unknown
/usr/bin/arch -k       = unknown
/usr/convex/getsysinfo = unknown
/usr/bin/hostinfo      = unknown
/bin/machine           = unknown
/usr/bin/oslevel       = unknown
/bin/universe          = unknown

PATH: /usr/xorg/bin
PATH: /source/docbook-xsl-1.76.1/tools/bin
PATH: /bin
PATH: /sbin
PATH: /usr/bin
PATH: /usr/sbin
PATH: /usr/bin/X11
PATH: /usr/local/bin
PATH: /compiler/i486-tsol-linux-gnu/bin/
PATH: /compiler/libexec/gcc/i486-tsol-linux-gnu/4.3.4
PATH: /compiler/i486-tsol-linux-gnu/sys-root/usr/bin
PATH: /root/.local/bin
PATH: /opt/gnome/bin
PATH: /opt/gnome/sbin


## ----------- ##
## Core tests. ##
## ----------- ##

configure:2224: checking for a BSD-compatible install
configure:2292: result: /usr/bin/install -c
configure:2303: checking whether build environment is sane
configure:2353: result: yes
configure:2494: checking for a thread-safe mkdir -p
configure:2533: result: /bin/mkdir -p
configure:2546: checking for gawk
configure:2562: found /usr/bin/gawk
configure:2573: result: gawk
configure:2584: checking whether make sets $(MAKE)
configure:2606: result: yes
configure:2687: checking whether to enable maintainer-specific portions of Makefiles
configure:2696: result: no
configure:2734: checking for style of include used by make
configure:2762: result: GNU
configure:2832: checking for gcc
configure:2848: found /compiler/i486-tsol-linux-gnu/bin//gcc
configure:2859: result: gcc
configure:3088: checking for C compiler version
configure:3097: gcc --version >&5
gcc (crosstool-NG-1.6.0) 4.3.4
Copyright (C) 2008 Free Software Foundation, Inc.
This is free software; see the source for copying conditions.  There is NO
warranty; not even for MERCHANTABILITY or FITNESS FOR A PARTICULAR PURPOSE.

configure:3108: $? = 0
configure:3097: gcc -v >&5
Using built-in specs.
Target: i486-tsol-linux-gnu
Configured with: /TSOL/toolchain-build/targets/src/gcc-4.3.4/configure --build=i486-build_pc-linux-gnu --host=i486-build_pc-linux-gnu --target=i486-tsol-linux-gnu --prefix=/compiler --with-sysroot=/compiler/i486-tsol-linux-gnu//sys-root --enable-languages=c,c++ --disable-multilib --with-arch=i486 --with-pkgversion=crosstool-NG-1.6.0 --enable-__cxa_atexit --with-gmp=/compiler --with-mpfr=/compiler --with-local-prefix=/compiler/i486-tsol-linux-gnu//sys-root --disable-nls --enable-threads=posix --enable-symvers=gnu --enable-c99 --enable-long-long --enable-target-optspace
Thread model: posix
gcc version 4.3.4 (crosstool-NG-1.6.0) 
configure:3108: $? = 0
configure:3097: gcc -V >&5
gcc: '-V' option must have argument
configure:3108: $? = 1
configure:3097: gcc -qversion >&5
gcc: unrecognized option '-qversion'
gcc: no input files
configure:3108: $? = 1
configure:3128: checking whether the C compiler works
configure:3150: gcc -O2 -I/compiler/i486-tsol-linux-gnu/include/c++/4.3.4/i486-tsol-linux-gnu/ -I/compiler/i486-tsol-linux-gnu/include/c++/4.3.4/ -static-libgcc conftest.c  >&5
configure:3154: $? = 0
configure:3202: result: yes
configure:3205: checking for C compiler default output file name
configure:3207: result: a.out
configure:3213: checking for suffix of executables
configure:3220: gcc -o conftest -O2 -I/compiler/i486-tsol-linux-gnu/include/c++/4.3.4/i486-tsol-linux-gnu/ -I/compiler/i486-tsol-linux-gnu/include/c++/4.3.4/ -static-libgcc conftest.c  >&5
configure:3224: $? = 0
configure:3246: result: 
configure:3268: checking whether we are cross compiling
configure:3276: gcc -o conftest -O2 -I/compiler/i486-tsol-linux-gnu/include/c++/4.3.4/i486-tsol-linux-gnu/ -I/compiler/i486-tsol-linux-gnu/include/c++/4.3.4/ -static-libgcc conftest.c  >&5
configure:3280: $? = 0
configure:3287: ./conftest
configure:3291: $? = 0
configure:3306: result: no
configure:3311: checking for suffix of object files
configure:3333: gcc -c -O2 -I/compiler/i486-tsol-linux-gnu/include/c++/4.3.4/i486-tsol-linux-gnu/ -I/compiler/i486-tsol-linux-gnu/include/c++/4.3.4/ conftest.c >&5
configure:3337: $? = 0
configure:3358: result: o
configure:3362: checking whether we are using the GNU C compiler
configure:3381: gcc -c -O2 -I/compiler/i486-tsol-linux-gnu/include/c++/4.3.4/i486-tsol-linux-gnu/ -I/compiler/i486-tsol-linux-gnu/include/c++/4.3.4/ conftest.c >&5
configure:3381: $? = 0
configure:3390: result: yes
configure:3399: checking whether gcc accepts -g
configure:3419: gcc -c -g -I/compiler/i486-tsol-linux-gnu/include/c++/4.3.4/i486-tsol-linux-gnu/ -I/compiler/i486-tsol-linux-gnu/include/c++/4.3.4/ conftest.c >&5
configure:3419: $? = 0
configure:3460: result: yes
configure:3477: checking for gcc option to accept ISO C89
configure:3541: gcc  -c -O2 -I/compiler/i486-tsol-linux-gnu/include/c++/4.3.4/i486-tsol-linux-gnu/ -I/compiler/i486-tsol-linux-gnu/include/c++/4.3.4/ conftest.c >&5
configure:3541: $? = 0
configure:3554: result: none needed
configure:3576: checking dependency style of gcc
configure:3686: result: gcc3
configure:3701: checking for gcc option to accept ISO C99
configure:3850: gcc  -c -O2 -I/compiler/i486-tsol-linux-gnu/include/c++/4.3.4/i486-tsol-linux-gnu/ -I/compiler/i486-tsol-linux-gnu/include/c++/4.3.4/ conftest.c >&5
conftest.c:61: error: expected ';', ',' or ')' before 'text'
conftest.c: In function 'main':
conftest.c:115: error: expected '=', ',', ';', 'asm' or '__attribute__' before 'newvar'
conftest.c:115: error: 'newvar' undeclared (first use in this function)
conftest.c:115: error: (Each undeclared identifier is reported only once
conftest.c:115: error: for each function it appears in.)
conftest.c:125: error: 'for' loop initial declaration used outside C99 mode
configure:3850: $? = 1
configure: failed program was:
| /* confdefs.h */
| #define PACKAGE_NAME "xset"
| #define PACKAGE_TARNAME "xset"
| #define PACKAGE_VERSION "1.2.2"
| #define PACKAGE_STRING "xset 1.2.2"
| #define PACKAGE_BUGREPORT "https://bugs.freedesktop.org/enter_bug.cgi?product=xorg"
| #define PACKAGE_URL ""
| #define PACKAGE "xset"
| #define VERSION "1.2.2"
| /* end confdefs.h.  */
| #include <stdarg.h>
| #include <stdbool.h>
| #include <stdlib.h>
| #include <wchar.h>
| #include <stdio.h>
| 
| // Check varargs macros.  These examples are taken from C99 6.10.3.5.
| #define debug(...) fprintf (stderr, __VA_ARGS__)
| #define showlist(...) puts (#__VA_ARGS__)
| #define report(test,...) ((test) ? puts (#test) : printf (__VA_ARGS__))
| static void
| test_varargs_macros (void)
| {
|   int x = 1234;
|   int y = 5678;
|   debug ("Flag");
|   debug ("X = %d\n", x);
|   showlist (The first, second, and third items.);
|   report (x>y, "x is %d but y is %d", x, y);
| }
| 
| // Check long long types.
| #define BIG64 18446744073709551615ull
| #define BIG32 4294967295ul
| #define BIG_OK (BIG64 / BIG32 == 4294967297ull && BIG64 % BIG32 == 0)
| #if !BIG_OK
|   your preprocessor is broken;
| #endif
| #if BIG_OK
| #else
|   your preprocessor is broken;
| #endif
| static long long int bignum = -9223372036854775807LL;
| static unsigned long long int ubignum = BIG64;
| 
| struct incomplete_array
| {
|   int datasize;
|   double data[];
| };
| 
| struct named_init {
|   int number;
|   const wchar_t *name;
|   double average;
| };
| 
| typedef const char *ccp;
| 
| static inline int
| test_restrict (ccp restrict text)
| {
|   // See if C++-style comments work.
|   // Iterate through items via the restricted pointer.
|   // Also check for declarations in for loops.
|   for (unsigned int i = 0; *(text+i) != '\0'; ++i)
|     continue;
|   return 0;
| }
| 
| // Check varargs and va_copy.
| static void
| test_varargs (const char *format, ...)
| {
|   va_list args;
|   va_start (args, format);
|   va_list args_copy;
|   va_copy (args_copy, args);
| 
|   const char *str;
|   int number;
|   float fnumber;
| 
|   while (*format)
|     {
|       switch (*format++)
| 	{
| 	case 's': // string
| 	  str = va_arg (args_copy, const char *);
| 	  break;
| 	case 'd': // int
| 	  number = va_arg (args_copy, int);
| 	  break;
| 	case 'f': // float
| 	  fnumber = va_arg (args_copy, double);
| 	  break;
| 	default:
| 	  break;
| 	}
|     }
|   va_end (args_copy);
|   va_end (args);
| }
| 
| int
| main ()
| {
| 
|   // Check bool.
|   _Bool success = false;
| 
|   // Check restrict.
|   if (test_restrict ("String literal") == 0)
|     success = true;
|   char *restrict newvar = "Another string";
| 
|   // Check varargs.
|   test_varargs ("s, d' f .", "string", 65, 34.234);
|   test_varargs_macros ();
| 
|   // Check flexible array members.
|   struct incomplete_array *ia =
|     malloc (sizeof (struct incomplete_array) + (sizeof (double) * 10));
|   ia->datasize = 10;
|   for (int i = 0; i < ia->datasize; ++i)
|     ia->data[i] = i * 1.234;
| 
|   // Check named initializers.
|   struct named_init ni = {
|     .number = 34,
|     .name = L"Test wide string",
|     .average = 543.34343,
|   };
| 
|   ni.number = 58;
| 
|   int dynamic_array[ni.number];
|   dynamic_array[ni.number - 1] = 543;
| 
|   // work around unused variable warnings
|   return (!success || bignum == 0LL || ubignum == 0uLL || newvar[0] == 'x'
| 	  || dynamic_array[ni.number - 1] != 543);
| 
|   ;
|   return 0;
| }
configure:3850: gcc -std=gnu99 -c -O2 -I/compiler/i486-tsol-linux-gnu/include/c++/4.3.4/i486-tsol-linux-gnu/ -I/compiler/i486-tsol-linux-gnu/include/c++/4.3.4/ conftest.c >&5
configure:3850: $? = 0
configure:3870: result: -std=gnu99
configure:3884: checking how to run the C preprocessor
configure:3915: gcc -std=gnu99 -E -I/compiler/i486-tsol-linux-gnu/include/c++/4.3.4/i486-tsol-linux-gnu/ -I/compiler/i486-tsol-linux-gnu/include/c++/4.3.4/ conftest.c
configure:3915: $? = 0
configure:3929: gcc -std=gnu99 -E -I/compiler/i486-tsol-linux-gnu/include/c++/4.3.4/i486-tsol-linux-gnu/ -I/compiler/i486-tsol-linux-gnu/include/c++/4.3.4/ conftest.c
conftest.c:11:28: error: ac_nonexistent.h: No such file or directory
configure:3929: $? = 1
configure: failed program was:
| /* confdefs.h */
| #define PACKAGE_NAME "xset"
| #define PACKAGE_TARNAME "xset"
| #define PACKAGE_VERSION "1.2.2"
| #define PACKAGE_STRING "xset 1.2.2"
| #define PACKAGE_BUGREPORT "https://bugs.freedesktop.org/enter_bug.cgi?product=xorg"
| #define PACKAGE_URL ""
| #define PACKAGE "xset"
| #define VERSION "1.2.2"
| /* end confdefs.h.  */
| #include <ac_nonexistent.h>
configure:3954: result: gcc -std=gnu99 -E
configure:3974: gcc -std=gnu99 -E -I/compiler/i486-tsol-linux-gnu/include/c++/4.3.4/i486-tsol-linux-gnu/ -I/compiler/i486-tsol-linux-gnu/include/c++/4.3.4/ conftest.c
configure:3974: $? = 0
configure:3988: gcc -std=gnu99 -E -I/compiler/i486-tsol-linux-gnu/include/c++/4.3.4/i486-tsol-linux-gnu/ -I/compiler/i486-tsol-linux-gnu/include/c++/4.3.4/ conftest.c
conftest.c:11:28: error: ac_nonexistent.h: No such file or directory
configure:3988: $? = 1
configure: failed program was:
| /* confdefs.h */
| #define PACKAGE_NAME "xset"
| #define PACKAGE_TARNAME "xset"
| #define PACKAGE_VERSION "1.2.2"
| #define PACKAGE_STRING "xset 1.2.2"
| #define PACKAGE_BUGREPORT "https://bugs.freedesktop.org/enter_bug.cgi?product=xorg"
| #define PACKAGE_URL ""
| #define PACKAGE "xset"
| #define VERSION "1.2.2"
| /* end confdefs.h.  */
| #include <ac_nonexistent.h>
configure:4017: checking for grep that handles long lines and -e
configure:4075: result: /usr/bin/grep
configure:4080: checking for egrep
configure:4142: result: /usr/bin/grep -E
configure:4147: checking for ANSI C header files
configure:4167: gcc -std=gnu99 -c -O2 -I/compiler/i486-tsol-linux-gnu/include/c++/4.3.4/i486-tsol-linux-gnu/ -I/compiler/i486-tsol-linux-gnu/include/c++/4.3.4/ conftest.c >&5
configure:4167: $? = 0
configure:4240: gcc -std=gnu99 -o conftest -O2 -I/compiler/i486-tsol-linux-gnu/include/c++/4.3.4/i486-tsol-linux-gnu/ -I/compiler/i486-tsol-linux-gnu/include/c++/4.3.4/ -static-libgcc conftest.c  >&5
configure:4240: $? = 0
configure:4240: ./conftest
configure:4240: $? = 0
configure:4251: result: yes
configure:4264: checking for sys/types.h
configure:4264: gcc -std=gnu99 -c -O2 -I/compiler/i486-tsol-linux-gnu/include/c++/4.3.4/i486-tsol-linux-gnu/ -I/compiler/i486-tsol-linux-gnu/include/c++/4.3.4/ conftest.c >&5
configure:4264: $? = 0
configure:4264: result: yes
configure:4264: checking for sys/stat.h
configure:4264: gcc -std=gnu99 -c -O2 -I/compiler/i486-tsol-linux-gnu/include/c++/4.3.4/i486-tsol-linux-gnu/ -I/compiler/i486-tsol-linux-gnu/include/c++/4.3.4/ conftest.c >&5
configure:4264: $? = 0
configure:4264: result: yes
configure:4264: checking for stdlib.h
configure:4264: gcc -std=gnu99 -c -O2 -I/compiler/i486-tsol-linux-gnu/include/c++/4.3.4/i486-tsol-linux-gnu/ -I/compiler/i486-tsol-linux-gnu/include/c++/4.3.4/ conftest.c >&5
configure:4264: $? = 0
configure:4264: result: yes
configure:4264: checking for string.h
configure:4264: gcc -std=gnu99 -c -O2 -I/compiler/i486-tsol-linux-gnu/include/c++/4.3.4/i486-tsol-linux-gnu/ -I/compiler/i486-tsol-linux-gnu/include/c++/4.3.4/ conftest.c >&5
configure:4264: $? = 0
configure:4264: result: yes
configure:4264: checking for memory.h
configure:4264: gcc -std=gnu99 -c -O2 -I/compiler/i486-tsol-linux-gnu/include/c++/4.3.4/i486-tsol-linux-gnu/ -I/compiler/i486-tsol-linux-gnu/include/c++/4.3.4/ conftest.c >&5
configure:4264: $? = 0
configure:4264: result: yes
configure:4264: checking for strings.h
configure:4264: gcc -std=gnu99 -c -O2 -I/compiler/i486-tsol-linux-gnu/include/c++/4.3.4/i486-tsol-linux-gnu/ -I/compiler/i486-tsol-linux-gnu/include/c++/4.3.4/ conftest.c >&5
configure:4264: $? = 0
configure:4264: result: yes
configure:4264: checking for inttypes.h
configure:4264: gcc -std=gnu99 -c -O2 -I/compiler/i486-tsol-linux-gnu/include/c++/4.3.4/i486-tsol-linux-gnu/ -I/compiler/i486-tsol-linux-gnu/include/c++/4.3.4/ conftest.c >&5
configure:4264: $? = 0
configure:4264: result: yes
configure:4264: checking for stdint.h
configure:4264: gcc -std=gnu99 -c -O2 -I/compiler/i486-tsol-linux-gnu/include/c++/4.3.4/i486-tsol-linux-gnu/ -I/compiler/i486-tsol-linux-gnu/include/c++/4.3.4/ conftest.c >&5
configure:4264: $? = 0
configure:4264: result: yes
configure:4264: checking for unistd.h
configure:4264: gcc -std=gnu99 -c -O2 -I/compiler/i486-tsol-linux-gnu/include/c++/4.3.4/i486-tsol-linux-gnu/ -I/compiler/i486-tsol-linux-gnu/include/c++/4.3.4/ conftest.c >&5
configure:4264: $? = 0
configure:4264: result: yes
configure:4278: checking whether __clang__ is declared
configure:4278: gcc -std=gnu99 -c -O2 -I/compiler/i486-tsol-linux-gnu/include/c++/4.3.4/i486-tsol-linux-gnu/ -I/compiler/i486-tsol-linux-gnu/include/c++/4.3.4/ conftest.c >&5
conftest.c: In function 'main':
conftest.c:61: error: '__clang__' undeclared (first use in this function)
conftest.c:61: error: (Each undeclared identifier is reported only once
conftest.c:61: error: for each function it appears in.)
configure:4278: $? = 1
configure: failed program was:
| /* confdefs.h */
| #define PACKAGE_NAME "xset"
| #define PACKAGE_TARNAME "xset"
| #define PACKAGE_VERSION "1.2.2"
| #define PACKAGE_STRING "xset 1.2.2"
| #define PACKAGE_BUGREPORT "https://bugs.freedesktop.org/enter_bug.cgi?product=xorg"
| #define PACKAGE_URL ""
| #define PACKAGE "xset"
| #define VERSION "1.2.2"
| #define STDC_HEADERS 1
| #define HAVE_SYS_TYPES_H 1
| #define HAVE_SYS_STAT_H 1
| #define HAVE_STDLIB_H 1
| #define HAVE_STRING_H 1
| #define HAVE_MEMORY_H 1
| #define HAVE_STRINGS_H 1
| #define HAVE_INTTYPES_H 1
| #define HAVE_STDINT_H 1
| #define HAVE_UNISTD_H 1
| /* end confdefs.h.  */
| #include <stdio.h>
| #ifdef HAVE_SYS_TYPES_H
| # include <sys/types.h>
| #endif
| #ifdef HAVE_SYS_STAT_H
| # include <sys/stat.h>
| #endif
| #ifdef STDC_HEADERS
| # include <stdlib.h>
| # include <stddef.h>
| #else
| # ifdef HAVE_STDLIB_H
| #  include <stdlib.h>
| # endif
| #endif
| #ifdef HAVE_STRING_H
| # if !defined STDC_HEADERS && defined HAVE_MEMORY_H
| #  include <memory.h>
| # endif
| # include <string.h>
| #endif
| #ifdef HAVE_STRINGS_H
| # include <strings.h>
| #endif
| #ifdef HAVE_INTTYPES_H
| # include <inttypes.h>
| #endif
| #ifdef HAVE_STDINT_H
| # include <stdint.h>
| #endif
| #ifdef HAVE_UNISTD_H
| # include <unistd.h>
| #endif
| int
| main ()
| {
| #ifndef __clang__
| #ifdef __cplusplus
|   (void) __clang__;
| #else
|   (void) __clang__;
| #endif
| #endif
| 
|   ;
|   return 0;
| }
configure:4278: result: no
configure:4285: checking whether __INTEL_COMPILER is declared
configure:4285: gcc -std=gnu99 -c -O2 -I/compiler/i486-tsol-linux-gnu/include/c++/4.3.4/i486-tsol-linux-gnu/ -I/compiler/i486-tsol-linux-gnu/include/c++/4.3.4/ conftest.c >&5
conftest.c: In function 'main':
conftest.c:61: error: '__INTEL_COMPILER' undeclared (first use in this function)
conftest.c:61: error: (Each undeclared identifier is reported only once
conftest.c:61: error: for each function it appears in.)
configure:4285: $? = 1
configure: failed program was:
| /* confdefs.h */
| #define PACKAGE_NAME "xset"
| #define PACKAGE_TARNAME "xset"
| #define PACKAGE_VERSION "1.2.2"
| #define PACKAGE_STRING "xset 1.2.2"
| #define PACKAGE_BUGREPORT "https://bugs.freedesktop.org/enter_bug.cgi?product=xorg"
| #define PACKAGE_URL ""
| #define PACKAGE "xset"
| #define VERSION "1.2.2"
| #define STDC_HEADERS 1
| #define HAVE_SYS_TYPES_H 1
| #define HAVE_SYS_STAT_H 1
| #define HAVE_STDLIB_H 1
| #define HAVE_STRING_H 1
| #define HAVE_MEMORY_H 1
| #define HAVE_STRINGS_H 1
| #define HAVE_INTTYPES_H 1
| #define HAVE_STDINT_H 1
| #define HAVE_UNISTD_H 1
| /* end confdefs.h.  */
| #include <stdio.h>
| #ifdef HAVE_SYS_TYPES_H
| # include <sys/types.h>
| #endif
| #ifdef HAVE_SYS_STAT_H
| # include <sys/stat.h>
| #endif
| #ifdef STDC_HEADERS
| # include <stdlib.h>
| # include <stddef.h>
| #else
| # ifdef HAVE_STDLIB_H
| #  include <stdlib.h>
| # endif
| #endif
| #ifdef HAVE_STRING_H
| # if !defined STDC_HEADERS && defined HAVE_MEMORY_H
| #  include <memory.h>
| # endif
| # include <string.h>
| #endif
| #ifdef HAVE_STRINGS_H
| # include <strings.h>
| #endif
| #ifdef HAVE_INTTYPES_H
| # include <inttypes.h>
| #endif
| #ifdef HAVE_STDINT_H
| # include <stdint.h>
| #endif
| #ifdef HAVE_UNISTD_H
| # include <unistd.h>
| #endif
| int
| main ()
| {
| #ifndef __INTEL_COMPILER
| #ifdef __cplusplus
|   (void) __INTEL_COMPILER;
| #else
|   (void) __INTEL_COMPILER;
| #endif
| #endif
| 
|   ;
|   return 0;
| }
configure:4285: result: no
configure:4292: checking whether __SUNPRO_C is declared
configure:4292: gcc -std=gnu99 -c -O2 -I/compiler/i486-tsol-linux-gnu/include/c++/4.3.4/i486-tsol-linux-gnu/ -I/compiler/i486-tsol-linux-gnu/include/c++/4.3.4/ conftest.c >&5
conftest.c: In function 'main':
conftest.c:61: error: '__SUNPRO_C' undeclared (first use in this function)
conftest.c:61: error: (Each undeclared identifier is reported only once
conftest.c:61: error: for each function it appears in.)
configure:4292: $? = 1
configure: failed program was:
| /* confdefs.h */
| #define PACKAGE_NAME "xset"
| #define PACKAGE_TARNAME "xset"
| #define PACKAGE_VERSION "1.2.2"
| #define PACKAGE_STRING "xset 1.2.2"
| #define PACKAGE_BUGREPORT "https://bugs.freedesktop.org/enter_bug.cgi?product=xorg"
| #define PACKAGE_URL ""
| #define PACKAGE "xset"
| #define VERSION "1.2.2"
| #define STDC_HEADERS 1
| #define HAVE_SYS_TYPES_H 1
| #define HAVE_SYS_STAT_H 1
| #define HAVE_STDLIB_H 1
| #define HAVE_STRING_H 1
| #define HAVE_MEMORY_H 1
| #define HAVE_STRINGS_H 1
| #define HAVE_INTTYPES_H 1
| #define HAVE_STDINT_H 1
| #define HAVE_UNISTD_H 1
| /* end confdefs.h.  */
| #include <stdio.h>
| #ifdef HAVE_SYS_TYPES_H
| # include <sys/types.h>
| #endif
| #ifdef HAVE_SYS_STAT_H
| # include <sys/stat.h>
| #endif
| #ifdef STDC_HEADERS
| # include <stdlib.h>
| # include <stddef.h>
| #else
| # ifdef HAVE_STDLIB_H
| #  include <stdlib.h>
| # endif
| #endif
| #ifdef HAVE_STRING_H
| # if !defined STDC_HEADERS && defined HAVE_MEMORY_H
| #  include <memory.h>
| # endif
| # include <string.h>
| #endif
| #ifdef HAVE_STRINGS_H
| # include <strings.h>
| #endif
| #ifdef HAVE_INTTYPES_H
| # include <inttypes.h>
| #endif
| #ifdef HAVE_STDINT_H
| # include <stdint.h>
| #endif
| #ifdef HAVE_UNISTD_H
| # include <unistd.h>
| #endif
| int
| main ()
| {
| #ifndef __SUNPRO_C
| #ifdef __cplusplus
|   (void) __SUNPRO_C;
| #else
|   (void) __SUNPRO_C;
| #endif
| #endif
| 
|   ;
|   return 0;
| }
configure:4292: result: no
configure:4349: checking for pkg-config
configure:4367: found /usr/bin/pkg-config
configure:4379: result: /usr/bin/pkg-config
configure:4404: checking pkg-config is at least version 0.9.0
configure:4407: result: yes
configure:4420: checking build system type
configure:4434: result: i686-pc-linux-gnu
configure:4454: checking host system type
configure:4467: result: i686-pc-linux-gnu
configure:4487: checking for a sed that does not truncate output
configure:4551: result: /bin/sed
configure:4593: checking if gcc -std=gnu99 supports -Werror=attributes
configure:4601: gcc -std=gnu99 -c -O2 -pedantic -Werror -Werror=attributes -I/compiler/i486-tsol-linux-gnu/include/c++/4.3.4/i486-tsol-linux-gnu/ -I/compiler/i486-tsol-linux-gnu/include/c++/4.3.4/ conftest.c >&5
conftest.c:21: error: expected identifier or '(' before 'return'
configure:4601: $? = 1
configure: failed program was:
| /* confdefs.h */
| #define PACKAGE_NAME "xset"
| #define PACKAGE_TARNAME "xset"
| #define PACKAGE_VERSION "1.2.2"
| #define PACKAGE_STRING "xset 1.2.2"
| #define PACKAGE_BUGREPORT "https://bugs.freedesktop.org/enter_bug.cgi?product=xorg"
| #define PACKAGE_URL ""
| #define PACKAGE "xset"
| #define VERSION "1.2.2"
| #define STDC_HEADERS 1
| #define HAVE_SYS_TYPES_H 1
| #define HAVE_SYS_STAT_H 1
| #define HAVE_STDLIB_H 1
| #define HAVE_STRING_H 1
| #define HAVE_MEMORY_H 1
| #define HAVE_STRINGS_H 1
| #define HAVE_INTTYPES_H 1
| #define HAVE_STDINT_H 1
| #define HAVE_UNISTD_H 1
| /* end confdefs.h.  */
| return 0;
configure:4606: result: no
configure:4770: checking for usleep
configure:4770: gcc -std=gnu99 -o conftest -O2 -I/compiler/i486-tsol-linux-gnu/include/c++/4.3.4/i486-tsol-linux-gnu/ -I/compiler/i486-tsol-linux-gnu/include/c++/4.3.4/ -static-libgcc conftest.c  >&5
configure:4770: $? = 0
configure:4770: result: yes
configure:4783: checking for XSET
configure:4790: $PKG_CONFIG --exists --print-errors "xproto >= 7.0.17 xmuu"
configure:4793: $? = 0
configure:4806: $PKG_CONFIG --exists --print-errors "xproto >= 7.0.17 xmuu"
configure:4809: $? = 0
configure:4863: result: yes
configure:4871: checking for SET_X11
configure:4878: $PKG_CONFIG --exists --print-errors "x11"
configure:4881: $? = 0
configure:4894: $PKG_CONFIG --exists --print-errors "x11"
configure:4897: $? = 0
configure:4951: result: yes
configure:4958: checking for SET_XEXT
configure:4965: $PKG_CONFIG --exists --print-errors "xext"
configure:4968: $? = 0
configure:4981: $PKG_CONFIG --exists --print-errors "xext"
configure:4984: $? = 0
configure:5019: result: yes
configure:5026: checking for X11/extensions/dpms.h
configure:5026: gcc -std=gnu99 -c -O2 -I/compiler/i486-tsol-linux-gnu/include/c++/4.3.4/i486-tsol-linux-gnu/ -I/compiler/i486-tsol-linux-gnu/include/c++/4.3.4/ -I/usr/xorg/include   -I/usr/xorg/include   conftest.c >&5
configure:5026: $? = 0
configure:5026: result: yes
configure:5026: checking for X11/extensions/MITMisc.h
configure:5026: gcc -std=gnu99 -c -O2 -I/compiler/i486-tsol-linux-gnu/include/c++/4.3.4/i486-tsol-linux-gnu/ -I/compiler/i486-tsol-linux-gnu/include/c++/4.3.4/ -I/usr/xorg/include   -I/usr/xorg/include   conftest.c >&5
configure:5026: $? = 0
configure:5026: result: yes
configure:5042: checking for SET_XKB
configure:5049: $PKG_CONFIG --exists --print-errors "x11"
configure:5052: $? = 0
configure:5065: $PKG_CONFIG --exists --print-errors "x11"
configure:5068: $? = 0
configure:5103: result: yes
configure:5109: checking for X11/XKBlib.h
configure:5109: gcc -std=gnu99 -c -O2 -I/compiler/i486-tsol-linux-gnu/include/c++/4.3.4/i486-tsol-linux-gnu/ -I/compiler/i486-tsol-linux-gnu/include/c++/4.3.4/ -I/usr/xorg/include   -I/usr/xorg/include   conftest.c >&5
configure:5109: $? = 0
configure:5109: result: yes
configure:5134: checking for SET_XF86MISC
configure:5141: $PKG_CONFIG --exists --print-errors "xxf86misc"
Package xxf86misc was not found in the pkg-config search path.
Perhaps you should add the directory containing `xxf86misc.pc'
to the PKG_CONFIG_PATH environment variable
No package 'xxf86misc' found
configure:5144: $? = 1
configure:5157: $PKG_CONFIG --exists --print-errors "xxf86misc"
Package xxf86misc was not found in the pkg-config search path.
Perhaps you should add the directory containing `xxf86misc.pc'
to the PKG_CONFIG_PATH environment variable
No package 'xxf86misc' found
configure:5160: $? = 1
No package 'xxf86misc' found
configure:5187: result: no
configure:5231: checking for SET_FONTCACHE
configure:5238: $PKG_CONFIG --exists --print-errors "xfontcache"
Package xfontcache was not found in the pkg-config search path.
Perhaps you should add the directory containing `xfontcache.pc'
to the PKG_CONFIG_PATH environment variable
No package 'xfontcache' found
configure:5241: $? = 1
configure:5254: $PKG_CONFIG --exists --print-errors "xfontcache"
Package xfontcache was not found in the pkg-config search path.
Perhaps you should add the directory containing `xfontcache.pc'
to the PKG_CONFIG_PATH environment variable
No package 'xfontcache' found
configure:5257: $? = 1
No package 'xfontcache' found
configure:5284: result: no
configure:5456: creating ./config.status

## ---------------------- ##
## Running config.status. ##
## ---------------------- ##

This file was extended by xset config.status 1.2.2, which was
generated by GNU Autoconf 2.68.  Invocation command line was

  CONFIG_FILES    = 
  CONFIG_HEADERS  = 
  CONFIG_LINKS    = 
  CONFIG_COMMANDS = 
  $ ./config.status 

on ubuntu4

config.status:918: creating Makefile
config.status:918: creating man/Makefile
config.status:918: creating config.h
config.status:1147: executing depfiles commands

## ---------------- ##
## Cache variables. ##
## ---------------- ##

ac_cv_build=i686-pc-linux-gnu
ac_cv_c_compiler_gnu=yes
ac_cv_env_CC_set=
ac_cv_env_CC_value=
ac_cv_env_CFLAGS_set=set
ac_cv_env_CFLAGS_value=-O2
ac_cv_env_CPPFLAGS_set=set
ac_cv_env_CPPFLAGS_value='-I/compiler/i486-tsol-linux-gnu/include/c++/4.3.4/i486-tsol-linux-gnu/ -I/compiler/i486-tsol-linux-gnu/include/c++/4.3.4/'
ac_cv_env_CPP_set=
ac_cv_env_CPP_value=
ac_cv_env_LDFLAGS_set=set
ac_cv_env_LDFLAGS_value=-static-libgcc
ac_cv_env_LIBS_set=
ac_cv_env_LIBS_value=
ac_cv_env_PKG_CONFIG_set=
ac_cv_env_PKG_CONFIG_value=
ac_cv_env_SET_FONTCACHE_CFLAGS_set=
ac_cv_env_SET_FONTCACHE_CFLAGS_value=
ac_cv_env_SET_FONTCACHE_LIBS_set=
ac_cv_env_SET_FONTCACHE_LIBS_value=
ac_cv_env_SET_X11_CFLAGS_set=
ac_cv_env_SET_X11_CFLAGS_value=
ac_cv_env_SET_X11_LIBS_set=
ac_cv_env_SET_X11_LIBS_value=
ac_cv_env_SET_XEXT_CFLAGS_set=
ac_cv_env_SET_XEXT_CFLAGS_value=
ac_cv_env_SET_XEXT_LIBS_set=
ac_cv_env_SET_XEXT_LIBS_value=
ac_cv_env_SET_XF86MISC_CFLAGS_set=
ac_cv_env_SET_XF86MISC_CFLAGS_value=
ac_cv_env_SET_XF86MISC_LIBS_set=
ac_cv_env_SET_XF86MISC_LIBS_value=
ac_cv_env_SET_XKB_CFLAGS_set=
ac_cv_env_SET_XKB_CFLAGS_value=
ac_cv_env_SET_XKB_LIBS_set=
ac_cv_env_SET_XKB_LIBS_value=
ac_cv_env_XSET_CFLAGS_set=
ac_cv_env_XSET_CFLAGS_value=
ac_cv_env_XSET_LIBS_set=
ac_cv_env_XSET_LIBS_value=
ac_cv_env_build_alias_set=
ac_cv_env_build_alias_value=
ac_cv_env_host_alias_set=
ac_cv_env_host_alias_value=
ac_cv_env_target_alias_set=
ac_cv_env_target_alias_value=
ac_cv_func_usleep=yes
ac_cv_have_decl___INTEL_COMPILER=no
ac_cv_have_decl___SUNPRO_C=no
ac_cv_have_decl___clang__=no
ac_cv_header_X11_XKBlib_h=yes
ac_cv_header_X11_extensions_MITMisc_h=yes
ac_cv_header_X11_extensions_dpms_h=yes
ac_cv_header_inttypes_h=yes
ac_cv_header_memory_h=yes
ac_cv_header_stdc=yes
ac_cv_header_stdint_h=yes
ac_cv_header_stdlib_h=yes
ac_cv_header_string_h=yes
ac_cv_header_strings_h=yes
ac_cv_header_sys_stat_h=yes
ac_cv_header_sys_types_h=yes
ac_cv_header_unistd_h=yes
ac_cv_host=i686-pc-linux-gnu
ac_cv_objext=o
ac_cv_path_EGREP='/usr/bin/grep -E'
ac_cv_path_GREP=/usr/bin/grep
ac_cv_path_SED=/bin/sed
ac_cv_path_ac_pt_PKG_CONFIG=/usr/bin/pkg-config
ac_cv_path_install='/usr/bin/install -c'
ac_cv_path_mkdir=/bin/mkdir
ac_cv_prog_AWK=gawk
ac_cv_prog_CPP='gcc -std=gnu99 -E'
ac_cv_prog_ac_ct_CC=gcc
ac_cv_prog_cc_c89=
ac_cv_prog_cc_c99=-std=gnu99
ac_cv_prog_cc_g=yes
ac_cv_prog_make_make_set=yes
am_cv_CC_dependencies_compiler_type=gcc3
pkg_cv_SET_X11_CFLAGS='-I/usr/xorg/include  '
pkg_cv_SET_X11_LIBS='-L/usr/xorg/lib -lX11  '
pkg_cv_SET_XEXT_CFLAGS='-I/usr/xorg/include  '
pkg_cv_SET_XEXT_LIBS='-L/usr/xorg/lib -lXext  '
pkg_cv_SET_XKB_CFLAGS='-I/usr/xorg/include  '
pkg_cv_SET_XKB_LIBS='-L/usr/xorg/lib -lX11  '
pkg_cv_XSET_CFLAGS='-I/usr/xorg/include  '
pkg_cv_XSET_LIBS='-L/usr/xorg/lib -lXmuu -lX11  '

## ----------------- ##
## Output variables. ##
## ----------------- ##

ACLOCAL='aclocal -I/usr/xorg/share/aclocal -I /usr/xorg/share/aclocal'
ADMIN_MAN_DIR='$(mandir)/man$(ADMIN_MAN_SUFFIX)'
ADMIN_MAN_SUFFIX='8'
AMDEPBACKSLASH='\'
AMDEP_FALSE='#'
AMDEP_TRUE=''
AMTAR='${SHELL} /source/xorg-modular-7.7/app/xset-1.2.2/missing --run tar'
AM_BACKSLASH='\'
AM_DEFAULT_VERBOSITY='0'
APP_MAN_DIR='$(mandir)/man$(APP_MAN_SUFFIX)'
APP_MAN_SUFFIX='1'
AUTOCONF='${SHELL} /source/xorg-modular-7.7/app/xset-1.2.2/missing --run autoconf'
AUTOHEADER='${SHELL} /source/xorg-modular-7.7/app/xset-1.2.2/missing --run autoheader'
AUTOMAKE='${SHELL} /source/xorg-modular-7.7/app/xset-1.2.2/missing --run automake-1.11'
AWK='gawk'
CC='gcc -std=gnu99'
CCDEPMODE='depmode=gcc3'
CFLAGS='-O2'
CHANGELOG_CMD='(GIT_DIR=$(top_srcdir)/.git git log > $(top_srcdir)/.changelog.tmp && mv $(top_srcdir)/.changelog.tmp $(top_srcdir)/ChangeLog) || (rm -f $(top_srcdir)/.changelog.tmp; touch $(top_srcdir)/ChangeLog; echo '\''git directory not found: installing possibly empty changelog.'\'' >&2)'
CPP='gcc -std=gnu99 -E'
CPPFLAGS='-I/compiler/i486-tsol-linux-gnu/include/c++/4.3.4/i486-tsol-linux-gnu/ -I/compiler/i486-tsol-linux-gnu/include/c++/4.3.4/'
CWARNFLAGS='-Wall -Wpointer-arith -Wstrict-prototypes -Wmissing-prototypes -Wmissing-declarations -Wnested-externs -fno-strict-aliasing -Wbad-function-cast -Wformat=2 -Wold-style-definition -Wdeclaration-after-statement'
CYGPATH_W='echo'
DEFS='-DHAVE_CONFIG_H'
DEPDIR='.deps'
DRIVER_MAN_DIR='$(mandir)/man$(DRIVER_MAN_SUFFIX)'
DRIVER_MAN_SUFFIX='4'
ECHO_C=''
ECHO_N='-n'
ECHO_T=''
EGREP='/usr/bin/grep -E'
EXEEXT=''
FILE_MAN_DIR='$(mandir)/man$(FILE_MAN_SUFFIX)'
FILE_MAN_SUFFIX='5'
GREP='/usr/bin/grep'
INSTALL_CMD='(cp -f /usr/xorg/share/util-macros/INSTALL $(top_srcdir)/.INSTALL.tmp && mv $(top_srcdir)/.INSTALL.tmp $(top_srcdir)/INSTALL) || (rm -f $(top_srcdir)/.INSTALL.tmp; touch $(top_srcdir)/INSTALL; echo '\''util-macros "pkgdatadir" from xorg-macros.pc not found: installing possibly empty INSTALL.'\'' >&2)'
INSTALL_DATA='${INSTALL} -m 644'
INSTALL_PROGRAM='${INSTALL}'
INSTALL_SCRIPT='${INSTALL}'
INSTALL_STRIP_PROGRAM='$(install_sh) -c -s'
LDFLAGS='-static-libgcc'
LIBOBJS=''
LIBS=''
LIB_MAN_DIR='$(mandir)/man$(LIB_MAN_SUFFIX)'
LIB_MAN_SUFFIX='3'
LTLIBOBJS=''
MAINT='#'
MAINTAINER_MODE_FALSE=''
MAINTAINER_MODE_TRUE='#'
MAKEINFO='${SHELL} /source/xorg-modular-7.7/app/xset-1.2.2/missing --run makeinfo'
MAN_SUBSTS='	-e '\''s|__vendorversion__|"$(PACKAGE_STRING)" "$(XORG_MAN_PAGE)"|'\'' 	-e '\''s|__xorgversion__|"$(PACKAGE_STRING)" "$(XORG_MAN_PAGE)"|'\'' 	-e '\''s|__xservername__|Xorg|g'\'' 	-e '\''s|__xconfigfile__|xorg.conf|g'\'' 	-e '\''s|__projectroot__|$(prefix)|g'\'' 	-e '\''s|__apploaddir__|$(appdefaultdir)|g'\'' 	-e '\''s|__appmansuffix__|$(APP_MAN_SUFFIX)|g'\'' 	-e '\''s|__drivermansuffix__|$(DRIVER_MAN_SUFFIX)|g'\'' 	-e '\''s|__adminmansuffix__|$(ADMIN_MAN_SUFFIX)|g'\'' 	-e '\''s|__libmansuffix__|$(LIB_MAN_SUFFIX)|g'\'' 	-e '\''s|__miscmansuffix__|$(MISC_MAN_SUFFIX)|g'\'' 	-e '\''s|__filemansuffix__|$(FILE_MAN_SUFFIX)|g'\'''
MISC_MAN_DIR='$(mandir)/man$(MISC_MAN_SUFFIX)'
MISC_MAN_SUFFIX='7'
MKDIR_P='/bin/mkdir -p'
OBJEXT='o'
PACKAGE='xset'
PACKAGE_BUGREPORT='https://bugs.freedesktop.org/enter_bug.cgi?product=xorg'
PACKAGE_NAME='xset'
PACKAGE_STRING='xset 1.2.2'
PACKAGE_TARNAME='xset'
PACKAGE_URL=''
PACKAGE_VERSION='1.2.2'
PATH_SEPARATOR=':'
PKG_CONFIG='/usr/bin/pkg-config'
SED='/bin/sed'
SET_FONTCACHE_CFLAGS=''
SET_FONTCACHE_LIBS=''
SET_MAKE=''
SET_X11_CFLAGS='-I/usr/xorg/include  '
SET_X11_LIBS='-L/usr/xorg/lib -lX11  '
SET_XEXT_CFLAGS='-I/usr/xorg/include  '
SET_XEXT_LIBS='-L/usr/xorg/lib -lXext  '
SET_XF86MISC_CFLAGS=''
SET_XF86MISC_LIBS=''
SET_XKB_CFLAGS='-I/usr/xorg/include  '
SET_XKB_LIBS='-L/usr/xorg/lib -lX11  '
SHELL='/bin/sh'
STRICT_CFLAGS='-pedantic -Werror'
STRIP=''
VERSION='1.2.2'
XORG_MAN_PAGE='X Version 11'
XSET_CFLAGS='-I/usr/xorg/include   -I/usr/xorg/include   -I/usr/xorg/include    '
XSET_LIBS='-L/usr/xorg/lib -lXmuu -lX11   -L/usr/xorg/lib -lXext   -L/usr/xorg/lib -lX11    '
ac_ct_CC='gcc'
am__EXEEXT_FALSE=''
am__EXEEXT_TRUE='#'
am__fastdepCC_FALSE='#'
am__fastdepCC_TRUE=''
am__include='include'
am__isrc=''
am__leading_dot='.'
am__quote=''
am__tar='${AMTAR} chof - "$$tardir"'
am__untar='${AMTAR} xf -'
bindir='${exec_prefix}/bin'
build='i686-pc-linux-gnu'
build_alias=''
build_cpu='i686'
build_os='linux-gnu'
build_vendor='pc'
datadir='${datarootdir}'
datarootdir='${prefix}/share'
docdir='${datarootdir}/doc/${PACKAGE_TARNAME}'
dvidir='${docdir}'
exec_prefix='${prefix}'
host='i686-pc-linux-gnu'
host_alias=''
host_cpu='i686'
host_os='linux-gnu'
host_vendor='pc'
htmldir='${docdir}'
includedir='${prefix}/include'
infodir='${datarootdir}/info'
install_sh='${SHELL} /source/xorg-modular-7.7/app/xset-1.2.2/install-sh'
libdir='${exec_prefix}/lib'
libexecdir='${exec_prefix}/libexec'
localedir='${datarootdir}/locale'
localstatedir='${prefix}/var'
mandir='${datarootdir}/man'
mkdir_p='/bin/mkdir -p'
oldincludedir='/usr/include'
pdfdir='${docdir}'
prefix='/usr/xorg'
program_transform_name='s,x,x,'
psdir='${docdir}'
sbindir='${exec_prefix}/sbin'
sharedstatedir='${prefix}/com'
sysconfdir='${prefix}/etc'
target_alias=''

## ----------- ##
## confdefs.h. ##
## ----------- ##

/* confdefs.h */
#define PACKAGE_NAME "xset"
#define PACKAGE_TARNAME "xset"
#define PACKAGE_VERSION "1.2.2"
#define PACKAGE_STRING "xset 1.2.2"
#define PACKAGE_BUGREPORT "https://bugs.freedesktop.org/enter_bug.cgi?product=xorg"
#define PACKAGE_URL ""
#define PACKAGE "xset"
#define VERSION "1.2.2"
#define STDC_HEADERS 1
#define HAVE_SYS_TYPES_H 1
#define HAVE_SYS_STAT_H 1
#define HAVE_STDLIB_H 1
#define HAVE_STRING_H 1
#define HAVE_MEMORY_H 1
#define HAVE_STRINGS_H 1
#define HAVE_INTTYPES_H 1
#define HAVE_STDINT_H 1
#define HAVE_UNISTD_H 1
#define PACKAGE_VERSION_MAJOR 1
#define PACKAGE_VERSION_MINOR 2
#define PACKAGE_VERSION_PATCHLEVEL 2
#define HAVE_USLEEP 1
#define HAVE_X11_EXTENSIONS_DPMS_H 1
#define HAVE_X11_EXTENSIONS_MITMISC_H 1
#define HAVE_X11_XKBLIB_H 1

configure: exit 0
