Determining if files sys/modem.h exist failed with the following output:
Change Dir: /source/clients/1/FreeRDP-1.1.0-beta-2013071101/CMakeFiles/CMakeTmp

Run Build Command:/usr/bin/make "cmTryCompileExec2099955586/fast"
/usr/bin/make -f CMakeFiles/cmTryCompileExec2099955586.dir/build.make CMakeFiles/cmTryCompileExec2099955586.dir/build
make[1]: Entering directory `/source/clients/1/FreeRDP-1.1.0-beta-2013071101/CMakeFiles/CMakeTmp'
/usr/bin/cmake -E cmake_progress_report /source/clients/1/FreeRDP-1.1.0-beta-2013071101/CMakeFiles/CMakeTmp/CMakeFiles 1
Building C object CMakeFiles/cmTryCompileExec2099955586.dir/CheckIncludeFiles.c.o
/toolchain/bin/i486-TSOL-linux-gnu-gcc   -Os  -march=i686 -Wall -Wno-unused-result -Wno-unused-but-set-variable -Wno-deprecated-declarations -O2 -msse2 -DWINPR_EXPORTS -DFREERDP_EXPORTS     -o CMakeFiles/cmTryCompileExec2099955586.dir/CheckIncludeFiles.c.o   -c /source/clients/1/FreeRDP-1.1.0-beta-2013071101/CMakeFiles/CMakeTmp/CheckIncludeFiles.c
/source/clients/1/FreeRDP-1.1.0-beta-2013071101/CMakeFiles/CMakeTmp/CheckIncludeFiles.c:2:23: fatal error: sys/modem.h: No such file or directory
compilation terminated.
make[1]: Leaving directory `/source/clients/1/FreeRDP-1.1.0-beta-2013071101/CMakeFiles/CMakeTmp'
make[1]: *** [CMakeFiles/cmTryCompileExec2099955586.dir/CheckIncludeFiles.c.o] Error 1
make: *** [cmTryCompileExec2099955586/fast] Error 2

Source:
/* */
#include <sys/modem.h>


int main(){return 0;}

Determining if files sys/filio.h exist failed with the following output:
Change Dir: /source/clients/1/FreeRDP-1.1.0-beta-2013071101/CMakeFiles/CMakeTmp

Run Build Command:/usr/bin/make "cmTryCompileExec1949743700/fast"
/usr/bin/make -f CMakeFiles/cmTryCompileExec1949743700.dir/build.make CMakeFiles/cmTryCompileExec1949743700.dir/build
make[1]: Entering directory `/source/clients/1/FreeRDP-1.1.0-beta-2013071101/CMakeFiles/CMakeTmp'
/usr/bin/cmake -E cmake_progress_report /source/clients/1/FreeRDP-1.1.0-beta-2013071101/CMakeFiles/CMakeTmp/CMakeFiles 1
Building C object CMakeFiles/cmTryCompileExec1949743700.dir/CheckIncludeFiles.c.o
/toolchain/bin/i486-TSOL-linux-gnu-gcc   -Os  -march=i686 -Wall -Wno-unused-result -Wno-unused-but-set-variable -Wno-deprecated-declarations -O2 -msse2 -DWINPR_EXPORTS -DFREERDP_EXPORTS     -o CMakeFiles/cmTryCompileExec1949743700.dir/CheckIncludeFiles.c.o   -c /source/clients/1/FreeRDP-1.1.0-beta-2013071101/CMakeFiles/CMakeTmp/CheckIncludeFiles.c
/source/clients/1/FreeRDP-1.1.0-beta-2013071101/CMakeFiles/CMakeTmp/CheckIncludeFiles.c:2:23: fatal error: sys/filio.h: No such file or directory
compilation terminated.
make[1]: Leaving directory `/source/clients/1/FreeRDP-1.1.0-beta-2013071101/CMakeFiles/CMakeTmp'
make[1]: *** [CMakeFiles/cmTryCompileExec1949743700.dir/CheckIncludeFiles.c.o] Error 1
make: *** [cmTryCompileExec1949743700/fast] Error 2

Source:
/* */
#include <sys/filio.h>


int main(){return 0;}

Determining if files sys/strtio.h exist failed with the following output:
Change Dir: /source/clients/1/FreeRDP-1.1.0-beta-2013071101/CMakeFiles/CMakeTmp

Run Build Command:/usr/bin/make "cmTryCompileExec1139615686/fast"
/usr/bin/make -f CMakeFiles/cmTryCompileExec1139615686.dir/build.make CMakeFiles/cmTryCompileExec1139615686.dir/build
make[1]: Entering directory `/source/clients/1/FreeRDP-1.1.0-beta-2013071101/CMakeFiles/CMakeTmp'
/usr/bin/cmake -E cmake_progress_report /source/clients/1/FreeRDP-1.1.0-beta-2013071101/CMakeFiles/CMakeTmp/CMakeFiles 1
Building C object CMakeFiles/cmTryCompileExec1139615686.dir/CheckIncludeFiles.c.o
/toolchain/bin/i486-TSOL-linux-gnu-gcc   -Os  -march=i686 -Wall -Wno-unused-result -Wno-unused-but-set-variable -Wno-deprecated-declarations -O2 -msse2 -DWINPR_EXPORTS -DFREERDP_EXPORTS     -o CMakeFiles/cmTryCompileExec1139615686.dir/CheckIncludeFiles.c.o   -c /source/clients/1/FreeRDP-1.1.0-beta-2013071101/CMakeFiles/CMakeTmp/CheckIncludeFiles.c
/source/clients/1/FreeRDP-1.1.0-beta-2013071101/CMakeFiles/CMakeTmp/CheckIncludeFiles.c:2:24: fatal error: sys/strtio.h: No such file or directory
compilation terminated.
make[1]: Leaving directory `/source/clients/1/FreeRDP-1.1.0-beta-2013071101/CMakeFiles/CMakeTmp'
make[1]: *** [CMakeFiles/cmTryCompileExec1139615686.dir/CheckIncludeFiles.c.o] Error 1
make: *** [cmTryCompileExec1139615686/fast] Error 2

Source:
/* */
#include <sys/strtio.h>


int main(){return 0;}

Determining if the pthread_create exist failed with the following output:
Change Dir: /source/clients/1/FreeRDP-1.1.0-beta-2013071101/CMakeFiles/CMakeTmp

Run Build Command:/usr/bin/make "cmTryCompileExec1149320086/fast"
/usr/bin/make -f CMakeFiles/cmTryCompileExec1149320086.dir/build.make CMakeFiles/cmTryCompileExec1149320086.dir/build
make[1]: Entering directory `/source/clients/1/FreeRDP-1.1.0-beta-2013071101/CMakeFiles/CMakeTmp'
/usr/bin/cmake -E cmake_progress_report /source/clients/1/FreeRDP-1.1.0-beta-2013071101/CMakeFiles/CMakeTmp/CMakeFiles 1
Building C object CMakeFiles/cmTryCompileExec1149320086.dir/CheckSymbolExists.c.o
/toolchain/bin/i486-TSOL-linux-gnu-gcc   -Os  -march=i686 -Wall -Wno-unused-result -Wno-unused-but-set-variable -Wno-deprecated-declarations -O2 -msse2 -DWINPR_EXPORTS -DFREERDP_EXPORTS     -o CMakeFiles/cmTryCompileExec1149320086.dir/CheckSymbolExists.c.o   -c /source/clients/1/FreeRDP-1.1.0-beta-2013071101/CMakeFiles/CMakeTmp/CheckSymbolExists.c
Linking C executable cmTryCompileExec1149320086
/usr/bin/cmake -E cmake_link_script CMakeFiles/cmTryCompileExec1149320086.dir/link.txt --verbose=1
/toolchain/bin/i486-TSOL-linux-gnu-gcc   -Os  -march=i686 -Wall -Wno-unused-result -Wno-unused-but-set-variable -Wno-deprecated-declarations -O2 -msse2 -DWINPR_EXPORTS -DFREERDP_EXPORTS     -static-libgcc CMakeFiles/cmTryCompileExec1149320086.dir/CheckSymbolExists.c.o  -o cmTryCompileExec1149320086 -rdynamic 
CMakeFiles/cmTryCompileExec1149320086.dir/CheckSymbolExists.c.o: In function `main':
CheckSymbolExists.c:(.text.startup+0x7): undefined reference to `pthread_create'
collect2: ld returned 1 exit status
make[1]: Leaving directory `/source/clients/1/FreeRDP-1.1.0-beta-2013071101/CMakeFiles/CMakeTmp'
make[1]: *** [cmTryCompileExec1149320086] Error 1
make: *** [cmTryCompileExec1149320086/fast] Error 2

File /source/clients/1/FreeRDP-1.1.0-beta-2013071101/CMakeFiles/CMakeTmp/CheckSymbolExists.c:
/* */
#include <pthread.h>

int main(int argc, char** argv)
{
  (void)argv;
#ifndef pthread_create
  return ((int*)(&pthread_create))[argc];
#else
  (void)argc;
  return 0;
#endif
}

Determining if the function pthread_create exists in the pthreads failed with the following output:
Change Dir: /source/clients/1/FreeRDP-1.1.0-beta-2013071101/CMakeFiles/CMakeTmp

Run Build Command:/usr/bin/make "cmTryCompileExec2444548943/fast"
/usr/bin/make -f CMakeFiles/cmTryCompileExec2444548943.dir/build.make CMakeFiles/cmTryCompileExec2444548943.dir/build
make[1]: Entering directory `/source/clients/1/FreeRDP-1.1.0-beta-2013071101/CMakeFiles/CMakeTmp'
/usr/bin/cmake -E cmake_progress_report /source/clients/1/FreeRDP-1.1.0-beta-2013071101/CMakeFiles/CMakeTmp/CMakeFiles 1
Building C object CMakeFiles/cmTryCompileExec2444548943.dir/CheckFunctionExists.c.o
/toolchain/bin/i486-TSOL-linux-gnu-gcc   -Os  -march=i686 -Wall -Wno-unused-result -Wno-unused-but-set-variable -Wno-deprecated-declarations -O2 -msse2 -DWINPR_EXPORTS -DFREERDP_EXPORTS  -DCHECK_FUNCTION_EXISTS=pthread_create   -o CMakeFiles/cmTryCompileExec2444548943.dir/CheckFunctionExists.c.o   -c /usr/share/cmake-2.8/Modules/CheckFunctionExists.c
Linking C executable cmTryCompileExec2444548943
/usr/bin/cmake -E cmake_link_script CMakeFiles/cmTryCompileExec2444548943.dir/link.txt --verbose=1
/toolchain/bin/i486-TSOL-linux-gnu-gcc   -Os  -march=i686 -Wall -Wno-unused-result -Wno-unused-but-set-variable -Wno-deprecated-declarations -O2 -msse2 -DWINPR_EXPORTS -DFREERDP_EXPORTS  -DCHECK_FUNCTION_EXISTS=pthread_create   -static-libgcc CMakeFiles/cmTryCompileExec2444548943.dir/CheckFunctionExists.c.o  -o cmTryCompileExec2444548943 -rdynamic -lpthreads 
/toolchain/lib/gcc/i486-TSOL-linux-gnu/4.6.3/../../../../i486-TSOL-linux-gnu/bin/ld: cannot find -lpthreads
collect2: ld returned 1 exit status
make[1]: Leaving directory `/source/clients/1/FreeRDP-1.1.0-beta-2013071101/CMakeFiles/CMakeTmp'
make[1]: *** [cmTryCompileExec2444548943] Error 1
make: *** [cmTryCompileExec2444548943/fast] Error 2


Determining if the XITouchClass exist failed with the following output:
Change Dir: /source/clients/1/FreeRDP-1.1.0-beta-2013071101/CMakeFiles/CMakeTmp

Run Build Command:/usr/bin/make "cmTryCompileExec192853369/fast"
/usr/bin/make -f CMakeFiles/cmTryCompileExec192853369.dir/build.make CMakeFiles/cmTryCompileExec192853369.dir/build
make[1]: Entering directory `/source/clients/1/FreeRDP-1.1.0-beta-2013071101/CMakeFiles/CMakeTmp'
/usr/bin/cmake -E cmake_progress_report /source/clients/1/FreeRDP-1.1.0-beta-2013071101/CMakeFiles/CMakeTmp/CMakeFiles 1
Building C object CMakeFiles/cmTryCompileExec192853369.dir/CheckSymbolExists.c.o
/toolchain/bin/i486-TSOL-linux-gnu-gcc   -Os  -march=i686 -Wall -Wno-unused-result -Wno-unused-but-set-variable -Wno-deprecated-declarations -O2 -msse2 -DWINPR_EXPORTS -DFREERDP_EXPORTS     -o CMakeFiles/cmTryCompileExec192853369.dir/CheckSymbolExists.c.o   -c /source/clients/1/FreeRDP-1.1.0-beta-2013071101/CMakeFiles/CMakeTmp/CheckSymbolExists.c
In file included from /source/clients/1/FreeRDP-1.1.0-beta-2013071101/CMakeFiles/CMakeTmp/CheckSymbolExists.c:2:0:
/usr/xorg/include/X11/extensions/XInput2.h:30:22: fatal error: X11/Xlib.h: No such file or directory
compilation terminated.
make[1]: Leaving directory `/source/clients/1/FreeRDP-1.1.0-beta-2013071101/CMakeFiles/CMakeTmp'
make[1]: *** [CMakeFiles/cmTryCompileExec192853369.dir/CheckSymbolExists.c.o] Error 1
make: *** [cmTryCompileExec192853369/fast] Error 2

File /source/clients/1/FreeRDP-1.1.0-beta-2013071101/CMakeFiles/CMakeTmp/CheckSymbolExists.c:
/* */
#include </usr/xorg/include/X11/extensions/XInput2.h>

int main(int argc, char** argv)
{
  (void)argv;
#ifndef XITouchClass
  return ((int*)(&XITouchClass))[argc];
#else
  (void)argc;
  return 0;
#endif
}

Determining if files sys/modem.h exist failed with the following output:
Change Dir: /source/clients/1/FreeRDP-1.1.0-beta-2013071101/CMakeFiles/CMakeTmp

Run Build Command:/usr/bin/make "cmTryCompileExec1582354788/fast"
/usr/bin/make -f CMakeFiles/cmTryCompileExec1582354788.dir/build.make CMakeFiles/cmTryCompileExec1582354788.dir/build
make[1]: Entering directory `/source/clients/1/FreeRDP-1.1.0-beta-2013071101/CMakeFiles/CMakeTmp'
/usr/bin/cmake -E cmake_progress_report /source/clients/1/FreeRDP-1.1.0-beta-2013071101/CMakeFiles/CMakeTmp/CMakeFiles 1
Building C object CMakeFiles/cmTryCompileExec1582354788.dir/CheckIncludeFiles.c.o
/toolchain/bin/i486-TSOL-linux-gnu-gcc   -Os  -march=i686 -Wall -Wno-unused-result -Wno-unused-but-set-variable -Wno-deprecated-declarations -O2 -msse2 -DWINPR_EXPORTS -DFREERDP_EXPORTS     -o CMakeFiles/cmTryCompileExec1582354788.dir/CheckIncludeFiles.c.o   -c /source/clients/1/FreeRDP-1.1.0-beta-2013071101/CMakeFiles/CMakeTmp/CheckIncludeFiles.c
/source/clients/1/FreeRDP-1.1.0-beta-2013071101/CMakeFiles/CMakeTmp/CheckIncludeFiles.c:2:23: fatal error: sys/modem.h: No such file or directory
compilation terminated.
make[1]: Leaving directory `/source/clients/1/FreeRDP-1.1.0-beta-2013071101/CMakeFiles/CMakeTmp'
make[1]: *** [CMakeFiles/cmTryCompileExec1582354788.dir/CheckIncludeFiles.c.o] Error 1
make: *** [cmTryCompileExec1582354788/fast] Error 2

Source:
/* */
#include <sys/modem.h>


int main(){return 0;}

Determining if files sys/filio.h exist failed with the following output:
Change Dir: /source/clients/1/FreeRDP-1.1.0-beta-2013071101/CMakeFiles/CMakeTmp

Run Build Command:/usr/bin/make "cmTryCompileExec4043768496/fast"
/usr/bin/make -f CMakeFiles/cmTryCompileExec4043768496.dir/build.make CMakeFiles/cmTryCompileExec4043768496.dir/build
make[1]: Entering directory `/source/clients/1/FreeRDP-1.1.0-beta-2013071101/CMakeFiles/CMakeTmp'
/usr/bin/cmake -E cmake_progress_report /source/clients/1/FreeRDP-1.1.0-beta-2013071101/CMakeFiles/CMakeTmp/CMakeFiles 1
Building C object CMakeFiles/cmTryCompileExec4043768496.dir/CheckIncludeFiles.c.o
/toolchain/bin/i486-TSOL-linux-gnu-gcc   -Os  -march=i686 -Wall -Wno-unused-result -Wno-unused-but-set-variable -Wno-deprecated-declarations -O2 -msse2 -DWINPR_EXPORTS -DFREERDP_EXPORTS     -o CMakeFiles/cmTryCompileExec4043768496.dir/CheckIncludeFiles.c.o   -c /source/clients/1/FreeRDP-1.1.0-beta-2013071101/CMakeFiles/CMakeTmp/CheckIncludeFiles.c
/source/clients/1/FreeRDP-1.1.0-beta-2013071101/CMakeFiles/CMakeTmp/CheckIncludeFiles.c:2:23: fatal error: sys/filio.h: No such file or directory
compilation terminated.
make[1]: Leaving directory `/source/clients/1/FreeRDP-1.1.0-beta-2013071101/CMakeFiles/CMakeTmp'
make[1]: *** [CMakeFiles/cmTryCompileExec4043768496.dir/CheckIncludeFiles.c.o] Error 1
make: *** [cmTryCompileExec4043768496/fast] Error 2

Source:
/* */
#include <sys/filio.h>


int main(){return 0;}

Determining if files sys/strtio.h exist failed with the following output:
Change Dir: /source/clients/1/FreeRDP-1.1.0-beta-2013071101/CMakeFiles/CMakeTmp

Run Build Command:/usr/bin/make "cmTryCompileExec336291084/fast"
/usr/bin/make -f CMakeFiles/cmTryCompileExec336291084.dir/build.make CMakeFiles/cmTryCompileExec336291084.dir/build
make[1]: Entering directory `/source/clients/1/FreeRDP-1.1.0-beta-2013071101/CMakeFiles/CMakeTmp'
/usr/bin/cmake -E cmake_progress_report /source/clients/1/FreeRDP-1.1.0-beta-2013071101/CMakeFiles/CMakeTmp/CMakeFiles 1
Building C object CMakeFiles/cmTryCompileExec336291084.dir/CheckIncludeFiles.c.o
/toolchain/bin/i486-TSOL-linux-gnu-gcc   -Os  -march=i686 -Wall -Wno-unused-result -Wno-unused-but-set-variable -Wno-deprecated-declarations -O2 -msse2 -DWINPR_EXPORTS -DFREERDP_EXPORTS     -o CMakeFiles/cmTryCompileExec336291084.dir/CheckIncludeFiles.c.o   -c /source/clients/1/FreeRDP-1.1.0-beta-2013071101/CMakeFiles/CMakeTmp/CheckIncludeFiles.c
/source/clients/1/FreeRDP-1.1.0-beta-2013071101/CMakeFiles/CMakeTmp/CheckIncludeFiles.c:2:24: fatal error: sys/strtio.h: No such file or directory
compilation terminated.
make[1]: Leaving directory `/source/clients/1/FreeRDP-1.1.0-beta-2013071101/CMakeFiles/CMakeTmp'
make[1]: *** [CMakeFiles/cmTryCompileExec336291084.dir/CheckIncludeFiles.c.o] Error 1
make: *** [cmTryCompileExec336291084/fast] Error 2

Source:
/* */
#include <sys/strtio.h>


int main(){return 0;}

Determining if the pthread_create exist failed with the following output:
Change Dir: /source/clients/1/FreeRDP-1.1.0-beta-2013071101/CMakeFiles/CMakeTmp

Run Build Command:/usr/bin/make "cmTryCompileExec1666036751/fast"
/usr/bin/make -f CMakeFiles/cmTryCompileExec1666036751.dir/build.make CMakeFiles/cmTryCompileExec1666036751.dir/build
make[1]: Entering directory `/source/clients/1/FreeRDP-1.1.0-beta-2013071101/CMakeFiles/CMakeTmp'
/usr/bin/cmake -E cmake_progress_report /source/clients/1/FreeRDP-1.1.0-beta-2013071101/CMakeFiles/CMakeTmp/CMakeFiles 1
Building C object CMakeFiles/cmTryCompileExec1666036751.dir/CheckSymbolExists.c.o
/toolchain/bin/i486-TSOL-linux-gnu-gcc   -Os  -march=i686 -Wall -Wno-unused-result -Wno-unused-but-set-variable -Wno-deprecated-declarations -O2 -msse2 -DWINPR_EXPORTS -DFREERDP_EXPORTS     -o CMakeFiles/cmTryCompileExec1666036751.dir/CheckSymbolExists.c.o   -c /source/clients/1/FreeRDP-1.1.0-beta-2013071101/CMakeFiles/CMakeTmp/CheckSymbolExists.c
Linking C executable cmTryCompileExec1666036751
/usr/bin/cmake -E cmake_link_script CMakeFiles/cmTryCompileExec1666036751.dir/link.txt --verbose=1
/toolchain/bin/i486-TSOL-linux-gnu-gcc   -Os  -march=i686 -Wall -Wno-unused-result -Wno-unused-but-set-variable -Wno-deprecated-declarations -O2 -msse2 -DWINPR_EXPORTS -DFREERDP_EXPORTS     -static-libgcc CMakeFiles/cmTryCompileExec1666036751.dir/CheckSymbolExists.c.o  -o cmTryCompileExec1666036751 -rdynamic 
CMakeFiles/cmTryCompileExec1666036751.dir/CheckSymbolExists.c.o: In function `main':
CheckSymbolExists.c:(.text.startup+0x7): undefined reference to `pthread_create'
collect2: ld returned 1 exit status
make[1]: Leaving directory `/source/clients/1/FreeRDP-1.1.0-beta-2013071101/CMakeFiles/CMakeTmp'
make[1]: *** [cmTryCompileExec1666036751] Error 1
make: *** [cmTryCompileExec1666036751/fast] Error 2

File /source/clients/1/FreeRDP-1.1.0-beta-2013071101/CMakeFiles/CMakeTmp/CheckSymbolExists.c:
/* */
#include <pthread.h>

int main(int argc, char** argv)
{
  (void)argv;
#ifndef pthread_create
  return ((int*)(&pthread_create))[argc];
#else
  (void)argc;
  return 0;
#endif
}

Determining if the function pthread_create exists in the pthreads failed with the following output:
Change Dir: /source/clients/1/FreeRDP-1.1.0-beta-2013071101/CMakeFiles/CMakeTmp

Run Build Command:/usr/bin/make "cmTryCompileExec628826732/fast"
/usr/bin/make -f CMakeFiles/cmTryCompileExec628826732.dir/build.make CMakeFiles/cmTryCompileExec628826732.dir/build
make[1]: Entering directory `/source/clients/1/FreeRDP-1.1.0-beta-2013071101/CMakeFiles/CMakeTmp'
/usr/bin/cmake -E cmake_progress_report /source/clients/1/FreeRDP-1.1.0-beta-2013071101/CMakeFiles/CMakeTmp/CMakeFiles 1
Building C object CMakeFiles/cmTryCompileExec628826732.dir/CheckFunctionExists.c.o
/toolchain/bin/i486-TSOL-linux-gnu-gcc   -Os  -march=i686 -Wall -Wno-unused-result -Wno-unused-but-set-variable -Wno-deprecated-declarations -O2 -msse2 -DWINPR_EXPORTS -DFREERDP_EXPORTS  -DCHECK_FUNCTION_EXISTS=pthread_create   -o CMakeFiles/cmTryCompileExec628826732.dir/CheckFunctionExists.c.o   -c /usr/share/cmake-2.8/Modules/CheckFunctionExists.c
Linking C executable cmTryCompileExec628826732
/usr/bin/cmake -E cmake_link_script CMakeFiles/cmTryCompileExec628826732.dir/link.txt --verbose=1
/toolchain/bin/i486-TSOL-linux-gnu-gcc   -Os  -march=i686 -Wall -Wno-unused-result -Wno-unused-but-set-variable -Wno-deprecated-declarations -O2 -msse2 -DWINPR_EXPORTS -DFREERDP_EXPORTS  -DCHECK_FUNCTION_EXISTS=pthread_create   -static-libgcc CMakeFiles/cmTryCompileExec628826732.dir/CheckFunctionExists.c.o  -o cmTryCompileExec628826732 -rdynamic -lpthreads 
/toolchain/lib/gcc/i486-TSOL-linux-gnu/4.6.3/../../../../i486-TSOL-linux-gnu/bin/ld: cannot find -lpthreads
collect2: ld returned 1 exit status
make[1]: Leaving directory `/source/clients/1/FreeRDP-1.1.0-beta-2013071101/CMakeFiles/CMakeTmp'
make[1]: *** [cmTryCompileExec628826732] Error 1
make: *** [cmTryCompileExec628826732/fast] Error 2


Determining if the XITouchClass exist failed with the following output:
Change Dir: /source/clients/1/FreeRDP-1.1.0-beta-2013071101/CMakeFiles/CMakeTmp

Run Build Command:/usr/bin/make "cmTryCompileExec3444591448/fast"
/usr/bin/make -f CMakeFiles/cmTryCompileExec3444591448.dir/build.make CMakeFiles/cmTryCompileExec3444591448.dir/build
make[1]: Entering directory `/source/clients/1/FreeRDP-1.1.0-beta-2013071101/CMakeFiles/CMakeTmp'
/usr/bin/cmake -E cmake_progress_report /source/clients/1/FreeRDP-1.1.0-beta-2013071101/CMakeFiles/CMakeTmp/CMakeFiles 1
Building C object CMakeFiles/cmTryCompileExec3444591448.dir/CheckSymbolExists.c.o
/toolchain/bin/i486-TSOL-linux-gnu-gcc   -Os  -march=i686 -Wall -Wno-unused-result -Wno-unused-but-set-variable -Wno-deprecated-declarations -O2 -msse2 -DWINPR_EXPORTS -DFREERDP_EXPORTS     -o CMakeFiles/cmTryCompileExec3444591448.dir/CheckSymbolExists.c.o   -c /source/clients/1/FreeRDP-1.1.0-beta-2013071101/CMakeFiles/CMakeTmp/CheckSymbolExists.c
In file included from /source/clients/1/FreeRDP-1.1.0-beta-2013071101/CMakeFiles/CMakeTmp/CheckSymbolExists.c:2:0:
/usr/xorg/include/X11/extensions/XInput2.h:30:22: fatal error: X11/Xlib.h: No such file or directory
compilation terminated.
make[1]: Leaving directory `/source/clients/1/FreeRDP-1.1.0-beta-2013071101/CMakeFiles/CMakeTmp'
make[1]: *** [CMakeFiles/cmTryCompileExec3444591448.dir/CheckSymbolExists.c.o] Error 1
make: *** [cmTryCompileExec3444591448/fast] Error 2

File /source/clients/1/FreeRDP-1.1.0-beta-2013071101/CMakeFiles/CMakeTmp/CheckSymbolExists.c:
/* */
#include </usr/xorg/include/X11/extensions/XInput2.h>

int main(int argc, char** argv)
{
  (void)argv;
#ifndef XITouchClass
  return ((int*)(&XITouchClass))[argc];
#else
  (void)argc;
  return 0;
#endif
}

