The system is: Linux - 3.2.16-030216-generic - i686
Compiling the C compiler identification source file "CMakeCCompilerId.c" succeeded.
Compiler: /toolchain/bin/i486-TSOL-linux-gnu-gcc 
Build flags: -Os
Id flags: 

The output was:
0


Compilation of the C compiler identification source "CMakeCCompilerId.c" produced "a.out"

The C compiler identification is GNU, found in "/source/clients/1/FreeRDP-1.1.0-beta-2013071101/CMakeFiles/2.8.10.2/CompilerIdC/a.out"

Determining if the C compiler works passed with the following output:
Change Dir: /source/clients/1/FreeRDP-1.1.0-beta-2013071101/CMakeFiles/CMakeTmp

Run Build Command:/usr/bin/make "cmTryCompileExec1855814785/fast"
/usr/bin/make -f CMakeFiles/cmTryCompileExec1855814785.dir/build.make CMakeFiles/cmTryCompileExec1855814785.dir/build
make[1]: Entering directory `/source/clients/1/FreeRDP-1.1.0-beta-2013071101/CMakeFiles/CMakeTmp'
/usr/bin/cmake -E cmake_progress_report /source/clients/1/FreeRDP-1.1.0-beta-2013071101/CMakeFiles/CMakeTmp/CMakeFiles 1
Building C object CMakeFiles/cmTryCompileExec1855814785.dir/testCCompiler.c.o
/toolchain/bin/i486-TSOL-linux-gnu-gcc   -Os      -o CMakeFiles/cmTryCompileExec1855814785.dir/testCCompiler.c.o   -c /source/clients/1/FreeRDP-1.1.0-beta-2013071101/CMakeFiles/CMakeTmp/testCCompiler.c
Linking C executable cmTryCompileExec1855814785
/usr/bin/cmake -E cmake_link_script CMakeFiles/cmTryCompileExec1855814785.dir/link.txt --verbose=1
/toolchain/bin/i486-TSOL-linux-gnu-gcc   -Os      -static-libgcc CMakeFiles/cmTryCompileExec1855814785.dir/testCCompiler.c.o  -o cmTryCompileExec1855814785 -rdynamic 
make[1]: Leaving directory `/source/clients/1/FreeRDP-1.1.0-beta-2013071101/CMakeFiles/CMakeTmp'


Detecting C compiler ABI info compiled with the following output:
Change Dir: /source/clients/1/FreeRDP-1.1.0-beta-2013071101/CMakeFiles/CMakeTmp

Run Build Command:/usr/bin/make "cmTryCompileExec3502878798/fast"
/usr/bin/make -f CMakeFiles/cmTryCompileExec3502878798.dir/build.make CMakeFiles/cmTryCompileExec3502878798.dir/build
make[1]: Entering directory `/source/clients/1/FreeRDP-1.1.0-beta-2013071101/CMakeFiles/CMakeTmp'
/usr/bin/cmake -E cmake_progress_report /source/clients/1/FreeRDP-1.1.0-beta-2013071101/CMakeFiles/CMakeTmp/CMakeFiles 1
Building C object CMakeFiles/cmTryCompileExec3502878798.dir/CMakeCCompilerABI.c.o
/toolchain/bin/i486-TSOL-linux-gnu-gcc   -Os      -o CMakeFiles/cmTryCompileExec3502878798.dir/CMakeCCompilerABI.c.o   -c /usr/share/cmake-2.8/Modules/CMakeCCompilerABI.c
Linking C executable cmTryCompileExec3502878798
/usr/bin/cmake -E cmake_link_script CMakeFiles/cmTryCompileExec3502878798.dir/link.txt --verbose=1
/toolchain/bin/i486-TSOL-linux-gnu-gcc   -Os     -v CMakeFiles/cmTryCompileExec3502878798.dir/CMakeCCompilerABI.c.o  -o cmTryCompileExec3502878798 -rdynamic  
Using built-in specs.
COLLECT_GCC=/toolchain/bin/i486-TSOL-linux-gnu-gcc
COLLECT_LTO_WRAPPER=/toolchain/libexec/gcc/i486-TSOL-linux-gnu/4.6.3/lto-wrapper
Target: i486-TSOL-linux-gnu
Configured with: /TSOL/crosstool-ng-1.15.2/bin/.build/src/gcc-4.6.3/configure --build=i686-build_pc-linux-gnu --host=i686-build_pc-linux-gnu --target=i486-TSOL-linux-gnu --prefix=/toolchain --with-sysroot=/toolchain/i486-TSOL-linux-gnu/sysroot --enable-languages=c,c++ --with-arch=i486 --with-pkgversion='crosstool-NG 1.15.2' --enable-__cxa_atexit --disable-libmudflap --disable-libgomp --disable-libssp --with-gmp=/TSOL/crosstool-ng-1.15.2/bin/.build/i486-TSOL-linux-gnu/buildtools --with-mpfr=/TSOL/crosstool-ng-1.15.2/bin/.build/i486-TSOL-linux-gnu/buildtools --with-mpc=/TSOL/crosstool-ng-1.15.2/bin/.build/i486-TSOL-linux-gnu/buildtools --with-ppl=/TSOL/crosstool-ng-1.15.2/bin/.build/i486-TSOL-linux-gnu/buildtools --with-cloog=/TSOL/crosstool-ng-1.15.2/bin/.build/i486-TSOL-linux-gnu/buildtools --with-libelf=no --with-host-libstdcxx='-static-libgcc -Wl,-Bstatic,-lstdc++,-Bdynamic -lm -L/TSOL/crosstool-ng-1.15.2/bin/.build/i486-TSOL-linux-gnu/buildtools/lib -lpwl' --enable-threads=posix --enable-target-optspace --disable-multilib --with-local-prefix=/toolchain/i486-TSOL-linux-gnu/sysroot --enable-c99 --enable-long-long
Thread model: posix
gcc version 4.6.3 (crosstool-NG 1.15.2) 
COMPILER_PATH=/toolchain/libexec/gcc/i486-TSOL-linux-gnu/4.6.3/:/toolchain/libexec/gcc/i486-TSOL-linux-gnu/4.6.3/:/toolchain/libexec/gcc/i486-TSOL-linux-gnu/:/toolchain/lib/gcc/i486-TSOL-linux-gnu/4.6.3/:/toolchain/lib/gcc/i486-TSOL-linux-gnu/:/toolchain/lib/gcc/i486-TSOL-linux-gnu/4.6.3/../../../../i486-TSOL-linux-gnu/bin/
LIBRARY_PATH=/toolchain/lib/gcc/i486-TSOL-linux-gnu/4.6.3/:/toolchain/lib/gcc/i486-TSOL-linux-gnu/4.6.3/../../../../i486-TSOL-linux-gnu/lib/:/toolchain/i486-TSOL-linux-gnu/sysroot/lib/:/toolchain/i486-TSOL-linux-gnu/sysroot/usr/lib/
COLLECT_GCC_OPTIONS='-Os' '-v' '-o' 'cmTryCompileExec3502878798' '-rdynamic' '-mtune=i486' '-march=i486'
 /toolchain/libexec/gcc/i486-TSOL-linux-gnu/4.6.3/collect2 --sysroot=/toolchain/i486-TSOL-linux-gnu/sysroot --eh-frame-hdr -m elf_i386 -export-dynamic -dynamic-linker /lib/ld-linux.so.2 -o cmTryCompileExec3502878798 /toolchain/i486-TSOL-linux-gnu/sysroot/usr/lib/crt1.o /toolchain/i486-TSOL-linux-gnu/sysroot/usr/lib/crti.o /toolchain/lib/gcc/i486-TSOL-linux-gnu/4.6.3/crtbegin.o -L/toolchain/lib/gcc/i486-TSOL-linux-gnu/4.6.3 -L/toolchain/lib/gcc/i486-TSOL-linux-gnu/4.6.3/../../../../i486-TSOL-linux-gnu/lib -L/toolchain/i486-TSOL-linux-gnu/sysroot/lib -L/toolchain/i486-TSOL-linux-gnu/sysroot/usr/lib CMakeFiles/cmTryCompileExec3502878798.dir/CMakeCCompilerABI.c.o -lgcc --as-needed -lgcc_s --no-as-needed -lc -lgcc --as-needed -lgcc_s --no-as-needed /toolchain/lib/gcc/i486-TSOL-linux-gnu/4.6.3/crtend.o /toolchain/i486-TSOL-linux-gnu/sysroot/usr/lib/crtn.o
make[1]: Leaving directory `/source/clients/1/FreeRDP-1.1.0-beta-2013071101/CMakeFiles/CMakeTmp'


Parsed C implicit link information from above output:
  link line regex: [^( *|.*[/\])(ld|ld|collect2)[^/\]*( |$)]
  ignore line: [Change Dir: /source/clients/1/FreeRDP-1.1.0-beta-2013071101/CMakeFiles/CMakeTmp]
  ignore line: []
  ignore line: [Run Build Command:/usr/bin/make "cmTryCompileExec3502878798/fast"]
  ignore line: [/usr/bin/make -f CMakeFiles/cmTryCompileExec3502878798.dir/build.make CMakeFiles/cmTryCompileExec3502878798.dir/build]
  ignore line: [make[1]: Entering directory `/source/clients/1/FreeRDP-1.1.0-beta-2013071101/CMakeFiles/CMakeTmp']
  ignore line: [/usr/bin/cmake -E cmake_progress_report /source/clients/1/FreeRDP-1.1.0-beta-2013071101/CMakeFiles/CMakeTmp/CMakeFiles 1]
  ignore line: [Building C object CMakeFiles/cmTryCompileExec3502878798.dir/CMakeCCompilerABI.c.o]
  ignore line: [/toolchain/bin/i486-TSOL-linux-gnu-gcc   -Os      -o CMakeFiles/cmTryCompileExec3502878798.dir/CMakeCCompilerABI.c.o   -c /usr/share/cmake-2.8/Modules/CMakeCCompilerABI.c]
  ignore line: [Linking C executable cmTryCompileExec3502878798]
  ignore line: [/usr/bin/cmake -E cmake_link_script CMakeFiles/cmTryCompileExec3502878798.dir/link.txt --verbose=1]
  ignore line: [/toolchain/bin/i486-TSOL-linux-gnu-gcc   -Os     -v CMakeFiles/cmTryCompileExec3502878798.dir/CMakeCCompilerABI.c.o  -o cmTryCompileExec3502878798 -rdynamic  ]
  ignore line: [Using built-in specs.]
  ignore line: [COLLECT_GCC=/toolchain/bin/i486-TSOL-linux-gnu-gcc]
  ignore line: [COLLECT_LTO_WRAPPER=/toolchain/libexec/gcc/i486-TSOL-linux-gnu/4.6.3/lto-wrapper]
  ignore line: [Target: i486-TSOL-linux-gnu]
  ignore line: [Configured with: /TSOL/crosstool-ng-1.15.2/bin/.build/src/gcc-4.6.3/configure --build=i686-build_pc-linux-gnu --host=i686-build_pc-linux-gnu --target=i486-TSOL-linux-gnu --prefix=/toolchain --with-sysroot=/toolchain/i486-TSOL-linux-gnu/sysroot --enable-languages=c,c++ --with-arch=i486 --with-pkgversion='crosstool-NG 1.15.2' --enable-__cxa_atexit --disable-libmudflap --disable-libgomp --disable-libssp --with-gmp=/TSOL/crosstool-ng-1.15.2/bin/.build/i486-TSOL-linux-gnu/buildtools --with-mpfr=/TSOL/crosstool-ng-1.15.2/bin/.build/i486-TSOL-linux-gnu/buildtools --with-mpc=/TSOL/crosstool-ng-1.15.2/bin/.build/i486-TSOL-linux-gnu/buildtools --with-ppl=/TSOL/crosstool-ng-1.15.2/bin/.build/i486-TSOL-linux-gnu/buildtools --with-cloog=/TSOL/crosstool-ng-1.15.2/bin/.build/i486-TSOL-linux-gnu/buildtools --with-libelf=no --with-host-libstdcxx='-static-libgcc -Wl,-Bstatic,-lstdc++,-Bdynamic -lm -L/TSOL/crosstool-ng-1.15.2/bin/.build/i486-TSOL-linux-gnu/buildtools/lib -lpwl' --enable-threads=posix --enable-target-optspace --disable-multilib --with-local-prefix=/toolchain/i486-TSOL-linux-gnu/sysroot --enable-c99 --enable-long-long]
  ignore line: [Thread model: posix]
  ignore line: [gcc version 4.6.3 (crosstool-NG 1.15.2) ]
  ignore line: [COMPILER_PATH=/toolchain/libexec/gcc/i486-TSOL-linux-gnu/4.6.3/:/toolchain/libexec/gcc/i486-TSOL-linux-gnu/4.6.3/:/toolchain/libexec/gcc/i486-TSOL-linux-gnu/:/toolchain/lib/gcc/i486-TSOL-linux-gnu/4.6.3/:/toolchain/lib/gcc/i486-TSOL-linux-gnu/:/toolchain/lib/gcc/i486-TSOL-linux-gnu/4.6.3/../../../../i486-TSOL-linux-gnu/bin/]
  ignore line: [LIBRARY_PATH=/toolchain/lib/gcc/i486-TSOL-linux-gnu/4.6.3/:/toolchain/lib/gcc/i486-TSOL-linux-gnu/4.6.3/../../../../i486-TSOL-linux-gnu/lib/:/toolchain/i486-TSOL-linux-gnu/sysroot/lib/:/toolchain/i486-TSOL-linux-gnu/sysroot/usr/lib/]
  ignore line: [COLLECT_GCC_OPTIONS='-Os' '-v' '-o' 'cmTryCompileExec3502878798' '-rdynamic' '-mtune=i486' '-march=i486']
  link line: [ /toolchain/libexec/gcc/i486-TSOL-linux-gnu/4.6.3/collect2 --sysroot=/toolchain/i486-TSOL-linux-gnu/sysroot --eh-frame-hdr -m elf_i386 -export-dynamic -dynamic-linker /lib/ld-linux.so.2 -o cmTryCompileExec3502878798 /toolchain/i486-TSOL-linux-gnu/sysroot/usr/lib/crt1.o /toolchain/i486-TSOL-linux-gnu/sysroot/usr/lib/crti.o /toolchain/lib/gcc/i486-TSOL-linux-gnu/4.6.3/crtbegin.o -L/toolchain/lib/gcc/i486-TSOL-linux-gnu/4.6.3 -L/toolchain/lib/gcc/i486-TSOL-linux-gnu/4.6.3/../../../../i486-TSOL-linux-gnu/lib -L/toolchain/i486-TSOL-linux-gnu/sysroot/lib -L/toolchain/i486-TSOL-linux-gnu/sysroot/usr/lib CMakeFiles/cmTryCompileExec3502878798.dir/CMakeCCompilerABI.c.o -lgcc --as-needed -lgcc_s --no-as-needed -lc -lgcc --as-needed -lgcc_s --no-as-needed /toolchain/lib/gcc/i486-TSOL-linux-gnu/4.6.3/crtend.o /toolchain/i486-TSOL-linux-gnu/sysroot/usr/lib/crtn.o]
    arg [/toolchain/libexec/gcc/i486-TSOL-linux-gnu/4.6.3/collect2] ==> ignore
    arg [--sysroot=/toolchain/i486-TSOL-linux-gnu/sysroot] ==> ignore
    arg [--eh-frame-hdr] ==> ignore
    arg [-m] ==> ignore
    arg [elf_i386] ==> ignore
    arg [-export-dynamic] ==> ignore
    arg [-dynamic-linker] ==> ignore
    arg [/lib/ld-linux.so.2] ==> ignore
    arg [-o] ==> ignore
    arg [cmTryCompileExec3502878798] ==> ignore
    arg [/toolchain/i486-TSOL-linux-gnu/sysroot/usr/lib/crt1.o] ==> ignore
    arg [/toolchain/i486-TSOL-linux-gnu/sysroot/usr/lib/crti.o] ==> ignore
    arg [/toolchain/lib/gcc/i486-TSOL-linux-gnu/4.6.3/crtbegin.o] ==> ignore
    arg [-L/toolchain/lib/gcc/i486-TSOL-linux-gnu/4.6.3] ==> dir [/toolchain/lib/gcc/i486-TSOL-linux-gnu/4.6.3]
    arg [-L/toolchain/lib/gcc/i486-TSOL-linux-gnu/4.6.3/../../../../i486-TSOL-linux-gnu/lib] ==> dir [/toolchain/lib/gcc/i486-TSOL-linux-gnu/4.6.3/../../../../i486-TSOL-linux-gnu/lib]
    arg [-L/toolchain/i486-TSOL-linux-gnu/sysroot/lib] ==> dir [/toolchain/i486-TSOL-linux-gnu/sysroot/lib]
    arg [-L/toolchain/i486-TSOL-linux-gnu/sysroot/usr/lib] ==> dir [/toolchain/i486-TSOL-linux-gnu/sysroot/usr/lib]
    arg [CMakeFiles/cmTryCompileExec3502878798.dir/CMakeCCompilerABI.c.o] ==> ignore
    arg [-lgcc] ==> lib [gcc]
    arg [--as-needed] ==> ignore
    arg [-lgcc_s] ==> lib [gcc_s]
    arg [--no-as-needed] ==> ignore
    arg [-lc] ==> lib [c]
    arg [-lgcc] ==> lib [gcc]
    arg [--as-needed] ==> ignore
    arg [-lgcc_s] ==> lib [gcc_s]
    arg [--no-as-needed] ==> ignore
    arg [/toolchain/lib/gcc/i486-TSOL-linux-gnu/4.6.3/crtend.o] ==> ignore
    arg [/toolchain/i486-TSOL-linux-gnu/sysroot/usr/lib/crtn.o] ==> ignore
  remove lib [gcc]
  remove lib [gcc_s]
  remove lib [gcc]
  remove lib [gcc_s]
  collapse dir [/toolchain/lib/gcc/i486-TSOL-linux-gnu/4.6.3] ==> [/toolchain/lib/gcc/i486-TSOL-linux-gnu/4.6.3]
  collapse dir [/toolchain/lib/gcc/i486-TSOL-linux-gnu/4.6.3/../../../../i486-TSOL-linux-gnu/lib] ==> [/toolchain/i486-TSOL-linux-gnu/lib]
  collapse dir [/toolchain/i486-TSOL-linux-gnu/sysroot/lib] ==> [/toolchain/i486-TSOL-linux-gnu/sysroot/lib]
  collapse dir [/toolchain/i486-TSOL-linux-gnu/sysroot/usr/lib] ==> [/toolchain/i486-TSOL-linux-gnu/sysroot/usr/lib]
  implicit libs: [c]
  implicit dirs: [/toolchain/lib/gcc/i486-TSOL-linux-gnu/4.6.3;/toolchain/i486-TSOL-linux-gnu/lib;/toolchain/i486-TSOL-linux-gnu/sysroot/lib;/toolchain/i486-TSOL-linux-gnu/sysroot/usr/lib]


The target system is: Linux - 3.2.16-030216-generic - i686
The host system is: Linux - 3.2.16-030216-generic - i686
Performing C SOURCE FILE Test Wno-unused-result succeded with the following output:
Change Dir: /source/clients/1/FreeRDP-1.1.0-beta-2013071101/CMakeFiles/CMakeTmp

Run Build Command:/usr/bin/make "cmTryCompileExec254137077/fast"
/usr/bin/make -f CMakeFiles/cmTryCompileExec254137077.dir/build.make CMakeFiles/cmTryCompileExec254137077.dir/build
make[1]: Entering directory `/source/clients/1/FreeRDP-1.1.0-beta-2013071101/CMakeFiles/CMakeTmp'
/usr/bin/cmake -E cmake_progress_report /source/clients/1/FreeRDP-1.1.0-beta-2013071101/CMakeFiles/CMakeTmp/CMakeFiles 1
Building C object CMakeFiles/cmTryCompileExec254137077.dir/src.c.o
/toolchain/bin/i486-TSOL-linux-gnu-gcc   -Os  -march=i686 -Wall  -DWno-unused-result   -Wno-unused-result -o CMakeFiles/cmTryCompileExec254137077.dir/src.c.o   -c /source/clients/1/FreeRDP-1.1.0-beta-2013071101/CMakeFiles/CMakeTmp/src.c
<command-line>:0:4: warning: missing whitespace after the macro name [enabled by default]
Linking C executable cmTryCompileExec254137077
/usr/bin/cmake -E cmake_link_script CMakeFiles/cmTryCompileExec254137077.dir/link.txt --verbose=1
/toolchain/bin/i486-TSOL-linux-gnu-gcc   -Os  -march=i686 -Wall  -DWno-unused-result   -static-libgcc CMakeFiles/cmTryCompileExec254137077.dir/src.c.o  -o cmTryCompileExec254137077 -rdynamic 
make[1]: Leaving directory `/source/clients/1/FreeRDP-1.1.0-beta-2013071101/CMakeFiles/CMakeTmp'

Source file was:
int main(void) { return 0; }
Performing C SOURCE FILE Test Wno-unused-but-set-variable succeded with the following output:
Change Dir: /source/clients/1/FreeRDP-1.1.0-beta-2013071101/CMakeFiles/CMakeTmp

Run Build Command:/usr/bin/make "cmTryCompileExec2026127056/fast"
/usr/bin/make -f CMakeFiles/cmTryCompileExec2026127056.dir/build.make CMakeFiles/cmTryCompileExec2026127056.dir/build
make[1]: Entering directory `/source/clients/1/FreeRDP-1.1.0-beta-2013071101/CMakeFiles/CMakeTmp'
/usr/bin/cmake -E cmake_progress_report /source/clients/1/FreeRDP-1.1.0-beta-2013071101/CMakeFiles/CMakeTmp/CMakeFiles 1
Building C object CMakeFiles/cmTryCompileExec2026127056.dir/src.c.o
/toolchain/bin/i486-TSOL-linux-gnu-gcc   -Os  -march=i686 -Wall -Wno-unused-result  -DWno-unused-but-set-variable   -Wno-unused-but-set-variable -o CMakeFiles/cmTryCompileExec2026127056.dir/src.c.o   -c /source/clients/1/FreeRDP-1.1.0-beta-2013071101/CMakeFiles/CMakeTmp/src.c
<command-line>:0:4: warning: missing whitespace after the macro name [enabled by default]
Linking C executable cmTryCompileExec2026127056
/usr/bin/cmake -E cmake_link_script CMakeFiles/cmTryCompileExec2026127056.dir/link.txt --verbose=1
/toolchain/bin/i486-TSOL-linux-gnu-gcc   -Os  -march=i686 -Wall -Wno-unused-result  -DWno-unused-but-set-variable   -static-libgcc CMakeFiles/cmTryCompileExec2026127056.dir/src.c.o  -o cmTryCompileExec2026127056 -rdynamic 
make[1]: Leaving directory `/source/clients/1/FreeRDP-1.1.0-beta-2013071101/CMakeFiles/CMakeTmp'

Source file was:
int main(void) { return 0; }
Performing C SOURCE FILE Test Wno-deprecated-declarations succeded with the following output:
Change Dir: /source/clients/1/FreeRDP-1.1.0-beta-2013071101/CMakeFiles/CMakeTmp

Run Build Command:/usr/bin/make "cmTryCompileExec1272298685/fast"
/usr/bin/make -f CMakeFiles/cmTryCompileExec1272298685.dir/build.make CMakeFiles/cmTryCompileExec1272298685.dir/build
make[1]: Entering directory `/source/clients/1/FreeRDP-1.1.0-beta-2013071101/CMakeFiles/CMakeTmp'
/usr/bin/cmake -E cmake_progress_report /source/clients/1/FreeRDP-1.1.0-beta-2013071101/CMakeFiles/CMakeTmp/CMakeFiles 1
Building C object CMakeFiles/cmTryCompileExec1272298685.dir/src.c.o
/toolchain/bin/i486-TSOL-linux-gnu-gcc   -Os  -march=i686 -Wall -Wno-unused-result -Wno-unused-but-set-variable  -DWno-deprecated-declarations   -Wno-deprecated-declarations -o CMakeFiles/cmTryCompileExec1272298685.dir/src.c.o   -c /source/clients/1/FreeRDP-1.1.0-beta-2013071101/CMakeFiles/CMakeTmp/src.c
<command-line>:0:4: warning: missing whitespace after the macro name [enabled by default]
Linking C executable cmTryCompileExec1272298685
/usr/bin/cmake -E cmake_link_script CMakeFiles/cmTryCompileExec1272298685.dir/link.txt --verbose=1
/toolchain/bin/i486-TSOL-linux-gnu-gcc   -Os  -march=i686 -Wall -Wno-unused-result -Wno-unused-but-set-variable  -DWno-deprecated-declarations   -static-libgcc CMakeFiles/cmTryCompileExec1272298685.dir/src.c.o  -o cmTryCompileExec1272298685 -rdynamic 
make[1]: Leaving directory `/source/clients/1/FreeRDP-1.1.0-beta-2013071101/CMakeFiles/CMakeTmp'

Source file was:
int main(void) { return 0; }
Determining if files fcntl.h exist passed with the following output:
Change Dir: /source/clients/1/FreeRDP-1.1.0-beta-2013071101/CMakeFiles/CMakeTmp

Run Build Command:/usr/bin/make "cmTryCompileExec1975707390/fast"
/usr/bin/make -f CMakeFiles/cmTryCompileExec1975707390.dir/build.make CMakeFiles/cmTryCompileExec1975707390.dir/build
make[1]: Entering directory `/source/clients/1/FreeRDP-1.1.0-beta-2013071101/CMakeFiles/CMakeTmp'
/usr/bin/cmake -E cmake_progress_report /source/clients/1/FreeRDP-1.1.0-beta-2013071101/CMakeFiles/CMakeTmp/CMakeFiles 1
Building C object CMakeFiles/cmTryCompileExec1975707390.dir/CheckIncludeFiles.c.o
/toolchain/bin/i486-TSOL-linux-gnu-gcc   -Os  -march=i686 -Wall -Wno-unused-result -Wno-unused-but-set-variable -Wno-deprecated-declarations -O2 -msse2 -DWINPR_EXPORTS -DFREERDP_EXPORTS     -o CMakeFiles/cmTryCompileExec1975707390.dir/CheckIncludeFiles.c.o   -c /source/clients/1/FreeRDP-1.1.0-beta-2013071101/CMakeFiles/CMakeTmp/CheckIncludeFiles.c
Linking C executable cmTryCompileExec1975707390
/usr/bin/cmake -E cmake_link_script CMakeFiles/cmTryCompileExec1975707390.dir/link.txt --verbose=1
/toolchain/bin/i486-TSOL-linux-gnu-gcc   -Os  -march=i686 -Wall -Wno-unused-result -Wno-unused-but-set-variable -Wno-deprecated-declarations -O2 -msse2 -DWINPR_EXPORTS -DFREERDP_EXPORTS     -static-libgcc CMakeFiles/cmTryCompileExec1975707390.dir/CheckIncludeFiles.c.o  -o cmTryCompileExec1975707390 -rdynamic 
make[1]: Leaving directory `/source/clients/1/FreeRDP-1.1.0-beta-2013071101/CMakeFiles/CMakeTmp'


Determining if files unistd.h exist passed with the following output:
Change Dir: /source/clients/1/FreeRDP-1.1.0-beta-2013071101/CMakeFiles/CMakeTmp

Run Build Command:/usr/bin/make "cmTryCompileExec3930781741/fast"
/usr/bin/make -f CMakeFiles/cmTryCompileExec3930781741.dir/build.make CMakeFiles/cmTryCompileExec3930781741.dir/build
make[1]: Entering directory `/source/clients/1/FreeRDP-1.1.0-beta-2013071101/CMakeFiles/CMakeTmp'
/usr/bin/cmake -E cmake_progress_report /source/clients/1/FreeRDP-1.1.0-beta-2013071101/CMakeFiles/CMakeTmp/CMakeFiles 1
Building C object CMakeFiles/cmTryCompileExec3930781741.dir/CheckIncludeFiles.c.o
/toolchain/bin/i486-TSOL-linux-gnu-gcc   -Os  -march=i686 -Wall -Wno-unused-result -Wno-unused-but-set-variable -Wno-deprecated-declarations -O2 -msse2 -DWINPR_EXPORTS -DFREERDP_EXPORTS     -o CMakeFiles/cmTryCompileExec3930781741.dir/CheckIncludeFiles.c.o   -c /source/clients/1/FreeRDP-1.1.0-beta-2013071101/CMakeFiles/CMakeTmp/CheckIncludeFiles.c
Linking C executable cmTryCompileExec3930781741
/usr/bin/cmake -E cmake_link_script CMakeFiles/cmTryCompileExec3930781741.dir/link.txt --verbose=1
/toolchain/bin/i486-TSOL-linux-gnu-gcc   -Os  -march=i686 -Wall -Wno-unused-result -Wno-unused-but-set-variable -Wno-deprecated-declarations -O2 -msse2 -DWINPR_EXPORTS -DFREERDP_EXPORTS     -static-libgcc CMakeFiles/cmTryCompileExec3930781741.dir/CheckIncludeFiles.c.o  -o cmTryCompileExec3930781741 -rdynamic 
make[1]: Leaving directory `/source/clients/1/FreeRDP-1.1.0-beta-2013071101/CMakeFiles/CMakeTmp'


Determining if files stdint.h exist passed with the following output:
Change Dir: /source/clients/1/FreeRDP-1.1.0-beta-2013071101/CMakeFiles/CMakeTmp

Run Build Command:/usr/bin/make "cmTryCompileExec3211182613/fast"
/usr/bin/make -f CMakeFiles/cmTryCompileExec3211182613.dir/build.make CMakeFiles/cmTryCompileExec3211182613.dir/build
make[1]: Entering directory `/source/clients/1/FreeRDP-1.1.0-beta-2013071101/CMakeFiles/CMakeTmp'
/usr/bin/cmake -E cmake_progress_report /source/clients/1/FreeRDP-1.1.0-beta-2013071101/CMakeFiles/CMakeTmp/CMakeFiles 1
Building C object CMakeFiles/cmTryCompileExec3211182613.dir/CheckIncludeFiles.c.o
/toolchain/bin/i486-TSOL-linux-gnu-gcc   -Os  -march=i686 -Wall -Wno-unused-result -Wno-unused-but-set-variable -Wno-deprecated-declarations -O2 -msse2 -DWINPR_EXPORTS -DFREERDP_EXPORTS     -o CMakeFiles/cmTryCompileExec3211182613.dir/CheckIncludeFiles.c.o   -c /source/clients/1/FreeRDP-1.1.0-beta-2013071101/CMakeFiles/CMakeTmp/CheckIncludeFiles.c
Linking C executable cmTryCompileExec3211182613
/usr/bin/cmake -E cmake_link_script CMakeFiles/cmTryCompileExec3211182613.dir/link.txt --verbose=1
/toolchain/bin/i486-TSOL-linux-gnu-gcc   -Os  -march=i686 -Wall -Wno-unused-result -Wno-unused-but-set-variable -Wno-deprecated-declarations -O2 -msse2 -DWINPR_EXPORTS -DFREERDP_EXPORTS     -static-libgcc CMakeFiles/cmTryCompileExec3211182613.dir/CheckIncludeFiles.c.o  -o cmTryCompileExec3211182613 -rdynamic 
make[1]: Leaving directory `/source/clients/1/FreeRDP-1.1.0-beta-2013071101/CMakeFiles/CMakeTmp'


Determining if files inttypes.h exist passed with the following output:
Change Dir: /source/clients/1/FreeRDP-1.1.0-beta-2013071101/CMakeFiles/CMakeTmp

Run Build Command:/usr/bin/make "cmTryCompileExec1418338556/fast"
/usr/bin/make -f CMakeFiles/cmTryCompileExec1418338556.dir/build.make CMakeFiles/cmTryCompileExec1418338556.dir/build
make[1]: Entering directory `/source/clients/1/FreeRDP-1.1.0-beta-2013071101/CMakeFiles/CMakeTmp'
/usr/bin/cmake -E cmake_progress_report /source/clients/1/FreeRDP-1.1.0-beta-2013071101/CMakeFiles/CMakeTmp/CMakeFiles 1
Building C object CMakeFiles/cmTryCompileExec1418338556.dir/CheckIncludeFiles.c.o
/toolchain/bin/i486-TSOL-linux-gnu-gcc   -Os  -march=i686 -Wall -Wno-unused-result -Wno-unused-but-set-variable -Wno-deprecated-declarations -O2 -msse2 -DWINPR_EXPORTS -DFREERDP_EXPORTS     -o CMakeFiles/cmTryCompileExec1418338556.dir/CheckIncludeFiles.c.o   -c /source/clients/1/FreeRDP-1.1.0-beta-2013071101/CMakeFiles/CMakeTmp/CheckIncludeFiles.c
Linking C executable cmTryCompileExec1418338556
/usr/bin/cmake -E cmake_link_script CMakeFiles/cmTryCompileExec1418338556.dir/link.txt --verbose=1
/toolchain/bin/i486-TSOL-linux-gnu-gcc   -Os  -march=i686 -Wall -Wno-unused-result -Wno-unused-but-set-variable -Wno-deprecated-declarations -O2 -msse2 -DWINPR_EXPORTS -DFREERDP_EXPORTS     -static-libgcc CMakeFiles/cmTryCompileExec1418338556.dir/CheckIncludeFiles.c.o  -o cmTryCompileExec1418338556 -rdynamic 
make[1]: Leaving directory `/source/clients/1/FreeRDP-1.1.0-beta-2013071101/CMakeFiles/CMakeTmp'


Determining if files sys/select.h exist passed with the following output:
Change Dir: /source/clients/1/FreeRDP-1.1.0-beta-2013071101/CMakeFiles/CMakeTmp

Run Build Command:/usr/bin/make "cmTryCompileExec2196272514/fast"
/usr/bin/make -f CMakeFiles/cmTryCompileExec2196272514.dir/build.make CMakeFiles/cmTryCompileExec2196272514.dir/build
make[1]: Entering directory `/source/clients/1/FreeRDP-1.1.0-beta-2013071101/CMakeFiles/CMakeTmp'
/usr/bin/cmake -E cmake_progress_report /source/clients/1/FreeRDP-1.1.0-beta-2013071101/CMakeFiles/CMakeTmp/CMakeFiles 1
Building C object CMakeFiles/cmTryCompileExec2196272514.dir/CheckIncludeFiles.c.o
/toolchain/bin/i486-TSOL-linux-gnu-gcc   -Os  -march=i686 -Wall -Wno-unused-result -Wno-unused-but-set-variable -Wno-deprecated-declarations -O2 -msse2 -DWINPR_EXPORTS -DFREERDP_EXPORTS     -o CMakeFiles/cmTryCompileExec2196272514.dir/CheckIncludeFiles.c.o   -c /source/clients/1/FreeRDP-1.1.0-beta-2013071101/CMakeFiles/CMakeTmp/CheckIncludeFiles.c
Linking C executable cmTryCompileExec2196272514
/usr/bin/cmake -E cmake_link_script CMakeFiles/cmTryCompileExec2196272514.dir/link.txt --verbose=1
/toolchain/bin/i486-TSOL-linux-gnu-gcc   -Os  -march=i686 -Wall -Wno-unused-result -Wno-unused-but-set-variable -Wno-deprecated-declarations -O2 -msse2 -DWINPR_EXPORTS -DFREERDP_EXPORTS     -static-libgcc CMakeFiles/cmTryCompileExec2196272514.dir/CheckIncludeFiles.c.o  -o cmTryCompileExec2196272514 -rdynamic 
make[1]: Leaving directory `/source/clients/1/FreeRDP-1.1.0-beta-2013071101/CMakeFiles/CMakeTmp'


Performing C SOURCE FILE Test HAVE_TM_GMTOFF succeded with the following output:
Change Dir: /source/clients/1/FreeRDP-1.1.0-beta-2013071101/CMakeFiles/CMakeTmp

Run Build Command:/usr/bin/make "cmTryCompileExec3866571860/fast"
/usr/bin/make -f CMakeFiles/cmTryCompileExec3866571860.dir/build.make CMakeFiles/cmTryCompileExec3866571860.dir/build
make[1]: Entering directory `/source/clients/1/FreeRDP-1.1.0-beta-2013071101/CMakeFiles/CMakeTmp'
/usr/bin/cmake -E cmake_progress_report /source/clients/1/FreeRDP-1.1.0-beta-2013071101/CMakeFiles/CMakeTmp/CMakeFiles 1
Building C object CMakeFiles/cmTryCompileExec3866571860.dir/src.c.o
/toolchain/bin/i486-TSOL-linux-gnu-gcc   -Os  -march=i686 -Wall -Wno-unused-result -Wno-unused-but-set-variable -Wno-deprecated-declarations -O2 -msse2 -DWINPR_EXPORTS -DFREERDP_EXPORTS  -DHAVE_TM_GMTOFF   -o CMakeFiles/cmTryCompileExec3866571860.dir/src.c.o   -c /source/clients/1/FreeRDP-1.1.0-beta-2013071101/CMakeFiles/CMakeTmp/src.c
/source/clients/1/FreeRDP-1.1.0-beta-2013071101/CMakeFiles/CMakeTmp/src.c: In function ‘main’:
/source/clients/1/FreeRDP-1.1.0-beta-2013071101/CMakeFiles/CMakeTmp/src.c:7:4: warning: statement with no effect [-Wunused-value]
Linking C executable cmTryCompileExec3866571860
/usr/bin/cmake -E cmake_link_script CMakeFiles/cmTryCompileExec3866571860.dir/link.txt --verbose=1
/toolchain/bin/i486-TSOL-linux-gnu-gcc   -Os  -march=i686 -Wall -Wno-unused-result -Wno-unused-but-set-variable -Wno-deprecated-declarations -O2 -msse2 -DWINPR_EXPORTS -DFREERDP_EXPORTS  -DHAVE_TM_GMTOFF   -static-libgcc CMakeFiles/cmTryCompileExec3866571860.dir/src.c.o  -o cmTryCompileExec3866571860 -rdynamic 
make[1]: Leaving directory `/source/clients/1/FreeRDP-1.1.0-beta-2013071101/CMakeFiles/CMakeTmp'

Source file was:

#include <time.h>

int main()
{
   struct tm* tmp;
   tmp->tm_gmtoff;
  return 0;
}

Determining if files pthread.h exist passed with the following output:
Change Dir: /source/clients/1/FreeRDP-1.1.0-beta-2013071101/CMakeFiles/CMakeTmp

Run Build Command:/usr/bin/make "cmTryCompileExec2912207544/fast"
/usr/bin/make -f CMakeFiles/cmTryCompileExec2912207544.dir/build.make CMakeFiles/cmTryCompileExec2912207544.dir/build
make[1]: Entering directory `/source/clients/1/FreeRDP-1.1.0-beta-2013071101/CMakeFiles/CMakeTmp'
/usr/bin/cmake -E cmake_progress_report /source/clients/1/FreeRDP-1.1.0-beta-2013071101/CMakeFiles/CMakeTmp/CMakeFiles 1
Building C object CMakeFiles/cmTryCompileExec2912207544.dir/CheckIncludeFiles.c.o
/toolchain/bin/i486-TSOL-linux-gnu-gcc   -Os  -march=i686 -Wall -Wno-unused-result -Wno-unused-but-set-variable -Wno-deprecated-declarations -O2 -msse2 -DWINPR_EXPORTS -DFREERDP_EXPORTS     -o CMakeFiles/cmTryCompileExec2912207544.dir/CheckIncludeFiles.c.o   -c /source/clients/1/FreeRDP-1.1.0-beta-2013071101/CMakeFiles/CMakeTmp/CheckIncludeFiles.c
Linking C executable cmTryCompileExec2912207544
/usr/bin/cmake -E cmake_link_script CMakeFiles/cmTryCompileExec2912207544.dir/link.txt --verbose=1
/toolchain/bin/i486-TSOL-linux-gnu-gcc   -Os  -march=i686 -Wall -Wno-unused-result -Wno-unused-but-set-variable -Wno-deprecated-declarations -O2 -msse2 -DWINPR_EXPORTS -DFREERDP_EXPORTS     -static-libgcc CMakeFiles/cmTryCompileExec2912207544.dir/CheckIncludeFiles.c.o  -o cmTryCompileExec2912207544 -rdynamic 
make[1]: Leaving directory `/source/clients/1/FreeRDP-1.1.0-beta-2013071101/CMakeFiles/CMakeTmp'


Determining if the function pthread_create exists in the pthread passed with the following output:
Change Dir: /source/clients/1/FreeRDP-1.1.0-beta-2013071101/CMakeFiles/CMakeTmp

Run Build Command:/usr/bin/make "cmTryCompileExec1255710224/fast"
/usr/bin/make -f CMakeFiles/cmTryCompileExec1255710224.dir/build.make CMakeFiles/cmTryCompileExec1255710224.dir/build
make[1]: Entering directory `/source/clients/1/FreeRDP-1.1.0-beta-2013071101/CMakeFiles/CMakeTmp'
/usr/bin/cmake -E cmake_progress_report /source/clients/1/FreeRDP-1.1.0-beta-2013071101/CMakeFiles/CMakeTmp/CMakeFiles 1
Building C object CMakeFiles/cmTryCompileExec1255710224.dir/CheckFunctionExists.c.o
/toolchain/bin/i486-TSOL-linux-gnu-gcc   -Os  -march=i686 -Wall -Wno-unused-result -Wno-unused-but-set-variable -Wno-deprecated-declarations -O2 -msse2 -DWINPR_EXPORTS -DFREERDP_EXPORTS  -DCHECK_FUNCTION_EXISTS=pthread_create   -o CMakeFiles/cmTryCompileExec1255710224.dir/CheckFunctionExists.c.o   -c /usr/share/cmake-2.8/Modules/CheckFunctionExists.c
Linking C executable cmTryCompileExec1255710224
/usr/bin/cmake -E cmake_link_script CMakeFiles/cmTryCompileExec1255710224.dir/link.txt --verbose=1
/toolchain/bin/i486-TSOL-linux-gnu-gcc   -Os  -march=i686 -Wall -Wno-unused-result -Wno-unused-but-set-variable -Wno-deprecated-declarations -O2 -msse2 -DWINPR_EXPORTS -DFREERDP_EXPORTS  -DCHECK_FUNCTION_EXISTS=pthread_create   -static-libgcc CMakeFiles/cmTryCompileExec1255710224.dir/CheckFunctionExists.c.o  -o cmTryCompileExec1255710224 -rdynamic -lpthread 
make[1]: Leaving directory `/source/clients/1/FreeRDP-1.1.0-beta-2013071101/CMakeFiles/CMakeTmp'


Determining if files sys/eventfd.h exist passed with the following output:
Change Dir: /source/clients/1/FreeRDP-1.1.0-beta-2013071101/CMakeFiles/CMakeTmp

Run Build Command:/usr/bin/make "cmTryCompileExec2964612205/fast"
/usr/bin/make -f CMakeFiles/cmTryCompileExec2964612205.dir/build.make CMakeFiles/cmTryCompileExec2964612205.dir/build
make[1]: Entering directory `/source/clients/1/FreeRDP-1.1.0-beta-2013071101/CMakeFiles/CMakeTmp'
/usr/bin/cmake -E cmake_progress_report /source/clients/1/FreeRDP-1.1.0-beta-2013071101/CMakeFiles/CMakeTmp/CMakeFiles 1
Building C object CMakeFiles/cmTryCompileExec2964612205.dir/CheckIncludeFiles.c.o
/toolchain/bin/i486-TSOL-linux-gnu-gcc   -Os  -march=i686 -Wall -Wno-unused-result -Wno-unused-but-set-variable -Wno-deprecated-declarations -O2 -msse2 -DWINPR_EXPORTS -DFREERDP_EXPORTS     -o CMakeFiles/cmTryCompileExec2964612205.dir/CheckIncludeFiles.c.o   -c /source/clients/1/FreeRDP-1.1.0-beta-2013071101/CMakeFiles/CMakeTmp/CheckIncludeFiles.c
Linking C executable cmTryCompileExec2964612205
/usr/bin/cmake -E cmake_link_script CMakeFiles/cmTryCompileExec2964612205.dir/link.txt --verbose=1
/toolchain/bin/i486-TSOL-linux-gnu-gcc   -Os  -march=i686 -Wall -Wno-unused-result -Wno-unused-but-set-variable -Wno-deprecated-declarations -O2 -msse2 -DWINPR_EXPORTS -DFREERDP_EXPORTS     -static-libgcc CMakeFiles/cmTryCompileExec2964612205.dir/CheckIncludeFiles.c.o  -o cmTryCompileExec2964612205 -rdynamic 
make[1]: Leaving directory `/source/clients/1/FreeRDP-1.1.0-beta-2013071101/CMakeFiles/CMakeTmp'


The target system is: Linux - 3.2.16-030216-generic - i686
The host system is: Linux - 3.2.16-030216-generic - i686
Performing C SOURCE FILE Test Wno-unused-result succeded with the following output:
Change Dir: /source/clients/1/FreeRDP-1.1.0-beta-2013071101/CMakeFiles/CMakeTmp

Run Build Command:/usr/bin/make "cmTryCompileExec2206516030/fast"
/usr/bin/make -f CMakeFiles/cmTryCompileExec2206516030.dir/build.make CMakeFiles/cmTryCompileExec2206516030.dir/build
make[1]: Entering directory `/source/clients/1/FreeRDP-1.1.0-beta-2013071101/CMakeFiles/CMakeTmp'
/usr/bin/cmake -E cmake_progress_report /source/clients/1/FreeRDP-1.1.0-beta-2013071101/CMakeFiles/CMakeTmp/CMakeFiles 1
Building C object CMakeFiles/cmTryCompileExec2206516030.dir/src.c.o
/toolchain/bin/i486-TSOL-linux-gnu-gcc   -Os  -march=i686 -Wall  -DWno-unused-result   -Wno-unused-result -o CMakeFiles/cmTryCompileExec2206516030.dir/src.c.o   -c /source/clients/1/FreeRDP-1.1.0-beta-2013071101/CMakeFiles/CMakeTmp/src.c
<command-line>:0:4: warning: missing whitespace after the macro name [enabled by default]
Linking C executable cmTryCompileExec2206516030
/usr/bin/cmake -E cmake_link_script CMakeFiles/cmTryCompileExec2206516030.dir/link.txt --verbose=1
/toolchain/bin/i486-TSOL-linux-gnu-gcc   -Os  -march=i686 -Wall  -DWno-unused-result   -static-libgcc CMakeFiles/cmTryCompileExec2206516030.dir/src.c.o  -o cmTryCompileExec2206516030 -rdynamic 
make[1]: Leaving directory `/source/clients/1/FreeRDP-1.1.0-beta-2013071101/CMakeFiles/CMakeTmp'

Source file was:
int main(void) { return 0; }
Performing C SOURCE FILE Test Wno-unused-but-set-variable succeded with the following output:
Change Dir: /source/clients/1/FreeRDP-1.1.0-beta-2013071101/CMakeFiles/CMakeTmp

Run Build Command:/usr/bin/make "cmTryCompileExec874795270/fast"
/usr/bin/make -f CMakeFiles/cmTryCompileExec874795270.dir/build.make CMakeFiles/cmTryCompileExec874795270.dir/build
make[1]: Entering directory `/source/clients/1/FreeRDP-1.1.0-beta-2013071101/CMakeFiles/CMakeTmp'
/usr/bin/cmake -E cmake_progress_report /source/clients/1/FreeRDP-1.1.0-beta-2013071101/CMakeFiles/CMakeTmp/CMakeFiles 1
Building C object CMakeFiles/cmTryCompileExec874795270.dir/src.c.o
/toolchain/bin/i486-TSOL-linux-gnu-gcc   -Os  -march=i686 -Wall -Wno-unused-result  -DWno-unused-but-set-variable   -Wno-unused-but-set-variable -o CMakeFiles/cmTryCompileExec874795270.dir/src.c.o   -c /source/clients/1/FreeRDP-1.1.0-beta-2013071101/CMakeFiles/CMakeTmp/src.c
<command-line>:0:4: warning: missing whitespace after the macro name [enabled by default]
Linking C executable cmTryCompileExec874795270
/usr/bin/cmake -E cmake_link_script CMakeFiles/cmTryCompileExec874795270.dir/link.txt --verbose=1
/toolchain/bin/i486-TSOL-linux-gnu-gcc   -Os  -march=i686 -Wall -Wno-unused-result  -DWno-unused-but-set-variable   -static-libgcc CMakeFiles/cmTryCompileExec874795270.dir/src.c.o  -o cmTryCompileExec874795270 -rdynamic 
make[1]: Leaving directory `/source/clients/1/FreeRDP-1.1.0-beta-2013071101/CMakeFiles/CMakeTmp'

Source file was:
int main(void) { return 0; }
Performing C SOURCE FILE Test Wno-deprecated-declarations succeded with the following output:
Change Dir: /source/clients/1/FreeRDP-1.1.0-beta-2013071101/CMakeFiles/CMakeTmp

Run Build Command:/usr/bin/make "cmTryCompileExec2172305477/fast"
/usr/bin/make -f CMakeFiles/cmTryCompileExec2172305477.dir/build.make CMakeFiles/cmTryCompileExec2172305477.dir/build
make[1]: Entering directory `/source/clients/1/FreeRDP-1.1.0-beta-2013071101/CMakeFiles/CMakeTmp'
/usr/bin/cmake -E cmake_progress_report /source/clients/1/FreeRDP-1.1.0-beta-2013071101/CMakeFiles/CMakeTmp/CMakeFiles 1
Building C object CMakeFiles/cmTryCompileExec2172305477.dir/src.c.o
/toolchain/bin/i486-TSOL-linux-gnu-gcc   -Os  -march=i686 -Wall -Wno-unused-result -Wno-unused-but-set-variable  -DWno-deprecated-declarations   -Wno-deprecated-declarations -o CMakeFiles/cmTryCompileExec2172305477.dir/src.c.o   -c /source/clients/1/FreeRDP-1.1.0-beta-2013071101/CMakeFiles/CMakeTmp/src.c
<command-line>:0:4: warning: missing whitespace after the macro name [enabled by default]
Linking C executable cmTryCompileExec2172305477
/usr/bin/cmake -E cmake_link_script CMakeFiles/cmTryCompileExec2172305477.dir/link.txt --verbose=1
/toolchain/bin/i486-TSOL-linux-gnu-gcc   -Os  -march=i686 -Wall -Wno-unused-result -Wno-unused-but-set-variable  -DWno-deprecated-declarations   -static-libgcc CMakeFiles/cmTryCompileExec2172305477.dir/src.c.o  -o cmTryCompileExec2172305477 -rdynamic 
make[1]: Leaving directory `/source/clients/1/FreeRDP-1.1.0-beta-2013071101/CMakeFiles/CMakeTmp'

Source file was:
int main(void) { return 0; }
Determining if files fcntl.h exist passed with the following output:
Change Dir: /source/clients/1/FreeRDP-1.1.0-beta-2013071101/CMakeFiles/CMakeTmp

Run Build Command:/usr/bin/make "cmTryCompileExec1539079773/fast"
/usr/bin/make -f CMakeFiles/cmTryCompileExec1539079773.dir/build.make CMakeFiles/cmTryCompileExec1539079773.dir/build
make[1]: Entering directory `/source/clients/1/FreeRDP-1.1.0-beta-2013071101/CMakeFiles/CMakeTmp'
/usr/bin/cmake -E cmake_progress_report /source/clients/1/FreeRDP-1.1.0-beta-2013071101/CMakeFiles/CMakeTmp/CMakeFiles 1
Building C object CMakeFiles/cmTryCompileExec1539079773.dir/CheckIncludeFiles.c.o
/toolchain/bin/i486-TSOL-linux-gnu-gcc   -Os  -march=i686 -Wall -Wno-unused-result -Wno-unused-but-set-variable -Wno-deprecated-declarations -O2 -msse2 -DWINPR_EXPORTS -DFREERDP_EXPORTS     -o CMakeFiles/cmTryCompileExec1539079773.dir/CheckIncludeFiles.c.o   -c /source/clients/1/FreeRDP-1.1.0-beta-2013071101/CMakeFiles/CMakeTmp/CheckIncludeFiles.c
Linking C executable cmTryCompileExec1539079773
/usr/bin/cmake -E cmake_link_script CMakeFiles/cmTryCompileExec1539079773.dir/link.txt --verbose=1
/toolchain/bin/i486-TSOL-linux-gnu-gcc   -Os  -march=i686 -Wall -Wno-unused-result -Wno-unused-but-set-variable -Wno-deprecated-declarations -O2 -msse2 -DWINPR_EXPORTS -DFREERDP_EXPORTS     -static-libgcc CMakeFiles/cmTryCompileExec1539079773.dir/CheckIncludeFiles.c.o  -o cmTryCompileExec1539079773 -rdynamic 
make[1]: Leaving directory `/source/clients/1/FreeRDP-1.1.0-beta-2013071101/CMakeFiles/CMakeTmp'


Determining if files unistd.h exist passed with the following output:
Change Dir: /source/clients/1/FreeRDP-1.1.0-beta-2013071101/CMakeFiles/CMakeTmp

Run Build Command:/usr/bin/make "cmTryCompileExec2324468407/fast"
/usr/bin/make -f CMakeFiles/cmTryCompileExec2324468407.dir/build.make CMakeFiles/cmTryCompileExec2324468407.dir/build
make[1]: Entering directory `/source/clients/1/FreeRDP-1.1.0-beta-2013071101/CMakeFiles/CMakeTmp'
/usr/bin/cmake -E cmake_progress_report /source/clients/1/FreeRDP-1.1.0-beta-2013071101/CMakeFiles/CMakeTmp/CMakeFiles 1
Building C object CMakeFiles/cmTryCompileExec2324468407.dir/CheckIncludeFiles.c.o
/toolchain/bin/i486-TSOL-linux-gnu-gcc   -Os  -march=i686 -Wall -Wno-unused-result -Wno-unused-but-set-variable -Wno-deprecated-declarations -O2 -msse2 -DWINPR_EXPORTS -DFREERDP_EXPORTS     -o CMakeFiles/cmTryCompileExec2324468407.dir/CheckIncludeFiles.c.o   -c /source/clients/1/FreeRDP-1.1.0-beta-2013071101/CMakeFiles/CMakeTmp/CheckIncludeFiles.c
Linking C executable cmTryCompileExec2324468407
/usr/bin/cmake -E cmake_link_script CMakeFiles/cmTryCompileExec2324468407.dir/link.txt --verbose=1
/toolchain/bin/i486-TSOL-linux-gnu-gcc   -Os  -march=i686 -Wall -Wno-unused-result -Wno-unused-but-set-variable -Wno-deprecated-declarations -O2 -msse2 -DWINPR_EXPORTS -DFREERDP_EXPORTS     -static-libgcc CMakeFiles/cmTryCompileExec2324468407.dir/CheckIncludeFiles.c.o  -o cmTryCompileExec2324468407 -rdynamic 
make[1]: Leaving directory `/source/clients/1/FreeRDP-1.1.0-beta-2013071101/CMakeFiles/CMakeTmp'


Determining if files stdint.h exist passed with the following output:
Change Dir: /source/clients/1/FreeRDP-1.1.0-beta-2013071101/CMakeFiles/CMakeTmp

Run Build Command:/usr/bin/make "cmTryCompileExec3387208217/fast"
/usr/bin/make -f CMakeFiles/cmTryCompileExec3387208217.dir/build.make CMakeFiles/cmTryCompileExec3387208217.dir/build
make[1]: Entering directory `/source/clients/1/FreeRDP-1.1.0-beta-2013071101/CMakeFiles/CMakeTmp'
/usr/bin/cmake -E cmake_progress_report /source/clients/1/FreeRDP-1.1.0-beta-2013071101/CMakeFiles/CMakeTmp/CMakeFiles 1
Building C object CMakeFiles/cmTryCompileExec3387208217.dir/CheckIncludeFiles.c.o
/toolchain/bin/i486-TSOL-linux-gnu-gcc   -Os  -march=i686 -Wall -Wno-unused-result -Wno-unused-but-set-variable -Wno-deprecated-declarations -O2 -msse2 -DWINPR_EXPORTS -DFREERDP_EXPORTS     -o CMakeFiles/cmTryCompileExec3387208217.dir/CheckIncludeFiles.c.o   -c /source/clients/1/FreeRDP-1.1.0-beta-2013071101/CMakeFiles/CMakeTmp/CheckIncludeFiles.c
Linking C executable cmTryCompileExec3387208217
/usr/bin/cmake -E cmake_link_script CMakeFiles/cmTryCompileExec3387208217.dir/link.txt --verbose=1
/toolchain/bin/i486-TSOL-linux-gnu-gcc   -Os  -march=i686 -Wall -Wno-unused-result -Wno-unused-but-set-variable -Wno-deprecated-declarations -O2 -msse2 -DWINPR_EXPORTS -DFREERDP_EXPORTS     -static-libgcc CMakeFiles/cmTryCompileExec3387208217.dir/CheckIncludeFiles.c.o  -o cmTryCompileExec3387208217 -rdynamic 
make[1]: Leaving directory `/source/clients/1/FreeRDP-1.1.0-beta-2013071101/CMakeFiles/CMakeTmp'


Determining if files inttypes.h exist passed with the following output:
Change Dir: /source/clients/1/FreeRDP-1.1.0-beta-2013071101/CMakeFiles/CMakeTmp

Run Build Command:/usr/bin/make "cmTryCompileExec1972711686/fast"
/usr/bin/make -f CMakeFiles/cmTryCompileExec1972711686.dir/build.make CMakeFiles/cmTryCompileExec1972711686.dir/build
make[1]: Entering directory `/source/clients/1/FreeRDP-1.1.0-beta-2013071101/CMakeFiles/CMakeTmp'
/usr/bin/cmake -E cmake_progress_report /source/clients/1/FreeRDP-1.1.0-beta-2013071101/CMakeFiles/CMakeTmp/CMakeFiles 1
Building C object CMakeFiles/cmTryCompileExec1972711686.dir/CheckIncludeFiles.c.o
/toolchain/bin/i486-TSOL-linux-gnu-gcc   -Os  -march=i686 -Wall -Wno-unused-result -Wno-unused-but-set-variable -Wno-deprecated-declarations -O2 -msse2 -DWINPR_EXPORTS -DFREERDP_EXPORTS     -o CMakeFiles/cmTryCompileExec1972711686.dir/CheckIncludeFiles.c.o   -c /source/clients/1/FreeRDP-1.1.0-beta-2013071101/CMakeFiles/CMakeTmp/CheckIncludeFiles.c
Linking C executable cmTryCompileExec1972711686
/usr/bin/cmake -E cmake_link_script CMakeFiles/cmTryCompileExec1972711686.dir/link.txt --verbose=1
/toolchain/bin/i486-TSOL-linux-gnu-gcc   -Os  -march=i686 -Wall -Wno-unused-result -Wno-unused-but-set-variable -Wno-deprecated-declarations -O2 -msse2 -DWINPR_EXPORTS -DFREERDP_EXPORTS     -static-libgcc CMakeFiles/cmTryCompileExec1972711686.dir/CheckIncludeFiles.c.o  -o cmTryCompileExec1972711686 -rdynamic 
make[1]: Leaving directory `/source/clients/1/FreeRDP-1.1.0-beta-2013071101/CMakeFiles/CMakeTmp'


Determining if files sys/select.h exist passed with the following output:
Change Dir: /source/clients/1/FreeRDP-1.1.0-beta-2013071101/CMakeFiles/CMakeTmp

Run Build Command:/usr/bin/make "cmTryCompileExec594673574/fast"
/usr/bin/make -f CMakeFiles/cmTryCompileExec594673574.dir/build.make CMakeFiles/cmTryCompileExec594673574.dir/build
make[1]: Entering directory `/source/clients/1/FreeRDP-1.1.0-beta-2013071101/CMakeFiles/CMakeTmp'
/usr/bin/cmake -E cmake_progress_report /source/clients/1/FreeRDP-1.1.0-beta-2013071101/CMakeFiles/CMakeTmp/CMakeFiles 1
Building C object CMakeFiles/cmTryCompileExec594673574.dir/CheckIncludeFiles.c.o
/toolchain/bin/i486-TSOL-linux-gnu-gcc   -Os  -march=i686 -Wall -Wno-unused-result -Wno-unused-but-set-variable -Wno-deprecated-declarations -O2 -msse2 -DWINPR_EXPORTS -DFREERDP_EXPORTS     -o CMakeFiles/cmTryCompileExec594673574.dir/CheckIncludeFiles.c.o   -c /source/clients/1/FreeRDP-1.1.0-beta-2013071101/CMakeFiles/CMakeTmp/CheckIncludeFiles.c
Linking C executable cmTryCompileExec594673574
/usr/bin/cmake -E cmake_link_script CMakeFiles/cmTryCompileExec594673574.dir/link.txt --verbose=1
/toolchain/bin/i486-TSOL-linux-gnu-gcc   -Os  -march=i686 -Wall -Wno-unused-result -Wno-unused-but-set-variable -Wno-deprecated-declarations -O2 -msse2 -DWINPR_EXPORTS -DFREERDP_EXPORTS     -static-libgcc CMakeFiles/cmTryCompileExec594673574.dir/CheckIncludeFiles.c.o  -o cmTryCompileExec594673574 -rdynamic 
make[1]: Leaving directory `/source/clients/1/FreeRDP-1.1.0-beta-2013071101/CMakeFiles/CMakeTmp'


Performing C SOURCE FILE Test HAVE_TM_GMTOFF succeded with the following output:
Change Dir: /source/clients/1/FreeRDP-1.1.0-beta-2013071101/CMakeFiles/CMakeTmp

Run Build Command:/usr/bin/make "cmTryCompileExec924763215/fast"
/usr/bin/make -f CMakeFiles/cmTryCompileExec924763215.dir/build.make CMakeFiles/cmTryCompileExec924763215.dir/build
make[1]: Entering directory `/source/clients/1/FreeRDP-1.1.0-beta-2013071101/CMakeFiles/CMakeTmp'
/usr/bin/cmake -E cmake_progress_report /source/clients/1/FreeRDP-1.1.0-beta-2013071101/CMakeFiles/CMakeTmp/CMakeFiles 1
Building C object CMakeFiles/cmTryCompileExec924763215.dir/src.c.o
/toolchain/bin/i486-TSOL-linux-gnu-gcc   -Os  -march=i686 -Wall -Wno-unused-result -Wno-unused-but-set-variable -Wno-deprecated-declarations -O2 -msse2 -DWINPR_EXPORTS -DFREERDP_EXPORTS  -DHAVE_TM_GMTOFF   -o CMakeFiles/cmTryCompileExec924763215.dir/src.c.o   -c /source/clients/1/FreeRDP-1.1.0-beta-2013071101/CMakeFiles/CMakeTmp/src.c
/source/clients/1/FreeRDP-1.1.0-beta-2013071101/CMakeFiles/CMakeTmp/src.c: In function ‘main’:
/source/clients/1/FreeRDP-1.1.0-beta-2013071101/CMakeFiles/CMakeTmp/src.c:7:4: warning: statement with no effect [-Wunused-value]
Linking C executable cmTryCompileExec924763215
/usr/bin/cmake -E cmake_link_script CMakeFiles/cmTryCompileExec924763215.dir/link.txt --verbose=1
/toolchain/bin/i486-TSOL-linux-gnu-gcc   -Os  -march=i686 -Wall -Wno-unused-result -Wno-unused-but-set-variable -Wno-deprecated-declarations -O2 -msse2 -DWINPR_EXPORTS -DFREERDP_EXPORTS  -DHAVE_TM_GMTOFF   -static-libgcc CMakeFiles/cmTryCompileExec924763215.dir/src.c.o  -o cmTryCompileExec924763215 -rdynamic 
make[1]: Leaving directory `/source/clients/1/FreeRDP-1.1.0-beta-2013071101/CMakeFiles/CMakeTmp'

Source file was:

#include <time.h>

int main()
{
   struct tm* tmp;
   tmp->tm_gmtoff;
  return 0;
}

Determining if files pthread.h exist passed with the following output:
Change Dir: /source/clients/1/FreeRDP-1.1.0-beta-2013071101/CMakeFiles/CMakeTmp

Run Build Command:/usr/bin/make "cmTryCompileExec2297594738/fast"
/usr/bin/make -f CMakeFiles/cmTryCompileExec2297594738.dir/build.make CMakeFiles/cmTryCompileExec2297594738.dir/build
make[1]: Entering directory `/source/clients/1/FreeRDP-1.1.0-beta-2013071101/CMakeFiles/CMakeTmp'
/usr/bin/cmake -E cmake_progress_report /source/clients/1/FreeRDP-1.1.0-beta-2013071101/CMakeFiles/CMakeTmp/CMakeFiles 1
Building C object CMakeFiles/cmTryCompileExec2297594738.dir/CheckIncludeFiles.c.o
/toolchain/bin/i486-TSOL-linux-gnu-gcc   -Os  -march=i686 -Wall -Wno-unused-result -Wno-unused-but-set-variable -Wno-deprecated-declarations -O2 -msse2 -DWINPR_EXPORTS -DFREERDP_EXPORTS     -o CMakeFiles/cmTryCompileExec2297594738.dir/CheckIncludeFiles.c.o   -c /source/clients/1/FreeRDP-1.1.0-beta-2013071101/CMakeFiles/CMakeTmp/CheckIncludeFiles.c
Linking C executable cmTryCompileExec2297594738
/usr/bin/cmake -E cmake_link_script CMakeFiles/cmTryCompileExec2297594738.dir/link.txt --verbose=1
/toolchain/bin/i486-TSOL-linux-gnu-gcc   -Os  -march=i686 -Wall -Wno-unused-result -Wno-unused-but-set-variable -Wno-deprecated-declarations -O2 -msse2 -DWINPR_EXPORTS -DFREERDP_EXPORTS     -static-libgcc CMakeFiles/cmTryCompileExec2297594738.dir/CheckIncludeFiles.c.o  -o cmTryCompileExec2297594738 -rdynamic 
make[1]: Leaving directory `/source/clients/1/FreeRDP-1.1.0-beta-2013071101/CMakeFiles/CMakeTmp'


Determining if the function pthread_create exists in the pthread passed with the following output:
Change Dir: /source/clients/1/FreeRDP-1.1.0-beta-2013071101/CMakeFiles/CMakeTmp

Run Build Command:/usr/bin/make "cmTryCompileExec1062664752/fast"
/usr/bin/make -f CMakeFiles/cmTryCompileExec1062664752.dir/build.make CMakeFiles/cmTryCompileExec1062664752.dir/build
make[1]: Entering directory `/source/clients/1/FreeRDP-1.1.0-beta-2013071101/CMakeFiles/CMakeTmp'
/usr/bin/cmake -E cmake_progress_report /source/clients/1/FreeRDP-1.1.0-beta-2013071101/CMakeFiles/CMakeTmp/CMakeFiles 1
Building C object CMakeFiles/cmTryCompileExec1062664752.dir/CheckFunctionExists.c.o
/toolchain/bin/i486-TSOL-linux-gnu-gcc   -Os  -march=i686 -Wall -Wno-unused-result -Wno-unused-but-set-variable -Wno-deprecated-declarations -O2 -msse2 -DWINPR_EXPORTS -DFREERDP_EXPORTS  -DCHECK_FUNCTION_EXISTS=pthread_create   -o CMakeFiles/cmTryCompileExec1062664752.dir/CheckFunctionExists.c.o   -c /usr/share/cmake-2.8/Modules/CheckFunctionExists.c
Linking C executable cmTryCompileExec1062664752
/usr/bin/cmake -E cmake_link_script CMakeFiles/cmTryCompileExec1062664752.dir/link.txt --verbose=1
/toolchain/bin/i486-TSOL-linux-gnu-gcc   -Os  -march=i686 -Wall -Wno-unused-result -Wno-unused-but-set-variable -Wno-deprecated-declarations -O2 -msse2 -DWINPR_EXPORTS -DFREERDP_EXPORTS  -DCHECK_FUNCTION_EXISTS=pthread_create   -static-libgcc CMakeFiles/cmTryCompileExec1062664752.dir/CheckFunctionExists.c.o  -o cmTryCompileExec1062664752 -rdynamic -lpthread 
make[1]: Leaving directory `/source/clients/1/FreeRDP-1.1.0-beta-2013071101/CMakeFiles/CMakeTmp'


Determining if files sys/eventfd.h exist passed with the following output:
Change Dir: /source/clients/1/FreeRDP-1.1.0-beta-2013071101/CMakeFiles/CMakeTmp

Run Build Command:/usr/bin/make "cmTryCompileExec4081756422/fast"
/usr/bin/make -f CMakeFiles/cmTryCompileExec4081756422.dir/build.make CMakeFiles/cmTryCompileExec4081756422.dir/build
make[1]: Entering directory `/source/clients/1/FreeRDP-1.1.0-beta-2013071101/CMakeFiles/CMakeTmp'
/usr/bin/cmake -E cmake_progress_report /source/clients/1/FreeRDP-1.1.0-beta-2013071101/CMakeFiles/CMakeTmp/CMakeFiles 1
Building C object CMakeFiles/cmTryCompileExec4081756422.dir/CheckIncludeFiles.c.o
/toolchain/bin/i486-TSOL-linux-gnu-gcc   -Os  -march=i686 -Wall -Wno-unused-result -Wno-unused-but-set-variable -Wno-deprecated-declarations -O2 -msse2 -DWINPR_EXPORTS -DFREERDP_EXPORTS     -o CMakeFiles/cmTryCompileExec4081756422.dir/CheckIncludeFiles.c.o   -c /source/clients/1/FreeRDP-1.1.0-beta-2013071101/CMakeFiles/CMakeTmp/CheckIncludeFiles.c
Linking C executable cmTryCompileExec4081756422
/usr/bin/cmake -E cmake_link_script CMakeFiles/cmTryCompileExec4081756422.dir/link.txt --verbose=1
/toolchain/bin/i486-TSOL-linux-gnu-gcc   -Os  -march=i686 -Wall -Wno-unused-result -Wno-unused-but-set-variable -Wno-deprecated-declarations -O2 -msse2 -DWINPR_EXPORTS -DFREERDP_EXPORTS     -static-libgcc CMakeFiles/cmTryCompileExec4081756422.dir/CheckIncludeFiles.c.o  -o cmTryCompileExec4081756422 -rdynamic 
make[1]: Leaving directory `/source/clients/1/FreeRDP-1.1.0-beta-2013071101/CMakeFiles/CMakeTmp'


