This file contains any messages produced by compilers while
running configure, to aid debugging if configure makes a mistake.

It was created by configure, which was
generated by GNU Autoconf 2.59a.  Invocation command line was

  $ ./configure --prefix=/source/Xdialog-2.3.1 --enable-shared=no --enable-static

## --------- ##
## Platform. ##
## --------- ##

hostname = ubuntu4
uname -m = i686
uname -r = 3.2.16-030216-generic
uname -s = Linux
uname -v = #201204221935 SMP Sun Apr 22 23:42:49 UTC 2012

/usr/bin/uname -p = unknown
/bin/uname -X     = unknown

/bin/arch              = unknown
/usr/bin/arch -k       = unknown
/usr/convex/getsysinfo = unknown
hostinfo               = unknown
/bin/machine           = unknown
/usr/bin/oslevel       = unknown
/bin/universe          = unknown

PATH: /source/Xdialog-2.3.1/bin
PATH: /source/docbook-xsl-1.76.1/tools/bin
PATH: /bin
PATH: /sbin
PATH: /usr/bin
PATH: /usr/sbin
PATH: /usr/bin/X11
PATH: /usr/local/bin
PATH: /toolchain/bin
PATH: /toolchain/i486-TSOL-linux-gnu/bin/
PATH: /root/.local/bin
PATH: /usr/xorg/bin


## ----------- ##
## Core tests. ##
## ----------- ##

configure:1762: checking build system type
configure:1780: result: i686-pc-linux-gnu
configure:1788: checking host system type
configure:1802: result: i686-pc-linux-gnu
configure:1810: checking target system type
configure:1824: result: i686-pc-linux-gnu
configure:1888: checking for gcc
configure:1914: result: i486-TSOL-linux-gnu-gcc
configure:2194: checking for C compiler version
configure:2197: i486-TSOL-linux-gnu-gcc --version </dev/null >&5
i486-TSOL-linux-gnu-gcc (crosstool-NG 1.15.2) 4.6.3
Copyright (C) 2011 Free Software Foundation, Inc.
This is free software; see the source for copying conditions.  There is NO
warranty; not even for MERCHANTABILITY or FITNESS FOR A PARTICULAR PURPOSE.

configure:2200: $? = 0
configure:2202: i486-TSOL-linux-gnu-gcc -v </dev/null >&5
Using built-in specs.
COLLECT_GCC=i486-TSOL-linux-gnu-gcc
COLLECT_LTO_WRAPPER=/toolchain/libexec/gcc/i486-TSOL-linux-gnu/4.6.3/lto-wrapper
Target: i486-TSOL-linux-gnu
Configured with: /TSOL/crosstool-ng-1.15.2/bin/.build/src/gcc-4.6.3/configure --build=i686-build_pc-linux-gnu --host=i686-build_pc-linux-gnu --target=i486-TSOL-linux-gnu --prefix=/toolchain --with-sysroot=/toolchain/i486-TSOL-linux-gnu/sysroot --enable-languages=c,c++ --with-arch=i486 --with-pkgversion='crosstool-NG 1.15.2' --enable-__cxa_atexit --disable-libmudflap --disable-libgomp --disable-libssp --with-gmp=/TSOL/crosstool-ng-1.15.2/bin/.build/i486-TSOL-linux-gnu/buildtools --with-mpfr=/TSOL/crosstool-ng-1.15.2/bin/.build/i486-TSOL-linux-gnu/buildtools --with-mpc=/TSOL/crosstool-ng-1.15.2/bin/.build/i486-TSOL-linux-gnu/buildtools --with-ppl=/TSOL/crosstool-ng-1.15.2/bin/.build/i486-TSOL-linux-gnu/buildtools --with-cloog=/TSOL/crosstool-ng-1.15.2/bin/.build/i486-TSOL-linux-gnu/buildtools --with-libelf=no --with-host-libstdcxx='-static-libgcc -Wl,-Bstatic,-lstdc++,-Bdynamic -lm -L/TSOL/crosstool-ng-1.15.2/bin/.build/i486-TSOL-linux-gnu/buildtools/lib -lpwl' --enable-threads=posix --enable-target-optspace --disable-multilib --with-local-prefix=/toolchain/i486-TSOL-linux-gnu/sysroot --enable-c99 --enable-long-long
Thread model: posix
gcc version 4.6.3 (crosstool-NG 1.15.2) 
configure:2205: $? = 0
configure:2207: i486-TSOL-linux-gnu-gcc -V </dev/null >&5
i486-TSOL-linux-gnu-gcc: error: unrecognized option '-V'
i486-TSOL-linux-gnu-gcc: fatal error: no input files
compilation terminated.
configure:2210: $? = 1
configure:2233: checking for C compiler default output file name
configure:2236: i486-TSOL-linux-gnu-gcc -Os  -static-libgcc conftest.c  >&5
configure:2239: $? = 0
configure:2285: result: a.out
configure:2290: checking whether the C compiler works
configure:2296: ./a.out
configure:2299: $? = 0
configure:2316: result: yes
configure:2323: checking whether we are cross compiling
configure:2325: result: no
configure:2328: checking for suffix of executables
configure:2330: i486-TSOL-linux-gnu-gcc -o conftest -Os  -static-libgcc conftest.c  >&5
configure:2333: $? = 0
configure:2358: result: 
configure:2364: checking for suffix of object files
configure:2385: i486-TSOL-linux-gnu-gcc -c -Os  conftest.c >&5
configure:2388: $? = 0
configure:2410: result: o
configure:2414: checking whether we are using the GNU C compiler
configure:2438: i486-TSOL-linux-gnu-gcc -c -Os  conftest.c >&5
configure:2444: $? = 0
configure:2448: test -z 
			 || test ! -s conftest.err
configure:2451: $? = 0
configure:2454: test -s conftest.o
configure:2457: $? = 0
configure:2470: result: yes
configure:2476: checking whether i486-TSOL-linux-gnu-gcc accepts -g
configure:2497: i486-TSOL-linux-gnu-gcc -c -g  conftest.c >&5
configure:2503: $? = 0
configure:2507: test -z 
			 || test ! -s conftest.err
configure:2510: $? = 0
configure:2513: test -s conftest.o
configure:2516: $? = 0
configure:2527: result: yes
configure:2544: checking for i486-TSOL-linux-gnu-gcc option to accept ANSI C
configure:2614: i486-TSOL-linux-gnu-gcc  -c -Os  conftest.c >&5
configure:2620: $? = 0
configure:2624: test -z 
			 || test ! -s conftest.err
configure:2627: $? = 0
configure:2630: test -s conftest.o
configure:2633: $? = 0
configure:2651: result: none needed
configure:2669: i486-TSOL-linux-gnu-gcc -c -Os  conftest.c >&5
conftest.c:2:3: error: unknown type name 'choke'
conftest.c:2:3: error: expected '=', ',', ';', 'asm' or '__attribute__' at end of input
configure:2675: $? = 1
configure: failed program was:
| #ifndef __cplusplus
|   choke me
| #endif
configure:2813: checking how to run the C preprocessor
configure:2848: i486-TSOL-linux-gnu-gcc -E  conftest.c
configure:2854: $? = 0
configure:2886: i486-TSOL-linux-gnu-gcc -E  conftest.c
conftest.c:9:28: fatal error: ac_nonexistent.h: No such file or directory
compilation terminated.
configure:2892: $? = 1
configure: failed program was:
| /* confdefs.h.  */
|              
| #define PACKAGE_NAME ""
| #define PACKAGE_TARNAME ""
| #define PACKAGE_VERSION ""
| #define PACKAGE_STRING ""
| #define PACKAGE_BUGREPORT ""
| /* end confdefs.h.  */
| #include <ac_nonexistent.h>
configure:2931: result: i486-TSOL-linux-gnu-gcc -E
configure:2955: i486-TSOL-linux-gnu-gcc -E  conftest.c
configure:2961: $? = 0
configure:2993: i486-TSOL-linux-gnu-gcc -E  conftest.c
conftest.c:9:28: fatal error: ac_nonexistent.h: No such file or directory
compilation terminated.
configure:2999: $? = 1
configure: failed program was:
| /* confdefs.h.  */
|              
| #define PACKAGE_NAME ""
| #define PACKAGE_TARNAME ""
| #define PACKAGE_VERSION ""
| #define PACKAGE_STRING ""
| #define PACKAGE_BUGREPORT ""
| /* end confdefs.h.  */
| #include <ac_nonexistent.h>
configure:3070: checking for rm
configure:3086: found /bin/rm
configure:3096: result: rm -f
configure:3105: checking for rmdir
configure:3121: found /bin/rmdir
configure:3131: result: rmdir
configure:3157: checking for a BSD-compatible install
configure:3212: result: /bin/install -c
configure:3235: checking for grep that handles long lines
configure:3327: result: 
configure:3332: checking for egrep
configure:3428: result: /usr/bin/grep -E
configure:3433: checking for ANSI C header files
configure:3458: i486-TSOL-linux-gnu-gcc -c -Os  conftest.c >&5
configure:3464: $? = 0
configure:3468: test -z 
			 || test ! -s conftest.err
configure:3471: $? = 0
configure:3474: test -s conftest.o
configure:3477: $? = 0
configure:3566: i486-TSOL-linux-gnu-gcc -o conftest -Os  -static-libgcc conftest.c  >&5
conftest.c: In function 'main':
conftest.c:26:7: warning: incompatible implicit declaration of built-in function 'exit' [enabled by default]
configure:3569: $? = 0
configure:3571: ./conftest
configure:3574: $? = 0
configure:3589: result: yes
configure:3613: checking for sys/types.h
configure:3629: i486-TSOL-linux-gnu-gcc -c -Os  conftest.c >&5
configure:3635: $? = 0
configure:3639: test -z 
			 || test ! -s conftest.err
configure:3642: $? = 0
configure:3645: test -s conftest.o
configure:3648: $? = 0
configure:3659: result: yes
configure:3613: checking for sys/stat.h
configure:3629: i486-TSOL-linux-gnu-gcc -c -Os  conftest.c >&5
configure:3635: $? = 0
configure:3639: test -z 
			 || test ! -s conftest.err
configure:3642: $? = 0
configure:3645: test -s conftest.o
configure:3648: $? = 0
configure:3659: result: yes
configure:3613: checking for stdlib.h
configure:3629: i486-TSOL-linux-gnu-gcc -c -Os  conftest.c >&5
configure:3635: $? = 0
configure:3639: test -z 
			 || test ! -s conftest.err
configure:3642: $? = 0
configure:3645: test -s conftest.o
configure:3648: $? = 0
configure:3659: result: yes
configure:3613: checking for string.h
configure:3629: i486-TSOL-linux-gnu-gcc -c -Os  conftest.c >&5
configure:3635: $? = 0
configure:3639: test -z 
			 || test ! -s conftest.err
configure:3642: $? = 0
configure:3645: test -s conftest.o
configure:3648: $? = 0
configure:3659: result: yes
configure:3613: checking for memory.h
configure:3629: i486-TSOL-linux-gnu-gcc -c -Os  conftest.c >&5
configure:3635: $? = 0
configure:3639: test -z 
			 || test ! -s conftest.err
configure:3642: $? = 0
configure:3645: test -s conftest.o
configure:3648: $? = 0
configure:3659: result: yes
configure:3613: checking for strings.h
configure:3629: i486-TSOL-linux-gnu-gcc -c -Os  conftest.c >&5
configure:3635: $? = 0
configure:3639: test -z 
			 || test ! -s conftest.err
configure:3642: $? = 0
configure:3645: test -s conftest.o
configure:3648: $? = 0
configure:3659: result: yes
configure:3613: checking for inttypes.h
configure:3629: i486-TSOL-linux-gnu-gcc -c -Os  conftest.c >&5
configure:3635: $? = 0
configure:3639: test -z 
			 || test ! -s conftest.err
configure:3642: $? = 0
configure:3645: test -s conftest.o
configure:3648: $? = 0
configure:3659: result: yes
configure:3613: checking for stdint.h
configure:3629: i486-TSOL-linux-gnu-gcc -c -Os  conftest.c >&5
configure:3635: $? = 0
configure:3639: test -z 
			 || test ! -s conftest.err
configure:3642: $? = 0
configure:3645: test -s conftest.o
configure:3648: $? = 0
configure:3659: result: yes
configure:3613: checking for unistd.h
configure:3629: i486-TSOL-linux-gnu-gcc -c -Os  conftest.c >&5
configure:3635: $? = 0
configure:3639: test -z 
			 || test ! -s conftest.err
configure:3642: $? = 0
configure:3645: test -s conftest.o
configure:3648: $? = 0
configure:3659: result: yes
configure:3686: checking fcntl.h usability
configure:3698: i486-TSOL-linux-gnu-gcc -c -Os  conftest.c >&5
configure:3704: $? = 0
configure:3708: test -z 
			 || test ! -s conftest.err
configure:3711: $? = 0
configure:3714: test -s conftest.o
configure:3717: $? = 0
configure:3727: result: yes
configure:3731: checking fcntl.h presence
configure:3741: i486-TSOL-linux-gnu-gcc -E  conftest.c
configure:3747: $? = 0
configure:3767: result: yes
configure:3802: checking for fcntl.h
configure:3809: result: yes
configure:3677: checking for unistd.h
configure:3682: result: yes
configure:3826: checking for an ANSI C-conforming const
configure:3893: i486-TSOL-linux-gnu-gcc -c -Os  conftest.c >&5
configure:3899: $? = 0
configure:3903: test -z 
			 || test ! -s conftest.err
configure:3906: $? = 0
configure:3909: test -s conftest.o
configure:3912: $? = 0
configure:3923: result: yes
configure:3933: checking for int
configure:3957: i486-TSOL-linux-gnu-gcc -c -Os  conftest.c >&5
configure:3963: $? = 0
configure:3967: test -z 
			 || test ! -s conftest.err
configure:3970: $? = 0
configure:3973: test -s conftest.o
configure:3976: $? = 0
configure:3987: result: yes
configure:3990: checking size of int
configure:4302: i486-TSOL-linux-gnu-gcc -o conftest -Os  -static-libgcc conftest.c  >&5
configure:4305: $? = 0
configure:4307: ./conftest
configure:4310: $? = 0
configure:4332: result: 4
configure:4339: checking for long
configure:4363: i486-TSOL-linux-gnu-gcc -c -Os  conftest.c >&5
configure:4369: $? = 0
configure:4373: test -z 
			 || test ! -s conftest.err
configure:4376: $? = 0
configure:4379: test -s conftest.o
configure:4382: $? = 0
configure:4393: result: yes
configure:4396: checking size of long
configure:4708: i486-TSOL-linux-gnu-gcc -o conftest -Os  -static-libgcc conftest.c  >&5
configure:4711: $? = 0
configure:4713: ./conftest
configure:4716: $? = 0
configure:4738: result: 4
configure:4757: checking for stdlib.h
configure:4762: result: yes
configure:4757: checking for unistd.h
configure:4762: result: yes
configure:4906: checking for getpagesize
configure:4963: i486-TSOL-linux-gnu-gcc -o conftest -Os  -static-libgcc conftest.c  >&5
configure:4969: $? = 0
configure:4973: test -z 
			 || test ! -s conftest.err
configure:4976: $? = 0
configure:4979: test -s conftest
configure:4982: $? = 0
configure:4994: result: yes
configure:5004: checking for working mmap
configure:5146: i486-TSOL-linux-gnu-gcc -o conftest -Os  -static-libgcc conftest.c  >&5
configure:5149: $? = 0
configure:5151: ./conftest
configure:5154: $? = 0
configure:5168: result: yes
configure:5184: checking whether munmap is declared
configure:5216: i486-TSOL-linux-gnu-gcc -c -Os  conftest.c >&5
configure:5222: $? = 0
configure:5226: test -z 
			 || test ! -s conftest.err
configure:5229: $? = 0
configure:5232: test -s conftest.o
configure:5235: $? = 0
configure:5246: result: yes
configure:5265: checking for munmap's first parameter type
configure:5284: i486-TSOL-linux-gnu-gcc -c -Os  conftest.c >&5
configure:5290: $? = 0
configure:5294: test -z 
			 || test ! -s conftest.err
configure:5297: $? = 0
configure:5300: test -s conftest.o
configure:5303: $? = 0
configure:5305: result: void *
configure:5329: checking for memcpy
configure:5386: i486-TSOL-linux-gnu-gcc -o conftest -Os  -static-libgcc conftest.c  >&5
conftest.c:53:6: warning: conflicting types for built-in function 'memcpy' [enabled by default]
configure:5392: $? = 0
configure:5396: test -z 
			 || test ! -s conftest.err
configure:5399: $? = 0
configure:5402: test -s conftest
configure:5405: $? = 0
configure:5417: result: yes
configure:5329: checking for memmove
configure:5386: i486-TSOL-linux-gnu-gcc -o conftest -Os  -static-libgcc conftest.c  >&5
conftest.c:54:6: warning: conflicting types for built-in function 'memmove' [enabled by default]
configure:5392: $? = 0
configure:5396: test -z 
			 || test ! -s conftest.err
configure:5399: $? = 0
configure:5402: test -s conftest
configure:5405: $? = 0
configure:5417: result: yes
configure:5438: checking for gzsetparams in -lz
configure:5468: i486-TSOL-linux-gnu-gcc -o conftest -Os  -static-libgcc conftest.c -lz   >&5
configure:5474: $? = 0
configure:5478: test -z 
			 || test ! -s conftest.err
configure:5481: $? = 0
configure:5484: test -s conftest
configure:5487: $? = 0
configure:5500: result: yes
configure:5513: checking zlib.h usability
configure:5525: i486-TSOL-linux-gnu-gcc -c -Os  conftest.c >&5
configure:5531: $? = 0
configure:5535: test -z 
			 || test ! -s conftest.err
configure:5538: $? = 0
configure:5541: test -s conftest.o
configure:5544: $? = 0
configure:5554: result: yes
configure:5558: checking zlib.h presence
configure:5568: i486-TSOL-linux-gnu-gcc -E  conftest.c
configure:5574: $? = 0
configure:5594: result: yes
configure:5629: checking for zlib.h
configure:5636: result: yes
configure:5749: checking for a sed that does not truncate output
configure:5803: result: /usr/bin/sed
configure:5817: checking for ld used by i486-TSOL-linux-gnu-gcc
configure:5884: result: i486-TSOL-linux-gnu-ld
configure:5893: checking if the linker (i486-TSOL-linux-gnu-ld) is GNU ld
configure:5908: result: yes
configure:5913: checking for i486-TSOL-linux-gnu-ld option to reload object files
configure:5920: result: -r
configure:5929: checking for BSD-compatible nm
configure:5971: result: /toolchain/i486-TSOL-linux-gnu/bin//nm -B
configure:5975: checking whether ln -s works
configure:5979: result: yes
configure:5986: checking how to recognise dependent libraries
configure:6169: result: pass_all
configure:6391: checking dlfcn.h usability
configure:6403: i486-TSOL-linux-gnu-gcc -c -Os -DFT_CONFIG_OPTION_SYSTEM_ZLIB -DDARWIN_NO_CARBON  conftest.c >&5
configure:6409: $? = 0
configure:6413: test -z 
			 || test ! -s conftest.err
configure:6416: $? = 0
configure:6419: test -s conftest.o
configure:6422: $? = 0
configure:6432: result: yes
configure:6436: checking dlfcn.h presence
configure:6446: i486-TSOL-linux-gnu-gcc -E  conftest.c
configure:6452: $? = 0
configure:6472: result: yes
configure:6507: checking for dlfcn.h
configure:6514: result: yes
configure:6632: checking for C++ compiler version
configure:6635: i486-TSOL-linux-gnu-g++ --version </dev/null >&5
i486-TSOL-linux-gnu-g++ (crosstool-NG 1.15.2) 4.6.3
Copyright (C) 2011 Free Software Foundation, Inc.
This is free software; see the source for copying conditions.  There is NO
warranty; not even for MERCHANTABILITY or FITNESS FOR A PARTICULAR PURPOSE.

configure:6638: $? = 0
configure:6640: i486-TSOL-linux-gnu-g++ -v </dev/null >&5
Using built-in specs.
COLLECT_GCC=i486-TSOL-linux-gnu-g++
COLLECT_LTO_WRAPPER=/toolchain/libexec/gcc/i486-TSOL-linux-gnu/4.6.3/lto-wrapper
Target: i486-TSOL-linux-gnu
Configured with: /TSOL/crosstool-ng-1.15.2/bin/.build/src/gcc-4.6.3/configure --build=i686-build_pc-linux-gnu --host=i686-build_pc-linux-gnu --target=i486-TSOL-linux-gnu --prefix=/toolchain --with-sysroot=/toolchain/i486-TSOL-linux-gnu/sysroot --enable-languages=c,c++ --with-arch=i486 --with-pkgversion='crosstool-NG 1.15.2' --enable-__cxa_atexit --disable-libmudflap --disable-libgomp --disable-libssp --with-gmp=/TSOL/crosstool-ng-1.15.2/bin/.build/i486-TSOL-linux-gnu/buildtools --with-mpfr=/TSOL/crosstool-ng-1.15.2/bin/.build/i486-TSOL-linux-gnu/buildtools --with-mpc=/TSOL/crosstool-ng-1.15.2/bin/.build/i486-TSOL-linux-gnu/buildtools --with-ppl=/TSOL/crosstool-ng-1.15.2/bin/.build/i486-TSOL-linux-gnu/buildtools --with-cloog=/TSOL/crosstool-ng-1.15.2/bin/.build/i486-TSOL-linux-gnu/buildtools --with-libelf=no --with-host-libstdcxx='-static-libgcc -Wl,-Bstatic,-lstdc++,-Bdynamic -lm -L/TSOL/crosstool-ng-1.15.2/bin/.build/i486-TSOL-linux-gnu/buildtools/lib -lpwl' --enable-threads=posix --enable-target-optspace --disable-multilib --with-local-prefix=/toolchain/i486-TSOL-linux-gnu/sysroot --enable-c99 --enable-long-long
Thread model: posix
gcc version 4.6.3 (crosstool-NG 1.15.2) 
configure:6643: $? = 0
configure:6645: i486-TSOL-linux-gnu-g++ -V </dev/null >&5
i486-TSOL-linux-gnu-g++: error: unrecognized option '-V'
i486-TSOL-linux-gnu-g++: fatal error: no input files
compilation terminated.
configure:6648: $? = 1
configure:6651: checking whether we are using the GNU C++ compiler
configure:6675: i486-TSOL-linux-gnu-g++ -c -Os  conftest.cc >&5
configure:6681: $? = 0
configure:6685: test -z 
			 || test ! -s conftest.err
configure:6688: $? = 0
configure:6691: test -s conftest.o
configure:6694: $? = 0
configure:6707: result: yes
configure:6713: checking whether i486-TSOL-linux-gnu-g++ accepts -g
configure:6734: i486-TSOL-linux-gnu-g++ -c -g  conftest.cc >&5
configure:6740: $? = 0
configure:6744: test -z 
			 || test ! -s conftest.err
configure:6747: $? = 0
configure:6750: test -s conftest.o
configure:6753: $? = 0
configure:6764: result: yes
configure:6806: i486-TSOL-linux-gnu-g++ -c -Os  conftest.cc >&5
configure:6812: $? = 0
configure:6816: test -z 
			 || test ! -s conftest.err
configure:6819: $? = 0
configure:6822: test -s conftest.o
configure:6825: $? = 0
configure:6851: i486-TSOL-linux-gnu-g++ -c -Os  conftest.cc >&5
conftest.cc: In function 'int main()':
conftest.cc:36:9: error: 'exit' was not declared in this scope
configure:6857: $? = 1
configure: failed program was:
| /* confdefs.h.  */
|              
| #define PACKAGE_NAME ""
| #define PACKAGE_TARNAME ""
| #define PACKAGE_VERSION ""
| #define PACKAGE_STRING ""
| #define PACKAGE_BUGREPORT ""
| #define STDC_HEADERS 1
| #define HAVE_SYS_TYPES_H 1
| #define HAVE_SYS_STAT_H 1
| #define HAVE_STDLIB_H 1
| #define HAVE_STRING_H 1
| #define HAVE_MEMORY_H 1
| #define HAVE_STRINGS_H 1
| #define HAVE_INTTYPES_H 1
| #define HAVE_STDINT_H 1
| #define HAVE_UNISTD_H 1
| #define HAVE_FCNTL_H 1
| #define HAVE_UNISTD_H 1
| #define SIZEOF_INT 4
| #define SIZEOF_LONG 4
| #define HAVE_STDLIB_H 1
| #define HAVE_UNISTD_H 1
| #define HAVE_GETPAGESIZE 1
| #define HAVE_MMAP 1
| #define HAVE_DECL_MUNMAP 1
| #define MUNMAP_USES_VOIDP
| #define HAVE_MEMCPY 1
| #define HAVE_MEMMOVE 1
| #define HAVE_DLFCN_H 1
| /* end confdefs.h.  */
| 
| int
| main ()
| {
| exit (42);
|   ;
|   return 0;
| }
configure:6806: i486-TSOL-linux-gnu-g++ -c -Os  conftest.cc >&5
conftest.cc:32:40: error: 'void std::exit(int)' should have been declared inside 'std'
configure:6812: $? = 1
configure: failed program was:
| /* confdefs.h.  */
|              
| #define PACKAGE_NAME ""
| #define PACKAGE_TARNAME ""
| #define PACKAGE_VERSION ""
| #define PACKAGE_STRING ""
| #define PACKAGE_BUGREPORT ""
| #define STDC_HEADERS 1
| #define HAVE_SYS_TYPES_H 1
| #define HAVE_SYS_STAT_H 1
| #define HAVE_STDLIB_H 1
| #define HAVE_STRING_H 1
| #define HAVE_MEMORY_H 1
| #define HAVE_STRINGS_H 1
| #define HAVE_INTTYPES_H 1
| #define HAVE_STDINT_H 1
| #define HAVE_UNISTD_H 1
| #define HAVE_FCNTL_H 1
| #define HAVE_UNISTD_H 1
| #define SIZEOF_INT 4
| #define SIZEOF_LONG 4
| #define HAVE_STDLIB_H 1
| #define HAVE_UNISTD_H 1
| #define HAVE_GETPAGESIZE 1
| #define HAVE_MMAP 1
| #define HAVE_DECL_MUNMAP 1
| #define MUNMAP_USES_VOIDP
| #define HAVE_MEMCPY 1
| #define HAVE_MEMMOVE 1
| #define HAVE_DLFCN_H 1
| /* end confdefs.h.  */
| extern "C" void std::exit (int) throw (); using std::exit;
| #include <stdlib.h>
| int
| main ()
| {
| exit (42);
|   ;
|   return 0;
| }
configure:6806: i486-TSOL-linux-gnu-g++ -c -Os  conftest.cc >&5
conftest.cc:32:31: error: 'void std::exit(int)' should have been declared inside 'std'
In file included from conftest.cc:33:0:
/toolchain/i486-TSOL-linux-gnu/sysroot/usr/include/stdlib.h:544:70: error: declaration of 'void std::exit(int) throw ()' has a different exception specifier
conftest.cc:32:17: error: from previous declaration 'void std::exit(int)'
configure:6812: $? = 1
configure: failed program was:
| /* confdefs.h.  */
|              
| #define PACKAGE_NAME ""
| #define PACKAGE_TARNAME ""
| #define PACKAGE_VERSION ""
| #define PACKAGE_STRING ""
| #define PACKAGE_BUGREPORT ""
| #define STDC_HEADERS 1
| #define HAVE_SYS_TYPES_H 1
| #define HAVE_SYS_STAT_H 1
| #define HAVE_STDLIB_H 1
| #define HAVE_STRING_H 1
| #define HAVE_MEMORY_H 1
| #define HAVE_STRINGS_H 1
| #define HAVE_INTTYPES_H 1
| #define HAVE_STDINT_H 1
| #define HAVE_UNISTD_H 1
| #define HAVE_FCNTL_H 1
| #define HAVE_UNISTD_H 1
| #define SIZEOF_INT 4
| #define SIZEOF_LONG 4
| #define HAVE_STDLIB_H 1
| #define HAVE_UNISTD_H 1
| #define HAVE_GETPAGESIZE 1
| #define HAVE_MMAP 1
| #define HAVE_DECL_MUNMAP 1
| #define MUNMAP_USES_VOIDP
| #define HAVE_MEMCPY 1
| #define HAVE_MEMMOVE 1
| #define HAVE_DLFCN_H 1
| /* end confdefs.h.  */
| extern "C" void std::exit (int); using std::exit;
| #include <stdlib.h>
| int
| main ()
| {
| exit (42);
|   ;
|   return 0;
| }
configure:6806: i486-TSOL-linux-gnu-g++ -c -Os  conftest.cc >&5
configure:6812: $? = 0
configure:6816: test -z 
			 || test ! -s conftest.err
configure:6819: $? = 0
configure:6822: test -s conftest.o
configure:6825: $? = 0
configure:6851: i486-TSOL-linux-gnu-g++ -c -Os  conftest.cc >&5
configure:6857: $? = 0
configure:6861: test -z 
			 || test ! -s conftest.err
configure:6864: $? = 0
configure:6867: test -s conftest.o
configure:6870: $? = 0
configure:6898: checking how to run the C++ preprocessor
configure:6929: i486-TSOL-linux-gnu-g++ -E  conftest.cc
configure:6935: $? = 0
configure:6967: i486-TSOL-linux-gnu-g++ -E  conftest.cc
conftest.cc:35:28: fatal error: ac_nonexistent.h: No such file or directory
compilation terminated.
configure:6973: $? = 1
configure: failed program was:
| /* confdefs.h.  */
|              
| #define PACKAGE_NAME ""
| #define PACKAGE_TARNAME ""
| #define PACKAGE_VERSION ""
| #define PACKAGE_STRING ""
| #define PACKAGE_BUGREPORT ""
| #define STDC_HEADERS 1
| #define HAVE_SYS_TYPES_H 1
| #define HAVE_SYS_STAT_H 1
| #define HAVE_STDLIB_H 1
| #define HAVE_STRING_H 1
| #define HAVE_MEMORY_H 1
| #define HAVE_STRINGS_H 1
| #define HAVE_INTTYPES_H 1
| #define HAVE_STDINT_H 1
| #define HAVE_UNISTD_H 1
| #define HAVE_FCNTL_H 1
| #define HAVE_UNISTD_H 1
| #define SIZEOF_INT 4
| #define SIZEOF_LONG 4
| #define HAVE_STDLIB_H 1
| #define HAVE_UNISTD_H 1
| #define HAVE_GETPAGESIZE 1
| #define HAVE_MMAP 1
| #define HAVE_DECL_MUNMAP 1
| #define MUNMAP_USES_VOIDP
| #define HAVE_MEMCPY 1
| #define HAVE_MEMMOVE 1
| #define HAVE_DLFCN_H 1
| #ifdef __cplusplus
| extern "C" void exit (int) throw ();
| #endif
| /* end confdefs.h.  */
| #include <ac_nonexistent.h>
configure:7012: result: i486-TSOL-linux-gnu-g++ -E
configure:7036: i486-TSOL-linux-gnu-g++ -E  conftest.cc
configure:7042: $? = 0
configure:7074: i486-TSOL-linux-gnu-g++ -E  conftest.cc
conftest.cc:35:28: fatal error: ac_nonexistent.h: No such file or directory
compilation terminated.
configure:7080: $? = 1
configure: failed program was:
| /* confdefs.h.  */
|              
| #define PACKAGE_NAME ""
| #define PACKAGE_TARNAME ""
| #define PACKAGE_VERSION ""
| #define PACKAGE_STRING ""
| #define PACKAGE_BUGREPORT ""
| #define STDC_HEADERS 1
| #define HAVE_SYS_TYPES_H 1
| #define HAVE_SYS_STAT_H 1
| #define HAVE_STDLIB_H 1
| #define HAVE_STRING_H 1
| #define HAVE_MEMORY_H 1
| #define HAVE_STRINGS_H 1
| #define HAVE_INTTYPES_H 1
| #define HAVE_STDINT_H 1
| #define HAVE_UNISTD_H 1
| #define HAVE_FCNTL_H 1
| #define HAVE_UNISTD_H 1
| #define SIZEOF_INT 4
| #define SIZEOF_LONG 4
| #define HAVE_STDLIB_H 1
| #define HAVE_UNISTD_H 1
| #define HAVE_GETPAGESIZE 1
| #define HAVE_MMAP 1
| #define HAVE_DECL_MUNMAP 1
| #define MUNMAP_USES_VOIDP
| #define HAVE_MEMCPY 1
| #define HAVE_MEMMOVE 1
| #define HAVE_DLFCN_H 1
| #ifdef __cplusplus
| extern "C" void exit (int) throw ();
| #endif
| /* end confdefs.h.  */
| #include <ac_nonexistent.h>
configure:7175: checking for g77
configure:7204: result: no
configure:7175: checking for f77
configure:7204: result: no
configure:7175: checking for xlf
configure:7204: result: no
configure:7175: checking for frt
configure:7204: result: no
configure:7175: checking for pgf77
configure:7204: result: no
configure:7175: checking for fort77
configure:7204: result: no
configure:7175: checking for fl32
configure:7204: result: no
configure:7175: checking for af77
configure:7204: result: no
configure:7175: checking for f90
configure:7204: result: no
configure:7175: checking for xlf90
configure:7204: result: no
configure:7175: checking for pgf90
configure:7204: result: no
configure:7175: checking for epcf90
configure:7204: result: no
configure:7175: checking for f95
configure:7204: result: no
configure:7175: checking for fort
configure:7204: result: no
configure:7175: checking for xlf95
configure:7204: result: no
configure:7175: checking for ifc
configure:7204: result: no
configure:7175: checking for efc
configure:7204: result: no
configure:7175: checking for pgf95
configure:7204: result: no
configure:7175: checking for lf95
configure:7204: result: no
configure:7175: checking for gfortran
configure:7204: result: no
configure:7228: checking for Fortran 77 compiler version
configure:7231:  --version </dev/null >&5
./configure: line 7232: --version: command not found
configure:7234: $? = 127
configure:7236:  -v </dev/null >&5
./configure: line 7237: -v: command not found
configure:7239: $? = 127
configure:7241:  -V </dev/null >&5
./configure: line 7242: -V: command not found
configure:7244: $? = 127
configure:7252: checking whether we are using the GNU Fortran 77 compiler
configure:7266:  -c  conftest.F >&5
./configure: line 7267: -c: command not found
configure:7272: $? = 127
configure: failed program was:
|       program main
| #ifndef __GNUC__
|        choke me
| #endif
| 
|       end
configure:7298: result: no
configure:7304: checking whether  accepts -g
configure:7316:  -c -g conftest.f >&5
./configure: line 7317: -c: command not found
configure:7322: $? = 127
configure: failed program was:
|       program main
| 
|       end
configure:7347: result: no
configure:7377: checking the maximum length of command line arguments
configure:7442: result: 32768
configure:7453: checking command to parse /toolchain/i486-TSOL-linux-gnu/bin//nm -B output from i486-TSOL-linux-gnu-gcc object
configure:7542: i486-TSOL-linux-gnu-gcc -c -Os -DFT_CONFIG_OPTION_SYSTEM_ZLIB -DDARWIN_NO_CARBON  conftest.c >&5
configure:7545: $? = 0
configure:7549: /toolchain/i486-TSOL-linux-gnu/bin//nm -B conftest.o \| sed -n -e 's/^.*[ 	]\([ABCDGIRSTW][ABCDGIRSTW]*\)[ 	][ 	]*\(\)\([_A-Za-z][_A-Za-z0-9]*\)$/\1 \2\3 \3/p' \> conftest.nm
configure:7552: $? = 0
configure:7604: i486-TSOL-linux-gnu-gcc -o conftest -Os -DFT_CONFIG_OPTION_SYSTEM_ZLIB -DDARWIN_NO_CARBON  -static-libgcc -lz conftest.c conftstm.o >&5
configure:7607: $? = 0
configure:7645: result: ok
configure:7649: checking for objdir
configure:7664: result: .libs
configure:7754: checking for ar
configure:7770: found /toolchain/i486-TSOL-linux-gnu/bin//ar
configure:7780: result: ar
configure:7845: checking for ranlib
configure:7861: found /toolchain/i486-TSOL-linux-gnu/bin//ranlib
configure:7871: result: ranlib
configure:7936: checking for strip
configure:7952: found /toolchain/i486-TSOL-linux-gnu/bin//strip
configure:7962: result: strip
configure:8236: checking if i486-TSOL-linux-gnu-gcc static flag  works
configure:8259: result: yes
configure:8277: checking if i486-TSOL-linux-gnu-gcc supports -fno-rtti -fno-exceptions
configure:8295: i486-TSOL-linux-gnu-gcc -c -Os -DFT_CONFIG_OPTION_SYSTEM_ZLIB -DDARWIN_NO_CARBON  -fno-rtti -fno-exceptions conftest.c >&5
cc1: warning: command line option '-fno-rtti' is valid for C++/ObjC++ but not for C [enabled by default]
configure:8299: $? = 0
configure:8310: result: no
configure:8325: checking for i486-TSOL-linux-gnu-gcc option to produce PIC
configure:8502: result: -fPIC
configure:8510: checking if i486-TSOL-linux-gnu-gcc PIC flag -fPIC works
configure:8528: i486-TSOL-linux-gnu-gcc -c -Os -DFT_CONFIG_OPTION_SYSTEM_ZLIB -DDARWIN_NO_CARBON  -fPIC -DPIC conftest.c >&5
configure:8532: $? = 0
configure:8543: result: yes
configure:8567: checking if i486-TSOL-linux-gnu-gcc supports -c -o file.o
configure:8588: i486-TSOL-linux-gnu-gcc -c -Os -DFT_CONFIG_OPTION_SYSTEM_ZLIB -DDARWIN_NO_CARBON  -o out/conftest2.o conftest.c >&5
configure:8592: $? = 0
configure:8612: result: yes
configure:8638: checking whether the i486-TSOL-linux-gnu-gcc linker (i486-TSOL-linux-gnu-ld) supports shared libraries
configure:9486: result: yes
configure:9557: checking dynamic linker characteristics
configure:10097: result: GNU/Linux ld.so
configure:10101: checking how to hardcode library paths into programs
configure:10126: result: immediate
configure:10140: checking whether stripping libraries is possible
configure:10145: result: yes
configure:10975: checking if libtool supports shared libraries
configure:10977: result: yes
configure:10980: checking whether to build shared libraries
configure:11038: result: no
configure:11041: checking whether to build static libraries
configure:11045: result: yes
configure:11137: creating libtool
configure:11684: checking for ld used by i486-TSOL-linux-gnu-g++
configure:11751: result: i486-TSOL-linux-gnu-ld
configure:11760: checking if the linker (i486-TSOL-linux-gnu-ld) is GNU ld
configure:11775: result: yes
configure:11826: checking whether the i486-TSOL-linux-gnu-g++ linker (i486-TSOL-linux-gnu-ld) supports shared libraries
configure:12654: result: yes
configure:12672: i486-TSOL-linux-gnu-g++ -c -Os  conftest.cc >&5
configure:12675: $? = 0
configure:12771: checking for i486-TSOL-linux-gnu-g++ option to produce PIC
configure:13023: result: -fPIC
configure:13031: checking if i486-TSOL-linux-gnu-g++ PIC flag -fPIC works
configure:13049: i486-TSOL-linux-gnu-g++ -c -Os  -fPIC -DPIC conftest.cc >&5
configure:13053: $? = 0
configure:13064: result: yes
configure:13088: checking if i486-TSOL-linux-gnu-g++ supports -c -o file.o
configure:13109: i486-TSOL-linux-gnu-g++ -c -Os  -o out/conftest2.o conftest.cc >&5
configure:13113: $? = 0
configure:13133: result: yes
configure:13159: checking whether the i486-TSOL-linux-gnu-g++ linker (i486-TSOL-linux-gnu-ld) supports shared libraries
configure:13184: result: yes
configure:13255: checking dynamic linker characteristics
configure:13795: result: GNU/Linux ld.so
configure:13799: checking how to hardcode library paths into programs
configure:13824: result: immediate
configure:13838: checking whether stripping libraries is possible
configure:13843: result: yes
configure:21195: creating ./config.status

## ---------------------- ##
## Running config.status. ##
## ---------------------- ##

This file was extended by config.status, which was
generated by GNU Autoconf 2.59a.  Invocation command line was

  CONFIG_FILES    = 
  CONFIG_HEADERS  = 
  CONFIG_LINKS    = 
  CONFIG_COMMANDS = 
  $ ./config.status 

on ubuntu4

config.status:676: creating unix-cc.mk
config.status:676: creating unix-def.mk
config.status:676: creating freetype-config
config.status:676: creating freetype2.pc
config.status:780: creating ftconfig.h

## ---------------- ##
## Cache variables. ##
## ---------------- ##

ac_cv_build=i686-pc-linux-gnu
ac_cv_build_alias=i686-pc-linux-gnu
ac_cv_c_compiler_gnu=yes
ac_cv_c_const=yes
ac_cv_cxx_compiler_gnu=yes
ac_cv_env_CC_set=set
ac_cv_env_CC_value=i486-TSOL-linux-gnu-gcc
ac_cv_env_CFLAGS_set=set
ac_cv_env_CFLAGS_value=-Os
ac_cv_env_CPPFLAGS_set=
ac_cv_env_CPPFLAGS_value=
ac_cv_env_CPP_set=
ac_cv_env_CPP_value=
ac_cv_env_CXXCPP_set=
ac_cv_env_CXXCPP_value=
ac_cv_env_CXXFLAGS_set=set
ac_cv_env_CXXFLAGS_value=-Os
ac_cv_env_CXX_set=set
ac_cv_env_CXX_value=i486-TSOL-linux-gnu-g++
ac_cv_env_F77_set=
ac_cv_env_F77_value=
ac_cv_env_FFLAGS_set=
ac_cv_env_FFLAGS_value=
ac_cv_env_LDFLAGS_set=set
ac_cv_env_LDFLAGS_value=-static-libgcc
ac_cv_env_build_alias_set=
ac_cv_env_build_alias_value=
ac_cv_env_host_alias_set=
ac_cv_env_host_alias_value=
ac_cv_env_target_alias_set=
ac_cv_env_target_alias_value=
ac_cv_exeext=
ac_cv_f77_compiler_gnu=no
ac_cv_func_getpagesize=yes
ac_cv_func_memcpy=yes
ac_cv_func_memmove=yes
ac_cv_func_mmap_fixed_mapped=yes
ac_cv_have_decl_munmap=yes
ac_cv_header_dlfcn_h=yes
ac_cv_header_fcntl_h=yes
ac_cv_header_inttypes_h=yes
ac_cv_header_memory_h=yes
ac_cv_header_stdc=yes
ac_cv_header_stdint_h=yes
ac_cv_header_stdlib_h=yes
ac_cv_header_string_h=yes
ac_cv_header_strings_h=yes
ac_cv_header_sys_stat_h=yes
ac_cv_header_sys_types_h=yes
ac_cv_header_unistd_h=yes
ac_cv_header_zlib_h=yes
ac_cv_host=i686-pc-linux-gnu
ac_cv_host_alias=i686-pc-linux-gnu
ac_cv_lib_z_gzsetparams=yes
ac_cv_objext=o
ac_cv_path_EGREP='/usr/bin/grep -E'
ac_cv_path_GREP=/usr/bin/grep
ac_cv_path_install='/bin/install -c'
ac_cv_prog_CPP='i486-TSOL-linux-gnu-gcc -E'
ac_cv_prog_CXXCPP='i486-TSOL-linux-gnu-g++ -E'
ac_cv_prog_RMDIR=rmdir
ac_cv_prog_RMF='rm -f'
ac_cv_prog_ac_ct_AR=ar
ac_cv_prog_ac_ct_CC=i486-TSOL-linux-gnu-gcc
ac_cv_prog_ac_ct_RANLIB=ranlib
ac_cv_prog_ac_ct_STRIP=strip
ac_cv_prog_cc_g=yes
ac_cv_prog_cc_stdc=
ac_cv_prog_cxx_g=yes
ac_cv_prog_f77_g=no
ac_cv_sizeof_int=4
ac_cv_sizeof_long=4
ac_cv_target=i686-pc-linux-gnu
ac_cv_target_alias=i686-pc-linux-gnu
ac_cv_type_int=yes
ac_cv_type_long=yes
lt_cv_deplibs_check_method=pass_all
lt_cv_file_magic_cmd='$MAGIC_CMD'
lt_cv_file_magic_test_file='/lib/libc.so.6 /lib/libc-2.15.so'
lt_cv_ld_reload_flag=-r
lt_cv_objdir=.libs
lt_cv_path_LD=i486-TSOL-linux-gnu-ld
lt_cv_path_LDCXX=i486-TSOL-linux-gnu-ld
lt_cv_path_NM='/toolchain/i486-TSOL-linux-gnu/bin//nm -B'
lt_cv_path_SED=/usr/bin/sed
lt_cv_prog_compiler_c_o=yes
lt_cv_prog_compiler_c_o_CXX=yes
lt_cv_prog_compiler_rtti_exceptions=no
lt_cv_prog_gnu_ld=yes
lt_cv_prog_gnu_ldcxx=yes
lt_cv_sys_global_symbol_pipe='sed -n -e '\''s/^.*[ 	]\([ABCDGIRSTW][ABCDGIRSTW]*\)[ 	][ 	]*\(\)\([_A-Za-z][_A-Za-z0-9]*\)$/\1 \2\3 \3/p'\'''
lt_cv_sys_global_symbol_to_c_name_address='sed -n -e '\''s/^: \([^ ]*\) $/  {\"\1\", (lt_ptr) 0},/p'\'' -e '\''s/^[BCDEGRST] \([^ ]*\) \([^ ]*\)$/  {"\2", (lt_ptr) \&\2},/p'\'''
lt_cv_sys_global_symbol_to_cdecl='sed -n -e '\''s/^. .* \(.*\)$/extern int \1;/p'\'''
lt_cv_sys_max_cmd_len=32768
lt_lt_cv_prog_compiler_c_o='"yes"'
lt_lt_cv_prog_compiler_c_o_CXX='"yes"'
lt_lt_cv_sys_global_symbol_pipe='"sed -n -e '\''s/^.*[ 	]\\([ABCDGIRSTW][ABCDGIRSTW]*\\)[ 	][ 	]*\\(\\)\\([_A-Za-z][_A-Za-z0-9]*\\)\$/\\1 \\2\\3 \\3/p'\''"'
lt_lt_cv_sys_global_symbol_to_c_name_address='"sed -n -e '\''s/^: \\([^ ]*\\) \$/  {\\\"\\1\\\", (lt_ptr) 0},/p'\'' -e '\''s/^[BCDEGRST] \\([^ ]*\\) \\([^ ]*\\)\$/  {\"\\2\", (lt_ptr) \\&\\2},/p'\''"'
lt_lt_cv_sys_global_symbol_to_cdecl='"sed -n -e '\''s/^. .* \\(.*\\)\$/extern int \\1;/p'\''"'

## ----------------- ##
## Output variables. ##
## ----------------- ##

AR='ar'
CC='i486-TSOL-linux-gnu-gcc'
CFLAGS='-Os -DFT_CONFIG_OPTION_SYSTEM_ZLIB -DDARWIN_NO_CARBON'
CPP='i486-TSOL-linux-gnu-gcc -E'
CPPFLAGS=''
CXX='i486-TSOL-linux-gnu-g++'
CXXCPP='i486-TSOL-linux-gnu-g++ -E'
CXXFLAGS='-Os'
DEFS='-DHAVE_CONFIG_H'
ECHO='echo'
ECHO_C=''
ECHO_N='-n'
ECHO_T=''
EGREP='/usr/bin/grep -E'
EXEEXT=''
F77=''
FFLAGS=''
FTSYS_SRC='$(BUILD_DIR)/ftsystem.c'
GREP='/usr/bin/grep'
INSTALL_DATA='${INSTALL} -m 644'
INSTALL_PROGRAM='${INSTALL}'
INSTALL_SCRIPT='${INSTALL}'
LDFLAGS='-static-libgcc -lz'
LIBOBJS=''
LIBS=''
LIBTOOL='$(SHELL) $(top_builddir)/libtool'
LIBZ='-lz'
LN_S='ln -s'
LTLIBOBJS=''
OBJEXT='o'
PACKAGE_BUGREPORT=''
PACKAGE_NAME=''
PACKAGE_STRING=''
PACKAGE_TARNAME=''
PACKAGE_VERSION=''
PATH_SEPARATOR=':'
RANLIB='ranlib'
RMDIR='rmdir'
RMF='rm -f'
SHELL='/bin/sh'
STRIP='strip'
SYSTEM_ZLIB='yes'
XX_ANSIFLAGS=''
XX_CFLAGS=''
ac_ct_AR='ar'
ac_ct_CC='i486-TSOL-linux-gnu-gcc'
ac_ct_CXX=''
ac_ct_F77=''
ac_ct_RANLIB='ranlib'
ac_ct_STRIP='strip'
bindir='${exec_prefix}/bin'
build='i686-pc-linux-gnu'
build_alias=''
build_cpu='i686'
build_os='linux-gnu'
build_vendor='pc'
datadir='${prefix}/share'
enable_shared='no'
exec_prefix='${prefix}'
ft_version='9.6.3'
hardcode_libdir_flag_spec='${wl}--rpath ${wl}$libdir'
host='i686-pc-linux-gnu'
host_alias=''
host_cpu='i686'
host_os='linux-gnu'
host_vendor='pc'
includedir='${prefix}/include'
infodir='${prefix}/info'
libdir='${exec_prefix}/lib'
libexecdir='${exec_prefix}/libexec'
localstatedir='${prefix}/var'
mandir='${prefix}/man'
oldincludedir='/usr/include'
prefix='/source/Xdialog-2.3.1'
program_transform_name='s,x,x,'
sbindir='${exec_prefix}/sbin'
sharedstatedir='${prefix}/com'
sysconfdir='${prefix}/etc'
target='i686-pc-linux-gnu'
target_alias=''
target_cpu='i686'
target_os='linux-gnu'
target_vendor='pc'
version_info='9:6:3'
wl=''

## ----------- ##
## confdefs.h. ##
## ----------- ##

             
#define HAVE_DECL_MUNMAP 1
#define HAVE_DLFCN_H 1
#define HAVE_FCNTL_H 1
#define HAVE_GETPAGESIZE 1
#define HAVE_INTTYPES_H 1
#define HAVE_MEMCPY 1
#define HAVE_MEMMOVE 1
#define HAVE_MEMORY_H 1
#define HAVE_MMAP 1
#define HAVE_STDINT_H 1
#define HAVE_STDLIB_H 1
#define HAVE_STDLIB_H 1
#define HAVE_STRINGS_H 1
#define HAVE_STRING_H 1
#define HAVE_SYS_STAT_H 1
#define HAVE_SYS_TYPES_H 1
#define HAVE_UNISTD_H 1
#define HAVE_UNISTD_H 1
#define HAVE_UNISTD_H 1
#define MUNMAP_USES_VOIDP
#define PACKAGE_BUGREPORT ""
#define PACKAGE_NAME ""
#define PACKAGE_STRING ""
#define PACKAGE_TARNAME ""
#define PACKAGE_VERSION ""
#define SIZEOF_INT 4
#define SIZEOF_LONG 4
#define STDC_HEADERS 1
#endif
#ifdef __cplusplus
extern "C" void exit (int) throw ();

configure: exit 0
