This file contains any messages produced by compilers while
running configure, to aid debugging if configure makes a mistake.

It was created by luit configure 1.1.1, which was
generated by GNU Autoconf 2.68.  Invocation command line was

  $ ./configure --prefix=/usr/xorg/ CC=i486-TSOL-linux-gnu-gcc CPPFLAGS= -I/usr/xorg/include CFLAGS=-O2 LDFLAGS=-static-libgcc

## --------- ##
## Platform. ##
## --------- ##

hostname = poniX-build
uname -m = i686
uname -r = 3.2.16-030216-generic
uname -s = Linux
uname -v = #201204221935 SMP Sun Apr 22 23:42:49 UTC 2012

/usr/bin/uname -p = unknown
/bin/uname -X     = unknown

/bin/arch              = unknown
/usr/bin/arch -k       = unknown
/usr/convex/getsysinfo = unknown
/usr/bin/hostinfo      = unknown
/bin/machine           = unknown
/usr/bin/oslevel       = unknown
/bin/universe          = unknown

PATH: /usr/xorg//bin
PATH: /source/docbook-xsl-1.76.1/tools/bin
PATH: /bin
PATH: /sbin
PATH: /usr/bin
PATH: /usr/sbin
PATH: /usr/bin/X11
PATH: /usr/local/bin
PATH: /toolchain/bin
PATH: /toolchain/i486-TSOL-linux-gnu/bin/
PATH: #/toolchain/libexec/gcc/i486-TSOL-linux-gnu/4.6.3
PATH: /root/.local/bin
PATH: /usr/xorg/bin
PATH: /usr/xorg/bin


## ----------- ##
## Core tests. ##
## ----------- ##

configure:2276: checking for a BSD-compatible install
configure:2344: result: /bin/install -c
configure:2355: checking whether build environment is sane
configure:2405: result: yes
configure:2546: checking for a thread-safe mkdir -p
configure:2585: result: /bin/mkdir -p
configure:2598: checking for gawk
configure:2614: found /usr/bin/gawk
configure:2625: result: gawk
configure:2636: checking whether make sets $(MAKE)
configure:2658: result: yes
configure:2739: checking whether to enable maintainer-specific portions of Makefiles
configure:2748: result: no
configure:2786: checking for style of include used by make
configure:2814: result: GNU
configure:2884: checking for gcc
configure:2911: result: i486-TSOL-linux-gnu-gcc
configure:3140: checking for C compiler version
configure:3149: i486-TSOL-linux-gnu-gcc --version >&5
i486-TSOL-linux-gnu-gcc (crosstool-NG 1.15.2) 4.6.3
Copyright (C) 2011 Free Software Foundation, Inc.
This is free software; see the source for copying conditions.  There is NO
warranty; not even for MERCHANTABILITY or FITNESS FOR A PARTICULAR PURPOSE.

configure:3160: $? = 0
configure:3149: i486-TSOL-linux-gnu-gcc -v >&5
Using built-in specs.
COLLECT_GCC=i486-TSOL-linux-gnu-gcc
COLLECT_LTO_WRAPPER=/toolchain/libexec/gcc/i486-TSOL-linux-gnu/4.6.3/lto-wrapper
Target: i486-TSOL-linux-gnu
Configured with: /TSOL/crosstool-ng-1.15.2/bin/.build/src/gcc-4.6.3/configure --build=i686-build_pc-linux-gnu --host=i686-build_pc-linux-gnu --target=i486-TSOL-linux-gnu --prefix=/toolchain --with-sysroot=/toolchain/i486-TSOL-linux-gnu/sysroot --enable-languages=c,c++ --with-arch=i486 --with-pkgversion='crosstool-NG 1.15.2' --enable-__cxa_atexit --disable-libmudflap --disable-libgomp --disable-libssp --with-gmp=/TSOL/crosstool-ng-1.15.2/bin/.build/i486-TSOL-linux-gnu/buildtools --with-mpfr=/TSOL/crosstool-ng-1.15.2/bin/.build/i486-TSOL-linux-gnu/buildtools --with-mpc=/TSOL/crosstool-ng-1.15.2/bin/.build/i486-TSOL-linux-gnu/buildtools --with-ppl=/TSOL/crosstool-ng-1.15.2/bin/.build/i486-TSOL-linux-gnu/buildtools --with-cloog=/TSOL/crosstool-ng-1.15.2/bin/.build/i486-TSOL-linux-gnu/buildtools --with-libelf=no --with-host-libstdcxx='-static-libgcc -Wl,-Bstatic,-lstdc++,-Bdynamic -lm -L/TSOL/crosstool-ng-1.15.2/bin/.build/i486-TSOL-linux-gnu/buildtools/lib -lpwl' --enable-threads=posix --enable-target-optspace --disable-multilib --with-local-prefix=/toolchain/i486-TSOL-linux-gnu/sysroot --enable-c99 --enable-long-long
Thread model: posix
gcc version 4.6.3 (crosstool-NG 1.15.2) 
configure:3160: $? = 0
configure:3149: i486-TSOL-linux-gnu-gcc -V >&5
i486-TSOL-linux-gnu-gcc: error: unrecognized option '-V'
i486-TSOL-linux-gnu-gcc: fatal error: no input files
compilation terminated.
configure:3160: $? = 1
configure:3149: i486-TSOL-linux-gnu-gcc -qversion >&5
i486-TSOL-linux-gnu-gcc: error: unrecognized option '-qversion'
i486-TSOL-linux-gnu-gcc: fatal error: no input files
compilation terminated.
configure:3160: $? = 1
configure:3180: checking whether the C compiler works
configure:3202: i486-TSOL-linux-gnu-gcc -O2  -I/usr/xorg/include -static-libgcc conftest.c  >&5
configure:3206: $? = 0
configure:3254: result: yes
configure:3257: checking for C compiler default output file name
configure:3259: result: a.out
configure:3265: checking for suffix of executables
configure:3272: i486-TSOL-linux-gnu-gcc -o conftest -O2  -I/usr/xorg/include -static-libgcc conftest.c  >&5
configure:3276: $? = 0
configure:3298: result: 
configure:3320: checking whether we are cross compiling
configure:3328: i486-TSOL-linux-gnu-gcc -o conftest -O2  -I/usr/xorg/include -static-libgcc conftest.c  >&5
configure:3332: $? = 0
configure:3339: ./conftest
configure:3343: $? = 0
configure:3358: result: no
configure:3363: checking for suffix of object files
configure:3385: i486-TSOL-linux-gnu-gcc -c -O2  -I/usr/xorg/include conftest.c >&5
configure:3389: $? = 0
configure:3410: result: o
configure:3414: checking whether we are using the GNU C compiler
configure:3433: i486-TSOL-linux-gnu-gcc -c -O2  -I/usr/xorg/include conftest.c >&5
configure:3433: $? = 0
configure:3442: result: yes
configure:3451: checking whether i486-TSOL-linux-gnu-gcc accepts -g
configure:3471: i486-TSOL-linux-gnu-gcc -c -g  -I/usr/xorg/include conftest.c >&5
configure:3471: $? = 0
configure:3512: result: yes
configure:3529: checking for i486-TSOL-linux-gnu-gcc option to accept ISO C89
configure:3593: i486-TSOL-linux-gnu-gcc  -c -O2  -I/usr/xorg/include conftest.c >&5
configure:3593: $? = 0
configure:3606: result: none needed
configure:3628: checking dependency style of i486-TSOL-linux-gnu-gcc
configure:3738: result: gcc3
configure:3753: checking for i486-TSOL-linux-gnu-gcc option to accept ISO C99
configure:3902: i486-TSOL-linux-gnu-gcc  -c -O2  -I/usr/xorg/include conftest.c >&5
conftest.c:61:29: error: expected ';', ',' or ')' before 'text'
conftest.c: In function 'main':
conftest.c:115:18: error: expected '=', ',', ';', 'asm' or '__attribute__' before 'newvar'
conftest.c:115:18: error: 'newvar' undeclared (first use in this function)
conftest.c:115:18: note: each undeclared identifier is reported only once for each function it appears in
conftest.c:125:3: error: 'for' loop initial declarations are only allowed in C99 mode
conftest.c:125:3: note: use option -std=c99 or -std=gnu99 to compile your code
configure:3902: $? = 1
configure: failed program was:
| /* confdefs.h */
| #define PACKAGE_NAME "luit"
| #define PACKAGE_TARNAME "luit"
| #define PACKAGE_VERSION "1.1.1"
| #define PACKAGE_STRING "luit 1.1.1"
| #define PACKAGE_BUGREPORT "https://bugs.freedesktop.org/enter_bug.cgi?product=xorg"
| #define PACKAGE_URL ""
| #define PACKAGE "luit"
| #define VERSION "1.1.1"
| /* end confdefs.h.  */
| #include <stdarg.h>
| #include <stdbool.h>
| #include <stdlib.h>
| #include <wchar.h>
| #include <stdio.h>
| 
| // Check varargs macros.  These examples are taken from C99 6.10.3.5.
| #define debug(...) fprintf (stderr, __VA_ARGS__)
| #define showlist(...) puts (#__VA_ARGS__)
| #define report(test,...) ((test) ? puts (#test) : printf (__VA_ARGS__))
| static void
| test_varargs_macros (void)
| {
|   int x = 1234;
|   int y = 5678;
|   debug ("Flag");
|   debug ("X = %d\n", x);
|   showlist (The first, second, and third items.);
|   report (x>y, "x is %d but y is %d", x, y);
| }
| 
| // Check long long types.
| #define BIG64 18446744073709551615ull
| #define BIG32 4294967295ul
| #define BIG_OK (BIG64 / BIG32 == 4294967297ull && BIG64 % BIG32 == 0)
| #if !BIG_OK
|   your preprocessor is broken;
| #endif
| #if BIG_OK
| #else
|   your preprocessor is broken;
| #endif
| static long long int bignum = -9223372036854775807LL;
| static unsigned long long int ubignum = BIG64;
| 
| struct incomplete_array
| {
|   int datasize;
|   double data[];
| };
| 
| struct named_init {
|   int number;
|   const wchar_t *name;
|   double average;
| };
| 
| typedef const char *ccp;
| 
| static inline int
| test_restrict (ccp restrict text)
| {
|   // See if C++-style comments work.
|   // Iterate through items via the restricted pointer.
|   // Also check for declarations in for loops.
|   for (unsigned int i = 0; *(text+i) != '\0'; ++i)
|     continue;
|   return 0;
| }
| 
| // Check varargs and va_copy.
| static void
| test_varargs (const char *format, ...)
| {
|   va_list args;
|   va_start (args, format);
|   va_list args_copy;
|   va_copy (args_copy, args);
| 
|   const char *str;
|   int number;
|   float fnumber;
| 
|   while (*format)
|     {
|       switch (*format++)
| 	{
| 	case 's': // string
| 	  str = va_arg (args_copy, const char *);
| 	  break;
| 	case 'd': // int
| 	  number = va_arg (args_copy, int);
| 	  break;
| 	case 'f': // float
| 	  fnumber = va_arg (args_copy, double);
| 	  break;
| 	default:
| 	  break;
| 	}
|     }
|   va_end (args_copy);
|   va_end (args);
| }
| 
| int
| main ()
| {
| 
|   // Check bool.
|   _Bool success = false;
| 
|   // Check restrict.
|   if (test_restrict ("String literal") == 0)
|     success = true;
|   char *restrict newvar = "Another string";
| 
|   // Check varargs.
|   test_varargs ("s, d' f .", "string", 65, 34.234);
|   test_varargs_macros ();
| 
|   // Check flexible array members.
|   struct incomplete_array *ia =
|     malloc (sizeof (struct incomplete_array) + (sizeof (double) * 10));
|   ia->datasize = 10;
|   for (int i = 0; i < ia->datasize; ++i)
|     ia->data[i] = i * 1.234;
| 
|   // Check named initializers.
|   struct named_init ni = {
|     .number = 34,
|     .name = L"Test wide string",
|     .average = 543.34343,
|   };
| 
|   ni.number = 58;
| 
|   int dynamic_array[ni.number];
|   dynamic_array[ni.number - 1] = 543;
| 
|   // work around unused variable warnings
|   return (!success || bignum == 0LL || ubignum == 0uLL || newvar[0] == 'x'
| 	  || dynamic_array[ni.number - 1] != 543);
| 
|   ;
|   return 0;
| }
configure:3902: i486-TSOL-linux-gnu-gcc -std=gnu99 -c -O2  -I/usr/xorg/include conftest.c >&5
configure:3902: $? = 0
configure:3922: result: -std=gnu99
configure:3936: checking how to run the C preprocessor
configure:3967: i486-TSOL-linux-gnu-gcc -std=gnu99 -E  -I/usr/xorg/include conftest.c
configure:3967: $? = 0
configure:3981: i486-TSOL-linux-gnu-gcc -std=gnu99 -E  -I/usr/xorg/include conftest.c
conftest.c:11:28: fatal error: ac_nonexistent.h: No such file or directory
compilation terminated.
configure:3981: $? = 1
configure: failed program was:
| /* confdefs.h */
| #define PACKAGE_NAME "luit"
| #define PACKAGE_TARNAME "luit"
| #define PACKAGE_VERSION "1.1.1"
| #define PACKAGE_STRING "luit 1.1.1"
| #define PACKAGE_BUGREPORT "https://bugs.freedesktop.org/enter_bug.cgi?product=xorg"
| #define PACKAGE_URL ""
| #define PACKAGE "luit"
| #define VERSION "1.1.1"
| /* end confdefs.h.  */
| #include <ac_nonexistent.h>
configure:4006: result: i486-TSOL-linux-gnu-gcc -std=gnu99 -E
configure:4026: i486-TSOL-linux-gnu-gcc -std=gnu99 -E  -I/usr/xorg/include conftest.c
configure:4026: $? = 0
configure:4040: i486-TSOL-linux-gnu-gcc -std=gnu99 -E  -I/usr/xorg/include conftest.c
conftest.c:11:28: fatal error: ac_nonexistent.h: No such file or directory
compilation terminated.
configure:4040: $? = 1
configure: failed program was:
| /* confdefs.h */
| #define PACKAGE_NAME "luit"
| #define PACKAGE_TARNAME "luit"
| #define PACKAGE_VERSION "1.1.1"
| #define PACKAGE_STRING "luit 1.1.1"
| #define PACKAGE_BUGREPORT "https://bugs.freedesktop.org/enter_bug.cgi?product=xorg"
| #define PACKAGE_URL ""
| #define PACKAGE "luit"
| #define VERSION "1.1.1"
| /* end confdefs.h.  */
| #include <ac_nonexistent.h>
configure:4069: checking for grep that handles long lines and -e
configure:4127: result: /usr/bin/grep
configure:4132: checking for egrep
configure:4194: result: /usr/bin/grep -E
configure:4199: checking for ANSI C header files
configure:4219: i486-TSOL-linux-gnu-gcc -std=gnu99 -c -O2  -I/usr/xorg/include conftest.c >&5
configure:4219: $? = 0
configure:4292: i486-TSOL-linux-gnu-gcc -std=gnu99 -o conftest -O2  -I/usr/xorg/include -static-libgcc conftest.c  >&5
configure:4292: $? = 0
configure:4292: ./conftest
configure:4292: $? = 0
configure:4303: result: yes
configure:4316: checking for sys/types.h
configure:4316: i486-TSOL-linux-gnu-gcc -std=gnu99 -c -O2  -I/usr/xorg/include conftest.c >&5
configure:4316: $? = 0
configure:4316: result: yes
configure:4316: checking for sys/stat.h
configure:4316: i486-TSOL-linux-gnu-gcc -std=gnu99 -c -O2  -I/usr/xorg/include conftest.c >&5
configure:4316: $? = 0
configure:4316: result: yes
configure:4316: checking for stdlib.h
configure:4316: i486-TSOL-linux-gnu-gcc -std=gnu99 -c -O2  -I/usr/xorg/include conftest.c >&5
configure:4316: $? = 0
configure:4316: result: yes
configure:4316: checking for string.h
configure:4316: i486-TSOL-linux-gnu-gcc -std=gnu99 -c -O2  -I/usr/xorg/include conftest.c >&5
configure:4316: $? = 0
configure:4316: result: yes
configure:4316: checking for memory.h
configure:4316: i486-TSOL-linux-gnu-gcc -std=gnu99 -c -O2  -I/usr/xorg/include conftest.c >&5
configure:4316: $? = 0
configure:4316: result: yes
configure:4316: checking for strings.h
configure:4316: i486-TSOL-linux-gnu-gcc -std=gnu99 -c -O2  -I/usr/xorg/include conftest.c >&5
configure:4316: $? = 0
configure:4316: result: yes
configure:4316: checking for inttypes.h
configure:4316: i486-TSOL-linux-gnu-gcc -std=gnu99 -c -O2  -I/usr/xorg/include conftest.c >&5
configure:4316: $? = 0
configure:4316: result: yes
configure:4316: checking for stdint.h
configure:4316: i486-TSOL-linux-gnu-gcc -std=gnu99 -c -O2  -I/usr/xorg/include conftest.c >&5
configure:4316: $? = 0
configure:4316: result: yes
configure:4316: checking for unistd.h
configure:4316: i486-TSOL-linux-gnu-gcc -std=gnu99 -c -O2  -I/usr/xorg/include conftest.c >&5
configure:4316: $? = 0
configure:4316: result: yes
configure:4332: checking whether __clang__ is declared
configure:4332: i486-TSOL-linux-gnu-gcc -std=gnu99 -c -O2  -I/usr/xorg/include conftest.c >&5
conftest.c: In function 'main':
conftest.c:61:10: error: '__clang__' undeclared (first use in this function)
conftest.c:61:10: note: each undeclared identifier is reported only once for each function it appears in
configure:4332: $? = 1
configure: failed program was:
| /* confdefs.h */
| #define PACKAGE_NAME "luit"
| #define PACKAGE_TARNAME "luit"
| #define PACKAGE_VERSION "1.1.1"
| #define PACKAGE_STRING "luit 1.1.1"
| #define PACKAGE_BUGREPORT "https://bugs.freedesktop.org/enter_bug.cgi?product=xorg"
| #define PACKAGE_URL ""
| #define PACKAGE "luit"
| #define VERSION "1.1.1"
| #define STDC_HEADERS 1
| #define HAVE_SYS_TYPES_H 1
| #define HAVE_SYS_STAT_H 1
| #define HAVE_STDLIB_H 1
| #define HAVE_STRING_H 1
| #define HAVE_MEMORY_H 1
| #define HAVE_STRINGS_H 1
| #define HAVE_INTTYPES_H 1
| #define HAVE_STDINT_H 1
| #define HAVE_UNISTD_H 1
| /* end confdefs.h.  */
| #include <stdio.h>
| #ifdef HAVE_SYS_TYPES_H
| # include <sys/types.h>
| #endif
| #ifdef HAVE_SYS_STAT_H
| # include <sys/stat.h>
| #endif
| #ifdef STDC_HEADERS
| # include <stdlib.h>
| # include <stddef.h>
| #else
| # ifdef HAVE_STDLIB_H
| #  include <stdlib.h>
| # endif
| #endif
| #ifdef HAVE_STRING_H
| # if !defined STDC_HEADERS && defined HAVE_MEMORY_H
| #  include <memory.h>
| # endif
| # include <string.h>
| #endif
| #ifdef HAVE_STRINGS_H
| # include <strings.h>
| #endif
| #ifdef HAVE_INTTYPES_H
| # include <inttypes.h>
| #endif
| #ifdef HAVE_STDINT_H
| # include <stdint.h>
| #endif
| #ifdef HAVE_UNISTD_H
| # include <unistd.h>
| #endif
| int
| main ()
| {
| #ifndef __clang__
| #ifdef __cplusplus
|   (void) __clang__;
| #else
|   (void) __clang__;
| #endif
| #endif
| 
|   ;
|   return 0;
| }
configure:4332: result: no
configure:4339: checking whether __INTEL_COMPILER is declared
configure:4339: i486-TSOL-linux-gnu-gcc -std=gnu99 -c -O2  -I/usr/xorg/include conftest.c >&5
conftest.c: In function 'main':
conftest.c:61:10: error: '__INTEL_COMPILER' undeclared (first use in this function)
conftest.c:61:10: note: each undeclared identifier is reported only once for each function it appears in
configure:4339: $? = 1
configure: failed program was:
| /* confdefs.h */
| #define PACKAGE_NAME "luit"
| #define PACKAGE_TARNAME "luit"
| #define PACKAGE_VERSION "1.1.1"
| #define PACKAGE_STRING "luit 1.1.1"
| #define PACKAGE_BUGREPORT "https://bugs.freedesktop.org/enter_bug.cgi?product=xorg"
| #define PACKAGE_URL ""
| #define PACKAGE "luit"
| #define VERSION "1.1.1"
| #define STDC_HEADERS 1
| #define HAVE_SYS_TYPES_H 1
| #define HAVE_SYS_STAT_H 1
| #define HAVE_STDLIB_H 1
| #define HAVE_STRING_H 1
| #define HAVE_MEMORY_H 1
| #define HAVE_STRINGS_H 1
| #define HAVE_INTTYPES_H 1
| #define HAVE_STDINT_H 1
| #define HAVE_UNISTD_H 1
| /* end confdefs.h.  */
| #include <stdio.h>
| #ifdef HAVE_SYS_TYPES_H
| # include <sys/types.h>
| #endif
| #ifdef HAVE_SYS_STAT_H
| # include <sys/stat.h>
| #endif
| #ifdef STDC_HEADERS
| # include <stdlib.h>
| # include <stddef.h>
| #else
| # ifdef HAVE_STDLIB_H
| #  include <stdlib.h>
| # endif
| #endif
| #ifdef HAVE_STRING_H
| # if !defined STDC_HEADERS && defined HAVE_MEMORY_H
| #  include <memory.h>
| # endif
| # include <string.h>
| #endif
| #ifdef HAVE_STRINGS_H
| # include <strings.h>
| #endif
| #ifdef HAVE_INTTYPES_H
| # include <inttypes.h>
| #endif
| #ifdef HAVE_STDINT_H
| # include <stdint.h>
| #endif
| #ifdef HAVE_UNISTD_H
| # include <unistd.h>
| #endif
| int
| main ()
| {
| #ifndef __INTEL_COMPILER
| #ifdef __cplusplus
|   (void) __INTEL_COMPILER;
| #else
|   (void) __INTEL_COMPILER;
| #endif
| #endif
| 
|   ;
|   return 0;
| }
configure:4339: result: no
configure:4346: checking whether __SUNPRO_C is declared
configure:4346: i486-TSOL-linux-gnu-gcc -std=gnu99 -c -O2  -I/usr/xorg/include conftest.c >&5
conftest.c: In function 'main':
conftest.c:61:10: error: '__SUNPRO_C' undeclared (first use in this function)
conftest.c:61:10: note: each undeclared identifier is reported only once for each function it appears in
configure:4346: $? = 1
configure: failed program was:
| /* confdefs.h */
| #define PACKAGE_NAME "luit"
| #define PACKAGE_TARNAME "luit"
| #define PACKAGE_VERSION "1.1.1"
| #define PACKAGE_STRING "luit 1.1.1"
| #define PACKAGE_BUGREPORT "https://bugs.freedesktop.org/enter_bug.cgi?product=xorg"
| #define PACKAGE_URL ""
| #define PACKAGE "luit"
| #define VERSION "1.1.1"
| #define STDC_HEADERS 1
| #define HAVE_SYS_TYPES_H 1
| #define HAVE_SYS_STAT_H 1
| #define HAVE_STDLIB_H 1
| #define HAVE_STRING_H 1
| #define HAVE_MEMORY_H 1
| #define HAVE_STRINGS_H 1
| #define HAVE_INTTYPES_H 1
| #define HAVE_STDINT_H 1
| #define HAVE_UNISTD_H 1
| /* end confdefs.h.  */
| #include <stdio.h>
| #ifdef HAVE_SYS_TYPES_H
| # include <sys/types.h>
| #endif
| #ifdef HAVE_SYS_STAT_H
| # include <sys/stat.h>
| #endif
| #ifdef STDC_HEADERS
| # include <stdlib.h>
| # include <stddef.h>
| #else
| # ifdef HAVE_STDLIB_H
| #  include <stdlib.h>
| # endif
| #endif
| #ifdef HAVE_STRING_H
| # if !defined STDC_HEADERS && defined HAVE_MEMORY_H
| #  include <memory.h>
| # endif
| # include <string.h>
| #endif
| #ifdef HAVE_STRINGS_H
| # include <strings.h>
| #endif
| #ifdef HAVE_INTTYPES_H
| # include <inttypes.h>
| #endif
| #ifdef HAVE_STDINT_H
| # include <stdint.h>
| #endif
| #ifdef HAVE_UNISTD_H
| # include <unistd.h>
| #endif
| int
| main ()
| {
| #ifndef __SUNPRO_C
| #ifdef __cplusplus
|   (void) __SUNPRO_C;
| #else
|   (void) __SUNPRO_C;
| #endif
| #endif
| 
|   ;
|   return 0;
| }
configure:4346: result: no
configure:4403: checking for pkg-config
configure:4421: found /usr/bin/pkg-config
configure:4433: result: /usr/bin/pkg-config
configure:4458: checking pkg-config is at least version 0.9.0
configure:4461: result: yes
configure:4474: checking build system type
configure:4488: result: i686-pc-linux-gnu
configure:4508: checking host system type
configure:4521: result: i686-pc-linux-gnu
configure:4541: checking for a sed that does not truncate output
configure:4605: result: /usr/bin/sed
configure:4651: checking if i486-TSOL-linux-gnu-gcc -std=gnu99 supports -Werror=unknown-warning-option
configure:4660: i486-TSOL-linux-gnu-gcc -std=gnu99 -c -O2 -Werror=unknown-warning-option  -I/usr/xorg/include conftest.c >&5
cc1: error: -Werror=unknown-warning-option: no option -Wunknown-warning-option
configure:4660: $? = 1
configure: failed program was:
| /* confdefs.h */
| #define PACKAGE_NAME "luit"
| #define PACKAGE_TARNAME "luit"
| #define PACKAGE_VERSION "1.1.1"
| #define PACKAGE_STRING "luit 1.1.1"
| #define PACKAGE_BUGREPORT "https://bugs.freedesktop.org/enter_bug.cgi?product=xorg"
| #define PACKAGE_URL ""
| #define PACKAGE "luit"
| #define VERSION "1.1.1"
| #define STDC_HEADERS 1
| #define HAVE_SYS_TYPES_H 1
| #define HAVE_SYS_STAT_H 1
| #define HAVE_STDLIB_H 1
| #define HAVE_STRING_H 1
| #define HAVE_MEMORY_H 1
| #define HAVE_STRINGS_H 1
| #define HAVE_INTTYPES_H 1
| #define HAVE_STDINT_H 1
| #define HAVE_UNISTD_H 1
| /* end confdefs.h.  */
| int i;
configure:4667: result: no
configure:4678: checking if i486-TSOL-linux-gnu-gcc -std=gnu99 supports -Werror=unused-command-line-argument
configure:4687: i486-TSOL-linux-gnu-gcc -std=gnu99 -c -O2 -Werror=unused-command-line-argument  -I/usr/xorg/include conftest.c >&5
cc1: error: -Werror=unused-command-line-argument: no option -Wunused-command-line-argument
configure:4687: $? = 1
configure: failed program was:
| /* confdefs.h */
| #define PACKAGE_NAME "luit"
| #define PACKAGE_TARNAME "luit"
| #define PACKAGE_VERSION "1.1.1"
| #define PACKAGE_STRING "luit 1.1.1"
| #define PACKAGE_BUGREPORT "https://bugs.freedesktop.org/enter_bug.cgi?product=xorg"
| #define PACKAGE_URL ""
| #define PACKAGE "luit"
| #define VERSION "1.1.1"
| #define STDC_HEADERS 1
| #define HAVE_SYS_TYPES_H 1
| #define HAVE_SYS_STAT_H 1
| #define HAVE_STDLIB_H 1
| #define HAVE_STRING_H 1
| #define HAVE_MEMORY_H 1
| #define HAVE_STRINGS_H 1
| #define HAVE_INTTYPES_H 1
| #define HAVE_STDINT_H 1
| #define HAVE_UNISTD_H 1
| /* end confdefs.h.  */
| int i;
configure:4694: result: no
configure:4713: checking if i486-TSOL-linux-gnu-gcc -std=gnu99 supports-Wall
configure:4730: i486-TSOL-linux-gnu-gcc -std=gnu99 -o conftest -O2 -Wall  -I/usr/xorg/include -static-libgcc conftest.c  >&5
configure:4730: $? = 0
configure:4743: result: yes
configure:4831: checking if i486-TSOL-linux-gnu-gcc -std=gnu99 supports-Wpointer-arith
configure:4848: i486-TSOL-linux-gnu-gcc -std=gnu99 -o conftest -O2 -Wpointer-arith  -I/usr/xorg/include -static-libgcc conftest.c  >&5
configure:4848: $? = 0
configure:4861: result: yes
configure:4949: checking if i486-TSOL-linux-gnu-gcc -std=gnu99 supports-Wmissing-declarations
configure:4966: i486-TSOL-linux-gnu-gcc -std=gnu99 -o conftest -O2 -Wmissing-declarations  -I/usr/xorg/include -static-libgcc conftest.c  >&5
configure:4966: $? = 0
configure:4979: result: yes
configure:5067: checking if i486-TSOL-linux-gnu-gcc -std=gnu99 supports-Wformat=2
configure:5084: i486-TSOL-linux-gnu-gcc -std=gnu99 -o conftest -O2 -Wformat=2  -I/usr/xorg/include -static-libgcc conftest.c  >&5
configure:5084: $? = 0
configure:5097: result: yes
configure:5236: checking if i486-TSOL-linux-gnu-gcc -std=gnu99 supports-Wstrict-prototypes
configure:5253: i486-TSOL-linux-gnu-gcc -std=gnu99 -o conftest -O2 -Wstrict-prototypes  -I/usr/xorg/include -static-libgcc conftest.c  >&5
conftest.c:23:1: warning: function declaration isn't a prototype [-Wstrict-prototypes]
configure:5253: $? = 0
configure:5266: result: yes
configure:5354: checking if i486-TSOL-linux-gnu-gcc -std=gnu99 supports-Wmissing-prototypes
configure:5371: i486-TSOL-linux-gnu-gcc -std=gnu99 -o conftest -O2 -Wmissing-prototypes  -I/usr/xorg/include -static-libgcc conftest.c  >&5
configure:5371: $? = 0
configure:5384: result: yes
configure:5472: checking if i486-TSOL-linux-gnu-gcc -std=gnu99 supports-Wnested-externs
configure:5489: i486-TSOL-linux-gnu-gcc -std=gnu99 -o conftest -O2 -Wnested-externs  -I/usr/xorg/include -static-libgcc conftest.c  >&5
configure:5489: $? = 0
configure:5502: result: yes
configure:5590: checking if i486-TSOL-linux-gnu-gcc -std=gnu99 supports-Wbad-function-cast
configure:5607: i486-TSOL-linux-gnu-gcc -std=gnu99 -o conftest -O2 -Wbad-function-cast  -I/usr/xorg/include -static-libgcc conftest.c  >&5
configure:5607: $? = 0
configure:5620: result: yes
configure:5708: checking if i486-TSOL-linux-gnu-gcc -std=gnu99 supports-Wold-style-definition
configure:5725: i486-TSOL-linux-gnu-gcc -std=gnu99 -o conftest -O2 -Wold-style-definition  -I/usr/xorg/include -static-libgcc conftest.c  >&5
conftest.c: In function 'main':
conftest.c:23:1: warning: old-style function definition [-Wold-style-definition]
configure:5725: $? = 0
configure:5738: result: yes
configure:5826: checking if i486-TSOL-linux-gnu-gcc -std=gnu99 supports-Wdeclaration-after-statement
configure:5843: i486-TSOL-linux-gnu-gcc -std=gnu99 -o conftest -O2 -Wdeclaration-after-statement  -I/usr/xorg/include -static-libgcc conftest.c  >&5
configure:5843: $? = 0
configure:5856: result: yes
configure:5948: checking if i486-TSOL-linux-gnu-gcc -std=gnu99 supports-Wunused
configure:5965: i486-TSOL-linux-gnu-gcc -std=gnu99 -o conftest -O2 -Wunused  -I/usr/xorg/include -static-libgcc conftest.c  >&5
configure:5965: $? = 0
configure:5978: result: yes
configure:6066: checking if i486-TSOL-linux-gnu-gcc -std=gnu99 supports-Wuninitialized
configure:6083: i486-TSOL-linux-gnu-gcc -std=gnu99 -o conftest -O2 -Wuninitialized  -I/usr/xorg/include -static-libgcc conftest.c  >&5
configure:6083: $? = 0
configure:6096: result: yes
configure:6184: checking if i486-TSOL-linux-gnu-gcc -std=gnu99 supports-Wshadow
configure:6201: i486-TSOL-linux-gnu-gcc -std=gnu99 -o conftest -O2 -Wshadow  -I/usr/xorg/include -static-libgcc conftest.c  >&5
configure:6201: $? = 0
configure:6214: result: yes
configure:6302: checking if i486-TSOL-linux-gnu-gcc -std=gnu99 supports-Wcast-qual
configure:6319: i486-TSOL-linux-gnu-gcc -std=gnu99 -o conftest -O2 -Wcast-qual  -I/usr/xorg/include -static-libgcc conftest.c  >&5
configure:6319: $? = 0
configure:6332: result: yes
configure:6420: checking if i486-TSOL-linux-gnu-gcc -std=gnu99 supports-Wmissing-noreturn
configure:6437: i486-TSOL-linux-gnu-gcc -std=gnu99 -o conftest -O2 -Wmissing-noreturn  -I/usr/xorg/include -static-libgcc conftest.c  >&5
configure:6437: $? = 0
configure:6450: result: yes
configure:6538: checking if i486-TSOL-linux-gnu-gcc -std=gnu99 supports-Wmissing-format-attribute
configure:6555: i486-TSOL-linux-gnu-gcc -std=gnu99 -o conftest -O2 -Wmissing-format-attribute  -I/usr/xorg/include -static-libgcc conftest.c  >&5
configure:6555: $? = 0
configure:6568: result: yes
configure:6656: checking if i486-TSOL-linux-gnu-gcc -std=gnu99 supports-Wredundant-decls
configure:6673: i486-TSOL-linux-gnu-gcc -std=gnu99 -o conftest -O2 -Wredundant-decls  -I/usr/xorg/include -static-libgcc conftest.c  >&5
configure:6673: $? = 0
configure:6686: result: yes
configure:6786: checking if i486-TSOL-linux-gnu-gcc -std=gnu99 supports-Werror=implicit
configure:6803: i486-TSOL-linux-gnu-gcc -std=gnu99 -o conftest -O2 -Werror=implicit  -I/usr/xorg/include -static-libgcc conftest.c  >&5
configure:6803: $? = 0
configure:6816: result: yes
configure:6953: checking if i486-TSOL-linux-gnu-gcc -std=gnu99 supports-Werror=nonnull
configure:6970: i486-TSOL-linux-gnu-gcc -std=gnu99 -o conftest -O2 -Werror=nonnull  -I/usr/xorg/include -static-libgcc conftest.c  >&5
configure:6970: $? = 0
configure:6983: result: yes
configure:7071: checking if i486-TSOL-linux-gnu-gcc -std=gnu99 supports-Werror=init-self
configure:7088: i486-TSOL-linux-gnu-gcc -std=gnu99 -o conftest -O2 -Werror=init-self  -I/usr/xorg/include -static-libgcc conftest.c  >&5
configure:7088: $? = 0
configure:7101: result: yes
configure:7189: checking if i486-TSOL-linux-gnu-gcc -std=gnu99 supports-Werror=main
configure:7206: i486-TSOL-linux-gnu-gcc -std=gnu99 -o conftest -O2 -Werror=main  -I/usr/xorg/include -static-libgcc conftest.c  >&5
configure:7206: $? = 0
configure:7219: result: yes
configure:7307: checking if i486-TSOL-linux-gnu-gcc -std=gnu99 supports-Werror=missing-braces
configure:7324: i486-TSOL-linux-gnu-gcc -std=gnu99 -o conftest -O2 -Werror=missing-braces  -I/usr/xorg/include -static-libgcc conftest.c  >&5
configure:7324: $? = 0
configure:7337: result: yes
configure:7425: checking if i486-TSOL-linux-gnu-gcc -std=gnu99 supports-Werror=sequence-point
configure:7442: i486-TSOL-linux-gnu-gcc -std=gnu99 -o conftest -O2 -Werror=sequence-point  -I/usr/xorg/include -static-libgcc conftest.c  >&5
configure:7442: $? = 0
configure:7455: result: yes
configure:7543: checking if i486-TSOL-linux-gnu-gcc -std=gnu99 supports-Werror=return-type
configure:7560: i486-TSOL-linux-gnu-gcc -std=gnu99 -o conftest -O2 -Werror=return-type  -I/usr/xorg/include -static-libgcc conftest.c  >&5
configure:7560: $? = 0
configure:7573: result: yes
configure:7710: checking if i486-TSOL-linux-gnu-gcc -std=gnu99 supports-Werror=trigraphs
configure:7727: i486-TSOL-linux-gnu-gcc -std=gnu99 -o conftest -O2 -Werror=trigraphs  -I/usr/xorg/include -static-libgcc conftest.c  >&5
configure:7727: $? = 0
configure:7740: result: yes
configure:7828: checking if i486-TSOL-linux-gnu-gcc -std=gnu99 supports-Werror=array-bounds
configure:7845: i486-TSOL-linux-gnu-gcc -std=gnu99 -o conftest -O2 -Werror=array-bounds  -I/usr/xorg/include -static-libgcc conftest.c  >&5
configure:7845: $? = 0
configure:7858: result: yes
configure:7946: checking if i486-TSOL-linux-gnu-gcc -std=gnu99 supports-Werror=write-strings
configure:7963: i486-TSOL-linux-gnu-gcc -std=gnu99 -o conftest -O2 -Werror=write-strings  -I/usr/xorg/include -static-libgcc conftest.c  >&5
configure:7963: $? = 0
configure:7976: result: yes
configure:8064: checking if i486-TSOL-linux-gnu-gcc -std=gnu99 supports-Werror=address
configure:8081: i486-TSOL-linux-gnu-gcc -std=gnu99 -o conftest -O2 -Werror=address  -I/usr/xorg/include -static-libgcc conftest.c  >&5
configure:8081: $? = 0
configure:8094: result: yes
configure:8182: checking if i486-TSOL-linux-gnu-gcc -std=gnu99 supports-Werror=int-to-pointer-cast
configure:8199: i486-TSOL-linux-gnu-gcc -std=gnu99 -o conftest -O2 -Werror=int-to-pointer-cast  -I/usr/xorg/include -static-libgcc conftest.c  >&5
configure:8199: $? = 0
configure:8212: result: yes
configure:8349: checking if i486-TSOL-linux-gnu-gcc -std=gnu99 supports-Werror=pointer-to-int-cast
configure:8366: i486-TSOL-linux-gnu-gcc -std=gnu99 -o conftest -O2 -Werror=pointer-to-int-cast  -I/usr/xorg/include -static-libgcc conftest.c  >&5
configure:8366: $? = 0
configure:8379: result: yes
configure:10037: checking if i486-TSOL-linux-gnu-gcc -std=gnu99 supports-pedantic
configure:10054: i486-TSOL-linux-gnu-gcc -std=gnu99 -o conftest -O2 -pedantic  -I/usr/xorg/include -static-libgcc conftest.c  >&5
configure:10054: $? = 0
configure:10067: result: yes
configure:10155: checking if i486-TSOL-linux-gnu-gcc -std=gnu99 supports-Werror
configure:10172: i486-TSOL-linux-gnu-gcc -std=gnu99 -o conftest -O2 -Werror  -I/usr/xorg/include -static-libgcc conftest.c  >&5
configure:10172: $? = 0
configure:10185: result: yes
configure:10325: checking if i486-TSOL-linux-gnu-gcc -std=gnu99 supports-Werror=attributes
configure:10342: i486-TSOL-linux-gnu-gcc -std=gnu99 -o conftest -O2 -Werror=attributes  -I/usr/xorg/include -static-libgcc conftest.c  >&5
configure:10342: $? = 0
configure:10355: result: yes
configure:10527: checking pty.h usability
configure:10527: i486-TSOL-linux-gnu-gcc -std=gnu99 -c -O2  -I/usr/xorg/include conftest.c >&5
configure:10527: $? = 0
configure:10527: result: yes
configure:10527: checking pty.h presence
configure:10527: i486-TSOL-linux-gnu-gcc -std=gnu99 -E  -I/usr/xorg/include conftest.c
configure:10527: $? = 0
configure:10527: result: yes
configure:10527: checking for pty.h
configure:10527: result: yes
configure:10527: checking stropts.h usability
configure:10527: i486-TSOL-linux-gnu-gcc -std=gnu99 -c -O2  -I/usr/xorg/include conftest.c >&5
configure:10527: $? = 0
configure:10527: result: yes
configure:10527: checking stropts.h presence
configure:10527: i486-TSOL-linux-gnu-gcc -std=gnu99 -E  -I/usr/xorg/include conftest.c
configure:10527: $? = 0
configure:10527: result: yes
configure:10527: checking for stropts.h
configure:10527: result: yes
configure:10527: checking sys/param.h usability
configure:10527: i486-TSOL-linux-gnu-gcc -std=gnu99 -c -O2  -I/usr/xorg/include conftest.c >&5
configure:10527: $? = 0
configure:10527: result: yes
configure:10527: checking sys/param.h presence
configure:10527: i486-TSOL-linux-gnu-gcc -std=gnu99 -E  -I/usr/xorg/include conftest.c
configure:10527: $? = 0
configure:10527: result: yes
configure:10527: checking for sys/param.h
configure:10527: result: yes
configure:10527: checking sys/select.h usability
configure:10527: i486-TSOL-linux-gnu-gcc -std=gnu99 -c -O2  -I/usr/xorg/include conftest.c >&5
configure:10527: $? = 0
configure:10527: result: yes
configure:10527: checking sys/select.h presence
configure:10527: i486-TSOL-linux-gnu-gcc -std=gnu99 -E  -I/usr/xorg/include conftest.c
configure:10527: $? = 0
configure:10527: result: yes
configure:10527: checking for sys/select.h
configure:10527: result: yes
configure:10540: checking for select
configure:10540: i486-TSOL-linux-gnu-gcc -std=gnu99 -o conftest -O2  -I/usr/xorg/include -static-libgcc conftest.c  >&5
configure:10540: $? = 0
configure:10540: result: yes
configure:10540: checking for grantpt
configure:10540: i486-TSOL-linux-gnu-gcc -std=gnu99 -o conftest -O2  -I/usr/xorg/include -static-libgcc conftest.c  >&5
configure:10540: $? = 0
configure:10540: result: yes
configure:10540: checking for posix_openpt
configure:10540: i486-TSOL-linux-gnu-gcc -std=gnu99 -o conftest -O2  -I/usr/xorg/include -static-libgcc conftest.c  >&5
configure:10540: $? = 0
configure:10540: result: yes
configure:10563: checking for LUIT
configure:10570: $PKG_CONFIG --exists --print-errors "fontenc"
configure:10573: $? = 0
configure:10586: $PKG_CONFIG --exists --print-errors "fontenc"
configure:10589: $? = 0
configure:10643: result: yes
configure:10650: $PKG_CONFIG --exists --print-errors "x11"
configure:10653: $? = 0
configure:10669: checking poll.h usability
configure:10669: i486-TSOL-linux-gnu-gcc -std=gnu99 -c -O2  -I/usr/xorg/include conftest.c >&5
configure:10669: $? = 0
configure:10669: result: yes
configure:10669: checking poll.h presence
configure:10669: i486-TSOL-linux-gnu-gcc -std=gnu99 -E  -I/usr/xorg/include conftest.c
configure:10669: $? = 0
configure:10669: result: yes
configure:10669: checking for poll.h
configure:10669: result: yes
configure:10681: checking for poll
configure:10681: i486-TSOL-linux-gnu-gcc -std=gnu99 -o conftest -O2  -I/usr/xorg/include -static-libgcc conftest.c  >&5
configure:10681: $? = 0
configure:10681: result: yes
configure:10724: checking for pty.h
configure:10724: result: yes
configure:10724: checking for stropts.h
configure:10724: result: yes
configure:10724: checking sys/ioctl.h usability
configure:10724: i486-TSOL-linux-gnu-gcc -std=gnu99 -c -O2  -I/usr/xorg/include conftest.c >&5
configure:10724: $? = 0
configure:10724: result: yes
configure:10724: checking sys/ioctl.h presence
configure:10724: i486-TSOL-linux-gnu-gcc -std=gnu99 -E  -I/usr/xorg/include conftest.c
configure:10724: $? = 0
configure:10724: result: yes
configure:10724: checking for sys/ioctl.h
configure:10724: result: yes
configure:10724: checking for sys/param.h
configure:10724: result: yes
configure:10724: checking sys/poll.h usability
configure:10724: i486-TSOL-linux-gnu-gcc -std=gnu99 -c -O2  -I/usr/xorg/include conftest.c >&5
configure:10724: $? = 0
configure:10724: result: yes
configure:10724: checking sys/poll.h presence
configure:10724: i486-TSOL-linux-gnu-gcc -std=gnu99 -E  -I/usr/xorg/include conftest.c
configure:10724: $? = 0
configure:10724: result: yes
configure:10724: checking for sys/poll.h
configure:10724: result: yes
configure:10724: checking for sys/select.h
configure:10724: result: yes
configure:10724: checking sys/time.h usability
configure:10724: i486-TSOL-linux-gnu-gcc -std=gnu99 -c -O2  -I/usr/xorg/include conftest.c >&5
configure:10724: $? = 0
configure:10724: result: yes
configure:10724: checking sys/time.h presence
configure:10724: i486-TSOL-linux-gnu-gcc -std=gnu99 -E  -I/usr/xorg/include conftest.c
configure:10724: $? = 0
configure:10724: result: yes
configure:10724: checking for sys/time.h
configure:10724: result: yes
configure:10724: checking termios.h usability
configure:10724: i486-TSOL-linux-gnu-gcc -std=gnu99 -c -O2  -I/usr/xorg/include conftest.c >&5
configure:10724: $? = 0
configure:10724: result: yes
configure:10724: checking termios.h presence
configure:10724: i486-TSOL-linux-gnu-gcc -std=gnu99 -E  -I/usr/xorg/include conftest.c
configure:10724: $? = 0
configure:10724: result: yes
configure:10724: checking for termios.h
configure:10724: result: yes
configure:10737: checking for grantpt
configure:10737: result: yes
configure:10737: checking for putenv
configure:10737: i486-TSOL-linux-gnu-gcc -std=gnu99 -o conftest -O2  -I/usr/xorg/include -static-libgcc conftest.c  >&5
configure:10737: $? = 0
configure:10737: result: yes
configure:10737: checking for select
configure:10737: result: yes
configure:10737: checking for strdup
configure:10737: i486-TSOL-linux-gnu-gcc -std=gnu99 -o conftest -O2  -I/usr/xorg/include -static-libgcc conftest.c  >&5
conftest.c:67:6: warning: conflicting types for built-in function 'strdup' [enabled by default]
configure:10737: $? = 0
configure:10737: result: yes
configure:10816: checking if poll really works
configure:10845: i486-TSOL-linux-gnu-gcc -std=gnu99 -o conftest -O2  -I/usr/xorg/include -static-libgcc conftest.c  >&5
configure:10845: $? = 0
configure:10845: ./conftest
configure:10845: $? = 1
configure: program exited with status 1
configure: failed program was:
| /* confdefs.h */
| #define PACKAGE_NAME "luit"
| #define PACKAGE_TARNAME "luit"
| #define PACKAGE_VERSION "1.1.1"
| #define PACKAGE_STRING "luit 1.1.1"
| #define PACKAGE_BUGREPORT "https://bugs.freedesktop.org/enter_bug.cgi?product=xorg"
| #define PACKAGE_URL ""
| #define PACKAGE "luit"
| #define VERSION "1.1.1"
| #define STDC_HEADERS 1
| #define HAVE_SYS_TYPES_H 1
| #define HAVE_SYS_STAT_H 1
| #define HAVE_STDLIB_H 1
| #define HAVE_STRING_H 1
| #define HAVE_MEMORY_H 1
| #define HAVE_STRINGS_H 1
| #define HAVE_INTTYPES_H 1
| #define HAVE_STDINT_H 1
| #define HAVE_UNISTD_H 1
| #define PACKAGE_VERSION_MAJOR 1
| #define PACKAGE_VERSION_MINOR 1
| #define PACKAGE_VERSION_PATCHLEVEL 1
| #define HAVE_PTY_H 1
| #define HAVE_STROPTS_H 1
| #define HAVE_SYS_PARAM_H 1
| #define HAVE_SYS_SELECT_H 1
| #define HAVE_SELECT 1
| #define HAVE_GRANTPT 1
| #define HAVE_POSIX_OPENPT 1
| #define HAVE_POLL_H 1
| #define HAVE_POLL 1
| #define HAVE_PTY_H 1
| #define HAVE_STROPTS_H 1
| #define HAVE_SYS_IOCTL_H 1
| #define HAVE_SYS_PARAM_H 1
| #define HAVE_SYS_POLL_H 1
| #define HAVE_SYS_SELECT_H 1
| #define HAVE_SYS_TIME_H 1
| #define HAVE_TERMIOS_H 1
| #define HAVE_GRANTPT 1
| #define HAVE_PUTENV 1
| #define HAVE_SELECT 1
| #define HAVE_STRDUP 1
| /* end confdefs.h.  */
| 
| #include <stdio.h>
| #ifdef HAVE_POLL_H
| #include <poll.h>
| #else
| #include <sys/poll.h>
| #endif
| int main() {
| 	struct pollfd myfds;
| 	int ret;
| 
| 	myfds.fd = 0;
| 	myfds.events = POLLIN;
| 
| 	ret = poll(&myfds, 1, 100);
| 	return(ret != 0);
| }
configure:10855: result: no
configure:10862: checking if SIGWINCH is defined
configure:10882: i486-TSOL-linux-gnu-gcc -std=gnu99 -c -O2  -I/usr/xorg/include conftest.c >&5
configure:10882: $? = 0
configure:10913: result: yes
configure:11104: creating ./config.status

## ---------------------- ##
## Running config.status. ##
## ---------------------- ##

This file was extended by luit config.status 1.1.1, which was
generated by GNU Autoconf 2.68.  Invocation command line was

  CONFIG_FILES    = 
  CONFIG_HEADERS  = 
  CONFIG_LINKS    = 
  CONFIG_COMMANDS = 
  $ ./config.status 

on poniX-build

config.status:933: creating Makefile
config.status:933: creating man/Makefile
config.status:933: creating config.h
config.status:1162: executing depfiles commands

## ---------------- ##
## Cache variables. ##
## ---------------- ##

ac_cv_build=i686-pc-linux-gnu
ac_cv_c_compiler_gnu=yes
ac_cv_env_CC_set=set
ac_cv_env_CC_value=i486-TSOL-linux-gnu-gcc
ac_cv_env_CFLAGS_set=set
ac_cv_env_CFLAGS_value=-O2
ac_cv_env_CPPFLAGS_set=set
ac_cv_env_CPPFLAGS_value=' -I/usr/xorg/include'
ac_cv_env_CPP_set=
ac_cv_env_CPP_value=
ac_cv_env_LDFLAGS_set=set
ac_cv_env_LDFLAGS_value=-static-libgcc
ac_cv_env_LIBS_set=
ac_cv_env_LIBS_value=
ac_cv_env_LUIT_CFLAGS_set=
ac_cv_env_LUIT_CFLAGS_value=
ac_cv_env_LUIT_LIBS_set=
ac_cv_env_LUIT_LIBS_value=
ac_cv_env_PKG_CONFIG_set=
ac_cv_env_PKG_CONFIG_value=
ac_cv_env_build_alias_set=
ac_cv_env_build_alias_value=
ac_cv_env_host_alias_set=
ac_cv_env_host_alias_value=
ac_cv_env_target_alias_set=
ac_cv_env_target_alias_value=
ac_cv_func_grantpt=yes
ac_cv_func_poll=yes
ac_cv_func_posix_openpt=yes
ac_cv_func_putenv=yes
ac_cv_func_select=yes
ac_cv_func_strdup=yes
ac_cv_have_decl___INTEL_COMPILER=no
ac_cv_have_decl___SUNPRO_C=no
ac_cv_have_decl___clang__=no
ac_cv_header_inttypes_h=yes
ac_cv_header_memory_h=yes
ac_cv_header_poll_h=yes
ac_cv_header_pty_h=yes
ac_cv_header_stdc=yes
ac_cv_header_stdint_h=yes
ac_cv_header_stdlib_h=yes
ac_cv_header_string_h=yes
ac_cv_header_strings_h=yes
ac_cv_header_stropts_h=yes
ac_cv_header_sys_ioctl_h=yes
ac_cv_header_sys_param_h=yes
ac_cv_header_sys_poll_h=yes
ac_cv_header_sys_select_h=yes
ac_cv_header_sys_stat_h=yes
ac_cv_header_sys_time_h=yes
ac_cv_header_sys_types_h=yes
ac_cv_header_termios_h=yes
ac_cv_header_unistd_h=yes
ac_cv_host=i686-pc-linux-gnu
ac_cv_objext=o
ac_cv_path_EGREP='/usr/bin/grep -E'
ac_cv_path_GREP=/usr/bin/grep
ac_cv_path_SED=/usr/bin/sed
ac_cv_path_ac_pt_PKG_CONFIG=/usr/bin/pkg-config
ac_cv_path_install='/bin/install -c'
ac_cv_path_mkdir=/bin/mkdir
ac_cv_prog_AWK=gawk
ac_cv_prog_CPP='i486-TSOL-linux-gnu-gcc -std=gnu99 -E'
ac_cv_prog_ac_ct_CC=i486-TSOL-linux-gnu-gcc
ac_cv_prog_cc_c89=
ac_cv_prog_cc_c99=-std=gnu99
ac_cv_prog_cc_g=yes
ac_cv_prog_make_make_set=yes
am_cv_CC_dependencies_compiler_type=gcc3
cf_cv_define_sigwinch=yes
cf_cv_working_poll=no
pkg_cv_LUIT_CFLAGS='-I/usr/xorg/include  '
pkg_cv_LUIT_LIBS='-L/usr/xorg/lib -lfontenc  '
xorg_cv_cc_flag__Wall=yes
xorg_cv_cc_flag__Wbad_function_cast=yes
xorg_cv_cc_flag__Wcast_qual=yes
xorg_cv_cc_flag__Wdeclaration_after_statement=yes
xorg_cv_cc_flag__Werror=yes
xorg_cv_cc_flag__Werror_address=yes
xorg_cv_cc_flag__Werror_array_bounds=yes
xorg_cv_cc_flag__Werror_attributes=yes
xorg_cv_cc_flag__Werror_implicit=yes
xorg_cv_cc_flag__Werror_init_self=yes
xorg_cv_cc_flag__Werror_int_to_pointer_cast=yes
xorg_cv_cc_flag__Werror_main=yes
xorg_cv_cc_flag__Werror_missing_braces=yes
xorg_cv_cc_flag__Werror_nonnull=yes
xorg_cv_cc_flag__Werror_pointer_to_int_cast=yes
xorg_cv_cc_flag__Werror_return_type=yes
xorg_cv_cc_flag__Werror_sequence_point=yes
xorg_cv_cc_flag__Werror_trigraphs=yes
xorg_cv_cc_flag__Werror_write_strings=yes
xorg_cv_cc_flag__Wformat_2=yes
xorg_cv_cc_flag__Wmissing_declarations=yes
xorg_cv_cc_flag__Wmissing_format_attribute=yes
xorg_cv_cc_flag__Wmissing_noreturn=yes
xorg_cv_cc_flag__Wmissing_prototypes=yes
xorg_cv_cc_flag__Wnested_externs=yes
xorg_cv_cc_flag__Wold_style_definition=yes
xorg_cv_cc_flag__Wpointer_arith=yes
xorg_cv_cc_flag__Wredundant_decls=yes
xorg_cv_cc_flag__Wshadow=yes
xorg_cv_cc_flag__Wstrict_prototypes=yes
xorg_cv_cc_flag__Wuninitialized=yes
xorg_cv_cc_flag__Wunused=yes
xorg_cv_cc_flag__pedantic=yes
xorg_cv_cc_flag_unknown_warning_option=no
xorg_cv_cc_flag_unused_command_line_argument=no

## ----------------- ##
## Output variables. ##
## ----------------- ##

ACLOCAL='aclocal -I/usr/xorg/share/aclocal -I /usr/xorg//share/aclocal'
ADMIN_MAN_DIR='$(mandir)/man$(ADMIN_MAN_SUFFIX)'
ADMIN_MAN_SUFFIX='8'
AMDEPBACKSLASH='\'
AMDEP_FALSE='#'
AMDEP_TRUE=''
AMTAR='${SHELL} /source/xorg-modular-7.7/app/luit-1.1.1/missing --run tar'
AM_BACKSLASH='\'
AM_DEFAULT_VERBOSITY='0'
APP_MAN_DIR='$(mandir)/man$(APP_MAN_SUFFIX)'
APP_MAN_SUFFIX='1'
AUTOCONF='${SHELL} /source/xorg-modular-7.7/app/luit-1.1.1/missing --run autoconf'
AUTOHEADER='${SHELL} /source/xorg-modular-7.7/app/luit-1.1.1/missing --run autoheader'
AUTOMAKE='${SHELL} /source/xorg-modular-7.7/app/luit-1.1.1/missing --run automake-1.11'
AWK='gawk'
BASE_CFLAGS=' -Wall -Wpointer-arith -Wmissing-declarations -Wformat=2 -Wstrict-prototypes -Wmissing-prototypes -Wnested-externs -Wbad-function-cast -Wold-style-definition -Wdeclaration-after-statement -Wunused -Wuninitialized -Wshadow -Wcast-qual -Wmissing-noreturn -Wmissing-format-attribute -Wredundant-decls -Werror=implicit -Werror=nonnull -Werror=init-self -Werror=main -Werror=missing-braces -Werror=sequence-point -Werror=return-type -Werror=trigraphs -Werror=array-bounds -Werror=write-strings -Werror=address -Werror=int-to-pointer-cast -Werror=pointer-to-int-cast'
CC='i486-TSOL-linux-gnu-gcc -std=gnu99'
CCDEPMODE='depmode=gcc3'
CFLAGS='-O2'
CHANGELOG_CMD='(GIT_DIR=$(top_srcdir)/.git git log > $(top_srcdir)/.changelog.tmp && mv $(top_srcdir)/.changelog.tmp $(top_srcdir)/ChangeLog) || (rm -f $(top_srcdir)/.changelog.tmp; touch $(top_srcdir)/ChangeLog; echo '\''git directory not found: installing possibly empty changelog.'\'' >&2)'
CPP='i486-TSOL-linux-gnu-gcc -std=gnu99 -E'
CPPFLAGS=' -I/usr/xorg/include'
CWARNFLAGS=' -Wall -Wpointer-arith -Wmissing-declarations -Wformat=2 -Wstrict-prototypes -Wmissing-prototypes -Wnested-externs -Wbad-function-cast -Wold-style-definition -Wdeclaration-after-statement -Wunused -Wuninitialized -Wshadow -Wcast-qual -Wmissing-noreturn -Wmissing-format-attribute -Wredundant-decls -Werror=implicit -Werror=nonnull -Werror=init-self -Werror=main -Werror=missing-braces -Werror=sequence-point -Werror=return-type -Werror=trigraphs -Werror=array-bounds -Werror=write-strings -Werror=address -Werror=int-to-pointer-cast -Werror=pointer-to-int-cast -fno-strict-aliasing'
CYGPATH_W='echo'
DEFS='-DHAVE_CONFIG_H'
DEPDIR='.deps'
DRIVER_MAN_DIR='$(mandir)/man$(DRIVER_MAN_SUFFIX)'
DRIVER_MAN_SUFFIX='4'
ECHO_C=''
ECHO_N='-n'
ECHO_T=''
EGREP='/usr/bin/grep -E'
EXEEXT=''
FILE_MAN_DIR='$(mandir)/man$(FILE_MAN_SUFFIX)'
FILE_MAN_SUFFIX='5'
GREP='/usr/bin/grep'
INSTALL_CMD='(cp -f /usr/xorg/share/util-macros/INSTALL $(top_srcdir)/.INSTALL.tmp && mv $(top_srcdir)/.INSTALL.tmp $(top_srcdir)/INSTALL) || (rm -f $(top_srcdir)/.INSTALL.tmp; touch $(top_srcdir)/INSTALL; echo '\''util-macros "pkgdatadir" from xorg-macros.pc not found: installing possibly empty INSTALL.'\'' >&2)'
INSTALL_DATA='${INSTALL} -m 644'
INSTALL_PROGRAM='${INSTALL}'
INSTALL_SCRIPT='${INSTALL}'
INSTALL_STRIP_PROGRAM='$(install_sh) -c -s'
LDFLAGS='-static-libgcc'
LIBOBJS=''
LIBS=''
LIB_MAN_DIR='$(mandir)/man$(LIB_MAN_SUFFIX)'
LIB_MAN_SUFFIX='3'
LOCALEALIASFILE='${datarootdir}/X11/locale/locale.alias'
LTLIBOBJS=''
LUIT_CFLAGS='-I/usr/xorg/include  '
LUIT_LIBS='-L/usr/xorg/lib -lfontenc  '
MAINT='#'
MAINTAINER_MODE_FALSE=''
MAINTAINER_MODE_TRUE='#'
MAKEINFO='${SHELL} /source/xorg-modular-7.7/app/luit-1.1.1/missing --run makeinfo'
MAN_SUBSTS='	-e '\''s|__vendorversion__|"$(PACKAGE_STRING)" "$(XORG_MAN_PAGE)"|'\'' 	-e '\''s|__xorgversion__|"$(PACKAGE_STRING)" "$(XORG_MAN_PAGE)"|'\'' 	-e '\''s|__xservername__|Xorg|g'\'' 	-e '\''s|__xconfigfile__|xorg.conf|g'\'' 	-e '\''s|__projectroot__|$(prefix)|g'\'' 	-e '\''s|__apploaddir__|$(appdefaultdir)|g'\'' 	-e '\''s|__appmansuffix__|$(APP_MAN_SUFFIX)|g'\'' 	-e '\''s|__drivermansuffix__|$(DRIVER_MAN_SUFFIX)|g'\'' 	-e '\''s|__adminmansuffix__|$(ADMIN_MAN_SUFFIX)|g'\'' 	-e '\''s|__libmansuffix__|$(LIB_MAN_SUFFIX)|g'\'' 	-e '\''s|__miscmansuffix__|$(MISC_MAN_SUFFIX)|g'\'' 	-e '\''s|__filemansuffix__|$(FILE_MAN_SUFFIX)|g'\'''
MISC_MAN_DIR='$(mandir)/man$(MISC_MAN_SUFFIX)'
MISC_MAN_SUFFIX='7'
MKDIR_P='/bin/mkdir -p'
OBJEXT='o'
OS_CFLAGS='-D_XOPEN_SOURCE=500'
PACKAGE='luit'
PACKAGE_BUGREPORT='https://bugs.freedesktop.org/enter_bug.cgi?product=xorg'
PACKAGE_NAME='luit'
PACKAGE_STRING='luit 1.1.1'
PACKAGE_TARNAME='luit'
PACKAGE_URL=''
PACKAGE_VERSION='1.1.1'
PATH_SEPARATOR=':'
PKG_CONFIG='/usr/bin/pkg-config'
SED='/usr/bin/sed'
SET_MAKE=''
SHELL='/bin/sh'
STRICT_CFLAGS=' -pedantic -Werror -Werror=attributes'
STRIP=''
VERSION='1.1.1'
XORG_MAN_PAGE='X Version 11'
ac_ct_CC='i486-TSOL-linux-gnu-gcc'
am__EXEEXT_FALSE=''
am__EXEEXT_TRUE='#'
am__fastdepCC_FALSE='#'
am__fastdepCC_TRUE=''
am__include='include'
am__isrc=''
am__leading_dot='.'
am__quote=''
am__tar='${AMTAR} chof - "$$tardir"'
am__untar='${AMTAR} xf -'
bindir='${exec_prefix}/bin'
build='i686-pc-linux-gnu'
build_alias=''
build_cpu='i686'
build_os='linux-gnu'
build_vendor='pc'
datadir='${datarootdir}'
datarootdir='${prefix}/share'
docdir='${datarootdir}/doc/${PACKAGE_TARNAME}'
dvidir='${docdir}'
exec_prefix='${prefix}'
host='i686-pc-linux-gnu'
host_alias=''
host_cpu='i686'
host_os='linux-gnu'
host_vendor='pc'
htmldir='${docdir}'
includedir='${prefix}/include'
infodir='${datarootdir}/info'
install_sh='${SHELL} /source/xorg-modular-7.7/app/luit-1.1.1/install-sh'
libdir='${exec_prefix}/lib'
libexecdir='${exec_prefix}/libexec'
localedir='${datarootdir}/locale'
localstatedir='${prefix}/var'
mandir='${datarootdir}/man'
mkdir_p='/bin/mkdir -p'
oldincludedir='/usr/include'
pdfdir='${docdir}'
prefix='/usr/xorg'
program_transform_name='s,x,x,'
psdir='${docdir}'
sbindir='${exec_prefix}/sbin'
sharedstatedir='${prefix}/com'
sysconfdir='${prefix}/etc'
target_alias=''

## ----------- ##
## confdefs.h. ##
## ----------- ##

/* confdefs.h */
#define PACKAGE_NAME "luit"
#define PACKAGE_TARNAME "luit"
#define PACKAGE_VERSION "1.1.1"
#define PACKAGE_STRING "luit 1.1.1"
#define PACKAGE_BUGREPORT "https://bugs.freedesktop.org/enter_bug.cgi?product=xorg"
#define PACKAGE_URL ""
#define PACKAGE "luit"
#define VERSION "1.1.1"
#define STDC_HEADERS 1
#define HAVE_SYS_TYPES_H 1
#define HAVE_SYS_STAT_H 1
#define HAVE_STDLIB_H 1
#define HAVE_STRING_H 1
#define HAVE_MEMORY_H 1
#define HAVE_STRINGS_H 1
#define HAVE_INTTYPES_H 1
#define HAVE_STDINT_H 1
#define HAVE_UNISTD_H 1
#define PACKAGE_VERSION_MAJOR 1
#define PACKAGE_VERSION_MINOR 1
#define PACKAGE_VERSION_PATCHLEVEL 1
#define HAVE_PTY_H 1
#define HAVE_STROPTS_H 1
#define HAVE_SYS_PARAM_H 1
#define HAVE_SYS_SELECT_H 1
#define HAVE_SELECT 1
#define HAVE_GRANTPT 1
#define HAVE_POSIX_OPENPT 1
#define HAVE_POLL_H 1
#define HAVE_POLL 1
#define HAVE_PTY_H 1
#define HAVE_STROPTS_H 1
#define HAVE_SYS_IOCTL_H 1
#define HAVE_SYS_PARAM_H 1
#define HAVE_SYS_POLL_H 1
#define HAVE_SYS_SELECT_H 1
#define HAVE_SYS_TIME_H 1
#define HAVE_TERMIOS_H 1
#define HAVE_GRANTPT 1
#define HAVE_PUTENV 1
#define HAVE_SELECT 1
#define HAVE_STRDUP 1

configure: exit 0
