This file contains any messages produced by compilers while
running configure, to aid debugging if configure makes a mistake.

It was created by encodings configure 1.0.4, which was
generated by GNU Autoconf 2.68.  Invocation command line was

  $ ./configure --prefix=/usr/xorg CC=i486-TSOL-linux-gnu-gcc

## --------- ##
## Platform. ##
## --------- ##

hostname = ubuntu4
uname -m = i686
uname -r = 3.2.16-030216-generic
uname -s = Linux
uname -v = #201204221935 SMP Sun Apr 22 23:42:49 UTC 2012

/usr/bin/uname -p = unknown
/bin/uname -X     = unknown

/bin/arch              = unknown
/usr/bin/arch -k       = unknown
/usr/convex/getsysinfo = unknown
/usr/bin/hostinfo      = unknown
/bin/machine           = unknown
/usr/bin/oslevel       = unknown
/bin/universe          = unknown

PATH: /usr/xorg/bin
PATH: /source/docbook-xsl-1.76.1/tools/bin
PATH: /bin
PATH: /sbin
PATH: /usr/bin
PATH: /usr/sbin
PATH: /usr/bin/X11
PATH: /usr/local/bin
PATH: /toolchain/bin
PATH: /toolchain/i486-TSOL-linux-gnu/bin/
PATH: /root/.local/bin
PATH: /usr/xorg/bin


## ----------- ##
## Core tests. ##
## ----------- ##

configure:2072: checking for a BSD-compatible install
configure:2140: result: /bin/install -c
configure:2151: checking whether build environment is sane
configure:2201: result: yes
configure:2342: checking for a thread-safe mkdir -p
configure:2381: result: /bin/mkdir -p
configure:2394: checking for gawk
configure:2410: found /usr/bin/gawk
configure:2421: result: gawk
configure:2432: checking whether make sets $(MAKE)
configure:2454: result: yes
configure:2535: checking whether to enable maintainer-specific portions of Makefiles
configure:2544: result: no
configure:2582: checking for style of include used by make
configure:2610: result: GNU
configure:2680: checking for gcc
configure:2707: result: i486-TSOL-linux-gnu-gcc
configure:2936: checking for C compiler version
configure:2945: i486-TSOL-linux-gnu-gcc --version >&5
i486-TSOL-linux-gnu-gcc (crosstool-NG 1.15.2) 4.6.3
Copyright (C) 2011 Free Software Foundation, Inc.
This is free software; see the source for copying conditions.  There is NO
warranty; not even for MERCHANTABILITY or FITNESS FOR A PARTICULAR PURPOSE.

configure:2956: $? = 0
configure:2945: i486-TSOL-linux-gnu-gcc -v >&5
Using built-in specs.
COLLECT_GCC=i486-TSOL-linux-gnu-gcc
COLLECT_LTO_WRAPPER=/toolchain/libexec/gcc/i486-TSOL-linux-gnu/4.6.3/lto-wrapper
Target: i486-TSOL-linux-gnu
Configured with: /TSOL/crosstool-ng-1.15.2/bin/.build/src/gcc-4.6.3/configure --build=i686-build_pc-linux-gnu --host=i686-build_pc-linux-gnu --target=i486-TSOL-linux-gnu --prefix=/toolchain --with-sysroot=/toolchain/i486-TSOL-linux-gnu/sysroot --enable-languages=c,c++ --with-arch=i486 --with-pkgversion='crosstool-NG 1.15.2' --enable-__cxa_atexit --disable-libmudflap --disable-libgomp --disable-libssp --with-gmp=/TSOL/crosstool-ng-1.15.2/bin/.build/i486-TSOL-linux-gnu/buildtools --with-mpfr=/TSOL/crosstool-ng-1.15.2/bin/.build/i486-TSOL-linux-gnu/buildtools --with-mpc=/TSOL/crosstool-ng-1.15.2/bin/.build/i486-TSOL-linux-gnu/buildtools --with-ppl=/TSOL/crosstool-ng-1.15.2/bin/.build/i486-TSOL-linux-gnu/buildtools --with-cloog=/TSOL/crosstool-ng-1.15.2/bin/.build/i486-TSOL-linux-gnu/buildtools --with-libelf=no --with-host-libstdcxx='-static-libgcc -Wl,-Bstatic,-lstdc++,-Bdynamic -lm -L/TSOL/crosstool-ng-1.15.2/bin/.build/i486-TSOL-linux-gnu/buildtools/lib -lpwl' --enable-threads=posix --enable-target-optspace --disable-multilib --with-local-prefix=/toolchain/i486-TSOL-linux-gnu/sysroot --enable-c99 --enable-long-long
Thread model: posix
gcc version 4.6.3 (crosstool-NG 1.15.2) 
configure:2956: $? = 0
configure:2945: i486-TSOL-linux-gnu-gcc -V >&5
i486-TSOL-linux-gnu-gcc: error: unrecognized option '-V'
i486-TSOL-linux-gnu-gcc: fatal error: no input files
compilation terminated.
configure:2956: $? = 1
configure:2945: i486-TSOL-linux-gnu-gcc -qversion >&5
i486-TSOL-linux-gnu-gcc: error: unrecognized option '-qversion'
i486-TSOL-linux-gnu-gcc: fatal error: no input files
compilation terminated.
configure:2956: $? = 1
configure:2976: checking whether the C compiler works
configure:2998: i486-TSOL-linux-gnu-gcc    conftest.c  >&5
configure:3002: $? = 0
configure:3050: result: yes
configure:3053: checking for C compiler default output file name
configure:3055: result: a.out
configure:3061: checking for suffix of executables
configure:3068: i486-TSOL-linux-gnu-gcc -o conftest    conftest.c  >&5
configure:3072: $? = 0
configure:3094: result: 
configure:3116: checking whether we are cross compiling
configure:3124: i486-TSOL-linux-gnu-gcc -o conftest    conftest.c  >&5
configure:3128: $? = 0
configure:3135: ./conftest
configure:3139: $? = 0
configure:3154: result: no
configure:3159: checking for suffix of object files
configure:3181: i486-TSOL-linux-gnu-gcc -c   conftest.c >&5
configure:3185: $? = 0
configure:3206: result: o
configure:3210: checking whether we are using the GNU C compiler
configure:3229: i486-TSOL-linux-gnu-gcc -c   conftest.c >&5
configure:3229: $? = 0
configure:3238: result: yes
configure:3247: checking whether i486-TSOL-linux-gnu-gcc accepts -g
configure:3267: i486-TSOL-linux-gnu-gcc -c -g  conftest.c >&5
configure:3267: $? = 0
configure:3308: result: yes
configure:3325: checking for i486-TSOL-linux-gnu-gcc option to accept ISO C89
configure:3389: i486-TSOL-linux-gnu-gcc  -c -g -O2  conftest.c >&5
configure:3389: $? = 0
configure:3402: result: none needed
configure:3424: checking dependency style of i486-TSOL-linux-gnu-gcc
configure:3534: result: none
configure:3549: checking for i486-TSOL-linux-gnu-gcc option to accept ISO C99
configure:3698: i486-TSOL-linux-gnu-gcc  -c -g -O2  conftest.c >&5
conftest.c:61:29: error: expected ';', ',' or ')' before 'text'
conftest.c: In function 'main':
conftest.c:115:18: error: expected '=', ',', ';', 'asm' or '__attribute__' before 'newvar'
conftest.c:115:18: error: 'newvar' undeclared (first use in this function)
conftest.c:115:18: note: each undeclared identifier is reported only once for each function it appears in
conftest.c:125:3: error: 'for' loop initial declarations are only allowed in C99 mode
conftest.c:125:3: note: use option -std=c99 or -std=gnu99 to compile your code
configure:3698: $? = 1
configure: failed program was:
| /* confdefs.h */
| #define PACKAGE_NAME "encodings"
| #define PACKAGE_TARNAME "encodings"
| #define PACKAGE_VERSION "1.0.4"
| #define PACKAGE_STRING "encodings 1.0.4"
| #define PACKAGE_BUGREPORT "https://bugs.freedesktop.org/enter_bug.cgi?product=xorg"
| #define PACKAGE_URL ""
| #define PACKAGE "encodings"
| #define VERSION "1.0.4"
| /* end confdefs.h.  */
| #include <stdarg.h>
| #include <stdbool.h>
| #include <stdlib.h>
| #include <wchar.h>
| #include <stdio.h>
| 
| // Check varargs macros.  These examples are taken from C99 6.10.3.5.
| #define debug(...) fprintf (stderr, __VA_ARGS__)
| #define showlist(...) puts (#__VA_ARGS__)
| #define report(test,...) ((test) ? puts (#test) : printf (__VA_ARGS__))
| static void
| test_varargs_macros (void)
| {
|   int x = 1234;
|   int y = 5678;
|   debug ("Flag");
|   debug ("X = %d\n", x);
|   showlist (The first, second, and third items.);
|   report (x>y, "x is %d but y is %d", x, y);
| }
| 
| // Check long long types.
| #define BIG64 18446744073709551615ull
| #define BIG32 4294967295ul
| #define BIG_OK (BIG64 / BIG32 == 4294967297ull && BIG64 % BIG32 == 0)
| #if !BIG_OK
|   your preprocessor is broken;
| #endif
| #if BIG_OK
| #else
|   your preprocessor is broken;
| #endif
| static long long int bignum = -9223372036854775807LL;
| static unsigned long long int ubignum = BIG64;
| 
| struct incomplete_array
| {
|   int datasize;
|   double data[];
| };
| 
| struct named_init {
|   int number;
|   const wchar_t *name;
|   double average;
| };
| 
| typedef const char *ccp;
| 
| static inline int
| test_restrict (ccp restrict text)
| {
|   // See if C++-style comments work.
|   // Iterate through items via the restricted pointer.
|   // Also check for declarations in for loops.
|   for (unsigned int i = 0; *(text+i) != '\0'; ++i)
|     continue;
|   return 0;
| }
| 
| // Check varargs and va_copy.
| static void
| test_varargs (const char *format, ...)
| {
|   va_list args;
|   va_start (args, format);
|   va_list args_copy;
|   va_copy (args_copy, args);
| 
|   const char *str;
|   int number;
|   float fnumber;
| 
|   while (*format)
|     {
|       switch (*format++)
| 	{
| 	case 's': // string
| 	  str = va_arg (args_copy, const char *);
| 	  break;
| 	case 'd': // int
| 	  number = va_arg (args_copy, int);
| 	  break;
| 	case 'f': // float
| 	  fnumber = va_arg (args_copy, double);
| 	  break;
| 	default:
| 	  break;
| 	}
|     }
|   va_end (args_copy);
|   va_end (args);
| }
| 
| int
| main ()
| {
| 
|   // Check bool.
|   _Bool success = false;
| 
|   // Check restrict.
|   if (test_restrict ("String literal") == 0)
|     success = true;
|   char *restrict newvar = "Another string";
| 
|   // Check varargs.
|   test_varargs ("s, d' f .", "string", 65, 34.234);
|   test_varargs_macros ();
| 
|   // Check flexible array members.
|   struct incomplete_array *ia =
|     malloc (sizeof (struct incomplete_array) + (sizeof (double) * 10));
|   ia->datasize = 10;
|   for (int i = 0; i < ia->datasize; ++i)
|     ia->data[i] = i * 1.234;
| 
|   // Check named initializers.
|   struct named_init ni = {
|     .number = 34,
|     .name = L"Test wide string",
|     .average = 543.34343,
|   };
| 
|   ni.number = 58;
| 
|   int dynamic_array[ni.number];
|   dynamic_array[ni.number - 1] = 543;
| 
|   // work around unused variable warnings
|   return (!success || bignum == 0LL || ubignum == 0uLL || newvar[0] == 'x'
| 	  || dynamic_array[ni.number - 1] != 543);
| 
|   ;
|   return 0;
| }
configure:3698: i486-TSOL-linux-gnu-gcc -std=gnu99 -c -g -O2  conftest.c >&5
configure:3698: $? = 0
configure:3718: result: -std=gnu99
configure:3732: checking how to run the C preprocessor
configure:3763: i486-TSOL-linux-gnu-gcc -std=gnu99 -E  conftest.c
configure:3763: $? = 0
configure:3777: i486-TSOL-linux-gnu-gcc -std=gnu99 -E  conftest.c
conftest.c:11:28: fatal error: ac_nonexistent.h: No such file or directory
compilation terminated.
configure:3777: $? = 1
configure: failed program was:
| /* confdefs.h */
| #define PACKAGE_NAME "encodings"
| #define PACKAGE_TARNAME "encodings"
| #define PACKAGE_VERSION "1.0.4"
| #define PACKAGE_STRING "encodings 1.0.4"
| #define PACKAGE_BUGREPORT "https://bugs.freedesktop.org/enter_bug.cgi?product=xorg"
| #define PACKAGE_URL ""
| #define PACKAGE "encodings"
| #define VERSION "1.0.4"
| /* end confdefs.h.  */
| #include <ac_nonexistent.h>
configure:3802: result: i486-TSOL-linux-gnu-gcc -std=gnu99 -E
configure:3822: i486-TSOL-linux-gnu-gcc -std=gnu99 -E  conftest.c
configure:3822: $? = 0
configure:3836: i486-TSOL-linux-gnu-gcc -std=gnu99 -E  conftest.c
conftest.c:11:28: fatal error: ac_nonexistent.h: No such file or directory
compilation terminated.
configure:3836: $? = 1
configure: failed program was:
| /* confdefs.h */
| #define PACKAGE_NAME "encodings"
| #define PACKAGE_TARNAME "encodings"
| #define PACKAGE_VERSION "1.0.4"
| #define PACKAGE_STRING "encodings 1.0.4"
| #define PACKAGE_BUGREPORT "https://bugs.freedesktop.org/enter_bug.cgi?product=xorg"
| #define PACKAGE_URL ""
| #define PACKAGE "encodings"
| #define VERSION "1.0.4"
| /* end confdefs.h.  */
| #include <ac_nonexistent.h>
configure:3865: checking for grep that handles long lines and -e
configure:3923: result: /usr/bin/grep
configure:3928: checking for egrep
configure:3990: result: /usr/bin/grep -E
configure:3995: checking for ANSI C header files
configure:4015: i486-TSOL-linux-gnu-gcc -std=gnu99 -c -g -O2  conftest.c >&5
configure:4015: $? = 0
configure:4088: i486-TSOL-linux-gnu-gcc -std=gnu99 -o conftest -g -O2   conftest.c  >&5
configure:4088: $? = 0
configure:4088: ./conftest
configure:4088: $? = 0
configure:4099: result: yes
configure:4112: checking for sys/types.h
configure:4112: i486-TSOL-linux-gnu-gcc -std=gnu99 -c -g -O2  conftest.c >&5
configure:4112: $? = 0
configure:4112: result: yes
configure:4112: checking for sys/stat.h
configure:4112: i486-TSOL-linux-gnu-gcc -std=gnu99 -c -g -O2  conftest.c >&5
configure:4112: $? = 0
configure:4112: result: yes
configure:4112: checking for stdlib.h
configure:4112: i486-TSOL-linux-gnu-gcc -std=gnu99 -c -g -O2  conftest.c >&5
configure:4112: $? = 0
configure:4112: result: yes
configure:4112: checking for string.h
configure:4112: i486-TSOL-linux-gnu-gcc -std=gnu99 -c -g -O2  conftest.c >&5
configure:4112: $? = 0
configure:4112: result: yes
configure:4112: checking for memory.h
configure:4112: i486-TSOL-linux-gnu-gcc -std=gnu99 -c -g -O2  conftest.c >&5
configure:4112: $? = 0
configure:4112: result: yes
configure:4112: checking for strings.h
configure:4112: i486-TSOL-linux-gnu-gcc -std=gnu99 -c -g -O2  conftest.c >&5
configure:4112: $? = 0
configure:4112: result: yes
configure:4112: checking for inttypes.h
configure:4112: i486-TSOL-linux-gnu-gcc -std=gnu99 -c -g -O2  conftest.c >&5
configure:4112: $? = 0
configure:4112: result: yes
configure:4112: checking for stdint.h
configure:4112: i486-TSOL-linux-gnu-gcc -std=gnu99 -c -g -O2  conftest.c >&5
configure:4112: $? = 0
configure:4112: result: yes
configure:4112: checking for unistd.h
configure:4112: i486-TSOL-linux-gnu-gcc -std=gnu99 -c -g -O2  conftest.c >&5
configure:4112: $? = 0
configure:4112: result: yes
configure:4173: checking for pkg-config
configure:4191: found /usr/bin/pkg-config
configure:4203: result: /usr/bin/pkg-config
configure:4228: checking pkg-config is at least version 0.9.0
configure:4231: result: yes
configure:4244: checking build system type
configure:4258: result: i686-pc-linux-gnu
configure:4278: checking host system type
configure:4291: result: i686-pc-linux-gnu
configure:4311: checking for a sed that does not truncate output
configure:4375: result: /usr/bin/sed
configure:4609: checking for mkfontscale
configure:4627: found /usr/bin/mkfontscale
configure:4639: result: /usr/bin/mkfontscale
configure:4654: checking if small encodings should be compressed
configure:4671: result: yes
configure:4674: checking if large encodings should be compressed
configure:4691: result: yes
configure:4699: checking for gzip
configure:4717: found /usr/bin/gzip
configure:4729: result: /usr/bin/gzip
configure:4745: checking for root directory for font files
configure:4762: result: /usr/xorg/share/fonts/X11
configure:4768: checking for directory for encodings files
configure:4779: result: ${FONTROOTDIR}/encodings
configure:4963: creating ./config.status

## ---------------------- ##
## Running config.status. ##
## ---------------------- ##

This file was extended by encodings config.status 1.0.4, which was
generated by GNU Autoconf 2.68.  Invocation command line was

  CONFIG_FILES    = 
  CONFIG_HEADERS  = 
  CONFIG_LINKS    = 
  CONFIG_COMMANDS = 
  $ ./config.status 

on ubuntu4

config.status:831: creating Makefile
config.status:831: creating large/Makefile
config.status:1003: executing depfiles commands

## ---------------- ##
## Cache variables. ##
## ---------------- ##

ac_cv_build=i686-pc-linux-gnu
ac_cv_c_compiler_gnu=yes
ac_cv_env_CC_set=set
ac_cv_env_CC_value=i486-TSOL-linux-gnu-gcc
ac_cv_env_CFLAGS_set=
ac_cv_env_CFLAGS_value=
ac_cv_env_CPPFLAGS_set=
ac_cv_env_CPPFLAGS_value=
ac_cv_env_CPP_set=
ac_cv_env_CPP_value=
ac_cv_env_LDFLAGS_set=
ac_cv_env_LDFLAGS_value=
ac_cv_env_LIBS_set=
ac_cv_env_LIBS_value=
ac_cv_env_PKG_CONFIG_set=
ac_cv_env_PKG_CONFIG_value=
ac_cv_env_build_alias_set=
ac_cv_env_build_alias_value=
ac_cv_env_host_alias_set=
ac_cv_env_host_alias_value=
ac_cv_env_target_alias_set=
ac_cv_env_target_alias_value=
ac_cv_header_inttypes_h=yes
ac_cv_header_memory_h=yes
ac_cv_header_stdc=yes
ac_cv_header_stdint_h=yes
ac_cv_header_stdlib_h=yes
ac_cv_header_string_h=yes
ac_cv_header_strings_h=yes
ac_cv_header_sys_stat_h=yes
ac_cv_header_sys_types_h=yes
ac_cv_header_unistd_h=yes
ac_cv_host=i686-pc-linux-gnu
ac_cv_objext=o
ac_cv_path_EGREP='/usr/bin/grep -E'
ac_cv_path_GREP=/usr/bin/grep
ac_cv_path_GZIP=/usr/bin/gzip
ac_cv_path_MKFONTSCALE=/usr/bin/mkfontscale
ac_cv_path_SED=/usr/bin/sed
ac_cv_path_ac_pt_PKG_CONFIG=/usr/bin/pkg-config
ac_cv_path_install='/bin/install -c'
ac_cv_path_mkdir=/bin/mkdir
ac_cv_prog_AWK=gawk
ac_cv_prog_CPP='i486-TSOL-linux-gnu-gcc -std=gnu99 -E'
ac_cv_prog_ac_ct_CC=i486-TSOL-linux-gnu-gcc
ac_cv_prog_cc_c89=
ac_cv_prog_cc_c99=-std=gnu99
ac_cv_prog_cc_g=yes
ac_cv_prog_make_make_set=yes
am_cv_CC_dependencies_compiler_type=none

## ----------------- ##
## Output variables. ##
## ----------------- ##

ACLOCAL='aclocal -I /usr/xorg/share/aclocal'
ADMIN_MAN_DIR='$(mandir)/man$(ADMIN_MAN_SUFFIX)'
ADMIN_MAN_SUFFIX='8'
AMDEPBACKSLASH='\'
AMDEP_FALSE='#'
AMDEP_TRUE=''
AMTAR='${SHELL} /source/xorg-modular-7.7/font/encodings-1.0.4/missing --run tar'
AM_BACKSLASH='\'
AM_DEFAULT_VERBOSITY='0'
APP_MAN_DIR='$(mandir)/man$(APP_MAN_SUFFIX)'
APP_MAN_SUFFIX='1'
AUTOCONF='${SHELL} /source/xorg-modular-7.7/font/encodings-1.0.4/missing --run autoconf'
AUTOHEADER='${SHELL} /source/xorg-modular-7.7/font/encodings-1.0.4/missing --run autoheader'
AUTOMAKE='${SHELL} /source/xorg-modular-7.7/font/encodings-1.0.4/missing --run automake-1.11'
AWK='gawk'
CC='i486-TSOL-linux-gnu-gcc -std=gnu99'
CCDEPMODE='depmode=none'
CFLAGS='-g -O2'
CHANGELOG_CMD='(GIT_DIR=$(top_srcdir)/.git git log > $(top_srcdir)/.changelog.tmp && mv $(top_srcdir)/.changelog.tmp $(top_srcdir)/ChangeLog) || (rm -f $(top_srcdir)/.changelog.tmp; touch $(top_srcdir)/ChangeLog; echo '\''git directory not found: installing possibly empty changelog.'\'' >&2)'
CPP='i486-TSOL-linux-gnu-gcc -std=gnu99 -E'
CPPFLAGS=''
CWARNFLAGS='-Wall -Wpointer-arith -Wstrict-prototypes -Wmissing-prototypes -Wmissing-declarations -Wnested-externs -fno-strict-aliasing -Wbad-function-cast -Wformat=2 -Wold-style-definition -Wdeclaration-after-statement '
CYGPATH_W='echo'
DEFS='-DPACKAGE_NAME=\"encodings\" -DPACKAGE_TARNAME=\"encodings\" -DPACKAGE_VERSION=\"1.0.4\" -DPACKAGE_STRING=\"encodings\ 1.0.4\" -DPACKAGE_BUGREPORT=\"https://bugs.freedesktop.org/enter_bug.cgi\?product=xorg\" -DPACKAGE_URL=\"\" -DPACKAGE=\"encodings\" -DVERSION=\"1.0.4\" -DSTDC_HEADERS=1 -DHAVE_SYS_TYPES_H=1 -DHAVE_SYS_STAT_H=1 -DHAVE_STDLIB_H=1 -DHAVE_STRING_H=1 -DHAVE_MEMORY_H=1 -DHAVE_STRINGS_H=1 -DHAVE_INTTYPES_H=1 -DHAVE_STDINT_H=1 -DHAVE_UNISTD_H=1 -DPACKAGE_VERSION_MAJOR=1 -DPACKAGE_VERSION_MINOR=0 -DPACKAGE_VERSION_PATCHLEVEL=4'
DEPDIR='.deps'
DRIVER_MAN_DIR='$(mandir)/man$(DRIVER_MAN_SUFFIX)'
DRIVER_MAN_SUFFIX='4'
ECHO_C=''
ECHO_N='-n'
ECHO_T=''
EGREP='/usr/bin/grep -E'
ENCODINGSDIR='${FONTROOTDIR}/encodings'
EXEEXT=''
FILE_MAN_DIR='$(mandir)/man$(FILE_MAN_SUFFIX)'
FILE_MAN_SUFFIX='5'
FONTROOTDIR='/usr/xorg/share/fonts/X11'
GREP='/usr/bin/grep'
GZIP='/usr/bin/gzip'
GZIP_LARGE_FALSE='#'
GZIP_LARGE_TRUE=''
GZIP_SMALL_FALSE='#'
GZIP_SMALL_TRUE=''
INSTALL_CMD='(cp -f /usr/xorg/share/util-macros/INSTALL $(top_srcdir)/.INSTALL.tmp && mv $(top_srcdir)/.INSTALL.tmp $(top_srcdir)/INSTALL) || (rm -f $(top_srcdir)/.INSTALL.tmp; touch $(top_srcdir)/INSTALL; echo '\''util-macros "pkgdatadir" from xorg-macros.pc not found: installing possibly empty INSTALL.'\'' >&2)'
INSTALL_DATA='${INSTALL} -m 644'
INSTALL_PROGRAM='${INSTALL}'
INSTALL_SCRIPT='${INSTALL}'
INSTALL_STRIP_PROGRAM='$(install_sh) -c -s'
LDFLAGS=''
LIBOBJS=''
LIBS=''
LIB_MAN_DIR='$(mandir)/man$(LIB_MAN_SUFFIX)'
LIB_MAN_SUFFIX='3'
LTLIBOBJS=''
MAINT='#'
MAINTAINER_MODE_FALSE=''
MAINTAINER_MODE_TRUE='#'
MAKEINFO='${SHELL} /source/xorg-modular-7.7/font/encodings-1.0.4/missing --run makeinfo'
MAN_SUBSTS='	-e '\''s|__vendorversion__|"$(PACKAGE_STRING)" "$(XORG_MAN_PAGE)"|'\'' 	-e '\''s|__xorgversion__|"$(PACKAGE_STRING)" "$(XORG_MAN_PAGE)"|'\'' 	-e '\''s|__xservername__|Xorg|g'\'' 	-e '\''s|__xconfigfile__|xorg.conf|g'\'' 	-e '\''s|__projectroot__|$(prefix)|g'\'' 	-e '\''s|__apploaddir__|$(appdefaultdir)|g'\'' 	-e '\''s|__appmansuffix__|$(APP_MAN_SUFFIX)|g'\'' 	-e '\''s|__drivermansuffix__|$(DRIVER_MAN_SUFFIX)|g'\'' 	-e '\''s|__adminmansuffix__|$(ADMIN_MAN_SUFFIX)|g'\'' 	-e '\''s|__libmansuffix__|$(LIB_MAN_SUFFIX)|g'\'' 	-e '\''s|__miscmansuffix__|$(MISC_MAN_SUFFIX)|g'\'' 	-e '\''s|__filemansuffix__|$(FILE_MAN_SUFFIX)|g'\'''
MISC_MAN_DIR='$(mandir)/man$(MISC_MAN_SUFFIX)'
MISC_MAN_SUFFIX='7'
MKDIR_P='/bin/mkdir -p'
MKFONTSCALE='/usr/bin/mkfontscale'
OBJEXT='o'
PACKAGE='encodings'
PACKAGE_BUGREPORT='https://bugs.freedesktop.org/enter_bug.cgi?product=xorg'
PACKAGE_NAME='encodings'
PACKAGE_STRING='encodings 1.0.4'
PACKAGE_TARNAME='encodings'
PACKAGE_URL=''
PACKAGE_VERSION='1.0.4'
PATH_SEPARATOR=':'
PKG_CONFIG='/usr/bin/pkg-config'
SED='/usr/bin/sed'
SET_MAKE=''
SHELL='/bin/sh'
STRIP=''
VERSION='1.0.4'
XORG_MAN_PAGE='X Version 11'
ac_ct_CC='i486-TSOL-linux-gnu-gcc'
am__EXEEXT_FALSE=''
am__EXEEXT_TRUE='#'
am__fastdepCC_FALSE=''
am__fastdepCC_TRUE='#'
am__include='include'
am__isrc=''
am__leading_dot='.'
am__quote=''
am__tar='${AMTAR} chof - "$$tardir"'
am__untar='${AMTAR} xf -'
bindir='${exec_prefix}/bin'
build='i686-pc-linux-gnu'
build_alias=''
build_cpu='i686'
build_os='linux-gnu'
build_vendor='pc'
datadir='${datarootdir}'
datarootdir='${prefix}/share'
docdir='${datarootdir}/doc/${PACKAGE_TARNAME}'
dvidir='${docdir}'
exec_prefix='${prefix}'
host='i686-pc-linux-gnu'
host_alias=''
host_cpu='i686'
host_os='linux-gnu'
host_vendor='pc'
htmldir='${docdir}'
includedir='${prefix}/include'
infodir='${datarootdir}/info'
install_sh='${SHELL} /source/xorg-modular-7.7/font/encodings-1.0.4/install-sh'
libdir='${exec_prefix}/lib'
libexecdir='${exec_prefix}/libexec'
localedir='${datarootdir}/locale'
localstatedir='${prefix}/var'
mandir='${datarootdir}/man'
mkdir_p='/bin/mkdir -p'
oldincludedir='/usr/include'
pdfdir='${docdir}'
prefix='/usr/xorg'
program_transform_name='s,x,x,'
psdir='${docdir}'
sbindir='${exec_prefix}/sbin'
sharedstatedir='${prefix}/com'
sysconfdir='${prefix}/etc'
target_alias=''

## ----------- ##
## confdefs.h. ##
## ----------- ##

/* confdefs.h */
#define PACKAGE_NAME "encodings"
#define PACKAGE_TARNAME "encodings"
#define PACKAGE_VERSION "1.0.4"
#define PACKAGE_STRING "encodings 1.0.4"
#define PACKAGE_BUGREPORT "https://bugs.freedesktop.org/enter_bug.cgi?product=xorg"
#define PACKAGE_URL ""
#define PACKAGE "encodings"
#define VERSION "1.0.4"
#define STDC_HEADERS 1
#define HAVE_SYS_TYPES_H 1
#define HAVE_SYS_STAT_H 1
#define HAVE_STDLIB_H 1
#define HAVE_STRING_H 1
#define HAVE_MEMORY_H 1
#define HAVE_STRINGS_H 1
#define HAVE_INTTYPES_H 1
#define HAVE_STDINT_H 1
#define HAVE_UNISTD_H 1
#define PACKAGE_VERSION_MAJOR 1
#define PACKAGE_VERSION_MINOR 0
#define PACKAGE_VERSION_PATCHLEVEL 4

configure: exit 0
