This file contains any messages produced by compilers while
running configure, to aid debugging if configure makes a mistake.

It was created by libXt configure 1.1.3, which was
generated by GNU Autoconf 2.68.  Invocation command line was

  $ ./configure --prefix=/usr/xorg CC=i486-TSOL-linux-gnu-gcc CFLAGS=-Os LDFLAGS=-static-libgcc

## --------- ##
## Platform. ##
## --------- ##

hostname = ubuntu4
uname -m = i686
uname -r = 3.2.16-030216-generic
uname -s = Linux
uname -v = #201204221935 SMP Sun Apr 22 23:42:49 UTC 2012

/usr/bin/uname -p = unknown
/bin/uname -X     = unknown

/bin/arch              = unknown
/usr/bin/arch -k       = unknown
/usr/convex/getsysinfo = unknown
/usr/bin/hostinfo      = unknown
/bin/machine           = unknown
/usr/bin/oslevel       = unknown
/bin/universe          = unknown

PATH: /usr/xorg/bin
PATH: /source/docbook-xsl-1.76.1/tools/bin
PATH: /bin
PATH: /sbin
PATH: /usr/bin
PATH: /usr/sbin
PATH: /usr/bin/X11
PATH: /usr/local/bin
PATH: /toolchain/bin
PATH: /toolchain/i486-TSOL-linux-gnu/bin/
PATH: /root/.local/bin
PATH: /usr/xorg/bin
PATH: /usr/xorg/bin


## ----------- ##
## Core tests. ##
## ----------- ##

configure:2466: checking for a BSD-compatible install
configure:2534: result: /bin/install -c
configure:2545: checking whether build environment is sane
configure:2595: result: yes
configure:2736: checking for a thread-safe mkdir -p
configure:2775: result: /bin/mkdir -p
configure:2788: checking for gawk
configure:2804: found /usr/bin/gawk
configure:2815: result: gawk
configure:2826: checking whether make sets $(MAKE)
configure:2848: result: yes
configure:2929: checking whether to enable maintainer-specific portions of Makefiles
configure:2938: result: no
configure:2982: checking build system type
configure:2996: result: i686-pc-linux-gnu
configure:3016: checking host system type
configure:3029: result: i686-pc-linux-gnu
configure:3070: checking how to print strings
configure:3097: result: printf
configure:3130: checking for style of include used by make
configure:3158: result: GNU
configure:3228: checking for gcc
configure:3255: result: i486-TSOL-linux-gnu-gcc
configure:3484: checking for C compiler version
configure:3493: i486-TSOL-linux-gnu-gcc --version >&5
i486-TSOL-linux-gnu-gcc (crosstool-NG 1.15.2) 4.6.3
Copyright (C) 2011 Free Software Foundation, Inc.
This is free software; see the source for copying conditions.  There is NO
warranty; not even for MERCHANTABILITY or FITNESS FOR A PARTICULAR PURPOSE.

configure:3504: $? = 0
configure:3493: i486-TSOL-linux-gnu-gcc -v >&5
Using built-in specs.
COLLECT_GCC=i486-TSOL-linux-gnu-gcc
COLLECT_LTO_WRAPPER=/toolchain/libexec/gcc/i486-TSOL-linux-gnu/4.6.3/lto-wrapper
Target: i486-TSOL-linux-gnu
Configured with: /TSOL/crosstool-ng-1.15.2/bin/.build/src/gcc-4.6.3/configure --build=i686-build_pc-linux-gnu --host=i686-build_pc-linux-gnu --target=i486-TSOL-linux-gnu --prefix=/toolchain --with-sysroot=/toolchain/i486-TSOL-linux-gnu/sysroot --enable-languages=c,c++ --with-arch=i486 --with-pkgversion='crosstool-NG 1.15.2' --enable-__cxa_atexit --disable-libmudflap --disable-libgomp --disable-libssp --with-gmp=/TSOL/crosstool-ng-1.15.2/bin/.build/i486-TSOL-linux-gnu/buildtools --with-mpfr=/TSOL/crosstool-ng-1.15.2/bin/.build/i486-TSOL-linux-gnu/buildtools --with-mpc=/TSOL/crosstool-ng-1.15.2/bin/.build/i486-TSOL-linux-gnu/buildtools --with-ppl=/TSOL/crosstool-ng-1.15.2/bin/.build/i486-TSOL-linux-gnu/buildtools --with-cloog=/TSOL/crosstool-ng-1.15.2/bin/.build/i486-TSOL-linux-gnu/buildtools --with-libelf=no --with-host-libstdcxx='-static-libgcc -Wl,-Bstatic,-lstdc++,-Bdynamic -lm -L/TSOL/crosstool-ng-1.15.2/bin/.build/i486-TSOL-linux-gnu/buildtools/lib -lpwl' --enable-threads=posix --enable-target-optspace --disable-multilib --with-local-prefix=/toolchain/i486-TSOL-linux-gnu/sysroot --enable-c99 --enable-long-long
Thread model: posix
gcc version 4.6.3 (crosstool-NG 1.15.2) 
configure:3504: $? = 0
configure:3493: i486-TSOL-linux-gnu-gcc -V >&5
i486-TSOL-linux-gnu-gcc: error: unrecognized option '-V'
i486-TSOL-linux-gnu-gcc: fatal error: no input files
compilation terminated.
configure:3504: $? = 1
configure:3493: i486-TSOL-linux-gnu-gcc -qversion >&5
i486-TSOL-linux-gnu-gcc: error: unrecognized option '-qversion'
i486-TSOL-linux-gnu-gcc: fatal error: no input files
compilation terminated.
configure:3504: $? = 1
configure:3524: checking whether the C compiler works
configure:3546: i486-TSOL-linux-gnu-gcc -Os  -static-libgcc conftest.c  >&5
configure:3550: $? = 0
configure:3598: result: yes
configure:3601: checking for C compiler default output file name
configure:3603: result: a.out
configure:3609: checking for suffix of executables
configure:3616: i486-TSOL-linux-gnu-gcc -o conftest -Os  -static-libgcc conftest.c  >&5
configure:3620: $? = 0
configure:3642: result: 
configure:3664: checking whether we are cross compiling
configure:3672: i486-TSOL-linux-gnu-gcc -o conftest -Os  -static-libgcc conftest.c  >&5
configure:3676: $? = 0
configure:3683: ./conftest
configure:3687: $? = 0
configure:3702: result: no
configure:3707: checking for suffix of object files
configure:3729: i486-TSOL-linux-gnu-gcc -c -Os  conftest.c >&5
configure:3733: $? = 0
configure:3754: result: o
configure:3758: checking whether we are using the GNU C compiler
configure:3777: i486-TSOL-linux-gnu-gcc -c -Os  conftest.c >&5
configure:3777: $? = 0
configure:3786: result: yes
configure:3795: checking whether i486-TSOL-linux-gnu-gcc accepts -g
configure:3815: i486-TSOL-linux-gnu-gcc -c -g  conftest.c >&5
configure:3815: $? = 0
configure:3856: result: yes
configure:3873: checking for i486-TSOL-linux-gnu-gcc option to accept ISO C89
configure:3937: i486-TSOL-linux-gnu-gcc  -c -Os  conftest.c >&5
configure:3937: $? = 0
configure:3950: result: none needed
configure:3972: checking dependency style of i486-TSOL-linux-gnu-gcc
configure:4082: result: gcc3
configure:4097: checking for a sed that does not truncate output
configure:4161: result: /usr/bin/sed
configure:4179: checking for grep that handles long lines and -e
configure:4237: result: /usr/bin/grep
configure:4242: checking for egrep
configure:4304: result: /usr/bin/grep -E
configure:4309: checking for fgrep
configure:4371: result: /usr/bin/grep -F
configure:4406: checking for ld used by i486-TSOL-linux-gnu-gcc
configure:4473: result: i486-TSOL-linux-gnu-ld
configure:4480: checking if the linker (i486-TSOL-linux-gnu-ld) is GNU ld
configure:4495: result: yes
configure:4507: checking for BSD- or MS-compatible name lister (nm)
configure:4556: result: /toolchain/i486-TSOL-linux-gnu/bin//nm -B
configure:4686: checking the name lister (/toolchain/i486-TSOL-linux-gnu/bin//nm -B) interface
configure:4693: i486-TSOL-linux-gnu-gcc -c -Os  conftest.c >&5
configure:4696: /toolchain/i486-TSOL-linux-gnu/bin//nm -B "conftest.o"
configure:4699: output
00000000 B some_variable
configure:4706: result: BSD nm
configure:4709: checking whether ln -s works
configure:4713: result: yes
configure:4721: checking the maximum length of command line arguments
configure:4846: result: 1572864
configure:4863: checking whether the shell understands some XSI constructs
configure:4873: result: yes
configure:4877: checking whether the shell understands "+="
configure:4883: result: yes
configure:4918: checking how to convert i686-pc-linux-gnu file names to i686-pc-linux-gnu format
configure:4958: result: func_convert_file_noop
configure:4965: checking how to convert i686-pc-linux-gnu file names to toolchain format
configure:4985: result: func_convert_file_noop
configure:4992: checking for i486-TSOL-linux-gnu-ld option to reload object files
configure:4999: result: -r
configure:5073: checking for objdump
configure:5089: found /toolchain/i486-TSOL-linux-gnu/bin//objdump
configure:5100: result: objdump
configure:5132: checking how to recognize dependent libraries
configure:5334: result: pass_all
configure:5419: checking for dlltool
configure:5449: result: no
configure:5479: checking how to associate runtime and link libraries
configure:5506: result: printf %s\n
configure:5567: checking for ar
configure:5583: found /toolchain/i486-TSOL-linux-gnu/bin//ar
configure:5594: result: ar
configure:5631: checking for archiver @FILE support
configure:5648: i486-TSOL-linux-gnu-gcc -c -Os  conftest.c >&5
configure:5648: $? = 0
configure:5651: ar cru libconftest.a @conftest.lst >&5
configure:5654: $? = 0
configure:5659: ar cru libconftest.a @conftest.lst >&5
ar: conftest.o: No such file or directory
configure:5662: $? = 1
configure:5674: result: @
configure:5732: checking for strip
configure:5748: found /toolchain/i486-TSOL-linux-gnu/bin//strip
configure:5759: result: strip
configure:5831: checking for ranlib
configure:5847: found /toolchain/i486-TSOL-linux-gnu/bin//ranlib
configure:5858: result: ranlib
configure:5960: checking command to parse /toolchain/i486-TSOL-linux-gnu/bin//nm -B output from i486-TSOL-linux-gnu-gcc object
configure:6079: i486-TSOL-linux-gnu-gcc -c -Os  conftest.c >&5
configure:6082: $? = 0
configure:6086: /toolchain/i486-TSOL-linux-gnu/bin//nm -B conftest.o \| sed -n -e 's/^.*[ ]\([ABCDGIRSTW][ABCDGIRSTW]*\)[ ][ ]*\([_A-Za-z][_A-Za-z0-9]*\)$/\1 \2 \2/p' | sed '/ __gnu_lto/d' \> conftest.nm
configure:6089: $? = 0
configure:6155: i486-TSOL-linux-gnu-gcc -o conftest -Os  -static-libgcc conftest.c conftstm.o >&5
configure:6158: $? = 0
configure:6196: result: ok
configure:6233: checking for sysroot
configure:6263: result: no
configure:6506: checking for mt
configure:6536: result: no
configure:6556: checking if : is a manifest tool
configure:6562: : '-?'
configure:6570: result: no
configure:7202: checking how to run the C preprocessor
configure:7233: i486-TSOL-linux-gnu-gcc -E  conftest.c
configure:7233: $? = 0
configure:7247: i486-TSOL-linux-gnu-gcc -E  conftest.c
conftest.c:11:28: fatal error: ac_nonexistent.h: No such file or directory
compilation terminated.
configure:7247: $? = 1
configure: failed program was:
| /* confdefs.h */
| #define PACKAGE_NAME "libXt"
| #define PACKAGE_TARNAME "libXt"
| #define PACKAGE_VERSION "1.1.3"
| #define PACKAGE_STRING "libXt 1.1.3"
| #define PACKAGE_BUGREPORT "https://bugs.freedesktop.org/enter_bug.cgi?product=xorg"
| #define PACKAGE_URL ""
| #define PACKAGE "libXt"
| #define VERSION "1.1.3"
| /* end confdefs.h.  */
| #include <ac_nonexistent.h>
configure:7272: result: i486-TSOL-linux-gnu-gcc -E
configure:7292: i486-TSOL-linux-gnu-gcc -E  conftest.c
configure:7292: $? = 0
configure:7306: i486-TSOL-linux-gnu-gcc -E  conftest.c
conftest.c:11:28: fatal error: ac_nonexistent.h: No such file or directory
compilation terminated.
configure:7306: $? = 1
configure: failed program was:
| /* confdefs.h */
| #define PACKAGE_NAME "libXt"
| #define PACKAGE_TARNAME "libXt"
| #define PACKAGE_VERSION "1.1.3"
| #define PACKAGE_STRING "libXt 1.1.3"
| #define PACKAGE_BUGREPORT "https://bugs.freedesktop.org/enter_bug.cgi?product=xorg"
| #define PACKAGE_URL ""
| #define PACKAGE "libXt"
| #define VERSION "1.1.3"
| /* end confdefs.h.  */
| #include <ac_nonexistent.h>
configure:7335: checking for ANSI C header files
configure:7355: i486-TSOL-linux-gnu-gcc -c -Os  conftest.c >&5
configure:7355: $? = 0
configure:7428: i486-TSOL-linux-gnu-gcc -o conftest -Os  -static-libgcc conftest.c  >&5
configure:7428: $? = 0
configure:7428: ./conftest
configure:7428: $? = 0
configure:7439: result: yes
configure:7452: checking for sys/types.h
configure:7452: i486-TSOL-linux-gnu-gcc -c -Os  conftest.c >&5
configure:7452: $? = 0
configure:7452: result: yes
configure:7452: checking for sys/stat.h
configure:7452: i486-TSOL-linux-gnu-gcc -c -Os  conftest.c >&5
configure:7452: $? = 0
configure:7452: result: yes
configure:7452: checking for stdlib.h
configure:7452: i486-TSOL-linux-gnu-gcc -c -Os  conftest.c >&5
configure:7452: $? = 0
configure:7452: result: yes
configure:7452: checking for string.h
configure:7452: i486-TSOL-linux-gnu-gcc -c -Os  conftest.c >&5
configure:7452: $? = 0
configure:7452: result: yes
configure:7452: checking for memory.h
configure:7452: i486-TSOL-linux-gnu-gcc -c -Os  conftest.c >&5
configure:7452: $? = 0
configure:7452: result: yes
configure:7452: checking for strings.h
configure:7452: i486-TSOL-linux-gnu-gcc -c -Os  conftest.c >&5
configure:7452: $? = 0
configure:7452: result: yes
configure:7452: checking for inttypes.h
configure:7452: i486-TSOL-linux-gnu-gcc -c -Os  conftest.c >&5
configure:7452: $? = 0
configure:7452: result: yes
configure:7452: checking for stdint.h
configure:7452: i486-TSOL-linux-gnu-gcc -c -Os  conftest.c >&5
configure:7452: $? = 0
configure:7452: result: yes
configure:7452: checking for unistd.h
configure:7452: i486-TSOL-linux-gnu-gcc -c -Os  conftest.c >&5
configure:7452: $? = 0
configure:7452: result: yes
configure:7466: checking for dlfcn.h
configure:7466: i486-TSOL-linux-gnu-gcc -c -Os  conftest.c >&5
configure:7466: $? = 0
configure:7466: result: yes
configure:7653: checking for objdir
configure:7668: result: .libs
configure:7935: checking if i486-TSOL-linux-gnu-gcc supports -fno-rtti -fno-exceptions
configure:7953: i486-TSOL-linux-gnu-gcc -c -Os  -fno-rtti -fno-exceptions conftest.c >&5
cc1: warning: command line option '-fno-rtti' is valid for C++/ObjC++ but not for C [enabled by default]
configure:7957: $? = 0
configure:7970: result: no
configure:8280: checking for i486-TSOL-linux-gnu-gcc option to produce PIC
configure:8287: result: -fPIC -DPIC
configure:8295: checking if i486-TSOL-linux-gnu-gcc PIC flag -fPIC -DPIC works
configure:8313: i486-TSOL-linux-gnu-gcc -c -Os  -fPIC -DPIC -DPIC conftest.c >&5
configure:8317: $? = 0
configure:8330: result: yes
configure:8359: checking if i486-TSOL-linux-gnu-gcc static flag -static works
configure:8387: result: yes
configure:8402: checking if i486-TSOL-linux-gnu-gcc supports -c -o file.o
configure:8423: i486-TSOL-linux-gnu-gcc -c -Os  -o out/conftest2.o conftest.c >&5
configure:8427: $? = 0
configure:8449: result: yes
configure:8457: checking if i486-TSOL-linux-gnu-gcc supports -c -o file.o
configure:8504: result: yes
configure:8537: checking whether the i486-TSOL-linux-gnu-gcc linker (i486-TSOL-linux-gnu-ld) supports shared libraries
configure:9695: result: yes
configure:9732: checking whether -lc should be explicitly linked in
configure:9740: i486-TSOL-linux-gnu-gcc -c -Os  conftest.c >&5
configure:9743: $? = 0
configure:9758: i486-TSOL-linux-gnu-gcc -shared  -fPIC -DPIC conftest.o  -v -Wl,-soname -Wl,conftest -o conftest 2\>\&1 \| /usr/bin/grep  -lc  \>/dev/null 2\>\&1
configure:9761: $? = 0
configure:9775: result: no
configure:9940: checking dynamic linker characteristics
configure:10454: i486-TSOL-linux-gnu-gcc -o conftest -Os  -static-libgcc -Wl,-rpath -Wl,/foo conftest.c  >&5
configure:10454: $? = 0
configure:10676: result: GNU/Linux ld.so
configure:10783: checking how to hardcode library paths into programs
configure:10808: result: immediate
configure:11348: checking whether stripping libraries is possible
configure:11353: result: yes
configure:11388: checking if libtool supports shared libraries
configure:11390: result: yes
configure:11393: checking whether to build shared libraries
configure:11414: result: yes
configure:11417: checking whether to build static libraries
configure:11421: result: yes
configure:11469: checking for i486-TSOL-linux-gnu-gcc option to accept ISO C99
configure:11618: i486-TSOL-linux-gnu-gcc  -c -Os  conftest.c >&5
conftest.c:73:29: error: expected ';', ',' or ')' before 'text'
conftest.c: In function 'main':
conftest.c:127:18: error: expected '=', ',', ';', 'asm' or '__attribute__' before 'newvar'
conftest.c:127:18: error: 'newvar' undeclared (first use in this function)
conftest.c:127:18: note: each undeclared identifier is reported only once for each function it appears in
conftest.c:137:3: error: 'for' loop initial declarations are only allowed in C99 mode
conftest.c:137:3: note: use option -std=c99 or -std=gnu99 to compile your code
configure:11618: $? = 1
configure: failed program was:
| /* confdefs.h */
| #define PACKAGE_NAME "libXt"
| #define PACKAGE_TARNAME "libXt"
| #define PACKAGE_VERSION "1.1.3"
| #define PACKAGE_STRING "libXt 1.1.3"
| #define PACKAGE_BUGREPORT "https://bugs.freedesktop.org/enter_bug.cgi?product=xorg"
| #define PACKAGE_URL ""
| #define PACKAGE "libXt"
| #define VERSION "1.1.3"
| #define STDC_HEADERS 1
| #define HAVE_SYS_TYPES_H 1
| #define HAVE_SYS_STAT_H 1
| #define HAVE_STDLIB_H 1
| #define HAVE_STRING_H 1
| #define HAVE_MEMORY_H 1
| #define HAVE_STRINGS_H 1
| #define HAVE_INTTYPES_H 1
| #define HAVE_STDINT_H 1
| #define HAVE_UNISTD_H 1
| #define HAVE_DLFCN_H 1
| #define LT_OBJDIR ".libs/"
| /* end confdefs.h.  */
| #include <stdarg.h>
| #include <stdbool.h>
| #include <stdlib.h>
| #include <wchar.h>
| #include <stdio.h>
| 
| // Check varargs macros.  These examples are taken from C99 6.10.3.5.
| #define debug(...) fprintf (stderr, __VA_ARGS__)
| #define showlist(...) puts (#__VA_ARGS__)
| #define report(test,...) ((test) ? puts (#test) : printf (__VA_ARGS__))
| static void
| test_varargs_macros (void)
| {
|   int x = 1234;
|   int y = 5678;
|   debug ("Flag");
|   debug ("X = %d\n", x);
|   showlist (The first, second, and third items.);
|   report (x>y, "x is %d but y is %d", x, y);
| }
| 
| // Check long long types.
| #define BIG64 18446744073709551615ull
| #define BIG32 4294967295ul
| #define BIG_OK (BIG64 / BIG32 == 4294967297ull && BIG64 % BIG32 == 0)
| #if !BIG_OK
|   your preprocessor is broken;
| #endif
| #if BIG_OK
| #else
|   your preprocessor is broken;
| #endif
| static long long int bignum = -9223372036854775807LL;
| static unsigned long long int ubignum = BIG64;
| 
| struct incomplete_array
| {
|   int datasize;
|   double data[];
| };
| 
| struct named_init {
|   int number;
|   const wchar_t *name;
|   double average;
| };
| 
| typedef const char *ccp;
| 
| static inline int
| test_restrict (ccp restrict text)
| {
|   // See if C++-style comments work.
|   // Iterate through items via the restricted pointer.
|   // Also check for declarations in for loops.
|   for (unsigned int i = 0; *(text+i) != '\0'; ++i)
|     continue;
|   return 0;
| }
| 
| // Check varargs and va_copy.
| static void
| test_varargs (const char *format, ...)
| {
|   va_list args;
|   va_start (args, format);
|   va_list args_copy;
|   va_copy (args_copy, args);
| 
|   const char *str;
|   int number;
|   float fnumber;
| 
|   while (*format)
|     {
|       switch (*format++)
| 	{
| 	case 's': // string
| 	  str = va_arg (args_copy, const char *);
| 	  break;
| 	case 'd': // int
| 	  number = va_arg (args_copy, int);
| 	  break;
| 	case 'f': // float
| 	  fnumber = va_arg (args_copy, double);
| 	  break;
| 	default:
| 	  break;
| 	}
|     }
|   va_end (args_copy);
|   va_end (args);
| }
| 
| int
| main ()
| {
| 
|   // Check bool.
|   _Bool success = false;
| 
|   // Check restrict.
|   if (test_restrict ("String literal") == 0)
|     success = true;
|   char *restrict newvar = "Another string";
| 
|   // Check varargs.
|   test_varargs ("s, d' f .", "string", 65, 34.234);
|   test_varargs_macros ();
| 
|   // Check flexible array members.
|   struct incomplete_array *ia =
|     malloc (sizeof (struct incomplete_array) + (sizeof (double) * 10));
|   ia->datasize = 10;
|   for (int i = 0; i < ia->datasize; ++i)
|     ia->data[i] = i * 1.234;
| 
|   // Check named initializers.
|   struct named_init ni = {
|     .number = 34,
|     .name = L"Test wide string",
|     .average = 543.34343,
|   };
| 
|   ni.number = 58;
| 
|   int dynamic_array[ni.number];
|   dynamic_array[ni.number - 1] = 543;
| 
|   // work around unused variable warnings
|   return (!success || bignum == 0LL || ubignum == 0uLL || newvar[0] == 'x'
| 	  || dynamic_array[ni.number - 1] != 543);
| 
|   ;
|   return 0;
| }
configure:11618: i486-TSOL-linux-gnu-gcc -std=gnu99 -c -Os  conftest.c >&5
configure:11618: $? = 0
configure:11638: result: -std=gnu99
configure:11650: checking whether __clang__ is declared
configure:11650: i486-TSOL-linux-gnu-gcc -std=gnu99 -c -Os  conftest.c >&5
conftest.c: In function 'main':
conftest.c:63:10: error: '__clang__' undeclared (first use in this function)
conftest.c:63:10: note: each undeclared identifier is reported only once for each function it appears in
configure:11650: $? = 1
configure: failed program was:
| /* confdefs.h */
| #define PACKAGE_NAME "libXt"
| #define PACKAGE_TARNAME "libXt"
| #define PACKAGE_VERSION "1.1.3"
| #define PACKAGE_STRING "libXt 1.1.3"
| #define PACKAGE_BUGREPORT "https://bugs.freedesktop.org/enter_bug.cgi?product=xorg"
| #define PACKAGE_URL ""
| #define PACKAGE "libXt"
| #define VERSION "1.1.3"
| #define STDC_HEADERS 1
| #define HAVE_SYS_TYPES_H 1
| #define HAVE_SYS_STAT_H 1
| #define HAVE_STDLIB_H 1
| #define HAVE_STRING_H 1
| #define HAVE_MEMORY_H 1
| #define HAVE_STRINGS_H 1
| #define HAVE_INTTYPES_H 1
| #define HAVE_STDINT_H 1
| #define HAVE_UNISTD_H 1
| #define HAVE_DLFCN_H 1
| #define LT_OBJDIR ".libs/"
| /* end confdefs.h.  */
| #include <stdio.h>
| #ifdef HAVE_SYS_TYPES_H
| # include <sys/types.h>
| #endif
| #ifdef HAVE_SYS_STAT_H
| # include <sys/stat.h>
| #endif
| #ifdef STDC_HEADERS
| # include <stdlib.h>
| # include <stddef.h>
| #else
| # ifdef HAVE_STDLIB_H
| #  include <stdlib.h>
| # endif
| #endif
| #ifdef HAVE_STRING_H
| # if !defined STDC_HEADERS && defined HAVE_MEMORY_H
| #  include <memory.h>
| # endif
| # include <string.h>
| #endif
| #ifdef HAVE_STRINGS_H
| # include <strings.h>
| #endif
| #ifdef HAVE_INTTYPES_H
| # include <inttypes.h>
| #endif
| #ifdef HAVE_STDINT_H
| # include <stdint.h>
| #endif
| #ifdef HAVE_UNISTD_H
| # include <unistd.h>
| #endif
| int
| main ()
| {
| #ifndef __clang__
| #ifdef __cplusplus
|   (void) __clang__;
| #else
|   (void) __clang__;
| #endif
| #endif
| 
|   ;
|   return 0;
| }
configure:11650: result: no
configure:11657: checking whether __INTEL_COMPILER is declared
configure:11657: i486-TSOL-linux-gnu-gcc -std=gnu99 -c -Os  conftest.c >&5
conftest.c: In function 'main':
conftest.c:63:10: error: '__INTEL_COMPILER' undeclared (first use in this function)
conftest.c:63:10: note: each undeclared identifier is reported only once for each function it appears in
configure:11657: $? = 1
configure: failed program was:
| /* confdefs.h */
| #define PACKAGE_NAME "libXt"
| #define PACKAGE_TARNAME "libXt"
| #define PACKAGE_VERSION "1.1.3"
| #define PACKAGE_STRING "libXt 1.1.3"
| #define PACKAGE_BUGREPORT "https://bugs.freedesktop.org/enter_bug.cgi?product=xorg"
| #define PACKAGE_URL ""
| #define PACKAGE "libXt"
| #define VERSION "1.1.3"
| #define STDC_HEADERS 1
| #define HAVE_SYS_TYPES_H 1
| #define HAVE_SYS_STAT_H 1
| #define HAVE_STDLIB_H 1
| #define HAVE_STRING_H 1
| #define HAVE_MEMORY_H 1
| #define HAVE_STRINGS_H 1
| #define HAVE_INTTYPES_H 1
| #define HAVE_STDINT_H 1
| #define HAVE_UNISTD_H 1
| #define HAVE_DLFCN_H 1
| #define LT_OBJDIR ".libs/"
| /* end confdefs.h.  */
| #include <stdio.h>
| #ifdef HAVE_SYS_TYPES_H
| # include <sys/types.h>
| #endif
| #ifdef HAVE_SYS_STAT_H
| # include <sys/stat.h>
| #endif
| #ifdef STDC_HEADERS
| # include <stdlib.h>
| # include <stddef.h>
| #else
| # ifdef HAVE_STDLIB_H
| #  include <stdlib.h>
| # endif
| #endif
| #ifdef HAVE_STRING_H
| # if !defined STDC_HEADERS && defined HAVE_MEMORY_H
| #  include <memory.h>
| # endif
| # include <string.h>
| #endif
| #ifdef HAVE_STRINGS_H
| # include <strings.h>
| #endif
| #ifdef HAVE_INTTYPES_H
| # include <inttypes.h>
| #endif
| #ifdef HAVE_STDINT_H
| # include <stdint.h>
| #endif
| #ifdef HAVE_UNISTD_H
| # include <unistd.h>
| #endif
| int
| main ()
| {
| #ifndef __INTEL_COMPILER
| #ifdef __cplusplus
|   (void) __INTEL_COMPILER;
| #else
|   (void) __INTEL_COMPILER;
| #endif
| #endif
| 
|   ;
|   return 0;
| }
configure:11657: result: no
configure:11664: checking whether __SUNPRO_C is declared
configure:11664: i486-TSOL-linux-gnu-gcc -std=gnu99 -c -Os  conftest.c >&5
conftest.c: In function 'main':
conftest.c:63:10: error: '__SUNPRO_C' undeclared (first use in this function)
conftest.c:63:10: note: each undeclared identifier is reported only once for each function it appears in
configure:11664: $? = 1
configure: failed program was:
| /* confdefs.h */
| #define PACKAGE_NAME "libXt"
| #define PACKAGE_TARNAME "libXt"
| #define PACKAGE_VERSION "1.1.3"
| #define PACKAGE_STRING "libXt 1.1.3"
| #define PACKAGE_BUGREPORT "https://bugs.freedesktop.org/enter_bug.cgi?product=xorg"
| #define PACKAGE_URL ""
| #define PACKAGE "libXt"
| #define VERSION "1.1.3"
| #define STDC_HEADERS 1
| #define HAVE_SYS_TYPES_H 1
| #define HAVE_SYS_STAT_H 1
| #define HAVE_STDLIB_H 1
| #define HAVE_STRING_H 1
| #define HAVE_MEMORY_H 1
| #define HAVE_STRINGS_H 1
| #define HAVE_INTTYPES_H 1
| #define HAVE_STDINT_H 1
| #define HAVE_UNISTD_H 1
| #define HAVE_DLFCN_H 1
| #define LT_OBJDIR ".libs/"
| /* end confdefs.h.  */
| #include <stdio.h>
| #ifdef HAVE_SYS_TYPES_H
| # include <sys/types.h>
| #endif
| #ifdef HAVE_SYS_STAT_H
| # include <sys/stat.h>
| #endif
| #ifdef STDC_HEADERS
| # include <stdlib.h>
| # include <stddef.h>
| #else
| # ifdef HAVE_STDLIB_H
| #  include <stdlib.h>
| # endif
| #endif
| #ifdef HAVE_STRING_H
| # if !defined STDC_HEADERS && defined HAVE_MEMORY_H
| #  include <memory.h>
| # endif
| # include <string.h>
| #endif
| #ifdef HAVE_STRINGS_H
| # include <strings.h>
| #endif
| #ifdef HAVE_INTTYPES_H
| # include <inttypes.h>
| #endif
| #ifdef HAVE_STDINT_H
| # include <stdint.h>
| #endif
| #ifdef HAVE_UNISTD_H
| # include <unistd.h>
| #endif
| int
| main ()
| {
| #ifndef __SUNPRO_C
| #ifdef __cplusplus
|   (void) __SUNPRO_C;
| #else
|   (void) __SUNPRO_C;
| #endif
| #endif
| 
|   ;
|   return 0;
| }
configure:11664: result: no
configure:11721: checking for pkg-config
configure:11739: found /usr/bin/pkg-config
configure:11751: result: /usr/bin/pkg-config
configure:11776: checking pkg-config is at least version 0.9.0
configure:11779: result: yes
configure:11829: checking if i486-TSOL-linux-gnu-gcc -std=gnu99 supports -Werror=unknown-warning-option
configure:11838: i486-TSOL-linux-gnu-gcc -std=gnu99 -c -Os -Werror=unknown-warning-option  conftest.c >&5
cc1: error: -Werror=unknown-warning-option: no option -Wunknown-warning-option
configure:11838: $? = 1
configure: failed program was:
| /* confdefs.h */
| #define PACKAGE_NAME "libXt"
| #define PACKAGE_TARNAME "libXt"
| #define PACKAGE_VERSION "1.1.3"
| #define PACKAGE_STRING "libXt 1.1.3"
| #define PACKAGE_BUGREPORT "https://bugs.freedesktop.org/enter_bug.cgi?product=xorg"
| #define PACKAGE_URL ""
| #define PACKAGE "libXt"
| #define VERSION "1.1.3"
| #define STDC_HEADERS 1
| #define HAVE_SYS_TYPES_H 1
| #define HAVE_SYS_STAT_H 1
| #define HAVE_STDLIB_H 1
| #define HAVE_STRING_H 1
| #define HAVE_MEMORY_H 1
| #define HAVE_STRINGS_H 1
| #define HAVE_INTTYPES_H 1
| #define HAVE_STDINT_H 1
| #define HAVE_UNISTD_H 1
| #define HAVE_DLFCN_H 1
| #define LT_OBJDIR ".libs/"
| /* end confdefs.h.  */
| int i;
configure:11845: result: no
configure:11856: checking if i486-TSOL-linux-gnu-gcc -std=gnu99 supports -Werror=unused-command-line-argument
configure:11865: i486-TSOL-linux-gnu-gcc -std=gnu99 -c -Os -Werror=unused-command-line-argument  conftest.c >&5
cc1: error: -Werror=unused-command-line-argument: no option -Wunused-command-line-argument
configure:11865: $? = 1
configure: failed program was:
| /* confdefs.h */
| #define PACKAGE_NAME "libXt"
| #define PACKAGE_TARNAME "libXt"
| #define PACKAGE_VERSION "1.1.3"
| #define PACKAGE_STRING "libXt 1.1.3"
| #define PACKAGE_BUGREPORT "https://bugs.freedesktop.org/enter_bug.cgi?product=xorg"
| #define PACKAGE_URL ""
| #define PACKAGE "libXt"
| #define VERSION "1.1.3"
| #define STDC_HEADERS 1
| #define HAVE_SYS_TYPES_H 1
| #define HAVE_SYS_STAT_H 1
| #define HAVE_STDLIB_H 1
| #define HAVE_STRING_H 1
| #define HAVE_MEMORY_H 1
| #define HAVE_STRINGS_H 1
| #define HAVE_INTTYPES_H 1
| #define HAVE_STDINT_H 1
| #define HAVE_UNISTD_H 1
| #define HAVE_DLFCN_H 1
| #define LT_OBJDIR ".libs/"
| /* end confdefs.h.  */
| int i;
configure:11872: result: no
configure:11891: checking if i486-TSOL-linux-gnu-gcc -std=gnu99 supports-Wall
configure:11908: i486-TSOL-linux-gnu-gcc -std=gnu99 -o conftest -Os -Wall  -static-libgcc conftest.c  >&5
configure:11908: $? = 0
configure:11921: result: yes
configure:12009: checking if i486-TSOL-linux-gnu-gcc -std=gnu99 supports-Wpointer-arith
configure:12026: i486-TSOL-linux-gnu-gcc -std=gnu99 -o conftest -Os -Wpointer-arith  -static-libgcc conftest.c  >&5
configure:12026: $? = 0
configure:12039: result: yes
configure:12127: checking if i486-TSOL-linux-gnu-gcc -std=gnu99 supports-Wmissing-declarations
configure:12144: i486-TSOL-linux-gnu-gcc -std=gnu99 -o conftest -Os -Wmissing-declarations  -static-libgcc conftest.c  >&5
configure:12144: $? = 0
configure:12157: result: yes
configure:12245: checking if i486-TSOL-linux-gnu-gcc -std=gnu99 supports-Wformat=2
configure:12262: i486-TSOL-linux-gnu-gcc -std=gnu99 -o conftest -Os -Wformat=2  -static-libgcc conftest.c  >&5
configure:12262: $? = 0
configure:12275: result: yes
configure:12414: checking if i486-TSOL-linux-gnu-gcc -std=gnu99 supports-Wstrict-prototypes
configure:12431: i486-TSOL-linux-gnu-gcc -std=gnu99 -o conftest -Os -Wstrict-prototypes  -static-libgcc conftest.c  >&5
conftest.c:25:1: warning: function declaration isn't a prototype [-Wstrict-prototypes]
configure:12431: $? = 0
configure:12444: result: yes
configure:12532: checking if i486-TSOL-linux-gnu-gcc -std=gnu99 supports-Wmissing-prototypes
configure:12549: i486-TSOL-linux-gnu-gcc -std=gnu99 -o conftest -Os -Wmissing-prototypes  -static-libgcc conftest.c  >&5
configure:12549: $? = 0
configure:12562: result: yes
configure:12650: checking if i486-TSOL-linux-gnu-gcc -std=gnu99 supports-Wnested-externs
configure:12667: i486-TSOL-linux-gnu-gcc -std=gnu99 -o conftest -Os -Wnested-externs  -static-libgcc conftest.c  >&5
configure:12667: $? = 0
configure:12680: result: yes
configure:12768: checking if i486-TSOL-linux-gnu-gcc -std=gnu99 supports-Wbad-function-cast
configure:12785: i486-TSOL-linux-gnu-gcc -std=gnu99 -o conftest -Os -Wbad-function-cast  -static-libgcc conftest.c  >&5
configure:12785: $? = 0
configure:12798: result: yes
configure:12886: checking if i486-TSOL-linux-gnu-gcc -std=gnu99 supports-Wold-style-definition
configure:12903: i486-TSOL-linux-gnu-gcc -std=gnu99 -o conftest -Os -Wold-style-definition  -static-libgcc conftest.c  >&5
conftest.c: In function 'main':
conftest.c:25:1: warning: old-style function definition [-Wold-style-definition]
configure:12903: $? = 0
configure:12916: result: yes
configure:13004: checking if i486-TSOL-linux-gnu-gcc -std=gnu99 supports-Wdeclaration-after-statement
configure:13021: i486-TSOL-linux-gnu-gcc -std=gnu99 -o conftest -Os -Wdeclaration-after-statement  -static-libgcc conftest.c  >&5
configure:13021: $? = 0
configure:13034: result: yes
configure:13126: checking if i486-TSOL-linux-gnu-gcc -std=gnu99 supports-Wunused
configure:13143: i486-TSOL-linux-gnu-gcc -std=gnu99 -o conftest -Os -Wunused  -static-libgcc conftest.c  >&5
configure:13143: $? = 0
configure:13156: result: yes
configure:13244: checking if i486-TSOL-linux-gnu-gcc -std=gnu99 supports-Wuninitialized
configure:13261: i486-TSOL-linux-gnu-gcc -std=gnu99 -o conftest -Os -Wuninitialized  -static-libgcc conftest.c  >&5
configure:13261: $? = 0
configure:13274: result: yes
configure:13362: checking if i486-TSOL-linux-gnu-gcc -std=gnu99 supports-Wshadow
configure:13379: i486-TSOL-linux-gnu-gcc -std=gnu99 -o conftest -Os -Wshadow  -static-libgcc conftest.c  >&5
configure:13379: $? = 0
configure:13392: result: yes
configure:13480: checking if i486-TSOL-linux-gnu-gcc -std=gnu99 supports-Wcast-qual
configure:13497: i486-TSOL-linux-gnu-gcc -std=gnu99 -o conftest -Os -Wcast-qual  -static-libgcc conftest.c  >&5
configure:13497: $? = 0
configure:13510: result: yes
configure:13598: checking if i486-TSOL-linux-gnu-gcc -std=gnu99 supports-Wmissing-noreturn
configure:13615: i486-TSOL-linux-gnu-gcc -std=gnu99 -o conftest -Os -Wmissing-noreturn  -static-libgcc conftest.c  >&5
configure:13615: $? = 0
configure:13628: result: yes
configure:13716: checking if i486-TSOL-linux-gnu-gcc -std=gnu99 supports-Wmissing-format-attribute
configure:13733: i486-TSOL-linux-gnu-gcc -std=gnu99 -o conftest -Os -Wmissing-format-attribute  -static-libgcc conftest.c  >&5
configure:13733: $? = 0
configure:13746: result: yes
configure:13834: checking if i486-TSOL-linux-gnu-gcc -std=gnu99 supports-Wredundant-decls
configure:13851: i486-TSOL-linux-gnu-gcc -std=gnu99 -o conftest -Os -Wredundant-decls  -static-libgcc conftest.c  >&5
configure:13851: $? = 0
configure:13864: result: yes
configure:13964: checking if i486-TSOL-linux-gnu-gcc -std=gnu99 supports-Werror=implicit
configure:13981: i486-TSOL-linux-gnu-gcc -std=gnu99 -o conftest -Os -Werror=implicit  -static-libgcc conftest.c  >&5
configure:13981: $? = 0
configure:13994: result: yes
configure:14131: checking if i486-TSOL-linux-gnu-gcc -std=gnu99 supports-Werror=nonnull
configure:14148: i486-TSOL-linux-gnu-gcc -std=gnu99 -o conftest -Os -Werror=nonnull  -static-libgcc conftest.c  >&5
configure:14148: $? = 0
configure:14161: result: yes
configure:14249: checking if i486-TSOL-linux-gnu-gcc -std=gnu99 supports-Werror=init-self
configure:14266: i486-TSOL-linux-gnu-gcc -std=gnu99 -o conftest -Os -Werror=init-self  -static-libgcc conftest.c  >&5
configure:14266: $? = 0
configure:14279: result: yes
configure:14367: checking if i486-TSOL-linux-gnu-gcc -std=gnu99 supports-Werror=main
configure:14384: i486-TSOL-linux-gnu-gcc -std=gnu99 -o conftest -Os -Werror=main  -static-libgcc conftest.c  >&5
configure:14384: $? = 0
configure:14397: result: yes
configure:14485: checking if i486-TSOL-linux-gnu-gcc -std=gnu99 supports-Werror=missing-braces
configure:14502: i486-TSOL-linux-gnu-gcc -std=gnu99 -o conftest -Os -Werror=missing-braces  -static-libgcc conftest.c  >&5
configure:14502: $? = 0
configure:14515: result: yes
configure:14603: checking if i486-TSOL-linux-gnu-gcc -std=gnu99 supports-Werror=sequence-point
configure:14620: i486-TSOL-linux-gnu-gcc -std=gnu99 -o conftest -Os -Werror=sequence-point  -static-libgcc conftest.c  >&5
configure:14620: $? = 0
configure:14633: result: yes
configure:14721: checking if i486-TSOL-linux-gnu-gcc -std=gnu99 supports-Werror=return-type
configure:14738: i486-TSOL-linux-gnu-gcc -std=gnu99 -o conftest -Os -Werror=return-type  -static-libgcc conftest.c  >&5
configure:14738: $? = 0
configure:14751: result: yes
configure:14888: checking if i486-TSOL-linux-gnu-gcc -std=gnu99 supports-Werror=trigraphs
configure:14905: i486-TSOL-linux-gnu-gcc -std=gnu99 -o conftest -Os -Werror=trigraphs  -static-libgcc conftest.c  >&5
configure:14905: $? = 0
configure:14918: result: yes
configure:15006: checking if i486-TSOL-linux-gnu-gcc -std=gnu99 supports-Werror=array-bounds
configure:15023: i486-TSOL-linux-gnu-gcc -std=gnu99 -o conftest -Os -Werror=array-bounds  -static-libgcc conftest.c  >&5
configure:15023: $? = 0
configure:15036: result: yes
configure:15124: checking if i486-TSOL-linux-gnu-gcc -std=gnu99 supports-Werror=write-strings
configure:15141: i486-TSOL-linux-gnu-gcc -std=gnu99 -o conftest -Os -Werror=write-strings  -static-libgcc conftest.c  >&5
configure:15141: $? = 0
configure:15154: result: yes
configure:15242: checking if i486-TSOL-linux-gnu-gcc -std=gnu99 supports-Werror=address
configure:15259: i486-TSOL-linux-gnu-gcc -std=gnu99 -o conftest -Os -Werror=address  -static-libgcc conftest.c  >&5
configure:15259: $? = 0
configure:15272: result: yes
configure:15360: checking if i486-TSOL-linux-gnu-gcc -std=gnu99 supports-Werror=int-to-pointer-cast
configure:15377: i486-TSOL-linux-gnu-gcc -std=gnu99 -o conftest -Os -Werror=int-to-pointer-cast  -static-libgcc conftest.c  >&5
configure:15377: $? = 0
configure:15390: result: yes
configure:15527: checking if i486-TSOL-linux-gnu-gcc -std=gnu99 supports-Werror=pointer-to-int-cast
configure:15544: i486-TSOL-linux-gnu-gcc -std=gnu99 -o conftest -Os -Werror=pointer-to-int-cast  -static-libgcc conftest.c  >&5
configure:15544: $? = 0
configure:15557: result: yes
configure:17215: checking if i486-TSOL-linux-gnu-gcc -std=gnu99 supports-pedantic
configure:17232: i486-TSOL-linux-gnu-gcc -std=gnu99 -o conftest -Os -pedantic  -static-libgcc conftest.c  >&5
configure:17232: $? = 0
configure:17245: result: yes
configure:17333: checking if i486-TSOL-linux-gnu-gcc -std=gnu99 supports-Werror
configure:17350: i486-TSOL-linux-gnu-gcc -std=gnu99 -o conftest -Os -Werror  -static-libgcc conftest.c  >&5
configure:17350: $? = 0
configure:17363: result: yes
configure:17503: checking if i486-TSOL-linux-gnu-gcc -std=gnu99 supports-Werror=attributes
configure:17520: i486-TSOL-linux-gnu-gcc -std=gnu99 -o conftest -Os -Werror=attributes  -static-libgcc conftest.c  >&5
configure:17520: $? = 0
configure:17533: result: yes
configure:17704: checking whether malloc(0) returns NULL
configure:17730: i486-TSOL-linux-gnu-gcc -std=gnu99 -o conftest -Os  -static-libgcc conftest.c  >&5
configure:17730: $? = 0
configure:17730: ./conftest
configure:17730: $? = 0
configure:17740: result: yes
configure:17775: checking whether to build functional specifications
configure:17777: result: yes
configure:17796: checking for xmlto
configure:17829: result: no
configure:17835: WARNING: xmlto not found - documentation targets will be skipped
configure:17971: checking for fop
configure:18004: result: no
configure:18010: WARNING: fop not found - documentation targets will be skipped
configure:18100: checking for xsltproc
configure:18118: found /usr/bin/xsltproc
configure:18130: result: /usr/bin/xsltproc
configure:18210: checking for X.Org SGML entities >= 1.01
configure:18214: $PKG_CONFIG --exists --print-errors "xorg-sgml-doctools >= 1.01"
Package xorg-sgml-doctools was not found in the pkg-config search path.
Perhaps you should add the directory containing `xorg-sgml-doctools.pc'
to the PKG_CONFIG_PATH environment variable
No package 'xorg-sgml-doctools' found
configure:18217: $? = 1
configure:18233: result: no
configure:18255: checking for cpp
configure:18274: found /toolchain/i486-TSOL-linux-gnu/bin//cpp
configure:18286: result: /toolchain/i486-TSOL-linux-gnu/bin//cpp
configure:18302: checking if /toolchain/i486-TSOL-linux-gnu/bin//cpp requires -undef
configure:18314: result: yes
configure:18327: checking if /toolchain/i486-TSOL-linux-gnu/bin//cpp requires -traditional
configure:18339: result: yes
configure:18366: checking for perl
configure:18384: found /usr/bin/perl
configure:18396: result: /usr/bin/perl
configure:18478: checking alloca.h usability
configure:18478: i486-TSOL-linux-gnu-gcc -std=gnu99 -c -Os  conftest.c >&5
configure:18478: $? = 0
configure:18478: result: yes
configure:18478: checking alloca.h presence
configure:18478: i486-TSOL-linux-gnu-gcc -E  conftest.c
configure:18478: $? = 0
configure:18478: result: yes
configure:18478: checking for alloca.h
configure:18478: result: yes
configure:18490: checking for XT
configure:18497: $PKG_CONFIG --exists --print-errors "sm ice x11 xproto kbproto"
configure:18500: $? = 0
configure:18513: $PKG_CONFIG --exists --print-errors "sm ice x11 xproto kbproto"
configure:18516: $? = 0
configure:18570: result: yes
configure:18656: checking for poll
configure:18656: i486-TSOL-linux-gnu-gcc -std=gnu99 -o conftest -Os  -static-libgcc conftest.c  >&5
configure:18656: $? = 0
configure:18656: result: yes
configure:18819: checking whether to build unit test cases
configure:18821: result: auto
configure:18844: checking for GLIB
configure:18851: $PKG_CONFIG --exists --print-errors "glib-2.0 >= 2.16"
configure:18854: $? = 0
configure:18867: $PKG_CONFIG --exists --print-errors "glib-2.0 >= 2.16"
configure:18870: $? = 0
configure:18905: result: yes
configure:19233: creating ./config.status

## ---------------------- ##
## Running config.status. ##
## ---------------------- ##

This file was extended by libXt config.status 1.1.3, which was
generated by GNU Autoconf 2.68.  Invocation command line was

  CONFIG_FILES    = 
  CONFIG_HEADERS  = 
  CONFIG_LINKS    = 
  CONFIG_COMMANDS = 
  $ ./config.status 

on ubuntu4

config.status:1179: creating Makefile
config.status:1179: creating src/Makefile
config.status:1179: creating util/Makefile
config.status:1179: creating include/Makefile
config.status:1179: creating man/Makefile
config.status:1179: creating specs/Makefile
config.status:1179: creating test/Makefile
config.status:1179: creating xt.pc
config.status:1179: creating config.h
config.status:1408: executing depfiles commands
config.status:1408: executing libtool commands

## ---------------- ##
## Cache variables. ##
## ---------------- ##

ac_cv_build=i686-pc-linux-gnu
ac_cv_c_compiler_gnu=yes
ac_cv_env_CC_set=set
ac_cv_env_CC_value=i486-TSOL-linux-gnu-gcc
ac_cv_env_CFLAGS_set=set
ac_cv_env_CFLAGS_value=-Os
ac_cv_env_CPPFLAGS_set=
ac_cv_env_CPPFLAGS_value=
ac_cv_env_CPP_set=
ac_cv_env_CPP_value=
ac_cv_env_FOP_set=
ac_cv_env_FOP_value=
ac_cv_env_GLIB_CFLAGS_set=
ac_cv_env_GLIB_CFLAGS_value=
ac_cv_env_GLIB_LIBS_set=
ac_cv_env_GLIB_LIBS_value=
ac_cv_env_LDFLAGS_set=set
ac_cv_env_LDFLAGS_value=-static-libgcc
ac_cv_env_LIBS_set=
ac_cv_env_LIBS_value=
ac_cv_env_PERL_set=
ac_cv_env_PERL_value=
ac_cv_env_PKG_CONFIG_set=
ac_cv_env_PKG_CONFIG_value=
ac_cv_env_XMLTO_set=
ac_cv_env_XMLTO_value=
ac_cv_env_XORG_MALLOC_DEBUG_ENV_set=
ac_cv_env_XORG_MALLOC_DEBUG_ENV_value=
ac_cv_env_XSLTPROC_set=
ac_cv_env_XSLTPROC_value=
ac_cv_env_XT_CFLAGS_set=
ac_cv_env_XT_CFLAGS_value=
ac_cv_env_XT_LIBS_set=
ac_cv_env_XT_LIBS_value=
ac_cv_env_build_alias_set=
ac_cv_env_build_alias_value=
ac_cv_env_host_alias_set=
ac_cv_env_host_alias_value=
ac_cv_env_target_alias_set=
ac_cv_env_target_alias_value=
ac_cv_func_poll=yes
ac_cv_have_decl___INTEL_COMPILER=no
ac_cv_have_decl___SUNPRO_C=no
ac_cv_have_decl___clang__=no
ac_cv_header_alloca_h=yes
ac_cv_header_dlfcn_h=yes
ac_cv_header_inttypes_h=yes
ac_cv_header_memory_h=yes
ac_cv_header_stdc=yes
ac_cv_header_stdint_h=yes
ac_cv_header_stdlib_h=yes
ac_cv_header_string_h=yes
ac_cv_header_strings_h=yes
ac_cv_header_sys_stat_h=yes
ac_cv_header_sys_types_h=yes
ac_cv_header_unistd_h=yes
ac_cv_host=i686-pc-linux-gnu
ac_cv_objext=o
ac_cv_path_EGREP='/usr/bin/grep -E'
ac_cv_path_FGREP='/usr/bin/grep -F'
ac_cv_path_GREP=/usr/bin/grep
ac_cv_path_PERL=/usr/bin/perl
ac_cv_path_RAWCPP=/toolchain/i486-TSOL-linux-gnu/bin//cpp
ac_cv_path_SED=/usr/bin/sed
ac_cv_path_XSLTPROC=/usr/bin/xsltproc
ac_cv_path_ac_pt_PKG_CONFIG=/usr/bin/pkg-config
ac_cv_path_install='/bin/install -c'
ac_cv_path_mkdir=/bin/mkdir
ac_cv_prog_AWK=gawk
ac_cv_prog_CPP='i486-TSOL-linux-gnu-gcc -E'
ac_cv_prog_ac_ct_AR=ar
ac_cv_prog_ac_ct_CC=i486-TSOL-linux-gnu-gcc
ac_cv_prog_ac_ct_OBJDUMP=objdump
ac_cv_prog_ac_ct_RANLIB=ranlib
ac_cv_prog_ac_ct_STRIP=strip
ac_cv_prog_cc_c89=
ac_cv_prog_cc_c99=-std=gnu99
ac_cv_prog_cc_g=yes
ac_cv_prog_make_make_set=yes
am_cv_CC_dependencies_compiler_type=gcc3
lt_cv_ar_at_file=@
lt_cv_archive_cmds_need_lc=no
lt_cv_deplibs_check_method=pass_all
lt_cv_file_magic_cmd='$MAGIC_CMD'
lt_cv_file_magic_test_file=
lt_cv_ld_reload_flag=-r
lt_cv_nm_interface='BSD nm'
lt_cv_objdir=.libs
lt_cv_path_LD=i486-TSOL-linux-gnu-ld
lt_cv_path_NM='/toolchain/i486-TSOL-linux-gnu/bin//nm -B'
lt_cv_path_mainfest_tool=no
lt_cv_prog_compiler_c_o=yes
lt_cv_prog_compiler_pic='-fPIC -DPIC'
lt_cv_prog_compiler_pic_works=yes
lt_cv_prog_compiler_rtti_exceptions=no
lt_cv_prog_compiler_static_works=yes
lt_cv_prog_gnu_ld=yes
lt_cv_sharedlib_from_linklib_cmd='printf %s\n'
lt_cv_shlibpath_overrides_runpath=yes
lt_cv_sys_global_symbol_pipe='sed -n -e '\''s/^.*[	 ]\([ABCDGIRSTW][ABCDGIRSTW]*\)[	 ][	 ]*\([_A-Za-z][_A-Za-z0-9]*\)$/\1 \2 \2/p'\'' | sed '\''/ __gnu_lto/d'\'''
lt_cv_sys_global_symbol_to_c_name_address='sed -n -e '\''s/^: \([^ ]*\)[ ]*$/  {\"\1\", (void *) 0},/p'\'' -e '\''s/^[ABCDGIRSTW]* \([^ ]*\) \([^ ]*\)$/  {"\2", (void *) \&\2},/p'\'''
lt_cv_sys_global_symbol_to_c_name_address_lib_prefix='sed -n -e '\''s/^: \([^ ]*\)[ ]*$/  {\"\1\", (void *) 0},/p'\'' -e '\''s/^[ABCDGIRSTW]* \([^ ]*\) \(lib[^ ]*\)$/  {"\2", (void *) \&\2},/p'\'' -e '\''s/^[ABCDGIRSTW]* \([^ ]*\) \([^ ]*\)$/  {"lib\2", (void *) \&\2},/p'\'''
lt_cv_sys_global_symbol_to_cdecl='sed -n -e '\''s/^T .* \(.*\)$/extern int \1();/p'\'' -e '\''s/^[ABCDGIRSTW]* .* \(.*\)$/extern char \1;/p'\'''
lt_cv_sys_max_cmd_len=1572864
lt_cv_to_host_file_cmd=func_convert_file_noop
lt_cv_to_tool_file_cmd=func_convert_file_noop
pkg_cv_GLIB_CFLAGS='-I/usr/include/glib-2.0 -I/usr/lib/glib-2.0/include  '
pkg_cv_GLIB_LIBS='-lglib-2.0  '
pkg_cv_XT_CFLAGS='-I/usr/xorg/include  '
pkg_cv_XT_LIBS='-L/usr/xorg/lib -lSM -lICE -lX11  '
xorg_cv_cc_flag__Wall=yes
xorg_cv_cc_flag__Wbad_function_cast=yes
xorg_cv_cc_flag__Wcast_qual=yes
xorg_cv_cc_flag__Wdeclaration_after_statement=yes
xorg_cv_cc_flag__Werror=yes
xorg_cv_cc_flag__Werror_address=yes
xorg_cv_cc_flag__Werror_array_bounds=yes
xorg_cv_cc_flag__Werror_attributes=yes
xorg_cv_cc_flag__Werror_implicit=yes
xorg_cv_cc_flag__Werror_init_self=yes
xorg_cv_cc_flag__Werror_int_to_pointer_cast=yes
xorg_cv_cc_flag__Werror_main=yes
xorg_cv_cc_flag__Werror_missing_braces=yes
xorg_cv_cc_flag__Werror_nonnull=yes
xorg_cv_cc_flag__Werror_pointer_to_int_cast=yes
xorg_cv_cc_flag__Werror_return_type=yes
xorg_cv_cc_flag__Werror_sequence_point=yes
xorg_cv_cc_flag__Werror_trigraphs=yes
xorg_cv_cc_flag__Werror_write_strings=yes
xorg_cv_cc_flag__Wformat_2=yes
xorg_cv_cc_flag__Wmissing_declarations=yes
xorg_cv_cc_flag__Wmissing_format_attribute=yes
xorg_cv_cc_flag__Wmissing_noreturn=yes
xorg_cv_cc_flag__Wmissing_prototypes=yes
xorg_cv_cc_flag__Wnested_externs=yes
xorg_cv_cc_flag__Wold_style_definition=yes
xorg_cv_cc_flag__Wpointer_arith=yes
xorg_cv_cc_flag__Wredundant_decls=yes
xorg_cv_cc_flag__Wshadow=yes
xorg_cv_cc_flag__Wstrict_prototypes=yes
xorg_cv_cc_flag__Wuninitialized=yes
xorg_cv_cc_flag__Wunused=yes
xorg_cv_cc_flag__pedantic=yes
xorg_cv_cc_flag_unknown_warning_option=no
xorg_cv_cc_flag_unused_command_line_argument=no

## ----------------- ##
## Output variables. ##
## ----------------- ##

ACLOCAL='aclocal -I/usr/xorg/share/aclocal -I /usr/xorg/share/aclocal'
ADMIN_MAN_DIR='$(mandir)/man$(ADMIN_MAN_SUFFIX)'
ADMIN_MAN_SUFFIX='8'
AMDEPBACKSLASH='\'
AMDEP_FALSE='#'
AMDEP_TRUE=''
AMTAR='${SHELL} /source/xorg-ponix4/lib/libXt-1.1.3/missing --run tar'
AM_BACKSLASH='\'
AM_DEFAULT_VERBOSITY='0'
APP_MAN_DIR='$(mandir)/man$(APP_MAN_SUFFIX)'
APP_MAN_SUFFIX='1'
AR='ar'
AUTOCONF='${SHELL} /source/xorg-ponix4/lib/libXt-1.1.3/missing --run autoconf'
AUTOHEADER='${SHELL} /source/xorg-ponix4/lib/libXt-1.1.3/missing --run autoheader'
AUTOMAKE='${SHELL} /source/xorg-ponix4/lib/libXt-1.1.3/missing --run automake-1.11'
AWK='gawk'
BASE_CFLAGS=' -Wall -Wpointer-arith -Wmissing-declarations -Wformat=2 -Wstrict-prototypes -Wmissing-prototypes -Wnested-externs -Wbad-function-cast -Wold-style-definition -Wdeclaration-after-statement -Wunused -Wuninitialized -Wshadow -Wcast-qual -Wmissing-noreturn -Wmissing-format-attribute -Wredundant-decls -Werror=implicit -Werror=nonnull -Werror=init-self -Werror=main -Werror=missing-braces -Werror=sequence-point -Werror=return-type -Werror=trigraphs -Werror=array-bounds -Werror=write-strings -Werror=address -Werror=int-to-pointer-cast -Werror=pointer-to-int-cast'
CC='i486-TSOL-linux-gnu-gcc -std=gnu99'
CCDEPMODE='depmode=gcc3'
CC_FOR_BUILD='i486-TSOL-linux-gnu-gcc -std=gnu99'
CFLAGS='-Os'
CFLAGS_FOR_BUILD='-Os'
CHANGELOG_CMD='(GIT_DIR=$(top_srcdir)/.git git log > $(top_srcdir)/.changelog.tmp && mv $(top_srcdir)/.changelog.tmp $(top_srcdir)/ChangeLog) || (rm -f $(top_srcdir)/.changelog.tmp; touch $(top_srcdir)/ChangeLog; echo '\''git directory not found: installing possibly empty changelog.'\'' >&2)'
CPP='i486-TSOL-linux-gnu-gcc -E'
CPPFLAGS=''
CWARNFLAGS=' -Wall -Wpointer-arith -Wmissing-declarations -Wformat=2 -Wstrict-prototypes -Wmissing-prototypes -Wnested-externs -Wbad-function-cast -Wold-style-definition -Wdeclaration-after-statement -Wunused -Wuninitialized -Wshadow -Wcast-qual -Wmissing-noreturn -Wmissing-format-attribute -Wredundant-decls -Werror=implicit -Werror=nonnull -Werror=init-self -Werror=main -Werror=missing-braces -Werror=sequence-point -Werror=return-type -Werror=trigraphs -Werror=array-bounds -Werror=write-strings -Werror=address -Werror=int-to-pointer-cast -Werror=pointer-to-int-cast -fno-strict-aliasing'
CYGPATH_W='echo'
DEFS='-DHAVE_CONFIG_H'
DEPDIR='.deps'
DLLTOOL='false'
DRIVER_MAN_DIR='$(mandir)/man$(DRIVER_MAN_SUFFIX)'
DRIVER_MAN_SUFFIX='4'
DSYMUTIL=''
DUMPBIN=''
ECHO_C=''
ECHO_N='-n'
ECHO_T=''
EGREP='/usr/bin/grep -E'
ENABLE_SPECS_FALSE='#'
ENABLE_SPECS_TRUE=''
ENABLE_UNIT_TESTS_FALSE='#'
ENABLE_UNIT_TESTS_TRUE=''
EXEEXT=''
FGREP='/usr/bin/grep -F'
FILE_MAN_DIR='$(mandir)/man$(FILE_MAN_SUFFIX)'
FILE_MAN_SUFFIX='5'
FOP=''
GLIB_CFLAGS='-I/usr/include/glib-2.0 -I/usr/lib/glib-2.0/include  '
GLIB_LIBS='-lglib-2.0  '
GREP='/usr/bin/grep'
HAVE_FOP_FALSE=''
HAVE_FOP_TRUE='#'
HAVE_GLIB_FALSE='#'
HAVE_GLIB_TRUE=''
HAVE_PERL_FALSE='#'
HAVE_PERL_TRUE=''
HAVE_STYLESHEETS_FALSE=''
HAVE_STYLESHEETS_TRUE='#'
HAVE_XMLTO_FALSE=''
HAVE_XMLTO_TEXT_FALSE=''
HAVE_XMLTO_TEXT_TRUE='#'
HAVE_XMLTO_TRUE='#'
HAVE_XSLTPROC_FALSE='#'
HAVE_XSLTPROC_TRUE=''
INSTALL_CMD='(cp -f /usr/xorg/share/util-macros/INSTALL $(top_srcdir)/.INSTALL.tmp && mv $(top_srcdir)/.INSTALL.tmp $(top_srcdir)/INSTALL) || (rm -f $(top_srcdir)/.INSTALL.tmp; touch $(top_srcdir)/INSTALL; echo '\''util-macros "pkgdatadir" from xorg-macros.pc not found: installing possibly empty INSTALL.'\'' >&2)'
INSTALL_DATA='${INSTALL} -m 644'
INSTALL_PROGRAM='${INSTALL}'
INSTALL_SCRIPT='${INSTALL}'
INSTALL_STRIP_PROGRAM='$(install_sh) -c -s'
LD='i486-TSOL-linux-gnu-ld'
LDFLAGS='-static-libgcc'
LDFLAGS_FOR_BUILD='-static-libgcc'
LIBOBJS=''
LIBS=''
LIBTOOL='$(SHELL) $(top_builddir)/libtool'
LIB_MAN_DIR='$(mandir)/man$(LIB_MAN_SUFFIX)'
LIB_MAN_SUFFIX='3'
LIPO=''
LN_S='ln -s'
LTLIBOBJS=''
MAINT='#'
MAINTAINER_MODE_FALSE=''
MAINTAINER_MODE_TRUE='#'
MAKEINFO='${SHELL} /source/xorg-ponix4/lib/libXt-1.1.3/missing --run makeinfo'
MALLOC_DEBUG_ENV='MALLOC_PERTURB_=15'
MALLOC_ZERO_CFLAGS='-DMALLOC_0_RETURNS_NULL'
MANIFEST_TOOL=':'
MAN_SUBSTS='	-e '\''s|__vendorversion__|"$(PACKAGE_STRING)" "$(XORG_MAN_PAGE)"|'\'' 	-e '\''s|__xorgversion__|"$(PACKAGE_STRING)" "$(XORG_MAN_PAGE)"|'\'' 	-e '\''s|__xservername__|Xorg|g'\'' 	-e '\''s|__xconfigfile__|xorg.conf|g'\'' 	-e '\''s|__projectroot__|$(prefix)|g'\'' 	-e '\''s|__apploaddir__|$(appdefaultdir)|g'\'' 	-e '\''s|__appmansuffix__|$(APP_MAN_SUFFIX)|g'\'' 	-e '\''s|__drivermansuffix__|$(DRIVER_MAN_SUFFIX)|g'\'' 	-e '\''s|__adminmansuffix__|$(ADMIN_MAN_SUFFIX)|g'\'' 	-e '\''s|__libmansuffix__|$(LIB_MAN_SUFFIX)|g'\'' 	-e '\''s|__miscmansuffix__|$(MISC_MAN_SUFFIX)|g'\'' 	-e '\''s|__filemansuffix__|$(FILE_MAN_SUFFIX)|g'\'''
MISC_MAN_DIR='$(mandir)/man$(MISC_MAN_SUFFIX)'
MISC_MAN_SUFFIX='7'
MKDIR_P='/bin/mkdir -p'
NM='/toolchain/i486-TSOL-linux-gnu/bin//nm -B'
NMEDIT=''
OBJDUMP='objdump'
OBJEXT='o'
OTOOL64=''
OTOOL=''
PACKAGE='libXt'
PACKAGE_BUGREPORT='https://bugs.freedesktop.org/enter_bug.cgi?product=xorg'
PACKAGE_NAME='libXt'
PACKAGE_STRING='libXt 1.1.3'
PACKAGE_TARNAME='libXt'
PACKAGE_URL=''
PACKAGE_VERSION='1.1.3'
PATH_SEPARATOR=':'
PERL='/usr/bin/perl'
PKG_CONFIG='/usr/bin/pkg-config'
RANLIB='ranlib'
RAWCPP='/toolchain/i486-TSOL-linux-gnu/bin//cpp'
RAWCPPFLAGS='-undef -traditional'
SED='/usr/bin/sed'
SET_MAKE=''
SHELL='/bin/sh'
STRICT_CFLAGS=' -pedantic -Werror -Werror=attributes'
STRINGSABIOPTIONS=''
STRIP='strip'
STYLESHEET_SRCDIR=''
VERSION='1.1.3'
XFILESEARCHPATHDEFAULT='$(sysconfdir)/X11/%L/%T/%N%C%S:$(sysconfdir)/X11/%l/%T/%N%C%S:$(sysconfdir)/X11/%T/%N%C%S:$(sysconfdir)/X11/%L/%T/%N%S:$(sysconfdir)/X11/%l/%T/%N%S:$(sysconfdir)/X11/%T/%N%S:$(datadir)/X11/%L/%T/%N%C%S:$(datadir)/X11/%l/%T/%N%C%S:$(datadir)/X11/%T/%N%C%S:$(datadir)/X11/%L/%T/%N%S:$(datadir)/X11/%l/%T/%N%S:$(datadir)/X11/%T/%N%S:$(libdir)/X11/%L/%T/%N%C%S:$(libdir)/X11/%l/%T/%N%C%S:$(libdir)/X11/%T/%N%C%S:$(libdir)/X11/%L/%T/%N%S:$(libdir)/X11/%l/%T/%N%S:$(libdir)/X11/%T/%N%S'
XMALLOC_ZERO_CFLAGS='-DMALLOC_0_RETURNS_NULL'
XMLTO=''
XORG_MALLOC_DEBUG_ENV='MALLOC_PERTURB_=15'
XORG_MAN_PAGE='X Version 11'
XORG_SGML_PATH=''
XSLTPROC='/usr/bin/xsltproc'
XSL_STYLESHEET=''
XTMALLOC_ZERO_CFLAGS='-DMALLOC_0_RETURNS_NULL -DXTMALLOC_BC'
XT_CFLAGS='-I/usr/xorg/include   '
XT_LIBS='-L/usr/xorg/lib -lSM -lICE -lX11  '
ac_ct_AR='ar'
ac_ct_CC='i486-TSOL-linux-gnu-gcc'
ac_ct_DUMPBIN=''
am__EXEEXT_FALSE=''
am__EXEEXT_TRUE='#'
am__fastdepCC_FALSE='#'
am__fastdepCC_TRUE=''
am__include='include'
am__isrc=''
am__leading_dot='.'
am__quote=''
am__tar='${AMTAR} chof - "$$tardir"'
am__untar='${AMTAR} xf -'
appdefaultdir='/usr/xorg/share/X11/app-defaults'
bindir='${exec_prefix}/bin'
build='i686-pc-linux-gnu'
build_alias=''
build_cpu='i686'
build_os='linux-gnu'
build_vendor='pc'
datadir='${datarootdir}'
datarootdir='${prefix}/share'
docdir='${datarootdir}/doc/${PACKAGE_TARNAME}'
dvidir='${docdir}'
exec_prefix='${prefix}'
host='i686-pc-linux-gnu'
host_alias=''
host_cpu='i686'
host_os='linux-gnu'
host_vendor='pc'
htmldir='${docdir}'
includedir='${prefix}/include'
infodir='${datarootdir}/info'
install_sh='${SHELL} /source/xorg-ponix4/lib/libXt-1.1.3/install-sh'
libdir='${exec_prefix}/lib'
libexecdir='${exec_prefix}/libexec'
localedir='${datarootdir}/locale'
localstatedir='${prefix}/var'
mandir='${datarootdir}/man'
mkdir_p='/bin/mkdir -p'
oldincludedir='/usr/include'
pdfdir='${docdir}'
prefix='/usr/xorg'
program_transform_name='s,x,x,'
psdir='${docdir}'
sbindir='${exec_prefix}/sbin'
sharedstatedir='${prefix}/com'
sysconfdir='${prefix}/etc'
target_alias=''

## ----------- ##
## confdefs.h. ##
## ----------- ##

/* confdefs.h */
#define PACKAGE_NAME "libXt"
#define PACKAGE_TARNAME "libXt"
#define PACKAGE_VERSION "1.1.3"
#define PACKAGE_STRING "libXt 1.1.3"
#define PACKAGE_BUGREPORT "https://bugs.freedesktop.org/enter_bug.cgi?product=xorg"
#define PACKAGE_URL ""
#define PACKAGE "libXt"
#define VERSION "1.1.3"
#define STDC_HEADERS 1
#define HAVE_SYS_TYPES_H 1
#define HAVE_SYS_STAT_H 1
#define HAVE_STDLIB_H 1
#define HAVE_STRING_H 1
#define HAVE_MEMORY_H 1
#define HAVE_STRINGS_H 1
#define HAVE_INTTYPES_H 1
#define HAVE_STDINT_H 1
#define HAVE_UNISTD_H 1
#define HAVE_DLFCN_H 1
#define LT_OBJDIR ".libs/"
#define PACKAGE_VERSION_MAJOR 1
#define PACKAGE_VERSION_MINOR 1
#define PACKAGE_VERSION_PATCHLEVEL 3
#define INCLUDE_ALLOCA_H 1
#define USE_POLL 1
#define XKB 1
#define appdefaultdir "/usr/xorg/share/X11/app-defaults"

configure: exit 0
