Determining if files sys/modem.h exist failed with the following output:
Change Dir: /source/clients/freerdp-git-25102013/CMakeFiles/CMakeTmp

Run Build Command:/usr/bin/make "cmTryCompileExec2118964833/fast"
/usr/bin/make -f CMakeFiles/cmTryCompileExec2118964833.dir/build.make CMakeFiles/cmTryCompileExec2118964833.dir/build
make[1]: Entering directory `/source/clients/freerdp-git-25102013/CMakeFiles/CMakeTmp'
/usr/bin/cmake -E cmake_progress_report /source/clients/freerdp-git-25102013/CMakeFiles/CMakeTmp/CMakeFiles 1
Building C object CMakeFiles/cmTryCompileExec2118964833.dir/CheckIncludeFiles.c.o
/toolchain/bin/i486-TSOL-linux-gnu-gcc   -Os  -march=i686 -Wall -Wno-unused-result -Wno-unused-but-set-variable -Wno-deprecated-declarations -O2 -msse2 -DWINPR_EXPORTS -DFREERDP_EXPORTS   -fPIE   -o CMakeFiles/cmTryCompileExec2118964833.dir/CheckIncludeFiles.c.o   -c /source/clients/freerdp-git-25102013/CMakeFiles/CMakeTmp/CheckIncludeFiles.c
/source/clients/freerdp-git-25102013/CMakeFiles/CMakeTmp/CheckIncludeFiles.c:2:23: fatal error: sys/modem.h: No such file or directory
compilation terminated.
make[1]: Leaving directory `/source/clients/freerdp-git-25102013/CMakeFiles/CMakeTmp'
make[1]: *** [CMakeFiles/cmTryCompileExec2118964833.dir/CheckIncludeFiles.c.o] Error 1
make: *** [cmTryCompileExec2118964833/fast] Error 2

Source:
/* */
#include <sys/modem.h>


int main(){return 0;}

Determining if files sys/filio.h exist failed with the following output:
Change Dir: /source/clients/freerdp-git-25102013/CMakeFiles/CMakeTmp

Run Build Command:/usr/bin/make "cmTryCompileExec3313385354/fast"
/usr/bin/make -f CMakeFiles/cmTryCompileExec3313385354.dir/build.make CMakeFiles/cmTryCompileExec3313385354.dir/build
make[1]: Entering directory `/source/clients/freerdp-git-25102013/CMakeFiles/CMakeTmp'
/usr/bin/cmake -E cmake_progress_report /source/clients/freerdp-git-25102013/CMakeFiles/CMakeTmp/CMakeFiles 1
Building C object CMakeFiles/cmTryCompileExec3313385354.dir/CheckIncludeFiles.c.o
/toolchain/bin/i486-TSOL-linux-gnu-gcc   -Os  -march=i686 -Wall -Wno-unused-result -Wno-unused-but-set-variable -Wno-deprecated-declarations -O2 -msse2 -DWINPR_EXPORTS -DFREERDP_EXPORTS   -fPIE   -o CMakeFiles/cmTryCompileExec3313385354.dir/CheckIncludeFiles.c.o   -c /source/clients/freerdp-git-25102013/CMakeFiles/CMakeTmp/CheckIncludeFiles.c
/source/clients/freerdp-git-25102013/CMakeFiles/CMakeTmp/CheckIncludeFiles.c:2:23: fatal error: sys/filio.h: No such file or directory
compilation terminated.
make[1]: Leaving directory `/source/clients/freerdp-git-25102013/CMakeFiles/CMakeTmp'
make[1]: *** [CMakeFiles/cmTryCompileExec3313385354.dir/CheckIncludeFiles.c.o] Error 1
make: *** [cmTryCompileExec3313385354/fast] Error 2

Source:
/* */
#include <sys/filio.h>


int main(){return 0;}

Determining if files sys/strtio.h exist failed with the following output:
Change Dir: /source/clients/freerdp-git-25102013/CMakeFiles/CMakeTmp

Run Build Command:/usr/bin/make "cmTryCompileExec4192212334/fast"
/usr/bin/make -f CMakeFiles/cmTryCompileExec4192212334.dir/build.make CMakeFiles/cmTryCompileExec4192212334.dir/build
make[1]: Entering directory `/source/clients/freerdp-git-25102013/CMakeFiles/CMakeTmp'
/usr/bin/cmake -E cmake_progress_report /source/clients/freerdp-git-25102013/CMakeFiles/CMakeTmp/CMakeFiles 1
Building C object CMakeFiles/cmTryCompileExec4192212334.dir/CheckIncludeFiles.c.o
/toolchain/bin/i486-TSOL-linux-gnu-gcc   -Os  -march=i686 -Wall -Wno-unused-result -Wno-unused-but-set-variable -Wno-deprecated-declarations -O2 -msse2 -DWINPR_EXPORTS -DFREERDP_EXPORTS   -fPIE   -o CMakeFiles/cmTryCompileExec4192212334.dir/CheckIncludeFiles.c.o   -c /source/clients/freerdp-git-25102013/CMakeFiles/CMakeTmp/CheckIncludeFiles.c
/source/clients/freerdp-git-25102013/CMakeFiles/CMakeTmp/CheckIncludeFiles.c:2:24: fatal error: sys/strtio.h: No such file or directory
compilation terminated.
make[1]: Leaving directory `/source/clients/freerdp-git-25102013/CMakeFiles/CMakeTmp'
make[1]: *** [CMakeFiles/cmTryCompileExec4192212334.dir/CheckIncludeFiles.c.o] Error 1
make: *** [cmTryCompileExec4192212334/fast] Error 2

Source:
/* */
#include <sys/strtio.h>


int main(){return 0;}

Determining if the pthread_create exist failed with the following output:
Change Dir: /source/clients/freerdp-git-25102013/CMakeFiles/CMakeTmp

Run Build Command:/usr/bin/make "cmTryCompileExec2947434418/fast"
/usr/bin/make -f CMakeFiles/cmTryCompileExec2947434418.dir/build.make CMakeFiles/cmTryCompileExec2947434418.dir/build
make[1]: Entering directory `/source/clients/freerdp-git-25102013/CMakeFiles/CMakeTmp'
/usr/bin/cmake -E cmake_progress_report /source/clients/freerdp-git-25102013/CMakeFiles/CMakeTmp/CMakeFiles 1
Building C object CMakeFiles/cmTryCompileExec2947434418.dir/CheckSymbolExists.c.o
/toolchain/bin/i486-TSOL-linux-gnu-gcc   -Os  -march=i686 -Wall -Wno-unused-result -Wno-unused-but-set-variable -Wno-deprecated-declarations -O2 -msse2 -DWINPR_EXPORTS -DFREERDP_EXPORTS   -fPIE   -o CMakeFiles/cmTryCompileExec2947434418.dir/CheckSymbolExists.c.o   -c /source/clients/freerdp-git-25102013/CMakeFiles/CMakeTmp/CheckSymbolExists.c
Linking C executable cmTryCompileExec2947434418
/usr/bin/cmake -E cmake_link_script CMakeFiles/cmTryCompileExec2947434418.dir/link.txt --verbose=1
/toolchain/bin/i486-TSOL-linux-gnu-gcc   -Os  -march=i686 -Wall -Wno-unused-result -Wno-unused-but-set-variable -Wno-deprecated-declarations -O2 -msse2 -DWINPR_EXPORTS -DFREERDP_EXPORTS     -static-libgcc CMakeFiles/cmTryCompileExec2947434418.dir/CheckSymbolExists.c.o  -o cmTryCompileExec2947434418 -rdynamic 
CMakeFiles/cmTryCompileExec2947434418.dir/CheckSymbolExists.c.o: In function `main':
CheckSymbolExists.c:(.text.startup+0x11): undefined reference to `pthread_create'
collect2: ld returned 1 exit status
make[1]: Leaving directory `/source/clients/freerdp-git-25102013/CMakeFiles/CMakeTmp'
make[1]: *** [cmTryCompileExec2947434418] Error 1
make: *** [cmTryCompileExec2947434418/fast] Error 2

File /source/clients/freerdp-git-25102013/CMakeFiles/CMakeTmp/CheckSymbolExists.c:
/* */
#include <pthread.h>

int main(int argc, char** argv)
{
  (void)argv;
#ifndef pthread_create
  return ((int*)(&pthread_create))[argc];
#else
  (void)argc;
  return 0;
#endif
}

Determining if the function pthread_create exists in the pthreads failed with the following output:
Change Dir: /source/clients/freerdp-git-25102013/CMakeFiles/CMakeTmp

Run Build Command:/usr/bin/make "cmTryCompileExec5995024/fast"
/usr/bin/make -f CMakeFiles/cmTryCompileExec5995024.dir/build.make CMakeFiles/cmTryCompileExec5995024.dir/build
make[1]: Entering directory `/source/clients/freerdp-git-25102013/CMakeFiles/CMakeTmp'
/usr/bin/cmake -E cmake_progress_report /source/clients/freerdp-git-25102013/CMakeFiles/CMakeTmp/CMakeFiles 1
Building C object CMakeFiles/cmTryCompileExec5995024.dir/CheckFunctionExists.c.o
/toolchain/bin/i486-TSOL-linux-gnu-gcc   -Os  -march=i686 -Wall -Wno-unused-result -Wno-unused-but-set-variable -Wno-deprecated-declarations -O2 -msse2 -DWINPR_EXPORTS -DFREERDP_EXPORTS  -DCHECK_FUNCTION_EXISTS=pthread_create -fPIE   -o CMakeFiles/cmTryCompileExec5995024.dir/CheckFunctionExists.c.o   -c /usr/share/cmake-2.8/Modules/CheckFunctionExists.c
Linking C executable cmTryCompileExec5995024
/usr/bin/cmake -E cmake_link_script CMakeFiles/cmTryCompileExec5995024.dir/link.txt --verbose=1
/toolchain/bin/i486-TSOL-linux-gnu-gcc   -Os  -march=i686 -Wall -Wno-unused-result -Wno-unused-but-set-variable -Wno-deprecated-declarations -O2 -msse2 -DWINPR_EXPORTS -DFREERDP_EXPORTS  -DCHECK_FUNCTION_EXISTS=pthread_create   -static-libgcc CMakeFiles/cmTryCompileExec5995024.dir/CheckFunctionExists.c.o  -o cmTryCompileExec5995024 -rdynamic -lpthreads 
/toolchain/lib/gcc/i486-TSOL-linux-gnu/4.6.3/../../../../i486-TSOL-linux-gnu/bin/ld: cannot find -lpthreads
collect2: ld returned 1 exit status
make[1]: Leaving directory `/source/clients/freerdp-git-25102013/CMakeFiles/CMakeTmp'
make[1]: *** [cmTryCompileExec5995024] Error 1
make: *** [cmTryCompileExec5995024/fast] Error 2


Determining if the XITouchClass exist failed with the following output:
Change Dir: /source/clients/freerdp-git-25102013/CMakeFiles/CMakeTmp

Run Build Command:/usr/bin/make "cmTryCompileExec3319781934/fast"
/usr/bin/make -f CMakeFiles/cmTryCompileExec3319781934.dir/build.make CMakeFiles/cmTryCompileExec3319781934.dir/build
make[1]: Entering directory `/source/clients/freerdp-git-25102013/CMakeFiles/CMakeTmp'
/usr/bin/cmake -E cmake_progress_report /source/clients/freerdp-git-25102013/CMakeFiles/CMakeTmp/CMakeFiles 1
Building C object CMakeFiles/cmTryCompileExec3319781934.dir/CheckSymbolExists.c.o
/toolchain/bin/i486-TSOL-linux-gnu-gcc   -Os  -march=i686 -Wall -Wno-unused-result -Wno-unused-but-set-variable -Wno-deprecated-declarations -O2 -msse2 -DWINPR_EXPORTS -DFREERDP_EXPORTS   -fPIE   -o CMakeFiles/cmTryCompileExec3319781934.dir/CheckSymbolExists.c.o   -c /source/clients/freerdp-git-25102013/CMakeFiles/CMakeTmp/CheckSymbolExists.c
In file included from /source/clients/freerdp-git-25102013/CMakeFiles/CMakeTmp/CheckSymbolExists.c:2:0:
/usr/xorg/include/X11/extensions/XInput2.h:30:22: fatal error: X11/Xlib.h: No such file or directory
compilation terminated.
make[1]: Leaving directory `/source/clients/freerdp-git-25102013/CMakeFiles/CMakeTmp'
make[1]: *** [CMakeFiles/cmTryCompileExec3319781934.dir/CheckSymbolExists.c.o] Error 1
make: *** [cmTryCompileExec3319781934/fast] Error 2

File /source/clients/freerdp-git-25102013/CMakeFiles/CMakeTmp/CheckSymbolExists.c:
/* */
#include </usr/xorg/include/X11/extensions/XInput2.h>

int main(int argc, char** argv)
{
  (void)argv;
#ifndef XITouchClass
  return ((int*)(&XITouchClass))[argc];
#else
  (void)argc;
  return 0;
#endif
}

Determining if files sys/modem.h exist failed with the following output:
Change Dir: /source/clients/freerdp-git-25102013/CMakeFiles/CMakeTmp

Run Build Command:/usr/bin/make "cmTryCompileExec648333629/fast"
/usr/bin/make -f CMakeFiles/cmTryCompileExec648333629.dir/build.make CMakeFiles/cmTryCompileExec648333629.dir/build
make[1]: Entering directory `/source/clients/freerdp-git-25102013/CMakeFiles/CMakeTmp'
/usr/bin/cmake -E cmake_progress_report /source/clients/freerdp-git-25102013/CMakeFiles/CMakeTmp/CMakeFiles 1
Building C object CMakeFiles/cmTryCompileExec648333629.dir/CheckIncludeFiles.c.o
/toolchain/bin/i486-TSOL-linux-gnu-gcc   -Os  -march=i686 -Wall -Wno-unused-result -Wno-unused-but-set-variable -Wno-deprecated-declarations -O2 -msse2 -DWINPR_EXPORTS -DFREERDP_EXPORTS   -fPIE   -o CMakeFiles/cmTryCompileExec648333629.dir/CheckIncludeFiles.c.o   -c /source/clients/freerdp-git-25102013/CMakeFiles/CMakeTmp/CheckIncludeFiles.c
/source/clients/freerdp-git-25102013/CMakeFiles/CMakeTmp/CheckIncludeFiles.c:2:23: fatal error: sys/modem.h: No such file or directory
compilation terminated.
make[1]: Leaving directory `/source/clients/freerdp-git-25102013/CMakeFiles/CMakeTmp'
make[1]: *** [CMakeFiles/cmTryCompileExec648333629.dir/CheckIncludeFiles.c.o] Error 1
make: *** [cmTryCompileExec648333629/fast] Error 2

Source:
/* */
#include <sys/modem.h>


int main(){return 0;}

Determining if files sys/filio.h exist failed with the following output:
Change Dir: /source/clients/freerdp-git-25102013/CMakeFiles/CMakeTmp

Run Build Command:/usr/bin/make "cmTryCompileExec3757061773/fast"
/usr/bin/make -f CMakeFiles/cmTryCompileExec3757061773.dir/build.make CMakeFiles/cmTryCompileExec3757061773.dir/build
make[1]: Entering directory `/source/clients/freerdp-git-25102013/CMakeFiles/CMakeTmp'
/usr/bin/cmake -E cmake_progress_report /source/clients/freerdp-git-25102013/CMakeFiles/CMakeTmp/CMakeFiles 1
Building C object CMakeFiles/cmTryCompileExec3757061773.dir/CheckIncludeFiles.c.o
/toolchain/bin/i486-TSOL-linux-gnu-gcc   -Os  -march=i686 -Wall -Wno-unused-result -Wno-unused-but-set-variable -Wno-deprecated-declarations -O2 -msse2 -DWINPR_EXPORTS -DFREERDP_EXPORTS   -fPIE   -o CMakeFiles/cmTryCompileExec3757061773.dir/CheckIncludeFiles.c.o   -c /source/clients/freerdp-git-25102013/CMakeFiles/CMakeTmp/CheckIncludeFiles.c
/source/clients/freerdp-git-25102013/CMakeFiles/CMakeTmp/CheckIncludeFiles.c:2:23: fatal error: sys/filio.h: No such file or directory
compilation terminated.
make[1]: Leaving directory `/source/clients/freerdp-git-25102013/CMakeFiles/CMakeTmp'
make[1]: *** [CMakeFiles/cmTryCompileExec3757061773.dir/CheckIncludeFiles.c.o] Error 1
make: *** [cmTryCompileExec3757061773/fast] Error 2

Source:
/* */
#include <sys/filio.h>


int main(){return 0;}

Determining if files sys/strtio.h exist failed with the following output:
Change Dir: /source/clients/freerdp-git-25102013/CMakeFiles/CMakeTmp

Run Build Command:/usr/bin/make "cmTryCompileExec2795011346/fast"
/usr/bin/make -f CMakeFiles/cmTryCompileExec2795011346.dir/build.make CMakeFiles/cmTryCompileExec2795011346.dir/build
make[1]: Entering directory `/source/clients/freerdp-git-25102013/CMakeFiles/CMakeTmp'
/usr/bin/cmake -E cmake_progress_report /source/clients/freerdp-git-25102013/CMakeFiles/CMakeTmp/CMakeFiles 1
Building C object CMakeFiles/cmTryCompileExec2795011346.dir/CheckIncludeFiles.c.o
/toolchain/bin/i486-TSOL-linux-gnu-gcc   -Os  -march=i686 -Wall -Wno-unused-result -Wno-unused-but-set-variable -Wno-deprecated-declarations -O2 -msse2 -DWINPR_EXPORTS -DFREERDP_EXPORTS   -fPIE   -o CMakeFiles/cmTryCompileExec2795011346.dir/CheckIncludeFiles.c.o   -c /source/clients/freerdp-git-25102013/CMakeFiles/CMakeTmp/CheckIncludeFiles.c
/source/clients/freerdp-git-25102013/CMakeFiles/CMakeTmp/CheckIncludeFiles.c:2:24: fatal error: sys/strtio.h: No such file or directory
compilation terminated.
make[1]: Leaving directory `/source/clients/freerdp-git-25102013/CMakeFiles/CMakeTmp'
make[1]: *** [CMakeFiles/cmTryCompileExec2795011346.dir/CheckIncludeFiles.c.o] Error 1
make: *** [cmTryCompileExec2795011346/fast] Error 2

Source:
/* */
#include <sys/strtio.h>


int main(){return 0;}

Determining if the pthread_create exist failed with the following output:
Change Dir: /source/clients/freerdp-git-25102013/CMakeFiles/CMakeTmp

Run Build Command:/usr/bin/make "cmTryCompileExec2712759388/fast"
/usr/bin/make -f CMakeFiles/cmTryCompileExec2712759388.dir/build.make CMakeFiles/cmTryCompileExec2712759388.dir/build
make[1]: Entering directory `/source/clients/freerdp-git-25102013/CMakeFiles/CMakeTmp'
/usr/bin/cmake -E cmake_progress_report /source/clients/freerdp-git-25102013/CMakeFiles/CMakeTmp/CMakeFiles 1
Building C object CMakeFiles/cmTryCompileExec2712759388.dir/CheckSymbolExists.c.o
/toolchain/bin/i486-TSOL-linux-gnu-gcc   -Os  -march=i686 -Wall -Wno-unused-result -Wno-unused-but-set-variable -Wno-deprecated-declarations -O2 -msse2 -DWINPR_EXPORTS -DFREERDP_EXPORTS   -fPIE   -o CMakeFiles/cmTryCompileExec2712759388.dir/CheckSymbolExists.c.o   -c /source/clients/freerdp-git-25102013/CMakeFiles/CMakeTmp/CheckSymbolExists.c
Linking C executable cmTryCompileExec2712759388
/usr/bin/cmake -E cmake_link_script CMakeFiles/cmTryCompileExec2712759388.dir/link.txt --verbose=1
/toolchain/bin/i486-TSOL-linux-gnu-gcc   -Os  -march=i686 -Wall -Wno-unused-result -Wno-unused-but-set-variable -Wno-deprecated-declarations -O2 -msse2 -DWINPR_EXPORTS -DFREERDP_EXPORTS     -static-libgcc CMakeFiles/cmTryCompileExec2712759388.dir/CheckSymbolExists.c.o  -o cmTryCompileExec2712759388 -rdynamic 
CMakeFiles/cmTryCompileExec2712759388.dir/CheckSymbolExists.c.o: In function `main':
CheckSymbolExists.c:(.text.startup+0x11): undefined reference to `pthread_create'
collect2: ld returned 1 exit status
make[1]: Leaving directory `/source/clients/freerdp-git-25102013/CMakeFiles/CMakeTmp'
make[1]: *** [cmTryCompileExec2712759388] Error 1
make: *** [cmTryCompileExec2712759388/fast] Error 2

File /source/clients/freerdp-git-25102013/CMakeFiles/CMakeTmp/CheckSymbolExists.c:
/* */
#include <pthread.h>

int main(int argc, char** argv)
{
  (void)argv;
#ifndef pthread_create
  return ((int*)(&pthread_create))[argc];
#else
  (void)argc;
  return 0;
#endif
}

Determining if the function pthread_create exists in the pthreads failed with the following output:
Change Dir: /source/clients/freerdp-git-25102013/CMakeFiles/CMakeTmp

Run Build Command:/usr/bin/make "cmTryCompileExec1773372552/fast"
/usr/bin/make -f CMakeFiles/cmTryCompileExec1773372552.dir/build.make CMakeFiles/cmTryCompileExec1773372552.dir/build
make[1]: Entering directory `/source/clients/freerdp-git-25102013/CMakeFiles/CMakeTmp'
/usr/bin/cmake -E cmake_progress_report /source/clients/freerdp-git-25102013/CMakeFiles/CMakeTmp/CMakeFiles 1
Building C object CMakeFiles/cmTryCompileExec1773372552.dir/CheckFunctionExists.c.o
/toolchain/bin/i486-TSOL-linux-gnu-gcc   -Os  -march=i686 -Wall -Wno-unused-result -Wno-unused-but-set-variable -Wno-deprecated-declarations -O2 -msse2 -DWINPR_EXPORTS -DFREERDP_EXPORTS  -DCHECK_FUNCTION_EXISTS=pthread_create -fPIE   -o CMakeFiles/cmTryCompileExec1773372552.dir/CheckFunctionExists.c.o   -c /usr/share/cmake-2.8/Modules/CheckFunctionExists.c
Linking C executable cmTryCompileExec1773372552
/usr/bin/cmake -E cmake_link_script CMakeFiles/cmTryCompileExec1773372552.dir/link.txt --verbose=1
/toolchain/bin/i486-TSOL-linux-gnu-gcc   -Os  -march=i686 -Wall -Wno-unused-result -Wno-unused-but-set-variable -Wno-deprecated-declarations -O2 -msse2 -DWINPR_EXPORTS -DFREERDP_EXPORTS  -DCHECK_FUNCTION_EXISTS=pthread_create   -static-libgcc CMakeFiles/cmTryCompileExec1773372552.dir/CheckFunctionExists.c.o  -o cmTryCompileExec1773372552 -rdynamic -lpthreads 
/toolchain/lib/gcc/i486-TSOL-linux-gnu/4.6.3/../../../../i486-TSOL-linux-gnu/bin/ld: cannot find -lpthreads
collect2: ld returned 1 exit status
make[1]: Leaving directory `/source/clients/freerdp-git-25102013/CMakeFiles/CMakeTmp'
make[1]: *** [cmTryCompileExec1773372552] Error 1
make: *** [cmTryCompileExec1773372552/fast] Error 2


Determining if the XITouchClass exist failed with the following output:
Change Dir: /source/clients/freerdp-git-25102013/CMakeFiles/CMakeTmp

Run Build Command:/usr/bin/make "cmTryCompileExec493449363/fast"
/usr/bin/make -f CMakeFiles/cmTryCompileExec493449363.dir/build.make CMakeFiles/cmTryCompileExec493449363.dir/build
make[1]: Entering directory `/source/clients/freerdp-git-25102013/CMakeFiles/CMakeTmp'
/usr/bin/cmake -E cmake_progress_report /source/clients/freerdp-git-25102013/CMakeFiles/CMakeTmp/CMakeFiles 1
Building C object CMakeFiles/cmTryCompileExec493449363.dir/CheckSymbolExists.c.o
/toolchain/bin/i486-TSOL-linux-gnu-gcc   -Os  -march=i686 -Wall -Wno-unused-result -Wno-unused-but-set-variable -Wno-deprecated-declarations -O2 -msse2 -DWINPR_EXPORTS -DFREERDP_EXPORTS   -fPIE   -o CMakeFiles/cmTryCompileExec493449363.dir/CheckSymbolExists.c.o   -c /source/clients/freerdp-git-25102013/CMakeFiles/CMakeTmp/CheckSymbolExists.c
In file included from /source/clients/freerdp-git-25102013/CMakeFiles/CMakeTmp/CheckSymbolExists.c:2:0:
/usr/xorg/include/X11/extensions/XInput2.h:30:22: fatal error: X11/Xlib.h: No such file or directory
compilation terminated.
make[1]: Leaving directory `/source/clients/freerdp-git-25102013/CMakeFiles/CMakeTmp'
make[1]: *** [CMakeFiles/cmTryCompileExec493449363.dir/CheckSymbolExists.c.o] Error 1
make: *** [cmTryCompileExec493449363/fast] Error 2

File /source/clients/freerdp-git-25102013/CMakeFiles/CMakeTmp/CheckSymbolExists.c:
/* */
#include </usr/xorg/include/X11/extensions/XInput2.h>

int main(int argc, char** argv)
{
  (void)argv;
#ifndef XITouchClass
  return ((int*)(&XITouchClass))[argc];
#else
  (void)argc;
  return 0;
#endif
}

