This file contains any messages produced by compilers while
running configure, to aid debugging if configure makes a mistake.

It was created by libXaw configure 1.0.11, which was
generated by GNU Autoconf 2.68.  Invocation command line was

  $ ./configure --prefix=/usr/xorg --disable-docs CC=i486-TSOL-linux-gnu-gcc CFLAGS=-Os LDFLAGS=-static-libgcc

## --------- ##
## Platform. ##
## --------- ##

hostname = ubuntu4
uname -m = i686
uname -r = 3.2.16-030216-generic
uname -s = Linux
uname -v = #201204221935 SMP Sun Apr 22 23:42:49 UTC 2012

/usr/bin/uname -p = unknown
/bin/uname -X     = unknown

/bin/arch              = unknown
/usr/bin/arch -k       = unknown
/usr/convex/getsysinfo = unknown
/usr/bin/hostinfo      = unknown
/bin/machine           = unknown
/usr/bin/oslevel       = unknown
/bin/universe          = unknown

PATH: /usr/xorg/bin
PATH: /source/docbook-xsl-1.76.1/tools/bin
PATH: /bin
PATH: /sbin
PATH: /usr/bin
PATH: /usr/sbin
PATH: /usr/bin/X11
PATH: /usr/local/bin
PATH: /toolchain/bin
PATH: /toolchain/i486-TSOL-linux-gnu/bin/
PATH: /root/.local/bin
PATH: /usr/xorg/bin
PATH: /usr/xorg/bin


## ----------- ##
## Core tests. ##
## ----------- ##

configure:2435: checking for a BSD-compatible install
configure:2503: result: /bin/install -c
configure:2514: checking whether build environment is sane
configure:2564: result: yes
configure:2705: checking for a thread-safe mkdir -p
configure:2744: result: /bin/mkdir -p
configure:2757: checking for gawk
configure:2773: found /usr/bin/gawk
configure:2784: result: gawk
configure:2795: checking whether make sets $(MAKE)
configure:2817: result: yes
configure:2898: checking whether to enable maintainer-specific portions of Makefiles
configure:2907: result: no
configure:2951: checking build system type
configure:2965: result: i686-pc-linux-gnu
configure:2985: checking host system type
configure:2998: result: i686-pc-linux-gnu
configure:3039: checking how to print strings
configure:3066: result: printf
configure:3099: checking for style of include used by make
configure:3127: result: GNU
configure:3198: checking for gcc
configure:3225: result: i486-TSOL-linux-gnu-gcc
configure:3454: checking for C compiler version
configure:3463: i486-TSOL-linux-gnu-gcc --version >&5
i486-TSOL-linux-gnu-gcc (crosstool-NG 1.15.2) 4.6.3
Copyright (C) 2011 Free Software Foundation, Inc.
This is free software; see the source for copying conditions.  There is NO
warranty; not even for MERCHANTABILITY or FITNESS FOR A PARTICULAR PURPOSE.

configure:3474: $? = 0
configure:3463: i486-TSOL-linux-gnu-gcc -v >&5
Using built-in specs.
COLLECT_GCC=i486-TSOL-linux-gnu-gcc
COLLECT_LTO_WRAPPER=/toolchain/libexec/gcc/i486-TSOL-linux-gnu/4.6.3/lto-wrapper
Target: i486-TSOL-linux-gnu
Configured with: /TSOL/crosstool-ng-1.15.2/bin/.build/src/gcc-4.6.3/configure --build=i686-build_pc-linux-gnu --host=i686-build_pc-linux-gnu --target=i486-TSOL-linux-gnu --prefix=/toolchain --with-sysroot=/toolchain/i486-TSOL-linux-gnu/sysroot --enable-languages=c,c++ --with-arch=i486 --with-pkgversion='crosstool-NG 1.15.2' --enable-__cxa_atexit --disable-libmudflap --disable-libgomp --disable-libssp --with-gmp=/TSOL/crosstool-ng-1.15.2/bin/.build/i486-TSOL-linux-gnu/buildtools --with-mpfr=/TSOL/crosstool-ng-1.15.2/bin/.build/i486-TSOL-linux-gnu/buildtools --with-mpc=/TSOL/crosstool-ng-1.15.2/bin/.build/i486-TSOL-linux-gnu/buildtools --with-ppl=/TSOL/crosstool-ng-1.15.2/bin/.build/i486-TSOL-linux-gnu/buildtools --with-cloog=/TSOL/crosstool-ng-1.15.2/bin/.build/i486-TSOL-linux-gnu/buildtools --with-libelf=no --with-host-libstdcxx='-static-libgcc -Wl,-Bstatic,-lstdc++,-Bdynamic -lm -L/TSOL/crosstool-ng-1.15.2/bin/.build/i486-TSOL-linux-gnu/buildtools/lib -lpwl' --enable-threads=posix --enable-target-optspace --disable-multilib --with-local-prefix=/toolchain/i486-TSOL-linux-gnu/sysroot --enable-c99 --enable-long-long
Thread model: posix
gcc version 4.6.3 (crosstool-NG 1.15.2) 
configure:3474: $? = 0
configure:3463: i486-TSOL-linux-gnu-gcc -V >&5
i486-TSOL-linux-gnu-gcc: error: unrecognized option '-V'
i486-TSOL-linux-gnu-gcc: fatal error: no input files
compilation terminated.
configure:3474: $? = 1
configure:3463: i486-TSOL-linux-gnu-gcc -qversion >&5
i486-TSOL-linux-gnu-gcc: error: unrecognized option '-qversion'
i486-TSOL-linux-gnu-gcc: fatal error: no input files
compilation terminated.
configure:3474: $? = 1
configure:3494: checking whether the C compiler works
configure:3516: i486-TSOL-linux-gnu-gcc -Os  -static-libgcc conftest.c  >&5
configure:3520: $? = 0
configure:3568: result: yes
configure:3571: checking for C compiler default output file name
configure:3573: result: a.out
configure:3579: checking for suffix of executables
configure:3586: i486-TSOL-linux-gnu-gcc -o conftest -Os  -static-libgcc conftest.c  >&5
configure:3590: $? = 0
configure:3612: result: 
configure:3634: checking whether we are cross compiling
configure:3642: i486-TSOL-linux-gnu-gcc -o conftest -Os  -static-libgcc conftest.c  >&5
configure:3646: $? = 0
configure:3653: ./conftest
configure:3657: $? = 0
configure:3672: result: no
configure:3677: checking for suffix of object files
configure:3699: i486-TSOL-linux-gnu-gcc -c -Os  conftest.c >&5
configure:3703: $? = 0
configure:3724: result: o
configure:3728: checking whether we are using the GNU C compiler
configure:3747: i486-TSOL-linux-gnu-gcc -c -Os  conftest.c >&5
configure:3747: $? = 0
configure:3756: result: yes
configure:3765: checking whether i486-TSOL-linux-gnu-gcc accepts -g
configure:3785: i486-TSOL-linux-gnu-gcc -c -g  conftest.c >&5
configure:3785: $? = 0
configure:3826: result: yes
configure:3843: checking for i486-TSOL-linux-gnu-gcc option to accept ISO C89
configure:3907: i486-TSOL-linux-gnu-gcc  -c -Os  conftest.c >&5
configure:3907: $? = 0
configure:3920: result: none needed
configure:3942: checking dependency style of i486-TSOL-linux-gnu-gcc
configure:4053: result: gcc3
configure:4068: checking for a sed that does not truncate output
configure:4132: result: /usr/bin/sed
configure:4150: checking for grep that handles long lines and -e
configure:4208: result: /usr/bin/grep
configure:4213: checking for egrep
configure:4275: result: /usr/bin/grep -E
configure:4280: checking for fgrep
configure:4342: result: /usr/bin/grep -F
configure:4377: checking for ld used by i486-TSOL-linux-gnu-gcc
configure:4444: result: i486-TSOL-linux-gnu-ld
configure:4451: checking if the linker (i486-TSOL-linux-gnu-ld) is GNU ld
configure:4466: result: yes
configure:4478: checking for BSD- or MS-compatible name lister (nm)
configure:4527: result: /toolchain/i486-TSOL-linux-gnu/bin//nm -B
configure:4657: checking the name lister (/toolchain/i486-TSOL-linux-gnu/bin//nm -B) interface
configure:4664: i486-TSOL-linux-gnu-gcc -c -Os  conftest.c >&5
configure:4667: /toolchain/i486-TSOL-linux-gnu/bin//nm -B "conftest.o"
configure:4670: output
00000000 B some_variable
configure:4677: result: BSD nm
configure:4680: checking whether ln -s works
configure:4684: result: yes
configure:4692: checking the maximum length of command line arguments
configure:4822: result: 1572864
configure:4839: checking whether the shell understands some XSI constructs
configure:4849: result: yes
configure:4853: checking whether the shell understands "+="
configure:4859: result: yes
configure:4894: checking how to convert i686-pc-linux-gnu file names to i686-pc-linux-gnu format
configure:4934: result: func_convert_file_noop
configure:4941: checking how to convert i686-pc-linux-gnu file names to toolchain format
configure:4961: result: func_convert_file_noop
configure:4968: checking for i486-TSOL-linux-gnu-ld option to reload object files
configure:4975: result: -r
configure:5049: checking for objdump
configure:5065: found /toolchain/i486-TSOL-linux-gnu/bin//objdump
configure:5076: result: objdump
configure:5108: checking how to recognize dependent libraries
configure:5310: result: pass_all
configure:5395: checking for dlltool
configure:5425: result: no
configure:5455: checking how to associate runtime and link libraries
configure:5482: result: printf %s\n
configure:5543: checking for ar
configure:5559: found /toolchain/i486-TSOL-linux-gnu/bin//ar
configure:5570: result: ar
configure:5607: checking for archiver @FILE support
configure:5624: i486-TSOL-linux-gnu-gcc -c -Os  conftest.c >&5
configure:5624: $? = 0
configure:5627: ar cru libconftest.a @conftest.lst >&5
configure:5630: $? = 0
configure:5635: ar cru libconftest.a @conftest.lst >&5
ar: conftest.o: No such file or directory
configure:5638: $? = 1
configure:5650: result: @
configure:5708: checking for strip
configure:5724: found /toolchain/i486-TSOL-linux-gnu/bin//strip
configure:5735: result: strip
configure:5807: checking for ranlib
configure:5823: found /toolchain/i486-TSOL-linux-gnu/bin//ranlib
configure:5834: result: ranlib
configure:5936: checking command to parse /toolchain/i486-TSOL-linux-gnu/bin//nm -B output from i486-TSOL-linux-gnu-gcc object
configure:6056: i486-TSOL-linux-gnu-gcc -c -Os  conftest.c >&5
configure:6059: $? = 0
configure:6063: /toolchain/i486-TSOL-linux-gnu/bin//nm -B conftest.o \| sed -n -e 's/^.*[ ]\([ABCDGIRSTW][ABCDGIRSTW]*\)[ ][ ]*\([_A-Za-z][_A-Za-z0-9]*\)$/\1 \2 \2/p' | sed '/ __gnu_lto/d' \> conftest.nm
configure:6066: $? = 0
configure:6132: i486-TSOL-linux-gnu-gcc -o conftest -Os  -static-libgcc conftest.c conftstm.o >&5
configure:6135: $? = 0
configure:6173: result: ok
configure:6210: checking for sysroot
configure:6240: result: no
configure:6496: checking for mt
configure:6526: result: no
configure:6546: checking if : is a manifest tool
configure:6552: : '-?'
configure:6560: result: no
configure:7202: checking how to run the C preprocessor
configure:7233: i486-TSOL-linux-gnu-gcc -E  conftest.c
configure:7233: $? = 0
configure:7247: i486-TSOL-linux-gnu-gcc -E  conftest.c
conftest.c:11:28: fatal error: ac_nonexistent.h: No such file or directory
compilation terminated.
configure:7247: $? = 1
configure: failed program was:
| /* confdefs.h */
| #define PACKAGE_NAME "libXaw"
| #define PACKAGE_TARNAME "libXaw"
| #define PACKAGE_VERSION "1.0.11"
| #define PACKAGE_STRING "libXaw 1.0.11"
| #define PACKAGE_BUGREPORT "https://bugs.freedesktop.org/enter_bug.cgi?product=xorg"
| #define PACKAGE_URL ""
| #define PACKAGE "libXaw"
| #define VERSION "1.0.11"
| /* end confdefs.h.  */
| #include <ac_nonexistent.h>
configure:7272: result: i486-TSOL-linux-gnu-gcc -E
configure:7292: i486-TSOL-linux-gnu-gcc -E  conftest.c
configure:7292: $? = 0
configure:7306: i486-TSOL-linux-gnu-gcc -E  conftest.c
conftest.c:11:28: fatal error: ac_nonexistent.h: No such file or directory
compilation terminated.
configure:7306: $? = 1
configure: failed program was:
| /* confdefs.h */
| #define PACKAGE_NAME "libXaw"
| #define PACKAGE_TARNAME "libXaw"
| #define PACKAGE_VERSION "1.0.11"
| #define PACKAGE_STRING "libXaw 1.0.11"
| #define PACKAGE_BUGREPORT "https://bugs.freedesktop.org/enter_bug.cgi?product=xorg"
| #define PACKAGE_URL ""
| #define PACKAGE "libXaw"
| #define VERSION "1.0.11"
| /* end confdefs.h.  */
| #include <ac_nonexistent.h>
configure:7335: checking for ANSI C header files
configure:7355: i486-TSOL-linux-gnu-gcc -c -Os  conftest.c >&5
configure:7355: $? = 0
configure:7428: i486-TSOL-linux-gnu-gcc -o conftest -Os  -static-libgcc conftest.c  >&5
configure:7428: $? = 0
configure:7428: ./conftest
configure:7428: $? = 0
configure:7439: result: yes
configure:7452: checking for sys/types.h
configure:7452: i486-TSOL-linux-gnu-gcc -c -Os  conftest.c >&5
configure:7452: $? = 0
configure:7452: result: yes
configure:7452: checking for sys/stat.h
configure:7452: i486-TSOL-linux-gnu-gcc -c -Os  conftest.c >&5
configure:7452: $? = 0
configure:7452: result: yes
configure:7452: checking for stdlib.h
configure:7452: i486-TSOL-linux-gnu-gcc -c -Os  conftest.c >&5
configure:7452: $? = 0
configure:7452: result: yes
configure:7452: checking for string.h
configure:7452: i486-TSOL-linux-gnu-gcc -c -Os  conftest.c >&5
configure:7452: $? = 0
configure:7452: result: yes
configure:7452: checking for memory.h
configure:7452: i486-TSOL-linux-gnu-gcc -c -Os  conftest.c >&5
configure:7452: $? = 0
configure:7452: result: yes
configure:7452: checking for strings.h
configure:7452: i486-TSOL-linux-gnu-gcc -c -Os  conftest.c >&5
configure:7452: $? = 0
configure:7452: result: yes
configure:7452: checking for inttypes.h
configure:7452: i486-TSOL-linux-gnu-gcc -c -Os  conftest.c >&5
configure:7452: $? = 0
configure:7452: result: yes
configure:7452: checking for stdint.h
configure:7452: i486-TSOL-linux-gnu-gcc -c -Os  conftest.c >&5
configure:7452: $? = 0
configure:7452: result: yes
configure:7452: checking for unistd.h
configure:7452: i486-TSOL-linux-gnu-gcc -c -Os  conftest.c >&5
configure:7452: $? = 0
configure:7452: result: yes
configure:7466: checking for dlfcn.h
configure:7466: i486-TSOL-linux-gnu-gcc -c -Os  conftest.c >&5
configure:7466: $? = 0
configure:7466: result: yes
configure:7672: checking for objdir
configure:7687: result: .libs
configure:7954: checking if i486-TSOL-linux-gnu-gcc supports -fno-rtti -fno-exceptions
configure:7972: i486-TSOL-linux-gnu-gcc -c -Os  -fno-rtti -fno-exceptions conftest.c >&5
cc1: warning: command line option '-fno-rtti' is valid for C++/ObjC++ but not for C [enabled by default]
configure:7976: $? = 0
configure:7989: result: no
configure:8316: checking for i486-TSOL-linux-gnu-gcc option to produce PIC
configure:8323: result: -fPIC -DPIC
configure:8331: checking if i486-TSOL-linux-gnu-gcc PIC flag -fPIC -DPIC works
configure:8349: i486-TSOL-linux-gnu-gcc -c -Os  -fPIC -DPIC -DPIC conftest.c >&5
configure:8353: $? = 0
configure:8366: result: yes
configure:8395: checking if i486-TSOL-linux-gnu-gcc static flag -static works
configure:8423: result: yes
configure:8438: checking if i486-TSOL-linux-gnu-gcc supports -c -o file.o
configure:8459: i486-TSOL-linux-gnu-gcc -c -Os  -o out/conftest2.o conftest.c >&5
configure:8463: $? = 0
configure:8485: result: yes
configure:8493: checking if i486-TSOL-linux-gnu-gcc supports -c -o file.o
configure:8540: result: yes
configure:8573: checking whether the i486-TSOL-linux-gnu-gcc linker (i486-TSOL-linux-gnu-ld) supports shared libraries
configure:9726: result: yes
configure:9763: checking whether -lc should be explicitly linked in
configure:9771: i486-TSOL-linux-gnu-gcc -c -Os  conftest.c >&5
configure:9774: $? = 0
configure:9789: i486-TSOL-linux-gnu-gcc -shared  -fPIC -DPIC conftest.o  -v -Wl,-soname -Wl,conftest -o conftest 2\>\&1 \| /usr/bin/grep  -lc  \>/dev/null 2\>\&1
configure:9792: $? = 0
configure:9806: result: no
configure:9966: checking dynamic linker characteristics
configure:10477: i486-TSOL-linux-gnu-gcc -o conftest -Os  -static-libgcc -Wl,-rpath -Wl,/foo conftest.c  >&5
configure:10477: $? = 0
configure:10699: result: GNU/Linux ld.so
configure:10806: checking how to hardcode library paths into programs
configure:10831: result: immediate
configure:11371: checking whether stripping libraries is possible
configure:11376: result: yes
configure:11411: checking if libtool supports shared libraries
configure:11413: result: yes
configure:11416: checking whether to build shared libraries
configure:11437: result: yes
configure:11440: checking whether to build static libraries
configure:11444: result: yes
configure:11494: checking for i486-TSOL-linux-gnu-gcc option to accept ISO C99
configure:11643: i486-TSOL-linux-gnu-gcc  -c -Os  conftest.c >&5
conftest.c:73:29: error: expected ';', ',' or ')' before 'text'
conftest.c: In function 'main':
conftest.c:127:18: error: expected '=', ',', ';', 'asm' or '__attribute__' before 'newvar'
conftest.c:127:18: error: 'newvar' undeclared (first use in this function)
conftest.c:127:18: note: each undeclared identifier is reported only once for each function it appears in
conftest.c:137:3: error: 'for' loop initial declarations are only allowed in C99 mode
conftest.c:137:3: note: use option -std=c99 or -std=gnu99 to compile your code
configure:11643: $? = 1
configure: failed program was:
| /* confdefs.h */
| #define PACKAGE_NAME "libXaw"
| #define PACKAGE_TARNAME "libXaw"
| #define PACKAGE_VERSION "1.0.11"
| #define PACKAGE_STRING "libXaw 1.0.11"
| #define PACKAGE_BUGREPORT "https://bugs.freedesktop.org/enter_bug.cgi?product=xorg"
| #define PACKAGE_URL ""
| #define PACKAGE "libXaw"
| #define VERSION "1.0.11"
| #define STDC_HEADERS 1
| #define HAVE_SYS_TYPES_H 1
| #define HAVE_SYS_STAT_H 1
| #define HAVE_STDLIB_H 1
| #define HAVE_STRING_H 1
| #define HAVE_MEMORY_H 1
| #define HAVE_STRINGS_H 1
| #define HAVE_INTTYPES_H 1
| #define HAVE_STDINT_H 1
| #define HAVE_UNISTD_H 1
| #define HAVE_DLFCN_H 1
| #define LT_OBJDIR ".libs/"
| /* end confdefs.h.  */
| #include <stdarg.h>
| #include <stdbool.h>
| #include <stdlib.h>
| #include <wchar.h>
| #include <stdio.h>
| 
| // Check varargs macros.  These examples are taken from C99 6.10.3.5.
| #define debug(...) fprintf (stderr, __VA_ARGS__)
| #define showlist(...) puts (#__VA_ARGS__)
| #define report(test,...) ((test) ? puts (#test) : printf (__VA_ARGS__))
| static void
| test_varargs_macros (void)
| {
|   int x = 1234;
|   int y = 5678;
|   debug ("Flag");
|   debug ("X = %d\n", x);
|   showlist (The first, second, and third items.);
|   report (x>y, "x is %d but y is %d", x, y);
| }
| 
| // Check long long types.
| #define BIG64 18446744073709551615ull
| #define BIG32 4294967295ul
| #define BIG_OK (BIG64 / BIG32 == 4294967297ull && BIG64 % BIG32 == 0)
| #if !BIG_OK
|   your preprocessor is broken;
| #endif
| #if BIG_OK
| #else
|   your preprocessor is broken;
| #endif
| static long long int bignum = -9223372036854775807LL;
| static unsigned long long int ubignum = BIG64;
| 
| struct incomplete_array
| {
|   int datasize;
|   double data[];
| };
| 
| struct named_init {
|   int number;
|   const wchar_t *name;
|   double average;
| };
| 
| typedef const char *ccp;
| 
| static inline int
| test_restrict (ccp restrict text)
| {
|   // See if C++-style comments work.
|   // Iterate through items via the restricted pointer.
|   // Also check for declarations in for loops.
|   for (unsigned int i = 0; *(text+i) != '\0'; ++i)
|     continue;
|   return 0;
| }
| 
| // Check varargs and va_copy.
| static void
| test_varargs (const char *format, ...)
| {
|   va_list args;
|   va_start (args, format);
|   va_list args_copy;
|   va_copy (args_copy, args);
| 
|   const char *str;
|   int number;
|   float fnumber;
| 
|   while (*format)
|     {
|       switch (*format++)
| 	{
| 	case 's': // string
| 	  str = va_arg (args_copy, const char *);
| 	  break;
| 	case 'd': // int
| 	  number = va_arg (args_copy, int);
| 	  break;
| 	case 'f': // float
| 	  fnumber = va_arg (args_copy, double);
| 	  break;
| 	default:
| 	  break;
| 	}
|     }
|   va_end (args_copy);
|   va_end (args);
| }
| 
| int
| main ()
| {
| 
|   // Check bool.
|   _Bool success = false;
| 
|   // Check restrict.
|   if (test_restrict ("String literal") == 0)
|     success = true;
|   char *restrict newvar = "Another string";
| 
|   // Check varargs.
|   test_varargs ("s, d' f .", "string", 65, 34.234);
|   test_varargs_macros ();
| 
|   // Check flexible array members.
|   struct incomplete_array *ia =
|     malloc (sizeof (struct incomplete_array) + (sizeof (double) * 10));
|   ia->datasize = 10;
|   for (int i = 0; i < ia->datasize; ++i)
|     ia->data[i] = i * 1.234;
| 
|   // Check named initializers.
|   struct named_init ni = {
|     .number = 34,
|     .name = L"Test wide string",
|     .average = 543.34343,
|   };
| 
|   ni.number = 58;
| 
|   int dynamic_array[ni.number];
|   dynamic_array[ni.number - 1] = 543;
| 
|   // work around unused variable warnings
|   return (!success || bignum == 0LL || ubignum == 0uLL || newvar[0] == 'x'
| 	  || dynamic_array[ni.number - 1] != 543);
| 
|   ;
|   return 0;
| }
configure:11643: i486-TSOL-linux-gnu-gcc -std=gnu99 -c -Os  conftest.c >&5
configure:11643: $? = 0
configure:11663: result: -std=gnu99
configure:11675: checking whether __clang__ is declared
configure:11675: i486-TSOL-linux-gnu-gcc -std=gnu99 -c -Os  conftest.c >&5
conftest.c: In function 'main':
conftest.c:63:10: error: '__clang__' undeclared (first use in this function)
conftest.c:63:10: note: each undeclared identifier is reported only once for each function it appears in
configure:11675: $? = 1
configure: failed program was:
| /* confdefs.h */
| #define PACKAGE_NAME "libXaw"
| #define PACKAGE_TARNAME "libXaw"
| #define PACKAGE_VERSION "1.0.11"
| #define PACKAGE_STRING "libXaw 1.0.11"
| #define PACKAGE_BUGREPORT "https://bugs.freedesktop.org/enter_bug.cgi?product=xorg"
| #define PACKAGE_URL ""
| #define PACKAGE "libXaw"
| #define VERSION "1.0.11"
| #define STDC_HEADERS 1
| #define HAVE_SYS_TYPES_H 1
| #define HAVE_SYS_STAT_H 1
| #define HAVE_STDLIB_H 1
| #define HAVE_STRING_H 1
| #define HAVE_MEMORY_H 1
| #define HAVE_STRINGS_H 1
| #define HAVE_INTTYPES_H 1
| #define HAVE_STDINT_H 1
| #define HAVE_UNISTD_H 1
| #define HAVE_DLFCN_H 1
| #define LT_OBJDIR ".libs/"
| /* end confdefs.h.  */
| #include <stdio.h>
| #ifdef HAVE_SYS_TYPES_H
| # include <sys/types.h>
| #endif
| #ifdef HAVE_SYS_STAT_H
| # include <sys/stat.h>
| #endif
| #ifdef STDC_HEADERS
| # include <stdlib.h>
| # include <stddef.h>
| #else
| # ifdef HAVE_STDLIB_H
| #  include <stdlib.h>
| # endif
| #endif
| #ifdef HAVE_STRING_H
| # if !defined STDC_HEADERS && defined HAVE_MEMORY_H
| #  include <memory.h>
| # endif
| # include <string.h>
| #endif
| #ifdef HAVE_STRINGS_H
| # include <strings.h>
| #endif
| #ifdef HAVE_INTTYPES_H
| # include <inttypes.h>
| #endif
| #ifdef HAVE_STDINT_H
| # include <stdint.h>
| #endif
| #ifdef HAVE_UNISTD_H
| # include <unistd.h>
| #endif
| int
| main ()
| {
| #ifndef __clang__
| #ifdef __cplusplus
|   (void) __clang__;
| #else
|   (void) __clang__;
| #endif
| #endif
| 
|   ;
|   return 0;
| }
configure:11675: result: no
configure:11682: checking whether __INTEL_COMPILER is declared
configure:11682: i486-TSOL-linux-gnu-gcc -std=gnu99 -c -Os  conftest.c >&5
conftest.c: In function 'main':
conftest.c:63:10: error: '__INTEL_COMPILER' undeclared (first use in this function)
conftest.c:63:10: note: each undeclared identifier is reported only once for each function it appears in
configure:11682: $? = 1
configure: failed program was:
| /* confdefs.h */
| #define PACKAGE_NAME "libXaw"
| #define PACKAGE_TARNAME "libXaw"
| #define PACKAGE_VERSION "1.0.11"
| #define PACKAGE_STRING "libXaw 1.0.11"
| #define PACKAGE_BUGREPORT "https://bugs.freedesktop.org/enter_bug.cgi?product=xorg"
| #define PACKAGE_URL ""
| #define PACKAGE "libXaw"
| #define VERSION "1.0.11"
| #define STDC_HEADERS 1
| #define HAVE_SYS_TYPES_H 1
| #define HAVE_SYS_STAT_H 1
| #define HAVE_STDLIB_H 1
| #define HAVE_STRING_H 1
| #define HAVE_MEMORY_H 1
| #define HAVE_STRINGS_H 1
| #define HAVE_INTTYPES_H 1
| #define HAVE_STDINT_H 1
| #define HAVE_UNISTD_H 1
| #define HAVE_DLFCN_H 1
| #define LT_OBJDIR ".libs/"
| /* end confdefs.h.  */
| #include <stdio.h>
| #ifdef HAVE_SYS_TYPES_H
| # include <sys/types.h>
| #endif
| #ifdef HAVE_SYS_STAT_H
| # include <sys/stat.h>
| #endif
| #ifdef STDC_HEADERS
| # include <stdlib.h>
| # include <stddef.h>
| #else
| # ifdef HAVE_STDLIB_H
| #  include <stdlib.h>
| # endif
| #endif
| #ifdef HAVE_STRING_H
| # if !defined STDC_HEADERS && defined HAVE_MEMORY_H
| #  include <memory.h>
| # endif
| # include <string.h>
| #endif
| #ifdef HAVE_STRINGS_H
| # include <strings.h>
| #endif
| #ifdef HAVE_INTTYPES_H
| # include <inttypes.h>
| #endif
| #ifdef HAVE_STDINT_H
| # include <stdint.h>
| #endif
| #ifdef HAVE_UNISTD_H
| # include <unistd.h>
| #endif
| int
| main ()
| {
| #ifndef __INTEL_COMPILER
| #ifdef __cplusplus
|   (void) __INTEL_COMPILER;
| #else
|   (void) __INTEL_COMPILER;
| #endif
| #endif
| 
|   ;
|   return 0;
| }
configure:11682: result: no
configure:11689: checking whether __SUNPRO_C is declared
configure:11689: i486-TSOL-linux-gnu-gcc -std=gnu99 -c -Os  conftest.c >&5
conftest.c: In function 'main':
conftest.c:63:10: error: '__SUNPRO_C' undeclared (first use in this function)
conftest.c:63:10: note: each undeclared identifier is reported only once for each function it appears in
configure:11689: $? = 1
configure: failed program was:
| /* confdefs.h */
| #define PACKAGE_NAME "libXaw"
| #define PACKAGE_TARNAME "libXaw"
| #define PACKAGE_VERSION "1.0.11"
| #define PACKAGE_STRING "libXaw 1.0.11"
| #define PACKAGE_BUGREPORT "https://bugs.freedesktop.org/enter_bug.cgi?product=xorg"
| #define PACKAGE_URL ""
| #define PACKAGE "libXaw"
| #define VERSION "1.0.11"
| #define STDC_HEADERS 1
| #define HAVE_SYS_TYPES_H 1
| #define HAVE_SYS_STAT_H 1
| #define HAVE_STDLIB_H 1
| #define HAVE_STRING_H 1
| #define HAVE_MEMORY_H 1
| #define HAVE_STRINGS_H 1
| #define HAVE_INTTYPES_H 1
| #define HAVE_STDINT_H 1
| #define HAVE_UNISTD_H 1
| #define HAVE_DLFCN_H 1
| #define LT_OBJDIR ".libs/"
| /* end confdefs.h.  */
| #include <stdio.h>
| #ifdef HAVE_SYS_TYPES_H
| # include <sys/types.h>
| #endif
| #ifdef HAVE_SYS_STAT_H
| # include <sys/stat.h>
| #endif
| #ifdef STDC_HEADERS
| # include <stdlib.h>
| # include <stddef.h>
| #else
| # ifdef HAVE_STDLIB_H
| #  include <stdlib.h>
| # endif
| #endif
| #ifdef HAVE_STRING_H
| # if !defined STDC_HEADERS && defined HAVE_MEMORY_H
| #  include <memory.h>
| # endif
| # include <string.h>
| #endif
| #ifdef HAVE_STRINGS_H
| # include <strings.h>
| #endif
| #ifdef HAVE_INTTYPES_H
| # include <inttypes.h>
| #endif
| #ifdef HAVE_STDINT_H
| # include <stdint.h>
| #endif
| #ifdef HAVE_UNISTD_H
| # include <unistd.h>
| #endif
| int
| main ()
| {
| #ifndef __SUNPRO_C
| #ifdef __cplusplus
|   (void) __SUNPRO_C;
| #else
|   (void) __SUNPRO_C;
| #endif
| #endif
| 
|   ;
|   return 0;
| }
configure:11689: result: no
configure:11746: checking for pkg-config
configure:11764: found /usr/bin/pkg-config
configure:11776: result: /usr/bin/pkg-config
configure:11801: checking pkg-config is at least version 0.9.0
configure:11804: result: yes
configure:11854: checking if i486-TSOL-linux-gnu-gcc -std=gnu99 supports -Werror=unknown-warning-option
configure:11863: i486-TSOL-linux-gnu-gcc -std=gnu99 -c -Os -Werror=unknown-warning-option  conftest.c >&5
cc1: error: -Werror=unknown-warning-option: no option -Wunknown-warning-option
configure:11863: $? = 1
configure: failed program was:
| /* confdefs.h */
| #define PACKAGE_NAME "libXaw"
| #define PACKAGE_TARNAME "libXaw"
| #define PACKAGE_VERSION "1.0.11"
| #define PACKAGE_STRING "libXaw 1.0.11"
| #define PACKAGE_BUGREPORT "https://bugs.freedesktop.org/enter_bug.cgi?product=xorg"
| #define PACKAGE_URL ""
| #define PACKAGE "libXaw"
| #define VERSION "1.0.11"
| #define STDC_HEADERS 1
| #define HAVE_SYS_TYPES_H 1
| #define HAVE_SYS_STAT_H 1
| #define HAVE_STDLIB_H 1
| #define HAVE_STRING_H 1
| #define HAVE_MEMORY_H 1
| #define HAVE_STRINGS_H 1
| #define HAVE_INTTYPES_H 1
| #define HAVE_STDINT_H 1
| #define HAVE_UNISTD_H 1
| #define HAVE_DLFCN_H 1
| #define LT_OBJDIR ".libs/"
| /* end confdefs.h.  */
| int i;
configure:11870: result: no
configure:11881: checking if i486-TSOL-linux-gnu-gcc -std=gnu99 supports -Werror=unused-command-line-argument
configure:11890: i486-TSOL-linux-gnu-gcc -std=gnu99 -c -Os -Werror=unused-command-line-argument  conftest.c >&5
cc1: error: -Werror=unused-command-line-argument: no option -Wunused-command-line-argument
configure:11890: $? = 1
configure: failed program was:
| /* confdefs.h */
| #define PACKAGE_NAME "libXaw"
| #define PACKAGE_TARNAME "libXaw"
| #define PACKAGE_VERSION "1.0.11"
| #define PACKAGE_STRING "libXaw 1.0.11"
| #define PACKAGE_BUGREPORT "https://bugs.freedesktop.org/enter_bug.cgi?product=xorg"
| #define PACKAGE_URL ""
| #define PACKAGE "libXaw"
| #define VERSION "1.0.11"
| #define STDC_HEADERS 1
| #define HAVE_SYS_TYPES_H 1
| #define HAVE_SYS_STAT_H 1
| #define HAVE_STDLIB_H 1
| #define HAVE_STRING_H 1
| #define HAVE_MEMORY_H 1
| #define HAVE_STRINGS_H 1
| #define HAVE_INTTYPES_H 1
| #define HAVE_STDINT_H 1
| #define HAVE_UNISTD_H 1
| #define HAVE_DLFCN_H 1
| #define LT_OBJDIR ".libs/"
| /* end confdefs.h.  */
| int i;
configure:11897: result: no
configure:11916: checking if i486-TSOL-linux-gnu-gcc -std=gnu99 supports -Wall
configure:11933: i486-TSOL-linux-gnu-gcc -std=gnu99 -o conftest -Os -Wall  -static-libgcc conftest.c  >&5
configure:11933: $? = 0
configure:11946: result: yes
configure:12034: checking if i486-TSOL-linux-gnu-gcc -std=gnu99 supports -Wpointer-arith
configure:12051: i486-TSOL-linux-gnu-gcc -std=gnu99 -o conftest -Os -Wpointer-arith  -static-libgcc conftest.c  >&5
configure:12051: $? = 0
configure:12064: result: yes
configure:12152: checking if i486-TSOL-linux-gnu-gcc -std=gnu99 supports -Wmissing-declarations
configure:12169: i486-TSOL-linux-gnu-gcc -std=gnu99 -o conftest -Os -Wmissing-declarations  -static-libgcc conftest.c  >&5
configure:12169: $? = 0
configure:12182: result: yes
configure:12270: checking if i486-TSOL-linux-gnu-gcc -std=gnu99 supports -Wformat=2
configure:12287: i486-TSOL-linux-gnu-gcc -std=gnu99 -o conftest -Os -Wformat=2  -static-libgcc conftest.c  >&5
configure:12287: $? = 0
configure:12300: result: yes
configure:12439: checking if i486-TSOL-linux-gnu-gcc -std=gnu99 supports -Wstrict-prototypes
configure:12456: i486-TSOL-linux-gnu-gcc -std=gnu99 -o conftest -Os -Wstrict-prototypes  -static-libgcc conftest.c  >&5
conftest.c:25:1: warning: function declaration isn't a prototype [-Wstrict-prototypes]
configure:12456: $? = 0
configure:12469: result: yes
configure:12557: checking if i486-TSOL-linux-gnu-gcc -std=gnu99 supports -Wmissing-prototypes
configure:12574: i486-TSOL-linux-gnu-gcc -std=gnu99 -o conftest -Os -Wmissing-prototypes  -static-libgcc conftest.c  >&5
configure:12574: $? = 0
configure:12587: result: yes
configure:12675: checking if i486-TSOL-linux-gnu-gcc -std=gnu99 supports -Wnested-externs
configure:12692: i486-TSOL-linux-gnu-gcc -std=gnu99 -o conftest -Os -Wnested-externs  -static-libgcc conftest.c  >&5
configure:12692: $? = 0
configure:12705: result: yes
configure:12793: checking if i486-TSOL-linux-gnu-gcc -std=gnu99 supports -Wbad-function-cast
configure:12810: i486-TSOL-linux-gnu-gcc -std=gnu99 -o conftest -Os -Wbad-function-cast  -static-libgcc conftest.c  >&5
configure:12810: $? = 0
configure:12823: result: yes
configure:12911: checking if i486-TSOL-linux-gnu-gcc -std=gnu99 supports -Wold-style-definition
configure:12928: i486-TSOL-linux-gnu-gcc -std=gnu99 -o conftest -Os -Wold-style-definition  -static-libgcc conftest.c  >&5
conftest.c: In function 'main':
conftest.c:25:1: warning: old-style function definition [-Wold-style-definition]
configure:12928: $? = 0
configure:12941: result: yes
configure:13029: checking if i486-TSOL-linux-gnu-gcc -std=gnu99 supports -Wdeclaration-after-statement
configure:13046: i486-TSOL-linux-gnu-gcc -std=gnu99 -o conftest -Os -Wdeclaration-after-statement  -static-libgcc conftest.c  >&5
configure:13046: $? = 0
configure:13059: result: yes
configure:13151: checking if i486-TSOL-linux-gnu-gcc -std=gnu99 supports -Wunused
configure:13168: i486-TSOL-linux-gnu-gcc -std=gnu99 -o conftest -Os -Wunused  -static-libgcc conftest.c  >&5
configure:13168: $? = 0
configure:13181: result: yes
configure:13269: checking if i486-TSOL-linux-gnu-gcc -std=gnu99 supports -Wuninitialized
configure:13286: i486-TSOL-linux-gnu-gcc -std=gnu99 -o conftest -Os -Wuninitialized  -static-libgcc conftest.c  >&5
configure:13286: $? = 0
configure:13299: result: yes
configure:13387: checking if i486-TSOL-linux-gnu-gcc -std=gnu99 supports -Wshadow
configure:13404: i486-TSOL-linux-gnu-gcc -std=gnu99 -o conftest -Os -Wshadow  -static-libgcc conftest.c  >&5
configure:13404: $? = 0
configure:13417: result: yes
configure:13505: checking if i486-TSOL-linux-gnu-gcc -std=gnu99 supports -Wcast-qual
configure:13522: i486-TSOL-linux-gnu-gcc -std=gnu99 -o conftest -Os -Wcast-qual  -static-libgcc conftest.c  >&5
configure:13522: $? = 0
configure:13535: result: yes
configure:13623: checking if i486-TSOL-linux-gnu-gcc -std=gnu99 supports -Wmissing-noreturn
configure:13640: i486-TSOL-linux-gnu-gcc -std=gnu99 -o conftest -Os -Wmissing-noreturn  -static-libgcc conftest.c  >&5
configure:13640: $? = 0
configure:13653: result: yes
configure:13741: checking if i486-TSOL-linux-gnu-gcc -std=gnu99 supports -Wmissing-format-attribute
configure:13758: i486-TSOL-linux-gnu-gcc -std=gnu99 -o conftest -Os -Wmissing-format-attribute  -static-libgcc conftest.c  >&5
configure:13758: $? = 0
configure:13771: result: yes
configure:13859: checking if i486-TSOL-linux-gnu-gcc -std=gnu99 supports -Wredundant-decls
configure:13876: i486-TSOL-linux-gnu-gcc -std=gnu99 -o conftest -Os -Wredundant-decls  -static-libgcc conftest.c  >&5
configure:13876: $? = 0
configure:13889: result: yes
configure:13989: checking if i486-TSOL-linux-gnu-gcc -std=gnu99 supports -Werror=implicit
configure:14006: i486-TSOL-linux-gnu-gcc -std=gnu99 -o conftest -Os -Werror=implicit  -static-libgcc conftest.c  >&5
configure:14006: $? = 0
configure:14019: result: yes
configure:14156: checking if i486-TSOL-linux-gnu-gcc -std=gnu99 supports -Werror=nonnull
configure:14173: i486-TSOL-linux-gnu-gcc -std=gnu99 -o conftest -Os -Werror=nonnull  -static-libgcc conftest.c  >&5
configure:14173: $? = 0
configure:14186: result: yes
configure:14274: checking if i486-TSOL-linux-gnu-gcc -std=gnu99 supports -Werror=init-self
configure:14291: i486-TSOL-linux-gnu-gcc -std=gnu99 -o conftest -Os -Werror=init-self  -static-libgcc conftest.c  >&5
configure:14291: $? = 0
configure:14304: result: yes
configure:14392: checking if i486-TSOL-linux-gnu-gcc -std=gnu99 supports -Werror=main
configure:14409: i486-TSOL-linux-gnu-gcc -std=gnu99 -o conftest -Os -Werror=main  -static-libgcc conftest.c  >&5
configure:14409: $? = 0
configure:14422: result: yes
configure:14510: checking if i486-TSOL-linux-gnu-gcc -std=gnu99 supports -Werror=missing-braces
configure:14527: i486-TSOL-linux-gnu-gcc -std=gnu99 -o conftest -Os -Werror=missing-braces  -static-libgcc conftest.c  >&5
configure:14527: $? = 0
configure:14540: result: yes
configure:14628: checking if i486-TSOL-linux-gnu-gcc -std=gnu99 supports -Werror=sequence-point
configure:14645: i486-TSOL-linux-gnu-gcc -std=gnu99 -o conftest -Os -Werror=sequence-point  -static-libgcc conftest.c  >&5
configure:14645: $? = 0
configure:14658: result: yes
configure:14746: checking if i486-TSOL-linux-gnu-gcc -std=gnu99 supports -Werror=return-type
configure:14763: i486-TSOL-linux-gnu-gcc -std=gnu99 -o conftest -Os -Werror=return-type  -static-libgcc conftest.c  >&5
configure:14763: $? = 0
configure:14776: result: yes
configure:14913: checking if i486-TSOL-linux-gnu-gcc -std=gnu99 supports -Werror=trigraphs
configure:14930: i486-TSOL-linux-gnu-gcc -std=gnu99 -o conftest -Os -Werror=trigraphs  -static-libgcc conftest.c  >&5
configure:14930: $? = 0
configure:14943: result: yes
configure:15031: checking if i486-TSOL-linux-gnu-gcc -std=gnu99 supports -Werror=array-bounds
configure:15048: i486-TSOL-linux-gnu-gcc -std=gnu99 -o conftest -Os -Werror=array-bounds  -static-libgcc conftest.c  >&5
configure:15048: $? = 0
configure:15061: result: yes
configure:15149: checking if i486-TSOL-linux-gnu-gcc -std=gnu99 supports -Werror=write-strings
configure:15166: i486-TSOL-linux-gnu-gcc -std=gnu99 -o conftest -Os -Werror=write-strings  -static-libgcc conftest.c  >&5
configure:15166: $? = 0
configure:15179: result: yes
configure:15267: checking if i486-TSOL-linux-gnu-gcc -std=gnu99 supports -Werror=address
configure:15284: i486-TSOL-linux-gnu-gcc -std=gnu99 -o conftest -Os -Werror=address  -static-libgcc conftest.c  >&5
configure:15284: $? = 0
configure:15297: result: yes
configure:15385: checking if i486-TSOL-linux-gnu-gcc -std=gnu99 supports -Werror=int-to-pointer-cast
configure:15402: i486-TSOL-linux-gnu-gcc -std=gnu99 -o conftest -Os -Werror=int-to-pointer-cast  -static-libgcc conftest.c  >&5
configure:15402: $? = 0
configure:15415: result: yes
configure:15552: checking if i486-TSOL-linux-gnu-gcc -std=gnu99 supports -Werror=pointer-to-int-cast
configure:15569: i486-TSOL-linux-gnu-gcc -std=gnu99 -o conftest -Os -Werror=pointer-to-int-cast  -static-libgcc conftest.c  >&5
configure:15569: $? = 0
configure:15582: result: yes
configure:17240: checking if i486-TSOL-linux-gnu-gcc -std=gnu99 supports -pedantic
configure:17257: i486-TSOL-linux-gnu-gcc -std=gnu99 -o conftest -Os -pedantic  -static-libgcc conftest.c  >&5
configure:17257: $? = 0
configure:17270: result: yes
configure:17358: checking if i486-TSOL-linux-gnu-gcc -std=gnu99 supports -Werror
configure:17375: i486-TSOL-linux-gnu-gcc -std=gnu99 -o conftest -Os -Werror  -static-libgcc conftest.c  >&5
configure:17375: $? = 0
configure:17388: result: yes
configure:17528: checking if i486-TSOL-linux-gnu-gcc -std=gnu99 supports -Werror=attributes
configure:17545: i486-TSOL-linux-gnu-gcc -std=gnu99 -o conftest -Os -Werror=attributes  -static-libgcc conftest.c  >&5
configure:17545: $? = 0
configure:17558: result: yes
configure:17738: checking whether to build functional specifications
configure:17740: result: yes
configure:17759: checking for xmlto
configure:17792: result: no
configure:17798: WARNING: xmlto not found - documentation targets will be skipped
configure:17934: checking for fop
configure:17967: result: no
configure:17973: WARNING: fop not found - documentation targets will be skipped
configure:18063: checking for xsltproc
configure:18081: found /usr/bin/xsltproc
configure:18093: result: /usr/bin/xsltproc
configure:18173: checking for X.Org SGML entities >= 1.8
configure:18177: $PKG_CONFIG --exists --print-errors "xorg-sgml-doctools >= 1.8"
Package xorg-sgml-doctools was not found in the pkg-config search path.
Perhaps you should add the directory containing `xorg-sgml-doctools.pc'
to the PKG_CONFIG_PATH environment variable
No package 'xorg-sgml-doctools' found
configure:18180: $? = 1
configure:18196: result: no
configure:18215: checking whether i486-TSOL-linux-gnu-gcc -std=gnu99 and cc understand -c and -o together
configure:18246: i486-TSOL-linux-gnu-gcc -std=gnu99 -c conftest.c -o conftest2.o >&5
configure:18250: $? = 0
configure:18256: i486-TSOL-linux-gnu-gcc -std=gnu99 -c conftest.c -o conftest2.o >&5
configure:18260: $? = 0
configure:18271: cc -c conftest.c >&5
configure:18275: $? = 0
configure:18283: cc -c conftest.c -o conftest2.o >&5
configure:18287: $? = 0
configure:18293: cc -c conftest.c -o conftest2.o >&5
configure:18297: $? = 0
configure:18315: result: yes
configure:18346: checking for gawk
configure:18373: result: gawk
configure:18436: checking for pkg-config
configure:18466: result: /usr/bin/pkg-config
configure:18491: checking pkg-config is at least version 0.9.0
configure:18494: result: yes
configure:18555: checking for XAW6
configure:18562: $PKG_CONFIG --exists --print-errors "xproto x11 xext xextproto xt xmu"
configure:18565: $? = 0
configure:18578: $PKG_CONFIG --exists --print-errors "xproto x11 xext xextproto xt xmu"
configure:18581: $? = 0
configure:18635: result: yes
configure:18655: checking for XAW7
configure:18662: $PKG_CONFIG --exists --print-errors "xproto x11 xext xextproto xt xmu xpm"
configure:18665: $? = 0
configure:18678: $PKG_CONFIG --exists --print-errors "xproto x11 xext xextproto xt xmu xpm"
configure:18681: $? = 0
configure:18735: result: yes
configure:18763: checking wctype.h usability
configure:18763: i486-TSOL-linux-gnu-gcc -std=gnu99 -c -Os  conftest.c >&5
configure:18763: $? = 0
configure:18763: result: yes
configure:18763: checking wctype.h presence
configure:18763: i486-TSOL-linux-gnu-gcc -E  conftest.c
configure:18763: $? = 0
configure:18763: result: yes
configure:18763: checking for wctype.h
configure:18763: result: yes
configure:18763: checking wchar.h usability
configure:18763: i486-TSOL-linux-gnu-gcc -std=gnu99 -c -Os  conftest.c >&5
configure:18763: $? = 0
configure:18763: result: yes
configure:18763: checking wchar.h presence
configure:18763: i486-TSOL-linux-gnu-gcc -E  conftest.c
configure:18763: $? = 0
configure:18763: result: yes
configure:18763: checking for wchar.h
configure:18763: result: yes
configure:18763: checking widec.h usability
configure:18763: i486-TSOL-linux-gnu-gcc -std=gnu99 -c -Os  conftest.c >&5
conftest.c:61:19: fatal error: widec.h: No such file or directory
compilation terminated.
configure:18763: $? = 1
configure: failed program was:
| /* confdefs.h */
| #define PACKAGE_NAME "libXaw"
| #define PACKAGE_TARNAME "libXaw"
| #define PACKAGE_VERSION "1.0.11"
| #define PACKAGE_STRING "libXaw 1.0.11"
| #define PACKAGE_BUGREPORT "https://bugs.freedesktop.org/enter_bug.cgi?product=xorg"
| #define PACKAGE_URL ""
| #define PACKAGE "libXaw"
| #define VERSION "1.0.11"
| #define STDC_HEADERS 1
| #define HAVE_SYS_TYPES_H 1
| #define HAVE_SYS_STAT_H 1
| #define HAVE_STDLIB_H 1
| #define HAVE_STRING_H 1
| #define HAVE_MEMORY_H 1
| #define HAVE_STRINGS_H 1
| #define HAVE_INTTYPES_H 1
| #define HAVE_STDINT_H 1
| #define HAVE_UNISTD_H 1
| #define HAVE_DLFCN_H 1
| #define LT_OBJDIR ".libs/"
| #define PACKAGE_VERSION_MAJOR 1
| #define PACKAGE_VERSION_MINOR 0
| #define PACKAGE_VERSION_PATCHLEVEL 11
| #define HAVE_WCTYPE_H 1
| #define HAVE_WCHAR_H 1
| /* end confdefs.h.  */
| #include <stdio.h>
| #ifdef HAVE_SYS_TYPES_H
| # include <sys/types.h>
| #endif
| #ifdef HAVE_SYS_STAT_H
| # include <sys/stat.h>
| #endif
| #ifdef STDC_HEADERS
| # include <stdlib.h>
| # include <stddef.h>
| #else
| # ifdef HAVE_STDLIB_H
| #  include <stdlib.h>
| # endif
| #endif
| #ifdef HAVE_STRING_H
| # if !defined STDC_HEADERS && defined HAVE_MEMORY_H
| #  include <memory.h>
| # endif
| # include <string.h>
| #endif
| #ifdef HAVE_STRINGS_H
| # include <strings.h>
| #endif
| #ifdef HAVE_INTTYPES_H
| # include <inttypes.h>
| #endif
| #ifdef HAVE_STDINT_H
| # include <stdint.h>
| #endif
| #ifdef HAVE_UNISTD_H
| # include <unistd.h>
| #endif
| #include <widec.h>
configure:18763: result: no
configure:18763: checking widec.h presence
configure:18763: i486-TSOL-linux-gnu-gcc -E  conftest.c
conftest.c:28:19: fatal error: widec.h: No such file or directory
compilation terminated.
configure:18763: $? = 1
configure: failed program was:
| /* confdefs.h */
| #define PACKAGE_NAME "libXaw"
| #define PACKAGE_TARNAME "libXaw"
| #define PACKAGE_VERSION "1.0.11"
| #define PACKAGE_STRING "libXaw 1.0.11"
| #define PACKAGE_BUGREPORT "https://bugs.freedesktop.org/enter_bug.cgi?product=xorg"
| #define PACKAGE_URL ""
| #define PACKAGE "libXaw"
| #define VERSION "1.0.11"
| #define STDC_HEADERS 1
| #define HAVE_SYS_TYPES_H 1
| #define HAVE_SYS_STAT_H 1
| #define HAVE_STDLIB_H 1
| #define HAVE_STRING_H 1
| #define HAVE_MEMORY_H 1
| #define HAVE_STRINGS_H 1
| #define HAVE_INTTYPES_H 1
| #define HAVE_STDINT_H 1
| #define HAVE_UNISTD_H 1
| #define HAVE_DLFCN_H 1
| #define LT_OBJDIR ".libs/"
| #define PACKAGE_VERSION_MAJOR 1
| #define PACKAGE_VERSION_MINOR 0
| #define PACKAGE_VERSION_PATCHLEVEL 11
| #define HAVE_WCTYPE_H 1
| #define HAVE_WCHAR_H 1
| /* end confdefs.h.  */
| #include <widec.h>
configure:18763: result: no
configure:18763: checking for widec.h
configure:18763: result: no
configure:18778: checking for iswalnum
configure:18778: i486-TSOL-linux-gnu-gcc -std=gnu99 -o conftest -Os  -static-libgcc conftest.c  >&5
conftest.c:51:6: warning: conflicting types for built-in function 'iswalnum' [enabled by default]
configure:18778: $? = 0
configure:18778: result: yes
configure:18778: checking for getpagesize
configure:18778: i486-TSOL-linux-gnu-gcc -std=gnu99 -o conftest -Os  -static-libgcc conftest.c  >&5
configure:18778: $? = 0
configure:18778: result: yes
configure:18975: creating ./config.status

## ---------------------- ##
## Running config.status. ##
## ---------------------- ##

This file was extended by libXaw config.status 1.0.11, which was
generated by GNU Autoconf 2.68.  Invocation command line was

  CONFIG_FILES    = 
  CONFIG_HEADERS  = 
  CONFIG_LINKS    = 
  CONFIG_COMMANDS = 
  $ ./config.status 

on ubuntu4

config.status:1166: creating Makefile
config.status:1166: creating include/Makefile
config.status:1166: creating man/Makefile
config.status:1166: creating specs/Makefile
config.status:1166: creating src/Makefile
config.status:1166: creating xaw6.pc
config.status:1166: creating xaw7.pc
config.status:1166: creating config.h
config.status:1395: executing depfiles commands
config.status:1395: executing libtool commands
config.status:1395: executing libtool_hack commands
configure:21227: WARNING: unrecognized options: --disable-docs

## ---------------- ##
## Cache variables. ##
## ---------------- ##

ac_cv_build=i686-pc-linux-gnu
ac_cv_c_compiler_gnu=yes
ac_cv_env_CC_set=set
ac_cv_env_CC_value=i486-TSOL-linux-gnu-gcc
ac_cv_env_CFLAGS_set=set
ac_cv_env_CFLAGS_value=-Os
ac_cv_env_CPPFLAGS_set=
ac_cv_env_CPPFLAGS_value=
ac_cv_env_CPP_set=
ac_cv_env_CPP_value=
ac_cv_env_FOP_set=
ac_cv_env_FOP_value=
ac_cv_env_LDFLAGS_set=set
ac_cv_env_LDFLAGS_value=-static-libgcc
ac_cv_env_LIBS_set=
ac_cv_env_LIBS_value=
ac_cv_env_PKG_CONFIG_set=
ac_cv_env_PKG_CONFIG_value=
ac_cv_env_XAW6_CFLAGS_set=
ac_cv_env_XAW6_CFLAGS_value=
ac_cv_env_XAW6_LIBS_set=
ac_cv_env_XAW6_LIBS_value=
ac_cv_env_XAW7_CFLAGS_set=
ac_cv_env_XAW7_CFLAGS_value=
ac_cv_env_XAW7_LIBS_set=
ac_cv_env_XAW7_LIBS_value=
ac_cv_env_XMLTO_set=
ac_cv_env_XMLTO_value=
ac_cv_env_XSLTPROC_set=
ac_cv_env_XSLTPROC_value=
ac_cv_env_build_alias_set=
ac_cv_env_build_alias_value=
ac_cv_env_host_alias_set=
ac_cv_env_host_alias_value=
ac_cv_env_target_alias_set=
ac_cv_env_target_alias_value=
ac_cv_func_getpagesize=yes
ac_cv_func_iswalnum=yes
ac_cv_have_decl___INTEL_COMPILER=no
ac_cv_have_decl___SUNPRO_C=no
ac_cv_have_decl___clang__=no
ac_cv_header_dlfcn_h=yes
ac_cv_header_inttypes_h=yes
ac_cv_header_memory_h=yes
ac_cv_header_stdc=yes
ac_cv_header_stdint_h=yes
ac_cv_header_stdlib_h=yes
ac_cv_header_string_h=yes
ac_cv_header_strings_h=yes
ac_cv_header_sys_stat_h=yes
ac_cv_header_sys_types_h=yes
ac_cv_header_unistd_h=yes
ac_cv_header_wchar_h=yes
ac_cv_header_wctype_h=yes
ac_cv_header_widec_h=no
ac_cv_host=i686-pc-linux-gnu
ac_cv_objext=o
ac_cv_path_EGREP='/usr/bin/grep -E'
ac_cv_path_FGREP='/usr/bin/grep -F'
ac_cv_path_GREP=/usr/bin/grep
ac_cv_path_SED=/usr/bin/sed
ac_cv_path_XSLTPROC=/usr/bin/xsltproc
ac_cv_path_ac_pt_PKG_CONFIG=/usr/bin/pkg-config
ac_cv_path_install='/bin/install -c'
ac_cv_path_mkdir=/bin/mkdir
ac_cv_prog_AWK=gawk
ac_cv_prog_CPP='i486-TSOL-linux-gnu-gcc -E'
ac_cv_prog_ac_ct_AR=ar
ac_cv_prog_ac_ct_CC=i486-TSOL-linux-gnu-gcc
ac_cv_prog_ac_ct_OBJDUMP=objdump
ac_cv_prog_ac_ct_RANLIB=ranlib
ac_cv_prog_ac_ct_STRIP=strip
ac_cv_prog_cc_c89=
ac_cv_prog_cc_c99=-std=gnu99
ac_cv_prog_cc_g=yes
ac_cv_prog_cc_i486_TSOL_linux_gnu_gcc_c_o=yes
ac_cv_prog_make_make_set=yes
am_cv_CC_dependencies_compiler_type=gcc3
lt_cv_ar_at_file=@
lt_cv_archive_cmds_need_lc=no
lt_cv_deplibs_check_method=pass_all
lt_cv_file_magic_cmd='$MAGIC_CMD'
lt_cv_file_magic_test_file=
lt_cv_ld_reload_flag=-r
lt_cv_nm_interface='BSD nm'
lt_cv_objdir=.libs
lt_cv_path_LD=i486-TSOL-linux-gnu-ld
lt_cv_path_NM='/toolchain/i486-TSOL-linux-gnu/bin//nm -B'
lt_cv_path_mainfest_tool=no
lt_cv_prog_compiler_c_o=yes
lt_cv_prog_compiler_pic='-fPIC -DPIC'
lt_cv_prog_compiler_pic_works=yes
lt_cv_prog_compiler_rtti_exceptions=no
lt_cv_prog_compiler_static_works=yes
lt_cv_prog_gnu_ld=yes
lt_cv_sharedlib_from_linklib_cmd='printf %s\n'
lt_cv_shlibpath_overrides_runpath=yes
lt_cv_sys_global_symbol_pipe='sed -n -e '\''s/^.*[	 ]\([ABCDGIRSTW][ABCDGIRSTW]*\)[	 ][	 ]*\([_A-Za-z][_A-Za-z0-9]*\)$/\1 \2 \2/p'\'' | sed '\''/ __gnu_lto/d'\'''
lt_cv_sys_global_symbol_to_c_name_address='sed -n -e '\''s/^: \([^ ]*\)[ ]*$/  {\"\1\", (void *) 0},/p'\'' -e '\''s/^[ABCDGIRSTW]* \([^ ]*\) \([^ ]*\)$/  {"\2", (void *) \&\2},/p'\'''
lt_cv_sys_global_symbol_to_c_name_address_lib_prefix='sed -n -e '\''s/^: \([^ ]*\)[ ]*$/  {\"\1\", (void *) 0},/p'\'' -e '\''s/^[ABCDGIRSTW]* \([^ ]*\) \(lib[^ ]*\)$/  {"\2", (void *) \&\2},/p'\'' -e '\''s/^[ABCDGIRSTW]* \([^ ]*\) \([^ ]*\)$/  {"lib\2", (void *) \&\2},/p'\'''
lt_cv_sys_global_symbol_to_cdecl='sed -n -e '\''s/^T .* \(.*\)$/extern int \1();/p'\'' -e '\''s/^[ABCDGIRSTW]* .* \(.*\)$/extern char \1;/p'\'''
lt_cv_sys_max_cmd_len=1572864
lt_cv_to_host_file_cmd=func_convert_file_noop
lt_cv_to_tool_file_cmd=func_convert_file_noop
pkg_cv_XAW6_CFLAGS='-I/usr/xorg/include  '
pkg_cv_XAW6_LIBS='-L/usr/xorg/lib -lXext -lXmu -lXt -lX11  '
pkg_cv_XAW7_CFLAGS='-I/usr/xorg/include  '
pkg_cv_XAW7_LIBS='-L/usr/xorg/lib -lXext -lXmu -lXt -lXpm -lX11  '
xorg_cv_cc_flag__Wall=yes
xorg_cv_cc_flag__Wbad_function_cast=yes
xorg_cv_cc_flag__Wcast_qual=yes
xorg_cv_cc_flag__Wdeclaration_after_statement=yes
xorg_cv_cc_flag__Werror=yes
xorg_cv_cc_flag__Werror_address=yes
xorg_cv_cc_flag__Werror_array_bounds=yes
xorg_cv_cc_flag__Werror_attributes=yes
xorg_cv_cc_flag__Werror_implicit=yes
xorg_cv_cc_flag__Werror_init_self=yes
xorg_cv_cc_flag__Werror_int_to_pointer_cast=yes
xorg_cv_cc_flag__Werror_main=yes
xorg_cv_cc_flag__Werror_missing_braces=yes
xorg_cv_cc_flag__Werror_nonnull=yes
xorg_cv_cc_flag__Werror_pointer_to_int_cast=yes
xorg_cv_cc_flag__Werror_return_type=yes
xorg_cv_cc_flag__Werror_sequence_point=yes
xorg_cv_cc_flag__Werror_trigraphs=yes
xorg_cv_cc_flag__Werror_write_strings=yes
xorg_cv_cc_flag__Wformat_2=yes
xorg_cv_cc_flag__Wmissing_declarations=yes
xorg_cv_cc_flag__Wmissing_format_attribute=yes
xorg_cv_cc_flag__Wmissing_noreturn=yes
xorg_cv_cc_flag__Wmissing_prototypes=yes
xorg_cv_cc_flag__Wnested_externs=yes
xorg_cv_cc_flag__Wold_style_definition=yes
xorg_cv_cc_flag__Wpointer_arith=yes
xorg_cv_cc_flag__Wredundant_decls=yes
xorg_cv_cc_flag__Wshadow=yes
xorg_cv_cc_flag__Wstrict_prototypes=yes
xorg_cv_cc_flag__Wuninitialized=yes
xorg_cv_cc_flag__Wunused=yes
xorg_cv_cc_flag__pedantic=yes
xorg_cv_cc_flag_unknown_warning_option=no
xorg_cv_cc_flag_unused_command_line_argument=no

## ----------------- ##
## Output variables. ##
## ----------------- ##

ACLOCAL='aclocal -I/usr/xorg/share/aclocal -I /usr/xorg/share/aclocal'
ADMIN_MAN_DIR='$(mandir)/man$(ADMIN_MAN_SUFFIX)'
ADMIN_MAN_SUFFIX='8'
AMDEPBACKSLASH='\'
AMDEP_FALSE='#'
AMDEP_TRUE=''
AMTAR='${SHELL} /source/xorg-ponix4/lib/libXaw-1.0.11/missing --run tar'
AM_BACKSLASH='\'
AM_DEFAULT_VERBOSITY='0'
APP_MAN_DIR='$(mandir)/man$(APP_MAN_SUFFIX)'
APP_MAN_SUFFIX='1'
AR='ar'
AUTOCONF='${SHELL} /source/xorg-ponix4/lib/libXaw-1.0.11/missing --run autoconf'
AUTOHEADER='${SHELL} /source/xorg-ponix4/lib/libXaw-1.0.11/missing --run autoheader'
AUTOMAKE='${SHELL} /source/xorg-ponix4/lib/libXaw-1.0.11/missing --run automake-1.11'
AWK='gawk'
BASE_CFLAGS=' -Wall -Wpointer-arith -Wmissing-declarations -Wformat=2 -Wstrict-prototypes -Wmissing-prototypes -Wnested-externs -Wbad-function-cast -Wold-style-definition -Wdeclaration-after-statement -Wunused -Wuninitialized -Wshadow -Wcast-qual -Wmissing-noreturn -Wmissing-format-attribute -Wredundant-decls -Werror=implicit -Werror=nonnull -Werror=init-self -Werror=main -Werror=missing-braces -Werror=sequence-point -Werror=return-type -Werror=trigraphs -Werror=array-bounds -Werror=write-strings -Werror=address -Werror=int-to-pointer-cast -Werror=pointer-to-int-cast'
BUILD_XAW6_FALSE='#'
BUILD_XAW6_TRUE=''
BUILD_XAW7_FALSE='#'
BUILD_XAW7_TRUE=''
CC='i486-TSOL-linux-gnu-gcc -std=gnu99'
CCDEPMODE='depmode=gcc3'
CFLAGS='-Os'
CHANGELOG_CMD='(GIT_DIR=$(top_srcdir)/.git git log > $(top_srcdir)/.changelog.tmp && mv $(top_srcdir)/.changelog.tmp $(top_srcdir)/ChangeLog) || (rm -f $(top_srcdir)/.changelog.tmp; touch $(top_srcdir)/ChangeLog; echo '\''git directory not found: installing possibly empty changelog.'\'' >&2)'
CPP='i486-TSOL-linux-gnu-gcc -E'
CPPFLAGS=''
CWARNFLAGS=' -Wall -Wpointer-arith -Wmissing-declarations -Wformat=2 -Wstrict-prototypes -Wmissing-prototypes -Wnested-externs -Wbad-function-cast -Wold-style-definition -Wdeclaration-after-statement -Wunused -Wuninitialized -Wshadow -Wcast-qual -Wmissing-noreturn -Wmissing-format-attribute -Wredundant-decls -Werror=implicit -Werror=nonnull -Werror=init-self -Werror=main -Werror=missing-braces -Werror=sequence-point -Werror=return-type -Werror=trigraphs -Werror=array-bounds -Werror=write-strings -Werror=address -Werror=int-to-pointer-cast -Werror=pointer-to-int-cast -fno-strict-aliasing'
CYGPATH_W='echo'
DEFS='-DHAVE_CONFIG_H'
DEPDIR='.deps'
DLLTOOL='false'
DRIVER_MAN_DIR='$(mandir)/man$(DRIVER_MAN_SUFFIX)'
DRIVER_MAN_SUFFIX='4'
DSYMUTIL=''
DUMPBIN=''
ECHO_C=''
ECHO_N='-n'
ECHO_T=''
EGREP='/usr/bin/grep -E'
ENABLE_SPECS_FALSE='#'
ENABLE_SPECS_TRUE=''
EXEEXT=''
FGREP='/usr/bin/grep -F'
FILE_MAN_DIR='$(mandir)/man$(FILE_MAN_SUFFIX)'
FILE_MAN_SUFFIX='5'
FOP=''
GREP='/usr/bin/grep'
HAVE_FOP_FALSE=''
HAVE_FOP_TRUE='#'
HAVE_STYLESHEETS_FALSE=''
HAVE_STYLESHEETS_TRUE='#'
HAVE_XMLTO_FALSE=''
HAVE_XMLTO_TEXT_FALSE=''
HAVE_XMLTO_TEXT_TRUE='#'
HAVE_XMLTO_TRUE='#'
HAVE_XSLTPROC_FALSE='#'
HAVE_XSLTPROC_TRUE=''
INSTALL_CMD='(cp -f /usr/xorg/share/util-macros/INSTALL $(top_srcdir)/.INSTALL.tmp && mv $(top_srcdir)/.INSTALL.tmp $(top_srcdir)/INSTALL) || (rm -f $(top_srcdir)/.INSTALL.tmp; touch $(top_srcdir)/INSTALL; echo '\''util-macros "pkgdatadir" from xorg-macros.pc not found: installing possibly empty INSTALL.'\'' >&2)'
INSTALL_DATA='${INSTALL} -m 644'
INSTALL_PROGRAM='${INSTALL}'
INSTALL_SCRIPT='${INSTALL}'
INSTALL_STRIP_PROGRAM='$(install_sh) -c -s'
LD='i486-TSOL-linux-gnu-ld'
LDFLAGS='-static-libgcc'
LIBEXT='so'
LIBOBJS=''
LIBS=''
LIBTOOL='$(SHELL) $(top_builddir)/libtool'
LIB_MAN_DIR='$(mandir)/man$(LIB_MAN_SUFFIX)'
LIB_MAN_SUFFIX='3'
LIPO=''
LN_S='ln -s'
LTLIBOBJS=''
MAINT='#'
MAINTAINER_MODE_FALSE=''
MAINTAINER_MODE_TRUE='#'
MAKEINFO='${SHELL} /source/xorg-ponix4/lib/libXaw-1.0.11/missing --run makeinfo'
MANIFEST_TOOL=':'
MAN_SUBSTS='	-e '\''s|__vendorversion__|"$(PACKAGE_STRING)" "$(XORG_MAN_PAGE)"|'\'' 	-e '\''s|__xorgversion__|"$(PACKAGE_STRING)" "$(XORG_MAN_PAGE)"|'\'' 	-e '\''s|__xservername__|Xorg|g'\'' 	-e '\''s|__xconfigfile__|xorg.conf|g'\'' 	-e '\''s|__projectroot__|$(prefix)|g'\'' 	-e '\''s|__apploaddir__|$(appdefaultdir)|g'\'' 	-e '\''s|__appmansuffix__|$(APP_MAN_SUFFIX)|g'\'' 	-e '\''s|__drivermansuffix__|$(DRIVER_MAN_SUFFIX)|g'\'' 	-e '\''s|__adminmansuffix__|$(ADMIN_MAN_SUFFIX)|g'\'' 	-e '\''s|__libmansuffix__|$(LIB_MAN_SUFFIX)|g'\'' 	-e '\''s|__miscmansuffix__|$(MISC_MAN_SUFFIX)|g'\'' 	-e '\''s|__filemansuffix__|$(FILE_MAN_SUFFIX)|g'\'''
MISC_MAN_DIR='$(mandir)/man$(MISC_MAN_SUFFIX)'
MISC_MAN_SUFFIX='7'
MKDIR_P='/bin/mkdir -p'
NM='/toolchain/i486-TSOL-linux-gnu/bin//nm -B'
NMEDIT=''
OBJDUMP='objdump'
OBJEXT='o'
OTOOL64=''
OTOOL=''
PACKAGE='libXaw'
PACKAGE_BUGREPORT='https://bugs.freedesktop.org/enter_bug.cgi?product=xorg'
PACKAGE_NAME='libXaw'
PACKAGE_STRING='libXaw 1.0.11'
PACKAGE_TARNAME='libXaw'
PACKAGE_URL=''
PACKAGE_VERSION='1.0.11'
PATH_SEPARATOR=':'
PKG_CONFIG='/usr/bin/pkg-config'
PLATFORM_DARWIN_FALSE=''
PLATFORM_DARWIN_TRUE='#'
PLATFORM_WIN32_FALSE=''
PLATFORM_WIN32_TRUE='#'
RANLIB='ranlib'
SED='/usr/bin/sed'
SET_MAKE=''
SHELL='/bin/sh'
STRICT_CFLAGS=' -pedantic -Werror -Werror=attributes'
STRIP='strip'
STYLESHEET_SRCDIR=''
VERSION='1.0.11'
XAW6_CFLAGS='-I/usr/xorg/include  '
XAW6_LIBS='-L/usr/xorg/lib -lXext -lXmu -lXt -lX11  '
XAW7_CFLAGS='-I/usr/xorg/include  '
XAW7_LIBS='-L/usr/xorg/lib -lXext -lXmu -lXt -lXpm -lX11  '
XMLTO=''
XORG_MAN_PAGE='X Version 11'
XORG_SGML_PATH=''
XSLTPROC='/usr/bin/xsltproc'
XSL_STYLESHEET=''
ac_ct_AR='ar'
ac_ct_CC='i486-TSOL-linux-gnu-gcc'
ac_ct_DUMPBIN=''
am__EXEEXT_FALSE=''
am__EXEEXT_TRUE='#'
am__fastdepCC_FALSE='#'
am__fastdepCC_TRUE=''
am__include='include'
am__isrc=''
am__leading_dot='.'
am__nodep='_no'
am__quote=''
am__tar='${AMTAR} chof - "$$tardir"'
am__untar='${AMTAR} xf -'
bindir='${exec_prefix}/bin'
build='i686-pc-linux-gnu'
build_alias=''
build_cpu='i686'
build_os='linux-gnu'
build_vendor='pc'
datadir='${datarootdir}'
datarootdir='${prefix}/share'
docdir='${datarootdir}/doc/${PACKAGE_TARNAME}'
dvidir='${docdir}'
exec_prefix='${prefix}'
host='i686-pc-linux-gnu'
host_alias=''
host_cpu='i686'
host_os='linux-gnu'
host_vendor='pc'
htmldir='${docdir}'
includedir='${prefix}/include'
infodir='${datarootdir}/info'
install_sh='${SHELL} /source/xorg-ponix4/lib/libXaw-1.0.11/install-sh'
libdir='${exec_prefix}/lib'
libexecdir='${exec_prefix}/libexec'
localedir='${datarootdir}/locale'
localstatedir='${prefix}/var'
mandir='${datarootdir}/man'
mkdir_p='/bin/mkdir -p'
oldincludedir='/usr/include'
pdfdir='${docdir}'
prefix='/usr/xorg'
program_transform_name='s,x,x,'
psdir='${docdir}'
sbindir='${exec_prefix}/sbin'
sharedstatedir='${prefix}/com'
sysconfdir='${prefix}/etc'
target_alias=''

## ----------- ##
## confdefs.h. ##
## ----------- ##

/* confdefs.h */
#define PACKAGE_NAME "libXaw"
#define PACKAGE_TARNAME "libXaw"
#define PACKAGE_VERSION "1.0.11"
#define PACKAGE_STRING "libXaw 1.0.11"
#define PACKAGE_BUGREPORT "https://bugs.freedesktop.org/enter_bug.cgi?product=xorg"
#define PACKAGE_URL ""
#define PACKAGE "libXaw"
#define VERSION "1.0.11"
#define STDC_HEADERS 1
#define HAVE_SYS_TYPES_H 1
#define HAVE_SYS_STAT_H 1
#define HAVE_STDLIB_H 1
#define HAVE_STRING_H 1
#define HAVE_MEMORY_H 1
#define HAVE_STRINGS_H 1
#define HAVE_INTTYPES_H 1
#define HAVE_STDINT_H 1
#define HAVE_UNISTD_H 1
#define HAVE_DLFCN_H 1
#define LT_OBJDIR ".libs/"
#define PACKAGE_VERSION_MAJOR 1
#define PACKAGE_VERSION_MINOR 0
#define PACKAGE_VERSION_PATCHLEVEL 11
#define HAVE_WCTYPE_H 1
#define HAVE_WCHAR_H 1
#define HAVE_ISWALNUM 1
#define HAVE_GETPAGESIZE 1

configure: exit 0
