This file contains any messages produced by compilers while
running configure, to aid debugging if configure makes a mistake.

It was created by xf86-video-nv configure 2.1.20, which was
generated by GNU Autoconf 2.68.  Invocation command line was

  $ ./configure --enable-maintainer-mode --prefix=/usr/xorg1 CC=i486-TSOL-linux-gnu-gcc CFLAGS=-O2 LDFLAGS=-static-libgcc

## --------- ##
## Platform. ##
## --------- ##

hostname = ubuntu4
uname -m = i686
uname -r = 3.2.16-030216-generic
uname -s = Linux
uname -v = #201204221935 SMP Sun Apr 22 23:42:49 UTC 2012

/usr/bin/uname -p = unknown
/bin/uname -X     = unknown

/bin/arch              = unknown
/usr/bin/arch -k       = unknown
/usr/convex/getsysinfo = unknown
/usr/bin/hostinfo      = unknown
/bin/machine           = unknown
/usr/bin/oslevel       = unknown
/bin/universe          = unknown

PATH: /usr/xorg1/bin
PATH: /source/docbook-xsl-1.76.1/tools/bin
PATH: /bin
PATH: /sbin
PATH: /usr/bin
PATH: /usr/sbin
PATH: /usr/bin/X11
PATH: /usr/local/bin
PATH: /toolchain/bin
PATH: /toolchain/i486-TSOL-linux-gnu/bin/
PATH: /root/.local/bin
PATH: /usr/xorg/bin


## ----------- ##
## Core tests. ##
## ----------- ##

configure:2351: checking for a BSD-compatible install
configure:2419: result: /bin/install -c
configure:2478: checking for gcc
configure:2505: result: i486-TSOL-linux-gnu-gcc
configure:2734: checking for C compiler version
configure:2743: i486-TSOL-linux-gnu-gcc --version >&5
i486-TSOL-linux-gnu-gcc (crosstool-NG 1.15.2) 4.6.3
Copyright (C) 2011 Free Software Foundation, Inc.
This is free software; see the source for copying conditions.  There is NO
warranty; not even for MERCHANTABILITY or FITNESS FOR A PARTICULAR PURPOSE.

configure:2754: $? = 0
configure:2743: i486-TSOL-linux-gnu-gcc -v >&5
Using built-in specs.
COLLECT_GCC=i486-TSOL-linux-gnu-gcc
COLLECT_LTO_WRAPPER=/toolchain/libexec/gcc/i486-TSOL-linux-gnu/4.6.3/lto-wrapper
Target: i486-TSOL-linux-gnu
Configured with: /TSOL/crosstool-ng-1.15.2/bin/.build/src/gcc-4.6.3/configure --build=i686-build_pc-linux-gnu --host=i686-build_pc-linux-gnu --target=i486-TSOL-linux-gnu --prefix=/toolchain --with-sysroot=/toolchain/i486-TSOL-linux-gnu/sysroot --enable-languages=c,c++ --with-arch=i486 --with-pkgversion='crosstool-NG 1.15.2' --enable-__cxa_atexit --disable-libmudflap --disable-libgomp --disable-libssp --with-gmp=/TSOL/crosstool-ng-1.15.2/bin/.build/i486-TSOL-linux-gnu/buildtools --with-mpfr=/TSOL/crosstool-ng-1.15.2/bin/.build/i486-TSOL-linux-gnu/buildtools --with-mpc=/TSOL/crosstool-ng-1.15.2/bin/.build/i486-TSOL-linux-gnu/buildtools --with-ppl=/TSOL/crosstool-ng-1.15.2/bin/.build/i486-TSOL-linux-gnu/buildtools --with-cloog=/TSOL/crosstool-ng-1.15.2/bin/.build/i486-TSOL-linux-gnu/buildtools --with-libelf=no --with-host-libstdcxx='-static-libgcc -Wl,-Bstatic,-lstdc++,-Bdynamic -lm -L/TSOL/crosstool-ng-1.15.2/bin/.build/i486-TSOL-linux-gnu/buildtools/lib -lpwl' --enable-threads=posix --enable-target-optspace --disable-multilib --with-local-prefix=/toolchain/i486-TSOL-linux-gnu/sysroot --enable-c99 --enable-long-long
Thread model: posix
gcc version 4.6.3 (crosstool-NG 1.15.2) 
configure:2754: $? = 0
configure:2743: i486-TSOL-linux-gnu-gcc -V >&5
i486-TSOL-linux-gnu-gcc: error: unrecognized option '-V'
i486-TSOL-linux-gnu-gcc: fatal error: no input files
compilation terminated.
configure:2754: $? = 1
configure:2743: i486-TSOL-linux-gnu-gcc -qversion >&5
i486-TSOL-linux-gnu-gcc: error: unrecognized option '-qversion'
i486-TSOL-linux-gnu-gcc: fatal error: no input files
compilation terminated.
configure:2754: $? = 1
configure:2774: checking whether the C compiler works
configure:2796: i486-TSOL-linux-gnu-gcc -O2  -static-libgcc conftest.c  >&5
configure:2800: $? = 0
configure:2848: result: yes
configure:2851: checking for C compiler default output file name
configure:2853: result: a.out
configure:2859: checking for suffix of executables
configure:2866: i486-TSOL-linux-gnu-gcc -o conftest -O2  -static-libgcc conftest.c  >&5
configure:2870: $? = 0
configure:2892: result: 
configure:2914: checking whether we are cross compiling
configure:2922: i486-TSOL-linux-gnu-gcc -o conftest -O2  -static-libgcc conftest.c  >&5
configure:2926: $? = 0
configure:2933: ./conftest
configure:2937: $? = 0
configure:2952: result: no
configure:2957: checking for suffix of object files
configure:2979: i486-TSOL-linux-gnu-gcc -c -O2  conftest.c >&5
configure:2983: $? = 0
configure:3004: result: o
configure:3008: checking whether we are using the GNU C compiler
configure:3027: i486-TSOL-linux-gnu-gcc -c -O2  conftest.c >&5
configure:3027: $? = 0
configure:3036: result: yes
configure:3045: checking whether i486-TSOL-linux-gnu-gcc accepts -g
configure:3065: i486-TSOL-linux-gnu-gcc -c -g  conftest.c >&5
configure:3065: $? = 0
configure:3106: result: yes
configure:3123: checking for i486-TSOL-linux-gnu-gcc option to accept ISO C89
configure:3187: i486-TSOL-linux-gnu-gcc  -c -O2  conftest.c >&5
configure:3187: $? = 0
configure:3200: result: none needed
configure:3220: checking for i486-TSOL-linux-gnu-gcc option to accept ISO C99
configure:3369: i486-TSOL-linux-gnu-gcc  -c -O2  conftest.c >&5
conftest.c:59:29: error: expected ';', ',' or ')' before 'text'
conftest.c: In function 'main':
conftest.c:113:18: error: expected '=', ',', ';', 'asm' or '__attribute__' before 'newvar'
conftest.c:113:18: error: 'newvar' undeclared (first use in this function)
conftest.c:113:18: note: each undeclared identifier is reported only once for each function it appears in
conftest.c:123:3: error: 'for' loop initial declarations are only allowed in C99 mode
conftest.c:123:3: note: use option -std=c99 or -std=gnu99 to compile your code
configure:3369: $? = 1
configure: failed program was:
| /* confdefs.h */
| #define PACKAGE_NAME "xf86-video-nv"
| #define PACKAGE_TARNAME "xf86-video-nv"
| #define PACKAGE_VERSION "2.1.20"
| #define PACKAGE_STRING "xf86-video-nv 2.1.20"
| #define PACKAGE_BUGREPORT "https://bugs.freedesktop.org/enter_bug.cgi?product=xorg"
| #define PACKAGE_URL ""
| /* end confdefs.h.  */
| #include <stdarg.h>
| #include <stdbool.h>
| #include <stdlib.h>
| #include <wchar.h>
| #include <stdio.h>
| 
| // Check varargs macros.  These examples are taken from C99 6.10.3.5.
| #define debug(...) fprintf (stderr, __VA_ARGS__)
| #define showlist(...) puts (#__VA_ARGS__)
| #define report(test,...) ((test) ? puts (#test) : printf (__VA_ARGS__))
| static void
| test_varargs_macros (void)
| {
|   int x = 1234;
|   int y = 5678;
|   debug ("Flag");
|   debug ("X = %d\n", x);
|   showlist (The first, second, and third items.);
|   report (x>y, "x is %d but y is %d", x, y);
| }
| 
| // Check long long types.
| #define BIG64 18446744073709551615ull
| #define BIG32 4294967295ul
| #define BIG_OK (BIG64 / BIG32 == 4294967297ull && BIG64 % BIG32 == 0)
| #if !BIG_OK
|   your preprocessor is broken;
| #endif
| #if BIG_OK
| #else
|   your preprocessor is broken;
| #endif
| static long long int bignum = -9223372036854775807LL;
| static unsigned long long int ubignum = BIG64;
| 
| struct incomplete_array
| {
|   int datasize;
|   double data[];
| };
| 
| struct named_init {
|   int number;
|   const wchar_t *name;
|   double average;
| };
| 
| typedef const char *ccp;
| 
| static inline int
| test_restrict (ccp restrict text)
| {
|   // See if C++-style comments work.
|   // Iterate through items via the restricted pointer.
|   // Also check for declarations in for loops.
|   for (unsigned int i = 0; *(text+i) != '\0'; ++i)
|     continue;
|   return 0;
| }
| 
| // Check varargs and va_copy.
| static void
| test_varargs (const char *format, ...)
| {
|   va_list args;
|   va_start (args, format);
|   va_list args_copy;
|   va_copy (args_copy, args);
| 
|   const char *str;
|   int number;
|   float fnumber;
| 
|   while (*format)
|     {
|       switch (*format++)
| 	{
| 	case 's': // string
| 	  str = va_arg (args_copy, const char *);
| 	  break;
| 	case 'd': // int
| 	  number = va_arg (args_copy, int);
| 	  break;
| 	case 'f': // float
| 	  fnumber = va_arg (args_copy, double);
| 	  break;
| 	default:
| 	  break;
| 	}
|     }
|   va_end (args_copy);
|   va_end (args);
| }
| 
| int
| main ()
| {
| 
|   // Check bool.
|   _Bool success = false;
| 
|   // Check restrict.
|   if (test_restrict ("String literal") == 0)
|     success = true;
|   char *restrict newvar = "Another string";
| 
|   // Check varargs.
|   test_varargs ("s, d' f .", "string", 65, 34.234);
|   test_varargs_macros ();
| 
|   // Check flexible array members.
|   struct incomplete_array *ia =
|     malloc (sizeof (struct incomplete_array) + (sizeof (double) * 10));
|   ia->datasize = 10;
|   for (int i = 0; i < ia->datasize; ++i)
|     ia->data[i] = i * 1.234;
| 
|   // Check named initializers.
|   struct named_init ni = {
|     .number = 34,
|     .name = L"Test wide string",
|     .average = 543.34343,
|   };
| 
|   ni.number = 58;
| 
|   int dynamic_array[ni.number];
|   dynamic_array[ni.number - 1] = 543;
| 
|   // work around unused variable warnings
|   return (!success || bignum == 0LL || ubignum == 0uLL || newvar[0] == 'x'
| 	  || dynamic_array[ni.number - 1] != 543);
| 
|   ;
|   return 0;
| }
configure:3369: i486-TSOL-linux-gnu-gcc -std=gnu99 -c -O2  conftest.c >&5
configure:3369: $? = 0
configure:3389: result: -std=gnu99
configure:3403: checking how to run the C preprocessor
configure:3434: i486-TSOL-linux-gnu-gcc -std=gnu99 -E  conftest.c
configure:3434: $? = 0
configure:3448: i486-TSOL-linux-gnu-gcc -std=gnu99 -E  conftest.c
conftest.c:9:28: fatal error: ac_nonexistent.h: No such file or directory
compilation terminated.
configure:3448: $? = 1
configure: failed program was:
| /* confdefs.h */
| #define PACKAGE_NAME "xf86-video-nv"
| #define PACKAGE_TARNAME "xf86-video-nv"
| #define PACKAGE_VERSION "2.1.20"
| #define PACKAGE_STRING "xf86-video-nv 2.1.20"
| #define PACKAGE_BUGREPORT "https://bugs.freedesktop.org/enter_bug.cgi?product=xorg"
| #define PACKAGE_URL ""
| /* end confdefs.h.  */
| #include <ac_nonexistent.h>
configure:3473: result: i486-TSOL-linux-gnu-gcc -std=gnu99 -E
configure:3493: i486-TSOL-linux-gnu-gcc -std=gnu99 -E  conftest.c
configure:3493: $? = 0
configure:3507: i486-TSOL-linux-gnu-gcc -std=gnu99 -E  conftest.c
conftest.c:9:28: fatal error: ac_nonexistent.h: No such file or directory
compilation terminated.
configure:3507: $? = 1
configure: failed program was:
| /* confdefs.h */
| #define PACKAGE_NAME "xf86-video-nv"
| #define PACKAGE_TARNAME "xf86-video-nv"
| #define PACKAGE_VERSION "2.1.20"
| #define PACKAGE_STRING "xf86-video-nv 2.1.20"
| #define PACKAGE_BUGREPORT "https://bugs.freedesktop.org/enter_bug.cgi?product=xorg"
| #define PACKAGE_URL ""
| /* end confdefs.h.  */
| #include <ac_nonexistent.h>
configure:3536: checking for grep that handles long lines and -e
configure:3594: result: /usr/bin/grep
configure:3599: checking for egrep
configure:3661: result: /usr/bin/grep -E
configure:3666: checking for ANSI C header files
configure:3686: i486-TSOL-linux-gnu-gcc -std=gnu99 -c -O2  conftest.c >&5
configure:3686: $? = 0
configure:3759: i486-TSOL-linux-gnu-gcc -std=gnu99 -o conftest -O2  -static-libgcc conftest.c  >&5
configure:3759: $? = 0
configure:3759: ./conftest
configure:3759: $? = 0
configure:3770: result: yes
configure:3783: checking for sys/types.h
configure:3783: i486-TSOL-linux-gnu-gcc -std=gnu99 -c -O2  conftest.c >&5
configure:3783: $? = 0
configure:3783: result: yes
configure:3783: checking for sys/stat.h
configure:3783: i486-TSOL-linux-gnu-gcc -std=gnu99 -c -O2  conftest.c >&5
configure:3783: $? = 0
configure:3783: result: yes
configure:3783: checking for stdlib.h
configure:3783: i486-TSOL-linux-gnu-gcc -std=gnu99 -c -O2  conftest.c >&5
configure:3783: $? = 0
configure:3783: result: yes
configure:3783: checking for string.h
configure:3783: i486-TSOL-linux-gnu-gcc -std=gnu99 -c -O2  conftest.c >&5
configure:3783: $? = 0
configure:3783: result: yes
configure:3783: checking for memory.h
configure:3783: i486-TSOL-linux-gnu-gcc -std=gnu99 -c -O2  conftest.c >&5
configure:3783: $? = 0
configure:3783: result: yes
configure:3783: checking for strings.h
configure:3783: i486-TSOL-linux-gnu-gcc -std=gnu99 -c -O2  conftest.c >&5
configure:3783: $? = 0
configure:3783: result: yes
configure:3783: checking for inttypes.h
configure:3783: i486-TSOL-linux-gnu-gcc -std=gnu99 -c -O2  conftest.c >&5
configure:3783: $? = 0
configure:3783: result: yes
configure:3783: checking for stdint.h
configure:3783: i486-TSOL-linux-gnu-gcc -std=gnu99 -c -O2  conftest.c >&5
configure:3783: $? = 0
configure:3783: result: yes
configure:3783: checking for unistd.h
configure:3783: i486-TSOL-linux-gnu-gcc -std=gnu99 -c -O2  conftest.c >&5
configure:3783: $? = 0
configure:3783: result: yes
configure:3799: checking whether __clang__ is declared
configure:3799: i486-TSOL-linux-gnu-gcc -std=gnu99 -c -O2  conftest.c >&5
conftest.c: In function 'main':
conftest.c:59:10: error: '__clang__' undeclared (first use in this function)
conftest.c:59:10: note: each undeclared identifier is reported only once for each function it appears in
configure:3799: $? = 1
configure: failed program was:
| /* confdefs.h */
| #define PACKAGE_NAME "xf86-video-nv"
| #define PACKAGE_TARNAME "xf86-video-nv"
| #define PACKAGE_VERSION "2.1.20"
| #define PACKAGE_STRING "xf86-video-nv 2.1.20"
| #define PACKAGE_BUGREPORT "https://bugs.freedesktop.org/enter_bug.cgi?product=xorg"
| #define PACKAGE_URL ""
| #define STDC_HEADERS 1
| #define HAVE_SYS_TYPES_H 1
| #define HAVE_SYS_STAT_H 1
| #define HAVE_STDLIB_H 1
| #define HAVE_STRING_H 1
| #define HAVE_MEMORY_H 1
| #define HAVE_STRINGS_H 1
| #define HAVE_INTTYPES_H 1
| #define HAVE_STDINT_H 1
| #define HAVE_UNISTD_H 1
| /* end confdefs.h.  */
| #include <stdio.h>
| #ifdef HAVE_SYS_TYPES_H
| # include <sys/types.h>
| #endif
| #ifdef HAVE_SYS_STAT_H
| # include <sys/stat.h>
| #endif
| #ifdef STDC_HEADERS
| # include <stdlib.h>
| # include <stddef.h>
| #else
| # ifdef HAVE_STDLIB_H
| #  include <stdlib.h>
| # endif
| #endif
| #ifdef HAVE_STRING_H
| # if !defined STDC_HEADERS && defined HAVE_MEMORY_H
| #  include <memory.h>
| # endif
| # include <string.h>
| #endif
| #ifdef HAVE_STRINGS_H
| # include <strings.h>
| #endif
| #ifdef HAVE_INTTYPES_H
| # include <inttypes.h>
| #endif
| #ifdef HAVE_STDINT_H
| # include <stdint.h>
| #endif
| #ifdef HAVE_UNISTD_H
| # include <unistd.h>
| #endif
| int
| main ()
| {
| #ifndef __clang__
| #ifdef __cplusplus
|   (void) __clang__;
| #else
|   (void) __clang__;
| #endif
| #endif
| 
|   ;
|   return 0;
| }
configure:3799: result: no
configure:3806: checking whether __INTEL_COMPILER is declared
configure:3806: i486-TSOL-linux-gnu-gcc -std=gnu99 -c -O2  conftest.c >&5
conftest.c: In function 'main':
conftest.c:59:10: error: '__INTEL_COMPILER' undeclared (first use in this function)
conftest.c:59:10: note: each undeclared identifier is reported only once for each function it appears in
configure:3806: $? = 1
configure: failed program was:
| /* confdefs.h */
| #define PACKAGE_NAME "xf86-video-nv"
| #define PACKAGE_TARNAME "xf86-video-nv"
| #define PACKAGE_VERSION "2.1.20"
| #define PACKAGE_STRING "xf86-video-nv 2.1.20"
| #define PACKAGE_BUGREPORT "https://bugs.freedesktop.org/enter_bug.cgi?product=xorg"
| #define PACKAGE_URL ""
| #define STDC_HEADERS 1
| #define HAVE_SYS_TYPES_H 1
| #define HAVE_SYS_STAT_H 1
| #define HAVE_STDLIB_H 1
| #define HAVE_STRING_H 1
| #define HAVE_MEMORY_H 1
| #define HAVE_STRINGS_H 1
| #define HAVE_INTTYPES_H 1
| #define HAVE_STDINT_H 1
| #define HAVE_UNISTD_H 1
| /* end confdefs.h.  */
| #include <stdio.h>
| #ifdef HAVE_SYS_TYPES_H
| # include <sys/types.h>
| #endif
| #ifdef HAVE_SYS_STAT_H
| # include <sys/stat.h>
| #endif
| #ifdef STDC_HEADERS
| # include <stdlib.h>
| # include <stddef.h>
| #else
| # ifdef HAVE_STDLIB_H
| #  include <stdlib.h>
| # endif
| #endif
| #ifdef HAVE_STRING_H
| # if !defined STDC_HEADERS && defined HAVE_MEMORY_H
| #  include <memory.h>
| # endif
| # include <string.h>
| #endif
| #ifdef HAVE_STRINGS_H
| # include <strings.h>
| #endif
| #ifdef HAVE_INTTYPES_H
| # include <inttypes.h>
| #endif
| #ifdef HAVE_STDINT_H
| # include <stdint.h>
| #endif
| #ifdef HAVE_UNISTD_H
| # include <unistd.h>
| #endif
| int
| main ()
| {
| #ifndef __INTEL_COMPILER
| #ifdef __cplusplus
|   (void) __INTEL_COMPILER;
| #else
|   (void) __INTEL_COMPILER;
| #endif
| #endif
| 
|   ;
|   return 0;
| }
configure:3806: result: no
configure:3813: checking whether __SUNPRO_C is declared
configure:3813: i486-TSOL-linux-gnu-gcc -std=gnu99 -c -O2  conftest.c >&5
conftest.c: In function 'main':
conftest.c:59:10: error: '__SUNPRO_C' undeclared (first use in this function)
conftest.c:59:10: note: each undeclared identifier is reported only once for each function it appears in
configure:3813: $? = 1
configure: failed program was:
| /* confdefs.h */
| #define PACKAGE_NAME "xf86-video-nv"
| #define PACKAGE_TARNAME "xf86-video-nv"
| #define PACKAGE_VERSION "2.1.20"
| #define PACKAGE_STRING "xf86-video-nv 2.1.20"
| #define PACKAGE_BUGREPORT "https://bugs.freedesktop.org/enter_bug.cgi?product=xorg"
| #define PACKAGE_URL ""
| #define STDC_HEADERS 1
| #define HAVE_SYS_TYPES_H 1
| #define HAVE_SYS_STAT_H 1
| #define HAVE_STDLIB_H 1
| #define HAVE_STRING_H 1
| #define HAVE_MEMORY_H 1
| #define HAVE_STRINGS_H 1
| #define HAVE_INTTYPES_H 1
| #define HAVE_STDINT_H 1
| #define HAVE_UNISTD_H 1
| /* end confdefs.h.  */
| #include <stdio.h>
| #ifdef HAVE_SYS_TYPES_H
| # include <sys/types.h>
| #endif
| #ifdef HAVE_SYS_STAT_H
| # include <sys/stat.h>
| #endif
| #ifdef STDC_HEADERS
| # include <stdlib.h>
| # include <stddef.h>
| #else
| # ifdef HAVE_STDLIB_H
| #  include <stdlib.h>
| # endif
| #endif
| #ifdef HAVE_STRING_H
| # if !defined STDC_HEADERS && defined HAVE_MEMORY_H
| #  include <memory.h>
| # endif
| # include <string.h>
| #endif
| #ifdef HAVE_STRINGS_H
| # include <strings.h>
| #endif
| #ifdef HAVE_INTTYPES_H
| # include <inttypes.h>
| #endif
| #ifdef HAVE_STDINT_H
| # include <stdint.h>
| #endif
| #ifdef HAVE_UNISTD_H
| # include <unistd.h>
| #endif
| int
| main ()
| {
| #ifndef __SUNPRO_C
| #ifdef __cplusplus
|   (void) __SUNPRO_C;
| #else
|   (void) __SUNPRO_C;
| #endif
| #endif
| 
|   ;
|   return 0;
| }
configure:3813: result: no
configure:3870: checking for pkg-config
configure:3888: found /usr/bin/pkg-config
configure:3900: result: /usr/bin/pkg-config
configure:3925: checking pkg-config is at least version 0.9.0
configure:3928: result: yes
configure:3941: checking build system type
configure:3955: result: i686-pc-linux-gnu
configure:3975: checking host system type
configure:3988: result: i686-pc-linux-gnu
configure:4008: checking for a sed that does not truncate output
configure:4072: result: /usr/bin/sed
configure:4118: checking if i486-TSOL-linux-gnu-gcc -std=gnu99 supports -Werror=unknown-warning-option
configure:4127: i486-TSOL-linux-gnu-gcc -std=gnu99 -c -O2 -Werror=unknown-warning-option  conftest.c >&5
cc1: error: -Werror=unknown-warning-option: no option -Wunknown-warning-option
configure:4127: $? = 1
configure: failed program was:
| /* confdefs.h */
| #define PACKAGE_NAME "xf86-video-nv"
| #define PACKAGE_TARNAME "xf86-video-nv"
| #define PACKAGE_VERSION "2.1.20"
| #define PACKAGE_STRING "xf86-video-nv 2.1.20"
| #define PACKAGE_BUGREPORT "https://bugs.freedesktop.org/enter_bug.cgi?product=xorg"
| #define PACKAGE_URL ""
| #define STDC_HEADERS 1
| #define HAVE_SYS_TYPES_H 1
| #define HAVE_SYS_STAT_H 1
| #define HAVE_STDLIB_H 1
| #define HAVE_STRING_H 1
| #define HAVE_MEMORY_H 1
| #define HAVE_STRINGS_H 1
| #define HAVE_INTTYPES_H 1
| #define HAVE_STDINT_H 1
| #define HAVE_UNISTD_H 1
| /* end confdefs.h.  */
| int i;
configure:4134: result: no
configure:4145: checking if i486-TSOL-linux-gnu-gcc -std=gnu99 supports -Werror=unused-command-line-argument
configure:4154: i486-TSOL-linux-gnu-gcc -std=gnu99 -c -O2 -Werror=unused-command-line-argument  conftest.c >&5
cc1: error: -Werror=unused-command-line-argument: no option -Wunused-command-line-argument
configure:4154: $? = 1
configure: failed program was:
| /* confdefs.h */
| #define PACKAGE_NAME "xf86-video-nv"
| #define PACKAGE_TARNAME "xf86-video-nv"
| #define PACKAGE_VERSION "2.1.20"
| #define PACKAGE_STRING "xf86-video-nv 2.1.20"
| #define PACKAGE_BUGREPORT "https://bugs.freedesktop.org/enter_bug.cgi?product=xorg"
| #define PACKAGE_URL ""
| #define STDC_HEADERS 1
| #define HAVE_SYS_TYPES_H 1
| #define HAVE_SYS_STAT_H 1
| #define HAVE_STDLIB_H 1
| #define HAVE_STRING_H 1
| #define HAVE_MEMORY_H 1
| #define HAVE_STRINGS_H 1
| #define HAVE_INTTYPES_H 1
| #define HAVE_STDINT_H 1
| #define HAVE_UNISTD_H 1
| /* end confdefs.h.  */
| int i;
configure:4161: result: no
configure:4180: checking if i486-TSOL-linux-gnu-gcc -std=gnu99 supports -Wall
configure:4197: i486-TSOL-linux-gnu-gcc -std=gnu99 -o conftest -O2 -Wall  -static-libgcc conftest.c  >&5
configure:4197: $? = 0
configure:4210: result: yes
configure:4298: checking if i486-TSOL-linux-gnu-gcc -std=gnu99 supports -Wpointer-arith
configure:4315: i486-TSOL-linux-gnu-gcc -std=gnu99 -o conftest -O2 -Wpointer-arith  -static-libgcc conftest.c  >&5
configure:4315: $? = 0
configure:4328: result: yes
configure:4416: checking if i486-TSOL-linux-gnu-gcc -std=gnu99 supports -Wmissing-declarations
configure:4433: i486-TSOL-linux-gnu-gcc -std=gnu99 -o conftest -O2 -Wmissing-declarations  -static-libgcc conftest.c  >&5
configure:4433: $? = 0
configure:4446: result: yes
configure:4534: checking if i486-TSOL-linux-gnu-gcc -std=gnu99 supports -Wformat=2
configure:4551: i486-TSOL-linux-gnu-gcc -std=gnu99 -o conftest -O2 -Wformat=2  -static-libgcc conftest.c  >&5
configure:4551: $? = 0
configure:4564: result: yes
configure:4703: checking if i486-TSOL-linux-gnu-gcc -std=gnu99 supports -Wstrict-prototypes
configure:4720: i486-TSOL-linux-gnu-gcc -std=gnu99 -o conftest -O2 -Wstrict-prototypes  -static-libgcc conftest.c  >&5
conftest.c:21:1: warning: function declaration isn't a prototype [-Wstrict-prototypes]
configure:4720: $? = 0
configure:4733: result: yes
configure:4821: checking if i486-TSOL-linux-gnu-gcc -std=gnu99 supports -Wmissing-prototypes
configure:4838: i486-TSOL-linux-gnu-gcc -std=gnu99 -o conftest -O2 -Wmissing-prototypes  -static-libgcc conftest.c  >&5
configure:4838: $? = 0
configure:4851: result: yes
configure:4939: checking if i486-TSOL-linux-gnu-gcc -std=gnu99 supports -Wnested-externs
configure:4956: i486-TSOL-linux-gnu-gcc -std=gnu99 -o conftest -O2 -Wnested-externs  -static-libgcc conftest.c  >&5
configure:4956: $? = 0
configure:4969: result: yes
configure:5057: checking if i486-TSOL-linux-gnu-gcc -std=gnu99 supports -Wbad-function-cast
configure:5074: i486-TSOL-linux-gnu-gcc -std=gnu99 -o conftest -O2 -Wbad-function-cast  -static-libgcc conftest.c  >&5
configure:5074: $? = 0
configure:5087: result: yes
configure:5175: checking if i486-TSOL-linux-gnu-gcc -std=gnu99 supports -Wold-style-definition
configure:5192: i486-TSOL-linux-gnu-gcc -std=gnu99 -o conftest -O2 -Wold-style-definition  -static-libgcc conftest.c  >&5
conftest.c: In function 'main':
conftest.c:21:1: warning: old-style function definition [-Wold-style-definition]
configure:5192: $? = 0
configure:5205: result: yes
configure:5293: checking if i486-TSOL-linux-gnu-gcc -std=gnu99 supports -Wdeclaration-after-statement
configure:5310: i486-TSOL-linux-gnu-gcc -std=gnu99 -o conftest -O2 -Wdeclaration-after-statement  -static-libgcc conftest.c  >&5
configure:5310: $? = 0
configure:5323: result: yes
configure:5415: checking if i486-TSOL-linux-gnu-gcc -std=gnu99 supports -Wunused
configure:5432: i486-TSOL-linux-gnu-gcc -std=gnu99 -o conftest -O2 -Wunused  -static-libgcc conftest.c  >&5
configure:5432: $? = 0
configure:5445: result: yes
configure:5533: checking if i486-TSOL-linux-gnu-gcc -std=gnu99 supports -Wuninitialized
configure:5550: i486-TSOL-linux-gnu-gcc -std=gnu99 -o conftest -O2 -Wuninitialized  -static-libgcc conftest.c  >&5
configure:5550: $? = 0
configure:5563: result: yes
configure:5651: checking if i486-TSOL-linux-gnu-gcc -std=gnu99 supports -Wshadow
configure:5668: i486-TSOL-linux-gnu-gcc -std=gnu99 -o conftest -O2 -Wshadow  -static-libgcc conftest.c  >&5
configure:5668: $? = 0
configure:5681: result: yes
configure:5769: checking if i486-TSOL-linux-gnu-gcc -std=gnu99 supports -Wcast-qual
configure:5786: i486-TSOL-linux-gnu-gcc -std=gnu99 -o conftest -O2 -Wcast-qual  -static-libgcc conftest.c  >&5
configure:5786: $? = 0
configure:5799: result: yes
configure:5887: checking if i486-TSOL-linux-gnu-gcc -std=gnu99 supports -Wmissing-noreturn
configure:5904: i486-TSOL-linux-gnu-gcc -std=gnu99 -o conftest -O2 -Wmissing-noreturn  -static-libgcc conftest.c  >&5
configure:5904: $? = 0
configure:5917: result: yes
configure:6005: checking if i486-TSOL-linux-gnu-gcc -std=gnu99 supports -Wmissing-format-attribute
configure:6022: i486-TSOL-linux-gnu-gcc -std=gnu99 -o conftest -O2 -Wmissing-format-attribute  -static-libgcc conftest.c  >&5
configure:6022: $? = 0
configure:6035: result: yes
configure:6123: checking if i486-TSOL-linux-gnu-gcc -std=gnu99 supports -Wredundant-decls
configure:6140: i486-TSOL-linux-gnu-gcc -std=gnu99 -o conftest -O2 -Wredundant-decls  -static-libgcc conftest.c  >&5
configure:6140: $? = 0
configure:6153: result: yes
configure:6253: checking if i486-TSOL-linux-gnu-gcc -std=gnu99 supports -Werror=implicit
configure:6270: i486-TSOL-linux-gnu-gcc -std=gnu99 -o conftest -O2 -Werror=implicit  -static-libgcc conftest.c  >&5
configure:6270: $? = 0
configure:6283: result: yes
configure:6420: checking if i486-TSOL-linux-gnu-gcc -std=gnu99 supports -Werror=nonnull
configure:6437: i486-TSOL-linux-gnu-gcc -std=gnu99 -o conftest -O2 -Werror=nonnull  -static-libgcc conftest.c  >&5
configure:6437: $? = 0
configure:6450: result: yes
configure:6538: checking if i486-TSOL-linux-gnu-gcc -std=gnu99 supports -Werror=init-self
configure:6555: i486-TSOL-linux-gnu-gcc -std=gnu99 -o conftest -O2 -Werror=init-self  -static-libgcc conftest.c  >&5
configure:6555: $? = 0
configure:6568: result: yes
configure:6656: checking if i486-TSOL-linux-gnu-gcc -std=gnu99 supports -Werror=main
configure:6673: i486-TSOL-linux-gnu-gcc -std=gnu99 -o conftest -O2 -Werror=main  -static-libgcc conftest.c  >&5
configure:6673: $? = 0
configure:6686: result: yes
configure:6774: checking if i486-TSOL-linux-gnu-gcc -std=gnu99 supports -Werror=missing-braces
configure:6791: i486-TSOL-linux-gnu-gcc -std=gnu99 -o conftest -O2 -Werror=missing-braces  -static-libgcc conftest.c  >&5
configure:6791: $? = 0
configure:6804: result: yes
configure:6892: checking if i486-TSOL-linux-gnu-gcc -std=gnu99 supports -Werror=sequence-point
configure:6909: i486-TSOL-linux-gnu-gcc -std=gnu99 -o conftest -O2 -Werror=sequence-point  -static-libgcc conftest.c  >&5
configure:6909: $? = 0
configure:6922: result: yes
configure:7010: checking if i486-TSOL-linux-gnu-gcc -std=gnu99 supports -Werror=return-type
configure:7027: i486-TSOL-linux-gnu-gcc -std=gnu99 -o conftest -O2 -Werror=return-type  -static-libgcc conftest.c  >&5
configure:7027: $? = 0
configure:7040: result: yes
configure:7177: checking if i486-TSOL-linux-gnu-gcc -std=gnu99 supports -Werror=trigraphs
configure:7194: i486-TSOL-linux-gnu-gcc -std=gnu99 -o conftest -O2 -Werror=trigraphs  -static-libgcc conftest.c  >&5
configure:7194: $? = 0
configure:7207: result: yes
configure:7295: checking if i486-TSOL-linux-gnu-gcc -std=gnu99 supports -Werror=array-bounds
configure:7312: i486-TSOL-linux-gnu-gcc -std=gnu99 -o conftest -O2 -Werror=array-bounds  -static-libgcc conftest.c  >&5
configure:7312: $? = 0
configure:7325: result: yes
configure:7413: checking if i486-TSOL-linux-gnu-gcc -std=gnu99 supports -Werror=write-strings
configure:7430: i486-TSOL-linux-gnu-gcc -std=gnu99 -o conftest -O2 -Werror=write-strings  -static-libgcc conftest.c  >&5
configure:7430: $? = 0
configure:7443: result: yes
configure:7531: checking if i486-TSOL-linux-gnu-gcc -std=gnu99 supports -Werror=address
configure:7548: i486-TSOL-linux-gnu-gcc -std=gnu99 -o conftest -O2 -Werror=address  -static-libgcc conftest.c  >&5
configure:7548: $? = 0
configure:7561: result: yes
configure:7649: checking if i486-TSOL-linux-gnu-gcc -std=gnu99 supports -Werror=int-to-pointer-cast
configure:7666: i486-TSOL-linux-gnu-gcc -std=gnu99 -o conftest -O2 -Werror=int-to-pointer-cast  -static-libgcc conftest.c  >&5
configure:7666: $? = 0
configure:7679: result: yes
configure:7816: checking if i486-TSOL-linux-gnu-gcc -std=gnu99 supports -Werror=pointer-to-int-cast
configure:7833: i486-TSOL-linux-gnu-gcc -std=gnu99 -o conftest -O2 -Werror=pointer-to-int-cast  -static-libgcc conftest.c  >&5
configure:7833: $? = 0
configure:7846: result: yes
configure:9504: checking if i486-TSOL-linux-gnu-gcc -std=gnu99 supports -pedantic
configure:9521: i486-TSOL-linux-gnu-gcc -std=gnu99 -o conftest -O2 -pedantic  -static-libgcc conftest.c  >&5
configure:9521: $? = 0
configure:9534: result: yes
configure:9622: checking if i486-TSOL-linux-gnu-gcc -std=gnu99 supports -Werror
configure:9639: i486-TSOL-linux-gnu-gcc -std=gnu99 -o conftest -O2 -Werror  -static-libgcc conftest.c  >&5
configure:9639: $? = 0
configure:9652: result: yes
configure:9792: checking if i486-TSOL-linux-gnu-gcc -std=gnu99 supports -Werror=attributes
configure:9809: i486-TSOL-linux-gnu-gcc -std=gnu99 -o conftest -O2 -Werror=attributes  -static-libgcc conftest.c  >&5
configure:9809: $? = 0
configure:9822: result: yes
configure:10018: checking whether build environment is sane
configure:10068: result: yes
configure:10209: checking for a thread-safe mkdir -p
configure:10248: result: /bin/mkdir -p
configure:10261: checking for gawk
configure:10277: found /usr/bin/gawk
configure:10288: result: gawk
configure:10299: checking whether make sets $(MAKE)
configure:10321: result: yes
configure:10351: checking for style of include used by make
configure:10379: result: GNU
configure:10464: checking dependency style of i486-TSOL-linux-gnu-gcc -std=gnu99
configure:10574: result: gcc3
configure:10591: checking whether to enable maintainer-specific portions of Makefiles
configure:10600: result: yes
configure:10692: checking how to print strings
configure:10719: result: printf
configure:10740: checking for a sed that does not truncate output
configure:10804: result: /usr/bin/sed
configure:10822: checking for fgrep
configure:10884: result: /usr/bin/grep -F
configure:10919: checking for ld used by i486-TSOL-linux-gnu-gcc -std=gnu99
configure:10986: result: i486-TSOL-linux-gnu-ld
configure:10993: checking if the linker (i486-TSOL-linux-gnu-ld) is GNU ld
configure:11008: result: yes
configure:11020: checking for BSD- or MS-compatible name lister (nm)
configure:11069: result: /toolchain/i486-TSOL-linux-gnu/bin//nm -B
configure:11199: checking the name lister (/toolchain/i486-TSOL-linux-gnu/bin//nm -B) interface
configure:11206: i486-TSOL-linux-gnu-gcc -std=gnu99 -c -O2  conftest.c >&5
configure:11209: /toolchain/i486-TSOL-linux-gnu/bin//nm -B "conftest.o"
configure:11212: output
00000000 B some_variable
configure:11219: result: BSD nm
configure:11222: checking whether ln -s works
configure:11226: result: yes
configure:11234: checking the maximum length of command line arguments
configure:11359: result: 1572864
configure:11376: checking whether the shell understands some XSI constructs
configure:11386: result: yes
configure:11390: checking whether the shell understands "+="
configure:11396: result: yes
configure:11431: checking for i486-TSOL-linux-gnu-ld option to reload object files
configure:11438: result: -r
configure:11507: checking for objdump
configure:11523: found /toolchain/i486-TSOL-linux-gnu/bin//objdump
configure:11534: result: objdump
configure:11566: checking how to recognize dependent libraries
configure:11768: result: pass_all
configure:11828: checking for ar
configure:11844: found /toolchain/i486-TSOL-linux-gnu/bin//ar
configure:11855: result: ar
configure:11933: checking for strip
configure:11949: found /toolchain/i486-TSOL-linux-gnu/bin//strip
configure:11960: result: strip
configure:12032: checking for ranlib
configure:12048: found /toolchain/i486-TSOL-linux-gnu/bin//ranlib
configure:12059: result: ranlib
configure:12161: checking command to parse /toolchain/i486-TSOL-linux-gnu/bin//nm -B output from i486-TSOL-linux-gnu-gcc -std=gnu99 object
configure:12279: i486-TSOL-linux-gnu-gcc -std=gnu99 -c -O2  conftest.c >&5
configure:12282: $? = 0
configure:12286: /toolchain/i486-TSOL-linux-gnu/bin//nm -B conftest.o \| sed -n -e 's/^.*[ ]\([ABCDGIRSTW][ABCDGIRSTW]*\)[ ][ ]*\([_A-Za-z][_A-Za-z0-9]*\)$/\1 \2 \2/p' \> conftest.nm
configure:12289: $? = 0
configure:12343: i486-TSOL-linux-gnu-gcc -std=gnu99 -o conftest -O2  -static-libgcc conftest.c conftstm.o >&5
configure:12346: $? = 0
configure:12384: result: ok
configure:13221: checking for dlfcn.h
configure:13221: i486-TSOL-linux-gnu-gcc -std=gnu99 -c -O2  conftest.c >&5
configure:13221: $? = 0
configure:13221: result: yes
configure:13378: checking for objdir
configure:13393: result: .libs
configure:13660: checking if i486-TSOL-linux-gnu-gcc -std=gnu99 supports -fno-rtti -fno-exceptions
configure:13678: i486-TSOL-linux-gnu-gcc -std=gnu99 -c -O2  -fno-rtti -fno-exceptions conftest.c >&5
cc1: warning: command line option '-fno-rtti' is valid for C++/ObjC++ but not for C [enabled by default]
configure:13682: $? = 0
configure:13695: result: no
configure:13715: checking for i486-TSOL-linux-gnu-gcc -std=gnu99 option to produce PIC
configure:14000: result: -fPIC -DPIC
configure:14012: checking if i486-TSOL-linux-gnu-gcc -std=gnu99 PIC flag -fPIC -DPIC works
configure:14030: i486-TSOL-linux-gnu-gcc -std=gnu99 -c -O2  -fPIC -DPIC -DPIC conftest.c >&5
configure:14034: $? = 0
configure:14047: result: yes
configure:14071: checking if i486-TSOL-linux-gnu-gcc -std=gnu99 static flag -static works
configure:14099: result: yes
configure:14114: checking if i486-TSOL-linux-gnu-gcc -std=gnu99 supports -c -o file.o
configure:14135: i486-TSOL-linux-gnu-gcc -std=gnu99 -c -O2  -o out/conftest2.o conftest.c >&5
configure:14139: $? = 0
configure:14161: result: yes
configure:14169: checking if i486-TSOL-linux-gnu-gcc -std=gnu99 supports -c -o file.o
configure:14216: result: yes
configure:14249: checking whether the i486-TSOL-linux-gnu-gcc -std=gnu99 linker (i486-TSOL-linux-gnu-ld) supports shared libraries
configure:15324: result: yes
configure:15361: checking whether -lc should be explicitly linked in
configure:15369: i486-TSOL-linux-gnu-gcc -std=gnu99 -c -O2  conftest.c >&5
configure:15372: $? = 0
configure:15387: i486-TSOL-linux-gnu-gcc -std=gnu99 -shared conftest.o  -v -Wl,-soname -Wl,conftest -o conftest 2\>\&1 \| /usr/bin/grep  -lc  \>/dev/null 2\>\&1
configure:15390: $? = 0
configure:15404: result: no
configure:15569: checking dynamic linker characteristics
configure:16024: i486-TSOL-linux-gnu-gcc -std=gnu99 -o conftest -O2  -static-libgcc -Wl,-rpath -Wl,/foo conftest.c  >&5
configure:16024: $? = 0
configure:16246: result: GNU/Linux ld.so
configure:16353: checking how to hardcode library paths into programs
configure:16378: result: immediate
configure:16918: checking whether stripping libraries is possible
configure:16923: result: yes
configure:16958: checking if libtool supports shared libraries
configure:16960: result: yes
configure:16963: checking whether to build shared libraries
configure:16984: result: yes
configure:16987: checking whether to build static libraries
configure:16991: result: no
configure:17061: i486-TSOL-linux-gnu-gcc -std=gnu99 -c -O2 -I/usr/xorg1/include/xorg  conftest.c >&5
configure:17061: $? = 0
configure:17068: checking if RANDR is defined
configure:17070: result: yes
configure:17096: i486-TSOL-linux-gnu-gcc -std=gnu99 -c -O2 -I/usr/xorg1/include/xorg  conftest.c >&5
configure:17096: $? = 0
configure:17103: checking if RENDER is defined
configure:17105: result: yes
configure:17131: i486-TSOL-linux-gnu-gcc -std=gnu99 -c -O2 -I/usr/xorg1/include/xorg  conftest.c >&5
configure:17131: $? = 0
configure:17138: checking if XV is defined
configure:17140: result: yes
configure:17166: i486-TSOL-linux-gnu-gcc -std=gnu99 -c -O2 -I/usr/xorg1/include/xorg  conftest.c >&5
configure:17166: $? = 0
configure:17173: checking if DPMSExtension is defined
configure:17175: result: yes
configure:17185: checking for XORG
configure:17192: $PKG_CONFIG --exists --print-errors "xorg-server >= 1.3 xproto fontsproto $REQUIRED_MODULES"
configure:17195: $? = 0
configure:17208: $PKG_CONFIG --exists --print-errors "xorg-server >= 1.3 xproto fontsproto $REQUIRED_MODULES"
configure:17211: $? = 0
configure:17265: result: yes
configure:17271: checking for XEXT
configure:17278: $PKG_CONFIG --exists --print-errors "xextproto >= 7.0.99.1"
configure:17281: $? = 0
configure:17294: $PKG_CONFIG --exists --print-errors "xextproto >= 7.0.99.1"
configure:17297: $? = 0
configure:17332: result: yes
configure:17354: checking whether XSERVER_LIBPCIACCESS is declared
configure:17354: i486-TSOL-linux-gnu-gcc -std=gnu99 -c -I/usr/xorg1/include/xorg -I/usr/xorg1/include -I/usr/xorg1/include/pixman-1    conftest.c >&5
configure:17354: $? = 0
configure:17354: result: yes
configure:17365: checking for PCIACCESS
configure:17372: $PKG_CONFIG --exists --print-errors "pciaccess >= 0.10.7"
configure:17375: $? = 0
configure:17388: $PKG_CONFIG --exists --print-errors "pciaccess >= 0.10.7"
configure:17391: $? = 0
configure:17445: result: yes
configure:17467: checking xaa.h usability
configure:17467: i486-TSOL-linux-gnu-gcc -std=gnu99 -c -I/usr/xorg1/include/xorg -I/usr/xorg1/include -I/usr/xorg1/include/pixman-1   -I/usr/xorg1/include/xorg -I/usr/xorg1/include -I/usr/xorg1/include/pixman-1   conftest.c >&5
configure:17467: $? = 0
configure:17467: result: yes
configure:17467: checking xaa.h presence
configure:17467: i486-TSOL-linux-gnu-gcc -std=gnu99 -E -I/usr/xorg1/include/xorg -I/usr/xorg1/include -I/usr/xorg1/include/pixman-1   conftest.c
configure:17467: $? = 0
configure:17467: result: yes
configure:17467: checking for xaa.h
configure:17467: result: yes
configure:17482: checking whether to include XAA support
configure:17492: result: yes
configure:17645: creating ./config.status

## ---------------------- ##
## Running config.status. ##
## ---------------------- ##

This file was extended by xf86-video-nv config.status 2.1.20, which was
generated by GNU Autoconf 2.68.  Invocation command line was

  CONFIG_FILES    = 
  CONFIG_HEADERS  = 
  CONFIG_LINKS    = 
  CONFIG_COMMANDS = 
  $ ./config.status 

on ubuntu4

config.status:1126: creating Makefile
config.status:1126: creating src/Makefile
config.status:1126: creating man/Makefile
config.status:1126: creating config.h
config.status:1355: executing depfiles commands
config.status:1355: executing libtool commands

## ---------------- ##
## Cache variables. ##
## ---------------- ##

ac_cv_build=i686-pc-linux-gnu
ac_cv_c_compiler_gnu=yes
ac_cv_env_CC_set=set
ac_cv_env_CC_value=i486-TSOL-linux-gnu-gcc
ac_cv_env_CFLAGS_set=set
ac_cv_env_CFLAGS_value=-O2
ac_cv_env_CPPFLAGS_set=
ac_cv_env_CPPFLAGS_value=
ac_cv_env_CPP_set=
ac_cv_env_CPP_value=
ac_cv_env_LDFLAGS_set=set
ac_cv_env_LDFLAGS_value=-static-libgcc
ac_cv_env_LIBS_set=
ac_cv_env_LIBS_value=
ac_cv_env_PCIACCESS_CFLAGS_set=
ac_cv_env_PCIACCESS_CFLAGS_value=
ac_cv_env_PCIACCESS_LIBS_set=
ac_cv_env_PCIACCESS_LIBS_value=
ac_cv_env_PKG_CONFIG_set=
ac_cv_env_PKG_CONFIG_value=
ac_cv_env_XEXT_CFLAGS_set=
ac_cv_env_XEXT_CFLAGS_value=
ac_cv_env_XEXT_LIBS_set=
ac_cv_env_XEXT_LIBS_value=
ac_cv_env_XORG_CFLAGS_set=
ac_cv_env_XORG_CFLAGS_value=
ac_cv_env_XORG_LIBS_set=
ac_cv_env_XORG_LIBS_value=
ac_cv_env_build_alias_set=
ac_cv_env_build_alias_value=
ac_cv_env_host_alias_set=
ac_cv_env_host_alias_value=
ac_cv_env_target_alias_set=
ac_cv_env_target_alias_value=
ac_cv_have_decl_XSERVER_LIBPCIACCESS=yes
ac_cv_have_decl___INTEL_COMPILER=no
ac_cv_have_decl___SUNPRO_C=no
ac_cv_have_decl___clang__=no
ac_cv_header_dlfcn_h=yes
ac_cv_header_inttypes_h=yes
ac_cv_header_memory_h=yes
ac_cv_header_stdc=yes
ac_cv_header_stdint_h=yes
ac_cv_header_stdlib_h=yes
ac_cv_header_string_h=yes
ac_cv_header_strings_h=yes
ac_cv_header_sys_stat_h=yes
ac_cv_header_sys_types_h=yes
ac_cv_header_unistd_h=yes
ac_cv_header_xaa_h=yes
ac_cv_host=i686-pc-linux-gnu
ac_cv_objext=o
ac_cv_path_EGREP='/usr/bin/grep -E'
ac_cv_path_FGREP='/usr/bin/grep -F'
ac_cv_path_GREP=/usr/bin/grep
ac_cv_path_SED=/usr/bin/sed
ac_cv_path_ac_pt_PKG_CONFIG=/usr/bin/pkg-config
ac_cv_path_install='/bin/install -c'
ac_cv_path_mkdir=/bin/mkdir
ac_cv_prog_AWK=gawk
ac_cv_prog_CPP='i486-TSOL-linux-gnu-gcc -std=gnu99 -E'
ac_cv_prog_ac_ct_AR=ar
ac_cv_prog_ac_ct_CC=i486-TSOL-linux-gnu-gcc
ac_cv_prog_ac_ct_OBJDUMP=objdump
ac_cv_prog_ac_ct_RANLIB=ranlib
ac_cv_prog_ac_ct_STRIP=strip
ac_cv_prog_cc_c89=
ac_cv_prog_cc_c99=-std=gnu99
ac_cv_prog_cc_g=yes
ac_cv_prog_make_make_set=yes
am_cv_CC_dependencies_compiler_type=gcc3
lt_cv_archive_cmds_need_lc=no
lt_cv_deplibs_check_method=pass_all
lt_cv_file_magic_cmd='$MAGIC_CMD'
lt_cv_file_magic_test_file=
lt_cv_ld_reload_flag=-r
lt_cv_nm_interface='BSD nm'
lt_cv_objdir=.libs
lt_cv_path_LD=i486-TSOL-linux-gnu-ld
lt_cv_path_NM='/toolchain/i486-TSOL-linux-gnu/bin//nm -B'
lt_cv_prog_compiler_c_o=yes
lt_cv_prog_compiler_pic_works=yes
lt_cv_prog_compiler_rtti_exceptions=no
lt_cv_prog_compiler_static_works=yes
lt_cv_prog_gnu_ld=yes
lt_cv_shlibpath_overrides_runpath=yes
lt_cv_sys_global_symbol_pipe='sed -n -e '\''s/^.*[	 ]\([ABCDGIRSTW][ABCDGIRSTW]*\)[	 ][	 ]*\([_A-Za-z][_A-Za-z0-9]*\)$/\1 \2 \2/p'\'''
lt_cv_sys_global_symbol_to_c_name_address='sed -n -e '\''s/^: \([^ ]*\) $/  {\"\1\", (void *) 0},/p'\'' -e '\''s/^[ABCDGIRSTW]* \([^ ]*\) \([^ ]*\)$/  {"\2", (void *) \&\2},/p'\'''
lt_cv_sys_global_symbol_to_c_name_address_lib_prefix='sed -n -e '\''s/^: \([^ ]*\) $/  {\"\1\", (void *) 0},/p'\'' -e '\''s/^[ABCDGIRSTW]* \([^ ]*\) \(lib[^ ]*\)$/  {"\2", (void *) \&\2},/p'\'' -e '\''s/^[ABCDGIRSTW]* \([^ ]*\) \([^ ]*\)$/  {"lib\2", (void *) \&\2},/p'\'''
lt_cv_sys_global_symbol_to_cdecl='sed -n -e '\''s/^T .* \(.*\)$/extern int \1();/p'\'' -e '\''s/^[ABCDGIRSTW]* .* \(.*\)$/extern char \1;/p'\'''
lt_cv_sys_max_cmd_len=1572864
pkg_cv_PCIACCESS_CFLAGS='-I/usr/xorg1/include  '
pkg_cv_PCIACCESS_LIBS='-L/usr/xorg1/lib -lpciaccess  '
pkg_cv_XEXT_CFLAGS='-I/usr/xorg1/include  '
pkg_cv_XEXT_LIBS=' '
pkg_cv_XORG_CFLAGS='-I/usr/xorg1/include/xorg -I/usr/xorg1/include -I/usr/xorg1/include/pixman-1  '
pkg_cv_XORG_LIBS='-L/usr/xorg1/lib -lpixman-1 -lpciaccess  '
xorg_cv_cc_flag__Wall=yes
xorg_cv_cc_flag__Wbad_function_cast=yes
xorg_cv_cc_flag__Wcast_qual=yes
xorg_cv_cc_flag__Wdeclaration_after_statement=yes
xorg_cv_cc_flag__Werror=yes
xorg_cv_cc_flag__Werror_address=yes
xorg_cv_cc_flag__Werror_array_bounds=yes
xorg_cv_cc_flag__Werror_attributes=yes
xorg_cv_cc_flag__Werror_implicit=yes
xorg_cv_cc_flag__Werror_init_self=yes
xorg_cv_cc_flag__Werror_int_to_pointer_cast=yes
xorg_cv_cc_flag__Werror_main=yes
xorg_cv_cc_flag__Werror_missing_braces=yes
xorg_cv_cc_flag__Werror_nonnull=yes
xorg_cv_cc_flag__Werror_pointer_to_int_cast=yes
xorg_cv_cc_flag__Werror_return_type=yes
xorg_cv_cc_flag__Werror_sequence_point=yes
xorg_cv_cc_flag__Werror_trigraphs=yes
xorg_cv_cc_flag__Werror_write_strings=yes
xorg_cv_cc_flag__Wformat_2=yes
xorg_cv_cc_flag__Wmissing_declarations=yes
xorg_cv_cc_flag__Wmissing_format_attribute=yes
xorg_cv_cc_flag__Wmissing_noreturn=yes
xorg_cv_cc_flag__Wmissing_prototypes=yes
xorg_cv_cc_flag__Wnested_externs=yes
xorg_cv_cc_flag__Wold_style_definition=yes
xorg_cv_cc_flag__Wpointer_arith=yes
xorg_cv_cc_flag__Wredundant_decls=yes
xorg_cv_cc_flag__Wshadow=yes
xorg_cv_cc_flag__Wstrict_prototypes=yes
xorg_cv_cc_flag__Wuninitialized=yes
xorg_cv_cc_flag__Wunused=yes
xorg_cv_cc_flag__pedantic=yes
xorg_cv_cc_flag_unknown_warning_option=no
xorg_cv_cc_flag_unused_command_line_argument=no

## ----------------- ##
## Output variables. ##
## ----------------- ##

ACLOCAL='aclocal -I /usr/xorg1/share/aclocal'
ADMIN_MAN_DIR='$(mandir)/man$(ADMIN_MAN_SUFFIX)'
ADMIN_MAN_SUFFIX='8'
AMDEPBACKSLASH='\'
AMDEP_FALSE='#'
AMDEP_TRUE=''
AMTAR='${SHELL} /source/xorg_new/driver/xf86-video-nv/missing --run tar'
AM_BACKSLASH='\'
AM_DEFAULT_VERBOSITY='0'
APP_MAN_DIR='$(mandir)/man$(APP_MAN_SUFFIX)'
APP_MAN_SUFFIX='1'
AR='ar'
AUTOCONF='${SHELL} /source/xorg_new/driver/xf86-video-nv/missing --run autoconf'
AUTOHEADER='${SHELL} /source/xorg_new/driver/xf86-video-nv/missing --run autoheader'
AUTOMAKE='${SHELL} /source/xorg_new/driver/xf86-video-nv/missing --run automake-1.11'
AWK='gawk'
BASE_CFLAGS=' -Wall -Wpointer-arith -Wmissing-declarations -Wformat=2 -Wstrict-prototypes -Wmissing-prototypes -Wnested-externs -Wbad-function-cast -Wold-style-definition -Wdeclaration-after-statement -Wunused -Wuninitialized -Wshadow -Wcast-qual -Wmissing-noreturn -Wmissing-format-attribute -Wredundant-decls -Werror=implicit -Werror=nonnull -Werror=init-self -Werror=main -Werror=missing-braces -Werror=sequence-point -Werror=return-type -Werror=trigraphs -Werror=array-bounds -Werror=write-strings -Werror=address -Werror=int-to-pointer-cast -Werror=pointer-to-int-cast'
CC='i486-TSOL-linux-gnu-gcc -std=gnu99'
CCDEPMODE='depmode=gcc3'
CFLAGS='-O2'
CHANGELOG_CMD='(GIT_DIR=$(top_srcdir)/.git git log > $(top_srcdir)/.changelog.tmp && mv $(top_srcdir)/.changelog.tmp $(top_srcdir)/ChangeLog) || (rm -f $(top_srcdir)/.changelog.tmp; touch $(top_srcdir)/ChangeLog; echo '\''git directory not found: installing possibly empty changelog.'\'' >&2)'
CPP='i486-TSOL-linux-gnu-gcc -std=gnu99 -E'
CPPFLAGS=''
CWARNFLAGS=' -Wall -Wpointer-arith -Wmissing-declarations -Wformat=2 -Wstrict-prototypes -Wmissing-prototypes -Wnested-externs -Wbad-function-cast -Wold-style-definition -Wdeclaration-after-statement -Wunused -Wuninitialized -Wshadow -Wcast-qual -Wmissing-noreturn -Wmissing-format-attribute -Wredundant-decls -Werror=implicit -Werror=nonnull -Werror=init-self -Werror=main -Werror=missing-braces -Werror=sequence-point -Werror=return-type -Werror=trigraphs -Werror=array-bounds -Werror=write-strings -Werror=address -Werror=int-to-pointer-cast -Werror=pointer-to-int-cast -fno-strict-aliasing'
CYGPATH_W='echo'
DEFS='-DHAVE_CONFIG_H'
DEPDIR='.deps'
DRIVER_MAN_DIR='$(mandir)/man$(DRIVER_MAN_SUFFIX)'
DRIVER_MAN_SUFFIX='4'
DRIVER_NAME='nv'
DSYMUTIL=''
DUMPBIN=''
ECHO_C=''
ECHO_N='-n'
ECHO_T=''
EGREP='/usr/bin/grep -E'
EXEEXT=''
FGREP='/usr/bin/grep -F'
FILE_MAN_DIR='$(mandir)/man$(FILE_MAN_SUFFIX)'
FILE_MAN_SUFFIX='5'
GREP='/usr/bin/grep'
HAVE_XEXTPROTO_71_FALSE='#'
HAVE_XEXTPROTO_71_TRUE=''
INSTALL_CMD='(cp -f /usr/xorg1/share/util-macros/INSTALL $(top_srcdir)/.INSTALL.tmp && mv $(top_srcdir)/.INSTALL.tmp $(top_srcdir)/INSTALL) || (rm -f $(top_srcdir)/.INSTALL.tmp; touch $(top_srcdir)/INSTALL; echo '\''util-macros "pkgdatadir" from xorg-macros.pc not found: installing possibly empty INSTALL.'\'' >&2)'
INSTALL_DATA='${INSTALL} -m 644'
INSTALL_PROGRAM='${INSTALL}'
INSTALL_SCRIPT='${INSTALL}'
INSTALL_STRIP_PROGRAM='$(install_sh) -c -s'
LD='i486-TSOL-linux-gnu-ld'
LDFLAGS='-static-libgcc'
LIBOBJS=''
LIBS=''
LIBTOOL='$(SHELL) $(top_builddir)/libtool'
LIB_MAN_DIR='$(mandir)/man$(LIB_MAN_SUFFIX)'
LIB_MAN_SUFFIX='3'
LIPO=''
LN_S='ln -s'
LTLIBOBJS=''
MAINT=''
MAINTAINER_MODE_FALSE='#'
MAINTAINER_MODE_TRUE=''
MAKEINFO='${SHELL} /source/xorg_new/driver/xf86-video-nv/missing --run makeinfo'
MAN_SUBSTS='	-e '\''s|__vendorversion__|"$(PACKAGE_STRING)" "$(XORG_MAN_PAGE)"|'\'' 	-e '\''s|__xorgversion__|"$(PACKAGE_STRING)" "$(XORG_MAN_PAGE)"|'\'' 	-e '\''s|__xservername__|Xorg|g'\'' 	-e '\''s|__xconfigfile__|xorg.conf|g'\'' 	-e '\''s|__projectroot__|$(prefix)|g'\'' 	-e '\''s|__apploaddir__|$(appdefaultdir)|g'\'' 	-e '\''s|__appmansuffix__|$(APP_MAN_SUFFIX)|g'\'' 	-e '\''s|__drivermansuffix__|$(DRIVER_MAN_SUFFIX)|g'\'' 	-e '\''s|__adminmansuffix__|$(ADMIN_MAN_SUFFIX)|g'\'' 	-e '\''s|__libmansuffix__|$(LIB_MAN_SUFFIX)|g'\'' 	-e '\''s|__miscmansuffix__|$(MISC_MAN_SUFFIX)|g'\'' 	-e '\''s|__filemansuffix__|$(FILE_MAN_SUFFIX)|g'\'''
MISC_MAN_DIR='$(mandir)/man$(MISC_MAN_SUFFIX)'
MISC_MAN_SUFFIX='7'
MKDIR_P='/bin/mkdir -p'
NM='/toolchain/i486-TSOL-linux-gnu/bin//nm -B'
NMEDIT=''
OBJDUMP='objdump'
OBJEXT='o'
OTOOL64=''
OTOOL=''
PACKAGE='xf86-video-nv'
PACKAGE_BUGREPORT='https://bugs.freedesktop.org/enter_bug.cgi?product=xorg'
PACKAGE_NAME='xf86-video-nv'
PACKAGE_STRING='xf86-video-nv 2.1.20'
PACKAGE_TARNAME='xf86-video-nv'
PACKAGE_URL=''
PACKAGE_VERSION='2.1.20'
PATH_SEPARATOR=':'
PCIACCESS_CFLAGS='-I/usr/xorg1/include  '
PCIACCESS_LIBS='-L/usr/xorg1/lib -lpciaccess  '
PKG_CONFIG='/usr/bin/pkg-config'
RANLIB='ranlib'
SED='/usr/bin/sed'
SET_MAKE=''
SHELL='/bin/sh'
STRICT_CFLAGS=' -pedantic -Werror -Werror=attributes'
STRIP='strip'
VERSION='2.1.20'
XAA_FALSE='#'
XAA_TRUE=''
XEXT_CFLAGS='-I/usr/xorg1/include  '
XEXT_LIBS=' '
XORG_CFLAGS='-I/usr/xorg1/include/xorg -I/usr/xorg1/include -I/usr/xorg1/include/pixman-1  '
XORG_LIBS='-L/usr/xorg1/lib -lpixman-1 -lpciaccess  '
XORG_MAN_PAGE='X Version 11'
ac_ct_CC='i486-TSOL-linux-gnu-gcc'
ac_ct_DUMPBIN=''
am__EXEEXT_FALSE=''
am__EXEEXT_TRUE='#'
am__fastdepCC_FALSE='#'
am__fastdepCC_TRUE=''
am__include='include'
am__isrc=''
am__leading_dot='.'
am__quote=''
am__tar='${AMTAR} chof - "$$tardir"'
am__untar='${AMTAR} xf -'
bindir='${exec_prefix}/bin'
build='i686-pc-linux-gnu'
build_alias=''
build_cpu='i686'
build_os='linux-gnu'
build_vendor='pc'
datadir='${datarootdir}'
datarootdir='${prefix}/share'
docdir='${datarootdir}/doc/${PACKAGE_TARNAME}'
dvidir='${docdir}'
exec_prefix='${prefix}'
host='i686-pc-linux-gnu'
host_alias=''
host_cpu='i686'
host_os='linux-gnu'
host_vendor='pc'
htmldir='${docdir}'
includedir='${prefix}/include'
infodir='${datarootdir}/info'
install_sh='${SHELL} /source/xorg_new/driver/xf86-video-nv/install-sh'
libdir='${exec_prefix}/lib'
libexecdir='${exec_prefix}/libexec'
localedir='${datarootdir}/locale'
localstatedir='${prefix}/var'
mandir='${datarootdir}/man'
mkdir_p='/bin/mkdir -p'
moduledir='${exec_prefix}/lib/xorg/modules'
oldincludedir='/usr/include'
pdfdir='${docdir}'
prefix='/usr/xorg1'
program_transform_name='s,x,x,'
psdir='${docdir}'
sbindir='${exec_prefix}/sbin'
sharedstatedir='${prefix}/com'
sysconfdir='${prefix}/etc'
target_alias=''

## ----------- ##
## confdefs.h. ##
## ----------- ##

/* confdefs.h */
#define PACKAGE_NAME "xf86-video-nv"
#define PACKAGE_TARNAME "xf86-video-nv"
#define PACKAGE_VERSION "2.1.20"
#define PACKAGE_STRING "xf86-video-nv 2.1.20"
#define PACKAGE_BUGREPORT "https://bugs.freedesktop.org/enter_bug.cgi?product=xorg"
#define PACKAGE_URL ""
#define STDC_HEADERS 1
#define HAVE_SYS_TYPES_H 1
#define HAVE_SYS_STAT_H 1
#define HAVE_STDLIB_H 1
#define HAVE_STRING_H 1
#define HAVE_MEMORY_H 1
#define HAVE_STRINGS_H 1
#define HAVE_INTTYPES_H 1
#define HAVE_STDINT_H 1
#define HAVE_UNISTD_H 1
#define PACKAGE_VERSION_MAJOR 2
#define PACKAGE_VERSION_MINOR 1
#define PACKAGE_VERSION_PATCHLEVEL 20
#define PACKAGE "xf86-video-nv"
#define VERSION "2.1.20"
#define HAVE_DLFCN_H 1
#define LT_OBJDIR ".libs/"
#define HAVE_XEXTPROTO_71 1
#define HAVE_XAA_H 1

configure: exit 0
