This file contains any messages produced by compilers while
running configure, to aid debugging if configure makes a mistake.

It was created by sessreg configure 1.0.7, which was
generated by GNU Autoconf 2.68.  Invocation command line was

  $ ./configure --prefix=/usr/xorg/ CC=i486-TSOL-linux-gnu-gcc CPPFLAGS= -I/usr/xorg/include CFLAGS=-O2 LDFLAGS=-static-libgcc

## --------- ##
## Platform. ##
## --------- ##

hostname = poniX-build
uname -m = i686
uname -r = 3.2.16-030216-generic
uname -s = Linux
uname -v = #201204221935 SMP Sun Apr 22 23:42:49 UTC 2012

/usr/bin/uname -p = unknown
/bin/uname -X     = unknown

/bin/arch              = unknown
/usr/bin/arch -k       = unknown
/usr/convex/getsysinfo = unknown
/usr/bin/hostinfo      = unknown
/bin/machine           = unknown
/usr/bin/oslevel       = unknown
/bin/universe          = unknown

PATH: /usr/xorg//bin
PATH: /source/docbook-xsl-1.76.1/tools/bin
PATH: /bin
PATH: /sbin
PATH: /usr/bin
PATH: /usr/sbin
PATH: /usr/bin/X11
PATH: /usr/local/bin
PATH: /toolchain/bin
PATH: /toolchain/i486-TSOL-linux-gnu/bin/
PATH: #/toolchain/libexec/gcc/i486-TSOL-linux-gnu/4.6.3
PATH: /root/.local/bin
PATH: /usr/xorg/bin
PATH: /usr/xorg/bin


## ----------- ##
## Core tests. ##
## ----------- ##

configure:2398: checking for gcc
configure:2425: result: i486-TSOL-linux-gnu-gcc
configure:2654: checking for C compiler version
configure:2663: i486-TSOL-linux-gnu-gcc --version >&5
i486-TSOL-linux-gnu-gcc (crosstool-NG 1.15.2) 4.6.3
Copyright (C) 2011 Free Software Foundation, Inc.
This is free software; see the source for copying conditions.  There is NO
warranty; not even for MERCHANTABILITY or FITNESS FOR A PARTICULAR PURPOSE.

configure:2674: $? = 0
configure:2663: i486-TSOL-linux-gnu-gcc -v >&5
Using built-in specs.
COLLECT_GCC=i486-TSOL-linux-gnu-gcc
COLLECT_LTO_WRAPPER=/toolchain/libexec/gcc/i486-TSOL-linux-gnu/4.6.3/lto-wrapper
Target: i486-TSOL-linux-gnu
Configured with: /TSOL/crosstool-ng-1.15.2/bin/.build/src/gcc-4.6.3/configure --build=i686-build_pc-linux-gnu --host=i686-build_pc-linux-gnu --target=i486-TSOL-linux-gnu --prefix=/toolchain --with-sysroot=/toolchain/i486-TSOL-linux-gnu/sysroot --enable-languages=c,c++ --with-arch=i486 --with-pkgversion='crosstool-NG 1.15.2' --enable-__cxa_atexit --disable-libmudflap --disable-libgomp --disable-libssp --with-gmp=/TSOL/crosstool-ng-1.15.2/bin/.build/i486-TSOL-linux-gnu/buildtools --with-mpfr=/TSOL/crosstool-ng-1.15.2/bin/.build/i486-TSOL-linux-gnu/buildtools --with-mpc=/TSOL/crosstool-ng-1.15.2/bin/.build/i486-TSOL-linux-gnu/buildtools --with-ppl=/TSOL/crosstool-ng-1.15.2/bin/.build/i486-TSOL-linux-gnu/buildtools --with-cloog=/TSOL/crosstool-ng-1.15.2/bin/.build/i486-TSOL-linux-gnu/buildtools --with-libelf=no --with-host-libstdcxx='-static-libgcc -Wl,-Bstatic,-lstdc++,-Bdynamic -lm -L/TSOL/crosstool-ng-1.15.2/bin/.build/i486-TSOL-linux-gnu/buildtools/lib -lpwl' --enable-threads=posix --enable-target-optspace --disable-multilib --with-local-prefix=/toolchain/i486-TSOL-linux-gnu/sysroot --enable-c99 --enable-long-long
Thread model: posix
gcc version 4.6.3 (crosstool-NG 1.15.2) 
configure:2674: $? = 0
configure:2663: i486-TSOL-linux-gnu-gcc -V >&5
i486-TSOL-linux-gnu-gcc: error: unrecognized option '-V'
i486-TSOL-linux-gnu-gcc: fatal error: no input files
compilation terminated.
configure:2674: $? = 1
configure:2663: i486-TSOL-linux-gnu-gcc -qversion >&5
i486-TSOL-linux-gnu-gcc: error: unrecognized option '-qversion'
i486-TSOL-linux-gnu-gcc: fatal error: no input files
compilation terminated.
configure:2674: $? = 1
configure:2694: checking whether the C compiler works
configure:2716: i486-TSOL-linux-gnu-gcc -O2  -I/usr/xorg/include -static-libgcc conftest.c  >&5
configure:2720: $? = 0
configure:2768: result: yes
configure:2771: checking for C compiler default output file name
configure:2773: result: a.out
configure:2779: checking for suffix of executables
configure:2786: i486-TSOL-linux-gnu-gcc -o conftest -O2  -I/usr/xorg/include -static-libgcc conftest.c  >&5
configure:2790: $? = 0
configure:2812: result: 
configure:2834: checking whether we are cross compiling
configure:2842: i486-TSOL-linux-gnu-gcc -o conftest -O2  -I/usr/xorg/include -static-libgcc conftest.c  >&5
configure:2846: $? = 0
configure:2853: ./conftest
configure:2857: $? = 0
configure:2872: result: no
configure:2877: checking for suffix of object files
configure:2899: i486-TSOL-linux-gnu-gcc -c -O2  -I/usr/xorg/include conftest.c >&5
configure:2903: $? = 0
configure:2924: result: o
configure:2928: checking whether we are using the GNU C compiler
configure:2947: i486-TSOL-linux-gnu-gcc -c -O2  -I/usr/xorg/include conftest.c >&5
configure:2947: $? = 0
configure:2956: result: yes
configure:2965: checking whether i486-TSOL-linux-gnu-gcc accepts -g
configure:2985: i486-TSOL-linux-gnu-gcc -c -g  -I/usr/xorg/include conftest.c >&5
configure:2985: $? = 0
configure:3026: result: yes
configure:3043: checking for i486-TSOL-linux-gnu-gcc option to accept ISO C89
configure:3107: i486-TSOL-linux-gnu-gcc  -c -O2  -I/usr/xorg/include conftest.c >&5
configure:3107: $? = 0
configure:3120: result: none needed
configure:3146: checking how to run the C preprocessor
configure:3177: i486-TSOL-linux-gnu-gcc -E  -I/usr/xorg/include conftest.c
configure:3177: $? = 0
configure:3191: i486-TSOL-linux-gnu-gcc -E  -I/usr/xorg/include conftest.c
conftest.c:9:28: fatal error: ac_nonexistent.h: No such file or directory
compilation terminated.
configure:3191: $? = 1
configure: failed program was:
| /* confdefs.h */
| #define PACKAGE_NAME "sessreg"
| #define PACKAGE_TARNAME "sessreg"
| #define PACKAGE_VERSION "1.0.7"
| #define PACKAGE_STRING "sessreg 1.0.7"
| #define PACKAGE_BUGREPORT "https://bugs.freedesktop.org/enter_bug.cgi?product=xorg"
| #define PACKAGE_URL ""
| /* end confdefs.h.  */
| #include <ac_nonexistent.h>
configure:3216: result: i486-TSOL-linux-gnu-gcc -E
configure:3236: i486-TSOL-linux-gnu-gcc -E  -I/usr/xorg/include conftest.c
configure:3236: $? = 0
configure:3250: i486-TSOL-linux-gnu-gcc -E  -I/usr/xorg/include conftest.c
conftest.c:9:28: fatal error: ac_nonexistent.h: No such file or directory
compilation terminated.
configure:3250: $? = 1
configure: failed program was:
| /* confdefs.h */
| #define PACKAGE_NAME "sessreg"
| #define PACKAGE_TARNAME "sessreg"
| #define PACKAGE_VERSION "1.0.7"
| #define PACKAGE_STRING "sessreg 1.0.7"
| #define PACKAGE_BUGREPORT "https://bugs.freedesktop.org/enter_bug.cgi?product=xorg"
| #define PACKAGE_URL ""
| /* end confdefs.h.  */
| #include <ac_nonexistent.h>
configure:3279: checking for grep that handles long lines and -e
configure:3337: result: /usr/bin/grep
configure:3342: checking for egrep
configure:3404: result: /usr/bin/grep -E
configure:3409: checking for ANSI C header files
configure:3429: i486-TSOL-linux-gnu-gcc -c -O2  -I/usr/xorg/include conftest.c >&5
configure:3429: $? = 0
configure:3502: i486-TSOL-linux-gnu-gcc -o conftest -O2  -I/usr/xorg/include -static-libgcc conftest.c  >&5
configure:3502: $? = 0
configure:3502: ./conftest
configure:3502: $? = 0
configure:3513: result: yes
configure:3526: checking for sys/types.h
configure:3526: i486-TSOL-linux-gnu-gcc -c -O2  -I/usr/xorg/include conftest.c >&5
configure:3526: $? = 0
configure:3526: result: yes
configure:3526: checking for sys/stat.h
configure:3526: i486-TSOL-linux-gnu-gcc -c -O2  -I/usr/xorg/include conftest.c >&5
configure:3526: $? = 0
configure:3526: result: yes
configure:3526: checking for stdlib.h
configure:3526: i486-TSOL-linux-gnu-gcc -c -O2  -I/usr/xorg/include conftest.c >&5
configure:3526: $? = 0
configure:3526: result: yes
configure:3526: checking for string.h
configure:3526: i486-TSOL-linux-gnu-gcc -c -O2  -I/usr/xorg/include conftest.c >&5
configure:3526: $? = 0
configure:3526: result: yes
configure:3526: checking for memory.h
configure:3526: i486-TSOL-linux-gnu-gcc -c -O2  -I/usr/xorg/include conftest.c >&5
configure:3526: $? = 0
configure:3526: result: yes
configure:3526: checking for strings.h
configure:3526: i486-TSOL-linux-gnu-gcc -c -O2  -I/usr/xorg/include conftest.c >&5
configure:3526: $? = 0
configure:3526: result: yes
configure:3526: checking for inttypes.h
configure:3526: i486-TSOL-linux-gnu-gcc -c -O2  -I/usr/xorg/include conftest.c >&5
configure:3526: $? = 0
configure:3526: result: yes
configure:3526: checking for stdint.h
configure:3526: i486-TSOL-linux-gnu-gcc -c -O2  -I/usr/xorg/include conftest.c >&5
configure:3526: $? = 0
configure:3526: result: yes
configure:3526: checking for unistd.h
configure:3526: i486-TSOL-linux-gnu-gcc -c -O2  -I/usr/xorg/include conftest.c >&5
configure:3526: $? = 0
configure:3526: result: yes
configure:3539: checking minix/config.h usability
configure:3539: i486-TSOL-linux-gnu-gcc -c -O2  -I/usr/xorg/include conftest.c >&5
conftest.c:52:26: fatal error: minix/config.h: No such file or directory
compilation terminated.
configure:3539: $? = 1
configure: failed program was:
| /* confdefs.h */
| #define PACKAGE_NAME "sessreg"
| #define PACKAGE_TARNAME "sessreg"
| #define PACKAGE_VERSION "1.0.7"
| #define PACKAGE_STRING "sessreg 1.0.7"
| #define PACKAGE_BUGREPORT "https://bugs.freedesktop.org/enter_bug.cgi?product=xorg"
| #define PACKAGE_URL ""
| #define STDC_HEADERS 1
| #define HAVE_SYS_TYPES_H 1
| #define HAVE_SYS_STAT_H 1
| #define HAVE_STDLIB_H 1
| #define HAVE_STRING_H 1
| #define HAVE_MEMORY_H 1
| #define HAVE_STRINGS_H 1
| #define HAVE_INTTYPES_H 1
| #define HAVE_STDINT_H 1
| #define HAVE_UNISTD_H 1
| /* end confdefs.h.  */
| #include <stdio.h>
| #ifdef HAVE_SYS_TYPES_H
| # include <sys/types.h>
| #endif
| #ifdef HAVE_SYS_STAT_H
| # include <sys/stat.h>
| #endif
| #ifdef STDC_HEADERS
| # include <stdlib.h>
| # include <stddef.h>
| #else
| # ifdef HAVE_STDLIB_H
| #  include <stdlib.h>
| # endif
| #endif
| #ifdef HAVE_STRING_H
| # if !defined STDC_HEADERS && defined HAVE_MEMORY_H
| #  include <memory.h>
| # endif
| # include <string.h>
| #endif
| #ifdef HAVE_STRINGS_H
| # include <strings.h>
| #endif
| #ifdef HAVE_INTTYPES_H
| # include <inttypes.h>
| #endif
| #ifdef HAVE_STDINT_H
| # include <stdint.h>
| #endif
| #ifdef HAVE_UNISTD_H
| # include <unistd.h>
| #endif
| #include <minix/config.h>
configure:3539: result: no
configure:3539: checking minix/config.h presence
configure:3539: i486-TSOL-linux-gnu-gcc -E  -I/usr/xorg/include conftest.c
conftest.c:19:26: fatal error: minix/config.h: No such file or directory
compilation terminated.
configure:3539: $? = 1
configure: failed program was:
| /* confdefs.h */
| #define PACKAGE_NAME "sessreg"
| #define PACKAGE_TARNAME "sessreg"
| #define PACKAGE_VERSION "1.0.7"
| #define PACKAGE_STRING "sessreg 1.0.7"
| #define PACKAGE_BUGREPORT "https://bugs.freedesktop.org/enter_bug.cgi?product=xorg"
| #define PACKAGE_URL ""
| #define STDC_HEADERS 1
| #define HAVE_SYS_TYPES_H 1
| #define HAVE_SYS_STAT_H 1
| #define HAVE_STDLIB_H 1
| #define HAVE_STRING_H 1
| #define HAVE_MEMORY_H 1
| #define HAVE_STRINGS_H 1
| #define HAVE_INTTYPES_H 1
| #define HAVE_STDINT_H 1
| #define HAVE_UNISTD_H 1
| /* end confdefs.h.  */
| #include <minix/config.h>
configure:3539: result: no
configure:3539: checking for minix/config.h
configure:3539: result: no
configure:3560: checking whether it is safe to define __EXTENSIONS__
configure:3578: i486-TSOL-linux-gnu-gcc -c -O2  -I/usr/xorg/include conftest.c >&5
configure:3578: $? = 0
configure:3585: result: yes
configure:3606: checking for special C compiler options needed for large files
configure:3651: result: no
configure:3657: checking for _FILE_OFFSET_BITS value needed for large files
configure:3682: i486-TSOL-linux-gnu-gcc -c -O2  -I/usr/xorg/include conftest.c >&5
conftest.c:30:3: warning: left shift count >= width of type [enabled by default]
conftest.c:30:3: warning: left shift count >= width of type [enabled by default]
conftest.c:31:10: warning: left shift count >= width of type [enabled by default]
conftest.c:31:10: warning: left shift count >= width of type [enabled by default]
conftest.c:30:7: error: size of array 'off_t_is_large' is negative
conftest.c:32:9: warning: variably modified 'off_t_is_large' at file scope [enabled by default]
configure:3682: $? = 1
configure: failed program was:
| /* confdefs.h */
| #define PACKAGE_NAME "sessreg"
| #define PACKAGE_TARNAME "sessreg"
| #define PACKAGE_VERSION "1.0.7"
| #define PACKAGE_STRING "sessreg 1.0.7"
| #define PACKAGE_BUGREPORT "https://bugs.freedesktop.org/enter_bug.cgi?product=xorg"
| #define PACKAGE_URL ""
| #define STDC_HEADERS 1
| #define HAVE_SYS_TYPES_H 1
| #define HAVE_SYS_STAT_H 1
| #define HAVE_STDLIB_H 1
| #define HAVE_STRING_H 1
| #define HAVE_MEMORY_H 1
| #define HAVE_STRINGS_H 1
| #define HAVE_INTTYPES_H 1
| #define HAVE_STDINT_H 1
| #define HAVE_UNISTD_H 1
| #define __EXTENSIONS__ 1
| #define _ALL_SOURCE 1
| #define _GNU_SOURCE 1
| #define _POSIX_PTHREAD_SEMANTICS 1
| #define _TANDEM_SOURCE 1
| /* end confdefs.h.  */
| #include <sys/types.h>
|  /* Check that off_t can represent 2**63 - 1 correctly.
|     We can't simply define LARGE_OFF_T to be 9223372036854775807,
|     since some C++ compilers masquerading as C compilers
|     incorrectly reject 9223372036854775807.  */
| #define LARGE_OFF_T (((off_t) 1 << 62) - 1 + ((off_t) 1 << 62))
|   int off_t_is_large[(LARGE_OFF_T % 2147483629 == 721
| 		       && LARGE_OFF_T % 2147483647 == 1)
| 		      ? 1 : -1];
| int
| main ()
| {
| 
|   ;
|   return 0;
| }
configure:3706: i486-TSOL-linux-gnu-gcc -c -O2  -I/usr/xorg/include conftest.c >&5
configure:3706: $? = 0
configure:3714: result: 64
configure:3844: checking for a BSD-compatible install
configure:3912: result: /bin/install -c
configure:3923: checking whether build environment is sane
configure:3973: result: yes
configure:4114: checking for a thread-safe mkdir -p
configure:4153: result: /bin/mkdir -p
configure:4166: checking for gawk
configure:4182: found /usr/bin/gawk
configure:4193: result: gawk
configure:4204: checking whether make sets $(MAKE)
configure:4226: result: yes
configure:4256: checking for style of include used by make
configure:4284: result: GNU
configure:4369: checking dependency style of i486-TSOL-linux-gnu-gcc
configure:4479: result: gcc3
configure:4496: checking whether to enable maintainer-specific portions of Makefiles
configure:4505: result: no
configure:4531: checking for i486-TSOL-linux-gnu-gcc option to accept ISO C99
configure:4680: i486-TSOL-linux-gnu-gcc  -c -O2  -I/usr/xorg/include conftest.c >&5
conftest.c:77:29: error: expected ';', ',' or ')' before 'text'
conftest.c: In function 'main':
conftest.c:131:18: error: expected '=', ',', ';', 'asm' or '__attribute__' before 'newvar'
conftest.c:131:18: error: 'newvar' undeclared (first use in this function)
conftest.c:131:18: note: each undeclared identifier is reported only once for each function it appears in
conftest.c:141:3: error: 'for' loop initial declarations are only allowed in C99 mode
conftest.c:141:3: note: use option -std=c99 or -std=gnu99 to compile your code
configure:4680: $? = 1
configure: failed program was:
| /* confdefs.h */
| #define PACKAGE_NAME "sessreg"
| #define PACKAGE_TARNAME "sessreg"
| #define PACKAGE_VERSION "1.0.7"
| #define PACKAGE_STRING "sessreg 1.0.7"
| #define PACKAGE_BUGREPORT "https://bugs.freedesktop.org/enter_bug.cgi?product=xorg"
| #define PACKAGE_URL ""
| #define STDC_HEADERS 1
| #define HAVE_SYS_TYPES_H 1
| #define HAVE_SYS_STAT_H 1
| #define HAVE_STDLIB_H 1
| #define HAVE_STRING_H 1
| #define HAVE_MEMORY_H 1
| #define HAVE_STRINGS_H 1
| #define HAVE_INTTYPES_H 1
| #define HAVE_STDINT_H 1
| #define HAVE_UNISTD_H 1
| #define __EXTENSIONS__ 1
| #define _ALL_SOURCE 1
| #define _GNU_SOURCE 1
| #define _POSIX_PTHREAD_SEMANTICS 1
| #define _TANDEM_SOURCE 1
| #define _FILE_OFFSET_BITS 64
| #define PACKAGE "sessreg"
| #define VERSION "1.0.7"
| /* end confdefs.h.  */
| #include <stdarg.h>
| #include <stdbool.h>
| #include <stdlib.h>
| #include <wchar.h>
| #include <stdio.h>
| 
| // Check varargs macros.  These examples are taken from C99 6.10.3.5.
| #define debug(...) fprintf (stderr, __VA_ARGS__)
| #define showlist(...) puts (#__VA_ARGS__)
| #define report(test,...) ((test) ? puts (#test) : printf (__VA_ARGS__))
| static void
| test_varargs_macros (void)
| {
|   int x = 1234;
|   int y = 5678;
|   debug ("Flag");
|   debug ("X = %d\n", x);
|   showlist (The first, second, and third items.);
|   report (x>y, "x is %d but y is %d", x, y);
| }
| 
| // Check long long types.
| #define BIG64 18446744073709551615ull
| #define BIG32 4294967295ul
| #define BIG_OK (BIG64 / BIG32 == 4294967297ull && BIG64 % BIG32 == 0)
| #if !BIG_OK
|   your preprocessor is broken;
| #endif
| #if BIG_OK
| #else
|   your preprocessor is broken;
| #endif
| static long long int bignum = -9223372036854775807LL;
| static unsigned long long int ubignum = BIG64;
| 
| struct incomplete_array
| {
|   int datasize;
|   double data[];
| };
| 
| struct named_init {
|   int number;
|   const wchar_t *name;
|   double average;
| };
| 
| typedef const char *ccp;
| 
| static inline int
| test_restrict (ccp restrict text)
| {
|   // See if C++-style comments work.
|   // Iterate through items via the restricted pointer.
|   // Also check for declarations in for loops.
|   for (unsigned int i = 0; *(text+i) != '\0'; ++i)
|     continue;
|   return 0;
| }
| 
| // Check varargs and va_copy.
| static void
| test_varargs (const char *format, ...)
| {
|   va_list args;
|   va_start (args, format);
|   va_list args_copy;
|   va_copy (args_copy, args);
| 
|   const char *str;
|   int number;
|   float fnumber;
| 
|   while (*format)
|     {
|       switch (*format++)
| 	{
| 	case 's': // string
| 	  str = va_arg (args_copy, const char *);
| 	  break;
| 	case 'd': // int
| 	  number = va_arg (args_copy, int);
| 	  break;
| 	case 'f': // float
| 	  fnumber = va_arg (args_copy, double);
| 	  break;
| 	default:
| 	  break;
| 	}
|     }
|   va_end (args_copy);
|   va_end (args);
| }
| 
| int
| main ()
| {
| 
|   // Check bool.
|   _Bool success = false;
| 
|   // Check restrict.
|   if (test_restrict ("String literal") == 0)
|     success = true;
|   char *restrict newvar = "Another string";
| 
|   // Check varargs.
|   test_varargs ("s, d' f .", "string", 65, 34.234);
|   test_varargs_macros ();
| 
|   // Check flexible array members.
|   struct incomplete_array *ia =
|     malloc (sizeof (struct incomplete_array) + (sizeof (double) * 10));
|   ia->datasize = 10;
|   for (int i = 0; i < ia->datasize; ++i)
|     ia->data[i] = i * 1.234;
| 
|   // Check named initializers.
|   struct named_init ni = {
|     .number = 34,
|     .name = L"Test wide string",
|     .average = 543.34343,
|   };
| 
|   ni.number = 58;
| 
|   int dynamic_array[ni.number];
|   dynamic_array[ni.number - 1] = 543;
| 
|   // work around unused variable warnings
|   return (!success || bignum == 0LL || ubignum == 0uLL || newvar[0] == 'x'
| 	  || dynamic_array[ni.number - 1] != 543);
| 
|   ;
|   return 0;
| }
configure:4680: i486-TSOL-linux-gnu-gcc -std=gnu99 -c -O2  -I/usr/xorg/include conftest.c >&5
configure:4680: $? = 0
configure:4700: result: -std=gnu99
configure:4710: checking whether __clang__ is declared
configure:4710: i486-TSOL-linux-gnu-gcc -std=gnu99 -c -O2  -I/usr/xorg/include conftest.c >&5
conftest.c: In function 'main':
conftest.c:67:10: error: '__clang__' undeclared (first use in this function)
conftest.c:67:10: note: each undeclared identifier is reported only once for each function it appears in
configure:4710: $? = 1
configure: failed program was:
| /* confdefs.h */
| #define PACKAGE_NAME "sessreg"
| #define PACKAGE_TARNAME "sessreg"
| #define PACKAGE_VERSION "1.0.7"
| #define PACKAGE_STRING "sessreg 1.0.7"
| #define PACKAGE_BUGREPORT "https://bugs.freedesktop.org/enter_bug.cgi?product=xorg"
| #define PACKAGE_URL ""
| #define STDC_HEADERS 1
| #define HAVE_SYS_TYPES_H 1
| #define HAVE_SYS_STAT_H 1
| #define HAVE_STDLIB_H 1
| #define HAVE_STRING_H 1
| #define HAVE_MEMORY_H 1
| #define HAVE_STRINGS_H 1
| #define HAVE_INTTYPES_H 1
| #define HAVE_STDINT_H 1
| #define HAVE_UNISTD_H 1
| #define __EXTENSIONS__ 1
| #define _ALL_SOURCE 1
| #define _GNU_SOURCE 1
| #define _POSIX_PTHREAD_SEMANTICS 1
| #define _TANDEM_SOURCE 1
| #define _FILE_OFFSET_BITS 64
| #define PACKAGE "sessreg"
| #define VERSION "1.0.7"
| /* end confdefs.h.  */
| #include <stdio.h>
| #ifdef HAVE_SYS_TYPES_H
| # include <sys/types.h>
| #endif
| #ifdef HAVE_SYS_STAT_H
| # include <sys/stat.h>
| #endif
| #ifdef STDC_HEADERS
| # include <stdlib.h>
| # include <stddef.h>
| #else
| # ifdef HAVE_STDLIB_H
| #  include <stdlib.h>
| # endif
| #endif
| #ifdef HAVE_STRING_H
| # if !defined STDC_HEADERS && defined HAVE_MEMORY_H
| #  include <memory.h>
| # endif
| # include <string.h>
| #endif
| #ifdef HAVE_STRINGS_H
| # include <strings.h>
| #endif
| #ifdef HAVE_INTTYPES_H
| # include <inttypes.h>
| #endif
| #ifdef HAVE_STDINT_H
| # include <stdint.h>
| #endif
| #ifdef HAVE_UNISTD_H
| # include <unistd.h>
| #endif
| int
| main ()
| {
| #ifndef __clang__
| #ifdef __cplusplus
|   (void) __clang__;
| #else
|   (void) __clang__;
| #endif
| #endif
| 
|   ;
|   return 0;
| }
configure:4710: result: no
configure:4717: checking whether __INTEL_COMPILER is declared
configure:4717: i486-TSOL-linux-gnu-gcc -std=gnu99 -c -O2  -I/usr/xorg/include conftest.c >&5
conftest.c: In function 'main':
conftest.c:67:10: error: '__INTEL_COMPILER' undeclared (first use in this function)
conftest.c:67:10: note: each undeclared identifier is reported only once for each function it appears in
configure:4717: $? = 1
configure: failed program was:
| /* confdefs.h */
| #define PACKAGE_NAME "sessreg"
| #define PACKAGE_TARNAME "sessreg"
| #define PACKAGE_VERSION "1.0.7"
| #define PACKAGE_STRING "sessreg 1.0.7"
| #define PACKAGE_BUGREPORT "https://bugs.freedesktop.org/enter_bug.cgi?product=xorg"
| #define PACKAGE_URL ""
| #define STDC_HEADERS 1
| #define HAVE_SYS_TYPES_H 1
| #define HAVE_SYS_STAT_H 1
| #define HAVE_STDLIB_H 1
| #define HAVE_STRING_H 1
| #define HAVE_MEMORY_H 1
| #define HAVE_STRINGS_H 1
| #define HAVE_INTTYPES_H 1
| #define HAVE_STDINT_H 1
| #define HAVE_UNISTD_H 1
| #define __EXTENSIONS__ 1
| #define _ALL_SOURCE 1
| #define _GNU_SOURCE 1
| #define _POSIX_PTHREAD_SEMANTICS 1
| #define _TANDEM_SOURCE 1
| #define _FILE_OFFSET_BITS 64
| #define PACKAGE "sessreg"
| #define VERSION "1.0.7"
| /* end confdefs.h.  */
| #include <stdio.h>
| #ifdef HAVE_SYS_TYPES_H
| # include <sys/types.h>
| #endif
| #ifdef HAVE_SYS_STAT_H
| # include <sys/stat.h>
| #endif
| #ifdef STDC_HEADERS
| # include <stdlib.h>
| # include <stddef.h>
| #else
| # ifdef HAVE_STDLIB_H
| #  include <stdlib.h>
| # endif
| #endif
| #ifdef HAVE_STRING_H
| # if !defined STDC_HEADERS && defined HAVE_MEMORY_H
| #  include <memory.h>
| # endif
| # include <string.h>
| #endif
| #ifdef HAVE_STRINGS_H
| # include <strings.h>
| #endif
| #ifdef HAVE_INTTYPES_H
| # include <inttypes.h>
| #endif
| #ifdef HAVE_STDINT_H
| # include <stdint.h>
| #endif
| #ifdef HAVE_UNISTD_H
| # include <unistd.h>
| #endif
| int
| main ()
| {
| #ifndef __INTEL_COMPILER
| #ifdef __cplusplus
|   (void) __INTEL_COMPILER;
| #else
|   (void) __INTEL_COMPILER;
| #endif
| #endif
| 
|   ;
|   return 0;
| }
configure:4717: result: no
configure:4724: checking whether __SUNPRO_C is declared
configure:4724: i486-TSOL-linux-gnu-gcc -std=gnu99 -c -O2  -I/usr/xorg/include conftest.c >&5
conftest.c: In function 'main':
conftest.c:67:10: error: '__SUNPRO_C' undeclared (first use in this function)
conftest.c:67:10: note: each undeclared identifier is reported only once for each function it appears in
configure:4724: $? = 1
configure: failed program was:
| /* confdefs.h */
| #define PACKAGE_NAME "sessreg"
| #define PACKAGE_TARNAME "sessreg"
| #define PACKAGE_VERSION "1.0.7"
| #define PACKAGE_STRING "sessreg 1.0.7"
| #define PACKAGE_BUGREPORT "https://bugs.freedesktop.org/enter_bug.cgi?product=xorg"
| #define PACKAGE_URL ""
| #define STDC_HEADERS 1
| #define HAVE_SYS_TYPES_H 1
| #define HAVE_SYS_STAT_H 1
| #define HAVE_STDLIB_H 1
| #define HAVE_STRING_H 1
| #define HAVE_MEMORY_H 1
| #define HAVE_STRINGS_H 1
| #define HAVE_INTTYPES_H 1
| #define HAVE_STDINT_H 1
| #define HAVE_UNISTD_H 1
| #define __EXTENSIONS__ 1
| #define _ALL_SOURCE 1
| #define _GNU_SOURCE 1
| #define _POSIX_PTHREAD_SEMANTICS 1
| #define _TANDEM_SOURCE 1
| #define _FILE_OFFSET_BITS 64
| #define PACKAGE "sessreg"
| #define VERSION "1.0.7"
| /* end confdefs.h.  */
| #include <stdio.h>
| #ifdef HAVE_SYS_TYPES_H
| # include <sys/types.h>
| #endif
| #ifdef HAVE_SYS_STAT_H
| # include <sys/stat.h>
| #endif
| #ifdef STDC_HEADERS
| # include <stdlib.h>
| # include <stddef.h>
| #else
| # ifdef HAVE_STDLIB_H
| #  include <stdlib.h>
| # endif
| #endif
| #ifdef HAVE_STRING_H
| # if !defined STDC_HEADERS && defined HAVE_MEMORY_H
| #  include <memory.h>
| # endif
| # include <string.h>
| #endif
| #ifdef HAVE_STRINGS_H
| # include <strings.h>
| #endif
| #ifdef HAVE_INTTYPES_H
| # include <inttypes.h>
| #endif
| #ifdef HAVE_STDINT_H
| # include <stdint.h>
| #endif
| #ifdef HAVE_UNISTD_H
| # include <unistd.h>
| #endif
| int
| main ()
| {
| #ifndef __SUNPRO_C
| #ifdef __cplusplus
|   (void) __SUNPRO_C;
| #else
|   (void) __SUNPRO_C;
| #endif
| #endif
| 
|   ;
|   return 0;
| }
configure:4724: result: no
configure:4781: checking for pkg-config
configure:4799: found /usr/bin/pkg-config
configure:4811: result: /usr/bin/pkg-config
configure:4836: checking pkg-config is at least version 0.9.0
configure:4839: result: yes
configure:4852: checking build system type
configure:4866: result: i686-pc-linux-gnu
configure:4886: checking host system type
configure:4899: result: i686-pc-linux-gnu
configure:4919: checking for a sed that does not truncate output
configure:4983: result: /usr/bin/sed
configure:5025: checking if i486-TSOL-linux-gnu-gcc -std=gnu99 supports -Werror=attributes
configure:5033: i486-TSOL-linux-gnu-gcc -std=gnu99 -c -O2 -pedantic -Werror -Werror=attributes  -I/usr/xorg/include conftest.c >&5
conftest.c:27:1: error: expected identifier or '(' before 'return'
configure:5033: $? = 1
configure: failed program was:
| /* confdefs.h */
| #define PACKAGE_NAME "sessreg"
| #define PACKAGE_TARNAME "sessreg"
| #define PACKAGE_VERSION "1.0.7"
| #define PACKAGE_STRING "sessreg 1.0.7"
| #define PACKAGE_BUGREPORT "https://bugs.freedesktop.org/enter_bug.cgi?product=xorg"
| #define PACKAGE_URL ""
| #define STDC_HEADERS 1
| #define HAVE_SYS_TYPES_H 1
| #define HAVE_SYS_STAT_H 1
| #define HAVE_STDLIB_H 1
| #define HAVE_STRING_H 1
| #define HAVE_MEMORY_H 1
| #define HAVE_STRINGS_H 1
| #define HAVE_INTTYPES_H 1
| #define HAVE_STDINT_H 1
| #define HAVE_UNISTD_H 1
| #define __EXTENSIONS__ 1
| #define _ALL_SOURCE 1
| #define _GNU_SOURCE 1
| #define _POSIX_PTHREAD_SEMANTICS 1
| #define _TANDEM_SOURCE 1
| #define _FILE_OFFSET_BITS 64
| #define PACKAGE "sessreg"
| #define VERSION "1.0.7"
| /* end confdefs.h.  */
| return 0;
configure:5038: result: no
configure:5304: checking lastlog.h usability
configure:5304: i486-TSOL-linux-gnu-gcc -std=gnu99 -c -O2  -I/usr/xorg/include conftest.c >&5
configure:5304: $? = 0
configure:5304: result: yes
configure:5304: checking lastlog.h presence
configure:5304: i486-TSOL-linux-gnu-gcc -E  -I/usr/xorg/include conftest.c
configure:5304: $? = 0
configure:5304: result: yes
configure:5304: checking for lastlog.h
configure:5304: result: yes
configure:5304: checking pwd.h usability
configure:5304: i486-TSOL-linux-gnu-gcc -std=gnu99 -c -O2  -I/usr/xorg/include conftest.c >&5
configure:5304: $? = 0
configure:5304: result: yes
configure:5304: checking pwd.h presence
configure:5304: i486-TSOL-linux-gnu-gcc -E  -I/usr/xorg/include conftest.c
configure:5304: $? = 0
configure:5304: result: yes
configure:5304: checking for pwd.h
configure:5304: result: yes
configure:5304: checking utmp.h usability
configure:5304: i486-TSOL-linux-gnu-gcc -std=gnu99 -c -O2  -I/usr/xorg/include conftest.c >&5
configure:5304: $? = 0
configure:5304: result: yes
configure:5304: checking utmp.h presence
configure:5304: i486-TSOL-linux-gnu-gcc -E  -I/usr/xorg/include conftest.c
configure:5304: $? = 0
configure:5304: result: yes
configure:5304: checking for utmp.h
configure:5304: result: yes
configure:5304: checking utmpx.h usability
configure:5304: i486-TSOL-linux-gnu-gcc -std=gnu99 -c -O2  -I/usr/xorg/include conftest.c >&5
configure:5304: $? = 0
configure:5304: result: yes
configure:5304: checking utmpx.h presence
configure:5304: i486-TSOL-linux-gnu-gcc -E  -I/usr/xorg/include conftest.c
configure:5304: $? = 0
configure:5304: result: yes
configure:5304: checking for utmpx.h
configure:5304: result: yes
configure:5304: checking sys/param.h usability
configure:5304: i486-TSOL-linux-gnu-gcc -std=gnu99 -c -O2  -I/usr/xorg/include conftest.c >&5
configure:5304: $? = 0
configure:5304: result: yes
configure:5304: checking sys/param.h presence
configure:5304: i486-TSOL-linux-gnu-gcc -E  -I/usr/xorg/include conftest.c
configure:5304: $? = 0
configure:5304: result: yes
configure:5304: checking for sys/param.h
configure:5304: result: yes
configure:5316: checking for struct utmp.ut_host
configure:5316: i486-TSOL-linux-gnu-gcc -std=gnu99 -c -O2  -I/usr/xorg/include conftest.c >&5
configure:5316: $? = 0
configure:5316: result: yes
configure:5329: checking for struct utmp.ut_id
configure:5329: i486-TSOL-linux-gnu-gcc -std=gnu99 -c -O2  -I/usr/xorg/include conftest.c >&5
configure:5329: $? = 0
configure:5329: result: yes
configure:5342: checking for struct utmp.ut_pid
configure:5342: i486-TSOL-linux-gnu-gcc -std=gnu99 -c -O2  -I/usr/xorg/include conftest.c >&5
configure:5342: $? = 0
configure:5342: result: yes
configure:5355: checking for struct utmp.ut_type
configure:5355: i486-TSOL-linux-gnu-gcc -std=gnu99 -c -O2  -I/usr/xorg/include conftest.c >&5
configure:5355: $? = 0
configure:5355: result: yes
configure:5369: checking for struct utmpx.ut_syslen
configure:5369: i486-TSOL-linux-gnu-gcc -std=gnu99 -c -O2  -I/usr/xorg/include conftest.c >&5
conftest.c: In function 'main':
conftest.c:45:12: error: 'struct utmpx' has no member named 'ut_syslen'
configure:5369: $? = 1
configure: failed program was:
| /* confdefs.h */
| #define PACKAGE_NAME "sessreg"
| #define PACKAGE_TARNAME "sessreg"
| #define PACKAGE_VERSION "1.0.7"
| #define PACKAGE_STRING "sessreg 1.0.7"
| #define PACKAGE_BUGREPORT "https://bugs.freedesktop.org/enter_bug.cgi?product=xorg"
| #define PACKAGE_URL ""
| #define STDC_HEADERS 1
| #define HAVE_SYS_TYPES_H 1
| #define HAVE_SYS_STAT_H 1
| #define HAVE_STDLIB_H 1
| #define HAVE_STRING_H 1
| #define HAVE_MEMORY_H 1
| #define HAVE_STRINGS_H 1
| #define HAVE_INTTYPES_H 1
| #define HAVE_STDINT_H 1
| #define HAVE_UNISTD_H 1
| #define __EXTENSIONS__ 1
| #define _ALL_SOURCE 1
| #define _GNU_SOURCE 1
| #define _POSIX_PTHREAD_SEMANTICS 1
| #define _TANDEM_SOURCE 1
| #define _FILE_OFFSET_BITS 64
| #define PACKAGE "sessreg"
| #define VERSION "1.0.7"
| #define PACKAGE_VERSION_MAJOR 1
| #define PACKAGE_VERSION_MINOR 0
| #define PACKAGE_VERSION_PATCHLEVEL 7
| #define HAVE_LASTLOG_H 1
| #define HAVE_PWD_H 1
| #define HAVE_UTMP_H 1
| #define HAVE_UTMPX_H 1
| #define HAVE_SYS_PARAM_H 1
| #define HAVE_STRUCT_UTMP_UT_HOST 1
| #define HAVE_STRUCT_UTMP_UT_ID 1
| #define HAVE_STRUCT_UTMP_UT_PID 1
| #define HAVE_STRUCT_UTMP_UT_TYPE 1
| /* end confdefs.h.  */
| #include <utmpx.h>
| 
| int
| main ()
| {
| static struct utmpx ac_aggr;
| if (ac_aggr.ut_syslen)
| return 0;
|   ;
|   return 0;
| }
configure:5369: i486-TSOL-linux-gnu-gcc -std=gnu99 -c -O2  -I/usr/xorg/include conftest.c >&5
conftest.c: In function 'main':
conftest.c:45:19: error: 'struct utmpx' has no member named 'ut_syslen'
configure:5369: $? = 1
configure: failed program was:
| /* confdefs.h */
| #define PACKAGE_NAME "sessreg"
| #define PACKAGE_TARNAME "sessreg"
| #define PACKAGE_VERSION "1.0.7"
| #define PACKAGE_STRING "sessreg 1.0.7"
| #define PACKAGE_BUGREPORT "https://bugs.freedesktop.org/enter_bug.cgi?product=xorg"
| #define PACKAGE_URL ""
| #define STDC_HEADERS 1
| #define HAVE_SYS_TYPES_H 1
| #define HAVE_SYS_STAT_H 1
| #define HAVE_STDLIB_H 1
| #define HAVE_STRING_H 1
| #define HAVE_MEMORY_H 1
| #define HAVE_STRINGS_H 1
| #define HAVE_INTTYPES_H 1
| #define HAVE_STDINT_H 1
| #define HAVE_UNISTD_H 1
| #define __EXTENSIONS__ 1
| #define _ALL_SOURCE 1
| #define _GNU_SOURCE 1
| #define _POSIX_PTHREAD_SEMANTICS 1
| #define _TANDEM_SOURCE 1
| #define _FILE_OFFSET_BITS 64
| #define PACKAGE "sessreg"
| #define VERSION "1.0.7"
| #define PACKAGE_VERSION_MAJOR 1
| #define PACKAGE_VERSION_MINOR 0
| #define PACKAGE_VERSION_PATCHLEVEL 7
| #define HAVE_LASTLOG_H 1
| #define HAVE_PWD_H 1
| #define HAVE_UTMP_H 1
| #define HAVE_UTMPX_H 1
| #define HAVE_SYS_PARAM_H 1
| #define HAVE_STRUCT_UTMP_UT_HOST 1
| #define HAVE_STRUCT_UTMP_UT_ID 1
| #define HAVE_STRUCT_UTMP_UT_PID 1
| #define HAVE_STRUCT_UTMP_UT_TYPE 1
| /* end confdefs.h.  */
| #include <utmpx.h>
| 
| int
| main ()
| {
| static struct utmpx ac_aggr;
| if (sizeof ac_aggr.ut_syslen)
| return 0;
|   ;
|   return 0;
| }
configure:5369: result: no
configure:5380: checking for struct lastlog
configure:5380: i486-TSOL-linux-gnu-gcc -std=gnu99 -c -O2  -I/usr/xorg/include conftest.c >&5
configure:5380: $? = 0
configure:5380: i486-TSOL-linux-gnu-gcc -std=gnu99 -c -O2  -I/usr/xorg/include conftest.c >&5
conftest.c: In function 'main':
conftest.c:52:29: error: expected expression before ')' token
configure:5380: $? = 1
configure: failed program was:
| /* confdefs.h */
| #define PACKAGE_NAME "sessreg"
| #define PACKAGE_TARNAME "sessreg"
| #define PACKAGE_VERSION "1.0.7"
| #define PACKAGE_STRING "sessreg 1.0.7"
| #define PACKAGE_BUGREPORT "https://bugs.freedesktop.org/enter_bug.cgi?product=xorg"
| #define PACKAGE_URL ""
| #define STDC_HEADERS 1
| #define HAVE_SYS_TYPES_H 1
| #define HAVE_SYS_STAT_H 1
| #define HAVE_STDLIB_H 1
| #define HAVE_STRING_H 1
| #define HAVE_MEMORY_H 1
| #define HAVE_STRINGS_H 1
| #define HAVE_INTTYPES_H 1
| #define HAVE_STDINT_H 1
| #define HAVE_UNISTD_H 1
| #define __EXTENSIONS__ 1
| #define _ALL_SOURCE 1
| #define _GNU_SOURCE 1
| #define _POSIX_PTHREAD_SEMANTICS 1
| #define _TANDEM_SOURCE 1
| #define _FILE_OFFSET_BITS 64
| #define PACKAGE "sessreg"
| #define VERSION "1.0.7"
| #define PACKAGE_VERSION_MAJOR 1
| #define PACKAGE_VERSION_MINOR 0
| #define PACKAGE_VERSION_PATCHLEVEL 7
| #define HAVE_LASTLOG_H 1
| #define HAVE_PWD_H 1
| #define HAVE_UTMP_H 1
| #define HAVE_UTMPX_H 1
| #define HAVE_SYS_PARAM_H 1
| #define HAVE_STRUCT_UTMP_UT_HOST 1
| #define HAVE_STRUCT_UTMP_UT_ID 1
| #define HAVE_STRUCT_UTMP_UT_PID 1
| #define HAVE_STRUCT_UTMP_UT_TYPE 1
| /* end confdefs.h.  */
| 
| 	#include <sys/types.h>
| 	#ifdef HAVE_UTMP_H
| 	#include <utmp.h>
| 	#endif
| 	#ifdef HAVE_LASTLOG_H
| 	#include <lastlog.h>
| 	#endif
| 
| 
| int
| main ()
| {
| if (sizeof ((struct lastlog)))
| 	    return 0;
|   ;
|   return 0;
| }
configure:5380: result: yes
configure:5404: checking for pututline
configure:5404: i486-TSOL-linux-gnu-gcc -std=gnu99 -o conftest -O2  -I/usr/xorg/include -static-libgcc conftest.c  >&5
configure:5404: $? = 0
configure:5404: result: yes
configure:5404: checking for updwtmpx
configure:5404: i486-TSOL-linux-gnu-gcc -std=gnu99 -o conftest -O2  -I/usr/xorg/include -static-libgcc conftest.c  >&5
configure:5404: $? = 0
configure:5404: result: yes
configure:5404: checking for utmpxname
configure:5404: i486-TSOL-linux-gnu-gcc -std=gnu99 -o conftest -O2  -I/usr/xorg/include -static-libgcc conftest.c  >&5
configure:5404: $? = 0
configure:5404: result: yes
configure:5417: checking for SESSREG
configure:5424: $PKG_CONFIG --exists --print-errors "xproto"
configure:5427: $? = 0
configure:5440: $PKG_CONFIG --exists --print-errors "xproto"
configure:5443: $? = 0
configure:5497: result: yes
configure:5642: creating ./config.status

## ---------------------- ##
## Running config.status. ##
## ---------------------- ##

This file was extended by sessreg config.status 1.0.7, which was
generated by GNU Autoconf 2.68.  Invocation command line was

  CONFIG_FILES    = 
  CONFIG_HEADERS  = 
  CONFIG_LINKS    = 
  CONFIG_COMMANDS = 
  $ ./config.status 

on poniX-build

config.status:927: creating Makefile
config.status:927: creating man/Makefile
config.status:927: creating config.h
config.status:1156: executing depfiles commands

## ---------------- ##
## Cache variables. ##
## ---------------- ##

ac_cv_build=i686-pc-linux-gnu
ac_cv_c_compiler_gnu=yes
ac_cv_env_CC_set=set
ac_cv_env_CC_value=i486-TSOL-linux-gnu-gcc
ac_cv_env_CFLAGS_set=set
ac_cv_env_CFLAGS_value=-O2
ac_cv_env_CPPFLAGS_set=set
ac_cv_env_CPPFLAGS_value=' -I/usr/xorg/include'
ac_cv_env_CPP_set=
ac_cv_env_CPP_value=
ac_cv_env_LDFLAGS_set=set
ac_cv_env_LDFLAGS_value=-static-libgcc
ac_cv_env_LIBS_set=
ac_cv_env_LIBS_value=
ac_cv_env_LINT_FLAGS_set=
ac_cv_env_LINT_FLAGS_value=
ac_cv_env_LINT_set=
ac_cv_env_LINT_value=
ac_cv_env_PKG_CONFIG_set=
ac_cv_env_PKG_CONFIG_value=
ac_cv_env_SESSREG_CFLAGS_set=
ac_cv_env_SESSREG_CFLAGS_value=
ac_cv_env_SESSREG_LIBS_set=
ac_cv_env_SESSREG_LIBS_value=
ac_cv_env_build_alias_set=
ac_cv_env_build_alias_value=
ac_cv_env_host_alias_set=
ac_cv_env_host_alias_value=
ac_cv_env_target_alias_set=
ac_cv_env_target_alias_value=
ac_cv_func_pututline=yes
ac_cv_func_updwtmpx=yes
ac_cv_func_utmpxname=yes
ac_cv_have_decl___INTEL_COMPILER=no
ac_cv_have_decl___SUNPRO_C=no
ac_cv_have_decl___clang__=no
ac_cv_header_inttypes_h=yes
ac_cv_header_lastlog_h=yes
ac_cv_header_memory_h=yes
ac_cv_header_minix_config_h=no
ac_cv_header_pwd_h=yes
ac_cv_header_stdc=yes
ac_cv_header_stdint_h=yes
ac_cv_header_stdlib_h=yes
ac_cv_header_string_h=yes
ac_cv_header_strings_h=yes
ac_cv_header_sys_param_h=yes
ac_cv_header_sys_stat_h=yes
ac_cv_header_sys_types_h=yes
ac_cv_header_unistd_h=yes
ac_cv_header_utmp_h=yes
ac_cv_header_utmpx_h=yes
ac_cv_host=i686-pc-linux-gnu
ac_cv_member_struct_utmp_ut_host=yes
ac_cv_member_struct_utmp_ut_id=yes
ac_cv_member_struct_utmp_ut_pid=yes
ac_cv_member_struct_utmp_ut_type=yes
ac_cv_member_struct_utmpx_ut_syslen=no
ac_cv_objext=o
ac_cv_path_EGREP='/usr/bin/grep -E'
ac_cv_path_GREP=/usr/bin/grep
ac_cv_path_SED=/usr/bin/sed
ac_cv_path_ac_pt_PKG_CONFIG=/usr/bin/pkg-config
ac_cv_path_install='/bin/install -c'
ac_cv_path_mkdir=/bin/mkdir
ac_cv_prog_AWK=gawk
ac_cv_prog_CPP='i486-TSOL-linux-gnu-gcc -E'
ac_cv_prog_ac_ct_CC=i486-TSOL-linux-gnu-gcc
ac_cv_prog_cc_c89=
ac_cv_prog_cc_c99=-std=gnu99
ac_cv_prog_cc_g=yes
ac_cv_prog_make_make_set=yes
ac_cv_safe_to_define___extensions__=yes
ac_cv_sys_file_offset_bits=64
ac_cv_sys_largefile_CC=no
ac_cv_type_struct_lastlog=yes
am_cv_CC_dependencies_compiler_type=gcc3
pkg_cv_SESSREG_CFLAGS='-I/usr/xorg/include  '
pkg_cv_SESSREG_LIBS=' '

## ----------------- ##
## Output variables. ##
## ----------------- ##

ACLOCAL='aclocal -I/usr/xorg/share/aclocal -I /usr/xorg//share/aclocal'
ADMIN_MAN_DIR='$(mandir)/man$(ADMIN_MAN_SUFFIX)'
ADMIN_MAN_SUFFIX='8'
AMDEPBACKSLASH='\'
AMDEP_FALSE='#'
AMDEP_TRUE=''
AMTAR='${SHELL} /source/xorg-modular-7.7/app/sessreg-1.0.7/missing --run tar'
AM_BACKSLASH='\'
AM_DEFAULT_VERBOSITY='0'
APP_MAN_DIR='$(mandir)/man$(APP_MAN_SUFFIX)'
APP_MAN_SUFFIX='1'
AUTOCONF='${SHELL} /source/xorg-modular-7.7/app/sessreg-1.0.7/missing --run autoconf'
AUTOHEADER='${SHELL} /source/xorg-modular-7.7/app/sessreg-1.0.7/missing --run autoheader'
AUTOMAKE='${SHELL} /source/xorg-modular-7.7/app/sessreg-1.0.7/missing --run automake-1.11'
AWK='gawk'
CC='i486-TSOL-linux-gnu-gcc -std=gnu99'
CCDEPMODE='depmode=gcc3'
CFLAGS='-O2'
CHANGELOG_CMD='(GIT_DIR=$(top_srcdir)/.git git log > $(top_srcdir)/.changelog.tmp && mv $(top_srcdir)/.changelog.tmp $(top_srcdir)/ChangeLog) || (rm -f $(top_srcdir)/.changelog.tmp; touch $(top_srcdir)/ChangeLog; echo '\''git directory not found: installing possibly empty changelog.'\'' >&2)'
CPP='i486-TSOL-linux-gnu-gcc -E'
CPPFLAGS=' -I/usr/xorg/include'
CWARNFLAGS='-Wall -Wpointer-arith -Wstrict-prototypes -Wmissing-prototypes -Wmissing-declarations -Wnested-externs -fno-strict-aliasing -Wbad-function-cast -Wformat=2 -Wold-style-definition -Wdeclaration-after-statement'
CYGPATH_W='echo'
DEFS='-DHAVE_CONFIG_H'
DEPDIR='.deps'
DRIVER_MAN_DIR='$(mandir)/man$(DRIVER_MAN_SUFFIX)'
DRIVER_MAN_SUFFIX='4'
ECHO_C=''
ECHO_N='-n'
ECHO_T=''
EGREP='/usr/bin/grep -E'
EXEEXT=''
FILE_MAN_DIR='$(mandir)/man$(FILE_MAN_SUFFIX)'
FILE_MAN_SUFFIX='5'
GREP='/usr/bin/grep'
INSTALL_CMD='(cp -f /usr/xorg/share/util-macros/INSTALL $(top_srcdir)/.INSTALL.tmp && mv $(top_srcdir)/.INSTALL.tmp $(top_srcdir)/INSTALL) || (rm -f $(top_srcdir)/.INSTALL.tmp; touch $(top_srcdir)/INSTALL; echo '\''util-macros "pkgdatadir" from xorg-macros.pc not found: installing possibly empty INSTALL.'\'' >&2)'
INSTALL_DATA='${INSTALL} -m 644'
INSTALL_PROGRAM='${INSTALL}'
INSTALL_SCRIPT='${INSTALL}'
INSTALL_STRIP_PROGRAM='$(install_sh) -c -s'
LDFLAGS='-static-libgcc'
LIBOBJS=''
LIBS=''
LIB_MAN_DIR='$(mandir)/man$(LIB_MAN_SUFFIX)'
LIB_MAN_SUFFIX='3'
LINT=''
LINT_FALSE=''
LINT_FLAGS='-badflag'
LINT_TRUE='#'
LTLIBOBJS=''
MAINT='#'
MAINTAINER_MODE_FALSE=''
MAINTAINER_MODE_TRUE='#'
MAKEINFO='${SHELL} /source/xorg-modular-7.7/app/sessreg-1.0.7/missing --run makeinfo'
MAN_SUBSTS='	-e '\''s|__vendorversion__|"$(PACKAGE_STRING)" "$(XORG_MAN_PAGE)"|'\'' 	-e '\''s|__xorgversion__|"$(PACKAGE_STRING)" "$(XORG_MAN_PAGE)"|'\'' 	-e '\''s|__xservername__|Xorg|g'\'' 	-e '\''s|__xconfigfile__|xorg.conf|g'\'' 	-e '\''s|__projectroot__|$(prefix)|g'\'' 	-e '\''s|__apploaddir__|$(appdefaultdir)|g'\'' 	-e '\''s|__appmansuffix__|$(APP_MAN_SUFFIX)|g'\'' 	-e '\''s|__drivermansuffix__|$(DRIVER_MAN_SUFFIX)|g'\'' 	-e '\''s|__adminmansuffix__|$(ADMIN_MAN_SUFFIX)|g'\'' 	-e '\''s|__libmansuffix__|$(LIB_MAN_SUFFIX)|g'\'' 	-e '\''s|__miscmansuffix__|$(MISC_MAN_SUFFIX)|g'\'' 	-e '\''s|__filemansuffix__|$(FILE_MAN_SUFFIX)|g'\'''
MISC_MAN_DIR='$(mandir)/man$(MISC_MAN_SUFFIX)'
MISC_MAN_SUFFIX='7'
MKDIR_P='/bin/mkdir -p'
OBJEXT='o'
PACKAGE='sessreg'
PACKAGE_BUGREPORT='https://bugs.freedesktop.org/enter_bug.cgi?product=xorg'
PACKAGE_NAME='sessreg'
PACKAGE_STRING='sessreg 1.0.7'
PACKAGE_TARNAME='sessreg'
PACKAGE_URL=''
PACKAGE_VERSION='1.0.7'
PATH_SEPARATOR=':'
PKG_CONFIG='/usr/bin/pkg-config'
SED='/usr/bin/sed'
SESSREG_CFLAGS='-I/usr/xorg/include  '
SESSREG_LIBS=' '
SET_MAKE=''
SHELL='/bin/sh'
STRICT_CFLAGS='-pedantic -Werror'
STRIP=''
VERSION='1.0.7'
XORG_MAN_PAGE='X Version 11'
ac_ct_CC='i486-TSOL-linux-gnu-gcc'
am__EXEEXT_FALSE=''
am__EXEEXT_TRUE='#'
am__fastdepCC_FALSE='#'
am__fastdepCC_TRUE=''
am__include='include'
am__isrc=''
am__leading_dot='.'
am__quote=''
am__tar='${AMTAR} chof - "$$tardir"'
am__untar='${AMTAR} xf -'
bindir='${exec_prefix}/bin'
build='i686-pc-linux-gnu'
build_alias=''
build_cpu='i686'
build_os='linux-gnu'
build_vendor='pc'
datadir='${datarootdir}'
datarootdir='${prefix}/share'
docdir='${datarootdir}/doc/${PACKAGE_TARNAME}'
dvidir='${docdir}'
exec_prefix='${prefix}'
host='i686-pc-linux-gnu'
host_alias=''
host_cpu='i686'
host_os='linux-gnu'
host_vendor='pc'
htmldir='${docdir}'
includedir='${prefix}/include'
infodir='${datarootdir}/info'
install_sh='${SHELL} /source/xorg-modular-7.7/app/sessreg-1.0.7/install-sh'
libdir='${exec_prefix}/lib'
libexecdir='${exec_prefix}/libexec'
localedir='${datarootdir}/locale'
localstatedir='${prefix}/var'
mandir='${datarootdir}/man'
mkdir_p='/bin/mkdir -p'
oldincludedir='/usr/include'
pdfdir='${docdir}'
prefix='/usr/xorg'
program_transform_name='s,x,x,'
psdir='${docdir}'
sbindir='${exec_prefix}/sbin'
sharedstatedir='${prefix}/com'
sysconfdir='${prefix}/etc'
target_alias=''

## ----------- ##
## confdefs.h. ##
## ----------- ##

/* confdefs.h */
#define PACKAGE_NAME "sessreg"
#define PACKAGE_TARNAME "sessreg"
#define PACKAGE_VERSION "1.0.7"
#define PACKAGE_STRING "sessreg 1.0.7"
#define PACKAGE_BUGREPORT "https://bugs.freedesktop.org/enter_bug.cgi?product=xorg"
#define PACKAGE_URL ""
#define STDC_HEADERS 1
#define HAVE_SYS_TYPES_H 1
#define HAVE_SYS_STAT_H 1
#define HAVE_STDLIB_H 1
#define HAVE_STRING_H 1
#define HAVE_MEMORY_H 1
#define HAVE_STRINGS_H 1
#define HAVE_INTTYPES_H 1
#define HAVE_STDINT_H 1
#define HAVE_UNISTD_H 1
#define __EXTENSIONS__ 1
#define _ALL_SOURCE 1
#define _GNU_SOURCE 1
#define _POSIX_PTHREAD_SEMANTICS 1
#define _TANDEM_SOURCE 1
#define _FILE_OFFSET_BITS 64
#define PACKAGE "sessreg"
#define VERSION "1.0.7"
#define PACKAGE_VERSION_MAJOR 1
#define PACKAGE_VERSION_MINOR 0
#define PACKAGE_VERSION_PATCHLEVEL 7
#define HAVE_LASTLOG_H 1
#define HAVE_PWD_H 1
#define HAVE_UTMP_H 1
#define HAVE_UTMPX_H 1
#define HAVE_SYS_PARAM_H 1
#define HAVE_STRUCT_UTMP_UT_HOST 1
#define HAVE_STRUCT_UTMP_UT_ID 1
#define HAVE_STRUCT_UTMP_UT_PID 1
#define HAVE_STRUCT_UTMP_UT_TYPE 1
#define HAVE_STRUCT_LASTLOG 1
#define HAVE_PUTUTLINE 1
#define HAVE_UPDWTMPX 1
#define HAVE_UTMPXNAME 1

configure: exit 0
