This file contains any messages produced by compilers while
running configure, to aid debugging if configure makes a mistake.

configure:579: checking for a BSD compatible install
configure:632: checking whether build environment is sane
configure:689: checking whether make sets ${MAKE}
configure:735: checking for working aclocal
configure:748: checking for working autoconf
configure:761: checking for working automake
configure:774: checking for working autoheader
configure:787: checking for working makeinfo
configure:808: checking host system type
configure:831: checking for ranlib
configure:860: checking for gcc
configure:937: checking whether the C compiler (i486-TSOL-linux-gnu-gcc -O2 -static-libgcc) works
configure:951: i486-TSOL-linux-gnu-gcc -o conftest -O2  -static-libgcc conftest.c  1>&5
configure:971: checking whether the C compiler (i486-TSOL-linux-gnu-gcc -O2 -static-libgcc) is a cross-compiler
configure:976: checking whether we are using GNU C
configure:1000: checking whether i486-TSOL-linux-gnu-gcc accepts -g
configure:1040: checking for ld used by GCC
configure:1097: checking if the linker (i486-TSOL-linux-gnu-ld) is GNU ld
configure:1113: checking for BSD-compatible nm
configure:1150: checking whether ln -s works
configure:1260: checking whether to enable maintainer-specific portions of Makefiles
configure:1290: checking for gcc
configure:1367: checking whether the C compiler (i486-TSOL-linux-gnu-gcc -O2 -static-libgcc) works
configure:1381: i486-TSOL-linux-gnu-gcc -o conftest -O2  -static-libgcc conftest.c  1>&5
configure:1401: checking whether the C compiler (i486-TSOL-linux-gnu-gcc -O2 -static-libgcc) is a cross-compiler
configure:1406: checking whether we are using GNU C
configure:1430: checking whether i486-TSOL-linux-gnu-gcc accepts -g
configure:1499: checking for gtk-config
configure:1530: checking for GTK - version >= 1.0.0
configure:1720: checking for djpeg
configure:1751: checking for cjpeg
configure:1783: checking for convert
configure:1819: checking for giftopnm
configure:1853: checking how to run the C preprocessor
configure:1914: checking for ANSI C header files
configure:2022: checking for dirent.h that defines DIR
configure:2060: checking for opendir in -ldir
configure:2143: checking for sys/wait.h that is POSIX.1 compatible
configure:2186: checking return type of signal handlers
configure:2230: checking for vsnprintf
configure:2285: checking for snprintf
configure:2341: checking for blumfrub
configure:2396: checking for buckets_of_erogenous_nym
configure:2451: checking for buttox
configure:2506: checking for stdarg.h
configure:2543: checking for string.h
configure:2576: checking for strings.h
configure:2613: checking for X
configure:2927: checking for dnet_ntoa in -ldnet
configure:2968: checking for dnet_ntoa in -ldnet_stub
configure:3016: checking for gethostbyname
configure:3114: checking for connect
configure:3206: checking for remove
configure:3298: checking for shmat
configure:3399: checking for IceConnectionNumber in -lICE
configure:3450: checking for XShmAttach in -lXext
configure:3550: checking for sys/ipc.h
configure:3587: checking for sys/shm.h
configure:3635: checking whether shmctl IPC_RMID allowes subsequent attaches
configure:3666: i486-TSOL-linux-gnu-gcc -o conftest -O2   -I${prefix}/include -I/usr/include -static-libgcc conftest.c  1>&5
configure: In function 'main':
configure:3651:13: warning: incompatible implicit declaration of built-in function 'exit' [enabled by default]
configure:3686: checking X11/extensions/XShm.h
configure:3706: checking for jpeg_destroy_decompress in -ljpeg
configure:3749: checking for jpeglib.h
configure:3759: i486-TSOL-linux-gnu-gcc -E   -I${prefix}/include -I/usr/include conftest.c >/dev/null 2>conftest.out
configure:3784: checking for TIFFReadScanline in -ltiff
configure:3820: checking for tiffio.h
configure:4016: checking for gif_lib.h
configure:4136: checking for png_read_info in -lpng
configure:4172: checking for png.h
configure:4211: checking for png_structp in png.h
configure:4221: i486-TSOL-linux-gnu-gcc -c -O2   -I${prefix}/include -I/usr/include conftest.c 1>&5
configure:4240: checking for libpng version other than 1.0.2
