This file contains any messages produced by compilers while
running configure, to aid debugging if configure makes a mistake.

It was created by pixman configure 0.32.6, which was
generated by GNU Autoconf 2.68.  Invocation command line was

  $ ./configure --prefix=/usr/xorg CC=i486-TSOL-linux-gnu-gcc CFLAGS=-Os LDFLAGS=-static-libgcc

## --------- ##
## Platform. ##
## --------- ##

hostname = ubuntu4
uname -m = i686
uname -r = 3.2.16-030216-generic
uname -s = Linux
uname -v = #201204221935 SMP Sun Apr 22 23:42:49 UTC 2012

/usr/bin/uname -p = unknown
/bin/uname -X     = unknown

/bin/arch              = unknown
/usr/bin/arch -k       = unknown
/usr/convex/getsysinfo = unknown
/usr/bin/hostinfo      = unknown
/bin/machine           = unknown
/usr/bin/oslevel       = unknown
/bin/universe          = unknown

PATH: /usr/xorg/bin
PATH: /source/docbook-xsl-1.76.1/tools/bin
PATH: /bin
PATH: /sbin
PATH: /usr/bin
PATH: /usr/sbin
PATH: /usr/bin/X11
PATH: /usr/local/bin
PATH: /toolchain/bin
PATH: /toolchain/i486-TSOL-linux-gnu/bin/
PATH: /root/.local/bin
PATH: /usr/xorg/bin
PATH: /usr/xorg/bin


## ----------- ##
## Core tests. ##
## ----------- ##

configure:2566: checking for a BSD-compatible install
configure:2634: result: /bin/install -c
configure:2645: checking whether build environment is sane
configure:2700: result: yes
configure:2738: WARNING: 'missing' script is too old or missing
configure:2851: checking for a thread-safe mkdir -p
configure:2890: result: /bin/mkdir -p
configure:2897: checking for gawk
configure:2913: found /usr/bin/gawk
configure:2924: result: gawk
configure:2935: checking whether make sets $(MAKE)
configure:2957: result: yes
configure:2986: checking whether make supports nested variables
configure:3003: result: yes
configure:3100: checking whether make supports nested variables
configure:3117: result: yes
configure:3136: checking build system type
configure:3150: result: i686-pc-linux-gnu
configure:3170: checking host system type
configure:3183: result: i686-pc-linux-gnu
configure:3254: checking for gcc
configure:3281: result: i486-TSOL-linux-gnu-gcc
configure:3510: checking for C compiler version
configure:3519: i486-TSOL-linux-gnu-gcc --version >&5
i486-TSOL-linux-gnu-gcc (crosstool-NG 1.15.2) 4.6.3
Copyright (C) 2011 Free Software Foundation, Inc.
This is free software; see the source for copying conditions.  There is NO
warranty; not even for MERCHANTABILITY or FITNESS FOR A PARTICULAR PURPOSE.

configure:3530: $? = 0
configure:3519: i486-TSOL-linux-gnu-gcc -v >&5
Using built-in specs.
COLLECT_GCC=i486-TSOL-linux-gnu-gcc
COLLECT_LTO_WRAPPER=/toolchain/libexec/gcc/i486-TSOL-linux-gnu/4.6.3/lto-wrapper
Target: i486-TSOL-linux-gnu
Configured with: /TSOL/crosstool-ng-1.15.2/bin/.build/src/gcc-4.6.3/configure --build=i686-build_pc-linux-gnu --host=i686-build_pc-linux-gnu --target=i486-TSOL-linux-gnu --prefix=/toolchain --with-sysroot=/toolchain/i486-TSOL-linux-gnu/sysroot --enable-languages=c,c++ --with-arch=i486 --with-pkgversion='crosstool-NG 1.15.2' --enable-__cxa_atexit --disable-libmudflap --disable-libgomp --disable-libssp --with-gmp=/TSOL/crosstool-ng-1.15.2/bin/.build/i486-TSOL-linux-gnu/buildtools --with-mpfr=/TSOL/crosstool-ng-1.15.2/bin/.build/i486-TSOL-linux-gnu/buildtools --with-mpc=/TSOL/crosstool-ng-1.15.2/bin/.build/i486-TSOL-linux-gnu/buildtools --with-ppl=/TSOL/crosstool-ng-1.15.2/bin/.build/i486-TSOL-linux-gnu/buildtools --with-cloog=/TSOL/crosstool-ng-1.15.2/bin/.build/i486-TSOL-linux-gnu/buildtools --with-libelf=no --with-host-libstdcxx='-static-libgcc -Wl,-Bstatic,-lstdc++,-Bdynamic -lm -L/TSOL/crosstool-ng-1.15.2/bin/.build/i486-TSOL-linux-gnu/buildtools/lib -lpwl' --enable-threads=posix --enable-target-optspace --disable-multilib --with-local-prefix=/toolchain/i486-TSOL-linux-gnu/sysroot --enable-c99 --enable-long-long
Thread model: posix
gcc version 4.6.3 (crosstool-NG 1.15.2) 
configure:3530: $? = 0
configure:3519: i486-TSOL-linux-gnu-gcc -V >&5
i486-TSOL-linux-gnu-gcc: error: unrecognized option '-V'
i486-TSOL-linux-gnu-gcc: fatal error: no input files
compilation terminated.
configure:3530: $? = 1
configure:3519: i486-TSOL-linux-gnu-gcc -qversion >&5
i486-TSOL-linux-gnu-gcc: error: unrecognized option '-qversion'
i486-TSOL-linux-gnu-gcc: fatal error: no input files
compilation terminated.
configure:3530: $? = 1
configure:3550: checking whether the C compiler works
configure:3572: i486-TSOL-linux-gnu-gcc -Os  -static-libgcc conftest.c  >&5
configure:3576: $? = 0
configure:3624: result: yes
configure:3627: checking for C compiler default output file name
configure:3629: result: a.out
configure:3635: checking for suffix of executables
configure:3642: i486-TSOL-linux-gnu-gcc -o conftest -Os  -static-libgcc conftest.c  >&5
configure:3646: $? = 0
configure:3668: result: 
configure:3690: checking whether we are cross compiling
configure:3698: i486-TSOL-linux-gnu-gcc -o conftest -Os  -static-libgcc conftest.c  >&5
configure:3702: $? = 0
configure:3709: ./conftest
configure:3713: $? = 0
configure:3728: result: no
configure:3733: checking for suffix of object files
configure:3755: i486-TSOL-linux-gnu-gcc -c -Os  conftest.c >&5
configure:3759: $? = 0
configure:3780: result: o
configure:3784: checking whether we are using the GNU C compiler
configure:3803: i486-TSOL-linux-gnu-gcc -c -Os  conftest.c >&5
configure:3803: $? = 0
configure:3812: result: yes
configure:3821: checking whether i486-TSOL-linux-gnu-gcc accepts -g
configure:3841: i486-TSOL-linux-gnu-gcc -c -g  conftest.c >&5
configure:3841: $? = 0
configure:3882: result: yes
configure:3899: checking for i486-TSOL-linux-gnu-gcc option to accept ISO C89
configure:3963: i486-TSOL-linux-gnu-gcc  -c -Os  conftest.c >&5
configure:3963: $? = 0
configure:3976: result: none needed
configure:4007: checking for style of include used by make
configure:4035: result: GNU
configure:4061: checking dependency style of i486-TSOL-linux-gnu-gcc
configure:4172: result: gcc3
configure:4196: checking dependency style of i486-TSOL-linux-gnu-gcc
configure:4305: result: gcc3
configure:4366: checking how to print strings
configure:4393: result: printf
configure:4414: checking for a sed that does not truncate output
configure:4478: result: /usr/bin/sed
configure:4496: checking for grep that handles long lines and -e
configure:4554: result: /usr/bin/grep
configure:4559: checking for egrep
configure:4621: result: /usr/bin/grep -E
configure:4626: checking for fgrep
configure:4688: result: /usr/bin/grep -F
configure:4723: checking for ld used by i486-TSOL-linux-gnu-gcc
configure:4790: result: i486-TSOL-linux-gnu-ld
configure:4797: checking if the linker (i486-TSOL-linux-gnu-ld) is GNU ld
configure:4812: result: yes
configure:4824: checking for BSD- or MS-compatible name lister (nm)
configure:4873: result: /toolchain/i486-TSOL-linux-gnu/bin//nm -B
configure:5003: checking the name lister (/toolchain/i486-TSOL-linux-gnu/bin//nm -B) interface
configure:5010: i486-TSOL-linux-gnu-gcc -c -Os  conftest.c >&5
configure:5013: /toolchain/i486-TSOL-linux-gnu/bin//nm -B "conftest.o"
configure:5016: output
00000000 B some_variable
configure:5023: result: BSD nm
configure:5026: checking whether ln -s works
configure:5030: result: yes
configure:5038: checking the maximum length of command line arguments
configure:5168: result: 1572864
configure:5185: checking whether the shell understands some XSI constructs
configure:5195: result: yes
configure:5199: checking whether the shell understands "+="
configure:5205: result: yes
configure:5240: checking how to convert i686-pc-linux-gnu file names to i686-pc-linux-gnu format
configure:5280: result: func_convert_file_noop
configure:5287: checking how to convert i686-pc-linux-gnu file names to toolchain format
configure:5307: result: func_convert_file_noop
configure:5314: checking for i486-TSOL-linux-gnu-ld option to reload object files
configure:5321: result: -r
configure:5395: checking for objdump
configure:5411: found /toolchain/i486-TSOL-linux-gnu/bin//objdump
configure:5422: result: objdump
configure:5454: checking how to recognize dependent libraries
configure:5656: result: pass_all
configure:5741: checking for dlltool
configure:5771: result: no
configure:5801: checking how to associate runtime and link libraries
configure:5828: result: printf %s\n
configure:5889: checking for ar
configure:5905: found /toolchain/i486-TSOL-linux-gnu/bin//ar
configure:5916: result: ar
configure:5953: checking for archiver @FILE support
configure:5970: i486-TSOL-linux-gnu-gcc -c -Os  conftest.c >&5
configure:5970: $? = 0
configure:5973: ar cru libconftest.a @conftest.lst >&5
configure:5976: $? = 0
configure:5981: ar cru libconftest.a @conftest.lst >&5
ar: conftest.o: No such file or directory
configure:5984: $? = 1
configure:5996: result: @
configure:6054: checking for strip
configure:6070: found /toolchain/i486-TSOL-linux-gnu/bin//strip
configure:6081: result: strip
configure:6153: checking for ranlib
configure:6169: found /toolchain/i486-TSOL-linux-gnu/bin//ranlib
configure:6180: result: ranlib
configure:6282: checking command to parse /toolchain/i486-TSOL-linux-gnu/bin//nm -B output from i486-TSOL-linux-gnu-gcc object
configure:6402: i486-TSOL-linux-gnu-gcc -c -Os  conftest.c >&5
configure:6405: $? = 0
configure:6409: /toolchain/i486-TSOL-linux-gnu/bin//nm -B conftest.o \| sed -n -e 's/^.*[ ]\([ABCDGIRSTW][ABCDGIRSTW]*\)[ ][ ]*\([_A-Za-z][_A-Za-z0-9]*\)$/\1 \2 \2/p' | sed '/ __gnu_lto/d' \> conftest.nm
configure:6412: $? = 0
configure:6478: i486-TSOL-linux-gnu-gcc -o conftest -Os  -static-libgcc conftest.c conftstm.o >&5
configure:6481: $? = 0
configure:6519: result: ok
configure:6556: checking for sysroot
configure:6586: result: no
configure:6842: checking for mt
configure:6872: result: no
configure:6892: checking if : is a manifest tool
configure:6898: : '-?'
configure:6906: result: no
configure:7548: checking how to run the C preprocessor
configure:7579: i486-TSOL-linux-gnu-gcc -E  conftest.c
configure:7579: $? = 0
configure:7593: i486-TSOL-linux-gnu-gcc -E  conftest.c
conftest.c:11:28: fatal error: ac_nonexistent.h: No such file or directory
compilation terminated.
configure:7593: $? = 1
configure: failed program was:
| /* confdefs.h */
| #define PACKAGE_NAME "pixman"
| #define PACKAGE_TARNAME "pixman"
| #define PACKAGE_VERSION "0.32.6"
| #define PACKAGE_STRING "pixman 0.32.6"
| #define PACKAGE_BUGREPORT "pixman@lists.freedesktop.org"
| #define PACKAGE_URL ""
| #define PACKAGE "pixman"
| #define VERSION "0.32.6"
| /* end confdefs.h.  */
| #include <ac_nonexistent.h>
configure:7618: result: i486-TSOL-linux-gnu-gcc -E
configure:7638: i486-TSOL-linux-gnu-gcc -E  conftest.c
configure:7638: $? = 0
configure:7652: i486-TSOL-linux-gnu-gcc -E  conftest.c
conftest.c:11:28: fatal error: ac_nonexistent.h: No such file or directory
compilation terminated.
configure:7652: $? = 1
configure: failed program was:
| /* confdefs.h */
| #define PACKAGE_NAME "pixman"
| #define PACKAGE_TARNAME "pixman"
| #define PACKAGE_VERSION "0.32.6"
| #define PACKAGE_STRING "pixman 0.32.6"
| #define PACKAGE_BUGREPORT "pixman@lists.freedesktop.org"
| #define PACKAGE_URL ""
| #define PACKAGE "pixman"
| #define VERSION "0.32.6"
| /* end confdefs.h.  */
| #include <ac_nonexistent.h>
configure:7681: checking for ANSI C header files
configure:7701: i486-TSOL-linux-gnu-gcc -c -Os  conftest.c >&5
configure:7701: $? = 0
configure:7774: i486-TSOL-linux-gnu-gcc -o conftest -Os  -static-libgcc conftest.c  >&5
configure:7774: $? = 0
configure:7774: ./conftest
configure:7774: $? = 0
configure:7785: result: yes
configure:7798: checking for sys/types.h
configure:7798: i486-TSOL-linux-gnu-gcc -c -Os  conftest.c >&5
configure:7798: $? = 0
configure:7798: result: yes
configure:7798: checking for sys/stat.h
configure:7798: i486-TSOL-linux-gnu-gcc -c -Os  conftest.c >&5
configure:7798: $? = 0
configure:7798: result: yes
configure:7798: checking for stdlib.h
configure:7798: i486-TSOL-linux-gnu-gcc -c -Os  conftest.c >&5
configure:7798: $? = 0
configure:7798: result: yes
configure:7798: checking for string.h
configure:7798: i486-TSOL-linux-gnu-gcc -c -Os  conftest.c >&5
configure:7798: $? = 0
configure:7798: result: yes
configure:7798: checking for memory.h
configure:7798: i486-TSOL-linux-gnu-gcc -c -Os  conftest.c >&5
configure:7798: $? = 0
configure:7798: result: yes
configure:7798: checking for strings.h
configure:7798: i486-TSOL-linux-gnu-gcc -c -Os  conftest.c >&5
configure:7798: $? = 0
configure:7798: result: yes
configure:7798: checking for inttypes.h
configure:7798: i486-TSOL-linux-gnu-gcc -c -Os  conftest.c >&5
configure:7798: $? = 0
configure:7798: result: yes
configure:7798: checking for stdint.h
configure:7798: i486-TSOL-linux-gnu-gcc -c -Os  conftest.c >&5
configure:7798: $? = 0
configure:7798: result: yes
configure:7798: checking for unistd.h
configure:7798: i486-TSOL-linux-gnu-gcc -c -Os  conftest.c >&5
configure:7798: $? = 0
configure:7798: result: yes
configure:7812: checking for dlfcn.h
configure:7812: i486-TSOL-linux-gnu-gcc -c -Os  conftest.c >&5
configure:7812: $? = 0
configure:7812: result: yes
configure:8018: checking for objdir
configure:8033: result: .libs
configure:8300: checking if i486-TSOL-linux-gnu-gcc supports -fno-rtti -fno-exceptions
configure:8318: i486-TSOL-linux-gnu-gcc -c -Os  -fno-rtti -fno-exceptions conftest.c >&5
cc1: warning: command line option '-fno-rtti' is valid for C++/ObjC++ but not for C [enabled by default]
configure:8322: $? = 0
configure:8335: result: no
configure:8662: checking for i486-TSOL-linux-gnu-gcc option to produce PIC
configure:8669: result: -fPIC -DPIC
configure:8677: checking if i486-TSOL-linux-gnu-gcc PIC flag -fPIC -DPIC works
configure:8695: i486-TSOL-linux-gnu-gcc -c -Os  -fPIC -DPIC -DPIC conftest.c >&5
configure:8699: $? = 0
configure:8712: result: yes
configure:8741: checking if i486-TSOL-linux-gnu-gcc static flag -static works
configure:8769: result: yes
configure:8784: checking if i486-TSOL-linux-gnu-gcc supports -c -o file.o
configure:8805: i486-TSOL-linux-gnu-gcc -c -Os  -o out/conftest2.o conftest.c >&5
configure:8809: $? = 0
configure:8831: result: yes
configure:8839: checking if i486-TSOL-linux-gnu-gcc supports -c -o file.o
configure:8886: result: yes
configure:8919: checking whether the i486-TSOL-linux-gnu-gcc linker (i486-TSOL-linux-gnu-ld) supports shared libraries
configure:10072: result: yes
configure:10109: checking whether -lc should be explicitly linked in
configure:10117: i486-TSOL-linux-gnu-gcc -c -Os  conftest.c >&5
configure:10120: $? = 0
configure:10135: i486-TSOL-linux-gnu-gcc -shared  -fPIC -DPIC conftest.o  -v -Wl,-soname -Wl,conftest -o conftest 2\>\&1 \| /usr/bin/grep  -lc  \>/dev/null 2\>\&1
configure:10138: $? = 0
configure:10152: result: no
configure:10312: checking dynamic linker characteristics
configure:10823: i486-TSOL-linux-gnu-gcc -o conftest -Os  -static-libgcc -Wl,-rpath -Wl,/foo conftest.c  >&5
configure:10823: $? = 0
configure:11049: result: GNU/Linux ld.so
configure:11156: checking how to hardcode library paths into programs
configure:11181: result: immediate
configure:11721: checking whether stripping libraries is possible
configure:11726: result: yes
configure:11761: checking if libtool supports shared libraries
configure:11763: result: yes
configure:11766: checking whether to build shared libraries
configure:11787: result: yes
configure:11790: checking whether to build static libraries
configure:11794: result: yes
configure:11833: checking for getisax
configure:11833: i486-TSOL-linux-gnu-gcc -o conftest -Os  -static-libgcc conftest.c  >&5
/tmp/ccE2ysc3.o: In function `main':
conftest.c:(.text.startup+0x10): undefined reference to `getisax'
collect2: ld returned 1 exit status
configure:11833: $? = 1
configure: failed program was:
| /* confdefs.h */
| #define PACKAGE_NAME "pixman"
| #define PACKAGE_TARNAME "pixman"
| #define PACKAGE_VERSION "0.32.6"
| #define PACKAGE_STRING "pixman 0.32.6"
| #define PACKAGE_BUGREPORT "pixman@lists.freedesktop.org"
| #define PACKAGE_URL ""
| #define PACKAGE "pixman"
| #define VERSION "0.32.6"
| #define STDC_HEADERS 1
| #define HAVE_SYS_TYPES_H 1
| #define HAVE_SYS_STAT_H 1
| #define HAVE_STDLIB_H 1
| #define HAVE_STRING_H 1
| #define HAVE_MEMORY_H 1
| #define HAVE_STRINGS_H 1
| #define HAVE_INTTYPES_H 1
| #define HAVE_STDINT_H 1
| #define HAVE_UNISTD_H 1
| #define HAVE_DLFCN_H 1
| #define LT_OBJDIR ".libs/"
| /* end confdefs.h.  */
| /* Define getisax to an innocuous variant, in case <limits.h> declares getisax.
|    For example, HP-UX 11i <limits.h> declares gettimeofday.  */
| #define getisax innocuous_getisax
| 
| /* System header to define __stub macros and hopefully few prototypes,
|     which can conflict with char getisax (); below.
|     Prefer <limits.h> to <assert.h> if __STDC__ is defined, since
|     <limits.h> exists even on freestanding compilers.  */
| 
| #ifdef __STDC__
| # include <limits.h>
| #else
| # include <assert.h>
| #endif
| 
| #undef getisax
| 
| /* Override any GCC internal prototype to avoid an error.
|    Use char because int might match the return type of a GCC
|    builtin and then its argument prototype would still apply.  */
| #ifdef __cplusplus
| extern "C"
| #endif
| char getisax ();
| /* The GNU C library defines this for functions which it implements
|     to always fail with ENOSYS.  Some functions are actually named
|     something starting with __ and the normal name is an alias.  */
| #if defined __stub_getisax || defined __stub___getisax
| choke me
| #endif
| 
| int
| main ()
| {
| return getisax ();
|   ;
|   return 0;
| }
configure:11833: result: no
configure:11842: checking whether byte ordering is bigendian
configure:11857: i486-TSOL-linux-gnu-gcc -c -Os  conftest.c >&5
conftest.c:24:9: error: unknown type name 'not'
conftest.c:24:15: error: expected '=', ',', ';', 'asm' or '__attribute__' before 'universal'
conftest.c:24:15: error: unknown type name 'universal'
configure:11857: $? = 1
configure: failed program was:
| /* confdefs.h */
| #define PACKAGE_NAME "pixman"
| #define PACKAGE_TARNAME "pixman"
| #define PACKAGE_VERSION "0.32.6"
| #define PACKAGE_STRING "pixman 0.32.6"
| #define PACKAGE_BUGREPORT "pixman@lists.freedesktop.org"
| #define PACKAGE_URL ""
| #define PACKAGE "pixman"
| #define VERSION "0.32.6"
| #define STDC_HEADERS 1
| #define HAVE_SYS_TYPES_H 1
| #define HAVE_SYS_STAT_H 1
| #define HAVE_STDLIB_H 1
| #define HAVE_STRING_H 1
| #define HAVE_MEMORY_H 1
| #define HAVE_STRINGS_H 1
| #define HAVE_INTTYPES_H 1
| #define HAVE_STDINT_H 1
| #define HAVE_UNISTD_H 1
| #define HAVE_DLFCN_H 1
| #define LT_OBJDIR ".libs/"
| /* end confdefs.h.  */
| #ifndef __APPLE_CC__
| 	       not a universal capable compiler
| 	     #endif
| 	     typedef int dummy;
| 
configure:11902: i486-TSOL-linux-gnu-gcc -c -Os  conftest.c >&5
configure:11902: $? = 0
configure:11920: i486-TSOL-linux-gnu-gcc -c -Os  conftest.c >&5
conftest.c: In function 'main':
conftest.c:30:4: error: unknown type name 'not'
conftest.c:30:12: error: expected '=', ',', ';', 'asm' or '__attribute__' before 'endian'
configure:11920: $? = 1
configure: failed program was:
| /* confdefs.h */
| #define PACKAGE_NAME "pixman"
| #define PACKAGE_TARNAME "pixman"
| #define PACKAGE_VERSION "0.32.6"
| #define PACKAGE_STRING "pixman 0.32.6"
| #define PACKAGE_BUGREPORT "pixman@lists.freedesktop.org"
| #define PACKAGE_URL ""
| #define PACKAGE "pixman"
| #define VERSION "0.32.6"
| #define STDC_HEADERS 1
| #define HAVE_SYS_TYPES_H 1
| #define HAVE_SYS_STAT_H 1
| #define HAVE_STDLIB_H 1
| #define HAVE_STRING_H 1
| #define HAVE_MEMORY_H 1
| #define HAVE_STRINGS_H 1
| #define HAVE_INTTYPES_H 1
| #define HAVE_STDINT_H 1
| #define HAVE_UNISTD_H 1
| #define HAVE_DLFCN_H 1
| #define LT_OBJDIR ".libs/"
| /* end confdefs.h.  */
| #include <sys/types.h>
| 		#include <sys/param.h>
| 
| int
| main ()
| {
| #if BYTE_ORDER != BIG_ENDIAN
| 		 not big endian
| 		#endif
| 
|   ;
|   return 0;
| }
configure:12048: result: no
configure:12066: checking for inline
configure:12082: i486-TSOL-linux-gnu-gcc -c -Os  conftest.c >&5
configure:12082: $? = 0
configure:12090: result: inline
configure:12114: checking whether the compiler supports -Werror
configure:12130: i486-TSOL-linux-gnu-gcc -o conftest -Os -Werror  -static-libgcc  conftest.c   >&5
configure:12130: $? = 0
configure:12153: result: yes
configure:12164: checking size of long
configure:12169: i486-TSOL-linux-gnu-gcc -o conftest -Os  -static-libgcc conftest.c  >&5
configure:12169: $? = 0
configure:12169: ./conftest
configure:12169: $? = 0
configure:12183: result: 4
configure:12195: checking whether __SUNPRO_C is declared
configure:12195: i486-TSOL-linux-gnu-gcc -c -Os  conftest.c >&5
conftest.c: In function 'main':
conftest.c:64:10: error: '__SUNPRO_C' undeclared (first use in this function)
conftest.c:64:10: note: each undeclared identifier is reported only once for each function it appears in
configure:12195: $? = 1
configure: failed program was:
| /* confdefs.h */
| #define PACKAGE_NAME "pixman"
| #define PACKAGE_TARNAME "pixman"
| #define PACKAGE_VERSION "0.32.6"
| #define PACKAGE_STRING "pixman 0.32.6"
| #define PACKAGE_BUGREPORT "pixman@lists.freedesktop.org"
| #define PACKAGE_URL ""
| #define PACKAGE "pixman"
| #define VERSION "0.32.6"
| #define STDC_HEADERS 1
| #define HAVE_SYS_TYPES_H 1
| #define HAVE_SYS_STAT_H 1
| #define HAVE_STDLIB_H 1
| #define HAVE_STRING_H 1
| #define HAVE_MEMORY_H 1
| #define HAVE_STRINGS_H 1
| #define HAVE_INTTYPES_H 1
| #define HAVE_STDINT_H 1
| #define HAVE_UNISTD_H 1
| #define HAVE_DLFCN_H 1
| #define LT_OBJDIR ".libs/"
| #define SIZEOF_LONG 4
| /* end confdefs.h.  */
| #include <stdio.h>
| #ifdef HAVE_SYS_TYPES_H
| # include <sys/types.h>
| #endif
| #ifdef HAVE_SYS_STAT_H
| # include <sys/stat.h>
| #endif
| #ifdef STDC_HEADERS
| # include <stdlib.h>
| # include <stddef.h>
| #else
| # ifdef HAVE_STDLIB_H
| #  include <stdlib.h>
| # endif
| #endif
| #ifdef HAVE_STRING_H
| # if !defined STDC_HEADERS && defined HAVE_MEMORY_H
| #  include <memory.h>
| # endif
| # include <string.h>
| #endif
| #ifdef HAVE_STRINGS_H
| # include <strings.h>
| #endif
| #ifdef HAVE_INTTYPES_H
| # include <inttypes.h>
| #endif
| #ifdef HAVE_STDINT_H
| # include <stdint.h>
| #endif
| #ifdef HAVE_UNISTD_H
| # include <unistd.h>
| #endif
| int
| main ()
| {
| #ifndef __SUNPRO_C
| #ifdef __cplusplus
|   (void) __SUNPRO_C;
| #else
|   (void) __SUNPRO_C;
| #endif
| #endif
| 
|   ;
|   return 0;
| }
configure:12195: result: no
configure:12202: checking whether __amd64 is declared
configure:12202: i486-TSOL-linux-gnu-gcc -c -Os  conftest.c >&5
conftest.c: In function 'main':
conftest.c:64:10: error: '__amd64' undeclared (first use in this function)
conftest.c:64:10: note: each undeclared identifier is reported only once for each function it appears in
configure:12202: $? = 1
configure: failed program was:
| /* confdefs.h */
| #define PACKAGE_NAME "pixman"
| #define PACKAGE_TARNAME "pixman"
| #define PACKAGE_VERSION "0.32.6"
| #define PACKAGE_STRING "pixman 0.32.6"
| #define PACKAGE_BUGREPORT "pixman@lists.freedesktop.org"
| #define PACKAGE_URL ""
| #define PACKAGE "pixman"
| #define VERSION "0.32.6"
| #define STDC_HEADERS 1
| #define HAVE_SYS_TYPES_H 1
| #define HAVE_SYS_STAT_H 1
| #define HAVE_STDLIB_H 1
| #define HAVE_STRING_H 1
| #define HAVE_MEMORY_H 1
| #define HAVE_STRINGS_H 1
| #define HAVE_INTTYPES_H 1
| #define HAVE_STDINT_H 1
| #define HAVE_UNISTD_H 1
| #define HAVE_DLFCN_H 1
| #define LT_OBJDIR ".libs/"
| #define SIZEOF_LONG 4
| /* end confdefs.h.  */
| #include <stdio.h>
| #ifdef HAVE_SYS_TYPES_H
| # include <sys/types.h>
| #endif
| #ifdef HAVE_SYS_STAT_H
| # include <sys/stat.h>
| #endif
| #ifdef STDC_HEADERS
| # include <stdlib.h>
| # include <stddef.h>
| #else
| # ifdef HAVE_STDLIB_H
| #  include <stdlib.h>
| # endif
| #endif
| #ifdef HAVE_STRING_H
| # if !defined STDC_HEADERS && defined HAVE_MEMORY_H
| #  include <memory.h>
| # endif
| # include <string.h>
| #endif
| #ifdef HAVE_STRINGS_H
| # include <strings.h>
| #endif
| #ifdef HAVE_INTTYPES_H
| # include <inttypes.h>
| #endif
| #ifdef HAVE_STDINT_H
| # include <stdint.h>
| #endif
| #ifdef HAVE_UNISTD_H
| # include <unistd.h>
| #endif
| int
| main ()
| {
| #ifndef __amd64
| #ifdef __cplusplus
|   (void) __amd64;
| #else
|   (void) __amd64;
| #endif
| #endif
| 
|   ;
|   return 0;
| }
configure:12202: result: no
configure:12243: checking whether the compiler supports -Wall
configure:12261: i486-TSOL-linux-gnu-gcc -o conftest -Os -Werror -Wall  -static-libgcc  conftest.c   >&5
configure:12261: $? = 0
configure:12287: result: yes
configure:12290: checking whether the compiler supports -Wdeclaration-after-statement
configure:12308: i486-TSOL-linux-gnu-gcc -o conftest -Os -Wall -Werror -Wdeclaration-after-statement  -static-libgcc  conftest.c   >&5
configure:12308: $? = 0
configure:12334: result: yes
configure:12337: checking whether the compiler supports -fno-strict-aliasing
configure:12355: i486-TSOL-linux-gnu-gcc -o conftest -Os -Wall -Wdeclaration-after-statement -Werror -fno-strict-aliasing  -static-libgcc  conftest.c   >&5
configure:12355: $? = 0
configure:12381: result: yes
configure:12396: checking for i486-TSOL-linux-gnu-gcc option to support OpenMP
configure:12411: i486-TSOL-linux-gnu-gcc -o conftest -Os -Wall -Wdeclaration-after-statement -fno-strict-aliasing  -static-libgcc conftest.c  >&5
conftest.c:26:2: error: unknown type name 'choke'
conftest.c:28:17: fatal error: omp.h: No such file or directory
compilation terminated.
configure:12411: $? = 1
configure: failed program was:
| /* confdefs.h */
| #define PACKAGE_NAME "pixman"
| #define PACKAGE_TARNAME "pixman"
| #define PACKAGE_VERSION "0.32.6"
| #define PACKAGE_STRING "pixman 0.32.6"
| #define PACKAGE_BUGREPORT "pixman@lists.freedesktop.org"
| #define PACKAGE_URL ""
| #define PACKAGE "pixman"
| #define VERSION "0.32.6"
| #define STDC_HEADERS 1
| #define HAVE_SYS_TYPES_H 1
| #define HAVE_SYS_STAT_H 1
| #define HAVE_STDLIB_H 1
| #define HAVE_STRING_H 1
| #define HAVE_MEMORY_H 1
| #define HAVE_STRINGS_H 1
| #define HAVE_INTTYPES_H 1
| #define HAVE_STDINT_H 1
| #define HAVE_UNISTD_H 1
| #define HAVE_DLFCN_H 1
| #define LT_OBJDIR ".libs/"
| #define SIZEOF_LONG 4
| /* end confdefs.h.  */
| 
| #ifndef _OPENMP
|  choke me
| #endif
| #include <omp.h>
| int main () { return omp_get_num_threads (); }
| 
configure:12428: i486-TSOL-linux-gnu-gcc -o conftest -Os -Wall -Wdeclaration-after-statement -fno-strict-aliasing -fopenmp  -static-libgcc conftest.c  >&5
conftest.c:28:17: fatal error: omp.h: No such file or directory
compilation terminated.
configure:12428: $? = 1
configure: failed program was:
| /* confdefs.h */
| #define PACKAGE_NAME "pixman"
| #define PACKAGE_TARNAME "pixman"
| #define PACKAGE_VERSION "0.32.6"
| #define PACKAGE_STRING "pixman 0.32.6"
| #define PACKAGE_BUGREPORT "pixman@lists.freedesktop.org"
| #define PACKAGE_URL ""
| #define PACKAGE "pixman"
| #define VERSION "0.32.6"
| #define STDC_HEADERS 1
| #define HAVE_SYS_TYPES_H 1
| #define HAVE_SYS_STAT_H 1
| #define HAVE_STDLIB_H 1
| #define HAVE_STRING_H 1
| #define HAVE_MEMORY_H 1
| #define HAVE_STRINGS_H 1
| #define HAVE_INTTYPES_H 1
| #define HAVE_STDINT_H 1
| #define HAVE_UNISTD_H 1
| #define HAVE_DLFCN_H 1
| #define LT_OBJDIR ".libs/"
| #define SIZEOF_LONG 4
| /* end confdefs.h.  */
| 
| #ifndef _OPENMP
|  choke me
| #endif
| #include <omp.h>
| int main () { return omp_get_num_threads (); }
| 
configure:12428: i486-TSOL-linux-gnu-gcc -o conftest -Os -Wall -Wdeclaration-after-statement -fno-strict-aliasing -xopenmp  -static-libgcc conftest.c  >&5
i486-TSOL-linux-gnu-gcc: error: language openmp not recognized
i486-TSOL-linux-gnu-gcc: error: language openmp not recognized
configure:12428: $? = 1
configure: failed program was:
| /* confdefs.h */
| #define PACKAGE_NAME "pixman"
| #define PACKAGE_TARNAME "pixman"
| #define PACKAGE_VERSION "0.32.6"
| #define PACKAGE_STRING "pixman 0.32.6"
| #define PACKAGE_BUGREPORT "pixman@lists.freedesktop.org"
| #define PACKAGE_URL ""
| #define PACKAGE "pixman"
| #define VERSION "0.32.6"
| #define STDC_HEADERS 1
| #define HAVE_SYS_TYPES_H 1
| #define HAVE_SYS_STAT_H 1
| #define HAVE_STDLIB_H 1
| #define HAVE_STRING_H 1
| #define HAVE_MEMORY_H 1
| #define HAVE_STRINGS_H 1
| #define HAVE_INTTYPES_H 1
| #define HAVE_STDINT_H 1
| #define HAVE_UNISTD_H 1
| #define HAVE_DLFCN_H 1
| #define LT_OBJDIR ".libs/"
| #define SIZEOF_LONG 4
| /* end confdefs.h.  */
| 
| #ifndef _OPENMP
|  choke me
| #endif
| #include <omp.h>
| int main () { return omp_get_num_threads (); }
| 
configure:12428: i486-TSOL-linux-gnu-gcc -o conftest -Os -Wall -Wdeclaration-after-statement -fno-strict-aliasing -openmp  -static-libgcc conftest.c  >&5
conftest.c:26:2: error: unknown type name 'choke'
conftest.c:28:17: fatal error: omp.h: No such file or directory
compilation terminated.
configure:12428: $? = 1
configure: failed program was:
| /* confdefs.h */
| #define PACKAGE_NAME "pixman"
| #define PACKAGE_TARNAME "pixman"
| #define PACKAGE_VERSION "0.32.6"
| #define PACKAGE_STRING "pixman 0.32.6"
| #define PACKAGE_BUGREPORT "pixman@lists.freedesktop.org"
| #define PACKAGE_URL ""
| #define PACKAGE "pixman"
| #define VERSION "0.32.6"
| #define STDC_HEADERS 1
| #define HAVE_SYS_TYPES_H 1
| #define HAVE_SYS_STAT_H 1
| #define HAVE_STDLIB_H 1
| #define HAVE_STRING_H 1
| #define HAVE_MEMORY_H 1
| #define HAVE_STRINGS_H 1
| #define HAVE_INTTYPES_H 1
| #define HAVE_STDINT_H 1
| #define HAVE_UNISTD_H 1
| #define HAVE_DLFCN_H 1
| #define LT_OBJDIR ".libs/"
| #define SIZEOF_LONG 4
| /* end confdefs.h.  */
| 
| #ifndef _OPENMP
|  choke me
| #endif
| #include <omp.h>
| int main () { return omp_get_num_threads (); }
| 
configure:12428: i486-TSOL-linux-gnu-gcc -o conftest -Os -Wall -Wdeclaration-after-statement -fno-strict-aliasing -mp  -static-libgcc conftest.c  >&5
cc1: error: unrecognized command line option '-mp'
configure:12428: $? = 1
configure: failed program was:
| /* confdefs.h */
| #define PACKAGE_NAME "pixman"
| #define PACKAGE_TARNAME "pixman"
| #define PACKAGE_VERSION "0.32.6"
| #define PACKAGE_STRING "pixman 0.32.6"
| #define PACKAGE_BUGREPORT "pixman@lists.freedesktop.org"
| #define PACKAGE_URL ""
| #define PACKAGE "pixman"
| #define VERSION "0.32.6"
| #define STDC_HEADERS 1
| #define HAVE_SYS_TYPES_H 1
| #define HAVE_SYS_STAT_H 1
| #define HAVE_STDLIB_H 1
| #define HAVE_STRING_H 1
| #define HAVE_MEMORY_H 1
| #define HAVE_STRINGS_H 1
| #define HAVE_INTTYPES_H 1
| #define HAVE_STDINT_H 1
| #define HAVE_UNISTD_H 1
| #define HAVE_DLFCN_H 1
| #define LT_OBJDIR ".libs/"
| #define SIZEOF_LONG 4
| /* end confdefs.h.  */
| 
| #ifndef _OPENMP
|  choke me
| #endif
| #include <omp.h>
| int main () { return omp_get_num_threads (); }
| 
configure:12428: i486-TSOL-linux-gnu-gcc -o conftest -Os -Wall -Wdeclaration-after-statement -fno-strict-aliasing -omp  -static-libgcc conftest.c  >&5
conftest.c:26:2: error: unknown type name 'choke'
conftest.c:28:17: fatal error: omp.h: No such file or directory
compilation terminated.
configure:12428: $? = 1
configure: failed program was:
| /* confdefs.h */
| #define PACKAGE_NAME "pixman"
| #define PACKAGE_TARNAME "pixman"
| #define PACKAGE_VERSION "0.32.6"
| #define PACKAGE_STRING "pixman 0.32.6"
| #define PACKAGE_BUGREPORT "pixman@lists.freedesktop.org"
| #define PACKAGE_URL ""
| #define PACKAGE "pixman"
| #define VERSION "0.32.6"
| #define STDC_HEADERS 1
| #define HAVE_SYS_TYPES_H 1
| #define HAVE_SYS_STAT_H 1
| #define HAVE_STDLIB_H 1
| #define HAVE_STRING_H 1
| #define HAVE_MEMORY_H 1
| #define HAVE_STRINGS_H 1
| #define HAVE_INTTYPES_H 1
| #define HAVE_STDINT_H 1
| #define HAVE_UNISTD_H 1
| #define HAVE_DLFCN_H 1
| #define LT_OBJDIR ".libs/"
| #define SIZEOF_LONG 4
| /* end confdefs.h.  */
| 
| #ifndef _OPENMP
|  choke me
| #endif
| #include <omp.h>
| int main () { return omp_get_num_threads (); }
| 
configure:12428: i486-TSOL-linux-gnu-gcc -o conftest -Os -Wall -Wdeclaration-after-statement -fno-strict-aliasing -qsmp=omp  -static-libgcc conftest.c  >&5
i486-TSOL-linux-gnu-gcc: error: unrecognized option '-qsmp=omp'
configure:12428: $? = 1
configure: failed program was:
| /* confdefs.h */
| #define PACKAGE_NAME "pixman"
| #define PACKAGE_TARNAME "pixman"
| #define PACKAGE_VERSION "0.32.6"
| #define PACKAGE_STRING "pixman 0.32.6"
| #define PACKAGE_BUGREPORT "pixman@lists.freedesktop.org"
| #define PACKAGE_URL ""
| #define PACKAGE "pixman"
| #define VERSION "0.32.6"
| #define STDC_HEADERS 1
| #define HAVE_SYS_TYPES_H 1
| #define HAVE_SYS_STAT_H 1
| #define HAVE_STDLIB_H 1
| #define HAVE_STRING_H 1
| #define HAVE_MEMORY_H 1
| #define HAVE_STRINGS_H 1
| #define HAVE_INTTYPES_H 1
| #define HAVE_STDINT_H 1
| #define HAVE_UNISTD_H 1
| #define HAVE_DLFCN_H 1
| #define LT_OBJDIR ".libs/"
| #define SIZEOF_LONG 4
| /* end confdefs.h.  */
| 
| #ifndef _OPENMP
|  choke me
| #endif
| #include <omp.h>
| int main () { return omp_get_num_threads (); }
| 
configure:12442: result: unsupported
configure:12540: checking whether the compiler supports -fvisibility=hidden
configure:12565: i486-TSOL-linux-gnu-gcc -o conftest -Os -Wall -Wdeclaration-after-statement -fno-strict-aliasing -Werror -fvisibility=hidden  -static-libgcc  conftest.c   >&5
configure:12565: $? = 0
configure:12591: result: yes
configure:12595: checking whether the compiler supports -xldscope=hidden
configure:12617: i486-TSOL-linux-gnu-gcc -o conftest -Os -Wall -Wdeclaration-after-statement -fno-strict-aliasing -fvisibility=hidden -Werror -xldscope=hidden  -static-libgcc  conftest.c   >&5
i486-TSOL-linux-gnu-gcc: error: language ldscope=hidden not recognized
i486-TSOL-linux-gnu-gcc: error: language ldscope=hidden not recognized
configure:12617: $? = 1
configure: failed program was:
| /* confdefs.h */
| #define PACKAGE_NAME "pixman"
| #define PACKAGE_TARNAME "pixman"
| #define PACKAGE_VERSION "0.32.6"
| #define PACKAGE_STRING "pixman 0.32.6"
| #define PACKAGE_BUGREPORT "pixman@lists.freedesktop.org"
| #define PACKAGE_URL ""
| #define PACKAGE "pixman"
| #define VERSION "0.32.6"
| #define STDC_HEADERS 1
| #define HAVE_SYS_TYPES_H 1
| #define HAVE_SYS_STAT_H 1
| #define HAVE_STDLIB_H 1
| #define HAVE_STRING_H 1
| #define HAVE_MEMORY_H 1
| #define HAVE_STRINGS_H 1
| #define HAVE_INTTYPES_H 1
| #define HAVE_STDINT_H 1
| #define HAVE_UNISTD_H 1
| #define HAVE_DLFCN_H 1
| #define LT_OBJDIR ".libs/"
| #define SIZEOF_LONG 4
| /* end confdefs.h.  */
| #if defined(__SUNPRO_C) && (__SUNPRO_C >= 0x550)
| #else
| #error Need Sun Studio 8 for visibility
| #endif
| 
| 		 int main(int c, char **v) { (void)c; (void)v; return 0; }
| 
configure:12643: result: no
configure:12653: checking whether to use Loongson MMI assembler
configure:12678: i486-TSOL-linux-gnu-gcc -o conftest  -march=loongson2f -Os -Wall -Wdeclaration-after-statement -fno-strict-aliasing -fvisibility=hidden -I.  -static-libgcc conftest.c  >&5
conftest.c:1:0: error: bad value (loongson2f) for -march= switch
configure:12678: $? = 1
configure: failed program was:
| /* confdefs.h */
| #define PACKAGE_NAME "pixman"
| #define PACKAGE_TARNAME "pixman"
| #define PACKAGE_VERSION "0.32.6"
| #define PACKAGE_STRING "pixman 0.32.6"
| #define PACKAGE_BUGREPORT "pixman@lists.freedesktop.org"
| #define PACKAGE_URL ""
| #define PACKAGE "pixman"
| #define VERSION "0.32.6"
| #define STDC_HEADERS 1
| #define HAVE_SYS_TYPES_H 1
| #define HAVE_SYS_STAT_H 1
| #define HAVE_STDLIB_H 1
| #define HAVE_STRING_H 1
| #define HAVE_MEMORY_H 1
| #define HAVE_STRINGS_H 1
| #define HAVE_INTTYPES_H 1
| #define HAVE_STDINT_H 1
| #define HAVE_UNISTD_H 1
| #define HAVE_DLFCN_H 1
| #define LT_OBJDIR ".libs/"
| #define SIZEOF_LONG 4
| /* end confdefs.h.  */
| 
| #ifndef __mips_loongson_vector_rev
| #error "Loongson Multimedia Instructions are only available on Loongson"
| #endif
| #if defined(__GNUC__) && (__GNUC__ < 4 || (__GNUC__ == 4 && __GNUC_MINOR__ < 4))
| #error "Need GCC >= 4.4 for Loongson MMI compilation"
| #endif
| #include "pixman/loongson-mmintrin.h"
| int main () {
|     union {
|         __m64 v;
|         char c[8];
|     } a = { .c = {1, 2, 3, 4, 5, 6, 7, 8} };
|     int b = 4;
|     __m64 c = _mm_srli_pi16 (a.v, b);
|     return 0;
| }
configure:12705: result: no
configure:12735: checking whether to use MMX intrinsics
configure:12765: i486-TSOL-linux-gnu-gcc -c -mmmx -Winline -Os -Wall -Wdeclaration-after-statement -fno-strict-aliasing -fvisibility=hidden  conftest.c >&5
configure:12765: $? = 0
configure:12791: result: yes
configure:12819: checking whether to use SSE2 intrinsics
configure:12841: i486-TSOL-linux-gnu-gcc -c -msse2 -Winline -Os -Wall -Wdeclaration-after-statement -fno-strict-aliasing -fvisibility=hidden  conftest.c >&5
conftest.c: In function 'main':
conftest.c:35:61: warning: variable 'c' set but not used [-Wunused-but-set-variable]
configure:12841: $? = 0
configure:12865: result: yes
configure:12886: checking whether to use SSSE3 intrinsics
configure:12904: i486-TSOL-linux-gnu-gcc -c -mssse3 -Winline -Os -Wall -Wdeclaration-after-statement -fno-strict-aliasing -fvisibility=hidden  conftest.c >&5
conftest.c: In function 'main':
conftest.c:32:61: warning: variable 'c' set but not used [-Wunused-but-set-variable]
configure:12904: $? = 0
configure:12928: result: yes
configure:12995: checking whether to use VMX/Altivec intrinsics
configure:13012: i486-TSOL-linux-gnu-gcc -c -maltivec -mabi=altivec -Os -Wall -Wdeclaration-after-statement -fno-strict-aliasing -fvisibility=hidden  conftest.c >&5
cc1: error: unrecognized command line option '-maltivec'
conftest.c:1:0: error: unknown ABI (altivec) for -mabi= switch
configure:13012: $? = 1
configure: failed program was:
| /* confdefs.h */
| #define PACKAGE_NAME "pixman"
| #define PACKAGE_TARNAME "pixman"
| #define PACKAGE_VERSION "0.32.6"
| #define PACKAGE_STRING "pixman 0.32.6"
| #define PACKAGE_BUGREPORT "pixman@lists.freedesktop.org"
| #define PACKAGE_URL ""
| #define PACKAGE "pixman"
| #define VERSION "0.32.6"
| #define STDC_HEADERS 1
| #define HAVE_SYS_TYPES_H 1
| #define HAVE_SYS_STAT_H 1
| #define HAVE_STDLIB_H 1
| #define HAVE_STRING_H 1
| #define HAVE_MEMORY_H 1
| #define HAVE_STRINGS_H 1
| #define HAVE_INTTYPES_H 1
| #define HAVE_STDINT_H 1
| #define HAVE_UNISTD_H 1
| #define HAVE_DLFCN_H 1
| #define LT_OBJDIR ".libs/"
| #define SIZEOF_LONG 4
| #define USE_X86_MMX 1
| #define USE_SSE2 1
| #define USE_SSSE3 1
| /* end confdefs.h.  */
| 
| #if defined(__GNUC__) && (__GNUC__ < 3 || (__GNUC__ == 3 && __GNUC_MINOR__ < 4))
| #error "Need GCC >= 3.4 for sane altivec support"
| #endif
| #include <altivec.h>
| int main () {
|     vector unsigned int v = vec_splat_u32 (1);
|     v = vec_sub (v, v);
|     return 0;
| }
configure:13038: result: no
configure:13056: checking whether to use ARM SIMD assembler
configure:13074: i486-TSOL-linux-gnu-gcc -c -x assembler-with-cpp -Os -Wall -Wdeclaration-after-statement -fno-strict-aliasing -fvisibility=hidden  conftest.c >&5
conftest.c:34:2: error: #error EABI is required (to be sure that calling conventions are compatible)
configure:13074: $? = 1
configure: failed program was:
| /* confdefs.h */
| #define PACKAGE_NAME "pixman"
| #define PACKAGE_TARNAME "pixman"
| #define PACKAGE_VERSION "0.32.6"
| #define PACKAGE_STRING "pixman 0.32.6"
| #define PACKAGE_BUGREPORT "pixman@lists.freedesktop.org"
| #define PACKAGE_URL ""
| #define PACKAGE "pixman"
| #define VERSION "0.32.6"
| #define STDC_HEADERS 1
| #define HAVE_SYS_TYPES_H 1
| #define HAVE_SYS_STAT_H 1
| #define HAVE_STDLIB_H 1
| #define HAVE_STRING_H 1
| #define HAVE_MEMORY_H 1
| #define HAVE_STRINGS_H 1
| #define HAVE_INTTYPES_H 1
| #define HAVE_STDINT_H 1
| #define HAVE_UNISTD_H 1
| #define HAVE_DLFCN_H 1
| #define LT_OBJDIR ".libs/"
| #define SIZEOF_LONG 4
| #define USE_X86_MMX 1
| #define USE_SSE2 1
| #define USE_SSSE3 1
| /* end confdefs.h.  */
| 
| .text
| .arch armv6
| .object_arch armv4
| .arm
| .altmacro
| #ifndef __ARM_EABI__
| #error EABI is required (to be sure that calling conventions are compatible)
| #endif
| pld [r0]
| uqadd8 r0, r0, r0
configure:13107: result: no
configure:13114: checking whether to use ARM NEON assembler
configure:13134: i486-TSOL-linux-gnu-gcc -c -x assembler-with-cpp -Os -Wall -Wdeclaration-after-statement -fno-strict-aliasing -fvisibility=hidden  conftest.c >&5
conftest.c:36:2: error: #error EABI is required (to be sure that calling conventions are compatible)
configure:13134: $? = 1
configure: failed program was:
| /* confdefs.h */
| #define PACKAGE_NAME "pixman"
| #define PACKAGE_TARNAME "pixman"
| #define PACKAGE_VERSION "0.32.6"
| #define PACKAGE_STRING "pixman 0.32.6"
| #define PACKAGE_BUGREPORT "pixman@lists.freedesktop.org"
| #define PACKAGE_URL ""
| #define PACKAGE "pixman"
| #define VERSION "0.32.6"
| #define STDC_HEADERS 1
| #define HAVE_SYS_TYPES_H 1
| #define HAVE_SYS_STAT_H 1
| #define HAVE_STDLIB_H 1
| #define HAVE_STRING_H 1
| #define HAVE_MEMORY_H 1
| #define HAVE_STRINGS_H 1
| #define HAVE_INTTYPES_H 1
| #define HAVE_STDINT_H 1
| #define HAVE_UNISTD_H 1
| #define HAVE_DLFCN_H 1
| #define LT_OBJDIR ".libs/"
| #define SIZEOF_LONG 4
| #define USE_X86_MMX 1
| #define USE_SSE2 1
| #define USE_SSSE3 1
| /* end confdefs.h.  */
| 
| .text
| .fpu neon
| .arch armv7a
| .object_arch armv4
| .eabi_attribute 10, 0
| .arm
| .altmacro
| #ifndef __ARM_EABI__
| #error EABI is required (to be sure that calling conventions are compatible)
| #endif
| pld [r0]
| vmovn.u16 d0, q0
configure:13167: result: no
configure:13198: checking whether to use ARM IWMMXT intrinsics
configure:13224: i486-TSOL-linux-gnu-gcc -c -Os -Wall -Wdeclaration-after-statement -fno-strict-aliasing -fvisibility=hidden -flax-vector-conversions -Winline -march=iwmmxt2  conftest.c >&5
conftest.c:1:0: error: bad value (iwmmxt2) for -march= switch
configure:13224: $? = 1
configure: failed program was:
| /* confdefs.h */
| #define PACKAGE_NAME "pixman"
| #define PACKAGE_TARNAME "pixman"
| #define PACKAGE_VERSION "0.32.6"
| #define PACKAGE_STRING "pixman 0.32.6"
| #define PACKAGE_BUGREPORT "pixman@lists.freedesktop.org"
| #define PACKAGE_URL ""
| #define PACKAGE "pixman"
| #define VERSION "0.32.6"
| #define STDC_HEADERS 1
| #define HAVE_SYS_TYPES_H 1
| #define HAVE_SYS_STAT_H 1
| #define HAVE_STDLIB_H 1
| #define HAVE_STRING_H 1
| #define HAVE_MEMORY_H 1
| #define HAVE_STRINGS_H 1
| #define HAVE_INTTYPES_H 1
| #define HAVE_STDINT_H 1
| #define HAVE_UNISTD_H 1
| #define HAVE_DLFCN_H 1
| #define LT_OBJDIR ".libs/"
| #define SIZEOF_LONG 4
| #define USE_X86_MMX 1
| #define USE_SSE2 1
| #define USE_SSSE3 1
| /* end confdefs.h.  */
| 
| #ifndef __arm__
| #error "IWMMXT is only available on ARM"
| #endif
| #ifndef __IWMMXT__
| #error "IWMMXT not enabled (with -march=iwmmxt)"
| #endif
| #if defined(__GNUC__) && (__GNUC__ < 4 || (__GNUC__ == 4 && __GNUC_MINOR__ < 8))
| #error "Need GCC >= 4.8 for IWMMXT intrinsics"
| #endif
| #include <mmintrin.h>
| int main () {
| 	union {
| 		__m64 v;
| 		char c[8];
| 	} a = { .c = {1, 2, 3, 4, 5, 6, 7, 8} };
| 	int b = 4;
| 	__m64 c = _mm_srli_si64 (a.v, b);
| }
configure:13242: result: no
configure:13259: checking whether to use MIPS DSPr2 assembler
configure:13282: i486-TSOL-linux-gnu-gcc -c -mdspr2 -Os -Wall -Wdeclaration-after-statement -fno-strict-aliasing -fvisibility=hidden  conftest.c >&5
cc1: error: unrecognized command line option '-mdspr2'
configure:13282: $? = 1
configure: failed program was:
| /* confdefs.h */
| #define PACKAGE_NAME "pixman"
| #define PACKAGE_TARNAME "pixman"
| #define PACKAGE_VERSION "0.32.6"
| #define PACKAGE_STRING "pixman 0.32.6"
| #define PACKAGE_BUGREPORT "pixman@lists.freedesktop.org"
| #define PACKAGE_URL ""
| #define PACKAGE "pixman"
| #define VERSION "0.32.6"
| #define STDC_HEADERS 1
| #define HAVE_SYS_TYPES_H 1
| #define HAVE_SYS_STAT_H 1
| #define HAVE_STDLIB_H 1
| #define HAVE_STRING_H 1
| #define HAVE_MEMORY_H 1
| #define HAVE_STRINGS_H 1
| #define HAVE_INTTYPES_H 1
| #define HAVE_STDINT_H 1
| #define HAVE_UNISTD_H 1
| #define HAVE_DLFCN_H 1
| #define LT_OBJDIR ".libs/"
| #define SIZEOF_LONG 4
| #define USE_X86_MMX 1
| #define USE_SSE2 1
| #define USE_SSSE3 1
| /* end confdefs.h.  */
| 
| #if !(defined(__mips__) &&  __mips_isa_rev >= 2)
| #error MIPS DSPr2 is currently only available on MIPS32r2 platforms.
| #endif
| int
| main ()
| {
|     int c = 0, a = 0, b = 0;
|     __asm__ __volatile__ (
|         "precr.qb.ph %[c], %[a], %[b]          \n\t"
|         : [c] "=r" (c)
|         : [a] "r" (a), [b] "r" (b)
|     );
|     return c;
| }
configure:13315: result: no
configure:13323: checking whether to use GNU-style inline assembler
configure:13334: i486-TSOL-linux-gnu-gcc -c -Os -Wall -Wdeclaration-after-statement -fno-strict-aliasing -fvisibility=hidden  conftest.c >&5
configure:13334: $? = 0
configure:13357: result: yes
configure:13465: checking for pkg-config
configure:13483: found /usr/bin/pkg-config
configure:13495: result: /usr/bin/pkg-config
configure:13520: checking pkg-config is at least version 0.9.0
configure:13523: result: yes
configure:13672: checking for pixman_version_string in -lpixman-1
configure:13697: i486-TSOL-linux-gnu-gcc -o conftest -Os -Wall -Wdeclaration-after-statement -fno-strict-aliasing -fvisibility=hidden  -static-libgcc conftest.c -lpixman-1   >&5
/toolchain/lib/gcc/i486-TSOL-linux-gnu/4.6.3/../../../../i486-TSOL-linux-gnu/bin/ld: cannot find -lpixman-1
collect2: ld returned 1 exit status
configure:13697: $? = 1
configure: failed program was:
| /* confdefs.h */
| #define PACKAGE_NAME "pixman"
| #define PACKAGE_TARNAME "pixman"
| #define PACKAGE_VERSION "0.32.6"
| #define PACKAGE_STRING "pixman 0.32.6"
| #define PACKAGE_BUGREPORT "pixman@lists.freedesktop.org"
| #define PACKAGE_URL ""
| #define PACKAGE "pixman"
| #define VERSION "0.32.6"
| #define STDC_HEADERS 1
| #define HAVE_SYS_TYPES_H 1
| #define HAVE_SYS_STAT_H 1
| #define HAVE_STDLIB_H 1
| #define HAVE_STRING_H 1
| #define HAVE_MEMORY_H 1
| #define HAVE_STRINGS_H 1
| #define HAVE_INTTYPES_H 1
| #define HAVE_STDINT_H 1
| #define HAVE_UNISTD_H 1
| #define HAVE_DLFCN_H 1
| #define LT_OBJDIR ".libs/"
| #define SIZEOF_LONG 4
| #define USE_X86_MMX 1
| #define USE_SSE2 1
| #define USE_SSSE3 1
| #define USE_GCC_INLINE_ASM 1
| /* end confdefs.h.  */
| 
| /* Override any GCC internal prototype to avoid an error.
|    Use char because int might match the return type of a GCC
|    builtin and then its argument prototype would still apply.  */
| #ifdef __cplusplus
| extern "C"
| #endif
| char pixman_version_string ();
| int
| main ()
| {
| return pixman_version_string ();
|   ;
|   return 0;
| }
configure:13706: result: no
configure:13801: checking for posix_memalign
configure:13801: i486-TSOL-linux-gnu-gcc -o conftest -Os -Wall -Wdeclaration-after-statement -fno-strict-aliasing -fvisibility=hidden  -static-libgcc conftest.c  >&5
configure:13801: $? = 0
configure:13801: result: yes
configure:13814: checking for sigaction
configure:13814: i486-TSOL-linux-gnu-gcc -o conftest -Os -Wall -Wdeclaration-after-statement -fno-strict-aliasing -fvisibility=hidden  -static-libgcc conftest.c  >&5
configure:13814: $? = 0
configure:13814: result: yes
configure:13827: checking for alarm
configure:13827: i486-TSOL-linux-gnu-gcc -o conftest -Os -Wall -Wdeclaration-after-statement -fno-strict-aliasing -fvisibility=hidden  -static-libgcc conftest.c  >&5
configure:13827: $? = 0
configure:13827: result: yes
configure:13840: checking sys/mman.h usability
configure:13840: i486-TSOL-linux-gnu-gcc -c -Os -Wall -Wdeclaration-after-statement -fno-strict-aliasing -fvisibility=hidden  conftest.c >&5
configure:13840: $? = 0
configure:13840: result: yes
configure:13840: checking sys/mman.h presence
configure:13840: i486-TSOL-linux-gnu-gcc -E  conftest.c
configure:13840: $? = 0
configure:13840: result: yes
configure:13840: checking for sys/mman.h
configure:13840: result: yes
configure:13849: checking for mmap
configure:13849: i486-TSOL-linux-gnu-gcc -o conftest -Os -Wall -Wdeclaration-after-statement -fno-strict-aliasing -fvisibility=hidden  -static-libgcc conftest.c  >&5
configure:13849: $? = 0
configure:13849: result: yes
configure:13862: checking for mprotect
configure:13862: i486-TSOL-linux-gnu-gcc -o conftest -Os -Wall -Wdeclaration-after-statement -fno-strict-aliasing -fvisibility=hidden  -static-libgcc conftest.c  >&5
configure:13862: $? = 0
configure:13862: result: yes
configure:13875: checking for getpagesize
configure:13875: i486-TSOL-linux-gnu-gcc -o conftest -Os -Wall -Wdeclaration-after-statement -fno-strict-aliasing -fvisibility=hidden  -static-libgcc conftest.c  >&5
configure:13875: $? = 0
configure:13875: result: yes
configure:13888: checking fenv.h usability
configure:13888: i486-TSOL-linux-gnu-gcc -c -Os -Wall -Wdeclaration-after-statement -fno-strict-aliasing -fvisibility=hidden  conftest.c >&5
configure:13888: $? = 0
configure:13888: result: yes
configure:13888: checking fenv.h presence
configure:13888: i486-TSOL-linux-gnu-gcc -E  conftest.c
configure:13888: $? = 0
configure:13888: result: yes
configure:13888: checking for fenv.h
configure:13888: result: yes
configure:13897: checking for feenableexcept in -lm
configure:13922: i486-TSOL-linux-gnu-gcc -o conftest -Os -Wall -Wdeclaration-after-statement -fno-strict-aliasing -fvisibility=hidden  -static-libgcc conftest.c -lm   >&5
configure:13922: $? = 0
configure:13931: result: yes
configure:13945: checking for gettimeofday
configure:13945: i486-TSOL-linux-gnu-gcc -o conftest -Os -Wall -Wdeclaration-after-statement -fno-strict-aliasing -fvisibility=hidden  -static-libgcc conftest.c  >&5
configure:13945: $? = 0
configure:13945: result: yes
configure:13952: checking sys/time.h usability
configure:13952: i486-TSOL-linux-gnu-gcc -c -Os -Wall -Wdeclaration-after-statement -fno-strict-aliasing -fvisibility=hidden  conftest.c >&5
configure:13952: $? = 0
configure:13952: result: yes
configure:13952: checking sys/time.h presence
configure:13952: i486-TSOL-linux-gnu-gcc -E  conftest.c
configure:13952: $? = 0
configure:13952: result: yes
configure:13952: checking for sys/time.h
configure:13952: result: yes
configure:13967: checking for library containing sqrtf
configure:13998: i486-TSOL-linux-gnu-gcc -o conftest -Os -Wall -Wdeclaration-after-statement -fno-strict-aliasing -fvisibility=hidden  -static-libgcc conftest.c  >&5
conftest.c:45:6: warning: conflicting types for built-in function 'sqrtf' [enabled by default]
/tmp/cc2piU79.o: In function `main':
conftest.c:(.text.startup+0x10): undefined reference to `sqrtf'
collect2: ld returned 1 exit status
configure:13998: $? = 1
configure: failed program was:
| /* confdefs.h */
| #define PACKAGE_NAME "pixman"
| #define PACKAGE_TARNAME "pixman"
| #define PACKAGE_VERSION "0.32.6"
| #define PACKAGE_STRING "pixman 0.32.6"
| #define PACKAGE_BUGREPORT "pixman@lists.freedesktop.org"
| #define PACKAGE_URL ""
| #define PACKAGE "pixman"
| #define VERSION "0.32.6"
| #define STDC_HEADERS 1
| #define HAVE_SYS_TYPES_H 1
| #define HAVE_SYS_STAT_H 1
| #define HAVE_STDLIB_H 1
| #define HAVE_STRING_H 1
| #define HAVE_MEMORY_H 1
| #define HAVE_STRINGS_H 1
| #define HAVE_INTTYPES_H 1
| #define HAVE_STDINT_H 1
| #define HAVE_UNISTD_H 1
| #define HAVE_DLFCN_H 1
| #define LT_OBJDIR ".libs/"
| #define SIZEOF_LONG 4
| #define USE_X86_MMX 1
| #define USE_SSE2 1
| #define USE_SSSE3 1
| #define USE_GCC_INLINE_ASM 1
| #define HAVE_POSIX_MEMALIGN 1
| #define HAVE_SIGACTION 1
| #define HAVE_ALARM 1
| #define HAVE_SYS_MMAN_H 1
| #define HAVE_MMAP 1
| #define HAVE_MPROTECT 1
| #define HAVE_GETPAGESIZE 1
| #define HAVE_FENV_H 1
| #define HAVE_FEENABLEEXCEPT 1
| #define HAVE_GETTIMEOFDAY 1
| /* end confdefs.h.  */
| 
| /* Override any GCC internal prototype to avoid an error.
|    Use char because int might match the return type of a GCC
|    builtin and then its argument prototype would still apply.  */
| #ifdef __cplusplus
| extern "C"
| #endif
| char sqrtf ();
| int
| main ()
| {
| return sqrtf ();
|   ;
|   return 0;
| }
configure:13998: i486-TSOL-linux-gnu-gcc -o conftest -Os -Wall -Wdeclaration-after-statement -fno-strict-aliasing -fvisibility=hidden  -static-libgcc conftest.c -lm   >&5
conftest.c:45:6: warning: conflicting types for built-in function 'sqrtf' [enabled by default]
configure:13998: $? = 0
configure:14015: result: -lm
configure:14029: checking for thread local storage (TLS) support
configure:14057: i486-TSOL-linux-gnu-gcc -c -Os -Wall -Wdeclaration-after-statement -fno-strict-aliasing -fvisibility=hidden  conftest.c >&5
configure:14057: $? = 0
configure:14065: result: __thread
configure:14083: checking for pthreads
configure:14133: i486-TSOL-linux-gnu-gcc -o conftest -Os -Wall -Wdeclaration-after-statement -fno-strict-aliasing -fvisibility=hidden -pthread  -static-libgcc -pthread conftest.c -lm   >&5
configure:14133: $? = 0
configure:14321: result: yes
configure:14333: checking for __attribute__((constructor))
configure:14350: i486-TSOL-linux-gnu-gcc -o conftest -Os -Wall -Wdeclaration-after-statement -fno-strict-aliasing -fvisibility=hidden  -static-libgcc conftest.c -lm  >&5
configure:14350: $? = 0
configure:14362: result: yes
configure:14369: checking for __float128
configure:14377: i486-TSOL-linux-gnu-gcc -o conftest -Os -Wall -Wdeclaration-after-statement -fno-strict-aliasing -fvisibility=hidden  -static-libgcc conftest.c -lm  >&5
configure:14377: $? = 0
configure:14389: result: yes
configure:14395: checking for __builtin_clz
configure:14403: i486-TSOL-linux-gnu-gcc -o conftest -Os -Wall -Wdeclaration-after-statement -fno-strict-aliasing -fvisibility=hidden  -static-libgcc conftest.c -lm  >&5
configure:14403: $? = 0
configure:14415: result: yes
configure:14421: checking for GCC vector extensions
configure:14430: i486-TSOL-linux-gnu-gcc -o conftest -Os -Wall -Wdeclaration-after-statement -fno-strict-aliasing -fvisibility=hidden  -static-libgcc conftest.c -lm  >&5
conftest.c: In function 'main':
conftest.c:45:1: error: can't convert between vector values of different size
configure:14430: $? = 1
configure: failed program was:
| /* confdefs.h */
| #define PACKAGE_NAME "pixman"
| #define PACKAGE_TARNAME "pixman"
| #define PACKAGE_VERSION "0.32.6"
| #define PACKAGE_STRING "pixman 0.32.6"
| #define PACKAGE_BUGREPORT "pixman@lists.freedesktop.org"
| #define PACKAGE_URL ""
| #define PACKAGE "pixman"
| #define VERSION "0.32.6"
| #define STDC_HEADERS 1
| #define HAVE_SYS_TYPES_H 1
| #define HAVE_SYS_STAT_H 1
| #define HAVE_STDLIB_H 1
| #define HAVE_STRING_H 1
| #define HAVE_MEMORY_H 1
| #define HAVE_STRINGS_H 1
| #define HAVE_INTTYPES_H 1
| #define HAVE_STDINT_H 1
| #define HAVE_UNISTD_H 1
| #define HAVE_DLFCN_H 1
| #define LT_OBJDIR ".libs/"
| #define SIZEOF_LONG 4
| #define USE_X86_MMX 1
| #define USE_SSE2 1
| #define USE_SSSE3 1
| #define USE_GCC_INLINE_ASM 1
| #define HAVE_POSIX_MEMALIGN 1
| #define HAVE_SIGACTION 1
| #define HAVE_ALARM 1
| #define HAVE_SYS_MMAN_H 1
| #define HAVE_MMAP 1
| #define HAVE_MPROTECT 1
| #define HAVE_GETPAGESIZE 1
| #define HAVE_FENV_H 1
| #define HAVE_FEENABLEEXCEPT 1
| #define HAVE_GETTIMEOFDAY 1
| #define TLS __thread
| #define HAVE_PTHREADS /**/
| #define TOOLCHAIN_SUPPORTS_ATTRIBUTE_CONSTRUCTOR /**/
| #define HAVE_FLOAT128 /**/
| #define HAVE_BUILTIN_CLZ /**/
| /* end confdefs.h.  */
| 
| unsigned int __attribute__ ((vector_size(16))) e, a, b;
| int main (void) { e = a - ((b << 27) + (b >> (32 - 27))) + 1; return e[0]; }
| 
configure:14442: result: no
configure:14549: checking for PNG
configure:14556: $PKG_CONFIG --exists --print-errors "libpng"
configure:14559: $? = 0
configure:14572: $PKG_CONFIG --exists --print-errors "libpng"
configure:14575: $? = 0
configure:14612: result: yes
configure:14737: checking that generated files are newer than configure
configure:14743: result: done
configure:14815: creating ./config.status

## ---------------------- ##
## Running config.status. ##
## ---------------------- ##

This file was extended by pixman config.status 0.32.6, which was
generated by GNU Autoconf 2.68.  Invocation command line was

  CONFIG_FILES    = 
  CONFIG_HEADERS  = 
  CONFIG_LINKS    = 
  CONFIG_COMMANDS = 
  $ ./config.status 

on ubuntu4

config.status:1173: creating pixman-1.pc
config.status:1173: creating pixman-1-uninstalled.pc
config.status:1173: creating Makefile
config.status:1173: creating pixman/Makefile
config.status:1173: creating pixman/pixman-version.h
config.status:1173: creating demos/Makefile
config.status:1173: creating test/Makefile
config.status:1173: creating config.h
config.status:1402: executing depfiles commands
config.status:1402: executing libtool commands

## ---------------- ##
## Cache variables. ##
## ---------------- ##

ac_cv_build=i686-pc-linux-gnu
ac_cv_c_bigendian=no
ac_cv_c_compiler_gnu=yes
ac_cv_c_inline=inline
ac_cv_env_CCASFLAGS_set=
ac_cv_env_CCASFLAGS_value=
ac_cv_env_CCAS_set=
ac_cv_env_CCAS_value=
ac_cv_env_CC_set=set
ac_cv_env_CC_value=i486-TSOL-linux-gnu-gcc
ac_cv_env_CFLAGS_set=set
ac_cv_env_CFLAGS_value=-Os
ac_cv_env_CPPFLAGS_set=
ac_cv_env_CPPFLAGS_value=
ac_cv_env_CPP_set=
ac_cv_env_CPP_value=
ac_cv_env_GTK_CFLAGS_set=
ac_cv_env_GTK_CFLAGS_value=
ac_cv_env_GTK_LIBS_set=
ac_cv_env_GTK_LIBS_value=
ac_cv_env_LDFLAGS_set=set
ac_cv_env_LDFLAGS_value=-static-libgcc
ac_cv_env_LIBS_set=
ac_cv_env_LIBS_value=
ac_cv_env_PKG_CONFIG_LIBDIR_set=
ac_cv_env_PKG_CONFIG_LIBDIR_value=
ac_cv_env_PKG_CONFIG_PATH_set=set
ac_cv_env_PKG_CONFIG_PATH_value=/usr/xorg/share/pkgconfig:/usr/xorg/lib/pkgconfig:/usr/xorg/lib/pkgconfig:/usr/xorg/share/pkgconfig:/usr/xorg/lib/pkgconfig:/usr/xorg/share/pkgconfig:
ac_cv_env_PKG_CONFIG_set=
ac_cv_env_PKG_CONFIG_value=
ac_cv_env_PNG_CFLAGS_set=
ac_cv_env_PNG_CFLAGS_value=
ac_cv_env_PNG_LIBS_set=
ac_cv_env_PNG_LIBS_value=
ac_cv_env_build_alias_set=
ac_cv_env_build_alias_value=
ac_cv_env_host_alias_set=
ac_cv_env_host_alias_value=
ac_cv_env_target_alias_set=
ac_cv_env_target_alias_value=
ac_cv_func_alarm=yes
ac_cv_func_getisax=no
ac_cv_func_getpagesize=yes
ac_cv_func_gettimeofday=yes
ac_cv_func_mmap=yes
ac_cv_func_mprotect=yes
ac_cv_func_posix_memalign=yes
ac_cv_func_sigaction=yes
ac_cv_have_decl___SUNPRO_C=no
ac_cv_have_decl___amd64=no
ac_cv_header_dlfcn_h=yes
ac_cv_header_fenv_h=yes
ac_cv_header_inttypes_h=yes
ac_cv_header_memory_h=yes
ac_cv_header_stdc=yes
ac_cv_header_stdint_h=yes
ac_cv_header_stdlib_h=yes
ac_cv_header_string_h=yes
ac_cv_header_strings_h=yes
ac_cv_header_sys_mman_h=yes
ac_cv_header_sys_stat_h=yes
ac_cv_header_sys_time_h=yes
ac_cv_header_sys_types_h=yes
ac_cv_header_unistd_h=yes
ac_cv_host=i686-pc-linux-gnu
ac_cv_lib_m_feenableexcept=yes
ac_cv_lib_pixman_1_pixman_version_string=no
ac_cv_objext=o
ac_cv_path_EGREP='/usr/bin/grep -E'
ac_cv_path_FGREP='/usr/bin/grep -F'
ac_cv_path_GREP=/usr/bin/grep
ac_cv_path_SED=/usr/bin/sed
ac_cv_path_ac_pt_PKG_CONFIG=/usr/bin/pkg-config
ac_cv_path_install='/bin/install -c'
ac_cv_path_mkdir=/bin/mkdir
ac_cv_prog_AWK=gawk
ac_cv_prog_CPP='i486-TSOL-linux-gnu-gcc -E'
ac_cv_prog_ac_ct_AR=ar
ac_cv_prog_ac_ct_CC=i486-TSOL-linux-gnu-gcc
ac_cv_prog_ac_ct_OBJDUMP=objdump
ac_cv_prog_ac_ct_RANLIB=ranlib
ac_cv_prog_ac_ct_STRIP=strip
ac_cv_prog_c_openmp=unsupported
ac_cv_prog_cc_c89=
ac_cv_prog_cc_g=yes
ac_cv_prog_make_make_set=yes
ac_cv_search_sqrtf=-lm
ac_cv_sizeof_long=4
ac_cv_tls=__thread
am_cv_CCAS_dependencies_compiler_type=gcc3
am_cv_CC_dependencies_compiler_type=gcc3
am_cv_make_support_nested_variables=yes
lt_cv_ar_at_file=@
lt_cv_archive_cmds_need_lc=no
lt_cv_deplibs_check_method=pass_all
lt_cv_file_magic_cmd='$MAGIC_CMD'
lt_cv_file_magic_test_file=
lt_cv_ld_reload_flag=-r
lt_cv_nm_interface='BSD nm'
lt_cv_objdir=.libs
lt_cv_path_LD=i486-TSOL-linux-gnu-ld
lt_cv_path_NM='/toolchain/i486-TSOL-linux-gnu/bin//nm -B'
lt_cv_path_mainfest_tool=no
lt_cv_prog_compiler_c_o=yes
lt_cv_prog_compiler_pic='-fPIC -DPIC'
lt_cv_prog_compiler_pic_works=yes
lt_cv_prog_compiler_rtti_exceptions=no
lt_cv_prog_compiler_static_works=yes
lt_cv_prog_gnu_ld=yes
lt_cv_sharedlib_from_linklib_cmd='printf %s\n'
lt_cv_shlibpath_overrides_runpath=yes
lt_cv_sys_global_symbol_pipe='sed -n -e '\''s/^.*[	 ]\([ABCDGIRSTW][ABCDGIRSTW]*\)[	 ][	 ]*\([_A-Za-z][_A-Za-z0-9]*\)$/\1 \2 \2/p'\'' | sed '\''/ __gnu_lto/d'\'''
lt_cv_sys_global_symbol_to_c_name_address='sed -n -e '\''s/^: \([^ ]*\)[ ]*$/  {\"\1\", (void *) 0},/p'\'' -e '\''s/^[ABCDGIRSTW]* \([^ ]*\) \([^ ]*\)$/  {"\2", (void *) \&\2},/p'\'''
lt_cv_sys_global_symbol_to_c_name_address_lib_prefix='sed -n -e '\''s/^: \([^ ]*\)[ ]*$/  {\"\1\", (void *) 0},/p'\'' -e '\''s/^[ABCDGIRSTW]* \([^ ]*\) \(lib[^ ]*\)$/  {"\2", (void *) \&\2},/p'\'' -e '\''s/^[ABCDGIRSTW]* \([^ ]*\) \([^ ]*\)$/  {"lib\2", (void *) \&\2},/p'\'''
lt_cv_sys_global_symbol_to_cdecl='sed -n -e '\''s/^T .* \(.*\)$/extern int \1();/p'\'' -e '\''s/^[ABCDGIRSTW]* .* \(.*\)$/extern char \1;/p'\'''
lt_cv_sys_max_cmd_len=1572864
lt_cv_to_host_file_cmd=func_convert_file_noop
lt_cv_to_tool_file_cmd=func_convert_file_noop
pkg_cv_PNG_CFLAGS='-I/usr/include/libpng12  '
pkg_cv_PNG_LIBS='-lpng12  '

## ----------------- ##
## Output variables. ##
## ----------------- ##

ACLOCAL='aclocal -I/usr/xorg/share/aclocal -I /usr/xorg/share/aclocal'
AMDEPBACKSLASH='\'
AMDEP_FALSE='#'
AMDEP_TRUE=''
AMTAR='$${TAR-tar}'
AM_BACKSLASH='\'
AM_DEFAULT_V='$(AM_DEFAULT_VERBOSITY)'
AM_DEFAULT_VERBOSITY='0'
AM_V='$(V)'
AR='ar'
AUTOCONF='autoconf'
AUTOHEADER='autoheader'
AUTOMAKE='automake-1.13'
AWK='gawk'
CC='i486-TSOL-linux-gnu-gcc'
CCAS='i486-TSOL-linux-gnu-gcc'
CCASDEPMODE='depmode=gcc3'
CCASFLAGS='-Os'
CCDEPMODE='depmode=gcc3'
CFLAGS='-Os -Wall -Wdeclaration-after-statement -fno-strict-aliasing -fvisibility=hidden'
CPP='i486-TSOL-linux-gnu-gcc -E'
CPPFLAGS=''
CYGPATH_W='echo'
DEFS='-DHAVE_CONFIG_H'
DEPDIR='.deps'
DLLTOOL='false'
DSYMUTIL=''
DUMPBIN=''
ECHO_C=''
ECHO_N='-n'
ECHO_T=''
EGREP='/usr/bin/grep -E'
EXEEXT=''
FGREP='/usr/bin/grep -F'
GREP='/usr/bin/grep'
GTK_CFLAGS=''
GTK_LIBS=''
HAVE_GTK_FALSE=''
HAVE_GTK_TRUE='#'
HAVE_LIBPNG=''
HAVE_PTHREADS=''
INSTALL_DATA='${INSTALL} -m 644'
INSTALL_PROGRAM='${INSTALL}'
INSTALL_SCRIPT='${INSTALL}'
INSTALL_STRIP_PROGRAM='$(install_sh) -c -s'
IWMMXT_CFLAGS=''
LD='i486-TSOL-linux-gnu-ld'
LDFLAGS='-static-libgcc'
LIBOBJS=''
LIBS='-lm '
LIBTOOL='$(SHELL) $(top_builddir)/libtool'
LIPO=''
LN_S='ln -s'
LS_CFLAGS=''
LTLIBOBJS=''
LT_VERSION_INFO='32:6:32'
MAKEINFO='makeinfo'
MANIFEST_TOOL=':'
MKDIR_P='/bin/mkdir -p'
MMX_CFLAGS='-mmmx -Winline'
MMX_LDFLAGS=''
NM='/toolchain/i486-TSOL-linux-gnu/bin//nm -B'
NMEDIT=''
OBJDUMP='objdump'
OBJEXT='o'
OPENMP_CFLAGS=''
OTOOL64=''
OTOOL=''
PACKAGE='pixman'
PACKAGE_BUGREPORT='pixman@lists.freedesktop.org'
PACKAGE_NAME='pixman'
PACKAGE_STRING='pixman 0.32.6'
PACKAGE_TARNAME='pixman'
PACKAGE_URL=''
PACKAGE_VERSION='0.32.6'
PATH_SEPARATOR=':'
PIXMAN_TIMERS=''
PIXMAN_VERSION_MAJOR='0'
PIXMAN_VERSION_MICRO='6'
PIXMAN_VERSION_MINOR='32'
PKG_CONFIG='/usr/bin/pkg-config'
PKG_CONFIG_LIBDIR=''
PKG_CONFIG_PATH='/usr/xorg/share/pkgconfig:/usr/xorg/lib/pkgconfig:/usr/xorg/lib/pkgconfig:/usr/xorg/share/pkgconfig:/usr/xorg/lib/pkgconfig:/usr/xorg/share/pkgconfig:'
PNG_CFLAGS='-I/usr/include/libpng12  '
PNG_LIBS='-lpng12  '
PTHREAD_CFLAGS='-Os -Wall -Wdeclaration-after-statement -fno-strict-aliasing -fvisibility=hidden -pthread'
PTHREAD_LDFLAGS='-static-libgcc -pthread'
PTHREAD_LIBS='-lm  '
RANLIB='ranlib'
SED='/usr/bin/sed'
SET_MAKE=''
SHELL='/bin/sh'
SSE2_CFLAGS='-msse2 -Winline'
SSE2_LDFLAGS=''
SSSE3_CFLAGS='-mssse3 -Winline'
STRIP='strip'
TESTPROGS_EXTRA_LDFLAGS=''
TOOLCHAIN_SUPPORTS_ATTRIBUTE_CONSTRUCTOR=''
TOOLCHAIN_SUPPORTS__THREAD=''
USE_ARM_IWMMXT_FALSE=''
USE_ARM_IWMMXT_TRUE='#'
USE_ARM_NEON_FALSE=''
USE_ARM_NEON_TRUE='#'
USE_ARM_SIMD_FALSE=''
USE_ARM_SIMD_TRUE='#'
USE_GCC_INLINE_ASM_FALSE='#'
USE_GCC_INLINE_ASM_TRUE=''
USE_LOONGSON_MMI_FALSE=''
USE_LOONGSON_MMI_TRUE='#'
USE_MIPS_DSPR2_FALSE=''
USE_MIPS_DSPR2_TRUE='#'
USE_SSE2_FALSE='#'
USE_SSE2_TRUE=''
USE_SSSE3_FALSE='#'
USE_SSSE3_TRUE=''
USE_VMX_FALSE=''
USE_VMX_TRUE='#'
USE_X86_MMX_FALSE='#'
USE_X86_MMX_TRUE=''
VERSION='0.32.6'
VMX_CFLAGS=''
ac_ct_AR='ar'
ac_ct_CC='i486-TSOL-linux-gnu-gcc'
ac_ct_DUMPBIN=''
am__EXEEXT_FALSE=''
am__EXEEXT_TRUE='#'
am__fastdepCCAS_FALSE='#'
am__fastdepCCAS_TRUE=''
am__fastdepCC_FALSE='#'
am__fastdepCC_TRUE=''
am__include='include'
am__isrc=''
am__leading_dot='.'
am__nodep='_no'
am__quote=''
am__tar='$${TAR-tar} chof - "$$tardir"'
am__untar='$${TAR-tar} xf -'
bindir='${exec_prefix}/bin'
build='i686-pc-linux-gnu'
build_alias=''
build_cpu='i686'
build_os='linux-gnu'
build_vendor='pc'
datadir='${datarootdir}'
datarootdir='${prefix}/share'
docdir='${datarootdir}/doc/${PACKAGE_TARNAME}'
dvidir='${docdir}'
exec_prefix='${prefix}'
host='i686-pc-linux-gnu'
host_alias=''
host_cpu='i686'
host_os='linux-gnu'
host_vendor='pc'
htmldir='${docdir}'
includedir='${prefix}/include'
infodir='${datarootdir}/info'
install_sh='${SHELL} /source/xorg-ponix4/lib/pixman-0.32.6/install-sh'
libdir='${exec_prefix}/lib'
libexecdir='${exec_prefix}/libexec'
localedir='${datarootdir}/locale'
localstatedir='${prefix}/var'
mandir='${datarootdir}/man'
mkdir_p='$(MKDIR_P)'
oldincludedir='/usr/include'
pdfdir='${docdir}'
prefix='/usr/xorg'
program_transform_name='s,x,x,'
psdir='${docdir}'
sbindir='${exec_prefix}/sbin'
sharedstatedir='${prefix}/com'
sysconfdir='${prefix}/etc'
target_alias=''

## ----------- ##
## confdefs.h. ##
## ----------- ##

/* confdefs.h */
#define PACKAGE_NAME "pixman"
#define PACKAGE_TARNAME "pixman"
#define PACKAGE_VERSION "0.32.6"
#define PACKAGE_STRING "pixman 0.32.6"
#define PACKAGE_BUGREPORT "pixman@lists.freedesktop.org"
#define PACKAGE_URL ""
#define PACKAGE "pixman"
#define VERSION "0.32.6"
#define STDC_HEADERS 1
#define HAVE_SYS_TYPES_H 1
#define HAVE_SYS_STAT_H 1
#define HAVE_STDLIB_H 1
#define HAVE_STRING_H 1
#define HAVE_MEMORY_H 1
#define HAVE_STRINGS_H 1
#define HAVE_INTTYPES_H 1
#define HAVE_STDINT_H 1
#define HAVE_UNISTD_H 1
#define HAVE_DLFCN_H 1
#define LT_OBJDIR ".libs/"
#define SIZEOF_LONG 4
#define USE_X86_MMX 1
#define USE_SSE2 1
#define USE_SSSE3 1
#define USE_GCC_INLINE_ASM 1
#define HAVE_POSIX_MEMALIGN 1
#define HAVE_SIGACTION 1
#define HAVE_ALARM 1
#define HAVE_SYS_MMAN_H 1
#define HAVE_MMAP 1
#define HAVE_MPROTECT 1
#define HAVE_GETPAGESIZE 1
#define HAVE_FENV_H 1
#define HAVE_FEENABLEEXCEPT 1
#define HAVE_GETTIMEOFDAY 1
#define TLS __thread
#define HAVE_PTHREADS /**/
#define TOOLCHAIN_SUPPORTS_ATTRIBUTE_CONSTRUCTOR /**/
#define HAVE_FLOAT128 /**/
#define HAVE_BUILTIN_CLZ /**/
#define HAVE_LIBPNG 1

configure: exit 0
