This file contains any messages produced by compilers while
running configure, to aid debugging if configure makes a mistake.

configure:568: checking for a BSD compatible install
configure:621: checking whether build environment is sane
configure:678: checking whether make sets ${MAKE}
configure:725: checking for working aclocal
configure:738: checking for working autoconf
configure:751: checking for working automake
configure:764: checking for working autoheader
configure:777: checking for working makeinfo
configure:793: checking for gcc
configure:906: checking whether the C compiler (i486-TSOL-linux-gnu-gcc -O2 -static-libgcc) works
configure:922: i486-TSOL-linux-gnu-gcc -o conftest -O2  -static-libgcc conftest.c  1>&5
configure:948: checking whether the C compiler (i486-TSOL-linux-gnu-gcc -O2 -static-libgcc) is a cross-compiler
configure:953: checking whether we are using GNU C
configure:962: i486-TSOL-linux-gnu-gcc -E conftest.c
configure:981: checking whether i486-TSOL-linux-gnu-gcc accepts -g
configure:1024: checking for a BSD compatible install
configure:1077: checking how to run the C preprocessor
configure:1098: i486-TSOL-linux-gnu-gcc -E  conftest.c >/dev/null 2>conftest.out
configure:1157: checking for ANSI C header files
configure:1170: i486-TSOL-linux-gnu-gcc -E  conftest.c >/dev/null 2>conftest.out
configure:1237: i486-TSOL-linux-gnu-gcc -o conftest -O2  -static-libgcc conftest.c  1>&5
configure: In function 'main':
configure:1232:67: warning: incompatible implicit declaration of built-in function 'exit' [enabled by default]
configure:1310: checking for gtk-config
configure:1345: checking for GTK - version >= 1.0.1
configure:1446: i486-TSOL-linux-gnu-gcc -o conftest -O2 -I/usr/xorg/include -I/usr/lib/glib/include  -static-libgcc conftest.c -L/usr/lib -L/usr/xorg/lib -lgtk -lgdk -rdynamic -lgmodule -lglib -ldl -lXext -lX11 -lm  1>&5
configure:1554: checking for ALSA CFLAGS
configure:1562: checking for ALSA LDFLAGS
configure:1575: checking for libasound headers version >= 0.1.3
configure:1629: i486-TSOL-linux-gnu-gcc -c -O2  conftest.c 1>&5
In file included from configure:1587:0:
/toolchain/i486-TSOL-linux-gnu/sysroot/usr/include/sys/asoundlib.h:1:2: warning: #warning This header is deprecated, use <alsa/asoundlib.h> instead. [-Wcpp]
configure:1643: checking for snd_cards in -lasound
configure:1662: i486-TSOL-linux-gnu-gcc -o conftest -O2   -lasound -lasound conftest.c -lasound   1>&5
/tmp/ccoJzGD1.o: In function `main':
conftest.c:(.text.startup+0x7): undefined reference to `snd_cards'
collect2: ld returned 1 exit status
configure: failed program was:
#line 1651 "configure"
#include "confdefs.h"
/* Override any gcc2 internal prototype to avoid an error.  */
/* We use char because int might match the return type of a gcc2
    builtin and then its argument prototype would still apply.  */
char snd_cards();

int main() {
snd_cards()
; return 0; }
