This file contains any messages produced by compilers while
running configure, to aid debugging if configure makes a mistake.

It was created by xf86-video-sis configure 0.10.8, which was
generated by GNU Autoconf 2.69.  Invocation command line was

  $ ./configure CC=i486-TSOL-linux-gnu-gcc CFLAGS=-Os LDFLAGS=-static-libgcc

## --------- ##
## Platform. ##
## --------- ##

hostname = ubuntu4
uname -m = i686
uname -r = 3.2.16-030216-generic
uname -s = Linux
uname -v = #201204221935 SMP Sun Apr 22 23:42:49 UTC 2012

/usr/bin/uname -p = unknown
/bin/uname -X     = unknown

/bin/arch              = unknown
/usr/bin/arch -k       = unknown
/usr/convex/getsysinfo = unknown
/usr/bin/hostinfo      = unknown
/bin/machine           = unknown
/usr/bin/oslevel       = unknown
/bin/universe          = unknown

PATH: /usr/local/bin
PATH: /source/docbook-xsl-1.76.1/tools/bin
PATH: /bin
PATH: /sbin
PATH: /usr/bin
PATH: /usr/sbin
PATH: /usr/bin/X11
PATH: /usr/local/bin
PATH: /toolchain/bin
PATH: /toolchain/i486-TSOL-linux-gnu/bin/
PATH: /root/.local/bin
PATH: /usr/xorg/bin


## ----------- ##
## Core tests. ##
## ----------- ##

configure:2397: checking for a BSD-compatible install
configure:2465: result: /bin/install -c
configure:2476: checking whether build environment is sane
configure:2526: result: yes
configure:2667: checking for a thread-safe mkdir -p
configure:2706: result: /bin/mkdir -p
configure:2719: checking for gawk
configure:2735: found /usr/bin/gawk
configure:2746: result: gawk
configure:2757: checking whether make sets $(MAKE)
configure:2779: result: yes
configure:2860: checking whether to enable maintainer-specific portions of Makefiles
configure:2869: result: no
configure:2907: checking for style of include used by make
configure:2935: result: GNU
configure:3006: checking for gcc
configure:3033: result: i486-TSOL-linux-gnu-gcc
configure:3262: checking for C compiler version
configure:3271: i486-TSOL-linux-gnu-gcc --version >&5
i486-TSOL-linux-gnu-gcc (crosstool-NG 1.15.2) 4.6.3
Copyright (C) 2011 Free Software Foundation, Inc.
This is free software; see the source for copying conditions.  There is NO
warranty; not even for MERCHANTABILITY or FITNESS FOR A PARTICULAR PURPOSE.

configure:3282: $? = 0
configure:3271: i486-TSOL-linux-gnu-gcc -v >&5
Using built-in specs.
COLLECT_GCC=i486-TSOL-linux-gnu-gcc
COLLECT_LTO_WRAPPER=/toolchain/libexec/gcc/i486-TSOL-linux-gnu/4.6.3/lto-wrapper
Target: i486-TSOL-linux-gnu
Configured with: /TSOL/crosstool-ng-1.15.2/bin/.build/src/gcc-4.6.3/configure --build=i686-build_pc-linux-gnu --host=i686-build_pc-linux-gnu --target=i486-TSOL-linux-gnu --prefix=/toolchain --with-sysroot=/toolchain/i486-TSOL-linux-gnu/sysroot --enable-languages=c,c++ --with-arch=i486 --with-pkgversion='crosstool-NG 1.15.2' --enable-__cxa_atexit --disable-libmudflap --disable-libgomp --disable-libssp --with-gmp=/TSOL/crosstool-ng-1.15.2/bin/.build/i486-TSOL-linux-gnu/buildtools --with-mpfr=/TSOL/crosstool-ng-1.15.2/bin/.build/i486-TSOL-linux-gnu/buildtools --with-mpc=/TSOL/crosstool-ng-1.15.2/bin/.build/i486-TSOL-linux-gnu/buildtools --with-ppl=/TSOL/crosstool-ng-1.15.2/bin/.build/i486-TSOL-linux-gnu/buildtools --with-cloog=/TSOL/crosstool-ng-1.15.2/bin/.build/i486-TSOL-linux-gnu/buildtools --with-libelf=no --with-host-libstdcxx='-static-libgcc -Wl,-Bstatic,-lstdc++,-Bdynamic -lm -L/TSOL/crosstool-ng-1.15.2/bin/.build/i486-TSOL-linux-gnu/buildtools/lib -lpwl' --enable-threads=posix --enable-target-optspace --disable-multilib --with-local-prefix=/toolchain/i486-TSOL-linux-gnu/sysroot --enable-c99 --enable-long-long
Thread model: posix
gcc version 4.6.3 (crosstool-NG 1.15.2) 
configure:3282: $? = 0
configure:3271: i486-TSOL-linux-gnu-gcc -V >&5
i486-TSOL-linux-gnu-gcc: error: unrecognized option '-V'
i486-TSOL-linux-gnu-gcc: fatal error: no input files
compilation terminated.
configure:3282: $? = 1
configure:3271: i486-TSOL-linux-gnu-gcc -qversion >&5
i486-TSOL-linux-gnu-gcc: error: unrecognized option '-qversion'
i486-TSOL-linux-gnu-gcc: fatal error: no input files
compilation terminated.
configure:3282: $? = 1
configure:3302: checking whether the C compiler works
configure:3324: i486-TSOL-linux-gnu-gcc -Os  -static-libgcc conftest.c  >&5
configure:3328: $? = 0
configure:3376: result: yes
configure:3379: checking for C compiler default output file name
configure:3381: result: a.out
configure:3387: checking for suffix of executables
configure:3394: i486-TSOL-linux-gnu-gcc -o conftest -Os  -static-libgcc conftest.c  >&5
configure:3398: $? = 0
configure:3420: result: 
configure:3442: checking whether we are cross compiling
configure:3450: i486-TSOL-linux-gnu-gcc -o conftest -Os  -static-libgcc conftest.c  >&5
configure:3454: $? = 0
configure:3461: ./conftest
configure:3465: $? = 0
configure:3480: result: no
configure:3485: checking for suffix of object files
configure:3507: i486-TSOL-linux-gnu-gcc -c -Os  conftest.c >&5
configure:3511: $? = 0
configure:3532: result: o
configure:3536: checking whether we are using the GNU C compiler
configure:3555: i486-TSOL-linux-gnu-gcc -c -Os  conftest.c >&5
configure:3555: $? = 0
configure:3564: result: yes
configure:3573: checking whether i486-TSOL-linux-gnu-gcc accepts -g
configure:3593: i486-TSOL-linux-gnu-gcc -c -g  conftest.c >&5
configure:3593: $? = 0
configure:3634: result: yes
configure:3651: checking for i486-TSOL-linux-gnu-gcc option to accept ISO C89
configure:3714: i486-TSOL-linux-gnu-gcc  -c -Os  conftest.c >&5
configure:3714: $? = 0
configure:3727: result: none needed
configure:3749: checking dependency style of i486-TSOL-linux-gnu-gcc
configure:3860: result: gcc3
configure:3875: checking for i486-TSOL-linux-gnu-gcc option to accept ISO C99
configure:4024: i486-TSOL-linux-gnu-gcc  -c -Os  conftest.c >&5
conftest.c:61:29: error: expected ';', ',' or ')' before 'text'
conftest.c: In function 'main':
conftest.c:115:18: error: expected '=', ',', ';', 'asm' or '__attribute__' before 'newvar'
conftest.c:115:18: error: 'newvar' undeclared (first use in this function)
conftest.c:115:18: note: each undeclared identifier is reported only once for each function it appears in
conftest.c:125:3: error: 'for' loop initial declarations are only allowed in C99 mode
conftest.c:125:3: note: use option -std=c99 or -std=gnu99 to compile your code
configure:4024: $? = 1
configure: failed program was:
| /* confdefs.h */
| #define PACKAGE_NAME "xf86-video-sis"
| #define PACKAGE_TARNAME "xf86-video-sis"
| #define PACKAGE_VERSION "0.10.8"
| #define PACKAGE_STRING "xf86-video-sis 0.10.8"
| #define PACKAGE_BUGREPORT "https://bugs.freedesktop.org/enter_bug.cgi?product=xorg"
| #define PACKAGE_URL ""
| #define PACKAGE "xf86-video-sis"
| #define VERSION "0.10.8"
| /* end confdefs.h.  */
| #include <stdarg.h>
| #include <stdbool.h>
| #include <stdlib.h>
| #include <wchar.h>
| #include <stdio.h>
| 
| // Check varargs macros.  These examples are taken from C99 6.10.3.5.
| #define debug(...) fprintf (stderr, __VA_ARGS__)
| #define showlist(...) puts (#__VA_ARGS__)
| #define report(test,...) ((test) ? puts (#test) : printf (__VA_ARGS__))
| static void
| test_varargs_macros (void)
| {
|   int x = 1234;
|   int y = 5678;
|   debug ("Flag");
|   debug ("X = %d\n", x);
|   showlist (The first, second, and third items.);
|   report (x>y, "x is %d but y is %d", x, y);
| }
| 
| // Check long long types.
| #define BIG64 18446744073709551615ull
| #define BIG32 4294967295ul
| #define BIG_OK (BIG64 / BIG32 == 4294967297ull && BIG64 % BIG32 == 0)
| #if !BIG_OK
|   your preprocessor is broken;
| #endif
| #if BIG_OK
| #else
|   your preprocessor is broken;
| #endif
| static long long int bignum = -9223372036854775807LL;
| static unsigned long long int ubignum = BIG64;
| 
| struct incomplete_array
| {
|   int datasize;
|   double data[];
| };
| 
| struct named_init {
|   int number;
|   const wchar_t *name;
|   double average;
| };
| 
| typedef const char *ccp;
| 
| static inline int
| test_restrict (ccp restrict text)
| {
|   // See if C++-style comments work.
|   // Iterate through items via the restricted pointer.
|   // Also check for declarations in for loops.
|   for (unsigned int i = 0; *(text+i) != '\0'; ++i)
|     continue;
|   return 0;
| }
| 
| // Check varargs and va_copy.
| static void
| test_varargs (const char *format, ...)
| {
|   va_list args;
|   va_start (args, format);
|   va_list args_copy;
|   va_copy (args_copy, args);
| 
|   const char *str;
|   int number;
|   float fnumber;
| 
|   while (*format)
|     {
|       switch (*format++)
| 	{
| 	case 's': // string
| 	  str = va_arg (args_copy, const char *);
| 	  break;
| 	case 'd': // int
| 	  number = va_arg (args_copy, int);
| 	  break;
| 	case 'f': // float
| 	  fnumber = va_arg (args_copy, double);
| 	  break;
| 	default:
| 	  break;
| 	}
|     }
|   va_end (args_copy);
|   va_end (args);
| }
| 
| int
| main ()
| {
| 
|   // Check bool.
|   _Bool success = false;
| 
|   // Check restrict.
|   if (test_restrict ("String literal") == 0)
|     success = true;
|   char *restrict newvar = "Another string";
| 
|   // Check varargs.
|   test_varargs ("s, d' f .", "string", 65, 34.234);
|   test_varargs_macros ();
| 
|   // Check flexible array members.
|   struct incomplete_array *ia =
|     malloc (sizeof (struct incomplete_array) + (sizeof (double) * 10));
|   ia->datasize = 10;
|   for (int i = 0; i < ia->datasize; ++i)
|     ia->data[i] = i * 1.234;
| 
|   // Check named initializers.
|   struct named_init ni = {
|     .number = 34,
|     .name = L"Test wide string",
|     .average = 543.34343,
|   };
| 
|   ni.number = 58;
| 
|   int dynamic_array[ni.number];
|   dynamic_array[ni.number - 1] = 543;
| 
|   // work around unused variable warnings
|   return (!success || bignum == 0LL || ubignum == 0uLL || newvar[0] == 'x'
| 	  || dynamic_array[ni.number - 1] != 543);
| 
|   ;
|   return 0;
| }
configure:4024: i486-TSOL-linux-gnu-gcc -std=gnu99 -c -Os  conftest.c >&5
configure:4024: $? = 0
configure:4044: result: -std=gnu99
configure:4058: checking how to run the C preprocessor
configure:4089: i486-TSOL-linux-gnu-gcc -std=gnu99 -E  conftest.c
configure:4089: $? = 0
configure:4103: i486-TSOL-linux-gnu-gcc -std=gnu99 -E  conftest.c
conftest.c:11:28: fatal error: ac_nonexistent.h: No such file or directory
compilation terminated.
configure:4103: $? = 1
configure: failed program was:
| /* confdefs.h */
| #define PACKAGE_NAME "xf86-video-sis"
| #define PACKAGE_TARNAME "xf86-video-sis"
| #define PACKAGE_VERSION "0.10.8"
| #define PACKAGE_STRING "xf86-video-sis 0.10.8"
| #define PACKAGE_BUGREPORT "https://bugs.freedesktop.org/enter_bug.cgi?product=xorg"
| #define PACKAGE_URL ""
| #define PACKAGE "xf86-video-sis"
| #define VERSION "0.10.8"
| /* end confdefs.h.  */
| #include <ac_nonexistent.h>
configure:4128: result: i486-TSOL-linux-gnu-gcc -std=gnu99 -E
configure:4148: i486-TSOL-linux-gnu-gcc -std=gnu99 -E  conftest.c
configure:4148: $? = 0
configure:4162: i486-TSOL-linux-gnu-gcc -std=gnu99 -E  conftest.c
conftest.c:11:28: fatal error: ac_nonexistent.h: No such file or directory
compilation terminated.
configure:4162: $? = 1
configure: failed program was:
| /* confdefs.h */
| #define PACKAGE_NAME "xf86-video-sis"
| #define PACKAGE_TARNAME "xf86-video-sis"
| #define PACKAGE_VERSION "0.10.8"
| #define PACKAGE_STRING "xf86-video-sis 0.10.8"
| #define PACKAGE_BUGREPORT "https://bugs.freedesktop.org/enter_bug.cgi?product=xorg"
| #define PACKAGE_URL ""
| #define PACKAGE "xf86-video-sis"
| #define VERSION "0.10.8"
| /* end confdefs.h.  */
| #include <ac_nonexistent.h>
configure:4191: checking for grep that handles long lines and -e
configure:4249: result: /usr/bin/grep
configure:4254: checking for egrep
configure:4316: result: /usr/bin/grep -E
configure:4321: checking for ANSI C header files
configure:4341: i486-TSOL-linux-gnu-gcc -std=gnu99 -c -Os  conftest.c >&5
configure:4341: $? = 0
configure:4414: i486-TSOL-linux-gnu-gcc -std=gnu99 -o conftest -Os  -static-libgcc conftest.c  >&5
configure:4414: $? = 0
configure:4414: ./conftest
configure:4414: $? = 0
configure:4425: result: yes
configure:4438: checking for sys/types.h
configure:4438: i486-TSOL-linux-gnu-gcc -std=gnu99 -c -Os  conftest.c >&5
configure:4438: $? = 0
configure:4438: result: yes
configure:4438: checking for sys/stat.h
configure:4438: i486-TSOL-linux-gnu-gcc -std=gnu99 -c -Os  conftest.c >&5
configure:4438: $? = 0
configure:4438: result: yes
configure:4438: checking for stdlib.h
configure:4438: i486-TSOL-linux-gnu-gcc -std=gnu99 -c -Os  conftest.c >&5
configure:4438: $? = 0
configure:4438: result: yes
configure:4438: checking for string.h
configure:4438: i486-TSOL-linux-gnu-gcc -std=gnu99 -c -Os  conftest.c >&5
configure:4438: $? = 0
configure:4438: result: yes
configure:4438: checking for memory.h
configure:4438: i486-TSOL-linux-gnu-gcc -std=gnu99 -c -Os  conftest.c >&5
configure:4438: $? = 0
configure:4438: result: yes
configure:4438: checking for strings.h
configure:4438: i486-TSOL-linux-gnu-gcc -std=gnu99 -c -Os  conftest.c >&5
configure:4438: $? = 0
configure:4438: result: yes
configure:4438: checking for inttypes.h
configure:4438: i486-TSOL-linux-gnu-gcc -std=gnu99 -c -Os  conftest.c >&5
configure:4438: $? = 0
configure:4438: result: yes
configure:4438: checking for stdint.h
configure:4438: i486-TSOL-linux-gnu-gcc -std=gnu99 -c -Os  conftest.c >&5
configure:4438: $? = 0
configure:4438: result: yes
configure:4438: checking for unistd.h
configure:4438: i486-TSOL-linux-gnu-gcc -std=gnu99 -c -Os  conftest.c >&5
configure:4438: $? = 0
configure:4438: result: yes
configure:4454: checking whether __clang__ is declared
configure:4454: i486-TSOL-linux-gnu-gcc -std=gnu99 -c -Os  conftest.c >&5
conftest.c: In function 'main':
conftest.c:61:10: error: '__clang__' undeclared (first use in this function)
conftest.c:61:10: note: each undeclared identifier is reported only once for each function it appears in
configure:4454: $? = 1
configure: failed program was:
| /* confdefs.h */
| #define PACKAGE_NAME "xf86-video-sis"
| #define PACKAGE_TARNAME "xf86-video-sis"
| #define PACKAGE_VERSION "0.10.8"
| #define PACKAGE_STRING "xf86-video-sis 0.10.8"
| #define PACKAGE_BUGREPORT "https://bugs.freedesktop.org/enter_bug.cgi?product=xorg"
| #define PACKAGE_URL ""
| #define PACKAGE "xf86-video-sis"
| #define VERSION "0.10.8"
| #define STDC_HEADERS 1
| #define HAVE_SYS_TYPES_H 1
| #define HAVE_SYS_STAT_H 1
| #define HAVE_STDLIB_H 1
| #define HAVE_STRING_H 1
| #define HAVE_MEMORY_H 1
| #define HAVE_STRINGS_H 1
| #define HAVE_INTTYPES_H 1
| #define HAVE_STDINT_H 1
| #define HAVE_UNISTD_H 1
| /* end confdefs.h.  */
| #include <stdio.h>
| #ifdef HAVE_SYS_TYPES_H
| # include <sys/types.h>
| #endif
| #ifdef HAVE_SYS_STAT_H
| # include <sys/stat.h>
| #endif
| #ifdef STDC_HEADERS
| # include <stdlib.h>
| # include <stddef.h>
| #else
| # ifdef HAVE_STDLIB_H
| #  include <stdlib.h>
| # endif
| #endif
| #ifdef HAVE_STRING_H
| # if !defined STDC_HEADERS && defined HAVE_MEMORY_H
| #  include <memory.h>
| # endif
| # include <string.h>
| #endif
| #ifdef HAVE_STRINGS_H
| # include <strings.h>
| #endif
| #ifdef HAVE_INTTYPES_H
| # include <inttypes.h>
| #endif
| #ifdef HAVE_STDINT_H
| # include <stdint.h>
| #endif
| #ifdef HAVE_UNISTD_H
| # include <unistd.h>
| #endif
| int
| main ()
| {
| #ifndef __clang__
| #ifdef __cplusplus
|   (void) __clang__;
| #else
|   (void) __clang__;
| #endif
| #endif
| 
|   ;
|   return 0;
| }
configure:4454: result: no
configure:4461: checking whether __INTEL_COMPILER is declared
configure:4461: i486-TSOL-linux-gnu-gcc -std=gnu99 -c -Os  conftest.c >&5
conftest.c: In function 'main':
conftest.c:61:10: error: '__INTEL_COMPILER' undeclared (first use in this function)
conftest.c:61:10: note: each undeclared identifier is reported only once for each function it appears in
configure:4461: $? = 1
configure: failed program was:
| /* confdefs.h */
| #define PACKAGE_NAME "xf86-video-sis"
| #define PACKAGE_TARNAME "xf86-video-sis"
| #define PACKAGE_VERSION "0.10.8"
| #define PACKAGE_STRING "xf86-video-sis 0.10.8"
| #define PACKAGE_BUGREPORT "https://bugs.freedesktop.org/enter_bug.cgi?product=xorg"
| #define PACKAGE_URL ""
| #define PACKAGE "xf86-video-sis"
| #define VERSION "0.10.8"
| #define STDC_HEADERS 1
| #define HAVE_SYS_TYPES_H 1
| #define HAVE_SYS_STAT_H 1
| #define HAVE_STDLIB_H 1
| #define HAVE_STRING_H 1
| #define HAVE_MEMORY_H 1
| #define HAVE_STRINGS_H 1
| #define HAVE_INTTYPES_H 1
| #define HAVE_STDINT_H 1
| #define HAVE_UNISTD_H 1
| /* end confdefs.h.  */
| #include <stdio.h>
| #ifdef HAVE_SYS_TYPES_H
| # include <sys/types.h>
| #endif
| #ifdef HAVE_SYS_STAT_H
| # include <sys/stat.h>
| #endif
| #ifdef STDC_HEADERS
| # include <stdlib.h>
| # include <stddef.h>
| #else
| # ifdef HAVE_STDLIB_H
| #  include <stdlib.h>
| # endif
| #endif
| #ifdef HAVE_STRING_H
| # if !defined STDC_HEADERS && defined HAVE_MEMORY_H
| #  include <memory.h>
| # endif
| # include <string.h>
| #endif
| #ifdef HAVE_STRINGS_H
| # include <strings.h>
| #endif
| #ifdef HAVE_INTTYPES_H
| # include <inttypes.h>
| #endif
| #ifdef HAVE_STDINT_H
| # include <stdint.h>
| #endif
| #ifdef HAVE_UNISTD_H
| # include <unistd.h>
| #endif
| int
| main ()
| {
| #ifndef __INTEL_COMPILER
| #ifdef __cplusplus
|   (void) __INTEL_COMPILER;
| #else
|   (void) __INTEL_COMPILER;
| #endif
| #endif
| 
|   ;
|   return 0;
| }
configure:4461: result: no
configure:4468: checking whether __SUNPRO_C is declared
configure:4468: i486-TSOL-linux-gnu-gcc -std=gnu99 -c -Os  conftest.c >&5
conftest.c: In function 'main':
conftest.c:61:10: error: '__SUNPRO_C' undeclared (first use in this function)
conftest.c:61:10: note: each undeclared identifier is reported only once for each function it appears in
configure:4468: $? = 1
configure: failed program was:
| /* confdefs.h */
| #define PACKAGE_NAME "xf86-video-sis"
| #define PACKAGE_TARNAME "xf86-video-sis"
| #define PACKAGE_VERSION "0.10.8"
| #define PACKAGE_STRING "xf86-video-sis 0.10.8"
| #define PACKAGE_BUGREPORT "https://bugs.freedesktop.org/enter_bug.cgi?product=xorg"
| #define PACKAGE_URL ""
| #define PACKAGE "xf86-video-sis"
| #define VERSION "0.10.8"
| #define STDC_HEADERS 1
| #define HAVE_SYS_TYPES_H 1
| #define HAVE_SYS_STAT_H 1
| #define HAVE_STDLIB_H 1
| #define HAVE_STRING_H 1
| #define HAVE_MEMORY_H 1
| #define HAVE_STRINGS_H 1
| #define HAVE_INTTYPES_H 1
| #define HAVE_STDINT_H 1
| #define HAVE_UNISTD_H 1
| /* end confdefs.h.  */
| #include <stdio.h>
| #ifdef HAVE_SYS_TYPES_H
| # include <sys/types.h>
| #endif
| #ifdef HAVE_SYS_STAT_H
| # include <sys/stat.h>
| #endif
| #ifdef STDC_HEADERS
| # include <stdlib.h>
| # include <stddef.h>
| #else
| # ifdef HAVE_STDLIB_H
| #  include <stdlib.h>
| # endif
| #endif
| #ifdef HAVE_STRING_H
| # if !defined STDC_HEADERS && defined HAVE_MEMORY_H
| #  include <memory.h>
| # endif
| # include <string.h>
| #endif
| #ifdef HAVE_STRINGS_H
| # include <strings.h>
| #endif
| #ifdef HAVE_INTTYPES_H
| # include <inttypes.h>
| #endif
| #ifdef HAVE_STDINT_H
| # include <stdint.h>
| #endif
| #ifdef HAVE_UNISTD_H
| # include <unistd.h>
| #endif
| int
| main ()
| {
| #ifndef __SUNPRO_C
| #ifdef __cplusplus
|   (void) __SUNPRO_C;
| #else
|   (void) __SUNPRO_C;
| #endif
| #endif
| 
|   ;
|   return 0;
| }
configure:4468: result: no
configure:4530: checking for pkg-config
configure:4548: found /usr/bin/pkg-config
configure:4560: result: /usr/bin/pkg-config
configure:4585: checking pkg-config is at least version 0.9.0
configure:4588: result: yes
configure:4600: checking build system type
configure:4614: result: i686-pc-linux-gnu
configure:4634: checking host system type
configure:4647: result: i686-pc-linux-gnu
configure:4667: checking for a sed that does not truncate output
configure:4731: result: /usr/bin/sed
configure:4777: checking if i486-TSOL-linux-gnu-gcc -std=gnu99 supports -Werror=unknown-warning-option
configure:4786: i486-TSOL-linux-gnu-gcc -std=gnu99 -c -Os -Werror=unknown-warning-option  conftest.c >&5
cc1: error: -Werror=unknown-warning-option: no option -Wunknown-warning-option
configure:4786: $? = 1
configure: failed program was:
| /* confdefs.h */
| #define PACKAGE_NAME "xf86-video-sis"
| #define PACKAGE_TARNAME "xf86-video-sis"
| #define PACKAGE_VERSION "0.10.8"
| #define PACKAGE_STRING "xf86-video-sis 0.10.8"
| #define PACKAGE_BUGREPORT "https://bugs.freedesktop.org/enter_bug.cgi?product=xorg"
| #define PACKAGE_URL ""
| #define PACKAGE "xf86-video-sis"
| #define VERSION "0.10.8"
| #define STDC_HEADERS 1
| #define HAVE_SYS_TYPES_H 1
| #define HAVE_SYS_STAT_H 1
| #define HAVE_STDLIB_H 1
| #define HAVE_STRING_H 1
| #define HAVE_MEMORY_H 1
| #define HAVE_STRINGS_H 1
| #define HAVE_INTTYPES_H 1
| #define HAVE_STDINT_H 1
| #define HAVE_UNISTD_H 1
| /* end confdefs.h.  */
| int i;
configure:4793: result: no
configure:4804: checking if i486-TSOL-linux-gnu-gcc -std=gnu99 supports -Werror=unused-command-line-argument
configure:4813: i486-TSOL-linux-gnu-gcc -std=gnu99 -c -Os -Werror=unused-command-line-argument  conftest.c >&5
cc1: error: -Werror=unused-command-line-argument: no option -Wunused-command-line-argument
configure:4813: $? = 1
configure: failed program was:
| /* confdefs.h */
| #define PACKAGE_NAME "xf86-video-sis"
| #define PACKAGE_TARNAME "xf86-video-sis"
| #define PACKAGE_VERSION "0.10.8"
| #define PACKAGE_STRING "xf86-video-sis 0.10.8"
| #define PACKAGE_BUGREPORT "https://bugs.freedesktop.org/enter_bug.cgi?product=xorg"
| #define PACKAGE_URL ""
| #define PACKAGE "xf86-video-sis"
| #define VERSION "0.10.8"
| #define STDC_HEADERS 1
| #define HAVE_SYS_TYPES_H 1
| #define HAVE_SYS_STAT_H 1
| #define HAVE_STDLIB_H 1
| #define HAVE_STRING_H 1
| #define HAVE_MEMORY_H 1
| #define HAVE_STRINGS_H 1
| #define HAVE_INTTYPES_H 1
| #define HAVE_STDINT_H 1
| #define HAVE_UNISTD_H 1
| /* end confdefs.h.  */
| int i;
configure:4820: result: no
configure:4839: checking if i486-TSOL-linux-gnu-gcc -std=gnu99 supports -Wall
configure:4856: i486-TSOL-linux-gnu-gcc -std=gnu99 -o conftest -Os -Wall  -static-libgcc conftest.c  >&5
configure:4856: $? = 0
configure:4869: result: yes
configure:4957: checking if i486-TSOL-linux-gnu-gcc -std=gnu99 supports -Wpointer-arith
configure:4974: i486-TSOL-linux-gnu-gcc -std=gnu99 -o conftest -Os -Wpointer-arith  -static-libgcc conftest.c  >&5
configure:4974: $? = 0
configure:4987: result: yes
configure:5075: checking if i486-TSOL-linux-gnu-gcc -std=gnu99 supports -Wmissing-declarations
configure:5092: i486-TSOL-linux-gnu-gcc -std=gnu99 -o conftest -Os -Wmissing-declarations  -static-libgcc conftest.c  >&5
configure:5092: $? = 0
configure:5105: result: yes
configure:5193: checking if i486-TSOL-linux-gnu-gcc -std=gnu99 supports -Wformat=2
configure:5210: i486-TSOL-linux-gnu-gcc -std=gnu99 -o conftest -Os -Wformat=2  -static-libgcc conftest.c  >&5
configure:5210: $? = 0
configure:5223: result: yes
configure:5362: checking if i486-TSOL-linux-gnu-gcc -std=gnu99 supports -Wstrict-prototypes
configure:5379: i486-TSOL-linux-gnu-gcc -std=gnu99 -o conftest -Os -Wstrict-prototypes  -static-libgcc conftest.c  >&5
conftest.c:23:1: warning: function declaration isn't a prototype [-Wstrict-prototypes]
configure:5379: $? = 0
configure:5392: result: yes
configure:5480: checking if i486-TSOL-linux-gnu-gcc -std=gnu99 supports -Wmissing-prototypes
configure:5497: i486-TSOL-linux-gnu-gcc -std=gnu99 -o conftest -Os -Wmissing-prototypes  -static-libgcc conftest.c  >&5
configure:5497: $? = 0
configure:5510: result: yes
configure:5598: checking if i486-TSOL-linux-gnu-gcc -std=gnu99 supports -Wnested-externs
configure:5615: i486-TSOL-linux-gnu-gcc -std=gnu99 -o conftest -Os -Wnested-externs  -static-libgcc conftest.c  >&5
configure:5615: $? = 0
configure:5628: result: yes
configure:5716: checking if i486-TSOL-linux-gnu-gcc -std=gnu99 supports -Wbad-function-cast
configure:5733: i486-TSOL-linux-gnu-gcc -std=gnu99 -o conftest -Os -Wbad-function-cast  -static-libgcc conftest.c  >&5
configure:5733: $? = 0
configure:5746: result: yes
configure:5834: checking if i486-TSOL-linux-gnu-gcc -std=gnu99 supports -Wold-style-definition
configure:5851: i486-TSOL-linux-gnu-gcc -std=gnu99 -o conftest -Os -Wold-style-definition  -static-libgcc conftest.c  >&5
conftest.c: In function 'main':
conftest.c:23:1: warning: old-style function definition [-Wold-style-definition]
configure:5851: $? = 0
configure:5864: result: yes
configure:6001: checking if i486-TSOL-linux-gnu-gcc -std=gnu99 supports -Wdeclaration-after-statement
configure:6018: i486-TSOL-linux-gnu-gcc -std=gnu99 -o conftest -Os -Wdeclaration-after-statement  -static-libgcc conftest.c  >&5
configure:6018: $? = 0
configure:6031: result: yes
configure:6123: checking if i486-TSOL-linux-gnu-gcc -std=gnu99 supports -Wunused
configure:6140: i486-TSOL-linux-gnu-gcc -std=gnu99 -o conftest -Os -Wunused  -static-libgcc conftest.c  >&5
configure:6140: $? = 0
configure:6153: result: yes
configure:6241: checking if i486-TSOL-linux-gnu-gcc -std=gnu99 supports -Wuninitialized
configure:6258: i486-TSOL-linux-gnu-gcc -std=gnu99 -o conftest -Os -Wuninitialized  -static-libgcc conftest.c  >&5
configure:6258: $? = 0
configure:6271: result: yes
configure:6359: checking if i486-TSOL-linux-gnu-gcc -std=gnu99 supports -Wshadow
configure:6376: i486-TSOL-linux-gnu-gcc -std=gnu99 -o conftest -Os -Wshadow  -static-libgcc conftest.c  >&5
configure:6376: $? = 0
configure:6389: result: yes
configure:6477: checking if i486-TSOL-linux-gnu-gcc -std=gnu99 supports -Wmissing-noreturn
configure:6494: i486-TSOL-linux-gnu-gcc -std=gnu99 -o conftest -Os -Wmissing-noreturn  -static-libgcc conftest.c  >&5
configure:6494: $? = 0
configure:6507: result: yes
configure:6595: checking if i486-TSOL-linux-gnu-gcc -std=gnu99 supports -Wmissing-format-attribute
configure:6612: i486-TSOL-linux-gnu-gcc -std=gnu99 -o conftest -Os -Wmissing-format-attribute  -static-libgcc conftest.c  >&5
configure:6612: $? = 0
configure:6625: result: yes
configure:6713: checking if i486-TSOL-linux-gnu-gcc -std=gnu99 supports -Wredundant-decls
configure:6730: i486-TSOL-linux-gnu-gcc -std=gnu99 -o conftest -Os -Wredundant-decls  -static-libgcc conftest.c  >&5
configure:6730: $? = 0
configure:6743: result: yes
configure:6831: checking if i486-TSOL-linux-gnu-gcc -std=gnu99 supports -Wlogical-op
configure:6848: i486-TSOL-linux-gnu-gcc -std=gnu99 -o conftest -Os -Wlogical-op  -static-libgcc conftest.c  >&5
configure:6848: $? = 0
configure:6861: result: yes
configure:6961: checking if i486-TSOL-linux-gnu-gcc -std=gnu99 supports -Werror=implicit
configure:6978: i486-TSOL-linux-gnu-gcc -std=gnu99 -o conftest -Os -Werror=implicit  -static-libgcc conftest.c  >&5
configure:6978: $? = 0
configure:6991: result: yes
configure:7128: checking if i486-TSOL-linux-gnu-gcc -std=gnu99 supports -Werror=nonnull
configure:7145: i486-TSOL-linux-gnu-gcc -std=gnu99 -o conftest -Os -Werror=nonnull  -static-libgcc conftest.c  >&5
configure:7145: $? = 0
configure:7158: result: yes
configure:7246: checking if i486-TSOL-linux-gnu-gcc -std=gnu99 supports -Werror=init-self
configure:7263: i486-TSOL-linux-gnu-gcc -std=gnu99 -o conftest -Os -Werror=init-self  -static-libgcc conftest.c  >&5
configure:7263: $? = 0
configure:7276: result: yes
configure:7364: checking if i486-TSOL-linux-gnu-gcc -std=gnu99 supports -Werror=main
configure:7381: i486-TSOL-linux-gnu-gcc -std=gnu99 -o conftest -Os -Werror=main  -static-libgcc conftest.c  >&5
configure:7381: $? = 0
configure:7394: result: yes
configure:7482: checking if i486-TSOL-linux-gnu-gcc -std=gnu99 supports -Werror=missing-braces
configure:7499: i486-TSOL-linux-gnu-gcc -std=gnu99 -o conftest -Os -Werror=missing-braces  -static-libgcc conftest.c  >&5
configure:7499: $? = 0
configure:7512: result: yes
configure:7600: checking if i486-TSOL-linux-gnu-gcc -std=gnu99 supports -Werror=sequence-point
configure:7617: i486-TSOL-linux-gnu-gcc -std=gnu99 -o conftest -Os -Werror=sequence-point  -static-libgcc conftest.c  >&5
configure:7617: $? = 0
configure:7630: result: yes
configure:7718: checking if i486-TSOL-linux-gnu-gcc -std=gnu99 supports -Werror=return-type
configure:7735: i486-TSOL-linux-gnu-gcc -std=gnu99 -o conftest -Os -Werror=return-type  -static-libgcc conftest.c  >&5
configure:7735: $? = 0
configure:7748: result: yes
configure:7885: checking if i486-TSOL-linux-gnu-gcc -std=gnu99 supports -Werror=trigraphs
configure:7902: i486-TSOL-linux-gnu-gcc -std=gnu99 -o conftest -Os -Werror=trigraphs  -static-libgcc conftest.c  >&5
configure:7902: $? = 0
configure:7915: result: yes
configure:8003: checking if i486-TSOL-linux-gnu-gcc -std=gnu99 supports -Werror=array-bounds
configure:8020: i486-TSOL-linux-gnu-gcc -std=gnu99 -o conftest -Os -Werror=array-bounds  -static-libgcc conftest.c  >&5
configure:8020: $? = 0
configure:8033: result: yes
configure:8121: checking if i486-TSOL-linux-gnu-gcc -std=gnu99 supports -Werror=write-strings
configure:8138: i486-TSOL-linux-gnu-gcc -std=gnu99 -o conftest -Os -Werror=write-strings  -static-libgcc conftest.c  >&5
configure:8138: $? = 0
configure:8151: result: yes
configure:8239: checking if i486-TSOL-linux-gnu-gcc -std=gnu99 supports -Werror=address
configure:8256: i486-TSOL-linux-gnu-gcc -std=gnu99 -o conftest -Os -Werror=address  -static-libgcc conftest.c  >&5
configure:8256: $? = 0
configure:8269: result: yes
configure:8357: checking if i486-TSOL-linux-gnu-gcc -std=gnu99 supports -Werror=int-to-pointer-cast
configure:8374: i486-TSOL-linux-gnu-gcc -std=gnu99 -o conftest -Os -Werror=int-to-pointer-cast  -static-libgcc conftest.c  >&5
configure:8374: $? = 0
configure:8387: result: yes
configure:8524: checking if i486-TSOL-linux-gnu-gcc -std=gnu99 supports -Werror=pointer-to-int-cast
configure:8541: i486-TSOL-linux-gnu-gcc -std=gnu99 -o conftest -Os -Werror=pointer-to-int-cast  -static-libgcc conftest.c  >&5
configure:8541: $? = 0
configure:8554: result: yes
configure:10212: checking if i486-TSOL-linux-gnu-gcc -std=gnu99 supports -pedantic
configure:10229: i486-TSOL-linux-gnu-gcc -std=gnu99 -o conftest -Os -pedantic  -static-libgcc conftest.c  >&5
configure:10229: $? = 0
configure:10242: result: yes
configure:10330: checking if i486-TSOL-linux-gnu-gcc -std=gnu99 supports -Werror
configure:10347: i486-TSOL-linux-gnu-gcc -std=gnu99 -o conftest -Os -Werror  -static-libgcc conftest.c  >&5
configure:10347: $? = 0
configure:10360: result: yes
configure:10500: checking if i486-TSOL-linux-gnu-gcc -std=gnu99 supports -Werror=attributes
configure:10517: i486-TSOL-linux-gnu-gcc -std=gnu99 -o conftest -Os -Werror=attributes  -static-libgcc conftest.c  >&5
configure:10517: $? = 0
configure:10530: result: yes
configure:10690: checking whether make supports nested variables
configure:10707: result: yes
configure:10798: checking how to print strings
configure:10825: result: printf
configure:10846: checking for a sed that does not truncate output
configure:10910: result: /usr/bin/sed
configure:10928: checking for fgrep
configure:10990: result: /usr/bin/grep -F
configure:11025: checking for ld used by i486-TSOL-linux-gnu-gcc -std=gnu99
configure:11092: result: i486-TSOL-linux-gnu-ld
configure:11099: checking if the linker (i486-TSOL-linux-gnu-ld) is GNU ld
configure:11114: result: yes
configure:11126: checking for BSD- or MS-compatible name lister (nm)
configure:11180: result: /toolchain/i486-TSOL-linux-gnu/bin//nm -B
configure:11310: checking the name lister (/toolchain/i486-TSOL-linux-gnu/bin//nm -B) interface
configure:11317: i486-TSOL-linux-gnu-gcc -std=gnu99 -c -Os  conftest.c >&5
configure:11320: /toolchain/i486-TSOL-linux-gnu/bin//nm -B "conftest.o"
configure:11323: output
00000000 B some_variable
configure:11330: result: BSD nm
configure:11333: checking whether ln -s works
configure:11337: result: yes
configure:11345: checking the maximum length of command line arguments
configure:11476: result: 1572864
configure:11524: checking how to convert i686-pc-linux-gnu file names to i686-pc-linux-gnu format
configure:11564: result: func_convert_file_noop
configure:11571: checking how to convert i686-pc-linux-gnu file names to toolchain format
configure:11591: result: func_convert_file_noop
configure:11598: checking for i486-TSOL-linux-gnu-ld option to reload object files
configure:11605: result: -r
configure:11679: checking for objdump
configure:11695: found /toolchain/i486-TSOL-linux-gnu/bin//objdump
configure:11706: result: objdump
configure:11738: checking how to recognize dependent libraries
configure:11938: result: pass_all
configure:12023: checking for dlltool
configure:12053: result: no
configure:12083: checking how to associate runtime and link libraries
configure:12110: result: printf %s\n
configure:12170: checking for ar
configure:12186: found /toolchain/i486-TSOL-linux-gnu/bin//ar
configure:12197: result: ar
configure:12234: checking for archiver @FILE support
configure:12251: i486-TSOL-linux-gnu-gcc -std=gnu99 -c -Os  conftest.c >&5
configure:12251: $? = 0
configure:12254: ar cru libconftest.a @conftest.lst >&5
configure:12257: $? = 0
configure:12262: ar cru libconftest.a @conftest.lst >&5
ar: conftest.o: No such file or directory
configure:12265: $? = 1
configure:12277: result: @
configure:12335: checking for strip
configure:12351: found /toolchain/i486-TSOL-linux-gnu/bin//strip
configure:12362: result: strip
configure:12434: checking for ranlib
configure:12450: found /toolchain/i486-TSOL-linux-gnu/bin//ranlib
configure:12461: result: ranlib
configure:12563: checking command to parse /toolchain/i486-TSOL-linux-gnu/bin//nm -B output from i486-TSOL-linux-gnu-gcc -std=gnu99 object
configure:12716: i486-TSOL-linux-gnu-gcc -std=gnu99 -c -Os  conftest.c >&5
configure:12719: $? = 0
configure:12723: /toolchain/i486-TSOL-linux-gnu/bin//nm -B conftest.o \| sed -n -e 's/^.*[ ]\([ABCDGIRSTW][ABCDGIRSTW]*\)[ ][ ]*\([_A-Za-z][_A-Za-z0-9]*\)$/\1 \2 \2/p' | sed '/ __gnu_lto/d' \> conftest.nm
configure:12726: $? = 0
configure:12792: i486-TSOL-linux-gnu-gcc -std=gnu99 -o conftest -Os  -static-libgcc conftest.c conftstm.o >&5
configure:12795: $? = 0
configure:12833: result: ok
configure:12880: checking for sysroot
configure:12910: result: no
configure:12917: checking for a working dd
configure:12955: result: /bin/dd
configure:12959: checking how to truncate binary pipes
configure:12974: result: /bin/dd bs=4096 count=1
configure:13303: checking for mt
configure:13333: result: no
configure:13353: checking if : is a manifest tool
configure:13359: : '-?'
configure:13367: result: no
configure:14041: checking for dlfcn.h
configure:14041: i486-TSOL-linux-gnu-gcc -std=gnu99 -c -Os  conftest.c >&5
configure:14041: $? = 0
configure:14041: result: yes
configure:14267: checking for objdir
configure:14282: result: .libs
configure:14542: checking if i486-TSOL-linux-gnu-gcc -std=gnu99 supports -fno-rtti -fno-exceptions
configure:14560: i486-TSOL-linux-gnu-gcc -std=gnu99 -c -Os  -fno-rtti -fno-exceptions conftest.c >&5
cc1: warning: command line option '-fno-rtti' is valid for C++/ObjC++ but not for C [enabled by default]
configure:14564: $? = 0
configure:14577: result: no
configure:14935: checking for i486-TSOL-linux-gnu-gcc -std=gnu99 option to produce PIC
configure:14942: result: -fPIC -DPIC
configure:14950: checking if i486-TSOL-linux-gnu-gcc -std=gnu99 PIC flag -fPIC -DPIC works
configure:14968: i486-TSOL-linux-gnu-gcc -std=gnu99 -c -Os  -fPIC -DPIC -DPIC conftest.c >&5
configure:14972: $? = 0
configure:14985: result: yes
configure:15014: checking if i486-TSOL-linux-gnu-gcc -std=gnu99 static flag -static works
configure:15042: result: yes
configure:15057: checking if i486-TSOL-linux-gnu-gcc -std=gnu99 supports -c -o file.o
configure:15078: i486-TSOL-linux-gnu-gcc -std=gnu99 -c -Os  -o out/conftest2.o conftest.c >&5
configure:15082: $? = 0
configure:15104: result: yes
configure:15112: checking if i486-TSOL-linux-gnu-gcc -std=gnu99 supports -c -o file.o
configure:15159: result: yes
configure:15192: checking whether the i486-TSOL-linux-gnu-gcc -std=gnu99 linker (i486-TSOL-linux-gnu-ld) supports shared libraries
configure:16451: result: yes
configure:16488: checking whether -lc should be explicitly linked in
configure:16496: i486-TSOL-linux-gnu-gcc -std=gnu99 -c -Os  conftest.c >&5
configure:16499: $? = 0
configure:16514: i486-TSOL-linux-gnu-gcc -std=gnu99 -shared  -fPIC -DPIC conftest.o  -v -Wl,-soname -Wl,conftest -o conftest 2\>\&1 \| /usr/bin/grep  -lc  \>/dev/null 2\>\&1
configure:16517: $? = 0
configure:16531: result: no
configure:16691: checking dynamic linker characteristics
configure:17285: i486-TSOL-linux-gnu-gcc -std=gnu99 -o conftest -Os  -static-libgcc -Wl,-rpath -Wl,/foo conftest.c  >&5
configure:17285: $? = 0
configure:17522: result: GNU/Linux ld.so
configure:17644: checking how to hardcode library paths into programs
configure:17669: result: immediate
configure:18217: checking whether stripping libraries is possible
configure:18222: result: yes
configure:18257: checking if libtool supports shared libraries
configure:18259: result: yes
configure:18262: checking whether to build shared libraries
configure:18287: result: yes
configure:18290: checking whether to build static libraries
configure:18294: result: no
configure:18373: i486-TSOL-linux-gnu-gcc -std=gnu99 -c -Os -I/usr/local/include/xorg  conftest.c >&5
configure:18373: $? = 0
configure:18380: checking if XINERAMA is defined
configure:18382: result: yes
configure:18408: i486-TSOL-linux-gnu-gcc -std=gnu99 -c -Os -I/usr/local/include/xorg  conftest.c >&5
configure:18408: $? = 0
configure:18415: checking if RANDR is defined
configure:18417: result: yes
configure:18443: i486-TSOL-linux-gnu-gcc -std=gnu99 -c -Os -I/usr/local/include/xorg  conftest.c >&5
configure:18443: $? = 0
configure:18450: checking if RENDER is defined
configure:18452: result: yes
configure:18478: i486-TSOL-linux-gnu-gcc -std=gnu99 -c -Os -I/usr/local/include/xorg  conftest.c >&5
configure:18478: $? = 0
configure:18485: checking if XV is defined
configure:18487: result: yes
configure:18513: i486-TSOL-linux-gnu-gcc -std=gnu99 -c -Os -I/usr/local/include/xorg  conftest.c >&5
configure:18513: $? = 0
configure:18520: checking if DPMSExtension is defined
configure:18522: result: yes
configure:18532: checking for XORG
configure:18539: $PKG_CONFIG --exists --print-errors "xorg-server >= 1.0.99.901 xproto fontsproto xf86dgaproto >= 2.1 $REQUIRED_MODULES"
configure:18542: $? = 0
configure:18556: $PKG_CONFIG --exists --print-errors "xorg-server >= 1.0.99.901 xproto fontsproto xf86dgaproto >= 2.1 $REQUIRED_MODULES"
configure:18559: $? = 0
configure:18617: result: yes
configure:18623: checking for XEXT
configure:18630: $PKG_CONFIG --exists --print-errors "xextproto >= 7.0.99.1"
configure:18633: $? = 0
configure:18647: $PKG_CONFIG --exists --print-errors "xextproto >= 7.0.99.1"
configure:18650: $? = 0
configure:18688: result: yes
configure:18708: checking for /usr/local/include/xorg/dri.h
configure:18722: result: yes
configure:18731: checking for /usr/local/include/xorg/sarea.h
configure:18745: result: yes
configure:18754: checking for /usr/local/include/xorg/dristruct.h
configure:18768: result: yes
configure:18778: checking whether to include DRI support
configure:18789: result: yes
configure:18803: checking for DRI
configure:18810: $PKG_CONFIG --exists --print-errors "libdrm >= 2.0 xf86driproto"
configure:18813: $? = 0
configure:18827: $PKG_CONFIG --exists --print-errors "libdrm >= 2.0 xf86driproto"
configure:18830: $? = 0
configure:18888: result: yes
configure:18914: checking xaa.h usability
configure:18914: i486-TSOL-linux-gnu-gcc -std=gnu99 -c -fvisibility=hidden -I/usr/local/include/xorg -I/usr/xorg/include -I/usr/xorg/include/pixman-1 -I/usr/xorg/include/X11/dri -I/usr/xorg/include/libdrm   -fvisibility=hidden -I/usr/local/include/xorg -I/usr/xorg/include -I/usr/xorg/include/pixman-1 -I/usr/xorg/include/X11/dri -I/usr/xorg/include/libdrm   conftest.c >&5
conftest.c:62:17: fatal error: xaa.h: No such file or directory
compilation terminated.
configure:18914: $? = 1
configure: failed program was:
| /* confdefs.h */
| #define PACKAGE_NAME "xf86-video-sis"
| #define PACKAGE_TARNAME "xf86-video-sis"
| #define PACKAGE_VERSION "0.10.8"
| #define PACKAGE_STRING "xf86-video-sis 0.10.8"
| #define PACKAGE_BUGREPORT "https://bugs.freedesktop.org/enter_bug.cgi?product=xorg"
| #define PACKAGE_URL ""
| #define PACKAGE "xf86-video-sis"
| #define VERSION "0.10.8"
| #define STDC_HEADERS 1
| #define HAVE_SYS_TYPES_H 1
| #define HAVE_SYS_STAT_H 1
| #define HAVE_STDLIB_H 1
| #define HAVE_STRING_H 1
| #define HAVE_MEMORY_H 1
| #define HAVE_STRINGS_H 1
| #define HAVE_INTTYPES_H 1
| #define HAVE_STDINT_H 1
| #define HAVE_UNISTD_H 1
| #define PACKAGE_VERSION_MAJOR 0
| #define PACKAGE_VERSION_MINOR 10
| #define PACKAGE_VERSION_PATCHLEVEL 8
| #define HAVE_DLFCN_H 1
| #define LT_OBJDIR ".libs/"
| #define HAVE_XEXTPROTO_71 1
| #define SISDRI 1
| #define SISDRI_DEVEL 1
| /* end confdefs.h.  */
| #include <stdio.h>
| #ifdef HAVE_SYS_TYPES_H
| # include <sys/types.h>
| #endif
| #ifdef HAVE_SYS_STAT_H
| # include <sys/stat.h>
| #endif
| #ifdef STDC_HEADERS
| # include <stdlib.h>
| # include <stddef.h>
| #else
| # ifdef HAVE_STDLIB_H
| #  include <stdlib.h>
| # endif
| #endif
| #ifdef HAVE_STRING_H
| # if !defined STDC_HEADERS && defined HAVE_MEMORY_H
| #  include <memory.h>
| # endif
| # include <string.h>
| #endif
| #ifdef HAVE_STRINGS_H
| # include <strings.h>
| #endif
| #ifdef HAVE_INTTYPES_H
| # include <inttypes.h>
| #endif
| #ifdef HAVE_STDINT_H
| # include <stdint.h>
| #endif
| #ifdef HAVE_UNISTD_H
| # include <unistd.h>
| #endif
| #include <xaa.h>
configure:18914: result: no
configure:18914: checking xaa.h presence
configure:18914: i486-TSOL-linux-gnu-gcc -std=gnu99 -E -fvisibility=hidden -I/usr/local/include/xorg -I/usr/xorg/include -I/usr/xorg/include/pixman-1 -I/usr/xorg/include/X11/dri -I/usr/xorg/include/libdrm   conftest.c
conftest.c:29:17: fatal error: xaa.h: No such file or directory
compilation terminated.
configure:18914: $? = 1
configure: failed program was:
| /* confdefs.h */
| #define PACKAGE_NAME "xf86-video-sis"
| #define PACKAGE_TARNAME "xf86-video-sis"
| #define PACKAGE_VERSION "0.10.8"
| #define PACKAGE_STRING "xf86-video-sis 0.10.8"
| #define PACKAGE_BUGREPORT "https://bugs.freedesktop.org/enter_bug.cgi?product=xorg"
| #define PACKAGE_URL ""
| #define PACKAGE "xf86-video-sis"
| #define VERSION "0.10.8"
| #define STDC_HEADERS 1
| #define HAVE_SYS_TYPES_H 1
| #define HAVE_SYS_STAT_H 1
| #define HAVE_STDLIB_H 1
| #define HAVE_STRING_H 1
| #define HAVE_MEMORY_H 1
| #define HAVE_STRINGS_H 1
| #define HAVE_INTTYPES_H 1
| #define HAVE_STDINT_H 1
| #define HAVE_UNISTD_H 1
| #define PACKAGE_VERSION_MAJOR 0
| #define PACKAGE_VERSION_MINOR 10
| #define PACKAGE_VERSION_PATCHLEVEL 8
| #define HAVE_DLFCN_H 1
| #define LT_OBJDIR ".libs/"
| #define HAVE_XEXTPROTO_71 1
| #define SISDRI 1
| #define SISDRI_DEVEL 1
| /* end confdefs.h.  */
| #include <xaa.h>
configure:18914: result: no
configure:18914: checking for xaa.h
configure:18914: result: no
configure:18929: checking whether to include XAA support
configure:18939: result: no
configure:18949: checking whether XSERVER_LIBPCIACCESS is declared
configure:18949: i486-TSOL-linux-gnu-gcc -std=gnu99 -c -Os  -fvisibility=hidden -I/usr/local/include/xorg -I/usr/xorg/include -I/usr/xorg/include/pixman-1 -I/usr/xorg/include/X11/dri -I/usr/xorg/include/libdrm   conftest.c >&5
configure:18949: $? = 0
configure:18949: result: yes
configure:18962: checking for PCIACCESS
configure:18969: $PKG_CONFIG --exists --print-errors "pciaccess >= 0.12.901"
configure:18972: $? = 0
configure:18986: $PKG_CONFIG --exists --print-errors "pciaccess >= 0.12.901"
configure:18989: $? = 0
configure:19047: result: yes
configure:19219: creating ./config.status

## ---------------------- ##
## Running config.status. ##
## ---------------------- ##

This file was extended by xf86-video-sis config.status 0.10.8, which was
generated by GNU Autoconf 2.69.  Invocation command line was

  CONFIG_FILES    = 
  CONFIG_HEADERS  = 
  CONFIG_LINKS    = 
  CONFIG_COMMANDS = 
  $ ./config.status 

on ubuntu4

config.status:1144: creating Makefile
config.status:1144: creating src/Makefile
config.status:1144: creating man/Makefile
config.status:1144: creating config.h
config.status:1373: executing depfiles commands
config.status:1373: executing libtool commands

## ---------------- ##
## Cache variables. ##
## ---------------- ##

ac_cv_build=i686-pc-linux-gnu
ac_cv_c_compiler_gnu=yes
ac_cv_env_CC_set=set
ac_cv_env_CC_value=i486-TSOL-linux-gnu-gcc
ac_cv_env_CFLAGS_set=set
ac_cv_env_CFLAGS_value=-Os
ac_cv_env_CPPFLAGS_set=
ac_cv_env_CPPFLAGS_value=
ac_cv_env_CPP_set=
ac_cv_env_CPP_value=
ac_cv_env_DRI_CFLAGS_set=
ac_cv_env_DRI_CFLAGS_value=
ac_cv_env_DRI_LIBS_set=
ac_cv_env_DRI_LIBS_value=
ac_cv_env_LDFLAGS_set=set
ac_cv_env_LDFLAGS_value=-static-libgcc
ac_cv_env_LIBS_set=
ac_cv_env_LIBS_value=
ac_cv_env_LT_SYS_LIBRARY_PATH_set=
ac_cv_env_LT_SYS_LIBRARY_PATH_value=
ac_cv_env_PCIACCESS_CFLAGS_set=
ac_cv_env_PCIACCESS_CFLAGS_value=
ac_cv_env_PCIACCESS_LIBS_set=
ac_cv_env_PCIACCESS_LIBS_value=
ac_cv_env_PKG_CONFIG_LIBDIR_set=
ac_cv_env_PKG_CONFIG_LIBDIR_value=
ac_cv_env_PKG_CONFIG_PATH_set=set
ac_cv_env_PKG_CONFIG_PATH_value=/usr/local/share/pkgconfig:/usr/local/lib/pkgconfig:/usr/xorg/lib/pkgconfig:/usr/xorg/share/pkgconfig:
ac_cv_env_PKG_CONFIG_set=
ac_cv_env_PKG_CONFIG_value=
ac_cv_env_XEXT_CFLAGS_set=
ac_cv_env_XEXT_CFLAGS_value=
ac_cv_env_XEXT_LIBS_set=
ac_cv_env_XEXT_LIBS_value=
ac_cv_env_XORG_CFLAGS_set=
ac_cv_env_XORG_CFLAGS_value=
ac_cv_env_XORG_LIBS_set=
ac_cv_env_XORG_LIBS_value=
ac_cv_env_build_alias_set=
ac_cv_env_build_alias_value=
ac_cv_env_host_alias_set=
ac_cv_env_host_alias_value=
ac_cv_env_target_alias_set=
ac_cv_env_target_alias_value=
ac_cv_file__usr_local_include_xorg_dri_h=yes
ac_cv_file__usr_local_include_xorg_dristruct_h=yes
ac_cv_file__usr_local_include_xorg_sarea_h=yes
ac_cv_have_decl_XSERVER_LIBPCIACCESS=yes
ac_cv_have_decl___INTEL_COMPILER=no
ac_cv_have_decl___SUNPRO_C=no
ac_cv_have_decl___clang__=no
ac_cv_header_dlfcn_h=yes
ac_cv_header_inttypes_h=yes
ac_cv_header_memory_h=yes
ac_cv_header_stdc=yes
ac_cv_header_stdint_h=yes
ac_cv_header_stdlib_h=yes
ac_cv_header_string_h=yes
ac_cv_header_strings_h=yes
ac_cv_header_sys_stat_h=yes
ac_cv_header_sys_types_h=yes
ac_cv_header_unistd_h=yes
ac_cv_header_xaa_h=no
ac_cv_host=i686-pc-linux-gnu
ac_cv_objext=o
ac_cv_path_EGREP='/usr/bin/grep -E'
ac_cv_path_FGREP='/usr/bin/grep -F'
ac_cv_path_GREP=/usr/bin/grep
ac_cv_path_SED=/usr/bin/sed
ac_cv_path_ac_pt_PKG_CONFIG=/usr/bin/pkg-config
ac_cv_path_install='/bin/install -c'
ac_cv_path_lt_DD=/bin/dd
ac_cv_path_mkdir=/bin/mkdir
ac_cv_prog_AWK=gawk
ac_cv_prog_CPP='i486-TSOL-linux-gnu-gcc -std=gnu99 -E'
ac_cv_prog_ac_ct_AR=ar
ac_cv_prog_ac_ct_CC=i486-TSOL-linux-gnu-gcc
ac_cv_prog_ac_ct_OBJDUMP=objdump
ac_cv_prog_ac_ct_RANLIB=ranlib
ac_cv_prog_ac_ct_STRIP=strip
ac_cv_prog_cc_c89=
ac_cv_prog_cc_c99=-std=gnu99
ac_cv_prog_cc_g=yes
ac_cv_prog_make_make_set=yes
am_cv_CC_dependencies_compiler_type=gcc3
am_cv_make_support_nested_variables=yes
lt_cv_ar_at_file=@
lt_cv_archive_cmds_need_lc=no
lt_cv_deplibs_check_method=pass_all
lt_cv_file_magic_cmd='$MAGIC_CMD'
lt_cv_file_magic_test_file=
lt_cv_ld_reload_flag=-r
lt_cv_nm_interface='BSD nm'
lt_cv_objdir=.libs
lt_cv_path_LD=i486-TSOL-linux-gnu-ld
lt_cv_path_NM='/toolchain/i486-TSOL-linux-gnu/bin//nm -B'
lt_cv_path_mainfest_tool=no
lt_cv_prog_compiler_c_o=yes
lt_cv_prog_compiler_pic='-fPIC -DPIC'
lt_cv_prog_compiler_pic_works=yes
lt_cv_prog_compiler_rtti_exceptions=no
lt_cv_prog_compiler_static_works=yes
lt_cv_prog_gnu_ld=yes
lt_cv_sharedlib_from_linklib_cmd='printf %s\n'
lt_cv_shlibpath_overrides_runpath=yes
lt_cv_sys_global_symbol_pipe='sed -n -e '\''s/^.*[	 ]\([ABCDGIRSTW][ABCDGIRSTW]*\)[	 ][	 ]*\([_A-Za-z][_A-Za-z0-9]*\)$/\1 \2 \2/p'\'' | sed '\''/ __gnu_lto/d'\'''
lt_cv_sys_global_symbol_to_c_name_address='sed -n -e '\''s/^: \(.*\) .*$/  {"\1", (void *) 0},/p'\'' -e '\''s/^[ABCDGIRSTW][ABCDGIRSTW]* .* \(.*\)$/  {"\1", (void *) \&\1},/p'\'''
lt_cv_sys_global_symbol_to_c_name_address_lib_prefix='sed -n -e '\''s/^: \(.*\) .*$/  {"\1", (void *) 0},/p'\'' -e '\''s/^[ABCDGIRSTW][ABCDGIRSTW]* .* \(lib.*\)$/  {"\1", (void *) \&\1},/p'\'' -e '\''s/^[ABCDGIRSTW][ABCDGIRSTW]* .* \(.*\)$/  {"lib\1", (void *) \&\1},/p'\'''
lt_cv_sys_global_symbol_to_cdecl='sed -n -e '\''s/^T .* \(.*\)$/extern int \1();/p'\'' -e '\''s/^[ABCDGIRSTW][ABCDGIRSTW]* .* \(.*\)$/extern char \1;/p'\'''
lt_cv_sys_global_symbol_to_import=
lt_cv_sys_max_cmd_len=1572864
lt_cv_to_host_file_cmd=func_convert_file_noop
lt_cv_to_tool_file_cmd=func_convert_file_noop
lt_cv_truncate_bin='/bin/dd bs=4096 count=1'
pkg_cv_DRI_CFLAGS='-I/usr/xorg/include -I/usr/xorg/include/libdrm -I/usr/xorg/include/X11/dri  '
pkg_cv_DRI_LIBS='-L/usr/xorg/lib -ldrm  '
pkg_cv_PCIACCESS_CFLAGS='-I/usr/xorg/include  '
pkg_cv_PCIACCESS_LIBS='-L/usr/xorg/lib -lpciaccess  '
pkg_cv_XEXT_CFLAGS='-I/usr/xorg/include  '
pkg_cv_XEXT_LIBS=' '
pkg_cv_XORG_CFLAGS='-fvisibility=hidden -I/usr/local/include/xorg -I/usr/xorg/include -I/usr/xorg/include/pixman-1 -I/usr/xorg/include/X11/dri -I/usr/xorg/include/libdrm  '
pkg_cv_XORG_LIBS='-L/usr/local/lib  '
xorg_cv_cc_flag__Wall=yes
xorg_cv_cc_flag__Wbad_function_cast=yes
xorg_cv_cc_flag__Wdeclaration_after_statement=yes
xorg_cv_cc_flag__Werror=yes
xorg_cv_cc_flag__Werror_address=yes
xorg_cv_cc_flag__Werror_array_bounds=yes
xorg_cv_cc_flag__Werror_attributes=yes
xorg_cv_cc_flag__Werror_implicit=yes
xorg_cv_cc_flag__Werror_init_self=yes
xorg_cv_cc_flag__Werror_int_to_pointer_cast=yes
xorg_cv_cc_flag__Werror_main=yes
xorg_cv_cc_flag__Werror_missing_braces=yes
xorg_cv_cc_flag__Werror_nonnull=yes
xorg_cv_cc_flag__Werror_pointer_to_int_cast=yes
xorg_cv_cc_flag__Werror_return_type=yes
xorg_cv_cc_flag__Werror_sequence_point=yes
xorg_cv_cc_flag__Werror_trigraphs=yes
xorg_cv_cc_flag__Werror_write_strings=yes
xorg_cv_cc_flag__Wformat_2=yes
xorg_cv_cc_flag__Wlogical_op=yes
xorg_cv_cc_flag__Wmissing_declarations=yes
xorg_cv_cc_flag__Wmissing_format_attribute=yes
xorg_cv_cc_flag__Wmissing_noreturn=yes
xorg_cv_cc_flag__Wmissing_prototypes=yes
xorg_cv_cc_flag__Wnested_externs=yes
xorg_cv_cc_flag__Wold_style_definition=yes
xorg_cv_cc_flag__Wpointer_arith=yes
xorg_cv_cc_flag__Wredundant_decls=yes
xorg_cv_cc_flag__Wshadow=yes
xorg_cv_cc_flag__Wstrict_prototypes=yes
xorg_cv_cc_flag__Wuninitialized=yes
xorg_cv_cc_flag__Wunused=yes
xorg_cv_cc_flag__pedantic=yes
xorg_cv_cc_flag_unknown_warning_option=no
xorg_cv_cc_flag_unused_command_line_argument=no

## ----------------- ##
## Output variables. ##
## ----------------- ##

ACLOCAL='aclocal -I /usr/local/share/aclocal'
ADMIN_MAN_DIR='$(mandir)/man$(ADMIN_MAN_SUFFIX)'
ADMIN_MAN_SUFFIX='8'
AMDEPBACKSLASH='\'
AMDEP_FALSE='#'
AMDEP_TRUE=''
AMTAR='$${TAR-tar}'
AM_BACKSLASH='\'
AM_DEFAULT_V='$(AM_DEFAULT_VERBOSITY)'
AM_DEFAULT_VERBOSITY='0'
AM_V='$(V)'
APP_MAN_DIR='$(mandir)/man$(APP_MAN_SUFFIX)'
APP_MAN_SUFFIX='1'
AR='ar'
AUTOCONF='${SHELL} /source/xorg-ponix4/driver/xf86-video-sis-0.10.8/missing --run autoconf'
AUTOHEADER='${SHELL} /source/xorg-ponix4/driver/xf86-video-sis-0.10.8/missing --run autoheader'
AUTOMAKE='${SHELL} /source/xorg-ponix4/driver/xf86-video-sis-0.10.8/missing --run automake-1.11'
AWK='gawk'
BASE_CFLAGS=' -Wall -Wpointer-arith -Wmissing-declarations -Wformat=2 -Wstrict-prototypes -Wmissing-prototypes -Wnested-externs -Wbad-function-cast -Wold-style-definition -Wdeclaration-after-statement -Wunused -Wuninitialized -Wshadow -Wmissing-noreturn -Wmissing-format-attribute -Wredundant-decls -Wlogical-op -Werror=implicit -Werror=nonnull -Werror=init-self -Werror=main -Werror=missing-braces -Werror=sequence-point -Werror=return-type -Werror=trigraphs -Werror=array-bounds -Werror=write-strings -Werror=address -Werror=int-to-pointer-cast -Werror=pointer-to-int-cast'
CC='i486-TSOL-linux-gnu-gcc -std=gnu99'
CCDEPMODE='depmode=gcc3'
CFLAGS='-Os'
CHANGELOG_CMD='(GIT_DIR=$(top_srcdir)/.git git log > $(top_srcdir)/.changelog.tmp && mv $(top_srcdir)/.changelog.tmp $(top_srcdir)/ChangeLog) || (rm -f $(top_srcdir)/.changelog.tmp; touch $(top_srcdir)/ChangeLog; echo '\''git directory not found: installing possibly empty changelog.'\'' >&2)'
CPP='i486-TSOL-linux-gnu-gcc -std=gnu99 -E'
CPPFLAGS=''
CWARNFLAGS=' -Wall -Wpointer-arith -Wmissing-declarations -Wformat=2 -Wstrict-prototypes -Wmissing-prototypes -Wnested-externs -Wbad-function-cast -Wold-style-definition -Wdeclaration-after-statement -Wunused -Wuninitialized -Wshadow -Wmissing-noreturn -Wmissing-format-attribute -Wredundant-decls -Wlogical-op -Werror=implicit -Werror=nonnull -Werror=init-self -Werror=main -Werror=missing-braces -Werror=sequence-point -Werror=return-type -Werror=trigraphs -Werror=array-bounds -Werror=write-strings -Werror=address -Werror=int-to-pointer-cast -Werror=pointer-to-int-cast -fno-strict-aliasing'
CYGPATH_W='echo'
DEFS='-DHAVE_CONFIG_H'
DEPDIR='.deps'
DLLTOOL='false'
DRIVER_MAN_DIR='$(mandir)/man$(DRIVER_MAN_SUFFIX)'
DRIVER_MAN_SUFFIX='4'
DRIVER_NAME='sis'
DRI_CFLAGS='-I/usr/xorg/include -I/usr/xorg/include/libdrm -I/usr/xorg/include/X11/dri  '
DRI_FALSE='#'
DRI_LIBS='-L/usr/xorg/lib -ldrm  '
DRI_TRUE=''
DSYMUTIL=''
DUMPBIN=''
ECHO_C=''
ECHO_N='-n'
ECHO_T=''
EGREP='/usr/bin/grep -E'
EXEEXT=''
FGREP='/usr/bin/grep -F'
FILE_MAN_DIR='$(mandir)/man$(FILE_MAN_SUFFIX)'
FILE_MAN_SUFFIX='5'
GREP='/usr/bin/grep'
HAVE_XEXTPROTO_71_FALSE='#'
HAVE_XEXTPROTO_71_TRUE=''
INSTALL_CMD='(cp -f /usr/local/share/util-macros/INSTALL $(top_srcdir)/.INSTALL.tmp && mv $(top_srcdir)/.INSTALL.tmp $(top_srcdir)/INSTALL) || (rm -f $(top_srcdir)/.INSTALL.tmp; touch $(top_srcdir)/INSTALL; echo '\''util-macros "pkgdatadir" from xorg-macros.pc not found: installing possibly empty INSTALL.'\'' >&2)'
INSTALL_DATA='${INSTALL} -m 644'
INSTALL_PROGRAM='${INSTALL}'
INSTALL_SCRIPT='${INSTALL}'
INSTALL_STRIP_PROGRAM='$(install_sh) -c -s'
LD='i486-TSOL-linux-gnu-ld'
LDFLAGS='-static-libgcc'
LIBOBJS=''
LIBS=''
LIBTOOL='$(SHELL) $(top_builddir)/libtool'
LIB_MAN_DIR='$(mandir)/man$(LIB_MAN_SUFFIX)'
LIB_MAN_SUFFIX='3'
LIPO=''
LN_S='ln -s'
LTLIBOBJS=''
LT_SYS_LIBRARY_PATH=''
MAINT='#'
MAINTAINER_MODE_FALSE=''
MAINTAINER_MODE_TRUE='#'
MAKEINFO='${SHELL} /source/xorg-ponix4/driver/xf86-video-sis-0.10.8/missing --run makeinfo'
MANIFEST_TOOL=':'
MAN_SUBSTS='	-e '\''s|__vendorversion__|"$(PACKAGE_STRING)" "$(XORG_MAN_PAGE)"|'\'' 	-e '\''s|__xorgversion__|"$(PACKAGE_STRING)" "$(XORG_MAN_PAGE)"|'\'' 	-e '\''s|__xservername__|Xorg|g'\'' 	-e '\''s|__xconfigfile__|xorg.conf|g'\'' 	-e '\''s|__projectroot__|$(prefix)|g'\'' 	-e '\''s|__apploaddir__|$(appdefaultdir)|g'\'' 	-e '\''s|__appmansuffix__|$(APP_MAN_SUFFIX)|g'\'' 	-e '\''s|__drivermansuffix__|$(DRIVER_MAN_SUFFIX)|g'\'' 	-e '\''s|__adminmansuffix__|$(ADMIN_MAN_SUFFIX)|g'\'' 	-e '\''s|__libmansuffix__|$(LIB_MAN_SUFFIX)|g'\'' 	-e '\''s|__miscmansuffix__|$(MISC_MAN_SUFFIX)|g'\'' 	-e '\''s|__filemansuffix__|$(FILE_MAN_SUFFIX)|g'\'''
MISC_MAN_DIR='$(mandir)/man$(MISC_MAN_SUFFIX)'
MISC_MAN_SUFFIX='7'
MKDIR_P='/bin/mkdir -p'
NM='/toolchain/i486-TSOL-linux-gnu/bin//nm -B'
NMEDIT=''
OBJDUMP='objdump'
OBJEXT='o'
OTOOL64=''
OTOOL=''
PACKAGE='xf86-video-sis'
PACKAGE_BUGREPORT='https://bugs.freedesktop.org/enter_bug.cgi?product=xorg'
PACKAGE_NAME='xf86-video-sis'
PACKAGE_STRING='xf86-video-sis 0.10.8'
PACKAGE_TARNAME='xf86-video-sis'
PACKAGE_URL=''
PACKAGE_VERSION='0.10.8'
PATH_SEPARATOR=':'
PCIACCESS_CFLAGS='-I/usr/xorg/include  '
PCIACCESS_LIBS='-L/usr/xorg/lib -lpciaccess  '
PKG_CONFIG='/usr/bin/pkg-config'
PKG_CONFIG_LIBDIR=''
PKG_CONFIG_PATH='/usr/local/share/pkgconfig:/usr/local/lib/pkgconfig:/usr/xorg/lib/pkgconfig:/usr/xorg/share/pkgconfig:'
RANLIB='ranlib'
SED='/usr/bin/sed'
SET_MAKE=''
SHELL='/bin/sh'
STRICT_CFLAGS=' -pedantic -Werror -Werror=attributes'
STRIP='strip'
VERSION='0.10.8'
XAA_FALSE=''
XAA_TRUE='#'
XEXT_CFLAGS='-I/usr/xorg/include  '
XEXT_LIBS=' '
XORG_CFLAGS='-fvisibility=hidden -I/usr/local/include/xorg -I/usr/xorg/include -I/usr/xorg/include/pixman-1 -I/usr/xorg/include/X11/dri -I/usr/xorg/include/libdrm   -I/usr/xorg/include  '
XORG_LIBS='-L/usr/local/lib  '
XORG_MAN_PAGE='X Version 11'
XSERVER_LIBPCIACCESS_FALSE='#'
XSERVER_LIBPCIACCESS_TRUE=''
ac_ct_AR='ar'
ac_ct_CC='i486-TSOL-linux-gnu-gcc'
ac_ct_DUMPBIN=''
am__EXEEXT_FALSE=''
am__EXEEXT_TRUE='#'
am__fastdepCC_FALSE='#'
am__fastdepCC_TRUE=''
am__include='include'
am__isrc=''
am__leading_dot='.'
am__nodep='_no'
am__quote=''
am__tar='$${TAR-tar} chof - "$$tardir"'
am__untar='$${TAR-tar} xf -'
bindir='${exec_prefix}/bin'
build='i686-pc-linux-gnu'
build_alias=''
build_cpu='i686'
build_os='linux-gnu'
build_vendor='pc'
datadir='${datarootdir}'
datarootdir='${prefix}/share'
docdir='${datarootdir}/doc/${PACKAGE_TARNAME}'
dvidir='${docdir}'
exec_prefix='${prefix}'
host='i686-pc-linux-gnu'
host_alias=''
host_cpu='i686'
host_os='linux-gnu'
host_vendor='pc'
htmldir='${docdir}'
includedir='${prefix}/include'
infodir='${datarootdir}/info'
install_sh='${SHELL} /source/xorg-ponix4/driver/xf86-video-sis-0.10.8/install-sh'
libdir='${exec_prefix}/lib'
libexecdir='${exec_prefix}/libexec'
localedir='${datarootdir}/locale'
localstatedir='${prefix}/var'
mandir='${datarootdir}/man'
mkdir_p='/bin/mkdir -p'
moduledir='${exec_prefix}/lib/xorg/modules'
oldincludedir='/usr/include'
pdfdir='${docdir}'
prefix='/usr/local'
program_transform_name='s,x,x,'
psdir='${docdir}'
sbindir='${exec_prefix}/sbin'
sharedstatedir='${prefix}/com'
sysconfdir='${prefix}/etc'
target_alias=''

## ----------- ##
## confdefs.h. ##
## ----------- ##

/* confdefs.h */
#define PACKAGE_NAME "xf86-video-sis"
#define PACKAGE_TARNAME "xf86-video-sis"
#define PACKAGE_VERSION "0.10.8"
#define PACKAGE_STRING "xf86-video-sis 0.10.8"
#define PACKAGE_BUGREPORT "https://bugs.freedesktop.org/enter_bug.cgi?product=xorg"
#define PACKAGE_URL ""
#define PACKAGE "xf86-video-sis"
#define VERSION "0.10.8"
#define STDC_HEADERS 1
#define HAVE_SYS_TYPES_H 1
#define HAVE_SYS_STAT_H 1
#define HAVE_STDLIB_H 1
#define HAVE_STRING_H 1
#define HAVE_MEMORY_H 1
#define HAVE_STRINGS_H 1
#define HAVE_INTTYPES_H 1
#define HAVE_STDINT_H 1
#define HAVE_UNISTD_H 1
#define PACKAGE_VERSION_MAJOR 0
#define PACKAGE_VERSION_MINOR 10
#define PACKAGE_VERSION_PATCHLEVEL 8
#define HAVE_DLFCN_H 1
#define LT_OBJDIR ".libs/"
#define HAVE_XEXTPROTO_71 1
#define SISDRI 1
#define SISDRI_DEVEL 1
#define XF86EXA 1

configure: exit 0
