This file contains any messages produced by compilers while
running configure, to aid debugging if configure makes a mistake.

It was created by configure, which was
generated by GNU Autoconf 2.69.  Invocation command line was

  $ ./configure --prefix=/atftp --enable-debug

## --------- ##
## Platform. ##
## --------- ##

hostname = ubuntu4
uname -m = i686
uname -r = 3.2.16-030216-generic
uname -s = Linux
uname -v = #201204221935 SMP Sun Apr 22 23:42:49 UTC 2012

/usr/bin/uname -p = unknown
/bin/uname -X     = unknown

/bin/arch              = unknown
/usr/bin/arch -k       = unknown
/usr/convex/getsysinfo = unknown
/usr/bin/hostinfo      = unknown
/bin/machine           = unknown
/usr/bin/oslevel       = unknown
/bin/universe          = unknown

PATH: /source/docbook-xsl-1.76.1/tools/bin
PATH: /bin
PATH: /sbin
PATH: /usr/bin
PATH: /usr/sbin
PATH: /usr/bin/X11
PATH: /usr/local/bin
PATH: /toolchain/bin
PATH: /toolchain/i486-TSOL-linux-gnu/bin/
PATH: /root/.local/bin
PATH: /usr/xorg/bin


## ----------- ##
## Core tests. ##
## ----------- ##

configure:2255: checking for a BSD-compatible install
configure:2323: result: /bin/install -c
configure:2334: checking whether build environment is sane
configure:2389: result: yes
configure:2540: checking for a thread-safe mkdir -p
configure:2579: result: /bin/mkdir -p
configure:2586: checking for gawk
configure:2602: found /usr/bin/gawk
configure:2613: result: gawk
configure:2624: checking whether make sets $(MAKE)
configure:2646: result: yes
configure:2744: checking build system type
configure:2758: result: i686-pc-linux-gnu
configure:2778: checking host system type
configure:2791: result: i686-pc-linux-gnu
configure:2917: checking for gcc
configure:2944: result: i486-TSOL-linux-gnu-gcc
configure:3173: checking for C compiler version
configure:3182: i486-TSOL-linux-gnu-gcc --version >&5
i486-TSOL-linux-gnu-gcc (crosstool-NG 1.15.2) 4.6.3
Copyright (C) 2011 Free Software Foundation, Inc.
This is free software; see the source for copying conditions.  There is NO
warranty; not even for MERCHANTABILITY or FITNESS FOR A PARTICULAR PURPOSE.

configure:3193: $? = 0
configure:3182: i486-TSOL-linux-gnu-gcc -v >&5
Using built-in specs.
COLLECT_GCC=i486-TSOL-linux-gnu-gcc
COLLECT_LTO_WRAPPER=/toolchain/libexec/gcc/i486-TSOL-linux-gnu/4.6.3/lto-wrapper
Target: i486-TSOL-linux-gnu
Configured with: /TSOL/crosstool-ng-1.15.2/bin/.build/src/gcc-4.6.3/configure --build=i686-build_pc-linux-gnu --host=i686-build_pc-linux-gnu --target=i486-TSOL-linux-gnu --prefix=/toolchain --with-sysroot=/toolchain/i486-TSOL-linux-gnu/sysroot --enable-languages=c,c++ --with-arch=i486 --with-pkgversion='crosstool-NG 1.15.2' --enable-__cxa_atexit --disable-libmudflap --disable-libgomp --disable-libssp --with-gmp=/TSOL/crosstool-ng-1.15.2/bin/.build/i486-TSOL-linux-gnu/buildtools --with-mpfr=/TSOL/crosstool-ng-1.15.2/bin/.build/i486-TSOL-linux-gnu/buildtools --with-mpc=/TSOL/crosstool-ng-1.15.2/bin/.build/i486-TSOL-linux-gnu/buildtools --with-ppl=/TSOL/crosstool-ng-1.15.2/bin/.build/i486-TSOL-linux-gnu/buildtools --with-cloog=/TSOL/crosstool-ng-1.15.2/bin/.build/i486-TSOL-linux-gnu/buildtools --with-libelf=no --with-host-libstdcxx='-static-libgcc -Wl,-Bstatic,-lstdc++,-Bdynamic -lm -L/TSOL/crosstool-ng-1.15.2/bin/.build/i486-TSOL-linux-gnu/buildtools/lib -lpwl' --enable-threads=posix --enable-target-optspace --disable-multilib --with-local-prefix=/toolchain/i486-TSOL-linux-gnu/sysroot --enable-c99 --enable-long-long
Thread model: posix
gcc version 4.6.3 (crosstool-NG 1.15.2) 
configure:3193: $? = 0
configure:3182: i486-TSOL-linux-gnu-gcc -V >&5
i486-TSOL-linux-gnu-gcc: error: unrecognized option '-V'
i486-TSOL-linux-gnu-gcc: fatal error: no input files
compilation terminated.
configure:3193: $? = 1
configure:3182: i486-TSOL-linux-gnu-gcc -qversion >&5
i486-TSOL-linux-gnu-gcc: error: unrecognized option '-qversion'
i486-TSOL-linux-gnu-gcc: fatal error: no input files
compilation terminated.
configure:3193: $? = 1
configure:3213: checking whether the C compiler works
configure:3235: i486-TSOL-linux-gnu-gcc -Os  -static-libgcc conftest.c  >&5
configure:3239: $? = 0
configure:3287: result: yes
configure:3290: checking for C compiler default output file name
configure:3292: result: a.out
configure:3298: checking for suffix of executables
configure:3305: i486-TSOL-linux-gnu-gcc -o conftest -Os  -static-libgcc conftest.c  >&5
configure:3309: $? = 0
configure:3331: result: 
configure:3353: checking whether we are cross compiling
configure:3361: i486-TSOL-linux-gnu-gcc -o conftest -Os  -static-libgcc conftest.c  >&5
configure:3365: $? = 0
configure:3372: ./conftest
configure:3376: $? = 0
configure:3391: result: no
configure:3396: checking for suffix of object files
configure:3418: i486-TSOL-linux-gnu-gcc -c -Os  conftest.c >&5
configure:3422: $? = 0
configure:3443: result: o
configure:3447: checking whether we are using the GNU C compiler
configure:3466: i486-TSOL-linux-gnu-gcc -c -Os  conftest.c >&5
configure:3466: $? = 0
configure:3475: result: yes
configure:3484: checking whether i486-TSOL-linux-gnu-gcc accepts -g
configure:3504: i486-TSOL-linux-gnu-gcc -c -g  conftest.c >&5
configure:3504: $? = 0
configure:3545: result: yes
configure:3562: checking for i486-TSOL-linux-gnu-gcc option to accept ISO C89
configure:3625: i486-TSOL-linux-gnu-gcc  -c -Os  conftest.c >&5
configure:3625: $? = 0
configure:3638: result: none needed
configure:3669: checking for style of include used by make
configure:3697: result: GNU
configure:3723: checking dependency style of i486-TSOL-linux-gnu-gcc
configure:3834: result: gcc3
configure:3855: checking how to run the C preprocessor
configure:3886: i486-TSOL-linux-gnu-gcc -E  conftest.c
configure:3886: $? = 0
configure:3900: i486-TSOL-linux-gnu-gcc -E  conftest.c
conftest.c:11:28: fatal error: ac_nonexistent.h: No such file or directory
compilation terminated.
configure:3900: $? = 1
configure: failed program was:
| /* confdefs.h */
| #define PACKAGE_NAME ""
| #define PACKAGE_TARNAME ""
| #define PACKAGE_VERSION ""
| #define PACKAGE_STRING ""
| #define PACKAGE_BUGREPORT ""
| #define PACKAGE_URL ""
| #define PACKAGE "atftp"
| #define VERSION "0.7.1"
| /* end confdefs.h.  */
| #include <ac_nonexistent.h>
configure:3925: result: i486-TSOL-linux-gnu-gcc -E
configure:3945: i486-TSOL-linux-gnu-gcc -E  conftest.c
configure:3945: $? = 0
configure:3959: i486-TSOL-linux-gnu-gcc -E  conftest.c
conftest.c:11:28: fatal error: ac_nonexistent.h: No such file or directory
compilation terminated.
configure:3959: $? = 1
configure: failed program was:
| /* confdefs.h */
| #define PACKAGE_NAME ""
| #define PACKAGE_TARNAME ""
| #define PACKAGE_VERSION ""
| #define PACKAGE_STRING ""
| #define PACKAGE_BUGREPORT ""
| #define PACKAGE_URL ""
| #define PACKAGE "atftp"
| #define VERSION "0.7.1"
| /* end confdefs.h.  */
| #include <ac_nonexistent.h>
configure:3988: checking for grep that handles long lines and -e
configure:4046: result: /usr/bin/grep
configure:4051: checking for egrep
configure:4113: result: /usr/bin/grep -E
configure:4118: checking for ANSI C header files
configure:4138: i486-TSOL-linux-gnu-gcc -c -Os  conftest.c >&5
configure:4138: $? = 0
configure:4211: i486-TSOL-linux-gnu-gcc -o conftest -Os  -static-libgcc conftest.c  >&5
configure:4211: $? = 0
configure:4211: ./conftest
configure:4211: $? = 0
configure:4222: result: yes
configure:4235: checking for sys/types.h
configure:4235: i486-TSOL-linux-gnu-gcc -c -Os  conftest.c >&5
configure:4235: $? = 0
configure:4235: result: yes
configure:4235: checking for sys/stat.h
configure:4235: i486-TSOL-linux-gnu-gcc -c -Os  conftest.c >&5
configure:4235: $? = 0
configure:4235: result: yes
configure:4235: checking for stdlib.h
configure:4235: i486-TSOL-linux-gnu-gcc -c -Os  conftest.c >&5
configure:4235: $? = 0
configure:4235: result: yes
configure:4235: checking for string.h
configure:4235: i486-TSOL-linux-gnu-gcc -c -Os  conftest.c >&5
configure:4235: $? = 0
configure:4235: result: yes
configure:4235: checking for memory.h
configure:4235: i486-TSOL-linux-gnu-gcc -c -Os  conftest.c >&5
configure:4235: $? = 0
configure:4235: result: yes
configure:4235: checking for strings.h
configure:4235: i486-TSOL-linux-gnu-gcc -c -Os  conftest.c >&5
configure:4235: $? = 0
configure:4235: result: yes
configure:4235: checking for inttypes.h
configure:4235: i486-TSOL-linux-gnu-gcc -c -Os  conftest.c >&5
configure:4235: $? = 0
configure:4235: result: yes
configure:4235: checking for stdint.h
configure:4235: i486-TSOL-linux-gnu-gcc -c -Os  conftest.c >&5
configure:4235: $? = 0
configure:4235: result: yes
configure:4235: checking for unistd.h
configure:4235: i486-TSOL-linux-gnu-gcc -c -Os  conftest.c >&5
configure:4235: $? = 0
configure:4235: result: yes
configure:4248: checking minix/config.h usability
configure:4248: i486-TSOL-linux-gnu-gcc -c -Os  conftest.c >&5
conftest.c:54:26: fatal error: minix/config.h: No such file or directory
compilation terminated.
configure:4248: $? = 1
configure: failed program was:
| /* confdefs.h */
| #define PACKAGE_NAME ""
| #define PACKAGE_TARNAME ""
| #define PACKAGE_VERSION ""
| #define PACKAGE_STRING ""
| #define PACKAGE_BUGREPORT ""
| #define PACKAGE_URL ""
| #define PACKAGE "atftp"
| #define VERSION "0.7.1"
| #define STDC_HEADERS 1
| #define HAVE_SYS_TYPES_H 1
| #define HAVE_SYS_STAT_H 1
| #define HAVE_STDLIB_H 1
| #define HAVE_STRING_H 1
| #define HAVE_MEMORY_H 1
| #define HAVE_STRINGS_H 1
| #define HAVE_INTTYPES_H 1
| #define HAVE_STDINT_H 1
| #define HAVE_UNISTD_H 1
| /* end confdefs.h.  */
| #include <stdio.h>
| #ifdef HAVE_SYS_TYPES_H
| # include <sys/types.h>
| #endif
| #ifdef HAVE_SYS_STAT_H
| # include <sys/stat.h>
| #endif
| #ifdef STDC_HEADERS
| # include <stdlib.h>
| # include <stddef.h>
| #else
| # ifdef HAVE_STDLIB_H
| #  include <stdlib.h>
| # endif
| #endif
| #ifdef HAVE_STRING_H
| # if !defined STDC_HEADERS && defined HAVE_MEMORY_H
| #  include <memory.h>
| # endif
| # include <string.h>
| #endif
| #ifdef HAVE_STRINGS_H
| # include <strings.h>
| #endif
| #ifdef HAVE_INTTYPES_H
| # include <inttypes.h>
| #endif
| #ifdef HAVE_STDINT_H
| # include <stdint.h>
| #endif
| #ifdef HAVE_UNISTD_H
| # include <unistd.h>
| #endif
| #include <minix/config.h>
configure:4248: result: no
configure:4248: checking minix/config.h presence
configure:4248: i486-TSOL-linux-gnu-gcc -E  conftest.c
conftest.c:21:26: fatal error: minix/config.h: No such file or directory
compilation terminated.
configure:4248: $? = 1
configure: failed program was:
| /* confdefs.h */
| #define PACKAGE_NAME ""
| #define PACKAGE_TARNAME ""
| #define PACKAGE_VERSION ""
| #define PACKAGE_STRING ""
| #define PACKAGE_BUGREPORT ""
| #define PACKAGE_URL ""
| #define PACKAGE "atftp"
| #define VERSION "0.7.1"
| #define STDC_HEADERS 1
| #define HAVE_SYS_TYPES_H 1
| #define HAVE_SYS_STAT_H 1
| #define HAVE_STDLIB_H 1
| #define HAVE_STRING_H 1
| #define HAVE_MEMORY_H 1
| #define HAVE_STRINGS_H 1
| #define HAVE_INTTYPES_H 1
| #define HAVE_STDINT_H 1
| #define HAVE_UNISTD_H 1
| /* end confdefs.h.  */
| #include <minix/config.h>
configure:4248: result: no
configure:4248: checking for minix/config.h
configure:4248: result: no
configure:4269: checking whether it is safe to define __EXTENSIONS__
configure:4287: i486-TSOL-linux-gnu-gcc -c -Os  conftest.c >&5
configure:4287: $? = 0
configure:4294: result: yes
configure:4335: checking whether make sets $(MAKE)
configure:4357: result: yes
configure:4374: checking for pthread_create in -lpthread
configure:4399: i486-TSOL-linux-gnu-gcc -o conftest -g -Wall -D_REENTRANT -O0 -DDEBUG  -static-libgcc conftest.c -lpthread   >&5
configure:4399: $? = 0
configure:4408: result: yes
configure:4419: checking for tgetent in -lreadline
configure:4444: i486-TSOL-linux-gnu-gcc -o conftest -g -Wall -D_REENTRANT -O0 -DDEBUG  -static-libgcc conftest.c -lreadline   >&5
/tmp/ccC4tvRT.o: In function `main':
/source/atftp-0.7.1/conftest.c:38: undefined reference to `tgetent'
/toolchain/i486-TSOL-linux-gnu/sysroot/usr/lib/libreadline.so: undefined reference to `PC'
/toolchain/i486-TSOL-linux-gnu/sysroot/usr/lib/libreadline.so: undefined reference to `tgetflag'
/toolchain/i486-TSOL-linux-gnu/sysroot/usr/lib/libreadline.so: undefined reference to `UP'
/toolchain/i486-TSOL-linux-gnu/sysroot/usr/lib/libreadline.so: undefined reference to `tputs'
/toolchain/i486-TSOL-linux-gnu/sysroot/usr/lib/libreadline.so: undefined reference to `tgoto'
/toolchain/i486-TSOL-linux-gnu/sysroot/usr/lib/libreadline.so: undefined reference to `tgetnum'
/toolchain/i486-TSOL-linux-gnu/sysroot/usr/lib/libreadline.so: undefined reference to `BC'
/toolchain/i486-TSOL-linux-gnu/sysroot/usr/lib/libreadline.so: undefined reference to `tgetstr'
collect2: ld returned 1 exit status
configure:4444: $? = 1
configure: failed program was:
| /* confdefs.h */
| #define PACKAGE_NAME ""
| #define PACKAGE_TARNAME ""
| #define PACKAGE_VERSION ""
| #define PACKAGE_STRING ""
| #define PACKAGE_BUGREPORT ""
| #define PACKAGE_URL ""
| #define PACKAGE "atftp"
| #define VERSION "0.7.1"
| #define STDC_HEADERS 1
| #define HAVE_SYS_TYPES_H 1
| #define HAVE_SYS_STAT_H 1
| #define HAVE_STDLIB_H 1
| #define HAVE_STRING_H 1
| #define HAVE_MEMORY_H 1
| #define HAVE_STRINGS_H 1
| #define HAVE_INTTYPES_H 1
| #define HAVE_STDINT_H 1
| #define HAVE_UNISTD_H 1
| #define __EXTENSIONS__ 1
| #define _ALL_SOURCE 1
| #define _GNU_SOURCE 1
| #define _POSIX_PTHREAD_SEMANTICS 1
| #define _TANDEM_SOURCE 1
| #define HAVE_MTFTP 1
| /* end confdefs.h.  */
| 
| /* Override any GCC internal prototype to avoid an error.
|    Use char because int might match the return type of a GCC
|    builtin and then its argument prototype would still apply.  */
| #ifdef __cplusplus
| extern "C"
| #endif
| char tgetent ();
| int
| main ()
| {
| return tgetent ();
|   ;
|   return 0;
| }
configure:4453: result: no
configure:4458: checking for tgetent in -lncurses
configure:4483: i486-TSOL-linux-gnu-gcc -o conftest -g -Wall -D_REENTRANT -O0 -DDEBUG  -static-libgcc conftest.c -lncurses   >&5
configure:4483: $? = 0
configure:4492: result: yes
configure:4587: checking for readline in -lreadline
configure:4612: i486-TSOL-linux-gnu-gcc -o conftest -g -Wall -D_REENTRANT -O0 -DDEBUG  -static-libgcc conftest.c -lreadline -lncurses  >&5
configure:4612: $? = 0
configure:4621: result: yes
configure:4635: checking for rl_completion_matches in -lreadline
configure:4660: i486-TSOL-linux-gnu-gcc -o conftest -g -Wall -D_REENTRANT -O0 -DDEBUG  -static-libgcc conftest.c -lreadline -lncurses  >&5
configure:4660: $? = 0
configure:4669: result: yes
configure:4728: checking for hosts_ctl in -lwrap
configure:4746: i486-TSOL-linux-gnu-gcc -o conftest -g -Wall -D_REENTRANT -O0 -DDEBUG  -static-libgcc conftest.c -lnsl -lwrap >&5
conftest.c:30:26: fatal error: tcpd.h: No such file or directory
compilation terminated.
configure:4746: $? = 1
configure: failed program was:
| /* confdefs.h */
| #define PACKAGE_NAME ""
| #define PACKAGE_TARNAME ""
| #define PACKAGE_VERSION ""
| #define PACKAGE_STRING ""
| #define PACKAGE_BUGREPORT ""
| #define PACKAGE_URL ""
| #define PACKAGE "atftp"
| #define VERSION "0.7.1"
| #define STDC_HEADERS 1
| #define HAVE_SYS_TYPES_H 1
| #define HAVE_SYS_STAT_H 1
| #define HAVE_STDLIB_H 1
| #define HAVE_STRING_H 1
| #define HAVE_MEMORY_H 1
| #define HAVE_STRINGS_H 1
| #define HAVE_INTTYPES_H 1
| #define HAVE_STDINT_H 1
| #define HAVE_UNISTD_H 1
| #define __EXTENSIONS__ 1
| #define _ALL_SOURCE 1
| #define _GNU_SOURCE 1
| #define _POSIX_PTHREAD_SEMANTICS 1
| #define _TANDEM_SOURCE 1
| #define HAVE_MTFTP 1
| #define HAVE_READLINE 1
| #define HAVE_RL_COMPLETION_MATCHES 1
| /* end confdefs.h.  */
| 
|         #include <tcpd.h>
|         int allow_severity;
|         int deny_severity;
| 
| int
| main ()
| {
| hosts_ctl("", STRING_UNKNOWN, STRING_UNKNOWN, STRING_UNKNOWN);
| 
|   ;
|   return 0;
| }
configure:4758: result: no
configure:4768: checking for pcre_version in -lpcre
configure:4793: i486-TSOL-linux-gnu-gcc -o conftest -g -Wall -D_REENTRANT -O0 -DDEBUG  -static-libgcc conftest.c -lpcre   >&5
/toolchain/lib/gcc/i486-TSOL-linux-gnu/4.6.3/../../../../i486-TSOL-linux-gnu/bin/ld: cannot find -lpcre
collect2: ld returned 1 exit status
configure:4793: $? = 1
configure: failed program was:
| /* confdefs.h */
| #define PACKAGE_NAME ""
| #define PACKAGE_TARNAME ""
| #define PACKAGE_VERSION ""
| #define PACKAGE_STRING ""
| #define PACKAGE_BUGREPORT ""
| #define PACKAGE_URL ""
| #define PACKAGE "atftp"
| #define VERSION "0.7.1"
| #define STDC_HEADERS 1
| #define HAVE_SYS_TYPES_H 1
| #define HAVE_SYS_STAT_H 1
| #define HAVE_STDLIB_H 1
| #define HAVE_STRING_H 1
| #define HAVE_MEMORY_H 1
| #define HAVE_STRINGS_H 1
| #define HAVE_INTTYPES_H 1
| #define HAVE_STDINT_H 1
| #define HAVE_UNISTD_H 1
| #define __EXTENSIONS__ 1
| #define _ALL_SOURCE 1
| #define _GNU_SOURCE 1
| #define _POSIX_PTHREAD_SEMANTICS 1
| #define _TANDEM_SOURCE 1
| #define HAVE_MTFTP 1
| #define HAVE_READLINE 1
| #define HAVE_RL_COMPLETION_MATCHES 1
| /* end confdefs.h.  */
| 
| /* Override any GCC internal prototype to avoid an error.
|    Use char because int might match the return type of a GCC
|    builtin and then its argument prototype would still apply.  */
| #ifdef __cplusplus
| extern "C"
| #endif
| char pcre_version ();
| int
| main ()
| {
| return pcre_version ();
|   ;
|   return 0;
| }
configure:4802: result: no
configure:4814: checking for ANSI C header files
configure:4918: result: yes
configure:4929: checking sys/time.h usability
configure:4929: i486-TSOL-linux-gnu-gcc -c -g -Wall -D_REENTRANT -O0 -DDEBUG  conftest.c >&5
configure:4929: $? = 0
configure:4929: result: yes
configure:4929: checking sys/time.h presence
configure:4929: i486-TSOL-linux-gnu-gcc -E  conftest.c
configure:4929: $? = 0
configure:4929: result: yes
configure:4929: checking for sys/time.h
configure:4929: result: yes
configure:4929: checking for sys/types.h
configure:4929: result: yes
configure:4929: checking sys/socket.h usability
configure:4929: i486-TSOL-linux-gnu-gcc -c -g -Wall -D_REENTRANT -O0 -DDEBUG  conftest.c >&5
configure:4929: $? = 0
configure:4929: result: yes
configure:4929: checking sys/socket.h presence
configure:4929: i486-TSOL-linux-gnu-gcc -E  conftest.c
configure:4929: $? = 0
configure:4929: result: yes
configure:4929: checking for sys/socket.h
configure:4929: result: yes
configure:4942: checking arpa/inet.h usability
configure:4942: i486-TSOL-linux-gnu-gcc -c -g -Wall -D_REENTRANT -O0 -DDEBUG  conftest.c >&5
configure:4942: $? = 0
configure:4942: result: yes
configure:4942: checking arpa/inet.h presence
configure:4942: i486-TSOL-linux-gnu-gcc -E  conftest.c
configure:4942: $? = 0
configure:4942: result: yes
configure:4942: checking for arpa/inet.h
configure:4942: result: yes
configure:4942: checking arpa/tftp.h usability
configure:4942: i486-TSOL-linux-gnu-gcc -c -g -Wall -D_REENTRANT -O0 -DDEBUG  conftest.c >&5
configure:4942: $? = 0
configure:4942: result: yes
configure:4942: checking arpa/tftp.h presence
configure:4942: i486-TSOL-linux-gnu-gcc -E  conftest.c
configure:4942: $? = 0
configure:4942: result: yes
configure:4942: checking for arpa/tftp.h
configure:4942: result: yes
configure:4955: checking getopt.h usability
configure:4955: i486-TSOL-linux-gnu-gcc -c -g -Wall -D_REENTRANT -O0 -DDEBUG  conftest.c >&5
configure:4955: $? = 0
configure:4955: result: yes
configure:4955: checking getopt.h presence
configure:4955: i486-TSOL-linux-gnu-gcc -E  conftest.c
configure:4955: $? = 0
configure:4955: result: yes
configure:4955: checking for getopt.h
configure:4955: result: yes
configure:4955: checking for unistd.h
configure:4955: result: yes
configure:4955: checking signal.h usability
configure:4955: i486-TSOL-linux-gnu-gcc -c -g -Wall -D_REENTRANT -O0 -DDEBUG  conftest.c >&5
configure:4955: $? = 0
configure:4955: result: yes
configure:4955: checking signal.h presence
configure:4955: i486-TSOL-linux-gnu-gcc -E  conftest.c
configure:4955: $? = 0
configure:4955: result: yes
configure:4955: checking for signal.h
configure:4955: result: yes
configure:4955: checking pthread.h usability
configure:4955: i486-TSOL-linux-gnu-gcc -c -g -Wall -D_REENTRANT -O0 -DDEBUG  conftest.c >&5
configure:4955: $? = 0
configure:4955: result: yes
configure:4955: checking pthread.h presence
configure:4955: i486-TSOL-linux-gnu-gcc -E  conftest.c
configure:4955: $? = 0
configure:4955: result: yes
configure:4955: checking for pthread.h
configure:4955: result: yes
configure:4955: checking argz.h usability
configure:4955: i486-TSOL-linux-gnu-gcc -c -g -Wall -D_REENTRANT -O0 -DDEBUG  conftest.c >&5
configure:4955: $? = 0
configure:4955: result: yes
configure:4955: checking argz.h presence
configure:4955: i486-TSOL-linux-gnu-gcc -E  conftest.c
configure:4955: $? = 0
configure:4955: result: yes
configure:4955: checking for argz.h
configure:4955: result: yes
configure:4967: checking netdb.h usability
configure:4967: i486-TSOL-linux-gnu-gcc -c -g -Wall -D_REENTRANT -O0 -DDEBUG  conftest.c >&5
configure:4967: $? = 0
configure:4967: result: yes
configure:4967: checking netdb.h presence
configure:4967: i486-TSOL-linux-gnu-gcc -E  conftest.c
configure:4967: $? = 0
configure:4967: result: yes
configure:4967: checking for netdb.h
configure:4967: result: yes
configure:4979: checking readline/readline.h usability
configure:4979: i486-TSOL-linux-gnu-gcc -c -g -Wall -D_REENTRANT -O0 -DDEBUG  conftest.c >&5
configure:4979: $? = 0
configure:4979: result: yes
configure:4979: checking readline/readline.h presence
configure:4979: i486-TSOL-linux-gnu-gcc -E  conftest.c
configure:4979: $? = 0
configure:4979: result: yes
configure:4979: checking for readline/readline.h
configure:4979: result: yes
configure:4991: checking readline/history.h usability
configure:4991: i486-TSOL-linux-gnu-gcc -c -g -Wall -D_REENTRANT -O0 -DDEBUG  conftest.c >&5
configure:4991: $? = 0
configure:4991: result: yes
configure:4991: checking readline/history.h presence
configure:4991: i486-TSOL-linux-gnu-gcc -E  conftest.c
configure:4991: $? = 0
configure:4991: result: yes
configure:4991: checking for readline/history.h
configure:4991: result: yes
configure:5004: checking tcpd.h usability
configure:5004: i486-TSOL-linux-gnu-gcc -c -g -Wall -D_REENTRANT -O0 -DDEBUG  conftest.c >&5
conftest.c:76:18: fatal error: tcpd.h: No such file or directory
compilation terminated.
configure:5004: $? = 1
configure: failed program was:
| /* confdefs.h */
| #define PACKAGE_NAME ""
| #define PACKAGE_TARNAME ""
| #define PACKAGE_VERSION ""
| #define PACKAGE_STRING ""
| #define PACKAGE_BUGREPORT ""
| #define PACKAGE_URL ""
| #define PACKAGE "atftp"
| #define VERSION "0.7.1"
| #define STDC_HEADERS 1
| #define HAVE_SYS_TYPES_H 1
| #define HAVE_SYS_STAT_H 1
| #define HAVE_STDLIB_H 1
| #define HAVE_STRING_H 1
| #define HAVE_MEMORY_H 1
| #define HAVE_STRINGS_H 1
| #define HAVE_INTTYPES_H 1
| #define HAVE_STDINT_H 1
| #define HAVE_UNISTD_H 1
| #define __EXTENSIONS__ 1
| #define _ALL_SOURCE 1
| #define _GNU_SOURCE 1
| #define _POSIX_PTHREAD_SEMANTICS 1
| #define _TANDEM_SOURCE 1
| #define HAVE_MTFTP 1
| #define HAVE_READLINE 1
| #define HAVE_RL_COMPLETION_MATCHES 1
| #define STDC_HEADERS 1
| #define HAVE_SYS_TIME_H 1
| #define HAVE_SYS_TYPES_H 1
| #define HAVE_SYS_SOCKET_H 1
| #define HAVE_ARPA_INET_H 1
| #define HAVE_ARPA_TFTP_H 1
| #define HAVE_GETOPT_H 1
| #define HAVE_UNISTD_H 1
| #define HAVE_SIGNAL_H 1
| #define HAVE_PTHREAD_H 1
| #define HAVE_ARGZ_H 1
| #define HAVE_NETDB_H 1
| #define HAVE_READLINE_READLINE_H 1
| #define HAVE_READLINE_HISTORY_H 1
| /* end confdefs.h.  */
| #include <stdio.h>
| #ifdef HAVE_SYS_TYPES_H
| # include <sys/types.h>
| #endif
| #ifdef HAVE_SYS_STAT_H
| # include <sys/stat.h>
| #endif
| #ifdef STDC_HEADERS
| # include <stdlib.h>
| # include <stddef.h>
| #else
| # ifdef HAVE_STDLIB_H
| #  include <stdlib.h>
| # endif
| #endif
| #ifdef HAVE_STRING_H
| # if !defined STDC_HEADERS && defined HAVE_MEMORY_H
| #  include <memory.h>
| # endif
| # include <string.h>
| #endif
| #ifdef HAVE_STRINGS_H
| # include <strings.h>
| #endif
| #ifdef HAVE_INTTYPES_H
| # include <inttypes.h>
| #endif
| #ifdef HAVE_STDINT_H
| # include <stdint.h>
| #endif
| #ifdef HAVE_UNISTD_H
| # include <unistd.h>
| #endif
| #include <tcpd.h>
configure:5004: result: no
configure:5004: checking tcpd.h presence
configure:5004: i486-TSOL-linux-gnu-gcc -E  conftest.c
conftest.c:43:18: fatal error: tcpd.h: No such file or directory
compilation terminated.
configure:5004: $? = 1
configure: failed program was:
| /* confdefs.h */
| #define PACKAGE_NAME ""
| #define PACKAGE_TARNAME ""
| #define PACKAGE_VERSION ""
| #define PACKAGE_STRING ""
| #define PACKAGE_BUGREPORT ""
| #define PACKAGE_URL ""
| #define PACKAGE "atftp"
| #define VERSION "0.7.1"
| #define STDC_HEADERS 1
| #define HAVE_SYS_TYPES_H 1
| #define HAVE_SYS_STAT_H 1
| #define HAVE_STDLIB_H 1
| #define HAVE_STRING_H 1
| #define HAVE_MEMORY_H 1
| #define HAVE_STRINGS_H 1
| #define HAVE_INTTYPES_H 1
| #define HAVE_STDINT_H 1
| #define HAVE_UNISTD_H 1
| #define __EXTENSIONS__ 1
| #define _ALL_SOURCE 1
| #define _GNU_SOURCE 1
| #define _POSIX_PTHREAD_SEMANTICS 1
| #define _TANDEM_SOURCE 1
| #define HAVE_MTFTP 1
| #define HAVE_READLINE 1
| #define HAVE_RL_COMPLETION_MATCHES 1
| #define STDC_HEADERS 1
| #define HAVE_SYS_TIME_H 1
| #define HAVE_SYS_TYPES_H 1
| #define HAVE_SYS_SOCKET_H 1
| #define HAVE_ARPA_INET_H 1
| #define HAVE_ARPA_TFTP_H 1
| #define HAVE_GETOPT_H 1
| #define HAVE_UNISTD_H 1
| #define HAVE_SIGNAL_H 1
| #define HAVE_PTHREAD_H 1
| #define HAVE_ARGZ_H 1
| #define HAVE_NETDB_H 1
| #define HAVE_READLINE_READLINE_H 1
| #define HAVE_READLINE_HISTORY_H 1
| /* end confdefs.h.  */
| #include <tcpd.h>
configure:5004: result: no
configure:5004: checking for tcpd.h
configure:5004: result: no
configure:5018: checking pcre.h usability
configure:5018: i486-TSOL-linux-gnu-gcc -c -g -Wall -D_REENTRANT -O0 -DDEBUG  conftest.c >&5
conftest.c:76:18: fatal error: pcre.h: No such file or directory
compilation terminated.
configure:5018: $? = 1
configure: failed program was:
| /* confdefs.h */
| #define PACKAGE_NAME ""
| #define PACKAGE_TARNAME ""
| #define PACKAGE_VERSION ""
| #define PACKAGE_STRING ""
| #define PACKAGE_BUGREPORT ""
| #define PACKAGE_URL ""
| #define PACKAGE "atftp"
| #define VERSION "0.7.1"
| #define STDC_HEADERS 1
| #define HAVE_SYS_TYPES_H 1
| #define HAVE_SYS_STAT_H 1
| #define HAVE_STDLIB_H 1
| #define HAVE_STRING_H 1
| #define HAVE_MEMORY_H 1
| #define HAVE_STRINGS_H 1
| #define HAVE_INTTYPES_H 1
| #define HAVE_STDINT_H 1
| #define HAVE_UNISTD_H 1
| #define __EXTENSIONS__ 1
| #define _ALL_SOURCE 1
| #define _GNU_SOURCE 1
| #define _POSIX_PTHREAD_SEMANTICS 1
| #define _TANDEM_SOURCE 1
| #define HAVE_MTFTP 1
| #define HAVE_READLINE 1
| #define HAVE_RL_COMPLETION_MATCHES 1
| #define STDC_HEADERS 1
| #define HAVE_SYS_TIME_H 1
| #define HAVE_SYS_TYPES_H 1
| #define HAVE_SYS_SOCKET_H 1
| #define HAVE_ARPA_INET_H 1
| #define HAVE_ARPA_TFTP_H 1
| #define HAVE_GETOPT_H 1
| #define HAVE_UNISTD_H 1
| #define HAVE_SIGNAL_H 1
| #define HAVE_PTHREAD_H 1
| #define HAVE_ARGZ_H 1
| #define HAVE_NETDB_H 1
| #define HAVE_READLINE_READLINE_H 1
| #define HAVE_READLINE_HISTORY_H 1
| /* end confdefs.h.  */
| #include <stdio.h>
| #ifdef HAVE_SYS_TYPES_H
| # include <sys/types.h>
| #endif
| #ifdef HAVE_SYS_STAT_H
| # include <sys/stat.h>
| #endif
| #ifdef STDC_HEADERS
| # include <stdlib.h>
| # include <stddef.h>
| #else
| # ifdef HAVE_STDLIB_H
| #  include <stdlib.h>
| # endif
| #endif
| #ifdef HAVE_STRING_H
| # if !defined STDC_HEADERS && defined HAVE_MEMORY_H
| #  include <memory.h>
| # endif
| # include <string.h>
| #endif
| #ifdef HAVE_STRINGS_H
| # include <strings.h>
| #endif
| #ifdef HAVE_INTTYPES_H
| # include <inttypes.h>
| #endif
| #ifdef HAVE_STDINT_H
| # include <stdint.h>
| #endif
| #ifdef HAVE_UNISTD_H
| # include <unistd.h>
| #endif
| #include <pcre.h>
configure:5018: result: no
configure:5018: checking pcre.h presence
configure:5018: i486-TSOL-linux-gnu-gcc -E  conftest.c
conftest.c:43:18: fatal error: pcre.h: No such file or directory
compilation terminated.
configure:5018: $? = 1
configure: failed program was:
| /* confdefs.h */
| #define PACKAGE_NAME ""
| #define PACKAGE_TARNAME ""
| #define PACKAGE_VERSION ""
| #define PACKAGE_STRING ""
| #define PACKAGE_BUGREPORT ""
| #define PACKAGE_URL ""
| #define PACKAGE "atftp"
| #define VERSION "0.7.1"
| #define STDC_HEADERS 1
| #define HAVE_SYS_TYPES_H 1
| #define HAVE_SYS_STAT_H 1
| #define HAVE_STDLIB_H 1
| #define HAVE_STRING_H 1
| #define HAVE_MEMORY_H 1
| #define HAVE_STRINGS_H 1
| #define HAVE_INTTYPES_H 1
| #define HAVE_STDINT_H 1
| #define HAVE_UNISTD_H 1
| #define __EXTENSIONS__ 1
| #define _ALL_SOURCE 1
| #define _GNU_SOURCE 1
| #define _POSIX_PTHREAD_SEMANTICS 1
| #define _TANDEM_SOURCE 1
| #define HAVE_MTFTP 1
| #define HAVE_READLINE 1
| #define HAVE_RL_COMPLETION_MATCHES 1
| #define STDC_HEADERS 1
| #define HAVE_SYS_TIME_H 1
| #define HAVE_SYS_TYPES_H 1
| #define HAVE_SYS_SOCKET_H 1
| #define HAVE_ARPA_INET_H 1
| #define HAVE_ARPA_TFTP_H 1
| #define HAVE_GETOPT_H 1
| #define HAVE_UNISTD_H 1
| #define HAVE_SIGNAL_H 1
| #define HAVE_PTHREAD_H 1
| #define HAVE_ARGZ_H 1
| #define HAVE_NETDB_H 1
| #define HAVE_READLINE_READLINE_H 1
| #define HAVE_READLINE_HISTORY_H 1
| /* end confdefs.h.  */
| #include <pcre.h>
configure:5018: result: no
configure:5018: checking for pcre.h
configure:5018: result: no
configure:5030: checking for an ANSI C-conforming const
configure:5096: i486-TSOL-linux-gnu-gcc -c -g -Wall -D_REENTRANT -O0 -DDEBUG  conftest.c >&5
configure:5096: $? = 0
configure:5103: result: yes
configure:5111: checking for size_t
configure:5111: i486-TSOL-linux-gnu-gcc -c -g -Wall -D_REENTRANT -O0 -DDEBUG  conftest.c >&5
configure:5111: $? = 0
configure:5111: i486-TSOL-linux-gnu-gcc -c -g -Wall -D_REENTRANT -O0 -DDEBUG  conftest.c >&5
conftest.c: In function 'main':
conftest.c:79:21: error: expected expression before ')' token
configure:5111: $? = 1
configure: failed program was:
| /* confdefs.h */
| #define PACKAGE_NAME ""
| #define PACKAGE_TARNAME ""
| #define PACKAGE_VERSION ""
| #define PACKAGE_STRING ""
| #define PACKAGE_BUGREPORT ""
| #define PACKAGE_URL ""
| #define PACKAGE "atftp"
| #define VERSION "0.7.1"
| #define STDC_HEADERS 1
| #define HAVE_SYS_TYPES_H 1
| #define HAVE_SYS_STAT_H 1
| #define HAVE_STDLIB_H 1
| #define HAVE_STRING_H 1
| #define HAVE_MEMORY_H 1
| #define HAVE_STRINGS_H 1
| #define HAVE_INTTYPES_H 1
| #define HAVE_STDINT_H 1
| #define HAVE_UNISTD_H 1
| #define __EXTENSIONS__ 1
| #define _ALL_SOURCE 1
| #define _GNU_SOURCE 1
| #define _POSIX_PTHREAD_SEMANTICS 1
| #define _TANDEM_SOURCE 1
| #define HAVE_MTFTP 1
| #define HAVE_READLINE 1
| #define HAVE_RL_COMPLETION_MATCHES 1
| #define STDC_HEADERS 1
| #define HAVE_SYS_TIME_H 1
| #define HAVE_SYS_TYPES_H 1
| #define HAVE_SYS_SOCKET_H 1
| #define HAVE_ARPA_INET_H 1
| #define HAVE_ARPA_TFTP_H 1
| #define HAVE_GETOPT_H 1
| #define HAVE_UNISTD_H 1
| #define HAVE_SIGNAL_H 1
| #define HAVE_PTHREAD_H 1
| #define HAVE_ARGZ_H 1
| #define HAVE_NETDB_H 1
| #define HAVE_READLINE_READLINE_H 1
| #define HAVE_READLINE_HISTORY_H 1
| /* end confdefs.h.  */
| #include <stdio.h>
| #ifdef HAVE_SYS_TYPES_H
| # include <sys/types.h>
| #endif
| #ifdef HAVE_SYS_STAT_H
| # include <sys/stat.h>
| #endif
| #ifdef STDC_HEADERS
| # include <stdlib.h>
| # include <stddef.h>
| #else
| # ifdef HAVE_STDLIB_H
| #  include <stdlib.h>
| # endif
| #endif
| #ifdef HAVE_STRING_H
| # if !defined STDC_HEADERS && defined HAVE_MEMORY_H
| #  include <memory.h>
| # endif
| # include <string.h>
| #endif
| #ifdef HAVE_STRINGS_H
| # include <strings.h>
| #endif
| #ifdef HAVE_INTTYPES_H
| # include <inttypes.h>
| #endif
| #ifdef HAVE_STDINT_H
| # include <stdint.h>
| #endif
| #ifdef HAVE_UNISTD_H
| # include <unistd.h>
| #endif
| int
| main ()
| {
| if (sizeof ((size_t)))
| 	    return 0;
|   ;
|   return 0;
| }
configure:5111: result: yes
configure:5122: checking whether time.h and sys/time.h may both be included
configure:5142: i486-TSOL-linux-gnu-gcc -c -g -Wall -D_REENTRANT -O0 -DDEBUG  conftest.c >&5
configure:5142: $? = 0
configure:5149: result: yes
configure:5157: checking return type of signal handlers
configure:5175: i486-TSOL-linux-gnu-gcc -c -g -Wall -D_REENTRANT -O0 -DDEBUG  conftest.c >&5
conftest.c: In function 'main':
conftest.c:50:1: error: void value not ignored as it ought to be
configure:5175: $? = 1
configure: failed program was:
| /* confdefs.h */
| #define PACKAGE_NAME ""
| #define PACKAGE_TARNAME ""
| #define PACKAGE_VERSION ""
| #define PACKAGE_STRING ""
| #define PACKAGE_BUGREPORT ""
| #define PACKAGE_URL ""
| #define PACKAGE "atftp"
| #define VERSION "0.7.1"
| #define STDC_HEADERS 1
| #define HAVE_SYS_TYPES_H 1
| #define HAVE_SYS_STAT_H 1
| #define HAVE_STDLIB_H 1
| #define HAVE_STRING_H 1
| #define HAVE_MEMORY_H 1
| #define HAVE_STRINGS_H 1
| #define HAVE_INTTYPES_H 1
| #define HAVE_STDINT_H 1
| #define HAVE_UNISTD_H 1
| #define __EXTENSIONS__ 1
| #define _ALL_SOURCE 1
| #define _GNU_SOURCE 1
| #define _POSIX_PTHREAD_SEMANTICS 1
| #define _TANDEM_SOURCE 1
| #define HAVE_MTFTP 1
| #define HAVE_READLINE 1
| #define HAVE_RL_COMPLETION_MATCHES 1
| #define STDC_HEADERS 1
| #define HAVE_SYS_TIME_H 1
| #define HAVE_SYS_TYPES_H 1
| #define HAVE_SYS_SOCKET_H 1
| #define HAVE_ARPA_INET_H 1
| #define HAVE_ARPA_TFTP_H 1
| #define HAVE_GETOPT_H 1
| #define HAVE_UNISTD_H 1
| #define HAVE_SIGNAL_H 1
| #define HAVE_PTHREAD_H 1
| #define HAVE_ARGZ_H 1
| #define HAVE_NETDB_H 1
| #define HAVE_READLINE_READLINE_H 1
| #define HAVE_READLINE_HISTORY_H 1
| #define TIME_WITH_SYS_TIME 1
| /* end confdefs.h.  */
| #include <sys/types.h>
| #include <signal.h>
| 
| int
| main ()
| {
| return *(signal (0, 0)) (0) == 1;
|   ;
|   return 0;
| }
configure:5182: result: void
configure:5194: checking for strchr
configure:5194: i486-TSOL-linux-gnu-gcc -o conftest -g -Wall -D_REENTRANT -O0 -DDEBUG  -static-libgcc conftest.c  >&5
conftest.c:68:6: warning: conflicting types for built-in function 'strchr' [enabled by default]
configure:5194: $? = 0
configure:5194: result: yes
configure:5194: checking for memcpy
configure:5194: i486-TSOL-linux-gnu-gcc -o conftest -g -Wall -D_REENTRANT -O0 -DDEBUG  -static-libgcc conftest.c  >&5
conftest.c:69:6: warning: conflicting types for built-in function 'memcpy' [enabled by default]
configure:5194: $? = 0
configure:5194: result: yes
configure:5194: checking for strstr
configure:5194: i486-TSOL-linux-gnu-gcc -o conftest -g -Wall -D_REENTRANT -O0 -DDEBUG  -static-libgcc conftest.c  >&5
conftest.c:70:6: warning: conflicting types for built-in function 'strstr' [enabled by default]
configure:5194: $? = 0
configure:5194: result: yes
configure:5194: checking for strcmp
configure:5194: i486-TSOL-linux-gnu-gcc -o conftest -g -Wall -D_REENTRANT -O0 -DDEBUG  -static-libgcc conftest.c  >&5
conftest.c:71:6: warning: conflicting types for built-in function 'strcmp' [enabled by default]
configure:5194: $? = 0
configure:5194: result: yes
configure:5194: checking for strncmp
configure:5194: i486-TSOL-linux-gnu-gcc -o conftest -g -Wall -D_REENTRANT -O0 -DDEBUG  -static-libgcc conftest.c  >&5
conftest.c:72:6: warning: conflicting types for built-in function 'strncmp' [enabled by default]
configure:5194: $? = 0
configure:5194: result: yes
configure:5194: checking for strncpy
configure:5194: i486-TSOL-linux-gnu-gcc -o conftest -g -Wall -D_REENTRANT -O0 -DDEBUG  -static-libgcc conftest.c  >&5
conftest.c:73:6: warning: conflicting types for built-in function 'strncpy' [enabled by default]
configure:5194: $? = 0
configure:5194: result: yes
configure:5194: checking for strlen
configure:5194: i486-TSOL-linux-gnu-gcc -o conftest -g -Wall -D_REENTRANT -O0 -DDEBUG  -static-libgcc conftest.c  >&5
conftest.c:74:6: warning: conflicting types for built-in function 'strlen' [enabled by default]
configure:5194: $? = 0
configure:5194: result: yes
configure:5206: checking for strncasecmp
configure:5206: i486-TSOL-linux-gnu-gcc -o conftest -g -Wall -D_REENTRANT -O0 -DDEBUG  -static-libgcc conftest.c  >&5
conftest.c:75:6: warning: conflicting types for built-in function 'strncasecmp' [enabled by default]
configure:5206: $? = 0
configure:5206: result: yes
configure:5206: checking for strcasecmp
configure:5206: i486-TSOL-linux-gnu-gcc -o conftest -g -Wall -D_REENTRANT -O0 -DDEBUG  -static-libgcc conftest.c  >&5
conftest.c:76:6: warning: conflicting types for built-in function 'strcasecmp' [enabled by default]
configure:5206: $? = 0
configure:5206: result: yes
configure:5206: checking for strncmp
configure:5206: result: yes
configure:5218: checking for socket
configure:5218: i486-TSOL-linux-gnu-gcc -o conftest -g -Wall -D_REENTRANT -O0 -DDEBUG  -static-libgcc conftest.c  >&5
configure:5218: $? = 0
configure:5218: result: yes
configure:5218: checking for gethostbyname
configure:5218: i486-TSOL-linux-gnu-gcc -o conftest -g -Wall -D_REENTRANT -O0 -DDEBUG  -static-libgcc conftest.c  >&5
configure:5218: $? = 0
configure:5218: result: yes
configure:5218: checking for gethostbyname_r
configure:5218: i486-TSOL-linux-gnu-gcc -o conftest -g -Wall -D_REENTRANT -O0 -DDEBUG  -static-libgcc conftest.c  >&5
configure:5218: $? = 0
configure:5218: result: yes
configure:5218: checking for gethostbyaddr
configure:5218: i486-TSOL-linux-gnu-gcc -o conftest -g -Wall -D_REENTRANT -O0 -DDEBUG  -static-libgcc conftest.c  >&5
configure:5218: $? = 0
configure:5218: result: yes
configure:5342: checking that generated files are newer than configure
configure:5348: result: done
configure:5371: creating ./config.status

## ---------------------- ##
## Running config.status. ##
## ---------------------- ##

This file was extended by config.status, which was
generated by GNU Autoconf 2.69.  Invocation command line was

  CONFIG_FILES    = 
  CONFIG_HEADERS  = 
  CONFIG_LINKS    = 
  CONFIG_COMMANDS = 
  $ ./config.status 

on ubuntu4

config.status:905: creating Makefile
config.status:905: creating test/Makefile
config.status:905: creating redhat/atftp.spec
config.status:905: creating config.h
config.status:1134: executing depfiles commands
config.status:1134: executing default-1 commands

## ---------------- ##
## Cache variables. ##
## ---------------- ##

ac_cv_build=i686-pc-linux-gnu
ac_cv_c_compiler_gnu=yes
ac_cv_c_const=yes
ac_cv_env_CC_set=set
ac_cv_env_CC_value=i486-TSOL-linux-gnu-gcc
ac_cv_env_CFLAGS_set=set
ac_cv_env_CFLAGS_value=-Os
ac_cv_env_CPPFLAGS_set=
ac_cv_env_CPPFLAGS_value=
ac_cv_env_CPP_set=
ac_cv_env_CPP_value=
ac_cv_env_LDFLAGS_set=set
ac_cv_env_LDFLAGS_value=-static-libgcc
ac_cv_env_LIBS_set=
ac_cv_env_LIBS_value=
ac_cv_env_build_alias_set=
ac_cv_env_build_alias_value=
ac_cv_env_host_alias_set=
ac_cv_env_host_alias_value=
ac_cv_env_target_alias_set=
ac_cv_env_target_alias_value=
ac_cv_func_gethostbyaddr=yes
ac_cv_func_gethostbyname=yes
ac_cv_func_gethostbyname_r=yes
ac_cv_func_memcpy=yes
ac_cv_func_socket=yes
ac_cv_func_strcasecmp=yes
ac_cv_func_strchr=yes
ac_cv_func_strcmp=yes
ac_cv_func_strlen=yes
ac_cv_func_strncasecmp=yes
ac_cv_func_strncmp=yes
ac_cv_func_strncpy=yes
ac_cv_func_strstr=yes
ac_cv_header_argz_h=yes
ac_cv_header_arpa_inet_h=yes
ac_cv_header_arpa_tftp_h=yes
ac_cv_header_getopt_h=yes
ac_cv_header_inttypes_h=yes
ac_cv_header_memory_h=yes
ac_cv_header_minix_config_h=no
ac_cv_header_netdb_h=yes
ac_cv_header_pcre_h=no
ac_cv_header_pthread_h=yes
ac_cv_header_readline_history_h=yes
ac_cv_header_readline_readline_h=yes
ac_cv_header_signal_h=yes
ac_cv_header_stdc=yes
ac_cv_header_stdint_h=yes
ac_cv_header_stdlib_h=yes
ac_cv_header_string_h=yes
ac_cv_header_strings_h=yes
ac_cv_header_sys_socket_h=yes
ac_cv_header_sys_stat_h=yes
ac_cv_header_sys_time_h=yes
ac_cv_header_sys_types_h=yes
ac_cv_header_tcpd_h=no
ac_cv_header_time=yes
ac_cv_header_unistd_h=yes
ac_cv_host=i686-pc-linux-gnu
ac_cv_lib_ncurses_tgetent=yes
ac_cv_lib_pcre_pcre_version=no
ac_cv_lib_pthread_pthread_create=yes
ac_cv_lib_readline_readline=yes
ac_cv_lib_readline_rl_completion_matches=yes
ac_cv_lib_readline_tgetent=no
ac_cv_objext=o
ac_cv_path_EGREP='/usr/bin/grep -E'
ac_cv_path_GREP=/usr/bin/grep
ac_cv_path_install='/bin/install -c'
ac_cv_path_mkdir=/bin/mkdir
ac_cv_prog_AWK=gawk
ac_cv_prog_CPP='i486-TSOL-linux-gnu-gcc -E'
ac_cv_prog_ac_ct_CC=i486-TSOL-linux-gnu-gcc
ac_cv_prog_cc_c89=
ac_cv_prog_cc_g=yes
ac_cv_prog_make_make_set=yes
ac_cv_safe_to_define___extensions__=yes
ac_cv_type_signal=void
ac_cv_type_size_t=yes
am_cv_CC_dependencies_compiler_type=gcc3

## ----------------- ##
## Output variables. ##
## ----------------- ##

ACLOCAL='${SHELL} /source/atftp-0.7.1/missing --run aclocal-1.12'
AMDEPBACKSLASH='\'
AMDEP_FALSE='#'
AMDEP_TRUE=''
AMTAR='$${TAR-tar}'
AUTOCONF='${SHELL} /source/atftp-0.7.1/missing --run autoconf'
AUTOHEADER='${SHELL} /source/atftp-0.7.1/missing --run autoheader'
AUTOMAKE='${SHELL} /source/atftp-0.7.1/missing --run automake-1.12'
AWK='gawk'
CC='i486-TSOL-linux-gnu-gcc'
CCDEPMODE='depmode=gcc3'
CFLAGS='-g -Wall -D_REENTRANT -O0 -DDEBUG'
CPP='i486-TSOL-linux-gnu-gcc -E'
CPPFLAGS=''
CYGPATH_W='echo'
DEFS='-DHAVE_CONFIG_H'
DEPDIR='.deps'
ECHO_C=''
ECHO_N='-n'
ECHO_T=''
EGREP='/usr/bin/grep -E'
EXEEXT=''
GREP='/usr/bin/grep'
INSTALL_DATA='${INSTALL} -m 644'
INSTALL_PROGRAM='${INSTALL}'
INSTALL_SCRIPT='${INSTALL}'
INSTALL_STRIP_PROGRAM='$(install_sh) -c -s'
ISODATE='2014-11-17'
LDFLAGS='-static-libgcc'
LIBOBJS=''
LIBPCRE=''
LIBPTHREAD='-lpthread'
LIBREADLINE='-lreadline'
LIBS=''
LIBTERMCAP='-lncurses'
LIBWRAP=''
LTLIBOBJS=''
MAKEINFO='${SHELL} /source/atftp-0.7.1/missing --run makeinfo'
MKDIR_P='/bin/mkdir -p'
OBJEXT='o'
PACKAGE='atftp'
PACKAGE_BUGREPORT=''
PACKAGE_NAME=''
PACKAGE_STRING=''
PACKAGE_TARNAME=''
PACKAGE_URL=''
PACKAGE_VERSION=''
PATH_SEPARATOR=':'
PLATFORM='pc-i686-linux-gnu'
SET_MAKE=''
SHELL='/bin/sh'
STRIP=''
VERSION='0.7.1'
ac_ct_CC='i486-TSOL-linux-gnu-gcc'
am__EXEEXT_FALSE=''
am__EXEEXT_TRUE='#'
am__fastdepCC_FALSE='#'
am__fastdepCC_TRUE=''
am__include='include'
am__isrc=''
am__leading_dot='.'
am__nodep='_no'
am__quote=''
am__tar='$${TAR-tar} chof - "$$tardir"'
am__untar='$${TAR-tar} xf -'
bindir='${exec_prefix}/bin'
build='i686-pc-linux-gnu'
build_alias=''
build_cpu='i686'
build_os='linux-gnu'
build_vendor='pc'
datadir='${datarootdir}'
datarootdir='${prefix}/share'
docdir='${datarootdir}/doc/${PACKAGE}'
dvidir='${docdir}'
exec_prefix='${prefix}'
host='i686-pc-linux-gnu'
host_alias=''
host_cpu='i686'
host_os='linux-gnu'
host_vendor='pc'
htmldir='${docdir}'
includedir='${prefix}/include'
infodir='${datarootdir}/info'
install_sh='${SHELL} /source/atftp-0.7.1/install-sh'
libdir='${exec_prefix}/lib'
libexecdir='${exec_prefix}/libexec'
localedir='${datarootdir}/locale'
localstatedir='${prefix}/var'
mandir='${datarootdir}/man'
mkdir_p='$(MKDIR_P)'
oldincludedir='/usr/include'
pdfdir='${docdir}'
prefix='/atftp'
program_transform_name='s,x,x,'
psdir='${docdir}'
sbindir='${exec_prefix}/sbin'
sharedstatedir='${prefix}/com'
sysconfdir='${prefix}/etc'
target_alias=''

## ----------- ##
## confdefs.h. ##
## ----------- ##

/* confdefs.h */
#define PACKAGE_NAME ""
#define PACKAGE_TARNAME ""
#define PACKAGE_VERSION ""
#define PACKAGE_STRING ""
#define PACKAGE_BUGREPORT ""
#define PACKAGE_URL ""
#define PACKAGE "atftp"
#define VERSION "0.7.1"
#define STDC_HEADERS 1
#define HAVE_SYS_TYPES_H 1
#define HAVE_SYS_STAT_H 1
#define HAVE_STDLIB_H 1
#define HAVE_STRING_H 1
#define HAVE_MEMORY_H 1
#define HAVE_STRINGS_H 1
#define HAVE_INTTYPES_H 1
#define HAVE_STDINT_H 1
#define HAVE_UNISTD_H 1
#define __EXTENSIONS__ 1
#define _ALL_SOURCE 1
#define _GNU_SOURCE 1
#define _POSIX_PTHREAD_SEMANTICS 1
#define _TANDEM_SOURCE 1
#define HAVE_MTFTP 1
#define HAVE_READLINE 1
#define HAVE_RL_COMPLETION_MATCHES 1
#define STDC_HEADERS 1
#define HAVE_SYS_TIME_H 1
#define HAVE_SYS_TYPES_H 1
#define HAVE_SYS_SOCKET_H 1
#define HAVE_ARPA_INET_H 1
#define HAVE_ARPA_TFTP_H 1
#define HAVE_GETOPT_H 1
#define HAVE_UNISTD_H 1
#define HAVE_SIGNAL_H 1
#define HAVE_PTHREAD_H 1
#define HAVE_ARGZ_H 1
#define HAVE_NETDB_H 1
#define HAVE_READLINE_READLINE_H 1
#define HAVE_READLINE_HISTORY_H 1
#define TIME_WITH_SYS_TIME 1
#define RETSIGTYPE void
#define HAVE_STRCHR 1
#define HAVE_MEMCPY 1
#define HAVE_STRSTR 1
#define HAVE_STRCMP 1
#define HAVE_STRNCMP 1
#define HAVE_STRNCPY 1
#define HAVE_STRLEN 1
#define HAVE_STRNCASECMP 1
#define HAVE_STRCASECMP 1
#define HAVE_STRNCMP 1
#define HAVE_SOCKET 1
#define HAVE_GETHOSTBYNAME 1
#define HAVE_GETHOSTBYNAME_R 1
#define HAVE_GETHOSTBYADDR 1

configure: exit 0
