This file contains any messages produced by compilers while
running configure, to aid debugging if configure makes a mistake.

It was created by gdk-pixbuf configure 2.23.5, which was
generated by GNU Autoconf 2.68.  Invocation command line was

  $ ./configure --prefix=/usr --x-includes=/usr/xorg/include --x-libraries=/usr/xorg/lib --with-x --disable-gtktest --enable-gtk-doc=no --disable-modules --disable-glibtest --enable-static=no --enable-shared=yes

## --------- ##
## Platform. ##
## --------- ##

hostname = ubuntu4
uname -m = i686
uname -r = 3.2.16-030216-generic
uname -s = Linux
uname -v = #201204221935 SMP Sun Apr 22 23:42:49 UTC 2012

/usr/bin/uname -p = unknown
/bin/uname -X     = unknown

/bin/arch              = unknown
/usr/bin/arch -k       = unknown
/usr/convex/getsysinfo = unknown
/usr/bin/hostinfo      = unknown
/bin/machine           = unknown
/usr/bin/oslevel       = unknown
/bin/universe          = unknown

PATH: /source/docbook-xsl-1.76.1/tools/bin
PATH: /bin
PATH: /sbin
PATH: /usr/bin
PATH: /usr/sbin
PATH: /usr/bin/X11
PATH: /usr/local/bin
PATH: /toolchain/bin
PATH: /toolchain/i486-TSOL-linux-gnu/bin/
PATH: /root/.local/bin
PATH: /usr/xorg/bin


## ----------- ##
## Core tests. ##
## ----------- ##

configure:2498: checking for a BSD-compatible install
configure:2566: result: /bin/install -c
configure:2577: checking whether build environment is sane
configure:2627: result: yes
configure:2768: checking for a thread-safe mkdir -p
configure:2807: result: /bin/mkdir -p
configure:2820: checking for gawk
configure:2836: found /usr/bin/gawk
configure:2847: result: gawk
configure:2858: checking whether make sets $(MAKE)
configure:2880: result: yes
configure:2946: checking how to create a ustar tar archive
configure:2959: tar --version
tar (GNU tar) 1.26
Copyright (C) 2011 Free Software Foundation, Inc.
License GPLv3+: GNU GPL version 3 or later <http://gnu.org/licenses/gpl.html>.
This is free software: you are free to change and redistribute it.
There is NO WARRANTY, to the extent permitted by law.

Written by John Gilmore and Jay Fenlason.
configure:2962: $? = 0
configure:3002: tardir=conftest.dir && eval tar --format=ustar -chf - "$tardir" >conftest.tar
configure:3005: $? = 0
configure:3009: tar -xf - <conftest.tar
configure:3012: $? = 0
configure:3025: result: gnutar
configure:3033: checking whether to disable maintainer-specific portions of Makefiles
configure:3042: result: yes
configure:3159: checking for gcc
configure:3186: result: i486-TSOL-linux-gnu-gcc
configure:3415: checking for C compiler version
configure:3424: i486-TSOL-linux-gnu-gcc --version >&5
i486-TSOL-linux-gnu-gcc (crosstool-NG 1.15.2) 4.6.3
Copyright (C) 2011 Free Software Foundation, Inc.
This is free software; see the source for copying conditions.  There is NO
warranty; not even for MERCHANTABILITY or FITNESS FOR A PARTICULAR PURPOSE.

configure:3435: $? = 0
configure:3424: i486-TSOL-linux-gnu-gcc -v >&5
Using built-in specs.
COLLECT_GCC=i486-TSOL-linux-gnu-gcc
COLLECT_LTO_WRAPPER=/toolchain/libexec/gcc/i486-TSOL-linux-gnu/4.6.3/lto-wrapper
Target: i486-TSOL-linux-gnu
Configured with: /TSOL/crosstool-ng-1.15.2/bin/.build/src/gcc-4.6.3/configure --build=i686-build_pc-linux-gnu --host=i686-build_pc-linux-gnu --target=i486-TSOL-linux-gnu --prefix=/toolchain --with-sysroot=/toolchain/i486-TSOL-linux-gnu/sysroot --enable-languages=c,c++ --with-arch=i486 --with-pkgversion='crosstool-NG 1.15.2' --enable-__cxa_atexit --disable-libmudflap --disable-libgomp --disable-libssp --with-gmp=/TSOL/crosstool-ng-1.15.2/bin/.build/i486-TSOL-linux-gnu/buildtools --with-mpfr=/TSOL/crosstool-ng-1.15.2/bin/.build/i486-TSOL-linux-gnu/buildtools --with-mpc=/TSOL/crosstool-ng-1.15.2/bin/.build/i486-TSOL-linux-gnu/buildtools --with-ppl=/TSOL/crosstool-ng-1.15.2/bin/.build/i486-TSOL-linux-gnu/buildtools --with-cloog=/TSOL/crosstool-ng-1.15.2/bin/.build/i486-TSOL-linux-gnu/buildtools --with-libelf=no --with-host-libstdcxx='-static-libgcc -Wl,-Bstatic,-lstdc++,-Bdynamic -lm -L/TSOL/crosstool-ng-1.15.2/bin/.build/i486-TSOL-linux-gnu/buildtools/lib -lpwl' --enable-threads=posix --enable-target-optspace --disable-multilib --with-local-prefix=/toolchain/i486-TSOL-linux-gnu/sysroot --enable-c99 --enable-long-long
Thread model: posix
gcc version 4.6.3 (crosstool-NG 1.15.2) 
configure:3435: $? = 0
configure:3424: i486-TSOL-linux-gnu-gcc -V >&5
i486-TSOL-linux-gnu-gcc: error: unrecognized option '-V'
i486-TSOL-linux-gnu-gcc: fatal error: no input files
compilation terminated.
configure:3435: $? = 1
configure:3424: i486-TSOL-linux-gnu-gcc -qversion >&5
i486-TSOL-linux-gnu-gcc: error: unrecognized option '-qversion'
i486-TSOL-linux-gnu-gcc: fatal error: no input files
compilation terminated.
configure:3435: $? = 1
configure:3455: checking whether the C compiler works
configure:3477: i486-TSOL-linux-gnu-gcc -Os  -static-libgcc conftest.c  >&5
configure:3481: $? = 0
configure:3529: result: yes
configure:3532: checking for C compiler default output file name
configure:3534: result: a.out
configure:3540: checking for suffix of executables
configure:3547: i486-TSOL-linux-gnu-gcc -o conftest -Os  -static-libgcc conftest.c  >&5
configure:3551: $? = 0
configure:3573: result: 
configure:3595: checking whether we are cross compiling
configure:3603: i486-TSOL-linux-gnu-gcc -o conftest -Os  -static-libgcc conftest.c  >&5
configure:3607: $? = 0
configure:3614: ./conftest
configure:3618: $? = 0
configure:3633: result: no
configure:3638: checking for suffix of object files
configure:3660: i486-TSOL-linux-gnu-gcc -c -Os  conftest.c >&5
configure:3664: $? = 0
configure:3685: result: o
configure:3689: checking whether we are using the GNU C compiler
configure:3708: i486-TSOL-linux-gnu-gcc -c -Os  conftest.c >&5
configure:3708: $? = 0
configure:3717: result: yes
configure:3726: checking whether i486-TSOL-linux-gnu-gcc accepts -g
configure:3746: i486-TSOL-linux-gnu-gcc -c -g  conftest.c >&5
configure:3746: $? = 0
configure:3787: result: yes
configure:3804: checking for i486-TSOL-linux-gnu-gcc option to accept ISO C89
configure:3868: i486-TSOL-linux-gnu-gcc  -c -Os  conftest.c >&5
configure:3868: $? = 0
configure:3881: result: none needed
configure:3912: checking for style of include used by make
configure:3940: result: GNU
configure:3965: checking dependency style of i486-TSOL-linux-gnu-gcc
configure:4075: result: gcc3
configure:4091: checking whether i486-TSOL-linux-gnu-gcc and cc understand -c and -o together
configure:4122: i486-TSOL-linux-gnu-gcc -c conftest.c -o conftest2.o >&5
configure:4126: $? = 0
configure:4132: i486-TSOL-linux-gnu-gcc -c conftest.c -o conftest2.o >&5
configure:4136: $? = 0
configure:4147: cc -c conftest.c >&5
configure:4151: $? = 0
configure:4159: cc -c conftest.c -o conftest2.o >&5
configure:4163: $? = 0
configure:4169: cc -c conftest.c -o conftest2.o >&5
configure:4173: $? = 0
configure:4191: result: yes
configure:4205: checking for i486-TSOL-linux-gnu-gcc option to accept ISO C99
configure:4354: i486-TSOL-linux-gnu-gcc  -c -Os  conftest.c >&5
conftest.c:59:29: error: expected ';', ',' or ')' before 'text'
conftest.c: In function 'main':
conftest.c:113:18: error: expected '=', ',', ';', 'asm' or '__attribute__' before 'newvar'
conftest.c:113:18: error: 'newvar' undeclared (first use in this function)
conftest.c:113:18: note: each undeclared identifier is reported only once for each function it appears in
conftest.c:123:3: error: 'for' loop initial declarations are only allowed in C99 mode
conftest.c:123:3: note: use option -std=c99 or -std=gnu99 to compile your code
configure:4354: $? = 1
configure: failed program was:
| /* confdefs.h */
| #define PACKAGE_NAME "gdk-pixbuf"
| #define PACKAGE_TARNAME "gdk-pixbuf"
| #define PACKAGE_VERSION "2.23.5"
| #define PACKAGE_STRING "gdk-pixbuf 2.23.5"
| #define PACKAGE_BUGREPORT "http://bugzilla.gnome.org/enter_bug.cgi?product=gdk-pixbuf"
| #define PACKAGE_URL ""
| /* end confdefs.h.  */
| #include <stdarg.h>
| #include <stdbool.h>
| #include <stdlib.h>
| #include <wchar.h>
| #include <stdio.h>
| 
| // Check varargs macros.  These examples are taken from C99 6.10.3.5.
| #define debug(...) fprintf (stderr, __VA_ARGS__)
| #define showlist(...) puts (#__VA_ARGS__)
| #define report(test,...) ((test) ? puts (#test) : printf (__VA_ARGS__))
| static void
| test_varargs_macros (void)
| {
|   int x = 1234;
|   int y = 5678;
|   debug ("Flag");
|   debug ("X = %d\n", x);
|   showlist (The first, second, and third items.);
|   report (x>y, "x is %d but y is %d", x, y);
| }
| 
| // Check long long types.
| #define BIG64 18446744073709551615ull
| #define BIG32 4294967295ul
| #define BIG_OK (BIG64 / BIG32 == 4294967297ull && BIG64 % BIG32 == 0)
| #if !BIG_OK
|   your preprocessor is broken;
| #endif
| #if BIG_OK
| #else
|   your preprocessor is broken;
| #endif
| static long long int bignum = -9223372036854775807LL;
| static unsigned long long int ubignum = BIG64;
| 
| struct incomplete_array
| {
|   int datasize;
|   double data[];
| };
| 
| struct named_init {
|   int number;
|   const wchar_t *name;
|   double average;
| };
| 
| typedef const char *ccp;
| 
| static inline int
| test_restrict (ccp restrict text)
| {
|   // See if C++-style comments work.
|   // Iterate through items via the restricted pointer.
|   // Also check for declarations in for loops.
|   for (unsigned int i = 0; *(text+i) != '\0'; ++i)
|     continue;
|   return 0;
| }
| 
| // Check varargs and va_copy.
| static void
| test_varargs (const char *format, ...)
| {
|   va_list args;
|   va_start (args, format);
|   va_list args_copy;
|   va_copy (args_copy, args);
| 
|   const char *str;
|   int number;
|   float fnumber;
| 
|   while (*format)
|     {
|       switch (*format++)
| 	{
| 	case 's': // string
| 	  str = va_arg (args_copy, const char *);
| 	  break;
| 	case 'd': // int
| 	  number = va_arg (args_copy, int);
| 	  break;
| 	case 'f': // float
| 	  fnumber = va_arg (args_copy, double);
| 	  break;
| 	default:
| 	  break;
| 	}
|     }
|   va_end (args_copy);
|   va_end (args);
| }
| 
| int
| main ()
| {
| 
|   // Check bool.
|   _Bool success = false;
| 
|   // Check restrict.
|   if (test_restrict ("String literal") == 0)
|     success = true;
|   char *restrict newvar = "Another string";
| 
|   // Check varargs.
|   test_varargs ("s, d' f .", "string", 65, 34.234);
|   test_varargs_macros ();
| 
|   // Check flexible array members.
|   struct incomplete_array *ia =
|     malloc (sizeof (struct incomplete_array) + (sizeof (double) * 10));
|   ia->datasize = 10;
|   for (int i = 0; i < ia->datasize; ++i)
|     ia->data[i] = i * 1.234;
| 
|   // Check named initializers.
|   struct named_init ni = {
|     .number = 34,
|     .name = L"Test wide string",
|     .average = 543.34343,
|   };
| 
|   ni.number = 58;
| 
|   int dynamic_array[ni.number];
|   dynamic_array[ni.number - 1] = 543;
| 
|   // work around unused variable warnings
|   return (!success || bignum == 0LL || ubignum == 0uLL || newvar[0] == 'x'
| 	  || dynamic_array[ni.number - 1] != 543);
| 
|   ;
|   return 0;
| }
configure:4354: i486-TSOL-linux-gnu-gcc -std=gnu99 -c -Os  conftest.c >&5
configure:4354: $? = 0
configure:4374: result: -std=gnu99
configure:4476: checking for i486-TSOL-linux-gnu-gcc -std=gnu99 option to accept ISO Standard C
configure:4490: result: -std=gnu99
configure:4495: checking whether make sets $(MAKE)
configure:4517: result: yes
configure:4579: checking for pkg-config
configure:4597: found /usr/bin/pkg-config
configure:4609: result: /usr/bin/pkg-config
configure:4634: checking pkg-config is at least version 0.9.0
configure:4637: result: yes
configure:4650: checking build system type
configure:4664: result: i686-pc-linux-gnu
configure:4684: checking host system type
configure:4697: result: i686-pc-linux-gnu
configure:4719: checking for native Win32
configure:4739: result: no
configure:4811: checking how to print strings
configure:4838: result: printf
configure:4859: checking for a sed that does not truncate output
configure:4923: result: /usr/bin/sed
configure:4941: checking for grep that handles long lines and -e
configure:4999: result: /usr/bin/grep
configure:5004: checking for egrep
configure:5066: result: /usr/bin/grep -E
configure:5071: checking for fgrep
configure:5133: result: /usr/bin/grep -F
configure:5168: checking for ld used by i486-TSOL-linux-gnu-gcc -std=gnu99
configure:5235: result: i486-TSOL-linux-gnu-ld
configure:5242: checking if the linker (i486-TSOL-linux-gnu-ld) is GNU ld
configure:5257: result: yes
configure:5269: checking for BSD- or MS-compatible name lister (nm)
configure:5318: result: /toolchain/i486-TSOL-linux-gnu/bin//nm -B
configure:5448: checking the name lister (/toolchain/i486-TSOL-linux-gnu/bin//nm -B) interface
configure:5455: i486-TSOL-linux-gnu-gcc -std=gnu99 -c -Os  conftest.c >&5
configure:5458: /toolchain/i486-TSOL-linux-gnu/bin//nm -B "conftest.o"
configure:5461: output
00000000 B some_variable
configure:5468: result: BSD nm
configure:5471: checking whether ln -s works
configure:5475: result: yes
configure:5483: checking the maximum length of command line arguments
configure:5608: result: 1572864
configure:5625: checking whether the shell understands some XSI constructs
configure:5635: result: yes
configure:5639: checking whether the shell understands "+="
configure:5645: result: yes
configure:5680: checking how to convert i686-pc-linux-gnu file names to i686-pc-linux-gnu format
configure:5720: result: func_convert_file_noop
configure:5727: checking how to convert i686-pc-linux-gnu file names to toolchain format
configure:5747: result: func_convert_file_noop
configure:5754: checking for i486-TSOL-linux-gnu-ld option to reload object files
configure:5761: result: -r
configure:5835: checking for objdump
configure:5851: found /toolchain/i486-TSOL-linux-gnu/bin//objdump
configure:5862: result: objdump
configure:5891: checking how to recognize dependent libraries
configure:6093: result: pass_all
configure:6178: checking for dlltool
configure:6208: result: no
configure:6235: checking how to associate runtime and link libraries
configure:6262: result: printf %s\n
configure:6323: checking for ar
configure:6339: found /toolchain/i486-TSOL-linux-gnu/bin//ar
configure:6350: result: ar
configure:6387: checking for archiver @FILE support
configure:6404: i486-TSOL-linux-gnu-gcc -std=gnu99 -c -Os  conftest.c >&5
configure:6404: $? = 0
configure:6407: ar cru libconftest.a @conftest.lst >&5
configure:6410: $? = 0
configure:6415: ar cru libconftest.a @conftest.lst >&5
ar: conftest.o: No such file or directory
configure:6418: $? = 1
configure:6430: result: @
configure:6488: checking for strip
configure:6504: found /toolchain/i486-TSOL-linux-gnu/bin//strip
configure:6515: result: strip
configure:6587: checking for ranlib
configure:6603: found /toolchain/i486-TSOL-linux-gnu/bin//ranlib
configure:6614: result: ranlib
configure:6716: checking command to parse /toolchain/i486-TSOL-linux-gnu/bin//nm -B output from i486-TSOL-linux-gnu-gcc -std=gnu99 object
configure:6835: i486-TSOL-linux-gnu-gcc -std=gnu99 -c -Os  conftest.c >&5
configure:6838: $? = 0
configure:6842: /toolchain/i486-TSOL-linux-gnu/bin//nm -B conftest.o \| sed -n -e 's/^.*[ ]\([ABCDGIRSTW][ABCDGIRSTW]*\)[ ][ ]*\([_A-Za-z][_A-Za-z0-9]*\)$/\1 \2 \2/p' | sed '/ __gnu_lto/d' \> conftest.nm
configure:6845: $? = 0
configure:6911: i486-TSOL-linux-gnu-gcc -std=gnu99 -o conftest -Os  -static-libgcc conftest.c conftstm.o >&5
configure:6914: $? = 0
configure:6952: result: ok
configure:6989: checking for sysroot
configure:7019: result: no
configure:7262: checking for mt
configure:7292: result: no
configure:7312: checking if : is a manifest tool
configure:7318: : '-?'
configure:7326: result: no
configure:7958: checking how to run the C preprocessor
configure:7989: i486-TSOL-linux-gnu-gcc -std=gnu99 -E  conftest.c
configure:7989: $? = 0
configure:8003: i486-TSOL-linux-gnu-gcc -std=gnu99 -E  conftest.c
conftest.c:9:28: fatal error: ac_nonexistent.h: No such file or directory
compilation terminated.
configure:8003: $? = 1
configure: failed program was:
| /* confdefs.h */
| #define PACKAGE_NAME "gdk-pixbuf"
| #define PACKAGE_TARNAME "gdk-pixbuf"
| #define PACKAGE_VERSION "2.23.5"
| #define PACKAGE_STRING "gdk-pixbuf 2.23.5"
| #define PACKAGE_BUGREPORT "http://bugzilla.gnome.org/enter_bug.cgi?product=gdk-pixbuf"
| #define PACKAGE_URL ""
| /* end confdefs.h.  */
| #include <ac_nonexistent.h>
configure:8028: result: i486-TSOL-linux-gnu-gcc -std=gnu99 -E
configure:8048: i486-TSOL-linux-gnu-gcc -std=gnu99 -E  conftest.c
configure:8048: $? = 0
configure:8062: i486-TSOL-linux-gnu-gcc -std=gnu99 -E  conftest.c
conftest.c:9:28: fatal error: ac_nonexistent.h: No such file or directory
compilation terminated.
configure:8062: $? = 1
configure: failed program was:
| /* confdefs.h */
| #define PACKAGE_NAME "gdk-pixbuf"
| #define PACKAGE_TARNAME "gdk-pixbuf"
| #define PACKAGE_VERSION "2.23.5"
| #define PACKAGE_STRING "gdk-pixbuf 2.23.5"
| #define PACKAGE_BUGREPORT "http://bugzilla.gnome.org/enter_bug.cgi?product=gdk-pixbuf"
| #define PACKAGE_URL ""
| /* end confdefs.h.  */
| #include <ac_nonexistent.h>
configure:8091: checking for ANSI C header files
configure:8111: i486-TSOL-linux-gnu-gcc -std=gnu99 -c -Os  conftest.c >&5
configure:8111: $? = 0
configure:8184: i486-TSOL-linux-gnu-gcc -std=gnu99 -o conftest -Os  -static-libgcc conftest.c  >&5
configure:8184: $? = 0
configure:8184: ./conftest
configure:8184: $? = 0
configure:8195: result: yes
configure:8208: checking for sys/types.h
configure:8208: i486-TSOL-linux-gnu-gcc -std=gnu99 -c -Os  conftest.c >&5
configure:8208: $? = 0
configure:8208: result: yes
configure:8208: checking for sys/stat.h
configure:8208: i486-TSOL-linux-gnu-gcc -std=gnu99 -c -Os  conftest.c >&5
configure:8208: $? = 0
configure:8208: result: yes
configure:8208: checking for stdlib.h
configure:8208: i486-TSOL-linux-gnu-gcc -std=gnu99 -c -Os  conftest.c >&5
configure:8208: $? = 0
configure:8208: result: yes
configure:8208: checking for string.h
configure:8208: i486-TSOL-linux-gnu-gcc -std=gnu99 -c -Os  conftest.c >&5
configure:8208: $? = 0
configure:8208: result: yes
configure:8208: checking for memory.h
configure:8208: i486-TSOL-linux-gnu-gcc -std=gnu99 -c -Os  conftest.c >&5
configure:8208: $? = 0
configure:8208: result: yes
configure:8208: checking for strings.h
configure:8208: i486-TSOL-linux-gnu-gcc -std=gnu99 -c -Os  conftest.c >&5
configure:8208: $? = 0
configure:8208: result: yes
configure:8208: checking for inttypes.h
configure:8208: i486-TSOL-linux-gnu-gcc -std=gnu99 -c -Os  conftest.c >&5
configure:8208: $? = 0
configure:8208: result: yes
configure:8208: checking for stdint.h
configure:8208: i486-TSOL-linux-gnu-gcc -std=gnu99 -c -Os  conftest.c >&5
configure:8208: $? = 0
configure:8208: result: yes
configure:8208: checking for unistd.h
configure:8208: i486-TSOL-linux-gnu-gcc -std=gnu99 -c -Os  conftest.c >&5
configure:8208: $? = 0
configure:8208: result: yes
configure:8222: checking for dlfcn.h
configure:8222: i486-TSOL-linux-gnu-gcc -std=gnu99 -c -Os  conftest.c >&5
configure:8222: $? = 0
configure:8222: result: yes
configure:8706: checking for objdir
configure:8721: result: .libs
configure:8992: checking if i486-TSOL-linux-gnu-gcc -std=gnu99 supports -fno-rtti -fno-exceptions
configure:9010: i486-TSOL-linux-gnu-gcc -std=gnu99 -c -Os  -fno-rtti -fno-exceptions conftest.c >&5
cc1: warning: command line option '-fno-rtti' is valid for C++/ObjC++ but not for C [enabled by default]
configure:9014: $? = 0
configure:9027: result: no
configure:9337: checking for i486-TSOL-linux-gnu-gcc -std=gnu99 option to produce PIC
configure:9344: result: -fPIC -DPIC
configure:9352: checking if i486-TSOL-linux-gnu-gcc -std=gnu99 PIC flag -fPIC -DPIC works
configure:9370: i486-TSOL-linux-gnu-gcc -std=gnu99 -c -Os  -fPIC -DPIC -DPIC conftest.c >&5
configure:9374: $? = 0
configure:9387: result: yes
configure:9416: checking if i486-TSOL-linux-gnu-gcc -std=gnu99 static flag -static works
configure:9444: result: yes
configure:9459: checking if i486-TSOL-linux-gnu-gcc -std=gnu99 supports -c -o file.o
configure:9480: i486-TSOL-linux-gnu-gcc -std=gnu99 -c -Os  -o out/conftest2.o conftest.c >&5
configure:9484: $? = 0
configure:9506: result: yes
configure:9514: checking if i486-TSOL-linux-gnu-gcc -std=gnu99 supports -c -o file.o
configure:9561: result: yes
configure:9594: checking whether the i486-TSOL-linux-gnu-gcc -std=gnu99 linker (i486-TSOL-linux-gnu-ld) supports shared libraries
configure:10752: result: yes
configure:10789: checking whether -lc should be explicitly linked in
configure:10797: i486-TSOL-linux-gnu-gcc -std=gnu99 -c -Os  conftest.c >&5
configure:10800: $? = 0
configure:10815: i486-TSOL-linux-gnu-gcc -std=gnu99 -shared  -fPIC -DPIC conftest.o  -v -Wl,-soname -Wl,conftest -o conftest 2\>\&1 \| /usr/bin/grep  -lc  \>/dev/null 2\>\&1
configure:10818: $? = 0
configure:10832: result: no
configure:10997: checking dynamic linker characteristics
configure:11511: i486-TSOL-linux-gnu-gcc -std=gnu99 -o conftest -Os  -static-libgcc -Wl,-rpath -Wl,/foo conftest.c  >&5
configure:11511: $? = 0
configure:11737: result: GNU/Linux ld.so
configure:11844: checking how to hardcode library paths into programs
configure:11869: result: immediate
configure:12409: checking whether stripping libraries is possible
configure:12414: result: yes
configure:12449: checking if libtool supports shared libraries
configure:12451: result: yes
configure:12454: checking whether to build shared libraries
configure:12475: result: yes
configure:12478: checking whether to build static libraries
configure:12482: result: no
configure:12519: creating ./config.lt

## ------------------ ##
## Running config.lt. ##
## ------------------ ##
config.lt:635: creating libtool
configure:13913: checking for special C compiler options needed for large files
configure:13958: result: no
configure:13964: checking for _FILE_OFFSET_BITS value needed for large files
configure:13989: i486-TSOL-linux-gnu-gcc -std=gnu99 -c -Os  conftest.c >&5
conftest.c:27:3: warning: left shift count >= width of type [enabled by default]
conftest.c:27:3: warning: left shift count >= width of type [enabled by default]
conftest.c:28:10: warning: left shift count >= width of type [enabled by default]
conftest.c:28:10: warning: left shift count >= width of type [enabled by default]
conftest.c:27:7: error: size of array 'off_t_is_large' is negative
conftest.c:29:9: warning: variably modified 'off_t_is_large' at file scope [enabled by default]
configure:13989: $? = 1
configure: failed program was:
| /* confdefs.h */
| #define PACKAGE_NAME "gdk-pixbuf"
| #define PACKAGE_TARNAME "gdk-pixbuf"
| #define PACKAGE_VERSION "2.23.5"
| #define PACKAGE_STRING "gdk-pixbuf 2.23.5"
| #define PACKAGE_BUGREPORT "http://bugzilla.gnome.org/enter_bug.cgi?product=gdk-pixbuf"
| #define PACKAGE_URL ""
| #define STDC_HEADERS 1
| #define HAVE_SYS_TYPES_H 1
| #define HAVE_SYS_STAT_H 1
| #define HAVE_STDLIB_H 1
| #define HAVE_STRING_H 1
| #define HAVE_MEMORY_H 1
| #define HAVE_STRINGS_H 1
| #define HAVE_INTTYPES_H 1
| #define HAVE_STDINT_H 1
| #define HAVE_UNISTD_H 1
| #define HAVE_DLFCN_H 1
| #define LT_OBJDIR ".libs/"
| /* end confdefs.h.  */
| #include <sys/types.h>
|  /* Check that off_t can represent 2**63 - 1 correctly.
|     We can't simply define LARGE_OFF_T to be 9223372036854775807,
|     since some C++ compilers masquerading as C compilers
|     incorrectly reject 9223372036854775807.  */
| #define LARGE_OFF_T (((off_t) 1 << 62) - 1 + ((off_t) 1 << 62))
|   int off_t_is_large[(LARGE_OFF_T % 2147483629 == 721
| 		       && LARGE_OFF_T % 2147483647 == 1)
| 		      ? 1 : -1];
| int
| main ()
| {
| 
|   ;
|   return 0;
| }
configure:14013: i486-TSOL-linux-gnu-gcc -std=gnu99 -c -Os  conftest.c >&5
configure:14013: $? = 0
configure:14021: result: 64
configure:14114: checking dependency style of i486-TSOL-linux-gnu-gcc -std=gnu99
configure:14222: result: gcc3
configure:14239: checking for nm
configure:14270: result: /toolchain/i486-TSOL-linux-gnu/bin//nm -B
configure:14279: checking for some Win32 platform
configure:14288: result: no
configure:14501: checking whether build environment is sane
configure:14551: result: yes
configure:14622: checking for BASE_DEPENDENCIES
configure:14629: $PKG_CONFIG --exists --print-errors "glib-2.0 >= 2.27.2"
configure:14632: $? = 0
configure:14645: $PKG_CONFIG --exists --print-errors "glib-2.0 >= 2.27.2"
configure:14648: $? = 0
configure:14707: result: yes
configure:14731: checking Whether to write dependencies into .pc files
configure:14748: result: no
configure:14767: checking for perl5
configure:14800: result: no
configure:14767: checking for perl
configure:14785: found /usr/bin/perl
configure:14797: result: /usr/bin/perl
configure:14818: checking for sigsetjmp
configure:14834: i486-TSOL-linux-gnu-gcc -std=gnu99 -o conftest -Os -Wall  -DG_DISABLE_SINGLE_INCLUDES -static-libgcc conftest.c  >&5
configure:14834: $? = 0
configure:14841: result: yes
configure:14852: checking whether NLS is requested
configure:14861: result: yes
configure:14902: checking for msgfmt
configure: trying /usr/bin/msgfmt...
0 translated messages.
configure:14934: result: /usr/bin/msgfmt
configure:14943: checking for gmsgfmt
configure:14974: result: /usr/bin/msgfmt
configure:15025: checking for xgettext
configure: trying /usr/bin/xgettext...
/usr/bin/xgettext: warning: file `/dev/null' extension `' is unknown; will try C
configure:15057: result: /usr/bin/xgettext
configure:15103: checking for msgmerge
configure: trying /usr/bin/msgmerge...
configure:15134: result: /usr/bin/msgmerge
configure:15191: checking for ld used by GCC
configure:15255: result: i486-TSOL-linux-gnu-ld
configure:15262: checking if the linker (i486-TSOL-linux-gnu-ld) is GNU ld
configure:15275: result: yes
configure:15282: checking for shared library run path origin
configure:15295: result: done
configure:15796: checking for CFPreferencesCopyAppValue
configure:15814: i486-TSOL-linux-gnu-gcc -std=gnu99 -o conftest -Os -Wall  -DG_DISABLE_SINGLE_INCLUDES -static-libgcc conftest.c  -Wl,-framework -Wl,CoreFoundation >&5
conftest.c:23:42: fatal error: CoreFoundation/CFPreferences.h: No such file or directory
compilation terminated.
configure:15814: $? = 1
configure: failed program was:
| /* confdefs.h */
| #define PACKAGE_NAME "gdk-pixbuf"
| #define PACKAGE_TARNAME "gdk-pixbuf"
| #define PACKAGE_VERSION "2.23.5"
| #define PACKAGE_STRING "gdk-pixbuf 2.23.5"
| #define PACKAGE_BUGREPORT "http://bugzilla.gnome.org/enter_bug.cgi?product=gdk-pixbuf"
| #define PACKAGE_URL ""
| #define STDC_HEADERS 1
| #define HAVE_SYS_TYPES_H 1
| #define HAVE_SYS_STAT_H 1
| #define HAVE_STDLIB_H 1
| #define HAVE_STRING_H 1
| #define HAVE_MEMORY_H 1
| #define HAVE_STRINGS_H 1
| #define HAVE_INTTYPES_H 1
| #define HAVE_STDINT_H 1
| #define HAVE_UNISTD_H 1
| #define HAVE_DLFCN_H 1
| #define LT_OBJDIR ".libs/"
| #define _FILE_OFFSET_BITS 64
| #define HAVE_SIGSETJMP 1
| /* end confdefs.h.  */
| #include <CoreFoundation/CFPreferences.h>
| int
| main ()
| {
| CFPreferencesCopyAppValue(NULL, NULL)
|   ;
|   return 0;
| }
configure:15823: result: no
configure:15830: checking for CFLocaleCopyCurrent
configure:15848: i486-TSOL-linux-gnu-gcc -std=gnu99 -o conftest -Os -Wall  -DG_DISABLE_SINGLE_INCLUDES -static-libgcc conftest.c  -Wl,-framework -Wl,CoreFoundation >&5
conftest.c:23:37: fatal error: CoreFoundation/CFLocale.h: No such file or directory
compilation terminated.
configure:15848: $? = 1
configure: failed program was:
| /* confdefs.h */
| #define PACKAGE_NAME "gdk-pixbuf"
| #define PACKAGE_TARNAME "gdk-pixbuf"
| #define PACKAGE_VERSION "2.23.5"
| #define PACKAGE_STRING "gdk-pixbuf 2.23.5"
| #define PACKAGE_BUGREPORT "http://bugzilla.gnome.org/enter_bug.cgi?product=gdk-pixbuf"
| #define PACKAGE_URL ""
| #define STDC_HEADERS 1
| #define HAVE_SYS_TYPES_H 1
| #define HAVE_SYS_STAT_H 1
| #define HAVE_STDLIB_H 1
| #define HAVE_STRING_H 1
| #define HAVE_MEMORY_H 1
| #define HAVE_STRINGS_H 1
| #define HAVE_INTTYPES_H 1
| #define HAVE_STDINT_H 1
| #define HAVE_UNISTD_H 1
| #define HAVE_DLFCN_H 1
| #define LT_OBJDIR ".libs/"
| #define _FILE_OFFSET_BITS 64
| #define HAVE_SIGSETJMP 1
| /* end confdefs.h.  */
| #include <CoreFoundation/CFLocale.h>
| int
| main ()
| {
| CFLocaleCopyCurrent();
|   ;
|   return 0;
| }
configure:15857: result: no
configure:15906: checking for GNU gettext in libc
configure:15926: i486-TSOL-linux-gnu-gcc -std=gnu99 -o conftest -Os -Wall  -DG_DISABLE_SINGLE_INCLUDES -static-libgcc conftest.c  >&5
configure:15926: $? = 0
configure:15935: result: yes
configure:16681: checking whether to use NLS
configure:16683: result: yes
configure:16686: checking where the gettext function comes from
configure:16697: result: libc
configure:16763: checking for extra flags to get ANSI library prototypes
configure:16778: i486-TSOL-linux-gnu-gcc -std=gnu99 -o conftest -Os -Wall  -DG_DISABLE_SINGLE_INCLUDES -static-libgcc conftest.c  -lm >&5
configure:16778: $? = 0
configure:16778: ./conftest
configure:16778: $? = 0
configure:16779: result: none needed
configure:16814: checking for the BeOS
configure:16823: result: no
configure:16832: checking for HP-UX
configure:16841: result: no
configure:16846: checking for extra flags for POSIX compliance
configure:16859: i486-TSOL-linux-gnu-gcc -std=gnu99 -c -Os -Wall  -DG_DISABLE_SINGLE_INCLUDES conftest.c >&5
conftest.c: In function 'main':
conftest.c:31:6: warning: unused variable 'dir' [-Wunused-variable]
configure:16859: $? = 0
configure:16860: result: none needed
configure:16979: checking for pkg-config
configure:17009: result: /usr/bin/pkg-config
configure:17034: checking pkg-config is at least version 0.16
configure:17037: result: yes
configure:17054: checking for GLIB - version >= 2.27.2
configure:17182: result: yes (version 2.29.14)
configure:17265: checking for bind_textdomain_codeset
configure:17265: i486-TSOL-linux-gnu-gcc -std=gnu99 -o conftest -DGDK_PIXBUF_DISABLE_DEPRECATED -Os -Wall  -DG_DISABLE_SINGLE_INCLUDES -static-libgcc conftest.c  -pthread -lgobject-2.0 -lgmodule-2.0 -lgthread-2.0 -lrt -lglib-2.0   >&5
configure:17265: $? = 0
configure:17265: result: yes
configure:17278: checking for unistd.h
configure:17278: result: yes
configure:17296: checking for ANSI C header files
configure:17400: result: yes
configure:17410: checking for an ANSI C-conforming const
configure:17475: i486-TSOL-linux-gnu-gcc -std=gnu99 -c -DGDK_PIXBUF_DISABLE_DEPRECATED -Os -Wall  -DG_DISABLE_SINGLE_INCLUDES conftest.c >&5
conftest.c: In function 'main':
conftest.c:60:10: warning: 't' is used uninitialized in this function [-Wuninitialized]
configure:17475: $? = 0
configure:17482: result: yes
configure:17508: checking whether to build gmodulized gdk-pixbuf
configure:17520: result: no
configure:17600: checking for TIFFReadRGBAImageOriented in -ltiff
configure:17625: i486-TSOL-linux-gnu-gcc -std=gnu99 -o conftest -DGDK_PIXBUF_DISABLE_DEPRECATED -Os -Wall  -DG_DISABLE_SINGLE_INCLUDES -static-libgcc conftest.c -ltiff -lm  >&5
configure:17625: $? = 0
configure:17634: result: yes
configure:17637: checking tiffio.h usability
configure:17637: i486-TSOL-linux-gnu-gcc -std=gnu99 -c -DGDK_PIXBUF_DISABLE_DEPRECATED -Os -Wall  -DG_DISABLE_SINGLE_INCLUDES conftest.c >&5
configure:17637: $? = 0
configure:17637: result: yes
configure:17637: checking tiffio.h presence
configure:17637: i486-TSOL-linux-gnu-gcc -std=gnu99 -E  -DG_DISABLE_SINGLE_INCLUDES conftest.c
configure:17637: $? = 0
configure:17637: result: yes
configure:17637: checking for tiffio.h
configure:17637: result: yes
configure:17761: checking for jpeg_destroy_decompress in -ljpeg
configure:17786: i486-TSOL-linux-gnu-gcc -std=gnu99 -o conftest -DGDK_PIXBUF_DISABLE_DEPRECATED -Os -Wall  -DG_DISABLE_SINGLE_INCLUDES -static-libgcc conftest.c -ljpeg   >&5
configure:17786: $? = 0
configure:17795: result: yes
configure:17806: checking for jpeglib.h
configure:17816: i486-TSOL-linux-gnu-gcc -std=gnu99 -E  -DG_DISABLE_SINGLE_INCLUDES conftest.c
configure:17816: $? = 0
configure:17822: result: yes
configure:17826: checking for jpeg_simple_progression in -ljpeg
configure:17851: i486-TSOL-linux-gnu-gcc -std=gnu99 -o conftest -DGDK_PIXBUF_DISABLE_DEPRECATED -Os -Wall  -DG_DISABLE_SINGLE_INCLUDES -static-libgcc conftest.c -ljpeg   >&5
configure:17851: $? = 0
configure:17860: result: yes
configure:17888: checking for libpng
configure:17891: result: yes
configure:18064: checking pixbuf loaders to build
configure:18108: result: 
configure:18291: checking if gio can sniff png
configure:18336: i486-TSOL-linux-gnu-gcc -std=gnu99 -o conftest -pthread -I/usr/include/glib-2.0 -I/usr/lib/glib-2.0/include    -DG_DISABLE_SINGLE_INCLUDES -static-libgcc conftest.c -pthread -lgio-2.0 -lgobject-2.0 -lgmodule-2.0 -lgthread-2.0 -lrt -lglib-2.0   >&5
configure:18336: $? = 0
configure:18336: ./conftest
configure:18336: $? = 1
configure: program exited with status 1
configure: failed program was:
| /* confdefs.h */
| #define PACKAGE_NAME "gdk-pixbuf"
| #define PACKAGE_TARNAME "gdk-pixbuf"
| #define PACKAGE_VERSION "2.23.5"
| #define PACKAGE_STRING "gdk-pixbuf 2.23.5"
| #define PACKAGE_BUGREPORT "http://bugzilla.gnome.org/enter_bug.cgi?product=gdk-pixbuf"
| #define PACKAGE_URL ""
| #define STDC_HEADERS 1
| #define HAVE_SYS_TYPES_H 1
| #define HAVE_SYS_STAT_H 1
| #define HAVE_STDLIB_H 1
| #define HAVE_STRING_H 1
| #define HAVE_MEMORY_H 1
| #define HAVE_STRINGS_H 1
| #define HAVE_INTTYPES_H 1
| #define HAVE_STDINT_H 1
| #define HAVE_UNISTD_H 1
| #define HAVE_DLFCN_H 1
| #define LT_OBJDIR ".libs/"
| #define _FILE_OFFSET_BITS 64
| #define HAVE_SIGSETJMP 1
| #define ENABLE_NLS 1
| #define HAVE_GETTEXT 1
| #define HAVE_DCGETTEXT 1
| #define GETTEXT_PACKAGE "gdk-pixbuf"
| #define HAVE_BIND_TEXTDOMAIN_CODESET 1
| #define HAVE_UNISTD_H 1
| #define HAVE_UNISTD_H 1
| #define STDC_HEADERS 1
| #define HAVE_PROGRESSIVE_JPEG 1
| /* end confdefs.h.  */
| 
|   #include <gio/gio.h>
|   static const gsize data_size = 159;
|   static const guint8 data[] =
|   {
|     0x89, 0x50, 0x4e, 0x47, 0x0d, 0x0a, 0x1a, 0x0a, 0x00, 0x00, 0x00, 0x0d,
|     0x49, 0x48, 0x44, 0x52, 0x00, 0x00, 0x00, 0x01, 0x00, 0x00, 0x00, 0x01,
|     0x08, 0x02, 0x00, 0x00, 0x00, 0x90, 0x77, 0x53, 0xde, 0x00, 0x00, 0x00,
|     0x01, 0x73, 0x52, 0x47, 0x42, 0x00, 0xae, 0xce, 0x1c, 0xe9, 0x00, 0x00,
|     0x00, 0x09, 0x70, 0x48, 0x59, 0x73, 0x00, 0x00, 0x0b, 0x13, 0x00, 0x00,
|     0x0b, 0x13, 0x01, 0x00, 0x9a, 0x9c, 0x18, 0x00, 0x00, 0x00, 0x07, 0x74,
|     0x49, 0x4d, 0x45, 0x07, 0xd8, 0x07, 0x0f, 0x10, 0x08, 0x15, 0x61, 0xd8,
|     0x35, 0x37, 0x00, 0x00, 0x00, 0x19, 0x74, 0x45, 0x58, 0x74, 0x43, 0x6f,
|     0x6d, 0x6d, 0x65, 0x6e, 0x74, 0x00, 0x43, 0x72, 0x65, 0x61, 0x74, 0x65,
|     0x64, 0x20, 0x77, 0x69, 0x74, 0x68, 0x20, 0x47, 0x49, 0x4d, 0x50, 0x57,
|     0x81, 0x0e, 0x17, 0x00, 0x00, 0x00, 0x0c, 0x49, 0x44, 0x41, 0x54, 0x08,
|     0xd7, 0x63, 0xf8, 0xff, 0xff, 0x3f, 0x00, 0x05, 0xfe, 0x02, 0xfe, 0xdc,
|     0xcc, 0x59, 0xe7, 0x00, 0x00, 0x00, 0x00, 0x49, 0x45, 0x4e, 0x44, 0xae,
|     0x42, 0x60, 0x82
|   };
|   int
|   main (int argc, char **argv)
|   {
|     char *content_type;
|     char *image_png;
|     g_type_init ();
|     content_type = g_content_type_guess (NULL, data, data_size, NULL);
|     image_png = g_content_type_from_mime_type ("image/png");
|     return !!g_strcmp0 (content_type, image_png);
|   }
configure:18348: result: no
configure:18408: checking sys/systeminfo.h usability
configure:18408: i486-TSOL-linux-gnu-gcc -std=gnu99 -c -DGDK_PIXBUF_DISABLE_DEPRECATED -Os -Wall  -DG_DISABLE_SINGLE_INCLUDES conftest.c >&5
conftest.c:65:28: fatal error: sys/systeminfo.h: No such file or directory
compilation terminated.
configure:18408: $? = 1
configure: failed program was:
| /* confdefs.h */
| #define PACKAGE_NAME "gdk-pixbuf"
| #define PACKAGE_TARNAME "gdk-pixbuf"
| #define PACKAGE_VERSION "2.23.5"
| #define PACKAGE_STRING "gdk-pixbuf 2.23.5"
| #define PACKAGE_BUGREPORT "http://bugzilla.gnome.org/enter_bug.cgi?product=gdk-pixbuf"
| #define PACKAGE_URL ""
| #define STDC_HEADERS 1
| #define HAVE_SYS_TYPES_H 1
| #define HAVE_SYS_STAT_H 1
| #define HAVE_STDLIB_H 1
| #define HAVE_STRING_H 1
| #define HAVE_MEMORY_H 1
| #define HAVE_STRINGS_H 1
| #define HAVE_INTTYPES_H 1
| #define HAVE_STDINT_H 1
| #define HAVE_UNISTD_H 1
| #define HAVE_DLFCN_H 1
| #define LT_OBJDIR ".libs/"
| #define _FILE_OFFSET_BITS 64
| #define HAVE_SIGSETJMP 1
| #define ENABLE_NLS 1
| #define HAVE_GETTEXT 1
| #define HAVE_DCGETTEXT 1
| #define GETTEXT_PACKAGE "gdk-pixbuf"
| #define HAVE_BIND_TEXTDOMAIN_CODESET 1
| #define HAVE_UNISTD_H 1
| #define HAVE_UNISTD_H 1
| #define STDC_HEADERS 1
| #define HAVE_PROGRESSIVE_JPEG 1
| /* end confdefs.h.  */
| #include <stdio.h>
| #ifdef HAVE_SYS_TYPES_H
| # include <sys/types.h>
| #endif
| #ifdef HAVE_SYS_STAT_H
| # include <sys/stat.h>
| #endif
| #ifdef STDC_HEADERS
| # include <stdlib.h>
| # include <stddef.h>
| #else
| # ifdef HAVE_STDLIB_H
| #  include <stdlib.h>
| # endif
| #endif
| #ifdef HAVE_STRING_H
| # if !defined STDC_HEADERS && defined HAVE_MEMORY_H
| #  include <memory.h>
| # endif
| # include <string.h>
| #endif
| #ifdef HAVE_STRINGS_H
| # include <strings.h>
| #endif
| #ifdef HAVE_INTTYPES_H
| # include <inttypes.h>
| #endif
| #ifdef HAVE_STDINT_H
| # include <stdint.h>
| #endif
| #ifdef HAVE_UNISTD_H
| # include <unistd.h>
| #endif
| #include <sys/systeminfo.h>
configure:18408: result: no
configure:18408: checking sys/systeminfo.h presence
configure:18408: i486-TSOL-linux-gnu-gcc -std=gnu99 -E  -DG_DISABLE_SINGLE_INCLUDES conftest.c
conftest.c:32:28: fatal error: sys/systeminfo.h: No such file or directory
compilation terminated.
configure:18408: $? = 1
configure: failed program was:
| /* confdefs.h */
| #define PACKAGE_NAME "gdk-pixbuf"
| #define PACKAGE_TARNAME "gdk-pixbuf"
| #define PACKAGE_VERSION "2.23.5"
| #define PACKAGE_STRING "gdk-pixbuf 2.23.5"
| #define PACKAGE_BUGREPORT "http://bugzilla.gnome.org/enter_bug.cgi?product=gdk-pixbuf"
| #define PACKAGE_URL ""
| #define STDC_HEADERS 1
| #define HAVE_SYS_TYPES_H 1
| #define HAVE_SYS_STAT_H 1
| #define HAVE_STDLIB_H 1
| #define HAVE_STRING_H 1
| #define HAVE_MEMORY_H 1
| #define HAVE_STRINGS_H 1
| #define HAVE_INTTYPES_H 1
| #define HAVE_STDINT_H 1
| #define HAVE_UNISTD_H 1
| #define HAVE_DLFCN_H 1
| #define LT_OBJDIR ".libs/"
| #define _FILE_OFFSET_BITS 64
| #define HAVE_SIGSETJMP 1
| #define ENABLE_NLS 1
| #define HAVE_GETTEXT 1
| #define HAVE_DCGETTEXT 1
| #define GETTEXT_PACKAGE "gdk-pixbuf"
| #define HAVE_BIND_TEXTDOMAIN_CODESET 1
| #define HAVE_UNISTD_H 1
| #define HAVE_UNISTD_H 1
| #define STDC_HEADERS 1
| #define HAVE_PROGRESSIVE_JPEG 1
| /* end confdefs.h.  */
| #include <sys/systeminfo.h>
configure:18408: result: no
configure:18408: checking for sys/systeminfo.h
configure:18408: result: no
configure:18416: checking sys/sysinfo.h usability
configure:18416: i486-TSOL-linux-gnu-gcc -std=gnu99 -c -DGDK_PIXBUF_DISABLE_DEPRECATED -Os -Wall  -DG_DISABLE_SINGLE_INCLUDES conftest.c >&5
configure:18416: $? = 0
configure:18416: result: yes
configure:18416: checking sys/sysinfo.h presence
configure:18416: i486-TSOL-linux-gnu-gcc -std=gnu99 -E  -DG_DISABLE_SINGLE_INCLUDES conftest.c
configure:18416: $? = 0
configure:18416: result: yes
configure:18416: checking for sys/sysinfo.h
configure:18416: result: yes
configure:18425: checking for mediaLib 2.3
configure:18430: checking for mlib_ImageSetStruct in -lmlib
configure:18455: i486-TSOL-linux-gnu-gcc -std=gnu99 -o conftest -DGDK_PIXBUF_DISABLE_DEPRECATED -Os -Wall  -DG_DISABLE_SINGLE_INCLUDES -static-libgcc conftest.c -lmlib   >&5
/toolchain/lib/gcc/i486-TSOL-linux-gnu/4.6.3/../../../../i486-TSOL-linux-gnu/bin/ld: cannot find -lmlib
collect2: ld returned 1 exit status
configure:18455: $? = 1
configure: failed program was:
| /* confdefs.h */
| #define PACKAGE_NAME "gdk-pixbuf"
| #define PACKAGE_TARNAME "gdk-pixbuf"
| #define PACKAGE_VERSION "2.23.5"
| #define PACKAGE_STRING "gdk-pixbuf 2.23.5"
| #define PACKAGE_BUGREPORT "http://bugzilla.gnome.org/enter_bug.cgi?product=gdk-pixbuf"
| #define PACKAGE_URL ""
| #define STDC_HEADERS 1
| #define HAVE_SYS_TYPES_H 1
| #define HAVE_SYS_STAT_H 1
| #define HAVE_STDLIB_H 1
| #define HAVE_STRING_H 1
| #define HAVE_MEMORY_H 1
| #define HAVE_STRINGS_H 1
| #define HAVE_INTTYPES_H 1
| #define HAVE_STDINT_H 1
| #define HAVE_UNISTD_H 1
| #define HAVE_DLFCN_H 1
| #define LT_OBJDIR ".libs/"
| #define _FILE_OFFSET_BITS 64
| #define HAVE_SIGSETJMP 1
| #define ENABLE_NLS 1
| #define HAVE_GETTEXT 1
| #define HAVE_DCGETTEXT 1
| #define GETTEXT_PACKAGE "gdk-pixbuf"
| #define HAVE_BIND_TEXTDOMAIN_CODESET 1
| #define HAVE_UNISTD_H 1
| #define HAVE_UNISTD_H 1
| #define STDC_HEADERS 1
| #define HAVE_PROGRESSIVE_JPEG 1
| #define HAVE_SYS_SYSINFO_H 1
| /* end confdefs.h.  */
| 
| /* Override any GCC internal prototype to avoid an error.
|    Use char because int might match the return type of a GCC
|    builtin and then its argument prototype would still apply.  */
| #ifdef __cplusplus
| extern "C"
| #endif
| char mlib_ImageSetStruct ();
| int
| main ()
| {
| return mlib_ImageSetStruct ();
|   ;
|   return 0;
| }
configure:18464: result: no
configure:18553: checking for x86 platform
configure:18562: result: yes
configure:18570: checking compiler support for MMX
configure:18573: i486-TSOL-linux-gnu-gcc -std=gnu99 -c -DGDK_PIXBUF_DISABLE_DEPRECATED -Os -Wall  -DG_DISABLE_SINGLE_INCLUDES conftest.S >&5
configure:18576: $? = 0
configure:18588: result: yes
configure:18740: checking for GDK_PIXBUF_XLIB_DEP
configure:18747: $PKG_CONFIG --exists --print-errors "x11 gobject-2.0"
configure:18750: $? = 0
configure:18763: $PKG_CONFIG --exists --print-errors "x11 gobject-2.0"
configure:18766: $? = 0
configure:18825: result: yes
configure:18874: checking for gobject-introspection
configure:18905: $PKG_CONFIG --exists --print-errors "gobject-introspection-1.0 >= 0.9.3"
Package gobject-introspection-1.0 was not found in the pkg-config search path.
Perhaps you should add the directory containing `gobject-introspection-1.0.pc'
to the PKG_CONFIG_PATH environment variable
No package 'gobject-introspection-1.0' found
configure:18908: $? = 1
configure:18919: result: no
configure:18965: checking for gtkdoc-check
configure:18998: result: no
configure:19007: checking for gtkdoc-rebase
configure:19040: result: no
configure:19051: checking for gtkdoc-mkpdf
configure:19084: result: no
configure:19213: checking whether to build gtk-doc documentation
configure:19215: result: no
configure:19282: checking for db2html
configure:19310: result: false
configure:19401: checking for -Bsymbolic-functions linker flag
configure:19415: i486-TSOL-linux-gnu-gcc -std=gnu99 -o conftest -DGDK_PIXBUF_DISABLE_DEPRECATED -Os -Wall  -DG_DISABLE_SINGLE_INCLUDES -Wl,-Bsymbolic-functions conftest.c  >&5
conftest.c: In function 'main':
conftest.c:38:5: warning: 'main' is normally a non-static function [-Wmain]
configure:19415: $? = 0
configure:19416: result: yes
configure:19758: creating ./config.status

## ---------------------- ##
## Running config.status. ##
## ---------------------- ##

This file was extended by gdk-pixbuf config.status 2.23.5, which was
generated by GNU Autoconf 2.68.  Invocation command line was

  CONFIG_FILES    = 
  CONFIG_HEADERS  = 
  CONFIG_LINKS    = 
  CONFIG_COMMANDS = 
  $ ./config.status 

on ubuntu4

config.status:1299: creating Makefile
config.status:1299: creating gdk-pixbuf-2.0.pc
config.status:1299: creating gdk-pixbuf-2.0-uninstalled.pc
config.status:1299: creating gdk-pixbuf/Makefile
config.status:1299: creating gdk-pixbuf/gdk_pixbuf.rc
config.status:1299: creating gdk-pixbuf/gdk-pixbuf-features.h
config.status:1299: creating gdk-pixbuf/pixops/Makefile
config.status:1299: creating build/Makefile
config.status:1299: creating build/win32/Makefile
config.status:1299: creating build/win32/vs9/Makefile
config.status:1299: creating build/win32/vs10/Makefile
config.status:1299: creating docs/Makefile
config.status:1299: creating docs/reference/Makefile
config.status:1299: creating docs/reference/gdk-pixbuf/Makefile
config.status:1299: creating docs/reference/gdk-pixbuf/version.xml
config.status:1299: creating po/Makefile.in
config.status:1299: creating tests/Makefile
config.status:1299: creating contrib/Makefile
config.status:1299: creating contrib/gdk-pixbuf-xlib/Makefile
config.status:1299: creating contrib/gdk-pixbuf-xlib/gdk-pixbuf-xlib-2.0.pc
config.status:1299: creating config.h.win32
config.status:1299: creating config.h
config.status:1480: config.h is unchanged
config.status:1528: executing depfiles commands
config.status:1528: executing libtool commands
config.status:1528: executing po-directories commands
configure:22140: WARNING: unrecognized options: --with-x, --disable-gtktest

## ---------------- ##
## Cache variables. ##
## ---------------- ##

ac_cv_build=i686-pc-linux-gnu
ac_cv_c_compiler_gnu=yes
ac_cv_c_const=yes
ac_cv_env_BASE_DEPENDENCIES_CFLAGS_set=
ac_cv_env_BASE_DEPENDENCIES_CFLAGS_value=
ac_cv_env_BASE_DEPENDENCIES_LIBS_set=
ac_cv_env_BASE_DEPENDENCIES_LIBS_value=
ac_cv_env_CCASFLAGS_set=
ac_cv_env_CCASFLAGS_value=
ac_cv_env_CCAS_set=
ac_cv_env_CCAS_value=
ac_cv_env_CC_set=set
ac_cv_env_CC_value=i486-TSOL-linux-gnu-gcc
ac_cv_env_CFLAGS_set=set
ac_cv_env_CFLAGS_value=-Os
ac_cv_env_CPPFLAGS_set=
ac_cv_env_CPPFLAGS_value=
ac_cv_env_CPP_set=
ac_cv_env_CPP_value=
ac_cv_env_GDK_PIXBUF_XLIB_DEP_CFLAGS_set=
ac_cv_env_GDK_PIXBUF_XLIB_DEP_CFLAGS_value=
ac_cv_env_GDK_PIXBUF_XLIB_DEP_LIBS_set=
ac_cv_env_GDK_PIXBUF_XLIB_DEP_LIBS_value=
ac_cv_env_GTKDOC_DEPS_CFLAGS_set=
ac_cv_env_GTKDOC_DEPS_CFLAGS_value=
ac_cv_env_GTKDOC_DEPS_LIBS_set=
ac_cv_env_GTKDOC_DEPS_LIBS_value=
ac_cv_env_LDFLAGS_set=set
ac_cv_env_LDFLAGS_value=-static-libgcc
ac_cv_env_LIBS_set=
ac_cv_env_LIBS_value=
ac_cv_env_PKG_CONFIG_LIBDIR_set=
ac_cv_env_PKG_CONFIG_LIBDIR_value=
ac_cv_env_PKG_CONFIG_PATH_set=set
ac_cv_env_PKG_CONFIG_PATH_value=/usr/xorg/lib/pkgconfig:/usr/xorg/share/pkgconfig:
ac_cv_env_PKG_CONFIG_set=
ac_cv_env_PKG_CONFIG_value=
ac_cv_env_build_alias_set=
ac_cv_env_build_alias_value=
ac_cv_env_host_alias_set=
ac_cv_env_host_alias_value=
ac_cv_env_target_alias_set=
ac_cv_env_target_alias_value=
ac_cv_func_bind_textdomain_codeset=yes
ac_cv_header_dlfcn_h=yes
ac_cv_header_inttypes_h=yes
ac_cv_header_memory_h=yes
ac_cv_header_stdc=yes
ac_cv_header_stdint_h=yes
ac_cv_header_stdlib_h=yes
ac_cv_header_string_h=yes
ac_cv_header_strings_h=yes
ac_cv_header_sys_stat_h=yes
ac_cv_header_sys_sysinfo_h=yes
ac_cv_header_sys_systeminfo_h=no
ac_cv_header_sys_types_h=yes
ac_cv_header_tiffio_h=yes
ac_cv_header_unistd_h=yes
ac_cv_host=i686-pc-linux-gnu
ac_cv_lib_jpeg_jpeg_destroy_decompress=yes
ac_cv_lib_jpeg_jpeg_simple_progression=yes
ac_cv_lib_mlib_mlib_ImageSetStruct=no
ac_cv_lib_tiff_TIFFReadRGBAImageOriented=yes
ac_cv_objext=o
ac_cv_path_EGREP='/usr/bin/grep -E'
ac_cv_path_FGREP='/usr/bin/grep -F'
ac_cv_path_GMSGFMT=/usr/bin/msgfmt
ac_cv_path_GREP=/usr/bin/grep
ac_cv_path_MSGFMT=/usr/bin/msgfmt
ac_cv_path_MSGMERGE=/usr/bin/msgmerge
ac_cv_path_NM='/toolchain/i486-TSOL-linux-gnu/bin//nm -B'
ac_cv_path_PERL=/usr/bin/perl
ac_cv_path_SED=/usr/bin/sed
ac_cv_path_XGETTEXT=/usr/bin/xgettext
ac_cv_path_ac_pt_PKG_CONFIG=/usr/bin/pkg-config
ac_cv_path_install='/bin/install -c'
ac_cv_path_mkdir=/bin/mkdir
ac_cv_prog_AWK=gawk
ac_cv_prog_CPP='i486-TSOL-linux-gnu-gcc -std=gnu99 -E'
ac_cv_prog_DB2HTML=false
ac_cv_prog_ac_ct_AR=ar
ac_cv_prog_ac_ct_CC=i486-TSOL-linux-gnu-gcc
ac_cv_prog_ac_ct_OBJDUMP=objdump
ac_cv_prog_ac_ct_RANLIB=ranlib
ac_cv_prog_ac_ct_STRIP=strip
ac_cv_prog_cc_c89=
ac_cv_prog_cc_c99=-std=gnu99
ac_cv_prog_cc_g=yes
ac_cv_prog_cc_i486_TSOL_linux_gnu_gcc_c_o=yes
ac_cv_prog_cc_stdc=-std=gnu99
ac_cv_prog_make_make_set=yes
ac_cv_sys_file_offset_bits=64
ac_cv_sys_largefile_CC=no
acl_cv_hardcode_direct=no
acl_cv_hardcode_libdir_flag_spec='${wl}-rpath ${wl}$libdir'
acl_cv_hardcode_libdir_separator=
acl_cv_hardcode_minus_L=no
acl_cv_libext=a
acl_cv_libname_spec='lib$name'
acl_cv_library_names_spec='$libname$shrext'
acl_cv_path_LD=i486-TSOL-linux-gnu-ld
acl_cv_prog_gnu_ld=yes
acl_cv_rpath=done
acl_cv_shlibext=so
acl_cv_wl=-Wl,
am_cv_CCAS_dependencies_compiler_type=gcc3
am_cv_CC_dependencies_compiler_type=gcc3
am_cv_prog_tar_ustar=gnutar
gt_cv_func_CFLocaleCopyCurrent=no
gt_cv_func_CFPreferencesCopyAppValue=no
gt_cv_func_gnugettext1_libc=yes
lt_cv_ar_at_file=@
lt_cv_archive_cmds_need_lc=no
lt_cv_deplibs_check_method=pass_all
lt_cv_file_magic_cmd='$MAGIC_CMD'
lt_cv_file_magic_test_file=
lt_cv_ld_reload_flag=-r
lt_cv_nm_interface='BSD nm'
lt_cv_objdir=.libs
lt_cv_path_LD=i486-TSOL-linux-gnu-ld
lt_cv_path_NM='/toolchain/i486-TSOL-linux-gnu/bin//nm -B'
lt_cv_path_mainfest_tool=no
lt_cv_prog_compiler_c_o=yes
lt_cv_prog_compiler_pic='-fPIC -DPIC'
lt_cv_prog_compiler_pic_works=yes
lt_cv_prog_compiler_rtti_exceptions=no
lt_cv_prog_compiler_static_works=yes
lt_cv_prog_gnu_ld=yes
lt_cv_sharedlib_from_linklib_cmd='printf %s\n'
lt_cv_shlibpath_overrides_runpath=yes
lt_cv_sys_global_symbol_pipe='sed -n -e '\''s/^.*[	 ]\([ABCDGIRSTW][ABCDGIRSTW]*\)[	 ][	 ]*\([_A-Za-z][_A-Za-z0-9]*\)$/\1 \2 \2/p'\'' | sed '\''/ __gnu_lto/d'\'''
lt_cv_sys_global_symbol_to_c_name_address='sed -n -e '\''s/^: \([^ ]*\)[ ]*$/  {\"\1\", (void *) 0},/p'\'' -e '\''s/^[ABCDGIRSTW]* \([^ ]*\) \([^ ]*\)$/  {"\2", (void *) \&\2},/p'\'''
lt_cv_sys_global_symbol_to_c_name_address_lib_prefix='sed -n -e '\''s/^: \([^ ]*\)[ ]*$/  {\"\1\", (void *) 0},/p'\'' -e '\''s/^[ABCDGIRSTW]* \([^ ]*\) \(lib[^ ]*\)$/  {"\2", (void *) \&\2},/p'\'' -e '\''s/^[ABCDGIRSTW]* \([^ ]*\) \([^ ]*\)$/  {"lib\2", (void *) \&\2},/p'\'''
lt_cv_sys_global_symbol_to_cdecl='sed -n -e '\''s/^T .* \(.*\)$/extern int \1();/p'\'' -e '\''s/^[ABCDGIRSTW]* .* \(.*\)$/extern char \1;/p'\'''
lt_cv_sys_max_cmd_len=1572864
lt_cv_to_host_file_cmd=func_convert_file_noop
lt_cv_to_tool_file_cmd=func_convert_file_noop
pkg_cv_BASE_DEPENDENCIES_CFLAGS='-I/usr/include/glib-2.0 -I/usr/lib/glib-2.0/include  '
pkg_cv_BASE_DEPENDENCIES_LIBS='-lglib-2.0  '
pkg_cv_GDK_PIXBUF_XLIB_DEP_CFLAGS='-pthread -I/usr/xorg/include -I/usr/include/glib-2.0 -I/usr/lib/glib-2.0/include  '
pkg_cv_GDK_PIXBUF_XLIB_DEP_LIBS='-pthread -L/usr/xorg/lib -lX11 -lgobject-2.0 -lgthread-2.0 -lrt -lglib-2.0  '

## ----------------- ##
## Output variables. ##
## ----------------- ##

ACLOCAL='${SHELL} /source/gtk/3.2/gdk-pixbuf-2.23.5/missing --run aclocal-1.11'
AMDEPBACKSLASH='\'
AMDEP_FALSE='#'
AMDEP_TRUE=''
AMTAR='${SHELL} /source/gtk/3.2/gdk-pixbuf-2.23.5/missing --run tar'
AM_BACKSLASH='\'
AM_DEFAULT_VERBOSITY='1'
AR='ar'
AS='as'
AUTOCONF='${SHELL} /source/gtk/3.2/gdk-pixbuf-2.23.5/missing --run autoconf'
AUTOHEADER='${SHELL} /source/gtk/3.2/gdk-pixbuf-2.23.5/missing --run autoheader'
AUTOMAKE='${SHELL} /source/gtk/3.2/gdk-pixbuf-2.23.5/missing --run automake-1.11'
AWK='gawk'
BASE_DEPENDENCIES_CFLAGS='-I/usr/include/glib-2.0 -I/usr/lib/glib-2.0/include  '
BASE_DEPENDENCIES_LIBS='-lglib-2.0  '
BUILD_DYNAMIC_MODULES_FALSE=''
BUILD_DYNAMIC_MODULES_TRUE='#'
BUILD_GDIPLUS_LOADERS_FALSE=''
BUILD_GDIPLUS_LOADERS_TRUE='#'
CC='i486-TSOL-linux-gnu-gcc -std=gnu99'
CCAS='i486-TSOL-linux-gnu-gcc -std=gnu99'
CCASDEPMODE='depmode=gcc3'
CCASFLAGS='-Os'
CCDEPMODE='depmode=gcc3'
CFLAGS='-DGDK_PIXBUF_DISABLE_DEPRECATED -Os -Wall'
CPP='i486-TSOL-linux-gnu-gcc -std=gnu99 -E'
CPPFLAGS=' -DG_DISABLE_SINGLE_INCLUDES'
CROSS_COMPILING_FALSE=''
CROSS_COMPILING_TRUE='#'
CYGPATH_W='echo'
DB2HTML='false'
DEFS='-DHAVE_CONFIG_H'
DEPDIR='.deps'
DISABLE_EXPLICIT_DEPS_FALSE='#'
DISABLE_EXPLICIT_DEPS_TRUE=''
DLLTOOL='false'
DSYMUTIL=''
DUMPBIN=''
ECHO_C=''
ECHO_N='-n'
ECHO_T=''
EGREP='/usr/bin/grep -E'
ENABLE_GTK_DOC_FALSE=''
ENABLE_GTK_DOC_TRUE='#'
ENABLE_MAN_FALSE=''
ENABLE_MAN_TRUE='#'
EXEEXT=''
EXE_MANIFEST_ARCHITECTURE='X86'
FGREP='/usr/bin/grep -F'
GDK_PIXBUF_API_VERSION='2.0'
GDK_PIXBUF_BINARY_VERSION='2.10.0'
GDK_PIXBUF_CSOURCE=''
GDK_PIXBUF_DEP_CFLAGS='-pthread -I/usr/include/glib-2.0 -I/usr/lib/glib-2.0/include -I/usr/include/libpng12   '
GDK_PIXBUF_DEP_LIBS='-pthread -lgio-2.0 -lgobject-2.0 -lgmodule-2.0 -lgthread-2.0 -lrt -lglib-2.0 -ltiff -ljpeg -lpng12 -lm'
GDK_PIXBUF_EXTRA_CFLAGS=''
GDK_PIXBUF_EXTRA_LIBS='-ltiff -ljpeg -lpng12    -lm '
GDK_PIXBUF_LINK_FLAGS='-Wl,-Bsymbolic-functions'
GDK_PIXBUF_MAJOR='2'
GDK_PIXBUF_MICRO='5'
GDK_PIXBUF_MINOR='23'
GDK_PIXBUF_PACKAGES='gmodule-no-export-2.0 gobject-2.0 gio-2.0'
GDK_PIXBUF_VERSION='2.23.5'
GDK_PIXBUF_XLIB_DEP_CFLAGS='-pthread -I/usr/xorg/include -I/usr/include/glib-2.0 -I/usr/lib/glib-2.0/include  '
GDK_PIXBUF_XLIB_DEP_LIBS='-pthread -L/usr/xorg/lib -lX11 -lgobject-2.0 -lgthread-2.0 -lrt -lglib-2.0  '
GETTEXT_MACRO_VERSION='0.17'
GETTEXT_PACKAGE='gdk-pixbuf'
GLIB_CFLAGS='-pthread -I/usr/include/glib-2.0 -I/usr/lib/glib-2.0/include  '
GLIB_GENMARSHAL='glib-genmarshal'
GLIB_LIBS='-pthread -lgobject-2.0 -lgmodule-2.0 -lgthread-2.0 -lrt -lglib-2.0  '
GLIB_MKENUMS='glib-mkenums'
GMSGFMT='/usr/bin/msgfmt'
GMSGFMT_015='/usr/bin/msgfmt'
GOBJECT_QUERY='gobject-query'
GREP='/usr/bin/grep'
GTKDOC_CHECK=''
GTKDOC_DEPS_CFLAGS=''
GTKDOC_DEPS_LIBS=''
GTKDOC_MKPDF=''
GTKDOC_REBASE='true'
GTK_DOC_BUILD_HTML_FALSE='#'
GTK_DOC_BUILD_HTML_TRUE=''
GTK_DOC_BUILD_PDF_FALSE=''
GTK_DOC_BUILD_PDF_TRUE='#'
GTK_DOC_USE_LIBTOOL_FALSE='#'
GTK_DOC_USE_LIBTOOL_TRUE=''
GTK_DOC_USE_REBASE_FALSE='#'
GTK_DOC_USE_REBASE_TRUE=''
GTK_UPDATE_ICON_CACHE=''
HAVE_DOCBOOK_FALSE=''
HAVE_DOCBOOK_TRUE='#'
HAVE_INTROSPECTION_FALSE=''
HAVE_INTROSPECTION_TRUE='#'
HAVE_JASPER_FALSE=''
HAVE_JASPER_TRUE='#'
HAVE_JPEG_FALSE='#'
HAVE_JPEG_TRUE=''
HAVE_PNG_FALSE='#'
HAVE_PNG_TRUE=''
HAVE_TIFF_FALSE='#'
HAVE_TIFF_TRUE=''
HTML_DIR='${datadir}/gtk-doc/html'
INCLUDED_LOADER_DEFINE=''
INCLUDED_LOADER_OBJ=''
INCLUDE_ANI_FALSE=''
INCLUDE_ANI_TRUE='#'
INCLUDE_BMP_FALSE=''
INCLUDE_BMP_TRUE='#'
INCLUDE_GDIPLUS_FALSE=''
INCLUDE_GDIPLUS_TRUE='#'
INCLUDE_GIF_FALSE=''
INCLUDE_GIF_TRUE='#'
INCLUDE_ICNS_FALSE=''
INCLUDE_ICNS_TRUE='#'
INCLUDE_ICO_FALSE=''
INCLUDE_ICO_TRUE='#'
INCLUDE_JASPER_FALSE=''
INCLUDE_JASPER_TRUE='#'
INCLUDE_JPEG_FALSE=''
INCLUDE_JPEG_TRUE='#'
INCLUDE_PCX_FALSE=''
INCLUDE_PCX_TRUE='#'
INCLUDE_PNG_FALSE=''
INCLUDE_PNG_TRUE='#'
INCLUDE_PNM_FALSE=''
INCLUDE_PNM_TRUE='#'
INCLUDE_QTIF_FALSE=''
INCLUDE_QTIF_TRUE='#'
INCLUDE_RAS_FALSE=''
INCLUDE_RAS_TRUE='#'
INCLUDE_TGA_FALSE=''
INCLUDE_TGA_TRUE='#'
INCLUDE_TIFF_FALSE=''
INCLUDE_TIFF_TRUE='#'
INCLUDE_WBMP_FALSE=''
INCLUDE_WBMP_TRUE='#'
INCLUDE_XBM_FALSE=''
INCLUDE_XBM_TRUE='#'
INCLUDE_XPM_FALSE=''
INCLUDE_XPM_TRUE='#'
INSTALL_DATA='${INSTALL} -m 644'
INSTALL_PROGRAM='${INSTALL}'
INSTALL_SCRIPT='${INSTALL}'
INSTALL_STRIP_PROGRAM='$(install_sh) -c -s'
INTLLIBS=''
INTL_MACOSX_LIBS=''
INTROSPECTION_CFLAGS=''
INTROSPECTION_COMPILER=''
INTROSPECTION_GENERATE=''
INTROSPECTION_GIRDIR=''
INTROSPECTION_LIBS=''
INTROSPECTION_MAKEFILE=''
INTROSPECTION_SCANNER=''
INTROSPECTION_TYPELIBDIR=''
LD='i486-TSOL-linux-gnu-ld'
LDFLAGS='-static-libgcc'
LIBICONV='-liconv'
LIBINTL=''
LIBJASPER=''
LIBJPEG='-ljpeg'
LIBOBJS=''
LIBPNG='-lpng12  '
LIBS=''
LIBTIFF='-ltiff'
LIBTOOL='$(SHELL) $(top_builddir)/libtool'
LIBTOOL_EXPORT_OPTIONS='-export-symbols-regex "^[^_].*"'
LIB_EXE_MACHINE_FLAG='X86'
LIPO=''
LN_S='ln -s'
LTLIBICONV='-liconv'
LTLIBINTL=''
LTLIBOBJS=''
LT_CURRENT_MINUS_AGE='0'
LT_VERSION_INFO='2300:5:2300'
MAINT=''
MAINTAINER_MODE_FALSE='#'
MAINTAINER_MODE_TRUE=''
MAKEINFO='${SHELL} /source/gtk/3.2/gdk-pixbuf-2.23.5/missing --run makeinfo'
MANIFEST_TOOL=':'
MATH_LIB='-lm'
MKDIR_P='/bin/mkdir -p'
MSGFMT='/usr/bin/msgfmt'
MSGFMT_015='/usr/bin/msgfmt'
MSGMERGE='/usr/bin/msgmerge'
MS_LIB_AVAILABLE_FALSE=''
MS_LIB_AVAILABLE_TRUE='#'
NM='/toolchain/i486-TSOL-linux-gnu/bin//nm -B'
NMEDIT=''
OBJDUMP='objdump'
OBJEXT='o'
OS_LINUX_FALSE='#'
OS_LINUX_TRUE=''
OS_UNIX_FALSE='#'
OS_UNIX_TRUE=''
OS_WIN32_FALSE=''
OS_WIN32_TRUE='#'
OTOOL64=''
OTOOL=''
PACKAGE='gdk-pixbuf'
PACKAGE_BUGREPORT='http://bugzilla.gnome.org/enter_bug.cgi?product=gdk-pixbuf'
PACKAGE_NAME='gdk-pixbuf'
PACKAGE_STRING='gdk-pixbuf 2.23.5'
PACKAGE_TARNAME='gdk-pixbuf'
PACKAGE_URL=''
PACKAGE_VERSION='2.23.5'
PATH_SEPARATOR=':'
PERL='/usr/bin/perl'
PKG_CONFIG='/usr/bin/pkg-config'
PKG_CONFIG_LIBDIR=''
PKG_CONFIG_PATH='/usr/xorg/lib/pkgconfig:/usr/xorg/share/pkgconfig:'
PLATFORM_WIN32_FALSE=''
PLATFORM_WIN32_TRUE='#'
PNG_DEP_CFLAGS_PACKAGES='libpng'
POSUB='po'
RANLIB='ranlib'
REBUILD=''
SED='/usr/bin/sed'
SET_MAKE=''
SHELL='/bin/sh'
STRIP='strip'
USE_MEDIALIB25_FALSE=''
USE_MEDIALIB25_TRUE='#'
USE_MEDIALIB_FALSE=''
USE_MEDIALIB_TRUE='#'
USE_MMX_FALSE='#'
USE_MMX_TRUE=''
USE_NLS='yes'
USE_X11_FALSE='#'
USE_X11_TRUE=''
VERSION='2.23.5'
WINDRES=''
XGETTEXT='/usr/bin/xgettext'
XGETTEXT_015='/usr/bin/xgettext'
XGETTEXT_EXTRA_OPTIONS=''
XSLTPROC=''
ac_ct_AR='ar'
ac_ct_CC='i486-TSOL-linux-gnu-gcc'
ac_ct_DUMPBIN=''
am__EXEEXT_FALSE=''
am__EXEEXT_TRUE='#'
am__fastdepCCAS_FALSE='#'
am__fastdepCCAS_TRUE=''
am__fastdepCC_FALSE='#'
am__fastdepCC_TRUE=''
am__include='include'
am__isrc=''
am__leading_dot='.'
am__quote=''
am__tar='tar --format=ustar -chf - "$$tardir"'
am__untar='tar -xf -'
bindir='${exec_prefix}/bin'
build='i686-pc-linux-gnu'
build_alias=''
build_cpu='i686'
build_os='linux-gnu'
build_vendor='pc'
datadir='${datarootdir}'
datarootdir='${prefix}/share'
docdir='${datarootdir}/doc/${PACKAGE_TARNAME}'
dvidir='${docdir}'
exec_prefix='${prefix}'
host='i686-pc-linux-gnu'
host_alias=''
host_cpu='i686'
host_os='linux-gnu'
host_vendor='pc'
htmldir='${docdir}'
includedir='${prefix}/include'
infodir='${datarootdir}/info'
install_sh='${SHELL} /source/gtk/3.2/gdk-pixbuf-2.23.5/install-sh'
libdir='${exec_prefix}/lib'
libexecdir='${exec_prefix}/libexec'
localedir='${datarootdir}/locale'
localstatedir='${prefix}/var'
mandir='${datarootdir}/man'
mkdir_p='/bin/mkdir -p'
ms_librarian=''
oldincludedir='/usr/include'
pdfdir='${docdir}'
prefix='/usr'
program_transform_name='s,x,x,'
psdir='${docdir}'
sbindir='${exec_prefix}/sbin'
sharedstatedir='${prefix}/com'
sysconfdir='${prefix}/etc'
target_alias=''

## ----------- ##
## confdefs.h. ##
## ----------- ##

/* confdefs.h */
#define PACKAGE_NAME "gdk-pixbuf"
#define PACKAGE_TARNAME "gdk-pixbuf"
#define PACKAGE_VERSION "2.23.5"
#define PACKAGE_STRING "gdk-pixbuf 2.23.5"
#define PACKAGE_BUGREPORT "http://bugzilla.gnome.org/enter_bug.cgi?product=gdk-pixbuf"
#define PACKAGE_URL ""
#define STDC_HEADERS 1
#define HAVE_SYS_TYPES_H 1
#define HAVE_SYS_STAT_H 1
#define HAVE_STDLIB_H 1
#define HAVE_STRING_H 1
#define HAVE_MEMORY_H 1
#define HAVE_STRINGS_H 1
#define HAVE_INTTYPES_H 1
#define HAVE_STDINT_H 1
#define HAVE_UNISTD_H 1
#define HAVE_DLFCN_H 1
#define LT_OBJDIR ".libs/"
#define _FILE_OFFSET_BITS 64
#define HAVE_SIGSETJMP 1
#define ENABLE_NLS 1
#define HAVE_GETTEXT 1
#define HAVE_DCGETTEXT 1
#define GETTEXT_PACKAGE "gdk-pixbuf"
#define HAVE_BIND_TEXTDOMAIN_CODESET 1
#define HAVE_UNISTD_H 1
#define HAVE_UNISTD_H 1
#define STDC_HEADERS 1
#define HAVE_PROGRESSIVE_JPEG 1
#define HAVE_SYS_SYSINFO_H 1
#define USE_MMX 1

configure: exit 0
