The system is: Linux - 3.2.16-030216-generic - i686
Compiling the C compiler identification source file "CMakeCCompilerId.c" succeeded.
Compiler: /toolchain/bin/i486-TSOL-linux-gnu-gcc 
Build flags: -static
Id flags: 

The output was:
0


Compilation of the C compiler identification source "CMakeCCompilerId.c" produced "a.out"

The C compiler identification is GNU, found in "/source/wm/awesome-3.4.13/CMakeFiles/CompilerIdC/a.out"

Compiling the CXX compiler identification source file "CMakeCXXCompilerId.cpp" succeeded.
Compiler: /toolchain/bin/i486-TSOL-linux-gnu-g++ 
Build flags: 
Id flags: 

The output was:
0


Compilation of the CXX compiler identification source "CMakeCXXCompilerId.cpp" produced "a.out"

The CXX compiler identification is GNU, found in "/source/wm/awesome-3.4.13/CMakeFiles/CompilerIdCXX/a.out"

Determining if the C compiler works passed with the following output:
Change Dir: /source/wm/awesome-3.4.13/CMakeFiles/CMakeTmp

Run Build Command:/usr/bin/make "cmTryCompileExec/fast"
/usr/bin/make -f CMakeFiles/cmTryCompileExec.dir/build.make CMakeFiles/cmTryCompileExec.dir/build
make[1]: Entering directory `/source/wm/awesome-3.4.13/CMakeFiles/CMakeTmp'
/usr/bin/cmake -E cmake_progress_report /source/wm/awesome-3.4.13/CMakeFiles/CMakeTmp/CMakeFiles 1
Building C object CMakeFiles/cmTryCompileExec.dir/testCCompiler.c.o
/toolchain/bin/i486-TSOL-linux-gnu-gcc   -static      -o CMakeFiles/cmTryCompileExec.dir/testCCompiler.c.o   -c /source/wm/awesome-3.4.13/CMakeFiles/CMakeTmp/testCCompiler.c
Linking C executable cmTryCompileExec
/usr/bin/cmake -E cmake_link_script CMakeFiles/cmTryCompileExec.dir/link.txt --verbose=1
/toolchain/bin/i486-TSOL-linux-gnu-gcc   -static       CMakeFiles/cmTryCompileExec.dir/testCCompiler.c.o  -o cmTryCompileExec -rdynamic 
make[1]: Leaving directory `/source/wm/awesome-3.4.13/CMakeFiles/CMakeTmp'


Detecting C compiler ABI info compiled with the following output:
Change Dir: /source/wm/awesome-3.4.13/CMakeFiles/CMakeTmp

Run Build Command:/usr/bin/make "cmTryCompileExec/fast"
/usr/bin/make -f CMakeFiles/cmTryCompileExec.dir/build.make CMakeFiles/cmTryCompileExec.dir/build
make[1]: Entering directory `/source/wm/awesome-3.4.13/CMakeFiles/CMakeTmp'
/usr/bin/cmake -E cmake_progress_report /source/wm/awesome-3.4.13/CMakeFiles/CMakeTmp/CMakeFiles 1
Building C object CMakeFiles/cmTryCompileExec.dir/CMakeCCompilerABI.c.o
/toolchain/bin/i486-TSOL-linux-gnu-gcc   -static      -o CMakeFiles/cmTryCompileExec.dir/CMakeCCompilerABI.c.o   -c /usr/share/cmake-2.8/Modules/CMakeCCompilerABI.c
Linking C executable cmTryCompileExec
/usr/bin/cmake -E cmake_link_script CMakeFiles/cmTryCompileExec.dir/link.txt --verbose=1
/toolchain/bin/i486-TSOL-linux-gnu-gcc   -static     -v CMakeFiles/cmTryCompileExec.dir/CMakeCCompilerABI.c.o  -o cmTryCompileExec -rdynamic  
Using built-in specs.
COLLECT_GCC=/toolchain/bin/i486-TSOL-linux-gnu-gcc
COLLECT_LTO_WRAPPER=/toolchain/libexec/gcc/i486-TSOL-linux-gnu/4.6.3/lto-wrapper
Target: i486-TSOL-linux-gnu
Configured with: /TSOL/crosstool-ng-1.15.2/bin/.build/src/gcc-4.6.3/configure --build=i686-build_pc-linux-gnu --host=i686-build_pc-linux-gnu --target=i486-TSOL-linux-gnu --prefix=/toolchain --with-sysroot=/toolchain/i486-TSOL-linux-gnu/sysroot --enable-languages=c,c++ --with-arch=i486 --with-pkgversion='crosstool-NG 1.15.2' --enable-__cxa_atexit --disable-libmudflap --disable-libgomp --disable-libssp --with-gmp=/TSOL/crosstool-ng-1.15.2/bin/.build/i486-TSOL-linux-gnu/buildtools --with-mpfr=/TSOL/crosstool-ng-1.15.2/bin/.build/i486-TSOL-linux-gnu/buildtools --with-mpc=/TSOL/crosstool-ng-1.15.2/bin/.build/i486-TSOL-linux-gnu/buildtools --with-ppl=/TSOL/crosstool-ng-1.15.2/bin/.build/i486-TSOL-linux-gnu/buildtools --with-cloog=/TSOL/crosstool-ng-1.15.2/bin/.build/i486-TSOL-linux-gnu/buildtools --with-libelf=no --with-host-libstdcxx='-static-libgcc -Wl,-Bstatic,-lstdc++,-Bdynamic -lm -L/TSOL/crosstool-ng-1.15.2/bin/.build/i486-TSOL-linux-gnu/buildtools/lib -lpwl' --enable-threads=posix --enable-target-optspace --disable-multilib --with-local-prefix=/toolchain/i486-TSOL-linux-gnu/sysroot --enable-c99 --enable-long-long
Thread model: posix
gcc version 4.6.3 (crosstool-NG 1.15.2) 
COMPILER_PATH=/toolchain/libexec/gcc/i486-TSOL-linux-gnu/4.6.3/:/toolchain/libexec/gcc/i486-TSOL-linux-gnu/4.6.3/:/toolchain/libexec/gcc/i486-TSOL-linux-gnu/:/toolchain/lib/gcc/i486-TSOL-linux-gnu/4.6.3/:/toolchain/lib/gcc/i486-TSOL-linux-gnu/:/toolchain/lib/gcc/i486-TSOL-linux-gnu/4.6.3/../../../../i486-TSOL-linux-gnu/bin/
LIBRARY_PATH=/toolchain/lib/gcc/i486-TSOL-linux-gnu/4.6.3/:/toolchain/lib/gcc/i486-TSOL-linux-gnu/4.6.3/../../../../i486-TSOL-linux-gnu/lib/:/toolchain/i486-TSOL-linux-gnu/sysroot/lib/:/toolchain/i486-TSOL-linux-gnu/sysroot/usr/lib/
COLLECT_GCC_OPTIONS='-static' '-v' '-o' 'cmTryCompileExec' '-rdynamic' '-mtune=i486' '-march=i486'
 /toolchain/libexec/gcc/i486-TSOL-linux-gnu/4.6.3/collect2 --sysroot=/toolchain/i486-TSOL-linux-gnu/sysroot -m elf_i386 -static -o cmTryCompileExec /toolchain/i486-TSOL-linux-gnu/sysroot/usr/lib/crt1.o /toolchain/i486-TSOL-linux-gnu/sysroot/usr/lib/crti.o /toolchain/lib/gcc/i486-TSOL-linux-gnu/4.6.3/crtbeginT.o -L/toolchain/lib/gcc/i486-TSOL-linux-gnu/4.6.3 -L/toolchain/lib/gcc/i486-TSOL-linux-gnu/4.6.3/../../../../i486-TSOL-linux-gnu/lib -L/toolchain/i486-TSOL-linux-gnu/sysroot/lib -L/toolchain/i486-TSOL-linux-gnu/sysroot/usr/lib CMakeFiles/cmTryCompileExec.dir/CMakeCCompilerABI.c.o --start-group -lgcc -lgcc_eh -lc --end-group /toolchain/lib/gcc/i486-TSOL-linux-gnu/4.6.3/crtend.o /toolchain/i486-TSOL-linux-gnu/sysroot/usr/lib/crtn.o
make[1]: Leaving directory `/source/wm/awesome-3.4.13/CMakeFiles/CMakeTmp'


Parsed C implicit link information from above output:
  link line regex: [^( *|.*[/\])(ld|ld|collect2)[^/\]*( |$)]
  ignore line: [Change Dir: /source/wm/awesome-3.4.13/CMakeFiles/CMakeTmp]
  ignore line: []
  ignore line: [Run Build Command:/usr/bin/make "cmTryCompileExec/fast"]
  ignore line: [/usr/bin/make -f CMakeFiles/cmTryCompileExec.dir/build.make CMakeFiles/cmTryCompileExec.dir/build]
  ignore line: [make[1]: Entering directory `/source/wm/awesome-3.4.13/CMakeFiles/CMakeTmp']
  ignore line: [/usr/bin/cmake -E cmake_progress_report /source/wm/awesome-3.4.13/CMakeFiles/CMakeTmp/CMakeFiles 1]
  ignore line: [Building C object CMakeFiles/cmTryCompileExec.dir/CMakeCCompilerABI.c.o]
  ignore line: [/toolchain/bin/i486-TSOL-linux-gnu-gcc   -static      -o CMakeFiles/cmTryCompileExec.dir/CMakeCCompilerABI.c.o   -c /usr/share/cmake-2.8/Modules/CMakeCCompilerABI.c]
  ignore line: [Linking C executable cmTryCompileExec]
  ignore line: [/usr/bin/cmake -E cmake_link_script CMakeFiles/cmTryCompileExec.dir/link.txt --verbose=1]
  ignore line: [/toolchain/bin/i486-TSOL-linux-gnu-gcc   -static     -v CMakeFiles/cmTryCompileExec.dir/CMakeCCompilerABI.c.o  -o cmTryCompileExec -rdynamic  ]
  ignore line: [Using built-in specs.]
  ignore line: [COLLECT_GCC=/toolchain/bin/i486-TSOL-linux-gnu-gcc]
  ignore line: [COLLECT_LTO_WRAPPER=/toolchain/libexec/gcc/i486-TSOL-linux-gnu/4.6.3/lto-wrapper]
  ignore line: [Target: i486-TSOL-linux-gnu]
  ignore line: [Configured with: /TSOL/crosstool-ng-1.15.2/bin/.build/src/gcc-4.6.3/configure --build=i686-build_pc-linux-gnu --host=i686-build_pc-linux-gnu --target=i486-TSOL-linux-gnu --prefix=/toolchain --with-sysroot=/toolchain/i486-TSOL-linux-gnu/sysroot --enable-languages=c,c++ --with-arch=i486 --with-pkgversion='crosstool-NG 1.15.2' --enable-__cxa_atexit --disable-libmudflap --disable-libgomp --disable-libssp --with-gmp=/TSOL/crosstool-ng-1.15.2/bin/.build/i486-TSOL-linux-gnu/buildtools --with-mpfr=/TSOL/crosstool-ng-1.15.2/bin/.build/i486-TSOL-linux-gnu/buildtools --with-mpc=/TSOL/crosstool-ng-1.15.2/bin/.build/i486-TSOL-linux-gnu/buildtools --with-ppl=/TSOL/crosstool-ng-1.15.2/bin/.build/i486-TSOL-linux-gnu/buildtools --with-cloog=/TSOL/crosstool-ng-1.15.2/bin/.build/i486-TSOL-linux-gnu/buildtools --with-libelf=no --with-host-libstdcxx='-static-libgcc -Wl,-Bstatic,-lstdc++,-Bdynamic -lm -L/TSOL/crosstool-ng-1.15.2/bin/.build/i486-TSOL-linux-gnu/buildtools/lib -lpwl' --enable-threads=posix --enable-target-optspace --disable-multilib --with-local-prefix=/toolchain/i486-TSOL-linux-gnu/sysroot --enable-c99 --enable-long-long]
  ignore line: [Thread model: posix]
  ignore line: [gcc version 4.6.3 (crosstool-NG 1.15.2) ]
  ignore line: [COMPILER_PATH=/toolchain/libexec/gcc/i486-TSOL-linux-gnu/4.6.3/:/toolchain/libexec/gcc/i486-TSOL-linux-gnu/4.6.3/:/toolchain/libexec/gcc/i486-TSOL-linux-gnu/:/toolchain/lib/gcc/i486-TSOL-linux-gnu/4.6.3/:/toolchain/lib/gcc/i486-TSOL-linux-gnu/:/toolchain/lib/gcc/i486-TSOL-linux-gnu/4.6.3/../../../../i486-TSOL-linux-gnu/bin/]
  ignore line: [LIBRARY_PATH=/toolchain/lib/gcc/i486-TSOL-linux-gnu/4.6.3/:/toolchain/lib/gcc/i486-TSOL-linux-gnu/4.6.3/../../../../i486-TSOL-linux-gnu/lib/:/toolchain/i486-TSOL-linux-gnu/sysroot/lib/:/toolchain/i486-TSOL-linux-gnu/sysroot/usr/lib/]
  ignore line: [COLLECT_GCC_OPTIONS='-static' '-v' '-o' 'cmTryCompileExec' '-rdynamic' '-mtune=i486' '-march=i486']
  link line: [ /toolchain/libexec/gcc/i486-TSOL-linux-gnu/4.6.3/collect2 --sysroot=/toolchain/i486-TSOL-linux-gnu/sysroot -m elf_i386 -static -o cmTryCompileExec /toolchain/i486-TSOL-linux-gnu/sysroot/usr/lib/crt1.o /toolchain/i486-TSOL-linux-gnu/sysroot/usr/lib/crti.o /toolchain/lib/gcc/i486-TSOL-linux-gnu/4.6.3/crtbeginT.o -L/toolchain/lib/gcc/i486-TSOL-linux-gnu/4.6.3 -L/toolchain/lib/gcc/i486-TSOL-linux-gnu/4.6.3/../../../../i486-TSOL-linux-gnu/lib -L/toolchain/i486-TSOL-linux-gnu/sysroot/lib -L/toolchain/i486-TSOL-linux-gnu/sysroot/usr/lib CMakeFiles/cmTryCompileExec.dir/CMakeCCompilerABI.c.o --start-group -lgcc -lgcc_eh -lc --end-group /toolchain/lib/gcc/i486-TSOL-linux-gnu/4.6.3/crtend.o /toolchain/i486-TSOL-linux-gnu/sysroot/usr/lib/crtn.o]
    arg [/toolchain/libexec/gcc/i486-TSOL-linux-gnu/4.6.3/collect2] ==> ignore
    arg [--sysroot=/toolchain/i486-TSOL-linux-gnu/sysroot] ==> ignore
    arg [-m] ==> ignore
    arg [elf_i386] ==> ignore
    arg [-static] ==> ignore
    arg [-o] ==> ignore
    arg [cmTryCompileExec] ==> ignore
    arg [/toolchain/i486-TSOL-linux-gnu/sysroot/usr/lib/crt1.o] ==> ignore
    arg [/toolchain/i486-TSOL-linux-gnu/sysroot/usr/lib/crti.o] ==> ignore
    arg [/toolchain/lib/gcc/i486-TSOL-linux-gnu/4.6.3/crtbeginT.o] ==> ignore
    arg [-L/toolchain/lib/gcc/i486-TSOL-linux-gnu/4.6.3] ==> dir [/toolchain/lib/gcc/i486-TSOL-linux-gnu/4.6.3]
    arg [-L/toolchain/lib/gcc/i486-TSOL-linux-gnu/4.6.3/../../../../i486-TSOL-linux-gnu/lib] ==> dir [/toolchain/lib/gcc/i486-TSOL-linux-gnu/4.6.3/../../../../i486-TSOL-linux-gnu/lib]
    arg [-L/toolchain/i486-TSOL-linux-gnu/sysroot/lib] ==> dir [/toolchain/i486-TSOL-linux-gnu/sysroot/lib]
    arg [-L/toolchain/i486-TSOL-linux-gnu/sysroot/usr/lib] ==> dir [/toolchain/i486-TSOL-linux-gnu/sysroot/usr/lib]
    arg [CMakeFiles/cmTryCompileExec.dir/CMakeCCompilerABI.c.o] ==> ignore
    arg [--start-group] ==> ignore
    arg [-lgcc] ==> lib [gcc]
    arg [-lgcc_eh] ==> lib [gcc_eh]
    arg [-lc] ==> lib [c]
    arg [--end-group] ==> ignore
    arg [/toolchain/lib/gcc/i486-TSOL-linux-gnu/4.6.3/crtend.o] ==> ignore
    arg [/toolchain/i486-TSOL-linux-gnu/sysroot/usr/lib/crtn.o] ==> ignore
  remove lib [gcc]
  remove lib [gcc_eh]
  collapse dir [/toolchain/lib/gcc/i486-TSOL-linux-gnu/4.6.3] ==> [/toolchain/lib/gcc/i486-TSOL-linux-gnu/4.6.3]
  collapse dir [/toolchain/lib/gcc/i486-TSOL-linux-gnu/4.6.3/../../../../i486-TSOL-linux-gnu/lib] ==> [/toolchain/i486-TSOL-linux-gnu/lib]
  collapse dir [/toolchain/i486-TSOL-linux-gnu/sysroot/lib] ==> [/toolchain/i486-TSOL-linux-gnu/sysroot/lib]
  collapse dir [/toolchain/i486-TSOL-linux-gnu/sysroot/usr/lib] ==> [/toolchain/i486-TSOL-linux-gnu/sysroot/usr/lib]
  implicit libs: [c]
  implicit dirs: [/toolchain/lib/gcc/i486-TSOL-linux-gnu/4.6.3;/toolchain/i486-TSOL-linux-gnu/lib;/toolchain/i486-TSOL-linux-gnu/sysroot/lib;/toolchain/i486-TSOL-linux-gnu/sysroot/usr/lib]


Determining if the CXX compiler works passed with the following output:
Change Dir: /source/wm/awesome-3.4.13/CMakeFiles/CMakeTmp

Run Build Command:/usr/bin/make "cmTryCompileExec/fast"
/usr/bin/make -f CMakeFiles/cmTryCompileExec.dir/build.make CMakeFiles/cmTryCompileExec.dir/build
make[1]: Entering directory `/source/wm/awesome-3.4.13/CMakeFiles/CMakeTmp'
/usr/bin/cmake -E cmake_progress_report /source/wm/awesome-3.4.13/CMakeFiles/CMakeTmp/CMakeFiles 1
Building CXX object CMakeFiles/cmTryCompileExec.dir/testCXXCompiler.cxx.o
/toolchain/bin/i486-TSOL-linux-gnu-g++     -o CMakeFiles/cmTryCompileExec.dir/testCXXCompiler.cxx.o -c /source/wm/awesome-3.4.13/CMakeFiles/CMakeTmp/testCXXCompiler.cxx
Linking CXX executable cmTryCompileExec
/usr/bin/cmake -E cmake_link_script CMakeFiles/cmTryCompileExec.dir/link.txt --verbose=1
/toolchain/bin/i486-TSOL-linux-gnu-g++          CMakeFiles/cmTryCompileExec.dir/testCXXCompiler.cxx.o  -o cmTryCompileExec -rdynamic 
make[1]: Leaving directory `/source/wm/awesome-3.4.13/CMakeFiles/CMakeTmp'


Detecting CXX compiler ABI info compiled with the following output:
Change Dir: /source/wm/awesome-3.4.13/CMakeFiles/CMakeTmp

Run Build Command:/usr/bin/make "cmTryCompileExec/fast"
/usr/bin/make -f CMakeFiles/cmTryCompileExec.dir/build.make CMakeFiles/cmTryCompileExec.dir/build
make[1]: Entering directory `/source/wm/awesome-3.4.13/CMakeFiles/CMakeTmp'
/usr/bin/cmake -E cmake_progress_report /source/wm/awesome-3.4.13/CMakeFiles/CMakeTmp/CMakeFiles 1
Building CXX object CMakeFiles/cmTryCompileExec.dir/CMakeCXXCompilerABI.cpp.o
/toolchain/bin/i486-TSOL-linux-gnu-g++     -o CMakeFiles/cmTryCompileExec.dir/CMakeCXXCompilerABI.cpp.o -c /usr/share/cmake-2.8/Modules/CMakeCXXCompilerABI.cpp
Linking CXX executable cmTryCompileExec
/usr/bin/cmake -E cmake_link_script CMakeFiles/cmTryCompileExec.dir/link.txt --verbose=1
/toolchain/bin/i486-TSOL-linux-gnu-g++        -v CMakeFiles/cmTryCompileExec.dir/CMakeCXXCompilerABI.cpp.o  -o cmTryCompileExec -rdynamic  
Using built-in specs.
COLLECT_GCC=/toolchain/bin/i486-TSOL-linux-gnu-g++
COLLECT_LTO_WRAPPER=/toolchain/libexec/gcc/i486-TSOL-linux-gnu/4.6.3/lto-wrapper
Target: i486-TSOL-linux-gnu
Configured with: /TSOL/crosstool-ng-1.15.2/bin/.build/src/gcc-4.6.3/configure --build=i686-build_pc-linux-gnu --host=i686-build_pc-linux-gnu --target=i486-TSOL-linux-gnu --prefix=/toolchain --with-sysroot=/toolchain/i486-TSOL-linux-gnu/sysroot --enable-languages=c,c++ --with-arch=i486 --with-pkgversion='crosstool-NG 1.15.2' --enable-__cxa_atexit --disable-libmudflap --disable-libgomp --disable-libssp --with-gmp=/TSOL/crosstool-ng-1.15.2/bin/.build/i486-TSOL-linux-gnu/buildtools --with-mpfr=/TSOL/crosstool-ng-1.15.2/bin/.build/i486-TSOL-linux-gnu/buildtools --with-mpc=/TSOL/crosstool-ng-1.15.2/bin/.build/i486-TSOL-linux-gnu/buildtools --with-ppl=/TSOL/crosstool-ng-1.15.2/bin/.build/i486-TSOL-linux-gnu/buildtools --with-cloog=/TSOL/crosstool-ng-1.15.2/bin/.build/i486-TSOL-linux-gnu/buildtools --with-libelf=no --with-host-libstdcxx='-static-libgcc -Wl,-Bstatic,-lstdc++,-Bdynamic -lm -L/TSOL/crosstool-ng-1.15.2/bin/.build/i486-TSOL-linux-gnu/buildtools/lib -lpwl' --enable-threads=posix --enable-target-optspace --disable-multilib --with-local-prefix=/toolchain/i486-TSOL-linux-gnu/sysroot --enable-c99 --enable-long-long
Thread model: posix
gcc version 4.6.3 (crosstool-NG 1.15.2) 
COMPILER_PATH=/toolchain/libexec/gcc/i486-TSOL-linux-gnu/4.6.3/:/toolchain/libexec/gcc/i486-TSOL-linux-gnu/4.6.3/:/toolchain/libexec/gcc/i486-TSOL-linux-gnu/:/toolchain/lib/gcc/i486-TSOL-linux-gnu/4.6.3/:/toolchain/lib/gcc/i486-TSOL-linux-gnu/:/toolchain/lib/gcc/i486-TSOL-linux-gnu/4.6.3/../../../../i486-TSOL-linux-gnu/bin/
LIBRARY_PATH=/toolchain/lib/gcc/i486-TSOL-linux-gnu/4.6.3/:/toolchain/lib/gcc/i486-TSOL-linux-gnu/4.6.3/../../../../i486-TSOL-linux-gnu/lib/:/toolchain/i486-TSOL-linux-gnu/sysroot/lib/:/toolchain/i486-TSOL-linux-gnu/sysroot/usr/lib/
COLLECT_GCC_OPTIONS='-v' '-o' 'cmTryCompileExec' '-rdynamic' '-shared-libgcc' '-mtune=i486' '-march=i486'
 /toolchain/libexec/gcc/i486-TSOL-linux-gnu/4.6.3/collect2 --sysroot=/toolchain/i486-TSOL-linux-gnu/sysroot --eh-frame-hdr -m elf_i386 -export-dynamic -dynamic-linker /lib/ld-linux.so.2 -o cmTryCompileExec /toolchain/i486-TSOL-linux-gnu/sysroot/usr/lib/crt1.o /toolchain/i486-TSOL-linux-gnu/sysroot/usr/lib/crti.o /toolchain/lib/gcc/i486-TSOL-linux-gnu/4.6.3/crtbegin.o -L/toolchain/lib/gcc/i486-TSOL-linux-gnu/4.6.3 -L/toolchain/lib/gcc/i486-TSOL-linux-gnu/4.6.3/../../../../i486-TSOL-linux-gnu/lib -L/toolchain/i486-TSOL-linux-gnu/sysroot/lib -L/toolchain/i486-TSOL-linux-gnu/sysroot/usr/lib CMakeFiles/cmTryCompileExec.dir/CMakeCXXCompilerABI.cpp.o -lstdc++ -lm -lgcc_s -lgcc -lc -lgcc_s -lgcc /toolchain/lib/gcc/i486-TSOL-linux-gnu/4.6.3/crtend.o /toolchain/i486-TSOL-linux-gnu/sysroot/usr/lib/crtn.o
make[1]: Leaving directory `/source/wm/awesome-3.4.13/CMakeFiles/CMakeTmp'


Parsed CXX implicit link information from above output:
  link line regex: [^( *|.*[/\])(ld|ld|collect2)[^/\]*( |$)]
  ignore line: [Change Dir: /source/wm/awesome-3.4.13/CMakeFiles/CMakeTmp]
  ignore line: []
  ignore line: [Run Build Command:/usr/bin/make "cmTryCompileExec/fast"]
  ignore line: [/usr/bin/make -f CMakeFiles/cmTryCompileExec.dir/build.make CMakeFiles/cmTryCompileExec.dir/build]
  ignore line: [make[1]: Entering directory `/source/wm/awesome-3.4.13/CMakeFiles/CMakeTmp']
  ignore line: [/usr/bin/cmake -E cmake_progress_report /source/wm/awesome-3.4.13/CMakeFiles/CMakeTmp/CMakeFiles 1]
  ignore line: [Building CXX object CMakeFiles/cmTryCompileExec.dir/CMakeCXXCompilerABI.cpp.o]
  ignore line: [/toolchain/bin/i486-TSOL-linux-gnu-g++     -o CMakeFiles/cmTryCompileExec.dir/CMakeCXXCompilerABI.cpp.o -c /usr/share/cmake-2.8/Modules/CMakeCXXCompilerABI.cpp]
  ignore line: [Linking CXX executable cmTryCompileExec]
  ignore line: [/usr/bin/cmake -E cmake_link_script CMakeFiles/cmTryCompileExec.dir/link.txt --verbose=1]
  ignore line: [/toolchain/bin/i486-TSOL-linux-gnu-g++        -v CMakeFiles/cmTryCompileExec.dir/CMakeCXXCompilerABI.cpp.o  -o cmTryCompileExec -rdynamic  ]
  ignore line: [Using built-in specs.]
  ignore line: [COLLECT_GCC=/toolchain/bin/i486-TSOL-linux-gnu-g++]
  ignore line: [COLLECT_LTO_WRAPPER=/toolchain/libexec/gcc/i486-TSOL-linux-gnu/4.6.3/lto-wrapper]
  ignore line: [Target: i486-TSOL-linux-gnu]
  ignore line: [Configured with: /TSOL/crosstool-ng-1.15.2/bin/.build/src/gcc-4.6.3/configure --build=i686-build_pc-linux-gnu --host=i686-build_pc-linux-gnu --target=i486-TSOL-linux-gnu --prefix=/toolchain --with-sysroot=/toolchain/i486-TSOL-linux-gnu/sysroot --enable-languages=c,c++ --with-arch=i486 --with-pkgversion='crosstool-NG 1.15.2' --enable-__cxa_atexit --disable-libmudflap --disable-libgomp --disable-libssp --with-gmp=/TSOL/crosstool-ng-1.15.2/bin/.build/i486-TSOL-linux-gnu/buildtools --with-mpfr=/TSOL/crosstool-ng-1.15.2/bin/.build/i486-TSOL-linux-gnu/buildtools --with-mpc=/TSOL/crosstool-ng-1.15.2/bin/.build/i486-TSOL-linux-gnu/buildtools --with-ppl=/TSOL/crosstool-ng-1.15.2/bin/.build/i486-TSOL-linux-gnu/buildtools --with-cloog=/TSOL/crosstool-ng-1.15.2/bin/.build/i486-TSOL-linux-gnu/buildtools --with-libelf=no --with-host-libstdcxx='-static-libgcc -Wl,-Bstatic,-lstdc++,-Bdynamic -lm -L/TSOL/crosstool-ng-1.15.2/bin/.build/i486-TSOL-linux-gnu/buildtools/lib -lpwl' --enable-threads=posix --enable-target-optspace --disable-multilib --with-local-prefix=/toolchain/i486-TSOL-linux-gnu/sysroot --enable-c99 --enable-long-long]
  ignore line: [Thread model: posix]
  ignore line: [gcc version 4.6.3 (crosstool-NG 1.15.2) ]
  ignore line: [COMPILER_PATH=/toolchain/libexec/gcc/i486-TSOL-linux-gnu/4.6.3/:/toolchain/libexec/gcc/i486-TSOL-linux-gnu/4.6.3/:/toolchain/libexec/gcc/i486-TSOL-linux-gnu/:/toolchain/lib/gcc/i486-TSOL-linux-gnu/4.6.3/:/toolchain/lib/gcc/i486-TSOL-linux-gnu/:/toolchain/lib/gcc/i486-TSOL-linux-gnu/4.6.3/../../../../i486-TSOL-linux-gnu/bin/]
  ignore line: [LIBRARY_PATH=/toolchain/lib/gcc/i486-TSOL-linux-gnu/4.6.3/:/toolchain/lib/gcc/i486-TSOL-linux-gnu/4.6.3/../../../../i486-TSOL-linux-gnu/lib/:/toolchain/i486-TSOL-linux-gnu/sysroot/lib/:/toolchain/i486-TSOL-linux-gnu/sysroot/usr/lib/]
  ignore line: [COLLECT_GCC_OPTIONS='-v' '-o' 'cmTryCompileExec' '-rdynamic' '-shared-libgcc' '-mtune=i486' '-march=i486']
  link line: [ /toolchain/libexec/gcc/i486-TSOL-linux-gnu/4.6.3/collect2 --sysroot=/toolchain/i486-TSOL-linux-gnu/sysroot --eh-frame-hdr -m elf_i386 -export-dynamic -dynamic-linker /lib/ld-linux.so.2 -o cmTryCompileExec /toolchain/i486-TSOL-linux-gnu/sysroot/usr/lib/crt1.o /toolchain/i486-TSOL-linux-gnu/sysroot/usr/lib/crti.o /toolchain/lib/gcc/i486-TSOL-linux-gnu/4.6.3/crtbegin.o -L/toolchain/lib/gcc/i486-TSOL-linux-gnu/4.6.3 -L/toolchain/lib/gcc/i486-TSOL-linux-gnu/4.6.3/../../../../i486-TSOL-linux-gnu/lib -L/toolchain/i486-TSOL-linux-gnu/sysroot/lib -L/toolchain/i486-TSOL-linux-gnu/sysroot/usr/lib CMakeFiles/cmTryCompileExec.dir/CMakeCXXCompilerABI.cpp.o -lstdc++ -lm -lgcc_s -lgcc -lc -lgcc_s -lgcc /toolchain/lib/gcc/i486-TSOL-linux-gnu/4.6.3/crtend.o /toolchain/i486-TSOL-linux-gnu/sysroot/usr/lib/crtn.o]
    arg [/toolchain/libexec/gcc/i486-TSOL-linux-gnu/4.6.3/collect2] ==> ignore
    arg [--sysroot=/toolchain/i486-TSOL-linux-gnu/sysroot] ==> ignore
    arg [--eh-frame-hdr] ==> ignore
    arg [-m] ==> ignore
    arg [elf_i386] ==> ignore
    arg [-export-dynamic] ==> ignore
    arg [-dynamic-linker] ==> ignore
    arg [/lib/ld-linux.so.2] ==> ignore
    arg [-o] ==> ignore
    arg [cmTryCompileExec] ==> ignore
    arg [/toolchain/i486-TSOL-linux-gnu/sysroot/usr/lib/crt1.o] ==> ignore
    arg [/toolchain/i486-TSOL-linux-gnu/sysroot/usr/lib/crti.o] ==> ignore
    arg [/toolchain/lib/gcc/i486-TSOL-linux-gnu/4.6.3/crtbegin.o] ==> ignore
    arg [-L/toolchain/lib/gcc/i486-TSOL-linux-gnu/4.6.3] ==> dir [/toolchain/lib/gcc/i486-TSOL-linux-gnu/4.6.3]
    arg [-L/toolchain/lib/gcc/i486-TSOL-linux-gnu/4.6.3/../../../../i486-TSOL-linux-gnu/lib] ==> dir [/toolchain/lib/gcc/i486-TSOL-linux-gnu/4.6.3/../../../../i486-TSOL-linux-gnu/lib]
    arg [-L/toolchain/i486-TSOL-linux-gnu/sysroot/lib] ==> dir [/toolchain/i486-TSOL-linux-gnu/sysroot/lib]
    arg [-L/toolchain/i486-TSOL-linux-gnu/sysroot/usr/lib] ==> dir [/toolchain/i486-TSOL-linux-gnu/sysroot/usr/lib]
    arg [CMakeFiles/cmTryCompileExec.dir/CMakeCXXCompilerABI.cpp.o] ==> ignore
    arg [-lstdc++] ==> lib [stdc++]
    arg [-lm] ==> lib [m]
    arg [-lgcc_s] ==> lib [gcc_s]
    arg [-lgcc] ==> lib [gcc]
    arg [-lc] ==> lib [c]
    arg [-lgcc_s] ==> lib [gcc_s]
    arg [-lgcc] ==> lib [gcc]
    arg [/toolchain/lib/gcc/i486-TSOL-linux-gnu/4.6.3/crtend.o] ==> ignore
    arg [/toolchain/i486-TSOL-linux-gnu/sysroot/usr/lib/crtn.o] ==> ignore
  remove lib [gcc_s]
  remove lib [gcc]
  remove lib [gcc_s]
  remove lib [gcc]
  collapse dir [/toolchain/lib/gcc/i486-TSOL-linux-gnu/4.6.3] ==> [/toolchain/lib/gcc/i486-TSOL-linux-gnu/4.6.3]
  collapse dir [/toolchain/lib/gcc/i486-TSOL-linux-gnu/4.6.3/../../../../i486-TSOL-linux-gnu/lib] ==> [/toolchain/i486-TSOL-linux-gnu/lib]
  collapse dir [/toolchain/i486-TSOL-linux-gnu/sysroot/lib] ==> [/toolchain/i486-TSOL-linux-gnu/sysroot/lib]
  collapse dir [/toolchain/i486-TSOL-linux-gnu/sysroot/usr/lib] ==> [/toolchain/i486-TSOL-linux-gnu/sysroot/usr/lib]
  implicit libs: [stdc++;m;c]
  implicit dirs: [/toolchain/lib/gcc/i486-TSOL-linux-gnu/4.6.3;/toolchain/i486-TSOL-linux-gnu/lib;/toolchain/i486-TSOL-linux-gnu/sysroot/lib;/toolchain/i486-TSOL-linux-gnu/sysroot/usr/lib]


Determining if the include file sys/types.h exists passed with the following output:
Change Dir: /source/wm/awesome-3.4.13/CMakeFiles/CMakeTmp

Run Build Command:/usr/bin/make "cmTryCompileExec/fast"
/usr/bin/make -f CMakeFiles/cmTryCompileExec.dir/build.make CMakeFiles/cmTryCompileExec.dir/build
make[1]: Entering directory `/source/wm/awesome-3.4.13/CMakeFiles/CMakeTmp'
/usr/bin/cmake -E cmake_progress_report /source/wm/awesome-3.4.13/CMakeFiles/CMakeTmp/CMakeFiles 1
Building C object CMakeFiles/cmTryCompileExec.dir/CheckIncludeFile.c.o
/toolchain/bin/i486-TSOL-linux-gnu-gcc   -static      -o CMakeFiles/cmTryCompileExec.dir/CheckIncludeFile.c.o   -c /source/wm/awesome-3.4.13/CMakeFiles/CMakeTmp/CheckIncludeFile.c
Linking C executable cmTryCompileExec
/usr/bin/cmake -E cmake_link_script CMakeFiles/cmTryCompileExec.dir/link.txt --verbose=1
/toolchain/bin/i486-TSOL-linux-gnu-gcc   -static       CMakeFiles/cmTryCompileExec.dir/CheckIncludeFile.c.o  -o cmTryCompileExec -rdynamic 
make[1]: Leaving directory `/source/wm/awesome-3.4.13/CMakeFiles/CMakeTmp'


Determining if the include file stdint.h exists passed with the following output:
Change Dir: /source/wm/awesome-3.4.13/CMakeFiles/CMakeTmp

Run Build Command:/usr/bin/make "cmTryCompileExec/fast"
/usr/bin/make -f CMakeFiles/cmTryCompileExec.dir/build.make CMakeFiles/cmTryCompileExec.dir/build
make[1]: Entering directory `/source/wm/awesome-3.4.13/CMakeFiles/CMakeTmp'
/usr/bin/cmake -E cmake_progress_report /source/wm/awesome-3.4.13/CMakeFiles/CMakeTmp/CMakeFiles 1
Building C object CMakeFiles/cmTryCompileExec.dir/CheckIncludeFile.c.o
/toolchain/bin/i486-TSOL-linux-gnu-gcc   -static      -o CMakeFiles/cmTryCompileExec.dir/CheckIncludeFile.c.o   -c /source/wm/awesome-3.4.13/CMakeFiles/CMakeTmp/CheckIncludeFile.c
Linking C executable cmTryCompileExec
/usr/bin/cmake -E cmake_link_script CMakeFiles/cmTryCompileExec.dir/link.txt --verbose=1
/toolchain/bin/i486-TSOL-linux-gnu-gcc   -static       CMakeFiles/cmTryCompileExec.dir/CheckIncludeFile.c.o  -o cmTryCompileExec -rdynamic 
make[1]: Leaving directory `/source/wm/awesome-3.4.13/CMakeFiles/CMakeTmp'


Determining if the include file stddef.h exists passed with the following output:
Change Dir: /source/wm/awesome-3.4.13/CMakeFiles/CMakeTmp

Run Build Command:/usr/bin/make "cmTryCompileExec/fast"
/usr/bin/make -f CMakeFiles/cmTryCompileExec.dir/build.make CMakeFiles/cmTryCompileExec.dir/build
make[1]: Entering directory `/source/wm/awesome-3.4.13/CMakeFiles/CMakeTmp'
/usr/bin/cmake -E cmake_progress_report /source/wm/awesome-3.4.13/CMakeFiles/CMakeTmp/CMakeFiles 1
Building C object CMakeFiles/cmTryCompileExec.dir/CheckIncludeFile.c.o
/toolchain/bin/i486-TSOL-linux-gnu-gcc   -static      -o CMakeFiles/cmTryCompileExec.dir/CheckIncludeFile.c.o   -c /source/wm/awesome-3.4.13/CMakeFiles/CMakeTmp/CheckIncludeFile.c
Linking C executable cmTryCompileExec
/usr/bin/cmake -E cmake_link_script CMakeFiles/cmTryCompileExec.dir/link.txt --verbose=1
/toolchain/bin/i486-TSOL-linux-gnu-gcc   -static       CMakeFiles/cmTryCompileExec.dir/CheckIncludeFile.c.o  -o cmTryCompileExec -rdynamic 
make[1]: Leaving directory `/source/wm/awesome-3.4.13/CMakeFiles/CMakeTmp'


Determining size of unsigned short passed with the following output:
Change Dir: /source/wm/awesome-3.4.13/CMakeFiles/CMakeTmp

Run Build Command:/usr/bin/make "cmTryCompileExec/fast"
/usr/bin/make -f CMakeFiles/cmTryCompileExec.dir/build.make CMakeFiles/cmTryCompileExec.dir/build
make[1]: Entering directory `/source/wm/awesome-3.4.13/CMakeFiles/CMakeTmp'
/usr/bin/cmake -E cmake_progress_report /source/wm/awesome-3.4.13/CMakeFiles/CMakeTmp/CMakeFiles 1
Building C object CMakeFiles/cmTryCompileExec.dir/CMAKE_SIZEOF_UNSIGNED_SHORT.c.o
/toolchain/bin/i486-TSOL-linux-gnu-gcc   -static      -o CMakeFiles/cmTryCompileExec.dir/CMAKE_SIZEOF_UNSIGNED_SHORT.c.o   -c /source/wm/awesome-3.4.13/CMakeFiles/CheckTypeSize/CMAKE_SIZEOF_UNSIGNED_SHORT.c
Linking C executable cmTryCompileExec
/usr/bin/cmake -E cmake_link_script CMakeFiles/cmTryCompileExec.dir/link.txt --verbose=1
/toolchain/bin/i486-TSOL-linux-gnu-gcc   -static       CMakeFiles/cmTryCompileExec.dir/CMAKE_SIZEOF_UNSIGNED_SHORT.c.o  -o cmTryCompileExec -rdynamic 
make[1]: Leaving directory `/source/wm/awesome-3.4.13/CMakeFiles/CMakeTmp'


