This file contains any messages produced by compilers while
running configure, to aid debugging if configure makes a mistake.

It was created by xgamma configure 1.0.5, which was
generated by GNU Autoconf 2.68.  Invocation command line was

  $ ./configure --prefix=/usr/xorg CPPFLAGS=-I/compiler/i486-tsol-linux-gnu/include/c++/4.3.4/i486-tsol-linux-gnu/ -I/compiler/i486-tsol-linux-gnu/include/c++/4.3.4/ CFLAGS=-O2 LDFLAGS=-static-libgcc

## --------- ##
## Platform. ##
## --------- ##

hostname = ubuntu4
uname -m = i686
uname -r = 2.6.32-37-generic
uname -s = Linux
uname -v = #81-Ubuntu SMP Fri Dec 2 20:35:14 UTC 2011

/usr/bin/uname -p = unknown
/bin/uname -X     = unknown

/bin/arch              = unknown
/usr/bin/arch -k       = unknown
/usr/convex/getsysinfo = unknown
/usr/bin/hostinfo      = unknown
/bin/machine           = unknown
/usr/bin/oslevel       = unknown
/bin/universe          = unknown

PATH: /usr/xorg/bin
PATH: /source/docbook-xsl-1.76.1/tools/bin
PATH: /bin
PATH: /sbin
PATH: /usr/bin
PATH: /usr/sbin
PATH: /usr/bin/X11
PATH: /usr/local/bin
PATH: /compiler/i486-tsol-linux-gnu/bin/
PATH: /compiler/libexec/gcc/i486-tsol-linux-gnu/4.3.4
PATH: /compiler/i486-tsol-linux-gnu/sys-root/usr/bin
PATH: /root/.local/bin
PATH: /opt/gnome/bin
PATH: /opt/gnome/sbin


## ----------- ##
## Core tests. ##
## ----------- ##

configure:2115: checking for a BSD-compatible install
configure:2183: result: /usr/bin/install -c
configure:2194: checking whether build environment is sane
configure:2244: result: yes
configure:2385: checking for a thread-safe mkdir -p
configure:2424: result: /bin/mkdir -p
configure:2437: checking for gawk
configure:2453: found /usr/bin/gawk
configure:2464: result: gawk
configure:2475: checking whether make sets $(MAKE)
configure:2497: result: yes
configure:2578: checking whether to enable maintainer-specific portions of Makefiles
configure:2587: result: no
configure:2625: checking for style of include used by make
configure:2653: result: GNU
configure:2723: checking for gcc
configure:2739: found /compiler/i486-tsol-linux-gnu/bin//gcc
configure:2750: result: gcc
configure:2979: checking for C compiler version
configure:2988: gcc --version >&5
gcc (crosstool-NG-1.6.0) 4.3.4
Copyright (C) 2008 Free Software Foundation, Inc.
This is free software; see the source for copying conditions.  There is NO
warranty; not even for MERCHANTABILITY or FITNESS FOR A PARTICULAR PURPOSE.

configure:2999: $? = 0
configure:2988: gcc -v >&5
Using built-in specs.
Target: i486-tsol-linux-gnu
Configured with: /TSOL/toolchain-build/targets/src/gcc-4.3.4/configure --build=i486-build_pc-linux-gnu --host=i486-build_pc-linux-gnu --target=i486-tsol-linux-gnu --prefix=/compiler --with-sysroot=/compiler/i486-tsol-linux-gnu//sys-root --enable-languages=c,c++ --disable-multilib --with-arch=i486 --with-pkgversion=crosstool-NG-1.6.0 --enable-__cxa_atexit --with-gmp=/compiler --with-mpfr=/compiler --with-local-prefix=/compiler/i486-tsol-linux-gnu//sys-root --disable-nls --enable-threads=posix --enable-symvers=gnu --enable-c99 --enable-long-long --enable-target-optspace
Thread model: posix
gcc version 4.3.4 (crosstool-NG-1.6.0) 
configure:2999: $? = 0
configure:2988: gcc -V >&5
gcc: '-V' option must have argument
configure:2999: $? = 1
configure:2988: gcc -qversion >&5
gcc: unrecognized option '-qversion'
gcc: no input files
configure:2999: $? = 1
configure:3019: checking whether the C compiler works
configure:3041: gcc -O2 -I/compiler/i486-tsol-linux-gnu/include/c++/4.3.4/i486-tsol-linux-gnu/ -I/compiler/i486-tsol-linux-gnu/include/c++/4.3.4/ -static-libgcc conftest.c  >&5
configure:3045: $? = 0
configure:3093: result: yes
configure:3096: checking for C compiler default output file name
configure:3098: result: a.out
configure:3104: checking for suffix of executables
configure:3111: gcc -o conftest -O2 -I/compiler/i486-tsol-linux-gnu/include/c++/4.3.4/i486-tsol-linux-gnu/ -I/compiler/i486-tsol-linux-gnu/include/c++/4.3.4/ -static-libgcc conftest.c  >&5
configure:3115: $? = 0
configure:3137: result: 
configure:3159: checking whether we are cross compiling
configure:3167: gcc -o conftest -O2 -I/compiler/i486-tsol-linux-gnu/include/c++/4.3.4/i486-tsol-linux-gnu/ -I/compiler/i486-tsol-linux-gnu/include/c++/4.3.4/ -static-libgcc conftest.c  >&5
configure:3171: $? = 0
configure:3178: ./conftest
configure:3182: $? = 0
configure:3197: result: no
configure:3202: checking for suffix of object files
configure:3224: gcc -c -O2 -I/compiler/i486-tsol-linux-gnu/include/c++/4.3.4/i486-tsol-linux-gnu/ -I/compiler/i486-tsol-linux-gnu/include/c++/4.3.4/ conftest.c >&5
configure:3228: $? = 0
configure:3249: result: o
configure:3253: checking whether we are using the GNU C compiler
configure:3272: gcc -c -O2 -I/compiler/i486-tsol-linux-gnu/include/c++/4.3.4/i486-tsol-linux-gnu/ -I/compiler/i486-tsol-linux-gnu/include/c++/4.3.4/ conftest.c >&5
configure:3272: $? = 0
configure:3281: result: yes
configure:3290: checking whether gcc accepts -g
configure:3310: gcc -c -g -I/compiler/i486-tsol-linux-gnu/include/c++/4.3.4/i486-tsol-linux-gnu/ -I/compiler/i486-tsol-linux-gnu/include/c++/4.3.4/ conftest.c >&5
configure:3310: $? = 0
configure:3351: result: yes
configure:3368: checking for gcc option to accept ISO C89
configure:3432: gcc  -c -O2 -I/compiler/i486-tsol-linux-gnu/include/c++/4.3.4/i486-tsol-linux-gnu/ -I/compiler/i486-tsol-linux-gnu/include/c++/4.3.4/ conftest.c >&5
configure:3432: $? = 0
configure:3445: result: none needed
configure:3467: checking dependency style of gcc
configure:3577: result: gcc3
configure:3592: checking for gcc option to accept ISO C99
configure:3741: gcc  -c -O2 -I/compiler/i486-tsol-linux-gnu/include/c++/4.3.4/i486-tsol-linux-gnu/ -I/compiler/i486-tsol-linux-gnu/include/c++/4.3.4/ conftest.c >&5
conftest.c:61: error: expected ';', ',' or ')' before 'text'
conftest.c: In function 'main':
conftest.c:115: error: expected '=', ',', ';', 'asm' or '__attribute__' before 'newvar'
conftest.c:115: error: 'newvar' undeclared (first use in this function)
conftest.c:115: error: (Each undeclared identifier is reported only once
conftest.c:115: error: for each function it appears in.)
conftest.c:125: error: 'for' loop initial declaration used outside C99 mode
configure:3741: $? = 1
configure: failed program was:
| /* confdefs.h */
| #define PACKAGE_NAME "xgamma"
| #define PACKAGE_TARNAME "xgamma"
| #define PACKAGE_VERSION "1.0.5"
| #define PACKAGE_STRING "xgamma 1.0.5"
| #define PACKAGE_BUGREPORT "https://bugs.freedesktop.org/enter_bug.cgi?product=xorg"
| #define PACKAGE_URL ""
| #define PACKAGE "xgamma"
| #define VERSION "1.0.5"
| /* end confdefs.h.  */
| #include <stdarg.h>
| #include <stdbool.h>
| #include <stdlib.h>
| #include <wchar.h>
| #include <stdio.h>
| 
| // Check varargs macros.  These examples are taken from C99 6.10.3.5.
| #define debug(...) fprintf (stderr, __VA_ARGS__)
| #define showlist(...) puts (#__VA_ARGS__)
| #define report(test,...) ((test) ? puts (#test) : printf (__VA_ARGS__))
| static void
| test_varargs_macros (void)
| {
|   int x = 1234;
|   int y = 5678;
|   debug ("Flag");
|   debug ("X = %d\n", x);
|   showlist (The first, second, and third items.);
|   report (x>y, "x is %d but y is %d", x, y);
| }
| 
| // Check long long types.
| #define BIG64 18446744073709551615ull
| #define BIG32 4294967295ul
| #define BIG_OK (BIG64 / BIG32 == 4294967297ull && BIG64 % BIG32 == 0)
| #if !BIG_OK
|   your preprocessor is broken;
| #endif
| #if BIG_OK
| #else
|   your preprocessor is broken;
| #endif
| static long long int bignum = -9223372036854775807LL;
| static unsigned long long int ubignum = BIG64;
| 
| struct incomplete_array
| {
|   int datasize;
|   double data[];
| };
| 
| struct named_init {
|   int number;
|   const wchar_t *name;
|   double average;
| };
| 
| typedef const char *ccp;
| 
| static inline int
| test_restrict (ccp restrict text)
| {
|   // See if C++-style comments work.
|   // Iterate through items via the restricted pointer.
|   // Also check for declarations in for loops.
|   for (unsigned int i = 0; *(text+i) != '\0'; ++i)
|     continue;
|   return 0;
| }
| 
| // Check varargs and va_copy.
| static void
| test_varargs (const char *format, ...)
| {
|   va_list args;
|   va_start (args, format);
|   va_list args_copy;
|   va_copy (args_copy, args);
| 
|   const char *str;
|   int number;
|   float fnumber;
| 
|   while (*format)
|     {
|       switch (*format++)
| 	{
| 	case 's': // string
| 	  str = va_arg (args_copy, const char *);
| 	  break;
| 	case 'd': // int
| 	  number = va_arg (args_copy, int);
| 	  break;
| 	case 'f': // float
| 	  fnumber = va_arg (args_copy, double);
| 	  break;
| 	default:
| 	  break;
| 	}
|     }
|   va_end (args_copy);
|   va_end (args);
| }
| 
| int
| main ()
| {
| 
|   // Check bool.
|   _Bool success = false;
| 
|   // Check restrict.
|   if (test_restrict ("String literal") == 0)
|     success = true;
|   char *restrict newvar = "Another string";
| 
|   // Check varargs.
|   test_varargs ("s, d' f .", "string", 65, 34.234);
|   test_varargs_macros ();
| 
|   // Check flexible array members.
|   struct incomplete_array *ia =
|     malloc (sizeof (struct incomplete_array) + (sizeof (double) * 10));
|   ia->datasize = 10;
|   for (int i = 0; i < ia->datasize; ++i)
|     ia->data[i] = i * 1.234;
| 
|   // Check named initializers.
|   struct named_init ni = {
|     .number = 34,
|     .name = L"Test wide string",
|     .average = 543.34343,
|   };
| 
|   ni.number = 58;
| 
|   int dynamic_array[ni.number];
|   dynamic_array[ni.number - 1] = 543;
| 
|   // work around unused variable warnings
|   return (!success || bignum == 0LL || ubignum == 0uLL || newvar[0] == 'x'
| 	  || dynamic_array[ni.number - 1] != 543);
| 
|   ;
|   return 0;
| }
configure:3741: gcc -std=gnu99 -c -O2 -I/compiler/i486-tsol-linux-gnu/include/c++/4.3.4/i486-tsol-linux-gnu/ -I/compiler/i486-tsol-linux-gnu/include/c++/4.3.4/ conftest.c >&5
configure:3741: $? = 0
configure:3761: result: -std=gnu99
configure:3775: checking how to run the C preprocessor
configure:3806: gcc -std=gnu99 -E -I/compiler/i486-tsol-linux-gnu/include/c++/4.3.4/i486-tsol-linux-gnu/ -I/compiler/i486-tsol-linux-gnu/include/c++/4.3.4/ conftest.c
configure:3806: $? = 0
configure:3820: gcc -std=gnu99 -E -I/compiler/i486-tsol-linux-gnu/include/c++/4.3.4/i486-tsol-linux-gnu/ -I/compiler/i486-tsol-linux-gnu/include/c++/4.3.4/ conftest.c
conftest.c:11:28: error: ac_nonexistent.h: No such file or directory
configure:3820: $? = 1
configure: failed program was:
| /* confdefs.h */
| #define PACKAGE_NAME "xgamma"
| #define PACKAGE_TARNAME "xgamma"
| #define PACKAGE_VERSION "1.0.5"
| #define PACKAGE_STRING "xgamma 1.0.5"
| #define PACKAGE_BUGREPORT "https://bugs.freedesktop.org/enter_bug.cgi?product=xorg"
| #define PACKAGE_URL ""
| #define PACKAGE "xgamma"
| #define VERSION "1.0.5"
| /* end confdefs.h.  */
| #include <ac_nonexistent.h>
configure:3845: result: gcc -std=gnu99 -E
configure:3865: gcc -std=gnu99 -E -I/compiler/i486-tsol-linux-gnu/include/c++/4.3.4/i486-tsol-linux-gnu/ -I/compiler/i486-tsol-linux-gnu/include/c++/4.3.4/ conftest.c
configure:3865: $? = 0
configure:3879: gcc -std=gnu99 -E -I/compiler/i486-tsol-linux-gnu/include/c++/4.3.4/i486-tsol-linux-gnu/ -I/compiler/i486-tsol-linux-gnu/include/c++/4.3.4/ conftest.c
conftest.c:11:28: error: ac_nonexistent.h: No such file or directory
configure:3879: $? = 1
configure: failed program was:
| /* confdefs.h */
| #define PACKAGE_NAME "xgamma"
| #define PACKAGE_TARNAME "xgamma"
| #define PACKAGE_VERSION "1.0.5"
| #define PACKAGE_STRING "xgamma 1.0.5"
| #define PACKAGE_BUGREPORT "https://bugs.freedesktop.org/enter_bug.cgi?product=xorg"
| #define PACKAGE_URL ""
| #define PACKAGE "xgamma"
| #define VERSION "1.0.5"
| /* end confdefs.h.  */
| #include <ac_nonexistent.h>
configure:3908: checking for grep that handles long lines and -e
configure:3966: result: /usr/bin/grep
configure:3971: checking for egrep
configure:4033: result: /usr/bin/grep -E
configure:4038: checking for ANSI C header files
configure:4058: gcc -std=gnu99 -c -O2 -I/compiler/i486-tsol-linux-gnu/include/c++/4.3.4/i486-tsol-linux-gnu/ -I/compiler/i486-tsol-linux-gnu/include/c++/4.3.4/ conftest.c >&5
configure:4058: $? = 0
configure:4131: gcc -std=gnu99 -o conftest -O2 -I/compiler/i486-tsol-linux-gnu/include/c++/4.3.4/i486-tsol-linux-gnu/ -I/compiler/i486-tsol-linux-gnu/include/c++/4.3.4/ -static-libgcc conftest.c  >&5
configure:4131: $? = 0
configure:4131: ./conftest
configure:4131: $? = 0
configure:4142: result: yes
configure:4155: checking for sys/types.h
configure:4155: gcc -std=gnu99 -c -O2 -I/compiler/i486-tsol-linux-gnu/include/c++/4.3.4/i486-tsol-linux-gnu/ -I/compiler/i486-tsol-linux-gnu/include/c++/4.3.4/ conftest.c >&5
configure:4155: $? = 0
configure:4155: result: yes
configure:4155: checking for sys/stat.h
configure:4155: gcc -std=gnu99 -c -O2 -I/compiler/i486-tsol-linux-gnu/include/c++/4.3.4/i486-tsol-linux-gnu/ -I/compiler/i486-tsol-linux-gnu/include/c++/4.3.4/ conftest.c >&5
configure:4155: $? = 0
configure:4155: result: yes
configure:4155: checking for stdlib.h
configure:4155: gcc -std=gnu99 -c -O2 -I/compiler/i486-tsol-linux-gnu/include/c++/4.3.4/i486-tsol-linux-gnu/ -I/compiler/i486-tsol-linux-gnu/include/c++/4.3.4/ conftest.c >&5
configure:4155: $? = 0
configure:4155: result: yes
configure:4155: checking for string.h
configure:4155: gcc -std=gnu99 -c -O2 -I/compiler/i486-tsol-linux-gnu/include/c++/4.3.4/i486-tsol-linux-gnu/ -I/compiler/i486-tsol-linux-gnu/include/c++/4.3.4/ conftest.c >&5
configure:4155: $? = 0
configure:4155: result: yes
configure:4155: checking for memory.h
configure:4155: gcc -std=gnu99 -c -O2 -I/compiler/i486-tsol-linux-gnu/include/c++/4.3.4/i486-tsol-linux-gnu/ -I/compiler/i486-tsol-linux-gnu/include/c++/4.3.4/ conftest.c >&5
configure:4155: $? = 0
configure:4155: result: yes
configure:4155: checking for strings.h
configure:4155: gcc -std=gnu99 -c -O2 -I/compiler/i486-tsol-linux-gnu/include/c++/4.3.4/i486-tsol-linux-gnu/ -I/compiler/i486-tsol-linux-gnu/include/c++/4.3.4/ conftest.c >&5
configure:4155: $? = 0
configure:4155: result: yes
configure:4155: checking for inttypes.h
configure:4155: gcc -std=gnu99 -c -O2 -I/compiler/i486-tsol-linux-gnu/include/c++/4.3.4/i486-tsol-linux-gnu/ -I/compiler/i486-tsol-linux-gnu/include/c++/4.3.4/ conftest.c >&5
configure:4155: $? = 0
configure:4155: result: yes
configure:4155: checking for stdint.h
configure:4155: gcc -std=gnu99 -c -O2 -I/compiler/i486-tsol-linux-gnu/include/c++/4.3.4/i486-tsol-linux-gnu/ -I/compiler/i486-tsol-linux-gnu/include/c++/4.3.4/ conftest.c >&5
configure:4155: $? = 0
configure:4155: result: yes
configure:4155: checking for unistd.h
configure:4155: gcc -std=gnu99 -c -O2 -I/compiler/i486-tsol-linux-gnu/include/c++/4.3.4/i486-tsol-linux-gnu/ -I/compiler/i486-tsol-linux-gnu/include/c++/4.3.4/ conftest.c >&5
configure:4155: $? = 0
configure:4155: result: yes
configure:4171: checking whether __clang__ is declared
configure:4171: gcc -std=gnu99 -c -O2 -I/compiler/i486-tsol-linux-gnu/include/c++/4.3.4/i486-tsol-linux-gnu/ -I/compiler/i486-tsol-linux-gnu/include/c++/4.3.4/ conftest.c >&5
conftest.c: In function 'main':
conftest.c:61: error: '__clang__' undeclared (first use in this function)
conftest.c:61: error: (Each undeclared identifier is reported only once
conftest.c:61: error: for each function it appears in.)
configure:4171: $? = 1
configure: failed program was:
| /* confdefs.h */
| #define PACKAGE_NAME "xgamma"
| #define PACKAGE_TARNAME "xgamma"
| #define PACKAGE_VERSION "1.0.5"
| #define PACKAGE_STRING "xgamma 1.0.5"
| #define PACKAGE_BUGREPORT "https://bugs.freedesktop.org/enter_bug.cgi?product=xorg"
| #define PACKAGE_URL ""
| #define PACKAGE "xgamma"
| #define VERSION "1.0.5"
| #define STDC_HEADERS 1
| #define HAVE_SYS_TYPES_H 1
| #define HAVE_SYS_STAT_H 1
| #define HAVE_STDLIB_H 1
| #define HAVE_STRING_H 1
| #define HAVE_MEMORY_H 1
| #define HAVE_STRINGS_H 1
| #define HAVE_INTTYPES_H 1
| #define HAVE_STDINT_H 1
| #define HAVE_UNISTD_H 1
| /* end confdefs.h.  */
| #include <stdio.h>
| #ifdef HAVE_SYS_TYPES_H
| # include <sys/types.h>
| #endif
| #ifdef HAVE_SYS_STAT_H
| # include <sys/stat.h>
| #endif
| #ifdef STDC_HEADERS
| # include <stdlib.h>
| # include <stddef.h>
| #else
| # ifdef HAVE_STDLIB_H
| #  include <stdlib.h>
| # endif
| #endif
| #ifdef HAVE_STRING_H
| # if !defined STDC_HEADERS && defined HAVE_MEMORY_H
| #  include <memory.h>
| # endif
| # include <string.h>
| #endif
| #ifdef HAVE_STRINGS_H
| # include <strings.h>
| #endif
| #ifdef HAVE_INTTYPES_H
| # include <inttypes.h>
| #endif
| #ifdef HAVE_STDINT_H
| # include <stdint.h>
| #endif
| #ifdef HAVE_UNISTD_H
| # include <unistd.h>
| #endif
| int
| main ()
| {
| #ifndef __clang__
| #ifdef __cplusplus
|   (void) __clang__;
| #else
|   (void) __clang__;
| #endif
| #endif
| 
|   ;
|   return 0;
| }
configure:4171: result: no
configure:4178: checking whether __INTEL_COMPILER is declared
configure:4178: gcc -std=gnu99 -c -O2 -I/compiler/i486-tsol-linux-gnu/include/c++/4.3.4/i486-tsol-linux-gnu/ -I/compiler/i486-tsol-linux-gnu/include/c++/4.3.4/ conftest.c >&5
conftest.c: In function 'main':
conftest.c:61: error: '__INTEL_COMPILER' undeclared (first use in this function)
conftest.c:61: error: (Each undeclared identifier is reported only once
conftest.c:61: error: for each function it appears in.)
configure:4178: $? = 1
configure: failed program was:
| /* confdefs.h */
| #define PACKAGE_NAME "xgamma"
| #define PACKAGE_TARNAME "xgamma"
| #define PACKAGE_VERSION "1.0.5"
| #define PACKAGE_STRING "xgamma 1.0.5"
| #define PACKAGE_BUGREPORT "https://bugs.freedesktop.org/enter_bug.cgi?product=xorg"
| #define PACKAGE_URL ""
| #define PACKAGE "xgamma"
| #define VERSION "1.0.5"
| #define STDC_HEADERS 1
| #define HAVE_SYS_TYPES_H 1
| #define HAVE_SYS_STAT_H 1
| #define HAVE_STDLIB_H 1
| #define HAVE_STRING_H 1
| #define HAVE_MEMORY_H 1
| #define HAVE_STRINGS_H 1
| #define HAVE_INTTYPES_H 1
| #define HAVE_STDINT_H 1
| #define HAVE_UNISTD_H 1
| /* end confdefs.h.  */
| #include <stdio.h>
| #ifdef HAVE_SYS_TYPES_H
| # include <sys/types.h>
| #endif
| #ifdef HAVE_SYS_STAT_H
| # include <sys/stat.h>
| #endif
| #ifdef STDC_HEADERS
| # include <stdlib.h>
| # include <stddef.h>
| #else
| # ifdef HAVE_STDLIB_H
| #  include <stdlib.h>
| # endif
| #endif
| #ifdef HAVE_STRING_H
| # if !defined STDC_HEADERS && defined HAVE_MEMORY_H
| #  include <memory.h>
| # endif
| # include <string.h>
| #endif
| #ifdef HAVE_STRINGS_H
| # include <strings.h>
| #endif
| #ifdef HAVE_INTTYPES_H
| # include <inttypes.h>
| #endif
| #ifdef HAVE_STDINT_H
| # include <stdint.h>
| #endif
| #ifdef HAVE_UNISTD_H
| # include <unistd.h>
| #endif
| int
| main ()
| {
| #ifndef __INTEL_COMPILER
| #ifdef __cplusplus
|   (void) __INTEL_COMPILER;
| #else
|   (void) __INTEL_COMPILER;
| #endif
| #endif
| 
|   ;
|   return 0;
| }
configure:4178: result: no
configure:4185: checking whether __SUNPRO_C is declared
configure:4185: gcc -std=gnu99 -c -O2 -I/compiler/i486-tsol-linux-gnu/include/c++/4.3.4/i486-tsol-linux-gnu/ -I/compiler/i486-tsol-linux-gnu/include/c++/4.3.4/ conftest.c >&5
conftest.c: In function 'main':
conftest.c:61: error: '__SUNPRO_C' undeclared (first use in this function)
conftest.c:61: error: (Each undeclared identifier is reported only once
conftest.c:61: error: for each function it appears in.)
configure:4185: $? = 1
configure: failed program was:
| /* confdefs.h */
| #define PACKAGE_NAME "xgamma"
| #define PACKAGE_TARNAME "xgamma"
| #define PACKAGE_VERSION "1.0.5"
| #define PACKAGE_STRING "xgamma 1.0.5"
| #define PACKAGE_BUGREPORT "https://bugs.freedesktop.org/enter_bug.cgi?product=xorg"
| #define PACKAGE_URL ""
| #define PACKAGE "xgamma"
| #define VERSION "1.0.5"
| #define STDC_HEADERS 1
| #define HAVE_SYS_TYPES_H 1
| #define HAVE_SYS_STAT_H 1
| #define HAVE_STDLIB_H 1
| #define HAVE_STRING_H 1
| #define HAVE_MEMORY_H 1
| #define HAVE_STRINGS_H 1
| #define HAVE_INTTYPES_H 1
| #define HAVE_STDINT_H 1
| #define HAVE_UNISTD_H 1
| /* end confdefs.h.  */
| #include <stdio.h>
| #ifdef HAVE_SYS_TYPES_H
| # include <sys/types.h>
| #endif
| #ifdef HAVE_SYS_STAT_H
| # include <sys/stat.h>
| #endif
| #ifdef STDC_HEADERS
| # include <stdlib.h>
| # include <stddef.h>
| #else
| # ifdef HAVE_STDLIB_H
| #  include <stdlib.h>
| # endif
| #endif
| #ifdef HAVE_STRING_H
| # if !defined STDC_HEADERS && defined HAVE_MEMORY_H
| #  include <memory.h>
| # endif
| # include <string.h>
| #endif
| #ifdef HAVE_STRINGS_H
| # include <strings.h>
| #endif
| #ifdef HAVE_INTTYPES_H
| # include <inttypes.h>
| #endif
| #ifdef HAVE_STDINT_H
| # include <stdint.h>
| #endif
| #ifdef HAVE_UNISTD_H
| # include <unistd.h>
| #endif
| int
| main ()
| {
| #ifndef __SUNPRO_C
| #ifdef __cplusplus
|   (void) __SUNPRO_C;
| #else
|   (void) __SUNPRO_C;
| #endif
| #endif
| 
|   ;
|   return 0;
| }
configure:4185: result: no
configure:4242: checking for pkg-config
configure:4260: found /usr/bin/pkg-config
configure:4272: result: /usr/bin/pkg-config
configure:4297: checking pkg-config is at least version 0.9.0
configure:4300: result: yes
configure:4313: checking build system type
configure:4327: result: i686-pc-linux-gnu
configure:4347: checking host system type
configure:4360: result: i686-pc-linux-gnu
configure:4380: checking for a sed that does not truncate output
configure:4444: result: /bin/sed
configure:4490: checking if gcc -std=gnu99 supports -Werror=unknown-warning-option
configure:4499: gcc -std=gnu99 -c -O2 -Werror=unknown-warning-option -I/compiler/i486-tsol-linux-gnu/include/c++/4.3.4/i486-tsol-linux-gnu/ -I/compiler/i486-tsol-linux-gnu/include/c++/4.3.4/ conftest.c >&5
cc1: error: -Werror=unknown-warning-option: No option -Wunknown-warning-option
configure:4499: $? = 1
configure: failed program was:
| /* confdefs.h */
| #define PACKAGE_NAME "xgamma"
| #define PACKAGE_TARNAME "xgamma"
| #define PACKAGE_VERSION "1.0.5"
| #define PACKAGE_STRING "xgamma 1.0.5"
| #define PACKAGE_BUGREPORT "https://bugs.freedesktop.org/enter_bug.cgi?product=xorg"
| #define PACKAGE_URL ""
| #define PACKAGE "xgamma"
| #define VERSION "1.0.5"
| #define STDC_HEADERS 1
| #define HAVE_SYS_TYPES_H 1
| #define HAVE_SYS_STAT_H 1
| #define HAVE_STDLIB_H 1
| #define HAVE_STRING_H 1
| #define HAVE_MEMORY_H 1
| #define HAVE_STRINGS_H 1
| #define HAVE_INTTYPES_H 1
| #define HAVE_STDINT_H 1
| #define HAVE_UNISTD_H 1
| /* end confdefs.h.  */
| int i;
configure:4506: result: no
configure:4517: checking if gcc -std=gnu99 supports -Werror=unused-command-line-argument
configure:4526: gcc -std=gnu99 -c -O2 -Werror=unused-command-line-argument -I/compiler/i486-tsol-linux-gnu/include/c++/4.3.4/i486-tsol-linux-gnu/ -I/compiler/i486-tsol-linux-gnu/include/c++/4.3.4/ conftest.c >&5
cc1: error: -Werror=unused-command-line-argument: No option -Wunused-command-line-argument
configure:4526: $? = 1
configure: failed program was:
| /* confdefs.h */
| #define PACKAGE_NAME "xgamma"
| #define PACKAGE_TARNAME "xgamma"
| #define PACKAGE_VERSION "1.0.5"
| #define PACKAGE_STRING "xgamma 1.0.5"
| #define PACKAGE_BUGREPORT "https://bugs.freedesktop.org/enter_bug.cgi?product=xorg"
| #define PACKAGE_URL ""
| #define PACKAGE "xgamma"
| #define VERSION "1.0.5"
| #define STDC_HEADERS 1
| #define HAVE_SYS_TYPES_H 1
| #define HAVE_SYS_STAT_H 1
| #define HAVE_STDLIB_H 1
| #define HAVE_STRING_H 1
| #define HAVE_MEMORY_H 1
| #define HAVE_STRINGS_H 1
| #define HAVE_INTTYPES_H 1
| #define HAVE_STDINT_H 1
| #define HAVE_UNISTD_H 1
| /* end confdefs.h.  */
| int i;
configure:4533: result: no
configure:4552: checking if gcc -std=gnu99 supports-Wall
configure:4569: gcc -std=gnu99 -o conftest -O2 -Wall -I/compiler/i486-tsol-linux-gnu/include/c++/4.3.4/i486-tsol-linux-gnu/ -I/compiler/i486-tsol-linux-gnu/include/c++/4.3.4/ -static-libgcc conftest.c  >&5
configure:4569: $? = 0
configure:4582: result: yes
configure:4670: checking if gcc -std=gnu99 supports-Wpointer-arith
configure:4687: gcc -std=gnu99 -o conftest -O2 -Wpointer-arith -I/compiler/i486-tsol-linux-gnu/include/c++/4.3.4/i486-tsol-linux-gnu/ -I/compiler/i486-tsol-linux-gnu/include/c++/4.3.4/ -static-libgcc conftest.c  >&5
configure:4687: $? = 0
configure:4700: result: yes
configure:4788: checking if gcc -std=gnu99 supports-Wmissing-declarations
configure:4805: gcc -std=gnu99 -o conftest -O2 -Wmissing-declarations -I/compiler/i486-tsol-linux-gnu/include/c++/4.3.4/i486-tsol-linux-gnu/ -I/compiler/i486-tsol-linux-gnu/include/c++/4.3.4/ -static-libgcc conftest.c  >&5
configure:4805: $? = 0
configure:4818: result: yes
configure:4906: checking if gcc -std=gnu99 supports-Wformat=2
configure:4923: gcc -std=gnu99 -o conftest -O2 -Wformat=2 -I/compiler/i486-tsol-linux-gnu/include/c++/4.3.4/i486-tsol-linux-gnu/ -I/compiler/i486-tsol-linux-gnu/include/c++/4.3.4/ -static-libgcc conftest.c  >&5
configure:4923: $? = 0
configure:4936: result: yes
configure:5075: checking if gcc -std=gnu99 supports-Wstrict-prototypes
configure:5092: gcc -std=gnu99 -o conftest -O2 -Wstrict-prototypes -I/compiler/i486-tsol-linux-gnu/include/c++/4.3.4/i486-tsol-linux-gnu/ -I/compiler/i486-tsol-linux-gnu/include/c++/4.3.4/ -static-libgcc conftest.c  >&5
conftest.c:24: warning: function declaration isn't a prototype
configure:5092: $? = 0
configure:5105: result: yes
configure:5193: checking if gcc -std=gnu99 supports-Wmissing-prototypes
configure:5210: gcc -std=gnu99 -o conftest -O2 -Wmissing-prototypes -I/compiler/i486-tsol-linux-gnu/include/c++/4.3.4/i486-tsol-linux-gnu/ -I/compiler/i486-tsol-linux-gnu/include/c++/4.3.4/ -static-libgcc conftest.c  >&5
configure:5210: $? = 0
configure:5223: result: yes
configure:5311: checking if gcc -std=gnu99 supports-Wnested-externs
configure:5328: gcc -std=gnu99 -o conftest -O2 -Wnested-externs -I/compiler/i486-tsol-linux-gnu/include/c++/4.3.4/i486-tsol-linux-gnu/ -I/compiler/i486-tsol-linux-gnu/include/c++/4.3.4/ -static-libgcc conftest.c  >&5
configure:5328: $? = 0
configure:5341: result: yes
configure:5429: checking if gcc -std=gnu99 supports-Wbad-function-cast
configure:5446: gcc -std=gnu99 -o conftest -O2 -Wbad-function-cast -I/compiler/i486-tsol-linux-gnu/include/c++/4.3.4/i486-tsol-linux-gnu/ -I/compiler/i486-tsol-linux-gnu/include/c++/4.3.4/ -static-libgcc conftest.c  >&5
configure:5446: $? = 0
configure:5459: result: yes
configure:5547: checking if gcc -std=gnu99 supports-Wold-style-definition
configure:5564: gcc -std=gnu99 -o conftest -O2 -Wold-style-definition -I/compiler/i486-tsol-linux-gnu/include/c++/4.3.4/i486-tsol-linux-gnu/ -I/compiler/i486-tsol-linux-gnu/include/c++/4.3.4/ -static-libgcc conftest.c  >&5
conftest.c: In function 'main':
conftest.c:24: warning: old-style function definition
configure:5564: $? = 0
configure:5577: result: yes
configure:5665: checking if gcc -std=gnu99 supports-Wdeclaration-after-statement
configure:5682: gcc -std=gnu99 -o conftest -O2 -Wdeclaration-after-statement -I/compiler/i486-tsol-linux-gnu/include/c++/4.3.4/i486-tsol-linux-gnu/ -I/compiler/i486-tsol-linux-gnu/include/c++/4.3.4/ -static-libgcc conftest.c  >&5
configure:5682: $? = 0
configure:5695: result: yes
configure:5787: checking if gcc -std=gnu99 supports-Wunused
configure:5804: gcc -std=gnu99 -o conftest -O2 -Wunused -I/compiler/i486-tsol-linux-gnu/include/c++/4.3.4/i486-tsol-linux-gnu/ -I/compiler/i486-tsol-linux-gnu/include/c++/4.3.4/ -static-libgcc conftest.c  >&5
configure:5804: $? = 0
configure:5817: result: yes
configure:5905: checking if gcc -std=gnu99 supports-Wuninitialized
configure:5922: gcc -std=gnu99 -o conftest -O2 -Wuninitialized -I/compiler/i486-tsol-linux-gnu/include/c++/4.3.4/i486-tsol-linux-gnu/ -I/compiler/i486-tsol-linux-gnu/include/c++/4.3.4/ -static-libgcc conftest.c  >&5
configure:5922: $? = 0
configure:5935: result: yes
configure:6023: checking if gcc -std=gnu99 supports-Wshadow
configure:6040: gcc -std=gnu99 -o conftest -O2 -Wshadow -I/compiler/i486-tsol-linux-gnu/include/c++/4.3.4/i486-tsol-linux-gnu/ -I/compiler/i486-tsol-linux-gnu/include/c++/4.3.4/ -static-libgcc conftest.c  >&5
configure:6040: $? = 0
configure:6053: result: yes
configure:6141: checking if gcc -std=gnu99 supports-Wcast-qual
configure:6158: gcc -std=gnu99 -o conftest -O2 -Wcast-qual -I/compiler/i486-tsol-linux-gnu/include/c++/4.3.4/i486-tsol-linux-gnu/ -I/compiler/i486-tsol-linux-gnu/include/c++/4.3.4/ -static-libgcc conftest.c  >&5
configure:6158: $? = 0
configure:6171: result: yes
configure:6259: checking if gcc -std=gnu99 supports-Wmissing-noreturn
configure:6276: gcc -std=gnu99 -o conftest -O2 -Wmissing-noreturn -I/compiler/i486-tsol-linux-gnu/include/c++/4.3.4/i486-tsol-linux-gnu/ -I/compiler/i486-tsol-linux-gnu/include/c++/4.3.4/ -static-libgcc conftest.c  >&5
configure:6276: $? = 0
configure:6289: result: yes
configure:6377: checking if gcc -std=gnu99 supports-Wmissing-format-attribute
configure:6394: gcc -std=gnu99 -o conftest -O2 -Wmissing-format-attribute -I/compiler/i486-tsol-linux-gnu/include/c++/4.3.4/i486-tsol-linux-gnu/ -I/compiler/i486-tsol-linux-gnu/include/c++/4.3.4/ -static-libgcc conftest.c  >&5
configure:6394: $? = 0
configure:6407: result: yes
configure:6495: checking if gcc -std=gnu99 supports-Wredundant-decls
configure:6512: gcc -std=gnu99 -o conftest -O2 -Wredundant-decls -I/compiler/i486-tsol-linux-gnu/include/c++/4.3.4/i486-tsol-linux-gnu/ -I/compiler/i486-tsol-linux-gnu/include/c++/4.3.4/ -static-libgcc conftest.c  >&5
configure:6512: $? = 0
configure:6525: result: yes
configure:6625: checking if gcc -std=gnu99 supports-Werror=implicit
configure:6642: gcc -std=gnu99 -o conftest -O2 -Werror=implicit -I/compiler/i486-tsol-linux-gnu/include/c++/4.3.4/i486-tsol-linux-gnu/ -I/compiler/i486-tsol-linux-gnu/include/c++/4.3.4/ -static-libgcc conftest.c  >&5
configure:6642: $? = 0
configure:6655: result: yes
configure:6792: checking if gcc -std=gnu99 supports-Werror=nonnull
configure:6809: gcc -std=gnu99 -o conftest -O2 -Werror=nonnull -I/compiler/i486-tsol-linux-gnu/include/c++/4.3.4/i486-tsol-linux-gnu/ -I/compiler/i486-tsol-linux-gnu/include/c++/4.3.4/ -static-libgcc conftest.c  >&5
configure:6809: $? = 0
configure:6822: result: yes
configure:6910: checking if gcc -std=gnu99 supports-Werror=init-self
configure:6927: gcc -std=gnu99 -o conftest -O2 -Werror=init-self -I/compiler/i486-tsol-linux-gnu/include/c++/4.3.4/i486-tsol-linux-gnu/ -I/compiler/i486-tsol-linux-gnu/include/c++/4.3.4/ -static-libgcc conftest.c  >&5
configure:6927: $? = 0
configure:6940: result: yes
configure:7028: checking if gcc -std=gnu99 supports-Werror=main
configure:7045: gcc -std=gnu99 -o conftest -O2 -Werror=main -I/compiler/i486-tsol-linux-gnu/include/c++/4.3.4/i486-tsol-linux-gnu/ -I/compiler/i486-tsol-linux-gnu/include/c++/4.3.4/ -static-libgcc conftest.c  >&5
configure:7045: $? = 0
configure:7058: result: yes
configure:7146: checking if gcc -std=gnu99 supports-Werror=missing-braces
configure:7163: gcc -std=gnu99 -o conftest -O2 -Werror=missing-braces -I/compiler/i486-tsol-linux-gnu/include/c++/4.3.4/i486-tsol-linux-gnu/ -I/compiler/i486-tsol-linux-gnu/include/c++/4.3.4/ -static-libgcc conftest.c  >&5
configure:7163: $? = 0
configure:7176: result: yes
configure:7264: checking if gcc -std=gnu99 supports-Werror=sequence-point
configure:7281: gcc -std=gnu99 -o conftest -O2 -Werror=sequence-point -I/compiler/i486-tsol-linux-gnu/include/c++/4.3.4/i486-tsol-linux-gnu/ -I/compiler/i486-tsol-linux-gnu/include/c++/4.3.4/ -static-libgcc conftest.c  >&5
configure:7281: $? = 0
configure:7294: result: yes
configure:7382: checking if gcc -std=gnu99 supports-Werror=return-type
configure:7399: gcc -std=gnu99 -o conftest -O2 -Werror=return-type -I/compiler/i486-tsol-linux-gnu/include/c++/4.3.4/i486-tsol-linux-gnu/ -I/compiler/i486-tsol-linux-gnu/include/c++/4.3.4/ -static-libgcc conftest.c  >&5
configure:7399: $? = 0
configure:7412: result: yes
configure:7549: checking if gcc -std=gnu99 supports-Werror=trigraphs
configure:7566: gcc -std=gnu99 -o conftest -O2 -Werror=trigraphs -I/compiler/i486-tsol-linux-gnu/include/c++/4.3.4/i486-tsol-linux-gnu/ -I/compiler/i486-tsol-linux-gnu/include/c++/4.3.4/ -static-libgcc conftest.c  >&5
configure:7566: $? = 0
configure:7579: result: yes
configure:7667: checking if gcc -std=gnu99 supports-Werror=array-bounds
configure:7684: gcc -std=gnu99 -o conftest -O2 -Werror=array-bounds -I/compiler/i486-tsol-linux-gnu/include/c++/4.3.4/i486-tsol-linux-gnu/ -I/compiler/i486-tsol-linux-gnu/include/c++/4.3.4/ -static-libgcc conftest.c  >&5
configure:7684: $? = 0
configure:7697: result: yes
configure:7785: checking if gcc -std=gnu99 supports-Werror=write-strings
configure:7802: gcc -std=gnu99 -o conftest -O2 -Werror=write-strings -I/compiler/i486-tsol-linux-gnu/include/c++/4.3.4/i486-tsol-linux-gnu/ -I/compiler/i486-tsol-linux-gnu/include/c++/4.3.4/ -static-libgcc conftest.c  >&5
configure:7802: $? = 0
configure:7815: result: yes
configure:7903: checking if gcc -std=gnu99 supports-Werror=address
configure:7920: gcc -std=gnu99 -o conftest -O2 -Werror=address -I/compiler/i486-tsol-linux-gnu/include/c++/4.3.4/i486-tsol-linux-gnu/ -I/compiler/i486-tsol-linux-gnu/include/c++/4.3.4/ -static-libgcc conftest.c  >&5
configure:7920: $? = 0
configure:7933: result: yes
configure:8021: checking if gcc -std=gnu99 supports-Werror=int-to-pointer-cast
configure:8038: gcc -std=gnu99 -o conftest -O2 -Werror=int-to-pointer-cast -I/compiler/i486-tsol-linux-gnu/include/c++/4.3.4/i486-tsol-linux-gnu/ -I/compiler/i486-tsol-linux-gnu/include/c++/4.3.4/ -static-libgcc conftest.c  >&5
configure:8038: $? = 0
configure:8051: result: yes
configure:8188: checking if gcc -std=gnu99 supports-Werror=pointer-to-int-cast
configure:8205: gcc -std=gnu99 -o conftest -O2 -Werror=pointer-to-int-cast -I/compiler/i486-tsol-linux-gnu/include/c++/4.3.4/i486-tsol-linux-gnu/ -I/compiler/i486-tsol-linux-gnu/include/c++/4.3.4/ -static-libgcc conftest.c  >&5
configure:8205: $? = 0
configure:8218: result: yes
configure:9876: checking if gcc -std=gnu99 supports-pedantic
configure:9893: gcc -std=gnu99 -o conftest -O2 -pedantic -I/compiler/i486-tsol-linux-gnu/include/c++/4.3.4/i486-tsol-linux-gnu/ -I/compiler/i486-tsol-linux-gnu/include/c++/4.3.4/ -static-libgcc conftest.c  >&5
configure:9893: $? = 0
configure:9906: result: yes
configure:9994: checking if gcc -std=gnu99 supports-Werror
configure:10011: gcc -std=gnu99 -o conftest -O2 -Werror -I/compiler/i486-tsol-linux-gnu/include/c++/4.3.4/i486-tsol-linux-gnu/ -I/compiler/i486-tsol-linux-gnu/include/c++/4.3.4/ -static-libgcc conftest.c  >&5
configure:10011: $? = 0
configure:10024: result: yes
configure:10164: checking if gcc -std=gnu99 supports-Werror=attributes
configure:10181: gcc -std=gnu99 -o conftest -O2 -Werror=attributes -I/compiler/i486-tsol-linux-gnu/include/c++/4.3.4/i486-tsol-linux-gnu/ -I/compiler/i486-tsol-linux-gnu/include/c++/4.3.4/ -static-libgcc conftest.c  >&5
configure:10181: $? = 0
configure:10194: result: yes
configure:10360: checking for XGAMMA
configure:10367: $PKG_CONFIG --exists --print-errors "x11 xxf86vm"
configure:10370: $? = 0
configure:10383: $PKG_CONFIG --exists --print-errors "x11 xxf86vm"
configure:10386: $? = 0
configure:10440: result: yes
configure:10581: creating ./config.status

## ---------------------- ##
## Running config.status. ##
## ---------------------- ##

This file was extended by xgamma config.status 1.0.5, which was
generated by GNU Autoconf 2.68.  Invocation command line was

  CONFIG_FILES    = 
  CONFIG_HEADERS  = 
  CONFIG_LINKS    = 
  CONFIG_COMMANDS = 
  $ ./config.status 

on ubuntu4

config.status:910: creating Makefile
config.status:910: creating man/Makefile
config.status:910: creating config.h
config.status:1139: executing depfiles commands

## ---------------- ##
## Cache variables. ##
## ---------------- ##

ac_cv_build=i686-pc-linux-gnu
ac_cv_c_compiler_gnu=yes
ac_cv_env_CC_set=
ac_cv_env_CC_value=
ac_cv_env_CFLAGS_set=set
ac_cv_env_CFLAGS_value=-O2
ac_cv_env_CPPFLAGS_set=set
ac_cv_env_CPPFLAGS_value='-I/compiler/i486-tsol-linux-gnu/include/c++/4.3.4/i486-tsol-linux-gnu/ -I/compiler/i486-tsol-linux-gnu/include/c++/4.3.4/'
ac_cv_env_CPP_set=
ac_cv_env_CPP_value=
ac_cv_env_LDFLAGS_set=set
ac_cv_env_LDFLAGS_value=-static-libgcc
ac_cv_env_LIBS_set=
ac_cv_env_LIBS_value=
ac_cv_env_PKG_CONFIG_set=
ac_cv_env_PKG_CONFIG_value=
ac_cv_env_XGAMMA_CFLAGS_set=
ac_cv_env_XGAMMA_CFLAGS_value=
ac_cv_env_XGAMMA_LIBS_set=
ac_cv_env_XGAMMA_LIBS_value=
ac_cv_env_build_alias_set=
ac_cv_env_build_alias_value=
ac_cv_env_host_alias_set=
ac_cv_env_host_alias_value=
ac_cv_env_target_alias_set=
ac_cv_env_target_alias_value=
ac_cv_have_decl___INTEL_COMPILER=no
ac_cv_have_decl___SUNPRO_C=no
ac_cv_have_decl___clang__=no
ac_cv_header_inttypes_h=yes
ac_cv_header_memory_h=yes
ac_cv_header_stdc=yes
ac_cv_header_stdint_h=yes
ac_cv_header_stdlib_h=yes
ac_cv_header_string_h=yes
ac_cv_header_strings_h=yes
ac_cv_header_sys_stat_h=yes
ac_cv_header_sys_types_h=yes
ac_cv_header_unistd_h=yes
ac_cv_host=i686-pc-linux-gnu
ac_cv_objext=o
ac_cv_path_EGREP='/usr/bin/grep -E'
ac_cv_path_GREP=/usr/bin/grep
ac_cv_path_SED=/bin/sed
ac_cv_path_ac_pt_PKG_CONFIG=/usr/bin/pkg-config
ac_cv_path_install='/usr/bin/install -c'
ac_cv_path_mkdir=/bin/mkdir
ac_cv_prog_AWK=gawk
ac_cv_prog_CPP='gcc -std=gnu99 -E'
ac_cv_prog_ac_ct_CC=gcc
ac_cv_prog_cc_c89=
ac_cv_prog_cc_c99=-std=gnu99
ac_cv_prog_cc_g=yes
ac_cv_prog_make_make_set=yes
am_cv_CC_dependencies_compiler_type=gcc3
pkg_cv_XGAMMA_CFLAGS='-I/usr/xorg/include  '
pkg_cv_XGAMMA_LIBS='-L/usr/xorg/lib -lX11 -lXxf86vm  '
xorg_cv_cc_flag__Wall=yes
xorg_cv_cc_flag__Wbad_function_cast=yes
xorg_cv_cc_flag__Wcast_qual=yes
xorg_cv_cc_flag__Wdeclaration_after_statement=yes
xorg_cv_cc_flag__Werror=yes
xorg_cv_cc_flag__Werror_address=yes
xorg_cv_cc_flag__Werror_array_bounds=yes
xorg_cv_cc_flag__Werror_attributes=yes
xorg_cv_cc_flag__Werror_implicit=yes
xorg_cv_cc_flag__Werror_init_self=yes
xorg_cv_cc_flag__Werror_int_to_pointer_cast=yes
xorg_cv_cc_flag__Werror_main=yes
xorg_cv_cc_flag__Werror_missing_braces=yes
xorg_cv_cc_flag__Werror_nonnull=yes
xorg_cv_cc_flag__Werror_pointer_to_int_cast=yes
xorg_cv_cc_flag__Werror_return_type=yes
xorg_cv_cc_flag__Werror_sequence_point=yes
xorg_cv_cc_flag__Werror_trigraphs=yes
xorg_cv_cc_flag__Werror_write_strings=yes
xorg_cv_cc_flag__Wformat_2=yes
xorg_cv_cc_flag__Wmissing_declarations=yes
xorg_cv_cc_flag__Wmissing_format_attribute=yes
xorg_cv_cc_flag__Wmissing_noreturn=yes
xorg_cv_cc_flag__Wmissing_prototypes=yes
xorg_cv_cc_flag__Wnested_externs=yes
xorg_cv_cc_flag__Wold_style_definition=yes
xorg_cv_cc_flag__Wpointer_arith=yes
xorg_cv_cc_flag__Wredundant_decls=yes
xorg_cv_cc_flag__Wshadow=yes
xorg_cv_cc_flag__Wstrict_prototypes=yes
xorg_cv_cc_flag__Wuninitialized=yes
xorg_cv_cc_flag__Wunused=yes
xorg_cv_cc_flag__pedantic=yes
xorg_cv_cc_flag_unknown_warning_option=no
xorg_cv_cc_flag_unused_command_line_argument=no

## ----------------- ##
## Output variables. ##
## ----------------- ##

ACLOCAL='aclocal -I/usr/xorg/share/aclocal -I /usr/xorg/share/aclocal'
ADMIN_MAN_DIR='$(mandir)/man$(ADMIN_MAN_SUFFIX)'
ADMIN_MAN_SUFFIX='8'
AMDEPBACKSLASH='\'
AMDEP_FALSE='#'
AMDEP_TRUE=''
AMTAR='${SHELL} /source/xorg-modular-7.7/app/xgamma-1.0.5/missing --run tar'
AM_BACKSLASH='\'
AM_DEFAULT_VERBOSITY='0'
APP_MAN_DIR='$(mandir)/man$(APP_MAN_SUFFIX)'
APP_MAN_SUFFIX='1'
AUTOCONF='${SHELL} /source/xorg-modular-7.7/app/xgamma-1.0.5/missing --run autoconf'
AUTOHEADER='${SHELL} /source/xorg-modular-7.7/app/xgamma-1.0.5/missing --run autoheader'
AUTOMAKE='${SHELL} /source/xorg-modular-7.7/app/xgamma-1.0.5/missing --run automake-1.11'
AWK='gawk'
BASE_CFLAGS=' -Wall -Wpointer-arith -Wmissing-declarations -Wformat=2 -Wstrict-prototypes -Wmissing-prototypes -Wnested-externs -Wbad-function-cast -Wold-style-definition -Wdeclaration-after-statement -Wunused -Wuninitialized -Wshadow -Wcast-qual -Wmissing-noreturn -Wmissing-format-attribute -Wredundant-decls -Werror=implicit -Werror=nonnull -Werror=init-self -Werror=main -Werror=missing-braces -Werror=sequence-point -Werror=return-type -Werror=trigraphs -Werror=array-bounds -Werror=write-strings -Werror=address -Werror=int-to-pointer-cast -Werror=pointer-to-int-cast'
CC='gcc -std=gnu99'
CCDEPMODE='depmode=gcc3'
CFLAGS='-O2'
CHANGELOG_CMD='(GIT_DIR=$(top_srcdir)/.git git log > $(top_srcdir)/.changelog.tmp && mv $(top_srcdir)/.changelog.tmp $(top_srcdir)/ChangeLog) || (rm -f $(top_srcdir)/.changelog.tmp; touch $(top_srcdir)/ChangeLog; echo '\''git directory not found: installing possibly empty changelog.'\'' >&2)'
CPP='gcc -std=gnu99 -E'
CPPFLAGS='-I/compiler/i486-tsol-linux-gnu/include/c++/4.3.4/i486-tsol-linux-gnu/ -I/compiler/i486-tsol-linux-gnu/include/c++/4.3.4/'
CWARNFLAGS=' -Wall -Wpointer-arith -Wmissing-declarations -Wformat=2 -Wstrict-prototypes -Wmissing-prototypes -Wnested-externs -Wbad-function-cast -Wold-style-definition -Wdeclaration-after-statement -Wunused -Wuninitialized -Wshadow -Wcast-qual -Wmissing-noreturn -Wmissing-format-attribute -Wredundant-decls -Werror=implicit -Werror=nonnull -Werror=init-self -Werror=main -Werror=missing-braces -Werror=sequence-point -Werror=return-type -Werror=trigraphs -Werror=array-bounds -Werror=write-strings -Werror=address -Werror=int-to-pointer-cast -Werror=pointer-to-int-cast -fno-strict-aliasing'
CYGPATH_W='echo'
DEFS='-DHAVE_CONFIG_H'
DEPDIR='.deps'
DRIVER_MAN_DIR='$(mandir)/man$(DRIVER_MAN_SUFFIX)'
DRIVER_MAN_SUFFIX='4'
ECHO_C=''
ECHO_N='-n'
ECHO_T=''
EGREP='/usr/bin/grep -E'
EXEEXT=''
FILE_MAN_DIR='$(mandir)/man$(FILE_MAN_SUFFIX)'
FILE_MAN_SUFFIX='5'
GREP='/usr/bin/grep'
INSTALL_CMD='(cp -f /usr/xorg/share/util-macros/INSTALL $(top_srcdir)/.INSTALL.tmp && mv $(top_srcdir)/.INSTALL.tmp $(top_srcdir)/INSTALL) || (rm -f $(top_srcdir)/.INSTALL.tmp; touch $(top_srcdir)/INSTALL; echo '\''util-macros "pkgdatadir" from xorg-macros.pc not found: installing possibly empty INSTALL.'\'' >&2)'
INSTALL_DATA='${INSTALL} -m 644'
INSTALL_PROGRAM='${INSTALL}'
INSTALL_SCRIPT='${INSTALL}'
INSTALL_STRIP_PROGRAM='$(install_sh) -c -s'
LDFLAGS='-static-libgcc'
LIBOBJS=''
LIBS=''
LIB_MAN_DIR='$(mandir)/man$(LIB_MAN_SUFFIX)'
LIB_MAN_SUFFIX='3'
LTLIBOBJS=''
MAINT='#'
MAINTAINER_MODE_FALSE=''
MAINTAINER_MODE_TRUE='#'
MAKEINFO='${SHELL} /source/xorg-modular-7.7/app/xgamma-1.0.5/missing --run makeinfo'
MAN_SUBSTS='	-e '\''s|__vendorversion__|"$(PACKAGE_STRING)" "$(XORG_MAN_PAGE)"|'\'' 	-e '\''s|__xorgversion__|"$(PACKAGE_STRING)" "$(XORG_MAN_PAGE)"|'\'' 	-e '\''s|__xservername__|Xorg|g'\'' 	-e '\''s|__xconfigfile__|xorg.conf|g'\'' 	-e '\''s|__projectroot__|$(prefix)|g'\'' 	-e '\''s|__apploaddir__|$(appdefaultdir)|g'\'' 	-e '\''s|__appmansuffix__|$(APP_MAN_SUFFIX)|g'\'' 	-e '\''s|__drivermansuffix__|$(DRIVER_MAN_SUFFIX)|g'\'' 	-e '\''s|__adminmansuffix__|$(ADMIN_MAN_SUFFIX)|g'\'' 	-e '\''s|__libmansuffix__|$(LIB_MAN_SUFFIX)|g'\'' 	-e '\''s|__miscmansuffix__|$(MISC_MAN_SUFFIX)|g'\'' 	-e '\''s|__filemansuffix__|$(FILE_MAN_SUFFIX)|g'\'''
MISC_MAN_DIR='$(mandir)/man$(MISC_MAN_SUFFIX)'
MISC_MAN_SUFFIX='7'
MKDIR_P='/bin/mkdir -p'
OBJEXT='o'
PACKAGE='xgamma'
PACKAGE_BUGREPORT='https://bugs.freedesktop.org/enter_bug.cgi?product=xorg'
PACKAGE_NAME='xgamma'
PACKAGE_STRING='xgamma 1.0.5'
PACKAGE_TARNAME='xgamma'
PACKAGE_URL=''
PACKAGE_VERSION='1.0.5'
PATH_SEPARATOR=':'
PKG_CONFIG='/usr/bin/pkg-config'
SED='/bin/sed'
SET_MAKE=''
SHELL='/bin/sh'
STRICT_CFLAGS=' -pedantic -Werror -Werror=attributes'
STRIP=''
VERSION='1.0.5'
XGAMMA_CFLAGS='-I/usr/xorg/include  '
XGAMMA_LIBS='-L/usr/xorg/lib -lX11 -lXxf86vm  '
XORG_MAN_PAGE='X Version 11'
ac_ct_CC='gcc'
am__EXEEXT_FALSE=''
am__EXEEXT_TRUE='#'
am__fastdepCC_FALSE='#'
am__fastdepCC_TRUE=''
am__include='include'
am__isrc=''
am__leading_dot='.'
am__quote=''
am__tar='${AMTAR} chof - "$$tardir"'
am__untar='${AMTAR} xf -'
bindir='${exec_prefix}/bin'
build='i686-pc-linux-gnu'
build_alias=''
build_cpu='i686'
build_os='linux-gnu'
build_vendor='pc'
datadir='${datarootdir}'
datarootdir='${prefix}/share'
docdir='${datarootdir}/doc/${PACKAGE_TARNAME}'
dvidir='${docdir}'
exec_prefix='${prefix}'
host='i686-pc-linux-gnu'
host_alias=''
host_cpu='i686'
host_os='linux-gnu'
host_vendor='pc'
htmldir='${docdir}'
includedir='${prefix}/include'
infodir='${datarootdir}/info'
install_sh='${SHELL} /source/xorg-modular-7.7/app/xgamma-1.0.5/install-sh'
libdir='${exec_prefix}/lib'
libexecdir='${exec_prefix}/libexec'
localedir='${datarootdir}/locale'
localstatedir='${prefix}/var'
mandir='${datarootdir}/man'
mkdir_p='/bin/mkdir -p'
oldincludedir='/usr/include'
pdfdir='${docdir}'
prefix='/usr/xorg'
program_transform_name='s,x,x,'
psdir='${docdir}'
sbindir='${exec_prefix}/sbin'
sharedstatedir='${prefix}/com'
sysconfdir='${prefix}/etc'
target_alias=''

## ----------- ##
## confdefs.h. ##
## ----------- ##

/* confdefs.h */
#define PACKAGE_NAME "xgamma"
#define PACKAGE_TARNAME "xgamma"
#define PACKAGE_VERSION "1.0.5"
#define PACKAGE_STRING "xgamma 1.0.5"
#define PACKAGE_BUGREPORT "https://bugs.freedesktop.org/enter_bug.cgi?product=xorg"
#define PACKAGE_URL ""
#define PACKAGE "xgamma"
#define VERSION "1.0.5"
#define STDC_HEADERS 1
#define HAVE_SYS_TYPES_H 1
#define HAVE_SYS_STAT_H 1
#define HAVE_STDLIB_H 1
#define HAVE_STRING_H 1
#define HAVE_MEMORY_H 1
#define HAVE_STRINGS_H 1
#define HAVE_INTTYPES_H 1
#define HAVE_STDINT_H 1
#define HAVE_UNISTD_H 1
#define PACKAGE_VERSION_MAJOR 1
#define PACKAGE_VERSION_MINOR 0
#define PACKAGE_VERSION_PATCHLEVEL 5

configure: exit 0
