This file contains any messages produced by compilers while
running configure, to aid debugging if configure makes a mistake.

It was created by XCB Proto configure 1.11, which was
generated by GNU Autoconf 2.69.  Invocation command line was

  $ ./configure --prefix=/usr/xorg CC=i486-TSOL-linux-gnu-gcc CFLAGS=-Os LDFLAGS=-static-libgcc

## --------- ##
## Platform. ##
## --------- ##

hostname = ubuntu4
uname -m = i686
uname -r = 3.2.16-030216-generic
uname -s = Linux
uname -v = #201204221935 SMP Sun Apr 22 23:42:49 UTC 2012

/usr/bin/uname -p = unknown
/bin/uname -X     = unknown

/bin/arch              = unknown
/usr/bin/arch -k       = unknown
/usr/convex/getsysinfo = unknown
/usr/bin/hostinfo      = unknown
/bin/machine           = unknown
/usr/bin/oslevel       = unknown
/bin/universe          = unknown

PATH: /usr/xorg/bin
PATH: /source/docbook-xsl-1.76.1/tools/bin
PATH: /bin
PATH: /sbin
PATH: /usr/bin
PATH: /usr/sbin
PATH: /usr/bin/X11
PATH: /usr/local/bin
PATH: /toolchain/bin
PATH: /toolchain/i486-TSOL-linux-gnu/bin/
PATH: /root/.local/bin
PATH: /usr/xorg/bin
PATH: /usr/xorg/bin


## ----------- ##
## Core tests. ##
## ----------- ##

configure:1774: checking for a BSD-compatible install
configure:1842: result: /bin/install -c
configure:1853: checking whether build environment is sane
configure:1908: result: yes
configure:2059: checking for a thread-safe mkdir -p
configure:2098: result: /bin/mkdir -p
configure:2105: checking for gawk
configure:2121: found /usr/bin/gawk
configure:2132: result: gawk
configure:2143: checking whether make sets $(MAKE)
configure:2165: result: yes
configure:2194: checking whether make supports nested variables
configure:2211: result: yes
configure:2340: checking for xmllint
configure:2358: found /usr/bin/xmllint
configure:2371: result: /usr/bin/xmllint
configure:2427: checking for a Python interpreter with version >= 2.5
configure:2444: python -c import sys # split strings by '.' and convert to numeric. Append some zeros # because we need at least 4 digits for the hex conversion. # map returns an iterator in Python 3.0 and a list in 2.x minver = list(map(int, '2.5'.split('.'))) + [0, 0, 0] minverhex = 0 # xrange is not present in Python 3.0 and range returns an iterator for i in list(range(0, 4)): minverhex = (minverhex << 8) + minver[i] sys.exit(sys.hexversion < minverhex)
configure:2447: $? = 0
configure:2453: result: python
configure:2461: checking for python
configure:2479: found /usr/bin/python
configure:2491: result: /usr/bin/python
configure:2509: checking for python version
configure:2516: result: 2.7
configure:2528: checking for python platform
configure:2535: result: linux3
configure:2561: checking for python script directory
configure:2596: result: ${prefix}/lib/python2.7/site-packages
configure:2605: checking for python extension module directory
configure:2640: result: ${exec_prefix}/lib/python2.7/site-packages
configure:2804: checking that generated files are newer than configure
configure:2810: result: done
configure:2822: creating ./config.status

## ---------------------- ##
## Running config.status. ##
## ---------------------- ##

This file was extended by XCB Proto config.status 1.11, which was
generated by GNU Autoconf 2.69.  Invocation command line was

  CONFIG_FILES    = 
  CONFIG_HEADERS  = 
  CONFIG_LINKS    = 
  CONFIG_COMMANDS = 
  $ ./config.status 

on ubuntu4

config.status:758: creating Makefile
config.status:758: creating src/Makefile
config.status:758: creating xcbgen/Makefile
config.status:758: creating xcb-proto.pc

## ---------------- ##
## Cache variables. ##
## ---------------- ##

ac_cv_env_PYTHON_set=
ac_cv_env_PYTHON_value=
ac_cv_env_build_alias_set=
ac_cv_env_build_alias_value=
ac_cv_env_host_alias_set=
ac_cv_env_host_alias_value=
ac_cv_env_target_alias_set=
ac_cv_env_target_alias_value=
ac_cv_path_PYTHON=/usr/bin/python
ac_cv_path_XMLLINT=/usr/bin/xmllint
ac_cv_path_install='/bin/install -c'
ac_cv_path_mkdir=/bin/mkdir
ac_cv_prog_AWK=gawk
ac_cv_prog_make_make_set=yes
am_cv_make_support_nested_variables=yes
am_cv_pathless_PYTHON=python
am_cv_python_platform=linux3
am_cv_python_pyexecdir='${exec_prefix}/lib/python2.7/site-packages'
am_cv_python_pythondir='${prefix}/lib/python2.7/site-packages'
am_cv_python_version=2.7

## ----------------- ##
## Output variables. ##
## ----------------- ##

ACLOCAL='aclocal -I/usr/xorg/share/aclocal -I /usr/xorg/share/aclocal'
AMTAR='$${TAR-tar}'
AM_BACKSLASH='\'
AM_DEFAULT_V='$(AM_DEFAULT_VERBOSITY)'
AM_DEFAULT_VERBOSITY='1'
AM_V='$(V)'
AUTOCONF='${SHELL} /source/xorg-ponix4/xcb/xcb-proto-1.11/missing autoconf'
AUTOHEADER='${SHELL} /source/xorg-ponix4/xcb/xcb-proto-1.11/missing autoheader'
AUTOMAKE='${SHELL} /source/xorg-ponix4/xcb/xcb-proto-1.11/missing automake-1.14'
AWK='gawk'
CYGPATH_W='echo'
DEFS='-DPACKAGE_NAME=\"XCB\ Proto\" -DPACKAGE_TARNAME=\"xcb-proto\" -DPACKAGE_VERSION=\"1.11\" -DPACKAGE_STRING=\"XCB\ Proto\ 1.11\" -DPACKAGE_BUGREPORT=\"xcb@lists.freedesktop.org\" -DPACKAGE_URL=\"\" -DPACKAGE=\"xcb-proto\" -DVERSION=\"1.11\"'
ECHO_C=''
ECHO_N='-n'
ECHO_T=''
HAVE_XMLLINT_FALSE='#'
HAVE_XMLLINT_TRUE=''
INSTALL_DATA='${INSTALL} -m 644'
INSTALL_PROGRAM='${INSTALL}'
INSTALL_SCRIPT='${INSTALL}'
INSTALL_STRIP_PROGRAM='$(install_sh) -c -s'
LIBOBJS=''
LIBS=''
LTLIBOBJS=''
MAKEINFO='${SHELL} /source/xorg-ponix4/xcb/xcb-proto-1.11/missing makeinfo'
MKDIR_P='/bin/mkdir -p'
PACKAGE='xcb-proto'
PACKAGE_BUGREPORT='xcb@lists.freedesktop.org'
PACKAGE_NAME='XCB Proto'
PACKAGE_STRING='XCB Proto 1.11'
PACKAGE_TARNAME='xcb-proto'
PACKAGE_URL=''
PACKAGE_VERSION='1.11'
PATH_SEPARATOR=':'
PYTHON='/usr/bin/python'
PYTHON_EXEC_PREFIX='${exec_prefix}'
PYTHON_PLATFORM='linux3'
PYTHON_PREFIX='${prefix}'
PYTHON_VERSION='2.7'
SET_MAKE=''
SHELL='/bin/sh'
STRIP=''
VERSION='1.11'
XMLLINT='/usr/bin/xmllint'
am__isrc=''
am__leading_dot='.'
am__tar='$${TAR-tar} chof - "$$tardir"'
am__untar='$${TAR-tar} xf -'
bindir='${exec_prefix}/bin'
build_alias=''
datadir='${datarootdir}'
datarootdir='${prefix}/share'
docdir='${datarootdir}/doc/${PACKAGE_TARNAME}'
dvidir='${docdir}'
exec_prefix='${prefix}'
host_alias=''
htmldir='${docdir}'
includedir='${prefix}/include'
infodir='${datarootdir}/info'
install_sh='${SHELL} /source/xorg-ponix4/xcb/xcb-proto-1.11/install-sh'
libdir='${exec_prefix}/lib'
libexecdir='${exec_prefix}/libexec'
localedir='${datarootdir}/locale'
localstatedir='${prefix}/var'
mandir='${datarootdir}/man'
mkdir_p='$(MKDIR_P)'
oldincludedir='/usr/include'
pdfdir='${docdir}'
pkgpyexecdir='${pyexecdir}/xcb-proto'
pkgpythondir='${pythondir}/xcb-proto'
prefix='/usr/xorg'
program_transform_name='s,x,x,'
psdir='${docdir}'
pyexecdir='${exec_prefix}/lib/python2.7/site-packages'
pythondir='${prefix}/lib/python2.7/site-packages'
sbindir='${exec_prefix}/sbin'
sharedstatedir='${prefix}/com'
sysconfdir='${prefix}/etc'
target_alias=''
xcbincludedir='${datadir}/xcb'

## ----------- ##
## confdefs.h. ##
## ----------- ##

/* confdefs.h */
#define PACKAGE_NAME "XCB Proto"
#define PACKAGE_TARNAME "xcb-proto"
#define PACKAGE_VERSION "1.11"
#define PACKAGE_STRING "XCB Proto 1.11"
#define PACKAGE_BUGREPORT "xcb@lists.freedesktop.org"
#define PACKAGE_URL ""
#define PACKAGE "xcb-proto"
#define VERSION "1.11"

configure: exit 0
