This file contains any messages produced by compilers while
running configure, to aid debugging if configure makes a mistake.

It was created by xf86-video-ati configure 7.5.0, which was
generated by GNU Autoconf 2.69.  Invocation command line was

  $ ./configure --prefix=/usr/xorg --disable-glamor CC=i486-TSOL-linux-gnu-gcc CFLAGS=-Os LDFLAGS=-static-libgcc

## --------- ##
## Platform. ##
## --------- ##

hostname = ubuntu4
uname -m = i686
uname -r = 3.2.16-030216-generic
uname -s = Linux
uname -v = #201204221935 SMP Sun Apr 22 23:42:49 UTC 2012

/usr/bin/uname -p = unknown
/bin/uname -X     = unknown

/bin/arch              = unknown
/usr/bin/arch -k       = unknown
/usr/convex/getsysinfo = unknown
/usr/bin/hostinfo      = unknown
/bin/machine           = unknown
/usr/bin/oslevel       = unknown
/bin/universe          = unknown

PATH: /usr/xorg/bin
PATH: /source/docbook-xsl-1.76.1/tools/bin
PATH: /bin
PATH: /sbin
PATH: /usr/bin
PATH: /usr/sbin
PATH: /usr/bin/X11
PATH: /usr/local/bin
PATH: /toolchain/bin
PATH: /toolchain/i486-TSOL-linux-gnu/bin/
PATH: /root/.local/bin
PATH: /usr/xorg/bin
PATH: /usr/xorg/bin


## ----------- ##
## Core tests. ##
## ----------- ##

configure:2427: checking for a BSD-compatible install
configure:2495: result: /bin/install -c
configure:2506: checking whether build environment is sane
configure:2561: result: yes
configure:2599: WARNING: 'missing' script is too old or missing
configure:2712: checking for a thread-safe mkdir -p
configure:2751: result: /bin/mkdir -p
configure:2758: checking for gawk
configure:2774: found /usr/bin/gawk
configure:2785: result: gawk
configure:2796: checking whether make sets $(MAKE)
configure:2818: result: yes
configure:2847: checking whether make supports nested variables
configure:2864: result: yes
configure:2960: checking for style of include used by make
configure:2988: result: GNU
configure:3059: checking for gcc
configure:3086: result: i486-TSOL-linux-gnu-gcc
configure:3315: checking for C compiler version
configure:3324: i486-TSOL-linux-gnu-gcc --version >&5
i486-TSOL-linux-gnu-gcc (crosstool-NG 1.15.2) 4.6.3
Copyright (C) 2011 Free Software Foundation, Inc.
This is free software; see the source for copying conditions.  There is NO
warranty; not even for MERCHANTABILITY or FITNESS FOR A PARTICULAR PURPOSE.

configure:3335: $? = 0
configure:3324: i486-TSOL-linux-gnu-gcc -v >&5
Using built-in specs.
COLLECT_GCC=i486-TSOL-linux-gnu-gcc
COLLECT_LTO_WRAPPER=/toolchain/libexec/gcc/i486-TSOL-linux-gnu/4.6.3/lto-wrapper
Target: i486-TSOL-linux-gnu
Configured with: /TSOL/crosstool-ng-1.15.2/bin/.build/src/gcc-4.6.3/configure --build=i686-build_pc-linux-gnu --host=i686-build_pc-linux-gnu --target=i486-TSOL-linux-gnu --prefix=/toolchain --with-sysroot=/toolchain/i486-TSOL-linux-gnu/sysroot --enable-languages=c,c++ --with-arch=i486 --with-pkgversion='crosstool-NG 1.15.2' --enable-__cxa_atexit --disable-libmudflap --disable-libgomp --disable-libssp --with-gmp=/TSOL/crosstool-ng-1.15.2/bin/.build/i486-TSOL-linux-gnu/buildtools --with-mpfr=/TSOL/crosstool-ng-1.15.2/bin/.build/i486-TSOL-linux-gnu/buildtools --with-mpc=/TSOL/crosstool-ng-1.15.2/bin/.build/i486-TSOL-linux-gnu/buildtools --with-ppl=/TSOL/crosstool-ng-1.15.2/bin/.build/i486-TSOL-linux-gnu/buildtools --with-cloog=/TSOL/crosstool-ng-1.15.2/bin/.build/i486-TSOL-linux-gnu/buildtools --with-libelf=no --with-host-libstdcxx='-static-libgcc -Wl,-Bstatic,-lstdc++,-Bdynamic -lm -L/TSOL/crosstool-ng-1.15.2/bin/.build/i486-TSOL-linux-gnu/buildtools/lib -lpwl' --enable-threads=posix --enable-target-optspace --disable-multilib --with-local-prefix=/toolchain/i486-TSOL-linux-gnu/sysroot --enable-c99 --enable-long-long
Thread model: posix
gcc version 4.6.3 (crosstool-NG 1.15.2) 
configure:3335: $? = 0
configure:3324: i486-TSOL-linux-gnu-gcc -V >&5
i486-TSOL-linux-gnu-gcc: error: unrecognized option '-V'
i486-TSOL-linux-gnu-gcc: fatal error: no input files
compilation terminated.
configure:3335: $? = 1
configure:3324: i486-TSOL-linux-gnu-gcc -qversion >&5
i486-TSOL-linux-gnu-gcc: error: unrecognized option '-qversion'
i486-TSOL-linux-gnu-gcc: fatal error: no input files
compilation terminated.
configure:3335: $? = 1
configure:3355: checking whether the C compiler works
configure:3377: i486-TSOL-linux-gnu-gcc -Os  -static-libgcc conftest.c  >&5
configure:3381: $? = 0
configure:3429: result: yes
configure:3432: checking for C compiler default output file name
configure:3434: result: a.out
configure:3440: checking for suffix of executables
configure:3447: i486-TSOL-linux-gnu-gcc -o conftest -Os  -static-libgcc conftest.c  >&5
configure:3451: $? = 0
configure:3473: result: 
configure:3495: checking whether we are cross compiling
configure:3503: i486-TSOL-linux-gnu-gcc -o conftest -Os  -static-libgcc conftest.c  >&5
configure:3507: $? = 0
configure:3514: ./conftest
configure:3518: $? = 0
configure:3533: result: no
configure:3538: checking for suffix of object files
configure:3560: i486-TSOL-linux-gnu-gcc -c -Os  conftest.c >&5
configure:3564: $? = 0
configure:3585: result: o
configure:3589: checking whether we are using the GNU C compiler
configure:3608: i486-TSOL-linux-gnu-gcc -c -Os  conftest.c >&5
configure:3608: $? = 0
configure:3617: result: yes
configure:3626: checking whether i486-TSOL-linux-gnu-gcc accepts -g
configure:3646: i486-TSOL-linux-gnu-gcc -c -g  conftest.c >&5
configure:3646: $? = 0
configure:3687: result: yes
configure:3704: checking for i486-TSOL-linux-gnu-gcc option to accept ISO C89
configure:3767: i486-TSOL-linux-gnu-gcc  -c -Os  conftest.c >&5
configure:3767: $? = 0
configure:3780: result: none needed
configure:3802: checking dependency style of i486-TSOL-linux-gnu-gcc
configure:3913: result: gcc3
configure:3936: checking for special C compiler options needed for large files
configure:3981: result: no
configure:3987: checking for _FILE_OFFSET_BITS value needed for large files
configure:4012: i486-TSOL-linux-gnu-gcc -c -Os  conftest.c >&5
conftest.c:17:3: warning: left shift count >= width of type [enabled by default]
conftest.c:17:3: warning: left shift count >= width of type [enabled by default]
conftest.c:18:10: warning: left shift count >= width of type [enabled by default]
conftest.c:18:10: warning: left shift count >= width of type [enabled by default]
conftest.c:17:7: error: size of array 'off_t_is_large' is negative
conftest.c:19:9: warning: variably modified 'off_t_is_large' at file scope [enabled by default]
configure:4012: $? = 1
configure: failed program was:
| /* confdefs.h */
| #define PACKAGE_NAME "xf86-video-ati"
| #define PACKAGE_TARNAME "xf86-video-ati"
| #define PACKAGE_VERSION "7.5.0"
| #define PACKAGE_STRING "xf86-video-ati 7.5.0"
| #define PACKAGE_BUGREPORT "https://bugs.freedesktop.org/enter_bug.cgi?product=xorg"
| #define PACKAGE_URL ""
| #define PACKAGE "xf86-video-ati"
| #define VERSION "7.5.0"
| /* end confdefs.h.  */
| #include <sys/types.h>
|  /* Check that off_t can represent 2**63 - 1 correctly.
|     We can't simply define LARGE_OFF_T to be 9223372036854775807,
|     since some C++ compilers masquerading as C compilers
|     incorrectly reject 9223372036854775807.  */
| #define LARGE_OFF_T (((off_t) 1 << 62) - 1 + ((off_t) 1 << 62))
|   int off_t_is_large[(LARGE_OFF_T % 2147483629 == 721
| 		       && LARGE_OFF_T % 2147483647 == 1)
| 		      ? 1 : -1];
| int
| main ()
| {
| 
|   ;
|   return 0;
| }
configure:4036: i486-TSOL-linux-gnu-gcc -c -Os  conftest.c >&5
configure:4036: $? = 0
configure:4044: result: 64
configure:4131: checking whether to enable maintainer-specific portions of Makefiles
configure:4140: result: no
configure:4166: checking for i486-TSOL-linux-gnu-gcc option to accept ISO C99
configure:4315: i486-TSOL-linux-gnu-gcc  -c -Os  conftest.c >&5
conftest.c:62:29: error: expected ';', ',' or ')' before 'text'
conftest.c: In function 'main':
conftest.c:116:18: error: expected '=', ',', ';', 'asm' or '__attribute__' before 'newvar'
conftest.c:116:18: error: 'newvar' undeclared (first use in this function)
conftest.c:116:18: note: each undeclared identifier is reported only once for each function it appears in
conftest.c:126:3: error: 'for' loop initial declarations are only allowed in C99 mode
conftest.c:126:3: note: use option -std=c99 or -std=gnu99 to compile your code
configure:4315: $? = 1
configure: failed program was:
| /* confdefs.h */
| #define PACKAGE_NAME "xf86-video-ati"
| #define PACKAGE_TARNAME "xf86-video-ati"
| #define PACKAGE_VERSION "7.5.0"
| #define PACKAGE_STRING "xf86-video-ati 7.5.0"
| #define PACKAGE_BUGREPORT "https://bugs.freedesktop.org/enter_bug.cgi?product=xorg"
| #define PACKAGE_URL ""
| #define PACKAGE "xf86-video-ati"
| #define VERSION "7.5.0"
| #define _FILE_OFFSET_BITS 64
| /* end confdefs.h.  */
| #include <stdarg.h>
| #include <stdbool.h>
| #include <stdlib.h>
| #include <wchar.h>
| #include <stdio.h>
| 
| // Check varargs macros.  These examples are taken from C99 6.10.3.5.
| #define debug(...) fprintf (stderr, __VA_ARGS__)
| #define showlist(...) puts (#__VA_ARGS__)
| #define report(test,...) ((test) ? puts (#test) : printf (__VA_ARGS__))
| static void
| test_varargs_macros (void)
| {
|   int x = 1234;
|   int y = 5678;
|   debug ("Flag");
|   debug ("X = %d\n", x);
|   showlist (The first, second, and third items.);
|   report (x>y, "x is %d but y is %d", x, y);
| }
| 
| // Check long long types.
| #define BIG64 18446744073709551615ull
| #define BIG32 4294967295ul
| #define BIG_OK (BIG64 / BIG32 == 4294967297ull && BIG64 % BIG32 == 0)
| #if !BIG_OK
|   your preprocessor is broken;
| #endif
| #if BIG_OK
| #else
|   your preprocessor is broken;
| #endif
| static long long int bignum = -9223372036854775807LL;
| static unsigned long long int ubignum = BIG64;
| 
| struct incomplete_array
| {
|   int datasize;
|   double data[];
| };
| 
| struct named_init {
|   int number;
|   const wchar_t *name;
|   double average;
| };
| 
| typedef const char *ccp;
| 
| static inline int
| test_restrict (ccp restrict text)
| {
|   // See if C++-style comments work.
|   // Iterate through items via the restricted pointer.
|   // Also check for declarations in for loops.
|   for (unsigned int i = 0; *(text+i) != '\0'; ++i)
|     continue;
|   return 0;
| }
| 
| // Check varargs and va_copy.
| static void
| test_varargs (const char *format, ...)
| {
|   va_list args;
|   va_start (args, format);
|   va_list args_copy;
|   va_copy (args_copy, args);
| 
|   const char *str;
|   int number;
|   float fnumber;
| 
|   while (*format)
|     {
|       switch (*format++)
| 	{
| 	case 's': // string
| 	  str = va_arg (args_copy, const char *);
| 	  break;
| 	case 'd': // int
| 	  number = va_arg (args_copy, int);
| 	  break;
| 	case 'f': // float
| 	  fnumber = va_arg (args_copy, double);
| 	  break;
| 	default:
| 	  break;
| 	}
|     }
|   va_end (args_copy);
|   va_end (args);
| }
| 
| int
| main ()
| {
| 
|   // Check bool.
|   _Bool success = false;
| 
|   // Check restrict.
|   if (test_restrict ("String literal") == 0)
|     success = true;
|   char *restrict newvar = "Another string";
| 
|   // Check varargs.
|   test_varargs ("s, d' f .", "string", 65, 34.234);
|   test_varargs_macros ();
| 
|   // Check flexible array members.
|   struct incomplete_array *ia =
|     malloc (sizeof (struct incomplete_array) + (sizeof (double) * 10));
|   ia->datasize = 10;
|   for (int i = 0; i < ia->datasize; ++i)
|     ia->data[i] = i * 1.234;
| 
|   // Check named initializers.
|   struct named_init ni = {
|     .number = 34,
|     .name = L"Test wide string",
|     .average = 543.34343,
|   };
| 
|   ni.number = 58;
| 
|   int dynamic_array[ni.number];
|   dynamic_array[ni.number - 1] = 543;
| 
|   // work around unused variable warnings
|   return (!success || bignum == 0LL || ubignum == 0uLL || newvar[0] == 'x'
| 	  || dynamic_array[ni.number - 1] != 543);
| 
|   ;
|   return 0;
| }
configure:4315: i486-TSOL-linux-gnu-gcc -std=gnu99 -c -Os  conftest.c >&5
configure:4315: $? = 0
configure:4335: result: -std=gnu99
configure:4348: checking how to run the C preprocessor
configure:4379: i486-TSOL-linux-gnu-gcc -std=gnu99 -E  conftest.c
configure:4379: $? = 0
configure:4393: i486-TSOL-linux-gnu-gcc -std=gnu99 -E  conftest.c
conftest.c:12:28: fatal error: ac_nonexistent.h: No such file or directory
compilation terminated.
configure:4393: $? = 1
configure: failed program was:
| /* confdefs.h */
| #define PACKAGE_NAME "xf86-video-ati"
| #define PACKAGE_TARNAME "xf86-video-ati"
| #define PACKAGE_VERSION "7.5.0"
| #define PACKAGE_STRING "xf86-video-ati 7.5.0"
| #define PACKAGE_BUGREPORT "https://bugs.freedesktop.org/enter_bug.cgi?product=xorg"
| #define PACKAGE_URL ""
| #define PACKAGE "xf86-video-ati"
| #define VERSION "7.5.0"
| #define _FILE_OFFSET_BITS 64
| /* end confdefs.h.  */
| #include <ac_nonexistent.h>
configure:4418: result: i486-TSOL-linux-gnu-gcc -std=gnu99 -E
configure:4438: i486-TSOL-linux-gnu-gcc -std=gnu99 -E  conftest.c
configure:4438: $? = 0
configure:4452: i486-TSOL-linux-gnu-gcc -std=gnu99 -E  conftest.c
conftest.c:12:28: fatal error: ac_nonexistent.h: No such file or directory
compilation terminated.
configure:4452: $? = 1
configure: failed program was:
| /* confdefs.h */
| #define PACKAGE_NAME "xf86-video-ati"
| #define PACKAGE_TARNAME "xf86-video-ati"
| #define PACKAGE_VERSION "7.5.0"
| #define PACKAGE_STRING "xf86-video-ati 7.5.0"
| #define PACKAGE_BUGREPORT "https://bugs.freedesktop.org/enter_bug.cgi?product=xorg"
| #define PACKAGE_URL ""
| #define PACKAGE "xf86-video-ati"
| #define VERSION "7.5.0"
| #define _FILE_OFFSET_BITS 64
| /* end confdefs.h.  */
| #include <ac_nonexistent.h>
configure:4481: checking for grep that handles long lines and -e
configure:4539: result: /usr/bin/grep
configure:4544: checking for egrep
configure:4606: result: /usr/bin/grep -E
configure:4611: checking for ANSI C header files
configure:4631: i486-TSOL-linux-gnu-gcc -std=gnu99 -c -Os  conftest.c >&5
configure:4631: $? = 0
configure:4704: i486-TSOL-linux-gnu-gcc -std=gnu99 -o conftest -Os  -static-libgcc conftest.c  >&5
configure:4704: $? = 0
configure:4704: ./conftest
configure:4704: $? = 0
configure:4715: result: yes
configure:4728: checking for sys/types.h
configure:4728: i486-TSOL-linux-gnu-gcc -std=gnu99 -c -Os  conftest.c >&5
configure:4728: $? = 0
configure:4728: result: yes
configure:4728: checking for sys/stat.h
configure:4728: i486-TSOL-linux-gnu-gcc -std=gnu99 -c -Os  conftest.c >&5
configure:4728: $? = 0
configure:4728: result: yes
configure:4728: checking for stdlib.h
configure:4728: i486-TSOL-linux-gnu-gcc -std=gnu99 -c -Os  conftest.c >&5
configure:4728: $? = 0
configure:4728: result: yes
configure:4728: checking for string.h
configure:4728: i486-TSOL-linux-gnu-gcc -std=gnu99 -c -Os  conftest.c >&5
configure:4728: $? = 0
configure:4728: result: yes
configure:4728: checking for memory.h
configure:4728: i486-TSOL-linux-gnu-gcc -std=gnu99 -c -Os  conftest.c >&5
configure:4728: $? = 0
configure:4728: result: yes
configure:4728: checking for strings.h
configure:4728: i486-TSOL-linux-gnu-gcc -std=gnu99 -c -Os  conftest.c >&5
configure:4728: $? = 0
configure:4728: result: yes
configure:4728: checking for inttypes.h
configure:4728: i486-TSOL-linux-gnu-gcc -std=gnu99 -c -Os  conftest.c >&5
configure:4728: $? = 0
configure:4728: result: yes
configure:4728: checking for stdint.h
configure:4728: i486-TSOL-linux-gnu-gcc -std=gnu99 -c -Os  conftest.c >&5
configure:4728: $? = 0
configure:4728: result: yes
configure:4728: checking for unistd.h
configure:4728: i486-TSOL-linux-gnu-gcc -std=gnu99 -c -Os  conftest.c >&5
configure:4728: $? = 0
configure:4728: result: yes
configure:4744: checking whether __clang__ is declared
configure:4744: i486-TSOL-linux-gnu-gcc -std=gnu99 -c -Os  conftest.c >&5
conftest.c: In function 'main':
conftest.c:62:10: error: '__clang__' undeclared (first use in this function)
conftest.c:62:10: note: each undeclared identifier is reported only once for each function it appears in
configure:4744: $? = 1
configure: failed program was:
| /* confdefs.h */
| #define PACKAGE_NAME "xf86-video-ati"
| #define PACKAGE_TARNAME "xf86-video-ati"
| #define PACKAGE_VERSION "7.5.0"
| #define PACKAGE_STRING "xf86-video-ati 7.5.0"
| #define PACKAGE_BUGREPORT "https://bugs.freedesktop.org/enter_bug.cgi?product=xorg"
| #define PACKAGE_URL ""
| #define PACKAGE "xf86-video-ati"
| #define VERSION "7.5.0"
| #define _FILE_OFFSET_BITS 64
| #define STDC_HEADERS 1
| #define HAVE_SYS_TYPES_H 1
| #define HAVE_SYS_STAT_H 1
| #define HAVE_STDLIB_H 1
| #define HAVE_STRING_H 1
| #define HAVE_MEMORY_H 1
| #define HAVE_STRINGS_H 1
| #define HAVE_INTTYPES_H 1
| #define HAVE_STDINT_H 1
| #define HAVE_UNISTD_H 1
| /* end confdefs.h.  */
| #include <stdio.h>
| #ifdef HAVE_SYS_TYPES_H
| # include <sys/types.h>
| #endif
| #ifdef HAVE_SYS_STAT_H
| # include <sys/stat.h>
| #endif
| #ifdef STDC_HEADERS
| # include <stdlib.h>
| # include <stddef.h>
| #else
| # ifdef HAVE_STDLIB_H
| #  include <stdlib.h>
| # endif
| #endif
| #ifdef HAVE_STRING_H
| # if !defined STDC_HEADERS && defined HAVE_MEMORY_H
| #  include <memory.h>
| # endif
| # include <string.h>
| #endif
| #ifdef HAVE_STRINGS_H
| # include <strings.h>
| #endif
| #ifdef HAVE_INTTYPES_H
| # include <inttypes.h>
| #endif
| #ifdef HAVE_STDINT_H
| # include <stdint.h>
| #endif
| #ifdef HAVE_UNISTD_H
| # include <unistd.h>
| #endif
| int
| main ()
| {
| #ifndef __clang__
| #ifdef __cplusplus
|   (void) __clang__;
| #else
|   (void) __clang__;
| #endif
| #endif
| 
|   ;
|   return 0;
| }
configure:4744: result: no
configure:4751: checking whether __INTEL_COMPILER is declared
configure:4751: i486-TSOL-linux-gnu-gcc -std=gnu99 -c -Os  conftest.c >&5
conftest.c: In function 'main':
conftest.c:62:10: error: '__INTEL_COMPILER' undeclared (first use in this function)
conftest.c:62:10: note: each undeclared identifier is reported only once for each function it appears in
configure:4751: $? = 1
configure: failed program was:
| /* confdefs.h */
| #define PACKAGE_NAME "xf86-video-ati"
| #define PACKAGE_TARNAME "xf86-video-ati"
| #define PACKAGE_VERSION "7.5.0"
| #define PACKAGE_STRING "xf86-video-ati 7.5.0"
| #define PACKAGE_BUGREPORT "https://bugs.freedesktop.org/enter_bug.cgi?product=xorg"
| #define PACKAGE_URL ""
| #define PACKAGE "xf86-video-ati"
| #define VERSION "7.5.0"
| #define _FILE_OFFSET_BITS 64
| #define STDC_HEADERS 1
| #define HAVE_SYS_TYPES_H 1
| #define HAVE_SYS_STAT_H 1
| #define HAVE_STDLIB_H 1
| #define HAVE_STRING_H 1
| #define HAVE_MEMORY_H 1
| #define HAVE_STRINGS_H 1
| #define HAVE_INTTYPES_H 1
| #define HAVE_STDINT_H 1
| #define HAVE_UNISTD_H 1
| /* end confdefs.h.  */
| #include <stdio.h>
| #ifdef HAVE_SYS_TYPES_H
| # include <sys/types.h>
| #endif
| #ifdef HAVE_SYS_STAT_H
| # include <sys/stat.h>
| #endif
| #ifdef STDC_HEADERS
| # include <stdlib.h>
| # include <stddef.h>
| #else
| # ifdef HAVE_STDLIB_H
| #  include <stdlib.h>
| # endif
| #endif
| #ifdef HAVE_STRING_H
| # if !defined STDC_HEADERS && defined HAVE_MEMORY_H
| #  include <memory.h>
| # endif
| # include <string.h>
| #endif
| #ifdef HAVE_STRINGS_H
| # include <strings.h>
| #endif
| #ifdef HAVE_INTTYPES_H
| # include <inttypes.h>
| #endif
| #ifdef HAVE_STDINT_H
| # include <stdint.h>
| #endif
| #ifdef HAVE_UNISTD_H
| # include <unistd.h>
| #endif
| int
| main ()
| {
| #ifndef __INTEL_COMPILER
| #ifdef __cplusplus
|   (void) __INTEL_COMPILER;
| #else
|   (void) __INTEL_COMPILER;
| #endif
| #endif
| 
|   ;
|   return 0;
| }
configure:4751: result: no
configure:4758: checking whether __SUNPRO_C is declared
configure:4758: i486-TSOL-linux-gnu-gcc -std=gnu99 -c -Os  conftest.c >&5
conftest.c: In function 'main':
conftest.c:62:10: error: '__SUNPRO_C' undeclared (first use in this function)
conftest.c:62:10: note: each undeclared identifier is reported only once for each function it appears in
configure:4758: $? = 1
configure: failed program was:
| /* confdefs.h */
| #define PACKAGE_NAME "xf86-video-ati"
| #define PACKAGE_TARNAME "xf86-video-ati"
| #define PACKAGE_VERSION "7.5.0"
| #define PACKAGE_STRING "xf86-video-ati 7.5.0"
| #define PACKAGE_BUGREPORT "https://bugs.freedesktop.org/enter_bug.cgi?product=xorg"
| #define PACKAGE_URL ""
| #define PACKAGE "xf86-video-ati"
| #define VERSION "7.5.0"
| #define _FILE_OFFSET_BITS 64
| #define STDC_HEADERS 1
| #define HAVE_SYS_TYPES_H 1
| #define HAVE_SYS_STAT_H 1
| #define HAVE_STDLIB_H 1
| #define HAVE_STRING_H 1
| #define HAVE_MEMORY_H 1
| #define HAVE_STRINGS_H 1
| #define HAVE_INTTYPES_H 1
| #define HAVE_STDINT_H 1
| #define HAVE_UNISTD_H 1
| /* end confdefs.h.  */
| #include <stdio.h>
| #ifdef HAVE_SYS_TYPES_H
| # include <sys/types.h>
| #endif
| #ifdef HAVE_SYS_STAT_H
| # include <sys/stat.h>
| #endif
| #ifdef STDC_HEADERS
| # include <stdlib.h>
| # include <stddef.h>
| #else
| # ifdef HAVE_STDLIB_H
| #  include <stdlib.h>
| # endif
| #endif
| #ifdef HAVE_STRING_H
| # if !defined STDC_HEADERS && defined HAVE_MEMORY_H
| #  include <memory.h>
| # endif
| # include <string.h>
| #endif
| #ifdef HAVE_STRINGS_H
| # include <strings.h>
| #endif
| #ifdef HAVE_INTTYPES_H
| # include <inttypes.h>
| #endif
| #ifdef HAVE_STDINT_H
| # include <stdint.h>
| #endif
| #ifdef HAVE_UNISTD_H
| # include <unistd.h>
| #endif
| int
| main ()
| {
| #ifndef __SUNPRO_C
| #ifdef __cplusplus
|   (void) __SUNPRO_C;
| #else
|   (void) __SUNPRO_C;
| #endif
| #endif
| 
|   ;
|   return 0;
| }
configure:4758: result: no
configure:4820: checking for pkg-config
configure:4838: found /usr/bin/pkg-config
configure:4850: result: /usr/bin/pkg-config
configure:4875: checking pkg-config is at least version 0.9.0
configure:4878: result: yes
configure:4890: checking build system type
configure:4904: result: i686-pc-linux-gnu
configure:4924: checking host system type
configure:4937: result: i686-pc-linux-gnu
configure:4957: checking for a sed that does not truncate output
configure:5021: result: /usr/bin/sed
configure:5067: checking if i486-TSOL-linux-gnu-gcc -std=gnu99 supports -Werror=unknown-warning-option
configure:5076: i486-TSOL-linux-gnu-gcc -std=gnu99 -c -Os -Werror=unknown-warning-option  conftest.c >&5
cc1: error: -Werror=unknown-warning-option: no option -Wunknown-warning-option
configure:5076: $? = 1
configure: failed program was:
| /* confdefs.h */
| #define PACKAGE_NAME "xf86-video-ati"
| #define PACKAGE_TARNAME "xf86-video-ati"
| #define PACKAGE_VERSION "7.5.0"
| #define PACKAGE_STRING "xf86-video-ati 7.5.0"
| #define PACKAGE_BUGREPORT "https://bugs.freedesktop.org/enter_bug.cgi?product=xorg"
| #define PACKAGE_URL ""
| #define PACKAGE "xf86-video-ati"
| #define VERSION "7.5.0"
| #define _FILE_OFFSET_BITS 64
| #define STDC_HEADERS 1
| #define HAVE_SYS_TYPES_H 1
| #define HAVE_SYS_STAT_H 1
| #define HAVE_STDLIB_H 1
| #define HAVE_STRING_H 1
| #define HAVE_MEMORY_H 1
| #define HAVE_STRINGS_H 1
| #define HAVE_INTTYPES_H 1
| #define HAVE_STDINT_H 1
| #define HAVE_UNISTD_H 1
| /* end confdefs.h.  */
| int i;
configure:5083: result: no
configure:5094: checking if i486-TSOL-linux-gnu-gcc -std=gnu99 supports -Werror=unused-command-line-argument
configure:5103: i486-TSOL-linux-gnu-gcc -std=gnu99 -c -Os -Werror=unused-command-line-argument  conftest.c >&5
cc1: error: -Werror=unused-command-line-argument: no option -Wunused-command-line-argument
configure:5103: $? = 1
configure: failed program was:
| /* confdefs.h */
| #define PACKAGE_NAME "xf86-video-ati"
| #define PACKAGE_TARNAME "xf86-video-ati"
| #define PACKAGE_VERSION "7.5.0"
| #define PACKAGE_STRING "xf86-video-ati 7.5.0"
| #define PACKAGE_BUGREPORT "https://bugs.freedesktop.org/enter_bug.cgi?product=xorg"
| #define PACKAGE_URL ""
| #define PACKAGE "xf86-video-ati"
| #define VERSION "7.5.0"
| #define _FILE_OFFSET_BITS 64
| #define STDC_HEADERS 1
| #define HAVE_SYS_TYPES_H 1
| #define HAVE_SYS_STAT_H 1
| #define HAVE_STDLIB_H 1
| #define HAVE_STRING_H 1
| #define HAVE_MEMORY_H 1
| #define HAVE_STRINGS_H 1
| #define HAVE_INTTYPES_H 1
| #define HAVE_STDINT_H 1
| #define HAVE_UNISTD_H 1
| /* end confdefs.h.  */
| int i;
configure:5110: result: no
configure:5129: checking if i486-TSOL-linux-gnu-gcc -std=gnu99 supports -Wall
configure:5146: i486-TSOL-linux-gnu-gcc -std=gnu99 -o conftest -Os -Wall  -static-libgcc conftest.c  >&5
configure:5146: $? = 0
configure:5159: result: yes
configure:5247: checking if i486-TSOL-linux-gnu-gcc -std=gnu99 supports -Wpointer-arith
configure:5264: i486-TSOL-linux-gnu-gcc -std=gnu99 -o conftest -Os -Wpointer-arith  -static-libgcc conftest.c  >&5
configure:5264: $? = 0
configure:5277: result: yes
configure:5365: checking if i486-TSOL-linux-gnu-gcc -std=gnu99 supports -Wmissing-declarations
configure:5382: i486-TSOL-linux-gnu-gcc -std=gnu99 -o conftest -Os -Wmissing-declarations  -static-libgcc conftest.c  >&5
configure:5382: $? = 0
configure:5395: result: yes
configure:5483: checking if i486-TSOL-linux-gnu-gcc -std=gnu99 supports -Wformat=2
configure:5500: i486-TSOL-linux-gnu-gcc -std=gnu99 -o conftest -Os -Wformat=2  -static-libgcc conftest.c  >&5
configure:5500: $? = 0
configure:5513: result: yes
configure:5652: checking if i486-TSOL-linux-gnu-gcc -std=gnu99 supports -Wstrict-prototypes
configure:5669: i486-TSOL-linux-gnu-gcc -std=gnu99 -o conftest -Os -Wstrict-prototypes  -static-libgcc conftest.c  >&5
conftest.c:24:1: warning: function declaration isn't a prototype [-Wstrict-prototypes]
configure:5669: $? = 0
configure:5682: result: yes
configure:5770: checking if i486-TSOL-linux-gnu-gcc -std=gnu99 supports -Wmissing-prototypes
configure:5787: i486-TSOL-linux-gnu-gcc -std=gnu99 -o conftest -Os -Wmissing-prototypes  -static-libgcc conftest.c  >&5
configure:5787: $? = 0
configure:5800: result: yes
configure:5888: checking if i486-TSOL-linux-gnu-gcc -std=gnu99 supports -Wnested-externs
configure:5905: i486-TSOL-linux-gnu-gcc -std=gnu99 -o conftest -Os -Wnested-externs  -static-libgcc conftest.c  >&5
configure:5905: $? = 0
configure:5918: result: yes
configure:6006: checking if i486-TSOL-linux-gnu-gcc -std=gnu99 supports -Wbad-function-cast
configure:6023: i486-TSOL-linux-gnu-gcc -std=gnu99 -o conftest -Os -Wbad-function-cast  -static-libgcc conftest.c  >&5
configure:6023: $? = 0
configure:6036: result: yes
configure:6124: checking if i486-TSOL-linux-gnu-gcc -std=gnu99 supports -Wold-style-definition
configure:6141: i486-TSOL-linux-gnu-gcc -std=gnu99 -o conftest -Os -Wold-style-definition  -static-libgcc conftest.c  >&5
conftest.c: In function 'main':
conftest.c:24:1: warning: old-style function definition [-Wold-style-definition]
configure:6141: $? = 0
configure:6154: result: yes
configure:6291: checking if i486-TSOL-linux-gnu-gcc -std=gnu99 supports -Wdeclaration-after-statement
configure:6308: i486-TSOL-linux-gnu-gcc -std=gnu99 -o conftest -Os -Wdeclaration-after-statement  -static-libgcc conftest.c  >&5
configure:6308: $? = 0
configure:6321: result: yes
configure:6413: checking if i486-TSOL-linux-gnu-gcc -std=gnu99 supports -Wunused
configure:6430: i486-TSOL-linux-gnu-gcc -std=gnu99 -o conftest -Os -Wunused  -static-libgcc conftest.c  >&5
configure:6430: $? = 0
configure:6443: result: yes
configure:6531: checking if i486-TSOL-linux-gnu-gcc -std=gnu99 supports -Wuninitialized
configure:6548: i486-TSOL-linux-gnu-gcc -std=gnu99 -o conftest -Os -Wuninitialized  -static-libgcc conftest.c  >&5
configure:6548: $? = 0
configure:6561: result: yes
configure:6649: checking if i486-TSOL-linux-gnu-gcc -std=gnu99 supports -Wshadow
configure:6666: i486-TSOL-linux-gnu-gcc -std=gnu99 -o conftest -Os -Wshadow  -static-libgcc conftest.c  >&5
configure:6666: $? = 0
configure:6679: result: yes
configure:6767: checking if i486-TSOL-linux-gnu-gcc -std=gnu99 supports -Wmissing-noreturn
configure:6784: i486-TSOL-linux-gnu-gcc -std=gnu99 -o conftest -Os -Wmissing-noreturn  -static-libgcc conftest.c  >&5
configure:6784: $? = 0
configure:6797: result: yes
configure:6885: checking if i486-TSOL-linux-gnu-gcc -std=gnu99 supports -Wmissing-format-attribute
configure:6902: i486-TSOL-linux-gnu-gcc -std=gnu99 -o conftest -Os -Wmissing-format-attribute  -static-libgcc conftest.c  >&5
configure:6902: $? = 0
configure:6915: result: yes
configure:7003: checking if i486-TSOL-linux-gnu-gcc -std=gnu99 supports -Wredundant-decls
configure:7020: i486-TSOL-linux-gnu-gcc -std=gnu99 -o conftest -Os -Wredundant-decls  -static-libgcc conftest.c  >&5
configure:7020: $? = 0
configure:7033: result: yes
configure:7121: checking if i486-TSOL-linux-gnu-gcc -std=gnu99 supports -Wlogical-op
configure:7138: i486-TSOL-linux-gnu-gcc -std=gnu99 -o conftest -Os -Wlogical-op  -static-libgcc conftest.c  >&5
configure:7138: $? = 0
configure:7151: result: yes
configure:7251: checking if i486-TSOL-linux-gnu-gcc -std=gnu99 supports -Werror=implicit
configure:7268: i486-TSOL-linux-gnu-gcc -std=gnu99 -o conftest -Os -Werror=implicit  -static-libgcc conftest.c  >&5
configure:7268: $? = 0
configure:7281: result: yes
configure:7418: checking if i486-TSOL-linux-gnu-gcc -std=gnu99 supports -Werror=nonnull
configure:7435: i486-TSOL-linux-gnu-gcc -std=gnu99 -o conftest -Os -Werror=nonnull  -static-libgcc conftest.c  >&5
configure:7435: $? = 0
configure:7448: result: yes
configure:7536: checking if i486-TSOL-linux-gnu-gcc -std=gnu99 supports -Werror=init-self
configure:7553: i486-TSOL-linux-gnu-gcc -std=gnu99 -o conftest -Os -Werror=init-self  -static-libgcc conftest.c  >&5
configure:7553: $? = 0
configure:7566: result: yes
configure:7654: checking if i486-TSOL-linux-gnu-gcc -std=gnu99 supports -Werror=main
configure:7671: i486-TSOL-linux-gnu-gcc -std=gnu99 -o conftest -Os -Werror=main  -static-libgcc conftest.c  >&5
configure:7671: $? = 0
configure:7684: result: yes
configure:7772: checking if i486-TSOL-linux-gnu-gcc -std=gnu99 supports -Werror=missing-braces
configure:7789: i486-TSOL-linux-gnu-gcc -std=gnu99 -o conftest -Os -Werror=missing-braces  -static-libgcc conftest.c  >&5
configure:7789: $? = 0
configure:7802: result: yes
configure:7890: checking if i486-TSOL-linux-gnu-gcc -std=gnu99 supports -Werror=sequence-point
configure:7907: i486-TSOL-linux-gnu-gcc -std=gnu99 -o conftest -Os -Werror=sequence-point  -static-libgcc conftest.c  >&5
configure:7907: $? = 0
configure:7920: result: yes
configure:8008: checking if i486-TSOL-linux-gnu-gcc -std=gnu99 supports -Werror=return-type
configure:8025: i486-TSOL-linux-gnu-gcc -std=gnu99 -o conftest -Os -Werror=return-type  -static-libgcc conftest.c  >&5
configure:8025: $? = 0
configure:8038: result: yes
configure:8175: checking if i486-TSOL-linux-gnu-gcc -std=gnu99 supports -Werror=trigraphs
configure:8192: i486-TSOL-linux-gnu-gcc -std=gnu99 -o conftest -Os -Werror=trigraphs  -static-libgcc conftest.c  >&5
configure:8192: $? = 0
configure:8205: result: yes
configure:8293: checking if i486-TSOL-linux-gnu-gcc -std=gnu99 supports -Werror=array-bounds
configure:8310: i486-TSOL-linux-gnu-gcc -std=gnu99 -o conftest -Os -Werror=array-bounds  -static-libgcc conftest.c  >&5
configure:8310: $? = 0
configure:8323: result: yes
configure:8411: checking if i486-TSOL-linux-gnu-gcc -std=gnu99 supports -Werror=write-strings
configure:8428: i486-TSOL-linux-gnu-gcc -std=gnu99 -o conftest -Os -Werror=write-strings  -static-libgcc conftest.c  >&5
configure:8428: $? = 0
configure:8441: result: yes
configure:8529: checking if i486-TSOL-linux-gnu-gcc -std=gnu99 supports -Werror=address
configure:8546: i486-TSOL-linux-gnu-gcc -std=gnu99 -o conftest -Os -Werror=address  -static-libgcc conftest.c  >&5
configure:8546: $? = 0
configure:8559: result: yes
configure:8647: checking if i486-TSOL-linux-gnu-gcc -std=gnu99 supports -Werror=int-to-pointer-cast
configure:8664: i486-TSOL-linux-gnu-gcc -std=gnu99 -o conftest -Os -Werror=int-to-pointer-cast  -static-libgcc conftest.c  >&5
configure:8664: $? = 0
configure:8677: result: yes
configure:8814: checking if i486-TSOL-linux-gnu-gcc -std=gnu99 supports -Werror=pointer-to-int-cast
configure:8831: i486-TSOL-linux-gnu-gcc -std=gnu99 -o conftest -Os -Werror=pointer-to-int-cast  -static-libgcc conftest.c  >&5
configure:8831: $? = 0
configure:8844: result: yes
configure:10502: checking if i486-TSOL-linux-gnu-gcc -std=gnu99 supports -pedantic
configure:10519: i486-TSOL-linux-gnu-gcc -std=gnu99 -o conftest -Os -pedantic  -static-libgcc conftest.c  >&5
configure:10519: $? = 0
configure:10532: result: yes
configure:10620: checking if i486-TSOL-linux-gnu-gcc -std=gnu99 supports -Werror
configure:10637: i486-TSOL-linux-gnu-gcc -std=gnu99 -o conftest -Os -Werror  -static-libgcc conftest.c  >&5
configure:10637: $? = 0
configure:10650: result: yes
configure:10790: checking if i486-TSOL-linux-gnu-gcc -std=gnu99 supports -Werror=attributes
configure:10807: i486-TSOL-linux-gnu-gcc -std=gnu99 -o conftest -Os -Werror=attributes  -static-libgcc conftest.c  >&5
configure:10807: $? = 0
configure:10820: result: yes
configure:10980: checking whether make supports nested variables
configure:10997: result: yes
configure:11088: checking how to print strings
configure:11115: result: printf
configure:11136: checking for a sed that does not truncate output
configure:11200: result: /usr/bin/sed
configure:11218: checking for fgrep
configure:11280: result: /usr/bin/grep -F
configure:11315: checking for ld used by i486-TSOL-linux-gnu-gcc -std=gnu99
configure:11382: result: i486-TSOL-linux-gnu-ld
configure:11389: checking if the linker (i486-TSOL-linux-gnu-ld) is GNU ld
configure:11404: result: yes
configure:11416: checking for BSD- or MS-compatible name lister (nm)
configure:11465: result: /toolchain/i486-TSOL-linux-gnu/bin//nm -B
configure:11595: checking the name lister (/toolchain/i486-TSOL-linux-gnu/bin//nm -B) interface
configure:11602: i486-TSOL-linux-gnu-gcc -std=gnu99 -c -Os  conftest.c >&5
configure:11605: /toolchain/i486-TSOL-linux-gnu/bin//nm -B "conftest.o"
configure:11608: output
00000000 B some_variable
configure:11615: result: BSD nm
configure:11618: checking whether ln -s works
configure:11622: result: yes
configure:11630: checking the maximum length of command line arguments
configure:11760: result: 1572864
configure:11777: checking whether the shell understands some XSI constructs
configure:11787: result: yes
configure:11791: checking whether the shell understands "+="
configure:11797: result: yes
configure:11832: checking how to convert i686-pc-linux-gnu file names to i686-pc-linux-gnu format
configure:11872: result: func_convert_file_noop
configure:11879: checking how to convert i686-pc-linux-gnu file names to toolchain format
configure:11899: result: func_convert_file_noop
configure:11906: checking for i486-TSOL-linux-gnu-ld option to reload object files
configure:11913: result: -r
configure:11987: checking for objdump
configure:12003: found /toolchain/i486-TSOL-linux-gnu/bin//objdump
configure:12014: result: objdump
configure:12046: checking how to recognize dependent libraries
configure:12248: result: pass_all
configure:12333: checking for dlltool
configure:12363: result: no
configure:12393: checking how to associate runtime and link libraries
configure:12420: result: printf %s\n
configure:12480: checking for ar
configure:12496: found /toolchain/i486-TSOL-linux-gnu/bin//ar
configure:12507: result: ar
configure:12544: checking for archiver @FILE support
configure:12561: i486-TSOL-linux-gnu-gcc -std=gnu99 -c -Os  conftest.c >&5
configure:12561: $? = 0
configure:12564: ar cru libconftest.a @conftest.lst >&5
configure:12567: $? = 0
configure:12572: ar cru libconftest.a @conftest.lst >&5
ar: conftest.o: No such file or directory
configure:12575: $? = 1
configure:12587: result: @
configure:12645: checking for strip
configure:12661: found /toolchain/i486-TSOL-linux-gnu/bin//strip
configure:12672: result: strip
configure:12744: checking for ranlib
configure:12760: found /toolchain/i486-TSOL-linux-gnu/bin//ranlib
configure:12771: result: ranlib
configure:12873: checking command to parse /toolchain/i486-TSOL-linux-gnu/bin//nm -B output from i486-TSOL-linux-gnu-gcc -std=gnu99 object
configure:12993: i486-TSOL-linux-gnu-gcc -std=gnu99 -c -Os  conftest.c >&5
configure:12996: $? = 0
configure:13000: /toolchain/i486-TSOL-linux-gnu/bin//nm -B conftest.o \| sed -n -e 's/^.*[ ]\([ABCDGIRSTW][ABCDGIRSTW]*\)[ ][ ]*\([_A-Za-z][_A-Za-z0-9]*\)$/\1 \2 \2/p' | sed '/ __gnu_lto/d' \> conftest.nm
configure:13003: $? = 0
configure:13069: i486-TSOL-linux-gnu-gcc -std=gnu99 -o conftest -Os  -static-libgcc conftest.c conftstm.o >&5
configure:13072: $? = 0
configure:13110: result: ok
configure:13147: checking for sysroot
configure:13177: result: no
configure:13439: checking for mt
configure:13469: result: no
configure:13489: checking if : is a manifest tool
configure:13495: : '-?'
configure:13503: result: no
configure:14142: checking for dlfcn.h
configure:14142: i486-TSOL-linux-gnu-gcc -std=gnu99 -c -Os  conftest.c >&5
configure:14142: $? = 0
configure:14142: result: yes
configure:14318: checking for objdir
configure:14333: result: .libs
configure:14600: checking if i486-TSOL-linux-gnu-gcc -std=gnu99 supports -fno-rtti -fno-exceptions
configure:14618: i486-TSOL-linux-gnu-gcc -std=gnu99 -c -Os  -fno-rtti -fno-exceptions conftest.c >&5
cc1: warning: command line option '-fno-rtti' is valid for C++/ObjC++ but not for C [enabled by default]
configure:14622: $? = 0
configure:14635: result: no
configure:14962: checking for i486-TSOL-linux-gnu-gcc -std=gnu99 option to produce PIC
configure:14969: result: -fPIC -DPIC
configure:14977: checking if i486-TSOL-linux-gnu-gcc -std=gnu99 PIC flag -fPIC -DPIC works
configure:14995: i486-TSOL-linux-gnu-gcc -std=gnu99 -c -Os  -fPIC -DPIC -DPIC conftest.c >&5
configure:14999: $? = 0
configure:15012: result: yes
configure:15041: checking if i486-TSOL-linux-gnu-gcc -std=gnu99 static flag -static works
configure:15069: result: yes
configure:15084: checking if i486-TSOL-linux-gnu-gcc -std=gnu99 supports -c -o file.o
configure:15105: i486-TSOL-linux-gnu-gcc -std=gnu99 -c -Os  -o out/conftest2.o conftest.c >&5
configure:15109: $? = 0
configure:15131: result: yes
configure:15139: checking if i486-TSOL-linux-gnu-gcc -std=gnu99 supports -c -o file.o
configure:15186: result: yes
configure:15219: checking whether the i486-TSOL-linux-gnu-gcc -std=gnu99 linker (i486-TSOL-linux-gnu-ld) supports shared libraries
configure:16372: result: yes
configure:16409: checking whether -lc should be explicitly linked in
configure:16417: i486-TSOL-linux-gnu-gcc -std=gnu99 -c -Os  conftest.c >&5
configure:16420: $? = 0
configure:16435: i486-TSOL-linux-gnu-gcc -std=gnu99 -shared  -fPIC -DPIC conftest.o  -v -Wl,-soname -Wl,conftest -o conftest 2\>\&1 \| /usr/bin/grep  -lc  \>/dev/null 2\>\&1
configure:16438: $? = 0
configure:16452: result: no
configure:16612: checking dynamic linker characteristics
configure:17123: i486-TSOL-linux-gnu-gcc -std=gnu99 -o conftest -Os  -static-libgcc -Wl,-rpath -Wl,/foo conftest.c  >&5
configure:17123: $? = 0
configure:17349: result: GNU/Linux ld.so
configure:17456: checking how to hardcode library paths into programs
configure:17481: result: immediate
configure:18021: checking whether stripping libraries is possible
configure:18026: result: yes
configure:18061: checking if libtool supports shared libraries
configure:18063: result: yes
configure:18066: checking whether to build shared libraries
configure:18087: result: yes
configure:18090: checking whether to build static libraries
configure:18094: result: no
configure:18134: checking whether i486-TSOL-linux-gnu-gcc -std=gnu99 and cc understand -c and -o together
configure:18165: i486-TSOL-linux-gnu-gcc -std=gnu99 -c conftest.c -o conftest2.o >&5
configure:18169: $? = 0
configure:18175: i486-TSOL-linux-gnu-gcc -std=gnu99 -c conftest.c -o conftest2.o >&5
configure:18179: $? = 0
configure:18190: cc -c conftest.c >&5
configure:18194: $? = 0
configure:18202: cc -c conftest.c -o conftest2.o >&5
configure:18206: $? = 0
configure:18212: cc -c conftest.c -o conftest2.o >&5
configure:18216: $? = 0
configure:18234: result: yes
configure:18297: i486-TSOL-linux-gnu-gcc -std=gnu99 -c -Os -I/usr/xorg/include/xorg  -Wall conftest.c >&5
configure:18297: $? = 0
configure:18304: checking if RANDR is defined
configure:18306: result: yes
configure:18332: i486-TSOL-linux-gnu-gcc -std=gnu99 -c -Os -I/usr/xorg/include/xorg  -Wall conftest.c >&5
configure:18332: $? = 0
configure:18339: checking if RENDER is defined
configure:18341: result: yes
configure:18367: i486-TSOL-linux-gnu-gcc -std=gnu99 -c -Os -I/usr/xorg/include/xorg  -Wall conftest.c >&5
configure:18367: $? = 0
configure:18374: checking if XV is defined
configure:18376: result: yes
configure:18402: i486-TSOL-linux-gnu-gcc -std=gnu99 -c -Os -I/usr/xorg/include/xorg  -Wall conftest.c >&5
configure:18402: $? = 0
configure:18409: checking if DPMSExtension is defined
configure:18411: result: yes
configure:18421: checking for LIBDRM
configure:18428: $PKG_CONFIG --exists --print-errors "libdrm >= 2.4.58"
configure:18431: $? = 0
configure:18445: $PKG_CONFIG --exists --print-errors "libdrm >= 2.4.58"
configure:18448: $? = 0
configure:18506: result: yes
configure:18512: checking for LIBDRM_RADEON
configure:18519: $PKG_CONFIG --exists --print-errors "libdrm_radeon"
configure:18522: $? = 0
configure:18536: $PKG_CONFIG --exists --print-errors "libdrm_radeon"
configure:18539: $? = 0
configure:18597: result: yes
configure:18605: checking for XORG
configure:18612: $PKG_CONFIG --exists --print-errors "xorg-server >= 1.7 xproto fontsproto xf86driproto $REQUIRED_MODULES"
configure:18615: $? = 0
configure:18629: $PKG_CONFIG --exists --print-errors "xorg-server >= 1.7 xproto fontsproto xf86driproto $REQUIRED_MODULES"
configure:18632: $? = 0
configure:18690: result: yes
configure:18696: checking for XEXT
configure:18703: $PKG_CONFIG --exists --print-errors "xextproto >= 7.0.99.1"
configure:18706: $? = 0
configure:18720: $PKG_CONFIG --exists --print-errors "xextproto >= 7.0.99.1"
configure:18723: $? = 0
configure:18761: result: yes
configure:18786: checking for LIBUDEV
configure:18793: $PKG_CONFIG --exists --print-errors "libudev"
configure:18796: $? = 0
configure:18810: $PKG_CONFIG --exists --print-errors "libudev"
configure:18813: $? = 0
configure:18851: result: yes
configure:18875: checking whether to include GLAMOR support
configure:19102: result: no
configure:19116: checking for list.h
configure:19116: i486-TSOL-linux-gnu-gcc -std=gnu99 -c -Os  -Wall -fvisibility=hidden -I/usr/xorg/include/xorg -I/usr/xorg/include -I/usr/xorg/include/pixman-1 -I/usr/xorg/include/X11/dri -I/usr/xorg/include/libdrm   conftest.c >&5
configure:19116: $? = 0
configure:19116: result: yes
configure:19132: checking whether xorg_list_init is declared
configure:19132: i486-TSOL-linux-gnu-gcc -std=gnu99 -c -Os  -Wall -fvisibility=hidden -I/usr/xorg/include/xorg -I/usr/xorg/include -I/usr/xorg/include/pixman-1 -I/usr/xorg/include/X11/dri -I/usr/xorg/include/libdrm   conftest.c >&5
configure:19132: $? = 0
configure:19132: result: yes
configure:19148: checking for PCIACCESS
configure:19155: $PKG_CONFIG --exists --print-errors "pciaccess >= 0.8.0"
configure:19158: $? = 0
configure:19172: $PKG_CONFIG --exists --print-errors "pciaccess >= 0.8.0"
configure:19175: $? = 0
configure:19233: result: yes
configure:19249: checking byteswap.h usability
configure:19249: i486-TSOL-linux-gnu-gcc -std=gnu99 -c -Os  -Wall conftest.c >&5
configure:19249: $? = 0
configure:19249: result: yes
configure:19249: checking byteswap.h presence
configure:19249: i486-TSOL-linux-gnu-gcc -std=gnu99 -E  -Wall conftest.c
configure:19249: $? = 0
configure:19249: result: yes
configure:19249: checking for byteswap.h
configure:19249: result: yes
configure:19261: checking sys/endian.h usability
configure:19261: i486-TSOL-linux-gnu-gcc -std=gnu99 -c -Os  -Wall conftest.c >&5
conftest.c:65:24: fatal error: sys/endian.h: No such file or directory
compilation terminated.
configure:19261: $? = 1
configure: failed program was:
| /* confdefs.h */
| #define PACKAGE_NAME "xf86-video-ati"
| #define PACKAGE_TARNAME "xf86-video-ati"
| #define PACKAGE_VERSION "7.5.0"
| #define PACKAGE_STRING "xf86-video-ati 7.5.0"
| #define PACKAGE_BUGREPORT "https://bugs.freedesktop.org/enter_bug.cgi?product=xorg"
| #define PACKAGE_URL ""
| #define PACKAGE "xf86-video-ati"
| #define VERSION "7.5.0"
| #define _FILE_OFFSET_BITS 64
| #define STDC_HEADERS 1
| #define HAVE_SYS_TYPES_H 1
| #define HAVE_SYS_STAT_H 1
| #define HAVE_STDLIB_H 1
| #define HAVE_STRING_H 1
| #define HAVE_MEMORY_H 1
| #define HAVE_STRINGS_H 1
| #define HAVE_INTTYPES_H 1
| #define HAVE_STDINT_H 1
| #define HAVE_UNISTD_H 1
| #define PACKAGE_VERSION_MAJOR 7
| #define PACKAGE_VERSION_MINOR 5
| #define PACKAGE_VERSION_PATCHLEVEL 0
| #define HAVE_DLFCN_H 1
| #define LT_OBJDIR ".libs/"
| #define HAVE_XEXTPROTO_71 1
| #define HAVE_LIBUDEV 1
| #define HAVE_LIST_H 1
| #define HAVE_XORG_LIST 1
| #define HAVE_BYTESWAP_H 1
| /* end confdefs.h.  */
| #include <stdio.h>
| #ifdef HAVE_SYS_TYPES_H
| # include <sys/types.h>
| #endif
| #ifdef HAVE_SYS_STAT_H
| # include <sys/stat.h>
| #endif
| #ifdef STDC_HEADERS
| # include <stdlib.h>
| # include <stddef.h>
| #else
| # ifdef HAVE_STDLIB_H
| #  include <stdlib.h>
| # endif
| #endif
| #ifdef HAVE_STRING_H
| # if !defined STDC_HEADERS && defined HAVE_MEMORY_H
| #  include <memory.h>
| # endif
| # include <string.h>
| #endif
| #ifdef HAVE_STRINGS_H
| # include <strings.h>
| #endif
| #ifdef HAVE_INTTYPES_H
| # include <inttypes.h>
| #endif
| #ifdef HAVE_STDINT_H
| # include <stdint.h>
| #endif
| #ifdef HAVE_UNISTD_H
| # include <unistd.h>
| #endif
| #include <sys/endian.h>
configure:19261: result: no
configure:19261: checking sys/endian.h presence
configure:19261: i486-TSOL-linux-gnu-gcc -std=gnu99 -E  -Wall conftest.c
conftest.c:32:24: fatal error: sys/endian.h: No such file or directory
compilation terminated.
configure:19261: $? = 1
configure: failed program was:
| /* confdefs.h */
| #define PACKAGE_NAME "xf86-video-ati"
| #define PACKAGE_TARNAME "xf86-video-ati"
| #define PACKAGE_VERSION "7.5.0"
| #define PACKAGE_STRING "xf86-video-ati 7.5.0"
| #define PACKAGE_BUGREPORT "https://bugs.freedesktop.org/enter_bug.cgi?product=xorg"
| #define PACKAGE_URL ""
| #define PACKAGE "xf86-video-ati"
| #define VERSION "7.5.0"
| #define _FILE_OFFSET_BITS 64
| #define STDC_HEADERS 1
| #define HAVE_SYS_TYPES_H 1
| #define HAVE_SYS_STAT_H 1
| #define HAVE_STDLIB_H 1
| #define HAVE_STRING_H 1
| #define HAVE_MEMORY_H 1
| #define HAVE_STRINGS_H 1
| #define HAVE_INTTYPES_H 1
| #define HAVE_STDINT_H 1
| #define HAVE_UNISTD_H 1
| #define PACKAGE_VERSION_MAJOR 7
| #define PACKAGE_VERSION_MINOR 5
| #define PACKAGE_VERSION_PATCHLEVEL 0
| #define HAVE_DLFCN_H 1
| #define LT_OBJDIR ".libs/"
| #define HAVE_XEXTPROTO_71 1
| #define HAVE_LIBUDEV 1
| #define HAVE_LIST_H 1
| #define HAVE_XORG_LIST 1
| #define HAVE_BYTESWAP_H 1
| /* end confdefs.h.  */
| #include <sys/endian.h>
configure:19261: result: no
configure:19261: checking for sys/endian.h
configure:19261: result: no
configure:19373: The atimisc sub-driver has been split out to xf86-video-mach64:
    git://anongit.freedesktop.org/git/xorg/driver/xf86-video-mach64
Please install that driver as well for mach64-based cards.

configure:19382: The r128 sub-driver has been split out to xf86-video-r128:
    git://anongit.freedesktop.org/git/xorg/driver/xf86-video-r128
Please install that driver as well for rage128-based cards.

configure:19499: checking that generated files are newer than configure
configure:19505: result: done
configure:19544: creating ./config.status

## ---------------------- ##
## Running config.status. ##
## ---------------------- ##

This file was extended by xf86-video-ati config.status 7.5.0, which was
generated by GNU Autoconf 2.69.  Invocation command line was

  CONFIG_FILES    = 
  CONFIG_HEADERS  = 
  CONFIG_LINKS    = 
  CONFIG_COMMANDS = 
  $ ./config.status 

on ubuntu4

config.status:1150: creating Makefile
config.status:1150: creating src/Makefile
config.status:1150: creating man/Makefile
config.status:1150: creating config.h
config.status:1379: executing depfiles commands
config.status:1379: executing libtool commands

## ---------------- ##
## Cache variables. ##
## ---------------- ##

ac_cv_build=i686-pc-linux-gnu
ac_cv_c_compiler_gnu=yes
ac_cv_env_CC_set=set
ac_cv_env_CC_value=i486-TSOL-linux-gnu-gcc
ac_cv_env_CFLAGS_set=set
ac_cv_env_CFLAGS_value=-Os
ac_cv_env_CPPFLAGS_set=
ac_cv_env_CPPFLAGS_value=
ac_cv_env_CPP_set=
ac_cv_env_CPP_value=
ac_cv_env_LDFLAGS_set=set
ac_cv_env_LDFLAGS_value=-static-libgcc
ac_cv_env_LIBDRM_CFLAGS_set=
ac_cv_env_LIBDRM_CFLAGS_value=
ac_cv_env_LIBDRM_LIBS_set=
ac_cv_env_LIBDRM_LIBS_value=
ac_cv_env_LIBDRM_RADEON_CFLAGS_set=
ac_cv_env_LIBDRM_RADEON_CFLAGS_value=
ac_cv_env_LIBDRM_RADEON_LIBS_set=
ac_cv_env_LIBDRM_RADEON_LIBS_value=
ac_cv_env_LIBGLAMOR_CFLAGS_set=
ac_cv_env_LIBGLAMOR_CFLAGS_value=
ac_cv_env_LIBGLAMOR_EGL_CFLAGS_set=
ac_cv_env_LIBGLAMOR_EGL_CFLAGS_value=
ac_cv_env_LIBGLAMOR_EGL_LIBS_set=
ac_cv_env_LIBGLAMOR_EGL_LIBS_value=
ac_cv_env_LIBGLAMOR_LIBS_set=
ac_cv_env_LIBGLAMOR_LIBS_value=
ac_cv_env_LIBS_set=
ac_cv_env_LIBS_value=
ac_cv_env_LIBUDEV_CFLAGS_set=
ac_cv_env_LIBUDEV_CFLAGS_value=
ac_cv_env_LIBUDEV_LIBS_set=
ac_cv_env_LIBUDEV_LIBS_value=
ac_cv_env_PCIACCESS_CFLAGS_set=
ac_cv_env_PCIACCESS_CFLAGS_value=
ac_cv_env_PCIACCESS_LIBS_set=
ac_cv_env_PCIACCESS_LIBS_value=
ac_cv_env_PKG_CONFIG_LIBDIR_set=
ac_cv_env_PKG_CONFIG_LIBDIR_value=
ac_cv_env_PKG_CONFIG_PATH_set=set
ac_cv_env_PKG_CONFIG_PATH_value=/usr/xorg/share/pkgconfig:/usr/xorg/lib/pkgconfig:/usr/xorg/lib/pkgconfig:/usr/xorg/share/pkgconfig:/usr/xorg/lib/pkgconfig:/usr/xorg/share/pkgconfig:
ac_cv_env_PKG_CONFIG_set=
ac_cv_env_PKG_CONFIG_value=
ac_cv_env_XEXT_CFLAGS_set=
ac_cv_env_XEXT_CFLAGS_value=
ac_cv_env_XEXT_LIBS_set=
ac_cv_env_XEXT_LIBS_value=
ac_cv_env_XORG_CFLAGS_set=
ac_cv_env_XORG_CFLAGS_value=
ac_cv_env_XORG_LIBS_set=
ac_cv_env_XORG_LIBS_value=
ac_cv_env_build_alias_set=
ac_cv_env_build_alias_value=
ac_cv_env_host_alias_set=
ac_cv_env_host_alias_value=
ac_cv_env_target_alias_set=
ac_cv_env_target_alias_value=
ac_cv_have_decl___INTEL_COMPILER=no
ac_cv_have_decl___SUNPRO_C=no
ac_cv_have_decl___clang__=no
ac_cv_have_decl_xorg_list_init=yes
ac_cv_header_byteswap_h=yes
ac_cv_header_dlfcn_h=yes
ac_cv_header_inttypes_h=yes
ac_cv_header_list_h=yes
ac_cv_header_memory_h=yes
ac_cv_header_stdc=yes
ac_cv_header_stdint_h=yes
ac_cv_header_stdlib_h=yes
ac_cv_header_string_h=yes
ac_cv_header_strings_h=yes
ac_cv_header_sys_endian_h=no
ac_cv_header_sys_stat_h=yes
ac_cv_header_sys_types_h=yes
ac_cv_header_unistd_h=yes
ac_cv_host=i686-pc-linux-gnu
ac_cv_objext=o
ac_cv_path_EGREP='/usr/bin/grep -E'
ac_cv_path_FGREP='/usr/bin/grep -F'
ac_cv_path_GREP=/usr/bin/grep
ac_cv_path_SED=/usr/bin/sed
ac_cv_path_ac_pt_PKG_CONFIG=/usr/bin/pkg-config
ac_cv_path_install='/bin/install -c'
ac_cv_path_mkdir=/bin/mkdir
ac_cv_prog_AWK=gawk
ac_cv_prog_CPP='i486-TSOL-linux-gnu-gcc -std=gnu99 -E'
ac_cv_prog_ac_ct_AR=ar
ac_cv_prog_ac_ct_CC=i486-TSOL-linux-gnu-gcc
ac_cv_prog_ac_ct_OBJDUMP=objdump
ac_cv_prog_ac_ct_RANLIB=ranlib
ac_cv_prog_ac_ct_STRIP=strip
ac_cv_prog_cc_c89=
ac_cv_prog_cc_c99=-std=gnu99
ac_cv_prog_cc_g=yes
ac_cv_prog_cc_i486_TSOL_linux_gnu_gcc_c_o=yes
ac_cv_prog_make_make_set=yes
ac_cv_sys_file_offset_bits=64
ac_cv_sys_largefile_CC=no
am_cv_CC_dependencies_compiler_type=gcc3
am_cv_make_support_nested_variables=yes
lt_cv_ar_at_file=@
lt_cv_archive_cmds_need_lc=no
lt_cv_deplibs_check_method=pass_all
lt_cv_file_magic_cmd='$MAGIC_CMD'
lt_cv_file_magic_test_file=
lt_cv_ld_reload_flag=-r
lt_cv_nm_interface='BSD nm'
lt_cv_objdir=.libs
lt_cv_path_LD=i486-TSOL-linux-gnu-ld
lt_cv_path_NM='/toolchain/i486-TSOL-linux-gnu/bin//nm -B'
lt_cv_path_mainfest_tool=no
lt_cv_prog_compiler_c_o=yes
lt_cv_prog_compiler_pic='-fPIC -DPIC'
lt_cv_prog_compiler_pic_works=yes
lt_cv_prog_compiler_rtti_exceptions=no
lt_cv_prog_compiler_static_works=yes
lt_cv_prog_gnu_ld=yes
lt_cv_sharedlib_from_linklib_cmd='printf %s\n'
lt_cv_shlibpath_overrides_runpath=yes
lt_cv_sys_global_symbol_pipe='sed -n -e '\''s/^.*[	 ]\([ABCDGIRSTW][ABCDGIRSTW]*\)[	 ][	 ]*\([_A-Za-z][_A-Za-z0-9]*\)$/\1 \2 \2/p'\'' | sed '\''/ __gnu_lto/d'\'''
lt_cv_sys_global_symbol_to_c_name_address='sed -n -e '\''s/^: \([^ ]*\)[ ]*$/  {\"\1\", (void *) 0},/p'\'' -e '\''s/^[ABCDGIRSTW]* \([^ ]*\) \([^ ]*\)$/  {"\2", (void *) \&\2},/p'\'''
lt_cv_sys_global_symbol_to_c_name_address_lib_prefix='sed -n -e '\''s/^: \([^ ]*\)[ ]*$/  {\"\1\", (void *) 0},/p'\'' -e '\''s/^[ABCDGIRSTW]* \([^ ]*\) \(lib[^ ]*\)$/  {"\2", (void *) \&\2},/p'\'' -e '\''s/^[ABCDGIRSTW]* \([^ ]*\) \([^ ]*\)$/  {"lib\2", (void *) \&\2},/p'\'''
lt_cv_sys_global_symbol_to_cdecl='sed -n -e '\''s/^T .* \(.*\)$/extern int \1();/p'\'' -e '\''s/^[ABCDGIRSTW]* .* \(.*\)$/extern char \1;/p'\'''
lt_cv_sys_max_cmd_len=1572864
lt_cv_to_host_file_cmd=func_convert_file_noop
lt_cv_to_tool_file_cmd=func_convert_file_noop
pkg_cv_LIBDRM_CFLAGS='-I/usr/xorg/include -I/usr/xorg/include/libdrm  '
pkg_cv_LIBDRM_LIBS='-L/usr/xorg/lib -ldrm  '
pkg_cv_LIBDRM_RADEON_CFLAGS='-I/usr/xorg/include -I/usr/xorg/include/libdrm  '
pkg_cv_LIBDRM_RADEON_LIBS='-L/usr/xorg/lib -ldrm_radeon  '
pkg_cv_LIBUDEV_CFLAGS=' '
pkg_cv_LIBUDEV_LIBS='-ludev -lrt  '
pkg_cv_PCIACCESS_CFLAGS='-I/usr/xorg/include  '
pkg_cv_PCIACCESS_LIBS='-L/usr/xorg/lib -lpciaccess  '
pkg_cv_XEXT_CFLAGS='-I/usr/xorg/include  '
pkg_cv_XEXT_LIBS=' '
pkg_cv_XORG_CFLAGS='-fvisibility=hidden -I/usr/xorg/include/xorg -I/usr/xorg/include -I/usr/xorg/include/pixman-1 -I/usr/xorg/include/X11/dri -I/usr/xorg/include/libdrm  '
pkg_cv_XORG_LIBS='-L/usr/xorg/lib  '
xorg_cv_cc_flag__Wall=yes
xorg_cv_cc_flag__Wbad_function_cast=yes
xorg_cv_cc_flag__Wdeclaration_after_statement=yes
xorg_cv_cc_flag__Werror=yes
xorg_cv_cc_flag__Werror_address=yes
xorg_cv_cc_flag__Werror_array_bounds=yes
xorg_cv_cc_flag__Werror_attributes=yes
xorg_cv_cc_flag__Werror_implicit=yes
xorg_cv_cc_flag__Werror_init_self=yes
xorg_cv_cc_flag__Werror_int_to_pointer_cast=yes
xorg_cv_cc_flag__Werror_main=yes
xorg_cv_cc_flag__Werror_missing_braces=yes
xorg_cv_cc_flag__Werror_nonnull=yes
xorg_cv_cc_flag__Werror_pointer_to_int_cast=yes
xorg_cv_cc_flag__Werror_return_type=yes
xorg_cv_cc_flag__Werror_sequence_point=yes
xorg_cv_cc_flag__Werror_trigraphs=yes
xorg_cv_cc_flag__Werror_write_strings=yes
xorg_cv_cc_flag__Wformat_2=yes
xorg_cv_cc_flag__Wlogical_op=yes
xorg_cv_cc_flag__Wmissing_declarations=yes
xorg_cv_cc_flag__Wmissing_format_attribute=yes
xorg_cv_cc_flag__Wmissing_noreturn=yes
xorg_cv_cc_flag__Wmissing_prototypes=yes
xorg_cv_cc_flag__Wnested_externs=yes
xorg_cv_cc_flag__Wold_style_definition=yes
xorg_cv_cc_flag__Wpointer_arith=yes
xorg_cv_cc_flag__Wredundant_decls=yes
xorg_cv_cc_flag__Wshadow=yes
xorg_cv_cc_flag__Wstrict_prototypes=yes
xorg_cv_cc_flag__Wuninitialized=yes
xorg_cv_cc_flag__Wunused=yes
xorg_cv_cc_flag__pedantic=yes
xorg_cv_cc_flag_unknown_warning_option=no
xorg_cv_cc_flag_unused_command_line_argument=no

## ----------------- ##
## Output variables. ##
## ----------------- ##

ACLOCAL='aclocal -I/usr/xorg/share/aclocal -I /usr/xorg/share/aclocal'
ADMIN_MAN_DIR='$(mandir)/man$(ADMIN_MAN_SUFFIX)'
ADMIN_MAN_SUFFIX='8'
AMDEPBACKSLASH='\'
AMDEP_FALSE='#'
AMDEP_TRUE=''
AMTAR='$${TAR-tar}'
AM_BACKSLASH='\'
AM_DEFAULT_V='$(AM_DEFAULT_VERBOSITY)'
AM_DEFAULT_VERBOSITY='0'
AM_V='$(V)'
APP_MAN_DIR='$(mandir)/man$(APP_MAN_SUFFIX)'
APP_MAN_SUFFIX='1'
AR='ar'
AUTOCONF='autoconf'
AUTOHEADER='autoheader'
AUTOMAKE='automake-1.13'
AWK='gawk'
BASE_CFLAGS=' -Wall -Wpointer-arith -Wmissing-declarations -Wformat=2 -Wstrict-prototypes -Wmissing-prototypes -Wnested-externs -Wbad-function-cast -Wold-style-definition -Wdeclaration-after-statement -Wunused -Wuninitialized -Wshadow -Wmissing-noreturn -Wmissing-format-attribute -Wredundant-decls -Wlogical-op -Werror=implicit -Werror=nonnull -Werror=init-self -Werror=main -Werror=missing-braces -Werror=sequence-point -Werror=return-type -Werror=trigraphs -Werror=array-bounds -Werror=write-strings -Werror=address -Werror=int-to-pointer-cast -Werror=pointer-to-int-cast'
CC='i486-TSOL-linux-gnu-gcc -std=gnu99'
CCDEPMODE='depmode=gcc3'
CFLAGS='-Os'
CHANGELOG_CMD='(GIT_DIR=$(top_srcdir)/.git git log > $(top_srcdir)/.changelog.tmp && mv $(top_srcdir)/.changelog.tmp $(top_srcdir)/ChangeLog) || (rm -f $(top_srcdir)/.changelog.tmp; touch $(top_srcdir)/ChangeLog; echo '\''git directory not found: installing possibly empty changelog.'\'' >&2)'
CPP='i486-TSOL-linux-gnu-gcc -std=gnu99 -E'
CPPFLAGS=' -Wall'
CWARNFLAGS=' -Wall -Wpointer-arith -Wmissing-declarations -Wformat=2 -Wstrict-prototypes -Wmissing-prototypes -Wnested-externs -Wbad-function-cast -Wold-style-definition -Wdeclaration-after-statement -Wunused -Wuninitialized -Wshadow -Wmissing-noreturn -Wmissing-format-attribute -Wredundant-decls -Wlogical-op -Werror=implicit -Werror=nonnull -Werror=init-self -Werror=main -Werror=missing-braces -Werror=sequence-point -Werror=return-type -Werror=trigraphs -Werror=array-bounds -Werror=write-strings -Werror=address -Werror=int-to-pointer-cast -Werror=pointer-to-int-cast -fno-strict-aliasing'
CYGPATH_W='echo'
DEFS='-DHAVE_CONFIG_H'
DEPDIR='.deps'
DLLTOOL='false'
DRIVER_MAN_DIR='$(mandir)/man$(DRIVER_MAN_SUFFIX)'
DRIVER_MAN_SUFFIX='4'
DRIVER_NAME='ati'
DSYMUTIL=''
DUMPBIN=''
ECHO_C=''
ECHO_N='-n'
ECHO_T=''
EGREP='/usr/bin/grep -E'
EXEEXT=''
FGREP='/usr/bin/grep -F'
FILE_MAN_DIR='$(mandir)/man$(FILE_MAN_SUFFIX)'
FILE_MAN_SUFFIX='5'
GLAMOR_FALSE=''
GLAMOR_TRUE='#'
GREP='/usr/bin/grep'
HAVE_XEXTPROTO_71_FALSE='#'
HAVE_XEXTPROTO_71_TRUE=''
INSTALL_CMD='(cp -f /usr/xorg/share/util-macros/INSTALL $(top_srcdir)/.INSTALL.tmp && mv $(top_srcdir)/.INSTALL.tmp $(top_srcdir)/INSTALL) || (rm -f $(top_srcdir)/.INSTALL.tmp; touch $(top_srcdir)/INSTALL; echo '\''util-macros "pkgdatadir" from xorg-macros.pc not found: installing possibly empty INSTALL.'\'' >&2)'
INSTALL_DATA='${INSTALL} -m 644'
INSTALL_PROGRAM='${INSTALL}'
INSTALL_SCRIPT='${INSTALL}'
INSTALL_STRIP_PROGRAM='$(install_sh) -c -s'
LD='i486-TSOL-linux-gnu-ld'
LDFLAGS='-static-libgcc'
LIBDRM_CFLAGS='-I/usr/xorg/include -I/usr/xorg/include/libdrm  '
LIBDRM_LIBS='-L/usr/xorg/lib -ldrm  '
LIBDRM_RADEON_CFLAGS='-I/usr/xorg/include -I/usr/xorg/include/libdrm  '
LIBDRM_RADEON_LIBS='-L/usr/xorg/lib -ldrm_radeon  '
LIBGLAMOR_CFLAGS=''
LIBGLAMOR_EGL_CFLAGS=''
LIBGLAMOR_EGL_LIBS=''
LIBGLAMOR_LIBS=''
LIBOBJS=''
LIBS=''
LIBTOOL='$(SHELL) $(top_builddir)/libtool'
LIBUDEV_CFLAGS=' '
LIBUDEV_FALSE='#'
LIBUDEV_LIBS='-ludev -lrt  '
LIBUDEV_TRUE=''
LIB_MAN_DIR='$(mandir)/man$(LIB_MAN_SUFFIX)'
LIB_MAN_SUFFIX='3'
LIPO=''
LN_S='ln -s'
LTLIBOBJS=''
MAINT='#'
MAINTAINER_MODE_FALSE=''
MAINTAINER_MODE_TRUE='#'
MAKEINFO='makeinfo'
MANIFEST_TOOL=':'
MAN_SUBSTS='	-e '\''s|__vendorversion__|"$(PACKAGE_STRING)" "$(XORG_MAN_PAGE)"|'\'' 	-e '\''s|__xorgversion__|"$(PACKAGE_STRING)" "$(XORG_MAN_PAGE)"|'\'' 	-e '\''s|__xservername__|Xorg|g'\'' 	-e '\''s|__xconfigfile__|xorg.conf|g'\'' 	-e '\''s|__projectroot__|$(prefix)|g'\'' 	-e '\''s|__apploaddir__|$(appdefaultdir)|g'\'' 	-e '\''s|__appmansuffix__|$(APP_MAN_SUFFIX)|g'\'' 	-e '\''s|__drivermansuffix__|$(DRIVER_MAN_SUFFIX)|g'\'' 	-e '\''s|__adminmansuffix__|$(ADMIN_MAN_SUFFIX)|g'\'' 	-e '\''s|__libmansuffix__|$(LIB_MAN_SUFFIX)|g'\'' 	-e '\''s|__miscmansuffix__|$(MISC_MAN_SUFFIX)|g'\'' 	-e '\''s|__filemansuffix__|$(FILE_MAN_SUFFIX)|g'\'''
MISC_MAN_DIR='$(mandir)/man$(MISC_MAN_SUFFIX)'
MISC_MAN_SUFFIX='7'
MKDIR_P='/bin/mkdir -p'
NM='/toolchain/i486-TSOL-linux-gnu/bin//nm -B'
NMEDIT=''
OBJDUMP='objdump'
OBJEXT='o'
OTOOL64=''
OTOOL=''
PACKAGE='xf86-video-ati'
PACKAGE_BUGREPORT='https://bugs.freedesktop.org/enter_bug.cgi?product=xorg'
PACKAGE_NAME='xf86-video-ati'
PACKAGE_STRING='xf86-video-ati 7.5.0'
PACKAGE_TARNAME='xf86-video-ati'
PACKAGE_URL=''
PACKAGE_VERSION='7.5.0'
PATH_SEPARATOR=':'
PCIACCESS_CFLAGS='-I/usr/xorg/include  '
PCIACCESS_LIBS='-L/usr/xorg/lib -lpciaccess  '
PKG_CONFIG='/usr/bin/pkg-config'
PKG_CONFIG_LIBDIR=''
PKG_CONFIG_PATH='/usr/xorg/share/pkgconfig:/usr/xorg/lib/pkgconfig:/usr/xorg/lib/pkgconfig:/usr/xorg/share/pkgconfig:/usr/xorg/lib/pkgconfig:/usr/xorg/share/pkgconfig:'
RANLIB='ranlib'
SED='/usr/bin/sed'
SET_MAKE=''
SHELL='/bin/sh'
STRICT_CFLAGS=' -pedantic -Werror -Werror=attributes'
STRIP='strip'
VERSION='7.5.0'
XEXT_CFLAGS='-I/usr/xorg/include  '
XEXT_LIBS=' '
XORG_CFLAGS='-fvisibility=hidden -I/usr/xorg/include/xorg -I/usr/xorg/include -I/usr/xorg/include/pixman-1 -I/usr/xorg/include/X11/dri -I/usr/xorg/include/libdrm   -I/usr/xorg/include  '
XORG_LIBS='-L/usr/xorg/lib  '
XORG_MAN_PAGE='X Version 11'
ac_ct_AR='ar'
ac_ct_CC='i486-TSOL-linux-gnu-gcc'
ac_ct_DUMPBIN=''
am__EXEEXT_FALSE=''
am__EXEEXT_TRUE='#'
am__fastdepCC_FALSE='#'
am__fastdepCC_TRUE=''
am__include='include'
am__isrc=''
am__leading_dot='.'
am__nodep='_no'
am__quote=''
am__tar='$${TAR-tar} chof - "$$tardir"'
am__untar='$${TAR-tar} xf -'
bindir='${exec_prefix}/bin'
build='i686-pc-linux-gnu'
build_alias=''
build_cpu='i686'
build_os='linux-gnu'
build_vendor='pc'
datadir='${datarootdir}'
datarootdir='${prefix}/share'
docdir='${datarootdir}/doc/${PACKAGE_TARNAME}'
dvidir='${docdir}'
exec_prefix='${prefix}'
host='i686-pc-linux-gnu'
host_alias=''
host_cpu='i686'
host_os='linux-gnu'
host_vendor='pc'
htmldir='${docdir}'
includedir='${prefix}/include'
infodir='${datarootdir}/info'
install_sh='${SHELL} /source/xorg-ponix4/driver/xf86-video-ati-7.5.0/install-sh'
libdir='${exec_prefix}/lib'
libexecdir='${exec_prefix}/libexec'
localedir='${datarootdir}/locale'
localstatedir='${prefix}/var'
mandir='${datarootdir}/man'
mkdir_p='$(MKDIR_P)'
moduledir='${exec_prefix}/lib/xorg/modules'
oldincludedir='/usr/include'
pdfdir='${docdir}'
prefix='/usr/xorg'
program_transform_name='s,x,x,'
psdir='${docdir}'
sbindir='${exec_prefix}/sbin'
sharedstatedir='${prefix}/com'
sysconfdir='${prefix}/etc'
target_alias=''

## ----------- ##
## confdefs.h. ##
## ----------- ##

/* confdefs.h */
#define PACKAGE_NAME "xf86-video-ati"
#define PACKAGE_TARNAME "xf86-video-ati"
#define PACKAGE_VERSION "7.5.0"
#define PACKAGE_STRING "xf86-video-ati 7.5.0"
#define PACKAGE_BUGREPORT "https://bugs.freedesktop.org/enter_bug.cgi?product=xorg"
#define PACKAGE_URL ""
#define PACKAGE "xf86-video-ati"
#define VERSION "7.5.0"
#define _FILE_OFFSET_BITS 64
#define STDC_HEADERS 1
#define HAVE_SYS_TYPES_H 1
#define HAVE_SYS_STAT_H 1
#define HAVE_STDLIB_H 1
#define HAVE_STRING_H 1
#define HAVE_MEMORY_H 1
#define HAVE_STRINGS_H 1
#define HAVE_INTTYPES_H 1
#define HAVE_STDINT_H 1
#define HAVE_UNISTD_H 1
#define PACKAGE_VERSION_MAJOR 7
#define PACKAGE_VERSION_MINOR 5
#define PACKAGE_VERSION_PATCHLEVEL 0
#define HAVE_DLFCN_H 1
#define LT_OBJDIR ".libs/"
#define HAVE_XEXTPROTO_71 1
#define HAVE_LIBUDEV 1
#define HAVE_LIST_H 1
#define HAVE_XORG_LIST 1
#define HAVE_BYTESWAP_H 1

configure: exit 0
