This file contains any messages produced by compilers while
running configure, to aid debugging if configure makes a mistake.

It was created by xf86-video-openchrome configure 0.3.3, which was
generated by GNU Autoconf 2.69.  Invocation command line was

  $ ./configure --prefix=/usr/xorg CC=i486-TSOL-linux-gnu-gcc CFLAGS=-Os LDFLAGS=-static-libgcc

## --------- ##
## Platform. ##
## --------- ##

hostname = ubuntu4
uname -m = i686
uname -r = 3.2.16-030216-generic
uname -s = Linux
uname -v = #201204221935 SMP Sun Apr 22 23:42:49 UTC 2012

/usr/bin/uname -p = unknown
/bin/uname -X     = unknown

/bin/arch              = unknown
/usr/bin/arch -k       = unknown
/usr/convex/getsysinfo = unknown
/usr/bin/hostinfo      = unknown
/bin/machine           = unknown
/usr/bin/oslevel       = unknown
/bin/universe          = unknown

PATH: /usr/xorg/bin
PATH: /source/docbook-xsl-1.76.1/tools/bin
PATH: /bin
PATH: /sbin
PATH: /usr/bin
PATH: /usr/sbin
PATH: /usr/bin/X11
PATH: /usr/local/bin
PATH: /toolchain/bin
PATH: /toolchain/i486-TSOL-linux-gnu/bin/
PATH: /root/.local/bin
PATH: /usr/xorg/bin
PATH: /usr/xorg/bin


## ----------- ##
## Core tests. ##
## ----------- ##

configure:2396: checking for a BSD-compatible install
configure:2464: result: /bin/install -c
configure:2475: checking whether build environment is sane
configure:2530: result: yes
configure:2681: checking for a thread-safe mkdir -p
configure:2720: result: /bin/mkdir -p
configure:2727: checking for gawk
configure:2743: found /usr/bin/gawk
configure:2754: result: gawk
configure:2765: checking whether make sets $(MAKE)
configure:2787: result: yes
configure:2874: checking whether to enable maintainer-specific portions of Makefiles
configure:2883: result: no
configure:2958: checking build system type
configure:2972: result: i686-pc-linux-gnu
configure:2992: checking host system type
configure:3005: result: i686-pc-linux-gnu
configure:3046: checking how to print strings
configure:3073: result: printf
configure:3106: checking for style of include used by make
configure:3134: result: GNU
configure:3205: checking for gcc
configure:3232: result: i486-TSOL-linux-gnu-gcc
configure:3461: checking for C compiler version
configure:3470: i486-TSOL-linux-gnu-gcc --version >&5
i486-TSOL-linux-gnu-gcc (crosstool-NG 1.15.2) 4.6.3
Copyright (C) 2011 Free Software Foundation, Inc.
This is free software; see the source for copying conditions.  There is NO
warranty; not even for MERCHANTABILITY or FITNESS FOR A PARTICULAR PURPOSE.

configure:3481: $? = 0
configure:3470: i486-TSOL-linux-gnu-gcc -v >&5
Using built-in specs.
COLLECT_GCC=i486-TSOL-linux-gnu-gcc
COLLECT_LTO_WRAPPER=/toolchain/libexec/gcc/i486-TSOL-linux-gnu/4.6.3/lto-wrapper
Target: i486-TSOL-linux-gnu
Configured with: /TSOL/crosstool-ng-1.15.2/bin/.build/src/gcc-4.6.3/configure --build=i686-build_pc-linux-gnu --host=i686-build_pc-linux-gnu --target=i486-TSOL-linux-gnu --prefix=/toolchain --with-sysroot=/toolchain/i486-TSOL-linux-gnu/sysroot --enable-languages=c,c++ --with-arch=i486 --with-pkgversion='crosstool-NG 1.15.2' --enable-__cxa_atexit --disable-libmudflap --disable-libgomp --disable-libssp --with-gmp=/TSOL/crosstool-ng-1.15.2/bin/.build/i486-TSOL-linux-gnu/buildtools --with-mpfr=/TSOL/crosstool-ng-1.15.2/bin/.build/i486-TSOL-linux-gnu/buildtools --with-mpc=/TSOL/crosstool-ng-1.15.2/bin/.build/i486-TSOL-linux-gnu/buildtools --with-ppl=/TSOL/crosstool-ng-1.15.2/bin/.build/i486-TSOL-linux-gnu/buildtools --with-cloog=/TSOL/crosstool-ng-1.15.2/bin/.build/i486-TSOL-linux-gnu/buildtools --with-libelf=no --with-host-libstdcxx='-static-libgcc -Wl,-Bstatic,-lstdc++,-Bdynamic -lm -L/TSOL/crosstool-ng-1.15.2/bin/.build/i486-TSOL-linux-gnu/buildtools/lib -lpwl' --enable-threads=posix --enable-target-optspace --disable-multilib --with-local-prefix=/toolchain/i486-TSOL-linux-gnu/sysroot --enable-c99 --enable-long-long
Thread model: posix
gcc version 4.6.3 (crosstool-NG 1.15.2) 
configure:3481: $? = 0
configure:3470: i486-TSOL-linux-gnu-gcc -V >&5
i486-TSOL-linux-gnu-gcc: error: unrecognized option '-V'
i486-TSOL-linux-gnu-gcc: fatal error: no input files
compilation terminated.
configure:3481: $? = 1
configure:3470: i486-TSOL-linux-gnu-gcc -qversion >&5
i486-TSOL-linux-gnu-gcc: error: unrecognized option '-qversion'
i486-TSOL-linux-gnu-gcc: fatal error: no input files
compilation terminated.
configure:3481: $? = 1
configure:3501: checking whether the C compiler works
configure:3523: i486-TSOL-linux-gnu-gcc -Os  -static-libgcc conftest.c  >&5
configure:3527: $? = 0
configure:3575: result: yes
configure:3578: checking for C compiler default output file name
configure:3580: result: a.out
configure:3586: checking for suffix of executables
configure:3593: i486-TSOL-linux-gnu-gcc -o conftest -Os  -static-libgcc conftest.c  >&5
configure:3597: $? = 0
configure:3619: result: 
configure:3641: checking whether we are cross compiling
configure:3649: i486-TSOL-linux-gnu-gcc -o conftest -Os  -static-libgcc conftest.c  >&5
configure:3653: $? = 0
configure:3660: ./conftest
configure:3664: $? = 0
configure:3679: result: no
configure:3684: checking for suffix of object files
configure:3706: i486-TSOL-linux-gnu-gcc -c -Os  conftest.c >&5
configure:3710: $? = 0
configure:3731: result: o
configure:3735: checking whether we are using the GNU C compiler
configure:3754: i486-TSOL-linux-gnu-gcc -c -Os  conftest.c >&5
configure:3754: $? = 0
configure:3763: result: yes
configure:3772: checking whether i486-TSOL-linux-gnu-gcc accepts -g
configure:3792: i486-TSOL-linux-gnu-gcc -c -g  conftest.c >&5
configure:3792: $? = 0
configure:3833: result: yes
configure:3850: checking for i486-TSOL-linux-gnu-gcc option to accept ISO C89
configure:3913: i486-TSOL-linux-gnu-gcc  -c -Os  conftest.c >&5
configure:3913: $? = 0
configure:3926: result: none needed
configure:3948: checking dependency style of i486-TSOL-linux-gnu-gcc
configure:4059: result: gcc3
configure:4074: checking for a sed that does not truncate output
configure:4138: result: /usr/bin/sed
configure:4156: checking for grep that handles long lines and -e
configure:4214: result: /usr/bin/grep
configure:4219: checking for egrep
configure:4281: result: /usr/bin/grep -E
configure:4286: checking for fgrep
configure:4348: result: /usr/bin/grep -F
configure:4383: checking for ld used by i486-TSOL-linux-gnu-gcc
configure:4450: result: i486-TSOL-linux-gnu-ld
configure:4457: checking if the linker (i486-TSOL-linux-gnu-ld) is GNU ld
configure:4472: result: yes
configure:4484: checking for BSD- or MS-compatible name lister (nm)
configure:4533: result: /toolchain/i486-TSOL-linux-gnu/bin//nm -B
configure:4663: checking the name lister (/toolchain/i486-TSOL-linux-gnu/bin//nm -B) interface
configure:4670: i486-TSOL-linux-gnu-gcc -c -Os  conftest.c >&5
configure:4673: /toolchain/i486-TSOL-linux-gnu/bin//nm -B "conftest.o"
configure:4676: output
00000000 B some_variable
configure:4683: result: BSD nm
configure:4686: checking whether ln -s works
configure:4690: result: yes
configure:4698: checking the maximum length of command line arguments
configure:4828: result: 1572864
configure:4845: checking whether the shell understands some XSI constructs
configure:4855: result: yes
configure:4859: checking whether the shell understands "+="
configure:4865: result: yes
configure:4900: checking how to convert i686-pc-linux-gnu file names to i686-pc-linux-gnu format
configure:4940: result: func_convert_file_noop
configure:4947: checking how to convert i686-pc-linux-gnu file names to toolchain format
configure:4967: result: func_convert_file_noop
configure:4974: checking for i486-TSOL-linux-gnu-ld option to reload object files
configure:4981: result: -r
configure:5055: checking for objdump
configure:5071: found /toolchain/i486-TSOL-linux-gnu/bin//objdump
configure:5082: result: objdump
configure:5114: checking how to recognize dependent libraries
configure:5316: result: pass_all
configure:5401: checking for dlltool
configure:5431: result: no
configure:5461: checking how to associate runtime and link libraries
configure:5488: result: printf %s\n
configure:5549: checking for ar
configure:5565: found /toolchain/i486-TSOL-linux-gnu/bin//ar
configure:5576: result: ar
configure:5613: checking for archiver @FILE support
configure:5630: i486-TSOL-linux-gnu-gcc -c -Os  conftest.c >&5
configure:5630: $? = 0
configure:5633: ar cru libconftest.a @conftest.lst >&5
configure:5636: $? = 0
configure:5641: ar cru libconftest.a @conftest.lst >&5
ar: conftest.o: No such file or directory
configure:5644: $? = 1
configure:5656: result: @
configure:5714: checking for strip
configure:5730: found /toolchain/i486-TSOL-linux-gnu/bin//strip
configure:5741: result: strip
configure:5813: checking for ranlib
configure:5829: found /toolchain/i486-TSOL-linux-gnu/bin//ranlib
configure:5840: result: ranlib
configure:5942: checking command to parse /toolchain/i486-TSOL-linux-gnu/bin//nm -B output from i486-TSOL-linux-gnu-gcc object
configure:6062: i486-TSOL-linux-gnu-gcc -c -Os  conftest.c >&5
configure:6065: $? = 0
configure:6069: /toolchain/i486-TSOL-linux-gnu/bin//nm -B conftest.o \| sed -n -e 's/^.*[ ]\([ABCDGIRSTW][ABCDGIRSTW]*\)[ ][ ]*\([_A-Za-z][_A-Za-z0-9]*\)$/\1 \2 \2/p' | sed '/ __gnu_lto/d' \> conftest.nm
configure:6072: $? = 0
configure:6138: i486-TSOL-linux-gnu-gcc -o conftest -Os  -static-libgcc conftest.c conftstm.o >&5
configure:6141: $? = 0
configure:6179: result: ok
configure:6216: checking for sysroot
configure:6246: result: no
configure:6502: checking for mt
configure:6532: result: no
configure:6552: checking if : is a manifest tool
configure:6558: : '-?'
configure:6566: result: no
configure:7208: checking how to run the C preprocessor
configure:7239: i486-TSOL-linux-gnu-gcc -E  conftest.c
configure:7239: $? = 0
configure:7253: i486-TSOL-linux-gnu-gcc -E  conftest.c
conftest.c:14:28: fatal error: ac_nonexistent.h: No such file or directory
compilation terminated.
configure:7253: $? = 1
configure: failed program was:
| /* confdefs.h */
| #define PACKAGE_NAME "xf86-video-openchrome"
| #define PACKAGE_TARNAME "xf86-video-openchrome"
| #define PACKAGE_VERSION "0.3.3"
| #define PACKAGE_STRING "xf86-video-openchrome 0.3.3"
| #define PACKAGE_BUGREPORT "https://bugs.freedesktop.org/enter_bug.cgi?product=xorg&component=Driver/openchrome"
| #define PACKAGE_URL ""
| #define VIA_MAJOR_VERSION 0
| #define VIA_MINOR_VERSION 3
| #define VIA_PATCHLEVEL 3
| #define PACKAGE "xf86-video-openchrome"
| #define VERSION "0.3.3"
| /* end confdefs.h.  */
| #include <ac_nonexistent.h>
configure:7278: result: i486-TSOL-linux-gnu-gcc -E
configure:7298: i486-TSOL-linux-gnu-gcc -E  conftest.c
configure:7298: $? = 0
configure:7312: i486-TSOL-linux-gnu-gcc -E  conftest.c
conftest.c:14:28: fatal error: ac_nonexistent.h: No such file or directory
compilation terminated.
configure:7312: $? = 1
configure: failed program was:
| /* confdefs.h */
| #define PACKAGE_NAME "xf86-video-openchrome"
| #define PACKAGE_TARNAME "xf86-video-openchrome"
| #define PACKAGE_VERSION "0.3.3"
| #define PACKAGE_STRING "xf86-video-openchrome 0.3.3"
| #define PACKAGE_BUGREPORT "https://bugs.freedesktop.org/enter_bug.cgi?product=xorg&component=Driver/openchrome"
| #define PACKAGE_URL ""
| #define VIA_MAJOR_VERSION 0
| #define VIA_MINOR_VERSION 3
| #define VIA_PATCHLEVEL 3
| #define PACKAGE "xf86-video-openchrome"
| #define VERSION "0.3.3"
| /* end confdefs.h.  */
| #include <ac_nonexistent.h>
configure:7341: checking for ANSI C header files
configure:7361: i486-TSOL-linux-gnu-gcc -c -Os  conftest.c >&5
configure:7361: $? = 0
configure:7434: i486-TSOL-linux-gnu-gcc -o conftest -Os  -static-libgcc conftest.c  >&5
configure:7434: $? = 0
configure:7434: ./conftest
configure:7434: $? = 0
configure:7445: result: yes
configure:7458: checking for sys/types.h
configure:7458: i486-TSOL-linux-gnu-gcc -c -Os  conftest.c >&5
configure:7458: $? = 0
configure:7458: result: yes
configure:7458: checking for sys/stat.h
configure:7458: i486-TSOL-linux-gnu-gcc -c -Os  conftest.c >&5
configure:7458: $? = 0
configure:7458: result: yes
configure:7458: checking for stdlib.h
configure:7458: i486-TSOL-linux-gnu-gcc -c -Os  conftest.c >&5
configure:7458: $? = 0
configure:7458: result: yes
configure:7458: checking for string.h
configure:7458: i486-TSOL-linux-gnu-gcc -c -Os  conftest.c >&5
configure:7458: $? = 0
configure:7458: result: yes
configure:7458: checking for memory.h
configure:7458: i486-TSOL-linux-gnu-gcc -c -Os  conftest.c >&5
configure:7458: $? = 0
configure:7458: result: yes
configure:7458: checking for strings.h
configure:7458: i486-TSOL-linux-gnu-gcc -c -Os  conftest.c >&5
configure:7458: $? = 0
configure:7458: result: yes
configure:7458: checking for inttypes.h
configure:7458: i486-TSOL-linux-gnu-gcc -c -Os  conftest.c >&5
configure:7458: $? = 0
configure:7458: result: yes
configure:7458: checking for stdint.h
configure:7458: i486-TSOL-linux-gnu-gcc -c -Os  conftest.c >&5
configure:7458: $? = 0
configure:7458: result: yes
configure:7458: checking for unistd.h
configure:7458: i486-TSOL-linux-gnu-gcc -c -Os  conftest.c >&5
configure:7458: $? = 0
configure:7458: result: yes
configure:7472: checking for dlfcn.h
configure:7472: i486-TSOL-linux-gnu-gcc -c -Os  conftest.c >&5
configure:7472: $? = 0
configure:7472: result: yes
configure:7648: checking for objdir
configure:7663: result: .libs
configure:7930: checking if i486-TSOL-linux-gnu-gcc supports -fno-rtti -fno-exceptions
configure:7948: i486-TSOL-linux-gnu-gcc -c -Os  -fno-rtti -fno-exceptions conftest.c >&5
cc1: warning: command line option '-fno-rtti' is valid for C++/ObjC++ but not for C [enabled by default]
configure:7952: $? = 0
configure:7965: result: no
configure:8292: checking for i486-TSOL-linux-gnu-gcc option to produce PIC
configure:8299: result: -fPIC -DPIC
configure:8307: checking if i486-TSOL-linux-gnu-gcc PIC flag -fPIC -DPIC works
configure:8325: i486-TSOL-linux-gnu-gcc -c -Os  -fPIC -DPIC -DPIC conftest.c >&5
configure:8329: $? = 0
configure:8342: result: yes
configure:8371: checking if i486-TSOL-linux-gnu-gcc static flag -static works
configure:8399: result: yes
configure:8414: checking if i486-TSOL-linux-gnu-gcc supports -c -o file.o
configure:8435: i486-TSOL-linux-gnu-gcc -c -Os  -o out/conftest2.o conftest.c >&5
configure:8439: $? = 0
configure:8461: result: yes
configure:8469: checking if i486-TSOL-linux-gnu-gcc supports -c -o file.o
configure:8516: result: yes
configure:8549: checking whether the i486-TSOL-linux-gnu-gcc linker (i486-TSOL-linux-gnu-ld) supports shared libraries
configure:9702: result: yes
configure:9739: checking whether -lc should be explicitly linked in
configure:9747: i486-TSOL-linux-gnu-gcc -c -Os  conftest.c >&5
configure:9750: $? = 0
configure:9765: i486-TSOL-linux-gnu-gcc -shared  -fPIC -DPIC conftest.o  -v -Wl,-soname -Wl,conftest -o conftest 2\>\&1 \| /usr/bin/grep  -lc  \>/dev/null 2\>\&1
configure:9768: $? = 0
configure:9782: result: no
configure:9942: checking dynamic linker characteristics
configure:10453: i486-TSOL-linux-gnu-gcc -o conftest -Os  -static-libgcc -Wl,-rpath -Wl,/foo conftest.c  >&5
configure:10453: $? = 0
configure:10679: result: GNU/Linux ld.so
configure:10786: checking how to hardcode library paths into programs
configure:10811: result: immediate
configure:11351: checking whether stripping libraries is possible
configure:11356: result: yes
configure:11391: checking if libtool supports shared libraries
configure:11393: result: yes
configure:11396: checking whether to build shared libraries
configure:11417: result: yes
configure:11420: checking whether to build static libraries
configure:11424: result: no
configure:11468: checking for special C compiler options needed for large files
configure:11513: result: no
configure:11519: checking for _FILE_OFFSET_BITS value needed for large files
configure:11544: i486-TSOL-linux-gnu-gcc -c -Os  conftest.c >&5
conftest.c:32:3: warning: left shift count >= width of type [enabled by default]
conftest.c:32:3: warning: left shift count >= width of type [enabled by default]
conftest.c:33:10: warning: left shift count >= width of type [enabled by default]
conftest.c:33:10: warning: left shift count >= width of type [enabled by default]
conftest.c:32:7: error: size of array 'off_t_is_large' is negative
conftest.c:34:9: warning: variably modified 'off_t_is_large' at file scope [enabled by default]
configure:11544: $? = 1
configure: failed program was:
| /* confdefs.h */
| #define PACKAGE_NAME "xf86-video-openchrome"
| #define PACKAGE_TARNAME "xf86-video-openchrome"
| #define PACKAGE_VERSION "0.3.3"
| #define PACKAGE_STRING "xf86-video-openchrome 0.3.3"
| #define PACKAGE_BUGREPORT "https://bugs.freedesktop.org/enter_bug.cgi?product=xorg&component=Driver/openchrome"
| #define PACKAGE_URL ""
| #define VIA_MAJOR_VERSION 0
| #define VIA_MINOR_VERSION 3
| #define VIA_PATCHLEVEL 3
| #define PACKAGE "xf86-video-openchrome"
| #define VERSION "0.3.3"
| #define STDC_HEADERS 1
| #define HAVE_SYS_TYPES_H 1
| #define HAVE_SYS_STAT_H 1
| #define HAVE_STDLIB_H 1
| #define HAVE_STRING_H 1
| #define HAVE_MEMORY_H 1
| #define HAVE_STRINGS_H 1
| #define HAVE_INTTYPES_H 1
| #define HAVE_STDINT_H 1
| #define HAVE_UNISTD_H 1
| #define HAVE_DLFCN_H 1
| #define LT_OBJDIR ".libs/"
| /* end confdefs.h.  */
| #include <sys/types.h>
|  /* Check that off_t can represent 2**63 - 1 correctly.
|     We can't simply define LARGE_OFF_T to be 9223372036854775807,
|     since some C++ compilers masquerading as C compilers
|     incorrectly reject 9223372036854775807.  */
| #define LARGE_OFF_T (((off_t) 1 << 62) - 1 + ((off_t) 1 << 62))
|   int off_t_is_large[(LARGE_OFF_T % 2147483629 == 721
| 		       && LARGE_OFF_T % 2147483647 == 1)
| 		      ? 1 : -1];
| int
| main ()
| {
| 
|   ;
|   return 0;
| }
configure:11568: i486-TSOL-linux-gnu-gcc -c -Os  conftest.c >&5
configure:11568: $? = 0
configure:11576: result: 64
configure:11717: i486-TSOL-linux-gnu-gcc -c -Os -I/usr/xorg/include/xorg  conftest.c >&5
configure:11717: $? = 0
configure:11724: checking if RANDR is defined
configure:11726: result: yes
configure:11751: i486-TSOL-linux-gnu-gcc -c -Os -I/usr/xorg/include/xorg  conftest.c >&5
configure:11751: $? = 0
configure:11758: checking if RENDER is defined
configure:11760: result: yes
configure:11785: i486-TSOL-linux-gnu-gcc -c -Os -I/usr/xorg/include/xorg  conftest.c >&5
configure:11785: $? = 0
configure:11792: checking if XV is defined
configure:11794: result: yes
configure:11819: i486-TSOL-linux-gnu-gcc -c -Os -I/usr/xorg/include/xorg  conftest.c >&5
configure:11819: $? = 0
configure:11826: checking if XF86DRI is defined
configure:11828: result: yes
configure:11853: i486-TSOL-linux-gnu-gcc -c -Os -I/usr/xorg/include/xorg  conftest.c >&5
configure:11853: $? = 0
configure:11860: checking if DPMSExtension is defined
configure:11862: result: yes
configure:11924: checking for pkg-config
configure:11942: found /usr/bin/pkg-config
configure:11954: result: /usr/bin/pkg-config
configure:11979: checking pkg-config is at least version 0.9.0
configure:11982: result: yes
configure:11992: checking for XORG
configure:11999: $PKG_CONFIG --exists --print-errors "xorg-server xproto fontsproto libdrm glproto $REQUIRED_MODULES"
configure:12002: $? = 0
configure:12016: $PKG_CONFIG --exists --print-errors "xorg-server xproto fontsproto libdrm glproto $REQUIRED_MODULES"
configure:12019: $? = 0
configure:12077: result: yes
configure:12083: checking for XEXT
configure:12090: $PKG_CONFIG --exists --print-errors "xextproto >= 7.0.99.1"
configure:12093: $? = 0
configure:12107: $PKG_CONFIG --exists --print-errors "xextproto >= 7.0.99.1"
configure:12110: $? = 0
configure:12148: result: yes
configure:12166: checking for ANSI C header files
configure:12270: result: yes
configure:12281: checking for xf86Modes.h
configure:12281: i486-TSOL-linux-gnu-gcc -c -Os -fvisibility=hidden -I/usr/xorg/include/xorg -I/usr/xorg/include -I/usr/xorg/include/pixman-1 -I/usr/xorg/include/X11/dri -I/usr/xorg/include/libdrm    conftest.c >&5
configure:12281: $? = 0
configure:12281: result: yes
configure:12292: checking for PCIACCESS
configure:12299: $PKG_CONFIG --exists --print-errors "pciaccess >= 0.11.0"
configure:12302: $? = 0
configure:12316: $PKG_CONFIG --exists --print-errors "pciaccess >= 0.11.0"
configure:12319: $? = 0
configure:12357: result: yes
configure:12368: checking for DRI
configure:12375: $PKG_CONFIG --exists --print-errors "libdrm >= 2.4.4 xf86driproto"
configure:12378: $? = 0
configure:12392: $PKG_CONFIG --exists --print-errors "libdrm >= 2.4.4 xf86driproto"
configure:12395: $? = 0
configure:12433: result: yes
configure:12439: checking whether to build KMS support
configure:12441: result: yes
configure:12457: checking for damage.h
configure:12457: i486-TSOL-linux-gnu-gcc -E -fvisibility=hidden -I/usr/xorg/include/xorg -I/usr/xorg/include -I/usr/xorg/include/pixman-1 -I/usr/xorg/include/X11/dri -I/usr/xorg/include/libdrm    conftest.c
configure:12457: $? = 0
configure:12457: result: yes
configure:12473: checking for LIBUDEV
configure:12480: $PKG_CONFIG --exists --print-errors "libudev"
configure:12483: $? = 0
configure:12497: $PKG_CONFIG --exists --print-errors "libudev"
configure:12500: $? = 0
configure:12538: result: yes
configure:12564: checking pthread.h usability
configure:12564: i486-TSOL-linux-gnu-gcc -c -Os -fvisibility=hidden -I/usr/xorg/include/xorg -I/usr/xorg/include -I/usr/xorg/include/pixman-1 -I/usr/xorg/include/X11/dri -I/usr/xorg/include/libdrm    conftest.c >&5
configure:12564: $? = 0
configure:12564: result: yes
configure:12564: checking pthread.h presence
configure:12564: i486-TSOL-linux-gnu-gcc -E -fvisibility=hidden -I/usr/xorg/include/xorg -I/usr/xorg/include -I/usr/xorg/include/pixman-1 -I/usr/xorg/include/X11/dri -I/usr/xorg/include/libdrm    conftest.c
configure:12564: $? = 0
configure:12564: result: yes
configure:12564: checking for pthread.h
configure:12564: result: yes
configure:12564: checking sys/ioctl.h usability
configure:12564: i486-TSOL-linux-gnu-gcc -c -Os -fvisibility=hidden -I/usr/xorg/include/xorg -I/usr/xorg/include -I/usr/xorg/include/pixman-1 -I/usr/xorg/include/X11/dri -I/usr/xorg/include/libdrm    conftest.c >&5
configure:12564: $? = 0
configure:12564: result: yes
configure:12564: checking sys/ioctl.h presence
configure:12564: i486-TSOL-linux-gnu-gcc -E -fvisibility=hidden -I/usr/xorg/include/xorg -I/usr/xorg/include -I/usr/xorg/include/pixman-1 -I/usr/xorg/include/X11/dri -I/usr/xorg/include/libdrm    conftest.c
configure:12564: $? = 0
configure:12564: result: yes
configure:12564: checking for sys/ioctl.h
configure:12564: result: yes
configure:12564: checking sys/time.h usability
configure:12564: i486-TSOL-linux-gnu-gcc -c -Os -fvisibility=hidden -I/usr/xorg/include/xorg -I/usr/xorg/include -I/usr/xorg/include/pixman-1 -I/usr/xorg/include/X11/dri -I/usr/xorg/include/libdrm    conftest.c >&5
configure:12564: $? = 0
configure:12564: result: yes
configure:12564: checking sys/time.h presence
configure:12564: i486-TSOL-linux-gnu-gcc -E -fvisibility=hidden -I/usr/xorg/include/xorg -I/usr/xorg/include -I/usr/xorg/include/pixman-1 -I/usr/xorg/include/X11/dri -I/usr/xorg/include/libdrm    conftest.c
configure:12564: $? = 0
configure:12564: result: yes
configure:12564: checking for sys/time.h
configure:12564: result: yes
configure:12564: checking time.h usability
configure:12564: i486-TSOL-linux-gnu-gcc -c -Os -fvisibility=hidden -I/usr/xorg/include/xorg -I/usr/xorg/include -I/usr/xorg/include/pixman-1 -I/usr/xorg/include/X11/dri -I/usr/xorg/include/libdrm    conftest.c >&5
configure:12564: $? = 0
configure:12564: result: yes
configure:12564: checking time.h presence
configure:12564: i486-TSOL-linux-gnu-gcc -E -fvisibility=hidden -I/usr/xorg/include/xorg -I/usr/xorg/include -I/usr/xorg/include/pixman-1 -I/usr/xorg/include/X11/dri -I/usr/xorg/include/libdrm    conftest.c
configure:12564: $? = 0
configure:12564: result: yes
configure:12564: checking for time.h
configure:12564: result: yes
configure:12578: checking for XVMC
configure:12585: $PKG_CONFIG --exists --print-errors "x11 xext xvmc"
configure:12588: $? = 0
configure:12602: $PKG_CONFIG --exists --print-errors "x11 xext xvmc"
configure:12605: $? = 0
configure:12663: result: yes
configure:12669: checking whether to build XvMC driver support
configure:12671: result: yes
configure:12966: checking that generated files are newer than configure
configure:12972: result: done
configure:13023: creating ./config.status

## ---------------------- ##
## Running config.status. ##
## ---------------------- ##

This file was extended by xf86-video-openchrome config.status 0.3.3, which was
generated by GNU Autoconf 2.69.  Invocation command line was

  CONFIG_FILES    = 
  CONFIG_HEADERS  = 
  CONFIG_LINKS    = 
  CONFIG_COMMANDS = 
  $ ./config.status 

on ubuntu4

config.status:1148: creating Makefile
config.status:1148: creating src/xvmc/Makefile
config.status:1148: creating src/Makefile
config.status:1148: creating man/Makefile
config.status:1148: creating tools/Makefile
config.status:1148: creating config.h
config.status:1377: executing depfiles commands
config.status:1377: executing libtool commands

## ---------------- ##
## Cache variables. ##
## ---------------- ##

ac_cv_build=i686-pc-linux-gnu
ac_cv_c_compiler_gnu=yes
ac_cv_env_CC_set=set
ac_cv_env_CC_value=i486-TSOL-linux-gnu-gcc
ac_cv_env_CFLAGS_set=set
ac_cv_env_CFLAGS_value=-Os
ac_cv_env_CPPFLAGS_set=
ac_cv_env_CPPFLAGS_value=
ac_cv_env_CPP_set=
ac_cv_env_CPP_value=
ac_cv_env_DRI_CFLAGS_set=
ac_cv_env_DRI_CFLAGS_value=
ac_cv_env_DRI_LIBS_set=
ac_cv_env_DRI_LIBS_value=
ac_cv_env_LDFLAGS_set=set
ac_cv_env_LDFLAGS_value=-static-libgcc
ac_cv_env_LIBS_set=
ac_cv_env_LIBS_value=
ac_cv_env_LIBUDEV_CFLAGS_set=
ac_cv_env_LIBUDEV_CFLAGS_value=
ac_cv_env_LIBUDEV_LIBS_set=
ac_cv_env_LIBUDEV_LIBS_value=
ac_cv_env_PCIACCESS_CFLAGS_set=
ac_cv_env_PCIACCESS_CFLAGS_value=
ac_cv_env_PCIACCESS_LIBS_set=
ac_cv_env_PCIACCESS_LIBS_value=
ac_cv_env_PKG_CONFIG_LIBDIR_set=
ac_cv_env_PKG_CONFIG_LIBDIR_value=
ac_cv_env_PKG_CONFIG_PATH_set=set
ac_cv_env_PKG_CONFIG_PATH_value=/usr/xorg/share/pkgconfig:/usr/xorg/lib/pkgconfig:/usr/xorg/lib/pkgconfig:/usr/xorg/share/pkgconfig:/usr/xorg/lib/pkgconfig:/usr/xorg/share/pkgconfig:
ac_cv_env_PKG_CONFIG_set=
ac_cv_env_PKG_CONFIG_value=
ac_cv_env_XEXT_CFLAGS_set=
ac_cv_env_XEXT_CFLAGS_value=
ac_cv_env_XEXT_LIBS_set=
ac_cv_env_XEXT_LIBS_value=
ac_cv_env_XORG_CFLAGS_set=
ac_cv_env_XORG_CFLAGS_value=
ac_cv_env_XORG_LIBS_set=
ac_cv_env_XORG_LIBS_value=
ac_cv_env_XVMC_CFLAGS_set=
ac_cv_env_XVMC_CFLAGS_value=
ac_cv_env_XVMC_LIBS_set=
ac_cv_env_XVMC_LIBS_value=
ac_cv_env_build_alias_set=
ac_cv_env_build_alias_value=
ac_cv_env_host_alias_set=
ac_cv_env_host_alias_value=
ac_cv_env_target_alias_set=
ac_cv_env_target_alias_value=
ac_cv_header_damage_h=yes
ac_cv_header_dlfcn_h=yes
ac_cv_header_inttypes_h=yes
ac_cv_header_memory_h=yes
ac_cv_header_pthread_h=yes
ac_cv_header_stdc=yes
ac_cv_header_stdint_h=yes
ac_cv_header_stdlib_h=yes
ac_cv_header_string_h=yes
ac_cv_header_strings_h=yes
ac_cv_header_sys_ioctl_h=yes
ac_cv_header_sys_stat_h=yes
ac_cv_header_sys_time_h=yes
ac_cv_header_sys_types_h=yes
ac_cv_header_time_h=yes
ac_cv_header_unistd_h=yes
ac_cv_header_xf86Modes_h=yes
ac_cv_host=i686-pc-linux-gnu
ac_cv_objext=o
ac_cv_path_EGREP='/usr/bin/grep -E'
ac_cv_path_FGREP='/usr/bin/grep -F'
ac_cv_path_GREP=/usr/bin/grep
ac_cv_path_SED=/usr/bin/sed
ac_cv_path_ac_pt_PKG_CONFIG=/usr/bin/pkg-config
ac_cv_path_install='/bin/install -c'
ac_cv_path_mkdir=/bin/mkdir
ac_cv_prog_AWK=gawk
ac_cv_prog_CPP='i486-TSOL-linux-gnu-gcc -E'
ac_cv_prog_ac_ct_AR=ar
ac_cv_prog_ac_ct_CC=i486-TSOL-linux-gnu-gcc
ac_cv_prog_ac_ct_OBJDUMP=objdump
ac_cv_prog_ac_ct_RANLIB=ranlib
ac_cv_prog_ac_ct_STRIP=strip
ac_cv_prog_cc_c89=
ac_cv_prog_cc_g=yes
ac_cv_prog_make_make_set=yes
ac_cv_sys_file_offset_bits=64
ac_cv_sys_largefile_CC=no
am_cv_CC_dependencies_compiler_type=gcc3
lt_cv_ar_at_file=@
lt_cv_archive_cmds_need_lc=no
lt_cv_deplibs_check_method=pass_all
lt_cv_file_magic_cmd='$MAGIC_CMD'
lt_cv_file_magic_test_file=
lt_cv_ld_reload_flag=-r
lt_cv_nm_interface='BSD nm'
lt_cv_objdir=.libs
lt_cv_path_LD=i486-TSOL-linux-gnu-ld
lt_cv_path_NM='/toolchain/i486-TSOL-linux-gnu/bin//nm -B'
lt_cv_path_mainfest_tool=no
lt_cv_prog_compiler_c_o=yes
lt_cv_prog_compiler_pic='-fPIC -DPIC'
lt_cv_prog_compiler_pic_works=yes
lt_cv_prog_compiler_rtti_exceptions=no
lt_cv_prog_compiler_static_works=yes
lt_cv_prog_gnu_ld=yes
lt_cv_sharedlib_from_linklib_cmd='printf %s\n'
lt_cv_shlibpath_overrides_runpath=yes
lt_cv_sys_global_symbol_pipe='sed -n -e '\''s/^.*[	 ]\([ABCDGIRSTW][ABCDGIRSTW]*\)[	 ][	 ]*\([_A-Za-z][_A-Za-z0-9]*\)$/\1 \2 \2/p'\'' | sed '\''/ __gnu_lto/d'\'''
lt_cv_sys_global_symbol_to_c_name_address='sed -n -e '\''s/^: \([^ ]*\)[ ]*$/  {\"\1\", (void *) 0},/p'\'' -e '\''s/^[ABCDGIRSTW]* \([^ ]*\) \([^ ]*\)$/  {"\2", (void *) \&\2},/p'\'''
lt_cv_sys_global_symbol_to_c_name_address_lib_prefix='sed -n -e '\''s/^: \([^ ]*\)[ ]*$/  {\"\1\", (void *) 0},/p'\'' -e '\''s/^[ABCDGIRSTW]* \([^ ]*\) \(lib[^ ]*\)$/  {"\2", (void *) \&\2},/p'\'' -e '\''s/^[ABCDGIRSTW]* \([^ ]*\) \([^ ]*\)$/  {"lib\2", (void *) \&\2},/p'\'''
lt_cv_sys_global_symbol_to_cdecl='sed -n -e '\''s/^T .* \(.*\)$/extern int \1();/p'\'' -e '\''s/^[ABCDGIRSTW]* .* \(.*\)$/extern char \1;/p'\'''
lt_cv_sys_max_cmd_len=1572864
lt_cv_to_host_file_cmd=func_convert_file_noop
lt_cv_to_tool_file_cmd=func_convert_file_noop
pkg_cv_DRI_CFLAGS='-I/usr/xorg/include -I/usr/xorg/include/libdrm -I/usr/xorg/include/X11/dri  '
pkg_cv_DRI_LIBS='-L/usr/xorg/lib -ldrm  '
pkg_cv_LIBUDEV_CFLAGS=' '
pkg_cv_LIBUDEV_LIBS='-ludev -lrt  '
pkg_cv_PCIACCESS_CFLAGS='-I/usr/xorg/include  '
pkg_cv_PCIACCESS_LIBS='-L/usr/xorg/lib -lpciaccess  '
pkg_cv_XEXT_CFLAGS='-I/usr/xorg/include  '
pkg_cv_XEXT_LIBS=' '
pkg_cv_XORG_CFLAGS='-fvisibility=hidden -I/usr/xorg/include/xorg -I/usr/xorg/include -I/usr/xorg/include/pixman-1 -I/usr/xorg/include/X11/dri -I/usr/xorg/include/libdrm  '
pkg_cv_XORG_LIBS='-L/usr/xorg/lib -ldrm -lX11  '
pkg_cv_XVMC_CFLAGS='-I/usr/xorg/include  '
pkg_cv_XVMC_LIBS='-L/usr/xorg/lib -lX11 -lXext -lXvMC -lXv  '

## ----------------- ##
## Output variables. ##
## ----------------- ##

ACLOCAL='aclocal -I/usr/xorg/share/aclocal -I /usr/xorg/share/aclocal'
ADMIN_MAN_DIR='$(mandir)/man$(ADMIN_MAN_SUFFIX)'
ADMIN_MAN_SUFFIX='8'
AMDEPBACKSLASH='\'
AMDEP_FALSE='#'
AMDEP_TRUE=''
AMTAR='$${TAR-tar}'
APP_MAN_DIR='$(mandir)/man$(APP_MAN_SUFFIX)'
APP_MAN_SUFFIX='1'
AR='ar'
AUTOCONF='${SHELL} /source/xorg-ponix4/driver/xf86-video-openchrome-0.3.3/missing --run autoconf'
AUTOHEADER='${SHELL} /source/xorg-ponix4/driver/xf86-video-openchrome-0.3.3/missing --run autoheader'
AUTOMAKE='${SHELL} /source/xorg-ponix4/driver/xf86-video-openchrome-0.3.3/missing --run automake-1.12'
AWK='gawk'
CC='i486-TSOL-linux-gnu-gcc'
CCDEPMODE='depmode=gcc3'
CFLAGS='-Os'
CPP='i486-TSOL-linux-gnu-gcc -E'
CPPFLAGS='-fvisibility=hidden -I/usr/xorg/include/xorg -I/usr/xorg/include -I/usr/xorg/include/pixman-1 -I/usr/xorg/include/X11/dri -I/usr/xorg/include/libdrm   '
CYGPATH_W='echo'
DEBUG_FALSE=''
DEBUG_TRUE='#'
DEFS='-DHAVE_CONFIG_H'
DEPDIR='.deps'
DLLTOOL='false'
DRIVER_MAN_DIR='$(mandir)/man$(DRIVER_MAN_SUFFIX)'
DRIVER_MAN_SUFFIX='4'
DRIVER_NAME='openchrome'
DRI_CFLAGS='-I/usr/xorg/include -I/usr/xorg/include/libdrm -I/usr/xorg/include/X11/dri  '
DRI_FALSE='#'
DRI_LIBS='-L/usr/xorg/lib -ldrm  '
DRI_TRUE=''
DSYMUTIL=''
DUMPBIN=''
ECHO_C=''
ECHO_N='-n'
ECHO_T=''
EGREP='/usr/bin/grep -E'
EXEEXT=''
FGREP='/usr/bin/grep -F'
FILE_MAN_DIR='$(mandir)/man$(FILE_MAN_SUFFIX)'
FILE_MAN_SUFFIX='5'
GREP='/usr/bin/grep'
HAVE_XEXTPROTO_71_FALSE='#'
HAVE_XEXTPROTO_71_TRUE=''
INSTALL_DATA='${INSTALL} -m 644'
INSTALL_PROGRAM='${INSTALL}'
INSTALL_SCRIPT='${INSTALL}'
INSTALL_STRIP_PROGRAM='$(install_sh) -c -s'
LD='i486-TSOL-linux-gnu-ld'
LDFLAGS='-static-libgcc'
LIBOBJS=''
LIBS=''
LIBTOOL='$(SHELL) $(top_builddir)/libtool'
LIBUDEV_CFLAGS=' '
LIBUDEV_LIBS='-ludev -lrt  '
LIB_MAN_DIR='$(mandir)/man$(LIB_MAN_SUFFIX)'
LIB_MAN_SUFFIX='3'
LIPO=''
LN_S='ln -s'
LTLIBOBJS=''
MAINT='#'
MAINTAINER_MODE_FALSE=''
MAINTAINER_MODE_TRUE='#'
MAKEINFO='${SHELL} /source/xorg-ponix4/driver/xf86-video-openchrome-0.3.3/missing --run makeinfo'
MANIFEST_TOOL=':'
MAN_SUBSTS='	-e '\''s|__vendorversion__|"$(PACKAGE_STRING)" "$(XORG_MAN_PAGE)"|'\'' 	-e '\''s|__xorgversion__|"$(PACKAGE_STRING)" "$(XORG_MAN_PAGE)"|'\'' 	-e '\''s|__xservername__|Xorg|g'\'' 	-e '\''s|__xconfigfile__|xorg.conf|g'\'' 	-e '\''s|__projectroot__|$(prefix)|g'\'' 	-e '\''s|__apploaddir__|$(appdefaultdir)|g'\'' 	-e '\''s|__appmansuffix__|$(APP_MAN_SUFFIX)|g'\'' 	-e '\''s|__drivermansuffix__|$(DRIVER_MAN_SUFFIX)|g'\'' 	-e '\''s|__adminmansuffix__|$(ADMIN_MAN_SUFFIX)|g'\'' 	-e '\''s|__libmansuffix__|$(LIB_MAN_SUFFIX)|g'\'' 	-e '\''s|__miscmansuffix__|$(MISC_MAN_SUFFIX)|g'\'' 	-e '\''s|__filemansuffix__|$(FILE_MAN_SUFFIX)|g'\'''
MISC_MAN_DIR='$(mandir)/man$(MISC_MAN_SUFFIX)'
MISC_MAN_SUFFIX='7'
MKDIR_P='/bin/mkdir -p'
NM='/toolchain/i486-TSOL-linux-gnu/bin//nm -B'
NMEDIT=''
OBJDUMP='objdump'
OBJEXT='o'
OTOOL64=''
OTOOL=''
PACKAGE='xf86-video-openchrome'
PACKAGE_BUGREPORT='https://bugs.freedesktop.org/enter_bug.cgi?product=xorg&component=Driver/openchrome'
PACKAGE_NAME='xf86-video-openchrome'
PACKAGE_STRING='xf86-video-openchrome 0.3.3'
PACKAGE_TARNAME='xf86-video-openchrome'
PACKAGE_URL=''
PACKAGE_VERSION='0.3.3'
PATH_SEPARATOR=':'
PCIACCESS_CFLAGS='-I/usr/xorg/include  '
PCIACCESS_LIBS='-L/usr/xorg/lib -lpciaccess  '
PKG_CONFIG='/usr/bin/pkg-config'
PKG_CONFIG_LIBDIR=''
PKG_CONFIG_PATH='/usr/xorg/share/pkgconfig:/usr/xorg/lib/pkgconfig:/usr/xorg/lib/pkgconfig:/usr/xorg/share/pkgconfig:/usr/xorg/lib/pkgconfig:/usr/xorg/share/pkgconfig:'
RANLIB='ranlib'
SED='/usr/bin/sed'
SET_MAKE=''
SHELL='/bin/sh'
STRIP='strip'
TOOLS_FALSE=''
TOOLS_TRUE='#'
VERSION='0.3.3'
XEXT_CFLAGS='-I/usr/xorg/include  '
XEXT_LIBS=' '
XORG_CFLAGS='-fvisibility=hidden -I/usr/xorg/include/xorg -I/usr/xorg/include -I/usr/xorg/include/pixman-1 -I/usr/xorg/include/X11/dri -I/usr/xorg/include/libdrm  '
XORG_LIBS='-L/usr/xorg/lib -ldrm -lX11  '
XORG_MAN_PAGE='X Version 11'
XVMC_CFLAGS='-I/usr/xorg/include  '
XVMC_FALSE='#'
XVMC_LIBS='-L/usr/xorg/lib -lX11 -lXext -lXvMC -lXv  '
XVMC_TRUE=''
XV_DEBUG_FALSE=''
XV_DEBUG_TRUE='#'
ac_ct_AR='ar'
ac_ct_CC='i486-TSOL-linux-gnu-gcc'
ac_ct_DUMPBIN=''
am__EXEEXT_FALSE=''
am__EXEEXT_TRUE='#'
am__fastdepCC_FALSE='#'
am__fastdepCC_TRUE=''
am__include='include'
am__isrc=''
am__leading_dot='.'
am__nodep='_no'
am__quote=''
am__tar='$${TAR-tar} chof - "$$tardir"'
am__untar='$${TAR-tar} xf -'
bindir='${exec_prefix}/bin'
build='i686-pc-linux-gnu'
build_alias=''
build_cpu='i686'
build_os='linux-gnu'
build_vendor='pc'
datadir='${datarootdir}'
datarootdir='${prefix}/share'
docdir='${datarootdir}/doc/${PACKAGE_TARNAME}'
dvidir='${docdir}'
exec_prefix='${prefix}'
host='i686-pc-linux-gnu'
host_alias=''
host_cpu='i686'
host_os='linux-gnu'
host_vendor='pc'
htmldir='${docdir}'
includedir='${prefix}/include'
infodir='${datarootdir}/info'
install_sh='${SHELL} /source/xorg-ponix4/driver/xf86-video-openchrome-0.3.3/install-sh'
libdir='${exec_prefix}/lib'
libexecdir='${exec_prefix}/libexec'
localedir='${datarootdir}/locale'
localstatedir='${prefix}/var'
mandir='${datarootdir}/man'
mkdir_p='$(MKDIR_P)'
moduledir='${exec_prefix}/lib/xorg/modules'
oldincludedir='/usr/include'
pdfdir='${docdir}'
prefix='/usr/xorg'
program_transform_name='s,x,x,'
psdir='${docdir}'
sbindir='${exec_prefix}/sbin'
sharedstatedir='${prefix}/com'
sysconfdir='${prefix}/etc'
target_alias=''

## ----------- ##
## confdefs.h. ##
## ----------- ##

/* confdefs.h */
#define PACKAGE_NAME "xf86-video-openchrome"
#define PACKAGE_TARNAME "xf86-video-openchrome"
#define PACKAGE_VERSION "0.3.3"
#define PACKAGE_STRING "xf86-video-openchrome 0.3.3"
#define PACKAGE_BUGREPORT "https://bugs.freedesktop.org/enter_bug.cgi?product=xorg&component=Driver/openchrome"
#define PACKAGE_URL ""
#define VIA_MAJOR_VERSION 0
#define VIA_MINOR_VERSION 3
#define VIA_PATCHLEVEL 3
#define PACKAGE "xf86-video-openchrome"
#define VERSION "0.3.3"
#define STDC_HEADERS 1
#define HAVE_SYS_TYPES_H 1
#define HAVE_SYS_STAT_H 1
#define HAVE_STDLIB_H 1
#define HAVE_STRING_H 1
#define HAVE_MEMORY_H 1
#define HAVE_STRINGS_H 1
#define HAVE_INTTYPES_H 1
#define HAVE_STDINT_H 1
#define HAVE_UNISTD_H 1
#define HAVE_DLFCN_H 1
#define LT_OBJDIR ".libs/"
#define _FILE_OFFSET_BITS 64
#define HAVE_XEXTPROTO_71 1
#define STDC_HEADERS 1
#define HAVE_PCIACCESS 1
#define HAVE_DRI 1
#define XF86DRI 1
#define DAMAGE 1
#define HAVE_LIBUDEV 1
#define HAVE_PTHREAD_H 1
#define HAVE_SYS_IOCTL_H 1
#define HAVE_SYS_TIME_H 1
#define HAVE_TIME_H 1
#define X_USE_LINEARFB 1
#define X_USE_REGION_NULL 1
#define X_HAVE_XAAGETROP 1
#define X_NEED_I2CSTART 1

configure: exit 0
