This file contains any messages produced by compilers while
running configure, to aid debugging if configure makes a mistake.

It was created by configure, which was
generated by GNU Autoconf 2.68.  Invocation command line was

  $ ./configure --prefix=/usr

## --------- ##
## Platform. ##
## --------- ##

hostname = ubuntu4
uname -m = i686
uname -r = 3.2.16-030216-generic
uname -s = Linux
uname -v = #201204221935 SMP Sun Apr 22 23:42:49 UTC 2012

/usr/bin/uname -p = unknown
/bin/uname -X     = unknown

/bin/arch              = unknown
/usr/bin/arch -k       = unknown
/usr/convex/getsysinfo = unknown
/usr/bin/hostinfo      = unknown
/bin/machine           = unknown
/usr/bin/oslevel       = unknown
/bin/universe          = unknown

PATH: /source/docbook-xsl-1.76.1/tools/bin
PATH: /bin
PATH: /sbin
PATH: /usr/bin
PATH: /usr/sbin
PATH: /usr/bin/X11
PATH: /usr/local/bin
PATH: /toolchain/bin
PATH: /toolchain/i486-TSOL-linux-gnu/bin/
PATH: /root/.local/bin
PATH: /usr/xorg/bin


## ----------- ##
## Core tests. ##
## ----------- ##

configure:2269: osip2                   The GNU Open SIP library.
configure:2271: Copyright (C) 2001-2012 Aymeric MOIZARD - <jack@atosc.org>
configure:2300: result: Configuring libosip2 4.0.0
configure:2303: result: Building Package on linux
configure:2355: checking for a BSD-compatible install
configure:2423: result: /bin/install -c
configure:2434: checking whether build environment is sane
configure:2484: result: yes
configure:2625: checking for a thread-safe mkdir -p
configure:2664: result: /bin/mkdir -p
configure:2677: checking for gawk
configure:2693: found /usr/bin/gawk
configure:2704: result: gawk
configure:2715: checking whether make sets $(MAKE)
configure:2737: result: yes
configure:2836: checking build system type
configure:2850: result: i686-pc-linux-gnu
configure:2870: checking host system type
configure:2883: result: i686-pc-linux-gnu
configure:2953: checking for gcc
configure:2980: result: i486-TSOL-linux-gnu-gcc
configure:3209: checking for C compiler version
configure:3218: i486-TSOL-linux-gnu-gcc --version >&5
i486-TSOL-linux-gnu-gcc (crosstool-NG 1.15.2) 4.6.3
Copyright (C) 2011 Free Software Foundation, Inc.
This is free software; see the source for copying conditions.  There is NO
warranty; not even for MERCHANTABILITY or FITNESS FOR A PARTICULAR PURPOSE.

configure:3229: $? = 0
configure:3218: i486-TSOL-linux-gnu-gcc -v >&5
Using built-in specs.
COLLECT_GCC=i486-TSOL-linux-gnu-gcc
COLLECT_LTO_WRAPPER=/toolchain/libexec/gcc/i486-TSOL-linux-gnu/4.6.3/lto-wrapper
Target: i486-TSOL-linux-gnu
Configured with: /TSOL/crosstool-ng-1.15.2/bin/.build/src/gcc-4.6.3/configure --build=i686-build_pc-linux-gnu --host=i686-build_pc-linux-gnu --target=i486-TSOL-linux-gnu --prefix=/toolchain --with-sysroot=/toolchain/i486-TSOL-linux-gnu/sysroot --enable-languages=c,c++ --with-arch=i486 --with-pkgversion='crosstool-NG 1.15.2' --enable-__cxa_atexit --disable-libmudflap --disable-libgomp --disable-libssp --with-gmp=/TSOL/crosstool-ng-1.15.2/bin/.build/i486-TSOL-linux-gnu/buildtools --with-mpfr=/TSOL/crosstool-ng-1.15.2/bin/.build/i486-TSOL-linux-gnu/buildtools --with-mpc=/TSOL/crosstool-ng-1.15.2/bin/.build/i486-TSOL-linux-gnu/buildtools --with-ppl=/TSOL/crosstool-ng-1.15.2/bin/.build/i486-TSOL-linux-gnu/buildtools --with-cloog=/TSOL/crosstool-ng-1.15.2/bin/.build/i486-TSOL-linux-gnu/buildtools --with-libelf=no --with-host-libstdcxx='-static-libgcc -Wl,-Bstatic,-lstdc++,-Bdynamic -lm -L/TSOL/crosstool-ng-1.15.2/bin/.build/i486-TSOL-linux-gnu/buildtools/lib -lpwl' --enable-threads=posix --enable-target-optspace --disable-multilib --with-local-prefix=/toolchain/i486-TSOL-linux-gnu/sysroot --enable-c99 --enable-long-long
Thread model: posix
gcc version 4.6.3 (crosstool-NG 1.15.2) 
configure:3229: $? = 0
configure:3218: i486-TSOL-linux-gnu-gcc -V >&5
i486-TSOL-linux-gnu-gcc: error: unrecognized option '-V'
i486-TSOL-linux-gnu-gcc: fatal error: no input files
compilation terminated.
configure:3229: $? = 1
configure:3218: i486-TSOL-linux-gnu-gcc -qversion >&5
i486-TSOL-linux-gnu-gcc: error: unrecognized option '-qversion'
i486-TSOL-linux-gnu-gcc: fatal error: no input files
compilation terminated.
configure:3229: $? = 1
configure:3249: checking whether the C compiler works
configure:3271: i486-TSOL-linux-gnu-gcc -Os  -static-libgcc conftest.c  >&5
configure:3275: $? = 0
configure:3323: result: yes
configure:3326: checking for C compiler default output file name
configure:3328: result: a.out
configure:3334: checking for suffix of executables
configure:3341: i486-TSOL-linux-gnu-gcc -o conftest -Os  -static-libgcc conftest.c  >&5
configure:3345: $? = 0
configure:3367: result: 
configure:3389: checking whether we are cross compiling
configure:3397: i486-TSOL-linux-gnu-gcc -o conftest -Os  -static-libgcc conftest.c  >&5
configure:3401: $? = 0
configure:3408: ./conftest
configure:3412: $? = 0
configure:3427: result: no
configure:3432: checking for suffix of object files
configure:3454: i486-TSOL-linux-gnu-gcc -c -Os  conftest.c >&5
configure:3458: $? = 0
configure:3479: result: o
configure:3483: checking whether we are using the GNU C compiler
configure:3502: i486-TSOL-linux-gnu-gcc -c -Os  conftest.c >&5
configure:3502: $? = 0
configure:3511: result: yes
configure:3520: checking whether i486-TSOL-linux-gnu-gcc accepts -g
configure:3540: i486-TSOL-linux-gnu-gcc -c -g  conftest.c >&5
configure:3540: $? = 0
configure:3581: result: yes
configure:3598: checking for i486-TSOL-linux-gnu-gcc option to accept ISO C89
configure:3662: i486-TSOL-linux-gnu-gcc  -c -Os  conftest.c >&5
configure:3662: $? = 0
configure:3675: result: none needed
configure:3706: checking for style of include used by make
configure:3734: result: GNU
configure:3759: checking dependency style of i486-TSOL-linux-gnu-gcc
configure:3869: result: gcc3
configure:3889: checking how to run the C preprocessor
configure:3920: i486-TSOL-linux-gnu-gcc -E  conftest.c
configure:3920: $? = 0
configure:3934: i486-TSOL-linux-gnu-gcc -E  conftest.c
conftest.c:11:28: fatal error: ac_nonexistent.h: No such file or directory
compilation terminated.
configure:3934: $? = 1
configure: failed program was:
| /* confdefs.h */
| #define PACKAGE_NAME ""
| #define PACKAGE_TARNAME ""
| #define PACKAGE_VERSION ""
| #define PACKAGE_STRING ""
| #define PACKAGE_BUGREPORT ""
| #define PACKAGE_URL ""
| #define PACKAGE "libosip2"
| #define VERSION "4.0.0"
| /* end confdefs.h.  */
| #include <ac_nonexistent.h>
configure:3959: result: i486-TSOL-linux-gnu-gcc -E
configure:3979: i486-TSOL-linux-gnu-gcc -E  conftest.c
configure:3979: $? = 0
configure:3993: i486-TSOL-linux-gnu-gcc -E  conftest.c
conftest.c:11:28: fatal error: ac_nonexistent.h: No such file or directory
compilation terminated.
configure:3993: $? = 1
configure: failed program was:
| /* confdefs.h */
| #define PACKAGE_NAME ""
| #define PACKAGE_TARNAME ""
| #define PACKAGE_VERSION ""
| #define PACKAGE_STRING ""
| #define PACKAGE_BUGREPORT ""
| #define PACKAGE_URL ""
| #define PACKAGE "libosip2"
| #define VERSION "4.0.0"
| /* end confdefs.h.  */
| #include <ac_nonexistent.h>
configure:4327: checking for a sed that does not truncate output
configure:4391: result: /usr/bin/sed
configure:4442: checking how to print strings
configure:4469: result: printf
configure:4490: checking for a sed that does not truncate output
configure:4554: result: /usr/bin/sed
configure:4572: checking for grep that handles long lines and -e
configure:4630: result: /usr/bin/grep
configure:4635: checking for egrep
configure:4697: result: /usr/bin/grep -E
configure:4702: checking for fgrep
configure:4764: result: /usr/bin/grep -F
configure:4799: checking for ld used by i486-TSOL-linux-gnu-gcc
configure:4866: result: i486-TSOL-linux-gnu-ld
configure:4873: checking if the linker (i486-TSOL-linux-gnu-ld) is GNU ld
configure:4888: result: yes
configure:4900: checking for BSD- or MS-compatible name lister (nm)
configure:4949: result: /toolchain/i486-TSOL-linux-gnu/bin//nm -B
configure:5079: checking the name lister (/toolchain/i486-TSOL-linux-gnu/bin//nm -B) interface
configure:5086: i486-TSOL-linux-gnu-gcc -c -Os  conftest.c >&5
configure:5089: /toolchain/i486-TSOL-linux-gnu/bin//nm -B "conftest.o"
configure:5092: output
00000000 B some_variable
configure:5099: result: BSD nm
configure:5102: checking whether ln -s works
configure:5106: result: yes
configure:5114: checking the maximum length of command line arguments
configure:5239: result: 1572864
configure:5256: checking whether the shell understands some XSI constructs
configure:5266: result: yes
configure:5270: checking whether the shell understands "+="
configure:5276: result: yes
configure:5311: checking how to convert i686-pc-linux-gnu file names to i686-pc-linux-gnu format
configure:5351: result: func_convert_file_noop
configure:5358: checking how to convert i686-pc-linux-gnu file names to toolchain format
configure:5378: result: func_convert_file_noop
configure:5385: checking for i486-TSOL-linux-gnu-ld option to reload object files
configure:5392: result: -r
configure:5466: checking for objdump
configure:5493: result: objdump
configure:5522: checking how to recognize dependent libraries
configure:5724: result: pass_all
configure:5809: checking for dlltool
configure:5836: result: dlltool
configure:5866: checking how to associate runtime and link libraries
configure:5893: result: printf %s\n
configure:5954: checking for ar
configure:5970: found /toolchain/i486-TSOL-linux-gnu/bin//ar
configure:5981: result: ar
configure:6018: checking for archiver @FILE support
configure:6035: i486-TSOL-linux-gnu-gcc -c -Os  conftest.c >&5
configure:6035: $? = 0
configure:6038: ar cru libconftest.a @conftest.lst >&5
configure:6041: $? = 0
configure:6046: ar cru libconftest.a @conftest.lst >&5
ar: conftest.o: No such file or directory
configure:6049: $? = 1
configure:6061: result: @
configure:6119: checking for strip
configure:6135: found /toolchain/i486-TSOL-linux-gnu/bin//strip
configure:6146: result: strip
configure:6218: checking for ranlib
configure:6234: found /toolchain/i486-TSOL-linux-gnu/bin//ranlib
configure:6245: result: ranlib
configure:6347: checking command to parse /toolchain/i486-TSOL-linux-gnu/bin//nm -B output from i486-TSOL-linux-gnu-gcc object
configure:6466: i486-TSOL-linux-gnu-gcc -c -Os  conftest.c >&5
configure:6469: $? = 0
configure:6473: /toolchain/i486-TSOL-linux-gnu/bin//nm -B conftest.o \| sed -n -e 's/^.*[ ]\([ABCDGIRSTW][ABCDGIRSTW]*\)[ ][ ]*\([_A-Za-z][_A-Za-z0-9]*\)$/\1 \2 \2/p' | sed '/ __gnu_lto/d' \> conftest.nm
configure:6476: $? = 0
configure:6542: i486-TSOL-linux-gnu-gcc -o conftest -Os  -static-libgcc conftest.c conftstm.o >&5
configure:6545: $? = 0
configure:6583: result: ok
configure:6620: checking for sysroot
configure:6650: result: no
configure:6893: checking for mt
configure:6923: result: no
configure:6943: checking if : is a manifest tool
configure:6949: : '-?'
configure:6957: result: no
configure:7585: checking for ANSI C header files
configure:7605: i486-TSOL-linux-gnu-gcc -c -Os  conftest.c >&5
configure:7605: $? = 0
configure:7678: i486-TSOL-linux-gnu-gcc -o conftest -Os  -static-libgcc conftest.c  >&5
configure:7678: $? = 0
configure:7678: ./conftest
configure:7678: $? = 0
configure:7689: result: yes
configure:7702: checking for sys/types.h
configure:7702: i486-TSOL-linux-gnu-gcc -c -Os  conftest.c >&5
configure:7702: $? = 0
configure:7702: result: yes
configure:7702: checking for sys/stat.h
configure:7702: i486-TSOL-linux-gnu-gcc -c -Os  conftest.c >&5
configure:7702: $? = 0
configure:7702: result: yes
configure:7702: checking for stdlib.h
configure:7702: i486-TSOL-linux-gnu-gcc -c -Os  conftest.c >&5
configure:7702: $? = 0
configure:7702: result: yes
configure:7702: checking for string.h
configure:7702: i486-TSOL-linux-gnu-gcc -c -Os  conftest.c >&5
configure:7702: $? = 0
configure:7702: result: yes
configure:7702: checking for memory.h
configure:7702: i486-TSOL-linux-gnu-gcc -c -Os  conftest.c >&5
configure:7702: $? = 0
configure:7702: result: yes
configure:7702: checking for strings.h
configure:7702: i486-TSOL-linux-gnu-gcc -c -Os  conftest.c >&5
configure:7702: $? = 0
configure:7702: result: yes
configure:7702: checking for inttypes.h
configure:7702: i486-TSOL-linux-gnu-gcc -c -Os  conftest.c >&5
configure:7702: $? = 0
configure:7702: result: yes
configure:7702: checking for stdint.h
configure:7702: i486-TSOL-linux-gnu-gcc -c -Os  conftest.c >&5
configure:7702: $? = 0
configure:7702: result: yes
configure:7702: checking for unistd.h
configure:7702: i486-TSOL-linux-gnu-gcc -c -Os  conftest.c >&5
configure:7702: $? = 0
configure:7702: result: yes
configure:7716: checking for dlfcn.h
configure:7716: i486-TSOL-linux-gnu-gcc -c -Os  conftest.c >&5
configure:7716: $? = 0
configure:7716: result: yes
configure:7901: checking for objdir
configure:7916: result: .libs
configure:8183: checking if i486-TSOL-linux-gnu-gcc supports -fno-rtti -fno-exceptions
configure:8201: i486-TSOL-linux-gnu-gcc -c -Os  -fno-rtti -fno-exceptions conftest.c >&5
cc1: warning: command line option '-fno-rtti' is valid for C++/ObjC++ but not for C [enabled by default]
configure:8205: $? = 0
configure:8218: result: no
configure:8528: checking for i486-TSOL-linux-gnu-gcc option to produce PIC
configure:8535: result: -fPIC -DPIC
configure:8543: checking if i486-TSOL-linux-gnu-gcc PIC flag -fPIC -DPIC works
configure:8561: i486-TSOL-linux-gnu-gcc -c -Os  -fPIC -DPIC -DPIC conftest.c >&5
configure:8565: $? = 0
configure:8578: result: yes
configure:8607: checking if i486-TSOL-linux-gnu-gcc static flag -static works
configure:8635: result: yes
configure:8650: checking if i486-TSOL-linux-gnu-gcc supports -c -o file.o
configure:8671: i486-TSOL-linux-gnu-gcc -c -Os  -o out/conftest2.o conftest.c >&5
configure:8675: $? = 0
configure:8697: result: yes
configure:8705: checking if i486-TSOL-linux-gnu-gcc supports -c -o file.o
configure:8752: result: yes
configure:8785: checking whether the i486-TSOL-linux-gnu-gcc linker (i486-TSOL-linux-gnu-ld) supports shared libraries
configure:9947: result: yes
configure:9984: checking whether -lc should be explicitly linked in
configure:9992: i486-TSOL-linux-gnu-gcc -c -Os  conftest.c >&5
configure:9995: $? = 0
configure:10010: i486-TSOL-linux-gnu-gcc -shared  -fPIC -DPIC conftest.o  -v -Wl,-soname -Wl,conftest -o conftest 2\>\&1 \| /usr/bin/grep  -lc  \>/dev/null 2\>\&1
configure:10013: $? = 0
configure:10027: result: no
configure:10192: checking dynamic linker characteristics
configure:10707: i486-TSOL-linux-gnu-gcc -o conftest -Os  -static-libgcc -Wl,-rpath -Wl,/foo conftest.c  >&5
configure:10707: $? = 0
configure:10941: result: GNU/Linux ld.so
configure:11048: checking how to hardcode library paths into programs
configure:11073: result: immediate
configure:11613: checking whether stripping libraries is possible
configure:11618: result: yes
configure:11653: checking if libtool supports shared libraries
configure:11655: result: yes
configure:11658: checking whether to build shared libraries
configure:11679: result: yes
configure:11682: checking whether to build static libraries
configure:11686: result: yes
configure:11934: checking for the pthreads library -lpthreads
configure:11967: i486-TSOL-linux-gnu-gcc -o conftest -Os   -static-libgcc conftest.c -lpthreads  >&5
/toolchain/lib/gcc/i486-TSOL-linux-gnu/4.6.3/../../../../i486-TSOL-linux-gnu/bin/ld: cannot find -lpthreads
collect2: ld returned 1 exit status
configure:11967: $? = 1
configure: failed program was:
| /* confdefs.h */
| #define PACKAGE_NAME ""
| #define PACKAGE_TARNAME ""
| #define PACKAGE_VERSION ""
| #define PACKAGE_STRING ""
| #define PACKAGE_BUGREPORT ""
| #define PACKAGE_URL ""
| #define PACKAGE "libosip2"
| #define VERSION "4.0.0"
| #define STDC_HEADERS 1
| #define HAVE_SYS_TYPES_H 1
| #define HAVE_SYS_STAT_H 1
| #define HAVE_STDLIB_H 1
| #define HAVE_STRING_H 1
| #define HAVE_MEMORY_H 1
| #define HAVE_STRINGS_H 1
| #define HAVE_INTTYPES_H 1
| #define HAVE_STDINT_H 1
| #define HAVE_UNISTD_H 1
| #define HAVE_DLFCN_H 1
| #define LT_OBJDIR ".libs/"
| /* end confdefs.h.  */
| #include <pthread.h>
| int
| main ()
| {
| pthread_t th; pthread_join(th, 0);
|                      pthread_attr_init(0); pthread_cleanup_push(0, 0);
|                      pthread_create(0,0,0,0); pthread_cleanup_pop(0);
|   ;
|   return 0;
| }
configure:11976: result: no
configure:11923: checking whether pthreads work without any flags
configure:11967: i486-TSOL-linux-gnu-gcc -o conftest -Os   -static-libgcc conftest.c   >&5
/tmp/cc43fhvG.o: In function `main':
conftest.c:(.text.startup+0x16): undefined reference to `pthread_join'
conftest.c:(.text.startup+0x4f): undefined reference to `__pthread_register_cancel'
conftest.c:(.text.startup+0x5c): undefined reference to `pthread_create'
conftest.c:(.text.startup+0x64): undefined reference to `__pthread_unregister_cancel'
collect2: ld returned 1 exit status
configure:11967: $? = 1
configure: failed program was:
| /* confdefs.h */
| #define PACKAGE_NAME ""
| #define PACKAGE_TARNAME ""
| #define PACKAGE_VERSION ""
| #define PACKAGE_STRING ""
| #define PACKAGE_BUGREPORT ""
| #define PACKAGE_URL ""
| #define PACKAGE "libosip2"
| #define VERSION "4.0.0"
| #define STDC_HEADERS 1
| #define HAVE_SYS_TYPES_H 1
| #define HAVE_SYS_STAT_H 1
| #define HAVE_STDLIB_H 1
| #define HAVE_STRING_H 1
| #define HAVE_MEMORY_H 1
| #define HAVE_STRINGS_H 1
| #define HAVE_INTTYPES_H 1
| #define HAVE_STDINT_H 1
| #define HAVE_UNISTD_H 1
| #define HAVE_DLFCN_H 1
| #define LT_OBJDIR ".libs/"
| /* end confdefs.h.  */
| #include <pthread.h>
| int
| main ()
| {
| pthread_t th; pthread_join(th, 0);
|                      pthread_attr_init(0); pthread_cleanup_push(0, 0);
|                      pthread_create(0,0,0,0); pthread_cleanup_pop(0);
|   ;
|   return 0;
| }
configure:11976: result: no
configure:11928: checking whether pthreads work with -Kthread
configure:11967: i486-TSOL-linux-gnu-gcc -o conftest -Os -Kthread  -static-libgcc conftest.c   >&5
i486-TSOL-linux-gnu-gcc: error: unrecognized option '-Kthread'
configure:11967: $? = 1
configure: failed program was:
| /* confdefs.h */
| #define PACKAGE_NAME ""
| #define PACKAGE_TARNAME ""
| #define PACKAGE_VERSION ""
| #define PACKAGE_STRING ""
| #define PACKAGE_BUGREPORT ""
| #define PACKAGE_URL ""
| #define PACKAGE "libosip2"
| #define VERSION "4.0.0"
| #define STDC_HEADERS 1
| #define HAVE_SYS_TYPES_H 1
| #define HAVE_SYS_STAT_H 1
| #define HAVE_STDLIB_H 1
| #define HAVE_STRING_H 1
| #define HAVE_MEMORY_H 1
| #define HAVE_STRINGS_H 1
| #define HAVE_INTTYPES_H 1
| #define HAVE_STDINT_H 1
| #define HAVE_UNISTD_H 1
| #define HAVE_DLFCN_H 1
| #define LT_OBJDIR ".libs/"
| /* end confdefs.h.  */
| #include <pthread.h>
| int
| main ()
| {
| pthread_t th; pthread_join(th, 0);
|                      pthread_attr_init(0); pthread_cleanup_push(0, 0);
|                      pthread_create(0,0,0,0); pthread_cleanup_pop(0);
|   ;
|   return 0;
| }
configure:11976: result: no
configure:11928: checking whether pthreads work with -kthread
configure:11967: i486-TSOL-linux-gnu-gcc -o conftest -Os -kthread  -static-libgcc conftest.c   >&5
i486-TSOL-linux-gnu-gcc: error: unrecognized option '-kthread'
configure:11967: $? = 1
configure: failed program was:
| /* confdefs.h */
| #define PACKAGE_NAME ""
| #define PACKAGE_TARNAME ""
| #define PACKAGE_VERSION ""
| #define PACKAGE_STRING ""
| #define PACKAGE_BUGREPORT ""
| #define PACKAGE_URL ""
| #define PACKAGE "libosip2"
| #define VERSION "4.0.0"
| #define STDC_HEADERS 1
| #define HAVE_SYS_TYPES_H 1
| #define HAVE_SYS_STAT_H 1
| #define HAVE_STDLIB_H 1
| #define HAVE_STRING_H 1
| #define HAVE_MEMORY_H 1
| #define HAVE_STRINGS_H 1
| #define HAVE_INTTYPES_H 1
| #define HAVE_STDINT_H 1
| #define HAVE_UNISTD_H 1
| #define HAVE_DLFCN_H 1
| #define LT_OBJDIR ".libs/"
| /* end confdefs.h.  */
| #include <pthread.h>
| int
| main ()
| {
| pthread_t th; pthread_join(th, 0);
|                      pthread_attr_init(0); pthread_cleanup_push(0, 0);
|                      pthread_create(0,0,0,0); pthread_cleanup_pop(0);
|   ;
|   return 0;
| }
configure:11976: result: no
configure:11934: checking for the pthreads library -llthread
configure:11967: i486-TSOL-linux-gnu-gcc -o conftest -Os   -static-libgcc conftest.c -llthread  >&5
/toolchain/lib/gcc/i486-TSOL-linux-gnu/4.6.3/../../../../i486-TSOL-linux-gnu/bin/ld: cannot find -llthread
collect2: ld returned 1 exit status
configure:11967: $? = 1
configure: failed program was:
| /* confdefs.h */
| #define PACKAGE_NAME ""
| #define PACKAGE_TARNAME ""
| #define PACKAGE_VERSION ""
| #define PACKAGE_STRING ""
| #define PACKAGE_BUGREPORT ""
| #define PACKAGE_URL ""
| #define PACKAGE "libosip2"
| #define VERSION "4.0.0"
| #define STDC_HEADERS 1
| #define HAVE_SYS_TYPES_H 1
| #define HAVE_SYS_STAT_H 1
| #define HAVE_STDLIB_H 1
| #define HAVE_STRING_H 1
| #define HAVE_MEMORY_H 1
| #define HAVE_STRINGS_H 1
| #define HAVE_INTTYPES_H 1
| #define HAVE_STDINT_H 1
| #define HAVE_UNISTD_H 1
| #define HAVE_DLFCN_H 1
| #define LT_OBJDIR ".libs/"
| /* end confdefs.h.  */
| #include <pthread.h>
| int
| main ()
| {
| pthread_t th; pthread_join(th, 0);
|                      pthread_attr_init(0); pthread_cleanup_push(0, 0);
|                      pthread_create(0,0,0,0); pthread_cleanup_pop(0);
|   ;
|   return 0;
| }
configure:11976: result: no
configure:11928: checking whether pthreads work with -pthread
configure:11967: i486-TSOL-linux-gnu-gcc -o conftest -Os -pthread  -static-libgcc conftest.c   >&5
configure:11967: $? = 0
configure:11976: result: yes
configure:11996: checking for joinable pthread attribute
configure:12009: i486-TSOL-linux-gnu-gcc -o conftest -Os -pthread  -static-libgcc conftest.c   >&5
configure:12009: $? = 0
configure:12041: result: PTHREAD_CREATE_JOINABLE
configure:12048: checking if more special flags are required for pthreads
configure:12055: result: no
configure:12067: checking for cc_r
configure:12095: result: i486-TSOL-linux-gnu-gcc
configure:12181: checking semaphore.h usability
configure:12181: i486-TSOL-linux-gnu-gcc -c -Os  conftest.c >&5
configure:12181: $? = 0
configure:12181: result: yes
configure:12181: checking semaphore.h presence
configure:12181: i486-TSOL-linux-gnu-gcc -E  conftest.c
configure:12181: $? = 0
configure:12181: result: yes
configure:12181: checking for semaphore.h
configure:12181: result: yes
configure:12193: checking sys/sem.h usability
configure:12193: i486-TSOL-linux-gnu-gcc -c -Os  conftest.c >&5
configure:12193: $? = 0
configure:12193: result: yes
configure:12193: checking sys/sem.h presence
configure:12193: i486-TSOL-linux-gnu-gcc -E  conftest.c
configure:12193: $? = 0
configure:12193: result: yes
configure:12193: checking for sys/sem.h
configure:12193: result: yes
configure:12288: checking for sem_open in -lposix4
configure:12313: i486-TSOL-linux-gnu-gcc -o conftest   -static-libgcc conftest.c -lposix4   >&5
/toolchain/lib/gcc/i486-TSOL-linux-gnu/4.6.3/../../../../i486-TSOL-linux-gnu/bin/ld: cannot find -lposix4
collect2: ld returned 1 exit status
configure:12313: $? = 1
configure: failed program was:
| /* confdefs.h */
| #define PACKAGE_NAME ""
| #define PACKAGE_TARNAME ""
| #define PACKAGE_VERSION ""
| #define PACKAGE_STRING ""
| #define PACKAGE_BUGREPORT ""
| #define PACKAGE_URL ""
| #define PACKAGE "libosip2"
| #define VERSION "4.0.0"
| #define STDC_HEADERS 1
| #define HAVE_SYS_TYPES_H 1
| #define HAVE_SYS_STAT_H 1
| #define HAVE_STDLIB_H 1
| #define HAVE_STRING_H 1
| #define HAVE_MEMORY_H 1
| #define HAVE_STRINGS_H 1
| #define HAVE_INTTYPES_H 1
| #define HAVE_STDINT_H 1
| #define HAVE_UNISTD_H 1
| #define HAVE_DLFCN_H 1
| #define LT_OBJDIR ".libs/"
| #define HAVE_PTHREAD 1
| #define HAVE_SEMAPHORE_H 1
| #define HAVE_SYS_SEM_H 1
| /* end confdefs.h.  */
| 
| /* Override any GCC internal prototype to avoid an error.
|    Use char because int might match the return type of a GCC
|    builtin and then its argument prototype would still apply.  */
| #ifdef __cplusplus
| extern "C"
| #endif
| char sem_open ();
| int
| main ()
| {
| return sem_open ();
|   ;
|   return 0;
| }
configure:12322: result: no
configure:12328: checking for nis_add in -lnsl
configure:12353: i486-TSOL-linux-gnu-gcc -o conftest   -static-libgcc conftest.c -lnsl   >&5
configure:12353: $? = 0
configure:12362: result: yes
configure:12368: checking for sendto in -lsocket
configure:12393: i486-TSOL-linux-gnu-gcc -o conftest   -static-libgcc conftest.c -lsocket   >&5
/toolchain/lib/gcc/i486-TSOL-linux-gnu/4.6.3/../../../../i486-TSOL-linux-gnu/bin/ld: cannot find -lsocket
collect2: ld returned 1 exit status
configure:12393: $? = 1
configure: failed program was:
| /* confdefs.h */
| #define PACKAGE_NAME ""
| #define PACKAGE_TARNAME ""
| #define PACKAGE_VERSION ""
| #define PACKAGE_STRING ""
| #define PACKAGE_BUGREPORT ""
| #define PACKAGE_URL ""
| #define PACKAGE "libosip2"
| #define VERSION "4.0.0"
| #define STDC_HEADERS 1
| #define HAVE_SYS_TYPES_H 1
| #define HAVE_SYS_STAT_H 1
| #define HAVE_STDLIB_H 1
| #define HAVE_STRING_H 1
| #define HAVE_MEMORY_H 1
| #define HAVE_STRINGS_H 1
| #define HAVE_INTTYPES_H 1
| #define HAVE_STDINT_H 1
| #define HAVE_UNISTD_H 1
| #define HAVE_DLFCN_H 1
| #define LT_OBJDIR ".libs/"
| #define HAVE_PTHREAD 1
| #define HAVE_SEMAPHORE_H 1
| #define HAVE_SYS_SEM_H 1
| /* end confdefs.h.  */
| 
| /* Override any GCC internal prototype to avoid an error.
|    Use char because int might match the return type of a GCC
|    builtin and then its argument prototype would still apply.  */
| #ifdef __cplusplus
| extern "C"
| #endif
| char sendto ();
| int
| main ()
| {
| return sendto ();
|   ;
|   return 0;
| }
configure:12402: result: no
configure:12408: checking for lrand48 in -lc
configure:12433: i486-TSOL-linux-gnu-gcc -o conftest   -static-libgcc conftest.c -lc   >&5
configure:12433: $? = 0
configure:12442: result: yes
configure:12451: checking whether -Wall works
configure:12470: i486-TSOL-linux-gnu-gcc -c  -Wall conftest.c >&5
configure:12470: $? = 0
configure:12479: result: yes
configure:12486: checking whether -Wcast-align works
configure:12505: i486-TSOL-linux-gnu-gcc -c  -Wcast-align conftest.c >&5
configure:12505: $? = 0
configure:12514: result: yes
configure:12521: checking whether -Wchar-subscripts works
configure:12540: i486-TSOL-linux-gnu-gcc -c  -Wchar-subscripts conftest.c >&5
configure:12540: $? = 0
configure:12549: result: yes
configure:12556: checking whether -Wformat works
configure:12575: i486-TSOL-linux-gnu-gcc -c  -Wformat conftest.c >&5
configure:12575: $? = 0
configure:12584: result: yes
configure:12591: checking whether -Winline works
configure:12610: i486-TSOL-linux-gnu-gcc -c  -Winline conftest.c >&5
configure:12610: $? = 0
configure:12619: result: yes
configure:12626: checking whether -Wmissing-declarations works
configure:12645: i486-TSOL-linux-gnu-gcc -c  -Wmissing-declarations conftest.c >&5
configure:12645: $? = 0
configure:12654: result: yes
configure:12661: checking whether -Wmissing-prototypes works
configure:12680: i486-TSOL-linux-gnu-gcc -c  -Wmissing-prototypes conftest.c >&5
configure:12680: $? = 0
configure:12689: result: yes
configure:12696: checking whether -Wnested-externs works
configure:12715: i486-TSOL-linux-gnu-gcc -c  -Wnested-externs conftest.c >&5
configure:12715: $? = 0
configure:12724: result: yes
configure:12731: checking whether -Wpointer-arith works
configure:12750: i486-TSOL-linux-gnu-gcc -c  -Wpointer-arith conftest.c >&5
configure:12750: $? = 0
configure:12759: result: yes
configure:12779: checking for ANSI C header files
configure:12883: result: yes
configure:12893: checking for string.h
configure:12893: result: yes
configure:12905: checking for strings.h
configure:12905: result: yes
configure:12917: checking for stdlib.h
configure:12917: result: yes
configure:12929: checking for unistd.h
configure:12929: result: yes
configure:12941: checking for sys/types.h
configure:12941: result: yes
configure:12954: checking sys/unistd.h usability
configure:12954: i486-TSOL-linux-gnu-gcc -c   -Wall -Wcast-align -Wchar-subscripts -Wformat -Winline -Wmissing-declarations -Wmissing-prototypes -Wnested-externs -Wpointer-arith conftest.c >&5
configure:12954: $? = 0
configure:12954: result: yes
configure:12954: checking sys/unistd.h presence
configure:12954: i486-TSOL-linux-gnu-gcc -E  -Wall -Wcast-align -Wchar-subscripts -Wformat -Winline -Wmissing-declarations -Wmissing-prototypes -Wnested-externs -Wpointer-arith conftest.c
configure:12954: $? = 0
configure:12954: result: yes
configure:12954: checking for sys/unistd.h
configure:12954: result: yes
configure:12966: checking syslog.h usability
configure:12966: i486-TSOL-linux-gnu-gcc -c   -Wall -Wcast-align -Wchar-subscripts -Wformat -Winline -Wmissing-declarations -Wmissing-prototypes -Wnested-externs -Wpointer-arith conftest.c >&5
configure:12966: $? = 0
configure:12966: result: yes
configure:12966: checking syslog.h presence
configure:12966: i486-TSOL-linux-gnu-gcc -E  -Wall -Wcast-align -Wchar-subscripts -Wformat -Winline -Wmissing-declarations -Wmissing-prototypes -Wnested-externs -Wpointer-arith conftest.c
configure:12966: $? = 0
configure:12966: result: yes
configure:12966: checking for syslog.h
configure:12966: result: yes
configure:12978: checking ctype.h usability
configure:12978: i486-TSOL-linux-gnu-gcc -c   -Wall -Wcast-align -Wchar-subscripts -Wformat -Winline -Wmissing-declarations -Wmissing-prototypes -Wnested-externs -Wpointer-arith conftest.c >&5
configure:12978: $? = 0
configure:12978: result: yes
configure:12978: checking ctype.h presence
configure:12978: i486-TSOL-linux-gnu-gcc -E  -Wall -Wcast-align -Wchar-subscripts -Wformat -Winline -Wmissing-declarations -Wmissing-prototypes -Wnested-externs -Wpointer-arith conftest.c
configure:12978: $? = 0
configure:12978: result: yes
configure:12978: checking for ctype.h
configure:12978: result: yes
configure:12990: checking stdio.h usability
configure:12990: i486-TSOL-linux-gnu-gcc -c   -Wall -Wcast-align -Wchar-subscripts -Wformat -Winline -Wmissing-declarations -Wmissing-prototypes -Wnested-externs -Wpointer-arith conftest.c >&5
configure:12990: $? = 0
configure:12990: result: yes
configure:12990: checking stdio.h presence
configure:12990: i486-TSOL-linux-gnu-gcc -E  -Wall -Wcast-align -Wchar-subscripts -Wformat -Winline -Wmissing-declarations -Wmissing-prototypes -Wnested-externs -Wpointer-arith conftest.c
configure:12990: $? = 0
configure:12990: result: yes
configure:12990: checking for stdio.h
configure:12990: result: yes
configure:13002: checking stdarg.h usability
configure:13002: i486-TSOL-linux-gnu-gcc -c   -Wall -Wcast-align -Wchar-subscripts -Wformat -Winline -Wmissing-declarations -Wmissing-prototypes -Wnested-externs -Wpointer-arith conftest.c >&5
configure:13002: $? = 0
configure:13002: result: yes
configure:13002: checking stdarg.h presence
configure:13002: i486-TSOL-linux-gnu-gcc -E  -Wall -Wcast-align -Wchar-subscripts -Wformat -Winline -Wmissing-declarations -Wmissing-prototypes -Wnested-externs -Wpointer-arith conftest.c
configure:13002: $? = 0
configure:13002: result: yes
configure:13002: checking for stdarg.h
configure:13002: result: yes
configure:13014: checking varargs.h usability
configure:13014: i486-TSOL-linux-gnu-gcc -c   -Wall -Wcast-align -Wchar-subscripts -Wformat -Winline -Wmissing-declarations -Wmissing-prototypes -Wnested-externs -Wpointer-arith conftest.c >&5
In file included from conftest.c:71:0:
/toolchain/lib/gcc/i486-TSOL-linux-gnu/4.6.3/include/varargs.h:4:2: error: #error "GCC no longer implements <varargs.h>."
/toolchain/lib/gcc/i486-TSOL-linux-gnu/4.6.3/include/varargs.h:5:2: error: #error "Revise your code to use <stdarg.h>."
configure:13014: $? = 1
configure: failed program was:
| /* confdefs.h */
| #define PACKAGE_NAME ""
| #define PACKAGE_TARNAME ""
| #define PACKAGE_VERSION ""
| #define PACKAGE_STRING ""
| #define PACKAGE_BUGREPORT ""
| #define PACKAGE_URL ""
| #define PACKAGE "libosip2"
| #define VERSION "4.0.0"
| #define STDC_HEADERS 1
| #define HAVE_SYS_TYPES_H 1
| #define HAVE_SYS_STAT_H 1
| #define HAVE_STDLIB_H 1
| #define HAVE_STRING_H 1
| #define HAVE_MEMORY_H 1
| #define HAVE_STRINGS_H 1
| #define HAVE_INTTYPES_H 1
| #define HAVE_STDINT_H 1
| #define HAVE_UNISTD_H 1
| #define HAVE_DLFCN_H 1
| #define LT_OBJDIR ".libs/"
| #define HAVE_PTHREAD 1
| #define HAVE_SEMAPHORE_H 1
| #define HAVE_SYS_SEM_H 1
| #define HAVE_LRAND48 /**/
| #define STDC_HEADERS 1
| #define HAVE_STRING_H 1
| #define HAVE_STRINGS_H 1
| #define HAVE_STDLIB_H 1
| #define HAVE_UNISTD_H 1
| #define HAVE_SYS_TYPES_H 1
| #define HAVE_SYS_UNISTD_H 1
| #define HAVE_SYSLOG_H 1
| #define HAVE_CTYPE_H 1
| #define HAVE_STDIO_H 1
| #define HAVE_STDARG_H 1
| /* end confdefs.h.  */
| #include <stdio.h>
| #ifdef HAVE_SYS_TYPES_H
| # include <sys/types.h>
| #endif
| #ifdef HAVE_SYS_STAT_H
| # include <sys/stat.h>
| #endif
| #ifdef STDC_HEADERS
| # include <stdlib.h>
| # include <stddef.h>
| #else
| # ifdef HAVE_STDLIB_H
| #  include <stdlib.h>
| # endif
| #endif
| #ifdef HAVE_STRING_H
| # if !defined STDC_HEADERS && defined HAVE_MEMORY_H
| #  include <memory.h>
| # endif
| # include <string.h>
| #endif
| #ifdef HAVE_STRINGS_H
| # include <strings.h>
| #endif
| #ifdef HAVE_INTTYPES_H
| # include <inttypes.h>
| #endif
| #ifdef HAVE_STDINT_H
| # include <stdint.h>
| #endif
| #ifdef HAVE_UNISTD_H
| # include <unistd.h>
| #endif
| #include <varargs.h>
configure:13014: result: no
configure:13014: checking varargs.h presence
configure:13014: i486-TSOL-linux-gnu-gcc -E  -Wall -Wcast-align -Wchar-subscripts -Wformat -Winline -Wmissing-declarations -Wmissing-prototypes -Wnested-externs -Wpointer-arith conftest.c
In file included from conftest.c:38:0:
/toolchain/lib/gcc/i486-TSOL-linux-gnu/4.6.3/include/varargs.h:4:2: error: #error "GCC no longer implements <varargs.h>."
/toolchain/lib/gcc/i486-TSOL-linux-gnu/4.6.3/include/varargs.h:5:2: error: #error "Revise your code to use <stdarg.h>."
configure:13014: $? = 1
configure: failed program was:
| /* confdefs.h */
| #define PACKAGE_NAME ""
| #define PACKAGE_TARNAME ""
| #define PACKAGE_VERSION ""
| #define PACKAGE_STRING ""
| #define PACKAGE_BUGREPORT ""
| #define PACKAGE_URL ""
| #define PACKAGE "libosip2"
| #define VERSION "4.0.0"
| #define STDC_HEADERS 1
| #define HAVE_SYS_TYPES_H 1
| #define HAVE_SYS_STAT_H 1
| #define HAVE_STDLIB_H 1
| #define HAVE_STRING_H 1
| #define HAVE_MEMORY_H 1
| #define HAVE_STRINGS_H 1
| #define HAVE_INTTYPES_H 1
| #define HAVE_STDINT_H 1
| #define HAVE_UNISTD_H 1
| #define HAVE_DLFCN_H 1
| #define LT_OBJDIR ".libs/"
| #define HAVE_PTHREAD 1
| #define HAVE_SEMAPHORE_H 1
| #define HAVE_SYS_SEM_H 1
| #define HAVE_LRAND48 /**/
| #define STDC_HEADERS 1
| #define HAVE_STRING_H 1
| #define HAVE_STRINGS_H 1
| #define HAVE_STDLIB_H 1
| #define HAVE_UNISTD_H 1
| #define HAVE_SYS_TYPES_H 1
| #define HAVE_SYS_UNISTD_H 1
| #define HAVE_SYSLOG_H 1
| #define HAVE_CTYPE_H 1
| #define HAVE_STDIO_H 1
| #define HAVE_STDARG_H 1
| /* end confdefs.h.  */
| #include <varargs.h>
configure:13014: result: no
configure:13014: checking for varargs.h
configure:13014: result: no
configure:13026: checking fcntl.h usability
configure:13026: i486-TSOL-linux-gnu-gcc -c   -Wall -Wcast-align -Wchar-subscripts -Wformat -Winline -Wmissing-declarations -Wmissing-prototypes -Wnested-externs -Wpointer-arith conftest.c >&5
configure:13026: $? = 0
configure:13026: result: yes
configure:13026: checking fcntl.h presence
configure:13026: i486-TSOL-linux-gnu-gcc -E  -Wall -Wcast-align -Wchar-subscripts -Wformat -Winline -Wmissing-declarations -Wmissing-prototypes -Wnested-externs -Wpointer-arith conftest.c
configure:13026: $? = 0
configure:13026: result: yes
configure:13026: checking for fcntl.h
configure:13026: result: yes
configure:13038: checking time.h usability
configure:13038: i486-TSOL-linux-gnu-gcc -c   -Wall -Wcast-align -Wchar-subscripts -Wformat -Winline -Wmissing-declarations -Wmissing-prototypes -Wnested-externs -Wpointer-arith conftest.c >&5
configure:13038: $? = 0
configure:13038: result: yes
configure:13038: checking time.h presence
configure:13038: i486-TSOL-linux-gnu-gcc -E  -Wall -Wcast-align -Wchar-subscripts -Wformat -Winline -Wmissing-declarations -Wmissing-prototypes -Wnested-externs -Wpointer-arith conftest.c
configure:13038: $? = 0
configure:13038: result: yes
configure:13038: checking for time.h
configure:13038: result: yes
configure:13050: checking sys/time.h usability
configure:13050: i486-TSOL-linux-gnu-gcc -c   -Wall -Wcast-align -Wchar-subscripts -Wformat -Winline -Wmissing-declarations -Wmissing-prototypes -Wnested-externs -Wpointer-arith conftest.c >&5
configure:13050: $? = 0
configure:13050: result: yes
configure:13050: checking sys/time.h presence
configure:13050: i486-TSOL-linux-gnu-gcc -E  -Wall -Wcast-align -Wchar-subscripts -Wformat -Winline -Wmissing-declarations -Wmissing-prototypes -Wnested-externs -Wpointer-arith conftest.c
configure:13050: $? = 0
configure:13050: result: yes
configure:13050: checking for sys/time.h
configure:13050: result: yes
configure:13062: checking sys/select.h usability
configure:13062: i486-TSOL-linux-gnu-gcc -c   -Wall -Wcast-align -Wchar-subscripts -Wformat -Winline -Wmissing-declarations -Wmissing-prototypes -Wnested-externs -Wpointer-arith conftest.c >&5
configure:13062: $? = 0
configure:13062: result: yes
configure:13062: checking sys/select.h presence
configure:13062: i486-TSOL-linux-gnu-gcc -E  -Wall -Wcast-align -Wchar-subscripts -Wformat -Winline -Wmissing-declarations -Wmissing-prototypes -Wnested-externs -Wpointer-arith conftest.c
configure:13062: $? = 0
configure:13062: result: yes
configure:13062: checking for sys/select.h
configure:13062: result: yes
configure:13074: checking assert.h usability
configure:13074: i486-TSOL-linux-gnu-gcc -c   -Wall -Wcast-align -Wchar-subscripts -Wformat -Winline -Wmissing-declarations -Wmissing-prototypes -Wnested-externs -Wpointer-arith conftest.c >&5
configure:13074: $? = 0
configure:13074: result: yes
configure:13074: checking assert.h presence
configure:13074: i486-TSOL-linux-gnu-gcc -E  -Wall -Wcast-align -Wchar-subscripts -Wformat -Winline -Wmissing-declarations -Wmissing-prototypes -Wnested-externs -Wpointer-arith conftest.c
configure:13074: $? = 0
configure:13074: result: yes
configure:13074: checking for assert.h
configure:13074: result: yes
configure:13086: checking signal.h usability
configure:13086: i486-TSOL-linux-gnu-gcc -c   -Wall -Wcast-align -Wchar-subscripts -Wformat -Winline -Wmissing-declarations -Wmissing-prototypes -Wnested-externs -Wpointer-arith conftest.c >&5
configure:13086: $? = 0
configure:13086: result: yes
configure:13086: checking signal.h presence
configure:13086: i486-TSOL-linux-gnu-gcc -E  -Wall -Wcast-align -Wchar-subscripts -Wformat -Winline -Wmissing-declarations -Wmissing-prototypes -Wnested-externs -Wpointer-arith conftest.c
configure:13086: $? = 0
configure:13086: result: yes
configure:13086: checking for signal.h
configure:13086: result: yes
configure:13098: checking sys/signal.h usability
configure:13098: i486-TSOL-linux-gnu-gcc -c   -Wall -Wcast-align -Wchar-subscripts -Wformat -Winline -Wmissing-declarations -Wmissing-prototypes -Wnested-externs -Wpointer-arith conftest.c >&5
configure:13098: $? = 0
configure:13098: result: yes
configure:13098: checking sys/signal.h presence
configure:13098: i486-TSOL-linux-gnu-gcc -E  -Wall -Wcast-align -Wchar-subscripts -Wformat -Winline -Wmissing-declarations -Wmissing-prototypes -Wnested-externs -Wpointer-arith conftest.c
configure:13098: $? = 0
configure:13098: result: yes
configure:13098: checking for sys/signal.h
configure:13098: result: yes
configure:13110: checking malloc.h usability
configure:13110: i486-TSOL-linux-gnu-gcc -c   -Wall -Wcast-align -Wchar-subscripts -Wformat -Winline -Wmissing-declarations -Wmissing-prototypes -Wnested-externs -Wpointer-arith conftest.c >&5
configure:13110: $? = 0
configure:13110: result: yes
configure:13110: checking malloc.h presence
configure:13110: i486-TSOL-linux-gnu-gcc -E  -Wall -Wcast-align -Wchar-subscripts -Wformat -Winline -Wmissing-declarations -Wmissing-prototypes -Wnested-externs -Wpointer-arith conftest.c
configure:13110: $? = 0
configure:13110: result: yes
configure:13110: checking for malloc.h
configure:13110: result: yes
configure:13121: checking for struct timeval
configure:13121: i486-TSOL-linux-gnu-gcc -c   -Wall -Wcast-align -Wchar-subscripts -Wformat -Winline -Wmissing-declarations -Wmissing-prototypes -Wnested-externs -Wpointer-arith conftest.c >&5
configure:13121: $? = 0
configure:13121: i486-TSOL-linux-gnu-gcc -c   -Wall -Wcast-align -Wchar-subscripts -Wformat -Winline -Wmissing-declarations -Wmissing-prototypes -Wnested-externs -Wpointer-arith conftest.c >&5
conftest.c: In function 'main':
conftest.c:62:29: error: expected expression before ')' token
configure:13121: $? = 1
configure: failed program was:
| /* confdefs.h */
| #define PACKAGE_NAME ""
| #define PACKAGE_TARNAME ""
| #define PACKAGE_VERSION ""
| #define PACKAGE_STRING ""
| #define PACKAGE_BUGREPORT ""
| #define PACKAGE_URL ""
| #define PACKAGE "libosip2"
| #define VERSION "4.0.0"
| #define STDC_HEADERS 1
| #define HAVE_SYS_TYPES_H 1
| #define HAVE_SYS_STAT_H 1
| #define HAVE_STDLIB_H 1
| #define HAVE_STRING_H 1
| #define HAVE_MEMORY_H 1
| #define HAVE_STRINGS_H 1
| #define HAVE_INTTYPES_H 1
| #define HAVE_STDINT_H 1
| #define HAVE_UNISTD_H 1
| #define HAVE_DLFCN_H 1
| #define LT_OBJDIR ".libs/"
| #define HAVE_PTHREAD 1
| #define HAVE_SEMAPHORE_H 1
| #define HAVE_SYS_SEM_H 1
| #define HAVE_LRAND48 /**/
| #define STDC_HEADERS 1
| #define HAVE_STRING_H 1
| #define HAVE_STRINGS_H 1
| #define HAVE_STDLIB_H 1
| #define HAVE_UNISTD_H 1
| #define HAVE_SYS_TYPES_H 1
| #define HAVE_SYS_UNISTD_H 1
| #define HAVE_SYSLOG_H 1
| #define HAVE_CTYPE_H 1
| #define HAVE_STDIO_H 1
| #define HAVE_STDARG_H 1
| #define HAVE_FCNTL_H 1
| #define HAVE_TIME_H 1
| #define HAVE_SYS_TIME_H 1
| #define HAVE_SYS_SELECT_H 1
| #define HAVE_ASSERT_H 1
| #define HAVE_SIGNAL_H 1
| #define HAVE_SYS_SIGNAL_H 1
| #define HAVE_MALLOC_H 1
| /* end confdefs.h.  */
| 
|      #if TIME_WITH_SYS_TIME
|      # include <sys/time.h>
|      # include <time.h>
|      #else
|      # if HAVE_SYS_TIME_H
|      #  include <sys/time.h>
|      # else
|      #  include <time.h>
|      # endif
|      #endif
| 
| 
| int
| main ()
| {
| if (sizeof ((struct timeval)))
| 	    return 0;
|   ;
|   return 0;
| }
configure:13121: result: yes
configure:13292: creating ./config.status

## ---------------------- ##
## Running config.status. ##
## ---------------------- ##

This file was extended by config.status, which was
generated by GNU Autoconf 2.68.  Invocation command line was

  CONFIG_FILES    = 
  CONFIG_HEADERS  = 
  CONFIG_LINKS    = 
  CONFIG_COMMANDS = 
  $ ./config.status 

on ubuntu4

config.status:1149: creating libosip2.pc
config.status:1149: creating Makefile
config.status:1149: creating scripts/Makefile
config.status:1149: creating src/Makefile
config.status:1149: creating src/osipparser2/Makefile
config.status:1149: creating src/osip2/Makefile
config.status:1149: creating src/test/Makefile
config.status:1149: creating src/test/res/Makefile
config.status:1149: creating include/Makefile
config.status:1149: creating include/osip2/Makefile
config.status:1149: creating include/osipparser2/Makefile
config.status:1149: creating include/osipparser2/headers/Makefile
config.status:1149: creating help/Makefile
config.status:1149: creating help/man/Makefile
config.status:1149: creating help/doxygen/Makefile
config.status:1149: creating platform/Makefile
config.status:1149: creating platform/rpm/Makefile
config.status:1149: creating platform/vsnet/Makefile
config.status:1149: creating platform/wince/Makefile
config.status:1149: creating include/osip2/doxygen.dox
config.status:1149: creating osip-config.h
config.status:1330: osip-config.h is unchanged
config.status:1378: executing depfiles commands
config.status:1378: executing libtool commands

## ---------------- ##
## Cache variables. ##
## ---------------- ##

Wall_cv_flag=yes
Wcast_align_cv_flag=yes
Wchar_subscripts_cv_flag=yes
Wformat_cv_flag=yes
Winline_cv_flag=yes
Wmissing_declarations_cv_flag=yes
Wmissing_prototypes_cv_flag=yes
Wnested_externs_cv_flag=yes
Wpointer_arith_cv_flag=yes
ac_cv_build=i686-pc-linux-gnu
ac_cv_c_compiler_gnu=yes
ac_cv_env_CC_set=set
ac_cv_env_CC_value=i486-TSOL-linux-gnu-gcc
ac_cv_env_CFLAGS_set=set
ac_cv_env_CFLAGS_value=-Os
ac_cv_env_CPPFLAGS_set=
ac_cv_env_CPPFLAGS_value=
ac_cv_env_CPP_set=
ac_cv_env_CPP_value=
ac_cv_env_LDFLAGS_set=set
ac_cv_env_LDFLAGS_value=-static-libgcc
ac_cv_env_LIBS_set=
ac_cv_env_LIBS_value=
ac_cv_env_build_alias_set=
ac_cv_env_build_alias_value=
ac_cv_env_host_alias_set=
ac_cv_env_host_alias_value=
ac_cv_env_target_alias_set=
ac_cv_env_target_alias_value=
ac_cv_header_assert_h=yes
ac_cv_header_ctype_h=yes
ac_cv_header_dlfcn_h=yes
ac_cv_header_fcntl_h=yes
ac_cv_header_inttypes_h=yes
ac_cv_header_malloc_h=yes
ac_cv_header_memory_h=yes
ac_cv_header_semaphore_h=yes
ac_cv_header_signal_h=yes
ac_cv_header_stdarg_h=yes
ac_cv_header_stdc=yes
ac_cv_header_stdint_h=yes
ac_cv_header_stdio_h=yes
ac_cv_header_stdlib_h=yes
ac_cv_header_string_h=yes
ac_cv_header_strings_h=yes
ac_cv_header_sys_select_h=yes
ac_cv_header_sys_sem_h=yes
ac_cv_header_sys_signal_h=yes
ac_cv_header_sys_stat_h=yes
ac_cv_header_sys_time_h=yes
ac_cv_header_sys_types_h=yes
ac_cv_header_sys_unistd_h=yes
ac_cv_header_syslog_h=yes
ac_cv_header_time_h=yes
ac_cv_header_unistd_h=yes
ac_cv_header_varargs_h=no
ac_cv_host=i686-pc-linux-gnu
ac_cv_lib_c_lrand48=yes
ac_cv_lib_nsl_nis_add=yes
ac_cv_lib_posix4_sem_open=no
ac_cv_lib_socket_sendto=no
ac_cv_objext=o
ac_cv_path_EGREP='/usr/bin/grep -E'
ac_cv_path_FGREP='/usr/bin/grep -F'
ac_cv_path_GREP=/usr/bin/grep
ac_cv_path_SED=/usr/bin/sed
ac_cv_path_install='/bin/install -c'
ac_cv_path_mkdir=/bin/mkdir
ac_cv_prog_AWK=gawk
ac_cv_prog_CPP='i486-TSOL-linux-gnu-gcc -E'
ac_cv_prog_PTHREAD_CC=i486-TSOL-linux-gnu-gcc
ac_cv_prog_ac_ct_AR=ar
ac_cv_prog_ac_ct_CC=i486-TSOL-linux-gnu-gcc
ac_cv_prog_ac_ct_DLLTOOL=dlltool
ac_cv_prog_ac_ct_OBJDUMP=objdump
ac_cv_prog_ac_ct_RANLIB=ranlib
ac_cv_prog_ac_ct_STRIP=strip
ac_cv_prog_cc_c89=
ac_cv_prog_cc_g=yes
ac_cv_prog_make_make_set=yes
ac_cv_type_struct_timeval=yes
am_cv_CC_dependencies_compiler_type=gcc3
lt_cv_ar_at_file=@
lt_cv_archive_cmds_need_lc=no
lt_cv_deplibs_check_method=pass_all
lt_cv_file_magic_cmd='$MAGIC_CMD'
lt_cv_file_magic_test_file=
lt_cv_ld_reload_flag=-r
lt_cv_nm_interface='BSD nm'
lt_cv_objdir=.libs
lt_cv_path_LD=i486-TSOL-linux-gnu-ld
lt_cv_path_NM='/toolchain/i486-TSOL-linux-gnu/bin//nm -B'
lt_cv_path_mainfest_tool=no
lt_cv_prog_compiler_c_o=yes
lt_cv_prog_compiler_pic='-fPIC -DPIC'
lt_cv_prog_compiler_pic_works=yes
lt_cv_prog_compiler_rtti_exceptions=no
lt_cv_prog_compiler_static_works=yes
lt_cv_prog_gnu_ld=yes
lt_cv_sharedlib_from_linklib_cmd='printf %s\n'
lt_cv_shlibpath_overrides_runpath=yes
lt_cv_sys_global_symbol_pipe='sed -n -e '\''s/^.*[	 ]\([ABCDGIRSTW][ABCDGIRSTW]*\)[	 ][	 ]*\([_A-Za-z][_A-Za-z0-9]*\)$/\1 \2 \2/p'\'' | sed '\''/ __gnu_lto/d'\'''
lt_cv_sys_global_symbol_to_c_name_address='sed -n -e '\''s/^: \([^ ]*\)[ ]*$/  {\"\1\", (void *) 0},/p'\'' -e '\''s/^[ABCDGIRSTW]* \([^ ]*\) \([^ ]*\)$/  {"\2", (void *) \&\2},/p'\'''
lt_cv_sys_global_symbol_to_c_name_address_lib_prefix='sed -n -e '\''s/^: \([^ ]*\)[ ]*$/  {\"\1\", (void *) 0},/p'\'' -e '\''s/^[ABCDGIRSTW]* \([^ ]*\) \(lib[^ ]*\)$/  {"\2", (void *) \&\2},/p'\'' -e '\''s/^[ABCDGIRSTW]* \([^ ]*\) \([^ ]*\)$/  {"lib\2", (void *) \&\2},/p'\'''
lt_cv_sys_global_symbol_to_cdecl='sed -n -e '\''s/^T .* \(.*\)$/extern int \1();/p'\'' -e '\''s/^[ABCDGIRSTW]* .* \(.*\)$/extern char \1;/p'\'''
lt_cv_sys_max_cmd_len=1572864
lt_cv_to_host_file_cmd=func_convert_file_noop
lt_cv_to_tool_file_cmd=func_convert_file_noop

## ----------------- ##
## Output variables. ##
## ----------------- ##

ACLOCAL='${SHELL} /source/libosip2-4.0.0/scripts/missing --run aclocal-1.11 -I scripts'
AMDEPBACKSLASH='\'
AMDEP_FALSE='#'
AMDEP_TRUE=''
AMTAR='${SHELL} /source/libosip2-4.0.0/scripts/missing --run tar'
AR='ar'
AS='as'
AUTOCONF='${SHELL} /source/libosip2-4.0.0/scripts/missing --run autoconf'
AUTOHEADER='${SHELL} /source/libosip2-4.0.0/scripts/missing --run autoheader'
AUTOMAKE='${SHELL} /source/libosip2-4.0.0/scripts/missing --run automake-1.11'
AWK='gawk'
BUILD_MAXSIZE_FALSE='#'
BUILD_MAXSIZE_TRUE=''
BUILD_MT_FALSE='#'
BUILD_MT_TRUE=''
CC='i486-TSOL-linux-gnu-gcc'
CCDEPMODE='depmode=gcc3'
CFLAGS=''
COMPILE_TESTS_FALSE=''
COMPILE_TESTS_TRUE='#'
CPP='i486-TSOL-linux-gnu-gcc -E'
CPPFLAGS=' -Wall -Wcast-align -Wchar-subscripts -Wformat -Winline -Wmissing-declarations -Wmissing-prototypes -Wnested-externs -Wpointer-arith'
CYGPATH_W='echo'
DEFS='-DHAVE_CONFIG_H'
DEPDIR='.deps'
DLLTOOL='dlltool'
DSYMUTIL=''
DUMPBIN=''
ECHO_C=''
ECHO_N='-n'
ECHO_T=''
EGREP='/usr/bin/grep -E'
EXEEXT=''
EXTRA_LIB=''
FGREP='/usr/bin/grep -F'
FSM_LIB=' -lnsl'
GREP='/usr/bin/grep'
INSIDE_GNOME_COMMON_FALSE=''
INSIDE_GNOME_COMMON_TRUE='#'
INSTALL_DATA='${INSTALL} -m 644'
INSTALL_PROGRAM='${INSTALL}'
INSTALL_SCRIPT='${INSTALL}'
INSTALL_STRIP_PROGRAM='$(install_sh) -c -s'
LD='i486-TSOL-linux-gnu-ld'
LDFLAGS='-static-libgcc'
LIBOBJS=''
LIBOSIP_SO_VERSION='10:0:0'
LIBS=''
LIBTOOL='$(SHELL) $(top_builddir)/libtool'
LIPO=''
LN_S='ln -s'
LTLIBOBJS=''
MAKEINFO='${SHELL} /source/libosip2-4.0.0/scripts/missing --run makeinfo'
MANIFEST_TOOL=':'
MKDIR_P='/bin/mkdir -p'
NM='/toolchain/i486-TSOL-linux-gnu/bin//nm -B'
NMEDIT=''
OBJDUMP='objdump'
OBJEXT='o'
OSIP_VERSION='4.0.0'
OTOOL64=''
OTOOL=''
PACKAGE='libosip2'
PACKAGE_BUGREPORT=''
PACKAGE_NAME=''
PACKAGE_STRING=''
PACKAGE_TARNAME=''
PACKAGE_URL=''
PACKAGE_VERSION=''
PARSER_LIB=''
PATH_SEPARATOR=':'
PTHREAD_CC='i486-TSOL-linux-gnu-gcc'
PTHREAD_CFLAGS='-pthread'
PTHREAD_LIBS=''
RANLIB='ranlib'
SED='/usr/bin/sed'
SET_MAKE=''
SHELL='/bin/sh'
SIP_CFLAGS=' '
SIP_EXTRA_FLAGS=' -pedantic -g -DENABLE_TRACE'
SIP_FSM_FLAGS=''
SIP_PARSER_FLAGS=''
STRIP='strip'
VERSION='4.0.0'
ac_ct_AR='ar'
ac_ct_CC='i486-TSOL-linux-gnu-gcc'
ac_ct_DUMPBIN=''
am__EXEEXT_FALSE=''
am__EXEEXT_TRUE='#'
am__fastdepCC_FALSE='#'
am__fastdepCC_TRUE=''
am__include='include'
am__isrc=''
am__leading_dot='.'
am__quote=''
am__tar='${AMTAR} chof - "$$tardir"'
am__untar='${AMTAR} xf -'
bindir='${exec_prefix}/bin'
build='i686-pc-linux-gnu'
build_alias=''
build_cpu='i686'
build_os='linux-gnu'
build_vendor='pc'
datadir='${datarootdir}'
datarootdir='${prefix}/share'
docdir='${datarootdir}/doc/${PACKAGE}'
dvidir='${docdir}'
exec_prefix='${prefix}'
host='i686-pc-linux-gnu'
host_alias=''
host_cpu='i686'
host_os='linux-gnu'
host_vendor='pc'
htmldir='${docdir}'
includedir='${prefix}/include'
infodir='${datarootdir}/info'
install_sh='${SHELL} /source/libosip2-4.0.0/scripts/install-sh'
libdir='${exec_prefix}/lib'
libexecdir='${exec_prefix}/libexec'
localedir='${datarootdir}/locale'
localstatedir='${prefix}/var'
mandir='${datarootdir}/man'
mkdir_p='/bin/mkdir -p'
oldincludedir='/usr/include'
pdfdir='${docdir}'
prefix='/usr'
program_transform_name='s,x,x,'
psdir='${docdir}'
sbindir='${exec_prefix}/sbin'
sharedstatedir='${prefix}/com'
sysconfdir='${prefix}/etc'
target_alias=''

## ----------- ##
## confdefs.h. ##
## ----------- ##

/* confdefs.h */
#define PACKAGE_NAME ""
#define PACKAGE_TARNAME ""
#define PACKAGE_VERSION ""
#define PACKAGE_STRING ""
#define PACKAGE_BUGREPORT ""
#define PACKAGE_URL ""
#define PACKAGE "libosip2"
#define VERSION "4.0.0"
#define STDC_HEADERS 1
#define HAVE_SYS_TYPES_H 1
#define HAVE_SYS_STAT_H 1
#define HAVE_STDLIB_H 1
#define HAVE_STRING_H 1
#define HAVE_MEMORY_H 1
#define HAVE_STRINGS_H 1
#define HAVE_INTTYPES_H 1
#define HAVE_STDINT_H 1
#define HAVE_UNISTD_H 1
#define HAVE_DLFCN_H 1
#define LT_OBJDIR ".libs/"
#define HAVE_PTHREAD 1
#define HAVE_SEMAPHORE_H 1
#define HAVE_SYS_SEM_H 1
#define HAVE_LRAND48 /**/
#define STDC_HEADERS 1
#define HAVE_STRING_H 1
#define HAVE_STRINGS_H 1
#define HAVE_STDLIB_H 1
#define HAVE_UNISTD_H 1
#define HAVE_SYS_TYPES_H 1
#define HAVE_SYS_UNISTD_H 1
#define HAVE_SYSLOG_H 1
#define HAVE_CTYPE_H 1
#define HAVE_STDIO_H 1
#define HAVE_STDARG_H 1
#define HAVE_FCNTL_H 1
#define HAVE_TIME_H 1
#define HAVE_SYS_TIME_H 1
#define HAVE_SYS_SELECT_H 1
#define HAVE_ASSERT_H 1
#define HAVE_SIGNAL_H 1
#define HAVE_SYS_SIGNAL_H 1
#define HAVE_MALLOC_H 1
#define HAVE_STRUCT_TIMEVAL 1

configure: exit 0
