Determining if files sys/modem.h exist failed with the following output:
Change Dir: /source/clients/freerdp-git-11032013/CMakeFiles/CMakeTmp

Run Build Command:/usr/bin/make "cmTryCompileExec237252103/fast"
/usr/bin/make -f CMakeFiles/cmTryCompileExec237252103.dir/build.make CMakeFiles/cmTryCompileExec237252103.dir/build
make[1]: Entering directory `/source/clients/freerdp-git-11032013/CMakeFiles/CMakeTmp'
/usr/bin/cmake -E cmake_progress_report /source/clients/freerdp-git-11032013/CMakeFiles/CMakeTmp/CMakeFiles 1
Building C object CMakeFiles/cmTryCompileExec237252103.dir/CheckIncludeFiles.c.o
/toolchain/bin/i486-TSOL-linux-gnu-gcc   -Os  -march=i686 -Wall -Wno-unused-result -Wno-unused-but-set-variable -Wno-deprecated-declarations -O2 -msse2 -DWINPR_EXPORTS -DFREERDP_EXPORTS     -o CMakeFiles/cmTryCompileExec237252103.dir/CheckIncludeFiles.c.o   -c /source/clients/freerdp-git-11032013/CMakeFiles/CMakeTmp/CheckIncludeFiles.c
/source/clients/freerdp-git-11032013/CMakeFiles/CMakeTmp/CheckIncludeFiles.c:2:23: fatal error: sys/modem.h: No such file or directory
compilation terminated.
make[1]: Leaving directory `/source/clients/freerdp-git-11032013/CMakeFiles/CMakeTmp'
make[1]: *** [CMakeFiles/cmTryCompileExec237252103.dir/CheckIncludeFiles.c.o] Error 1
make: *** [cmTryCompileExec237252103/fast] Error 2

Source:
/* */
#include <sys/modem.h>


int main(){return 0;}

Determining if files sys/filio.h exist failed with the following output:
Change Dir: /source/clients/freerdp-git-11032013/CMakeFiles/CMakeTmp

Run Build Command:/usr/bin/make "cmTryCompileExec409934182/fast"
/usr/bin/make -f CMakeFiles/cmTryCompileExec409934182.dir/build.make CMakeFiles/cmTryCompileExec409934182.dir/build
make[1]: Entering directory `/source/clients/freerdp-git-11032013/CMakeFiles/CMakeTmp'
/usr/bin/cmake -E cmake_progress_report /source/clients/freerdp-git-11032013/CMakeFiles/CMakeTmp/CMakeFiles 1
Building C object CMakeFiles/cmTryCompileExec409934182.dir/CheckIncludeFiles.c.o
/toolchain/bin/i486-TSOL-linux-gnu-gcc   -Os  -march=i686 -Wall -Wno-unused-result -Wno-unused-but-set-variable -Wno-deprecated-declarations -O2 -msse2 -DWINPR_EXPORTS -DFREERDP_EXPORTS     -o CMakeFiles/cmTryCompileExec409934182.dir/CheckIncludeFiles.c.o   -c /source/clients/freerdp-git-11032013/CMakeFiles/CMakeTmp/CheckIncludeFiles.c
/source/clients/freerdp-git-11032013/CMakeFiles/CMakeTmp/CheckIncludeFiles.c:2:23: fatal error: sys/filio.h: No such file or directory
compilation terminated.
make[1]: Leaving directory `/source/clients/freerdp-git-11032013/CMakeFiles/CMakeTmp'
make[1]: *** [CMakeFiles/cmTryCompileExec409934182.dir/CheckIncludeFiles.c.o] Error 1
make: *** [cmTryCompileExec409934182/fast] Error 2

Source:
/* */
#include <sys/filio.h>


int main(){return 0;}

Determining if files sys/strtio.h exist failed with the following output:
Change Dir: /source/clients/freerdp-git-11032013/CMakeFiles/CMakeTmp

Run Build Command:/usr/bin/make "cmTryCompileExec955940520/fast"
/usr/bin/make -f CMakeFiles/cmTryCompileExec955940520.dir/build.make CMakeFiles/cmTryCompileExec955940520.dir/build
make[1]: Entering directory `/source/clients/freerdp-git-11032013/CMakeFiles/CMakeTmp'
/usr/bin/cmake -E cmake_progress_report /source/clients/freerdp-git-11032013/CMakeFiles/CMakeTmp/CMakeFiles 1
Building C object CMakeFiles/cmTryCompileExec955940520.dir/CheckIncludeFiles.c.o
/toolchain/bin/i486-TSOL-linux-gnu-gcc   -Os  -march=i686 -Wall -Wno-unused-result -Wno-unused-but-set-variable -Wno-deprecated-declarations -O2 -msse2 -DWINPR_EXPORTS -DFREERDP_EXPORTS     -o CMakeFiles/cmTryCompileExec955940520.dir/CheckIncludeFiles.c.o   -c /source/clients/freerdp-git-11032013/CMakeFiles/CMakeTmp/CheckIncludeFiles.c
/source/clients/freerdp-git-11032013/CMakeFiles/CMakeTmp/CheckIncludeFiles.c:2:24: fatal error: sys/strtio.h: No such file or directory
compilation terminated.
make[1]: Leaving directory `/source/clients/freerdp-git-11032013/CMakeFiles/CMakeTmp'
make[1]: *** [CMakeFiles/cmTryCompileExec955940520.dir/CheckIncludeFiles.c.o] Error 1
make: *** [cmTryCompileExec955940520/fast] Error 2

Source:
/* */
#include <sys/strtio.h>


int main(){return 0;}

Determining if the pthread_create exist failed with the following output:
Change Dir: /source/clients/freerdp-git-11032013/CMakeFiles/CMakeTmp

Run Build Command:/usr/bin/make "cmTryCompileExec1418116157/fast"
/usr/bin/make -f CMakeFiles/cmTryCompileExec1418116157.dir/build.make CMakeFiles/cmTryCompileExec1418116157.dir/build
make[1]: Entering directory `/source/clients/freerdp-git-11032013/CMakeFiles/CMakeTmp'
/usr/bin/cmake -E cmake_progress_report /source/clients/freerdp-git-11032013/CMakeFiles/CMakeTmp/CMakeFiles 1
Building C object CMakeFiles/cmTryCompileExec1418116157.dir/CheckSymbolExists.c.o
/toolchain/bin/i486-TSOL-linux-gnu-gcc   -Os  -march=i686 -Wall -Wno-unused-result -Wno-unused-but-set-variable -Wno-deprecated-declarations -O2 -msse2 -DWINPR_EXPORTS -DFREERDP_EXPORTS     -o CMakeFiles/cmTryCompileExec1418116157.dir/CheckSymbolExists.c.o   -c /source/clients/freerdp-git-11032013/CMakeFiles/CMakeTmp/CheckSymbolExists.c
Linking C executable cmTryCompileExec1418116157
/usr/bin/cmake -E cmake_link_script CMakeFiles/cmTryCompileExec1418116157.dir/link.txt --verbose=1
/toolchain/bin/i486-TSOL-linux-gnu-gcc   -Os  -march=i686 -Wall -Wno-unused-result -Wno-unused-but-set-variable -Wno-deprecated-declarations -O2 -msse2 -DWINPR_EXPORTS -DFREERDP_EXPORTS     -static-libgcc CMakeFiles/cmTryCompileExec1418116157.dir/CheckSymbolExists.c.o  -o cmTryCompileExec1418116157 -rdynamic 
CMakeFiles/cmTryCompileExec1418116157.dir/CheckSymbolExists.c.o: In function `main':
CheckSymbolExists.c:(.text.startup+0x7): undefined reference to `pthread_create'
collect2: ld returned 1 exit status
make[1]: Leaving directory `/source/clients/freerdp-git-11032013/CMakeFiles/CMakeTmp'
make[1]: *** [cmTryCompileExec1418116157] Error 1
make: *** [cmTryCompileExec1418116157/fast] Error 2

File /source/clients/freerdp-git-11032013/CMakeFiles/CMakeTmp/CheckSymbolExists.c:
/* */
#include <pthread.h>

int main(int argc, char** argv)
{
  (void)argv;
#ifndef pthread_create
  return ((int*)(&pthread_create))[argc];
#else
  (void)argc;
  return 0;
#endif
}

Determining if the function pthread_create exists in the pthreads failed with the following output:
Change Dir: /source/clients/freerdp-git-11032013/CMakeFiles/CMakeTmp

Run Build Command:/usr/bin/make "cmTryCompileExec2629370160/fast"
/usr/bin/make -f CMakeFiles/cmTryCompileExec2629370160.dir/build.make CMakeFiles/cmTryCompileExec2629370160.dir/build
make[1]: Entering directory `/source/clients/freerdp-git-11032013/CMakeFiles/CMakeTmp'
/usr/bin/cmake -E cmake_progress_report /source/clients/freerdp-git-11032013/CMakeFiles/CMakeTmp/CMakeFiles 1
Building C object CMakeFiles/cmTryCompileExec2629370160.dir/CheckFunctionExists.c.o
/toolchain/bin/i486-TSOL-linux-gnu-gcc   -Os  -march=i686 -Wall -Wno-unused-result -Wno-unused-but-set-variable -Wno-deprecated-declarations -O2 -msse2 -DWINPR_EXPORTS -DFREERDP_EXPORTS  -DCHECK_FUNCTION_EXISTS=pthread_create   -o CMakeFiles/cmTryCompileExec2629370160.dir/CheckFunctionExists.c.o   -c /usr/share/cmake-2.8/Modules/CheckFunctionExists.c
Linking C executable cmTryCompileExec2629370160
/usr/bin/cmake -E cmake_link_script CMakeFiles/cmTryCompileExec2629370160.dir/link.txt --verbose=1
/toolchain/bin/i486-TSOL-linux-gnu-gcc   -Os  -march=i686 -Wall -Wno-unused-result -Wno-unused-but-set-variable -Wno-deprecated-declarations -O2 -msse2 -DWINPR_EXPORTS -DFREERDP_EXPORTS  -DCHECK_FUNCTION_EXISTS=pthread_create   -static-libgcc CMakeFiles/cmTryCompileExec2629370160.dir/CheckFunctionExists.c.o  -o cmTryCompileExec2629370160 -rdynamic -lpthreads 
/toolchain/lib/gcc/i486-TSOL-linux-gnu/4.6.3/../../../../i486-TSOL-linux-gnu/bin/ld: cannot find -lpthreads
collect2: ld returned 1 exit status
make[1]: Leaving directory `/source/clients/freerdp-git-11032013/CMakeFiles/CMakeTmp'
make[1]: *** [cmTryCompileExec2629370160] Error 1
make: *** [cmTryCompileExec2629370160/fast] Error 2


Determining if files sys/modem.h exist failed with the following output:
Change Dir: /source/clients/freerdp-git-11032013/CMakeFiles/CMakeTmp

Run Build Command:/usr/bin/make "cmTryCompileExec1870872998/fast"
/usr/bin/make -f CMakeFiles/cmTryCompileExec1870872998.dir/build.make CMakeFiles/cmTryCompileExec1870872998.dir/build
make[1]: Entering directory `/source/clients/freerdp-git-11032013/CMakeFiles/CMakeTmp'
/usr/bin/cmake -E cmake_progress_report /source/clients/freerdp-git-11032013/CMakeFiles/CMakeTmp/CMakeFiles 1
Building C object CMakeFiles/cmTryCompileExec1870872998.dir/CheckIncludeFiles.c.o
/toolchain/bin/i486-TSOL-linux-gnu-gcc   -Os  -march=i686 -Wall -Wno-unused-result -Wno-unused-but-set-variable -Wno-deprecated-declarations -O2 -msse2 -DWINPR_EXPORTS -DFREERDP_EXPORTS     -o CMakeFiles/cmTryCompileExec1870872998.dir/CheckIncludeFiles.c.o   -c /source/clients/freerdp-git-11032013/CMakeFiles/CMakeTmp/CheckIncludeFiles.c
/source/clients/freerdp-git-11032013/CMakeFiles/CMakeTmp/CheckIncludeFiles.c:2:23: fatal error: sys/modem.h: No such file or directory
compilation terminated.
make[1]: Leaving directory `/source/clients/freerdp-git-11032013/CMakeFiles/CMakeTmp'
make[1]: *** [CMakeFiles/cmTryCompileExec1870872998.dir/CheckIncludeFiles.c.o] Error 1
make: *** [cmTryCompileExec1870872998/fast] Error 2

Source:
/* */
#include <sys/modem.h>


int main(){return 0;}

Determining if files sys/filio.h exist failed with the following output:
Change Dir: /source/clients/freerdp-git-11032013/CMakeFiles/CMakeTmp

Run Build Command:/usr/bin/make "cmTryCompileExec2352493312/fast"
/usr/bin/make -f CMakeFiles/cmTryCompileExec2352493312.dir/build.make CMakeFiles/cmTryCompileExec2352493312.dir/build
make[1]: Entering directory `/source/clients/freerdp-git-11032013/CMakeFiles/CMakeTmp'
/usr/bin/cmake -E cmake_progress_report /source/clients/freerdp-git-11032013/CMakeFiles/CMakeTmp/CMakeFiles 1
Building C object CMakeFiles/cmTryCompileExec2352493312.dir/CheckIncludeFiles.c.o
/toolchain/bin/i486-TSOL-linux-gnu-gcc   -Os  -march=i686 -Wall -Wno-unused-result -Wno-unused-but-set-variable -Wno-deprecated-declarations -O2 -msse2 -DWINPR_EXPORTS -DFREERDP_EXPORTS     -o CMakeFiles/cmTryCompileExec2352493312.dir/CheckIncludeFiles.c.o   -c /source/clients/freerdp-git-11032013/CMakeFiles/CMakeTmp/CheckIncludeFiles.c
/source/clients/freerdp-git-11032013/CMakeFiles/CMakeTmp/CheckIncludeFiles.c:2:23: fatal error: sys/filio.h: No such file or directory
compilation terminated.
make[1]: Leaving directory `/source/clients/freerdp-git-11032013/CMakeFiles/CMakeTmp'
make[1]: *** [CMakeFiles/cmTryCompileExec2352493312.dir/CheckIncludeFiles.c.o] Error 1
make: *** [cmTryCompileExec2352493312/fast] Error 2

Source:
/* */
#include <sys/filio.h>


int main(){return 0;}

Determining if files sys/strtio.h exist failed with the following output:
Change Dir: /source/clients/freerdp-git-11032013/CMakeFiles/CMakeTmp

Run Build Command:/usr/bin/make "cmTryCompileExec1763406233/fast"
/usr/bin/make -f CMakeFiles/cmTryCompileExec1763406233.dir/build.make CMakeFiles/cmTryCompileExec1763406233.dir/build
make[1]: Entering directory `/source/clients/freerdp-git-11032013/CMakeFiles/CMakeTmp'
/usr/bin/cmake -E cmake_progress_report /source/clients/freerdp-git-11032013/CMakeFiles/CMakeTmp/CMakeFiles 1
Building C object CMakeFiles/cmTryCompileExec1763406233.dir/CheckIncludeFiles.c.o
/toolchain/bin/i486-TSOL-linux-gnu-gcc   -Os  -march=i686 -Wall -Wno-unused-result -Wno-unused-but-set-variable -Wno-deprecated-declarations -O2 -msse2 -DWINPR_EXPORTS -DFREERDP_EXPORTS     -o CMakeFiles/cmTryCompileExec1763406233.dir/CheckIncludeFiles.c.o   -c /source/clients/freerdp-git-11032013/CMakeFiles/CMakeTmp/CheckIncludeFiles.c
/source/clients/freerdp-git-11032013/CMakeFiles/CMakeTmp/CheckIncludeFiles.c:2:24: fatal error: sys/strtio.h: No such file or directory
compilation terminated.
make[1]: Leaving directory `/source/clients/freerdp-git-11032013/CMakeFiles/CMakeTmp'
make[1]: *** [CMakeFiles/cmTryCompileExec1763406233.dir/CheckIncludeFiles.c.o] Error 1
make: *** [cmTryCompileExec1763406233/fast] Error 2

Source:
/* */
#include <sys/strtio.h>


int main(){return 0;}

Determining if the pthread_create exist failed with the following output:
Change Dir: /source/clients/freerdp-git-11032013/CMakeFiles/CMakeTmp

Run Build Command:/usr/bin/make "cmTryCompileExec1025463660/fast"
/usr/bin/make -f CMakeFiles/cmTryCompileExec1025463660.dir/build.make CMakeFiles/cmTryCompileExec1025463660.dir/build
make[1]: Entering directory `/source/clients/freerdp-git-11032013/CMakeFiles/CMakeTmp'
/usr/bin/cmake -E cmake_progress_report /source/clients/freerdp-git-11032013/CMakeFiles/CMakeTmp/CMakeFiles 1
Building C object CMakeFiles/cmTryCompileExec1025463660.dir/CheckSymbolExists.c.o
/toolchain/bin/i486-TSOL-linux-gnu-gcc   -Os  -march=i686 -Wall -Wno-unused-result -Wno-unused-but-set-variable -Wno-deprecated-declarations -O2 -msse2 -DWINPR_EXPORTS -DFREERDP_EXPORTS     -o CMakeFiles/cmTryCompileExec1025463660.dir/CheckSymbolExists.c.o   -c /source/clients/freerdp-git-11032013/CMakeFiles/CMakeTmp/CheckSymbolExists.c
Linking C executable cmTryCompileExec1025463660
/usr/bin/cmake -E cmake_link_script CMakeFiles/cmTryCompileExec1025463660.dir/link.txt --verbose=1
/toolchain/bin/i486-TSOL-linux-gnu-gcc   -Os  -march=i686 -Wall -Wno-unused-result -Wno-unused-but-set-variable -Wno-deprecated-declarations -O2 -msse2 -DWINPR_EXPORTS -DFREERDP_EXPORTS     -static-libgcc CMakeFiles/cmTryCompileExec1025463660.dir/CheckSymbolExists.c.o  -o cmTryCompileExec1025463660 -rdynamic 
CMakeFiles/cmTryCompileExec1025463660.dir/CheckSymbolExists.c.o: In function `main':
CheckSymbolExists.c:(.text.startup+0x7): undefined reference to `pthread_create'
collect2: ld returned 1 exit status
make[1]: Leaving directory `/source/clients/freerdp-git-11032013/CMakeFiles/CMakeTmp'
make[1]: *** [cmTryCompileExec1025463660] Error 1
make: *** [cmTryCompileExec1025463660/fast] Error 2

File /source/clients/freerdp-git-11032013/CMakeFiles/CMakeTmp/CheckSymbolExists.c:
/* */
#include <pthread.h>

int main(int argc, char** argv)
{
  (void)argv;
#ifndef pthread_create
  return ((int*)(&pthread_create))[argc];
#else
  (void)argc;
  return 0;
#endif
}

Determining if the function pthread_create exists in the pthreads failed with the following output:
Change Dir: /source/clients/freerdp-git-11032013/CMakeFiles/CMakeTmp

Run Build Command:/usr/bin/make "cmTryCompileExec652476871/fast"
/usr/bin/make -f CMakeFiles/cmTryCompileExec652476871.dir/build.make CMakeFiles/cmTryCompileExec652476871.dir/build
make[1]: Entering directory `/source/clients/freerdp-git-11032013/CMakeFiles/CMakeTmp'
/usr/bin/cmake -E cmake_progress_report /source/clients/freerdp-git-11032013/CMakeFiles/CMakeTmp/CMakeFiles 1
Building C object CMakeFiles/cmTryCompileExec652476871.dir/CheckFunctionExists.c.o
/toolchain/bin/i486-TSOL-linux-gnu-gcc   -Os  -march=i686 -Wall -Wno-unused-result -Wno-unused-but-set-variable -Wno-deprecated-declarations -O2 -msse2 -DWINPR_EXPORTS -DFREERDP_EXPORTS  -DCHECK_FUNCTION_EXISTS=pthread_create   -o CMakeFiles/cmTryCompileExec652476871.dir/CheckFunctionExists.c.o   -c /usr/share/cmake-2.8/Modules/CheckFunctionExists.c
Linking C executable cmTryCompileExec652476871
/usr/bin/cmake -E cmake_link_script CMakeFiles/cmTryCompileExec652476871.dir/link.txt --verbose=1
/toolchain/bin/i486-TSOL-linux-gnu-gcc   -Os  -march=i686 -Wall -Wno-unused-result -Wno-unused-but-set-variable -Wno-deprecated-declarations -O2 -msse2 -DWINPR_EXPORTS -DFREERDP_EXPORTS  -DCHECK_FUNCTION_EXISTS=pthread_create   -static-libgcc CMakeFiles/cmTryCompileExec652476871.dir/CheckFunctionExists.c.o  -o cmTryCompileExec652476871 -rdynamic -lpthreads 
/toolchain/lib/gcc/i486-TSOL-linux-gnu/4.6.3/../../../../i486-TSOL-linux-gnu/bin/ld: cannot find -lpthreads
collect2: ld returned 1 exit status
make[1]: Leaving directory `/source/clients/freerdp-git-11032013/CMakeFiles/CMakeTmp'
make[1]: *** [cmTryCompileExec652476871] Error 1
make: *** [cmTryCompileExec652476871/fast] Error 2


