The system is: Linux - 3.2.16-030216-generic - i686
Compiling the C compiler identification source file "CMakeCCompilerId.c" succeeded.
Compiler: /toolchain/bin/i486-TSOL-linux-gnu-gcc 
Build flags: -Os
Id flags: 

The output was:
0


Compilation of the C compiler identification source "CMakeCCompilerId.c" produced "a.out"

The C compiler identification is GNU, found in "/source/clients/freerdp-git-11032013/CMakeFiles/2.8.10.2/CompilerIdC/a.out"

Determining if the C compiler works passed with the following output:
Change Dir: /source/clients/freerdp-git-11032013/CMakeFiles/CMakeTmp

Run Build Command:/usr/bin/make "cmTryCompileExec2568764451/fast"
/usr/bin/make -f CMakeFiles/cmTryCompileExec2568764451.dir/build.make CMakeFiles/cmTryCompileExec2568764451.dir/build
make[1]: Entering directory `/source/clients/freerdp-git-11032013/CMakeFiles/CMakeTmp'
/usr/bin/cmake -E cmake_progress_report /source/clients/freerdp-git-11032013/CMakeFiles/CMakeTmp/CMakeFiles 1
Building C object CMakeFiles/cmTryCompileExec2568764451.dir/testCCompiler.c.o
/toolchain/bin/i486-TSOL-linux-gnu-gcc   -Os      -o CMakeFiles/cmTryCompileExec2568764451.dir/testCCompiler.c.o   -c /source/clients/freerdp-git-11032013/CMakeFiles/CMakeTmp/testCCompiler.c
Linking C executable cmTryCompileExec2568764451
/usr/bin/cmake -E cmake_link_script CMakeFiles/cmTryCompileExec2568764451.dir/link.txt --verbose=1
/toolchain/bin/i486-TSOL-linux-gnu-gcc   -Os      -static-libgcc CMakeFiles/cmTryCompileExec2568764451.dir/testCCompiler.c.o  -o cmTryCompileExec2568764451 -rdynamic 
make[1]: Leaving directory `/source/clients/freerdp-git-11032013/CMakeFiles/CMakeTmp'


Detecting C compiler ABI info compiled with the following output:
Change Dir: /source/clients/freerdp-git-11032013/CMakeFiles/CMakeTmp

Run Build Command:/usr/bin/make "cmTryCompileExec43385552/fast"
/usr/bin/make -f CMakeFiles/cmTryCompileExec43385552.dir/build.make CMakeFiles/cmTryCompileExec43385552.dir/build
make[1]: Entering directory `/source/clients/freerdp-git-11032013/CMakeFiles/CMakeTmp'
/usr/bin/cmake -E cmake_progress_report /source/clients/freerdp-git-11032013/CMakeFiles/CMakeTmp/CMakeFiles 1
Building C object CMakeFiles/cmTryCompileExec43385552.dir/CMakeCCompilerABI.c.o
/toolchain/bin/i486-TSOL-linux-gnu-gcc   -Os      -o CMakeFiles/cmTryCompileExec43385552.dir/CMakeCCompilerABI.c.o   -c /usr/share/cmake-2.8/Modules/CMakeCCompilerABI.c
Linking C executable cmTryCompileExec43385552
/usr/bin/cmake -E cmake_link_script CMakeFiles/cmTryCompileExec43385552.dir/link.txt --verbose=1
/toolchain/bin/i486-TSOL-linux-gnu-gcc   -Os     -v CMakeFiles/cmTryCompileExec43385552.dir/CMakeCCompilerABI.c.o  -o cmTryCompileExec43385552 -rdynamic  
Using built-in specs.
COLLECT_GCC=/toolchain/bin/i486-TSOL-linux-gnu-gcc
COLLECT_LTO_WRAPPER=/toolchain/libexec/gcc/i486-TSOL-linux-gnu/4.6.3/lto-wrapper
Target: i486-TSOL-linux-gnu
Configured with: /TSOL/crosstool-ng-1.15.2/bin/.build/src/gcc-4.6.3/configure --build=i686-build_pc-linux-gnu --host=i686-build_pc-linux-gnu --target=i486-TSOL-linux-gnu --prefix=/toolchain --with-sysroot=/toolchain/i486-TSOL-linux-gnu/sysroot --enable-languages=c,c++ --with-arch=i486 --with-pkgversion='crosstool-NG 1.15.2' --enable-__cxa_atexit --disable-libmudflap --disable-libgomp --disable-libssp --with-gmp=/TSOL/crosstool-ng-1.15.2/bin/.build/i486-TSOL-linux-gnu/buildtools --with-mpfr=/TSOL/crosstool-ng-1.15.2/bin/.build/i486-TSOL-linux-gnu/buildtools --with-mpc=/TSOL/crosstool-ng-1.15.2/bin/.build/i486-TSOL-linux-gnu/buildtools --with-ppl=/TSOL/crosstool-ng-1.15.2/bin/.build/i486-TSOL-linux-gnu/buildtools --with-cloog=/TSOL/crosstool-ng-1.15.2/bin/.build/i486-TSOL-linux-gnu/buildtools --with-libelf=no --with-host-libstdcxx='-static-libgcc -Wl,-Bstatic,-lstdc++,-Bdynamic -lm -L/TSOL/crosstool-ng-1.15.2/bin/.build/i486-TSOL-linux-gnu/buildtools/lib -lpwl' --enable-threads=posix --enable-target-optspace --disable-multilib --with-local-prefix=/toolchain/i486-TSOL-linux-gnu/sysroot --enable-c99 --enable-long-long
Thread model: posix
gcc version 4.6.3 (crosstool-NG 1.15.2) 
COMPILER_PATH=/toolchain/libexec/gcc/i486-TSOL-linux-gnu/4.6.3/:/toolchain/libexec/gcc/i486-TSOL-linux-gnu/4.6.3/:/toolchain/libexec/gcc/i486-TSOL-linux-gnu/:/toolchain/lib/gcc/i486-TSOL-linux-gnu/4.6.3/:/toolchain/lib/gcc/i486-TSOL-linux-gnu/:/toolchain/lib/gcc/i486-TSOL-linux-gnu/4.6.3/../../../../i486-TSOL-linux-gnu/bin/
LIBRARY_PATH=/toolchain/lib/gcc/i486-TSOL-linux-gnu/4.6.3/:/toolchain/lib/gcc/i486-TSOL-linux-gnu/4.6.3/../../../../i486-TSOL-linux-gnu/lib/:/toolchain/i486-TSOL-linux-gnu/sysroot/lib/:/toolchain/i486-TSOL-linux-gnu/sysroot/usr/lib/
COLLECT_GCC_OPTIONS='-Os' '-v' '-o' 'cmTryCompileExec43385552' '-rdynamic' '-mtune=i486' '-march=i486'
 /toolchain/libexec/gcc/i486-TSOL-linux-gnu/4.6.3/collect2 --sysroot=/toolchain/i486-TSOL-linux-gnu/sysroot --eh-frame-hdr -m elf_i386 -export-dynamic -dynamic-linker /lib/ld-linux.so.2 -o cmTryCompileExec43385552 /toolchain/i486-TSOL-linux-gnu/sysroot/usr/lib/crt1.o /toolchain/i486-TSOL-linux-gnu/sysroot/usr/lib/crti.o /toolchain/lib/gcc/i486-TSOL-linux-gnu/4.6.3/crtbegin.o -L/toolchain/lib/gcc/i486-TSOL-linux-gnu/4.6.3 -L/toolchain/lib/gcc/i486-TSOL-linux-gnu/4.6.3/../../../../i486-TSOL-linux-gnu/lib -L/toolchain/i486-TSOL-linux-gnu/sysroot/lib -L/toolchain/i486-TSOL-linux-gnu/sysroot/usr/lib CMakeFiles/cmTryCompileExec43385552.dir/CMakeCCompilerABI.c.o -lgcc --as-needed -lgcc_s --no-as-needed -lc -lgcc --as-needed -lgcc_s --no-as-needed /toolchain/lib/gcc/i486-TSOL-linux-gnu/4.6.3/crtend.o /toolchain/i486-TSOL-linux-gnu/sysroot/usr/lib/crtn.o
make[1]: Leaving directory `/source/clients/freerdp-git-11032013/CMakeFiles/CMakeTmp'


Parsed C implicit link information from above output:
  link line regex: [^( *|.*[/\])(ld|ld|collect2)[^/\]*( |$)]
  ignore line: [Change Dir: /source/clients/freerdp-git-11032013/CMakeFiles/CMakeTmp]
  ignore line: []
  ignore line: [Run Build Command:/usr/bin/make "cmTryCompileExec43385552/fast"]
  ignore line: [/usr/bin/make -f CMakeFiles/cmTryCompileExec43385552.dir/build.make CMakeFiles/cmTryCompileExec43385552.dir/build]
  ignore line: [make[1]: Entering directory `/source/clients/freerdp-git-11032013/CMakeFiles/CMakeTmp']
  ignore line: [/usr/bin/cmake -E cmake_progress_report /source/clients/freerdp-git-11032013/CMakeFiles/CMakeTmp/CMakeFiles 1]
  ignore line: [Building C object CMakeFiles/cmTryCompileExec43385552.dir/CMakeCCompilerABI.c.o]
  ignore line: [/toolchain/bin/i486-TSOL-linux-gnu-gcc   -Os      -o CMakeFiles/cmTryCompileExec43385552.dir/CMakeCCompilerABI.c.o   -c /usr/share/cmake-2.8/Modules/CMakeCCompilerABI.c]
  ignore line: [Linking C executable cmTryCompileExec43385552]
  ignore line: [/usr/bin/cmake -E cmake_link_script CMakeFiles/cmTryCompileExec43385552.dir/link.txt --verbose=1]
  ignore line: [/toolchain/bin/i486-TSOL-linux-gnu-gcc   -Os     -v CMakeFiles/cmTryCompileExec43385552.dir/CMakeCCompilerABI.c.o  -o cmTryCompileExec43385552 -rdynamic  ]
  ignore line: [Using built-in specs.]
  ignore line: [COLLECT_GCC=/toolchain/bin/i486-TSOL-linux-gnu-gcc]
  ignore line: [COLLECT_LTO_WRAPPER=/toolchain/libexec/gcc/i486-TSOL-linux-gnu/4.6.3/lto-wrapper]
  ignore line: [Target: i486-TSOL-linux-gnu]
  ignore line: [Configured with: /TSOL/crosstool-ng-1.15.2/bin/.build/src/gcc-4.6.3/configure --build=i686-build_pc-linux-gnu --host=i686-build_pc-linux-gnu --target=i486-TSOL-linux-gnu --prefix=/toolchain --with-sysroot=/toolchain/i486-TSOL-linux-gnu/sysroot --enable-languages=c,c++ --with-arch=i486 --with-pkgversion='crosstool-NG 1.15.2' --enable-__cxa_atexit --disable-libmudflap --disable-libgomp --disable-libssp --with-gmp=/TSOL/crosstool-ng-1.15.2/bin/.build/i486-TSOL-linux-gnu/buildtools --with-mpfr=/TSOL/crosstool-ng-1.15.2/bin/.build/i486-TSOL-linux-gnu/buildtools --with-mpc=/TSOL/crosstool-ng-1.15.2/bin/.build/i486-TSOL-linux-gnu/buildtools --with-ppl=/TSOL/crosstool-ng-1.15.2/bin/.build/i486-TSOL-linux-gnu/buildtools --with-cloog=/TSOL/crosstool-ng-1.15.2/bin/.build/i486-TSOL-linux-gnu/buildtools --with-libelf=no --with-host-libstdcxx='-static-libgcc -Wl,-Bstatic,-lstdc++,-Bdynamic -lm -L/TSOL/crosstool-ng-1.15.2/bin/.build/i486-TSOL-linux-gnu/buildtools/lib -lpwl' --enable-threads=posix --enable-target-optspace --disable-multilib --with-local-prefix=/toolchain/i486-TSOL-linux-gnu/sysroot --enable-c99 --enable-long-long]
  ignore line: [Thread model: posix]
  ignore line: [gcc version 4.6.3 (crosstool-NG 1.15.2) ]
  ignore line: [COMPILER_PATH=/toolchain/libexec/gcc/i486-TSOL-linux-gnu/4.6.3/:/toolchain/libexec/gcc/i486-TSOL-linux-gnu/4.6.3/:/toolchain/libexec/gcc/i486-TSOL-linux-gnu/:/toolchain/lib/gcc/i486-TSOL-linux-gnu/4.6.3/:/toolchain/lib/gcc/i486-TSOL-linux-gnu/:/toolchain/lib/gcc/i486-TSOL-linux-gnu/4.6.3/../../../../i486-TSOL-linux-gnu/bin/]
  ignore line: [LIBRARY_PATH=/toolchain/lib/gcc/i486-TSOL-linux-gnu/4.6.3/:/toolchain/lib/gcc/i486-TSOL-linux-gnu/4.6.3/../../../../i486-TSOL-linux-gnu/lib/:/toolchain/i486-TSOL-linux-gnu/sysroot/lib/:/toolchain/i486-TSOL-linux-gnu/sysroot/usr/lib/]
  ignore line: [COLLECT_GCC_OPTIONS='-Os' '-v' '-o' 'cmTryCompileExec43385552' '-rdynamic' '-mtune=i486' '-march=i486']
  link line: [ /toolchain/libexec/gcc/i486-TSOL-linux-gnu/4.6.3/collect2 --sysroot=/toolchain/i486-TSOL-linux-gnu/sysroot --eh-frame-hdr -m elf_i386 -export-dynamic -dynamic-linker /lib/ld-linux.so.2 -o cmTryCompileExec43385552 /toolchain/i486-TSOL-linux-gnu/sysroot/usr/lib/crt1.o /toolchain/i486-TSOL-linux-gnu/sysroot/usr/lib/crti.o /toolchain/lib/gcc/i486-TSOL-linux-gnu/4.6.3/crtbegin.o -L/toolchain/lib/gcc/i486-TSOL-linux-gnu/4.6.3 -L/toolchain/lib/gcc/i486-TSOL-linux-gnu/4.6.3/../../../../i486-TSOL-linux-gnu/lib -L/toolchain/i486-TSOL-linux-gnu/sysroot/lib -L/toolchain/i486-TSOL-linux-gnu/sysroot/usr/lib CMakeFiles/cmTryCompileExec43385552.dir/CMakeCCompilerABI.c.o -lgcc --as-needed -lgcc_s --no-as-needed -lc -lgcc --as-needed -lgcc_s --no-as-needed /toolchain/lib/gcc/i486-TSOL-linux-gnu/4.6.3/crtend.o /toolchain/i486-TSOL-linux-gnu/sysroot/usr/lib/crtn.o]
    arg [/toolchain/libexec/gcc/i486-TSOL-linux-gnu/4.6.3/collect2] ==> ignore
    arg [--sysroot=/toolchain/i486-TSOL-linux-gnu/sysroot] ==> ignore
    arg [--eh-frame-hdr] ==> ignore
    arg [-m] ==> ignore
    arg [elf_i386] ==> ignore
    arg [-export-dynamic] ==> ignore
    arg [-dynamic-linker] ==> ignore
    arg [/lib/ld-linux.so.2] ==> ignore
    arg [-o] ==> ignore
    arg [cmTryCompileExec43385552] ==> ignore
    arg [/toolchain/i486-TSOL-linux-gnu/sysroot/usr/lib/crt1.o] ==> ignore
    arg [/toolchain/i486-TSOL-linux-gnu/sysroot/usr/lib/crti.o] ==> ignore
    arg [/toolchain/lib/gcc/i486-TSOL-linux-gnu/4.6.3/crtbegin.o] ==> ignore
    arg [-L/toolchain/lib/gcc/i486-TSOL-linux-gnu/4.6.3] ==> dir [/toolchain/lib/gcc/i486-TSOL-linux-gnu/4.6.3]
    arg [-L/toolchain/lib/gcc/i486-TSOL-linux-gnu/4.6.3/../../../../i486-TSOL-linux-gnu/lib] ==> dir [/toolchain/lib/gcc/i486-TSOL-linux-gnu/4.6.3/../../../../i486-TSOL-linux-gnu/lib]
    arg [-L/toolchain/i486-TSOL-linux-gnu/sysroot/lib] ==> dir [/toolchain/i486-TSOL-linux-gnu/sysroot/lib]
    arg [-L/toolchain/i486-TSOL-linux-gnu/sysroot/usr/lib] ==> dir [/toolchain/i486-TSOL-linux-gnu/sysroot/usr/lib]
    arg [CMakeFiles/cmTryCompileExec43385552.dir/CMakeCCompilerABI.c.o] ==> ignore
    arg [-lgcc] ==> lib [gcc]
    arg [--as-needed] ==> ignore
    arg [-lgcc_s] ==> lib [gcc_s]
    arg [--no-as-needed] ==> ignore
    arg [-lc] ==> lib [c]
    arg [-lgcc] ==> lib [gcc]
    arg [--as-needed] ==> ignore
    arg [-lgcc_s] ==> lib [gcc_s]
    arg [--no-as-needed] ==> ignore
    arg [/toolchain/lib/gcc/i486-TSOL-linux-gnu/4.6.3/crtend.o] ==> ignore
    arg [/toolchain/i486-TSOL-linux-gnu/sysroot/usr/lib/crtn.o] ==> ignore
  remove lib [gcc]
  remove lib [gcc_s]
  remove lib [gcc]
  remove lib [gcc_s]
  collapse dir [/toolchain/lib/gcc/i486-TSOL-linux-gnu/4.6.3] ==> [/toolchain/lib/gcc/i486-TSOL-linux-gnu/4.6.3]
  collapse dir [/toolchain/lib/gcc/i486-TSOL-linux-gnu/4.6.3/../../../../i486-TSOL-linux-gnu/lib] ==> [/toolchain/i486-TSOL-linux-gnu/lib]
  collapse dir [/toolchain/i486-TSOL-linux-gnu/sysroot/lib] ==> [/toolchain/i486-TSOL-linux-gnu/sysroot/lib]
  collapse dir [/toolchain/i486-TSOL-linux-gnu/sysroot/usr/lib] ==> [/toolchain/i486-TSOL-linux-gnu/sysroot/usr/lib]
  implicit libs: [c]
  implicit dirs: [/toolchain/lib/gcc/i486-TSOL-linux-gnu/4.6.3;/toolchain/i486-TSOL-linux-gnu/lib;/toolchain/i486-TSOL-linux-gnu/sysroot/lib;/toolchain/i486-TSOL-linux-gnu/sysroot/usr/lib]


The target system is: Linux - 3.2.16-030216-generic - i686
The host system is: Linux - 3.2.16-030216-generic - i686
Performing C SOURCE FILE Test Wno-unused-result succeded with the following output:
Change Dir: /source/clients/freerdp-git-11032013/CMakeFiles/CMakeTmp

Run Build Command:/usr/bin/make "cmTryCompileExec3504239849/fast"
/usr/bin/make -f CMakeFiles/cmTryCompileExec3504239849.dir/build.make CMakeFiles/cmTryCompileExec3504239849.dir/build
make[1]: Entering directory `/source/clients/freerdp-git-11032013/CMakeFiles/CMakeTmp'
/usr/bin/cmake -E cmake_progress_report /source/clients/freerdp-git-11032013/CMakeFiles/CMakeTmp/CMakeFiles 1
Building C object CMakeFiles/cmTryCompileExec3504239849.dir/src.c.o
/toolchain/bin/i486-TSOL-linux-gnu-gcc   -Os  -march=i686 -Wall  -DWno-unused-result   -Wno-unused-result -o CMakeFiles/cmTryCompileExec3504239849.dir/src.c.o   -c /source/clients/freerdp-git-11032013/CMakeFiles/CMakeTmp/src.c
<command-line>:0:4: warning: missing whitespace after the macro name [enabled by default]
Linking C executable cmTryCompileExec3504239849
/usr/bin/cmake -E cmake_link_script CMakeFiles/cmTryCompileExec3504239849.dir/link.txt --verbose=1
/toolchain/bin/i486-TSOL-linux-gnu-gcc   -Os  -march=i686 -Wall  -DWno-unused-result   -static-libgcc CMakeFiles/cmTryCompileExec3504239849.dir/src.c.o  -o cmTryCompileExec3504239849 -rdynamic 
make[1]: Leaving directory `/source/clients/freerdp-git-11032013/CMakeFiles/CMakeTmp'

Source file was:
int main(void) { return 0; }
Performing C SOURCE FILE Test Wno-unused-but-set-variable succeded with the following output:
Change Dir: /source/clients/freerdp-git-11032013/CMakeFiles/CMakeTmp

Run Build Command:/usr/bin/make "cmTryCompileExec3439375775/fast"
/usr/bin/make -f CMakeFiles/cmTryCompileExec3439375775.dir/build.make CMakeFiles/cmTryCompileExec3439375775.dir/build
make[1]: Entering directory `/source/clients/freerdp-git-11032013/CMakeFiles/CMakeTmp'
/usr/bin/cmake -E cmake_progress_report /source/clients/freerdp-git-11032013/CMakeFiles/CMakeTmp/CMakeFiles 1
Building C object CMakeFiles/cmTryCompileExec3439375775.dir/src.c.o
/toolchain/bin/i486-TSOL-linux-gnu-gcc   -Os  -march=i686 -Wall -Wno-unused-result  -DWno-unused-but-set-variable   -Wno-unused-but-set-variable -o CMakeFiles/cmTryCompileExec3439375775.dir/src.c.o   -c /source/clients/freerdp-git-11032013/CMakeFiles/CMakeTmp/src.c
<command-line>:0:4: warning: missing whitespace after the macro name [enabled by default]
Linking C executable cmTryCompileExec3439375775
/usr/bin/cmake -E cmake_link_script CMakeFiles/cmTryCompileExec3439375775.dir/link.txt --verbose=1
/toolchain/bin/i486-TSOL-linux-gnu-gcc   -Os  -march=i686 -Wall -Wno-unused-result  -DWno-unused-but-set-variable   -static-libgcc CMakeFiles/cmTryCompileExec3439375775.dir/src.c.o  -o cmTryCompileExec3439375775 -rdynamic 
make[1]: Leaving directory `/source/clients/freerdp-git-11032013/CMakeFiles/CMakeTmp'

Source file was:
int main(void) { return 0; }
Performing C SOURCE FILE Test Wno-deprecated-declarations succeded with the following output:
Change Dir: /source/clients/freerdp-git-11032013/CMakeFiles/CMakeTmp

Run Build Command:/usr/bin/make "cmTryCompileExec1634867410/fast"
/usr/bin/make -f CMakeFiles/cmTryCompileExec1634867410.dir/build.make CMakeFiles/cmTryCompileExec1634867410.dir/build
make[1]: Entering directory `/source/clients/freerdp-git-11032013/CMakeFiles/CMakeTmp'
/usr/bin/cmake -E cmake_progress_report /source/clients/freerdp-git-11032013/CMakeFiles/CMakeTmp/CMakeFiles 1
Building C object CMakeFiles/cmTryCompileExec1634867410.dir/src.c.o
/toolchain/bin/i486-TSOL-linux-gnu-gcc   -Os  -march=i686 -Wall -Wno-unused-result -Wno-unused-but-set-variable  -DWno-deprecated-declarations   -Wno-deprecated-declarations -o CMakeFiles/cmTryCompileExec1634867410.dir/src.c.o   -c /source/clients/freerdp-git-11032013/CMakeFiles/CMakeTmp/src.c
<command-line>:0:4: warning: missing whitespace after the macro name [enabled by default]
Linking C executable cmTryCompileExec1634867410
/usr/bin/cmake -E cmake_link_script CMakeFiles/cmTryCompileExec1634867410.dir/link.txt --verbose=1
/toolchain/bin/i486-TSOL-linux-gnu-gcc   -Os  -march=i686 -Wall -Wno-unused-result -Wno-unused-but-set-variable  -DWno-deprecated-declarations   -static-libgcc CMakeFiles/cmTryCompileExec1634867410.dir/src.c.o  -o cmTryCompileExec1634867410 -rdynamic 
make[1]: Leaving directory `/source/clients/freerdp-git-11032013/CMakeFiles/CMakeTmp'

Source file was:
int main(void) { return 0; }
Determining if files fcntl.h exist passed with the following output:
Change Dir: /source/clients/freerdp-git-11032013/CMakeFiles/CMakeTmp

Run Build Command:/usr/bin/make "cmTryCompileExec2508486738/fast"
/usr/bin/make -f CMakeFiles/cmTryCompileExec2508486738.dir/build.make CMakeFiles/cmTryCompileExec2508486738.dir/build
make[1]: Entering directory `/source/clients/freerdp-git-11032013/CMakeFiles/CMakeTmp'
/usr/bin/cmake -E cmake_progress_report /source/clients/freerdp-git-11032013/CMakeFiles/CMakeTmp/CMakeFiles 1
Building C object CMakeFiles/cmTryCompileExec2508486738.dir/CheckIncludeFiles.c.o
/toolchain/bin/i486-TSOL-linux-gnu-gcc   -Os  -march=i686 -Wall -Wno-unused-result -Wno-unused-but-set-variable -Wno-deprecated-declarations -O2 -msse2 -DWINPR_EXPORTS -DFREERDP_EXPORTS     -o CMakeFiles/cmTryCompileExec2508486738.dir/CheckIncludeFiles.c.o   -c /source/clients/freerdp-git-11032013/CMakeFiles/CMakeTmp/CheckIncludeFiles.c
Linking C executable cmTryCompileExec2508486738
/usr/bin/cmake -E cmake_link_script CMakeFiles/cmTryCompileExec2508486738.dir/link.txt --verbose=1
/toolchain/bin/i486-TSOL-linux-gnu-gcc   -Os  -march=i686 -Wall -Wno-unused-result -Wno-unused-but-set-variable -Wno-deprecated-declarations -O2 -msse2 -DWINPR_EXPORTS -DFREERDP_EXPORTS     -static-libgcc CMakeFiles/cmTryCompileExec2508486738.dir/CheckIncludeFiles.c.o  -o cmTryCompileExec2508486738 -rdynamic 
make[1]: Leaving directory `/source/clients/freerdp-git-11032013/CMakeFiles/CMakeTmp'


Determining if files unistd.h exist passed with the following output:
Change Dir: /source/clients/freerdp-git-11032013/CMakeFiles/CMakeTmp

Run Build Command:/usr/bin/make "cmTryCompileExec1711277414/fast"
/usr/bin/make -f CMakeFiles/cmTryCompileExec1711277414.dir/build.make CMakeFiles/cmTryCompileExec1711277414.dir/build
make[1]: Entering directory `/source/clients/freerdp-git-11032013/CMakeFiles/CMakeTmp'
/usr/bin/cmake -E cmake_progress_report /source/clients/freerdp-git-11032013/CMakeFiles/CMakeTmp/CMakeFiles 1
Building C object CMakeFiles/cmTryCompileExec1711277414.dir/CheckIncludeFiles.c.o
/toolchain/bin/i486-TSOL-linux-gnu-gcc   -Os  -march=i686 -Wall -Wno-unused-result -Wno-unused-but-set-variable -Wno-deprecated-declarations -O2 -msse2 -DWINPR_EXPORTS -DFREERDP_EXPORTS     -o CMakeFiles/cmTryCompileExec1711277414.dir/CheckIncludeFiles.c.o   -c /source/clients/freerdp-git-11032013/CMakeFiles/CMakeTmp/CheckIncludeFiles.c
Linking C executable cmTryCompileExec1711277414
/usr/bin/cmake -E cmake_link_script CMakeFiles/cmTryCompileExec1711277414.dir/link.txt --verbose=1
/toolchain/bin/i486-TSOL-linux-gnu-gcc   -Os  -march=i686 -Wall -Wno-unused-result -Wno-unused-but-set-variable -Wno-deprecated-declarations -O2 -msse2 -DWINPR_EXPORTS -DFREERDP_EXPORTS     -static-libgcc CMakeFiles/cmTryCompileExec1711277414.dir/CheckIncludeFiles.c.o  -o cmTryCompileExec1711277414 -rdynamic 
make[1]: Leaving directory `/source/clients/freerdp-git-11032013/CMakeFiles/CMakeTmp'


Determining if files stdint.h exist passed with the following output:
Change Dir: /source/clients/freerdp-git-11032013/CMakeFiles/CMakeTmp

Run Build Command:/usr/bin/make "cmTryCompileExec251035461/fast"
/usr/bin/make -f CMakeFiles/cmTryCompileExec251035461.dir/build.make CMakeFiles/cmTryCompileExec251035461.dir/build
make[1]: Entering directory `/source/clients/freerdp-git-11032013/CMakeFiles/CMakeTmp'
/usr/bin/cmake -E cmake_progress_report /source/clients/freerdp-git-11032013/CMakeFiles/CMakeTmp/CMakeFiles 1
Building C object CMakeFiles/cmTryCompileExec251035461.dir/CheckIncludeFiles.c.o
/toolchain/bin/i486-TSOL-linux-gnu-gcc   -Os  -march=i686 -Wall -Wno-unused-result -Wno-unused-but-set-variable -Wno-deprecated-declarations -O2 -msse2 -DWINPR_EXPORTS -DFREERDP_EXPORTS     -o CMakeFiles/cmTryCompileExec251035461.dir/CheckIncludeFiles.c.o   -c /source/clients/freerdp-git-11032013/CMakeFiles/CMakeTmp/CheckIncludeFiles.c
Linking C executable cmTryCompileExec251035461
/usr/bin/cmake -E cmake_link_script CMakeFiles/cmTryCompileExec251035461.dir/link.txt --verbose=1
/toolchain/bin/i486-TSOL-linux-gnu-gcc   -Os  -march=i686 -Wall -Wno-unused-result -Wno-unused-but-set-variable -Wno-deprecated-declarations -O2 -msse2 -DWINPR_EXPORTS -DFREERDP_EXPORTS     -static-libgcc CMakeFiles/cmTryCompileExec251035461.dir/CheckIncludeFiles.c.o  -o cmTryCompileExec251035461 -rdynamic 
make[1]: Leaving directory `/source/clients/freerdp-git-11032013/CMakeFiles/CMakeTmp'


Determining if files inttypes.h exist passed with the following output:
Change Dir: /source/clients/freerdp-git-11032013/CMakeFiles/CMakeTmp

Run Build Command:/usr/bin/make "cmTryCompileExec4248536189/fast"
/usr/bin/make -f CMakeFiles/cmTryCompileExec4248536189.dir/build.make CMakeFiles/cmTryCompileExec4248536189.dir/build
make[1]: Entering directory `/source/clients/freerdp-git-11032013/CMakeFiles/CMakeTmp'
/usr/bin/cmake -E cmake_progress_report /source/clients/freerdp-git-11032013/CMakeFiles/CMakeTmp/CMakeFiles 1
Building C object CMakeFiles/cmTryCompileExec4248536189.dir/CheckIncludeFiles.c.o
/toolchain/bin/i486-TSOL-linux-gnu-gcc   -Os  -march=i686 -Wall -Wno-unused-result -Wno-unused-but-set-variable -Wno-deprecated-declarations -O2 -msse2 -DWINPR_EXPORTS -DFREERDP_EXPORTS     -o CMakeFiles/cmTryCompileExec4248536189.dir/CheckIncludeFiles.c.o   -c /source/clients/freerdp-git-11032013/CMakeFiles/CMakeTmp/CheckIncludeFiles.c
Linking C executable cmTryCompileExec4248536189
/usr/bin/cmake -E cmake_link_script CMakeFiles/cmTryCompileExec4248536189.dir/link.txt --verbose=1
/toolchain/bin/i486-TSOL-linux-gnu-gcc   -Os  -march=i686 -Wall -Wno-unused-result -Wno-unused-but-set-variable -Wno-deprecated-declarations -O2 -msse2 -DWINPR_EXPORTS -DFREERDP_EXPORTS     -static-libgcc CMakeFiles/cmTryCompileExec4248536189.dir/CheckIncludeFiles.c.o  -o cmTryCompileExec4248536189 -rdynamic 
make[1]: Leaving directory `/source/clients/freerdp-git-11032013/CMakeFiles/CMakeTmp'


Performing C SOURCE FILE Test HAVE_TM_GMTOFF succeded with the following output:
Change Dir: /source/clients/freerdp-git-11032013/CMakeFiles/CMakeTmp

Run Build Command:/usr/bin/make "cmTryCompileExec4092504508/fast"
/usr/bin/make -f CMakeFiles/cmTryCompileExec4092504508.dir/build.make CMakeFiles/cmTryCompileExec4092504508.dir/build
make[1]: Entering directory `/source/clients/freerdp-git-11032013/CMakeFiles/CMakeTmp'
/usr/bin/cmake -E cmake_progress_report /source/clients/freerdp-git-11032013/CMakeFiles/CMakeTmp/CMakeFiles 1
Building C object CMakeFiles/cmTryCompileExec4092504508.dir/src.c.o
/toolchain/bin/i486-TSOL-linux-gnu-gcc   -Os  -march=i686 -Wall -Wno-unused-result -Wno-unused-but-set-variable -Wno-deprecated-declarations -O2 -msse2 -DWINPR_EXPORTS -DFREERDP_EXPORTS  -DHAVE_TM_GMTOFF   -o CMakeFiles/cmTryCompileExec4092504508.dir/src.c.o   -c /source/clients/freerdp-git-11032013/CMakeFiles/CMakeTmp/src.c
/source/clients/freerdp-git-11032013/CMakeFiles/CMakeTmp/src.c: In function ‘main’:
/source/clients/freerdp-git-11032013/CMakeFiles/CMakeTmp/src.c:7:4: warning: statement with no effect [-Wunused-value]
Linking C executable cmTryCompileExec4092504508
/usr/bin/cmake -E cmake_link_script CMakeFiles/cmTryCompileExec4092504508.dir/link.txt --verbose=1
/toolchain/bin/i486-TSOL-linux-gnu-gcc   -Os  -march=i686 -Wall -Wno-unused-result -Wno-unused-but-set-variable -Wno-deprecated-declarations -O2 -msse2 -DWINPR_EXPORTS -DFREERDP_EXPORTS  -DHAVE_TM_GMTOFF   -static-libgcc CMakeFiles/cmTryCompileExec4092504508.dir/src.c.o  -o cmTryCompileExec4092504508 -rdynamic 
make[1]: Leaving directory `/source/clients/freerdp-git-11032013/CMakeFiles/CMakeTmp'

Source file was:

#include <time.h>

int main()
{
   struct tm* tmp;
   tmp->tm_gmtoff;
  return 0;
}

Determining if files pthread.h exist passed with the following output:
Change Dir: /source/clients/freerdp-git-11032013/CMakeFiles/CMakeTmp

Run Build Command:/usr/bin/make "cmTryCompileExec3051255768/fast"
/usr/bin/make -f CMakeFiles/cmTryCompileExec3051255768.dir/build.make CMakeFiles/cmTryCompileExec3051255768.dir/build
make[1]: Entering directory `/source/clients/freerdp-git-11032013/CMakeFiles/CMakeTmp'
/usr/bin/cmake -E cmake_progress_report /source/clients/freerdp-git-11032013/CMakeFiles/CMakeTmp/CMakeFiles 1
Building C object CMakeFiles/cmTryCompileExec3051255768.dir/CheckIncludeFiles.c.o
/toolchain/bin/i486-TSOL-linux-gnu-gcc   -Os  -march=i686 -Wall -Wno-unused-result -Wno-unused-but-set-variable -Wno-deprecated-declarations -O2 -msse2 -DWINPR_EXPORTS -DFREERDP_EXPORTS     -o CMakeFiles/cmTryCompileExec3051255768.dir/CheckIncludeFiles.c.o   -c /source/clients/freerdp-git-11032013/CMakeFiles/CMakeTmp/CheckIncludeFiles.c
Linking C executable cmTryCompileExec3051255768
/usr/bin/cmake -E cmake_link_script CMakeFiles/cmTryCompileExec3051255768.dir/link.txt --verbose=1
/toolchain/bin/i486-TSOL-linux-gnu-gcc   -Os  -march=i686 -Wall -Wno-unused-result -Wno-unused-but-set-variable -Wno-deprecated-declarations -O2 -msse2 -DWINPR_EXPORTS -DFREERDP_EXPORTS     -static-libgcc CMakeFiles/cmTryCompileExec3051255768.dir/CheckIncludeFiles.c.o  -o cmTryCompileExec3051255768 -rdynamic 
make[1]: Leaving directory `/source/clients/freerdp-git-11032013/CMakeFiles/CMakeTmp'


Determining if the function pthread_create exists in the pthread passed with the following output:
Change Dir: /source/clients/freerdp-git-11032013/CMakeFiles/CMakeTmp

Run Build Command:/usr/bin/make "cmTryCompileExec2250535127/fast"
/usr/bin/make -f CMakeFiles/cmTryCompileExec2250535127.dir/build.make CMakeFiles/cmTryCompileExec2250535127.dir/build
make[1]: Entering directory `/source/clients/freerdp-git-11032013/CMakeFiles/CMakeTmp'
/usr/bin/cmake -E cmake_progress_report /source/clients/freerdp-git-11032013/CMakeFiles/CMakeTmp/CMakeFiles 1
Building C object CMakeFiles/cmTryCompileExec2250535127.dir/CheckFunctionExists.c.o
/toolchain/bin/i486-TSOL-linux-gnu-gcc   -Os  -march=i686 -Wall -Wno-unused-result -Wno-unused-but-set-variable -Wno-deprecated-declarations -O2 -msse2 -DWINPR_EXPORTS -DFREERDP_EXPORTS  -DCHECK_FUNCTION_EXISTS=pthread_create   -o CMakeFiles/cmTryCompileExec2250535127.dir/CheckFunctionExists.c.o   -c /usr/share/cmake-2.8/Modules/CheckFunctionExists.c
Linking C executable cmTryCompileExec2250535127
/usr/bin/cmake -E cmake_link_script CMakeFiles/cmTryCompileExec2250535127.dir/link.txt --verbose=1
/toolchain/bin/i486-TSOL-linux-gnu-gcc   -Os  -march=i686 -Wall -Wno-unused-result -Wno-unused-but-set-variable -Wno-deprecated-declarations -O2 -msse2 -DWINPR_EXPORTS -DFREERDP_EXPORTS  -DCHECK_FUNCTION_EXISTS=pthread_create   -static-libgcc CMakeFiles/cmTryCompileExec2250535127.dir/CheckFunctionExists.c.o  -o cmTryCompileExec2250535127 -rdynamic -lpthread 
make[1]: Leaving directory `/source/clients/freerdp-git-11032013/CMakeFiles/CMakeTmp'


Determining if files sys/eventfd.h exist passed with the following output:
Change Dir: /source/clients/freerdp-git-11032013/CMakeFiles/CMakeTmp

Run Build Command:/usr/bin/make "cmTryCompileExec4057504329/fast"
/usr/bin/make -f CMakeFiles/cmTryCompileExec4057504329.dir/build.make CMakeFiles/cmTryCompileExec4057504329.dir/build
make[1]: Entering directory `/source/clients/freerdp-git-11032013/CMakeFiles/CMakeTmp'
/usr/bin/cmake -E cmake_progress_report /source/clients/freerdp-git-11032013/CMakeFiles/CMakeTmp/CMakeFiles 1
Building C object CMakeFiles/cmTryCompileExec4057504329.dir/CheckIncludeFiles.c.o
/toolchain/bin/i486-TSOL-linux-gnu-gcc   -Os  -march=i686 -Wall -Wno-unused-result -Wno-unused-but-set-variable -Wno-deprecated-declarations -O2 -msse2 -DWINPR_EXPORTS -DFREERDP_EXPORTS     -o CMakeFiles/cmTryCompileExec4057504329.dir/CheckIncludeFiles.c.o   -c /source/clients/freerdp-git-11032013/CMakeFiles/CMakeTmp/CheckIncludeFiles.c
Linking C executable cmTryCompileExec4057504329
/usr/bin/cmake -E cmake_link_script CMakeFiles/cmTryCompileExec4057504329.dir/link.txt --verbose=1
/toolchain/bin/i486-TSOL-linux-gnu-gcc   -Os  -march=i686 -Wall -Wno-unused-result -Wno-unused-but-set-variable -Wno-deprecated-declarations -O2 -msse2 -DWINPR_EXPORTS -DFREERDP_EXPORTS     -static-libgcc CMakeFiles/cmTryCompileExec4057504329.dir/CheckIncludeFiles.c.o  -o cmTryCompileExec4057504329 -rdynamic 
make[1]: Leaving directory `/source/clients/freerdp-git-11032013/CMakeFiles/CMakeTmp'


The target system is: Linux - 3.2.16-030216-generic - i686
The host system is: Linux - 3.2.16-030216-generic - i686
The target system is: Linux - 3.2.16-030216-generic - i686
The host system is: Linux - 3.2.16-030216-generic - i686
The target system is: Linux - 3.2.16-030216-generic - i686
The host system is: Linux - 3.2.16-030216-generic - i686
The target system is: Linux - 3.2.16-030216-generic - i686
The host system is: Linux - 3.2.16-030216-generic - i686
The target system is: Linux - 3.2.16-030216-generic - i686
The host system is: Linux - 3.2.16-030216-generic - i686
Performing C SOURCE FILE Test Wno-unused-result succeded with the following output:
Change Dir: /source/clients/freerdp-git-11032013/CMakeFiles/CMakeTmp

Run Build Command:/usr/bin/make "cmTryCompileExec3492713039/fast"
/usr/bin/make -f CMakeFiles/cmTryCompileExec3492713039.dir/build.make CMakeFiles/cmTryCompileExec3492713039.dir/build
make[1]: Entering directory `/source/clients/freerdp-git-11032013/CMakeFiles/CMakeTmp'
/usr/bin/cmake -E cmake_progress_report /source/clients/freerdp-git-11032013/CMakeFiles/CMakeTmp/CMakeFiles 1
Building C object CMakeFiles/cmTryCompileExec3492713039.dir/src.c.o
/toolchain/bin/i486-TSOL-linux-gnu-gcc   -Os  -march=i686 -Wall  -DWno-unused-result   -Wno-unused-result -o CMakeFiles/cmTryCompileExec3492713039.dir/src.c.o   -c /source/clients/freerdp-git-11032013/CMakeFiles/CMakeTmp/src.c
<command-line>:0:4: warning: missing whitespace after the macro name [enabled by default]
Linking C executable cmTryCompileExec3492713039
/usr/bin/cmake -E cmake_link_script CMakeFiles/cmTryCompileExec3492713039.dir/link.txt --verbose=1
/toolchain/bin/i486-TSOL-linux-gnu-gcc   -Os  -march=i686 -Wall  -DWno-unused-result   -static-libgcc CMakeFiles/cmTryCompileExec3492713039.dir/src.c.o  -o cmTryCompileExec3492713039 -rdynamic 
make[1]: Leaving directory `/source/clients/freerdp-git-11032013/CMakeFiles/CMakeTmp'

Source file was:
int main(void) { return 0; }
Performing C SOURCE FILE Test Wno-unused-but-set-variable succeded with the following output:
Change Dir: /source/clients/freerdp-git-11032013/CMakeFiles/CMakeTmp

Run Build Command:/usr/bin/make "cmTryCompileExec3237552539/fast"
/usr/bin/make -f CMakeFiles/cmTryCompileExec3237552539.dir/build.make CMakeFiles/cmTryCompileExec3237552539.dir/build
make[1]: Entering directory `/source/clients/freerdp-git-11032013/CMakeFiles/CMakeTmp'
/usr/bin/cmake -E cmake_progress_report /source/clients/freerdp-git-11032013/CMakeFiles/CMakeTmp/CMakeFiles 1
Building C object CMakeFiles/cmTryCompileExec3237552539.dir/src.c.o
/toolchain/bin/i486-TSOL-linux-gnu-gcc   -Os  -march=i686 -Wall -Wno-unused-result  -DWno-unused-but-set-variable   -Wno-unused-but-set-variable -o CMakeFiles/cmTryCompileExec3237552539.dir/src.c.o   -c /source/clients/freerdp-git-11032013/CMakeFiles/CMakeTmp/src.c
<command-line>:0:4: warning: missing whitespace after the macro name [enabled by default]
Linking C executable cmTryCompileExec3237552539
/usr/bin/cmake -E cmake_link_script CMakeFiles/cmTryCompileExec3237552539.dir/link.txt --verbose=1
/toolchain/bin/i486-TSOL-linux-gnu-gcc   -Os  -march=i686 -Wall -Wno-unused-result  -DWno-unused-but-set-variable   -static-libgcc CMakeFiles/cmTryCompileExec3237552539.dir/src.c.o  -o cmTryCompileExec3237552539 -rdynamic 
make[1]: Leaving directory `/source/clients/freerdp-git-11032013/CMakeFiles/CMakeTmp'

Source file was:
int main(void) { return 0; }
Performing C SOURCE FILE Test Wno-deprecated-declarations succeded with the following output:
Change Dir: /source/clients/freerdp-git-11032013/CMakeFiles/CMakeTmp

Run Build Command:/usr/bin/make "cmTryCompileExec555785394/fast"
/usr/bin/make -f CMakeFiles/cmTryCompileExec555785394.dir/build.make CMakeFiles/cmTryCompileExec555785394.dir/build
make[1]: Entering directory `/source/clients/freerdp-git-11032013/CMakeFiles/CMakeTmp'
/usr/bin/cmake -E cmake_progress_report /source/clients/freerdp-git-11032013/CMakeFiles/CMakeTmp/CMakeFiles 1
Building C object CMakeFiles/cmTryCompileExec555785394.dir/src.c.o
/toolchain/bin/i486-TSOL-linux-gnu-gcc   -Os  -march=i686 -Wall -Wno-unused-result -Wno-unused-but-set-variable  -DWno-deprecated-declarations   -Wno-deprecated-declarations -o CMakeFiles/cmTryCompileExec555785394.dir/src.c.o   -c /source/clients/freerdp-git-11032013/CMakeFiles/CMakeTmp/src.c
<command-line>:0:4: warning: missing whitespace after the macro name [enabled by default]
Linking C executable cmTryCompileExec555785394
/usr/bin/cmake -E cmake_link_script CMakeFiles/cmTryCompileExec555785394.dir/link.txt --verbose=1
/toolchain/bin/i486-TSOL-linux-gnu-gcc   -Os  -march=i686 -Wall -Wno-unused-result -Wno-unused-but-set-variable  -DWno-deprecated-declarations   -static-libgcc CMakeFiles/cmTryCompileExec555785394.dir/src.c.o  -o cmTryCompileExec555785394 -rdynamic 
make[1]: Leaving directory `/source/clients/freerdp-git-11032013/CMakeFiles/CMakeTmp'

Source file was:
int main(void) { return 0; }
Determining if files fcntl.h exist passed with the following output:
Change Dir: /source/clients/freerdp-git-11032013/CMakeFiles/CMakeTmp

Run Build Command:/usr/bin/make "cmTryCompileExec326823151/fast"
/usr/bin/make -f CMakeFiles/cmTryCompileExec326823151.dir/build.make CMakeFiles/cmTryCompileExec326823151.dir/build
make[1]: Entering directory `/source/clients/freerdp-git-11032013/CMakeFiles/CMakeTmp'
/usr/bin/cmake -E cmake_progress_report /source/clients/freerdp-git-11032013/CMakeFiles/CMakeTmp/CMakeFiles 1
Building C object CMakeFiles/cmTryCompileExec326823151.dir/CheckIncludeFiles.c.o
/toolchain/bin/i486-TSOL-linux-gnu-gcc   -Os  -march=i686 -Wall -Wno-unused-result -Wno-unused-but-set-variable -Wno-deprecated-declarations -O2 -msse2 -DWINPR_EXPORTS -DFREERDP_EXPORTS     -o CMakeFiles/cmTryCompileExec326823151.dir/CheckIncludeFiles.c.o   -c /source/clients/freerdp-git-11032013/CMakeFiles/CMakeTmp/CheckIncludeFiles.c
Linking C executable cmTryCompileExec326823151
/usr/bin/cmake -E cmake_link_script CMakeFiles/cmTryCompileExec326823151.dir/link.txt --verbose=1
/toolchain/bin/i486-TSOL-linux-gnu-gcc   -Os  -march=i686 -Wall -Wno-unused-result -Wno-unused-but-set-variable -Wno-deprecated-declarations -O2 -msse2 -DWINPR_EXPORTS -DFREERDP_EXPORTS     -static-libgcc CMakeFiles/cmTryCompileExec326823151.dir/CheckIncludeFiles.c.o  -o cmTryCompileExec326823151 -rdynamic 
make[1]: Leaving directory `/source/clients/freerdp-git-11032013/CMakeFiles/CMakeTmp'


Determining if files unistd.h exist passed with the following output:
Change Dir: /source/clients/freerdp-git-11032013/CMakeFiles/CMakeTmp

Run Build Command:/usr/bin/make "cmTryCompileExec1171542439/fast"
/usr/bin/make -f CMakeFiles/cmTryCompileExec1171542439.dir/build.make CMakeFiles/cmTryCompileExec1171542439.dir/build
make[1]: Entering directory `/source/clients/freerdp-git-11032013/CMakeFiles/CMakeTmp'
/usr/bin/cmake -E cmake_progress_report /source/clients/freerdp-git-11032013/CMakeFiles/CMakeTmp/CMakeFiles 1
Building C object CMakeFiles/cmTryCompileExec1171542439.dir/CheckIncludeFiles.c.o
/toolchain/bin/i486-TSOL-linux-gnu-gcc   -Os  -march=i686 -Wall -Wno-unused-result -Wno-unused-but-set-variable -Wno-deprecated-declarations -O2 -msse2 -DWINPR_EXPORTS -DFREERDP_EXPORTS     -o CMakeFiles/cmTryCompileExec1171542439.dir/CheckIncludeFiles.c.o   -c /source/clients/freerdp-git-11032013/CMakeFiles/CMakeTmp/CheckIncludeFiles.c
Linking C executable cmTryCompileExec1171542439
/usr/bin/cmake -E cmake_link_script CMakeFiles/cmTryCompileExec1171542439.dir/link.txt --verbose=1
/toolchain/bin/i486-TSOL-linux-gnu-gcc   -Os  -march=i686 -Wall -Wno-unused-result -Wno-unused-but-set-variable -Wno-deprecated-declarations -O2 -msse2 -DWINPR_EXPORTS -DFREERDP_EXPORTS     -static-libgcc CMakeFiles/cmTryCompileExec1171542439.dir/CheckIncludeFiles.c.o  -o cmTryCompileExec1171542439 -rdynamic 
make[1]: Leaving directory `/source/clients/freerdp-git-11032013/CMakeFiles/CMakeTmp'


Determining if files stdint.h exist passed with the following output:
Change Dir: /source/clients/freerdp-git-11032013/CMakeFiles/CMakeTmp

Run Build Command:/usr/bin/make "cmTryCompileExec4189314694/fast"
/usr/bin/make -f CMakeFiles/cmTryCompileExec4189314694.dir/build.make CMakeFiles/cmTryCompileExec4189314694.dir/build
make[1]: Entering directory `/source/clients/freerdp-git-11032013/CMakeFiles/CMakeTmp'
/usr/bin/cmake -E cmake_progress_report /source/clients/freerdp-git-11032013/CMakeFiles/CMakeTmp/CMakeFiles 1
Building C object CMakeFiles/cmTryCompileExec4189314694.dir/CheckIncludeFiles.c.o
/toolchain/bin/i486-TSOL-linux-gnu-gcc   -Os  -march=i686 -Wall -Wno-unused-result -Wno-unused-but-set-variable -Wno-deprecated-declarations -O2 -msse2 -DWINPR_EXPORTS -DFREERDP_EXPORTS     -o CMakeFiles/cmTryCompileExec4189314694.dir/CheckIncludeFiles.c.o   -c /source/clients/freerdp-git-11032013/CMakeFiles/CMakeTmp/CheckIncludeFiles.c
Linking C executable cmTryCompileExec4189314694
/usr/bin/cmake -E cmake_link_script CMakeFiles/cmTryCompileExec4189314694.dir/link.txt --verbose=1
/toolchain/bin/i486-TSOL-linux-gnu-gcc   -Os  -march=i686 -Wall -Wno-unused-result -Wno-unused-but-set-variable -Wno-deprecated-declarations -O2 -msse2 -DWINPR_EXPORTS -DFREERDP_EXPORTS     -static-libgcc CMakeFiles/cmTryCompileExec4189314694.dir/CheckIncludeFiles.c.o  -o cmTryCompileExec4189314694 -rdynamic 
make[1]: Leaving directory `/source/clients/freerdp-git-11032013/CMakeFiles/CMakeTmp'


Determining if files inttypes.h exist passed with the following output:
Change Dir: /source/clients/freerdp-git-11032013/CMakeFiles/CMakeTmp

Run Build Command:/usr/bin/make "cmTryCompileExec989190714/fast"
/usr/bin/make -f CMakeFiles/cmTryCompileExec989190714.dir/build.make CMakeFiles/cmTryCompileExec989190714.dir/build
make[1]: Entering directory `/source/clients/freerdp-git-11032013/CMakeFiles/CMakeTmp'
/usr/bin/cmake -E cmake_progress_report /source/clients/freerdp-git-11032013/CMakeFiles/CMakeTmp/CMakeFiles 1
Building C object CMakeFiles/cmTryCompileExec989190714.dir/CheckIncludeFiles.c.o
/toolchain/bin/i486-TSOL-linux-gnu-gcc   -Os  -march=i686 -Wall -Wno-unused-result -Wno-unused-but-set-variable -Wno-deprecated-declarations -O2 -msse2 -DWINPR_EXPORTS -DFREERDP_EXPORTS     -o CMakeFiles/cmTryCompileExec989190714.dir/CheckIncludeFiles.c.o   -c /source/clients/freerdp-git-11032013/CMakeFiles/CMakeTmp/CheckIncludeFiles.c
Linking C executable cmTryCompileExec989190714
/usr/bin/cmake -E cmake_link_script CMakeFiles/cmTryCompileExec989190714.dir/link.txt --verbose=1
/toolchain/bin/i486-TSOL-linux-gnu-gcc   -Os  -march=i686 -Wall -Wno-unused-result -Wno-unused-but-set-variable -Wno-deprecated-declarations -O2 -msse2 -DWINPR_EXPORTS -DFREERDP_EXPORTS     -static-libgcc CMakeFiles/cmTryCompileExec989190714.dir/CheckIncludeFiles.c.o  -o cmTryCompileExec989190714 -rdynamic 
make[1]: Leaving directory `/source/clients/freerdp-git-11032013/CMakeFiles/CMakeTmp'


Performing C SOURCE FILE Test HAVE_TM_GMTOFF succeded with the following output:
Change Dir: /source/clients/freerdp-git-11032013/CMakeFiles/CMakeTmp

Run Build Command:/usr/bin/make "cmTryCompileExec2460366009/fast"
/usr/bin/make -f CMakeFiles/cmTryCompileExec2460366009.dir/build.make CMakeFiles/cmTryCompileExec2460366009.dir/build
make[1]: Entering directory `/source/clients/freerdp-git-11032013/CMakeFiles/CMakeTmp'
/usr/bin/cmake -E cmake_progress_report /source/clients/freerdp-git-11032013/CMakeFiles/CMakeTmp/CMakeFiles 1
Building C object CMakeFiles/cmTryCompileExec2460366009.dir/src.c.o
/toolchain/bin/i486-TSOL-linux-gnu-gcc   -Os  -march=i686 -Wall -Wno-unused-result -Wno-unused-but-set-variable -Wno-deprecated-declarations -O2 -msse2 -DWINPR_EXPORTS -DFREERDP_EXPORTS  -DHAVE_TM_GMTOFF   -o CMakeFiles/cmTryCompileExec2460366009.dir/src.c.o   -c /source/clients/freerdp-git-11032013/CMakeFiles/CMakeTmp/src.c
/source/clients/freerdp-git-11032013/CMakeFiles/CMakeTmp/src.c: In function ‘main’:
/source/clients/freerdp-git-11032013/CMakeFiles/CMakeTmp/src.c:7:4: warning: statement with no effect [-Wunused-value]
Linking C executable cmTryCompileExec2460366009
/usr/bin/cmake -E cmake_link_script CMakeFiles/cmTryCompileExec2460366009.dir/link.txt --verbose=1
/toolchain/bin/i486-TSOL-linux-gnu-gcc   -Os  -march=i686 -Wall -Wno-unused-result -Wno-unused-but-set-variable -Wno-deprecated-declarations -O2 -msse2 -DWINPR_EXPORTS -DFREERDP_EXPORTS  -DHAVE_TM_GMTOFF   -static-libgcc CMakeFiles/cmTryCompileExec2460366009.dir/src.c.o  -o cmTryCompileExec2460366009 -rdynamic 
make[1]: Leaving directory `/source/clients/freerdp-git-11032013/CMakeFiles/CMakeTmp'

Source file was:

#include <time.h>

int main()
{
   struct tm* tmp;
   tmp->tm_gmtoff;
  return 0;
}

Determining if files pthread.h exist passed with the following output:
Change Dir: /source/clients/freerdp-git-11032013/CMakeFiles/CMakeTmp

Run Build Command:/usr/bin/make "cmTryCompileExec1144091005/fast"
/usr/bin/make -f CMakeFiles/cmTryCompileExec1144091005.dir/build.make CMakeFiles/cmTryCompileExec1144091005.dir/build
make[1]: Entering directory `/source/clients/freerdp-git-11032013/CMakeFiles/CMakeTmp'
/usr/bin/cmake -E cmake_progress_report /source/clients/freerdp-git-11032013/CMakeFiles/CMakeTmp/CMakeFiles 1
Building C object CMakeFiles/cmTryCompileExec1144091005.dir/CheckIncludeFiles.c.o
/toolchain/bin/i486-TSOL-linux-gnu-gcc   -Os  -march=i686 -Wall -Wno-unused-result -Wno-unused-but-set-variable -Wno-deprecated-declarations -O2 -msse2 -DWINPR_EXPORTS -DFREERDP_EXPORTS     -o CMakeFiles/cmTryCompileExec1144091005.dir/CheckIncludeFiles.c.o   -c /source/clients/freerdp-git-11032013/CMakeFiles/CMakeTmp/CheckIncludeFiles.c
Linking C executable cmTryCompileExec1144091005
/usr/bin/cmake -E cmake_link_script CMakeFiles/cmTryCompileExec1144091005.dir/link.txt --verbose=1
/toolchain/bin/i486-TSOL-linux-gnu-gcc   -Os  -march=i686 -Wall -Wno-unused-result -Wno-unused-but-set-variable -Wno-deprecated-declarations -O2 -msse2 -DWINPR_EXPORTS -DFREERDP_EXPORTS     -static-libgcc CMakeFiles/cmTryCompileExec1144091005.dir/CheckIncludeFiles.c.o  -o cmTryCompileExec1144091005 -rdynamic 
make[1]: Leaving directory `/source/clients/freerdp-git-11032013/CMakeFiles/CMakeTmp'


Determining if the function pthread_create exists in the pthread passed with the following output:
Change Dir: /source/clients/freerdp-git-11032013/CMakeFiles/CMakeTmp

Run Build Command:/usr/bin/make "cmTryCompileExec3883260135/fast"
/usr/bin/make -f CMakeFiles/cmTryCompileExec3883260135.dir/build.make CMakeFiles/cmTryCompileExec3883260135.dir/build
make[1]: Entering directory `/source/clients/freerdp-git-11032013/CMakeFiles/CMakeTmp'
/usr/bin/cmake -E cmake_progress_report /source/clients/freerdp-git-11032013/CMakeFiles/CMakeTmp/CMakeFiles 1
Building C object CMakeFiles/cmTryCompileExec3883260135.dir/CheckFunctionExists.c.o
/toolchain/bin/i486-TSOL-linux-gnu-gcc   -Os  -march=i686 -Wall -Wno-unused-result -Wno-unused-but-set-variable -Wno-deprecated-declarations -O2 -msse2 -DWINPR_EXPORTS -DFREERDP_EXPORTS  -DCHECK_FUNCTION_EXISTS=pthread_create   -o CMakeFiles/cmTryCompileExec3883260135.dir/CheckFunctionExists.c.o   -c /usr/share/cmake-2.8/Modules/CheckFunctionExists.c
Linking C executable cmTryCompileExec3883260135
/usr/bin/cmake -E cmake_link_script CMakeFiles/cmTryCompileExec3883260135.dir/link.txt --verbose=1
/toolchain/bin/i486-TSOL-linux-gnu-gcc   -Os  -march=i686 -Wall -Wno-unused-result -Wno-unused-but-set-variable -Wno-deprecated-declarations -O2 -msse2 -DWINPR_EXPORTS -DFREERDP_EXPORTS  -DCHECK_FUNCTION_EXISTS=pthread_create   -static-libgcc CMakeFiles/cmTryCompileExec3883260135.dir/CheckFunctionExists.c.o  -o cmTryCompileExec3883260135 -rdynamic -lpthread 
make[1]: Leaving directory `/source/clients/freerdp-git-11032013/CMakeFiles/CMakeTmp'


Determining if files sys/eventfd.h exist passed with the following output:
Change Dir: /source/clients/freerdp-git-11032013/CMakeFiles/CMakeTmp

Run Build Command:/usr/bin/make "cmTryCompileExec3783896231/fast"
/usr/bin/make -f CMakeFiles/cmTryCompileExec3783896231.dir/build.make CMakeFiles/cmTryCompileExec3783896231.dir/build
make[1]: Entering directory `/source/clients/freerdp-git-11032013/CMakeFiles/CMakeTmp'
/usr/bin/cmake -E cmake_progress_report /source/clients/freerdp-git-11032013/CMakeFiles/CMakeTmp/CMakeFiles 1
Building C object CMakeFiles/cmTryCompileExec3783896231.dir/CheckIncludeFiles.c.o
/toolchain/bin/i486-TSOL-linux-gnu-gcc   -Os  -march=i686 -Wall -Wno-unused-result -Wno-unused-but-set-variable -Wno-deprecated-declarations -O2 -msse2 -DWINPR_EXPORTS -DFREERDP_EXPORTS     -o CMakeFiles/cmTryCompileExec3783896231.dir/CheckIncludeFiles.c.o   -c /source/clients/freerdp-git-11032013/CMakeFiles/CMakeTmp/CheckIncludeFiles.c
Linking C executable cmTryCompileExec3783896231
/usr/bin/cmake -E cmake_link_script CMakeFiles/cmTryCompileExec3783896231.dir/link.txt --verbose=1
/toolchain/bin/i486-TSOL-linux-gnu-gcc   -Os  -march=i686 -Wall -Wno-unused-result -Wno-unused-but-set-variable -Wno-deprecated-declarations -O2 -msse2 -DWINPR_EXPORTS -DFREERDP_EXPORTS     -static-libgcc CMakeFiles/cmTryCompileExec3783896231.dir/CheckIncludeFiles.c.o  -o cmTryCompileExec3783896231 -rdynamic 
make[1]: Leaving directory `/source/clients/freerdp-git-11032013/CMakeFiles/CMakeTmp'


